0
0,54
1,92,208,230,398,436,663
2,37,114,207,229,294,504,567,576,674
3,23,58,104,123,235,562
4,101,248,609,691
5,52,238,629,670
6,72,287,354,579
7,11,14,95,147,253,433,575,591,595,640
8,385,423,568,602
9,1,63,152,358,471,541,578,587,603
10,64,140,273,555,572
11,12,221,420,449,453,455,524
12,83,379,388,566,582,643
13,42,162,510,576,590,609,634,635
14,152,310,569,570,595
15,85,90,96,98,102,103,106,167,185,205,422,445,514,563,565,577,585,587
16,48,75,78,82,84,85,86,87,88,89,90,91,92,93,94,95,96,97,98,99,100,101,102,103,104,105,106,107,108,109,110,111,112,113,114,115,116,117,118,119,120,121,122,123,124,126,185,258,395,558,674
17,65,80,81,83,84,85,86,87,88,89,90,91,92,93,94,95,96,97,98,99,100,101,102,103,104,105,106,107,108,109,110,111,112,113,114,115,116,117,118,119,120,121,122,123,124,125,126,127,128,129,130,131,132,133,134,135,136,137,138,139,140,141,142,143,144,145,146,147,148,149,150,151,152,153,154,155,156,157,158,159,160,161,162,163,164,165,166,167,168,169,170,171,173,185,190,194,209,351,649
18,24,80,81,82,83,84,85,86,87,88,89,90,91,92,93,94,95,96,97,98,99,100,101,102,103,104,105,106,107,108,109,110,111,112,113,114,115,116,117,118,119,120,121,122,123,124,125,126,127,128,129,130,131,132,133,134,135,136,137,138,139,140,141,142,143,144,145,146,147,148,149,150,151,152,153,154,155,156,157,158,159,160,161,163,164,165,166,167,168,169,170,171,172,173,174,175,176,177,178,179,180,181,182,183,184,185,186,187,188,189,190,191,192,193,194,195,196,197,198,199,200,201,202,203,204,205,206,207,208,209,210,211,212,213,214,215,216,217,218,219,220,221,222,223,224,225,226,227,228,229,230,231,233,234,235,236,237,238,239,240,241,242,243,244,245,246,247,249,250,251,252,253,254,255,256,257,258,259,261,264,266,267,269,270,272,273,274,275,276,281,286,287,288,299,302,307,309,315,322,339,350,539,634
19,66,74,78,79,80,81,82,83,84,85,86,87,88,89,90,91,92,93,94,95,96,97,98,99,100,101,102,103,104,105,106,107,108,109,110,111,112,113,114,115,116,117,118,119,120,121,122,123,124,125,126,127,129,130,131,132,133,134,135,136,137,138,139,140,141,142,143,144,145,146,147,148,149,150,151,152,153,154,155,156,157,158,159,160,161,162,163,164,165,166,167,168,169,170,173,174,176,177,178,179,180,181,182,183,184,186,187,188,189,190,191,192,193,194,195,196,198,199,200,201,202,203,204,205,206,207,208,209,210,211,212,213,214,215,216,217,218,219,220,221,222,223,224,225,226,227,228,229,230,231,232,233,234,235,236,237,238,239,240,241,242,243,244,245,246,247,248,249,250,251,252,253,254,255,256,257,258,259,260,261,262,263,264,265,266,267,268,269,270,271,272,273,274,275,276,277,278,279,280,281,282,283,285,286,287,288,289,290,291,292,293,296,297,298,299,300,301,302,304,305,308,317,319,323,324,326,327,330,381,425,437,445,458,484,514,648
20,77,78,79,80,81,82,83,84,85,86,87,88,89,90,91,92,93,94,95,96,97,98,99,100,101,102,103,104,105,106,107,108,109,110,111,112,113,114,115,116,117,118,119,120,121,123,124,125,126,127,128,129,130,131,132,133,134,135,136,137,138,139,140,141,142,143,144,145,146,147,148,149,150,151,152,153,154,155,156,157,158,159,160,161,162,163,164,165,166,167,168,169,170,171,172,173,174,175,176,177,178,179,180,181,182,183,184,185,186,187,188,189,190,191,192,193,194,195,196,197,198,199,200,201,202,203,204,205,206,207,208,209,210,211,212,213,214,215,216,217,218,219,221,223,224,225,226,227,228,229,230,231,232,233,234,235,236,237,238,239,240,241,242,243,244,245,246,247,248,249,250,251,252,253,254,255,256,257,258,259,260,261,262,263,264,265,266,267,268,269,270,271,272,273,274,275,276,277,278,279,280,281,282,283,284,285,286,287,289,290,291,292,293,294,295,296,297,298,300,301,302,304,305,306,308,309,310,311,312,313,314,315,316,317,318,319,320,321,322,323,324,325,327,328,330,331,332,333,334,336,338,339,343,344,345,346,347,350,352,357,358,359,364,366,370,377,379,381,382,383,390,395,419,448,451,509,598
21,73,74,75,76,77,78,79,80,81,82,83,84,85,86,87,88,89,90,91,92,93,94,95,96,97,98,99,100,101,102,103,104,105,107,109,110,111,112,113,114,115,116,117,118,119,120,121,122,123,124,125,126,127,128,129,130,131,132,134,135,136,137,138,139,140,141,142,143,145,146,147,148,149,150,151,152,153,154,155,156,157,158,159,160,161,162,163,164,165,166,167,168,169,170,171,172,173,175,176,177,178,179,180,181,182,183,184,185,186,187,188,190,191,192,193,194,195,196,197,198,199,200,201,202,203,204,205,206,207,208,209,210,211,212,213,214,215,216,217,218,219,220,221,222,223,224,225,226,227,228,229,230,231,232,233,234,235,236,237,238,239,240,241,242,243,244,245,246,247,248,249,250,251,252,253,254,255,256,257,258,259,260,261,262,264,266,267,268,269,271,272,273,274,275,278,279,280,283,284,286,287,288,289,291,292,293,295,296,297,299,300,302,304,305,306,307,308,309,310,311,312,313,315,319,321,322,323,325,328,329,330,331,333,334,335,336,337,338,340,343,345,347,349,350,351,353,363,367,368,375,377,378,380,382,384,387,388,393,397,408,463,484
22,71,72,73,74,75,76,77,78,79,80,81,82,83,84,85,86,87,88,89,91,92,93,94,95,96,97,98,99,100,101,102,103,104,105,107,108,109,111,113,114,115,116,117,118,119,120,121,123,124,125,126,127,130,131,132,133,134,135,136,137,138,139,140,141,142,143,144,145,146,147,148,149,150,151,152,153,154,155,156,157,158,159,160,161,162,163,164,165,166,167,168,169,170,171,173,174,175,176,177,178,179,180,182,183,184,185,186,187,188,189,191,192,193,195,196,197,198,199,200,201,202,203,204,205,206,207,208,209,210,211,212,213,214,215,216,217,218,220,221,223,224,225,226,227,228,229,230,231,232,233,234,235,236,237,238,239,240,241,242,244,245,247,248,251,252,253,254,256,258,259,260,261,262,264,265,267,268,270,271,272,273,275,277,278,279,280,283,284,285,287,289,291,293,295,297,298,299,300,301,302,303,304,307,309,310,311,313,315,317,318,319,320,323,324,325,330,331,333,334,337,338,340,344,345,357,358,359,365,368,377,379,389,390,401,409,415,418,421,424,430,473,518,668,673
23,65,70,73,74,76,77,78,79,80,81,82,83,84,85,86,87,88,89,90,92,93,94,96,97,98,99,100,102,103,104,105,106,107,108,109,110,111,112,113,114,115,117,118,119,120,121,122,123,124,127,130,131,132,133,134,135,136,137,138,139,140,141,142,143,144,145,147,148,149,150,151,152,153,154,155,156,157,158,159,160,161,162,163,165,166,167,169,170,171,172,173,174,175,176,177,178,179,180,181,182,183,184,185,186,187,188,189,190,192,193,194,195,196,197,198,199,200,201,202,203,204,205,206,207,208,209,210,211,212,213,214,215,216,217,218,219,220,221,222,223,224,226,227,229,230,231,233,234,235,236,237,238,239,241,243,244,245,246,248,249,253,254,255,256,257,258,259,261,262,264,265,266,267,268,270,271,273,274,276,277,278,279,280,281,282,284,285,286,287,288,289,291,292,293,294,295,297,298,299,302,303,308,309,311,316,317,318,321,322,324,325,327,328,331,333,343,344,346,347,348,349,350,353,367,372,373,376,380,381,384,386,388,392,422,443,458,471,571,636
24,71,74,75,76,77,80,81,82,84,85,87,88,91,92,93,94,95,96,98,99,100,101,102,103,104,105,106,107,108,109,110,111,112,113,114,115,117,118,119,120,121,122,124,125,126,127,128,129,130,131,132,134,135,136,137,138,139,140,141,142,143,147,149,150,151,152,153,154,155,156,157,158,160,161,162,163,164,165,166,167,168,171,172,173,174,175,177,178,179,180,181,182,183,184,185,186,187,188,189,190,191,193,197,198,199,201,203,204,205,206,207,209,210,211,212,213,216,217,218,219,220,221,222,223,224,225,226,228,229,230,231,233,234,235,237,239,241,242,243,244,247,248,249,251,252,254,255,256,257,260,261,262,263,265,266,267,270,271,273,276,279,280,281,286,287,288,290,295,296,298,299,303,305,307,308,311,313,314,316,319,321,329,330,333,340,341,344,350,351,363,366,371,376,377,387,392,393,396,399,402,419,422,444,490,509,541,545,609,671
25,68,69,70,71,72,75,76,77,78,79,80,81,82,85,86,87,88,89,91,94,95,96,97,98,99,100,101,102,103,104,105,106,107,108,110,111,112,113,114,116,117,118,119,120,121,122,123,124,126,127,128,129,130,131,132,134,135,136,137,139,141,142,143,144,147,148,149,150,151,152,153,154,155,156,157,158,160,162,165,166,169,170,171,173,175,176,178,179,180,181,182,183,185,186,187,189,191,192,194,195,199,200,201,202,203,204,206,208,209,210,211,212,213,215,216,220,223,224,225,226,227,228,230,231,232,234,236,237,238,240,241,242,243,244,245,246,247,250,251,254,255,256,258,260,261,262,264,266,267,268,269,273,274,275,278,279,281,283,284,286,292,293,296,297,298,300,303,309,311,315,319,322,327,329,331,335,337,339,346,350,359,364,370,406,407,409,430,433,466,612
26,66,72,78,79,81,82,83,84,85,86,87,88,89,90,91,92,93,94,95,96,97,98,99,101,102,103,104,105,106,107,109,110,111,115,116,117,118,119,121,122,123,124,125,126,127,128,129,130,132,133,134,136,137,139,141,142,143,144,146,147,148,149,150,152,153,155,156,157,159,160,161,164,166,168,170,172,173,175,176,177,178,181,182,183,184,185,191,192,193,194,195,196,198,200,204,205,207,208,212,213,215,217,218,219,220,221,222,223,227,231,232,234,235,236,237,238,240,242,244,245,246,249,251,252,253,255,258,259,260,263,265,266,268,269,272,276,278,279,280,282,283,284,286,287,289,290,291,292,297,304,305,309,321,322,324,339,362,369,372,374,378,382,388,392,398,409,428,680
27,72,75,76,78,79,80,81,82,83,84,85,86,88,89,90,91,92,93,94,96,97,98,99,100,101,102,103,105,106,107,108,109,110,112,113,114,115,116,117,118,119,120,121,122,123,124,125,126,127,128,129,131,132,133,134,135,136,137,138,139,140,141,142,143,144,145,147,148,149,150,151,152,154,155,156,158,159,160,161,162,164,165,166,169,172,173,174,176,180,182,183,184,185,188,190,191,192,193,194,195,196,197,198,200,201,203,205,206,207,208,209,211,214,215,216,220,223,224,225,228,229,230,232,234,236,237,238,239,241,246,247,248,250,251,253,254,256,259,260,262,266,268,271,272,275,279,286,291,292,293,295,300,302,303,306,308,309,321,327,330,340,341,348,353,360,364,371,380,479,521,632
28,64,71,72,73,75,76,77,78,79,80,82,83,85,86,87,88,90,91,92,93,94,96,97,98,99,100,101,102,103,104,105,106,107,108,109,110,111,112,114,115,116,117,118,119,120,121,123,124,125,126,128,129,130,131,133,134,135,136,137,139,140,141,142,143,144,145,146,148,149,150,151,152,153,155,156,157,158,163,165,166,167,169,170,172,173,175,176,177,180,181,183,184,185,186,189,191,192,194,195,196,197,198,200,201,202,204,205,208,210,212,214,216,218,219,226,227,228,231,232,234,236,238,239,240,241,242,244,246,248,249,250,251,252,255,258,260,266,269,270,271,279,281,286,294,295,296,299,309,312,323,325,332,346,354,359,366,374,383,430,446,463,626,665
29,72,73,74,76,77,79,81,82,83,84,86,87,88,89,91,92,94,96,97,98,99,100,103,104,105,106,107,108,109,111,112,113,114,115,116,117,118,121,122,126,128,129,130,131,132,134,135,136,137,138,139,141,142,143,144,145,147,148,150,151,152,153,154,155,156,158,159,160,161,162,163,167,168,169,171,173,174,175,176,177,179,180,181,182,184,185,187,188,191,195,196,197,199,200,202,203,206,208,209,210,214,216,217,218,219,221,222,224,226,229,230,231,232,233,235,238,242,243,245,247,248,251,255,256,263,265,267,268,270,271,278,282,283,284,286,292,293,294,301,315,316,325,328,331,333,336,355,357,377,380,393,405,410,523,563,568
30,45,70,71,72,74,76,77,78,81,82,83,84,85,86,89,90,91,92,93,94,95,96,97,98,99,100,101,102,103,104,106,107,108,109,110,111,113,114,116,117,118,119,121,122,123,124,125,126,127,128,129,130,132,134,135,136,138,139,142,144,145,146,147,149,151,152,153,154,157,158,160,162,163,165,170,175,176,177,178,180,186,188,190,192,193,198,207,208,209,210,211,212,216,218,220,221,222,224,225,226,228,232,233,236,239,241,242,244,245,247,250,252,253,259,260,261,263,266,267,268,270,273,274,276,277,282,286,297,299,308,316,318,319,321,339,348,359,373,398,423,462,510,625
31,13,47,66,74,75,77,78,79,80,81,82,83,84,85,86,87,88,90,92,93,94,95,96,97,100,101,102,103,104,106,107,108,109,111,113,115,116,118,119,120,121,122,123,124,125,126,127,129,130,131,133,134,135,136,137,138,140,141,142,145,146,147,148,149,151,152,154,155,157,158,159,160,161,162,163,165,166,168,169,172,174,176,180,184,185,186,189,190,191,194,195,197,198,201,205,206,207,208,209,211,214,215,216,218,221,223,225,228,230,231,232,234,235,236,237,238,239,242,243,245,246,251,253,259,261,272,277,278,289,298,299,301,307,320,337,342,344,347,371,610
32,65,68,69,72,73,74,75,76,78,79,80,81,84,87,88,92,93,94,95,97,98,99,100,101,102,104,105,106,107,110,111,112,113,115,116,117,118,119,121,122,123,124,125,128,130,131,132,133,134,135,136,137,138,139,140,141,145,147,148,149,151,152,153,154,155,157,158,160,161,167,169,170,171,172,174,176,177,178,182,183,184,186,191,193,194,197,199,204,206,207,208,210,213,215,216,217,221,226,228,229,231,233,235,236,237,239,241,243,245,248,250,251,256,260,261,262,266,268,279,280,282,298,300,307,311,319,320,338,342,345,370,415,416,417,609,667,671
33,68,69,71,73,75,77,78,80,82,83,84,85,86,88,89,90,91,92,93,94,96,100,101,102,103,104,105,107,108,109,110,111,112,113,114,115,117,119,120,122,123,124,125,127,129,131,132,136,137,141,142,143,145,146,148,149,151,156,158,163,164,169,170,171,172,173,175,177,178,180,181,182,183,184,186,187,188,189,194,197,198,201,202,205,212,214,218,223,225,234,235,238,241,243,246,248,255,256,260,265,275,276,277,284,286,294,296,298,320,323,384,385,394,416,531,554
34,74,75,76,77,80,81,82,84,85,88,89,90,92,93,94,95,96,97,98,99,100,102,103,104,105,107,108,109,110,111,112,113,114,115,117,118,119,121,122,123,126,127,128,129,130,131,132,133,134,135,136,137,139,140,141,142,143,144,146,147,149,151,152,154,155,156,157,158,160,163,166,169,170,172,173,178,180,182,185,189,191,192,194,200,203,204,207,208,210,214,215,217,218,219,220,223,225,227,229,230,231,232,235,236,240,241,245,248,250,254,257,263,266,271,273,275,285,287,291,306,313,316,322,327,330,336,353,359,363,367,378,631
35,19,67,73,74,75,76,78,81,82,85,86,87,88,90,91,92,93,95,96,98,99,101,102,103,105,106,107,109,110,112,113,114,115,116,119,120,122,123,124,125,126,128,129,130,132,133,134,135,138,140,142,143,144,145,146,149,150,151,153,155,158,159,167,170,172,173,174,176,177,178,179,180,181,183,185,188,189,190,191,192,197,200,201,202,205,208,212,213,214,218,219,221,222,223,225,227,228,230,231,232,233,234,236,237,238,239,241,243,245,247,250,251,252,254,258,259,263,265,266,268,273,276,278,282,284,287,290,292,294,299,302,304,309,311,329,333,334,335,349,359,366,384,422,439,657
36,72,74,75,76,79,84,85,86,87,88,90,91,93,94,96,97,101,102,103,104,105,106,109,110,111,112,114,115,117,118,120,121,122,123,124,125,126,128,129,130,132,134,135,136,137,139,142,144,145,146,149,153,154,155,157,158,159,160,162,163,165,166,167,171,173,175,176,178,180,181,182,185,186,189,190,192,195,196,197,198,199,203,205,207,209,212,214,215,216,217,219,220,222,224,225,229,230,231,237,238,240,241,242,244,245,246,247,249,250,251,252,253,254,256,261,265,266,271,275,277,278,281,283,287,293,297,298,300,308,312,326,330,335,336,348,356,362,404,411,635,670,687
37,70,72,77,78,79,80,81,82,83,85,88,90,92,93,95,96,97,98,99,100,101,102,103,105,106,107,108,109,110,113,114,115,116,117,118,119,120,123,126,129,130,131,132,134,136,137,138,139,140,141,143,150,153,154,156,158,159,161,163,165,166,168,171,172,176,178,179,180,181,182,184,185,188,189,190,191,192,193,197,200,203,206,207,209,211,212,219,223,224,225,226,228,230,231,233,234,235,240,241,244,246,250,251,252,253,255,256,257,258,259,260,264,265,268,269,270,271,274,275,277,279,283,284,288,298,299,311,319,320,324,330,339,354,370,387,507,600,608,629,649
38,69,71,72,75,76,79,80,84,85,86,87,90,91,92,94,95,97,98,99,100,101,102,106,107,110,111,112,113,115,117,118,119,120,121,123,124,125,126,128,129,130,131,132,133,134,137,140,141,143,146,148,149,151,159,160,163,166,168,169,170,177,178,179,181,184,185,189,192,193,194,196,198,199,200,201,203,204,207,208,209,210,211,215,216,220,222,226,232,235,236,237,238,242,243,244,245,246,249,252,254,255,256,258,259,260,263,266,267,269,270,272,274,276,279,280,282,284,285,287,288,290,292,293,298,300,302,303,305,306,310,312,315,317,319,320,322,325,334,336,337,343,344,351,352,355,384,395,397,554,607,624
39,70,74,76,79,82,83,85,88,89,90,91,92,93,94,95,96,97,98,99,100,102,103,105,106,107,108,109,111,112,113,114,115,116,117,119,120,121,122,125,126,127,128,130,132,133,134,136,137,138,139,140,142,143,144,145,148,149,150,151,153,154,157,160,162,164,165,169,173,178,179,180,181,183,186,188,189,190,191,192,193,195,196,200,201,202,204,205,206,208,209,210,214,215,216,218,220,226,231,234,236,237,238,239,244,245,247,249,250,252,254,255,256,257,258,259,261,262,263,267,271,274,278,279,281,282,288,290,293,295,296,297,301,303,305,308,309,310,311,312,315,316,320,322,326,327,328,329,330,336,337,339,344,348,352,363,369,373,375,381,398,403,409,423,427,441,479,618
40,5,13,42,75,79,80,81,82,83,85,87,88,89,90,91,94,96,98,99,100,101,102,103,105,106,107,108,109,110,111,114,115,117,118,119,120,121,122,123,125,128,129,130,131,132,133,134,135,136,137,138,139,140,141,142,145,147,149,150,152,153,155,156,157,158,161,163,165,167,170,172,173,174,177,179,181,186,190,191,192,193,196,199,200,204,210,211,214,215,216,217,220,225,230,234,236,239,242,243,244,245,246,251,255,257,258,259,260,261,264,265,266,272,275,276,277,279,280,281,283,284,285,286,287,288,289,292,294,295,298,300,301,303,306,307,308,309,310,311,313,314,316,318,319,340,341,346,348,349,357,365,369,377,393,402,407,490,500,671
41,78,80,83,84,86,89,90,91,93,99,102,103,104,106,107,108,109,110,111,112,113,115,116,117,119,122,123,125,126,127,129,132,133,135,136,138,139,140,143,144,145,146,147,148,149,150,152,154,155,157,158,159,161,162,164,166,167,168,173,175,179,180,182,183,184,186,187,189,190,193,198,201,202,204,207,209,211,212,213,214,216,217,219,226,227,229,230,231,232,233,237,238,240,241,242,243,244,245,248,249,253,258,264,271,277,278,279,280,282,285,286,290,292,294,296,298,299,300,301,302,303,304,306,307,308,309,313,317,318,320,325,326,327,328,331,332,336,337,339,343,345,346,348,349,351,352,356,358,386,398,402,409,501,648,669
42,87,88,89,90,91,92,93,95,96,97,100,101,102,103,104,105,106,109,110,111,114,116,119,120,122,123,125,126,128,129,131,132,134,135,139,140,141,142,143,144,145,146,150,151,153,154,155,156,157,158,161,162,165,166,168,170,174,175,176,181,182,183,187,189,191,192,193,195,196,197,199,200,201,206,207,209,211,215,216,217,218,219,229,230,231,232,237,241,245,246,249,250,255,256,257,261,262,264,265,266,267,268,273,274,275,276,277,280,282,284,285,286,288,292,294,295,296,297,299,302,304,305,307,308,310,311,314,318,319,320,322,323,324,329,330,334,337,345,346,350,355,356,357,361,362,363,364,365,378,390,394,395,409,412,439,450,490,552,585,623
43,2,85,88,89,90,91,92,93,94,95,96,97,98,100,101,102,103,105,106,109,110,112,113,114,115,116,117,118,119,120,121,122,123,124,126,127,128,129,131,132,134,135,136,137,138,139,140,142,144,147,150,151,152,154,155,156,157,158,159,160,161,162,163,164,166,168,175,177,182,183,189,193,194,196,197,199,200,201,205,207,208,209,216,219,220,222,226,228,233,234,236,237,241,243,245,246,248,249,250,252,253,254,256,257,258,259,260,263,264,265,266,267,271,273,276,277,278,279,282,283,284,285,288,289,290,291,294,295,296,297,298,301,305,306,311,312,313,314,315,316,317,320,323,328,329,332,334,337,339,342,351,354,356,359,360,364,375,379,393,401,408,412,419,431,446,447,645
44,22,82,83,84,85,89,90,91,93,95,97,98,99,101,103,104,105,106,107,111,112,113,114,116,117,118,119,120,122,125,126,127,128,129,130,131,132,136,137,138,139,140,142,143,146,147,148,149,150,153,154,155,159,160,162,163,164,167,169,178,182,185,186,192,193,194,195,197,201,202,205,206,210,211,212,213,214,217,218,219,222,223,226,238,240,241,242,244,245,246,247,249,250,251,252,253,256,259,262,264,265,271,272,273,274,275,276,277,279,281,282,283,284,286,287,288,289,290,291,292,293,294,295,296,299,301,303,304,306,308,309,310,315,316,317,319,320,321,323,325,326,327,328,330,332,334,336,337,339,340,341,342,344,351,359,360,363,365,368,373,376,382,402,567
45,33,49,82,84,87,89,91,93,94,98,101,103,105,106,107,108,109,110,112,113,114,116,118,120,121,123,124,126,127,130,131,135,137,141,142,143,144,145,147,148,149,150,151,152,153,154,155,157,158,159,161,163,165,168,169,171,185,187,193,194,195,199,200,202,207,209,210,213,219,220,223,225,228,235,239,241,243,245,247,250,251,253,255,258,259,261,263,265,266,267,269,272,273,275,277,278,279,280,281,283,284,286,288,289,290,291,292,293,295,296,297,299,300,301,302,304,305,306,308,309,310,311,312,313,317,318,319,320,321,322,323,327,329,330,331,338,340,341,342,344,346,352,353,354,358,359,364,370,371,374,381,388,395,396,403,407,410,439,458,461,474,498
46,51,78,82,85,86,87,88,90,91,93,96,98,101,102,104,106,108,109,110,112,113,114,115,116,119,120,121,122,123,124,125,126,129,130,131,132,133,134,135,136,137,138,140,141,143,145,146,147,148,149,151,152,153,155,156,157,158,159,160,161,164,166,172,173,184,185,186,187,190,201,206,209,210,213,219,220,232,234,237,243,244,247,250,252,254,256,257,258,261,263,264,269,270,271,272,273,274,276,277,278,279,282,284,285,286,287,288,289,291,292,293,294,295,298,302,304,306,307,309,310,311,312,315,316,317,319,321,324,325,327,328,329,336,338,339,343,348,351,352,357,363,365,368,369,370,373,374,379,380,382,385,391,396,397,398,401,407,469,470,622
47,83,87,88,92,94,95,96,97,98,99,100,101,104,105,107,108,109,110,111,112,113,115,116,117,118,119,120,122,125,126,127,128,129,130,131,133,134,135,136,137,138,139,141,142,143,146,149,150,151,152,155,156,157,158,159,161,162,163,164,166,168,175,176,183,184,187,191,194,196,197,198,199,201,203,205,207,209,212,213,216,218,219,221,226,239,240,244,246,248,250,251,252,253,254,256,258,261,262,263,266,268,270,283,285,287,289,292,293,294,297,300,301,303,304,305,306,311,312,313,314,316,321,322,325,326,327,328,331,332,333,335,339,340,347,348,353,354,363,368,373,386,389,403,405,407,409,413,414,425,437,460,584,641
48,81,84,86,87,89,90,91,94,96,97,98,99,100,101,106,107,109,110,111,112,113,115,116,117,118,119,120,121,122,123,124,125,126,128,129,130,131,135,136,137,138,139,140,141,142,144,146,147,148,149,150,151,153,155,156,158,159,161,162,164,167,171,172,173,174,175,179,189,191,192,196,197,198,200,202,203,206,207,208,209,210,212,213,216,218,220,222,226,229,234,235,246,247,250,251,254,255,256,257,259,260,262,267,272,273,276,277,280,281,282,283,284,286,289,290,291,293,295,296,299,300,302,304,307,309,310,311,312,313,314,315,318,319,322,323,324,331,335,341,347,348,349,352,353,354,359,370,383,392,398,401,405,412,416
49,82,87,90,92,94,95,96,97,98,102,104,105,106,108,110,111,112,113,114,115,116,117,119,120,121,122,123,124,125,126,128,130,132,133,135,136,138,139,141,143,145,148,149,150,153,155,158,159,160,163,166,168,171,173,178,183,189,197,199,202,208,209,210,211,214,215,217,218,219,223,225,227,228,231,234,242,244,245,248,249,250,251,252,253,256,259,260,262,263,265,273,274,276,277,278,279,280,281,282,283,285,286,287,288,289,290,291,293,295,297,298,299,301,302,304,305,307,308,311,313,316,317,320,328,354,363,365,369,370,375,383,391,415,420,444,447,518
50,80,89,91,95,96,97,100,102,105,106,110,111,112,113,114,118,119,121,122,123,124,126,127,128,130,131,133,134,135,137,138,139,140,141,142,144,146,148,149,151,152,153,155,157,159,160,164,166,167,168,170,174,175,176,177,180,184,191,195,197,198,199,201,202,203,204,205,206,209,213,214,215,217,219,221,223,224,229,231,236,243,248,250,251,253,258,259,265,267,268,269,272,273,274,277,278,280,285,286,287,288,291,297,298,301,302,303,306,307,312,314,315,321,322,323,327,328,331,334,338,340,341,343,345,346,351,356,360,362,367,373,375,384,401,441
51,88,90,93,94,95,96,97,98,99,101,103,104,105,106,107,108,109,110,111,115,117,118,120,121,122,126,127,128,129,130,133,134,136,137,138,139,140,142,143,144,145,147,148,149,150,151,153,155,157,159,160,161,162,163,164,165,166,167,168,170,171,174,175,176,178,179,180,185,186,187,192,193,195,197,199,200,202,205,209,210,213,229,231,232,245,250,252,257,265,266,268,277,280,284,287,294,296,299,301,302,307,309,312,317,318,320,328,329,330,332,334,337,340,341,342,348,359,380,382,383,396,398,402,419,539,571,595
52,88,91,92,95,97,100,101,102,104,105,106,107,108,109,110,111,112,113,114,115,119,121,124,125,127,128,129,130,132,134,135,139,140,141,144,145,150,151,152,153,158,162,163,166,169,171,172,173,176,178,180,187,193,198,199,201,203,206,207,208,209,210,213,214,215,218,219,221,222,227,228,231,240,247,248,250,256,258,259,262,268,269,272,276,278,280,284,285,287,294,301,302,304,309,312,320,322,325,327,339,341,347,351,352,354,355,361,365,394,401,423,426
53,32,37,87,90,96,97,98,101,102,104,105,106,109,110,111,113,114,119,120,121,122,123,124,125,128,129,130,131,132,134,136,137,138,139,140,141,142,145,146,147,149,150,152,155,156,158,160,161,165,168,169,170,176,177,178,183,190,191,196,197,198,204,206,207,211,219,220,221,224,231,232,239,242,246,260,267,278,279,285,293,294,295,298,299,300,305,311,313,318,319,330,335,342,394,459,523,563,655
54,63,88,89,95,96,97,98,101,103,105,107,109,110,111,112,113,116,117,118,119,120,122,123,124,125,126,127,128,130,131,133,134,135,136,137,138,139,141,143,144,145,146,147,148,151,152,153,154,156,158,159,161,163,164,166,167,168,169,170,173,176,189,193,194,203,208,212,216,217,225,230,238,242,251,259,261,277,278,289,300,302,307,316,331,584,585
55,12,91,95,96,102,103,104,105,107,108,110,111,112,113,115,116,118,119,121,125,126,127,128,132,133,134,136,137,138,139,140,142,143,147,148,149,150,152,154,155,156,157,158,161,163,164,165,167,169,171,174,175,177,178,179,188,202,205,206,211,215,216,218,219,226,227,228,232,233,241,250,260,263,287,295,297,626,683
56,97,103,104,108,109,110,115,116,117,118,119,120,121,122,123,124,125,126,127,128,129,130,131,132,133,134,135,136,137,139,142,143,145,146,148,149,151,152,154,155,156,162,163,164,167,168,170,171,176,177,178,180,181,187,189,191,194,200,203,204,207,208,210,213,222,223,226,230,231,245,250,257,267,274,286,297,315,318,335,360,364,430,439,539,634
57,48,96,97,102,104,106,107,108,109,110,111,112,113,114,115,116,117,118,119,122,124,126,127,129,132,134,135,136,137,138,139,140,141,142,143,144,145,146,147,148,149,150,151,152,154,157,158,160,162,163,168,170,172,174,176,177,186,188,189,192,195,204,206,208,211,214,215,233,286,319,323,332,416,554,628
58,21,37,39,103,107,108,110,111,113,114,115,116,117,118,119,120,121,122,123,125,126,128,129,132,133,134,135,137,138,139,140,143,150,151,152,153,155,157,158,159,161,162,163,165,167,168,169,170,172,173,174,177,179,181,182,183,184,185,190,191,203,204,206,217,219,222,225,233,236,238,239,246,247,250,266,270,272,275,306,337,386,410,443,458,582
59,95,103,113,117,122,124,125,126,127,129,130,131,132,133,135,136,137,138,140,141,142,144,145,146,147,148,149,150,151,152,154,155,156,157,158,159,160,161,168,169,177,182,190,192,193,195,198,201,205,207,211,216,219,220,221,239,267,290,298,357,437,475,524,647
60,110,112,115,121,122,124,128,130,132,136,138,139,140,141,142,143,144,147,149,150,151,152,156,157,158,160,161,162,165,166,167,169,170,172,173,175,176,177,180,181,183,184,190,191,194,195,196,197,201,202,206,209,219,224,225,229,232,233,234,252,260,285,286,300,301,305,455,667,691
61,66,117,123,124,126,128,129,133,134,137,138,140,142,143,145,149,150,151,152,155,156,158,159,160,163,164,165,166,167,169,172,174,175,183,187,188,192,194,196,199,203,211,212,216,219,225,226,233,235,240,249,250,281,284,295,317,401,432,439,463,542
62,124,125,127,130,131,132,133,134,137,139,143,144,145,155,156,160,161,164,169,173,174,176,181,182,188,195,196,199,202,204,210,211,216,231,233,234,249,257,262,273,491,492,537,570
63,4,129,132,134,136,142,143,145,146,147,149,151,152,154,159,163,165,167,168,169,170,172,176,178,183,192,193,194,195,202,213,216,223,235,244,249,270,276,289,311,474,678
64,122,126,127,131,133,137,138,141,149,157,158,159,161,163,165,170,172,175,199,214,220,227,272,309,411,426,481,507,558,657,679
65,74,112,119,123,128,130,135,138,139,144,145,147,148,154,160,164,168,169,179,190,213,328,392,556,697
66,13,75,123,135,136,155,176,177,178,184,196,259,283,485,522,550
67,60,76,123,141,161,168,201,459
68,123,148,168,176,179,188,194,404,469,522
69,24,51,140,143,245,370,650
70,31,92,340,646
71,558,616,690,695
72,96,275,363,390,444,557
73,116,373,405,547,589
74,7,54,411,487,546,666
75,1,63,372,684
76,3,275,334,578
77,23,118,224,234,469
78,66,94,445,543,567
79,27,287
80,516
81,27,186,299,407,408
82,378,387,415
83,98,642
84,74,99,121,124,136,416,597
85,190,215,239,356
86,392,469,590
87,4,471,498
88,225,236,343,507,508,626,692
89,
90,27,45,104,165,405,487,612
91,385
92,
93,
94,
95,
96,
97,
98,
