8
0,93
1,28,32,202
2,16,17,42,49,60,65,67,71,73,75,76,96,174,175,314,340,572
3,6,10,25,32,51,64,67,69,70,71,72,73,74,75,76,77,79,82,83,85,86,89,92,93,94,97,98,99,101,102,104,106,108,111,112,113,114,115,116,129,168,169,172,274,336,487,599,668
4,30,32,37,53,58,68,69,70,71,72,73,75,76,77,78,80,81,82,83,84,85,86,87,90,91,92,93,94,95,96,97,99,100,101,103,104,109,110,111,112,113,115,116,117,118,120,121,123,124,125,126,127,128,129,130,132,133,134,135,136,137,138,139,140,141,143,144,150,152,154,155,156,158,159,161,163,164,165,166,167,168,169,170,171,172,173,174,175,176,177,178,179,180,181,182,183,184,185,186,187,188,189,190,191,192,194,195,196,197,199,200,201,202,203,204,205,206,207,208,209,210,211,212,213,214,215,216,217,219,220,221,222,223,224,226,229,232,233,234,235,236,237,238,240,241,242,243,244,245,246,247,248,249,250,251,255,256,258,259,260,261,262,265,268,272,297,301,302,308,321,360,400,447
5,8,61,63,64,66,67,68,69,70,71,73,74,75,76,77,78,79,80,81,82,83,84,85,86,87,88,89,90,91,93,95,96,98,100,101,102,103,104,106,109,113,115,118,123,125,129,139,141,142,144,145,147,150,151,152,153,157,158,160,161,162,163,164,165,166,167,168,169,171,172,173,174,176,178,180,181,182,183,184,185,186,187,190,191,192,193,194,195,196,197,198,199,200,203,204,205,206,207,208,210,212,213,214,216,217,219,220,223,224,225,226,227,228,229,230,231,232,233,234,235,236,237,238,239,240,241,242,243,244,245,246,247,248,249,250,251,252,253,254,255,256,257,258,259,261,262,263,264,265,266,267,268,269,270,271,272,273,274,275,276,277,278,279,280,281,284,285,287,288,289,290,291,292,293,294,295,298,300,301,302,303,304,305,306,308,309,310,311,312,315,316,318,320,322,323,327,328,330,331,333,335,336,341,348,353,354,355,356,372,393,398,405,410,424,428,429,430,448,457,462,514
6,32,43,65,68,69,70,71,73,74,75,76,77,78,79,80,82,83,84,85,86,87,88,89,90,91,92,93,94,95,97,98,99,100,102,104,105,106,107,108,109,110,111,112,113,114,115,116,117,118,119,120,121,124,125,129,131,132,135,136,137,138,142,146,149,150,155,157,160,161,162,163,164,165,166,167,168,169,170,171,172,173,174,175,176,177,178,179,180,181,182,183,184,185,186,188,189,190,191,192,193,194,196,197,199,200,206,207,208,209,210,211,212,213,214,215,216,217,218,219,220,221,222,223,224,225,226,227,228,229,230,231,232,233,234,235,236,237,238,239,240,241,242,243,244,246,247,248,249,250,251,252,253,254,255,257,258,259,260,261,262,263,264,265,266,267,268,269,270,271,272,274,275,277,278,280,281,282,283,284,285,287,288,289,290,291,294,295,296,297,298,299,300,302,304,305,309,322,325,330,334,341,357,359,363,366,370,377,378,403,459,481
7,36,69,71,74,75,76,77,78,79,80,81,82,83,84,85,87,88,89,90,91,92,93,94,95,96,97,98,99,100,101,102,104,106,107,108,109,110,111,112,113,116,117,118,119,120,121,122,123,124,126,127,129,131,132,133,134,137,139,141,142,144,145,148,149,150,151,152,154,155,157,159,160,161,162,164,165,166,167,168,169,170,171,172,173,174,177,178,180,181,182,183,184,185,186,187,188,189,190,191,192,193,195,196,197,198,200,202,203,204,205,206,209,210,211,213,214,215,216,217,218,219,220,221,222,223,224,225,226,227,228,229,231,232,233,234,235,236,237,238,239,240,241,242,244,245,246,247,248,249,250,251,252,253,254,255,256,257,258,259,260,261,262,264,265,266,267,268,269,271,272,273,274,275,276,277,278,279,280,281,282,283,285,286,287,291,292,293,294,295,296,300,301,303,305,308,309,310,312,313,315,316,317,318,319,320,326,327,329,331,335,337,338,339,340,341,346,347,349,358,359,363,365,376,383,389,392,399,402,404,415,417,419,420,422,425,428,430,432,433,436,439,440,442,443,444,446,448,449,450,451,452,457,464,466,472,474,477,485,502,531
8,67,72,73,74,75,76,77,78,79,80,81,82,83,84,86,88,89,90,91,92,93,94,96,97,98,99,100,101,102,103,104,105,106,107,108,109,110,113,114,115,116,117,118,119,121,122,123,124,126,127,128,130,131,132,134,135,136,137,138,139,141,143,144,145,146,150,151,153,154,155,156,158,162,163,164,165,167,168,169,171,172,173,174,175,176,177,178,179,180,181,182,183,184,185,187,188,189,190,191,192,193,195,197,198,199,200,201,202,203,204,205,206,207,209,211,212,213,214,215,216,217,220,222,223,224,225,226,227,228,229,230,231,232,233,234,235,236,237,238,239,240,241,242,243,244,245,246,247,248,250,251,252,254,255,256,257,258,259,260,261,262,263,264,265,266,267,268,272,273,275,277,278,280,281,282,283,286,287,288,289,290,293,295,298,300,301,302,303,305,306,307,309,310,312,313,314,315,316,317,319,320,321,322,323,325,326,328,329,330,331,333,336,338,339,342,343,344,346,347,351,356,357,359,362,368,370,371,379,381,383,385,391,395,421,422,423,424,425,435,436,443,446,454,456,459,463,470,476,483,500,515
9,72,73,74,76,77,80,82,83,84,85,86,87,88,89,90,91,92,93,94,95,96,97,98,99,100,101,102,103,104,105,106,108,109,110,111,112,113,116,117,118,119,120,121,122,124,125,126,127,128,129,130,131,132,133,134,135,136,137,138,139,141,142,144,146,147,148,149,151,152,153,154,155,156,157,159,161,162,163,165,167,168,169,170,172,174,175,176,177,178,179,180,181,182,183,184,185,186,187,189,190,191,194,195,197,200,201,202,204,205,206,207,208,209,210,211,212,213,214,215,216,217,218,219,221,223,224,225,226,227,228,229,230,231,232,233,234,236,238,240,242,243,244,245,246,247,248,249,250,251,256,258,259,260,262,265,266,267,268,269,271,272,273,274,275,278,280,281,282,284,286,287,288,290,291,292,294,296,298,300,301,302,306,307,311,312,313,317,319,320,322,324,326,328,329,332,334,336,337,338,343,345,346,347,349,353,354,357,359,361,369,370,383,409,417,420,427,428,430,434,440,443,445,449,455,462,465,472,475,478,479,480,494,502,503,508,531,539,542,551
10,47,69,72,73,75,77,78,79,80,81,83,84,85,86,87,88,90,91,92,93,94,96,97,98,99,100,101,103,104,105,106,107,108,110,111,112,113,114,115,116,117,118,119,121,122,124,127,128,129,130,131,132,135,136,138,139,143,144,145,147,148,150,151,152,153,154,156,157,158,160,162,163,165,166,167,168,169,170,171,172,174,176,177,178,179,180,181,182,183,184,185,186,187,188,189,190,192,193,194,195,196,197,199,200,201,202,204,206,207,208,211,213,214,215,216,219,220,221,222,223,225,226,228,231,232,233,234,237,238,239,240,241,242,244,246,251,253,254,255,256,257,259,260,261,262,264,265,266,267,269,274,275,277,281,282,283,284,286,288,290,295,298,299,304,311,313,315,316,319,321,323,328,329,337,347,352,355,359,365,369,378,387,388,403,419,420,425,433,435,436,438,441,447,449,454,455,458,462,464,466,469,471,492,502,590
11,57,73,74,77,79,80,81,82,85,86,87,88,89,90,91,92,93,94,95,96,98,99,100,101,102,103,104,105,106,107,108,109,110,111,112,113,114,115,117,118,119,120,121,123,124,125,126,127,128,129,130,131,132,134,135,137,138,139,140,142,143,145,146,148,150,152,153,155,156,157,160,164,165,166,167,168,169,171,172,176,177,179,180,181,182,183,184,186,187,188,189,191,192,193,195,196,197,198,199,200,201,202,203,204,205,206,207,210,212,213,216,217,218,222,223,224,225,226,228,229,230,231,232,234,235,239,240,244,246,247,248,251,252,254,256,258,259,260,262,265,267,269,273,274,276,281,282,286,287,294,300,303,304,306,311,312,315,316,323,324,327,329,337,340,341,344,347,351,353,355,362,366,372,375,381,387,389,403,407,415,417,418,420,423,432,434,435,437,440,445,446,450,451,458,459,462,465,469,473,474,475,477,494,499,509,524,567,591,594,624,635,646,684,697
12,61,72,73,77,78,79,80,81,82,85,86,87,88,89,90,91,92,93,94,96,97,98,99,100,101,102,103,104,105,106,107,108,109,110,111,112,113,114,115,116,117,119,120,121,122,124,127,128,129,130,132,133,134,135,136,137,138,139,141,142,144,145,149,151,152,153,155,156,157,158,159,162,164,165,167,171,172,173,174,175,176,178,179,181,183,184,185,186,187,188,189,191,192,193,195,196,197,198,199,200,201,202,204,205,206,207,208,209,210,211,212,214,215,216,217,220,221,222,223,224,225,227,228,230,231,233,235,237,239,240,241,242,243,245,246,247,249,250,252,258,259,260,261,263,264,266,268,270,271,272,273,274,275,276,277,279,282,287,289,291,292,293,294,295,296,297,302,306,311,314,316,320,321,323,325,327,329,330,331,336,341,347,353,358,359,370,393,395,410,421,426,427,428,430,431,432,434,439,442,449,451,452,454,460,461,462,465,469,478,488,493,508,548,550,616
13,7,69,74,78,79,80,83,86,87,89,90,91,92,93,94,95,96,97,98,99,100,101,102,103,104,105,106,107,108,109,110,111,112,113,114,115,116,117,118,119,120,121,122,123,124,126,128,129,130,131,132,134,136,138,139,140,141,142,143,144,145,146,147,148,149,150,151,152,153,154,156,160,161,162,165,166,167,168,169,170,171,172,173,174,175,176,177,178,179,180,181,182,183,184,185,186,187,188,189,190,192,193,194,195,196,198,199,201,202,203,204,205,206,207,208,209,210,211,212,215,216,217,218,220,221,222,223,224,225,226,227,228,232,233,234,235,236,237,238,240,242,243,244,246,247,248,249,250,251,252,254,256,257,259,260,261,262,265,268,269,270,271,273,274,276,277,281,282,283,284,285,287,288,293,294,295,298,299,300,303,308,311,313,315,316,317,318,319,323,326,327,331,336,337,342,343,348,352,361,363,376,383,387,401,406,425,427,431,432,440,446,447,449,450,452,454,455,461,462,467,468,478,479,483,493,512,528,541,590,627
14,76,78,79,83,84,85,86,87,88,89,90,92,93,94,95,96,97,98,99,100,102,103,104,105,106,107,108,109,110,111,112,113,114,115,117,118,119,120,121,122,123,124,125,126,128,129,130,131,132,134,135,136,138,139,141,142,144,145,146,147,148,149,150,151,153,154,155,156,157,160,163,167,168,169,172,173,174,176,177,178,179,181,184,185,186,187,188,189,190,191,192,193,194,196,197,198,199,200,201,202,204,206,207,208,209,212,213,214,215,216,217,218,220,221,222,223,224,225,226,228,229,230,231,232,233,234,237,238,241,242,243,244,246,248,249,250,251,252,253,254,255,256,257,258,259,261,262,263,265,266,267,269,270,276,280,281,284,288,291,294,295,297,299,300,302,304,306,307,309,315,316,317,319,322,324,325,330,332,337,346,348,349,355,360,373,376,377,381,387,395,397,408,424,426,441,444,447,449,456,459,471,480,484,487,488,502,517,525,540,587,694
15,73,75,76,77,78,80,81,82,84,85,86,87,89,90,91,93,95,96,97,98,99,100,101,102,103,105,106,107,108,109,110,111,112,113,114,115,119,120,121,122,123,124,125,126,127,128,129,130,131,132,133,134,135,137,139,141,142,143,145,147,150,151,152,153,154,156,157,158,162,165,172,173,174,176,177,178,181,182,183,184,186,187,188,189,190,193,194,197,198,199,200,201,203,204,205,206,208,210,211,213,214,215,216,217,218,221,222,223,224,225,226,228,229,230,231,232,233,234,236,237,238,239,242,244,245,246,249,250,251,252,255,259,260,261,262,263,264,265,268,269,271,272,274,275,277,280,281,282,283,285,288,289,291,292,296,297,298,300,301,303,305,307,308,310,311,316,318,323,324,326,330,331,333,337,339,344,346,347,349,351,352,353,355,358,359,366,372,376,380,391,392,394,405,413,415,417,428,432,435,453,457,458,461,469,470,477,498,500,518,600,605
16,77,78,79,80,82,83,84,86,87,88,89,90,91,92,93,94,95,96,97,98,99,100,101,102,103,104,105,106,107,108,109,110,111,113,114,115,116,117,118,119,120,121,122,123,124,125,126,127,128,129,130,131,132,133,134,135,136,137,138,140,141,142,143,146,147,148,149,150,151,152,153,154,158,160,161,162,163,166,167,168,170,171,172,176,178,186,187,190,191,192,193,195,196,197,198,202,203,205,206,208,212,213,214,215,216,221,222,223,224,227,229,233,235,236,238,240,242,243,244,245,248,249,253,254,255,258,259,261,262,263,264,267,268,273,277,279,281,282,283,286,289,290,292,293,294,296,297,298,301,307,308,309,312,313,314,318,321,322,323,325,334,343,345,348,349,350,353,357,365,368,370,373,378,379,389,402,414,442,489,681
17,64,65,78,79,80,81,83,84,85,86,88,90,91,92,94,95,96,97,98,99,100,101,102,103,104,105,106,107,108,109,110,111,112,113,114,115,116,117,118,119,120,122,123,124,125,126,127,130,131,132,134,135,136,137,138,139,140,141,142,143,144,145,146,147,148,149,152,153,154,155,156,157,158,161,166,167,169,171,172,174,178,182,185,188,190,191,192,193,197,198,199,201,202,204,206,207,208,209,210,215,216,217,218,220,221,228,229,230,233,235,237,240,241,244,247,248,251,252,253,254,255,256,260,262,265,268,269,271,273,278,279,280,281,282,283,285,286,288,289,290,293,295,298,300,301,306,314,315,327,334,337,341,342,345,346,351,381,393,404,434,453,460,472,501,514,531,578,585
18,15,70,72,73,75,76,77,78,79,80,81,84,85,86,87,88,89,90,91,92,93,94,95,96,97,100,101,102,103,104,105,107,108,109,110,111,112,113,114,115,116,118,119,120,122,123,125,126,127,128,129,130,131,132,133,134,136,137,138,139,141,142,143,144,145,147,148,149,151,153,154,155,156,159,160,161,162,165,168,170,172,173,179,180,181,182,184,186,188,189,192,195,199,200,201,203,205,209,210,211,212,213,214,216,217,218,219,220,222,223,227,228,230,231,237,238,239,241,243,245,246,250,252,253,255,256,257,258,259,265,270,276,278,279,281,284,295,296,297,303,304,325,327,333,340,347,355,366,370,374,375,386,473,485,491,672
19,58,64,74,75,76,77,78,79,80,82,83,84,86,87,88,89,91,92,95,96,97,99,100,102,103,104,105,106,107,110,111,112,113,114,115,116,117,118,119,121,122,123,124,125,126,127,128,129,130,131,132,133,134,135,136,137,138,139,140,141,142,143,144,145,146,147,149,150,151,152,154,156,157,158,164,168,170,172,173,174,175,178,182,183,184,189,192,193,194,196,197,198,200,205,209,210,212,213,214,215,216,217,223,226,229,230,231,238,239,241,242,243,244,249,251,252,261,263,266,270,271,272,280,283,289,300,301,308,310,314,315,316,322,325,327,331,335,363,402,443,467,505,506,511,512,525,600,646,652
20,75,78,79,80,81,82,83,84,86,87,88,89,90,91,93,94,96,97,99,100,101,102,103,104,105,106,107,108,109,110,111,112,113,114,115,116,117,118,119,120,122,123,124,125,126,127,128,129,130,131,132,133,134,136,137,141,142,143,144,145,146,147,148,149,150,151,152,155,158,159,160,163,166,168,175,176,181,182,188,190,191,192,194,198,200,204,205,207,210,213,216,218,220,223,224,227,231,237,242,245,255,256,264,267,268,270,273,277,282,288,294,297,300,303,312,314,330,342,347,354,377,381,396,401,447,519,526
21,64,68,74,77,78,79,80,81,82,83,84,85,86,87,88,89,90,92,93,94,95,96,97,98,99,100,101,102,104,105,107,108,109,110,112,113,114,116,117,119,120,121,122,123,124,125,128,129,131,132,133,134,135,136,138,139,140,141,142,144,147,148,149,150,151,152,153,155,156,159,160,162,163,164,169,176,177,178,181,183,184,186,187,190,193,194,196,197,198,202,204,205,206,207,208,212,213,215,216,219,222,223,226,228,229,233,240,241,242,244,245,247,248,253,259,261,267,269,271,272,275,282,283,285,286,301,317,326,327,330,336,344,347,358,360,364,457,531,581
22,27,67,68,69,76,78,79,80,81,82,83,84,85,86,87,88,89,91,92,93,94,95,96,97,98,99,100,101,102,103,104,105,106,107,108,109,110,111,113,114,115,116,117,118,119,120,121,123,125,127,128,130,132,133,134,136,138,139,140,142,144,145,146,147,148,149,150,151,152,153,154,156,158,159,161,162,164,167,168,169,174,178,180,181,185,188,189,190,191,192,194,195,196,197,199,200,201,203,204,207,209,212,214,215,219,224,225,226,228,233,234,235,247,253,258,266,267,268,269,276,284,286,288,301,307,308,316,318,326,327,332,346,349,358,359,365,448,482,498,509,527,553,559,634,658
23,72,73,74,75,76,77,79,80,81,82,83,84,85,86,87,88,89,91,92,93,94,95,96,98,102,103,104,105,106,107,108,109,110,111,112,113,114,115,116,117,118,119,120,121,122,123,124,125,126,127,128,129,130,131,132,133,134,135,136,139,140,141,142,143,144,146,148,149,150,151,153,154,155,156,157,158,160,165,167,168,169,172,173,175,176,177,178,180,181,184,186,188,189,191,193,194,195,196,197,198,202,203,204,205,206,208,209,211,212,214,215,216,217,218,222,224,226,227,229,233,234,238,240,241,242,243,244,245,248,249,250,253,258,259,262,263,270,274,277,284,285,293,297,298,307,317,326,334,342,352,366,414,417,431,472,527,623
24,75,76,77,78,79,82,83,84,86,87,88,89,90,91,93,94,95,97,98,99,100,101,102,104,105,106,109,110,111,112,113,114,115,116,117,118,119,120,121,122,124,125,126,128,129,130,131,132,133,134,136,137,138,140,141,142,143,144,145,146,147,148,149,150,151,152,153,154,155,156,158,159,161,163,166,168,169,170,171,172,174,175,181,185,187,189,190,191,192,194,196,198,201,202,203,204,207,208,209,211,212,213,215,221,223,228,231,232,237,240,241,242,245,246,247,249,251,253,254,255,258,260,261,263,269,271,279,280,281,299,301,321,332,339,371,404,412,426,457,483,519,544,562,642
25,68,70,73,76,77,78,79,80,81,82,83,84,86,87,88,89,90,91,92,93,94,95,96,98,100,101,102,103,105,106,108,109,110,111,112,113,115,117,118,119,120,121,122,123,124,125,126,127,128,129,130,132,133,134,135,136,137,138,139,140,141,143,144,146,148,149,150,151,152,153,156,157,161,165,167,171,175,177,178,179,180,181,182,184,185,187,188,190,191,195,196,197,199,200,201,202,207,208,209,210,211,213,214,218,221,222,223,228,231,233,234,236,240,241,243,248,249,251,252,253,255,256,260,261,263,264,266,268,272,274,275,276,277,278,279,281,283,287,291,306,308,312,314,321,325,326,331,357,360,362,378,385,386,432,439,489,494,508,510
26,67,71,74,75,76,77,79,80,81,82,83,85,86,87,88,89,90,91,93,95,96,97,98,99,101,102,104,105,106,108,109,110,111,112,113,114,115,116,117,118,119,120,121,122,123,124,125,126,127,128,129,130,131,132,133,134,135,136,140,141,142,143,144,145,146,147,148,149,150,151,152,153,155,157,158,160,163,164,165,167,168,172,174,175,180,182,183,187,188,192,193,194,195,198,200,201,202,204,206,208,213,218,220,221,222,225,226,230,232,235,237,238,243,244,245,248,249,252,253,254,255,262,264,265,268,271,275,276,277,278,279,280,281,282,284,285,286,288,290,292,294,297,301,302,303,304,310,320,321,325,329,333,349,361,391,401,481
27,54,73,76,77,78,79,80,83,84,86,87,88,89,90,91,92,93,94,95,96,97,98,99,100,101,102,103,104,106,108,109,110,111,112,113,114,115,116,117,118,119,120,121,123,127,128,129,130,131,132,133,134,135,136,137,138,139,140,141,142,143,144,145,146,147,148,149,150,151,152,153,154,155,156,158,159,160,163,164,165,167,168,171,172,173,175,178,180,181,182,184,185,186,187,189,191,192,193,194,195,198,202,203,205,206,207,209,210,211,214,215,216,217,218,219,222,224,230,232,233,234,235,239,240,242,245,246,247,248,251,253,259,269,271,272,273,274,277,284,286,287,288,290,293,298,299,301,308,314,316,317,320,322,323,325,330,336,341,348,352,368,372,376,385,401,408,436,490
28,14,42,69,73,74,76,77,79,81,82,83,84,85,87,89,90,92,93,94,95,96,97,98,99,100,101,102,103,104,105,106,107,108,109,110,111,112,113,114,115,116,117,119,120,122,123,124,125,126,128,129,130,132,134,135,136,137,138,139,140,141,142,143,144,146,147,148,149,150,151,153,154,155,156,157,159,161,162,163,164,165,166,169,170,171,172,173,178,179,180,183,184,185,186,187,188,191,193,194,195,197,198,203,204,206,207,209,212,215,218,221,224,226,227,241,245,247,248,259,264,265,271,275,276,281,282,283,284,287,291,298,300,304,312,314,315,316,325,327,332,348,367,409,411,421,453,539,677
29,68,73,74,78,81,82,83,84,85,86,87,88,89,90,92,93,94,95,96,97,99,100,102,103,104,105,107,108,110,112,113,114,116,117,118,119,120,121,122,123,124,125,127,128,129,131,132,136,137,138,139,140,141,142,144,145,146,147,148,149,150,151,153,155,157,158,160,161,162,163,165,167,172,173,175,176,177,178,180,184,187,189,190,193,194,195,196,197,199,200,201,202,207,210,219,222,224,226,227,231,232,233,234,235,237,238,240,242,243,248,259,261,263,265,273,274,279,280,281,288,291,297,302,316,338,352,362,375,434,490,645
30,66,71,72,74,78,81,82,83,84,85,87,88,89,90,91,92,93,94,96,97,99,100,101,102,103,104,105,106,108,109,112,114,116,117,118,119,120,121,122,123,124,126,127,128,129,130,132,133,134,135,136,137,138,141,142,143,144,147,148,149,150,151,152,155,156,159,160,161,162,164,171,172,173,174,176,177,178,179,182,185,186,190,191,195,197,198,199,201,202,204,207,212,214,215,216,218,219,220,221,222,223,225,226,227,230,233,234,237,243,244,249,253,261,262,264,266,268,271,276,281,283,289,292,293,294,298,306,308,315,318,331,335,338,343,360,405,408,426,435,447,546,576,638
31,71,73,74,76,77,78,79,80,81,82,83,84,85,86,87,89,90,92,93,94,95,96,97,98,99,100,101,105,108,109,110,111,113,114,116,119,122,123,125,126,127,129,130,134,135,137,138,139,140,141,143,145,146,148,151,152,154,156,157,158,160,167,168,173,176,177,182,183,185,186,187,188,189,192,193,194,198,199,201,207,209,210,211,213,215,216,222,225,228,230,231,234,235,237,238,239,242,246,247,250,252,255,260,261,265,270,276,279,282,285,286,287,289,303,310,319,320,324,332,338,385,422,649
32,60,64,67,68,69,70,71,73,74,75,76,77,78,79,81,83,85,86,87,88,90,92,93,94,95,96,97,98,99,100,102,103,104,106,107,108,109,110,111,113,114,115,116,117,118,119,120,121,122,124,125,126,127,129,130,131,132,133,134,135,137,138,139,141,142,143,144,146,148,149,150,151,152,154,156,166,170,172,178,179,183,185,186,189,191,193,194,195,196,197,199,200,202,203,206,210,213,215,219,220,224,228,231,232,233,234,239,240,241,242,243,255,263,265,274,276,281,283,291,299,301,305,323,331,347,358,372,376,388,395,445,616,673
33,38,59,61,64,65,66,67,68,69,70,71,72,73,74,75,76,77,78,79,80,82,83,84,85,86,87,89,90,91,95,101,103,105,107,108,110,111,112,113,115,117,118,120,122,123,124,125,126,128,130,131,132,133,134,135,136,140,142,143,145,146,148,151,152,156,159,161,162,167,168,171,173,174,176,177,180,182,183,184,187,188,189,191,192,193,196,197,205,209,211,212,214,216,217,219,220,221,222,224,225,231,243,246,250,251,254,264,268,272,273,276,281,282,283,284,292,304,308,325,335,463,667
34,11,23,38,57,59,61,67,68,69,70,71,72,74,75,76,80,81,84,85,89,90,91,95,96,97,101,102,104,106,107,110,114,117,121,122,124,126,130,132,137,138,139,141,145,147,153,154,157,159,173,195,202,214,220,226,227,230,237,239,242,251,256,259,297,325,518,643
35,51,65,68,71,74,75,77,80,83,85,86,87,89,93,94,95,96,97,100,103,104,106,108,114,117,118,126,137,149,154,159,170,180,183,193,197,310,405,425,555,605,611
36,46,105,107,108,109,110,111,112,113,116,120,122,124,125,128,130,131,133,138,139,140,145,150,153,154,163,189,213,293,324,337,403,663,668,690
37,43,98,100,107,133,146,168,506,517,578
38,434,570
39,392,407,413
40,402,481,519,576,609,654
41,14,49,61,264,401,410,578,608,637
42,55,62,272
43,177,183,246,248,306,321,333,340,353,354,364,374,398,404,412,424,442,458,473,475,490,495,502,516,521,528,531,537,558,565,570,581,595,602,682
44,202,220,481,485,487,490,501,512,525,529,563,570,574,586,600,616,625,672
45,494,497,500,502,509,511,513,514,522,525,533,535,554,558,561,573,608,617
46,248,273,378,491,492,497,619,685,696
47,239,251,404,444,458,461,483,491,492,495,518,551,635,645
48,441,488,501,558,561
49,47,270,416,484,485,494,498,627
50,43,273,346
51,7,45
52,122,464
53,578,649,687
54,12,214,550
55,33,76,236,254,287,385,397,438
56,181,473,553,664
57,334,458,486,509
58,35,72,614,634
59,331,388,495,526,610,658
60,33,153,168,210,421,491,659
61,187,240,242,335
62,19,534,617
63,2,399,638
64,275,290,314,336,552,656,662
65,124,353,369,378
66,53,186,284,372,470
67,26,137,402,492,657
68,127,378,425
69,243,335,651
70,
71,
72,
73,
74,
75,
76,
77,
78,
79,
80,
81,
82,
83,
84,
85,
86,
87,
88,
89,
90,
91,
92,
93,
94,
95,
96,
97,
98,
