8
0,360
1,96,358,377,387,692
2,82,84,91,580,698
3,71,74,78,79,81,83,86,90,110,120,262,284,309,369,414,529
4,28,41,60,67,68,69,70,71,72,74,75,76,77,78,79,80,82,83,84,85,86,87,88,89,91,92,93,95,97,98,101,104,111,112,113,114,115,117,121,124,127,128,129,131,132,134,136,140,141,154,160,163,164,167,168,169,173,176,177,183,214,219,307,313,502,692
5,19,75,77,79,80,81,82,83,84,85,86,87,88,90,92,93,94,95,96,97,98,99,100,101,102,103,104,105,106,107,108,109,110,111,112,113,114,116,118,119,120,122,124,125,126,127,128,132,133,136,137,139,141,142,143,144,145,146,147,148,149,151,152,153,155,156,158,159,160,161,163,165,166,167,169,170,171,172,173,174,175,176,178,179,180,181,182,183,184,185,186,187,188,189,190,191,192,193,194,195,196,197,198,199,201,202,203,204,205,206,207,210,212,213,215,216,217,218,219,220,221,222,223,224,225,226,227,228,229,230,231,232,233,234,235,236,237,238,239,240,241,242,243,244,245,246,247,248,249,250,251,252,253,254,255,256,257,258,259,260,261,262,263,264,265,266,268,269,270,271,273,274,275,277,279,280,281,282,283,284,285,286,287,290,292,293,294,295,296,297,298,299,300,301,302,304,305,307,308,311,314,316,318,326,330,333,339,340,342,352,356,360,366,367,375,380,383,391,394,399,400,401,402,403,404,405,407,408,409,410,411,412,413,414,415,416,417,418,419,420,421,422,423,426,427,428,429,430,431,433,436,438,439,440,442,445,446,448,451,453,457,461,470,476,480,488,490,690
6,26,79,81,83,84,86,87,88,89,90,92,93,94,95,96,97,98,99,101,102,103,104,105,106,107,108,109,110,111,112,114,115,116,117,118,119,120,121,122,123,124,125,126,128,129,130,131,132,133,134,135,136,138,143,144,145,147,148,150,151,154,155,156,157,158,162,163,164,166,167,170,172,175,176,178,179,180,182,184,185,186,188,189,190,191,192,193,196,197,199,200,201,203,204,205,207,208,209,210,211,213,214,215,217,218,219,220,221,226,227,229,230,232,233,234,235,236,237,238,239,240,241,242,243,244,245,246,247,248,249,251,252,256,257,258,259,261,262,263,264,265,266,267,268,269,270,271,272,273,274,275,276,277,278,279,280,281,282,283,284,285,286,287,288,289,290,291,292,293,294,295,296,297,299,300,301,302,303,304,305,306,307,308,309,310,314,315,316,317,318,319,321,324,326,327,328,331,332,338,340,341,342,346,350,352,367,372,380,383,384,391,392,394,398,404,405,406,410,411,413,415,417,418,420,424,425,426,427,428,431,432,435,437,438,443,444,445,449,450,454,455,457,459,464,465,467,469,472,476,481,488,489,492,494,501,504,507,607,634
7,16,82,86,87,89,90,91,93,94,95,96,97,98,99,100,101,102,103,104,105,106,107,108,109,110,111,112,113,114,115,116,117,118,119,120,121,122,123,124,125,126,127,128,129,130,131,132,133,134,135,136,137,140,141,142,143,148,150,151,152,155,156,158,160,161,162,163,165,166,169,170,173,174,175,176,178,181,182,183,185,186,188,189,190,191,192,193,194,195,197,198,199,201,202,204,206,208,210,211,212,213,214,217,218,219,221,227,231,232,233,234,235,236,237,238,241,242,243,245,246,247,248,249,250,251,252,253,259,262,263,264,266,267,268,269,271,272,273,276,277,279,282,284,285,286,288,290,293,297,304,313,314,316,321,327,329,330,331,333,334,343,348,352,353,354,355,391,393,398,402,404,408,410,411,416,417,418,419,421,422,423,426,427,429,431,441,442,443,445,450,451,455,460,465,473,483,489,497,498,501,505,507,535,536,539,570,608,659
8,13,74,80,83,84,85,87,88,89,90,92,93,94,95,97,98,99,100,101,102,103,104,105,106,107,108,109,110,111,112,113,114,115,116,117,118,119,120,121,122,124,125,126,127,128,129,130,131,132,133,134,135,136,137,138,139,140,141,142,144,145,146,147,148,149,150,153,154,157,158,159,161,164,165,167,168,172,173,175,176,177,178,179,180,181,182,184,185,186,187,188,190,191,192,194,195,196,198,199,201,203,204,206,208,210,215,217,218,221,222,223,225,227,228,234,235,236,239,240,242,243,244,245,246,248,249,250,251,252,253,254,255,256,257,258,260,261,262,263,264,265,266,267,268,271,272,273,275,276,278,280,282,283,284,285,287,288,289,290,295,297,298,304,309,312,313,314,315,318,321,322,325,327,328,332,333,334,338,339,345,350,351,363,364,375,378,395,401,402,404,409,410,415,418,420,424,430,433,437,438,440,445,450,453,457,458,459,461,464,472,482,489,491,495,505,519,527,542
9,12,79,82,83,84,85,86,87,88,89,90,91,92,93,94,95,96,97,99,100,101,102,103,104,105,107,108,109,110,111,112,113,114,115,117,118,119,121,122,123,124,125,126,127,128,129,130,131,133,134,135,138,139,140,141,142,143,145,146,147,149,151,152,155,156,157,158,159,161,163,165,169,171,178,179,180,181,182,184,186,187,188,190,191,193,194,195,196,197,198,199,201,202,203,204,205,206,207,208,209,212,214,215,217,218,220,222,223,224,227,228,233,235,236,238,241,242,244,247,248,250,251,252,254,256,259,260,261,263,264,265,267,270,271,272,273,275,276,279,280,281,283,284,285,286,289,290,291,293,294,297,298,299,300,301,302,305,306,314,315,316,320,321,326,327,328,329,336,337,338,341,349,350,351,356,361,366,383,390,399,400,403,404,410,411,412,417,420,423,431,432,437,438,448,452,454,456,457,459,462,464,467,474,476,479,485,491,493,496,498,501,503,506,515,528,552,567,587,615
10,30,79,80,82,83,84,86,88,90,92,95,96,97,98,100,101,103,104,105,106,107,108,109,110,111,112,114,115,116,117,118,119,120,121,123,124,125,127,128,129,130,131,132,133,135,136,137,138,139,140,141,142,143,144,145,146,147,149,150,151,153,154,155,156,159,161,164,165,166,170,171,172,174,175,176,177,179,180,181,183,184,185,187,188,189,192,196,197,198,199,200,201,203,204,205,207,208,209,212,218,219,220,223,225,226,227,229,230,231,232,234,235,237,238,239,240,243,245,246,247,248,249,251,252,254,255,257,259,261,262,263,266,268,269,270,271,273,275,276,277,279,280,283,285,286,287,289,291,297,298,299,304,309,310,313,317,325,326,327,328,330,332,333,336,338,339,344,345,348,352,354,355,361,375,385,390,392,396,398,402,411,414,415,418,429,433,435,436,437,441,443,449,451,452,457,470,471,476,484,485,486,495,496,529,537,563,578,598,669,670,671
11,80,83,84,86,87,88,90,91,92,93,94,95,96,97,98,99,100,101,102,103,104,105,106,108,109,111,112,114,115,116,117,118,119,121,123,124,125,126,127,128,129,130,132,133,134,135,136,137,138,139,140,141,143,144,145,146,147,148,149,152,153,154,155,158,159,162,163,164,165,168,169,171,172,173,176,180,185,187,188,189,190,191,192,193,195,196,197,199,200,201,203,204,209,210,211,212,214,216,217,219,220,221,222,223,231,232,233,234,236,238,241,242,243,244,245,246,247,248,249,252,253,257,258,259,262,265,267,268,269,270,271,272,275,276,277,278,279,281,283,285,286,288,290,292,294,296,297,298,300,301,306,307,308,313,315,319,321,324,327,339,340,350,352,368,380,381,389,402,405,407,408,409,411,419,421,425,430,432,433,436,437,441,445,460,462,464,465,466,474,475,476,480,485,487,488,490,496,497,503,510,511,519,555,566,570,654,658
12,24,31,40,75,83,84,85,88,89,90,91,92,93,94,95,97,98,99,100,101,102,103,104,105,106,107,108,109,111,112,113,114,116,117,118,120,121,122,123,124,126,127,129,130,132,133,134,135,136,137,140,141,143,146,147,148,149,150,151,154,155,157,160,161,162,163,164,166,167,169,170,171,177,178,179,180,181,182,184,185,186,188,190,192,193,196,197,198,199,202,203,205,206,208,209,210,213,215,216,217,218,221,227,229,231,233,234,239,240,241,242,243,247,248,249,254,256,258,259,260,261,262,264,265,267,268,270,271,273,276,277,278,279,280,281,283,284,286,288,289,292,295,297,298,301,302,307,312,315,317,319,322,324,326,328,331,335,336,338,342,344,355,359,368,370,379,390,392,398,403,405,415,418,419,422,428,430,432,438,447,451,452,455,465,469,471,474,475,477,480,482,485,489,493,499,504,513,516,522,523,533,548,557,568,579,613
13,79,81,83,84,85,86,89,90,91,92,93,94,95,96,97,98,99,100,101,102,103,104,106,108,110,111,112,114,116,117,118,119,120,122,123,124,127,128,129,130,131,132,133,135,136,137,138,139,142,143,144,145,147,148,149,151,152,153,154,155,156,157,159,160,162,164,165,166,168,169,170,171,173,175,176,177,178,179,185,187,189,190,191,192,196,197,198,200,201,202,203,206,209,211,212,213,214,216,217,218,220,221,223,224,228,229,230,240,241,242,244,245,246,247,248,249,250,251,252,254,259,263,264,270,273,276,277,279,280,281,282,285,289,291,292,293,294,295,302,303,306,308,312,314,315,317,318,322,326,329,330,345,346,347,348,353,365,367,368,372,392,406,418,420,437,438,450,452,460,472,477,478,480,490,492,498,512,520,521,524,546,565,620
14,10,52,80,82,85,86,88,89,92,93,95,96,97,98,99,100,101,102,103,104,105,106,107,109,110,111,112,113,114,115,117,118,119,121,122,123,124,126,127,129,130,131,133,134,135,136,137,138,139,142,143,144,147,152,154,155,157,158,160,161,164,165,168,169,170,171,172,182,185,186,187,188,190,194,195,196,197,198,199,200,201,202,205,211,214,215,216,217,218,219,221,226,231,232,238,242,243,244,246,248,249,252,256,257,258,261,263,264,266,267,268,272,274,275,276,279,280,282,283,284,291,295,297,299,300,301,302,306,311,312,313,318,322,325,329,330,333,335,336,337,338,339,344,346,349,355,366,379,386,408,417,431,439,441,444,446,459,465,468,478,489,493,500,501,502,508,510,518,523,558,561,565,572
15,77,78,83,85,86,87,88,90,93,95,96,98,99,102,103,104,105,107,109,110,111,112,113,114,115,117,119,120,121,122,123,124,125,127,128,129,130,131,132,133,134,135,139,141,142,144,146,150,151,152,154,156,158,161,162,163,164,165,167,169,170,174,178,180,181,182,183,184,185,186,187,188,190,192,193,194,195,197,198,199,200,203,205,206,207,208,210,215,217,219,220,221,222,226,227,228,229,234,235,236,240,241,245,249,251,252,258,259,262,263,273,274,280,282,283,284,285,286,289,291,294,296,297,299,303,304,305,306,313,317,319,323,331,332,333,350,358,363,371,413,423,424,433,437,444,448,449,457,459,462,465,468,475,476,484,496,553,595,604,691
16,41,84,85,87,89,90,91,92,93,94,95,96,98,100,101,102,104,105,107,108,110,111,112,113,114,115,116,117,118,121,124,126,127,128,130,131,132,133,134,135,136,137,138,139,140,142,143,145,146,147,148,151,153,156,158,159,160,162,163,164,165,166,169,170,171,172,173,174,176,177,179,180,182,183,185,186,188,189,190,191,192,193,196,197,198,199,201,204,206,207,209,210,212,213,215,216,218,220,222,223,225,226,229,230,231,233,234,235,237,238,240,241,243,252,253,256,257,258,263,267,269,271,275,284,290,295,302,304,308,309,311,318,324,328,329,343,344,346,347,359,440,448,452,455,458,461,469,485,488,491,494,507,508,512,515,519,525,531,542,567,579,619
17,82,84,85,88,89,90,91,93,94,95,96,97,98,99,101,102,103,105,106,107,108,109,111,114,115,116,117,118,120,121,122,123,124,126,127,128,129,130,133,134,135,136,137,140,141,142,143,144,145,146,147,148,149,150,151,152,153,154,157,158,160,161,162,163,169,170,171,172,173,174,175,176,180,182,184,187,190,191,193,194,195,197,198,200,201,202,203,204,206,207,211,212,213,214,216,217,219,220,222,224,227,228,230,231,235,236,237,238,240,242,246,247,250,251,255,257,262,270,275,285,292,294,297,298,303,304,308,309,314,317,319,348,373,376,389,429,435,438,441,445,448,455,460,468,474,479,482,503,517,520,545,550,555,588,627,633
18,13,54,80,85,90,93,95,96,97,98,99,100,101,103,106,107,109,110,111,112,114,115,116,117,119,122,123,124,126,128,129,132,133,134,135,137,138,140,142,143,144,145,148,151,158,159,160,161,164,166,168,171,172,173,175,176,178,179,180,181,184,187,188,189,190,191,192,195,198,199,203,204,208,209,210,214,215,216,217,218,220,222,224,225,226,227,228,229,230,232,235,236,237,238,239,240,241,243,249,250,251,252,253,254,256,266,267,269,270,274,276,278,282,297,309,316,323,325,328,339,350,367,400,424,437,439,466,469,484,494,497,598
19,16,35,68,77,91,92,93,95,97,98,99,100,102,103,104,105,106,107,108,109,110,111,112,114,115,116,117,118,119,120,123,124,125,126,127,128,131,134,138,139,140,141,142,143,144,146,149,151,152,153,154,155,159,161,163,166,168,169,174,175,176,177,178,180,183,184,185,187,188,191,193,194,196,198,199,200,202,204,205,206,207,208,209,212,215,216,218,219,220,222,223,224,228,231,233,234,238,240,241,242,243,247,249,251,252,253,254,256,259,260,262,270,271,275,277,281,287,290,292,299,301,302,306,313,317,332,346,375,414,417,422,432,436,441,446,449,450,458,472,473,474,479,487,491,518,521,523,567,584,622
20,81,82,86,90,91,92,93,95,98,100,101,105,106,107,110,111,112,113,115,116,117,118,119,120,122,124,125,126,127,129,131,132,133,135,137,139,141,143,145,146,147,148,149,150,154,155,156,157,159,160,163,164,167,169,170,171,172,174,175,177,179,181,182,183,184,186,188,189,190,191,193,194,195,197,199,201,202,203,204,205,210,212,213,216,219,220,221,225,227,230,231,233,234,240,245,246,251,252,258,259,261,262,267,269,270,274,277,279,280,281,284,285,287,290,300,302,303,304,309,310,312,313,314,315,316,319,323,328,333,338,352,359,371,406,415,442,455,456,467,470,471,481,498,504,539,574,578,603,606,669
21,89,90,91,92,94,95,96,98,99,100,101,102,103,104,105,106,107,108,109,112,113,114,115,116,117,118,120,121,122,123,124,125,127,128,129,131,132,133,134,138,139,140,142,143,144,145,147,148,149,150,151,153,154,158,162,163,164,165,166,167,173,175,177,178,181,188,189,190,191,192,194,195,196,198,199,201,202,203,206,207,208,209,211,212,214,215,216,217,218,219,220,222,223,225,226,227,229,232,233,234,235,236,237,239,243,246,249,253,255,257,259,262,266,268,270,271,276,277,279,284,285,287,295,296,297,309,317,324,328,333,345,351,365,368,378,387,394,395,429,431,543,576,602
22,93,95,96,97,98,99,100,101,102,103,104,105,106,107,108,109,110,111,112,113,115,116,118,119,121,126,129,131,132,133,134,135,136,138,139,140,141,142,144,145,146,147,148,149,150,151,152,153,155,156,159,160,163,164,165,166,169,171,188,189,190,191,192,193,197,198,202,203,204,205,206,208,209,215,218,219,224,225,231,232,234,237,243,245,247,251,252,253,254,255,258,261,266,268,272,275,283,285,287,289,291,310,311,312,317,318,321,324,327,333,351,352,385,407,412,437,493,524,665,689
23,87,90,91,93,96,98,99,100,101,102,103,104,105,106,107,108,109,110,111,113,114,115,117,118,119,121,122,123,124,125,126,127,129,130,132,133,134,135,139,142,146,147,148,149,152,159,160,162,163,164,165,166,167,168,173,182,185,194,196,201,204,206,208,209,218,219,222,226,227,229,231,234,235,236,239,242,244,247,253,286,303,305,308,311,350,508,538,583,697
24,85,89,95,96,97,98,99,101,102,105,107,108,110,113,114,115,116,117,118,119,120,121,122,123,124,126,127,128,129,131,132,133,135,136,138,139,141,142,143,145,146,148,151,153,155,164,165,166,167,169,170,171,173,183,188,189,192,194,197,198,200,202,203,207,216,239,241,244,249,255,259,267,268,271,274,276,318,322,341,372,436,467,490,619,648
25,90,93,97,99,100,101,102,105,106,107,111,113,114,116,117,118,119,121,122,123,124,125,126,127,129,132,133,134,135,136,137,138,140,146,147,148,149,150,151,152,153,155,156,157,158,164,165,167,168,169,172,175,176,178,184,191,195,196,198,199,202,204,206,213,220,223,226,245,256,272,278,282,286,290,294,315,325,334,373,427,456,486,505,663
26,56,76,94,98,99,100,101,102,103,104,105,106,107,108,109,110,111,112,113,114,115,117,118,119,120,122,123,124,126,127,129,130,132,134,139,141,142,146,147,148,152,153,154,155,156,157,158,159,160,161,162,165,169,170,178,180,182,183,197,199,202,205,208,210,212,214,220,221,224,225,230,237,238,239,240,245,262,283,292,491,516,559
27,97,98,99,101,102,105,106,107,108,109,112,114,115,116,117,118,119,120,121,122,124,125,126,127,128,129,130,131,133,134,135,136,137,138,140,141,142,143,144,146,147,148,149,150,153,154,156,158,159,162,163,164,165,166,167,174,179,183,189,190,191,192,193,195,198,202,205,237,243,244,245,246,254,262,265,268,282,287,311,324,341,492,499,570
28,23,79,82,89,90,94,97,98,99,100,101,102,103,104,105,107,109,111,112,113,114,115,116,117,118,119,120,122,124,125,126,127,129,130,131,133,135,136,137,139,140,145,147,150,151,153,154,155,156,158,159,161,163,164,165,167,168,169,170,172,174,176,177,186,189,191,200,201,211,220,227,233,236,241,266,276,317,351,473,593,673,686
29,81,85,86,87,90,91,92,93,99,105,106,107,109,114,116,117,118,119,120,123,125,128,129,131,135,136,138,142,145,147,150,155,158,159,160,161,162,163,164,165,167,168,169,170,173,177,180,181,183,187,188,190,196,199,200,206,210,214,215,220,221,229,230,231,233,240,248,257,261,264,305,319,340,664,665,686
30,59,76,78,86,122,132,134,139,141,166,172,179,203,206,208,211,215,239,241,252,271,310,336,386
31,141,396,397,660
32,13,49,511,530,543
33,262,605
34,30,58
35,1,488,511,606
36,5,550,607,654
37,2,103,356,494,502,513,527,538,548,553,575
38,511,515,517,522,527,530,533,536,550,551,563,585,587,615,616
39,63,159,446,542,555,557,559,580,595,628,655
40,330,378,472,493,580,637
41,239,251,538,616
42,1,32,392
43,49,81,91,94,213,346,388,507
44,67,78
45,
46,
47,
48,
49,
50,
51,
52,
53,
54,
55,
56,
57,
58,
59,
60,
61,
62,
63,
64,
65,
66,
67,
68,
69,
70,
71,
72,
73,
74,
75,
76,
77,
78,
79,
80,
81,
82,
83,
84,
85,
86,
87,
88,
89,
90,
91,
92,
93,
94,
95,
96,
97,
98,
