13
0,378
1,271,652
2,4,143,270,293,330,382,512
3,5,80,165,436
4,3,40,78,79,82,83,106,137,142,148,238,300,369
5,9,36,48,62,66,70,74,75,76,77,78,79,80,82,83,85,86,88,92,96,105,162,208,258,264,392,438,477,484,491,492,495,499,500,507,509,590,656
6,41,63,66,68,69,70,72,73,74,75,76,77,78,79,80,81,82,83,84,85,86,87,88,89,90,91,92,93,94,95,96,98,99,100,101,102,104,105,106,107,108,109,110,111,115,116,117,118,119,120,123,126,129,130,131,137,144,146,147,194,268,497,557,586,688
7,5,60,69,70,71,72,73,74,75,76,77,78,79,80,81,82,83,84,85,86,87,88,89,90,91,92,93,94,95,96,97,98,99,100,101,102,103,104,105,106,107,108,109,110,111,112,113,114,115,116,118,119,120,121,122,123,124,125,126,127,128,129,130,131,132,133,134,135,136,137,138,139,140,141,142,143,144,145,146,147,148,149,150,151,152,153,154,155,156,157,158,159,160,161,162,163,164,165,166,167,168,169,170,171,172,173,174,177,179,181,183,185,186,187,188,189,190,191,192,193,194,195,196,197,198,199,200,201,202,203,204,205,207,208,209,210,211,212,217,221,242,289,329,488,607,666
8,42,63,64,65,67,68,69,72,73,74,75,76,77,78,79,80,81,82,83,84,85,86,87,88,89,90,91,92,93,94,95,96,97,98,99,100,101,102,103,104,105,106,107,108,109,110,111,112,113,114,115,116,117,118,119,120,121,122,123,124,125,126,127,128,129,130,131,132,133,135,136,137,138,139,140,142,143,144,145,146,147,148,149,150,151,152,153,154,155,157,158,159,160,162,163,164,165,167,168,169,170,171,172,173,174,175,176,177,178,179,180,181,182,183,184,185,186,187,188,189,190,191,192,193,194,195,196,197,198,199,200,201,202,203,204,205,206,207,208,209,210,211,212,213,214,215,216,217,218,219,220,221,222,223,224,225,226,227,228,229,230,231,232,233,234,235,236,237,238,239,240,241,242,243,244,245,246,247,248,249,250,251,252,253,254,255,256,257,258,259,260,262,263,264,265,266,267,268,269,270,271,272,273,274,275,276,277,278,280,281,282,283,284,285,287,288,289,292,293,294,295,299,300,301,302,303,304,307,308,310,311,312,315,318,319,321,322,323,327,328,330,337,341,342,346,347,352,353,356,357,358,360,361,365,368,376,377,455
9,57,59,60,62,63,64,65,66,67,68,69,70,71,72,73,74,75,76,77,78,79,80,81,82,83,84,85,86,87,88,89,90,91,93,94,95,96,97,98,99,101,102,103,104,105,106,107,108,109,110,111,112,113,114,115,116,117,118,119,120,121,122,123,124,125,126,127,128,129,130,131,132,133,134,135,136,137,139,140,141,142,143,144,145,146,147,148,149,150,151,152,153,154,157,158,159,160,161,163,164,165,166,167,168,169,170,171,172,173,174,175,176,177,178,179,180,181,182,183,184,185,186,187,188,189,190,191,192,193,194,195,196,197,198,200,201,202,204,205,206,207,208,210,211,212,213,215,216,217,218,219,220,221,222,223,224,226,227,228,229,230,231,232,233,234,235,236,237,238,239,241,242,243,244,245,246,247,248,249,250,251,252,253,254,255,256,257,258,259,260,261,262,264,265,266,267,268,269,270,271,272,273,274,275,276,277,278,279,280,281,283,284,285,286,287,290,291,292,293,294,295,296,297,298,299,300,302,303,304,306,315,316,317,318,319,321,322,323,324,325,326,327,328,331,338,339,342,343,344,345,349,351,353,355,357,358,359,360,362,363,365,369,370,371,375,381,382,383,384,387,388,389,399,408,412,418,438,439
10,46,48,49,60,61,62,63,64,65,66,67,68,69,71,73,74,75,76,78,79,81,82,83,85,86,87,88,90,91,94,96,97,99,100,101,105,106,107,108,109,110,111,112,114,115,117,118,119,120,121,123,124,125,126,128,129,130,132,133,136,138,140,141,142,144,145,146,147,148,149,152,154,156,157,158,161,165,166,171,172,176,177,178,179,183,185,186,187,190,192,193,196,198,199,200,202,204,205,206,208,209,211,212,214,215,216,217,221,222,223,224,225,227,228,229,230,232,233,234,235,236,239,241,245,251,252,254,255,256,258,259,260,262,264,266,267,270,273,275,276,278,280,281,286,287,289,290,291,292,293,294,295,299,300,302,303,304,305,306,307,309,310,311,312,314,315,317,318,319,322,324,326,329,332,333,335,337,341,342,343,345,351,352,354,358,360,361,364,385,393,436,651
11,19,45,54,65,71,73,76,78,94,97,106,108,112,119,121,122,124,125,127,134,138,145,152,157,166,167,202,229,243,245,246,247,248,276,312,338,342,346,365,411,516,621,649
12,47,65,67,77,78,81,85,98,124,219,446,622,662
13,9,41,57,58,60,61,62,63,64,65,66,67,68,69,70,72,73,75,77,78,79,83,84,85,87,88,89,92,96,99,100,102,106,107,108,109,112,119,123,127,289,305,494
14,21,54,57,59,60,61,62,63,65,67,68,69,70,71,72,73,74,75,76,77,78,79,80,81,82,85,86,87,88,89,90,91,94,95,97,98,99,100,101,103,104,105,106,107,109,110,112,116,117,121,122,123,125,126,128,132,133,135,160,161,164,177,181,182,184,193,195
15,51,57,60,61,62,64,65,66,67,68,70,71,72,73,74,75,76,77,78,79,80,81,82,83,84,85,86,87,88,89,91,92,93,94,96,97,98,100,101,102,108,110,111,112,113,114,115,116,118,120,123,125,126,127,128,130,134,135,136,138,140,141,142,144,145,146,147,150,151,153,155,156,157,165,167,168,171,173,178,186,191,194,195,197,212,214,218,242,247,268,325,336,363,644
16,22,39,55,56,59,60,61,63,64,65,66,67,68,69,70,71,72,73,74,75,76,77,78,79,80,81,82,83,84,85,86,87,88,89,90,91,93,95,96,97,98,99,100,101,103,104,105,106,107,108,109,110,111,112,114,115,116,117,118,119,121,123,125,126,127,128,130,133,134,135,136,137,139,140,142,146,147,152,154,155,157,158,159,160,162,163,164,165,167,168,169,170,171,175,176,178,179,180,181,182,183,184,185,187,188,189,191,192,194,196,200,211,212,213,215,216,219,249,255,289,323,347,355,361,395,397,416,497
17,43,52,55,63,64,65,66,67,68,69,70,71,72,73,74,75,76,77,78,79,80,81,83,84,85,87,88,89,90,91,92,93,94,95,96,97,98,99,100,101,102,103,104,106,107,108,109,110,111,113,114,115,116,117,118,119,120,121,122,123,124,125,126,127,128,129,130,131,132,133,134,135,137,138,139,140,141,142,143,144,145,146,147,150,153,154,155,157,158,160,161,162,163,164,165,166,167,168,169,170,171,172,174,175,176,177,178,179,180,181,182,183,184,185,186,187,188,189,190,191,192,194,195,196,197,199,200,201,203,204,207,208,212,213,214,216,218,220,221,222,224,225,226,227,228,229,230,232,234,236,237,238,241,242,243,244,245,246,247,249,250,251,252,254,256,259,262,264,265,267,268,269,270,271,272,273,274,276,277,278,284,285,287,290,291,292,296,298,301,306,308,315,321,322,331,336,339,344,346,358,366,372,385,391,407,529,532,559
18,52,58,61,65,67,68,69,72,77,78,80,82,83,84,85,86,87,89,90,91,92,93,94,95,96,97,98,99,100,101,102,104,105,106,107,109,110,111,112,113,114,116,117,118,119,120,121,122,123,124,125,126,127,128,129,130,132,133,134,135,136,137,139,140,141,142,143,144,146,147,148,149,152,153,156,158,159,160,161,162,164,166,167,169,170,172,173,174,175,176,178,179,180,181,182,183,184,185,187,188,189,190,192,193,194,195,196,197,198,199,200,202,203,204,205,206,207,208,209,210,212,213,215,216,217,218,220,221,222,223,224,225,226,227,228,229,230,231,232,234,235,236,237,238,239,240,241,242,243,244,245,246,247,248,249,250,251,252,253,254,255,256,257,258,259,260,261,262,263,264,265,266,267,268,269,270,271,272,273,274,275,276,277,278,279,280,281,282,284,286,288,289,290,291,292,294,295,296,297,299,300,301,302,303,304,305,306,307,308,311,313,314,315,316,317,318,319,320,321,322,323,324,325,328,329,330,331,332,333,335,336,338,343,344,346,347,348,349,351,352,353,354,357,358,361,362,365,368,369,371,373,374,377,379,380,385,388,392,397,399,405,407,419,423,438,439,482,517,624,632
19,56,67,69,70,72,73,75,76,78,80,81,82,83,84,85,86,87,88,89,90,91,92,93,94,95,96,97,98,99,100,101,102,103,104,105,106,107,108,109,110,111,112,113,114,115,116,117,118,122,123,124,125,129,130,131,132,133,134,135,136,137,138,139,140,143,144,145,146,148,150,151,155,156,157,158,159,162,163,164,165,166,169,173,174,175,178,180,182,185,187,188,189,191,192,193,195,196,197,198,199,200,201,202,203,205,206,207,208,209,210,212,214,216,217,218,221,222,224,227,229,230,231,232,233,236,237,240,241,242,243,244,245,246,247,248,249,251,252,253,255,256,257,258,259,260,261,262,263,264,265,266,267,268,269,270,271,272,273,274,275,277,278,279,280,281,282,283,284,285,286,287,288,289,290,291,293,294,295,296,297,298,300,301,302,303,304,306,307,308,309,311,312,313,314,315,317,318,319,320,321,322,323,324,325,326,327,328,330,331,332,334,335,336,337,338,339,340,341,342,344,345,347,348,349,350,351,352,353,354,355,356,359,360,361,363,364,365,366,367,368,370,371,372,373,374,375,378,381,385,389,391,395,398,400,404,408,410,415,416,417,421,425,431,433,443,462,481,503,506,670,681
20,72,73,74,75,76,78,80,81,82,83,84,85,86,88,89,91,93,94,96,97,98,99,100,101,102,104,105,107,108,109,110,112,114,115,118,119,121,123,124,125,127,129,130,131,133,134,135,136,139,142,143,145,146,147,148,149,151,154,155,158,161,162,163,167,173,174,175,176,177,180,181,182,184,185,189,191,192,193,195,198,201,204,206,211,212,213,215,219,223,224,225,229,232,233,236,241,245,246,247,249,254,257,258,260,261,263,264,266,267,268,270,271,272,273,274,277,278,279,280,281,282,283,284,286,287,288,289,290,291,292,294,295,296,297,298,299,300,301,302,303,304,305,306,307,308,309,311,312,313,314,315,317,318,320,322,324,326,328,329,330,332,333,334,337,339,340,341,342,343,345,347,349,352,353,355,357,359,360,361,364,367,368,369,370,374,377,378,382,383,386,387,389,390,393,395,396,397,399,403,405,409,411,412,429,431,433,434,437,441,444,465
21,73,74,76,77,78,79,81,82,83,84,85,86,88,89,90,91,92,94,95,96,101,103,104,105,107,108,109,110,111,113,117,118,119,120,121,122,123,127,128,130,131,132,135,137,138,140,141,143,145,146,147,148,149,150,154,156,157,158,166,169,171,173,174,175,180,181,182,184,185,188,190,191,194,195,197,198,202,205,207,209,213,215,216,218,219,220,225,228,230,231,234,236,237,239,245,246,248,249,250,251,257,261,262,264,265,267,271,273,274,276,284,285,286,288,291,292,293,294,296,298,300,301,302,304,306,307,308,310,311,312,314,316,317,318,319,321,325,326,328,331,333,334,338,339,340,342,343,344,347,348,349,350,351,352,355,356,358,359,360,361,362,367,368,371,372,375,377,378,379,382,384,387,390,397,401,410,411,418,420,422,424,438,439,454,464,466,471,497,566,584,646,698
22,52,61,71,72,74,75,76,77,81,82,83,84,87,88,89,90,91,92,93,96,97,98,100,103,105,107,108,109,110,112,113,115,117,118,119,120,121,122,123,124,126,127,129,132,133,135,137,138,144,145,148,149,150,152,159,160,161,162,164,167,169,171,176,177,186,187,188,189,190,191,192,194,196,198,199,201,203,206,208,215,222,229,234,237,239,241,252,261,264,266,267,268,272,273,280,281,283,286,289,291,293,295,296,297,301,302,304,306,307,309,310,311,312,313,314,316,317,320,322,323,325,326,327,329,330,331,335,336,337,339,340,342,343,347,348,349,351,354,357,358,359,360,362,369,370,371,372,374,375,390,393,394,400,402,404,407,408,410,411,412,421,424,429,432,435,438,466,467,480,489,490,515,524,655
23,37,68,73,75,78,80,81,83,84,85,86,87,88,89,90,91,93,94,95,96,97,100,103,104,105,108,109,111,112,113,114,115,116,117,118,119,120,121,122,123,125,126,127,129,133,135,140,142,144,145,146,147,150,151,155,156,161,163,164,166,176,178,182,183,185,186,189,194,195,196,198,204,208,209,211,212,213,214,217,219,220,221,222,223,228,229,234,238,242,243,245,250,255,256,257,262,265,270,271,272,273,274,276,278,283,284,286,289,290,292,293,295,296,297,298,299,303,308,310,312,313,314,316,318,319,321,322,323,324,326,327,329,331,332,336,338,339,342,344,346,349,350,351,352,354,355,358,359,360,361,362,364,367,369,374,375,376,381,383,386,391,392,409,410,414,423,426,432,433,436,446,453,461,479,499,504,514,528,630
24,62,64,76,80,81,82,83,84,85,86,87,88,89,90,92,93,94,97,99,100,102,104,105,106,107,108,109,110,111,112,113,114,115,116,119,120,121,122,123,124,126,127,128,130,134,137,142,144,148,149,150,161,170,175,176,179,180,184,186,187,191,195,200,201,203,204,207,208,209,210,212,214,215,221,223,224,225,226,228,230,231,232,234,238,239,243,244,245,249,257,258,259,260,261,264,265,266,271,274,279,280,282,284,287,292,293,295,297,298,300,302,305,306,311,312,317,320,321,323,324,325,327,328,329,331,332,339,342,343,348,350,351,352,354,355,356,359,360,363,365,371,373,375,379,400,402,408,412,418,440,441,469,475,491,509,536,571
25,74,75,77,78,79,83,86,87,89,91,94,95,97,98,100,101,102,103,104,105,106,107,108,111,112,115,119,120,121,123,124,125,126,127,128,129,131,134,135,136,137,139,140,143,145,146,150,153,155,156,157,161,162,163,164,165,168,171,174,175,176,179,182,186,187,190,195,200,201,205,207,210,211,213,217,219,220,223,226,231,234,236,239,245,249,251,252,254,256,258,260,266,268,269,270,279,281,287,289,293,295,296,297,309,314,317,318,319,320,321,322,323,324,325,326,327,328,334,337,338,342,343,344,345,355,358,364,366,367,370,376,377,378,380,385,387,388,392,394,395,396,397,412,417,421,436,448,452,453,463,487,502,510,524
26,71,73,74,75,76,77,78,79,80,83,84,85,86,87,88,89,92,94,96,97,99,100,101,104,105,108,109,112,115,116,118,119,120,121,123,126,127,129,131,132,133,134,137,138,142,144,149,154,158,160,170,173,175,179,183,186,187,188,190,191,193,196,197,198,199,202,207,211,214,220,221,226,228,229,240,245,247,250,260,263,265,267,268,270,272,273,275,278,283,284,286,288,289,290,292,293,294,295,299,300,301,302,304,306,307,308,311,315,318,319,320,322,323,324,325,329,330,333,338,343,345,348,351,354,357,360,364,365,393,395,397,401,406,409,412,419,424,433,440,449,481,484,553
27,57,69,71,73,76,77,78,79,80,81,82,84,88,89,90,92,93,94,96,100,101,103,109,110,111,112,114,116,117,118,119,120,124,126,127,128,131,132,133,134,138,141,146,148,150,151,154,157,158,162,168,170,180,183,187,191,193,220,224,232,238,239,244,250,252,256,258,259,271,272,286,287,288,289,293,299,300,303,305,306,308,309,311,318,321,325,327,329,330,333,334,342,343,345,347,351,353,356,362,363,364,371,382,386,388,390,391,392,400,402,403,407,415,417,433,442,444,458,564
28,65,67,68,74,76,77,79,82,83,84,88,89,93,94,95,96,101,102,103,105,106,107,108,109,111,113,114,118,119,120,123,125,126,127,129,131,138,139,140,141,143,147,153,154,158,162,175,181,182,183,185,186,192,199,200,202,206,214,216,221,225,231,234,236,237,238,239,249,253,254,262,266,268,269,273,274,275,279,280,281,282,287,288,290,291,292,293,294,297,298,302,312,315,316,318,320,321,324,327,329,332,333,334,335,336,340,343,347,348,349,352,353,354,355,356,360,361,369,373,376,377,378,395,401,418,422,423,437,460,474,491,518
29,67,71,72,73,74,76,78,79,80,81,83,84,85,86,88,91,92,93,94,95,96,97,98,99,101,102,103,105,106,107,108,110,111,117,121,123,128,129,132,133,134,136,137,138,139,140,141,142,144,146,147,154,159,165,169,172,176,178,181,183,184,186,187,191,197,200,203,207,208,211,230,236,238,241,249,252,253,266,269,271,272,276,277,279,282,283,286,290,293,294,297,298,299,301,303,304,305,307,314,316,320,326,328,333,336,339,342,344,355,356,363,364,365,367,370,371,374,378,384,385,414,424,426,439,447,450,452,495,643
30,16,28,70,72,76,79,80,81,83,84,85,86,87,92,93,96,97,100,104,105,109,110,111,113,115,118,120,121,126,127,128,129,130,132,133,136,140,146,151,153,154,155,158,160,162,163,167,168,169,176,179,181,188,190,191,197,200,205,208,218,226,229,234,241,242,243,244,248,251,256,261,264,265,267,271,272,275,278,280,286,291,292,294,309,312,314,315,316,320,321,324,326,327,328,330,331,332,333,335,336,344,345,347,352,364,365,367,376,377,378,384,389,390,400,409,422,427,430,440,462
31,71,73,76,78,81,82,83,84,85,87,88,89,90,91,92,93,94,95,97,98,99,100,101,102,104,106,107,110,111,112,113,114,117,118,119,120,121,122,124,127,128,130,133,134,135,143,145,146,148,149,150,153,154,156,157,161,168,172,173,178,179,180,188,189,193,194,195,197,200,203,204,208,214,218,226,227,231,232,233,240,243,244,245,248,251,254,257,258,260,262,264,267,269,274,276,277,283,287,289,290,291,293,294,317,319,322,323,324,325,329,330,350,354,355,360,361,363,368,369,370,372,376,378,382,384,392,399,400,401,402,405,420,424,452,460,505,671
32,70,72,75,76,79,80,83,85,86,87,89,90,92,93,95,96,99,101,103,104,105,108,110,114,115,116,117,121,123,125,127,128,130,131,132,133,134,135,137,141,144,145,149,153,157,163,168,170,171,175,176,179,180,181,183,192,193,195,196,197,199,202,203,210,214,216,221,237,242,243,244,250,252,256,262,263,265,266,268,270,272,274,276,277,278,280,281,290,296,302,305,309,310,312,314,322,325,339,340,342,351,354,358,367,370,372,373,375,383,384,386,391,393,400,401,405,408,411,420,430,431,443,471,490,496,626
33,59,66,72,74,77,78,79,80,82,84,87,88,89,91,92,93,94,95,99,102,103,104,105,106,107,109,110,111,112,113,114,115,118,120,123,125,126,127,128,130,133,136,142,146,152,156,166,173,175,176,177,180,183,184,186,188,191,194,200,206,209,215,216,217,222,223,226,235,238,239,245,249,250,251,256,260,261,263,268,269,270,274,275,276,282,285,287,291,292,294,298,299,300,302,305,307,310,313,314,328,337,339,340,345,368,372,376,377,380,382,391,397,398,401,432,433,456,503,509,514
34,69,71,73,74,75,76,77,79,80,82,83,84,85,87,89,90,91,92,94,95,96,97,98,100,102,103,105,106,108,109,112,113,115,116,118,119,120,121,122,123,124,126,128,129,131,134,135,136,137,138,139,140,141,142,143,146,147,148,149,151,156,158,160,165,169,180,183,187,188,193,196,197,198,201,203,204,206,210,216,220,221,229,230,234,237,239,247,255,257,258,259,260,261,263,264,268,272,273,274,276,278,284,288,289,292,296,297,299,301,302,303,306,307,308,312,319,327,330,336,350,360,371,372,375,377,385,387,405,408,410,411,423,427,440,451,455,465,473
35,7,20,71,73,76,79,80,82,83,84,86,87,88,89,90,91,92,94,95,96,97,98,99,100,102,103,104,105,106,107,108,109,110,111,113,114,116,117,118,120,121,122,123,124,126,127,129,130,132,133,134,135,136,137,138,139,140,142,144,147,153,157,158,159,160,161,164,171,172,173,178,181,183,185,186,190,191,192,193,202,205,207,215,216,221,224,228,231,233,234,236,238,239,240,242,243,244,245,246,252,253,254,260,265,271,275,278,279,282,283,284,287,291,292,293,312,323,334,338,362,373,378,379,383,387,398,401,413,417,426,427,499,615
36,71,73,75,76,77,78,79,80,81,82,85,86,87,88,89,90,91,92,93,94,95,96,97,98,102,103,104,106,108,109,111,113,114,115,117,118,119,120,121,122,123,124,125,126,128,129,133,135,136,140,141,142,143,145,146,147,148,149,150,151,152,153,154,155,158,159,161,162,163,165,166,168,171,174,175,176,180,182,189,190,191,192,193,195,196,198,200,201,202,203,205,206,209,212,214,216,217,221,230,233,234,236,242,244,253,255,256,258,259,261,262,265,268,270,275,280,283,284,302,310,312,315,318,326,332,338,353,362,373,377,391,392,406,414,434,438,453,630
37,20,67,68,73,74,77,78,79,80,81,82,83,84,85,87,90,91,93,94,95,97,99,100,104,106,108,109,110,111,112,113,114,115,118,119,120,123,124,125,126,127,128,129,132,133,134,135,137,138,140,141,142,143,144,145,147,148,151,152,154,155,157,158,159,160,161,162,166,168,173,176,182,183,185,186,189,190,192,194,196,197,199,200,202,204,205,208,210,213,216,217,222,223,225,228,229,231,232,233,234,236,239,240,243,244,248,249,251,252,255,256,261,262,264,265,268,272,274,275,285,290,297,300,309,313,315,325,336,349,354,367,374,385,386,391,393,394,397,421,426,430,432,441,454,491
38,66,69,71,73,74,79,81,83,86,87,88,90,91,92,93,94,95,96,97,99,100,101,102,103,104,105,107,108,110,111,113,114,115,118,119,120,122,123,124,125,126,127,128,129,130,131,132,133,134,136,137,138,139,141,142,143,144,145,146,147,150,151,155,158,162,163,164,165,167,170,171,172,174,176,177,180,181,183,185,188,191,193,194,195,196,197,198,200,203,204,205,209,211,214,215,217,220,221,223,224,225,226,227,232,234,235,237,241,242,243,246,247,248,249,253,254,255,256,258,260,261,266,269,271,275,276,279,284,285,286,289,292,294,298,301,321,329,349,361,383,391,433,435,441,473,498,588,589,606,672
39,26,56,65,66,69,73,77,78,79,80,81,82,84,85,86,87,88,89,90,91,92,93,94,95,96,97,99,100,101,103,105,106,107,108,109,111,112,114,115,117,120,122,123,124,125,126,127,128,129,130,131,132,133,134,135,136,138,140,141,142,143,145,147,148,149,150,151,152,153,154,155,158,159,160,161,162,163,166,167,168,169,171,172,173,175,176,181,182,187,188,189,190,193,196,197,198,202,205,207,208,211,214,216,217,220,225,226,227,228,230,231,233,234,236,237,238,242,244,246,247,248,250,252,253,254,255,259,261,264,269,270,271,272,279,280,281,284,299,306,310,318,324,344,363,372,375,376,424,436,529
40,8,65,70,72,74,75,76,77,78,80,81,83,84,85,86,87,89,91,92,93,94,95,96,97,98,99,100,101,102,103,104,105,107,108,109,110,112,114,115,117,119,120,121,122,125,126,127,128,129,130,131,132,133,134,135,136,137,138,139,140,141,143,144,145,147,148,149,150,151,152,153,154,156,160,161,162,165,166,167,169,173,174,177,180,181,182,183,184,186,187,188,189,191,192,193,197,198,200,201,204,205,207,208,211,212,213,214,218,220,223,225,226,229,230,231,237,238,239,240,241,242,243,244,245,247,248,249,251,254,256,257,259,261,263,266,267,270,273,275,277,282,286,292,294,296,299,302,303,307,311,316,320,321,322,323,324,325,327,328,391,402,403,417,442,447,467,494,544,644
41,65,67,73,75,76,77,78,80,81,82,83,84,85,86,87,89,90,91,92,93,94,95,96,98,100,101,102,105,107,108,109,111,112,113,114,115,116,117,118,119,120,122,123,124,125,126,127,128,130,131,132,134,136,137,138,139,140,143,144,145,146,147,148,150,152,153,154,155,159,160,167,171,172,173,174,175,178,179,180,183,187,188,193,196,197,198,199,201,202,203,204,205,206,207,209,213,214,216,220,222,224,225,227,229,231,232,233,235,236,237,239,240,241,244,246,248,252,254,255,257,261,264,265,270,272,279,280,282,285,287,290,293,295,297,298,299,302,304,307,309,315,321,326,328,331,335,336,343,345,346,347,351,370,390,391,398,412,432,438,447,448,456,461,469,502,571
42,75,79,80,81,82,83,84,85,86,87,88,90,91,92,93,94,96,98,100,101,102,103,104,106,107,108,110,111,112,113,114,116,117,118,119,122,123,124,125,126,129,130,131,133,135,136,137,138,140,143,144,145,148,150,151,153,155,156,157,159,160,161,162,163,166,170,175,178,180,181,182,185,186,187,189,190,192,193,196,197,198,199,200,204,205,206,208,210,212,214,218,220,225,227,228,230,232,233,235,237,241,244,245,246,249,252,253,256,259,262,268,271,273,281,284,285,286,289,294,299,304,323,344,357,363,364,366,388,414,425,426,428,442,443,446,455,520,582,596
43,72,75,76,77,81,82,83,84,85,86,88,89,90,91,92,94,95,97,99,100,101,102,105,107,108,109,110,111,112,113,114,116,118,119,124,125,128,130,131,133,134,135,136,137,138,140,141,142,143,144,145,148,152,154,157,158,159,160,163,165,172,174,177,178,180,184,185,186,190,193,194,195,196,197,198,199,201,202,204,205,208,209,210,211,217,220,221,222,223,224,226,227,228,229,230,234,236,237,240,243,245,246,253,254,256,257,258,263,265,267,272,276,282,301,302,303,311,316,317,321,343,346,390,399,404,416,432,489,659,662,679
44,71,76,78,80,81,82,84,85,87,88,89,90,91,92,93,94,95,96,97,99,100,101,102,103,104,106,108,109,110,112,113,114,115,116,117,118,119,120,121,122,123,124,125,127,128,129,131,134,135,136,137,138,139,140,142,144,145,148,154,155,156,157,159,160,161,162,163,164,166,168,170,172,173,176,178,180,181,182,186,187,188,189,190,191,192,195,197,200,201,204,206,207,209,211,214,215,217,218,219,225,226,230,233,234,235,236,240,244,245,248,251,253,262,266,268,273,276,277,280,282,295,305,313,323,334,348,400,401,403,408,412,431,440,460,466,483,640
45,69,70,74,78,79,80,81,83,84,86,87,88,89,90,91,92,94,95,96,97,99,100,102,103,104,106,108,109,110,112,113,115,116,117,118,119,121,122,123,124,126,127,128,129,130,131,132,133,134,135,136,137,138,141,143,145,146,147,148,151,153,154,158,159,160,161,162,166,167,168,170,173,174,175,181,182,183,185,186,187,190,193,194,195,199,200,204,205,206,207,208,210,211,214,216,217,220,221,223,226,233,234,239,241,242,246,250,251,256,258,260,263,264,266,267,271,274,281,284,306,327,335,343,361,396,402,409,464,473,487
46,52,65,74,75,77,78,79,80,81,82,83,84,85,86,87,88,90,91,92,93,94,95,96,97,98,99,101,102,103,104,106,107,108,109,110,112,113,114,115,116,117,118,119,120,121,122,123,124,125,126,127,128,129,130,132,133,135,137,138,139,141,142,144,145,146,147,150,152,153,154,155,156,159,161,165,168,169,170,171,174,176,179,180,181,182,183,185,190,191,193,195,197,200,202,203,205,206,209,210,213,214,215,216,219,220,221,222,225,226,227,228,233,234,237,240,243,245,248,262,263,270,271,272,274,287,329,330,335,357,374,427,447,448,460,471,579,646
47,67,71,78,80,81,82,83,84,85,86,87,88,89,90,92,94,96,98,99,100,101,102,103,104,105,107,108,110,111,112,113,114,115,116,117,118,119,120,121,122,123,124,125,126,127,128,129,130,131,132,133,134,135,136,137,138,139,141,143,144,147,148,152,153,156,157,161,162,164,166,167,169,170,176,177,178,179,180,183,186,189,190,191,193,195,196,197,200,202,203,204,205,206,207,208,209,210,213,215,216,218,219,220,222,223,224,225,226,227,233,238,239,240,241,244,245,247,248,249,251,253,257,264,265,266,268,272,273,300,311,317,318,319,323,342,417,441,443,451,539,554,562
48,34,61,63,68,72,76,78,82,83,84,85,87,88,89,91,92,93,95,96,98,99,100,101,102,103,104,105,107,108,109,110,111,112,115,116,119,120,122,123,124,125,126,129,131,132,133,134,135,137,139,140,141,142,146,147,150,151,153,154,155,156,158,161,164,172,174,175,176,177,179,180,181,182,186,187,188,189,190,192,193,196,198,199,202,203,204,209,213,214,215,216,218,219,220,222,223,224,225,228,230,231,233,235,236,237,238,241,245,246,249,251,254,255,257,259,264,266,287,312,370,416,448,451,461,469,490,526,528,631
49,72,76,78,79,81,83,84,85,86,87,88,89,90,91,93,94,96,97,98,99,100,101,103,104,106,107,108,109,110,111,112,115,116,118,119,121,122,123,124,125,126,127,129,130,131,132,133,134,135,136,137,140,142,143,144,146,148,149,153,154,155,156,157,159,162,164,165,166,167,168,171,172,173,174,177,182,184,186,187,191,192,193,194,195,197,202,204,205,206,208,210,211,213,214,215,216,217,218,219,222,224,225,233,235,237,238,248,259,260,261,263,281,287,288,296,308,324,397,400,415
50,21,76,77,78,80,81,83,84,85,86,88,89,90,91,92,93,94,97,99,100,102,103,104,105,106,107,108,110,111,112,113,116,118,119,120,121,122,123,125,128,131,133,134,135,136,137,138,142,146,148,149,150,152,154,159,161,172,173,174,175,176,178,180,181,182,185,186,187,192,193,194,202,204,205,207,208,209,210,211,216,220,224,226,230,231,237,241,244,248,252,258,262,264,265,274,275,277,278,282,287,288,291,294,297,300,310,311,315,322,336,414,454,485,499,506
51,68,73,74,75,76,78,82,83,85,86,87,88,89,90,91,93,94,95,96,97,98,101,103,105,106,107,109,110,111,112,114,115,116,120,121,123,125,126,127,128,131,132,135,138,140,141,142,143,144,145,146,147,148,150,155,156,157,158,159,162,187,189,190,192,195,198,199,200,203,206,207,208,209,210,211,212,213,214,220,222,226,227,229,230,231,232,240,241,243,245,250,252,255,268,270,280,285,291,311,312,313,332,336,337,338,363,556
52,71,73,80,83,84,85,86,88,91,92,94,95,97,101,102,103,107,108,109,111,112,113,114,116,117,118,119,121,122,123,124,126,127,128,129,131,132,133,134,136,138,144,146,147,148,151,153,157,158,161,162,167,168,172,191,194,197,203,206,208,210,213,217,220,221,226,228,229,231,234,238,246,247,250,258,266,277,282,333,344,369,443,622
53,9,72,77,80,81,85,94,102,105,106,107,114,115,117,120,121,124,127,128,130,132,133,137,138,140,141,144,145,146,147,148,152,154,164,179,182,191,202,203,205,211,214,218,222,228,229,233,262,270,273,397
54,31,81,86,92,93,95,107,114,117,123,134,138,142,144,173,201,237,558,561
55,102,357,367,560,572
56,47,100,151,492,572
57,
58,578
59,45,323,491,506,615,621,640,666,687,693
60,35,47,531,607,612
61,16,223,379,582
62,136,156,432,494
63,417,612
64,39,80,481
65,13
66,
67,
68,
69,
70,
71,
72,
73,
74,
75,
76,
77,
78,
79,
80,
81,
82,
83,
84,
85,
86,
87,
88,
89,
90,
91,
92,
93,
94,
95,
96,
97,
98,
