6
0,451
1,119,323,338,389,671
2,40,103,256,452,518,627
3,26,148,245,250,359,463
4,124,248,283,333,548,599,621
5,35,110,156,263,521,541,554,557,559,563,564,565,566,567,571,575,576,578,579,580,601,623,651
6,13,61,96,235,302,418,549,553,555,557,558,559,560,561,562,563,564,565,566,568,569,571,572,573,575,577,579,581,582,583,585,586,587,589,590,591,593,594,596,597,599,600,601,608,615,617,618,622,624,628,634,635,637,638,639,644,662,664
7,192,218,254,312,443,584,595,600,605,611,616,622,635
8,172,204,284,341,528,536,537,538,553,582,593,595,598,602,611,612,614,619,626,627,635,645,646,651,659,671
9,49,56,243,305,322,542,543,546,547,555,556,557,558,561,564,565,566,572,573,574,575,580,582,583,585,586,587,594,603,606,612,614,615,620,623,624,627,630,631,635,642,647,664,668,669,671,691
10,77,286,444,455,524,544,547,548,550,553,554,559,561,563,567,568,570,572,581,585,586,588,589,590,592,595,596,599,600,604,605,607,609,610,611,613,614,626,629,632,635,641,643,647,652,667,678
11,65,129,207,227,359,396,548,551,554,564,578,579,581,584,589,591,594,599,600,611,612,632,636,637,667
12,60,180,190,224,422,437,491,543,546,549,552,556,558,562,577,585,596,606,608,620,621,647
13,1,21,31,204,308,456,513,520,524,535,536,538,541,570,591,592,601,602,617,632,642,664
14,88,94,125,157,317,341,352,360,528,532,569,570,573,577,585,593
15,13,70,84,85,88,90,92,94,95,96,100,101,103,105,107,110,414,426
16,53,65,72,73,79,80,81,82,83,84,85,86,87,88,89,90,91,92,93,94,95,96,97,98,99,100,101,102,103,104,105,106,107,108,109,110,111,112,113,114,115,116,117,118,119,120,121,122,123,124,125,127,128,129,130,131,338,348,354
17,53,69,74,75,81,83,84,85,86,87,88,89,90,91,92,93,94,95,96,97,98,99,100,101,102,103,104,105,106,107,108,109,110,111,112,113,114,115,116,117,118,119,120,121,122,123,124,125,126,127,128,129,130,131,132,133,134,135,136,137,138,139,140,141,142,143,144,145,146,147,148,149,150,151,152,153,154,155,156,157,158,159,160,161,162,163,164,165,166,168,169,170,171,172,173,174,175,176,177,178,179,180,181,182,183,184,185,186,187,188,189,190,191,192,193,194,195,196,197,198,199,200,201,202,203,204,205,206,207,208,209,212,265,328,367
18,15,90,93,94,95,96,97,98,99,100,102,103,104,105,106,107,108,109,110,111,112,113,114,115,116,117,118,119,120,121,122,123,124,125,126,127,128,129,130,131,132,133,134,135,136,137,138,139,140,141,142,143,144,145,146,147,148,149,150,151,152,153,154,155,156,157,158,159,160,161,162,163,164,165,166,167,168,169,170,171,172,173,174,175,176,177,178,179,180,181,182,183,184,185,186,187,188,189,190,191,192,193,194,195,196,197,198,199,200,201,202,203,204,205,206,207,208,209,210,211,212,213,214,215,216,217,218,219,220,221,222,223,224,225,226,227,228,229,230,231,232,233,234,235,236,237,238,239,240,241,242,243,244,245,246,247,248,249,250,251,252,253,254,255,256,257,258,259,260,261,262,263,264,265,266,267,268,269,270,271,272,273,274,275,276,277,278,279,280,281,282,283,284,285,286,287,288,289,290,291,292,293,294,295,296,297,298,299,300,301,302,303,304,305,306,307,308,309,310,311,312,313,314,316,317,318,319,321,322,323,324,325,327,328,329,330,331,332,333,334,335,337,340,342,343,345,347,350,354,355,359,361,363,370,371,372,373,378,383,385,387,395,396,399,400,417,432,433,449,457,469,489,699
19,88,90,91,92,93,94,95,96,97,98,99,100,101,102,103,105,106,107,108,109,110,111,112,113,114,115,116,117,118,119,121,122,123,124,125,126,127,128,129,130,131,132,133,134,135,136,137,138,139,140,142,144,145,146,147,148,149,151,152,153,154,155,156,157,158,161,162,163,164,165,168,169,170,171,172,173,174,175,176,177,178,179,180,181,182,184,185,186,187,188,189,190,191,192,193,194,195,196,197,198,199,200,201,202,203,204,205,206,207,208,209,210,211,212,213,214,215,216,217,218,219,220,221,222,223,224,225,226,227,228,229,230,231,232,233,234,235,236,237,238,239,240,241,242,243,244,245,246,247,248,249,250,251,252,253,254,255,256,257,258,259,260,261,262,263,264,265,266,267,268,269,270,271,272,273,274,275,276,277,278,279,280,281,282,283,284,285,287,288,289,290,291,292,293,294,295,296,297,298,299,300,301,302,303,304,305,306,307,308,309,310,311,312,313,314,315,316,318,319,320,321,323,324,325,326,327,328,329,331,333,334,335,336,337,338,339,340,342,343,344,345,346,347,348,349,351,352,353,354,355,356,357,358,359,361,362,364,365,366,368,369,372,373,374,375,376,377,378,379,380,381,383,385,386,387,388,389,390,391,396,397,401,403,405,407,408,409,410,412,413,414,420,425,428,429,430,432,434,437,438,439,441,442,448,450,458,460,487,509
20,87,89,91,93,94,95,96,97,98,99,100,101,102,104,105,106,107,108,109,110,111,112,113,114,115,116,117,118,119,120,121,122,123,124,125,126,127,128,129,130,131,132,133,134,135,136,137,138,139,140,141,142,143,144,146,147,148,149,150,151,152,153,154,155,156,157,158,159,160,162,163,164,165,166,167,169,170,171,172,176,177,178,179,180,181,182,183,184,185,186,187,188,189,190,191,192,193,195,196,197,199,200,201,202,203,204,205,206,207,208,209,210,211,212,213,214,215,216,217,218,219,220,221,223,224,225,226,227,228,229,230,232,233,234,235,236,237,238,239,240,241,242,243,244,245,246,247,248,249,250,251,252,254,255,256,257,258,259,260,261,262,263,265,266,267,268,269,270,271,272,274,275,276,277,279,280,281,282,283,284,286,287,288,289,290,292,293,295,296,298,299,300,301,302,304,305,306,307,308,309,310,311,313,316,317,318,320,322,323,325,328,330,332,335,336,337,339,340,341,342,343,345,348,350,351,354,355,358,359,360,361,362,364,368,369,370,375,380,382,387,392,394,398,400,415,416,421,429,430,440,454,480,487,491,500,519,521,553,576
21,72,76,92,93,95,96,97,98,99,101,102,103,104,105,106,107,108,109,110,111,112,113,115,117,118,119,120,121,122,123,124,125,126,127,128,129,130,131,132,133,134,135,136,137,138,140,141,142,143,144,145,146,147,148,151,152,153,155,156,157,158,159,161,163,164,165,166,167,169,170,171,172,173,174,176,177,178,180,181,182,183,185,186,187,188,190,191,192,193,194,195,196,197,198,199,200,201,202,203,204,205,206,207,208,209,210,211,212,213,217,218,219,220,221,223,224,225,227,228,231,233,234,235,236,237,239,240,241,242,244,245,246,247,248,249,251,252,253,254,255,256,257,259,260,261,262,263,264,265,266,267,268,269,270,271,272,273,274,275,277,278,279,280,281,282,284,286,287,288,289,290,291,292,294,295,297,298,299,300,301,302,303,304,305,307,308,309,310,312,313,314,320,321,322,324,325,326,327,330,331,332,333,334,336,337,338,339,340,341,345,349,351,352,353,355,356,357,361,362,365,367,368,373,374,376,379,384,385,388,389,393,394,396,397,399,401,405,406,410,413,419,432,437,449,453,457,460,467,478,480,490,491,512,514,563
22,31,74,82,87,88,92,95,96,97,100,101,102,103,105,106,107,108,109,110,111,113,114,115,117,118,119,120,121,123,124,125,127,128,129,130,132,133,134,135,136,137,139,140,141,142,143,144,145,146,147,148,149,151,152,153,154,155,157,159,160,162,163,164,165,166,167,168,169,171,172,173,174,175,176,177,178,179,180,182,183,184,185,187,191,192,193,194,195,196,197,198,199,200,201,202,204,205,206,207,208,209,210,211,214,215,216,218,219,220,221,222,223,224,227,228,229,230,231,232,233,234,235,236,237,238,241,242,243,244,245,246,247,248,250,251,252,253,254,255,256,257,259,260,262,263,264,265,266,267,268,269,270,272,274,275,276,277,279,281,282,284,288,290,292,293,294,296,298,299,300,301,302,304,305,306,308,309,311,312,316,317,321,324,325,327,328,329,332,333,334,335,337,338,341,345,348,351,352,354,363,365,371,372,373,376,383,385,392,399,401,403,404,410,414,423,424,425,434,436,439,440,443,454,459,470,483,488,489,490
23,18,79,95,97,101,102,103,104,107,108,109,110,111,112,113,114,115,116,117,118,119,120,121,122,123,124,125,126,127,128,129,131,132,133,134,135,136,137,138,139,140,141,142,143,144,145,146,147,149,150,151,152,153,155,156,157,158,159,160,161,162,163,165,166,167,168,170,171,173,174,177,179,180,181,182,183,185,186,189,193,194,198,200,201,202,203,205,207,208,209,210,211,212,213,215,216,217,218,219,220,221,222,224,225,226,227,228,230,231,232,233,234,235,236,237,238,239,240,241,242,243,244,246,247,248,249,250,252,253,254,256,258,259,260,261,262,264,265,268,270,272,274,276,277,278,279,280,281,282,283,284,285,286,288,289,290,291,293,294,295,296,297,298,302,304,305,306,307,308,309,310,311,312,313,314,316,317,318,319,320,321,322,323,326,327,328,329,330,333,334,335,337,340,341,348,350,363,364,370,373,374,378,379,381,388,391,395,406,408,419,424,435,439,445,451,452,482,492,513,518
24,13,74,76,90,91,93,94,95,96,97,98,99,100,101,102,103,104,106,107,109,110,111,116,117,118,119,120,121,122,123,124,125,126,127,128,129,130,131,132,133,135,136,137,138,139,141,142,143,144,145,146,147,148,149,150,151,152,153,154,155,156,157,158,159,160,161,163,164,166,167,168,169,170,171,172,173,174,175,178,179,180,181,184,186,190,191,192,194,197,200,201,202,204,206,208,211,212,213,214,215,216,218,219,220,222,224,225,227,228,232,233,236,238,239,240,242,243,244,246,247,248,251,252,253,254,255,257,258,261,263,264,265,267,269,271,272,274,275,280,281,283,286,288,289,290,291,295,296,297,298,299,300,301,303,307,310,311,312,316,317,319,320,321,323,324,325,327,329,330,336,337,344,348,349,350,352,353,355,358,360,367,373,376,379,380,382,395,401,409,411,437,451,493,511,576,642
25,61,67,72,74,79,80,81,82,85,86,87,88,89,90,91,92,93,94,95,96,97,98,100,104,106,107,108,109,110,111,112,113,114,115,116,117,119,120,121,122,123,124,125,126,127,128,129,130,131,133,134,135,136,140,141,142,143,144,145,146,147,148,149,150,151,152,153,154,155,157,158,160,161,162,163,165,168,169,170,171,173,175,176,177,178,179,180,181,182,184,188,191,193,194,196,197,200,202,203,205,206,207,208,209,211,212,213,214,215,217,218,219,220,221,222,223,224,225,226,227,229,230,231,232,233,234,235,236,238,240,241,243,244,246,248,249,250,251,253,254,256,259,262,263,273,276,280,281,282,287,289,310,314,315,316,320,321,326,335,340,343,344,345,355,356,365,368,369,371,378,379,380,390,399
26,70,80,81,82,83,84,85,86,87,88,89,90,91,92,94,96,97,98,101,108,112,114,127,129,133,134,139,140,141,142,143,145,146,149,150,152,154,155,156,157,161,163,164,165,168,169,171,173,176,178,181,182,187,188,192,194,199,200,203,205,212,221,232,239,242,247,248,260,261,267,268,271,272,277,278,282,284,290,293,323,325,345,354,357,358,369,371,380,388,390,395,396,406,419,431,446,447,450,643
27,84,85,86,87,88,90,107,108,124,127,133,136,138,140,147,152,160,178,188,204,209,400,532,619,636,687
28,8,56,76,99,135,618
29,310
30,590
31,573,628,686
32,432,441
33,259,387,512,653
34,153,349,356,437
35,138,205,296,297,304,335,339,346,352,482,595,606
36,16,23,47,141,220,343,348,361,446,457,559,644,694
37,307,449,618,641,666
38,173,478,566,584,585,589,617,678
39,155,161,553,585,615
40,43,124,205,389,540,556,570,580,596,613,624,625,628,643,662,671
41,144,172,185,204,267,432,555,563,581,586
42,292,410,460,506,562,565,574,581,584,587,592,594,610,611,619,629
43,343,365,553,565,566,567,573,575,601,618,621,635,639,657,659
44,69,293,545,564,575,577,585,586,587,594,601,625,647,671
45,112,552,558,565,566,569,573,575,576,577,581,586,590,599,601,605,609,616,618,646,669
46,182,314,451,510,558,562,563,575,576,577,578,587,589,602,608,613,623,629,655
47,57,551,555,561,568,578,584,587,683
48,129,201,309,455,511,528,531,539,559,562,563,568,570,572,576,583,585,592,595,596,597,600,620,621,635,656,662
49,19,61,122,305,324,399,434,520,551,556,561,573,574,575,578,579,596,608,620,643,663
50,39,336,384,478,551,553,557,564,566,579,587,588,596,598,602,603,604,607,615,626,672
51,196,427,519,522,558,563,566,569,570,573,578,580,581,585,586,600,608,610,646
52,57,68,162,163,271,280,573,580,595,653,659
53,8,10,18,45,114,185,191,248,416,508,519,523,528,531,532,534,545,552,558,563,572,583,584,614,622,627
54,10,192,294,352,365,380,455,551,556,557,565,572,575,586,615,627,638
55,11,378,406,430,507,541,544,547,548,554,556,559,560,566,568,571,572,573,576,579,590,592,597,614,620,666
56,54,376,422,456,466,516,546,558,560,580,586,663,677
57,28,52,72,200,312,324,370,410,414,464,468,534,564
58,67,91,103,118,129,142,173,174,182,408,423,507,584,623
59,74,88,90,109,112,161,162,231,241,272,327,493,694
60,25,237,268,298,435
61,1,71,225,495
62,64,374,401
63,6,52,154,179,242,266,281,357,406,536
64,63,246,252,283,332,364,536
65,117
66,200,216,351
67,193,261,316,367
68,10,314,477,557,657
69,112,520,569,607,691
70,2,112,199,328,343,345,489
71,132,149,191,333,380,399,510,558,673
72,97,310,553
73,163,261,412
74,6,180,337,392,418,494,496,497
75,77,377,387,468,495,617
76,303,416,458,479
77,35,41,313,314,451
78,204,280
79,
80,
81,
82,
83,
84,
85,
86,
87,
88,
89,
90,
91,
92,
93,
94,
95,
96,
97,
98,
