7
0,533
1,200,396,555,599,600
2,15,365,526,549,600
3,3,13,58
4,49,157,211,262,418,573,581,612
5,104,188,282,301,521,526,577,588,593,596,626
6,95,217,247,417,476,584,597,614,645,660,695,699
7,127,130,148,261,405,484,612,626,641
8,125,293,368,405,559,561,569,602,615,632,658
9,13,33,80,101,159,367,565,570,576,581,582,589,593,595,598,600,601,610,615,617,619,624,626,639,664
10,9,20,484,564,567,577,583,618,621,628
11,219,367,399,548,557,570,571,575,577,580,584,588,590,593,596,598,603,605,613,615,623,626,636,639,640,658,668,678
12,45,77,88,343,550,572,577,581,591,598,599,600,601,605,608,611,613,625,629,633,643,645,648,655,672,673
13,77,91,96,97,114,305,341,375,392,423,440,564,566,567,571,575,580,582,583,591,593,595,598,599,600,605,624,682
14,7,24,69,77,81,83,84,85,88,89,90,91,92,93,94,95,96,97,98,99,100,101,102,103,104,105,107,108,110,111,112,113,114,118,120,124,127,144,152,174,201,444,456,464,503
15,65,67,71,76,78,82,83,84,85,87,88,89,90,91,92,93,94,95,96,97,98,99,100,101,102,103,104,105,106,107,108,109,110,111,112,113,114,115,116,117,118,119,120,121,122,123,124,125,126,127,128,129,130,131,132,133,134,135,136,137,139,140,146,147,149,185,186,187,194,409,450
16,26,47,59,64,85,88,89,90,91,92,93,94,95,96,97,98,99,100,101,102,103,104,105,106,107,108,109,110,111,112,113,114,115,116,117,118,119,120,121,122,123,124,125,126,127,128,129,130,131,132,133,134,135,136,137,138,139,140,141,142,143,144,145,146,147,148,149,150,151,152,153,154,155,156,157,158,159,160,161,162,163,164,165,166,167,168,169,170,171,172,173,174,175,176,177,178,179,180,181,182,183,184,185,186,187,188,189,190,191,192,193,194,195,196,197,198,199,200,201,202,203,204,205,206,207,208,209,210,211,212,213,214,215,216,217,218,219,220,221,222,223,224,225,226,228,229,230,231,232,233,234,235,236,238,240,241,242,243,244,246,247,248,249,250,251,252,254,261,264,265,269,271,272,273,284,285,287,289,291,295,312,350,356,400,504,652,658,666
17,78,83,84,86,88,89,90,91,94,95,96,97,98,99,100,101,102,103,104,105,106,107,108,109,110,111,112,113,114,115,116,118,119,120,121,122,123,124,125,126,127,128,129,130,131,132,133,134,135,136,137,138,139,140,141,142,143,144,145,146,147,148,150,151,152,153,154,155,156,157,159,160,161,162,164,165,166,167,168,169,170,171,172,173,174,175,176,177,178,179,180,181,183,184,185,186,187,188,189,190,191,193,194,195,196,197,198,199,200,201,202,203,204,205,206,207,208,209,210,211,212,213,214,215,216,217,218,219,220,221,222,223,224,225,226,227,228,229,230,231,232,233,234,235,236,237,238,239,240,241,242,243,244,245,246,247,248,249,250,251,252,253,254,255,256,257,258,259,260,261,263,264,265,266,267,268,269,270,271,272,274,275,276,277,278,279,280,281,282,283,284,285,286,287,288,289,291,292,293,295,296,297,298,299,300,302,303,304,305,306,307,308,309,310,311,312,313,314,315,316,317,318,319,320,321,322,324,325,326,328,329,330,334,335,336,337,339,341,342,343,344,345,348,350,351,353,354,358,362,367,368,369,371,375,376,377,381,386,390,391,396,402,405,409,415,417,437,490,699
18,82,83,84,85,86,87,88,89,90,91,92,94,96,97,98,99,101,103,106,107,108,110,111,112,113,114,115,116,117,118,119,120,121,122,123,124,125,126,128,129,130,131,132,133,134,135,136,137,138,139,141,142,143,144,146,147,148,149,151,152,153,155,156,159,160,161,162,163,164,165,166,168,169,171,172,173,175,176,177,178,179,180,181,182,184,185,186,187,188,191,193,194,196,197,199,201,202,203,204,205,206,207,208,209,210,212,213,214,215,216,217,218,219,220,222,223,224,225,228,229,230,233,234,236,238,239,240,242,243,244,245,247,248,249,250,251,252,253,254,255,256,257,259,260,261,262,263,264,265,266,267,268,269,270,271,272,273,274,276,277,278,279,280,281,282,283,284,285,286,287,288,289,290,291,292,293,294,296,297,298,299,300,301,302,303,304,305,306,308,309,310,313,314,315,316,317,318,319,322,323,325,326,328,329,330,332,335,336,340,344,345,346,347,348,349,352,357,358,361,362,365,368,369,374,380,381,382,383,386,387,389,390,392,403,408,426,433,450,491,512
19,76,82,83,84,85,86,87,88,89,90,91,92,93,94,95,96,97,98,99,100,101,102,104,105,106,107,108,109,110,111,112,114,115,116,117,118,119,121,122,123,124,127,128,129,130,131,133,134,135,136,137,139,141,142,143,145,146,147,149,150,151,152,153,154,155,157,159,160,161,162,163,164,165,166,167,169,170,171,172,173,174,175,177,178,179,184,186,187,188,189,193,194,195,196,198,199,200,201,202,203,204,205,206,212,214,215,219,223,224,226,227,228,230,231,232,233,234,235,236,238,239,240,241,242,243,244,245,247,248,249,250,251,252,253,254,255,256,257,258,259,260,261,262,263,264,266,267,268,269,270,271,273,274,275,276,277,278,279,280,281,282,284,285,286,287,289,291,292,293,294,295,297,298,299,300,301,302,303,304,305,306,307,309,310,311,312,313,314,316,317,318,321,322,324,325,326,328,329,332,333,337,338,339,340,342,344,345,346,347,351,353,356,357,358,359,361,364,366,367,368,369,370,371,372,374,376,382,383,385,386,388,389,391,392,394,398,399,402,410,411,415,425,429,442,449,455,457,467,501,505,533
20,76,77,78,79,80,81,82,83,84,85,87,88,89,90,91,92,93,94,95,96,97,98,99,100,101,105,106,107,108,109,110,111,112,113,114,115,117,118,120,121,122,123,124,125,128,131,132,134,135,136,138,143,144,145,146,147,149,150,151,153,154,155,156,157,159,160,163,165,167,170,171,173,174,175,176,177,178,179,181,185,186,187,188,189,190,191,192,194,195,196,197,199,200,201,202,203,204,207,208,210,213,214,215,216,217,220,222,224,225,226,227,228,229,230,231,233,235,236,237,238,239,240,241,242,243,244,245,246,247,249,250,251,252,253,255,256,257,258,259,260,261,262,263,264,265,266,267,268,269,270,271,272,273,274,275,276,277,278,279,280,281,282,283,284,286,287,288,289,290,291,292,293,294,296,297,298,299,300,301,302,303,304,305,306,307,308,309,311,312,313,314,315,316,317,319,320,321,322,323,324,325,326,327,328,330,331,332,333,334,335,336,337,338,340,341,342,345,346,348,349,351,352,353,355,356,357,358,360,361,362,364,365,367,369,370,371,378,380,381,382,388,389,390,391,395,396,399,401,408,412,413,415,416,428,432,441,447,451,457,464,471,504,507,530,531,553,587,624,688
21,70,73,74,84,85,86,87,89,90,91,93,94,95,97,98,99,100,101,103,104,105,106,107,108,109,110,111,112,115,117,118,119,120,121,124,125,126,127,128,130,131,132,133,136,138,139,140,142,143,145,146,147,149,150,151,152,156,157,159,160,161,162,163,171,172,173,174,176,177,178,180,183,184,186,187,188,190,191,195,196,197,198,199,201,202,203,204,205,206,207,210,211,215,216,217,218,221,223,224,227,228,229,230,231,234,236,237,238,239,240,241,242,243,244,245,247,250,251,252,253,255,256,258,260,261,262,264,268,269,270,272,274,275,276,277,278,279,281,282,283,284,285,286,287,290,292,293,296,297,298,299,300,302,303,304,305,306,307,308,309,310,311,313,316,317,321,324,326,327,328,329,331,334,335,338,339,342,343,345,346,347,348,349,352,353,356,358,361,364,366,367,372,373,374,375,377,382,383,385,390,391,392,397,399,400,402,403,405,406,409,411,415,417,419,423,424,435,442,448,449,452,453,490,493,518,659
22,64,73,75,77,79,80,81,82,84,85,86,89,90,91,92,93,96,97,98,99,100,101,103,105,106,107,109,110,112,113,114,115,117,118,119,122,123,124,126,127,128,129,130,133,134,136,137,143,144,145,146,147,148,150,151,152,157,158,164,167,168,169,171,173,175,176,179,181,182,183,189,190,192,193,194,196,197,202,205,209,210,212,214,217,218,219,220,221,222,226,227,228,230,233,234,235,236,237,238,241,243,244,245,246,247,248,250,251,253,254,255,256,257,258,260,261,263,264,265,267,268,269,270,271,272,273,274,275,277,279,280,282,283,284,286,287,290,291,292,293,295,296,297,298,299,300,305,307,308,310,311,312,314,317,319,320,322,323,325,326,327,328,330,331,335,338,339,340,350,351,354,355,356,357,359,363,364,365,367,369,372,375,378,382,383,390,394,399,405,407,415,417,428,433,434,435,436,437,438,441,449,457,458,460,470,494,513,679
23,72,77,79,80,81,82,83,85,86,88,90,91,93,94,95,96,99,100,101,102,103,104,106,107,108,109,110,111,113,114,115,116,117,118,119,121,122,123,124,127,128,130,132,133,134,135,136,139,141,144,145,146,148,149,150,151,152,156,157,158,159,161,162,165,167,174,175,176,177,179,180,182,185,187,189,190,191,194,195,196,197,198,201,203,204,206,207,208,209,210,212,213,214,217,218,219,222,224,226,228,229,230,232,233,234,235,237,238,239,241,242,247,249,251,253,254,255,256,257,258,259,261,262,264,269,270,272,273,274,275,276,277,279,280,281,282,283,284,285,286,287,289,290,291,292,293,294,296,298,299,300,301,302,304,306,307,311,312,316,322,324,326,328,333,334,339,340,341,342,343,351,354,356,359,362,367,368,369,370,371,373,375,377,378,380,382,383,384,387,391,396,397,398,404,416,424,432,433,435,442,455,460,461,465,467,485,658,687
24,20,24,75,77,80,82,83,85,86,87,88,89,90,91,92,94,95,96,97,99,100,101,102,103,104,105,106,107,108,109,112,113,114,116,117,120,121,122,123,124,125,126,127,129,130,131,133,134,136,139,140,141,142,145,146,147,149,162,164,165,169,175,176,177,182,183,184,185,189,190,191,192,193,194,197,198,199,200,201,202,206,207,209,210,213,214,215,216,218,220,221,224,226,228,229,230,232,233,234,235,237,238,239,240,241,242,244,245,246,247,248,249,251,252,253,255,256,257,259,260,275,276,277,279,280,281,282,283,284,286,289,290,293,294,295,296,298,299,300,301,304,306,308,309,312,313,316,317,318,319,321,323,324,326,327,328,332,334,335,339,340,341,343,344,346,348,349,350,351,354,355,359,360,363,368,369,373,377,379,382,384,385,388,389,391,396,400,403,406,408,409,410,411,415,431,443,463,480
25,35,72,73,75,79,80,81,82,85,86,88,89,90,91,92,94,95,96,98,99,100,101,106,107,108,109,110,112,113,114,115,116,117,118,120,121,125,126,128,130,132,133,134,135,137,138,140,146,147,151,152,154,155,157,158,159,160,161,162,164,165,166,167,168,169,173,174,178,179,180,184,185,186,187,188,190,191,194,198,200,204,205,207,211,219,220,221,222,223,226,228,229,231,236,240,242,244,245,246,253,254,257,258,260,261,262,263,266,268,269,271,273,274,277,278,280,281,283,284,285,286,287,288,289,291,292,293,294,296,298,300,301,304,305,306,307,309,310,311,313,315,318,319,320,322,323,324,326,327,330,337,341,342,343,346,347,350,351,352,357,363,368,371,372,373,376,379,380,385,388,395,398,399,405,406,416,427,428,431,437,444,448,467,525,538,543,593
26,18,70,73,75,76,77,78,80,81,82,84,86,87,89,90,92,93,94,95,96,97,98,101,103,104,106,107,108,109,110,111,113,115,116,118,121,122,123,124,126,127,128,130,132,133,134,135,136,137,139,141,142,143,145,146,148,149,150,151,152,153,157,159,160,161,163,164,165,167,168,169,170,171,172,175,178,179,180,181,183,184,186,190,192,195,197,198,199,201,204,209,217,218,222,227,228,229,230,232,233,234,236,237,239,241,243,244,245,246,248,250,251,253,255,256,257,258,261,262,264,267,269,270,271,272,273,274,276,277,279,280,281,284,285,286,287,288,293,295,296,298,302,307,310,311,314,316,330,331,332,333,335,339,340,344,347,351,354,355,359,360,361,366,368,371,373,384,387,396,405,411,420,424,431,432,439,457,464
27,16,33,56,67,68,71,73,74,75,76,77,78,79,80,81,82,83,85,86,87,88,89,90,92,94,95,97,99,100,101,102,104,107,108,111,112,114,117,118,120,121,122,123,126,128,130,131,132,137,138,144,147,148,152,156,158,160,163,165,166,168,170,181,184,189,194,204,205,207,208,209,212,223,226,227,252,253,256,262,275,277,280,286,288,294,296,302,306,332,347,349,353,369,393,396,448,536
28,64,65,68,70,71,72,73,74,75,76,77,79,80,81,82,83,84,85,86,88,89,90,91,92,95,96,97,98,99,100,101,102,103,105,106,107,108,109,112,113,114,115,118,122,124,127,129,130,131,137,138,157,164,172,180,181,183,189,214,217,225,320,586,628
29,49,68,69,71,72,73,75,76,77,78,79,80,81,83,84,85,86,87,88,89,90,91,93,94,96,99,100,102,103,104,106,107,109,114,116,119,120,125,126,127,131,133,138,139,142,143,144,145,146,147,148,151,157,158,161,173,182,184,185,188,191,201,220,229,395,561,597
30,66,68,69,70,71,74,77,79,80,81,82,83,85,86,87,88,89,90,91,93,94,95,97,100,101,102,105,106,108,109,111,113,114,115,116,117,118,120,121,124,125,126,127,128,130,131,135,142,145,147,153,154,160,163,165,168,172,176,177,180,183,192,210,215,217,219,224,245,372,630,657
31,18,45,59,67,70,77,81,83,84,85,86,87,88,89,90,92,93,94,95,96,97,98,99,100,101,102,105,107,109,110,111,116,117,120,121,122,123,124,125,128,129,131,132,134,136,140,143,150,154,155,164,172,173,181,185,204,210,211,212,216,259,306,378,619,635
32,14,79,81,82,83,84,85,86,87,88,89,90,91,92,93,94,95,96,97,98,100,101,102,103,104,106,107,109,111,112,113,114,117,118,120,124,125,126,127,128,131,135,137,139,140,143,145,146,147,149,150,151,153,156,160,163,166,167,174,175,178,181,186,191,197,200,208,250,477,544
33,71,74,76,81,84,85,86,88,90,91,92,94,95,96,97,98,99,100,103,105,106,107,108,110,112,115,116,117,119,121,122,123,124,125,126,129,130,131,132,134,135,137,138,139,140,141,142,145,147,152,153,156,157,160,164,166,168,169,172,176,180,181,183,185,189,196,198,205,215,224,236,259,280,293,514,533,593,610,661
34,63,84,85,88,89,90,91,92,93,94,95,96,97,98,99,100,101,102,103,104,107,108,109,110,112,113,114,115,116,117,118,119,120,121,122,123,124,125,127,128,129,130,131,132,133,134,135,136,137,138,139,140,141,143,144,147,148,149,150,151,154,155,157,158,159,161,162,163,166,169,172,177,179,180,181,182,183,184,185,186,187,188,189,190,191,192,193,194,196,197,198,199,200,201,202,204,205,207,208,209,212,213,216,218,219,221,223,228,231,232,235,236,239,240,244,245,249,257,263,276,293,296,319,320,324,444,525
35,83,88,89,90,91,92,93,94,95,96,97,98,99,100,101,102,103,105,106,107,108,109,110,111,114,115,116,117,119,120,121,123,124,125,126,127,128,129,130,131,132,133,135,136,137,141,142,143,144,146,147,149,150,151,152,153,154,156,157,158,160,161,162,163,164,166,167,168,169,170,171,172,173,175,176,177,178,180,181,182,183,184,185,186,187,188,189,190,191,192,193,195,196,197,198,199,200,201,202,203,204,205,206,207,208,209,210,211,212,213,214,216,217,218,219,220,221,222,223,224,225,226,227,228,229,230,231,232,233,234,235,236,237,238,239,240,241,242,243,245,246,247,248,249,250,251,252,253,256,257,259,260,261,262,264,265,267,268,270,271,274,275,277,278,279,280,282,285,286,291,293,294,297,298,300,306,307,311,313,315,320,322,325,342,343,344,345,349,350,356,363,389,489
36,15,34,84,87,88,89,91,93,95,97,98,99,100,101,103,104,105,106,107,108,109,111,112,113,114,116,117,118,121,122,123,125,126,127,128,129,130,131,132,133,134,135,137,138,140,142,144,145,146,147,148,149,150,152,154,156,158,159,160,161,162,164,166,170,172,174,175,176,177,178,179,180,181,184,187,188,189,191,194,196,197,198,199,200,201,202,203,205,206,207,208,210,211,212,214,215,216,217,218,219,220,221,223,224,225,226,227,228,229,230,231,232,233,234,235,236,237,238,239,242,243,244,245,246,247,248,249,250,251,252,253,254,255,256,258,260,261,262,263,264,265,266,268,269,270,271,272,273,274,275,276,277,278,279,280,281,282,283,285,287,288,289,290,291,292,293,294,295,296,297,299,303,304,306,307,309,311,312,313,314,316,318,319,321,322,323,324,325,328,330,331,333,337,339,342,347,349,350,356,357,369,376,378,405,408,426,486,578,615
37,77,84,86,87,89,90,92,93,94,95,97,98,101,102,103,104,105,106,107,109,110,112,113,115,116,117,118,119,120,121,122,123,125,126,127,128,129,130,131,132,133,134,135,136,137,138,139,141,143,144,148,150,151,154,156,157,161,163,164,165,166,167,171,173,175,178,181,182,183,184,185,186,187,189,190,191,192,193,194,195,196,197,198,199,200,201,202,204,205,206,207,208,209,210,211,213,214,215,216,217,218,220,221,222,223,224,225,227,228,229,230,231,233,234,236,238,240,242,244,247,248,249,250,252,253,254,255,256,259,260,262,263,264,265,266,267,269,270,271,272,274,275,276,277,282,283,287,288,290,291,292,293,294,295,296,297,298,300,301,302,303,304,305,306,307,309,310,312,318,319,320,321,322,323,324,325,326,327,328,330,332,333,336,337,340,341,343,344,345,349,351,352,354,356,357,359,362,363,367,369,370,371,372,373,376,382,383,387,390,393,396,402,403,414,427,431,592,671
38,75,83,84,87,88,89,91,92,93,95,96,97,98,99,100,101,103,104,105,106,107,109,110,111,112,113,114,115,117,118,120,121,122,123,124,125,126,127,129,130,131,132,133,134,135,136,137,138,139,140,142,143,144,147,148,149,150,151,154,158,161,163,167,168,169,170,174,176,177,178,180,183,184,185,188,189,190,193,195,197,199,200,202,203,205,206,207,208,209,210,212,213,214,215,216,217,218,219,220,222,223,224,227,228,230,232,233,234,236,237,242,243,246,247,248,249,250,251,252,253,255,256,257,259,261,263,264,265,267,268,270,271,272,273,277,278,279,282,283,284,286,287,289,290,293,294,295,298,300,310,314,316,320,321,322,326,327,328,332,334,337,348,357,362,364,367,369,370,371,372,375,377,380,381,382,384,389,392,399,400,402,411,413,438,545,635,698
39,69,83,85,86,87,88,89,90,91,92,93,95,96,97,98,99,101,102,103,104,105,106,107,109,112,113,114,116,117,118,120,121,122,123,124,126,127,128,130,132,133,137,139,140,141,142,143,145,147,150,152,153,154,155,156,157,158,159,160,162,165,167,171,174,178,179,181,183,184,185,188,189,190,191,194,195,196,197,198,199,200,201,204,205,206,209,211,214,216,218,220,222,227,228,229,233,234,235,236,237,239,241,242,243,244,245,246,250,251,254,255,256,261,264,265,266,267,268,270,271,278,279,281,282,287,288,289,291,292,293,301,302,306,307,308,310,311,312,316,317,320,322,324,328,329,331,337,338,339,343,344,347,350,352,361,362,363,366,372,373,377,378,380,381,384,389,391,411,412,437,438,476,505,516,628
40,85,86,87,88,89,90,92,94,96,97,98,99,100,101,102,103,104,105,107,108,109,110,111,112,113,115,116,117,118,120,122,124,125,126,128,129,130,131,132,133,134,135,138,139,141,142,144,145,146,147,152,153,154,155,156,158,161,162,163,164,165,166,168,169,172,173,175,177,180,181,182,183,184,186,187,188,190,191,194,195,198,199,200,204,205,206,208,210,212,213,215,216,219,220,221,223,224,225,226,227,228,229,232,233,235,236,237,239,240,243,246,247,248,249,251,252,253,254,256,257,258,260,263,264,267,268,270,272,273,274,278,280,282,284,285,287,293,295,298,299,300,304,306,310,313,314,316,317,318,321,323,325,326,327,328,330,336,337,339,348,351,352,358,359,360,364,371,378,379,388,390,392,396,411,430,465,484,522,657
41,79,80,81,82,83,84,85,87,88,89,91,93,94,95,96,97,98,99,100,101,103,104,105,106,109,111,112,113,115,117,118,119,120,121,122,124,127,128,129,132,133,134,136,138,139,140,141,144,147,148,150,151,152,154,156,159,161,162,163,164,168,169,171,172,174,176,179,182,183,185,187,190,192,194,196,197,200,202,203,204,205,207,209,211,212,213,214,217,219,223,225,226,228,229,230,231,232,233,236,237,241,243,244,245,249,251,254,257,258,259,260,261,262,263,264,269,270,274,278,283,285,286,288,291,294,296,301,302,303,304,308,309,311,312,316,317,318,319,321,324,325,327,328,330,334,337,338,339,342,354,355,362,376,379,382,385,400,411,412,416,424,426,438,439,537,647
42,65,68,74,75,78,79,80,81,82,83,85,86,88,89,91,92,93,94,95,96,97,98,99,101,102,103,105,106,108,110,111,112,114,115,117,119,120,121,122,123,125,127,128,129,130,132,133,135,136,137,140,141,142,144,145,147,148,149,150,153,154,157,158,159,160,161,163,164,165,166,167,168,171,178,180,183,184,185,186,190,191,193,196,198,201,202,204,206,209,211,213,214,215,217,218,222,223,225,226,227,228,229,234,238,239,240,241,242,245,246,249,251,253,256,260,262,263,265,266,268,269,272,275,276,277,278,280,282,283,284,287,288,289,290,291,296,297,300,302,303,304,309,315,317,318,323,324,325,326,327,328,329,330,331,332,333,334,338,339,342,346,347,350,351,353,368,378,381,400,404,417,421,457,512,695
43,60,76,78,79,81,82,83,84,85,86,88,89,90,91,92,93,94,96,97,99,100,101,103,104,105,107,108,109,110,111,112,113,114,115,116,117,118,119,120,121,122,123,124,125,126,127,128,129,130,131,132,133,134,135,136,137,138,139,141,142,145,146,147,148,149,150,152,153,155,157,160,161,162,164,167,168,171,172,173,175,179,180,181,182,185,189,197,198,200,201,203,205,207,208,209,211,217,224,226,229,230,231,233,234,235,236,245,246,247,257,270,277,278,290,291,298,331,343,377,387,462,670
44,68,73,76,79,81,82,83,84,85,86,87,88,89,90,91,92,93,94,95,96,98,99,101,102,103,105,106,107,109,110,111,112,113,115,116,117,118,119,120,121,122,124,125,126,127,128,129,130,131,132,133,134,135,136,137,138,140,142,143,144,145,147,148,149,151,153,154,155,156,157,158,159,160,161,163,165,166,167,168,170,172,179,183,186,187,188,189,190,191,192,194,195,198,199,203,206,207,211,214,216,217,218,219,220,223,224,226,227,228,230,231,235,238,241,245,246,253,255,257,261,266,286,296,306,309,312,321,408,674,698
45,36,80,82,84,86,88,89,91,93,94,95,97,98,99,100,101,102,103,104,105,106,107,109,110,111,112,113,114,115,116,117,118,119,120,121,122,123,124,125,127,128,129,130,131,133,134,135,136,137,138,139,141,142,144,145,146,147,149,152,154,156,158,159,160,161,162,164,165,166,167,170,175,177,178,179,181,182,183,185,186,188,190,191,193,195,196,199,200,201,202,204,205,206,207,209,210,212,213,220,221,222,223,225,227,228,230,232,233,235,237,240,241,242,243,247,254,255,256,260,261,272,276,281,284,289,293,296,300,306,315,323,330,334,343,490,560,615
46,31,77,78,79,80,81,82,83,84,86,87,89,91,92,93,94,96,97,98,99,100,101,102,103,104,105,106,107,108,109,110,112,113,114,115,116,118,119,120,121,122,123,124,125,126,127,129,130,131,132,134,137,138,139,140,141,142,143,144,145,146,147,149,151,152,153,154,155,157,158,161,162,163,164,165,166,168,169,170,171,173,175,177,180,182,183,185,187,189,191,195,196,198,199,200,201,202,203,205,207,209,212,217,219,220,222,223,224,227,228,231,233,234,236,237,238,239,242,247,248,249,250,255,258,261,262,264,265,266,272,274,276,277,291,292,295,296,297,307,313,315,336,337,347,363,453,687
47,7,76,78,79,81,84,88,89,90,91,92,93,95,96,97,98,99,100,101,102,103,104,105,106,107,109,110,112,113,114,115,118,119,120,121,122,123,124,125,126,127,128,129,130,132,133,134,136,139,141,144,146,148,149,151,153,154,155,156,157,160,161,162,164,165,166,170,171,172,174,181,182,183,186,188,189,190,191,192,195,199,200,201,202,203,205,206,207,210,211,212,213,214,215,216,217,219,220,221,223,224,226,227,228,230,232,235,237,238,239,241,245,249,250,251,252,254,255,261,263,266,269,270,280,282,283,285,292,294,295,298,299,301,302,303,307,313,314,315,319,321,325,345,347,348,374,384,393,404,574,579
48,77,79,80,81,82,83,84,85,86,87,88,89,90,93,95,96,98,99,100,101,102,104,105,106,107,109,110,111,112,113,114,115,116,117,118,119,120,121,122,123,124,127,128,129,131,132,133,134,135,137,139,140,141,142,145,146,147,148,149,150,152,153,154,155,156,157,159,163,164,166,168,169,174,177,183,185,186,189,190,191,192,194,195,197,198,201,203,204,206,207,208,209,210,213,215,216,217,218,220,221,222,223,224,225,229,231,232,235,236,239,244,245,247,250,252,253,255,257,258,259,260,262,264,268,269,270,276,278,279,281,282,286,287,296,301,302,307,313,319,333,335,342,346,355,392,571
49,75,78,80,81,82,83,84,85,86,88,89,90,91,92,93,94,95,98,99,100,101,102,103,104,105,108,109,110,111,112,113,114,115,116,117,118,119,120,121,122,123,124,125,126,127,128,129,130,132,133,134,136,137,138,139,141,142,143,144,145,146,147,149,150,152,153,154,155,157,158,160,161,163,164,165,167,174,175,179,180,181,182,183,186,188,189,192,193,194,196,199,200,201,202,204,206,207,209,210,212,215,216,217,218,220,224,225,226,228,229,231,233,238,240,242,243,245,248,251,253,258,259,263,265,266,270,272,273,274,277,284,285,288,290,292,296,303,306,307,308,310,312,317,337,349,359,379,387,403,416,451,609
50,72,75,77,79,80,81,82,84,85,86,87,88,89,90,91,92,93,95,96,97,98,99,101,106,108,110,112,113,115,116,117,120,122,123,124,126,127,128,129,130,131,132,134,136,137,138,139,140,141,142,144,146,147,149,150,151,155,156,157,158,159,160,161,162,163,164,165,166,167,169,170,171,176,177,178,179,187,188,191,192,194,195,196,198,200,202,203,204,205,206,207,208,209,210,211,213,217,219,221,222,223,226,232,234,235,236,237,238,239,243,244,248,250,258,260,263,267,270,272,276,278,289,294,304,306,308,312,313,314,319,353,419,421,423,456
51,40,64,78,79,80,83,86,87,88,90,93,94,96,97,98,99,100,101,102,103,104,107,108,109,111,112,113,114,115,116,117,118,119,120,124,125,126,128,129,132,133,134,135,136,137,138,139,141,142,143,144,145,147,148,150,151,152,153,154,156,157,158,161,162,164,165,166,167,168,169,171,176,179,180,183,187,188,191,192,193,194,195,196,197,198,202,206,209,212,214,216,217,218,219,220,222,226,227,230,232,233,236,237,240,241,244,249,256,262,267,268,273,275,277,284,288,299,312,313,319,321,322,327,335,359,424,490
52,78,80,81,82,86,88,89,90,91,92,93,94,95,96,97,98,99,100,101,103,104,106,107,109,111,112,113,114,115,116,117,118,119,122,123,125,126,127,129,130,132,133,134,135,136,137,139,142,143,144,145,146,147,148,150,151,154,155,156,157,159,161,164,166,167,168,172,175,176,178,180,183,184,185,186,188,189,190,192,193,195,196,197,201,202,205,206,207,209,210,212,213,215,216,217,219,222,223,224,225,227,228,234,237,240,242,245,248,251,255,256,261,271,280,281,288,294,296,300,306,312,348,525,542,620,625
53,20,46,74,77,80,83,84,85,86,87,88,89,90,91,92,93,95,96,98,99,100,101,102,103,104,105,106,107,108,109,111,112,113,115,116,117,119,120,121,122,123,125,126,128,129,130,131,132,133,134,135,136,137,138,139,140,141,142,144,145,146,147,148,149,150,151,152,153,157,158,160,163,165,167,174,177,178,180,182,184,185,186,187,190,193,195,198,200,202,203,205,206,207,209,210,211,212,215,217,222,223,224,228,229,236,240,241,242,245,250,254,256,257,263,271,282,284,286,287,292,294,296,328,331,334,337,338,339,352,369,393,407,431,442,646
54,71,80,82,83,84,85,87,88,89,90,94,96,97,98,100,104,106,107,109,110,111,113,114,115,116,117,119,120,121,123,124,129,130,131,132,133,134,136,137,138,139,140,141,142,143,145,147,150,151,153,154,156,157,158,159,161,162,163,164,165,166,168,169,170,172,173,174,178,180,183,184,185,186,192,194,196,198,203,205,209,211,213,215,217,218,221,223,224,228,229,230,231,232,235,239,241,242,245,246,253,264,265,266,268,269,272,273,275,289,292,297,303,304,305,313,315,318,346,351,381,396,467,490
55,37,52,68,73,76,78,81,82,84,86,87,88,90,91,93,94,96,97,98,100,101,102,103,105,107,109,110,112,117,119,120,121,123,124,125,126,127,128,130,132,134,136,138,139,141,143,144,146,147,148,150,151,152,154,155,156,158,163,164,165,166,168,169,171,173,175,179,180,182,184,185,186,188,190,191,192,194,196,199,201,202,209,210,213,216,217,219,220,221,222,223,226,227,232,233,234,235,240,242,247,248,250,252,253,254,257,259,263,268,272,275,284,290,294,296,299,303,305,315,319,320,330,331,352,361,409,427,437,474,660
56,5,25,46,81,83,84,85,86,88,90,92,94,95,97,98,100,101,103,104,105,106,107,108,109,111,113,114,115,116,117,118,119,121,122,123,125,126,127,128,131,132,133,134,135,137,138,139,140,141,142,143,144,145,147,148,150,151,152,153,155,156,157,159,160,164,165,168,169,171,172,174,175,182,186,188,189,192,193,194,196,198,199,200,203,204,205,206,207,208,211,213,214,215,216,218,222,226,228,229,231,234,237,240,241,253,254,264,270,272,274,276,279,282,287,289,290,297,298,302,315,338,350,368,427,527,613
57,4,32,73,74,75,80,86,90,91,92,93,94,95,97,98,99,100,101,102,105,106,107,109,110,111,112,113,114,116,117,118,119,120,121,122,123,126,127,128,129,130,134,138,139,140,141,142,147,149,150,151,157,158,160,161,162,163,164,169,179,181,185,188,190,192,193,199,201,202,203,204,205,206,210,212,213,214,221,225,230,235,244,260,265,267,268,270,275,302,310,317,327,329,380,430,587
58,75,84,86,92,93,94,96,97,98,99,100,101,102,103,104,105,106,107,108,110,111,112,113,114,115,117,118,121,122,123,125,126,128,129,132,133,134,135,139,141,142,143,144,145,146,148,149,150,152,153,154,155,156,158,160,162,165,168,169,170,173,174,175,177,179,181,183,187,188,192,194,196,198,199,201,203,205,206,207,209,211,212,213,214,217,218,219,221,222,224,225,227,230,232,234,235,242,256,258,267,271,275,276,283,284,290,291,297,302,341,342,389,427,459
59,78,84,89,90,93,94,95,97,98,100,101,102,103,107,108,109,110,111,112,113,114,115,117,119,120,121,124,125,127,130,131,132,133,136,137,138,139,143,144,146,149,151,152,157,158,159,161,163,164,167,168,170,174,175,177,194,197,198,204,205,207,208,210,212,215,218,219,220,226,227,228,229,233,234,237,246,250,252,257,265,274,276,286,289,290,293,294,319,339,349,350,441,447,501
60,85,90,92,93,96,98,100,103,105,106,111,112,114,115,117,118,120,121,125,126,127,128,129,131,132,133,134,136,139,140,142,145,146,147,149,150,152,153,154,155,157,160,164,166,176,177,180,190,191,193,198,200,209,214,222,226,227,230,238,242,244,246,250,252,254,261,272,274,280,303,304,308,331,334,352,434,652
61,2,41,83,90,107,108,111,112,113,114,120,122,124,135,136,137,138,140,141,142,143,145,148,149,150,151,152,153,161,166,170,171,180,181,192,193,197,198,199,201,203,205,210,213,220,225,226,228,234,240,242,245,253,274,296,320,343,371,401
62,83,89,98,107,112,116,120,126,130,131,153,154,162,163,165,167,177,185,192,195,196,198,210,225,232,234,245,255,291,318,321,336,341,380,566,585
63,94,105,116,160,165,224,243,256,289,326,430,469,482,546,698
64,113,309,536,537,664
65,550,617
66,532,621,664
67,1,183,323,509,623
68,419,571,618
69,15,32,485
70,476,487,518,604,686
71,254
72,12,29,59,243,287,495
73,149,201,248,319,603
74,8,13,141,231,249,334,511,663
75,137,307,406,453,627
76,558,569,599,623
77,192,275,298,422,425,666
78,68,79,153,224
79,31,121,147,229,304,309,500,625
80,675,696
81,
82,
83,
84,
85,
86,
87,
88,
89,
90,
91,
92,
93,
94,
95,
96,
97,
98,
