3
0,426
1,109,381
2,347,353,403,405,464,474,485,555
3,1,46,104,124,188,416,486
4,21,49,278,315,341,581,612
5,81,106,135,294,308,646
6,23,319,423,473,544
7,41,85,157,168,291,317,515,561,579,582,625,629
8,40,53,64,83,87,89,92,94,108,155,198,213,279,388,390,415,441,492,516,538,539
9,68,75,78,79,82,84,85,87,89,90,91,92,93,94,95,96,97,98,99,100,101,102,219,241,478
10,64,65,70,73,79,80,81,82,83,84,85,86,87,88,90,91,92,93,94,95,96,97,98,99,100,101,102,103,104,105,106,107,108,109,110,111,112,113,114,115,116,117,119,120,122,123,124,156,179,201,230,264,404,483,492,651
11,75,77,79,81,82,84,85,86,87,88,89,90,91,92,93,94,95,96,97,98,99,100,101,102,103,104,105,106,107,108,109,110,111,112,113,114,115,116,117,118,119,120,121,122,123,124,125,126,127,128,129,130,131,132,133,134,135,136,137,138,139,140,141,142,143,144,145,146,147,148,149,150,151,152,153,154,155,157,158,159,160,161,162,163,164,165,166,167,168,169,170,171,172,173,174,175,176,177,179,180,181,182,183,184,185,187,190,191,192,194,197,198,199,200,202,203,204,205,206,207,208,211,212,213,217,218,221,224,233,234,237,240,242,243,245,247,251,269,408,453,522,532,587
12,48,83,85,86,87,88,89,90,91,92,93,94,95,96,97,98,99,100,101,102,103,104,105,106,107,108,109,110,111,112,113,114,115,116,117,118,119,120,121,122,123,124,125,126,127,128,129,130,131,132,133,134,135,136,137,138,139,140,141,142,143,144,145,146,147,148,149,150,151,152,153,154,155,156,157,158,159,160,161,162,163,164,165,166,167,168,169,170,171,172,173,174,175,176,177,178,179,180,181,182,183,184,185,186,187,188,189,190,191,192,193,194,195,196,197,198,199,200,201,202,203,204,205,206,207,208,209,210,211,212,213,214,215,216,217,218,219,220,221,222,223,224,225,226,227,228,229,230,231,233,234,235,236,237,238,239,240,241,242,243,244,245,246,247,249,250,251,252,253,254,256,258,259,262,264,266,267,268,269,271,273,275,277,280,282,284,286,287,288,289,290,291,293,296,298,299,301,302,308,315,321,328,329,331,333,360,373,378,591,597
13,88,89,91,92,93,94,95,96,97,98,99,100,101,102,103,104,105,106,107,108,109,110,111,112,113,114,115,116,117,118,119,120,121,122,123,124,125,126,127,128,129,130,131,132,133,134,135,136,137,138,139,140,141,142,143,144,145,146,147,148,149,150,151,152,153,154,155,156,157,158,159,160,161,162,163,164,165,166,167,168,169,170,171,172,173,174,175,176,177,178,179,180,181,182,183,184,185,186,187,188,189,190,191,192,193,194,195,196,197,198,199,200,201,202,203,204,205,206,207,208,209,210,211,212,213,214,215,216,217,218,219,220,221,223,224,225,226,227,228,230,231,232,233,234,235,236,237,238,239,240,241,242,243,244,245,246,247,248,249,250,251,252,253,254,255,256,257,259,260,261,262,263,264,266,267,268,269,270,271,276,277,278,279,280,281,286,287,289,290,292,297,300,301,302,303,304,305,306,309,310,313,315,316,318,321,322,330,331,333,335,339,343,345,348,349,367,387,399,407,408,416,460,474,627,681
14,2,88,89,90,92,95,96,97,98,99,100,101,102,103,104,105,106,107,108,109,110,111,112,113,114,115,116,117,118,119,120,121,122,123,124,125,126,127,128,129,130,131,133,134,135,136,137,138,139,140,141,142,143,144,145,146,147,148,149,150,151,152,153,154,156,158,159,160,162,163,164,165,166,167,168,169,170,171,172,173,176,177,178,179,181,183,184,185,186,188,189,190,191,192,193,194,195,196,197,198,199,200,201,202,203,204,205,206,207,208,209,210,211,212,213,214,215,216,217,218,219,220,221,222,223,224,225,226,228,229,230,231,232,233,234,236,237,238,239,240,241,242,243,244,245,246,247,248,249,250,251,252,253,254,255,256,257,259,261,262,263,265,266,267,268,269,270,271,272,275,280,282,283,286,287,288,290,291,293,295,296,297,299,300,303,304,306,307,309,313,317,318,320,323,325,329,330,333,334,338,343,344,362,376,381,382,394,429,454,590
15,33,86,87,88,91,92,93,94,95,96,97,98,99,100,101,102,103,104,106,107,108,109,110,111,112,113,114,115,116,118,119,120,121,122,123,124,125,126,127,128,129,130,131,132,133,134,135,136,137,138,139,140,141,142,143,144,145,146,147,148,149,150,151,154,155,156,157,158,159,161,162,163,166,167,168,169,170,171,172,173,177,178,181,183,184,185,186,188,189,191,193,194,195,196,197,198,199,201,202,203,204,205,206,207,208,210,211,212,213,214,215,216,217,218,219,221,222,223,224,226,227,228,229,230,231,232,233,234,235,236,237,238,239,240,241,242,244,246,247,248,249,250,251,252,253,254,255,256,257,258,260,261,262,263,265,266,267,268,269,270,272,273,275,276,277,278,279,280,281,283,285,286,287,288,290,291,292,294,295,296,298,299,300,306,307,308,309,311,312,314,315,316,317,320,321,336,344,350,355,357,359,364,374,382,383,409,471,659
16,17,81,84,91,92,93,94,95,96,97,98,99,100,101,102,103,104,105,108,109,110,111,112,115,116,117,118,119,120,121,122,123,124,125,126,127,128,129,130,131,132,133,134,135,136,137,138,139,140,141,143,144,145,147,148,150,151,153,154,155,156,157,158,159,160,161,162,163,164,165,166,167,168,169,170,171,172,173,174,175,176,177,178,179,180,183,184,185,186,187,188,189,190,191,192,193,194,196,197,198,199,200,201,202,203,204,205,206,207,209,210,211,212,213,215,216,217,218,219,221,223,224,225,226,227,228,229,230,231,234,235,236,237,238,240,241,244,245,246,247,249,251,254,255,257,258,260,262,263,264,265,266,269,271,272,273,274,275,277,278,279,280,281,282,283,284,287,289,292,294,295,296,298,300,303,305,306,307,308,311,312,317,318,320,321,322,323,324,325,328,330,331,333,336,337,340,341,342,345,350,351,352,364,376,377,384,392,394,401,402,416,419,420,423,427,448,469,486
17,85,87,89,92,93,94,95,96,98,99,100,101,102,103,104,106,107,108,109,110,111,112,113,114,115,116,117,118,119,120,121,122,124,125,126,127,128,129,131,132,133,134,135,138,139,140,142,143,144,145,148,149,150,151,152,153,154,155,156,157,158,160,161,162,163,164,165,166,167,168,169,171,172,173,174,175,176,177,178,179,180,181,182,185,186,187,188,189,190,191,192,193,194,196,198,199,201,202,203,204,205,206,207,208,209,210,211,212,214,215,216,217,218,219,220,221,222,223,224,225,226,227,228,229,230,231,233,234,235,236,237,238,239,240,241,242,243,244,245,246,247,248,249,250,251,252,253,255,256,257,258,259,260,261,263,264,265,267,268,269,271,274,278,279,280,281,282,283,285,287,288,291,292,293,294,295,297,298,299,302,305,306,307,308,314,315,316,319,329,334,337,341,344,345,346,347,351,356,376,397,408,416,420,422,443,446,459
18,30,53,86,87,88,89,90,91,92,93,95,96,97,98,99,100,101,102,104,105,106,107,108,109,110,111,114,115,116,118,119,121,122,123,124,125,126,127,128,129,130,131,132,133,134,135,136,137,139,140,141,142,143,144,145,146,147,148,149,150,151,153,154,155,156,157,158,160,161,162,163,164,165,167,168,169,170,171,174,175,176,177,178,180,181,183,185,188,190,191,192,193,194,195,196,197,198,199,201,202,203,206,207,209,212,213,214,216,220,222,224,225,226,227,229,230,231,232,233,236,237,238,239,240,241,242,244,245,246,247,248,249,250,253,254,255,256,257,258,259,261,262,263,264,265,266,267,268,269,271,272,273,274,275,276,278,279,281,282,284,285,287,289,290,293,294,295,296,300,302,308,310,312,315,317,318,319,320,321,324,325,329,330,331,337,340,342,347,348,349,350,351,353,355,361,362,363,364,365,366,373,386,404,458,579
19,86,87,88,89,91,92,93,94,95,96,97,98,99,101,102,103,104,105,106,107,108,109,110,111,112,113,114,115,116,117,118,119,121,122,123,124,125,127,128,130,131,133,134,135,136,137,139,140,141,142,143,144,145,146,147,149,150,151,152,153,154,155,156,157,159,161,162,164,165,166,167,168,169,170,172,173,175,176,177,179,180,181,182,183,184,185,187,188,189,192,193,196,197,199,200,201,202,203,204,207,208,209,210,211,212,213,214,216,219,221,222,223,224,227,228,230,231,232,233,234,235,236,237,239,242,243,246,249,250,252,254,255,256,258,259,263,264,265,266,269,270,272,273,275,276,277,280,282,283,285,288,289,290,293,294,295,297,300,302,306,308,311,315,316,323,326,330,332,334,343,344,348,349,352,353,357,358,359,365,367,371,378,380,396,402,423,437,482,486,615
20,82,85,86,87,89,90,91,92,93,94,95,96,97,98,99,100,101,102,103,104,105,106,107,108,109,110,111,112,113,114,115,116,118,119,120,121,122,124,125,126,127,128,129,130,131,132,133,134,135,137,139,140,141,142,143,145,146,149,150,151,152,153,154,155,156,157,158,159,161,162,163,164,165,166,167,168,171,172,173,175,177,178,179,181,182,183,186,188,189,190,191,194,196,197,198,199,201,202,203,205,207,208,209,210,212,213,214,218,219,220,222,225,228,229,230,231,233,237,238,239,241,243,244,246,249,250,252,254,255,256,257,260,262,263,264,265,266,269,270,271,275,277,280,281,284,285,287,288,289,292,296,300,308,310,311,313,314,321,324,325,326,333,335,345,357,363,364,375,397,431,455,588
21,81,82,84,85,86,87,89,91,92,94,95,96,97,98,99,100,101,102,103,105,106,107,108,109,110,111,112,113,114,115,116,118,120,121,122,123,124,125,126,128,129,130,131,132,133,136,137,139,140,141,142,144,147,148,149,150,152,153,154,155,156,157,158,159,160,164,165,166,167,168,169,170,171,172,175,178,180,181,182,183,186,187,188,189,191,192,195,197,200,202,203,206,207,209,211,212,213,214,216,217,218,219,220,223,225,226,227,228,230,231,232,237,238,239,241,242,243,245,246,247,248,251,252,254,257,263,268,275,276,279,280,281,284,285,289,290,292,293,294,295,301,302,308,310,322,328,329,333,341,356,357,400,450,485,520
22,81,82,83,84,85,86,87,88,89,90,91,92,93,94,95,96,97,98,99,102,103,104,105,107,108,109,110,111,112,113,114,115,116,117,118,120,121,122,123,124,125,126,127,128,129,130,131,133,134,135,136,137,138,139,140,141,142,144,145,148,149,150,151,152,153,156,157,158,159,160,161,162,163,164,165,166,167,168,169,170,171,173,174,175,176,177,178,180,181,182,183,185,187,188,190,194,196,201,202,204,205,207,209,210,211,212,214,216,220,221,222,226,227,228,229,230,234,236,237,240,242,245,246,251,254,255,256,260,262,266,267,269,270,273,276,277,278,280,281,282,285,291,292,295,296,300,302,307,308,309,311,313,314,315,318,325,326,328,330,336,346,357,358,361,363,387,411,414,423,426,440,441,447,458,484,485,497,561
23,32,59,76,81,83,84,86,87,88,89,90,92,93,94,95,96,97,98,99,100,101,103,104,105,107,109,110,111,113,114,115,118,119,120,121,122,123,125,126,129,132,133,135,136,137,138,140,141,142,143,144,145,146,148,149,150,151,152,153,154,156,158,159,160,161,162,163,164,165,166,167,168,169,170,171,172,173,175,176,177,179,180,181,182,184,185,186,187,188,189,193,194,195,196,197,198,199,202,203,204,205,207,210,211,217,218,219,221,223,224,225,226,227,229,230,231,232,233,234,237,238,239,241,242,244,245,250,251,260,265,267,274,276,277,279,282,283,286,293,297,300,302,303,307,310,317,321,322,323,324,335,338,341,345,359,410,421,426,430,431,436,445,449,450,459,470,472,479,486,489,496,506,511,513,519,525,585,593,634,654
24,73,76,77,80,85,86,87,88,89,90,91,92,93,94,95,96,98,99,100,101,103,104,105,106,107,108,109,110,111,112,113,114,115,116,117,118,119,122,123,124,125,126,127,128,130,131,132,133,136,137,138,139,141,142,144,145,146,147,148,150,151,152,153,154,156,157,158,159,160,162,163,164,165,166,169,170,171,175,177,178,179,180,181,183,185,187,188,189,191,195,196,200,201,202,203,204,205,208,209,211,213,214,215,216,217,218,222,223,224,228,229,230,231,234,235,236,237,238,239,241,242,243,248,256,258,259,261,262,265,266,268,269,275,276,277,278,287,288,292,294,297,303,312,348,350,352,375,399,413,428,429,432,434,441,457,459,465,469,478,483,491,493,503,504,518,558,571
25,55,68,78,80,81,83,84,85,87,88,90,91,92,93,94,95,96,97,98,99,100,102,103,104,105,107,109,110,111,112,114,115,116,117,118,119,120,121,122,123,124,125,126,127,128,129,130,131,132,133,134,135,136,138,139,140,141,142,143,145,146,147,148,150,151,152,153,154,156,157,158,159,160,161,162,163,165,166,169,170,171,172,174,176,184,185,186,187,188,189,190,192,193,194,195,196,198,200,203,206,207,209,212,213,217,221,223,225,228,229,232,235,239,243,245,246,247,249,250,251,252,253,254,255,256,257,261,262,266,267,268,271,274,276,277,281,282,287,288,290,294,295,296,298,299,304,305,309,313,318,325,341,345,346,348,352,354,373,385,396,411,420,425,439,440,443,448,451,457,476,482,485,486,492,499,506,509,519,687
26,75,76,79,80,81,83,84,85,86,87,88,89,90,91,93,94,95,96,97,98,99,101,102,103,104,105,106,108,110,112,114,116,118,119,120,121,122,123,124,125,126,127,128,131,133,134,135,136,137,138,139,140,141,142,143,145,146,148,149,150,151,154,157,160,162,164,166,168,169,170,171,172,173,174,176,182,184,187,188,189,191,192,195,197,199,200,201,202,203,205,207,208,209,211,212,213,214,215,216,217,218,219,222,226,230,231,233,236,238,239,242,245,246,256,257,259,261,263,266,267,268,269,274,278,279,280,282,285,287,288,290,291,293,294,298,299,300,301,303,304,309,315,322,328,331,340,346,348,354,355,367,368,391,402,420,424,428,433,436,439,440,441,443,448,452,454,458,468,473,492,499,522,533,536,541
27,38,75,81,82,83,84,85,86,87,89,90,91,92,93,94,95,96,97,98,99,100,101,102,103,106,107,108,110,111,112,113,114,115,116,117,118,119,123,125,126,127,128,129,130,132,133,134,135,137,138,139,140,141,143,144,145,146,148,149,150,151,152,153,155,157,159,160,161,162,163,164,165,166,167,172,173,175,177,178,179,182,183,185,187,188,193,196,197,198,199,201,202,204,206,207,208,210,211,213,214,215,219,220,224,226,228,229,231,232,233,239,244,245,247,249,251,254,256,259,261,265,267,276,277,279,280,284,290,292,296,308,309,312,313,318,319,330,347,352,359,361,374,445,451,452,461,463,467,486,503,506,509,520,530,540,552,651,689
28,18,70,79,80,82,83,84,85,86,87,89,90,93,95,96,97,98,99,100,101,102,103,104,105,106,107,108,109,110,111,112,113,114,116,117,118,120,121,122,123,124,125,137,138,139,140,141,144,146,147,148,149,150,151,153,154,156,157,158,159,160,161,162,163,164,166,168,172,176,177,179,180,181,186,190,191,192,193,194,196,197,198,199,200,201,203,206,207,208,210,211,214,215,217,220,221,223,225,231,237,242,243,244,248,253,255,263,272,276,281,284,288,294,300,307,308,309,312,317,323,324,330,332,344,347,352,355,358,427,429,437,441,454,465,470,481,507,522,547,549,586,605
29,76,77,78,79,80,82,83,84,85,86,87,89,90,91,93,94,95,96,97,98,99,102,104,106,107,109,110,111,112,114,115,117,119,121,122,125,126,127,128,130,131,132,133,134,135,136,138,139,140,141,142,144,145,146,147,150,151,152,154,156,158,160,162,163,164,165,166,176,179,180,182,184,185,187,189,190,191,192,195,201,203,205,206,207,208,209,212,213,214,216,218,219,223,228,229,231,233,236,237,239,244,249,250,252,253,254,255,256,257,264,270,273,281,282,283,287,293,294,296,297,298,299,305,313,322,326,334,337,340,345,387,445,452,456,459,472,490,500,517,523,554,588,616
30,71,75,76,77,78,79,80,81,82,83,84,85,86,88,89,90,91,92,93,94,95,96,97,98,99,100,101,103,104,105,106,107,108,109,110,111,112,113,114,115,117,118,119,120,121,122,123,124,125,126,127,129,131,132,133,134,136,137,138,141,143,146,148,150,152,157,160,161,162,164,169,172,176,177,178,179,181,182,184,185,186,187,188,189,191,193,194,197,199,201,202,203,205,206,208,211,213,215,217,218,219,226,230,233,238,243,244,245,249,251,253,258,260,263,271,272,273,275,276,277,278,279,283,284,285,287,289,291,293,294,295,296,297,298,306,307,308,309,317,328,333,343,362,370,374,380,405,449,494,497,499,512,528,553,688
31,41,71,72,73,74,75,76,77,78,79,80,81,82,83,84,85,86,87,89,90,91,92,93,94,97,98,99,100,102,104,105,106,107,109,110,111,112,113,114,115,116,117,118,119,120,123,125,127,128,130,131,132,134,136,137,138,139,140,141,142,144,145,149,150,151,152,153,154,155,156,158,159,160,161,163,168,172,173,174,175,176,178,179,181,182,183,184,185,186,187,191,192,193,196,201,202,203,204,205,206,207,213,215,216,217,220,225,226,227,233,236,237,248,259,260,261,264,283,285,290,295,298,300,306,312,315,316,320,330,340,350,351,357,405,416,423,446,461,600,616,623,638,674
32,15,56,70,71,72,73,74,75,76,77,78,79,80,81,82,83,84,85,86,87,88,89,90,91,93,94,95,96,97,99,100,102,103,104,106,108,111,112,113,114,115,116,118,119,120,121,122,124,125,126,128,129,130,131,132,134,135,137,139,142,143,144,145,146,148,149,150,151,152,154,155,157,158,160,164,165,166,168,169,172,173,174,175,176,177,178,180,182,183,185,186,189,190,191,192,194,196,197,199,203,210,211,214,215,216,217,218,219,220,222,224,232,237,238,243,249,251,253,255,261,263,265,274,281,284,286,290,293,298,307,311,320,337,339,361,390,420,446,486,489,509,640,656
33,43,69,71,72,73,74,75,76,77,78,79,80,81,82,84,85,86,87,88,89,90,91,92,93,95,97,99,100,102,103,105,106,108,109,110,113,117,118,121,123,124,125,126,127,129,130,132,135,139,144,147,148,149,152,155,156,157,158,159,161,162,163,165,166,167,168,169,172,175,176,180,184,190,193,195,196,198,200,205,207,210,217,221,222,223,224,229,238,240,242,244,248,251,258,259,269,270,295,300,307,309,312,321,325,330,331,333,343,360,488,625,692
34,6,40,56,63,65,66,68,69,70,71,72,73,74,75,76,77,78,79,80,82,83,87,88,89,90,91,92,93,94,95,96,98,101,103,106,109,111,112,114,116,119,120,121,122,123,124,125,126,128,133,135,139,140,143,145,149,150,156,157,158,159,160,161,163,165,166,167,169,170,171,172,173,174,177,179,180,181,182,184,186,187,190,192,193,195,198,199,206,207,212,213,217,224,226,228,230,232,233,239,240,242,246,251,253,254,255,259,261,263,273,276,284,286,287,292,296,297,302,306,307,308,329,335,353,423,452,458,524,600
35,24,63,64,65,66,67,68,69,70,71,72,73,74,75,76,77,78,79,80,81,82,84,86,87,89,90,91,92,93,94,95,97,99,101,103,105,106,107,108,109,110,111,113,114,115,116,117,118,121,122,124,125,128,130,132,134,135,137,140,146,148,155,156,158,159,161,162,163,164,165,166,167,170,172,173,174,176,179,182,184,185,188,189,192,201,202,207,208,210,211,214,215,218,221,225,228,229,231,234,235,237,245,248,250,252,261,265,268,274,279,284,285,286,294,295,298,304,306,312,314,317,322,329,344,348,354,358,363,388,672
36,57,64,65,66,67,68,69,70,71,72,73,74,75,76,77,78,79,81,83,84,85,86,87,89,90,91,94,96,97,98,101,102,104,105,106,107,108,110,111,112,113,116,118,119,120,121,122,124,125,127,130,135,137,139,142,143,149,150,151,152,158,160,162,163,164,167,168,169,170,173,174,175,178,179,180,181,182,183,184,186,189,191,192,193,194,198,200,204,206,207,209,210,211,217,227,231,234,236,240,244,247,250,255,257,259,261,267,270,277,278,281,282,283,289,295,298,302,307,309,311,314,328,340,368,405,426,444,459,483,543,693
37,55,58,60,61,62,63,64,65,66,67,68,69,70,71,72,73,74,75,76,78,79,80,82,83,84,85,86,87,89,90,92,93,95,96,97,98,100,102,103,104,105,106,108,109,110,111,113,115,116,117,120,123,124,125,126,128,129,130,133,140,145,149,152,153,154,155,158,159,161,163,165,166,167,169,171,172,173,174,175,178,179,181,182,183,185,187,189,190,191,192,193,194,197,199,200,202,203,205,207,208,210,213,216,217,220,221,226,228,230,232,236,238,239,243,256,264,274,278,279,281,284,286,288,293,297,299,306,313,314,319,321,332,333,351,352,360,399,405,422,690
38,60,62,63,64,65,66,67,68,69,70,71,72,73,75,76,77,78,79,80,82,83,84,85,86,87,88,90,91,92,93,94,95,96,99,100,101,102,103,104,105,107,109,110,116,117,120,122,123,124,125,126,128,129,130,131,132,134,135,136,137,138,139,140,145,146,149,151,152,156,164,165,166,168,171,172,174,176,177,178,179,181,182,184,185,186,188,189,190,191,192,193,194,195,196,197,198,199,201,202,203,204,206,208,212,213,214,216,218,220,221,224,228,232,237,242,243,244,245,246,249,251,252,253,254,255,257,258,260,264,265,268,275,276,277,278,280,281,282,283,287,288,289,292,294,295,296,297,298,302,306,307,317,321,325,335,383,592,598
39,29,54,55,57,58,59,60,61,62,63,64,65,67,68,69,70,72,73,74,75,76,77,78,79,80,81,82,83,84,85,86,87,88,89,91,92,93,94,95,96,97,98,99,100,101,102,103,104,105,106,107,110,111,112,113,114,116,118,119,120,122,124,125,126,128,131,134,136,137,139,140,141,142,145,146,148,149,150,153,155,156,157,160,161,162,163,164,165,166,168,170,171,172,173,174,175,176,178,179,180,182,183,186,189,190,191,193,194,196,197,199,200,202,205,206,207,209,211,214,216,218,219,222,225,228,237,238,240,241,243,244,248,249,252,254,255,256,259,261,262,263,265,272,275,278,279,283,286,294,298,303,305,307,308,321,322,325,331,337,340,368,386
40,56,57,58,59,60,61,62,65,66,67,69,70,71,72,73,74,75,76,77,78,79,81,82,83,84,85,86,87,88,89,90,91,93,95,96,97,99,100,106,107,110,111,112,115,117,118,119,120,122,123,126,127,128,131,132,133,137,138,139,141,142,144,147,148,149,150,153,154,155,157,158,162,164,171,172,173,175,180,185,187,190,196,200,203,204,209,211,215,217,220,221,223,226,227,228,231,233,234,242,243,244,246,248,250,252,254,258,261,263,267,276,278,286,307,325,347,350,358,365,385,611,689
41,57,61,62,63,64,65,66,67,68,69,70,71,72,73,74,75,77,78,79,81,82,84,86,87,89,90,91,92,93,96,99,102,103,105,107,108,110,111,112,113,115,116,118,121,122,124,125,128,130,131,133,134,135,136,137,138,139,142,145,150,151,155,159,162,169,170,174,175,176,194,195,196,204,214,215,218,221,255,273,304,308,310,329,359,371,374,376,434,511,530,571,629,650
42,51,58,70,73,75,76,77,78,82,84,90,98,101,103,104,105,107,108,109,111,112,116,120,122,125,128,131,132,135,141,143,154,184,207,216,234,260,275,303,312,392,418
43,15,66,85,88,97,113,137,138,140,146,147,165,218,350,354,671
44,55,77,80,83,101,273,576,620
45,93,139,359,441,442,481,600
46,44
47,28,283,352,442
48,359,430,561,594
49,8,19,25,32,465,601
50,3,14,352,699
51,107,286,540,573,591,636,677
52,524,548
53,421
54,312,518,612,614
55,32,452,565
56,2,23,111,449,513,516,565,585,610
57,29,247,441,570,697
58,112,143,213,392,465,547
59,380,456,502,532,673,692
60,
61,424
62,
63,
64,
65,
66,
67,
68,
69,
70,
71,
72,
73,
74,
75,
76,
77,
78,
79,
80,
81,
82,
83,
84,
85,
86,
87,
88,
89,
90,
91,
92,
93,
94,
95,
96,
97,
98,
