3
0,183
1,82,220,357
2,55,68,125,152,349,498,525
3,45,366,447,478,528
4,97,158,298,342,353
5,11,23,100,410,417,558,608
6,126,141,218,237,276,300,478
7,20,75,100,281,423,563,578,697
8,6,14,32,126,140,177,198,285,311,469,545,555,636,676
9,21,24,74,79,87,110,168,170,243,245,258,290,304,319,336,385,471,558,563,565,567,571,574,578,584,596,597,618,646,684,685
10,70,92,158,159,170,177,191,195,197,202,211,217,220,226,252,277,289,309,375,388,389,448,581
11,178,183,307,324,425,542,558,582
12,84,162,176,263,317,399,428,451,464,492,522,531,587,605
13,78,183,265,371
14,330,359,367,388,464,472
15,137,209,295,312,379,414,491
16,6,12,97,119,307,408,660
17,16,30,218,234,273,346,526
18,5,10,14,15,18,19,28,113,148
19,7,8,11,12,13,14,15,16,17,18,19,20,21,23,24,26,27,28,32,83,169,528,688
20,3,5,6,7,8,9,10,11,12,13,15,16,17,18,19,20,21,22,23,25,26,27,28,29,30,32,33,34,35,36,37,115,116,165,196,205,299,349,405
21,1,2,3,4,6,7,8,9,10,11,12,13,14,15,16,17,18,19,20,21,22,23,24,25,26,27,28,29,30,31,32,33,34,35,36,37,38,39,40,41,42,43,44,45,46,47,48,49,50,51,53,54,55,61,66,90,94,96,107,119,232,548,686
22,2,3,4,5,6,7,8,9,10,11,12,13,14,15,16,17,18,19,20,21,22,23,24,25,26,27,28,29,30,31,32,33,34,35,36,37,38,39,40,41,42,43,44,45,46,47,48,49,50,51,52,53,54,55,56,57,58,59,60,61,62,63,64,65,66,67,68,69,70,71,72,73,74,75,76,77,78,79,80,81,82,83,84,95,97,98,100,101,102,103,105,108,109,110,112,114,115,117,119,120,131,149,180,235,253,477,597,618
23,2,3,4,5,6,7,9,10,11,12,13,14,15,16,17,18,19,20,21,22,23,24,25,26,27,28,29,30,31,32,33,34,35,36,37,38,39,40,41,42,43,44,45,46,47,48,49,50,51,52,53,54,55,56,57,58,59,60,61,62,63,64,65,66,67,68,69,70,71,72,73,74,75,76,77,78,79,80,81,82,83,84,85,86,87,88,89,90,91,92,93,94,95,96,97,98,99,100,101,102,103,104,105,106,107,108,109,110,111,112,113,114,115,116,117,118,119,120,121,122,123,124,125,126,127,128,129,130,131,132,133,134,135,136,137,138,139,140,141,142,143,144,145,146,147,148,149,150,151,152,153,154,155,156,157,158,159,160,161,162,164,165,166,167,168,169,170,171,172,173,174,175,176,177,178,179,180,181,183,184,185,187,190,191,193,195,196,197,199,203,215,217,237,241,245,250,254,270,271,303,670
24,1,2,3,4,5,6,7,8,9,10,11,12,13,14,15,16,17,18,19,20,21,22,23,24,25,26,27,28,29,30,31,32,33,34,35,36,37,38,39,40,41,42,43,44,45,46,47,48,49,50,51,52,53,54,55,56,57,58,59,60,61,62,63,64,65,66,67,68,69,70,71,72,74,75,76,77,78,79,80,81,82,83,84,85,86,88,89,90,91,92,93,94,95,96,97,98,99,100,101,102,103,104,105,106,107,108,109,110,111,112,113,114,115,116,117,118,119,120,121,122,123,124,125,126,127,128,129,130,131,132,133,134,135,136,137,138,139,140,141,142,143,144,145,146,147,148,149,150,151,152,153,154,155,156,157,158,159,160,161,162,163,164,165,166,167,168,169,170,171,172,173,174,175,176,177,178,179,180,181,182,183,184,185,186,187,188,189,190,191,192,193,194,195,196,197,198,199,200,201,202,203,204,205,206,207,208,209,210,211,212,213,214,215,216,217,219,220,221,222,223,224,225,226,227,228,229,230,231,232,233,234,235,236,237,238,239,240,243,244,245,246,248,251,252,253,255,257,258,260,261,262,263,265,266,268,269,271,274,276,278,279,281,282,283,284,285,287,289,290,291,293,294,298,299,300,301,302,303,306,310,312,322,360,365,372,447,539,664,698
25,1,2,3,4,5,6,7,8,9,10,11,12,13,14,15,16,17,18,19,20,21,22,23,24,25,26,27,28,29,30,31,32,33,34,35,36,37,38,39,40,41,42,43,44,45,46,48,49,50,51,52,53,54,55,56,57,58,59,60,61,62,63,64,65,66,67,68,69,70,71,72,74,75,76,77,78,79,80,81,84,85,86,87,88,89,90,91,92,93,94,95,96,97,98,99,100,101,102,103,104,105,106,107,108,109,110,111,112,113,114,115,116,117,118,119,120,121,122,123,124,125,126,127,128,129,130,131,132,133,134,135,136,137,138,139,141,143,144,145,146,147,148,149,150,151,152,153,154,155,156,157,158,159,160,161,162,163,164,165,166,167,168,169,170,171,172,173,174,175,176,177,178,179,180,181,182,183,184,185,186,187,188,189,190,191,192,193,194,195,196,197,198,199,200,201,202,203,204,205,206,207,208,209,210,211,212,213,214,215,216,217,218,219,220,221,222,223,225,226,227,228,229,230,231,232,233,234,235,236,237,238,239,240,241,242,243,244,245,246,247,248,249,250,251,252,254,255,257,258,259,260,261,262,263,264,266,268,269,270,271,272,275,276,277,278,279,280,281,282,285,288,289,291,292,294,295,298,300,301,302,308,309,312,320,324,329,330,331,341,352,360,408,534,540,541
26,1,2,3,4,5,6,7,8,9,10,11,12,13,14,15,16,17,18,19,20,21,22,23,24,25,26,27,28,29,30,31,32,33,34,35,36,37,38,39,40,41,42,43,44,45,46,48,49,50,51,52,53,54,55,56,57,58,59,60,61,62,63,64,65,66,67,68,69,70,71,72,73,74,75,76,77,78,79,80,81,82,83,85,86,88,89,90,91,92,93,94,95,96,97,98,99,100,101,102,103,104,105,106,107,108,109,110,111,112,113,114,115,116,117,118,119,120,121,122,123,124,125,126,127,128,129,130,131,132,133,134,135,138,139,140,142,143,144,145,146,147,148,149,150,151,152,153,154,155,156,157,158,159,160,161,162,163,164,165,166,168,170,171,172,173,174,175,176,177,178,179,180,181,182,183,184,185,186,189,190,191,192,193,194,195,196,197,198,199,200,201,202,203,204,205,206,207,208,209,210,211,212,213,214,215,216,217,218,219,220,221,222,223,224,226,227,228,229,230,231,232,233,234,235,236,237,239,240,241,242,243,244,245,246,247,249,250,251,253,254,255,256,257,258,261,264,265,271,272,274,279,280,282,289,291,294,296,299,310,316,322,325,328,329,336,337,345,354,366,371,380,509,522,578,606
27,1,2,3,4,5,6,7,8,9,11,12,13,14,15,16,17,18,19,20,21,22,24,25,26,27,28,29,30,31,32,33,34,35,36,37,38,39,40,41,42,43,45,46,47,48,49,50,51,52,53,54,55,56,57,58,59,60,61,62,63,64,65,66,67,68,69,70,71,72,73,74,75,76,77,78,79,80,81,82,83,84,85,86,87,88,89,90,91,92,93,94,95,96,97,98,99,100,101,102,103,104,105,106,107,108,109,110,111,112,113,114,115,116,117,118,119,120,122,123,124,125,126,128,129,130,131,132,133,134,135,136,137,139,140,141,142,143,144,145,146,147,148,150,151,152,153,154,155,156,157,158,159,161,162,163,164,166,167,168,169,170,172,173,174,175,176,177,178,179,180,182,183,184,185,187,188,189,190,191,192,193,194,195,196,197,198,199,200,201,202,203,204,205,206,207,208,210,211,213,214,215,216,217,218,220,224,225,226,227,229,230,231,232,234,235,236,237,238,239,240,241,242,243,244,246,247,248,249,250,251,252,253,254,256,257,259,260,261,262,264,265,266,267,268,269,270,271,272,275,278,279,280,282,283,284,285,287,289,290,294,296,297,298,300,302,304,307,308,309,310,316,318,321,325,329,332,335,341,349,351,352,355,368,387,395,614,696
28,1,2,3,5,6,7,8,9,10,11,12,13,14,15,16,17,18,19,20,21,22,23,24,25,26,27,28,29,30,31,32,33,34,35,36,37,38,39,40,41,42,43,44,45,46,47,49,50,51,52,53,54,55,56,57,58,59,60,61,62,63,64,65,66,68,69,70,71,72,73,75,76,77,79,81,82,83,84,85,86,87,88,89,90,91,92,93,94,95,96,97,98,99,100,101,102,103,104,105,106,107,108,109,110,111,112,113,114,115,116,117,118,119,120,121,122,123,124,125,126,127,128,129,131,134,135,136,137,138,139,140,142,143,144,145,146,147,148,149,150,151,152,153,154,155,156,157,158,159,160,161,162,163,164,165,170,171,172,173,174,175,176,177,178,179,180,181,182,183,184,185,186,187,188,190,192,193,194,195,197,199,200,201,202,203,204,205,206,208,209,210,211,212,213,215,216,217,218,219,220,221,222,224,225,226,227,228,229,230,232,233,234,235,236,237,238,239,240,241,243,244,245,246,247,248,249,251,254,255,257,258,263,264,265,267,268,269,270,273,277,279,280,281,282,283,285,286,288,290,291,294,296,298,299,301,302,304,310,311,320,321,329,330,336,339,347,354,359,367,398,434,465,572,594
29,1,2,3,4,5,6,7,8,9,10,11,12,13,14,15,16,17,18,19,20,21,22,23,24,25,26,27,28,29,30,31,32,33,34,36,37,38,39,40,41,42,43,44,45,46,47,48,50,52,53,54,55,56,57,58,59,60,61,62,63,64,65,66,67,68,69,71,72,73,74,75,76,77,78,79,80,81,82,83,84,85,86,87,88,89,90,91,92,93,94,95,96,97,98,99,100,101,102,103,104,105,106,107,108,109,110,111,112,113,114,115,116,117,118,120,121,122,123,124,125,126,128,129,131,132,134,135,136,137,138,139,140,141,142,143,144,145,146,147,148,149,151,152,154,155,156,157,158,159,160,161,162,163,164,165,166,167,168,169,170,171,172,173,174,175,176,177,178,179,180,181,182,183,184,186,187,188,189,190,193,195,196,197,198,199,200,201,203,204,205,208,209,212,213,216,217,218,219,220,222,223,224,225,226,228,229,230,231,232,233,234,235,236,237,238,241,242,245,247,250,251,253,254,256,258,260,261,262,264,267,268,269,270,271,272,273,274,275,280,283,284,286,288,289,290,293,294,295,296,297,298,299,300,301,307,309,311,313,314,317,319,321,323,325,326,327,329,331,333,340,343,350,355,358,372,373,375,396,450,646,671
30,1,2,3,4,5,6,7,8,9,10,11,12,13,14,15,16,17,18,19,20,21,22,23,24,25,26,28,29,30,31,32,33,34,35,36,37,38,39,40,41,42,43,44,45,46,47,48,49,50,51,52,53,54,55,56,57,58,59,60,61,62,63,64,65,66,67,68,69,70,71,72,73,74,75,76,78,79,81,82,83,84,85,86,87,88,89,90,91,92,93,94,95,96,97,98,99,100,101,102,103,104,105,106,108,109,110,111,112,113,114,115,116,117,118,119,120,121,122,123,124,126,127,128,129,130,131,134,135,136,137,138,139,141,142,143,144,145,146,147,148,151,152,153,154,155,156,157,158,159,160,161,162,163,164,165,166,167,168,169,170,171,172,173,174,175,176,177,178,179,180,181,182,183,185,187,188,190,191,192,193,194,195,197,198,200,201,202,204,205,206,208,209,210,211,212,213,215,216,217,218,219,221,222,223,227,228,229,232,234,236,237,238,239,240,241,247,250,253,254,256,257,258,261,262,264,267,268,269,270,271,273,274,275,276,277,278,286,287,288,290,293,294,295,296,304,310,314,320,326,337,338,341,343,347,354,388,399,425,589,658
31,1,2,3,4,5,6,7,8,9,10,11,13,15,16,17,18,19,20,21,22,23,24,25,26,27,28,29,31,32,33,34,35,36,37,38,39,40,41,42,43,44,45,46,47,48,49,50,51,52,53,54,55,56,57,58,59,60,61,62,63,64,65,66,67,69,70,71,72,73,74,75,76,77,78,79,80,81,82,83,84,85,86,87,88,89,90,91,92,93,94,95,96,97,98,99,100,101,102,105,106,107,109,110,112,113,114,115,116,117,118,119,120,121,122,123,124,125,127,128,129,130,131,132,133,134,135,136,137,138,139,140,141,142,143,144,145,146,147,148,149,151,152,153,154,155,156,157,158,159,160,161,164,165,166,167,168,169,171,172,174,176,177,178,179,180,181,182,183,184,185,186,187,188,189,190,191,192,193,194,195,197,198,199,200,201,202,203,204,205,206,207,208,209,211,212,213,215,216,217,218,219,223,224,225,226,227,228,229,230,231,232,233,235,236,237,238,240,242,244,246,247,248,249,251,252,253,254,255,259,260,261,262,264,265,266,267,268,272,273,280,282,284,285,291,294,301,303,309,313,315,317,318,320,327,344,345,355,361,373,448,469,664
32,1,2,3,4,5,6,7,8,9,10,11,12,13,15,16,17,18,19,20,21,22,23,24,25,26,27,28,29,30,31,32,33,34,36,37,38,39,40,41,42,43,44,45,46,47,48,49,50,51,52,53,54,55,56,57,58,59,60,61,63,64,65,66,67,68,69,70,71,72,73,74,75,76,77,78,79,81,82,83,84,85,86,87,88,90,91,92,93,94,95,96,97,98,99,100,101,102,104,105,106,107,108,109,110,111,112,113,114,115,116,117,118,120,121,124,125,126,127,128,129,130,132,133,134,135,136,137,138,139,140,141,143,144,145,146,147,148,149,150,151,152,153,154,155,156,157,158,159,160,161,162,164,165,166,167,169,170,171,172,173,174,175,176,177,179,180,181,182,183,184,185,186,187,188,190,191,192,194,195,196,197,198,199,200,201,202,203,204,206,210,213,214,216,217,220,221,223,224,225,226,227,229,230,232,233,235,236,241,243,247,249,252,255,257,260,261,262,264,266,267,268,271,274,275,279,280,283,284,286,288,290,291,292,293,294,297,298,299,306,307,308,309,310,316,326,328,329,342,345,348,375,386,387,401,432
33,1,2,3,4,5,6,7,8,9,10,11,12,13,15,16,17,18,19,20,21,22,23,24,25,26,27,28,29,30,31,32,33,34,35,36,37,38,39,40,41,42,43,44,45,46,47,48,49,50,51,52,53,54,55,56,57,58,59,60,61,62,63,64,65,66,67,68,69,70,71,72,74,75,76,77,78,79,80,81,82,83,84,85,86,87,88,89,90,91,92,93,94,95,96,97,98,99,100,101,102,103,104,105,106,107,108,109,110,112,113,114,115,116,118,119,120,121,122,123,124,126,127,128,129,130,132,133,134,135,136,138,139,140,141,142,143,144,145,146,147,148,149,150,155,156,157,158,159,160,162,163,164,165,166,167,168,169,170,172,173,174,175,176,179,181,182,183,184,185,186,187,188,189,190,191,192,193,194,195,196,197,198,199,200,202,203,204,206,208,210,212,213,217,218,220,221,224,225,228,229,230,232,234,236,238,239,241,242,243,246,247,248,249,250,253,255,257,260,261,262,263,264,267,268,271,274,275,280,283,284,287,288,290,292,294,303,305,306,308,312,313,314,321,324,327,334,336,347,348,351,362,369,374,380,383,392,420,512,556,684
34,1,2,3,4,5,6,7,8,9,10,11,12,14,15,16,17,18,19,20,21,22,23,24,25,26,28,29,30,31,32,33,34,35,36,37,38,39,40,41,42,43,44,45,46,47,48,49,50,51,52,53,54,55,56,57,58,59,60,61,62,63,64,65,66,67,68,69,70,71,72,73,74,75,76,77,78,79,80,81,82,83,84,85,86,87,88,89,90,91,92,93,94,95,96,98,99,100,101,102,103,104,106,107,108,109,110,111,112,113,114,115,116,117,118,120,121,122,123,124,125,126,127,128,129,130,131,132,135,136,138,139,140,141,143,144,145,146,148,149,150,151,152,153,154,155,156,157,158,159,160,161,162,163,164,165,167,168,169,170,173,174,175,177,178,179,180,181,184,185,186,187,190,191,192,194,195,196,198,199,201,202,203,204,205,206,207,208,210,211,213,214,216,217,218,219,222,223,224,225,228,232,233,235,236,237,238,240,241,242,244,246,250,251,252,253,255,256,261,262,264,266,267,269,271,272,273,275,278,281,282,292,294,313,314,315,320,324,325,328,336,337,353,358,360,379,393,401,697
35,2,3,4,5,6,7,8,9,10,11,12,13,14,15,17,18,19,20,21,22,23,24,25,26,27,28,29,30,31,32,33,34,35,36,37,38,40,41,43,44,45,46,47,48,49,50,51,52,53,54,55,56,57,58,59,60,61,62,63,64,66,67,68,69,70,71,72,74,75,76,78,79,80,81,82,83,84,85,86,87,88,89,90,91,92,93,94,95,97,98,99,100,101,102,103,104,105,106,107,109,110,111,112,113,114,115,116,117,118,119,120,121,122,123,124,125,126,127,128,129,130,131,132,133,134,135,136,137,138,140,141,142,143,144,145,146,147,148,149,150,151,152,153,154,155,157,158,159,160,161,162,163,164,167,168,169,170,171,172,173,174,175,176,177,178,180,181,182,183,184,185,186,187,188,190,192,194,195,196,198,199,200,202,203,205,206,208,209,211,212,216,217,218,219,220,222,223,225,226,227,228,229,231,232,235,238,239,243,247,249,250,251,252,255,256,257,262,263,265,266,270,273,275,276,282,285,286,287,293,296,310,312,313,314,316,328,336,343,345,352,372,388,473,478,487,520,618,685
36,1,2,3,4,5,6,7,8,10,11,12,13,14,15,16,17,18,19,20,21,22,23,24,25,26,27,28,29,30,31,32,35,36,37,39,40,41,42,43,44,45,46,47,48,49,50,51,52,53,55,58,60,63,64,65,66,67,68,69,70,71,72,74,75,76,77,79,80,81,82,83,84,85,86,87,88,89,90,91,92,93,94,95,96,97,98,100,101,102,104,105,106,107,108,109,110,111,113,114,115,116,117,118,119,120,121,122,123,124,125,126,127,129,130,131,132,133,134,135,136,137,138,139,140,141,142,143,144,145,146,147,148,149,150,151,153,154,155,156,158,159,160,161,162,163,165,166,167,168,173,175,176,177,179,182,183,184,185,186,187,189,190,191,192,193,195,196,197,198,199,200,201,202,203,204,205,207,208,209,210,211,213,214,215,218,219,221,222,223,224,225,226,227,228,229,230,231,232,233,235,236,241,243,244,246,247,248,249,250,252,253,254,255,256,257,260,261,263,265,268,269,271,276,280,281,282,285,289,290,296,300,302,313,314,320,321,332,337,338,340,347,350,352,355,357,359,366,372,375,382,387,395,404,497,540,570,665
37,1,2,3,4,5,6,7,8,9,10,11,12,13,14,15,17,18,19,20,21,22,23,24,25,26,27,28,31,32,33,34,35,36,37,38,39,40,41,42,43,44,45,46,47,48,49,50,51,52,54,55,56,57,58,59,62,63,64,65,66,67,68,69,70,72,73,74,76,77,78,80,81,82,83,84,85,86,87,89,90,91,92,93,94,95,96,98,99,100,101,102,103,104,105,106,107,108,109,111,112,113,114,115,116,117,118,120,121,122,123,124,125,126,128,129,130,131,132,133,134,135,136,137,138,139,140,141,144,145,146,149,150,151,152,153,154,155,156,157,159,160,161,162,163,164,165,168,169,171,173,174,175,176,177,178,181,182,184,185,186,189,193,195,196,197,198,199,200,201,202,203,204,205,206,208,209,210,211,213,214,215,216,217,218,219,220,221,222,223,224,225,227,228,229,230,234,237,238,239,240,242,243,244,246,247,248,250,251,252,253,255,256,258,259,265,266,267,268,273,274,275,276,278,279,282,285,287,292,296,302,305,309,311,315,330,336,342,353,354,355,359,362,365,366,371,372,376,380,402,422,435,452,460,463,514,590
38,1,2,3,4,5,6,7,8,9,10,11,12,13,14,15,16,17,18,19,20,22,23,24,25,26,27,28,29,30,31,32,33,34,36,37,38,39,40,41,42,43,44,46,47,48,49,50,51,52,53,54,55,56,57,58,59,60,61,62,63,64,65,66,67,68,69,70,72,73,74,75,76,77,79,80,81,82,83,84,85,86,87,88,89,90,91,92,93,94,96,97,98,100,101,102,104,106,107,108,109,110,111,112,113,114,115,116,117,118,119,121,122,123,125,127,130,131,132,133,134,137,138,139,140,141,142,143,145,147,148,149,151,152,153,154,155,156,157,158,159,161,164,165,168,171,172,173,174,175,176,177,181,182,184,185,186,189,191,193,195,196,198,200,201,202,203,204,205,207,208,210,214,220,221,223,226,227,228,230,231,233,237,238,240,241,242,244,245,248,249,250,252,253,259,260,264,265,266,267,268,269,272,276,280,281,282,285,287,288,289,290,293,296,304,305,310,312,320,325,349,352,369,370,383,395,399,461,466,548
39,1,2,4,5,6,7,8,9,10,13,14,15,16,17,18,19,20,21,22,23,24,25,26,27,28,29,30,31,32,33,34,35,36,37,38,39,40,41,42,43,44,45,46,47,48,49,50,51,52,53,54,55,56,57,58,59,60,61,62,63,64,65,66,68,69,70,71,72,73,74,75,77,78,79,80,82,83,84,85,86,87,88,89,90,91,93,94,95,97,100,101,102,103,105,106,108,110,111,112,113,114,115,116,117,118,119,120,121,122,123,124,125,126,127,128,129,131,134,138,141,143,145,146,148,150,152,153,155,157,158,159,160,162,164,166,167,168,169,170,171,172,173,174,175,177,178,179,182,186,187,190,191,192,193,194,195,196,197,198,200,204,208,210,211,214,216,219,221,222,224,225,227,228,232,233,235,237,241,246,250,251,254,255,256,261,263,267,270,272,274,279,281,283,285,288,291,293,300,301,305,307,308,311,314,315,318,319,324,329,346,348,349,350,352,365,397,422,429,511
40,2,5,8,9,10,11,15,17,19,20,21,22,23,24,25,26,27,28,29,30,31,32,33,34,36,37,38,39,40,41,42,43,44,45,46,47,48,49,51,53,54,55,56,57,58,59,61,62,63,64,65,66,67,68,69,70,71,72,73,74,75,76,77,78,79,80,81,82,84,85,87,88,89,90,91,92,93,94,96,97,99,100,101,102,103,105,106,107,108,109,110,111,112,114,115,117,118,119,120,121,122,123,124,125,126,128,129,131,132,133,135,136,137,138,139,140,141,142,143,144,146,147,148,149,150,153,154,156,160,162,163,166,169,170,171,172,174,175,177,179,181,182,186,189,190,191,192,194,195,199,202,203,204,208,211,212,217,218,219,220,221,223,231,232,235,240,241,243,245,246,247,248,253,255,256,258,263,264,286,287,288,315,321,324,329,332,341,348,357,363,441,448,450,576,617,684
41,1,2,3,5,7,10,11,12,14,16,17,19,20,21,22,23,25,26,27,28,29,30,31,32,33,34,35,36,37,38,39,40,41,42,43,44,45,46,47,48,49,50,51,52,53,54,55,56,57,58,59,60,61,62,63,64,65,66,67,68,70,71,72,73,74,75,76,77,78,79,80,81,82,84,85,86,87,88,89,90,91,92,93,94,96,97,98,99,100,101,102,103,104,106,107,108,109,110,111,112,114,115,116,120,121,124,125,126,128,130,131,132,133,134,135,136,138,140,142,143,145,146,149,150,153,155,157,158,160,161,162,163,164,166,167,168,169,170,172,173,174,175,176,177,181,182,184,185,186,187,189,192,193,194,198,199,201,202,203,204,205,206,207,208,211,212,214,217,221,222,223,225,226,227,232,233,236,240,241,252,253,261,262,264,268,269,270,272,279,284,304,310,311,312,315,324,335,338,339,340,370,454,470,501,615
42,10,11,12,13,15,16,17,18,19,20,22,23,25,26,27,28,29,30,31,32,33,34,35,36,37,38,39,40,41,42,43,44,45,46,47,48,49,51,52,53,54,56,57,58,59,60,61,62,63,64,66,67,68,69,70,71,72,73,74,75,76,77,78,79,80,81,82,83,84,85,86,87,88,89,90,91,92,93,94,96,97,98,99,102,104,106,107,108,109,110,111,112,113,114,115,116,117,118,119,120,121,122,123,125,126,127,128,129,130,131,133,134,135,136,137,138,139,140,142,143,144,146,148,153,154,155,156,157,158,159,160,162,163,166,167,171,177,178,179,182,183,184,187,188,189,190,192,194,195,196,198,199,200,202,203,206,209,211,212,213,214,215,217,218,220,222,223,224,229,231,233,235,237,240,250,252,253,256,261,267,268,292,294,297,299,302,311,316,332,334,390,392,436,586,587,697
43,9,13,16,20,23,24,25,26,27,28,29,30,31,32,33,34,35,36,37,38,39,40,41,42,43,44,45,46,48,49,50,51,52,53,54,55,56,57,58,59,60,61,62,63,64,65,66,67,68,69,70,71,72,73,74,75,76,78,79,80,81,82,83,85,87,88,89,90,91,92,93,94,95,96,98,99,100,101,102,103,104,105,106,107,110,111,112,116,117,118,119,120,122,124,126,127,128,129,131,132,133,134,139,140,141,143,144,145,146,147,148,151,153,154,155,156,157,159,162,163,167,169,172,176,179,180,183,184,185,188,190,191,192,201,203,207,212,217,218,220,228,230,233,236,237,248,253,258,260,261,264,266,269,274,278,280,294,296,301,304,310,311,327,331,333,362,399,410,454,456,459,469,473,475,642,643
44,16,20,21,24,25,26,27,28,29,30,31,32,33,34,35,36,37,38,39,40,41,42,43,44,45,46,47,48,49,50,51,52,53,55,56,57,58,59,60,61,62,63,64,65,68,69,70,71,72,73,75,76,77,78,79,80,82,84,85,86,87,88,89,90,91,92,94,95,96,97,98,99,100,101,102,104,105,107,109,111,112,113,114,115,116,118,120,121,122,123,124,125,126,127,128,129,130,131,133,134,136,137,138,139,140,143,146,147,152,153,156,157,158,159,160,161,167,170,171,174,175,176,179,180,182,183,184,191,192,193,195,196,197,198,199,203,206,207,211,218,220,221,225,226,227,231,234,235,236,237,242,243,244,249,255,258,260,261,266,268,269,270,279,282,335,340,350,360,370,389,445,457,479
45,21,24,27,29,30,31,32,33,35,36,37,38,39,40,41,42,43,44,46,47,48,49,50,51,52,53,54,55,56,57,58,59,60,61,62,63,64,65,66,67,68,69,70,71,72,73,75,76,77,79,81,82,83,84,85,86,87,88,90,92,94,95,96,97,98,99,100,101,102,103,104,106,107,108,110,111,112,113,114,115,120,121,122,124,125,126,129,131,132,134,135,137,138,139,142,143,145,146,147,149,150,151,152,153,155,156,157,159,160,161,162,163,164,165,166,167,168,169,170,171,172,173,174,175,177,178,179,180,182,183,184,185,186,189,191,195,196,207,208,220,222,224,228,230,234,248,257,258,265,268,269,271,286,289,292,296,298,304,305,309,317,354,443,444,463,474,519,583
46,13,17,22,25,27,29,30,31,32,33,34,35,36,37,38,39,41,42,43,44,45,46,48,49,50,51,52,53,54,55,56,57,59,60,61,62,63,64,65,66,67,68,69,70,71,72,73,74,75,76,77,78,79,80,81,82,83,84,85,86,87,88,89,90,91,92,94,95,96,97,98,99,100,102,103,104,105,106,107,108,109,110,112,113,115,116,118,120,121,122,123,124,127,128,129,130,131,134,135,136,137,139,141,142,143,146,148,149,151,155,158,159,160,161,162,164,166,167,168,173,175,176,179,180,182,183,184,185,187,188,189,191,192,193,194,197,206,210,212,214,215,221,225,228,231,233,235,237,239,242,243,249,251,258,259,263,270,273,275,280,282,288,295,300,306,310,328,362,413,455
47,30,32,35,36,37,38,39,40,41,42,43,44,45,46,47,48,49,50,51,52,53,54,55,56,57,60,61,62,63,64,66,67,69,70,71,73,74,75,76,78,79,80,81,83,84,85,87,88,89,90,91,92,93,94,95,96,97,98,99,100,101,102,103,104,106,107,108,110,111,113,114,115,117,118,119,120,121,122,123,124,125,126,127,129,130,132,133,134,135,136,138,139,141,142,143,145,146,149,150,151,152,153,154,155,156,157,159,161,162,163,166,168,172,175,176,178,179,180,183,185,186,189,192,194,195,200,201,202,211,219,225,231,232,237,242,243,270,271,277,291,295,302,303,311,333,337,356,582,592
48,26,28,33,34,35,36,37,38,41,42,43,45,47,48,49,50,51,52,53,54,55,56,58,59,60,61,62,63,64,65,66,67,68,69,70,71,72,74,75,76,77,78,79,80,81,82,83,84,85,86,87,88,89,90,91,92,94,95,96,98,99,100,101,102,103,105,108,110,114,115,116,117,118,120,121,122,125,126,129,132,134,136,137,138,139,140,141,142,143,144,145,146,147,149,150,151,154,155,157,158,159,164,165,168,169,170,171,173,177,178,180,181,182,187,188,189,190,191,193,194,195,198,199,202,205,207,209,218,221,222,226,230,235,242,246,248,253,256,257,258,264,268,276,294,322,333,339,348,362,365,417,448,512,601
49,30,33,34,35,37,39,41,42,43,44,45,46,47,48,49,53,56,58,59,60,61,63,65,66,68,69,71,73,75,76,77,78,80,81,82,83,84,85,86,87,88,89,90,91,92,93,94,96,97,98,100,101,102,103,104,105,106,107,109,110,112,114,115,116,117,119,120,121,122,123,125,126,127,128,129,132,135,137,140,141,142,143,146,148,149,150,152,153,155,158,163,164,165,173,174,175,176,179,180,183,184,186,188,191,192,193,194,198,199,200,202,204,206,207,211,216,224,225,228,229,233,235,238,239,244,250,254,262,284,286,297,302,310,311,315,320,324,393,442,515,609,696
50,35,37,40,42,44,46,47,48,49,50,51,52,53,54,55,56,57,58,59,60,61,62,63,65,66,67,68,70,71,72,74,75,76,77,78,80,83,84,85,86,87,88,89,90,91,92,93,94,95,99,100,102,105,111,112,114,115,116,118,121,123,124,125,126,127,128,129,130,132,133,136,137,139,141,143,145,147,148,149,150,151,152,153,154,156,158,160,161,162,163,164,165,166,167,177,178,182,184,186,190,191,194,196,205,207,211,245,261,263,280,281,289,312,321,345,368,581
51,34,35,37,38,40,41,42,43,44,45,46,48,51,52,53,55,56,58,60,61,62,64,65,66,67,68,69,70,71,72,73,74,75,76,77,78,79,80,81,82,83,85,86,87,88,89,90,91,92,93,94,95,96,97,98,102,103,104,105,106,108,111,115,117,118,119,120,121,122,125,126,127,130,131,134,135,136,138,139,140,145,149,152,153,155,159,171,172,175,180,181,184,187,188,191,194,201,202,203,205,217,221,230,239,266,273,275,278,288,291,331,383,686
52,34,39,43,46,47,48,49,50,51,53,54,55,56,57,58,60,61,62,63,65,66,67,68,69,70,71,72,73,74,78,79,81,82,84,87,88,89,90,91,92,97,99,100,101,104,105,106,107,109,110,111,113,114,116,117,121,123,124,125,126,128,129,130,132,134,135,137,140,141,142,144,145,146,147,148,149,150,151,153,154,155,156,158,163,165,166,170,171,174,176,179,183,185,187,194,197,204,208,226,228,234,235,237,240,242,257,259,274,380,444,466,581,688
53,35,38,39,41,42,46,48,51,53,54,56,57,58,59,61,63,64,65,66,67,68,70,71,72,74,75,76,77,78,79,80,81,83,87,88,89,93,94,95,97,98,103,104,106,108,109,110,111,112,113,115,118,122,123,127,128,129,131,135,136,137,138,140,143,144,146,148,162,165,167,169,175,180,183,185,187,189,191,196,198,201,206,218,230,250,265,267,271,286,290,291,305,310,312,331
54,37,41,42,44,45,46,47,48,49,53,54,55,56,57,58,59,61,62,66,67,68,69,70,71,75,76,77,78,79,81,83,86,87,90,91,93,94,95,96,97,99,101,102,107,111,113,114,116,117,120,121,122,124,125,127,128,129,130,131,135,137,139,142,146,151,152,164,169,170,174,188,197,201,214,258,282,288,297,300,311,314,348,437,461,511,580
55,21,30,35,36,37,38,49,52,57,59,62,63,64,65,70,71,72,73,74,75,76,77,78,79,80,81,82,83,84,85,86,87,88,90,91,92,93,94,96,99,100,101,103,108,111,112,114,115,119,125,126,127,128,130,131,132,133,134,137,139,141,146,148,150,167,179,180,186,191,193,202,206,234,252,263,276,279,357,425,562,598,663,671
56,39,42,45,51,53,54,57,59,63,64,67,68,70,71,73,78,81,82,84,87,90,91,92,93,107,109,110,116,117,119,121,122,123,124,125,126,127,129,130,131,135,137,140,141,144,146,147,150,153,172,185,192,241,308,487,489
57,38,40,64,70,73,75,76,77,78,79,82,83,85,86,87,94,96,97,101,105,106,107,108,110,112,120,123,132,141,216,472,549,626
58,56,64,65,67,76,80,112,120,155,424,679
59,246,259,514,678
60,57,652,668
61,278,494,550,656
62,280,411,509,582,680
63,646,678
64,74,100,353,612,617,641,669
65,248
66,12,83,334,374,392,406,543,585,610
67,148,260,628,646
68,27,337,571,674
69,201,230
70,63,267,582
71,443
72,314,343,423,543,676
73,13,92,270,463,479,574,597,622,671
74,568,643
75,634,653
76,
77,
78,
79,
80,
81,
82,
83,
84,
85,
86,
87,
88,
89,
90,
91,
92,
93,
94,
95,
96,
97,
98,
