11
0,627
1,16,18,20,318,323,367,418,636
2,7,13,14,15,20,22,23,24,25,26,28,30,107,161,278,300,477,479,526,620,686
3,11,13,19,20,22,23,24,25,26,27,28,29,30,31,32,33,34,35,36,37,41,43,50,59,62,65,76,86,98,100,107,118,170,235,237,366,452,619,687
4,15,16,18,19,20,21,23,24,25,26,28,29,30,31,32,33,34,35,36,37,38,39,40,41,42,43,44,45,46,47,48,49,50,51,52,53,54,55,56,58,64,69,70,76,78,81,83,84,94,97,99,101,104,105,106,107,108,109,110,111,112,114,115,116,117,118,119,120,121,122,123,124,125,126,127,128,131,133,134,138,139,150,151,155,162,164,180,184,227,244,255,359,495,530,544
5,11,13,15,17,18,19,20,21,22,23,24,25,26,27,28,29,30,31,32,33,34,35,36,37,38,39,41,42,43,44,45,46,47,48,49,50,51,52,53,54,56,57,58,59,60,61,62,63,64,65,66,67,69,70,71,72,73,75,76,77,78,80,81,83,85,89,93,96,97,98,104,108,109,111,112,113,114,115,116,117,118,119,120,121,122,123,124,125,126,127,128,129,130,131,132,133,134,135,136,137,138,139,140,141,142,143,144,145,146,147,148,149,151,152,153,154,155,156,157,158,160,161,162,164,165,166,167,168,169,170,172,174,175,176,178,180,181,182,183,184,185,186,187,190,191,192,194,196,197,198,199,200,201,202,203,204,205,206,207,208,209,210,212,213,216,218,219,220,221,222,223,224,225,226,227,228,229,230,231,232,233,234,235,236,237,238,239,240,241,242,243,244,245,246,247,248,249,250,251,252,253,254,255,256,257,258,259,260,261,262,263,264,265,266,267,268,269,270,271,272,273,274,275,276,277,278,279,280,281,282,283,284,285,286,287,288,289,290,291,292,293,294,295,296,297,298,299,300,301,302,303,305,306,307,308,309,310,311,312,313,314,315,316,317,318,319,320,321,322,323,324,325,326,327,328,329,330,331,332,333,334,335,336,337,338,339,340,341,342,343,344,345,346,347,348,349,350,351,352,353,354,355,356,357,358,360,361,362,364,366,367,368,369,370,372,373,374,375,376,377,378,379,380,382,383,385,386,387,388,390,392,393,397,400,402,405,408,416,417,420,424,426,427,428,429,436,439,441,442,448,449,469,501,531,544,598,660,682,695
6,10,13,14,15,17,20,21,22,23,24,25,26,27,28,29,30,31,32,33,34,35,36,37,38,39,40,41,42,43,47,48,49,50,51,52,53,54,55,56,57,59,60,61,62,63,66,67,68,69,70,71,72,73,75,76,77,79,80,81,83,84,85,86,87,88,89,90,91,92,93,94,95,96,97,98,100,101,105,106,108,109,111,112,113,114,115,116,117,118,119,120,121,122,123,124,125,126,127,128,129,130,131,132,133,134,135,136,137,138,139,140,141,142,143,144,145,146,147,148,149,150,151,152,153,154,155,157,158,160,161,162,166,167,168,169,171,172,173,174,175,176,177,178,179,181,182,183,184,186,187,188,189,190,191,192,193,195,196,197,198,199,200,204,205,206,207,208,209,210,211,212,213,214,215,216,217,218,219,220,221,222,223,224,225,226,228,229,230,231,232,233,234,235,236,237,238,240,241,242,243,244,246,248,249,250,251,252,253,254,255,256,257,258,259,261,262,263,264,265,266,267,268,269,270,271,272,273,274,275,276,277,278,279,280,281,282,283,284,285,286,287,288,289,290,291,292,293,294,295,296,297,298,299,300,301,302,303,304,305,307,308,309,310,311,312,313,314,315,316,317,318,319,320,321,322,323,324,325,326,327,328,329,330,331,332,333,334,335,336,337,338,339,340,341,342,343,344,345,346,347,348,349,350,351,352,353,354,355,356,357,358,359,360,361,362,363,364,365,366,367,369,370,371,372,374,376,377,379,380,381,384,385,386,387,388,389,390,391,392,394,395,396,397,398,401,402,403,404,406,407,408,410,411,412,413,415,418,419,422,423,425,426,428,430,432,433,434,435,438,442,443,444,445,447,448,449,453,454,459,460,462,466,471,474,475,476,477,480,481,486,488,494,534,550,557
7,12,15,17,18,19,20,21,22,23,24,26,27,28,29,30,32,33,34,36,37,38,39,40,41,42,43,44,45,46,47,48,49,50,51,52,53,55,56,58,60,61,62,64,65,66,67,71,72,73,74,79,81,82,83,84,85,86,87,89,90,92,93,94,101,102,103,104,105,108,110,111,112,114,115,118,119,120,121,123,125,127,128,129,130,133,135,138,139,140,141,142,143,144,145,147,148,149,150,151,152,153,154,157,158,160,163,165,166,167,169,170,174,176,177,178,179,180,181,182,183,184,185,186,187,188,189,190,191,192,195,196,197,198,201,203,204,206,207,208,209,210,211,212,213,214,215,216,217,218,220,221,222,223,224,226,227,228,229,231,232,233,234,235,236,237,241,242,243,244,245,246,248,249,250,251,252,253,254,255,256,257,258,259,260,262,263,264,265,266,267,268,269,270,271,272,273,274,275,276,277,278,279,280,281,282,283,284,285,286,287,288,289,290,291,292,293,294,295,297,298,299,301,303,304,305,306,307,308,310,311,312,313,314,315,316,317,318,319,320,321,322,323,325,326,328,329,330,331,332,334,335,336,337,338,339,340,342,343,344,345,346,347,348,349,350,351,352,353,355,357,359,360,361,362,363,364,365,366,367,368,369,370,371,372,373,374,375,376,377,378,380,382,383,385,386,387,388,389,391,393,394,395,397,398,403,404,405,406,410,413,414,415,416,417,419,428,429,430,431,435,438,439,445,450,451,453,455,456,458,459,460,468,469,474,476,478,480,481,486,511,519,582,627,689
8,5,9,10,11,12,13,14,15,16,17,19,21,22,24,25,26,27,28,29,30,31,32,33,34,35,36,37,38,39,40,41,43,45,46,47,48,49,50,51,52,53,54,55,56,57,58,59,60,61,62,63,64,65,66,67,68,69,73,75,76,77,78,80,82,86,87,89,90,91,93,96,98,99,104,105,106,107,108,109,110,111,115,116,117,119,120,121,126,127,128,129,130,131,132,133,134,136,137,138,139,140,141,142,143,144,146,147,149,154,156,157,158,162,165,166,167,169,171,172,174,175,178,181,183,184,185,190,192,195,197,199,201,204,207,209,210,212,214,217,218,219,221,222,223,225,227,230,233,235,237,238,239,240,241,242,243,244,245,247,248,249,252,254,255,256,257,258,259,260,261,262,263,264,265,266,267,269,270,271,272,273,274,275,276,277,278,279,280,281,282,283,284,285,286,287,288,289,290,291,292,293,294,295,296,297,298,300,301,302,303,304,305,306,307,308,309,310,311,312,313,314,315,316,317,318,319,320,321,322,323,324,325,326,327,328,329,330,331,332,333,334,335,336,337,338,339,340,341,342,343,344,345,346,348,349,350,351,352,353,354,356,357,358,359,360,362,363,364,365,366,368,370,371,372,373,374,376,377,378,379,381,382,383,384,385,386,387,389,390,391,393,396,399,400,401,403,408,410,411,413,415,419,420,422,424,426,427,429,432,433,436,437,438,439,442,443,448,449,450,453,463,465,466,636,667
9,11,14,15,16,17,18,19,20,21,22,23,24,25,26,27,28,29,30,31,32,33,34,35,36,37,38,39,40,41,42,44,45,46,47,48,49,50,51,52,53,54,55,56,57,58,59,60,61,62,64,65,66,67,68,69,70,71,72,73,74,75,76,77,78,79,80,81,82,83,86,88,90,91,92,93,94,95,96,97,99,100,101,102,103,106,107,108,109,110,111,112,113,114,115,116,117,118,119,120,121,122,124,125,126,127,128,129,130,132,133,134,137,138,140,141,143,145,146,147,149,150,151,153,155,158,159,164,166,167,168,169,173,176,178,179,180,181,184,185,186,187,189,191,193,194,201,202,204,205,207,209,210,211,215,216,217,224,226,227,229,232,233,234,235,238,239,241,243,245,247,248,249,250,251,252,254,255,259,263,264,266,268,271,272,273,274,275,276,277,278,279,280,282,283,284,285,286,287,288,289,290,293,294,295,296,297,298,299,300,301,302,303,304,305,306,308,310,312,313,314,317,318,319,320,321,322,323,324,325,326,327,328,329,330,331,332,333,334,335,336,337,340,341,342,343,344,345,346,348,350,351,352,353,355,356,357,358,359,360,361,362,363,365,366,367,368,369,370,371,372,373,374,375,376,377,379,381,383,384,385,386,388,389,390,391,392,393,394,396,397,398,400,401,402,403,404,405,406,407,408,409,410,411,414,417,418,421,422,423,426,427,429,431,432,435,436,438,440,443,444,446,451,453,454,465,466,467,472,480,489,490,493,494,499,502,522,549,552,554,621,683
10,10,12,13,14,15,17,18,20,21,22,23,24,25,26,27,28,29,31,32,33,34,35,36,37,38,39,40,41,42,43,44,46,47,48,49,50,51,52,53,54,56,57,58,59,62,63,64,65,66,68,69,70,71,73,76,77,80,81,84,85,86,87,88,89,91,94,95,97,98,103,104,105,106,107,111,113,114,115,116,117,118,120,121,123,124,125,126,127,128,129,130,131,133,134,135,136,137,138,139,140,141,143,144,145,146,148,150,151,155,156,157,159,160,166,168,170,171,173,174,175,176,177,178,180,181,183,184,185,186,189,194,195,200,202,204,205,207,208,212,214,217,218,220,221,222,223,224,226,228,229,230,231,233,236,238,240,241,242,243,244,245,251,253,254,255,257,258,259,260,261,262,264,265,266,267,268,269,270,273,274,275,276,277,278,279,281,282,283,284,285,286,287,289,292,293,294,295,296,298,299,301,302,303,307,310,312,313,314,315,316,317,318,319,320,322,323,324,325,326,327,328,329,332,333,336,337,338,341,344,345,346,350,352,354,355,357,359,360,362,364,367,368,371,372,373,375,376,377,378,379,380,381,382,383,384,386,388,389,390,392,394,395,398,401,402,405,407,409,417,422,432,433,441,443,444,445,447,451,458,462,482,485,492,494,510,514,521,532,557
11,6,13,17,19,20,21,22,23,24,25,27,28,29,30,31,32,33,34,35,37,38,39,40,41,43,44,45,46,47,48,49,50,51,52,53,54,55,56,57,58,61,62,64,65,66,67,71,72,73,75,76,78,79,82,86,87,89,90,91,92,94,97,106,107,108,109,110,112,113,118,121,122,123,124,125,129,130,131,132,133,135,139,140,141,142,143,145,147,150,157,158,161,165,166,167,169,170,173,174,175,180,181,184,185,187,188,191,194,195,197,200,206,207,208,210,213,214,215,216,217,218,219,224,228,229,231,233,234,237,238,239,240,242,243,244,245,247,248,249,252,254,255,256,258,259,260,261,262,263,264,266,268,269,270,271,273,274,275,276,277,278,279,280,281,282,283,285,286,287,288,289,290,292,293,296,297,298,299,300,303,304,305,306,308,309,311,312,313,314,316,317,318,319,323,324,325,326,328,330,331,332,333,334,336,338,340,341,343,345,346,348,351,352,353,354,357,359,360,361,362,363,365,367,370,371,375,376,378,381,382,385,391,392,394,395,396,400,412,414,415,418,419,420,422,424,428,429,431,433,434,436,437,438,439,448,450,454,457,460,461,463,471,485,522,639,671
12,10,11,12,13,15,17,18,21,23,25,26,27,28,29,31,32,33,34,35,36,37,38,39,40,42,43,44,45,47,48,49,50,51,52,53,54,55,56,57,58,60,61,62,63,64,65,66,67,68,69,70,71,73,75,78,79,80,83,84,87,90,95,105,106,110,113,114,115,116,118,120,121,122,124,125,127,128,130,132,136,137,138,141,142,143,147,149,157,161,164,165,166,169,173,175,179,185,186,187,195,204,206,218,223,225,231,232,234,235,238,240,242,245,246,247,249,250,251,253,254,256,257,258,259,260,262,264,265,266,267,269,270,272,274,275,277,279,281,282,283,285,286,288,290,291,292,293,294,295,296,297,298,300,301,302,303,304,305,306,307,308,310,311,312,314,316,317,318,319,320,321,323,324,325,326,327,328,329,330,331,332,333,335,336,337,339,340,341,342,343,344,345,346,348,349,350,351,354,355,356,359,360,361,362,363,364,365,371,373,376,377,379,380,382,384,385,387,391,393,397,398,402,403,409,412,417,429,430,431,432,433,434,435,436,437,438,439,441,444,446,449,453,456,462,463,471,478,485,487,502,561
13,10,14,15,19,21,22,23,25,26,27,28,29,30,32,33,34,35,37,38,39,40,41,43,44,45,46,47,49,50,51,53,54,55,56,57,58,59,60,62,63,64,65,66,67,68,69,70,71,72,73,75,76,77,79,80,81,83,84,86,87,88,89,91,94,98,102,106,107,108,110,111,112,113,114,116,118,120,121,122,123,124,125,126,127,128,129,130,131,132,133,136,137,138,139,141,142,144,146,149,150,152,154,157,158,167,169,170,172,181,182,183,184,185,188,195,196,197,198,202,204,205,207,210,214,215,218,219,223,231,233,238,241,242,243,244,245,250,252,256,258,262,267,270,272,273,274,275,278,279,280,281,285,286,287,288,289,290,293,294,297,300,303,304,307,309,310,312,315,317,318,320,321,322,325,326,329,332,334,337,338,339,342,344,348,350,351,352,353,354,355,357,358,359,360,361,367,368,369,370,371,372,373,374,376,379,380,383,385,386,387,391,393,394,395,397,399,400,401,402,403,407,408,409,410,412,413,416,417,418,421,422,423,424,426,427,428,430,433,436,441,444,447,448,453,458,459,462,466,467,468,470,475,476,478,492,493,511,535,593
14,10,11,17,21,22,24,25,26,27,29,30,31,32,33,34,35,36,37,38,39,40,41,42,43,44,45,47,49,50,52,53,55,57,58,59,62,63,65,71,73,74,76,77,79,85,87,92,94,95,97,102,103,104,107,113,114,116,117,118,121,122,123,125,126,127,128,129,130,132,133,135,136,138,139,141,142,143,145,149,150,154,156,157,158,162,164,165,167,169,171,174,177,178,180,182,187,195,196,200,202,210,213,214,217,219,231,232,234,236,237,238,240,241,247,249,251,253,254,256,259,263,264,266,268,270,271,272,277,279,280,287,289,290,291,292,293,294,295,296,299,300,301,303,307,309,310,311,312,313,316,317,320,321,322,324,325,326,331,332,333,337,338,339,340,341,342,344,345,350,352,353,355,359,362,363,367,371,372,373,379,380,381,382,390,399,402,403,408,420,421,430,432,433,436,437,441,445,447,455,462,464,465,469,485,505,508,528,531,543,637,684
15,6,10,18,20,21,25,28,30,31,32,33,34,36,37,38,39,40,41,42,43,44,45,46,47,48,49,50,51,52,53,55,56,57,58,59,61,62,63,66,67,69,71,73,75,76,77,78,79,81,82,83,84,86,88,96,101,103,106,107,113,114,118,121,122,127,130,135,136,140,141,142,143,144,150,151,153,154,155,156,158,159,163,167,172,174,177,178,179,180,181,183,184,186,187,188,190,191,193,194,196,199,204,206,207,209,210,211,215,216,217,222,226,232,234,236,237,241,246,248,249,252,253,254,255,257,258,259,260,261,263,264,266,267,272,276,277,278,279,280,281,282,289,291,295,298,299,300,302,305,307,310,311,313,314,315,320,325,326,327,331,333,335,336,340,341,342,346,350,351,352,353,361,364,370,371,383,385,391,392,395,396,397,399,400,401,403,408,409,412,417,421,424,441,445,447,477,506,513,518
16,12,21,27,29,30,31,32,33,34,35,36,37,38,39,40,42,43,44,48,49,50,51,52,53,54,57,58,59,60,61,62,63,64,66,67,69,70,73,74,75,76,77,81,87,89,90,91,100,101,114,116,121,122,123,124,126,129,130,131,133,137,138,139,144,146,153,156,159,166,168,170,171,174,175,178,180,192,193,194,195,200,206,212,214,215,219,220,221,222,225,229,240,241,242,243,245,246,248,252,253,256,259,261,262,263,264,265,266,267,278,280,281,283,285,286,287,288,289,290,291,293,294,295,296,297,298,301,303,304,306,307,310,311,313,314,319,320,322,323,324,326,327,328,329,330,331,334,336,338,343,344,345,347,348,351,352,353,355,360,361,365,369,378,380,383,386,389,392,395,397,399,402,406,410,413,418,421,423,424,426,427,432,434,437,438,444,447,451,461,471,484,485,505,506,512
17,30,31,32,33,34,35,36,37,38,39,40,43,44,46,47,48,49,50,52,53,55,56,59,60,62,63,64,65,66,67,69,71,72,73,74,75,79,80,81,84,85,86,88,89,90,91,92,93,95,98,101,102,106,117,119,121,123,124,125,126,127,130,131,132,133,135,136,137,138,140,141,142,144,146,147,149,150,151,155,158,160,162,170,172,173,174,176,178,179,181,182,183,184,185,186,188,189,197,199,205,208,211,214,221,222,225,231,238,239,248,251,253,254,255,256,261,262,263,276,284,286,288,292,302,305,306,309,313,317,318,319,321,324,327,332,336,338,346,348,350,352,358,359,360,362,365,366,371,372,373,378,381,382,383,385,386,387,388,392,394,397,401,402,405,408,409,412,413,414,417,421,425,427,431,433,434,437,440,443,445,457,458,462,463,464,467,475,481,486,504,524,527,532,643,654,663
18,27,30,31,34,35,36,38,39,40,41,42,43,44,46,48,49,50,51,53,54,55,57,58,59,60,61,64,65,66,70,72,74,77,81,82,83,84,86,88,89,90,97,99,100,103,108,110,111,115,119,121,122,125,127,130,133,134,135,136,137,138,141,143,144,145,146,147,148,149,150,152,154,156,169,170,171,179,181,182,183,184,186,187,189,190,192,193,194,196,198,200,201,211,214,215,220,221,222,223,237,238,239,243,245,247,248,251,252,253,258,259,260,261,262,264,265,267,270,272,279,280,283,286,287,289,290,292,293,297,303,314,315,317,324,325,327,328,348,358,359,360,368,370,371,372,373,374,375,377,381,387,391,395,396,400,401,402,408,409,410,412,418,419,420,421,423,431,435,444,449,458,461,464,467,474,477,486,494,495,499,503,504,523,560,638
19,24,26,28,29,30,32,34,35,36,38,39,40,41,42,43,44,45,46,47,48,49,50,51,53,54,55,56,57,58,59,60,61,62,63,64,65,66,67,68,69,70,71,72,73,74,75,78,79,81,84,85,86,87,88,89,93,96,100,101,122,123,125,127,129,130,131,132,135,136,137,138,139,140,141,142,143,144,145,151,153,154,155,161,181,186,189,190,193,196,197,203,207,214,215,218,219,223,224,225,229,231,233,235,236,240,243,244,246,247,250,251,253,257,258,263,265,266,267,269,270,271,273,274,275,276,277,279,280,281,283,285,287,293,294,295,304,306,308,309,312,315,316,320,322,323,324,325,326,330,331,332,338,349,350,355,356,357,358,362,364,367,373,374,376,380,384,385,390,394,397,400,410,421,426,427,429,432,433,436,437,447,453,470,471,475,482,491,495,502,505,516,537
20,13,27,31,32,35,36,37,38,39,40,41,42,43,44,45,46,47,48,49,50,51,52,53,54,56,57,59,61,62,63,64,65,67,69,70,71,72,73,75,76,77,79,80,81,82,83,84,85,86,87,88,89,90,91,92,93,94,95,96,97,98,99,100,101,103,104,106,108,109,110,112,116,118,126,127,128,129,130,131,132,133,134,135,136,137,138,139,140,141,142,143,145,146,149,150,154,155,157,159,160,169,171,177,179,181,184,185,186,187,188,190,191,192,194,196,202,203,210,211,212,214,215,216,217,218,219,221,223,225,226,228,230,232,234,235,236,237,246,247,252,253,255,256,258,259,262,265,266,268,269,270,272,275,276,277,278,279,283,286,298,299,302,306,311,313,321,332,333,338,345,352,359,366,367,368,369,372,373,374,375,378,379,381,383,384,385,386,390,392,398,400,404,407,409,412,413,417,418,424,426,429,433,439,441,442,445,446,449,452,456,457,462,463,464,465,467,469,471,472,473,474,475,480,483,487,489,491,493,510,512,525,535,587
21,11,31,32,35,36,37,39,40,41,42,43,44,45,46,47,48,49,50,51,52,53,54,55,56,57,58,59,60,61,62,63,64,65,67,68,69,70,71,72,74,75,76,77,79,81,83,84,85,86,87,88,89,90,92,93,94,95,96,97,98,99,103,106,109,110,113,114,115,117,118,119,124,125,126,127,129,130,131,132,133,134,135,136,137,138,139,140,141,142,143,144,145,146,147,148,150,151,152,153,155,156,157,158,160,161,162,163,164,165,166,167,168,170,172,174,176,178,179,180,182,183,185,186,187,188,190,191,194,195,196,198,199,200,202,204,206,209,210,211,213,214,215,216,219,220,221,223,224,225,226,227,228,229,231,232,233,234,235,236,237,239,240,241,242,243,244,245,247,248,250,255,256,257,258,259,260,261,262,263,264,266,267,270,271,272,273,274,275,276,277,278,279,281,284,286,287,289,293,299,300,304,307,309,311,322,324,325,371,380,384,386,387,394,399,403,409,413,421,430,434,436,438,440,443,456,461,471,479,485,490,493,495,499,547,551,574,583
22,28,32,33,34,35,37,38,39,40,41,42,43,44,45,46,47,48,49,50,51,52,53,54,56,57,58,59,60,61,62,63,66,67,68,69,70,71,73,74,75,76,77,78,79,80,81,82,83,84,85,86,87,88,89,90,91,92,93,94,95,96,97,98,99,100,101,102,104,105,106,109,110,112,113,114,115,118,119,120,124,125,126,127,128,129,130,132,133,136,141,142,143,144,145,146,147,148,149,150,152,154,156,158,159,160,161,162,164,165,166,167,171,172,174,175,177,178,180,181,183,186,187,188,189,190,191,193,194,195,197,198,199,202,204,205,207,208,209,210,211,215,216,220,221,223,224,226,228,229,231,232,236,237,238,239,240,241,242,244,250,251,252,253,255,256,257,258,259,260,263,271,272,273,274,276,278,279,280,281,282,283,285,286,287,288,289,290,292,293,295,296,298,299,300,302,304,305,307,308,311,312,314,315,317,319,323,324,325,328,332,333,336,337,338,340,341,343,346,352,354,358,359,362,376,377,382,388,389,394,395,398,399,402,403,405,410,411,415,416,424,427,429,436,439,442,443,446,449,451,452,454,458,459,463,465,472,474,478,481,484,502,503,512,528,547,557,639,656
23,29,36,40,42,44,45,46,47,48,49,50,51,52,53,54,55,56,57,58,59,60,61,62,63,64,65,66,67,68,69,70,71,72,73,76,78,79,80,82,85,86,88,90,91,93,94,95,97,98,99,100,101,103,104,107,108,111,112,113,116,117,118,119,120,122,123,126,129,130,131,132,135,136,137,138,139,140,141,142,143,144,145,146,147,148,149,150,151,152,153,154,155,156,158,159,160,161,162,163,164,165,166,167,169,170,171,173,174,180,181,182,183,185,189,190,191,192,193,194,196,197,198,199,200,201,202,203,204,205,206,207,208,209,210,211,214,215,216,217,220,221,223,226,227,228,229,231,233,235,238,239,243,247,249,250,251,258,261,262,266,267,275,278,282,285,287,288,289,290,295,301,302,303,308,318,319,320,326,334,337,339,343,345,356,364,376,383,394,397,411,413,414,420,424,430,431,437,438,439,440,446,458,461,466,469,478,483,484,494,496,531,563
24,31,38,39,40,41,42,44,45,46,47,48,50,51,52,53,54,55,56,57,58,59,60,61,62,63,64,65,66,67,68,69,70,71,72,73,74,75,76,77,78,80,81,82,83,84,85,86,87,88,89,90,91,92,93,94,95,96,97,98,99,100,101,103,104,106,107,108,112,114,116,117,118,119,120,121,123,124,128,130,132,134,136,137,138,139,140,141,142,143,144,146,147,148,150,151,153,155,156,157,158,159,162,163,164,167,168,169,170,171,173,174,175,178,179,183,186,187,189,190,192,196,197,198,199,200,202,203,204,207,208,209,210,211,212,214,215,219,222,224,226,228,229,231,232,233,234,235,236,239,240,241,242,245,248,249,250,251,252,253,254,255,259,260,261,262,263,264,265,266,267,268,269,270,271,274,275,277,278,279,280,281,282,283,284,287,288,289,292,293,295,297,301,304,305,306,307,309,311,313,315,317,319,320,326,328,329,331,332,334,335,337,340,344,350,354,355,373,376,380,381,383,386,390,391,396,398,399,400,402,403,405,410,411,412,434,438,440,444,445,446,448,450,454,457,458,459,464,467,469,471,472,477,479,480,487,490,494,499,500,510,514,518,520
25,24,41,45,46,47,48,49,50,51,52,54,55,56,57,58,59,60,61,62,63,64,65,66,67,68,69,70,71,72,74,75,77,78,81,82,83,84,85,87,89,91,92,93,94,95,96,97,98,99,100,101,102,104,105,106,107,108,109,110,111,112,113,114,115,116,117,118,119,120,121,122,123,124,127,128,130,131,134,135,136,138,139,140,141,142,144,145,146,147,148,149,150,151,152,153,154,155,156,157,158,159,160,161,162,163,164,165,166,167,169,171,172,173,174,175,176,177,179,180,182,184,185,186,188,189,190,191,192,194,196,197,198,199,200,201,202,203,204,205,206,208,209,210,211,212,214,216,219,221,222,224,225,227,228,229,230,231,233,234,236,237,239,241,242,243,245,246,247,248,259,260,262,265,266,267,272,273,276,280,281,282,284,289,294,298,304,305,312,314,317,330,337,342,351,408,415,417,421,424,433,434,437,438,441,446,456,468,478,480,483,501,516,561
26,42,43,44,46,47,48,49,50,51,52,53,54,55,56,57,58,59,60,61,62,63,64,65,66,67,68,69,70,71,72,73,74,75,76,77,78,79,80,81,82,83,84,85,86,87,88,89,90,91,92,94,95,96,97,98,99,100,101,103,104,105,106,107,108,109,110,111,112,115,116,117,118,119,122,124,125,126,131,132,136,138,140,142,143,144,145,146,147,148,149,150,151,152,154,155,156,157,158,159,160,161,163,165,166,168,169,170,172,173,175,177,179,185,188,189,190,191,192,193,194,195,196,197,198,201,204,206,207,208,210,212,213,214,215,216,217,218,219,220,221,222,223,224,225,226,227,231,232,234,235,236,237,238,239,241,242,243,244,245,247,248,249,250,251,252,253,256,259,260,262,264,269,275,277,279,281,285,288,291,296,297,298,300,303,304,313,314,315,316,317,318,320,323,326,332,334,335,337,340,341,342,345,352,360,374,379,381,386,394,397,400,402,404,405,406,409,413,422,423,428,439,440,441,443,445,449,450,453,455,456,457,468,474,479,487,496,543,585,662
27,42,48,50,53,54,55,56,57,58,59,60,61,62,63,64,65,66,67,68,69,70,71,72,73,74,75,76,77,78,79,80,81,82,83,84,85,86,87,88,89,90,91,92,93,94,95,96,97,98,99,100,101,102,103,104,105,107,113,114,115,118,119,120,121,122,124,125,127,131,133,134,137,139,140,141,142,143,144,145,146,147,148,149,150,151,152,153,154,155,156,157,158,159,160,161,162,163,164,165,166,167,169,170,171,172,173,174,175,176,177,178,179,180,184,185,190,191,193,194,195,197,198,199,200,201,202,205,206,207,210,211,213,214,216,217,218,220,221,222,224,225,229,231,232,233,234,235,236,237,238,239,242,247,248,250,253,255,257,260,265,266,271,273,277,280,281,282,285,286,287,290,291,300,301,302,314,318,323,349,353,394,488,494,641,683
28,45,47,48,50,52,53,54,56,57,58,59,61,62,63,64,65,66,67,68,70,71,72,74,75,76,77,78,79,80,81,82,83,84,85,86,87,88,89,90,92,93,94,95,96,97,98,99,100,101,102,103,104,105,106,107,109,110,111,112,113,114,117,118,119,120,121,122,123,124,125,126,128,129,130,131,132,133,137,138,139,140,142,143,144,145,146,147,148,149,150,151,152,153,154,155,156,157,159,160,161,162,163,164,165,166,167,168,170,173,174,175,177,179,180,181,182,183,184,185,186,188,193,194,197,198,199,200,202,203,205,209,211,214,215,217,221,222,223,226,230,232,234,239,249,252,254,256,257,258,260,261,262,264,265,267,269,271,272,273,274,276,277,278,282,286,287,288,292,293,295,297,302,304,306,307,308,309,310,315,316,317,320,324,325,328,334,336,348,399,400,402,450,469,477,488,503,514,580,616
29,37,38,44,49,50,52,54,57,58,59,60,61,63,64,65,66,67,68,69,70,71,72,73,74,75,76,77,78,79,80,81,82,83,84,85,86,87,88,89,90,91,92,93,94,95,96,97,98,99,100,101,102,103,104,105,106,107,108,109,110,111,112,113,114,116,119,124,125,126,128,134,135,136,138,139,140,144,145,146,147,149,151,152,155,156,157,159,161,163,164,165,166,167,169,170,172,174,175,177,179,180,181,182,183,184,186,187,188,190,193,194,195,196,197,198,199,200,201,202,203,204,206,207,208,209,210,211,212,214,215,222,223,225,228,231,233,234,237,238,240,246,247,249,252,253,254,255,257,258,262,263,280,286,292,293,295,296,301,302,307,308,312,314,315,317,320,323,339,349,359,360,368,369,419,437,468,577
30,41,42,49,50,51,53,54,57,58,59,60,61,62,63,65,66,67,68,69,70,71,72,73,74,75,76,77,78,79,80,82,83,84,85,86,88,89,90,93,94,95,96,97,98,99,100,101,102,103,104,105,106,107,108,109,110,111,112,114,115,116,117,118,121,124,125,126,127,128,129,130,131,134,137,141,142,143,144,145,149,150,151,152,153,154,155,158,161,163,165,166,167,171,172,174,176,177,178,179,180,181,182,184,186,188,190,192,198,199,200,203,204,205,206,207,208,210,211,212,213,214,215,216,219,220,221,226,233,234,237,240,246,247,249,252,253,256,261,263,264,274,281,286,294,306,316,354,356,559
31,50,52,53,54,56,58,59,61,62,67,68,70,71,73,75,76,77,78,79,80,81,82,83,84,85,86,87,88,89,90,91,92,93,94,95,96,97,98,99,100,101,102,103,104,105,106,107,108,109,110,111,113,114,115,116,117,118,119,120,121,122,123,124,125,126,127,129,130,134,144,145,147,152,154,157,159,163,167,175,176,180,181,182,183,184,185,188,191,192,196,204,208,210,213,214,216,218,221,223,224,225,226,227,228,229,234,236,242,254,264,268,280,287,291,392,505,624
32,18,46,52,55,58,63,65,66,67,68,69,70,71,72,73,74,75,76,77,78,79,80,81,82,83,84,85,86,87,88,89,90,91,92,93,94,95,96,97,98,99,100,101,102,103,104,105,106,108,109,110,111,113,114,115,116,117,118,119,120,122,128,129,130,133,135,140,150,159,161,163,165,168,169,170,171,173,174,175,176,177,179,183,184,185,186,187,188,191,192,194,197,198,199,201,202,203,207,208,210,215,216,219,220,224,226,230,237,239,241,245,248,249,251,254,258,259,260,266,268,269,286,300,307,311,313,322,426,628
33,49,51,62,65,66,67,68,69,70,71,72,73,74,75,76,77,78,79,81,82,83,84,85,86,88,89,91,92,93,94,95,96,97,98,99,102,103,104,106,107,110,112,113,114,116,117,118,120,121,122,123,125,126,129,130,132,135,140,146,154,159,164,166,169,172,173,175,176,177,178,179,180,181,184,186,187,190,191,192,193,195,196,198,200,201,202,204,209,211,213,215,216,217,220,224,228,229,232,240,242,251,262,265,274,277,286,321,324,329,334,348,597,608,615
34,60,62,63,64,65,67,69,70,71,72,73,76,78,79,83,86,87,88,90,91,92,93,94,95,96,97,98,99,101,102,103,104,105,106,107,108,109,110,111,112,114,116,119,120,121,122,123,129,130,132,134,135,137,140,141,142,143,153,157,158,159,160,162,171,172,174,178,180,181,182,184,190,199,206,216,224,227,233,234,239,248,253,257,271,273,284,288,289,342,587,595
35,57,65,67,68,69,70,71,72,73,74,76,77,78,79,80,81,82,83,84,86,87,88,90,91,92,93,94,95,96,97,98,99,101,102,103,104,105,106,107,108,109,110,111,113,114,115,116,117,119,120,122,124,126,132,133,137,141,143,147,162,179,184,186,191,198,205,207,209,215,224,228,234,242,246,247,255,304,654
36,4,50,61,64,70,73,75,76,77,81,82,83,84,85,86,87,88,89,90,92,94,95,97,98,99,100,101,102,104,105,108,109,112,113,116,118,119,120,127,129,131,135,153,154,168,174,176,177,179,181,183,184,187,190,195,206,210,213,217,248,249,255,296,297,306,334,435,501
37,53,57,68,69,70,71,77,80,81,83,84,85,87,88,89,94,104,106,108,110,111,113,114,115,118,125,126,128,130,133,134,137,138,141,144,146,147,149,152,159,160,165,185,215,250,254,258,300
38,9,51,64,65,76,81,85,95,100,102,106,107,108,111,119,128,129,131,132,141,170,177,178,181,182,234
39,97,103,121,167
40,564,640,668
41,151
42,679
43,535,611
44,10,350,524,602
45,446,651
46,39,102,566,585
47,471,510,543
48,12,65,211,600,617
49,415,649
50,316,426,498
51,521,588,589,618
52,213,359,462,547
53,93,567,575,599
54,21,127,268,415,689
55,95,134,207,283,384,638
56,42,51,149,155,537,564,623
57,44,46,74,168,272,324
58,17,66,156,295,325,332,532,654
59,19,528,592,620,653
60,124,133,172,232,550
61,48,54,85,197,484,542,683
62,99,168,188,199,269,329,372,530,577,665
63,194,267,465,559
64,322,333
65,54,101,381,383
66,484,531,547,611,651
67,128,203,427,448,650
68,93,156,292,457,643
69,243,287,422,450,656
70,44,48,560,564,582,587,633
71,150,268,374,428,504
72,59,125,152,182,223,289,311,315,487,540,561
73,238,270,303,679
74,16,165,306,375,550
75,27,77,328,331,567,578
76,26,151,189,198,423
77,8,63,127,321,461
78,41,66,282,302,466,589
79,
80,
81,
82,
83,
84,
85,
86,
87,
88,
89,
90,
91,
92,
93,
94,
95,
96,
97,
98,
