16
0,6
1,2,6,11,17,23,36,49,171,310,326,634
2,2,3,6,7,8,9,11,12,13,14,16,20,22,29,30,33,36,38,39,40,41,42,43,44,47,48,49,51,52,55,61,64,66,69,72,74,75,171,250,274,300,429,491,560,677
3,2,4,5,6,7,8,9,10,11,12,13,14,15,16,19,20,21,22,23,24,26,27,28,29,30,32,33,34,35,36,37,38,39,40,41,43,45,46,48,49,50,51,52,53,54,55,56,57,58,59,60,61,62,63,64,65,66,67,68,69,70,71,72,73,74,75,76,77,78,79,80,81,85,89,94,118,126,141,246,389,450,513,526
4,2,3,4,5,6,7,8,9,10,11,12,13,14,15,16,17,18,19,20,21,22,23,25,27,28,29,30,31,32,33,34,35,36,37,38,39,40,41,42,43,44,45,46,47,48,49,50,51,52,53,54,55,56,57,58,59,60,61,62,63,64,65,66,67,68,69,70,71,72,73,74,75,76,77,78,79,80,81,82,83,84,85,86,87,88,89,90,91,92,93,94,95,96,97,98,99,100,101,102,103,104,105,106,107,108,109,110,112,113,116,118,121,126,127,128,129,130,137,140,149,158,165,172,184,185,187,282,297
5,1,3,4,5,6,7,8,9,10,11,12,13,14,15,16,17,18,19,20,21,22,23,24,25,26,27,28,29,30,31,32,33,34,35,36,37,38,39,40,41,42,43,44,45,46,47,48,49,50,51,52,53,54,55,56,57,58,59,60,61,62,63,64,65,66,67,68,69,70,71,72,73,74,75,76,77,79,80,81,82,83,84,85,86,87,88,89,90,92,93,94,95,96,97,98,99,100,101,102,103,104,105,106,107,108,109,110,111,112,113,114,115,116,117,118,119,120,121,122,123,124,125,126,127,128,129,130,131,132,133,134,135,136,137,138,139,140,141,143,144,145,147,148,149,150,151,152,153,155,156,157,158,159,160,161,162,163,164,165,166,167,168,169,170,171,172,173,175,176,177,178,179,180,181,182,183,184,185,186,187,188,191,193,194,195,196,197,198,199,200,201,203,205,206,208,210,211,212,213,214,218,221,224,227,228,230,256,309,552,577,634,643
6,1,2,3,4,5,7,8,9,11,12,13,14,15,16,17,18,19,20,21,22,23,24,25,26,27,28,29,30,31,32,33,34,35,36,37,38,39,40,41,42,43,44,45,46,47,48,49,50,52,53,54,55,56,57,59,60,61,62,63,64,65,67,68,69,70,71,72,74,76,77,78,79,80,81,82,83,86,87,88,90,93,94,95,96,97,98,99,100,101,102,103,104,105,106,108,109,110,111,112,113,114,115,116,117,118,119,120,121,122,123,124,125,126,127,128,129,130,131,132,133,134,135,136,137,138,139,140,141,142,143,144,145,146,147,148,149,150,151,152,153,154,155,156,157,158,159,160,161,162,163,164,165,166,167,168,169,170,171,172,173,174,175,176,177,178,179,180,181,182,183,184,185,186,187,188,189,190,191,192,193,194,195,196,197,198,199,200,201,202,203,204,205,206,207,208,209,210,211,212,213,214,215,216,217,218,219,220,221,222,223,224,225,227,228,229,230,231,232,233,234,235,236,237,238,239,240,241,242,243,244,245,246,247,248,249,250,251,252,256,257,258,259,261,262,263,264,265,266,267,268,269,270,271,273,274,275,276,277,278,283,286,287,288,291,292,300,302,305,306,308,310,312,313,350,358,368,380,385,398,467,608,654
7,1,2,3,4,5,6,7,8,9,10,11,12,13,14,15,16,17,18,19,20,21,22,23,24,25,26,27,28,29,30,31,32,33,34,35,36,37,38,39,40,41,42,43,44,45,46,47,48,49,50,51,52,53,54,55,56,58,59,60,61,62,64,65,66,67,68,70,72,73,74,75,76,81,82,84,85,86,88,90,91,92,93,94,95,96,97,98,99,100,101,102,103,104,105,106,107,108,109,110,111,112,113,114,115,116,118,119,120,121,122,123,124,125,126,127,128,129,130,131,132,133,134,135,136,137,139,140,141,142,143,144,145,146,147,148,149,150,151,152,153,154,156,157,158,159,160,161,162,163,164,165,166,167,168,169,170,171,172,173,174,175,176,177,178,179,180,181,182,183,184,185,186,187,188,189,190,191,192,193,194,195,196,197,198,199,200,201,202,203,204,205,207,208,209,210,211,212,213,214,215,216,217,219,220,221,222,223,224,225,226,227,228,229,230,231,232,233,234,235,236,237,238,240,241,242,243,245,246,247,248,250,251,252,253,255,256,257,260,262,263,265,266,267,268,270,272,276,278,279,280,281,286,287,288,290,291,293,296,297,298,300,303,304,306,307,309,312,313,326,334,357,362,388,430,540,612,681
8,1,2,3,4,5,6,7,8,9,10,11,12,13,14,15,16,17,18,19,21,22,23,24,25,26,27,28,29,30,31,32,33,34,35,36,37,38,39,40,41,42,43,44,46,47,48,49,50,51,52,53,54,55,56,57,58,59,60,61,62,63,64,65,67,68,69,70,71,72,73,74,75,77,79,81,83,84,85,86,87,88,89,90,91,92,93,94,95,96,97,98,99,100,101,102,103,104,105,107,108,109,110,111,112,113,114,115,117,118,119,120,121,122,123,124,125,126,128,129,130,131,133,134,135,136,137,138,140,141,142,143,144,145,146,147,148,149,150,151,152,153,154,155,156,157,160,162,163,165,166,167,168,169,171,172,173,174,175,176,177,179,181,182,183,184,185,186,187,188,189,190,191,192,193,194,195,196,197,198,199,200,201,202,203,204,205,206,207,208,209,210,211,212,213,214,215,216,217,218,219,220,221,222,223,224,225,226,227,228,229,230,231,232,234,235,236,237,238,239,240,241,243,244,247,248,249,250,251,253,255,257,259,269,272,273,274,275,276,278,279,285,288,289,291,292,302,305,308,312,315,319,320,326,327,329,338,342,346,364,390,399,528,542,631,639,642
9,1,2,3,4,5,6,7,8,9,10,11,12,13,14,15,16,17,18,19,20,21,22,23,25,26,27,28,29,30,31,32,33,34,35,36,37,38,39,40,41,42,43,44,45,46,47,48,49,50,51,52,53,55,57,58,59,61,62,64,65,66,67,69,70,71,72,73,74,75,76,77,78,79,80,81,82,84,85,86,87,88,89,90,91,92,93,94,95,96,97,98,99,100,101,102,104,105,108,109,110,111,112,114,116,117,118,119,121,122,125,128,129,130,131,133,135,136,137,138,139,142,143,144,145,148,149,150,151,154,156,159,160,161,163,165,166,170,172,173,174,175,177,178,182,183,184,185,186,187,188,190,191,192,193,196,197,198,199,200,202,203,206,210,212,215,216,217,221,223,225,227,228,230,232,233,237,241,242,246,247,248,254,257,259,260,261,262,263,264,265,266,267,269,270,271,274,275,276,279,283,284,285,287,290,292,296,298,306,310,312,321,322,324,330,333,337,338,342,361,433,438,441,442,459,511,584
10,1,2,3,4,5,6,8,9,10,11,12,13,14,15,16,17,18,19,20,21,22,23,24,25,26,27,28,29,30,31,32,33,34,35,36,37,38,39,40,41,42,45,46,47,48,49,50,51,52,53,54,55,56,58,59,61,62,64,65,67,68,69,70,71,72,73,75,76,77,78,79,80,82,83,84,85,86,87,88,89,90,91,92,93,95,96,97,98,99,101,102,103,105,106,109,110,111,112,113,114,115,116,118,120,121,122,123,126,128,129,130,131,132,135,136,137,138,139,140,141,142,143,144,145,146,147,149,150,153,155,156,157,161,164,166,169,173,178,180,192,198,200,203,208,209,219,226,231,233,241,243,258,259,299,300,314,368,477,513,567,671
11,1,2,3,4,5,6,7,8,9,10,11,12,13,14,15,16,17,18,19,20,21,23,24,25,26,27,28,29,30,31,32,34,35,36,37,38,39,40,41,42,43,45,46,47,50,51,52,54,55,56,57,59,60,61,62,63,64,65,66,67,68,70,72,73,74,75,76,77,78,79,81,82,83,84,86,87,88,89,90,91,92,93,94,95,96,97,98,99,100,101,102,103,104,105,106,107,108,109,110,111,112,113,114,115,117,118,119,120,122,123,124,127,128,129,130,131,132,133,134,135,136,137,138,139,140,141,142,144,145,146,147,148,149,150,151,153,154,155,157,158,159,160,161,162,163,164,165,166,168,170,171,172,173,174,178,180,181,183,185,186,187,190,192,195,196,199,200,201,208,209,211,213,216,218,224,225,230,231,234,237,241,250,261,274,377,388,407,676
12,1,2,4,5,6,7,8,9,10,12,13,14,15,16,17,18,19,20,21,22,24,25,26,27,28,30,31,32,34,35,36,37,38,39,40,41,42,43,44,45,46,47,48,49,50,51,53,54,55,56,58,59,60,61,62,63,65,66,67,68,69,70,71,72,74,75,76,77,78,79,80,82,83,84,85,86,87,88,90,91,92,93,94,95,96,97,99,100,101,102,103,104,105,106,107,108,109,110,111,112,113,114,115,116,117,118,119,120,121,122,123,125,126,127,128,130,132,133,134,135,136,137,138,139,140,141,143,144,145,151,152,153,155,157,158,159,160,163,164,165,166,167,168,169,170,171,177,178,179,180,181,182,184,186,187,188,189,193,194,195,196,197,198,200,201,204,207,209,210,213,215,216,217,218,222,224,233,238,239,247,248,251,253,258,274,281,299,305,324,344
13,3,4,6,7,9,10,11,12,13,14,15,16,17,18,19,20,21,22,23,24,25,26,27,28,29,30,31,32,33,34,35,36,37,38,39,40,41,42,44,46,49,50,51,52,53,54,55,56,57,58,61,62,63,66,68,69,70,71,72,73,74,75,76,77,78,79,81,83,84,85,87,88,90,92,93,94,95,96,97,98,99,100,101,102,103,104,105,106,107,108,109,110,111,112,114,115,117,118,119,120,121,122,123,124,127,129,130,131,133,134,137,138,140,141,142,143,144,145,146,147,148,150,154,155,156,158,160,162,164,165,166,170,172,176,180,181,184,185,186,192,195,197,198,199,201,202,205,212,215,218,220,221,228,232,233,239,241,245,251,254,271,286,293,301,318,350,384,545,599
14,2,5,6,7,9,10,11,12,13,14,15,17,18,19,20,21,22,23,24,26,27,29,30,31,32,33,35,36,37,38,39,41,42,43,44,45,46,48,49,50,51,52,53,54,56,57,58,59,60,61,62,63,64,65,67,69,70,71,73,74,76,77,78,80,82,84,85,86,87,88,89,90,91,92,93,94,96,97,98,99,100,101,103,104,105,106,107,109,110,111,112,113,115,116,119,120,121,122,123,125,126,127,128,129,132,133,134,135,136,137,138,140,146,147,148,149,157,159,161,164,165,172,173,176,179,180,181,183,184,186,188,190,191,195,196,197,198,207,212,213,216,219,220,224,227,228,229,240,243,261,273,293,301,305,316,319,325,330,552
15,1,4,5,8,9,10,14,16,17,19,20,21,22,23,24,25,26,27,28,29,30,32,33,34,35,36,37,38,39,40,41,42,43,44,45,46,47,48,49,50,51,52,53,54,55,56,58,60,61,63,65,66,69,70,71,73,74,75,76,77,79,80,82,85,86,88,89,90,91,92,93,94,95,96,98,99,100,101,102,103,104,106,107,108,109,111,112,113,115,116,117,118,119,120,122,123,124,125,126,127,129,132,133,134,135,136,137,138,140,141,144,145,146,148,149,150,152,153,154,155,158,159,160,165,169,175,176,182,185,187,188,189,190,191,199,201,203,206,207,211,221,222,223,224,232,235,261,268,272,424,448,596,688
16,2,3,5,8,9,10,12,13,14,15,16,17,18,19,20,21,22,23,24,25,26,27,28,29,30,31,32,33,34,35,36,37,38,39,40,41,42,43,44,45,46,47,48,49,51,52,53,55,56,57,58,59,60,62,63,64,66,67,68,69,70,72,73,74,75,76,77,79,80,81,82,85,86,88,90,92,95,96,97,98,99,102,103,105,106,107,108,109,110,112,113,114,116,117,118,119,120,121,122,123,125,126,128,129,130,131,132,133,134,135,137,138,139,140,142,145,146,150,151,152,153,154,155,157,158,160,161,162,163,165,167,168,169,170,171,175,177,181,182,186,188,192,195,198,202,204,207,215,220,226,236,237,239,246,261,264,285,303,340,443,631
17,2,3,5,6,7,9,10,11,12,13,14,15,18,19,20,21,22,23,24,25,26,29,30,32,33,34,35,36,37,38,39,40,41,43,44,45,46,47,48,49,50,51,52,53,54,57,58,59,61,64,65,66,67,68,69,71,72,74,75,76,77,80,82,83,87,88,89,92,94,96,97,98,99,100,101,102,103,104,105,106,108,109,110,112,113,114,115,116,117,119,120,121,122,123,124,125,127,128,129,133,135,136,138,139,141,142,143,144,146,147,150,152,153,154,155,158,159,160,163,164,165,166,169,170,173,174,176,177,178,179,180,182,183,184,191,192,196,197,198,199,200,201,203,209,210,213,215,220,222,225,229,231,232,238,242,252,264,268,280,408,416,434,665,678
18,4,5,6,7,8,9,10,11,12,14,15,16,17,18,19,20,22,23,24,25,26,27,28,29,30,31,32,33,34,35,38,39,40,41,42,43,44,46,47,48,50,51,52,53,54,55,56,57,58,59,60,61,62,64,65,66,67,68,69,70,71,72,73,75,77,78,80,81,82,83,84,85,86,87,88,89,91,92,94,95,96,100,101,102,103,104,105,106,107,108,109,110,111,113,114,115,116,117,120,121,123,125,126,127,129,131,133,134,136,143,144,145,147,148,150,151,152,154,155,156,157,158,159,161,162,163,166,167,168,170,172,181,182,183,187,188,190,192,195,196,199,203,207,209,210,211,212,213,215,216,220,221,222,223,224,226,227,230,232,234,239,240,241,244,259,263,270,273,520,542,543,610
19,1,6,10,11,12,13,14,15,17,18,19,20,21,22,23,24,25,27,28,29,30,32,33,34,35,36,37,38,39,40,42,43,44,46,47,49,51,52,53,55,56,57,58,59,60,63,65,66,67,69,71,73,74,75,76,77,79,82,83,84,85,89,90,91,92,94,95,96,97,99,100,101,102,103,105,106,107,110,111,113,114,115,117,118,119,121,122,123,124,126,129,130,134,136,137,138,140,146,147,149,150,152,153,154,158,160,161,162,164,165,167,168,170,174,181,182,188,189,190,192,197,198,200,207,209,213,217,218,221,222,225,227,231,232,236,244,246,253,255,262,265,266,273,278,286,287,293,301,310,320,358,418,554
20,4,5,8,10,11,12,13,15,16,17,18,19,20,21,22,23,24,25,26,27,28,29,30,31,32,33,34,35,36,38,40,41,42,43,44,47,48,49,50,51,53,54,55,56,57,58,59,60,61,62,63,64,65,66,67,69,70,71,72,73,74,75,76,78,79,80,81,82,83,84,85,88,91,94,95,97,99,101,102,103,104,106,107,108,110,111,113,114,115,116,117,118,119,120,121,122,125,126,127,128,129,130,131,136,137,138,139,140,142,143,144,145,146,149,153,154,155,156,157,158,159,160,162,164,165,166,167,171,172,173,174,175,176,177,178,179,181,186,188,194,199,200,201,202,204,210,212,215,219,220,222,223,224,227,228,230,233,238,239,242,244,245,249,250,266,267,268,276,291,319,386,394,427,528,562,636
21,13,17,18,19,20,21,22,23,24,25,26,27,28,29,30,31,32,33,34,35,36,37,38,39,40,41,42,43,44,45,46,47,48,49,51,52,53,54,55,56,57,58,59,60,61,62,63,65,66,67,68,70,72,73,74,76,77,80,81,82,84,88,90,92,94,95,96,101,102,103,105,106,107,108,109,110,111,112,113,114,115,116,117,118,119,120,121,122,123,124,125,126,127,128,129,130,135,137,139,140,141,142,145,147,149,150,151,152,155,156,157,158,159,160,161,162,163,164,165,166,167,169,171,172,175,176,177,178,180,182,184,185,186,187,192,193,194,195,196,197,198,200,202,203,205,207,210,212,213,214,215,216,217,220,221,223,224,225,226,231,235,243,246,251,255,257,258,283,288,309,322,418,505,555
22,11,13,16,20,21,22,23,25,26,27,28,29,30,31,32,33,34,35,36,37,38,39,40,41,42,43,44,45,46,47,48,49,50,51,52,53,54,55,56,57,58,59,60,61,62,63,64,65,66,67,68,69,70,71,73,74,76,77,78,79,80,81,84,86,87,88,90,91,93,96,97,102,103,108,109,110,111,112,113,114,115,116,117,119,120,121,123,124,125,127,128,129,131,132,133,134,135,136,137,138,139,140,142,143,144,145,146,147,148,149,150,151,152,154,156,157,158,159,160,161,162,163,164,165,166,167,168,169,170,171,172,173,174,175,178,179,181,182,187,188,190,191,192,193,195,196,198,199,200,201,202,204,205,206,207,208,209,210,212,213,214,215,216,217,218,219,220,221,222,224,226,228,229,230,231,232,233,235,237,241,242,243,246,248,249,251,252,258,259,262,272,273,274,275,278,282,287,289,295,296,297,302,315,325,332,345,347,352,390,466
23,14,18,22,23,24,25,26,27,28,29,30,31,32,33,34,35,36,37,38,39,40,41,42,44,45,46,47,48,49,50,52,53,54,55,56,57,58,59,60,61,62,63,64,65,66,67,68,69,70,71,72,73,75,76,77,78,79,80,81,82,83,84,85,86,87,88,89,94,95,107,108,111,113,114,115,116,117,118,119,120,121,122,124,125,126,127,128,129,130,131,132,133,134,135,136,137,138,140,143,144,146,147,149,151,152,153,155,157,158,159,160,161,162,165,166,167,168,169,170,172,173,174,175,176,177,178,179,180,181,182,183,184,185,186,187,188,189,190,191,192,193,194,195,196,197,198,199,200,201,202,203,204,205,206,207,208,209,210,211,212,213,214,215,216,217,218,219,220,221,222,223,224,225,226,227,228,229,230,231,232,233,234,235,236,237,239,240,242,244,245,246,247,248,249,250,252,253,254,255,256,258,262,264,266,267,272,275,280,281,284,286,287,288,289,292,294,299,302,304,330,331,408,551,694
24,14,15,19,20,22,23,24,25,26,27,28,29,31,32,33,34,35,36,37,39,40,41,42,43,44,45,47,48,49,50,51,52,53,54,55,56,57,58,59,60,61,62,63,64,65,66,67,68,69,70,71,72,73,74,75,76,77,78,79,80,81,82,83,84,85,86,87,88,89,90,91,92,93,95,96,97,98,99,100,101,102,103,106,107,109,110,111,113,114,115,117,118,119,121,122,123,124,125,127,128,129,130,131,132,133,134,135,136,138,139,140,141,142,143,144,146,147,148,149,150,151,152,153,154,155,156,157,158,159,160,161,162,163,164,165,167,168,170,171,175,176,177,178,179,180,181,182,183,184,185,186,187,188,189,190,191,192,193,194,195,196,197,198,199,201,202,203,204,205,206,207,208,210,211,212,213,214,215,216,217,218,219,220,221,222,223,224,225,226,227,228,229,230,231,232,233,234,235,236,237,238,239,240,241,242,243,244,245,246,247,248,249,250,251,252,254,255,256,257,258,259,261,262,263,264,265,266,267,268,269,270,271,272,273,274,275,276,277,278,279,280,281,282,285,286,287,288,289,290,291,292,293,294,295,297,299,300,301,302,303,304,305,307,308,309,310,311,314,315,318,319,323,326,329,331,332,338,339,345,348,352,357,361,363,368,369,371,375,377,378,379,384,390,392,399,402,424,426,503,542,624
25,19,20,24,27,28,29,31,32,33,34,35,36,37,38,39,40,41,42,43,44,45,46,48,49,50,51,52,53,54,55,56,58,60,61,62,63,64,65,66,67,68,69,70,71,72,73,74,75,76,77,78,79,80,81,82,83,85,86,87,88,89,90,91,92,93,94,95,96,97,98,99,100,101,102,103,105,107,108,111,112,113,115,116,117,118,119,120,121,122,123,124,125,126,128,129,130,131,132,133,134,135,136,137,138,139,140,141,142,143,144,145,146,147,148,149,151,152,153,155,156,157,158,160,163,165,166,167,168,169,170,173,174,175,176,177,178,179,181,182,184,185,187,188,189,190,191,192,193,194,195,196,197,198,199,200,201,202,203,204,205,206,207,208,209,210,211,212,213,214,215,216,217,218,219,220,221,222,223,224,226,227,228,230,231,232,233,234,235,236,237,238,239,240,241,242,243,244,245,246,247,248,249,250,251,252,253,254,255,256,258,259,260,262,263,264,265,266,267,268,269,270,271,272,273,274,275,276,277,278,279,280,281,282,283,284,285,286,288,290,291,292,293,294,295,296,298,299,300,301,303,304,305,308,309,310,311,312,314,315,316,317,318,320,321,322,323,324,325,326,327,328,329,330,331,334,336,337,338,340,341,343,344,347,348,350,351,352,353,356,357,358,359,361,363,366,367,369,370,371,372,374,375,376,377,378,380,381,382,383,384,388,389,391,392,393,394,400,406,407,408,413,415,421,422,424,426,427,432,434,435,441,445,446,450,455,456,482,494,528,552,554,605,665
26,11,16,17,20,22,23,25,26,29,30,31,32,34,35,36,37,38,39,40,41,42,43,44,45,46,47,48,49,50,51,52,53,54,55,56,57,58,59,60,61,63,64,65,66,67,68,69,70,71,72,74,75,76,77,79,83,84,85,86,87,88,89,91,92,93,94,95,97,98,100,101,105,106,109,111,117,121,122,123,125,126,127,128,131,132,133,134,136,137,138,139,140,141,142,143,144,145,147,148,149,150,151,152,153,154,155,156,157,158,159,160,163,164,166,167,168,169,170,171,173,174,176,178,179,181,182,183,185,186,187,188,189,190,191,192,193,195,196,197,198,199,200,201,202,203,204,205,206,207,208,209,210,211,212,213,214,215,216,217,218,219,220,221,222,223,224,226,227,228,229,230,231,232,233,234,235,236,238,241,243,244,245,246,247,248,249,250,251,252,253,254,255,256,257,258,259,260,261,262,263,264,265,266,267,268,269,270,271,272,274,275,276,277,280,281,282,283,284,285,286,287,288,289,290,291,292,293,295,297,298,299,300,301,302,303,304,305,306,307,308,309,310,311,312,313,315,316,317,318,319,322,323,325,326,327,331,332,333,334,335,336,338,339,340,342,344,345,347,351,352,353,355,357,358,359,360,361,363,364,365,366,367,369,370,371,372,374,375,376,377,378,379,380,381,382,383,384,386,387,389,391,392,394,395,396,398,400,401,402,403,404,405,406,408,411,412,413,415,416,417,419,426,427,428,429,430,432,433,434,436,438,440,445,446,451,455,456,458,459,462,465,466,467,476,478,479,480,484,507,527,556,564,660,685,694
27,8,14,23,25,26,28,29,30,31,32,33,34,35,36,37,38,39,40,41,42,43,44,45,46,47,48,49,50,51,52,53,54,55,56,57,58,59,60,61,62,63,64,65,66,67,68,69,70,71,72,73,74,75,76,77,78,79,80,81,82,83,84,85,86,87,88,90,91,92,93,96,97,99,100,101,102,103,104,108,110,113,114,117,121,122,123,124,125,126,127,128,129,130,131,132,134,135,136,137,139,140,141,142,143,146,148,149,151,153,155,158,159,160,161,164,167,168,171,172,173,174,175,177,178,179,181,182,184,185,187,188,189,191,193,194,195,196,197,198,199,200,202,203,204,205,206,207,209,210,211,213,214,215,216,217,218,219,220,221,222,223,224,226,227,228,229,230,231,232,233,234,235,236,237,238,239,240,241,242,243,244,245,246,249,250,251,252,253,254,255,256,257,258,259,260,261,262,263,264,265,266,267,268,269,270,272,273,274,275,276,277,278,279,280,281,282,283,284,285,286,287,288,289,290,291,292,293,294,295,296,297,298,299,300,301,302,304,305,306,307,308,309,310,311,312,313,314,315,317,318,319,320,321,322,323,324,325,326,327,328,329,330,331,332,333,336,337,338,339,340,342,343,344,345,347,348,349,351,352,353,355,356,357,358,359,360,361,362,363,364,365,366,367,368,369,370,371,372,373,374,375,376,377,378,379,380,382,383,384,385,386,387,388,389,390,391,392,393,394,395,396,397,398,399,400,401,402,403,404,405,406,407,410,411,412,413,414,415,416,417,418,419,420,421,422,423,424,425,426,428,429,430,431,432,433,434,435,436,437,438,439,440,441,442,443,444,445,447,448,449,450,451,452,453,454,455,456,457,458,459,461,462,464,467,469,470,471,475,476,477,480,481,486,488,489,490,492,495,499,503,506,518,523,525,526,530,547,572,585
28,14,24,25,26,28,29,30,31,32,33,34,36,37,38,41,42,43,44,46,47,48,49,50,51,52,53,54,55,57,59,60,62,65,66,67,68,69,70,73,74,75,76,78,79,80,82,83,85,86,87,88,89,90,91,93,94,95,97,98,99,100,101,102,104,106,108,117,118,119,120,121,122,125,126,127,129,131,132,135,136,137,138,139,140,141,142,143,145,146,147,150,153,155,156,158,159,169,171,173,174,175,176,177,179,181,189,190,192,193,195,196,197,198,199,200,201,202,203,204,205,206,207,208,209,210,211,212,213,214,215,216,217,218,219,222,225,226,227,229,231,232,233,234,235,237,238,239,240,242,245,246,247,248,249,250,251,252,253,254,258,259,260,262,264,266,267,268,269,270,271,273,274,275,278,280,283,284,285,286,287,288,289,290,291,293,294,295,296,297,298,299,302,303,304,305,306,307,308,309,311,312,313,314,315,318,320,322,323,324,325,326,328,329,330,331,332,333,336,339,340,341,343,344,345,346,348,349,350,352,353,354,356,357,360,363,364,365,366,367,368,369,370,371,372,373,375,376,377,378,379,380,381,383,385,386,388,390,391,392,393,394,396,399,400,402,403,404,405,406,407,408,411,412,413,415,416,417,419,420,422,423,425,426,427,428,429,430,431,432,433,434,436,437,438,440,442,443,444,445,447,448,449,450,451,452,453,454,455,456,457,458,459,465,466,468,472,474,475,477,480,481,482,483,484,486,492,493,495,502,503,508,510,511,517,520,522,533,540,559,560,567,583,599
29,15,17,18,20,23,25,27,28,29,31,35,38,39,40,41,42,44,45,46,47,48,49,50,51,52,53,55,56,57,58,59,60,61,62,63,64,66,67,68,69,71,72,73,75,76,77,79,80,83,85,86,87,88,90,91,92,93,94,95,97,99,101,104,109,110,114,115,116,120,121,122,124,125,127,128,129,131,135,137,138,140,141,142,143,144,146,148,149,150,151,154,155,156,158,159,161,164,166,170,173,174,175,176,177,178,179,182,183,186,187,188,189,190,191,193,194,197,198,199,200,201,202,204,205,206,207,209,210,212,213,214,215,216,218,219,220,221,222,225,226,227,228,229,230,231,234,235,236,240,241,242,244,247,250,251,255,256,258,259,260,262,263,264,265,268,270,271,272,273,274,275,277,278,280,282,283,285,287,288,291,292,294,295,297,299,301,302,303,304,305,306,307,308,309,310,311,312,314,315,319,321,322,324,325,326,327,330,331,332,334,337,338,341,342,343,344,346,347,348,350,354,359,361,363,365,366,371,372,373,374,375,376,377,379,380,381,384,385,386,387,388,389,390,391,393,394,396,397,398,399,400,403,405,406,411,412,414,415,416,418,420,421,423,424,427,430,431,434,435,441,445,446,447,449,450,451,453,455,456,457,459,460,464,465,467,468,470,474,476,477,480,486,491,492,496,497,498,501,504,506,509,513,517,521,522,528,531,534,538,539,549,551,559,629
30,17,19,22,26,27,28,29,30,31,32,34,35,37,38,41,42,43,44,45,47,48,49,50,51,52,53,54,56,57,58,59,61,62,65,66,67,68,69,70,71,72,73,74,75,76,77,78,79,80,81,83,84,86,88,89,90,91,92,93,95,96,97,98,99,100,101,102,103,104,105,106,110,113,118,119,122,123,128,130,131,132,135,136,138,140,143,145,146,147,149,152,154,155,157,158,159,160,162,163,164,168,171,172,173,174,175,176,177,178,179,180,181,185,187,188,189,191,192,193,194,196,197,198,199,201,202,207,209,210,211,213,214,215,219,220,221,223,225,226,228,229,232,234,235,238,240,243,244,245,247,249,250,251,252,254,255,257,258,259,260,261,262,263,264,266,267,268,269,270,273,274,276,277,278,279,280,281,282,284,286,287,289,290,291,292,293,294,295,296,297,299,300,302,303,305,306,307,308,309,310,312,313,314,315,320,321,322,323,327,328,330,334,335,338,339,340,341,342,343,344,345,346,351,353,354,358,360,364,367,368,369,370,371,372,373,374,375,376,379,380,381,382,383,384,385,388,390,391,392,393,397,400,401,402,403,405,408,409,410,411,412,413,414,415,416,417,418,419,420,421,422,423,424,425,426,427,428,429,430,432,433,434,435,436,437,438,439,442,443,444,445,446,447,448,449,451,452,454,457,459,461,464,467,468,469,473,474,475,476,477,478,482,484,486,489,491,493,500,501,503,504,508,515,517,525,529,538,543,545,548,549,550,555,573,583,682
31,17,22,24,29,32,33,34,35,36,38,39,40,41,42,43,44,45,46,47,48,49,50,52,54,55,57,58,59,60,61,62,64,65,66,67,68,69,70,72,73,74,76,77,78,79,82,84,85,86,88,90,92,95,96,97,98,99,102,103,104,105,107,109,110,111,112,114,120,121,124,125,126,128,129,130,131,132,133,134,135,136,138,139,140,142,145,146,147,150,152,153,154,156,158,160,162,165,175,176,177,179,181,183,185,186,187,189,191,192,194,195,197,198,200,202,203,208,210,213,217,218,219,221,222,223,224,225,226,230,232,233,234,236,237,241,242,243,245,246,250,251,253,257,258,259,262,263,265,266,271,272,275,276,277,282,283,284,285,286,287,288,290,292,294,297,298,299,300,301,302,303,304,305,306,308,309,310,311,312,315,317,318,320,321,322,323,326,330,331,332,335,337,341,342,348,349,354,357,368,370,373,374,375,376,377,378,381,382,384,385,386,387,390,394,398,402,404,405,412,413,414,418,419,420,421,422,423,424,426,428,430,431,433,437,438,440,445,447,450,451,457,458,462,465,467,468,471,472,473,475,476,480,501,507,513,518,573,681
32,18,21,24,29,30,36,41,42,44,45,46,47,48,50,51,53,54,55,56,57,58,59,60,61,62,63,64,65,66,67,68,69,70,71,72,73,74,75,76,77,78,82,83,84,86,88,89,90,91,93,97,99,102,103,104,105,108,109,116,117,121,123,124,130,132,134,135,138,141,143,149,151,153,154,157,160,164,166,168,171,174,182,184,185,187,188,189,190,192,193,196,197,198,200,201,203,205,206,210,212,214,215,216,217,218,219,221,222,223,224,227,228,229,231,232,236,238,241,243,246,248,251,253,255,262,264,266,271,273,274,276,279,286,287,288,289,290,293,304,308,309,312,321,340,346,351,352,357,358,367,376,380,382,383,387,391,393,396,397,399,402,407,409,410,411,415,417,418,419,421,427,432,436,439,451,463,464,468,480,485,490,498,511,561
33,18,24,29,32,41,42,43,46,48,49,50,54,56,60,64,66,70,73,74,76,77,80,82,83,84,86,87,88,89,92,93,94,95,96,97,100,101,102,103,104,106,107,111,113,118,119,129,131,132,138,140,141,142,145,147,148,149,151,153,154,155,156,158,162,170,172,181,193,195,197,198,199,230,232,237,277,284,300,304,311,313,317,318,320,327,330,332,354,374,379,385,389,399,411,445,470,699
34,51,65,70,71,87,89,95,96,99,100,101,102,106,113,118,124,126,134,137,142,143,144,146,149,167,172,178,184,186,187,189,194,197,200,209,227,229,235,236,638
35,82,360,370
36,
37,473,484
38,
39,13,440,448,578
40,58,481,533
41,
42,181,641
43,27,244,516
44,46,386,404,582,684
45,18,49,78,197,201,202,217,230,534
46,54,86,89
47,224,332,355,622
48,306,308,319,342,616
49,107,214,339
50,21,286,571,574,577,610,647
51,22,448,535,684
52,188,375,565,572
53,124,242,282,283,565,691
54,40,102,135,334,612,634,693
55,233,578,586
56,173,199,552
57,30,91,133,201,594,633,683
58,211
59,321,363,399,487,576
60,246,336,629,696
61,115,234,350,421,557
62,30,311
63,30,70,361,406,494,525,580,634
64,79,112,118,313,323,493,540
65,340,673
66,132,176,208,224,248,486,495,611
67,10,92,97,560,661
68,12,21,183,656
69,18,241,382,559,613,662
70,14,91,270,277,426
71,20,187,191,216,503,655,696
72,11,17,28,29,227,296,515,575
73,251,455,500,633,685
74,68,157,269,374,666,667
75,63,153,155,368,489,583,614,692
76,208,339,480,626
77,152,155,385,406,681
78,11,88,316,361
79,241,539,696
80,170,309,404,623,645
81,114,398,419,639
82,6,114,119,356,523
83,124,191,636
84,35,120,254,397
85,
86,
87,
88,
89,
90,
91,
92,
93,
94,
95,
96,
97,
98,
