15
0,361
1,102,150,230,438,552,671
2,37,570
3,378,380,407,556,583
4,16,149,635,636
5,57,59,202,203,550
6,24,195,282,380,523,645
7,152,179,217,350,452,509,577,629
8,31,42,239,311,496,515,603,629,680
9,42,226,279,316,350,369,406,496,515,556,691
10,166,346,610,654
11,32,103,246,454,551,605
12,90,102,320,600
13,21,35,84,90,92,93,94,95,99,104,107,223,266,435,577,626,636
14,78,80,84,85,86,87,88,89,90,91,93,94,95,96,97,98,99,100,101,102,103,104,105,106,107,108,109,110,111,112,113,114,115,116,117,118,119,120,121,122,123,124,125,127,128,129,143,171,194,203,218,227,238,244,249,256,276,522
15,66,69,78,79,81,82,83,84,85,86,88,90,92,93,94,95,96,97,98,99,100,101,102,103,104,105,106,107,108,109,110,111,112,113,114,115,116,117,118,119,120,121,122,123,124,125,126,127,128,129,130,131,132,133,134,135,136,137,138,139,140,141,142,143,144,145,146,147,148,149,150,151,152,153,154,155,156,157,158,159,160,161,162,164,165,166,167,168,169,170,171,172,173,174,175,177,178,179,180,183,188,189,191,192,193,194,195,196,198,199,204,205,206,209,373,494,614,676
16,86,92,94,95,97,98,99,100,101,102,103,104,105,106,107,108,109,110,111,112,113,114,115,116,117,118,119,120,121,122,123,124,125,126,127,128,129,130,131,132,133,134,135,136,137,138,139,140,141,142,143,144,145,146,147,148,149,150,151,152,153,154,155,156,157,158,159,160,161,162,163,165,166,167,168,169,170,171,172,173,174,175,176,177,178,179,180,181,182,183,184,185,186,187,188,189,190,191,192,193,194,195,196,197,198,199,200,201,202,203,204,205,206,207,208,209,210,211,212,213,214,215,216,217,218,219,220,221,222,223,224,225,226,227,228,229,230,231,232,233,234,235,236,237,238,239,240,241,242,243,244,245,246,247,248,249,250,251,252,253,254,255,256,257,258,259,260,261,262,263,264,265,266,267,268,269,270,271,272,273,274,275,276,277,278,279,280,281,282,283,284,285,286,287,288,289,291,292,294,297,298,299,300,302,306,307,311,312,314,315,317,318,320,324,326,327,328,330,331,342,343,356,359,365,367,368,420,474,606
17,39,49,85,90,91,94,95,96,97,98,99,100,101,102,104,105,106,107,108,109,110,111,112,113,114,116,118,119,120,121,122,123,124,125,126,127,128,129,130,131,132,133,134,135,136,137,138,139,140,141,142,143,144,145,146,147,148,149,150,151,152,153,154,155,156,157,158,159,160,161,162,163,164,165,167,169,170,172,173,174,175,176,177,178,179,180,181,182,183,185,186,187,188,189,190,191,192,193,194,197,198,199,200,201,202,203,204,205,206,207,208,209,210,211,212,213,214,215,216,217,218,219,220,221,222,223,224,225,226,227,228,229,230,231,232,233,234,235,236,238,239,240,241,242,243,244,245,246,247,248,249,250,251,252,253,254,256,257,258,259,260,261,263,264,265,266,267,268,269,270,271,272,273,274,275,276,277,278,279,280,281,282,283,284,285,286,287,289,290,291,292,293,294,295,296,297,298,299,300,301,302,303,304,305,306,307,308,309,310,311,312,313,314,315,316,317,318,321,322,324,325,327,328,329,330,331,332,333,335,336,337,338,339,340,341,342,343,344,345,346,347,348,349,351,353,354,355,356,357,358,359,360,361,362,363,364,365,366,367,368,369,370,371,373,374,375,376,377,378,380,382,390,392,395,398,401,406,407,410,415,417,423,425,427,431,432,436,454,474,506,543,683
18,90,93,95,96,97,98,99,100,101,102,103,104,105,106,107,108,109,110,111,112,113,114,115,116,117,118,119,120,121,122,123,124,125,126,127,128,129,131,133,134,135,137,138,139,141,142,143,144,145,146,147,148,149,151,152,153,154,155,157,158,159,160,161,162,163,164,166,167,168,172,173,174,175,176,177,178,181,182,183,186,187,188,189,190,192,193,194,195,196,197,198,199,200,201,202,204,205,206,207,208,209,210,211,212,213,215,216,217,218,219,220,221,222,223,224,226,227,229,230,231,233,234,235,236,237,238,239,240,241,243,244,245,246,247,249,250,251,252,253,254,255,256,257,258,259,260,261,262,263,264,265,266,267,268,269,270,271,272,275,276,277,278,279,280,281,282,283,285,286,287,288,289,290,294,295,296,297,298,300,301,302,303,307,309,311,313,314,315,318,320,324,326,327,328,329,331,332,333,334,336,338,340,341,342,346,347,351,352,353,354,357,360,365,366,367,368,372,374,376,387,388,390,392,396,408,409,412,414,428
19,90,92,93,94,95,97,98,99,100,101,103,105,106,107,108,109,110,112,113,115,116,117,118,119,120,121,122,123,124,125,126,127,128,129,130,131,132,133,134,135,136,137,138,139,140,141,142,143,144,145,146,147,149,150,151,152,154,155,156,157,158,159,161,163,164,165,168,170,171,172,173,174,175,176,179,180,181,183,184,186,187,191,192,193,194,195,196,197,198,199,201,202,203,204,205,206,207,209,210,211,214,215,216,217,218,219,221,222,224,225,226,227,228,229,230,232,234,235,236,237,238,239,240,241,242,243,244,245,246,247,248,249,251,252,253,254,255,256,257,258,259,260,261,262,263,264,265,266,267,269,271,272,273,274,275,276,277,278,279,280,281,282,284,285,286,287,288,289,290,291,292,294,295,296,297,298,299,300,301,302,303,305,306,308,309,310,311,313,317,318,319,320,321,322,323,324,327,330,333,336,339,340,341,344,345,346,351,352,355,357,360,367,372,378,390,403,416,431,479,685
20,5,31,46,60,89,90,93,94,96,97,98,99,100,101,102,103,104,105,106,107,108,109,110,111,112,113,115,116,117,119,120,121,122,123,124,125,126,127,128,129,130,131,134,135,136,137,138,139,140,141,142,143,144,145,146,147,148,149,150,151,152,153,154,155,157,158,159,160,161,164,166,167,168,169,170,171,172,173,174,175,176,177,179,180,182,183,184,185,186,188,189,190,191,195,196,197,198,199,200,201,203,204,205,206,207,208,209,210,211,212,213,214,215,216,217,218,220,221,223,224,225,226,227,228,232,233,234,235,236,238,239,240,241,242,243,244,246,248,249,250,252,253,255,256,257,258,259,260,261,262,263,264,265,266,268,269,270,272,273,274,275,280,281,284,286,287,288,290,294,296,297,298,300,302,305,307,308,309,310,311,312,314,319,321,323,325,326,327,328,337,338,339,342,343,355,358,359,361,363,366,368,372,374,383,396,400,404,413,419,432,433,445,447,514,544
21,89,91,92,93,94,95,97,98,101,102,103,104,105,106,107,108,109,110,111,112,113,114,115,116,117,118,119,120,121,122,123,124,125,126,127,128,129,130,132,133,135,136,137,139,140,141,142,143,144,145,147,148,151,153,154,155,156,157,158,160,161,162,163,164,165,167,168,170,171,174,175,176,178,179,180,181,182,183,186,187,188,189,190,191,192,193,194,195,196,197,198,199,200,202,203,204,205,207,209,210,211,212,213,214,215,216,217,218,220,222,224,225,226,227,228,229,230,232,233,234,235,236,237,238,241,245,248,249,252,254,257,258,259,262,264,265,266,268,270,271,273,274,277,278,279,282,284,285,286,288,289,294,296,297,298,299,302,304,306,308,313,320,323,324,325,331,334,335,336,342,344,346,349,359,361,362,376,387,390,399,400,403,464,470,515
22,29,88,89,93,94,95,96,97,100,102,103,104,105,106,107,108,109,110,111,112,113,114,115,116,117,118,119,120,121,122,123,124,125,126,127,128,129,130,131,132,133,134,135,136,137,138,139,140,142,143,144,146,147,148,149,151,152,153,154,155,156,157,158,159,160,161,162,163,164,166,167,168,169,170,171,172,176,178,179,180,181,184,186,187,191,193,195,196,197,199,201,202,203,204,207,208,209,210,211,212,214,215,216,219,220,221,223,224,227,228,229,230,231,232,234,235,237,239,240,243,244,245,246,249,250,251,252,253,256,257,258,259,260,261,262,263,264,265,266,267,268,269,270,271,272,273,274,275,278,279,281,282,284,286,287,290,291,292,293,294,296,297,299,300,303,309,310,311,312,315,316,317,319,320,322,323,324,325,326,329,330,334,336,337,339,347,351,355,357,360,361,368,373,395,401,403,424,434,441,448,503,514,531,544
23,89,93,94,95,96,97,98,99,101,102,103,104,105,107,108,109,111,112,113,114,115,116,117,118,119,120,121,122,123,124,125,127,128,129,130,131,132,133,134,135,136,138,140,141,142,143,144,145,146,147,148,149,150,152,153,154,155,156,157,158,159,160,161,162,163,165,166,167,169,170,171,172,173,174,175,176,179,180,181,184,185,186,189,192,193,194,195,196,197,198,199,200,201,202,204,206,207,209,210,213,216,220,221,223,224,227,228,232,233,234,235,237,238,239,240,241,243,244,245,247,248,249,250,251,254,255,256,258,259,260,261,266,267,269,270,271,273,275,276,284,285,288,290,291,292,294,296,300,301,303,305,307,317,322,325,328,333,337,339,348,349,352,355,371,376,377,379,380,381,383,392,407,412,447,450,492,535,561
24,23,66,86,89,90,91,92,93,94,95,96,97,98,99,100,101,102,103,104,105,107,108,109,110,111,115,116,118,119,120,121,122,123,124,125,127,128,129,130,132,133,134,135,137,138,139,142,143,144,145,146,147,148,149,152,153,155,156,158,162,163,164,165,166,167,168,170,171,173,174,177,178,183,184,186,189,191,194,195,196,197,198,199,200,201,202,203,205,206,207,208,210,211,212,215,216,218,220,223,224,227,228,229,230,231,232,235,236,238,239,240,241,242,243,246,249,250,251,252,253,255,258,261,262,267,268,271,272,274,276,277,278,279,280,283,285,286,288,292,293,294,299,301,310,314,315,317,318,320,330,331,332,333,344,347,349,359,375,382,387,393,443,447,457,625
25,59,76,77,79,81,84,85,86,87,88,89,90,91,92,93,94,96,97,98,99,100,101,103,104,105,106,107,108,109,110,111,112,113,114,115,116,117,118,119,120,121,122,124,126,127,128,130,131,132,133,134,135,136,137,138,139,140,141,142,143,144,145,146,147,148,150,153,154,155,157,158,159,162,164,165,167,168,169,170,171,173,175,176,178,181,182,190,191,193,194,195,196,197,199,200,201,204,207,208,209,211,213,214,215,217,222,223,225,228,229,232,233,234,236,237,238,242,243,244,245,248,252,254,256,258,259,260,264,268,270,273,274,275,278,279,281,284,285,286,288,289,290,293,295,296,297,304,306,318,323,329,330,335,340,345,361,362,365,366,368,377,390,394,396,454,472,476,479,498,511
26,7,38,89,90,91,92,93,94,95,96,97,98,99,100,101,102,103,104,105,106,107,108,109,110,111,113,114,115,117,118,120,121,122,123,124,125,128,129,130,131,132,134,135,136,137,138,139,140,143,144,145,146,147,150,151,152,153,154,155,156,157,158,159,160,161,163,165,166,167,169,170,171,172,175,176,177,178,181,183,184,187,190,193,194,196,198,203,206,207,209,210,212,213,214,219,220,224,225,229,230,231,234,241,246,253,255,260,261,263,270,274,283,288,303,309,313,315,317,321,333,334,351,373,375,382,579
27,80,86,88,89,90,91,92,93,94,96,97,98,100,102,103,104,105,106,108,109,110,111,112,113,114,115,116,117,118,119,120,121,122,123,124,126,127,128,129,130,131,132,133,134,135,138,140,141,142,143,144,145,146,148,150,151,152,153,154,155,156,158,159,160,161,164,165,166,167,168,169,170,171,172,173,174,175,176,179,181,182,183,184,185,188,190,193,194,196,198,200,202,204,205,207,208,210,211,212,213,214,215,216,218,219,220,221,222,225,226,227,228,229,230,232,238,240,242,244,247,249,250,252,253,262,263,267,282,283,284,288,291,300,302,306,319,323,325,339,340,341,437,560
28,88,89,90,91,92,93,94,96,97,98,99,100,101,102,104,105,106,107,108,109,111,112,113,114,116,117,119,120,121,122,123,124,126,127,128,129,130,131,132,133,134,135,136,137,138,139,140,141,142,143,144,145,146,148,149,151,152,154,155,156,157,158,159,160,161,162,163,164,167,168,169,170,172,173,175,176,179,180,183,184,185,190,192,195,196,197,198,201,203,205,206,208,209,210,211,212,213,217,219,220,221,222,226,227,232,233,234,235,237,242,243,244,245,246,248,249,255,259,266,267,270,271,272,273,276,277,278,279,280,283,285,286,291,295,298,299,301,302,306,314,315,322,323,326,341,343,348,354,382,386,401,458
29,2,4,85,89,92,94,97,98,99,100,101,102,103,104,105,106,107,108,111,112,113,116,117,119,120,121,122,124,125,126,128,129,130,131,132,133,135,136,137,138,139,140,141,142,143,144,145,146,147,148,149,150,152,153,154,155,158,160,161,163,165,166,167,168,169,170,171,172,173,174,175,176,177,178,179,180,181,182,183,184,185,186,187,189,191,192,193,194,195,196,198,199,200,202,203,204,205,206,208,209,210,212,215,216,220,221,223,224,226,227,228,229,234,235,236,246,249,250,252,253,255,256,257,262,266,268,271,273,278,285,286,293,295,296,299,300,302,311,321,323,331,365,373,387,403,423,569,637
30,87,89,93,97,98,99,102,104,106,108,109,110,112,113,114,115,116,117,118,120,122,123,124,125,126,127,128,129,131,132,133,135,136,137,138,139,140,141,143,144,146,147,148,150,151,153,154,155,156,158,159,161,162,163,166,167,168,170,171,172,174,175,176,182,184,186,187,190,193,194,196,199,201,204,205,206,209,210,211,214,216,217,219,220,221,223,224,225,226,227,228,230,232,233,235,236,237,238,239,240,242,243,245,246,247,248,251,253,255,256,257,259,261,265,268,270,271,273,278,279,281,282,284,285,286,291,295,296,300,301,307,308,312,327,334,339,340,347,353,382,416,449,507,614
31,90,91,92,94,96,97,99,100,101,102,103,104,105,106,107,108,109,110,111,112,113,114,115,116,118,119,121,122,125,126,127,128,129,130,131,133,134,135,136,137,138,139,140,142,143,144,145,146,147,148,149,150,151,152,153,154,156,157,158,159,160,161,162,163,164,165,166,167,168,170,171,172,174,176,181,184,186,188,189,193,194,195,196,199,201,202,203,204,205,206,209,210,212,213,215,217,218,221,223,226,227,229,232,233,235,236,239,240,241,247,248,250,256,258,259,262,266,274,275,278,284,288,290,292,294,296,298,300,307,315,317,320,324,331,332,338,340,345,348,349,375,379,380,385,390,402,426,598
32,95,97,98,99,101,102,103,104,105,106,107,108,109,110,111,112,113,114,115,116,117,118,119,120,121,122,123,124,125,126,127,129,130,132,133,135,137,139,140,141,142,143,144,145,147,150,151,152,154,156,158,159,160,164,166,168,169,170,172,173,174,175,176,177,179,180,182,184,187,188,189,190,191,192,194,195,197,198,199,200,201,203,204,207,208,210,212,214,218,219,220,221,223,224,225,227,228,229,230,231,232,234,235,236,237,238,239,240,241,242,245,247,250,253,254,255,257,261,266,269,270,272,274,275,278,279,280,297,299,301,306,310,312,313,321,323,330,333,336,352,376,390,477,482,558,635
33,84,94,97,99,101,102,103,105,106,110,111,114,116,118,119,120,121,122,124,125,126,127,128,129,130,131,133,134,136,137,138,141,143,145,146,148,149,150,151,152,153,154,155,156,157,158,159,160,162,165,168,169,170,171,173,174,175,177,178,179,180,182,185,186,188,189,190,193,194,195,196,197,199,200,201,202,204,205,207,208,210,211,214,216,217,220,221,224,225,226,229,231,235,236,239,242,243,244,246,247,252,253,256,257,260,261,262,263,264,265,267,268,269,273,274,282,283,286,294,296,298,302,305,307,311,312,313,320,323,330,331,336,345,348,350,356,396,405,463
34,87,94,95,96,98,101,102,103,104,105,106,107,108,109,110,111,112,113,114,115,116,118,119,120,121,122,123,124,125,126,128,129,130,131,132,133,136,137,138,139,142,144,147,148,149,150,151,152,154,155,156,157,158,159,160,161,162,163,167,168,169,170,172,173,175,177,178,180,181,183,194,195,197,198,200,203,204,205,207,209,210,212,213,215,216,217,218,219,220,222,224,226,228,231,232,235,236,237,238,242,244,246,251,256,259,263,267,275,276,284,289,291,294,305,316,324,328,334,344,353,361,376,385,401,477,686
35,91,97,98,99,100,101,102,103,105,106,107,108,109,110,112,113,114,115,116,117,118,119,120,121,122,123,124,125,126,127,128,129,130,131,132,133,134,135,136,137,138,139,142,143,144,146,148,151,153,154,155,156,157,159,162,166,167,173,175,176,177,180,182,183,184,189,190,191,192,195,196,198,199,201,205,206,207,208,209,210,211,213,215,216,219,220,221,222,224,225,226,227,230,232,233,234,235,236,237,239,240,241,243,245,246,247,250,251,252,253,254,256,258,259,261,263,265,268,269,270,271,272,274,276,279,280,281,289,291,292,294,303,306,307,310,311,339,345,350,502,581
36,91,99,101,103,104,105,108,109,111,112,113,114,115,116,117,118,119,124,125,126,127,128,130,131,133,135,136,137,139,140,141,142,144,146,147,148,149,150,151,152,153,154,155,157,158,159,160,161,162,163,165,167,168,169,171,173,174,181,184,187,190,191,195,196,197,198,200,202,203,204,205,207,208,209,210,211,212,213,214,215,216,217,218,219,227,228,231,234,235,237,238,240,242,263,264,266,267,269,271,273,274,277,282,283,286,288,300,307,309,316,318,321,323,328,334,335,337,340,358,381,393,405,462,515,553
37,88,92,96,101,105,106,111,112,113,114,115,117,118,119,120,121,124,125,127,129,132,133,134,135,137,139,141,142,143,145,148,151,152,153,154,155,156,159,160,169,171,173,175,176,177,179,183,184,188,189,193,194,197,198,200,204,205,206,209,211,214,216,217,220,221,222,223,224,226,227,228,229,231,233,234,235,236,238,242,245,247,250,254,255,266,270,278,282,286,297,298,300,314,333,350,377,384,583
38,76,86,87,89,92,100,105,109,110,111,112,113,114,118,119,123,124,125,130,133,134,136,137,138,139,140,141,144,148,150,152,155,156,157,159,160,162,164,166,171,174,176,177,188,199,201,204,205,209,211,215,216,217,219,228,229,231,234,238,241,243,245,248,260,263,265,269,271,273,274,278,280,284,286,308,311,314,317,319,330,335,344,345,348,352,394,425,436,460
39,85,122,129,131,138,141,143,158,159,169,184,188,221,224,225,230,232,285,352,354,368,453,465,523,547,592,612
40,226,239,621
41,425,570
42,
43,189,271,277,375,464,532,598,626,640,669,695
44,74,83,197,588
45,417,495,550,627,676
46,265,279,372,561,588,598,614
47,228,330,361,489,622
48,30,207,242,410,595
49,155,454,542
50,
51,58,411,631
52,100,477
53,118,382,504
54,251,293,413,513,680
55,364,379,443,677
56,580,643
57,162,189,270,280,527,618
58,
59,
60,
61,
62,
63,
64,
65,
66,
67,
68,
69,
70,
71,
72,
73,
74,
75,
76,
77,
78,
79,
80,
81,
82,
83,
84,
85,
86,
87,
88,
89,
90,
91,
92,
93,
94,
95,
96,
97,
98,
