15
0,306
1,116,198,278,442,530,589
2,4,169,237,316,422,441
3,275,317,536,552,594
4,133,223,342,402,556,686
5,29,50,109,181,198,215,231,293,586,601
6,647,659
7,90,200,522,567,577
8,79,229,375,385,399,606,643
9,22,150,164,293,363,385,390,627,687
10,151,164,203,346,575
11,33,216,245,387,423,576,600
12,29,65,90,143,408,460,479,668
13,13,28,69,102,496,633,658,682
14,77,227,411,423,646
15,3,71,195,209,391,634,645,691
16,101,138,158,538,679
17,145,406,443,537,573,587,658
18,99,210,486
19,131,196
20,120,240,248,362,595
21,13,103,216,229,529
22,33,46,49,186,223,235,362,381,427,443,558,559
23,26,39,41,42,43,44,45,46,47,50,51,54,55,56,59,60,61,263,333,496
24,30,31,32,33,34,37,40,41,42,44,45,46,47,48,49,50,51,52,53,54,55,56,57,58,59,60,61,62,63,64,65,66,67,70,73,80,82,86,88,98,105,209,233,290,293,358,538,559
25,26,28,34,36,37,38,39,40,41,42,43,44,45,46,47,48,49,50,51,52,53,54,55,56,57,58,59,60,61,62,63,64,65,66,67,68,69,70,71,72,73,74,75,76,77,78,79,80,81,82,83,84,85,86,88,89,90,95,98,100,102,177,293,565,597
26,23,29,33,35,36,37,38,39,40,41,42,43,44,45,46,48,49,50,51,52,53,54,55,56,57,58,59,60,61,62,63,64,65,66,67,68,69,70,71,72,73,74,75,76,77,78,79,80,81,82,83,84,85,86,87,88,89,90,91,92,93,94,95,96,97,98,99,100,101,102,103,104,105,106,107,108,109,110,111,112,113,114,115,116,117,118,119,120,121,122,123,124,125,126,127,128,129,130,131,132,133,134,135,136,137,138,139,140,141,142,143,144,145,147,149,151,152,153,154,155,156,157,158,159,161,163,165,166,168,172,173,187,228,470,501,657
27,25,31,32,34,36,37,38,39,40,41,42,43,44,45,46,47,48,49,50,51,52,53,54,55,56,57,58,59,60,61,62,63,64,65,66,67,68,69,70,71,72,73,74,75,76,77,78,79,80,81,82,83,84,85,86,87,88,89,90,91,92,93,94,95,96,97,98,99,100,101,102,103,104,105,106,107,108,109,110,111,112,113,114,115,116,117,118,119,120,121,122,123,124,125,126,127,128,129,130,131,132,133,134,135,136,137,138,139,140,141,142,143,144,145,146,147,148,149,150,151,152,153,154,155,156,157,158,159,160,161,162,163,164,165,166,167,168,169,170,171,172,173,174,175,176,177,178,179,180,181,182,183,184,185,186,187,188,189,190,191,192,193,195,196,197,198,199,200,201,202,203,204,205,206,207,208,209,210,211,212,213,214,215,216,217,218,219,220,221,222,223,224,225,226,227,228,229,230,231,232,233,234,236,237,238,239,240,241,242,243,244,245,246,247,248,249,251,252,256,258,259,260,263,268,270,271,272,273,277,279,281,282,290,291,293,295,302,306,307,311,313,314,317,320,322,330,332,349,350,361,372,460,533,665
28,29,33,38,40,41,42,44,45,47,48,50,51,52,53,54,55,56,57,58,59,60,61,62,63,64,65,66,67,68,69,70,71,72,73,74,75,76,77,78,79,80,81,82,83,84,85,86,87,88,89,90,91,92,93,94,95,96,97,98,99,100,101,102,105,106,107,108,109,110,111,112,113,114,115,116,117,119,120,121,122,124,125,126,128,129,130,131,132,133,134,135,136,137,138,139,140,141,142,143,144,145,146,147,148,149,150,151,152,153,154,155,156,157,158,159,160,161,162,163,164,165,166,167,168,169,170,171,172,173,174,175,176,177,178,179,180,181,182,183,184,185,186,187,188,189,190,191,192,193,194,195,196,197,198,199,200,201,202,203,204,205,206,207,208,209,210,211,212,213,214,215,216,217,218,219,220,221,222,223,224,225,226,227,228,229,230,231,232,233,234,235,236,237,238,239,240,241,242,243,244,245,246,247,248,249,250,251,252,253,254,255,256,257,258,259,260,261,262,263,267,268,269,270,271,272,273,274,275,277,278,279,280,281,282,284,286,287,288,289,290,291,292,295,297,298,299,300,302,303,310,311,315,316,318,323,327,329,330,341,342,345,347,348,349,368,373,388,394,409,453
29,30,39,40,41,42,43,44,45,46,47,48,49,50,51,52,53,54,55,56,57,58,59,60,61,62,63,64,65,66,67,68,69,70,71,72,73,74,75,77,78,79,80,81,82,84,85,86,87,88,89,90,91,92,93,94,95,96,97,98,99,100,101,102,103,104,105,106,107,108,109,110,111,112,113,114,115,116,117,118,119,120,121,122,123,124,125,126,127,128,129,130,131,133,134,135,136,138,139,140,141,142,143,144,145,146,147,148,149,150,151,152,153,154,155,156,157,158,159,160,161,162,163,164,165,166,167,168,169,170,171,172,173,174,175,176,177,178,179,180,181,182,183,185,186,187,188,189,190,191,192,193,194,195,196,197,199,200,201,202,203,204,205,206,207,208,209,210,211,212,213,214,215,216,217,218,219,220,221,222,223,224,225,226,227,228,229,230,231,232,233,234,235,236,237,238,239,240,241,242,243,244,245,246,247,248,249,250,251,252,253,254,255,256,257,258,259,260,261,262,263,264,265,266,267,268,269,270,271,272,273,274,275,276,277,278,279,280,281,282,283,284,285,286,287,288,289,290,292,293,294,295,296,297,298,299,300,301,302,303,305,306,307,308,310,311,314,315,316,317,319,320,322,323,324,325,326,327,328,329,330,331,332,333,334,335,336,339,341,342,343,344,346,347,349,351,352,355,356,361,362,363,364,370,371,380,385,387,412,617,698
30,24,32,35,36,37,38,39,40,41,42,43,44,45,46,47,48,49,50,51,52,54,55,56,57,58,59,60,62,63,64,65,66,67,68,69,70,71,72,73,74,75,76,77,78,79,80,81,82,83,84,85,86,87,88,89,90,91,92,93,94,95,96,97,98,99,100,101,103,104,105,107,108,109,110,111,112,113,114,115,116,117,118,121,122,123,124,125,128,129,130,131,132,133,134,135,136,137,138,139,140,141,142,143,144,145,146,147,148,149,150,151,152,153,156,157,158,159,160,161,162,163,164,165,166,167,168,169,170,171,172,173,174,175,176,177,178,179,180,181,182,183,184,185,186,187,188,189,190,191,192,193,194,195,196,197,198,199,200,201,202,203,204,205,206,207,208,209,212,213,214,215,216,217,218,219,220,221,222,223,224,225,226,227,229,230,231,232,233,234,235,236,237,238,239,240,241,242,243,244,246,247,249,250,251,252,253,255,256,257,258,259,260,262,265,268,270,271,272,273,275,277,278,280,281,283,284,285,286,287,290,291,293,295,296,298,301,302,304,305,306,308,310,312,313,315,316,317,318,319,320,321,323,324,327,329,333,334,339,340,341,344,347,356,357,358,368,371,374,383,386,409,443,616
31,33,34,35,37,38,39,40,41,42,43,44,45,46,47,48,49,50,51,52,53,54,55,56,57,58,59,60,61,62,63,64,65,66,67,68,69,70,71,72,73,74,75,76,77,78,79,80,81,83,84,85,86,87,88,89,90,91,92,93,94,95,96,98,101,102,104,105,106,107,108,109,110,111,112,113,114,115,116,118,120,121,122,123,124,125,126,127,128,129,130,131,132,133,134,135,136,137,138,139,140,141,142,143,144,145,146,147,148,149,150,151,152,153,154,155,156,157,158,159,160,161,162,163,164,165,166,167,168,169,170,171,173,174,175,176,177,178,179,180,181,183,184,185,186,187,188,189,190,191,192,193,194,196,197,198,199,200,201,202,203,204,205,206,207,208,210,211,212,213,214,215,216,217,218,219,220,221,222,223,224,225,226,227,228,229,231,232,233,234,236,238,239,240,241,242,244,245,246,247,250,251,252,253,254,255,256,257,258,259,260,261,262,263,264,265,266,267,269,270,272,273,274,275,276,277,278,280,282,283,285,287,288,289,290,294,297,301,302,304,306,309,310,311,313,314,316,317,318,321,322,323,324,327,330,332,336,338,341,347,351,352,361,365,367,368,369,370,372,385,398,405,407,410,412,414,555
32,27,32,33,34,35,36,37,38,39,40,41,42,43,45,46,47,48,49,50,51,52,53,54,56,57,58,59,60,61,62,63,64,65,66,67,68,69,70,71,72,73,74,75,76,77,78,79,80,81,82,83,84,85,86,87,88,89,90,91,92,93,94,95,96,97,98,99,100,101,102,103,104,105,106,107,108,109,110,111,112,113,114,115,116,117,119,120,121,122,123,124,125,126,127,128,129,130,131,132,133,134,135,136,137,138,139,140,141,142,143,144,145,146,147,148,149,150,151,152,153,154,155,156,157,158,159,161,163,164,165,166,167,169,171,172,173,174,175,176,177,179,180,181,182,183,184,185,188,189,191,192,193,194,195,196,197,199,200,201,202,203,204,205,206,207,208,209,210,211,212,213,214,215,216,217,219,220,221,222,223,225,226,228,229,230,231,232,233,234,235,237,238,239,240,241,242,243,244,246,248,249,251,252,253,254,255,256,257,260,261,263,264,266,267,268,269,270,271,272,275,276,278,280,283,284,285,287,289,292,295,296,298,300,301,302,303,305,307,310,311,315,318,321,323,325,326,327,328,329,332,333,337,338,341,342,346,352,359,366,368,370,375,386,394,408,415,422,433,435,449,460,590,616
33,30,31,32,33,34,35,36,37,38,39,40,41,42,43,44,45,46,47,48,49,50,51,52,53,54,55,56,57,58,59,60,61,62,63,64,65,66,67,68,69,70,71,72,73,74,75,76,77,78,79,80,81,82,83,84,85,86,88,89,91,92,93,94,95,96,97,99,100,101,103,104,105,107,108,109,111,112,113,115,117,118,120,121,122,123,124,125,126,127,128,129,130,131,132,133,134,135,136,138,139,141,142,143,144,145,146,147,148,149,150,151,152,153,155,156,157,158,159,160,161,163,164,165,166,167,168,169,170,171,172,173,174,175,176,177,178,179,181,182,183,184,185,186,187,188,189,190,191,192,193,195,197,198,199,200,201,202,203,204,206,207,208,209,210,212,213,214,215,216,217,218,220,221,222,223,224,225,226,227,228,229,230,231,232,233,235,236,238,239,240,242,243,246,247,248,249,251,257,258,259,260,261,262,263,265,266,267,268,270,272,273,275,277,279,281,285,286,287,294,298,299,300,302,304,306,312,313,315,322,324,327,329,330,337,341,347,359,376,382,397,429,523,543,592,632
34,24,27,30,31,33,34,35,36,37,38,39,40,41,42,43,44,45,46,47,48,49,50,52,53,54,55,56,57,58,59,60,61,62,63,64,65,66,67,69,70,71,73,74,75,76,77,78,79,80,81,82,83,84,85,86,87,88,89,90,91,92,93,94,95,96,97,98,99,100,101,102,103,104,105,106,107,108,109,110,111,112,113,115,116,117,120,121,122,123,124,125,126,127,128,129,130,131,132,134,135,136,137,138,139,140,141,142,145,146,147,148,149,150,151,152,155,156,157,158,159,160,162,164,165,166,167,168,170,173,174,175,176,177,179,180,181,183,184,185,186,187,188,189,190,191,194,195,196,197,198,199,200,202,203,204,205,206,207,208,209,210,211,212,213,214,215,216,217,218,219,220,221,222,223,224,225,226,227,228,229,230,231,232,234,235,236,238,239,240,241,242,243,246,248,249,250,253,254,256,258,259,260,261,262,265,266,267,268,274,275,276,278,279,280,281,283,284,285,286,288,289,291,294,299,301,303,304,306,308,312,315,317,321,323,324,325,328,332,334,340,344,348,349,350,352,353,355,358,379,382,384,394,405,410,421,431,449,459,485,516
35,4,23,27,28,29,30,31,32,33,34,35,36,37,38,39,42,43,44,46,47,48,49,50,51,52,53,54,55,56,57,58,59,60,61,62,63,64,65,66,67,68,69,70,71,72,73,74,75,76,77,78,79,80,81,82,83,84,85,86,87,88,89,90,91,93,94,95,96,97,98,99,100,101,102,103,105,106,107,109,110,111,113,115,116,118,119,121,122,124,125,126,127,128,129,130,131,132,133,134,135,136,137,138,139,140,142,143,144,145,146,147,148,149,150,151,152,153,154,155,156,157,158,159,160,161,162,163,164,165,166,167,168,169,170,171,173,174,175,176,177,178,179,180,181,182,183,184,185,186,187,188,189,190,191,192,193,194,195,196,197,198,199,201,203,204,205,206,207,208,209,211,212,214,215,217,219,220,221,223,224,226,228,229,230,232,233,234,236,237,238,239,242,243,244,246,247,248,250,251,252,253,255,256,258,260,262,263,264,271,273,279,280,283,288,289,290,291,294,297,298,300,301,305,307,310,311,312,316,319,322,324,325,349,350,356,359,374,376,389,433,438,441,443,466,506,647
36,27,28,29,30,31,32,33,34,35,36,37,38,39,40,41,42,43,44,45,46,47,48,49,52,53,55,56,57,58,59,60,61,63,65,66,67,68,69,70,71,72,73,74,75,76,77,78,79,80,81,82,83,84,85,86,87,88,89,90,91,92,93,94,95,96,97,98,99,100,101,102,103,105,106,107,108,109,110,112,114,115,116,117,118,120,121,122,123,124,125,126,127,128,129,130,131,132,133,134,135,136,137,138,139,140,141,142,144,145,146,147,148,150,152,153,154,156,157,158,160,162,163,164,165,166,168,169,170,171,173,174,180,181,182,183,184,186,187,189,190,191,192,193,195,197,198,200,201,202,203,204,205,206,208,210,211,212,213,214,215,216,218,219,221,222,224,225,226,227,228,229,230,231,232,233,234,235,236,240,241,243,244,245,247,248,250,252,253,255,256,258,261,262,264,265,266,270,272,274,275,276,277,279,285,286,287,288,289,292,294,295,296,300,301,302,304,305,308,310,312,313,314,318,320,322,325,328,331,332,343,345,348,351,352,359,360,368,375,384,437,440,465,468
37,21,23,24,25,26,27,28,29,30,31,32,33,34,35,36,37,38,39,40,41,42,43,44,45,46,47,48,49,50,51,52,53,54,55,56,57,58,59,60,61,62,63,64,65,66,67,68,69,70,71,73,74,75,76,77,78,80,81,82,83,84,85,86,87,88,89,90,91,92,93,94,95,96,97,98,100,101,102,103,104,105,106,107,108,109,111,112,113,115,116,117,118,119,120,121,122,123,125,126,128,129,131,133,134,135,138,139,141,142,143,144,145,146,147,148,151,152,154,155,156,157,158,159,161,162,163,164,165,166,167,168,169,170,171,172,173,174,175,176,177,178,179,181,182,183,184,185,186,187,188,189,190,191,192,193,194,195,196,198,199,200,201,202,203,204,205,206,207,209,210,212,213,214,215,216,218,219,220,223,224,225,226,229,231,232,233,234,235,240,241,242,243,244,245,252,254,255,259,260,263,267,270,271,277,278,284,285,287,288,295,297,300,301,308,310,312,322,327,339,340,355,385,407,425,426,434,516,517,577
38,21,24,27,28,30,31,32,33,34,35,36,37,38,39,40,41,42,43,44,45,46,47,48,49,50,51,52,53,54,55,56,57,59,60,61,62,63,64,66,67,68,69,70,71,72,73,74,75,76,77,78,79,80,81,82,83,84,85,86,87,88,89,90,91,92,93,94,95,96,97,98,99,100,101,102,103,105,106,107,108,109,110,111,112,113,114,115,116,117,118,119,120,121,122,123,124,126,127,128,130,132,135,136,137,138,140,141,142,145,147,148,149,150,151,153,154,156,157,159,162,163,165,168,170,176,178,180,181,182,183,184,185,186,187,188,189,190,191,192,193,197,202,207,208,209,210,213,214,215,216,218,219,221,222,224,226,228,229,231,234,236,239,240,241,242,244,245,247,250,251,253,258,259,262,265,266,268,270,271,275,287,289,290,291,293,296,298,299,305,321,324,326,329,334,344,350,360,365,368,373,379,380,411,420
39,22,24,28,29,32,33,35,36,37,38,39,40,41,43,44,45,46,47,48,49,50,51,52,53,54,56,57,58,59,60,61,62,63,64,65,66,68,69,70,71,72,73,74,75,77,78,79,80,81,82,83,84,85,86,87,88,89,91,92,93,94,95,96,97,98,100,101,102,103,104,105,106,107,108,109,110,111,112,113,115,116,117,118,119,120,121,122,123,124,125,127,128,129,130,131,132,133,134,135,136,137,138,139,140,141,142,143,144,145,147,148,149,150,151,153,156,157,159,160,161,162,164,166,167,168,169,171,174,175,176,177,179,180,181,182,185,186,193,197,199,201,205,206,212,214,216,217,219,223,225,231,236,240,251,259,283,284,321,343,444
40,14,16,18,20,22,23,24,27,28,29,30,31,32,33,34,35,36,37,38,39,40,41,43,44,45,46,47,48,49,50,52,53,56,57,58,59,60,61,62,63,64,65,67,68,69,70,71,72,73,74,75,76,78,79,80,81,82,83,84,86,87,88,89,90,91,92,93,94,95,96,97,98,99,100,101,102,103,104,105,106,107,108,109,110,111,112,113,114,116,117,118,119,121,122,124,127,128,129,130,131,132,134,136,139,142,143,144,145,146,147,148,149,150,151,152,153,155,156,157,158,161,162,163,164,165,168,170,171,173,174,177,178,180,181,182,183,184,185,186,188,191,192,193,194,195,196,197,198,199,200,201,202,203,206,207,208,209,210,211,212,214,215,216,217,219,222,224,225,226,228,230,231,232,233,237,238,239,240,241,243,245,246,248,251,255,256,258,259,260,262,264,270,271,272,273,276,278,279,282,283,292,293,296,299,301,314,315,321,326,338,349,378,392,460
41,3,6,22,23,25,26,28,29,31,32,33,34,35,36,37,38,39,40,41,42,43,44,45,46,47,48,49,50,51,52,55,56,57,58,59,60,61,62,64,65,66,67,69,70,71,72,74,75,76,77,78,79,80,81,82,83,84,85,86,87,88,90,92,93,94,97,98,99,101,102,104,105,106,107,109,110,111,112,113,114,115,116,117,118,119,120,121,122,123,124,125,126,127,128,129,130,131,132,133,134,135,136,137,138,139,140,141,142,143,144,145,146,147,148,150,151,152,153,154,156,157,158,160,161,162,163,164,165,166,167,168,170,171,172,173,174,176,177,178,182,183,184,185,186,188,189,190,191,193,194,195,196,198,201,205,206,207,208,209,210,211,212,213,215,216,218,221,225,227,231,233,234,235,237,243,244,250,251,253,254,255,256,257,261,264,266,272,278,282,283,286,290,317,330,363,398,410,476,549
42,13,21,24,25,26,27,28,29,31,32,33,34,35,36,37,38,40,41,43,44,45,47,48,49,50,51,52,53,54,55,57,58,59,61,62,63,64,65,66,67,68,69,70,71,72,73,74,75,76,77,78,79,80,81,82,83,84,85,86,87,88,89,90,91,92,93,94,95,96,97,98,99,100,101,102,103,104,105,106,107,108,109,110,111,112,114,115,116,117,118,120,121,123,124,125,127,128,130,131,132,133,134,135,136,137,139,140,145,147,149,150,151,153,156,157,160,161,162,163,164,166,167,168,171,172,173,177,178,180,181,183,184,185,186,187,188,189,190,191,192,193,194,196,197,198,199,200,202,204,205,207,208,209,211,212,213,214,215,216,218,219,220,221,222,223,224,225,226,228,229,230,232,233,235,236,237,238,239,240,241,244,246,247,248,249,253,254,255,256,257,258,259,260,261,263,264,266,270,275,276,277,278,279,280,282,287,293,295,296,303,304,306,307,308,309,310,311,313,330,333,356,367,412,509,538,614,632
43,14,28,34,35,36,37,38,39,40,41,42,43,44,45,46,47,48,49,50,51,52,53,54,56,57,58,59,60,61,62,63,64,65,66,67,68,69,70,71,72,73,74,75,76,78,80,81,82,83,84,85,87,89,90,91,92,93,94,95,96,97,98,99,100,101,103,104,105,106,107,108,109,110,111,112,113,114,115,116,117,118,119,120,121,122,123,124,125,126,127,128,129,130,131,132,133,134,135,136,137,138,139,140,141,142,143,145,146,147,148,149,150,152,153,154,155,156,157,161,163,164,166,169,174,176,177,180,181,182,186,187,190,191,194,198,199,201,203,204,206,208,211,213,214,216,217,219,220,222,223,225,226,230,232,234,239,240,245,248,256,258,264,266,268,269,270,271,273,276,283,286,288,296,299,305,312,319,323,326,328,331,333,334,339,344,352,356,361,404,414
44,28,30,32,35,36,38,39,40,42,45,46,48,49,50,52,53,54,55,56,57,58,59,60,61,62,63,64,65,66,67,68,69,70,71,72,73,74,75,76,77,78,79,80,81,82,83,84,85,86,87,88,89,90,91,92,93,95,96,98,99,100,101,102,103,104,105,106,107,108,109,111,114,115,116,119,121,122,123,124,126,127,128,129,130,132,134,137,138,139,140,141,144,145,146,147,148,149,150,151,152,154,155,157,158,159,160,161,162,163,164,165,167,168,169,172,173,174,175,176,177,178,179,180,181,183,184,187,189,193,194,195,196,197,199,200,202,203,204,205,206,207,209,210,212,213,215,217,218,219,221,222,224,225,227,229,230,231,232,233,234,235,237,238,239,241,242,243,244,245,246,251,253,257,258,261,264,265,271,274,277,279,280,282,288,289,290,314,317,367,428,494,532,577
45,25,29,34,36,38,40,41,43,44,45,46,47,48,50,51,52,53,54,55,56,57,58,59,60,61,63,64,65,66,67,68,69,70,72,73,75,76,77,78,80,81,83,85,88,89,90,91,92,93,94,95,96,97,98,99,100,101,102,103,104,105,106,107,108,109,110,111,112,113,114,115,116,118,119,120,121,122,124,126,127,128,129,130,131,132,133,134,135,137,138,139,140,141,142,143,145,146,147,148,149,150,151,152,153,154,156,158,160,161,162,164,167,168,169,172,174,176,177,180,181,186,190,192,194,195,199,201,202,203,210,211,213,218,219,221,222,225,228,230,233,234,235,241,242,247,248,251,253,254,255,264,265,267,268,269,270,273,274,275,281,282,284,286,292,296,302,314,315,317,319,321,326,355,358,367,398,410,435,512,635,653,666
46,38,39,40,41,42,43,44,45,47,49,50,53,54,55,56,57,58,60,61,62,63,64,65,66,67,68,69,70,71,72,73,75,76,77,78,79,80,81,82,83,84,85,86,87,88,89,90,91,94,96,97,98,101,102,103,104,105,106,107,108,111,112,113,114,116,117,118,119,122,125,126,131,132,133,134,136,139,140,142,143,146,149,151,153,154,155,160,161,162,163,164,165,166,167,168,169,172,173,174,175,176,177,178,179,180,181,182,183,184,187,188,191,193,194,195,197,199,201,202,203,204,205,207,209,211,212,213,215,216,217,218,219,221,222,223,225,226,228,229,231,232,233,235,236,237,238,243,244,245,247,249,250,253,254,256,258,260,263,264,266,268,270,272,274,275,278,282,286,288,290,316,323,326,332,356,358,401,432,500
47,36,42,43,44,46,47,48,49,51,52,53,54,55,56,57,58,59,60,61,62,63,64,65,66,67,68,69,70,72,73,74,75,80,81,82,83,84,85,86,88,90,91,92,94,95,97,98,99,100,101,102,103,104,105,106,107,108,109,110,111,112,113,114,115,116,117,118,119,120,121,122,124,125,127,128,130,132,133,134,135,137,138,139,141,143,144,145,146,147,148,149,150,151,153,154,155,156,157,158,160,161,162,163,164,165,166,167,169,170,171,172,174,175,176,179,181,185,187,190,192,194,197,199,201,203,206,208,210,211,216,217,221,224,226,227,235,239,244,250,251,254,256,260,264,265,273,274,293,296,298,299,304,309,327,337,342,363,375,463
48,33,34,41,42,44,45,46,48,49,50,51,52,56,57,60,61,62,64,67,68,69,70,71,72,73,74,75,76,78,79,80,82,83,84,85,88,89,90,93,94,96,97,99,100,103,104,105,106,107,108,112,113,115,116,117,119,121,122,126,127,136,140,141,143,144,145,147,148,149,150,152,153,158,160,162,164,166,167,168,169,170,173,175,177,178,179,181,182,184,186,187,188,189,191,192,193,195,196,198,199,201,203,204,207,208,209,210,211,213,220,226,227,230,232,236,237,239,245,249,251,257,260,262,275,290,295,306,312,323,324,328,335,345,440,467,476
49,5,47,54,55,56,59,60,61,62,63,64,65,66,67,69,70,71,72,73,74,75,77,78,80,82,83,85,86,88,91,92,94,95,96,97,99,100,101,102,103,104,106,107,108,109,111,113,115,116,117,118,120,121,123,127,128,130,136,138,141,142,147,148,149,151,152,154,155,157,159,160,161,162,163,166,167,168,169,171,172,174,175,176,177,178,180,181,184,185,187,188,189,191,192,193,194,196,198,203,206,207,208,209,210,212,213,219,220,222,224,226,229,234,238,244,247,249,257,266,267,269,295,308,316,318,327,347,355,361,411,457,464,483,572
50,44,47,51,52,53,54,55,57,58,60,61,62,64,65,66,67,68,69,76,79,80,84,85,86,87,88,89,90,91,92,93,94,96,97,98,99,100,102,103,104,105,106,107,109,110,111,112,114,115,116,121,122,123,126,127,131,132,133,134,135,138,139,140,144,146,147,150,151,152,153,154,156,162,168,170,173,174,177,181,187,190,195,201,205,207,208,209,220,223,226,228,235,237,248,253,274,287,294,296,304,321,322,327,361,388,389,402,516,643,648,692
51,13,45,46,52,59,62,63,64,65,66,67,68,69,71,72,73,75,76,77,78,79,80,81,82,83,84,88,90,91,92,93,94,95,96,97,99,100,101,103,105,112,116,118,120,123,124,125,128,129,134,139,143,152,159,160,161,162,163,166,167,169,173,174,178,179,181,182,184,185,188,191,193,195,197,199,201,205,210,211,219,224,226,230,232,241,246,247,249,258,263,268,270,274,277,285,288,321,330,599
52,8,35,40,41,42,43,49,51,53,56,58,60,62,63,64,65,66,67,70,71,72,74,83,84,88,90,93,94,99,100,101,102,106,110,111,112,113,115,117,118,121,122,124,126,127,128,133,138,140,144,152,155,157,163,165,168,170,187,189,191,192,194,203,205,209,215,216,221,223,234,249,252,255,266,409,506,678
53,13,34,38,46,57,60,63,72,75,76,79,88,89,91,97,98,101,103,106,109,111,113,114,117,118,122,123,141,150,153,157,164,166,185,207,223,232,233,234,236,242,243,244,257,320,668
54,137,211,228,261,273,364,609,646,684
55,600
56,6,526,629
57,396,588,615,689
58,219,289,304,588
59,318,399,599
60,235,275
61,189,285,326,371,526
62,200,270,327,330,606,697
63,117,235,249,467,536,617
64,235,328,611
65,41,371,379,468,598,662,681
66,121,355,608,658
67,322
68,242,269,463,614
69,39,406,486,527,545,555,602
70,46,155,215,419,484,509
71,79,398,406,467,676
72,113,351,556,661
73,189,208,318,397,413,461,474,495,657,687
74,173
75,
76,
77,
78,
79,
80,
81,
82,
83,
84,
85,
86,
87,
88,
89,
90,
91,
92,
93,
94,
95,
96,
97,
98,
