10
0,126
1,56,90,92,334,373,484,596,621
2,34,80,85,87,89,93,96,128,158,384,577
3,39,75,76,77,78,79,80,81,82,83,84,85,86,89,90,93,94,95,96,97,98,100,101,102,103,104,105,106,107,108,124,234,317,522,546
4,8,29,64,66,67,69,70,71,72,73,74,75,76,77,78,79,80,81,82,83,84,85,86,87,88,89,90,91,92,93,94,95,97,98,99,100,101,102,103,104,105,106,107,108,109,110,111,112,113,114,115,116,117,118,119,120,121,122,123,124,125,126,127,129,130,137,138,139,140,152,155,158,169,170,179,181,192,280,281,328,387,391,410,491
5,9,58,63,66,68,69,70,71,72,73,74,75,76,77,78,79,80,81,82,83,84,85,86,87,88,89,90,91,92,93,94,95,96,97,98,99,100,101,102,103,104,105,106,107,108,109,110,111,112,113,114,115,116,117,118,119,120,121,122,123,124,125,126,127,128,129,130,131,132,133,134,135,136,137,138,139,140,141,142,143,144,145,146,147,148,149,150,151,152,153,154,155,156,157,158,159,161,163,164,165,166,167,168,170,172,174,175,176,178,179,183,185,186,187,188,189,190,191,193,194,195,197,199,201,203,204,205,210,213,215,216,218,220,228,231,232,234,240,243,249,261,272,282,290,308,327,467
6,62,64,65,66,68,69,71,72,73,74,75,76,77,78,79,80,81,82,83,84,85,86,87,88,89,90,91,92,93,94,95,96,97,98,99,100,101,102,103,104,105,106,107,108,109,110,112,113,114,115,116,117,118,119,120,122,123,124,125,126,127,128,129,130,131,132,133,134,136,137,138,139,140,141,142,143,146,147,150,151,153,154,156,158,159,160,161,162,163,167,168,169,170,171,172,173,174,175,176,177,178,179,181,182,183,184,185,186,187,189,190,191,192,193,194,195,196,198,200,201,202,203,204,205,206,207,208,210,211,212,213,214,216,217,218,219,221,222,225,226,230,232,234,236,237,240,241,245,247,249,251,254,256,257,258,263,266,268,271,276,284,288,311,321,361,416,551,574,694
7,15,62,64,66,67,68,69,70,71,72,73,75,76,77,78,79,80,81,82,83,84,85,86,87,88,89,90,91,92,93,94,95,96,97,98,99,100,101,102,103,104,105,106,107,108,109,110,112,114,115,116,117,118,119,120,121,123,124,125,126,127,128,129,131,132,133,134,135,136,137,138,139,140,141,142,143,144,145,146,147,148,149,150,151,152,153,154,155,156,157,158,159,160,161,162,163,164,165,166,167,168,169,170,171,172,173,174,175,176,177,178,179,180,181,183,184,185,186,187,188,189,191,192,194,195,196,197,198,199,201,202,203,204,205,206,207,209,210,211,212,213,217,218,219,221,222,225,227,228,229,230,231,232,233,234,235,237,240,242,245,246,248,249,250,252,255,257,264,272,273,281,282,299,301,305,310,314,318,403,414
8,57,64,65,66,67,68,69,70,71,72,73,74,75,76,77,78,79,80,81,82,83,84,85,86,87,88,89,90,91,92,93,94,95,96,97,98,99,100,101,102,103,104,105,106,108,109,110,111,113,114,115,116,117,118,119,120,121,122,123,124,125,126,127,128,129,130,131,133,134,135,136,138,140,141,142,143,144,145,146,149,150,151,152,153,155,157,159,160,161,163,164,165,166,167,168,170,171,172,173,174,175,176,177,178,179,180,182,183,184,185,186,187,188,189,191,192,193,194,195,196,197,198,199,200,201,203,204,206,207,208,209,210,211,212,213,214,217,218,219,220,221,222,223,226,227,229,231,233,234,235,236,237,239,240,242,243,244,245,246,250,257,258,259,261,265,268,271,274,280,284,293,294,302,317,336,350,554,571,573
9,62,63,67,69,70,71,72,73,75,77,78,79,80,81,82,83,84,85,86,87,88,89,90,91,92,93,94,95,96,97,98,100,101,102,103,104,105,106,107,108,109,110,111,112,113,114,115,116,117,118,119,120,121,122,123,124,125,126,127,128,129,130,132,133,134,135,136,137,138,139,140,142,143,144,145,146,147,148,149,151,153,154,155,156,157,160,161,162,163,165,166,167,168,169,170,171,172,173,174,175,176,177,178,179,180,181,182,183,184,185,187,188,189,190,192,194,195,196,197,199,200,201,202,203,205,208,210,211,212,213,214,215,216,217,218,219,220,225,226,227,228,229,230,232,233,234,235,236,237,239,240,241,245,246,247,248,249,253,255,257,260,262,264,265,267,274,275,280,282,284,285,286,290,291,293,299,370,375,410,516,545,609,699
10,62,63,66,67,68,69,70,71,73,74,75,76,77,78,79,80,81,82,83,84,85,86,87,88,89,90,91,92,93,94,95,96,97,98,99,100,101,102,103,104,105,106,107,108,109,110,111,112,113,114,115,117,118,119,120,121,123,124,125,126,127,128,129,130,131,132,133,134,135,136,137,138,139,140,141,142,143,144,145,147,148,149,152,153,155,156,157,159,160,161,163,166,167,168,169,170,172,173,174,175,176,177,178,179,180,181,182,183,184,185,186,188,189,190,191,192,194,195,196,197,198,199,200,201,202,203,204,206,208,210,211,212,213,214,215,216,217,218,219,220,221,223,224,225,226,227,229,231,232,233,234,235,237,239,242,243,244,245,246,247,249,250,251,253,254,255,256,259,260,261,263,264,265,266,270,276,278,280,283,293,295,346,375,560
11,57,58,62,64,66,67,69,70,71,72,73,74,75,76,77,78,79,80,81,82,83,84,85,86,87,88,89,90,91,92,93,94,95,96,97,98,99,100,101,102,103,104,105,106,107,108,109,110,111,112,113,114,115,116,117,118,119,120,121,122,123,124,125,126,127,128,129,132,134,135,136,137,138,139,140,141,142,143,145,146,147,148,149,150,151,152,153,154,155,156,157,159,160,161,162,164,165,166,167,168,170,171,172,173,174,175,176,177,178,179,181,183,184,185,186,188,189,190,191,192,193,194,195,196,197,198,199,200,201,202,203,204,205,206,207,208,209,210,211,212,213,215,216,217,218,219,220,223,224,225,226,227,229,230,231,232,235,239,240,243,244,245,247,248,252,254,255,256,257,258,260,261,265,266,269,270,274,276,278,281,284,285,286,290,297,312,344,345,354,361,518
12,33,41,63,64,65,66,67,68,70,71,72,73,74,75,76,77,78,79,80,81,82,83,84,85,86,87,88,89,91,92,93,94,95,96,97,98,99,100,101,102,103,104,105,106,107,108,109,110,111,112,114,115,116,117,118,119,120,121,122,123,124,125,126,127,128,129,130,131,132,133,134,135,137,138,139,140,141,142,143,144,145,146,147,148,149,150,151,153,154,155,157,158,159,160,161,163,166,167,168,169,170,171,172,173,174,175,176,177,178,179,182,185,186,187,188,189,191,192,193,194,195,196,197,198,199,200,201,202,205,206,207,208,209,211,213,214,215,217,218,220,221,222,224,225,226,227,228,229,230,234,235,239,240,242,244,245,246,248,249,251,252,254,255,256,259,262,265,269,273,274,276,277,278,280,285,287,291,292,300,305,310,311,312,319,326,329,338,344,353,371,384,404,459,573,683
13,55,59,62,65,66,68,69,70,71,72,73,74,75,76,77,78,79,81,82,83,84,85,86,87,88,89,90,91,92,93,94,95,96,97,98,99,100,101,102,103,104,105,106,107,109,110,111,112,113,114,115,116,118,119,120,121,122,123,124,125,126,127,128,129,131,132,133,134,135,136,137,138,139,140,141,142,143,144,145,146,148,149,150,151,152,153,154,155,156,157,158,159,161,162,163,164,165,166,168,169,170,171,172,173,174,175,176,177,179,180,181,182,183,184,185,186,187,188,189,190,191,193,194,195,197,198,200,201,202,203,204,205,206,207,208,209,211,212,213,214,215,217,218,219,220,221,222,223,224,225,226,228,229,231,232,233,234,237,240,241,242,245,247,248,249,250,252,253,256,257,259,260,261,263,265,268,270,271,273,274,276,277,281,283,284,285,286,289,290,296,297,299,302,306,309,313,317,321,326,331,349,360,430,484
14,61,63,67,69,70,73,74,77,78,79,80,81,82,83,84,85,86,87,89,90,91,92,93,94,95,96,97,98,99,100,101,102,103,104,105,107,109,110,112,113,114,115,117,118,119,120,121,122,123,124,125,126,127,128,129,130,131,132,133,135,136,137,138,139,140,141,142,143,144,145,146,147,148,149,151,153,155,156,158,159,160,162,163,164,165,166,167,168,169,170,171,172,173,174,175,176,177,178,179,180,181,182,183,184,185,186,187,188,190,191,192,193,194,195,196,197,198,200,202,203,204,205,206,207,208,209,210,211,212,213,214,215,216,217,218,219,222,223,228,229,231,232,233,235,236,238,239,240,243,244,246,248,250,251,253,254,257,258,261,264,265,267,268,271,281,282,284,287,293,294,299,300,301,303,310,313,320,322,325,327,329,331,342,363,364,368,371,417,442
15,62,63,67,69,70,74,75,76,79,80,81,82,83,85,86,87,88,89,90,93,94,95,96,97,98,99,100,101,102,103,104,105,106,107,108,109,110,111,113,114,115,116,118,119,121,122,123,124,125,126,127,128,129,130,131,132,133,135,136,137,138,139,140,142,143,144,145,146,147,149,150,151,152,153,154,155,156,157,158,159,160,161,162,163,166,167,170,171,172,173,174,176,177,178,179,180,181,182,183,184,185,186,187,188,189,190,191,192,193,194,195,196,199,200,201,202,203,204,205,206,207,209,210,211,212,213,214,215,217,218,219,220,221,224,225,226,227,228,231,232,233,239,240,241,243,244,245,246,247,248,250,251,252,253,256,261,262,263,265,266,267,268,269,271,273,274,275,276,277,278,282,286,290,291,297,301,303,307,312,315,316,321,322,324,325,327,354,359,362,370,374,388,395,475
16,65,66,75,76,77,78,80,83,84,85,86,88,89,90,91,93,94,96,97,98,99,100,101,102,104,105,106,107,108,109,110,111,112,114,115,116,118,119,120,121,122,123,124,125,126,127,128,129,130,131,132,133,135,136,137,138,139,140,141,142,143,144,145,147,149,150,151,153,154,155,156,157,159,160,162,163,164,165,166,169,170,172,173,174,175,176,179,180,181,182,183,184,185,186,187,188,189,190,191,192,193,194,195,197,198,200,201,202,203,204,205,206,207,208,209,210,211,212,213,214,217,220,221,223,224,225,227,228,229,230,231,232,234,235,236,237,239,240,242,245,247,248,249,250,252,254,255,256,258,261,267,268,271,273,274,275,277,279,283,285,286,288,290,293,294,295,298,299,300,301,303,311,316,318,319,332,337,345,353,361,373,376,439,446,581,644,655,681
17,61,68,73,77,79,80,82,83,84,85,86,87,88,89,91,92,93,94,96,98,99,100,102,103,104,105,106,107,108,109,110,111,112,113,114,115,116,117,118,119,120,121,123,124,125,126,127,128,131,132,134,136,137,139,141,142,143,144,145,146,147,151,152,153,154,156,158,159,160,161,162,164,166,168,169,170,171,172,173,175,176,177,179,180,181,183,184,185,186,188,189,190,191,192,193,194,195,196,197,198,199,200,201,202,204,205,206,207,208,209,210,211,212,213,214,215,217,218,219,220,221,222,223,224,225,226,227,228,229,230,231,232,233,234,235,236,237,238,239,240,241,242,243,244,245,246,247,248,249,250,251,252,253,254,255,256,257,259,260,261,262,263,264,265,266,267,268,270,271,272,273,274,275,276,277,278,279,280,282,283,284,285,286,287,288,289,291,292,293,294,297,298,299,302,304,305,307,310,312,315,318,320,322,324,326,328,337,338,339,340,342,343,350,353,354,357,363,366,368,373,377,380,383,394,398,451,501,629
18,71,76,79,80,81,82,84,86,88,89,90,91,92,93,94,96,97,98,99,100,101,102,103,104,105,106,107,108,109,110,111,112,113,115,116,117,118,119,120,121,122,123,125,126,127,128,130,131,132,133,134,135,137,138,139,143,144,145,146,147,148,149,152,154,155,156,160,162,163,164,166,171,173,174,175,176,179,180,181,182,185,186,187,188,190,191,192,194,195,196,197,198,199,200,201,202,203,204,205,206,207,208,209,210,211,212,213,214,215,216,217,218,219,220,221,223,224,226,228,229,230,231,232,233,235,236,237,238,240,241,242,243,245,246,248,250,251,254,255,257,258,260,261,262,263,264,265,266,268,269,270,271,273,274,275,276,277,278,280,281,282,284,285,288,289,290,291,292,294,300,303,304,305,308,310,311,313,316,320,322,324,325,326,328,332,334,335,338,341,342,344,349,357,364,365,367,376,380,407,464,596
19,71,76,77,78,80,81,83,84,85,86,87,88,89,90,92,93,96,97,98,99,100,102,103,104,105,107,108,109,111,113,114,115,117,118,120,121,122,123,124,125,126,127,130,134,135,137,138,139,140,142,145,146,147,148,149,155,158,159,161,162,166,168,169,172,175,176,177,178,179,180,181,182,185,186,187,188,189,191,192,195,196,198,200,201,202,203,204,205,206,209,210,211,212,213,214,215,216,217,218,219,220,221,224,228,230,231,232,235,236,237,238,239,242,244,245,246,248,249,250,251,252,256,257,260,261,263,264,268,270,271,272,274,275,276,277,278,280,285,287,290,293,294,297,298,299,300,301,302,304,306,310,311,319,325,327,329,330,331,338,339,340,343,344,347,348,350,352,353,359,367,370,377,380,388,393,399,411,417,424,444
20,72,73,76,78,79,80,82,85,86,87,88,89,90,92,93,94,96,97,98,100,101,102,103,105,106,107,108,109,110,111,112,113,114,117,119,120,122,123,124,125,128,129,130,131,132,133,135,137,139,142,146,147,148,149,150,152,155,156,160,161,164,165,166,167,168,170,172,174,177,179,180,181,182,184,186,187,188,189,190,191,193,195,197,198,199,201,202,203,206,207,208,209,210,211,214,215,217,218,220,221,222,223,226,228,230,232,233,234,235,237,239,240,241,242,245,246,247,249,250,251,252,253,254,256,262,264,265,267,268,270,272,273,274,275,276,277,279,283,284,285,286,287,288,289,290,291,293,296,297,298,302,303,304,305,306,307,311,312,313,317,318,319,320,321,322,326,327,329,331,332,333,334,335,341,344,352,353,363,367,371,372,374,375,410,484,555,622,683
21,76,79,81,82,83,84,85,86,87,88,89,90,92,93,94,95,96,97,99,100,102,103,105,109,111,113,114,115,116,117,120,121,125,126,128,129,130,131,132,133,134,135,136,138,139,141,142,143,145,146,147,148,150,151,152,153,154,155,158,159,161,166,170,172,173,174,176,181,183,184,185,186,188,190,191,192,193,195,197,198,199,200,201,202,203,205,207,208,209,210,212,213,215,216,217,218,220,221,222,223,224,225,226,227,228,232,233,234,235,236,237,238,239,241,243,244,246,248,250,251,253,257,258,260,261,262,263,264,265,268,269,271,273,276,277,278,280,283,284,285,286,289,293,295,296,298,301,302,303,304,305,306,308,312,314,318,319,320,324,326,327,328,330,331,333,338,340,341,350,360,369,373,376,381,394,399,418,425,432,446,535,544,620
22,39,76,79,81,82,84,85,87,88,89,91,92,93,96,97,98,100,102,103,104,105,107,108,109,110,112,114,116,117,118,119,120,122,124,125,126,127,128,129,130,132,133,134,135,137,138,139,142,144,145,146,148,150,153,154,156,157,158,165,170,171,172,174,175,176,177,178,179,180,181,182,183,184,185,186,190,191,193,194,196,197,200,201,203,204,205,206,207,208,210,211,213,214,215,216,217,218,221,225,228,229,230,232,233,234,235,237,238,239,240,241,243,245,246,247,249,250,251,252,253,255,256,259,260,267,271,272,273,274,278,280,281,286,287,288,289,293,296,297,299,302,304,306,309,317,322,323,324,327,329,334,336,338,344,346,352,361,363,367,372,375,384,451,460,497
23,19,23,74,80,81,82,84,86,87,88,89,90,91,92,94,95,96,97,98,99,101,102,103,104,105,107,108,109,110,111,112,113,114,115,116,117,119,120,121,122,123,124,126,127,128,129,130,131,132,134,136,137,139,141,144,146,148,151,158,159,160,163,165,166,167,171,172,173,174,175,176,178,181,182,184,186,187,188,189,190,191,192,194,195,196,198,200,205,206,208,209,211,212,213,214,216,217,218,222,223,226,227,228,229,230,233,235,237,239,240,241,243,244,246,248,249,250,251,252,253,254,255,256,257,258,259,260,262,263,265,268,272,273,274,275,276,277,278,279,280,281,282,284,285,286,287,289,290,291,292,294,298,299,300,301,303,305,306,309,310,314,319,325,326,330,347,356,357,358,360,363,367,378,379,380,381,423,530,645,663
24,71,75,79,80,83,84,85,86,87,88,89,90,91,93,95,96,97,98,99,100,101,102,103,104,105,107,108,109,110,111,112,113,114,116,117,118,119,120,121,122,123,125,126,128,129,130,132,134,135,137,138,139,140,144,147,148,149,151,152,154,156,157,158,160,161,164,165,171,172,174,175,176,177,182,184,185,188,189,191,192,193,195,199,201,202,204,205,206,207,209,210,217,218,221,222,225,227,228,229,230,232,233,234,237,238,239,241,243,244,246,247,250,251,252,254,255,256,260,262,264,265,268,269,270,271,273,275,277,280,281,282,290,291,293,295,302,304,305,308,310,313,315,322,327,328,332,334,337,340,351,352,358,374,389,407,423,424
25,76,79,81,82,83,85,86,87,88,89,91,92,94,95,97,100,101,102,103,105,106,107,108,113,116,117,118,119,120,121,122,124,126,129,132,133,134,135,136,137,138,139,140,142,144,145,146,147,148,149,154,156,157,159,160,165,170,171,173,174,175,177,180,184,190,192,193,194,196,201,202,203,208,216,217,219,223,224,229,230,236,237,242,243,246,247,248,249,251,252,254,255,257,258,261,266,270,271,279,280,281,284,286,288,289,290,294,300,301,304,305,306,308,320,323,324,326,330,332,337,339,342,353,355,357,359,369,430,491,522,559,561,676
26,65,71,73,78,80,82,84,87,88,89,90,91,92,94,95,97,98,100,101,103,104,106,107,108,109,110,111,112,113,115,116,117,118,119,120,122,124,125,126,127,128,129,132,134,136,137,140,142,143,144,145,146,150,152,154,157,160,161,164,165,170,173,174,179,180,181,186,187,188,189,190,191,192,193,194,195,197,198,203,204,205,206,211,212,214,221,225,226,227,229,232,235,236,238,243,244,245,250,252,253,254,255,259,260,261,263,264,267,268,269,270,276,278,280,282,285,287,289,293,295,296,297,298,300,303,305,309,313,322,325,327,334,339,341,353,355,356,357,359,361,388,398,406,446,476,639,654,693
27,74,75,76,79,81,82,84,88,89,90,91,92,94,95,96,98,99,102,103,104,105,106,108,110,111,113,114,115,116,117,118,119,120,123,127,128,129,130,131,133,134,135,138,139,140,143,144,146,147,149,152,153,155,157,158,161,168,171,172,173,174,180,182,185,188,190,192,194,195,196,197,198,201,203,204,205,207,208,209,210,212,216,217,218,219,222,224,225,226,227,228,229,230,231,232,233,234,236,237,238,239,240,241,242,244,247,249,250,252,253,254,258,261,268,269,271,272,273,278,280,283,290,292,295,300,301,303,304,312,316,318,325,328,329,341,345,347,353,355,364,427,444,518,575
28,69,70,73,76,77,78,79,80,81,83,84,85,86,88,89,90,92,95,96,99,101,104,106,107,109,113,114,115,120,121,123,124,126,128,130,131,132,133,134,135,136,137,138,139,141,144,147,150,154,155,157,158,159,162,163,165,166,167,168,171,172,173,174,177,182,186,190,192,196,199,200,205,206,207,209,213,214,217,218,219,221,224,226,228,229,231,234,235,237,238,239,240,241,246,248,249,250,251,254,255,256,259,260,261,263,267,269,276,282,289,290,294,297,298,306,311,316,317,318,323,325,329,332,336,337,341,345,350,365,373,374,377,382,405,412,418,432,436,699
29,69,70,71,74,75,77,78,79,81,82,83,84,85,86,87,88,89,91,92,93,95,96,98,99,100,101,102,103,104,105,106,108,109,110,115,120,121,122,123,125,131,132,133,135,136,137,138,139,140,142,145,147,149,151,152,154,158,159,160,161,162,163,165,167,168,169,170,171,178,179,181,183,188,189,192,193,194,196,198,199,201,204,205,208,211,213,214,215,216,219,220,222,223,224,225,227,229,230,231,233,235,236,239,240,247,249,253,258,260,261,262,263,265,271,274,277,279,281,285,286,292,298,301,306,308,315,321,325,328,329,336,339,341,346,349,351,355,360,361,381,384,388,393,394,408,433,449,458,513,526,583,681
30,65,67,69,70,72,73,74,75,76,77,78,79,81,83,84,85,87,88,89,90,92,93,96,97,98,99,103,104,106,107,111,112,113,115,116,117,119,120,121,122,126,128,132,133,136,138,141,142,144,145,148,150,151,154,155,156,158,159,160,161,163,164,165,166,167,169,170,171,172,174,177,180,182,185,190,193,194,201,202,203,204,205,211,213,215,216,217,219,220,221,222,223,225,226,227,231,233,239,241,242,243,244,245,247,248,250,251,252,253,254,257,258,262,264,265,266,270,272,282,284,291,294,296,297,302,307,318,332,333,337,339,343,347,350,356,359,365,370,386,395,398,407,436,477,597
31,67,68,69,70,72,73,75,76,77,78,80,81,82,84,86,87,88,89,90,91,93,97,99,102,103,104,106,107,109,110,112,115,119,121,122,124,125,128,129,138,143,147,148,149,152,155,156,160,161,163,164,165,166,167,169,171,173,175,180,185,186,189,190,191,192,193,196,198,199,201,203,204,207,208,211,212,216,217,219,220,221,224,226,227,232,234,236,237,242,243,245,246,250,251,252,254,255,260,261,262,264,267,276,280,282,283,284,286,288,298,307,314,319,321,324,329,346,347,378,413,414,424,480
32,63,64,65,66,67,68,69,70,71,72,73,74,75,76,77,78,79,80,82,84,85,86,88,89,90,91,97,98,99,102,106,107,109,111,112,113,114,115,117,118,119,122,123,124,125,128,129,130,134,138,139,140,141,143,144,147,149,152,153,155,156,157,158,160,161,162,166,169,171,172,174,178,180,181,183,184,187,189,191,192,195,200,202,203,206,209,210,212,213,214,216,218,219,223,225,227,229,233,235,236,237,238,239,244,253,254,255,256,259,261,263,266,267,270,277,278,279,283,285,293,298,299,305,316,321,333,334,352,365,380,390,393,446,474,487,539
33,35,60,63,65,66,69,70,71,72,73,74,75,76,77,78,79,81,82,83,84,85,87,88,89,91,92,93,94,96,97,99,102,103,104,105,106,107,108,109,110,111,113,114,116,117,119,120,123,126,128,129,130,131,135,136,137,138,141,142,144,147,151,152,154,156,157,158,159,160,162,163,166,167,169,170,171,184,185,187,188,189,190,192,193,195,197,199,206,211,217,218,219,221,231,232,237,239,242,243,244,246,248,249,252,253,254,256,258,262,268,275,276,278,285,287,288,290,297,301,303,304,311,312,317,319,323,328,342,349,360,368,371,386,387,413,421,433,537,558,656,691
34,63,64,65,67,68,69,71,72,75,76,77,79,81,86,87,89,95,97,99,101,103,104,108,109,110,111,115,117,118,120,121,123,124,125,126,130,132,133,135,137,143,144,146,148,149,153,154,155,158,159,161,162,165,167,168,169,170,171,172,173,175,177,179,180,183,185,193,195,199,200,202,204,207,212,221,222,223,224,225,226,232,233,239,247,249,255,257,258,260,262,266,270,275,276,277,278,280,283,284,285,291,294,313,320,321,327,328,336,385,422,428,437,535,652,667
35,16,44,60,61,62,63,64,65,66,67,68,69,70,71,72,73,74,75,76,77,78,79,80,81,84,85,86,87,91,92,94,96,97,100,102,103,105,106,107,110,112,115,116,117,120,121,122,126,129,130,134,138,140,141,143,145,146,151,155,156,159,161,162,163,169,171,173,181,183,185,186,189,190,194,195,200,201,203,208,216,218,219,221,222,223,226,229,230,233,235,236,237,238,239,242,245,246,251,257,258,262,264,271,273,277,278,284,292,305,308,310,325,327,328,340,342,357,374,468,549,553
36,18,58,59,60,63,64,65,66,67,68,69,70,71,72,73,75,76,77,79,80,81,82,83,86,87,89,91,92,93,94,95,97,98,99,101,102,104,106,108,109,110,111,114,116,117,119,121,123,125,126,127,145,147,149,151,156,158,160,161,162,164,167,168,169,171,172,174,175,176,178,179,188,189,196,197,202,203,206,208,211,214,217,220,222,228,231,239,240,241,244,250,261,263,264,265,268,270,273,283,292,297,298,333,345,357,364,366,368,376,434,448,496,515,560,600
37,6,60,61,64,66,69,70,72,73,75,76,78,79,82,83,85,86,87,89,90,91,92,94,96,98,99,100,102,103,104,105,106,107,108,112,113,115,116,117,120,122,123,126,127,134,135,139,141,143,145,148,153,154,158,159,161,163,165,169,175,179,181,182,183,185,194,195,196,198,199,200,203,204,205,210,211,213,214,215,217,220,221,226,230,232,235,240,245,248,251,264,269,270,275,279,300,330,359,361,408,456
38,57,60,61,68,69,70,71,73,74,75,79,81,83,84,87,88,90,91,92,93,95,96,98,99,101,104,105,106,108,112,120,122,123,127,128,135,140,152,156,158,159,160,161,162,166,169,170,173,175,177,178,181,185,189,194,196,197,202,203,207,209,215,222,226,229,231,232,233,234,245,246,256,257,291,300,308,310,327,338,353,359,582,664,698
39,30,57,63,64,65,67,68,69,70,71,72,73,74,75,80,81,82,84,85,86,87,88,90,91,92,93,96,102,103,107,113,114,117,118,122,123,125,127,128,129,130,137,141,142,157,163,165,170,171,173,177,183,184,188,191,197,199,200,201,204,206,208,212,218,220,225,226,228,231,232,233,238,256,257,259,280,287,311,333,369,423,445,541,564,596
40,58,59,60,61,62,63,64,65,67,68,69,71,75,76,77,78,79,80,81,82,84,86,89,90,93,95,97,98,103,106,107,109,116,117,118,120,122,124,125,126,128,132,134,136,149,150,156,160,161,164,165,168,171,174,178,180,181,187,191,192,195,200,203,204,207,209,219,220,221,223,228,262,292,302,323,341,389,456,498
41,40,59,60,62,64,67,69,71,72,73,74,75,77,78,79,80,81,82,85,90,92,93,95,98,101,105,106,107,108,109,112,113,114,117,119,121,123,126,127,131,132,134,137,138,143,148,156,158,162,165,168,173,183,188,206,218,226,238,242,252,281,298,301,314,367,508,570,642
42,56,58,61,62,64,65,66,67,68,70,73,78,79,82,83,86,89,92,93,94,95,96,97,98,99,100,101,102,103,105,107,108,109,110,112,116,117,118,119,120,121,123,124,126,128,130,131,134,135,138,139,155,169,185,192,193,198,203,206,207,208,212,216,220,227,236,237,251,290,300,323,574
43,58,59,66,72,78,81,82,83,84,85,86,87,89,90,91,94,96,97,98,99,100,101,102,109,110,115,116,117,128,130,131,137,141,152,156,182,194,203,210,215,223,229,247,261,390,395,622
44,50,66,71,74,79,85,96,103,106,107,113,120,126,143,200,203,235,311,414,532,561,598,696
45,14,129,684
46,20,130,415,488,577,609,656
47,58,298,466
48,406,530,546,570,638,642,683
49,3,332,463,699
50,37,46,477,589
51,30,418,435,675
52,658
53,103,270,465,482
54,238,558,592,626
55,229,572,659
56,
57,
58,
59,
60,
61,
62,
63,
64,
65,
66,
67,
68,
69,
70,
71,
72,
73,
74,
75,
76,
77,
78,
79,
80,
81,
82,
83,
84,
85,
86,
87,
88,
89,
90,
91,
92,
93,
94,
95,
96,
97,
98,
