2
0,543
1,34,60,110,170,434,578
2,221,260,354,601
3,93,158,160,182,245,268,269,432
4,12,20,275,362,372
5,20,28,41,141,170,172,178,181,182,183,186,188,199,200,203,206,215,323,326,343,367,386,418,433,438,444,447,456,460,462,476,481,490,509,510
6,37,46,81,115,129,164,167,169,170,179,183,186,189,195,196,199,212,216,218,228,231,233,239,240,241,249,250,262,268,269,270,272,282,314,338,391,468,471,472,473,474,477,478,479,480,482,483,484,488,491,494,496,499,501,502,504,511,514,517,521,525,531,544,545,548,549,551,553,555,559,560,561,562,565,566,567,568,569,572,574,576,577,586,587,591,598,600,606,646,655
7,123,134,213,391,428,462,465,467,473,474,477,480,481,484,485,488,489,490,491,492,495,496,498,500,501,503,509,510,512,513,514,516,527,528,531,534,535,536,540,543,544,545,546,547,549,551,553,554,556,558,560,561,563,565,566,567,573,576,577,578,579,582,583,585,587,588,589,591,593,596,599,603,604,609,624,654,690
8,370,469,478,481,483,484,488,491,493,495,499,501,507,510,518,522,541,543,552,553,555,557,559,560,562,563,564,566,570,572,574,576,584,586,587,589,592,595,599,606,608,616,620,622,627,638,654
9,87,103,173,329,424,452,455,464,465,466,479,486,488,494,498,508,516,522,530,538,541,544,546,547,549,551,560,568,569,579,580,589,590,592,593,594,596,607,616
10,232,241,252,288,377,379,401,404,409,411,427,463,464,467,469,470,475,478,484,497,498,509,514,522,533,559,570
11,70,73,85,89,91,92,93,96,97,98,99,100,101,102,104,105,107,109,114,152,171,176,180,181,353,413,430,448,456,467,473,490,496,501,613,617,687
12,23,74,75,77,80,81,82,83,85,86,88,89,90,91,92,93,94,95,96,97,98,99,100,101,102,103,104,105,106,107,108,109,110,111,112,113,114,115,116,117,118,119,120,121,122,125,127,136,142,145,167,172,239,381,405,423,428,464
13,60,66,68,75,77,80,82,84,85,86,87,88,89,90,91,92,93,94,95,96,97,98,99,100,101,102,103,104,105,106,107,108,109,110,111,112,113,114,115,116,117,118,119,120,121,122,123,124,125,126,127,128,129,130,131,132,133,134,135,136,137,138,139,140,141,142,143,144,145,146,147,148,149,150,151,152,153,154,155,156,157,158,159,160,161,169,195,242,352,389,425,634,689
14,72,85,94,97,99,100,101,102,103,104,105,106,107,108,109,110,111,112,113,114,115,116,117,118,119,120,121,122,123,124,125,126,127,128,129,130,131,132,133,134,135,136,137,138,139,140,141,142,143,144,145,146,147,148,149,150,151,152,153,154,155,156,157,158,159,160,161,162,163,164,165,166,167,168,169,170,171,172,173,174,175,176,177,178,179,180,181,182,183,184,185,186,187,188,189,190,191,192,193,194,195,196,197,198,199,200,201,202,203,204,205,206,207,208,209,210,211,212,213,214,215,216,217,218,219,220,221,222,223,224,225,226,227,228,229,230,231,232,233,234,235,236,237,238,239,240,241,242,243,244,245,246,247,248,249,250,251,252,253,254,255,256,257,258,261,262,263,264,265,266,267,269,271,272,277,282,284,290,293,295,302,304,305,309,327,330,343,348,349,354,364,377,428
15,23,85,91,93,94,95,96,97,98,99,100,101,102,103,104,105,106,107,108,109,110,111,112,113,114,115,116,117,118,120,121,122,123,124,125,126,127,128,129,130,131,132,133,134,135,136,137,138,139,140,141,142,143,144,145,146,147,148,149,150,151,152,153,154,155,156,157,158,159,160,161,162,163,164,165,166,167,168,169,170,171,172,173,174,175,176,177,178,179,180,181,182,183,184,185,186,188,189,190,191,192,193,194,195,196,197,198,199,200,201,202,203,204,205,206,207,208,209,210,211,212,213,214,215,216,217,218,219,220,221,222,223,224,225,226,227,228,229,230,231,232,233,234,235,236,237,238,240,241,242,243,244,245,246,248,249,250,251,252,253,255,256,257,258,259,260,261,262,264,265,266,267,268,269,270,271,272,273,274,275,276,277,278,280,281,282,283,284,285,286,287,288,290,291,292,293,294,295,296,297,298,299,301,302,304,305,308,309,310,311,312,313,314,315,317,318,320,321,322,323,325,327,329,331,333,337,341,346,349,351,359,361,364,365,367,371,372,379,389,391,404,413,430,434,438,618
16,89,92,93,94,96,97,98,99,100,101,102,103,104,105,106,107,108,109,110,111,112,113,114,115,116,117,119,120,121,122,123,124,125,126,127,128,129,130,131,132,133,134,135,136,137,138,139,140,141,142,143,144,145,146,147,148,149,150,151,152,153,154,155,156,157,158,159,160,161,162,163,164,165,166,168,169,170,171,172,173,174,175,176,177,178,179,180,181,182,183,184,186,187,188,189,190,191,192,193,194,195,196,197,198,199,200,201,202,203,204,205,206,207,208,209,210,211,212,213,214,215,216,217,218,219,220,221,222,223,224,225,226,227,228,229,230,231,232,233,234,235,236,237,238,239,240,241,242,243,244,245,247,248,249,250,251,252,254,255,256,258,259,260,263,264,265,267,268,269,270,271,272,274,275,276,277,278,279,281,282,283,284,285,286,287,288,289,291,292,293,294,296,298,299,301,302,310,313,314,315,316,323,325,326,327,330,332,334,340,343,344,348,355,358,366,368,401,415,499,680
17,87,88,89,90,91,92,93,94,95,96,97,98,99,100,101,102,103,104,105,106,107,109,110,111,113,114,115,116,117,118,119,120,121,122,123,124,125,127,128,129,130,131,132,133,134,135,136,137,138,139,140,141,142,143,144,145,146,147,148,149,150,151,152,153,154,155,156,157,158,159,160,161,162,163,164,165,166,167,168,169,170,171,172,173,174,175,176,177,178,179,180,181,182,183,185,187,190,191,192,193,194,195,197,198,199,200,201,202,203,204,205,206,207,208,209,210,211,212,213,214,216,217,218,219,220,223,224,225,226,227,228,229,230,231,232,233,234,235,236,238,239,240,241,242,243,244,245,246,247,248,249,250,251,252,253,254,255,256,257,258,259,260,262,263,264,265,266,267,268,269,270,273,275,276,277,278,279,282,285,286,288,289,290,291,292,295,296,297,301,302,303,306,311,312,315,317,318,320,321,323,327,331,338,344,347,348,350,358,359,362,370,373,374,375,405,427,448,494,627
18,9,72,81,85,87,88,89,90,91,92,93,94,95,96,97,98,99,100,101,102,103,104,105,106,107,108,109,110,111,112,113,114,115,116,118,119,120,121,122,123,124,125,126,127,128,129,130,131,132,133,134,135,136,137,138,139,140,141,142,143,145,146,147,148,149,151,152,153,154,155,157,158,159,160,161,162,163,164,165,167,168,169,170,172,173,174,175,176,177,178,179,180,181,182,183,184,185,186,187,188,189,190,191,192,193,194,195,196,197,198,199,200,201,202,203,204,206,207,209,210,211,212,213,214,215,216,217,218,221,222,223,224,227,228,229,230,232,234,235,236,237,238,240,241,242,243,244,245,246,247,248,249,251,253,254,259,260,262,263,264,265,266,268,269,270,271,272,275,278,279,280,283,284,285,287,289,291,292,295,296,298,299,302,303,305,307,310,312,315,317,318,319,322,328,333,336,338,339,344,353,369,381,398,409,413,433,446,450,457,461
19,77,83,85,87,88,89,90,91,92,93,94,95,96,98,99,100,102,103,104,105,107,108,109,110,111,112,113,115,116,117,118,119,120,121,122,123,124,125,126,127,128,129,130,131,133,134,135,137,138,139,140,141,142,143,144,145,146,147,148,149,150,151,152,153,154,155,156,157,158,159,160,161,162,166,167,168,169,170,171,172,176,179,180,181,182,183,184,187,188,192,193,194,195,196,197,199,200,201,202,203,204,205,206,207,208,209,210,211,212,214,215,216,217,219,220,221,222,223,224,225,226,227,228,230,231,232,233,234,235,236,238,240,242,243,244,245,246,247,248,249,250,251,252,253,254,255,256,258,259,260,261,262,263,264,267,268,269,271,272,273,275,277,278,279,283,285,287,288,289,290,291,292,294,297,299,301,302,305,308,309,312,314,316,318,319,321,326,328,335,350,359,366,370,376,387,389,443,520,624,660
20,80,85,86,89,90,91,92,93,94,95,96,97,98,99,100,101,102,103,104,105,106,107,109,112,113,114,115,116,117,118,120,121,122,123,124,126,127,128,129,130,131,132,133,134,135,136,137,138,140,141,142,143,144,145,146,147,149,150,151,152,153,154,155,156,157,159,160,161,162,163,164,166,167,168,169,170,171,173,174,177,178,179,180,181,182,183,184,185,187,188,189,190,191,193,194,195,196,197,198,199,200,201,202,203,205,206,207,208,209,211,212,213,214,215,216,220,221,222,223,224,225,226,227,228,231,232,233,234,235,236,238,239,242,243,244,245,247,248,249,250,251,253,254,257,258,259,262,263,264,265,266,267,270,271,272,274,275,276,281,282,283,285,287,288,289,290,293,294,295,298,300,302,304,305,308,309,310,315,316,317,325,326,327,328,329,330,331,334,335,336,339,352,354,356,359,363,364,367,377,380,381,386,392,415,437,448,679,696
21,35,83,86,87,88,89,90,91,92,93,94,95,96,97,98,99,100,101,102,103,104,105,106,107,108,109,110,111,112,113,114,115,116,117,118,119,120,121,122,123,124,125,127,128,129,130,131,133,134,135,136,137,139,140,141,142,143,144,145,146,147,148,149,150,151,153,154,155,157,159,160,161,162,163,165,166,167,168,170,171,172,173,174,175,176,177,178,179,180,181,182,183,184,188,189,191,192,193,194,195,196,197,198,199,200,201,202,203,205,207,208,209,210,211,212,213,214,215,216,217,219,220,223,224,225,228,229,230,231,232,234,235,236,237,238,239,242,243,244,248,249,250,252,253,254,255,256,257,258,260,262,263,265,267,268,270,271,274,275,277,281,284,285,286,290,294,295,296,297,298,299,301,304,311,316,317,320,323,329,335,336,345,346,358,361,367,368,370,372,382,416,420,435,462,489,554,581,586,682,691
22,79,85,87,88,89,90,91,92,93,94,95,96,97,98,99,101,102,103,105,106,108,109,110,111,113,114,115,116,117,118,119,120,121,122,123,124,125,126,127,128,129,130,131,132,133,135,136,137,139,140,141,142,143,144,145,146,149,150,151,152,153,154,155,156,157,158,159,160,161,163,164,165,167,168,170,172,173,175,176,178,179,180,184,185,186,187,190,191,192,193,194,196,197,199,200,201,202,204,205,206,207,208,210,211,212,213,214,215,216,219,220,223,224,225,226,227,228,229,230,231,232,233,234,235,236,238,239,240,241,242,243,244,245,246,247,253,254,255,257,258,260,261,262,264,267,268,269,270,271,272,273,276,281,284,285,288,289,292,295,296,300,301,307,309,314,315,320,324,329,342,349,374,376,380,383,386,393,411,485,633
23,14,82,84,85,86,87,88,89,90,91,92,93,94,95,96,97,98,99,101,102,103,104,105,106,107,108,109,110,111,113,115,116,117,119,120,121,122,124,128,130,131,132,133,134,137,138,139,140,141,142,143,144,145,146,147,148,150,151,152,153,156,157,158,159,160,161,162,163,164,165,166,167,168,169,170,171,172,173,174,175,177,179,182,183,184,186,187,188,189,190,191,192,193,194,195,196,197,199,200,201,202,203,204,205,206,207,208,209,210,212,213,214,216,217,218,220,221,222,224,225,226,228,229,231,233,234,236,237,240,242,243,244,246,251,252,255,260,262,266,269,270,271,276,277,282,290,293,294,295,296,298,300,301,303,304,308,309,310,314,319,322,325,326,333,339,349,373,383,471,485,591,633
24,22,55,80,81,83,84,85,86,87,88,89,90,91,92,93,94,96,97,98,100,101,102,103,104,105,106,107,108,109,110,111,112,113,114,116,117,118,120,121,122,124,127,128,129,130,132,133,134,135,136,137,138,140,141,143,146,147,148,149,152,154,155,156,157,158,159,160,161,162,163,164,165,166,169,171,172,173,174,175,177,178,180,181,182,183,184,185,187,188,189,190,191,193,194,195,199,200,201,202,203,204,207,208,210,211,212,213,214,215,216,217,219,220,221,222,223,225,227,229,230,231,235,237,238,241,242,243,250,251,253,255,256,257,261,268,270,272,273,274,275,276,280,287,289,290,291,292,296,298,302,303,306,307,310,313,315,316,317,326,334,336,337,339,348,356,366,367,385,512,601,678
25,72,79,80,81,82,83,84,85,86,87,88,89,90,91,92,93,94,95,96,97,98,99,100,101,102,103,104,105,106,107,108,110,111,112,113,114,116,118,119,120,121,122,123,124,125,127,128,129,130,135,136,137,138,139,141,142,143,146,148,150,152,153,154,156,157,159,160,161,164,165,168,172,174,177,178,184,185,188,189,190,191,192,193,195,196,197,198,201,202,203,204,205,206,208,209,210,211,212,213,214,215,216,217,219,220,221,224,225,227,228,230,231,232,233,234,237,238,240,241,243,244,247,249,252,254,255,256,257,258,260,261,263,264,265,271,274,277,279,282,283,289,303,312,315,321,324,330,339,347,352,356,363,374,377,379,382,385,388,410,540,659,675
26,31,40,76,79,80,81,82,83,84,85,86,87,88,89,90,91,92,93,94,95,96,97,98,101,104,105,108,110,111,112,113,114,116,117,120,121,122,124,125,126,127,128,129,130,132,133,134,136,137,140,141,143,144,145,146,148,149,150,151,152,153,154,155,156,157,159,161,164,166,167,169,171,173,176,178,179,180,181,182,183,184,185,187,188,189,190,192,194,195,196,198,199,200,202,203,204,205,206,209,210,213,214,215,217,218,219,220,222,224,225,226,227,229,230,233,235,238,242,245,246,248,249,253,254,260,261,263,264,266,267,271,273,274,276,277,279,287,288,289,293,294,297,298,301,303,304,306,308,314,316,317,318,319,323,330,336,337,348,357,358,362,365,369,383,387,396,413,501,645
27,77,78,79,80,81,82,83,84,85,86,87,88,89,90,91,92,93,94,95,96,97,98,99,100,101,102,103,105,106,110,112,113,114,116,117,120,121,123,125,126,127,128,129,130,131,133,134,135,138,140,141,142,145,147,148,151,152,153,155,156,157,158,159,160,162,163,165,166,168,170,171,172,173,174,175,177,178,179,180,182,183,184,185,186,188,190,191,193,194,195,196,197,198,199,200,201,202,203,204,206,207,208,209,210,211,212,213,215,218,221,223,224,225,228,230,231,232,234,236,237,238,239,241,244,245,248,250,251,252,255,256,257,258,260,262,271,276,281,285,288,293,297,303,307,311,324,326,327,328,340,342,345,347,349,364,372,414,565
28,57,75,77,78,79,80,81,82,84,85,86,87,88,90,91,92,93,94,95,96,97,98,99,100,101,103,104,105,106,107,108,109,110,112,113,116,118,119,120,122,123,126,127,129,130,131,132,133,134,136,138,140,143,145,146,147,150,151,153,154,155,158,159,165,166,168,169,172,174,175,176,177,178,180,181,183,184,185,186,187,188,189,190,191,192,193,194,195,197,198,199,200,202,203,204,205,206,207,208,210,211,213,214,215,216,217,220,222,224,225,228,229,230,231,235,236,238,239,240,246,247,248,251,254,255,256,257,258,260,261,264,266,268,269,286,290,291,298,301,303,314,316,317,322,333,334,336,347,350,358,369,424,575
29,15,73,76,77,78,79,80,81,82,83,84,85,86,87,88,89,90,91,92,93,94,98,99,100,103,104,106,109,111,113,114,115,116,117,118,120,121,125,127,128,129,130,131,133,135,137,140,141,142,143,144,148,149,150,152,154,156,157,158,162,163,164,166,168,169,174,176,177,181,182,183,184,185,186,187,188,189,191,192,193,194,196,198,199,204,205,206,207,209,211,212,213,214,215,216,218,219,220,222,223,224,226,227,228,230,233,235,236,237,238,239,242,243,244,248,251,256,258,259,262,265,267,273,275,280,300,301,305,314,318,319,324,331,334,337,348,360,365,385,389,545
30,70,71,72,73,74,75,76,77,78,79,80,81,82,83,85,86,87,88,89,90,91,93,95,96,99,104,105,108,109,110,112,113,114,115,117,120,121,122,125,127,128,130,131,132,134,135,136,138,139,140,141,142,143,147,151,152,154,155,157,169,170,171,172,174,176,178,179,181,182,183,184,185,186,187,188,189,194,195,197,198,199,200,202,204,206,209,211,213,214,215,216,220,224,226,227,231,232,234,236,238,239,240,241,246,247,256,261,270,272,275,278,280,281,291,292,296,309,310,315,316,319,337,338,347,349,382,386,400,459,460,496,659,692
31,62,66,67,69,71,72,73,74,75,76,77,78,79,80,81,82,83,84,85,86,87,88,89,90,92,93,94,95,96,97,98,100,101,102,103,106,109,110,111,112,116,117,118,119,121,122,123,124,125,127,129,131,133,134,136,141,142,145,146,147,149,154,155,157,159,161,162,164,167,168,170,174,175,176,177,179,181,183,184,185,186,187,188,196,197,199,200,201,203,204,205,207,211,215,216,217,221,222,224,226,228,230,236,238,239,241,252,256,260,266,270,273,274,278,283,284,286,290,291,293,294,300,306,307,308,315,320,326,336,347,361,364,377,398,444,490,528
32,56,64,66,68,69,70,71,72,73,74,75,76,77,78,79,80,81,82,83,84,85,86,87,88,89,90,94,95,96,97,98,99,100,102,104,105,108,111,112,113,116,119,124,126,127,128,129,131,134,135,136,138,141,142,143,145,147,149,150,151,153,155,156,158,164,166,167,168,169,170,171,172,173,175,176,178,179,182,183,184,185,186,188,189,193,194,196,197,203,204,205,206,208,209,210,211,214,217,218,230,231,233,234,238,243,246,247,248,249,251,253,258,268,269,272,276,279,287,308,309,314,332,338,379,502,616
33,63,64,65,66,67,68,69,70,71,72,73,74,75,76,77,78,79,80,81,82,84,85,86,88,89,90,92,93,95,96,97,99,100,101,102,103,104,106,107,108,111,112,115,117,119,122,125,126,129,131,132,139,141,143,148,152,154,160,164,165,166,167,168,169,170,171,175,176,178,180,182,187,189,190,197,198,205,206,211,213,220,225,226,230,233,234,235,243,244,246,247,249,257,259,265,266,271,273,277,289,291,298,315,321,333,343
34,60,64,65,66,67,68,69,70,71,72,74,76,77,78,79,80,81,82,83,84,85,86,87,88,89,90,91,92,93,96,97,98,101,108,111,113,115,116,117,118,119,120,123,124,126,127,129,130,132,133,134,136,137,138,139,140,142,143,144,151,155,156,157,161,162,163,166,167,168,169,170,172,173,174,176,177,178,181,182,183,184,187,189,190,191,197,198,199,201,202,203,205,208,211,212,215,219,222,231,239,256,258,266,269,271,285,286,288,295,296,312,340,345,358,368,369,440,509,561,604,612,661
35,54,60,61,62,63,64,66,67,68,70,71,72,73,74,75,76,77,78,79,80,81,82,83,86,87,88,89,90,91,92,94,95,96,97,98,99,103,105,106,107,112,116,121,126,128,132,134,140,141,146,153,155,156,157,158,160,161,162,164,165,166,169,170,172,175,177,178,179,180,181,184,185,186,187,189,192,193,195,198,201,202,203,206,207,213,214,220,221,229,240,244,250,251,252,263,266,268,270,272,282,285,288,296,299,303,382,397,418,656,674
36,58,60,61,63,64,65,66,67,68,69,70,71,72,73,74,75,76,77,78,79,80,82,83,85,86,87,88,89,91,93,94,95,98,107,110,117,120,122,124,126,136,137,139,140,144,145,156,160,161,162,163,165,167,168,172,173,175,176,180,183,189,197,198,200,201,205,210,212,215,225,229,236,244,250,251,252,256,257,268,277,305,308,312,344,363,376,528,573
37,13,53,60,63,64,65,66,67,68,69,70,73,75,77,79,80,81,82,83,84,85,86,87,88,90,95,96,98,99,100,105,106,107,111,115,118,121,123,126,128,129,130,137,143,148,150,152,153,154,156,157,158,160,161,162,163,165,166,168,169,171,172,173,174,175,176,177,180,182,183,184,186,187,190,191,198,201,203,204,207,208,210,212,213,216,217,222,224,225,227,229,230,232,236,237,240,242,264,282,297,302,305,330,350,373,414,549,562
38,2,58,65,66,67,68,69,70,71,72,73,74,75,76,77,78,79,80,82,83,84,85,86,87,89,90,91,93,94,96,97,98,99,102,104,108,110,112,114,120,124,125,129,132,136,138,140,142,146,157,158,159,160,162,163,169,170,173,175,177,178,179,180,183,187,188,190,194,195,204,210,221,223,226,229,233,236,237,247,249,250,251,252,255,258,260,268,291,296,342,343,363,366,628
39,57,63,64,67,68,70,71,72,74,75,76,77,78,79,80,82,83,84,85,89,90,93,94,97,99,100,101,103,105,107,108,116,117,118,125,127,128,131,132,138,140,142,143,144,147,149,158,168,172,174,176,177,182,184,189,190,196,198,199,201,202,209,213,215,218,228,229,230,233,236,243,252,255,256,265,274,279,280,281,317,337,352,402,552,621
40,67,71,72,73,81,83,84,87,88,89,91,92,93,95,97,98,99,100,101,102,104,105,106,107,108,109,111,112,113,114,116,117,118,120,121,122,123,124,126,127,128,132,133,135,136,137,138,139,140,148,152,161,177,181,188,193,197,204,209,212,213,224,231,244,246,249,254,267,271,280,282,284,286,310,322,466
41,49,78,84,87,93,94,96,98,99,104,105,106,110,114,115,117,118,119,125,128,133,134,138,141,148,149,153,177,192,195,214,215,308,375,397,408,443,615
42,87,88,89,98,107,120,129,155,161,192,204,231
43,55,323,416,599
44,410,435
45,315,420,679,682
46,43,337,468,523,570,578
47,26,54,304,348,488,572
48,399,547,581,587
49,48,54,70,247,588
50,148,485,642,679
51,43,83,239,295,538
52,40,47,330,439,616
53,313,359,610
54,102,123,432,689
55,51,209,230,369
56,336,413,476,532
57,8,23,103,167
58,102,139
59,347,655
60,
61,
62,
63,
64,
65,
66,
67,
68,
69,
70,
71,
72,
73,
74,
75,
76,
77,
78,
79,
80,
81,
82,
83,
84,
85,
86,
87,
88,
89,
90,
91,
92,
93,
94,
95,
96,
97,
98,
