16
0,249
1,50,172,263,430
2,46,58,108,595
3,249,283,642
4,94,222,327,375,529,562
5,57,135,182,213,394,529,567,573,579,595,606,610
6,406,516,575,580,581,582,591,598,601,641
7,62,87,130,250,268,392,537,579,597,636,658,669
8,209,581,582,592,598,602,612,616,644,661
9,52,66,93,278,560,592,594,596,601,602,603,604,613,616,622,628,648,668,671,686,690
10,40,59,66,67,68,69,71,72,74,75,76,82,88,201,475,560,569,579,580,587,589,591,593,601,603,619,624,631,652,667
11,41,54,63,64,66,67,68,69,70,71,72,73,74,75,76,77,78,79,80,81,82,83,84,85,86,87,88,89,90,92,93,94,95,96,97,103,104,108,427,503,547,552,553,556,557,558,559,562,563,564,565,567,568,569,571,576,581,584,595,596
12,32,39,58,59,60,61,63,64,65,66,67,68,69,70,71,72,73,74,75,76,77,78,79,80,81,82,83,84,85,86,87,88,89,90,91,92,93,94,95,96,97,98,100,101,102,103,104,105,106,107,108,109,110,111,112,113,114,115,117,118,119,120,121,123,124,125,129,135,162,167,259,385,557,573,583,589
13,21,51,60,61,63,64,65,66,67,68,69,70,71,72,73,74,75,76,77,78,79,80,81,82,83,84,85,86,87,88,89,90,91,92,93,94,95,96,97,98,99,100,101,102,103,104,105,106,107,108,109,110,111,112,113,114,115,116,117,118,119,120,121,122,123,124,125,126,127,128,129,130,131,132,133,134,136,137,138,139,140,141,142,143,144,145,146,147,149,150,151,152,153,154,155,156,157,158,159,160,161,162,163,164,165,166,167,168,169,170,171,172,173,174,175,176,177,178,179,180,181,183,184,185,186,187,188,189,191,192,193,194,196,197,198,199,200,202,203,206,208,209,211,212,213,215,217,219,223,224,226,227,228,229,241,246,252,261,263,264,273,277,278,300,340,521,524,577,668
14,21,64,69,70,71,72,73,74,75,76,77,78,79,80,81,82,83,84,85,86,87,88,89,90,91,92,93,94,95,96,97,98,99,100,101,102,103,104,105,106,107,108,109,110,111,112,113,114,115,116,117,118,119,120,121,122,123,124,125,126,127,128,129,130,131,132,133,134,135,136,137,138,139,140,141,142,143,144,145,146,147,148,149,150,151,152,153,154,155,156,157,158,159,160,161,162,163,164,165,166,167,168,169,170,171,172,173,174,175,176,177,178,179,180,181,182,183,184,185,186,187,188,189,190,191,192,193,194,195,196,197,198,199,200,201,202,203,204,205,206,207,208,209,210,211,212,213,214,215,216,217,218,219,220,221,222,223,224,225,226,227,228,229,230,231,232,233,234,235,236,237,238,239,240,241,242,243,244,245,246,247,248,249,251,252,253,254,256,258,259,261,263,264,265,266,267,268,269,271,272,273,274,276,277,281,283,285,288,291,298,305,306,307,309,310,321,335,336,364,528,632,650
15,65,69,70,71,72,73,74,75,76,77,78,79,81,82,83,84,85,86,87,88,89,90,91,92,93,94,95,96,97,98,99,100,101,102,103,104,105,106,107,108,109,110,111,112,113,114,115,116,117,118,120,121,122,123,124,125,126,127,128,129,130,131,132,133,134,135,136,137,138,139,140,141,142,143,144,145,146,147,148,149,150,151,152,153,154,155,156,157,158,159,160,161,162,163,164,165,166,167,168,169,170,171,172,173,174,175,176,177,178,179,180,181,182,183,184,185,186,187,188,189,190,191,192,193,194,195,196,197,198,199,200,201,202,203,204,205,206,207,208,209,210,211,212,213,214,215,216,217,218,219,220,221,222,223,224,225,226,227,228,229,230,231,232,233,234,235,236,237,238,239,240,241,242,243,244,245,246,247,248,249,250,251,252,253,254,255,256,257,258,259,260,261,262,263,264,265,266,267,268,269,270,271,272,273,274,275,276,277,278,279,280,281,282,283,284,285,286,287,288,290,292,293,294,295,296,298,299,301,302,303,304,305,306,307,308,309,310,311,313,314,315,317,318,320,326,327,328,329,331,333,334,338,339,340,343,346,352,354,363,364,370,373,388,389,390,391,393,407,498
16,54,70,71,72,73,74,75,76,77,79,80,81,82,83,84,85,86,87,88,89,90,91,92,93,94,95,96,97,98,99,100,101,102,103,104,105,106,107,108,109,110,111,112,113,114,116,117,118,119,120,121,122,124,125,126,127,128,129,130,131,132,133,134,135,136,137,138,139,140,141,142,143,145,147,148,150,151,153,154,155,156,157,158,159,161,162,163,165,167,168,169,171,172,173,174,175,176,178,179,180,182,183,184,185,186,187,188,189,190,191,192,193,194,195,196,197,198,199,200,201,202,203,204,205,206,207,208,209,210,211,212,213,214,215,216,217,218,219,220,221,222,223,224,225,226,227,228,229,230,231,232,233,234,235,236,237,238,239,240,241,242,243,244,245,246,247,248,249,250,251,252,253,254,255,256,257,258,259,260,261,262,263,264,265,266,267,269,270,271,272,273,274,275,276,277,278,279,280,281,282,283,284,285,286,287,288,289,290,291,292,293,294,295,296,297,298,299,300,301,302,303,304,305,307,308,309,311,313,314,315,316,317,318,319,320,323,324,325,326,328,329,331,332,333,335,336,337,338,341,342,345,351,352,353,354,358,359,360,361,364,367,368,370,372,373,377,378,379,381,382,385,392,413,417,421,423,433,444,447,470,482,491,499
17,63,67,69,70,71,72,73,74,75,76,77,78,79,80,81,82,83,84,85,86,87,88,89,91,92,93,94,95,96,97,98,99,100,101,102,104,105,106,107,108,109,110,111,112,113,114,116,117,118,119,120,121,122,123,125,126,129,130,131,132,133,134,135,136,137,138,139,140,141,142,143,145,146,147,148,149,150,151,154,155,157,159,160,162,163,164,165,166,167,168,169,170,171,172,173,174,176,177,178,180,181,182,183,184,185,188,189,190,191,192,194,195,197,198,199,200,201,202,203,204,205,206,207,208,209,210,211,212,213,214,215,216,218,219,220,221,222,223,224,225,226,227,228,229,230,231,232,233,234,236,237,238,239,240,241,242,244,245,246,247,248,249,250,252,253,254,255,256,257,258,259,260,262,263,264,265,266,267,268,269,271,272,274,275,276,277,279,280,281,282,283,284,285,287,288,289,290,291,292,293,294,295,296,297,298,299,300,302,303,305,306,307,309,310,311,312,313,315,316,318,319,320,322,324,325,326,328,329,331,332,335,336,337,342,344,346,348,351,352,353,354,355,356,359,362,363,367,371,373,374,376,377,379,381,384,385,390,391,395,400,407,409,417,419,420,422,433,440,445,447,461,463,470,485,507,508
18,30,67,68,69,71,72,73,74,75,76,77,78,79,80,81,82,83,84,85,86,87,88,89,90,91,92,93,95,96,97,98,99,100,101,102,103,104,105,106,107,108,109,110,111,114,115,116,117,118,119,120,121,122,123,125,127,128,130,131,133,134,135,136,137,138,139,140,141,142,143,145,146,147,148,149,150,151,152,153,155,156,157,158,159,160,161,164,165,166,167,168,171,172,174,177,178,179,180,181,182,183,184,185,186,189,190,193,194,195,197,198,199,200,201,202,203,204,205,206,207,208,209,210,211,212,213,215,216,217,218,219,220,221,222,223,225,226,227,228,229,230,231,232,233,234,235,236,237,238,239,240,241,242,243,244,245,246,247,248,249,250,251,252,253,254,256,257,259,260,261,262,263,264,265,266,267,268,269,270,271,272,273,274,275,276,277,278,279,280,281,282,284,286,287,288,290,292,293,294,295,296,297,298,299,302,303,305,306,307,309,310,312,314,315,316,317,319,320,321,322,323,325,326,328,329,331,332,334,335,336,337,338,344,345,347,349,352,354,355,357,360,363,364,366,367,369,374,375,376,379,383,386,388,389,390,392,395,396,397,400,402,404,406,408,411,412,414,422,428,429,430,433,434,436,440,443,447,448,450,457,465,466,510
19,39,47,59,62,64,65,67,69,70,71,72,73,74,75,76,77,78,79,80,81,82,83,84,85,86,87,88,89,90,91,92,94,95,96,97,98,99,101,102,105,106,107,108,110,112,113,115,116,117,118,119,120,121,122,123,124,125,126,127,128,129,130,131,133,134,135,136,137,138,140,141,142,144,145,146,149,150,151,152,153,154,156,157,159,160,161,163,164,166,167,169,170,171,172,173,174,175,176,177,179,180,181,182,183,184,185,186,187,188,189,192,194,195,198,199,201,202,204,205,206,207,209,210,211,212,213,214,217,218,219,220,222,223,224,225,226,227,228,229,231,232,233,235,236,238,239,240,241,242,243,244,247,248,249,250,251,253,254,255,256,257,258,260,261,262,264,265,266,267,269,270,272,273,274,275,276,278,280,281,282,286,287,288,289,290,291,293,295,296,297,298,299,301,302,303,304,305,306,307,308,310,311,312,313,314,315,316,317,318,319,321,322,323,325,326,327,329,330,332,335,337,338,339,340,341,342,346,350,351,352,358,359,364,366,367,368,369,372,373,378,382,390,392,394,397,399,402,403,406,407,418,419,420,421,424,425,433,434,439,441,443,444,446,450,455,462,464,484,494,495,549,663
20,58,60,66,67,69,71,72,73,74,75,76,78,79,80,81,82,83,84,85,87,88,89,90,91,92,94,95,96,98,99,100,101,102,103,105,106,108,109,110,111,112,113,114,115,116,117,119,120,121,122,123,124,125,126,127,129,130,131,132,133,134,135,136,137,139,140,141,142,143,144,146,147,148,149,150,151,152,153,154,155,156,157,158,159,160,161,162,163,164,165,166,167,168,170,171,172,174,175,178,179,180,181,182,183,185,186,187,190,193,194,195,196,197,198,199,200,202,204,205,207,209,210,212,214,215,216,218,219,220,222,223,224,225,226,228,229,230,231,232,233,235,237,239,241,242,243,245,246,247,249,250,251,252,253,254,255,256,257,258,259,262,263,265,267,268,271,273,275,276,278,279,280,281,282,283,284,285,287,288,289,290,291,292,293,295,296,298,300,301,302,306,308,309,310,312,313,314,315,316,317,318,319,322,323,324,325,326,327,330,331,332,333,335,336,339,340,341,342,344,346,347,349,350,354,355,356,357,358,360,362,363,365,366,367,369,370,372,374,375,377,384,385,387,388,390,391,392,393,394,396,398,399,400,402,406,408,409,412,413,414,415,416,417,418,420,424,426,430,436,439,460,461,466,471,473,474,476,478,479,480,484,498,533,540,547,585
21,64,65,68,69,71,73,74,75,76,77,79,80,81,82,83,84,86,87,88,89,90,91,92,93,95,96,97,99,100,102,103,104,106,107,108,110,111,112,114,115,116,117,118,119,120,121,123,124,125,127,128,129,130,133,135,136,138,139,140,141,142,144,146,147,148,149,151,152,153,155,157,158,159,160,161,163,164,165,166,169,170,172,174,176,177,179,182,183,184,186,187,188,190,191,192,193,194,195,196,197,198,199,200,201,203,204,206,211,212,213,217,218,219,220,221,222,223,225,226,227,228,229,230,232,233,234,235,236,237,238,239,240,241,242,243,245,246,247,249,250,251,256,257,258,261,263,264,265,266,270,271,272,273,274,276,277,278,281,282,283,286,287,288,289,290,291,292,295,296,298,299,301,302,304,305,307,308,309,310,311,313,314,315,318,319,320,321,322,325,326,327,328,329,330,331,332,334,338,342,343,345,347,351,353,370,373,376,377,378,380,383,387,388,389,394,395,396,397,401,405,409,410,411,413,414,421,423,425,430,435,437,441,443,445,448,453,454,460,465,469,487,496,497
22,12,66,68,69,70,71,74,75,78,79,80,81,82,83,84,85,86,87,88,89,90,91,92,94,95,97,98,100,101,102,103,104,105,106,108,109,110,111,112,113,114,115,117,118,119,120,121,122,123,127,128,129,130,131,133,134,135,137,140,141,142,143,144,145,146,147,148,150,151,152,154,155,156,158,160,161,162,163,164,165,166,167,170,172,174,175,177,178,179,180,181,185,188,190,192,198,199,200,201,202,203,206,209,210,211,212,214,217,220,222,224,225,227,228,229,230,234,235,239,242,243,244,245,250,253,254,255,256,258,259,260,261,263,264,265,267,268,271,273,275,276,278,279,281,282,284,285,287,289,290,291,292,299,300,301,306,308,310,311,312,313,314,315,316,319,322,323,324,325,326,330,331,332,333,337,339,341,345,346,355,359,360,361,362,365,367,370,383,387,388,390,392,393,396,401,406,409,418,421,425,426,427,431,433,434,435,445,456,462,475,503,506,513,522,679,699
23,59,62,71,72,75,76,77,78,79,81,82,83,84,85,86,88,89,91,92,93,94,96,97,98,99,100,101,102,103,104,105,106,107,108,109,111,112,113,116,117,118,120,121,122,123,124,125,126,128,131,132,134,136,137,138,140,141,142,143,144,146,147,148,150,152,153,155,156,157,158,159,160,161,163,166,167,171,172,173,175,176,177,178,180,181,184,187,191,195,197,199,202,203,205,206,207,208,211,215,216,218,219,221,222,224,226,227,228,230,231,233,234,236,238,240,241,243,244,245,247,248,249,250,252,255,256,257,259,260,261,263,266,267,268,269,270,271,274,276,277,279,280,282,283,284,285,286,287,288,291,292,295,296,297,298,299,300,301,302,303,304,306,307,308,311,312,318,319,323,324,328,331,332,335,338,339,340,344,346,348,349,351,353,358,359,362,366,369,377,385,390,394,395,396,402,403,404,412,418,421,423,432,435,436,439,440,442,446,447,448,450,456,463,465,469,481,487,489,494,501,502
24,10,26,53,67,68,72,74,76,77,78,80,81,82,83,84,85,86,87,88,89,90,91,92,93,94,95,96,97,98,99,100,102,103,104,106,107,108,109,110,111,112,113,114,115,116,117,118,119,120,121,123,126,127,128,129,130,131,132,133,134,135,136,138,139,142,143,145,146,147,148,150,151,152,153,154,155,157,159,161,162,163,166,167,168,170,171,172,173,176,177,178,179,180,183,184,185,187,189,191,192,193,194,195,197,198,200,202,203,204,205,206,207,208,209,211,212,213,215,216,217,218,221,222,225,227,228,233,239,240,246,247,248,250,251,253,254,255,256,260,262,263,264,265,266,270,271,272,273,274,275,277,278,279,282,284,285,288,290,293,294,296,299,302,304,305,311,314,316,321,323,325,328,334,336,344,349,357,370,387,389,400,401,402,403,405,414,417,421,423,434,435,437,438,441,455,456,471,476,486
25,37,61,69,72,74,75,76,78,79,80,81,82,83,84,85,86,87,88,89,90,91,92,93,94,95,96,97,98,99,100,101,102,103,104,105,106,109,111,112,114,115,116,117,118,120,121,123,124,125,126,127,129,130,132,134,135,136,137,138,139,140,141,143,144,145,146,147,149,154,155,156,159,160,162,164,165,166,169,170,171,175,176,177,178,179,180,181,184,186,187,188,191,194,195,196,200,201,202,203,204,206,207,212,215,216,217,218,221,222,223,227,231,233,239,243,244,245,247,251,252,253,254,255,258,260,262,263,264,265,266,268,271,273,274,275,278,280,283,285,286,288,289,293,294,295,296,297,299,300,308,309,310,311,315,318,323,326,328,329,330,331,340,352,359,373,378,380,388,390,394,397,409,415,417,418,421,424,429,438,440,446,451,455,463,503,640
26,69,72,73,74,75,76,79,80,81,83,85,87,88,89,90,91,92,95,96,97,99,100,101,102,103,104,106,107,108,109,110,111,112,113,114,115,116,117,118,119,120,122,125,126,128,129,130,132,135,136,138,139,141,142,143,147,149,151,153,154,155,158,159,161,163,164,165,166,168,169,170,172,174,176,178,181,186,187,188,190,191,193,194,196,205,210,211,212,217,221,222,223,224,225,227,228,229,230,231,244,245,248,250,251,252,253,254,255,256,262,263,264,265,267,269,273,274,275,276,277,279,281,283,285,287,288,290,291,292,296,299,301,302,303,304,305,306,308,312,314,317,319,320,323,330,332,333,340,343,347,348,351,353,354,358,363,372,379,401,407,410,414,416,420,431,470,471,474,488,680
27,39,52,54,60,62,63,64,65,66,67,69,70,71,72,74,76,81,83,84,87,89,90,91,92,93,96,97,98,100,103,104,107,108,110,111,112,114,115,117,118,119,120,121,122,125,127,128,130,133,135,137,138,139,141,142,145,147,150,152,154,155,156,160,161,165,167,168,170,171,173,174,175,176,177,178,179,184,186,187,191,194,198,201,202,204,206,207,208,209,210,211,213,215,216,217,219,222,223,225,226,228,230,231,234,241,244,245,248,249,252,254,255,257,258,259,267,269,271,272,273,277,283,291,292,297,299,311,317,319,320,321,329,346,354,364,369,382,391,411,418,437,443,448,456
28,29,39,44,54,56,58,59,63,64,65,66,69,70,71,72,73,76,78,84,86,88,91,94,96,99,101,102,104,105,106,107,110,112,115,116,121,125,127,128,129,132,134,135,136,141,142,144,152,155,159,160,163,165,166,173,176,179,180,185,191,193,201,204,208,210,212,213,214,215,216,217,219,220,226,227,230,231,235,243,244,246,251,263,267,280,286,288,297,338,340,404,409,541,555,561,622,629
29,32,87,107,111,129,192,196,211,216,256,332,376,664
30,56,380,613,646
31,468,619,663
32,3,5,618
33,21,388,611
34,38,140,540,626,644,655
35,
36,133,196,276,336,349,352,362,378,397,416,586,649
37,41,49,195,267,291,415,612
38,167,321,443
39,1,184,207,287,494,509,546,549,568,578,619,633,644
40,120,175,310,423,528,550,554,673
41,32,473,482,573,576,579,581,598,599,602,604,612,616,631,656
42,339,528,555,568,572,581,594,597,598,599,602,607,610,624,631,636,642,661,666,676,682
43,24,94,252,263,476,522,527,530,533,534,535,536,537,538,540,543,544,546,547,550,551,552,558,567,568,571,580,671,691
44,1,18,170,526,532,555,567,576,624
45,75,413,446,512,513,518,526,529,536,538,541,560,592,609,616
46,25,258,507,519,521,559,565,573,588,596,617,619,675
47,330,401,499,521,556,569,571,581,598,607,611,618,632,635,667
48,8,118,254,321,505,567,573,574,575,581,589,592,609,621,624,634,678,693
49,60,150,238,513,569,570,572,574,578,579,580,583,584,585,587,592,596,597,604,610,616,618,625,628,638,651,671
50,121,168,334,355,501,551,555,557,589,590
51,125,274,550,563,572,573,580,583,593,602,616,620,677
52,509
53,53,58,72,660
54,78,80,95,179,239,470,556,558,565,576,589,690,694
55,11,53,157,212,273,305,363,433,519,524,662
56,213,530,694
57,271,305,675
58,112,245,262,444
59,18,28,294,298,654,693
60,253
61,5,141,383,412,415,421,447,464,600
62,26,238,596,673
63,171,350,429,690
64,75,76,256,305,344,613
65,49,114,130,380,456,672,676
66,
67,
68,
69,
70,
71,
72,
73,
74,
75,
76,
77,
78,
79,
80,
81,
82,
83,
84,
85,
86,
87,
88,
89,
90,
91,
92,
93,
94,
95,
96,
97,
98,
