12
0,336
1,165,227,389,394,490,637
2,10,72,494,532
3,104,240,272,301,362,408
4,56,448,593,651
5,27,58,253,267,383,430
6,132,567,594,645
7,171,320,359,412
8,361,365,446,568,575
9,30,114,127,139,155,265,370,598,607,627,638,647,649
10,339,405,501,579,635,670
11,97,152,411,487,499,515,534,562,607,613,615,616,644,658,663,691
12,18,66,352,587,628,637,660
13,5,6,73,181,215,240,311,529,555,569,575,576,582,590,603,611,635,653
14,53,68,432,576,578,595,603,645,650
15,90,249,352,456,523,529,653
16,85,92,100,102,106,114,118,293
17,93,97,98,100,101,102,103,104,105,106,107,109,110,111,112,113,114,115,116,117,118,120,122,124,127,128,131,139,145,203,227,263,501
18,30,83,84,88,89,90,92,93,94,95,96,97,98,99,100,101,102,103,104,105,106,107,108,109,110,111,112,113,114,115,116,117,118,119,120,121,122,123,124,125,126,127,128,129,130,131,132,133,134,135,136,137,138,139,140,141,142,143,144,145,146,147,148,149,150,151,152,153,154,155,156,157,158,160,161,162,163,165,167,169,170,171,172,174,177,182,185,187,190,192,195,198,201,203,218,222,225,227,230,265,299,430,674
19,65,88,90,91,92,93,95,96,97,98,99,100,101,102,103,104,105,106,107,108,109,110,111,112,113,114,115,116,117,118,119,120,121,122,123,124,125,127,128,129,130,131,132,133,134,135,136,137,138,139,140,141,142,143,144,145,146,147,148,149,150,151,152,153,154,155,156,158,160,161,162,163,164,165,166,167,168,169,170,171,172,173,174,175,176,177,178,179,180,181,182,183,184,185,186,187,188,189,190,191,192,193,194,195,196,197,198,199,200,201,202,203,204,205,206,207,208,209,210,211,212,213,214,215,216,217,218,219,220,222,223,225,226,227,228,229,230,231,232,233,235,236,237,238,239,240,242,243,244,246,250,255,258,260,265,267,269,270,276,277,281,282,298,302,307,313,366,485
20,80,86,87,91,93,94,95,97,98,100,101,102,103,104,105,106,107,108,109,110,111,112,113,114,115,116,117,118,119,120,121,122,123,124,125,126,127,128,129,130,131,132,133,134,135,136,137,138,139,140,141,142,143,144,145,146,147,148,149,150,152,153,154,155,156,158,160,162,165,166,167,168,169,170,173,174,175,177,178,179,181,182,184,185,186,187,188,189,190,191,192,193,194,195,196,197,198,199,200,202,203,204,205,206,207,208,209,210,211,212,213,214,215,216,217,218,219,220,221,222,223,226,227,228,229,230,231,232,233,234,235,236,237,238,239,240,241,242,243,244,245,247,248,249,250,251,252,253,254,256,257,258,259,260,262,264,266,267,268,269,271,273,276,277,280,285,286,288,291,292,293,294,296,299,300,304,306,308,309,320,326,327,332,379,397,406,449,450,539
21,3,89,90,91,92,93,94,95,96,97,98,99,100,101,102,103,104,105,106,107,108,109,110,111,112,113,114,115,116,117,118,119,120,121,122,123,124,126,127,129,130,131,132,133,134,135,136,137,139,140,141,142,143,144,145,146,147,148,149,150,151,152,154,155,156,157,158,159,160,161,162,163,167,168,169,170,172,173,174,176,178,179,180,181,182,183,184,185,186,187,188,189,190,191,192,193,194,195,196,197,198,200,201,202,203,205,206,207,209,210,211,212,213,214,215,216,217,218,219,220,221,222,223,224,225,226,227,229,230,231,232,233,234,235,236,237,238,239,240,241,242,243,244,245,246,247,248,249,250,251,253,254,255,256,257,258,259,260,261,262,264,265,266,267,269,270,271,272,273,274,275,276,278,279,280,281,282,283,284,285,286,287,288,290,294,295,296,297,299,300,301,306,308,313,314,316,317,318,319,323,324,325,330,332,333,336,339,340,344,347,348,349,352,353,358,359,360,362,365,374,383,384,387,388,389,398,407,421,424,439,466,540,614
22,24,74,92,94,95,96,97,98,99,100,101,102,103,104,105,106,107,108,109,110,111,113,114,116,117,118,119,120,121,122,123,124,125,127,128,130,131,132,133,134,135,136,137,138,139,140,141,142,143,144,146,148,149,150,151,153,156,159,160,161,162,165,167,169,171,172,173,174,175,178,179,181,183,184,185,187,188,189,190,191,193,194,195,196,197,198,199,200,201,202,203,204,205,206,207,208,209,210,211,212,214,215,216,217,218,219,220,221,222,223,224,225,226,227,228,229,231,232,233,234,235,236,237,239,240,241,242,243,244,245,246,247,248,249,251,252,253,254,256,257,258,259,260,261,262,263,264,265,266,267,268,269,271,272,274,275,276,277,278,281,283,284,287,288,289,290,291,292,293,294,298,299,300,301,302,304,305,306,307,308,309,311,312,313,314,315,316,317,318,320,322,324,326,328,332,335,338,340,345,346,347,352,358,361,364,367,369,371,372,374,376,377,378,379,384,392,393,395,398,399,401,405,406,408,483,523
23,88,92,93,94,96,97,98,99,100,102,103,106,107,108,111,112,113,114,115,116,117,118,119,120,121,122,123,124,125,126,127,128,129,130,133,134,135,136,137,138,139,140,141,144,145,146,147,148,149,151,152,153,154,155,156,157,158,160,163,165,167,168,170,171,172,174,176,177,178,183,184,185,187,188,189,190,191,192,193,194,196,197,198,199,200,201,202,203,204,206,208,209,212,214,217,218,220,221,222,223,224,225,226,227,229,230,231,233,234,235,236,237,238,239,240,241,242,244,245,246,247,248,249,250,251,252,253,254,255,256,257,258,259,260,261,262,263,264,265,266,267,268,269,270,271,272,273,274,275,276,277,278,279,280,281,282,283,284,285,286,288,289,290,291,292,293,294,295,296,297,298,299,300,301,302,303,304,305,306,307,308,309,310,311,312,313,314,316,317,318,319,320,324,326,327,330,331,332,333,334,336,337,339,343,344,345,346,347,348,349,350,352,353,354,356,357,358,359,361,364,367,368,369,370,373,374,375,376,378,379,382,384,385,387,389,393,397,401,404,407,411,413,423,427,429,449,457,506,516
24,68,87,90,91,92,93,97,100,101,102,105,106,107,108,109,111,112,113,114,116,117,119,120,122,125,126,129,130,132,133,134,135,139,140,141,142,144,146,147,148,150,151,152,154,157,158,161,162,165,169,174,184,185,189,190,191,193,194,196,197,199,200,205,211,214,217,219,221,223,224,226,227,229,231,233,236,239,240,241,243,245,246,247,248,249,250,251,252,254,255,256,257,258,259,260,261,262,263,264,266,267,268,269,270,271,272,273,274,275,276,277,278,279,280,282,284,285,287,288,291,292,295,296,297,298,299,300,301,303,304,305,306,307,309,312,314,315,316,317,318,319,320,321,323,325,327,329,330,331,332,334,335,336,337,338,339,340,341,342,343,344,345,347,348,349,350,351,352,353,354,355,356,357,359,361,362,363,365,366,367,368,369,370,372,374,375,376,377,378,379,380,381,383,386,387,388,391,394,396,398,400,402,403,407,408,409,412,413,415,424,426,431,433,435,438,447,449,456,467,472,543,589
25,92,93,95,96,97,98,101,102,103,104,105,106,108,111,112,114,117,120,121,122,123,124,126,127,128,129,130,131,133,134,137,138,139,140,142,143,145,146,148,149,151,152,155,156,158,160,161,162,167,170,171,172,173,174,175,176,178,180,183,186,189,190,197,198,200,201,202,203,205,206,207,209,210,212,216,219,221,223,225,236,237,238,239,240,241,242,243,244,245,246,247,248,249,250,253,254,255,256,257,258,259,260,262,263,266,267,268,269,270,271,272,273,274,275,276,278,279,280,281,282,284,285,287,288,289,290,291,292,293,294,295,296,297,298,299,300,301,302,304,305,306,307,308,309,310,311,312,313,314,315,316,318,319,320,321,322,323,324,326,327,328,329,330,331,332,333,334,337,339,340,341,342,343,346,347,348,349,350,352,355,358,360,362,363,364,366,367,368,369,372,373,376,378,379,380,383,384,385,388,390,391,392,396,397,398,401,402,403,406,409,410,412,413,415,416,419,424,428,432,435,443,450,457,459,463,466,473,477,483,499,534,579
26,87,90,91,92,93,94,95,96,97,98,99,100,101,102,103,104,105,106,107,109,111,112,113,114,115,116,117,118,121,122,123,124,125,126,128,130,131,132,133,134,135,136,137,138,139,140,141,143,144,146,148,150,153,155,159,162,165,167,170,173,180,182,186,188,189,191,192,200,201,202,204,208,218,221,223,228,229,230,231,235,237,238,239,240,242,243,244,247,248,249,252,254,255,257,259,261,262,265,266,267,268,270,272,273,275,276,278,279,280,281,282,283,284,285,286,287,288,289,291,292,293,294,295,296,297,299,300,301,303,305,306,308,309,310,311,313,314,316,317,319,320,321,322,323,324,326,327,329,330,332,333,335,337,339,340,342,344,345,347,348,349,350,351,354,355,357,360,363,365,368,369,370,371,372,376,377,379,380,382,384,388,391,395,401,404,405,407,410,411,414,419,420,421,426,429,433,446,451,455,464,525,532,546
27,25,85,86,87,88,90,92,93,94,95,96,97,99,101,102,103,104,105,106,107,108,112,114,115,117,118,119,120,121,122,123,124,126,129,131,132,134,135,136,137,138,140,141,143,146,147,148,149,150,156,158,160,162,165,167,169,176,180,184,185,187,188,192,193,195,199,200,202,204,209,211,213,215,217,218,220,221,222,223,224,227,229,234,235,237,238,239,240,241,242,244,245,246,247,249,251,252,255,256,258,261,262,263,267,272,273,274,275,276,277,279,282,283,285,286,287,288,289,290,291,292,293,294,296,298,300,301,303,305,306,307,308,309,311,312,313,317,319,321,324,325,328,329,330,332,334,335,337,343,348,351,352,353,354,355,357,358,359,360,362,363,364,366,367,369,370,372,373,374,375,376,377,382,383,384,390,393,397,399,402,403,405,408,412,418,420,441,447,464,485,493,497,576,642
28,85,89,93,94,95,96,97,98,99,100,101,103,104,106,108,109,112,113,114,115,116,117,118,119,120,123,125,127,128,129,130,132,133,134,136,137,139,141,142,143,144,147,148,149,150,151,152,153,154,157,158,159,162,163,165,167,173,175,177,181,182,183,184,188,191,196,197,198,200,203,205,206,207,208,210,211,218,219,227,231,237,238,240,241,242,243,245,246,249,255,260,261,264,269,270,271,273,274,276,278,279,284,286,290,291,293,294,298,301,302,303,306,310,316,319,325,329,330,331,339,341,343,344,345,346,347,348,350,351,352,353,354,355,360,361,363,364,365,374,379,381,383,384,386,387,388,390,391,399,402,408,411,422,424,429,435,471,523,558
29,23,73,85,88,89,90,91,92,93,94,97,98,99,100,102,103,104,105,106,107,108,109,110,111,112,113,115,116,117,121,122,123,124,125,126,127,128,129,132,133,134,136,137,138,143,145,146,147,149,151,152,153,156,157,159,164,165,166,170,173,177,179,182,184,191,194,201,207,208,209,210,211,215,217,221,222,226,227,233,234,236,240,241,243,247,248,249,251,255,256,257,259,260,261,266,267,269,271,272,273,277,278,279,281,283,284,286,289,290,291,293,294,297,300,307,308,309,311,312,313,314,315,318,319,321,324,325,327,328,329,330,331,332,334,335,336,337,338,339,340,343,344,345,352,353,354,357,361,363,365,366,371,384,385,390,395,400,401,403,414,419,428,430,441,470,475,483,550,696
30,78,82,84,89,92,95,96,98,101,105,106,108,110,111,112,113,114,115,116,117,118,119,121,122,123,124,125,126,127,128,129,130,131,132,135,137,138,139,140,141,142,143,144,147,148,149,151,152,155,164,166,169,171,173,176,177,183,185,188,189,190,192,193,194,197,198,199,200,208,210,215,217,225,226,233,235,238,241,243,247,253,256,257,259,260,261,262,263,264,265,267,270,276,277,278,280,281,282,283,284,285,286,287,289,291,292,294,302,304,305,309,310,311,316,318,321,322,324,326,327,329,330,331,333,334,335,336,338,341,342,344,345,348,349,350,353,356,359,360,361,362,364,365,372,377,378,382,383,386,394,410,412,444,448
31,9,82,86,89,90,91,93,97,98,99,101,102,104,105,106,107,108,109,110,113,114,115,117,127,128,129,130,132,134,135,136,137,139,140,141,142,143,146,148,150,151,152,153,154,155,156,157,159,160,161,166,168,172,175,176,181,184,188,190,194,196,197,198,199,200,203,206,208,210,212,217,218,220,221,222,224,225,227,228,230,231,235,236,238,244,246,250,251,254,255,256,258,262,263,266,270,271,272,273,275,277,278,279,280,281,282,283,284,285,287,288,290,291,292,294,296,298,305,308,310,316,317,318,320,323,325,328,330,334,338,342,343,346,349,358,371,372,373,374,377,378,385,387,388,390,392,394,395,397,399,402,405,407,417,478,490
32,86,90,91,92,94,96,98,99,100,101,102,103,104,106,108,109,112,113,115,116,117,118,119,120,121,123,126,127,129,130,135,137,143,144,148,150,154,156,159,161,162,163,165,167,168,169,170,171,172,173,174,175,176,178,180,182,183,186,189,190,194,198,199,201,205,207,209,212,214,217,218,221,224,225,226,227,231,233,235,241,245,246,247,251,253,254,255,258,259,261,263,266,267,270,272,275,276,277,278,280,281,282,284,288,290,292,293,294,295,296,297,310,313,315,321,322,323,326,337,338,340,343,344,346,347,348,352,356,360,361,364,366,368,370,371,374,376,379,380,381,384,386,388,413,422,461,466,471,482
33,83,90,91,92,93,94,95,96,97,98,99,100,101,102,103,107,108,109,110,112,114,117,119,120,121,122,123,125,128,130,131,133,134,135,136,137,138,139,140,141,143,147,149,151,155,157,160,161,162,163,164,165,166,167,168,170,172,176,177,178,181,185,194,196,198,200,201,202,203,209,210,212,213,216,218,219,220,221,223,226,228,233,235,237,238,245,248,251,252,254,255,257,258,259,261,264,265,266,270,272,273,276,277,278,279,281,282,284,285,287,290,294,296,299,301,302,303,306,307,309,311,312,314,326,327,329,331,335,337,340,342,346,348,351,353,370,371,381,387,395,397,398,401,409,431,439,441,450,503,519,697
34,87,90,92,93,95,97,98,101,102,103,104,105,106,109,111,112,113,115,116,117,118,119,120,121,122,123,124,126,129,130,131,132,134,135,136,138,140,141,142,143,144,145,146,147,150,151,152,153,154,155,156,158,159,160,161,163,164,170,172,173,174,175,176,177,179,183,195,196,198,201,202,204,207,210,213,215,217,218,219,226,241,243,249,251,254,257,266,267,268,271,272,274,276,283,286,287,288,290,292,295,296,298,300,301,303,304,306,308,314,317,322,323,324,325,326,327,328,333,334,335,336,338,340,342,343,346,347,352,353,354,359,361,364,367,368,373,375,376,377,384,387,396,400,401,402,403,404,406,411,412,420,425,443,449,577,622
35,86,88,89,90,92,93,94,96,98,99,100,102,103,104,105,106,107,110,111,115,116,117,123,124,125,126,127,128,130,131,134,137,138,141,142,144,146,148,149,151,152,153,155,156,157,158,160,161,162,163,164,167,172,174,175,176,177,180,183,187,191,203,205,212,216,222,227,229,231,239,241,242,244,245,250,252,254,255,257,259,264,265,270,273,274,277,278,279,283,284,287,288,289,295,297,298,303,304,305,306,310,319,339,342,347,353,354,357,358,366,368,373,376,382,393,394,398,441,442,455,462
36,84,85,90,95,96,97,98,99,100,101,102,103,104,105,106,108,110,111,113,115,117,118,119,120,121,122,123,124,125,126,129,130,132,139,140,141,142,143,144,145,146,148,149,150,153,158,161,163,166,168,169,170,172,177,181,185,194,195,198,201,209,211,212,213,215,217,219,220,221,222,224,227,235,238,243,244,249,251,257,258,259,268,272,277,278,280,281,285,289,292,294,295,296,298,299,301,310,320,321,323,324,332,342,345,351,353,372,380,381,389,393,394,418,426,435,455,458,470
37,86,87,88,92,95,96,97,98,100,101,102,103,105,106,109,110,111,112,114,115,116,118,119,120,122,123,124,125,126,129,130,131,133,135,137,138,139,141,142,143,144,145,148,150,151,152,155,157,158,159,165,167,168,169,170,171,173,176,178,182,186,187,205,208,218,220,223,226,227,230,236,238,239,244,245,247,248,250,256,257,260,262,264,265,271,275,276,277,279,281,283,284,285,286,287,288,289,291,293,295,296,298,300,302,306,307,311,312,315,316,321,322,323,343,346,351,355,357,360,376,384,389,397,398,406,408,412,428,431,433,443,579
38,55,86,88,90,91,93,94,97,98,99,101,102,105,106,107,109,110,111,112,113,114,115,117,118,120,122,123,124,126,128,129,130,131,132,133,134,136,138,139,143,144,145,146,147,148,149,150,151,153,161,162,167,168,170,171,172,188,194,196,205,207,216,219,228,231,232,235,238,239,246,252,254,257,262,269,273,274,280,284,285,286,294,295,301,302,303,306,312,313,315,317,321,331,335,337,344,346,348,350,359,364,369,374,376,380,383,385,391,394,397,402,407,415,421,427,437,456,587,632,667,685,687
39,2,15,88,90,91,92,93,95,96,97,98,99,100,101,102,104,105,106,107,109,110,112,113,115,118,119,120,122,127,128,129,130,133,136,137,138,140,141,142,143,144,146,148,149,150,151,152,154,155,156,158,159,160,161,162,163,164,165,166,167,169,170,171,173,174,176,177,178,188,191,193,195,197,198,210,221,223,224,226,229,233,239,243,245,247,249,250,253,255,257,258,259,268,269,270,272,276,278,280,281,282,286,287,289,290,293,296,299,301,304,305,311,312,323,328,329,334,353,357,358,360,376,386,388,403,429,439,440,531,584
40,83,85,89,93,94,95,96,100,101,104,106,107,109,110,112,113,114,116,117,119,120,121,122,125,126,127,128,130,131,133,140,141,144,146,150,151,153,155,156,157,161,164,166,167,168,169,170,173,175,176,179,181,182,192,193,194,198,199,205,208,209,210,211,212,213,214,216,217,219,220,221,225,226,235,236,238,243,244,247,249,251,253,255,256,258,260,261,262,267,275,278,281,283,288,291,292,293,295,297,298,299,301,304,305,306,311,312,319,330,336,337,345,349,353,356,378,384,402
41,7,36,84,85,87,88,91,92,93,95,96,98,102,104,105,106,107,108,109,110,112,114,116,117,120,122,123,124,125,126,127,128,129,130,133,134,135,136,137,138,142,143,146,147,149,150,151,153,154,157,158,159,160,162,163,164,166,167,168,169,170,173,177,181,182,194,196,206,210,214,216,219,222,224,232,234,245,262,269,274,276,281,284,288,291,293,298,305,306,308,312,315,323,324,327,334,344,347,350,351,352,356,365,367,375,377,383,384,440
42,87,89,90,94,95,96,98,99,100,101,103,104,106,108,109,110,111,114,115,116,117,118,119,120,123,124,125,127,129,130,131,132,134,136,137,138,139,141,142,143,144,146,148,149,150,152,153,154,155,157,158,159,162,164,166,167,168,169,170,172,175,176,177,178,182,184,187,188,194,198,203,206,214,215,217,218,224,225,247,253,256,258,263,266,267,271,272,273,281,282,285,288,297,302,306,309,311,315,330,354,364,375,376,379,391,398,400,407,445,482,619,657
43,57,83,87,91,92,93,94,95,99,100,101,103,104,105,106,108,109,110,111,112,113,114,115,116,117,119,120,125,127,130,131,133,134,137,138,139,141,142,145,146,150,151,152,153,154,155,157,158,159,160,161,162,163,164,166,168,169,171,172,174,175,177,178,180,181,189,191,194,198,199,208,211,213,214,219,222,223,224,225,228,232,235,238,244,254,260,263,265,270,278,280,284,287,291,294,299,305,314,324,328,333,341,381,386,446,462,473,563,628
44,86,88,89,91,92,93,95,97,98,99,100,101,102,103,104,106,107,109,111,113,114,116,119,120,121,122,123,125,127,128,129,132,135,137,139,140,141,142,143,145,150,151,153,155,158,160,161,162,164,168,169,170,172,174,176,195,197,203,205,208,221,223,232,239,248,258,261,268,271,273,296,298,299,302,303,308,342,379,381,405,652,672
45,20,81,83,88,90,91,94,96,97,98,99,104,106,107,108,111,112,114,115,118,119,120,121,122,123,124,125,126,127,128,129,130,131,133,134,135,136,137,139,141,143,145,146,147,150,152,154,155,156,157,159,160,161,163,164,165,166,169,170,171,172,173,174,178,181,185,191,195,196,199,202,209,216,228,229,237,245,257,260,265,268,270,273,274,288,289,299,303,311,323,333,349,355,392
46,92,93,96,97,99,100,101,102,103,104,107,108,110,111,112,113,114,115,117,118,120,121,123,124,125,128,132,133,134,135,138,140,141,143,144,145,146,147,148,149,150,151,152,156,157,158,159,160,161,162,163,164,165,169,170,172,173,176,177,178,180,187,193,199,203,204,206,210,213,216,218,220,223,225,236,242,243,270,282,291,292,296,303,307,334,335,348,372,374,385,499,584
47,34,78,88,89,92,93,94,95,96,99,102,103,105,106,108,111,112,113,114,115,116,117,118,119,120,121,123,124,125,127,130,131,132,133,136,139,140,142,143,144,145,148,149,151,153,154,160,163,164,165,166,167,169,171,178,179,180,181,184,198,200,204,205,212,213,216,217,219,227,229,234,235,244,245,249,256,264,272,277,282,283,284,288,300
48,85,88,90,91,95,96,97,98,99,102,104,106,109,111,112,113,115,117,118,120,121,122,123,124,125,127,128,129,130,131,132,136,137,138,139,140,142,143,144,145,146,147,149,150,152,153,155,159,160,163,164,165,167,168,169,170,173,176,177,179,180,182,184,200,201,204,208,212,213,220,221,222,227,232,237,238,271,296,303,331,351,539
49,88,89,93,94,95,97,98,99,100,102,104,105,106,108,109,110,112,114,115,116,117,119,122,123,124,126,130,132,133,134,135,137,138,140,146,147,148,149,151,154,155,157,158,159,160,162,163,164,165,170,171,172,174,176,177,178,179,180,181,183,190,198,201,204,207,209,210,213,216,231,234,244,249,253,254,265,268,269,282,292,592,694
50,11,18,66,87,94,95,96,97,99,100,101,102,105,107,109,111,112,113,114,115,116,119,120,121,122,123,124,125,126,128,129,130,131,132,133,134,137,139,140,142,143,144,146,149,150,151,153,154,155,157,159,163,165,166,169,172,174,177,178,181,182,183,192,200,203,206,207,212,215,218,219,221,229,230,231,232,233,234,237,238,249,250,254,255,260,262,273,292,334,376,421,513,642
51,83,89,95,96,97,99,101,106,110,111,112,113,114,115,116,117,118,119,123,124,125,126,127,128,129,130,132,133,134,135,137,138,139,141,144,145,146,147,149,150,151,153,157,158,160,161,163,167,170,172,179,181,182,188,193,206,207,211,213,214,217,218,219,224,225,226,228,230,232,241,243,246,256,262,265,268,277,280,291,292,294,339,343,346,348,394,435,475,597,653
52,93,94,96,98,99,100,102,103,104,105,106,107,108,109,110,112,114,115,116,117,118,119,120,121,122,123,126,127,128,129,130,131,133,134,135,136,137,142,143,146,147,148,149,150,153,154,155,156,157,158,160,162,163,165,166,168,171,173,175,178,183,184,186,188,195,196,200,201,209,211,214,215,219,222,228,235,276,293,298,302,304,317
53,83,92,93,94,97,99,100,102,103,105,107,108,109,111,112,113,115,116,117,118,119,120,121,122,123,126,128,129,131,132,134,136,137,140,141,142,143,144,145,146,147,148,149,150,151,152,153,154,156,158,159,160,161,163,164,165,166,170,171,172,173,174,176,177,179,180,181,186,187,188,192,199,203,210,211,212,215,218,219,220,221,224,226,227,228,230,232,233,234,245,257,258,265,285,363,392
54,34,53,87,88,89,90,91,92,93,95,96,97,98,99,101,102,103,105,107,110,111,113,116,117,118,119,121,122,125,127,128,129,130,131,132,133,134,135,136,138,139,140,142,143,144,145,146,147,148,149,150,151,153,154,156,157,158,159,160,161,162,163,165,166,167,168,169,170,171,172,173,174,176,178,179,180,181,184,187,188,200,201,204,205,206,207,209,210,212,215,217,218,220,222,223,225,226,228,231,235,236,245,271,280,286,293,298,308,338,380,397,656
55,80,85,86,89,90,92,93,95,96,97,99,102,105,106,108,109,110,111,112,113,114,115,118,121,122,123,128,129,133,134,135,136,137,138,141,143,145,146,147,149,150,151,154,158,161,164,166,169,171,172,173,174,175,176,178,180,182,184,186,187,189,191,192,196,197,198,200,201,202,205,207,211,213,214,215,216,217,221,224,225,233,234,247,254,258,260,279,294,301,323,361,574
56,4,68,76,85,91,94,96,105,116,122,124,125,133,137,145,146,150,151,156,159,162,166,169,173,183,185,190,206,223,230,235,277,279,300,595
57,23,346,362,578
58,469,510
59,20,342,470,488,527,692
60,454,471,674
61,6,16,65,67,150,574
62,508,546,579,603,693
63,64,366,598
64,211,597,614
65,73,136,369,500,602
66,96,478
67,270,589,643,668
68,11,97,191,435,457,560,562,595,628,692
69,155,386,442,449,614
70,151,214,351,408
71,32,87,345
72,434,483,569,652
73,14,140,319,337,476
74,357,440
75,
76,
77,
78,
79,
80,
81,
82,
83,
84,
85,
86,
87,
88,
89,
90,
91,
92,
93,
94,
95,
96,
97,
98,
