11
0,271
1,136,139,224,261,273,560,635,638
2,132,192,212,222,286
3,4,51,70,76,212,459,577,690
4,32,45,62,64,75,78,80,81,82,83,87,92,94,95,98,106,113,126,147,151,156,190,192,220,245,444,454,496,600
5,52,96,97,101,102,104,106,107,108,109,110,111,112,113,114,115,116,117,118,119,120,121,124,126,127,128,129,130,131,135,137,138,140,148,153,155,158,160,169,172,175,177,182,196,198,207,208,212,237,242,243,247,251,257,259,269,270,274,276,284,285,287,288,290,291,292,293,294,295,296,297,299,300,301,302,303,306,309,310,313,314,315,316,317,318,319,320,321,322,323,324,325,326,327,328,330,332,333,334,335,337,338,339,340,341,342,343,344,345,346,347,350,351,352,353,354,356,358,359,360,361,362,363,364,365,366,367,368,369,370,371,372,373,374,375,376,377,378,379,380,381,382,383,384,386,387,388,391,394,395,396,398,399,401,402,404,405,408,409,413,419,423,426,430,433,440,444,448,449,457,467,485,503,514,678,691
6,105,107,109,111,112,113,114,115,116,117,118,119,120,121,122,123,124,125,126,127,129,130,131,132,133,135,136,137,145,146,147,152,154,158,159,160,161,164,165,167,170,172,177,179,180,182,183,185,188,193,195,198,199,200,201,202,204,205,206,207,209,210,211,212,214,215,217,218,220,225,226,229,230,233,239,240,241,249,251,253,256,257,260,264,265,266,269,270,272,274,275,277,279,280,282,283,284,285,286,287,288,290,291,292,293,295,296,297,298,299,300,301,302,303,304,305,306,307,308,309,310,311,312,313,314,316,317,319,320,321,323,324,325,326,327,328,329,330,331,332,333,334,335,336,337,339,340,341,342,344,345,346,347,348,349,350,351,352,353,354,355,356,357,358,359,360,361,362,363,364,365,366,367,368,369,370,371,372,373,374,375,376,377,378,379,380,381,382,383,385,387,388,391,393,395,398,400,401,402,403,404,405,406,408,409,410,416,418,419,423,424,425,428,430,432,437,440,441,450,451,455,459,460,461,463,468,484,497,517,539,554,580,668,691
7,3,84,98,99,108,110,113,115,116,117,118,119,120,122,123,124,125,126,127,128,129,130,131,132,134,135,136,137,138,140,141,142,143,144,145,146,147,148,149,152,153,155,157,158,159,160,161,163,164,172,176,177,178,180,181,182,185,186,187,196,197,200,201,202,203,204,205,206,207,208,209,210,211,212,213,214,216,217,219,220,221,224,227,228,229,231,238,241,244,250,255,258,259,261,263,264,266,270,271,272,276,278,280,281,282,285,289,290,291,292,293,298,300,303,304,305,307,310,311,313,314,315,317,319,320,321,322,323,324,325,326,329,332,333,336,337,338,339,340,341,342,343,345,347,348,349,350,351,352,353,354,355,356,357,358,359,361,362,363,364,365,366,367,368,369,370,371,372,373,374,375,376,377,379,380,381,382,383,384,385,386,387,388,389,390,391,392,393,395,396,397,398,399,400,401,402,403,404,405,406,407,408,409,410,411,412,413,414,415,419,420,421,423,424,426,428,429,430,431,433,434,435,436,437,439,441,442,443,444,445,446,448,449,455,457,458,460,462,467,468,477,479,482,486,495,500,503,505,529,531,533,631,665,673
8,24,69,107,108,109,110,113,114,115,116,117,118,120,121,122,123,124,125,126,127,128,129,130,131,132,133,134,135,136,137,138,139,140,141,143,144,145,148,149,150,151,152,153,155,156,157,158,159,161,162,164,166,169,170,171,175,177,178,180,182,183,185,186,187,189,190,191,192,199,203,205,208,210,211,215,218,219,220,223,224,225,226,227,228,229,230,231,234,235,236,238,239,241,248,254,258,261,263,264,266,267,269,270,271,273,274,275,278,279,280,282,288,289,290,293,296,297,300,301,304,305,307,309,310,311,312,315,316,317,318,319,320,321,322,323,324,326,327,328,329,330,331,332,333,334,336,337,338,340,341,342,343,347,349,351,352,353,354,355,356,357,358,359,360,361,363,364,365,366,367,368,369,370,371,372,373,374,375,378,379,382,384,386,389,392,394,395,396,401,404,405,406,407,408,409,410,414,415,419,423,425,427,430,431,433,434,436,441,445,446,447,451,452,453,454,462,463,464,467,468,471,474,476,477,483,486,492,498,503,510,517,556,608,646,653
9,103,106,107,108,109,110,112,113,116,117,118,119,120,121,122,123,124,125,126,128,129,130,131,132,134,135,136,137,138,139,140,142,143,144,145,147,148,149,150,151,152,153,154,155,156,157,158,159,160,163,164,165,166,167,168,169,171,173,174,175,176,177,178,179,180,181,182,183,184,185,186,187,188,189,192,193,198,199,200,203,204,205,207,208,210,211,212,213,214,217,220,222,225,226,227,228,229,231,232,233,234,236,243,250,253,254,259,260,264,265,266,268,269,275,276,278,279,284,287,289,293,296,297,298,299,300,301,302,305,307,308,309,311,313,314,315,317,319,320,322,323,325,326,329,330,333,334,335,336,337,340,342,345,346,352,353,355,356,357,359,361,363,364,365,366,367,374,375,376,377,378,379,380,382,383,384,386,387,389,392,393,395,400,405,410,413,414,415,416,418,419,421,426,429,437,442,445,446,448,451,452,454,463,464,466,473,479,480,487,501,514,536,642
10,25,64,88,95,105,107,110,111,112,114,117,118,119,120,122,123,128,129,130,131,132,134,135,136,137,138,139,140,141,142,143,144,146,148,150,151,152,153,154,156,157,160,161,164,165,167,169,170,175,176,180,183,185,186,188,189,192,194,197,198,199,200,201,203,205,207,212,213,214,219,220,222,227,232,234,235,242,253,255,256,257,259,267,268,269,270,271,272,274,275,276,277,282,283,284,288,290,291,292,294,296,298,299,301,302,304,305,308,309,310,311,314,315,318,320,321,322,323,324,331,332,334,337,338,339,340,341,342,345,347,348,350,351,354,355,356,358,359,360,361,362,363,367,371,372,373,374,375,377,378,381,382,383,384,385,386,387,389,390,391,393,395,396,398,399,400,403,404,405,406,407,408,410,412,416,417,420,421,423,429,435,446,447,450,452,453,456,458,459,460,470,472,476,479,493,494,502,537,557,558,625
11,22,99,107,115,116,118,119,121,122,123,124,127,129,130,131,132,133,135,137,139,140,143,144,145,147,150,152,155,156,163,165,167,170,177,178,184,186,188,193,197,199,204,206,209,211,217,218,221,223,238,240,252,259,267,268,270,281,286,290,295,296,297,298,300,301,302,304,307,308,311,313,315,319,321,322,325,329,334,336,339,342,343,345,348,349,350,352,353,354,355,356,357,359,360,363,364,366,367,371,373,374,375,377,378,380,381,383,384,385,386,389,392,393,396,399,400,401,402,405,407,408,411,413,414,419,420,425,428,434,435,437,440,441,450,454,456,462,463,464,465,470,472,473,477,481,484,493,608,619
12,65,81,97,105,108,109,110,111,112,113,114,116,117,119,120,121,123,127,128,129,130,131,132,133,134,135,139,141,142,143,144,147,148,149,150,151,152,153,154,155,156,157,158,159,160,164,165,167,172,178,181,184,199,200,203,206,213,215,228,230,245,246,247,258,262,263,266,271,276,279,282,284,287,289,291,296,297,302,303,304,305,309,311,312,313,318,320,327,329,330,339,340,341,344,347,348,349,354,355,358,362,364,365,367,368,370,371,372,373,374,375,376,378,383,384,385,386,389,390,391,396,397,399,401,402,404,406,408,410,411,412,417,419,421,427,430,434,435,437,438,443,446,447,448,451,457,459,465,468,471,476,482,489,490,494,496,497,508,511,531,560
13,74,94,105,106,108,112,115,116,117,118,119,120,121,122,123,124,125,126,128,131,132,133,134,135,140,145,146,147,154,156,157,161,162,164,168,169,170,171,173,176,177,184,185,187,190,191,193,195,201,202,203,205,206,209,210,211,213,216,217,218,219,221,223,224,229,233,238,241,242,246,252,258,260,266,267,270,271,276,277,279,281,282,283,284,289,291,292,298,303,305,311,313,316,324,328,332,342,347,348,349,354,357,358,360,362,367,368,369,370,372,373,375,379,381,385,388,389,391,392,400,401,402,408,410,414,421,425,428,429,431,439,441,443,445,461,462,463,473,487,488,546,624
14,57,104,105,108,110,111,112,113,114,115,116,118,119,121,122,123,125,127,128,130,132,133,134,135,136,137,138,139,141,142,143,146,149,150,153,154,156,158,160,161,162,165,166,168,170,173,174,175,178,180,184,188,190,193,211,214,216,217,219,221,223,227,229,231,235,236,238,239,243,244,249,252,257,261,262,266,275,277,284,291,295,304,315,317,318,322,330,333,345,346,356,362,364,365,370,376,378,379,382,383,385,390,393,394,398,400,402,403,404,406,409,416,418,419,420,424,427,435,443,454,458,462,463,464,471,472,474,476,477,488,551,589
15,109,110,118,120,123,124,126,127,132,133,135,136,137,138,142,146,148,149,150,151,154,155,159,161,162,165,166,168,193,194,197,198,200,207,208,209,211,214,215,216,225,228,231,235,249,256,257,259,263,264,265,266,268,269,272,273,275,280,281,285,291,292,293,296,298,300,306,311,317,322,323,327,329,333,334,337,343,348,356,361,364,366,371,377,378,382,385,388,389,393,399,406,407,409,411,412,440,445,449,455,460,467,478,483,493,505,522,548,557,577,656
16,92,111,114,115,117,118,119,120,122,123,125,127,128,130,131,132,135,137,140,142,144,151,152,154,157,161,163,165,168,169,170,177,178,179,186,188,191,193,196,197,202,209,215,219,222,223,226,227,230,231,232,240,244,252,255,263,266,267,273,284,289,291,297,307,311,312,319,342,344,347,352,359,363,368,373,374,376,380,381,395,396,402,406,409,413,442,443,452,454,457,459,463,483,484,486,487,527,600,636
17,3,41,111,112,114,116,118,119,121,124,126,128,129,130,131,133,134,135,136,138,139,141,143,146,147,148,149,150,151,153,156,157,158,161,162,163,167,168,169,170,172,173,175,177,178,186,187,198,199,204,209,211,213,215,223,225,228,233,246,252,253,258,262,266,267,270,279,281,283,288,291,301,307,311,313,318,345,355,360,364,374,382,386,392,393,394,400,403,410,419,429,431,452,479,499,510,523,569
18,110,114,117,119,121,123,125,126,128,129,131,132,135,136,137,138,139,143,144,146,147,148,149,150,151,152,155,156,157,162,167,171,174,175,176,177,178,188,189,191,194,201,202,204,205,207,208,211,215,216,217,219,222,223,226,228,231,232,237,239,240,241,242,248,249,251,252,254,257,260,261,264,265,267,268,270,272,274,275,276,277,278,280,282,283,284,285,291,293,295,296,297,300,301,304,308,311,312,313,316,324,326,333,334,335,344,358,362,390,392,397,398,423,429,445,460,461,465,471,530,592,604
19,117,118,119,122,123,124,125,126,128,129,130,131,132,135,136,137,138,139,141,143,144,148,151,152,153,154,157,158,160,161,163,164,165,166,167,170,171,172,173,179,180,181,183,185,187,188,189,190,191,192,193,194,195,196,199,201,204,208,210,217,221,224,229,230,234,236,237,242,251,253,254,257,259,260,261,262,264,265,267,270,272,273,278,279,284,286,287,291,293,294,300,301,302,304,311,314,315,316,318,321,322,323,328,336,337,360,385,388,394,401,430,507,525,561,581,595,620,663,684
20,2,65,118,121,124,125,126,127,130,131,132,133,134,135,136,138,139,141,143,145,146,148,149,152,153,155,156,157,158,159,161,162,163,164,165,166,167,168,169,170,171,172,173,175,176,177,178,180,182,184,186,187,193,194,198,204,205,214,215,216,217,218,223,224,225,227,228,230,232,236,238,240,242,245,246,249,254,257,258,259,266,267,268,270,271,272,273,274,275,276,278,279,280,281,282,283,286,290,291,293,294,298,300,301,302,303,305,306,307,309,310,311,313,314,317,323,327,330,331,353,354,358,365,367,381,389,393,410,417,435,438,450,455,465,486,492,494
21,104,118,121,122,125,126,127,128,129,130,131,132,133,134,135,139,141,143,144,145,146,149,150,151,153,154,155,156,158,159,160,162,163,165,166,167,168,171,172,178,179,184,186,187,188,190,192,194,195,196,197,198,208,209,212,217,220,223,224,225,226,227,228,229,230,232,234,235,236,237,238,239,242,243,245,246,252,254,256,258,260,265,273,276,284,286,287,288,293,294,295,298,301,302,308,310,314,315,324,325,328,334,340,348,349,350,367,376,377,388,395,397,406,419,421,423,457,497,593
22,45,64,119,124,125,128,131,132,133,134,136,137,139,141,142,143,144,145,146,147,149,151,152,154,155,158,160,163,164,165,166,169,170,171,172,173,174,176,177,181,182,184,185,187,189,190,193,195,200,202,207,212,216,217,218,220,222,224,225,226,228,229,230,231,232,234,235,236,237,239,240,244,245,246,247,249,250,251,252,261,264,268,271,272,278,281,306,318,319,323,451,461,466,527,647
23,7,84,127,133,134,135,137,138,139,140,141,142,143,144,145,148,149,151,152,153,155,157,159,160,161,162,163,164,170,172,173,174,175,177,179,180,182,183,186,189,190,192,193,196,197,198,199,202,203,204,207,213,217,220,221,223,226,227,231,234,235,236,237,238,240,241,242,243,245,246,248,249,250,251,253,263,264,267,271,275,283,287,288,301,320,355,384,420,441,457,667
24,125,133,135,139,142,143,145,146,147,148,150,151,152,153,154,156,157,158,160,161,162,163,165,166,167,168,169,171,172,174,176,181,184,185,186,187,188,192,193,195,196,201,202,206,208,212,216,221,224,225,227,228,229,230,231,232,235,236,237,238,240,242,243,244,245,249,251,253,258,260,262,263,269,272,276,278,280,283,285,287,288,298,303,309,385,402,433,536,543,548,568,654
25,68,135,144,145,146,147,148,151,152,153,154,155,157,158,159,160,161,162,163,165,167,168,171,172,173,174,175,176,177,178,179,180,181,182,183,184,186,187,188,191,192,193,195,198,199,202,203,204,209,216,228,229,230,234,236,237,238,239,244,246,247,248,249,252,257,258,260,261,262,263,265,266,267,268,270,273,276,277,278,281,282,285,290,293,306,312,319,324,325,326,366,438,572
26,145,149,153,155,159,160,161,162,163,164,165,166,167,168,169,170,171,172,173,174,175,176,177,180,181,182,183,186,187,189,190,192,193,195,196,197,200,201,202,203,204,205,206,207,210,213,223,235,238,240,241,243,246,247,248,250,251,252,253,255,258,260,263,264,266,267,268,270,277,291,296,297,300,306,313,317,319,324,327,330,331,336,352,360,363,376,386,399,437,571,604
27,68,153,155,156,157,158,160,161,162,163,164,166,167,168,169,170,171,172,173,174,175,176,177,178,179,180,181,182,183,184,185,186,187,188,189,190,191,192,193,196,198,199,200,201,203,204,207,208,209,210,211,212,214,238,242,244,247,251,260,263,266,268,278,283,288,291,311,321,329,388,468,533,588
28,7,14,29,151,162,163,166,167,168,169,170,171,172,173,174,175,176,178,179,180,182,183,184,185,186,187,188,189,190,191,192,193,194,195,196,197,198,199,200,204,206,207,209,211,213,215,216,217,224,227,228,260,262,305,314,332,334
29,40,56,158,160,162,166,169,170,174,175,176,177,178,179,180,181,183,184,186,187,188,189,190,191,192,193,194,195,197,198,199,201,203,204,206,207,208,210,211,213,215,217,218,220,224,226,227,228,230,231,232,235,238,242,243,245,255,268,272,285,293,296,300,310,314,623,692
30,81,107,176,177,179,180,182,184,186,187,188,189,191,192,193,195,196,197,198,199,201,203,204,205,208,209,213,216,219,220,222,224,225,226,228,232,237,241,242,244,248,249,250,255,261,263,266,268,273,280,281,283,304,305,307,317,382,550,575,620
31,37,131,171,175,181,184,185,188,190,191,193,196,198,199,201,202,203,204,207,208,210,211,216,217,218,220,221,225,227,229,236,242,246,247,251,252,260,271,274,275,299,302,307,321,337,350,463
32,65,183,187,189,190,196,198,202,204,205,207,208,210,212,214,218,221,224,227,236,237,241,242,244,251,258,262,272,274,276,279,284,289,305,315,321,330
33,23,81,182,185,194,196,197,206,212,217,219,220,226,236,237,238,239,243,244,247,254,268,275,279,500,563,567,616
34,684
35,638,651,690
36,110,144,456,565
37,115,437,501
38,407,410,447,574
39,89,95,340,341
40,88
41,86,206,405,566,647,651,654
42,33,171,430,536,562,636
43,113,137,296,502,582,606,699
44,563,578,585,618,622
45,12,81,121,509,574,621,672
46,64,550,567,607
47,101,102,224,497,509,524,549,604
48,562,573,680
49,25,59
50,13,80,260,340,557,584,627
51,396
52,28,73,96,156,196,289,370,428,692
53,2,199,219,542,563
54,13,15,103,197,265,435,439,538,640,694
55,102,348,389,495,561,699
56,549
57,172,233,323,587,605
58,49,72,358,468,697
59,33,59,211,503,507,553,673,675
60,30,65
61,109,122,573,599
62,3,157,408
63,260,329,459,531
64,26,418,445,522,632,666
65,45,95,101,165,441
66,5,70,208,210,288,359,642,644
67,18,559,685
68,48,553,609
69,
70,
71,
72,
73,
74,
75,
76,
77,
78,
79,
80,
81,
82,
83,
84,
85,
86,
87,
88,
89,
90,
91,
92,
93,
94,
95,
96,
97,
98,
