13
0,501
1,37,125,443
2,343,389,475,523
3,4,80,103,107,138,320,332,399,483,519,548,561,578
4,44,51,81,130,146,168,269,673,697
5,76,79,80,81,82,86,89,92,146,152,159,163,166,170,171,173,178,180,181,182,184,185,187,189,192,195,196,198,199,202,203,204,205,208,209,210,211,213,222,224,229,235,239,242,263,268,309,327,415,451,454,458,463,474,476,524,648,652
6,20,38,66,69,70,71,74,75,76,77,78,79,80,81,82,83,84,85,86,87,88,89,90,91,92,93,94,95,96,97,98,99,101,104,105,106,108,109,111,121,229,267,360,399,431,453,503,518,647
7,33,36,67,68,70,72,73,74,75,76,77,78,79,80,81,82,83,84,85,86,87,88,89,90,91,92,93,94,95,96,97,98,99,100,101,102,103,104,105,106,107,108,109,110,111,112,113,114,115,116,117,118,119,120,121,122,123,124,125,126,127,128,129,130,131,132,133,134,135,136,137,138,174,178,179,180,189,191,213,300,475,502,642,649
8,3,68,69,71,72,74,75,76,77,78,79,80,81,82,83,84,85,86,87,88,89,90,91,92,93,94,95,96,97,98,99,100,101,102,103,104,105,106,107,108,109,110,111,112,113,114,115,116,118,119,120,121,122,123,124,125,126,127,128,129,130,131,132,133,134,135,136,137,138,139,140,141,142,143,144,145,146,147,148,149,150,151,152,153,154,155,156,157,158,159,160,161,162,163,164,165,166,167,168,169,170,171,172,173,174,175,176,177,178,180,181,182,183,184,185,186,187,188,189,190,191,192,193,194,195,196,197,198,199,201,202,203,204,205,206,207,208,209,210,211,212,213,214,215,216,217,218,219,220,221,222,223,224,225,226,227,228,229,230,231,232,233,234,235,236,237,238,240,241,242,243,244,245,246,247,249,251,252,253,254,255,256,257,258,259,261,262,263,267,269,270,271,272,275,277,278,282,285,287,288,289,292,293,298,300,301,302,303,304,307,308,309,312,323,326,338,352,367,404,439,475,493,530,613,662
9,52,58,65,66,67,68,69,70,71,72,73,74,75,76,77,78,79,80,81,82,83,84,85,86,87,88,90,91,92,93,94,95,96,97,98,99,100,101,102,103,104,105,106,107,108,109,110,111,112,113,114,115,116,117,118,119,120,121,122,123,124,125,126,127,128,129,130,131,132,133,134,135,136,137,139,140,141,142,143,144,145,146,147,148,149,152,153,154,155,156,157,158,159,160,161,162,163,164,165,166,167,169,170,171,172,173,174,175,176,177,178,179,180,181,182,183,184,185,186,187,188,189,190,191,192,194,195,196,197,198,199,200,201,202,203,204,205,206,207,208,209,210,211,212,213,214,215,216,217,218,219,220,221,222,223,224,225,226,227,228,229,230,231,232,233,234,235,236,237,238,239,240,241,242,243,244,245,246,247,248,249,250,251,252,253,254,255,256,257,258,259,260,261,262,263,264,266,267,268,269,270,272,273,274,275,276,277,278,279,280,281,282,283,284,285,286,287,288,289,290,291,292,293,294,295,296,297,298,299,300,301,302,303,304,305,306,307,309,311,312,313,315,320,321,322,324,327,329,330,331,333,334,336,337,341,342,344,345,346,348,350,351,356,358,359,360,365,367,369,371,373,376,383,384,387,392,394,436,437,438,442,449,491,580,686
10,51,52,58,59,60,61,65,66,67,68,69,70,71,72,73,74,75,76,77,78,79,80,81,82,83,84,85,86,87,89,91,92,93,94,96,97,98,99,100,101,102,103,104,105,106,107,108,109,110,111,112,113,114,115,117,118,120,121,122,123,124,125,126,127,128,129,130,131,132,133,134,136,138,139,140,141,142,143,144,145,147,150,151,152,153,154,156,157,158,159,160,161,162,163,166,167,168,169,170,173,174,176,177,179,182,183,186,188,189,190,191,192,194,195,198,200,201,202,203,204,206,207,208,209,210,212,213,214,216,217,218,219,220,221,222,223,224,225,226,227,228,229,230,232,233,234,235,236,237,238,239,240,241,242,243,244,245,246,247,248,249,250,251,252,253,254,255,258,259,260,261,262,263,265,266,267,268,269,270,271,272,273,274,275,276,277,278,279,280,281,282,283,284,286,288,289,291,292,293,294,296,297,299,300,301,304,306,307,308,309,314,315,317,319,320,322,330,332,333,334,335,337,338,339,344,346,347,348,349,351,352,353,354,355,356,357,358,359,360,362,365,369,370,372,373,374,376,377,381,387,391,392,393,401,407,413,417,423,430,438,445,454,460,462,479,483,691
11,53,58,60,61,65,66,67,68,69,70,71,72,75,76,77,78,83,85,89,90,91,92,93,94,95,96,97,98,99,100,105,106,107,108,110,111,112,114,115,119,120,122,124,125,126,127,129,130,131,136,139,140,142,144,146,148,155,157,158,164,174,175,185,190,201,211,212,214,217,220,221,222,223,224,226,230,233,235,236,237,238,239,240,243,251,253,254,255,257,258,259,262,265,268,270,274,277,278,280,281,283,286,299,306,309,311,313,314,321,330,360,369
12,54,55,67,68,70,71,73,74,75,77,79,80,81,83,84,85,86,87,90,94,97,99,100,101,102,106,107,109,110,116,117,118,121,128,132,135,147,148,157,159,179,191,195,201,209,229,258,333,349,365,460,482,592,617,687
13,51,61,65,68,69,70,71,72,73,74,76,77,78,79,80,81,82,83,86,87,88,89,90,91,93,94,95,96,97,99,100,103,104,105,107,108,111,132,153,162,168,177,203,217,218,227,425,571,644
14,25,58,62,64,65,66,68,69,70,71,72,73,74,75,76,77,78,79,80,81,82,83,84,85,86,87,88,89,90,91,92,93,94,95,96,97,98,99,100,101,102,103,104,105,106,108,109,110,111,112,113,115,116,117,119,121,122,123,124,125,126,128,129,132,133,135,136,138,139,144,145,148,149,150,151,152,153,155,157,158,160,161,163,166,167,168,169,171,173,174,175,176,177,179,180,182,183,189,190,207,224,227,236,274,472,546
15,30,58,60,61,63,65,68,70,71,72,73,74,75,76,77,78,79,80,81,83,84,85,86,87,88,89,90,92,93,94,95,96,97,98,99,101,102,103,104,105,106,107,108,109,110,111,112,113,114,115,116,117,119,120,121,123,124,125,126,127,128,129,130,132,133,134,135,136,137,138,139,141,142,143,144,145,146,147,150,151,152,153,154,155,156,157,158,159,160,161,162,163,164,165,166,167,168,169,170,171,172,173,174,175,176,177,178,179,180,181,182,183,184,185,186,187,188,189,190,191,192,193,194,195,196,197,198,199,200,201,202,203,204,205,206,207,208,209,210,211,212,213,214,215,216,217,218,219,220,221,222,223,224,225,227,228,229,230,231,232,233,235,236,237,238,239,240,241,242,243,244,245,246,247,248,249,250,251,252,253,254,255,256,257,259,260,261,262,263,264,265,266,267,268,269,270,271,272,273,274,276,277,278,280,281,283,284,285,286,289,290,291,292,294,295,296,300,303,304,305,309,311,313,314,315,318,320,322,323,325,328,330,332,333,337,338,340,344,347,348,349,352,353,355,363,365,366,367,370,371,391,396,406,425,426
16,52,59,62,64,66,68,69,70,72,73,74,76,79,82,83,84,85,86,87,88,89,90,91,92,93,94,95,96,97,98,100,101,102,103,104,105,106,107,108,109,111,112,113,115,116,118,119,121,122,125,126,127,130,131,133,134,135,136,137,138,141,142,143,144,145,147,148,149,150,151,152,155,157,159,161,162,163,164,166,167,168,169,170,171,173,174,175,177,178,179,180,181,182,183,184,185,186,187,188,189,190,191,192,193,194,195,197,198,199,200,201,202,204,205,206,207,208,209,210,211,212,213,214,217,218,219,220,221,222,223,225,226,227,228,230,231,232,233,234,235,236,237,238,239,241,242,243,244,245,246,247,248,249,250,251,252,253,254,255,256,258,259,260,261,262,263,264,265,266,267,268,269,270,271,272,273,274,275,276,277,278,279,280,281,282,283,284,285,286,287,288,289,290,292,293,294,296,297,299,300,301,303,304,306,307,308,309,310,311,312,313,314,315,316,318,320,321,322,323,326,327,328,329,331,333,334,335,336,337,338,340,341,342,343,344,345,346,347,349,350,351,354,355,356,360,361,364,365,366,367,380,387,392,401,405,406,414,420,422,457
17,58,60,68,69,70,71,72,73,74,75,77,80,82,83,84,85,87,88,89,90,91,92,93,94,95,96,97,98,99,100,101,102,103,104,105,106,107,108,111,112,113,114,115,117,119,120,121,122,124,125,127,128,129,130,131,134,135,136,140,143,144,145,146,148,149,150,151,152,153,154,155,156,158,159,160,161,162,163,164,165,166,167,168,172,175,176,177,180,181,182,183,185,186,187,189,190,191,193,194,195,196,197,198,200,201,202,204,205,206,208,209,211,212,213,214,216,217,219,220,221,222,223,224,225,227,228,229,232,233,234,236,237,238,239,240,241,242,243,244,245,246,249,250,252,254,255,258,259,260,261,262,263,264,265,266,267,268,269,271,272,273,274,275,276,277,278,279,280,281,282,283,284,285,286,287,288,289,290,291,292,293,294,295,296,297,298,299,300,302,304,306,307,308,310,311,312,315,316,317,318,320,321,322,323,326,327,329,330,331,332,336,337,340,341,342,345,346,347,348,350,351,352,355,356,358,359,363,364,368,369,371,372,376,377,378,379,380,383,389,391,393,395,396,397,398,400,401,404,411,412,414,415,419,420,421,424,428,442,443,465,471,477,478,557,695
18,68,71,74,75,76,78,79,80,82,83,84,85,86,87,88,89,91,92,93,94,95,96,97,99,100,101,108,109,111,113,115,116,118,119,120,121,123,124,125,126,127,128,129,132,134,136,137,138,139,140,142,143,144,146,147,149,150,151,152,153,154,156,157,158,159,160,162,165,169,170,172,175,176,177,178,180,181,182,186,187,188,190,191,192,193,194,195,198,199,201,203,204,206,207,209,210,213,215,216,219,221,223,224,225,226,227,228,229,230,233,235,239,240,241,242,243,244,245,246,248,249,250,251,253,254,257,258,259,260,261,263,264,265,266,267,268,269,270,271,272,273,274,277,278,279,282,283,284,285,286,287,288,289,290,292,293,294,295,296,297,298,299,300,301,303,304,305,306,307,308,310,312,313,314,315,317,318,320,321,322,323,325,326,329,330,331,332,333,334,335,337,339,340,341,342,343,344,345,346,347,348,349,352,353,354,355,356,360,362,364,365,367,368,370,371,374,375,378,379,387,391,392,393,395,396,397,399,404,407,412,413,417,418,419,426,427,428,429,435,449,451,453,456,458,462,497
19,66,67,70,71,73,74,75,76,77,78,79,80,81,82,83,84,86,87,89,90,92,93,96,98,102,103,104,105,106,108,109,110,111,112,115,116,118,119,120,121,123,124,125,126,127,129,130,131,132,133,135,139,140,142,145,146,147,148,152,153,155,156,159,161,162,171,172,175,177,178,180,181,182,185,189,191,192,196,197,199,200,205,206,207,211,212,214,215,220,222,225,230,231,233,234,235,239,242,244,246,249,250,253,256,257,258,259,261,264,266,268,269,270,271,273,274,275,277,278,279,280,285,286,287,288,291,293,294,296,297,298,299,301,302,303,304,305,307,308,309,312,313,314,318,319,320,321,323,324,325,329,330,331,333,336,337,338,339,341,342,343,345,346,348,349,350,351,352,353,354,355,356,358,360,361,362,363,364,365,366,367,370,371,372,373,374,375,377,379,382,383,385,386,387,394,398,399,400,405,407,408,410,411,413,414,415,416,417,419,422,424,426,431,432,433,437,445,449,450,466,470,473,501,623
20,63,66,67,69,70,72,73,74,75,76,77,79,80,81,82,83,84,85,86,87,88,90,93,95,96,97,99,100,101,103,104,106,107,110,111,112,113,114,115,116,120,121,122,123,125,127,128,129,131,134,135,136,137,138,140,142,144,148,149,150,152,153,155,158,161,164,169,171,172,173,175,178,179,180,181,183,187,188,189,190,191,194,195,196,208,215,216,218,220,221,228,236,237,239,242,243,244,246,248,249,250,251,252,256,257,261,263,264,267,268,269,271,272,273,275,276,278,280,281,282,284,286,287,288,289,290,291,292,293,294,295,296,297,298,299,300,301,303,304,305,309,310,311,312,315,317,318,320,321,322,323,325,326,329,330,333,334,335,339,340,341,344,345,347,348,350,351,352,354,355,356,358,360,361,364,365,366,367,369,371,374,375,379,380,385,388,391,395,397,398,400,401,408,413,416,422,425,432,439,451,456,475
21,55,63,68,71,72,73,75,76,77,78,79,80,81,82,83,84,85,87,88,90,92,93,94,95,96,97,99,100,101,104,105,107,108,109,110,111,112,114,115,116,117,119,122,123,125,126,130,132,135,140,141,143,145,146,148,149,150,156,158,160,161,163,166,167,170,176,181,182,184,186,187,192,193,194,195,197,201,204,207,209,210,214,218,219,223,228,229,231,232,233,234,235,238,239,240,243,244,245,247,249,250,251,252,255,257,260,261,264,267,268,269,271,272,273,274,277,278,279,280,284,286,287,288,289,290,291,292,293,294,296,297,298,299,300,301,303,305,306,307,308,309,310,311,313,314,315,316,317,318,321,323,324,325,326,329,332,333,334,335,337,339,340,341,342,344,348,350,351,352,353,354,356,357,358,361,362,365,366,367,370,371,376,377,387,388,391,393,402,410,412,416,417,424,427,434,439,441,444,446,454,479,489
22,60,64,65,66,68,70,71,72,73,75,76,77,78,79,80,81,82,83,84,85,86,87,88,89,90,91,92,93,94,95,96,97,98,99,100,101,103,104,105,106,107,108,110,111,112,113,115,116,117,118,119,120,121,122,123,124,125,126,127,128,129,135,136,138,139,141,142,144,145,146,147,149,150,151,152,159,161,162,164,165,167,171,173,174,176,177,178,179,181,185,188,190,191,193,194,195,199,200,201,202,205,206,215,216,217,218,219,222,223,226,228,236,239,244,246,252,254,255,257,259,263,265,270,272,274,275,278,279,280,282,283,284,285,286,287,288,289,290,291,292,293,294,295,296,297,299,300,301,302,310,311,312,313,314,316,318,319,320,323,325,326,327,328,331,332,333,335,336,337,338,339,341,344,345,346,347,350,352,353,354,359,360,362,363,365,367,368,369,371,372,373,376,377,378,379,381,382,383,387,388,391,394,396,397,398,399,401,402,404,405,408,409,413,414,416,417,421,426,434,435,440,442,449,452,453,465,466,678
23,57,64,65,66,67,72,73,74,75,76,79,80,81,82,83,84,85,86,87,88,89,90,91,92,93,94,95,96,97,98,101,102,104,105,106,107,108,109,110,111,112,114,115,116,117,118,119,120,122,123,125,127,128,129,131,132,133,134,135,136,140,143,144,145,146,147,149,150,157,162,165,168,169,170,171,173,174,178,179,180,184,186,187,188,191,195,198,202,205,206,209,210,233,241,242,246,248,249,252,253,254,256,258,259,260,261,262,267,268,269,274,277,279,280,281,282,283,285,286,287,289,291,292,295,296,297,298,299,300,301,303,305,307,308,309,310,311,313,314,316,317,319,320,321,322,323,325,326,328,329,332,333,334,337,338,341,343,345,347,349,350,351,353,355,362,364,366,367,368,369,372,373,374,381,382,387,389,393,394,395,399,402,404,405,406,410,418,419,420,422,423,429,432,433,436,440,445,449,467,471,619,653,685
24,9,44,58,63,66,67,69,70,71,73,74,75,77,78,79,80,85,86,87,88,89,90,91,92,94,95,96,98,99,100,101,102,103,104,105,106,107,108,109,110,111,112,113,114,115,117,118,119,120,122,123,124,126,127,128,130,131,133,135,136,139,142,143,144,145,146,147,148,150,151,153,154,155,157,159,163,164,165,167,170,174,175,177,179,180,182,185,187,188,190,191,193,195,196,197,199,200,204,205,210,211,213,216,222,227,235,241,242,244,245,246,249,250,251,253,257,258,259,268,269,271,275,278,279,283,285,288,289,290,292,294,295,296,297,300,301,302,303,305,307,308,309,310,311,312,314,315,316,319,320,323,324,326,327,329,330,331,332,337,338,340,341,342,343,344,346,348,349,350,353,354,355,356,357,359,360,361,363,365,366,369,370,373,376,378,379,380,381,383,385,386,387,390,393,394,395,397,398,399,400,403,406,407,408,412,417,424,425,426,433,435,440,442,443,451,453,467,469,484,488,522,649
25,60,62,63,64,65,66,67,69,70,71,72,74,75,77,78,79,80,81,82,83,84,85,86,90,91,94,95,96,97,98,99,100,101,103,104,106,107,108,109,110,111,112,114,115,116,117,118,119,120,121,124,126,127,129,131,132,133,136,137,138,139,140,141,142,144,146,147,148,149,150,152,153,156,157,160,161,162,167,169,170,179,183,184,186,187,193,197,198,199,200,201,204,206,207,208,209,210,213,214,224,226,228,229,230,232,234,236,237,240,252,253,255,258,261,264,266,268,269,270,274,277,278,279,280,281,282,283,284,286,287,288,289,292,293,295,296,297,298,299,302,303,306,307,308,309,311,312,313,317,321,322,323,324,326,328,338,341,342,343,345,346,347,348,349,351,352,353,357,362,368,370,371,372,374,376,377,380,382,386,391,395,397,410,428,429,432,436,452,474,477,484,523
26,54,65,68,69,70,71,72,73,74,76,77,78,80,81,83,84,85,87,89,90,91,93,94,95,96,97,99,100,101,103,104,106,107,108,109,110,112,114,116,117,118,119,120,121,122,123,124,125,126,127,128,129,132,134,136,138,139,141,146,148,149,151,152,153,160,161,165,166,167,168,169,171,173,175,178,179,183,184,185,186,187,188,189,191,194,195,196,198,200,203,204,207,208,211,212,213,216,217,219,232,233,235,240,245,246,247,253,254,257,261,263,266,267,268,269,271,272,273,275,278,281,283,284,286,288,293,295,298,299,305,306,309,310,311,314,315,317,320,321,322,323,324,325,327,331,333,334,335,338,339,340,342,343,345,347,350,352,355,356,359,360,361,364,367,369,370,374,386,387,390,395,397,398,399,405,406,411,413,416,422,427,433,435,438,442,462,473,478,482,540
27,66,67,68,71,72,75,76,77,79,80,81,82,83,84,86,87,89,90,91,92,94,95,97,98,101,102,103,104,105,106,109,110,112,113,114,115,117,118,120,121,123,127,129,130,133,136,139,145,147,148,150,153,154,156,159,167,168,177,179,180,181,184,186,187,189,190,193,196,197,200,202,204,205,207,211,218,220,221,224,225,226,229,236,237,239,240,241,246,248,249,250,252,254,256,257,258,259,260,262,263,264,265,267,270,272,274,277,278,283,284,285,286,287,288,290,292,297,299,301,302,303,304,306,308,309,312,314,316,317,318,320,322,324,327,328,330,331,333,334,335,336,339,341,342,346,347,351,352,357,358,360,364,367,369,375,376,378,386,387,389,392,393,408,409,414,415,416,431,432,442,444,478,487,488,493
28,61,62,63,65,67,68,71,73,74,75,77,78,79,80,82,83,84,85,87,88,89,90,91,92,93,94,95,96,97,98,100,101,102,103,105,109,114,115,116,118,119,120,122,124,129,132,133,134,135,136,138,139,141,143,147,149,150,156,157,164,167,168,169,172,173,174,176,183,185,187,188,194,195,198,199,200,205,207,211,214,219,224,229,231,241,243,246,248,252,255,257,260,261,262,264,265,266,267,270,279,283,284,287,289,293,297,298,299,300,302,303,304,305,309,310,315,319,320,324,327,328,334,336,337,341,343,344,345,346,347,348,349,351,352,353,354,355,358,360,361,364,371,373,376,383,384,385,390,412,420,423,427,434,443,453,458,460,481,485,494,541
29,9,14,65,67,68,69,70,71,72,74,75,77,78,80,83,84,86,87,90,91,92,95,96,98,100,101,103,106,107,117,120,122,123,124,125,126,127,130,132,133,137,138,140,142,144,146,148,151,155,156,162,163,167,168,171,173,174,178,179,180,181,183,185,186,188,189,191,192,194,195,196,197,199,200,202,203,204,205,206,218,219,220,221,230,232,233,236,237,245,246,261,263,267,268,273,274,276,277,279,281,282,283,284,287,290,291,292,293,295,298,299,302,306,307,308,309,311,314,315,316,317,318,319,325,327,331,334,335,347,351,355,356,359,361,362,371,374,379,380,393,400,419,433,456,458,463,467,538,552,686
30,61,62,63,64,65,66,68,69,70,71,72,73,74,75,77,78,79,81,82,83,84,86,87,88,89,91,92,94,95,97,98,102,103,105,107,108,109,111,112,113,114,115,119,120,122,124,125,126,128,133,135,139,141,142,144,145,149,150,152,154,156,158,161,163,165,167,175,176,178,181,186,188,189,192,193,203,207,209,210,211,215,225,229,230,231,235,251,252,257,258,262,265,276,277,282,283,286,288,293,298,299,300,301,302,304,307,313,318,320,324,326,328,336,337,338,340,349,350,351,353,354,359,365,373,377,378,385,389,391,394,419,429,431,447,471,474
31,58,59,61,62,63,64,67,68,69,70,71,73,75,76,77,79,80,81,82,83,84,85,86,90,92,94,98,99,101,102,105,106,107,108,109,111,113,115,116,118,119,120,122,124,125,126,127,131,132,134,140,144,148,149,153,155,156,159,161,163,166,171,175,177,181,183,184,185,194,195,197,201,206,207,208,213,214,215,221,222,223,224,225,232,233,245,247,257,259,263,265,266,268,270,274,279,281,284,285,286,288,292,295,298,304,308,310,317,320,321,322,323,324,329,333,338,341,344,345,349,351,353,354,357,362,365,366,386,400,401,416,430,485,541,574,606
32,55,56,57,58,59,61,62,63,66,67,68,69,70,71,72,73,74,75,76,78,79,80,81,82,83,88,89,90,91,92,94,97,98,99,100,102,103,104,105,107,108,109,110,112,117,119,120,121,124,125,127,128,129,131,134,135,137,138,140,141,142,144,147,148,150,156,157,160,161,162,164,165,166,168,169,170,172,173,174,176,177,185,189,199,201,216,217,222,223,229,230,232,233,235,238,241,245,248,250,253,254,255,260,269,273,278,280,284,289,292,295,300,314,322,324,327,328,330,332,333,334,337,340,341,347,361,362,364,366,368,369,371,372,377,379,385,387,396,419,422,435,439,455,683
33,54,57,58,59,60,61,62,63,64,65,66,67,70,71,72,73,76,78,81,83,85,86,87,89,90,91,92,93,94,95,96,98,99,100,101,102,104,106,107,108,109,111,112,113,116,117,121,123,124,128,129,132,136,143,148,152,154,155,158,161,163,164,166,167,170,172,176,185,186,192,205,207,210,214,215,218,222,223,224,225,228,229,230,235,236,237,238,240,243,254,257,263,269,274,275,281,282,283,284,285,288,291,295,304,306,309,310,311,314,316,317,319,322,328,330,331,333,357,361,363,366,367,377,379,380,382,384,392,407,425,429,475,477
34,16,56,57,58,59,60,61,62,64,65,67,68,69,71,72,73,75,77,78,79,81,82,84,85,86,88,89,90,91,92,93,94,95,98,100,101,102,103,105,106,107,108,110,113,114,116,119,121,122,123,129,130,131,132,136,139,140,145,146,148,152,169,171,172,175,178,179,180,181,182,186,187,188,197,203,205,207,210,211,221,223,227,230,234,239,240,245,248,251,253,254,255,257,261,262,263,264,266,267,268,269,272,273,274,277,278,280,283,289,293,294,295,297,299,301,306,310,313,315,318,325,326,334,337,341,348,356,358,364,365,369,383,404,407,425,456,546
35,53,56,57,58,59,61,62,63,64,65,66,67,68,69,70,72,73,74,75,76,78,79,83,84,85,86,88,89,90,91,93,94,99,101,102,104,106,108,109,112,120,122,129,131,134,136,138,142,145,147,148,152,154,155,157,158,159,163,166,170,171,172,174,176,179,185,186,187,190,192,196,200,205,209,232,244,248,250,259,262,268,271,273,275,278,280,281,282,284,286,296,300,301,303,308,314,316,338,367,370,376,378,383,414,439,452,458,521,554,689,692
36,52,54,55,57,58,59,60,61,62,63,64,65,69,70,71,72,73,74,75,76,78,81,82,83,84,88,89,91,93,94,95,96,97,98,101,103,104,107,108,110,111,112,115,116,117,124,125,126,130,131,134,135,138,140,141,145,147,148,151,152,153,154,156,163,169,172,175,178,180,187,189,194,201,207,212,215,216,226,229,231,238,247,253,264,274,279,285,292,294,317,336,339,343,354,358,379,387,394,396,404,407,413,417,422,425,437,467,470,485,491,505,602,608,651
37,46,48,50,53,55,56,57,58,59,60,61,62,63,64,65,66,67,68,69,70,71,72,77,78,79,84,86,87,88,89,90,93,94,95,98,100,101,102,104,105,107,108,109,110,111,112,113,114,116,117,119,121,122,126,130,132,133,135,136,137,139,141,143,148,154,155,156,158,159,160,161,163,164,166,167,171,172,173,177,178,179,181,183,193,199,200,208,209,212,214,220,221,223,226,230,242,244,251,253,258,259,262,264,266,269,270,271,274,275,278,280,281,283,284,285,286,291,297,299,305,307,313,335,348,355,377,391,399,402,405,424,434,439,450,520,524,699
38,52,53,55,56,57,58,59,60,61,64,65,66,67,69,70,72,74,75,78,79,81,82,83,84,86,89,93,95,96,97,98,100,101,104,105,108,110,112,113,115,117,120,121,126,130,131,133,136,139,150,152,153,154,157,159,160,164,166,168,171,173,180,181,185,188,195,198,205,216,219,220,223,227,230,233,235,237,241,244,246,255,260,261,262,264,270,274,275,279,281,284,288,289,301,302,303,318,385,393,416,519
39,47,51,52,54,55,56,57,60,61,62,63,64,65,66,67,68,70,71,72,73,74,75,76,77,79,80,81,82,83,84,85,86,87,88,89,90,91,93,94,96,97,98,102,104,105,108,109,110,113,114,115,119,122,123,125,129,130,133,134,135,137,141,148,152,154,156,164,166,167,172,174,175,176,183,187,188,189,191,193,198,204,206,211,214,215,218,220,221,224,226,227,229,230,232,235,240,242,243,246,251,252,257,258,264,268,270,286,312,333,379,387,427,441,534,658
40,2,52,55,56,57,58,60,61,62,63,64,65,66,67,68,69,70,71,73,77,78,79,80,83,84,86,87,88,89,94,95,96,100,101,105,108,110,111,112,113,114,115,116,117,118,120,122,127,131,132,133,134,135,136,138,140,144,145,149,161,163,164,165,170,172,174,175,176,178,180,181,182,184,189,190,205,206,210,213,215,216,220,222,225,226,233,235,239,257,260,261,264,267,279,281,283,296,298,303,308,319,369,370,399,482,547,558,659
41,9,40,45,48,49,51,52,53,54,56,57,58,59,61,62,63,64,66,67,68,69,70,72,74,75,76,78,79,81,82,83,84,86,87,91,94,96,97,98,99,102,103,104,105,106,107,109,110,114,115,116,119,121,122,124,125,126,129,132,136,138,141,147,149,150,153,155,156,157,160,161,164,171,172,173,174,175,181,183,188,196,201,203,206,207,213,219,221,223,226,228,229,232,233,235,236,237,242,244,248,251,255,264,317,326,538,566,618
42,50,54,55,58,59,62,63,65,66,67,68,69,70,72,74,75,76,78,79,80,81,82,83,85,86,87,88,90,91,93,97,98,99,101,103,105,106,110,112,113,115,116,118,121,123,126,127,128,130,131,145,148,154,155,159,167,171,173,177,178,179,180,183,189,193,194,195,197,205,206,207,208,210,211,215,216,224,227,228,229,230,231,236,238,245,247,269,270,279,294,343,643
43,32,54,55,56,57,58,59,61,65,66,67,68,69,70,71,72,73,74,76,77,78,80,82,85,86,88,89,90,91,103,105,116,125,129,130,133,136,137,140,145,146,147,149,155,157,158,159,161,163,164,165,166,167,170,173,174,175,176,184,186,190,195,204,206,208,209,211,214,217,227,231,234,244,255,288,597
44,55,56,57,58,60,61,63,64,67,68,69,70,71,72,73,77,80,83,85,89,90,91,99,100,101,102,104,106,109,110,111,114,116,117,118,120,122,123,127,142,152,156,159,169,177,191,204,206,210,220,225,226,239,240,254,270,272,293,421,474,512
45,28,61,63,64,68,69,70,72,73,75,76,79,81,82,87,89,90,91,92,97,99,102,104,105,106,107,108,109,110,112,113,114,116,119,121,122,124,128,130,131,132,145,160,164,165,168,177,183,207,211,213,223,226,232,236,237,300,476,518
46,33,46,65,66,68,70,72,73,75,76,77,78,79,80,81,83,84,85,86,87,88,89,92,94,98,102,103,118,120,121,122,123,127,128,129,130,132,133,134,135,136,138,139,141,142,158,160,163,166,169,170,172,173,174,177,181,185,188,191,192,193,196,197,201,203,210,211,217,218,225,233,246,249,250,251
47,1,25,28,36,40,45,51,64,72,74,78,80,81,83,86,87,93,95,98,104,105,106,107,108,109,110,111,114,115,116,118,119,120,121,122,123,124,127,129,131,134,136,137,139,140,141,142,144,148,149,151,152,153,156,159,160,164,165,167,170,171,172,174,175,176,177,178,179,180,181,182,184,185,186,187,188,190,191,192,193,196,198,199,200,201,204,205,206,207,208,209,210,212,213,214,215,216,217,219,220,221,222,223,224,225,227,228,231,237,239,662
48,33,53,55,56,57,58,59,60,62,63,64,65,67,68,69,70,71,72,73,74,75,76,77,79,80,83,84,87,88,89,90,93,94,95,97,98,99,103,104,106,107,109,110,111,115,117,118,119,120,121,122,123,125,128,129,130,132,133,136,139,140,142,143,144,146,151,160,174,175,176,180,181,184,188,191,229,230,233,234,235,236,237,244,247,248,260,264,265,269,272,281,282,293,308,311,324,330,393,425,454,527,560
49,12,22,27,50,53,56,57,58,59,61,62,63,64,65,68,70,71,72,73,75,76,78,79,80,81,82,83,85,86,88,89,90,91,92,93,95,96,99,100,101,102,103,104,105,106,107,108,109,110,111,112,114,115,116,117,120,122,123,124,125,126,127,128,135,139,140,141,143,147,153,155,156,158,159,165,168,169,170,181,182,184,185,187,188,189,190,191,192,193,195,196,198,199,201,202,203,206,207,208,210,216,217,219,221,222,223,231,232,233,235,237,239,240,241,244,246,251,254,258,259,262,271,274,277,279,287,307,342,373
50,10,31,53,56,57,58,59,60,61,62,63,66,67,68,71,72,76,77,78,79,80,82,83,84,85,87,88,89,90,92,93,95,96,97,98,100,101,102,103,105,106,108,109,110,112,113,118,120,125,131,133,135,136,137,138,139,141,142,144,146,147,150,155,157,159,160,162,164,165,166,168,170,171,174,177,180,183,184,191,194,195,196,198,199,208,212,213,216,219,222,226,228,229,231,232,237,238,241,242,252,253,269,275,279,288,317,555,566,648
51,45,53,61,67,68,69,71,74,75,77,78,80,81,82,83,85,86,88,89,90,92,95,97,98,99,100,102,105,107,108,109,110,111,112,113,114,115,119,121,122,126,127,128,131,133,134,137,138,140,142,143,146,149,152,171,176,181,182,184,190,202,206,215,278,465
52,5,50,59,62,65,72,77,93,104,105,107,110,116,129,134,136,140,142,143,151,153,154,173,187,196,230,260,301,306,598
53,85,99,153,618,665
54,293,452,557,684
55,4,53
56,352,538,626,672
57,102
58,25,100,520
59,19,29,472,510,519,696,698
60,61,505
61,467,644
62,80,564,654
63,
64,
65,
66,
67,
68,
69,
70,
71,
72,
73,
74,
75,
76,
77,
78,
79,
80,
81,
82,
83,
84,
85,
86,
87,
88,
89,
90,
91,
92,
93,
94,
95,
96,
97,
98,
