5
0,592
1,90,192,210,292,360
2,273,387,593,671,692
3,159,254,319,394,479,488,514,539
4,41,103,356
5,289,521
6,225,301,317
7,73,109,130,240,381,592,621
8,41,49,60,68,102,221,240,556,575
9,31,61,62,63,64,66,68,69,76,80,81,84,146,197,198,224,455
10,58,59,60,63,66,67,68,70,71,73,76,77,78,79,80,81,82,83,84,85,86,87,88,89,90,91,92,93,94,95,96,98,99,101,108,110,111,115,259,391,403,432,477,523,530
11,43,57,65,66,67,68,69,70,71,72,73,74,75,76,77,78,79,80,81,82,83,84,85,86,87,88,89,90,91,92,93,94,95,96,97,98,99,100,101,102,103,104,105,106,107,108,109,110,111,112,113,114,115,116,117,118,119,120,121,122,123,124,125,126,127,128,129,130,132,133,134,135,136,137,138,139,140,141,142,143,144,146,147,148,149,150,151,154,155,156,157,158,159,160,161,162,163,164,165,166,167,169,170,171,174,175,178,185,186,195,198,211,218,220,543,586,604
12,67,68,69,70,72,73,74,76,77,78,79,80,81,82,83,84,85,86,88,89,90,91,93,94,95,96,97,98,100,102,103,104,105,106,107,108,109,110,111,112,113,114,115,116,118,119,120,121,122,123,124,125,126,127,128,129,130,131,132,133,134,135,136,137,138,139,140,141,142,143,144,145,146,147,148,149,150,151,152,153,154,155,156,157,158,159,160,161,162,163,164,165,166,167,168,169,170,171,172,173,174,175,176,177,178,179,180,181,182,183,184,185,186,187,188,189,190,191,192,193,194,195,196,197,198,199,200,201,202,203,204,205,206,207,208,209,210,211,212,213,214,215,216,217,218,219,220,221,222,223,224,225,226,227,228,229,230,231,232,233,234,235,236,237,238,239,240,241,242,243,244,245,246,247,248,249,250,252,253,254,255,256,257,258,259,260,261,262,263,264,265,266,267,268,269,270,271,272,273,274,275,276,277,278,279,280,282,283,284,285,286,287,288,289,290,291,292,293,294,295,296,297,298,299,300,301,302,303,304,305,306,307,308,309,310,311,312,313,317,318,319,320,321,323,324,325,326,327,328,329,332,333,337,338,342,346,351,354,356,357,366,399,506
13,60,64,65,67,68,69,70,74,75,76,77,78,79,80,81,82,83,85,87,88,89,92,93,94,96,97,98,99,100,101,102,103,104,105,106,107,108,109,112,113,115,116,117,119,120,121,122,123,124,127,130,131,132,133,134,136,140,144,146,147,148,150,151,152,153,154,155,156,157,158,159,160,162,164,165,166,168,169,170,171,172,173,174,176,177,178,180,181,182,183,184,185,186,188,189,190,191,193,194,195,198,199,200,201,204,205,206,207,208,209,210,212,213,214,215,216,217,218,219,220,221,222,223,224,225,226,227,228,229,230,231,232,233,234,235,236,237,239,240,241,242,243,244,245,246,247,248,249,250,251,252,253,254,255,256,257,258,259,260,261,262,263,264,265,266,267,268,269,270,271,272,273,274,275,276,277,278,279,280,281,282,284,285,286,287,288,289,290,291,292,293,294,295,296,297,298,299,300,301,302,303,304,305,306,307,308,309,310,311,313,314,315,316,317,318,319,320,321,322,323,324,325,326,327,328,329,330,331,332,333,334,335,336,337,338,339,340,341,342,343,344,345,346,347,348,349,350,351,352,353,354,355,356,357,359,360,361,362,363,364,365,367,372,374,375,376,377,378,379,380,381,382,386,387,389,390,392,393,395,396,398,401,405,408,414,415,416,424,426,428,440,444,447,455,463,472,488,588
14,58,59,60,61,63,64,65,66,67,68,70,71,72,73,74,75,76,79,80,81,83,84,85,86,87,88,89,90,91,92,94,95,96,97,98,99,101,102,103,104,106,109,110,111,113,117,118,119,122,124,125,127,128,129,130,131,132,133,134,136,138,140,141,142,143,144,148,149,150,152,154,155,157,161,162,163,167,171,173,175,176,178,181,182,184,185,186,187,191,193,195,211,213,214,216,217,219,220,222,224,225,227,228,230,232,233,234,237,238,239,242,243,245,246,247,248,249,250,252,254,255,256,257,258,259,260,261,262,263,264,265,266,267,268,269,270,271,272,273,275,277,278,279,281,283,284,285,286,287,288,289,290,291,292,293,294,295,296,297,298,299,300,302,303,304,305,306,307,308,309,310,311,312,313,314,315,316,318,319,320,321,322,323,324,325,326,327,328,329,331,332,333,335,336,337,338,339,340,341,342,343,344,345,346,347,350,351,352,353,354,355,356,357,358,359,360,362,363,364,368,369,370,371,372,373,374,376,377,378,382,383,384,385,386,387,388,390,393,394,395,396,397,398,399,400,402,404,409,412,417,418,421,422,426,427,428,432,433,436,437,439,440,450,451,455,462,463,466,485,523
15,57,60,61,63,65,66,67,70,71,72,73,74,75,76,77,78,79,80,81,83,86,88,89,90,91,92,93,95,96,97,98,99,103,105,107,109,110,111,112,113,114,115,116,117,118,121,122,123,124,125,126,134,137,139,140,141,142,146,149,151,152,153,154,155,156,159,160,161,163,164,166,168,170,174,178,180,181,182,183,184,188,190,191,192,193,196,197,200,201,202,203,207,208,209,210,211,212,213,214,215,217,219,221,222,227,228,230,231,233,235,237,238,239,240,242,244,245,246,248,249,250,251,252,253,254,255,256,258,259,260,261,262,263,264,266,267,268,269,270,271,272,273,274,276,277,278,280,281,282,284,285,286,287,288,289,290,291,292,293,294,295,296,297,299,301,302,303,304,305,306,307,309,310,311,312,314,315,316,318,319,320,321,322,323,324,326,327,329,330,331,332,334,336,337,342,343,344,346,347,348,350,351,353,354,355,357,359,361,363,365,366,368,369,371,375,377,378,379,380,381,382,383,384,385,387,388,389,390,391,393,395,402,405,409,413,416,419,421,422,424,427,428,433,434,437,444,445,456,466,617,648,677
16,54,55,58,59,60,62,63,64,66,67,70,71,72,73,74,75,76,77,78,79,80,81,82,84,85,86,90,94,97,98,100,101,102,105,106,107,110,113,114,132,142,143,146,150,154,157,159,161,162,163,164,165,171,172,174,176,178,183,184,185,187,188,190,192,193,197,198,200,201,202,203,204,205,210,213,215,217,221,223,227,228,229,230,231,234,236,238,243,244,246,247,249,250,252,253,255,256,257,258,260,261,262,265,266,267,270,271,272,273,274,275,279,281,283,284,285,286,287,288,289,290,294,296,297,298,299,300,301,304,305,306,308,309,310,311,312,313,314,315,316,317,318,319,320,321,322,323,324,325,326,327,328,332,333,334,335,337,338,339,340,341,342,343,344,346,350,352,353,354,355,356,358,359,360,362,363,365,367,368,369,370,371,376,379,380,382,383,384,386,387,389,391,397,398,399,401,404,405,409,411,413,421,423,426,430,431,433,435,440,443,444,455,465,471,479,484,510,580,607,659
17,54,56,57,58,59,60,61,63,64,65,66,67,68,70,72,73,74,76,78,79,80,82,84,86,87,88,90,91,95,96,97,99,105,106,107,109,111,113,117,120,122,127,129,130,132,133,134,138,143,145,146,147,151,153,157,159,166,167,170,173,175,176,179,182,186,189,191,198,201,202,206,207,209,214,215,230,232,236,243,244,245,246,247,249,251,252,253,254,256,260,261,262,263,264,265,266,267,268,269,270,271,272,274,276,278,279,280,281,284,287,288,289,290,291,292,293,295,297,298,299,300,301,302,304,308,309,310,311,312,314,315,316,318,319,321,323,324,328,329,330,332,335,336,337,339,340,341,342,343,345,346,347,348,349,351,352,353,354,358,359,360,361,363,364,366,367,370,371,373,374,377,379,381,382,383,384,386,388,390,393,395,396,397,399,400,405,410,411,415,420,426,429,444,447,463,495,502,519,669
18,51,54,55,57,58,59,60,61,62,63,64,65,66,67,68,69,70,71,72,73,75,76,77,78,79,80,81,82,83,87,88,91,92,94,95,96,99,100,101,102,109,111,112,113,114,117,118,120,121,122,125,128,129,130,131,133,135,137,139,140,141,142,143,145,146,147,148,149,150,151,154,155,158,162,163,164,165,166,167,168,169,171,174,175,176,177,180,182,189,192,193,194,197,200,202,207,209,211,212,213,215,218,219,224,225,230,234,236,239,240,242,244,245,247,248,253,255,256,258,259,260,261,262,268,273,275,276,277,278,279,281,282,284,285,287,288,289,290,291,293,294,295,296,297,298,299,302,303,306,313,314,318,321,324,327,329,333,334,335,336,337,338,340,342,348,349,358,359,363,364,370,374,380,384,387,393,396,404,407,409,411,412,415,417,420,428,432,433,441,444,448,450,453,458,460,463
19,34,50,53,54,55,56,58,59,60,61,62,64,66,67,68,69,70,71,72,73,74,75,76,78,80,85,86,87,89,91,93,94,95,96,97,102,103,104,105,109,110,111,113,114,115,118,119,120,121,123,124,125,127,128,129,130,136,137,138,140,148,153,156,157,158,161,163,164,165,166,167,168,170,172,174,175,180,181,182,183,188,195,200,201,203,205,209,210,211,213,215,220,221,229,232,233,237,239,240,242,243,246,248,249,250,251,257,258,259,263,266,267,270,275,276,279,287,288,289,291,292,294,299,301,303,306,310,314,318,320,322,325,328,334,348,355,362,367,368,382,388,389,392,418,425,507,546,580
20,45,48,49,50,51,52,53,54,56,57,58,59,60,61,62,63,64,65,66,68,69,70,71,72,73,74,75,76,77,78,79,80,81,82,83,85,87,88,89,90,91,92,94,95,96,97,99,101,102,104,107,108,109,110,111,113,114,115,117,118,121,123,124,133,136,141,144,146,147,148,149,150,151,153,155,160,164,166,167,173,174,175,179,180,182,188,190,192,193,198,200,201,202,204,206,209,210,219,220,221,222,223,226,227,233,239,240,242,243,244,246,247,248,254,255,256,257,260,261,263,267,268,270,271,273,274,277,280,284,285,292,293,295,298,300,304,308,310,313,316,318,322,325,336,338,356,365,366,371,373,377,379,392,397,401,403,405,451,530
21,48,50,51,52,53,56,57,59,60,62,63,64,65,66,67,68,69,71,72,73,74,75,76,77,78,79,80,81,82,83,84,85,86,87,88,94,101,103,106,107,108,110,113,116,118,119,120,124,125,126,128,130,131,132,133,135,137,138,139,140,141,142,143,144,145,146,148,149,150,151,153,155,158,161,164,170,172,176,177,182,186,191,192,194,200,202,204,205,206,208,209,210,211,213,214,215,216,218,219,222,224,233,234,237,238,239,240,241,242,243,245,246,248,249,250,252,255,260,262,267,270,272,273,275,281,284,286,289,290,291,295,296,297,298,301,302,303,305,308,310,311,313,314,315,317,318,321,324,325,328,329,330,331,333,337,342,354,358,366,367,378,389,402,433,475,676
22,6,52,54,55,56,57,58,59,60,61,62,63,64,65,66,67,68,69,70,71,72,75,76,77,78,81,82,83,85,86,88,90,92,95,97,100,102,105,108,112,113,115,117,119,120,122,123,124,125,127,128,130,131,134,136,138,140,141,143,146,148,149,151,155,159,162,163,165,166,170,171,173,174,175,176,178,182,184,190,192,194,195,196,197,198,201,204,206,208,209,210,212,213,217,225,226,232,234,238,240,241,243,244,255,260,264,268,269,270,276,282,291,294,297,298,299,305,308,309,315,316,317,318,320,325,333,334,336,338,340,342,345,348,360,364,365,367,368,373,376,378,382,390,391,393,399,405,407,434,450,465,528,569,610,636,659,685
23,49,50,51,52,54,56,57,58,59,61,63,65,66,67,69,70,72,73,74,75,76,79,80,82,83,84,85,86,87,89,90,92,94,95,96,97,99,100,101,106,108,109,110,111,112,113,114,117,119,120,121,122,124,126,129,130,132,135,138,139,143,147,151,153,154,155,160,163,167,171,172,173,175,179,184,186,191,195,199,201,202,203,204,208,210,214,218,219,222,226,227,230,232,234,238,239,242,243,244,245,246,249,252,253,255,260,262,263,265,270,272,275,278,281,282,283,284,286,287,288,289,290,293,300,303,304,306,309,310,312,313,314,318,319,320,321,322,328,331,333,335,336,337,338,339,344,345,357,359,360,362,369,372,373,374,375,376,383,387,390,391,393,394,397,398,401,403,420,423,438,443,450,490,501,614
24,45,46,49,50,51,53,55,56,58,60,61,62,63,64,65,66,68,69,70,71,73,74,75,76,78,79,80,81,82,83,84,86,87,88,89,91,92,93,95,96,97,102,103,107,108,109,111,112,116,119,122,125,133,134,135,137,138,143,144,145,146,148,150,151,155,156,158,162,163,164,165,167,168,169,172,175,177,178,179,180,184,191,192,197,201,202,203,205,206,208,209,213,215,217,219,221,229,233,236,245,246,249,254,255,262,264,266,270,271,273,274,277,283,288,291,294,301,303,304,305,306,308,310,313,316,318,319,327,330,333,334,336,338,339,342,345,346,349,351,352,353,355,356,358,361,366,368,374,377,384,386,392,394,403,408,409,417,419,422,427,430,450,456,472,477,684
25,50,51,52,54,56,58,59,60,61,63,64,65,68,69,70,71,72,73,75,77,78,80,87,89,90,91,92,94,95,96,98,99,100,102,103,105,106,107,109,111,115,117,118,119,120,124,125,126,129,130,132,133,135,140,144,147,149,150,151,152,153,156,158,159,163,168,169,172,173,174,175,178,179,182,183,187,190,194,201,205,207,208,211,215,216,220,221,225,230,231,232,234,236,238,239,240,241,242,243,247,250,251,252,258,262,264,266,269,271,275,277,293,298,302,308,316,323,324,331,335,337,338,356,358,360,363,368,369,372,379,390,393,394,397,401,405,432,467,515,517,693
26,47,50,51,52,56,57,58,59,60,61,62,64,65,67,69,73,74,75,78,79,80,81,83,84,85,86,88,89,91,92,93,94,95,96,97,98,100,102,103,105,106,107,108,109,110,113,114,119,120,123,126,128,130,132,134,135,141,144,145,146,148,149,150,151,152,154,155,156,158,164,169,173,174,176,179,185,188,195,200,202,207,208,209,210,211,215,217,223,225,226,235,238,241,242,243,245,253,255,256,261,265,266,272,274,277,282,288,294,295,296,297,300,306,307,309,311,312,314,319,321,322,324,325,332,334,337,340,341,342,343,348,350,352,355,357,361,365,369,370,374,383,384,385,387,396,400,401,411,430,471,480,497,507,694
27,46,47,49,51,52,53,57,58,60,61,64,65,66,67,68,70,71,72,73,74,75,76,77,78,79,80,81,82,84,85,86,87,88,89,90,91,93,94,95,96,97,98,100,103,104,105,106,107,109,111,115,117,128,129,131,136,137,139,140,144,146,150,151,152,157,161,164,165,174,177,179,180,181,182,186,188,193,195,197,201,210,211,212,214,216,218,219,220,221,223,227,228,242,243,244,248,249,255,257,258,259,262,264,270,271,273,276,278,281,282,285,286,292,293,298,308,309,311,312,324,325,330,335,340,341,342,350,355,356,357,374,375,376,379,381,401,415,421,476
28,42,47,52,53,55,56,58,59,60,62,63,64,65,66,67,68,69,71,72,73,74,75,76,77,78,80,82,83,87,90,93,95,96,97,98,99,101,102,105,107,108,110,111,113,114,115,117,118,122,123,124,126,127,130,131,133,134,138,140,141,145,146,149,150,152,153,154,156,157,160,171,172,175,176,181,183,184,188,191,194,202,206,208,209,210,212,216,217,218,221,230,232,234,239,240,243,245,246,251,261,265,268,270,273,278,285,308,310,314,320,324,325,327,328,331,332,334,338,342,344,345,350,351,352,354,356,363,368,373,387,403,407,427,433,654
29,47,49,51,54,55,56,57,58,59,60,61,62,63,64,65,66,67,69,70,71,72,73,76,77,78,79,81,82,83,84,85,86,87,88,90,91,92,94,95,96,97,98,100,101,102,103,104,106,107,108,110,114,115,118,119,124,127,128,131,132,133,136,140,141,146,147,148,151,154,158,159,161,165,166,167,169,172,178,179,180,183,188,198,200,202,205,213,218,219,220,221,222,226,227,230,233,239,243,244,245,247,248,254,255,256,259,263,264,269,274,277,279,280,286,301,304,307,308,316,328,329,330,334,336,337,339,341,342,344,345,348,349,360,361,362,366,371,380,381,392,397,402,404,405,407,416,425,426,427,434,453,461,485,495,673
30,23,46,48,53,55,57,58,59,60,61,62,63,64,65,68,70,71,72,73,74,76,78,79,80,81,82,83,84,85,86,87,88,89,90,93,94,97,99,102,103,105,107,108,114,116,119,121,124,127,129,135,141,143,144,145,146,150,151,153,155,158,164,166,170,171,175,178,179,181,182,187,191,194,197,200,203,207,208,210,211,214,220,222,224,226,227,229,231,232,234,236,237,238,239,240,242,244,249,250,254,265,267,276,280,282,287,291,293,298,301,304,308,313,314,319,320,321,331,333,336,337,340,342,347,348,349,353,357,359,362,364,368,372,375,377,381,385,396,419,424,429,432,461
31,48,59,60,62,63,64,65,66,67,69,70,71,72,73,75,76,77,79,80,82,83,84,85,86,87,88,89,90,93,98,99,100,102,105,108,110,111,112,114,115,117,119,123,124,127,128,129,130,131,132,134,135,137,138,139,144,147,148,149,153,155,158,159,161,162,164,166,170,172,176,178,181,183,192,195,202,203,204,207,210,212,214,219,223,224,233,234,239,241,242,244,245,247,249,250,253,254,255,259,260,267,269,271,272,274,276,277,278,279,280,281,283,285,286,288,289,293,296,297,305,309,313,318,327,340,343,349,355,369,371,390,396,398,401,407,431,436,441
32,53,56,59,60,62,63,64,65,67,68,69,70,72,73,75,76,77,79,80,81,83,84,86,88,89,90,91,92,93,94,95,96,97,98,99,101,102,103,105,107,108,110,112,114,115,116,119,122,125,130,134,136,137,139,140,141,143,146,149,154,155,156,159,160,161,167,168,172,173,186,189,191,193,194,201,202,204,208,216,217,226,231,233,235,245,247,251,254,263,264,266,272,273,274,275,277,279,283,284,286,288,291,293,295,298,299,300,301,308,309,310,321,322,323,329,332,333,339,341,344,345,352,354,355,356,358,363,371,374,394,401,405,416,421,429,455,505,584
33,43,49,56,57,58,59,61,62,63,64,72,74,75,76,78,79,80,81,82,83,84,85,86,87,89,90,91,93,94,95,97,98,99,101,102,105,106,108,109,110,112,113,114,115,116,117,118,121,125,127,128,129,131,134,136,137,141,144,146,148,151,152,154,155,156,157,159,160,162,164,165,166,170,174,185,189,190,191,200,202,204,207,211,212,213,214,217,218,219,220,224,225,228,232,238,242,244,247,250,254,257,258,260,261,267,271,272,275,287,291,295,296,298,302,306,308,309,312,315,318,326,328,333,341,344,347,349,350,356,358,361,362,366,370,373,374,381,382,395,398,411,424,425,426,434,472,567,595,616,670
34,55,57,59,62,63,64,65,66,67,68,69,70,71,72,73,75,76,78,79,81,82,85,86,87,89,90,91,92,94,95,96,97,98,99,101,103,106,107,108,112,117,119,121,124,125,126,129,130,131,132,133,135,137,141,144,145,147,149,151,152,155,157,161,164,166,168,169,170,172,173,176,179,180,181,182,187,189,190,192,195,196,203,212,214,215,216,217,218,219,220,221,223,224,226,229,230,232,233,236,239,240,241,242,243,244,246,248,250,252,259,260,262,266,267,268,269,271,273,277,278,280,281,282,284,285,287,288,294,299,305,306,313,325,328,341,343,345,354,359,364,369,372,376,380,388,394,395,422,496,514,527
35,10,34,47,55,57,59,61,63,64,65,66,67,68,69,70,71,72,74,75,76,78,79,81,82,83,84,85,87,89,90,92,94,97,98,100,101,102,103,105,106,107,109,110,111,112,113,114,116,117,118,120,121,122,123,124,125,126,129,132,134,135,136,138,139,141,142,143,145,148,157,158,159,160,162,163,167,170,171,173,174,175,176,178,182,185,186,189,190,191,194,195,196,198,200,201,204,206,207,208,211,212,213,214,215,217,218,220,222,223,229,235,236,237,239,240,244,245,246,247,249,250,252,255,260,262,264,266,267,268,270,273,277,278,286,287,292,299,304,305,309,324,351,406,418,450,588,619
36,49,50,55,57,59,60,61,63,64,65,66,67,68,73,74,75,76,79,81,82,83,85,88,89,90,91,93,94,95,97,98,99,103,104,105,106,107,108,109,112,114,115,117,118,119,120,121,122,123,124,128,129,130,131,134,135,136,137,138,139,140,141,149,151,154,156,159,160,161,163,164,165,166,167,169,171,172,173,174,175,177,179,180,181,182,185,191,201,206,210,211,212,215,219,220,223,224,236,239,240,247,252,256,258,259,262,263,265,271,272,273,275,276,277,284,289,298,299,300,301,302,306,308,315,325,328,330,332,348,357,359,375,378,382,415,430,496
37,47,50,51,53,56,57,58,59,61,62,63,64,65,66,68,69,70,72,73,74,75,76,77,79,80,81,82,84,85,86,87,88,89,90,91,92,93,94,95,97,100,102,104,106,107,109,111,115,116,118,119,120,121,124,125,126,128,129,130,131,135,137,140,143,145,146,147,148,149,150,152,153,156,157,160,161,162,163,164,166,167,168,169,170,177,178,179,182,184,185,186,187,191,192,199,200,202,203,204,205,206,211,212,216,220,221,222,223,227,228,230,232,237,238,239,240,244,246,248,252,253,257,261,267,270,276,278,279,281,283,286,293,299,303,311,316,321,329,330,333,352,370,373,385,388,400,401,440,501,515,534,643
38,5,33,49,51,53,57,58,59,60,61,62,64,65,66,67,68,69,70,71,72,73,74,76,77,78,79,80,81,83,84,85,86,87,88,89,91,92,94,95,96,97,99,100,104,105,107,109,110,112,117,119,121,122,124,125,126,127,128,131,132,133,135,136,137,139,140,142,144,146,147,148,149,150,151,153,154,155,157,158,162,163,165,166,167,168,169,170,172,173,177,181,182,183,186,187,189,194,196,199,201,205,207,208,209,210,211,213,214,216,217,218,219,220,221,222,223,225,226,227,228,229,230,233,234,235,236,237,239,240,242,243,246,247,248,249,250,251,254,255,256,257,259,261,263,264,269,274,275,277,279,282,285,286,289,292,295,296,297,308,316,340,341,356,388,420,518,598,685
39,55,57,59,61,62,63,64,65,66,67,70,71,72,73,74,75,77,78,79,80,81,82,83,84,86,88,89,90,91,93,94,95,96,97,98,99,100,101,102,103,104,105,106,109,111,112,113,114,116,117,118,120,121,125,126,127,128,129,130,133,134,135,136,137,139,142,145,146,147,148,149,151,152,154,155,157,162,164,165,167,168,170,171,172,179,180,183,185,186,187,188,189,196,198,199,206,208,210,212,213,215,217,220,222,224,229,230,231,233,234,238,239,242,248,262,264,267,270,275,276,287,288,290,295,297,306,307,319,323,333,334,336,353,429,435,447,510,525,593,672
40,10,29,55,61,62,63,64,66,67,69,70,71,72,73,74,75,76,78,80,82,83,84,85,86,87,89,90,91,93,94,95,96,97,98,101,102,103,104,106,108,109,110,111,112,113,114,116,117,118,120,123,125,126,127,128,129,130,131,133,134,135,140,143,144,147,151,152,153,154,155,157,158,159,160,161,163,164,165,166,167,169,170,173,177,179,181,182,184,187,188,189,190,198,200,204,205,206,207,214,219,224,233,234,237,238,243,244,246,247,249,253,254,257,258,259,263,267,270,271,273,274,281,283,284,285,292,294,295,296,300,303,304,306,339,384,396
41,26,28,29,55,57,59,62,66,67,68,71,72,73,74,75,76,77,78,79,80,83,84,85,86,87,88,89,90,92,93,94,95,99,101,102,103,105,106,108,109,110,111,114,115,116,117,118,120,122,123,124,125,126,131,132,133,139,140,142,147,149,150,152,154,156,157,159,160,161,167,168,170,171,174,177,178,180,182,183,184,185,186,187,192,194,195,200,201,204,206,210,211,212,213,214,215,216,217,219,220,221,223,224,225,227,230,236,239,241,242,243,244,245,247,249,251,258,259,262,270,278,280,282,287,288,291,292,296,300,302,303,305,306,308,315,325,336,384,399,404,423,441,494,519,684
42,19,41,53,56,58,59,63,64,65,66,67,68,69,71,72,73,74,76,77,79,80,81,82,83,84,88,90,95,96,97,98,99,100,101,103,104,109,110,111,112,113,114,116,119,122,124,126,127,130,131,134,136,137,138,139,141,145,146,147,151,154,156,157,159,160,161,163,165,166,167,168,169,170,171,172,173,175,177,181,184,185,186,187,188,189,190,192,194,195,197,198,199,200,201,202,204,206,207,208,211,216,221,225,226,227,228,237,243,257,258,259,267,271,280,300,305,307,314,335,350,441
43,9,17,47,60,61,65,66,67,68,69,71,72,73,74,75,76,77,78,79,80,81,84,85,89,91,93,94,95,97,98,100,101,102,104,105,106,107,110,111,112,113,115,116,117,118,119,122,123,126,130,131,132,133,134,135,137,140,141,145,146,147,149,151,152,153,160,161,163,165,166,167,168,169,170,172,173,175,177,178,179,181,182,186,187,188,189,190,191,192,193,194,195,196,198,199,200,201,202,204,205,206,207,208,211,212,213,214,215,216,217,218,220,221,223,224,225,226,227,228,230,234,235,237,239,243,245,248,265,268,272,293,296,298,300,319,335,387,561,693
44,53,54,55,56,58,59,61,62,64,65,67,69,70,74,75,77,78,79,80,82,83,84,89,90,91,92,93,96,97,99,100,101,102,103,104,105,106,108,109,110,112,114,117,118,119,120,121,122,123,124,126,128,130,132,133,139,140,146,150,153,156,158,159,162,163,165,166,167,169,170,171,172,173,174,175,176,177,178,180,181,182,183,185,186,189,191,192,195,197,198,199,201,202,203,204,206,208,211,212,214,215,216,223,224,227,231,237,243,244,246,249,251,256,260,262,264,267,269,276,278,317,318,361,429,481,608
45,42,45,46,50,51,52,54,56,57,62,63,64,66,73,74,75,77,79,80,83,86,87,88,89,91,92,93,94,95,96,97,99,100,101,104,105,106,107,109,110,111,112,113,114,116,118,119,120,121,122,127,128,133,135,136,138,143,155,157,162,163,164,179,186,194,197,200,203,204,205,206,212,215,218,220,221,222,225,231,236,239,254,279,282,284,291,308,426,437,570
46,40,42,48,50,61,64,67,72,73,75,76,78,80,82,84,87,88,89,91,93,95,107,115,117,120,125,133,134,142,154,156,171,185,186,191,192,212,216,220,243,266,298,313
47,54,55,58,61,68,73,90,93,107,113,115,120,125,131,134,137,138,165,561,562,573,605,616
48,90,130,428,517
49,14,51,219
50,36,416
51,537,552
52,19,256,482,485,577
53,77,524,555
54,43,505,593,622
55,
56,536,574,685
57,170,316,475,478,562
58,121,132,186,441,628
59,71,207,490
60,88,371,447,452,468,696
61,238,576,596,616,628
62,574,670
63,83,117,637,663
64,146,150,220,413,436,475,480
65,64,499
66,
67,
68,
69,
70,
71,
72,
73,
74,
75,
76,
77,
78,
79,
80,
81,
82,
83,
84,
85,
86,
87,
88,
89,
90,
91,
92,
93,
94,
95,
96,
97,
98,
