14
0,351
1,49,99,366,548,561,602,666
2,187,388,427
3,179,275,461,495,519,677,679
4,205,243,503
5,283,308,512,538
6,47,81,126,274,411,477,533,668
7,85,106,109,112,113,114,115,116,117,118,119,120,121,122,123,124,125,126,127,128,129,130,131,135,137,139,144,145,148,151,154,174,233,526,604,620,658
8,110,111,112,113,114,115,116,117,118,119,120,121,122,123,124,125,126,127,128,129,130,131,132,133,134,135,136,137,138,139,140,141,142,143,144,145,146,147,148,149,150,151,152,153,154,155,156,157,158,159,160,161,162,163,164,165,166,167,168,169,170,171,172,173,174,175,176,177,178,179,180,181,182,183,184,186,187,188,189,190,193,194,196,198,199,200,206,208,220,235,241,252,355,457,578,653,667
9,104,106,109,110,112,113,114,115,116,117,118,120,121,122,123,124,125,126,127,128,129,130,131,132,133,134,135,136,137,138,139,140,141,142,143,144,145,146,147,148,149,150,151,152,153,154,155,156,157,158,159,160,161,162,163,164,165,166,167,168,169,170,171,172,173,174,175,176,177,178,179,180,181,182,183,184,185,186,187,189,190,191,192,193,194,195,196,197,198,199,200,201,202,203,204,205,206,207,208,209,210,211,212,213,214,215,217,218,219,220,221,222,223,224,225,226,227,228,229,230,231,232,233,235,236,237,239,240,242,243,244,245,247,248,249,250,251,253,254,255,257,258,264,265,266,267,269,270,271,272,274,277,281,282,283,285,286,295,296,304,307,310,311,323,325,326,339,347,359,429,450,504,639,672
10,108,110,111,113,114,115,116,117,118,119,120,121,122,123,124,125,126,127,128,129,130,131,132,133,134,135,136,137,138,139,140,141,142,143,144,145,146,147,148,149,150,152,153,154,155,156,157,158,159,162,163,164,165,166,167,168,169,170,171,172,174,175,176,177,178,179,180,181,182,183,184,185,186,187,188,189,190,191,192,193,194,195,196,197,198,199,200,201,202,203,204,205,206,207,208,209,210,211,212,213,214,215,216,217,218,219,220,221,222,225,226,227,228,229,230,231,232,233,234,235,236,237,238,239,241,242,243,244,246,248,250,251,252,253,254,255,257,258,259,260,262,263,265,266,267,268,269,271,275,277,278,279,280,283,286,287,289,290,292,295,297,299,301,308,310,317,322,328,331,337,339,346,417,432,441,448,491
11,102,110,111,112,113,114,115,116,117,118,119,120,121,122,123,124,125,126,127,128,129,130,131,132,133,134,135,136,137,138,139,140,141,142,143,145,146,147,148,149,150,151,152,153,154,155,156,157,158,159,160,161,162,163,164,165,166,167,168,169,170,171,172,173,174,175,176,177,178,179,180,181,182,183,184,185,186,187,188,189,190,191,192,193,195,196,197,198,199,200,201,202,203,204,205,206,208,210,211,212,213,215,216,218,219,220,221,222,224,226,227,228,229,230,231,232,233,234,236,238,239,241,243,244,245,247,249,250,252,254,255,258,260,261,262,264,266,267,270,275,276,278,284,285,289,291,292,293,295,296,297,299,301,302,304,305,306,309,312,317,323,328,330,334,336,338,340,347,355,375,390,400,467,539,657
12,86,102,103,106,108,109,110,111,113,114,115,116,117,118,120,121,122,123,124,125,126,127,128,129,130,131,132,133,134,135,136,137,138,139,140,141,142,143,144,145,146,147,148,149,150,151,152,153,154,156,157,158,160,161,162,163,164,165,167,168,169,170,171,172,173,174,175,176,177,178,180,181,182,184,186,187,188,189,191,192,193,194,195,196,197,198,199,200,201,204,205,206,208,209,211,212,213,214,216,219,220,221,223,224,225,226,233,235,237,238,239,240,241,242,243,244,246,247,248,249,250,251,252,253,255,257,258,260,261,262,263,264,265,267,269,270,271,272,273,274,276,278,279,284,285,287,289,292,294,296,303,307,311,312,315,321,323,327,331,333,339,340,355,370,374,375,385,398,400,519,546
13,33,39,42,98,108,110,111,113,114,115,116,117,118,119,120,121,122,123,124,125,126,127,128,129,130,131,132,133,134,135,136,137,138,139,141,142,143,144,145,146,147,148,149,150,151,152,153,154,156,157,158,159,161,162,163,164,165,166,167,168,169,170,175,176,177,178,179,180,181,182,183,184,185,186,190,191,193,194,195,196,197,198,200,201,202,203,204,205,206,208,209,210,211,212,213,214,215,216,217,218,219,220,222,223,224,225,226,227,228,230,231,232,233,234,235,238,239,240,242,243,244,246,247,250,252,254,255,256,257,258,260,261,266,267,268,270,272,273,274,275,279,280,281,283,287,288,289,291,292,295,298,300,303,305,307,312,314,319,330,342,346,359,361,480,599
14,90,99,105,106,110,111,112,113,114,115,117,118,119,120,121,122,123,124,125,126,127,128,129,130,131,132,134,135,136,137,138,139,140,141,142,143,144,145,146,147,149,150,151,153,154,155,156,158,159,160,162,163,164,165,166,167,168,169,170,171,172,173,174,175,176,177,178,180,182,183,184,185,186,189,190,191,192,193,194,195,196,197,198,199,200,201,202,203,204,205,206,208,209,210,211,214,215,216,218,219,221,222,224,225,226,227,229,231,233,234,236,237,238,239,240,243,244,245,246,247,249,251,252,253,254,255,256,258,259,260,263,265,266,267,268,269,272,273,275,276,277,278,279,280,283,284,285,287,290,293,294,295,297,301,302,306,308,310,311,322,324,326,330,340,342,352,367,368,374,378,437,464,660
15,43,57,97,105,110,112,114,115,116,117,118,119,120,121,122,123,124,125,126,127,128,129,130,131,132,133,134,135,136,138,141,143,144,146,147,149,151,152,153,154,155,156,157,158,159,160,161,162,163,164,166,167,168,169,171,172,173,174,176,177,178,179,180,181,183,184,185,186,188,189,190,191,192,193,195,196,198,199,200,201,202,205,206,208,209,211,212,214,215,216,218,220,221,223,224,225,227,229,231,232,233,234,235,236,237,240,241,246,248,250,252,253,254,255,257,258,260,261,262,264,265,266,274,275,276,277,278,279,282,284,285,286,287,291,293,297,298,302,306,310,315,332,335,336,338,339,342,346,354,385,539
16,39,102,108,109,112,113,114,115,116,117,118,119,120,121,123,124,125,126,127,128,129,132,133,134,135,136,137,139,141,142,143,144,145,146,147,148,149,150,151,152,153,154,155,156,158,159,160,161,162,164,165,166,167,169,170,171,172,173,175,176,177,178,180,181,182,183,185,186,187,188,189,191,192,193,196,198,199,200,202,203,205,208,209,210,211,213,215,218,219,221,223,226,228,231,232,233,234,239,240,241,242,244,245,246,247,248,249,250,251,252,253,254,256,260,261,262,265,266,268,272,273,276,279,281,283,288,290,292,293,294,295,297,301,302,303,304,305,306,307,308,312,314,317,320,321,322,326,336,339,341,344,363,373,379,398,427,688
17,99,103,104,105,111,113,114,115,116,120,121,122,123,124,125,127,128,129,130,131,132,133,136,138,139,140,141,142,143,145,147,148,149,151,152,153,154,155,157,158,159,160,161,162,163,164,165,167,168,169,170,171,172,173,174,175,177,178,179,180,181,183,184,185,186,187,188,189,191,192,193,194,195,196,198,199,201,202,203,204,206,207,209,210,211,212,213,215,219,220,221,223,225,226,227,228,229,231,232,233,234,235,236,238,239,240,243,244,245,246,247,251,252,254,255,256,259,260,263,265,266,268,269,271,273,274,276,277,281,283,284,285,288,290,292,294,295,296,303,308,310,311,322,327,328,341,353,374,377,424,429,504
18,68,105,107,108,112,114,116,117,118,119,121,122,123,124,125,126,128,129,130,131,132,133,134,135,136,137,138,140,141,142,144,145,146,147,148,149,151,152,153,154,155,156,159,160,161,162,163,165,167,168,169,171,172,173,174,175,176,177,179,180,181,182,183,184,185,186,187,188,190,191,192,194,195,197,198,199,201,202,204,206,207,209,211,212,213,215,216,217,218,219,222,224,227,229,231,232,233,234,235,236,238,239,240,241,242,246,247,248,249,250,254,256,257,258,259,260,261,262,264,266,267,268,271,272,274,278,279,281,283,291,295,303,313,320,321,328,335,336,337,341,363,369,372,373,398,411,412,500
19,106,108,109,111,113,117,118,120,121,123,127,129,130,131,132,133,135,136,137,138,139,140,141,142,143,144,145,146,147,148,151,152,154,155,156,158,161,163,165,166,167,168,169,172,177,178,179,180,181,182,183,184,185,186,188,189,191,193,194,195,196,197,198,200,201,204,205,206,207,208,209,210,212,213,214,215,216,219,220,222,223,224,226,227,228,229,230,231,232,236,239,240,242,244,245,246,247,248,251,252,254,255,256,257,258,259,260,261,264,265,266,268,269,270,273,277,280,281,286,289,290,307,308,311,313,316,320,321,323,326,328,336,339,350,362,367,371,387,406,412,414,421,618
20,49,105,114,115,118,119,122,123,126,127,128,129,131,132,133,134,135,136,137,138,140,141,143,144,145,147,148,149,150,151,153,154,155,157,159,160,161,162,164,165,166,167,168,169,170,171,172,173,174,176,177,178,180,181,182,183,184,185,186,188,189,190,193,194,196,199,200,201,202,205,206,207,208,213,217,218,219,221,222,225,227,228,230,233,234,235,238,239,241,242,243,244,247,249,250,252,254,255,256,261,262,263,266,268,269,272,273,275,276,277,280,283,284,285,287,288,289,290,291,293,295,296,299,300,310,315,316,321,334,340,341,347,348,356,360,369,376,622,643
21,104,117,118,119,121,125,129,130,131,132,133,136,137,139,140,141,142,143,145,146,148,149,150,151,152,153,154,156,158,161,162,163,164,165,166,167,171,173,174,177,178,179,180,182,183,184,189,190,191,192,193,194,195,197,198,200,201,203,206,208,210,211,212,216,218,219,220,222,224,225,226,227,229,231,232,235,236,237,238,239,240,242,243,246,248,251,252,253,254,256,260,262,267,268,272,275,276,280,283,287,290,294,298,302,306,308,311,313,318,321,322,325,330,334,337,345,358,360,363,372,459,474,509,547,585
22,15,108,116,117,118,121,124,127,128,129,133,135,136,140,142,143,145,146,148,149,150,151,152,153,154,158,162,166,168,170,175,178,180,185,187,188,189,192,194,196,197,198,199,200,201,204,211,212,213,215,217,218,219,221,224,225,229,230,231,233,234,235,237,238,239,241,242,243,245,246,247,249,252,253,254,256,258,259,260,262,263,264,266,271,273,277,296,316,327,330,334,335,337,342,350,351,365,382,397,405,416,423,449,454,593,650
23,116,117,118,120,121,122,127,128,132,134,135,137,138,141,143,146,149,150,153,158,159,163,166,167,172,173,174,176,180,183,195,208,211,212,213,214,216,218,220,222,223,224,225,226,227,228,229,230,231,232,233,234,235,236,237,238,239,240,241,244,245,246,247,249,251,252,255,258,261,263,266,267,268,269,273,277,279,286,287,288,289,292,301,304,310,321,324,327,331,348,349,362,363,381,390,415,420,429,430,434,436,449,468
24,112,113,115,117,118,124,125,126,127,129,131,132,137,144,145,146,152,153,155,157,159,162,163,166,167,170,178,179,187,193,196,205,207,209,211,214,216,217,218,219,220,221,222,223,224,226,229,230,231,232,233,234,236,239,240,241,242,244,245,246,247,248,249,250,251,252,253,255,256,257,258,260,262,263,264,265,266,267,268,269,270,271,272,273,274,275,277,278,279,281,283,284,285,286,288,289,293,294,295,299,300,302,305,306,307,308,309,312,313,318,320,322,323,324,325,326,327,338,340,346,352,353,359,365,367,381,398,402,403,405,419,427,443,450,452,453,465,474,663,670
25,6,89,116,122,124,130,135,136,138,143,147,153,157,161,163,169,180,192,193,197,203,206,207,209,210,211,212,213,214,216,217,218,220,221,222,225,226,227,228,229,230,231,232,234,235,236,237,238,240,241,242,243,244,245,246,247,248,249,250,251,252,253,254,255,256,257,258,259,260,262,263,264,265,266,267,268,269,270,271,272,273,274,275,276,277,278,279,280,281,282,283,284,285,286,287,288,289,290,291,292,293,294,295,297,300,301,302,303,304,305,306,307,308,309,310,311,312,313,314,315,316,317,318,319,320,321,322,323,324,326,327,328,329,330,331,335,336,337,339,340,342,343,344,348,349,352,353,355,358,359,361,362,363,364,365,367,368,369,374,375,376,382,386,387,396,398,402,403,411,437,457,514,521,637
26,121,124,131,132,133,138,139,141,164,190,199,200,209,210,213,216,218,220,221,222,224,225,226,227,228,230,231,232,234,235,236,237,238,239,240,241,243,244,246,248,249,250,251,252,253,254,255,256,257,258,259,260,261,262,263,264,265,266,267,268,269,270,271,272,273,274,275,276,277,278,279,280,281,282,283,284,285,286,287,288,289,290,291,292,293,294,295,297,298,299,300,301,302,303,304,305,306,308,309,310,311,312,315,317,318,319,320,322,323,324,325,326,327,329,330,332,333,335,336,337,338,340,342,343,344,345,346,347,348,349,350,353,354,355,356,358,359,361,363,364,366,368,370,371,372,373,374,376,380,381,382,383,385,387,388,389,391,392,394,395,396,398,402,405,407,408,410,413,415,416,418,422,427,434,439,441,442,444,456,471,480,526,529,652
27,130,131,133,135,136,138,139,142,145,147,151,154,155,160,161,164,169,173,187,190,193,195,197,198,202,212,213,220,221,230,233,234,249,251,253,255,257,258,262,264,265,270,271,273,280,288,291,292,293,295,305,309,310,312,316,319,321,328,330,331,333,336,338,340,343,348,351,355,357,360,361,373,381,382,384,388,391,396,409,410,411,413,419,435,436,446,456,466,516,646
28,17,23,118,132,133,140,142,148,151,152,154,156,160,161,164,166,169,172,173,181,207,215,218,220,221,222,223,224,227,229,230,236,243,245,250,252,255,256,262,263,265,273,278,289,292,297,298,302,317,318,324,330,339,340,354,371,376,381,416,459,466,495
29,135,136,137,138,141,142,145,146,147,149,150,153,154,162,172,173,174,176,177,179,181,182,191,196,198,200,226,228,235,236,238,243,244,245,248,250,251,252,255,261,264,267,269,273,274,276,278,280,284,286,288,293,296,299,301,303,313,314,315,317,318,331,336,340,343,349,364,365,367,378,399,401,403,420,457,465,566,581,658
30,42,133,137,138,142,145,146,148,149,150,153,155,157,158,163,165,167,169,171,179,182,186,193,195,202,204,205,222,230,232,234,235,236,237,240,241,248,257,258,261,265,269,275,276,279,281,282,284,285,295,296,297,298,299,300,301,303,309,312,326,328,331,332,333,339,352,362,379,382,399,463,466,682
31,65,137,138,147,148,149,150,151,158,160,161,163,165,169,170,175,177,183,185,193,201,204,217,233,247,249,250,251,253,254,265,266,267,268,270,273,278,286,288,294,296,298,299,300,301,306,310,316,320,321,326,329,331,336,341,345,347,352,354,357,362,367,370,371,374,381,396,579,663
32,151,156,158,160,164,166,168,169,171,173,180,181,182,200,201,205,208,220,237,240,243,245,247,248,253,255,256,257,265,266,268,274,277,289,299,301,309,318,324,331,333,336,344,345,346,347,348,349,351,352,357,358,361,364,366,378,386,401,405,413,417,418,439,492,621,628,692
33,75,159,165,168,170,172,174,175,181,183,186,187,190,191,197,203,205,208,211,229,243,246,247,248,249,252,253,255,256,258,259,260,261,262,263,264,266,267,269,271,277,283,284,286,287,288,290,292,295,298,300,302,304,308,310,311,315,318,319,320,326,333,338,340,348,360,361,395,400,418,426
34,24,165,170,171,172,173,174,175,177,178,181,182,183,184,187,189,191,192,198,201,204,206,250,251,252,254,260,262,264,265,266,267,269,270,271,273,274,276,277,278,279,281,282,283,286,287,289,290,291,293,296,297,298,299,300,304,306,309,310,312,313,315,316,319,324,325,330,331,332,334,335,336,339,340,341,343,346,349,350,353,359,360,361,362,363,364,365,366,371,373,374,377,378,381,382,384,385,387,393,398,399,404,408,416,693,697
35,47,167,169,174,177,178,181,182,183,184,188,190,192,193,196,198,199,206,210,216,255,259,261,266,269,272,275,278,279,286,288,289,293,295,299,303,308,309,311,312,313,324,332,343,352,355,357,360,361,368,381,383,397,405,407,411,421,422,431,454,486,496,520
36,182,184,185,187,189,190,191,192,193,194,196,197,199,200,203,206,208,209,212,213,214,220,222,225,238,253,277,281,288,296,308,315,317,320,325,326,328,332,333,337,340,359,364,367,368,375,384,414,425,435,438,453
37,101,183,185,188,189,191,193,194,195,196,200,208,209,215,226,258,272,276,287,294,296,301,305,331,348,378,488,552,676
38,190,203,205,208,209,210,213,215,219,220,221,229,236,243,251,300,480,654
39,90,126,189,195,199,225,239,605,648
40,15,102,143,408,690
41,252,580,621
42,69,455,556
43,517
44,54,97,102,388,472,515,555
45,77,361,404,484,571,682
46,378,431,518,688
47,29,70,553,566
48,33,121
49,62,112,195,428,445,522,547,678
50,293,546,559,577,630
51,116,126,320,598
52,124,135,361,471,539,556,569,647,669
53,303,647,682
54,8,142,285,401,644,665
55,140,233,239,454,630
56,33,381,391,424,478
57,
58,
59,
60,
61,
62,
63,
64,
65,
66,
67,
68,
69,
70,
71,
72,
73,
74,
75,
76,
77,
78,
79,
80,
81,
82,
83,
84,
85,
86,
87,
88,
89,
90,
91,
92,
93,
94,
95,
96,
97,
98,
