14
0,504
1,55,127,208,341,491,513,610,687
2,399,412,588,626
3,56,176,245,296,331,363,387,445,536,638
4,58,97,257,399,454,457,675
5,50,541,614,676
6,82,173,326,452,459,471
7,181,328,482,532,546
8,187,260,300,517,586,600,609,682
9,24,171,470,569,623
10,79,139,158,239,538,548
11,134,179,187,428,488,506,619
12,240,309
13,373,392,463,511,680
14,36,85,242,488,556,594,641
15,14,89,93,142,192,390,433,566,605
16,70,77,87,88,89,90,92,94,95,96,97,98,99,101,102,103,104,105,109,111,112,113,116,121,138,251,387,397,470
17,73,76,81,82,83,84,85,86,87,88,89,90,91,92,93,94,95,96,97,98,99,100,101,102,103,104,105,106,107,108,109,110,111,112,113,114,115,116,117,118,119,121,122,123,124,125,126,127,128,129,130,131,132,133,137,138,139,141,142,143,146,150,160,188,283,313,358,367,402
18,76,80,81,82,83,84,85,86,87,88,89,90,91,92,93,94,95,96,97,98,99,100,101,102,103,104,105,106,107,108,109,110,111,112,113,114,115,116,117,118,119,120,121,122,123,124,125,126,127,128,129,130,131,132,133,134,135,136,137,138,139,140,141,142,143,144,145,146,147,148,149,150,151,152,153,154,155,156,157,158,159,160,161,162,163,164,165,166,167,168,169,170,171,172,173,174,175,176,177,178,179,180,181,182,183,184,185,186,187,188,189,190,191,192,193,194,195,196,197,198,199,200,201,202,203,204,205,206,210,211,212,213,214,215,216,217,218,219,221,222,224,225,226,228,229,230,231,233,234,235,237,238,239,241,242,249,257,307,565
19,63,64,81,82,83,84,85,86,87,88,89,90,91,92,93,94,95,96,97,98,99,100,101,102,103,104,105,106,107,108,109,110,111,112,113,114,115,116,117,118,119,120,121,122,123,124,125,126,127,128,129,130,131,132,133,134,135,136,137,138,139,140,141,142,143,144,145,146,147,148,149,150,151,152,153,154,155,156,157,158,159,160,161,162,163,164,165,166,167,168,169,170,171,172,173,174,175,176,177,178,179,180,181,182,183,184,185,186,187,188,189,190,191,192,193,194,195,196,197,198,199,200,201,202,203,204,205,206,207,208,209,210,211,212,213,214,215,216,217,218,219,220,221,222,223,224,225,226,227,228,229,230,231,232,233,234,235,236,237,238,239,240,241,242,243,244,245,246,248,249,250,251,252,253,254,255,256,257,258,259,260,261,262,263,264,265,266,268,269,270,271,272,273,274,275,276,277,278,279,280,281,283,284,285,286,287,289,290,291,292,293,294,295,296,297,298,299,300,301,302,305,306,307,308,310,311,312,316,318,323,324,329,331,333,341,342,347,348,354,356,370,373,383,386,401,403,405,430,454,460,474
20,77,78,79,80,81,82,83,84,85,86,87,88,89,90,91,92,93,94,95,96,97,98,99,100,101,102,103,104,105,106,107,108,109,110,111,112,113,114,115,116,117,118,119,120,121,122,123,124,125,126,127,128,129,130,131,132,133,134,135,136,137,138,139,140,141,142,143,144,145,146,147,148,149,150,151,152,154,155,156,157,159,160,161,162,163,164,165,166,167,168,169,170,171,172,173,174,175,176,177,179,181,182,183,184,185,186,187,188,189,190,191,192,193,194,195,196,197,198,199,200,201,202,203,204,205,206,207,208,209,210,211,212,213,214,215,216,217,218,219,220,221,222,223,224,225,226,227,228,229,230,231,232,233,234,235,236,237,238,239,240,241,242,243,244,246,248,249,251,252,253,254,255,256,258,259,260,261,262,263,265,266,267,269,270,271,272,273,274,277,278,279,280,285,286,287,291,293,294,295,296,297,298,299,300,306,307,308,309,310,311,312,316,322,326,327,346,347,350,351,352,364,386,393,397,486,489,544,566
21,74,75,76,77,78,79,80,81,82,84,85,86,87,89,90,91,92,93,94,95,96,97,98,99,100,101,102,103,104,105,106,107,108,109,110,111,112,113,114,115,116,117,118,119,120,121,122,123,124,125,126,127,128,129,130,131,132,133,134,135,136,137,138,139,140,141,142,143,144,145,146,147,148,149,150,151,152,153,154,155,156,157,158,159,160,161,162,163,164,165,166,167,168,169,171,172,173,174,175,176,177,178,179,180,181,182,183,184,185,186,187,188,189,190,191,192,193,194,195,196,197,198,199,200,201,202,203,204,205,206,207,208,209,210,211,212,213,214,215,216,217,218,219,220,221,222,223,224,225,226,227,228,229,230,231,232,234,235,236,237,238,239,241,244,245,246,247,248,250,251,252,254,255,256,257,258,259,260,262,263,264,265,267,270,274,275,276,277,282,285,287,288,290,291,293,294,298,299,301,304,306,308,311,312,313,314,320,322,326,340,342,343,344,346,351,364,365,386,409,417,552
22,33,70,71,72,74,75,76,77,78,79,80,81,82,83,84,85,86,87,88,89,90,91,92,93,94,95,96,97,98,99,100,101,102,103,104,105,106,107,108,109,110,111,112,113,114,115,116,117,118,119,120,121,122,123,124,125,126,128,129,130,131,132,133,134,135,136,137,138,139,140,141,142,143,144,145,146,147,148,149,150,151,152,153,154,155,156,157,158,159,160,161,162,163,164,165,166,167,168,169,170,172,173,174,176,178,179,180,181,182,183,184,185,186,187,188,189,190,191,192,193,194,195,196,197,198,199,200,201,202,203,205,206,207,208,209,210,211,212,213,214,215,216,217,218,219,220,221,222,223,225,226,227,228,229,230,231,232,233,234,235,236,237,238,239,241,242,243,244,245,247,248,249,250,251,252,253,254,255,256,257,259,260,261,262,263,264,265,267,271,272,274,275,276,277,278,279,281,284,285,286,288,289,290,292,293,295,296,298,299,304,307,311,313,314,315,316,317,318,321,322,323,324,331,332,333,335,341,342,350,356,364,371,434,465,555
23,6,66,68,69,70,72,73,74,75,76,77,78,79,80,81,82,83,84,85,86,87,88,89,90,91,92,93,94,95,96,97,99,100,101,102,103,104,105,106,108,109,110,111,112,113,114,115,116,117,118,119,120,121,122,123,124,125,126,127,128,129,130,131,132,133,134,135,136,138,139,140,141,142,143,144,145,146,147,148,149,150,151,152,153,154,155,156,157,159,160,161,163,165,166,167,168,169,170,171,172,173,174,175,177,178,179,180,181,183,184,185,186,187,188,189,190,191,192,193,194,195,196,197,198,199,200,202,203,204,206,207,208,209,210,212,214,215,216,218,219,220,221,222,223,224,225,227,228,229,230,231,232,233,235,236,237,239,240,241,242,243,244,245,247,248,250,252,253,255,257,258,259,260,261,262,263,265,266,267,269,270,271,272,273,275,276,277,278,279,280,281,282,283,284,287,288,289,290,295,297,299,306,307,309,310,311,312,316,317,321,325,328,331,333,335,336,337,349,353,368,374,383,398,408,429,648
24,14,69,70,71,72,73,74,75,76,77,78,79,80,81,82,83,84,85,86,87,88,89,90,91,92,93,95,96,97,98,99,100,101,103,104,105,106,107,108,109,110,111,112,113,114,115,117,119,120,121,122,123,124,126,127,128,129,130,131,132,133,134,135,136,137,138,139,140,142,143,144,145,146,147,148,150,151,152,153,154,156,157,158,159,160,161,162,163,164,165,166,167,168,169,170,171,172,173,174,175,176,177,178,179,181,182,183,184,185,186,187,188,189,190,191,192,193,194,195,196,197,198,199,200,201,202,203,204,205,206,207,209,210,211,212,213,214,215,216,217,219,221,222,223,225,226,228,229,230,232,233,234,238,241,242,243,244,245,247,248,250,252,253,254,255,256,257,258,259,261,262,263,264,266,269,271,272,274,276,279,280,285,286,288,289,292,293,302,305,312,314,316,322,324,326,327,328,331,333,338,339,346,347,348,349,356,357,382,383,386,387,394,402,418,436,438,503
25,70,72,73,74,75,76,77,78,79,80,81,82,83,84,85,86,87,88,89,90,91,92,93,94,95,99,101,102,103,104,105,108,109,110,111,112,113,114,115,116,117,118,119,121,123,124,125,126,127,128,129,130,131,132,133,134,135,136,137,139,140,141,142,143,144,145,146,147,148,149,150,153,154,155,156,157,158,159,160,161,162,165,166,167,168,170,173,174,175,176,177,178,179,180,181,182,183,184,185,186,187,188,189,190,191,192,193,195,197,198,199,200,201,202,203,205,206,207,208,209,210,211,212,213,214,215,216,217,218,219,221,222,225,228,229,230,231,232,233,235,236,237,239,240,241,242,244,247,248,250,251,252,253,254,255,256,258,259,261,262,263,265,266,267,269,270,271,272,273,276,278,279,280,281,283,286,287,288,290,291,294,295,296,297,298,299,305,306,311,315,318,321,324,328,329,332,344,347,388,390,404,430
26,42,63,66,69,71,72,74,75,76,77,78,79,80,81,82,83,85,86,87,88,91,92,93,94,95,96,97,98,99,100,101,102,103,104,105,106,107,108,109,110,111,112,113,114,115,116,117,118,119,120,121,122,124,125,126,127,129,130,131,132,133,134,135,136,137,138,139,140,141,142,144,145,146,147,148,149,150,151,152,153,154,156,157,158,159,160,161,162,163,164,167,168,169,170,172,173,174,175,176,177,178,179,180,181,182,183,184,185,186,187,188,189,190,192,193,194,195,196,198,199,200,202,203,204,206,207,209,210,211,213,214,215,216,218,219,220,221,222,223,226,228,229,231,232,235,236,237,239,240,242,243,244,245,246,248,249,250,251,252,253,254,255,257,258,259,260,264,265,267,268,269,270,271,272,273,275,278,279,280,281,284,287,289,293,300,302,305,311,314,316,320,334,335,338,339,351,356,360,364,369,408,432,460,485,556,609
27,68,70,71,72,73,74,75,76,77,81,82,83,84,85,86,87,88,89,90,91,92,93,94,95,96,97,98,99,100,102,103,105,107,108,109,111,112,114,115,116,117,118,119,121,122,123,124,125,126,127,128,129,130,131,132,133,134,135,136,137,138,139,140,141,142,143,144,145,146,147,148,149,150,151,152,153,154,155,156,157,159,161,162,163,164,165,166,167,168,169,170,171,172,173,174,175,176,177,178,179,180,181,182,183,184,186,187,188,189,190,191,192,193,194,196,197,198,199,200,201,202,203,204,205,206,207,208,209,210,211,212,213,214,215,216,217,218,219,221,223,224,225,226,227,228,230,231,232,233,234,235,236,237,238,239,240,241,242,243,245,248,249,252,253,255,256,258,259,260,261,262,263,264,265,267,268,269,271,273,275,277,278,282,283,285,287,289,290,291,293,294,295,299,301,305,306,307,308,311,319,320,324,326,328,329,330,331,337,338,346,350,351,356,357,360,363,367,369,373,374,376,379,383,388,391,395,398,402,422,423,431,444,568
28,2,69,72,74,75,77,78,79,80,81,82,83,86,87,88,89,90,91,92,93,94,95,96,97,98,99,100,101,102,103,104,105,106,107,108,109,110,111,112,113,114,116,117,118,119,120,121,122,123,124,125,127,128,129,130,131,132,133,134,135,136,138,139,140,141,142,143,144,146,147,148,149,150,151,152,153,154,155,158,159,161,162,163,165,166,167,169,170,171,172,173,174,176,177,178,179,180,181,182,183,184,185,186,187,188,189,190,191,192,193,194,195,196,197,198,199,200,201,202,203,204,206,207,208,209,211,212,214,216,217,218,219,220,221,223,224,225,227,228,230,231,233,234,236,238,239,242,244,246,248,250,252,253,255,256,257,258,259,261,264,265,267,268,269,270,271,273,274,276,277,278,279,281,282,283,286,291,293,296,297,298,299,300,303,306,309,310,311,319,320,323,326,342,345,348,367,368,377,383,392,399,416,424
29,72,73,74,75,76,77,78,80,81,82,84,85,86,87,89,90,91,92,93,94,97,98,99,100,101,102,103,104,105,106,108,110,111,112,114,115,116,117,119,120,121,122,123,124,125,126,127,129,131,132,133,134,135,137,138,141,142,143,144,146,148,149,150,151,153,154,156,157,160,161,163,164,167,168,169,170,171,173,174,175,176,177,178,179,180,181,182,183,186,187,188,189,190,191,192,193,195,196,198,199,200,201,202,203,204,207,208,209,210,211,212,213,214,215,216,217,218,219,220,223,224,226,227,228,230,231,234,236,238,239,240,241,242,244,245,247,248,249,250,251,252,253,254,255,256,257,258,259,260,261,262,263,264,265,266,270,271,272,273,274,280,281,283,284,285,286,287,289,291,292,293,295,297,305,307,316,320,321,323,324,326,327,329,332,335,336,337,340,347,357,362,375,379,385,395,414,421,422,463,512,534
30,6,45,70,73,74,75,76,77,78,79,80,81,82,83,84,85,86,87,88,89,90,91,92,93,94,95,96,97,98,99,100,101,102,104,105,106,108,109,110,111,112,113,114,116,117,118,119,120,122,123,125,126,128,130,131,132,133,134,136,137,139,142,143,144,145,147,148,149,151,152,153,155,156,162,163,166,167,169,170,173,175,177,180,181,183,184,185,186,187,188,189,190,191,192,193,194,195,196,197,198,199,200,201,203,204,205,206,207,208,209,210,211,212,213,214,215,216,217,218,219,220,221,222,225,226,228,229,230,231,233,234,235,237,238,240,242,243,244,245,247,249,251,252,254,255,256,257,258,260,261,263,264,265,266,267,268,269,271,272,273,274,275,276,277,278,280,284,286,287,288,289,290,291,293,294,295,296,299,302,303,305,307,310,312,313,314,316,317,319,324,325,326,329,331,333,338,341,344,345,346,356,359,361,374,384,395,401,417,428,446,465,548,663
31,55,64,66,67,70,71,72,73,74,75,77,78,79,80,81,82,83,84,85,86,87,89,90,91,93,94,95,97,99,100,101,102,103,104,106,107,109,110,111,113,114,117,118,119,121,123,124,127,130,132,134,135,136,137,138,139,140,141,142,144,145,147,148,150,153,156,157,160,162,164,165,166,169,171,172,173,174,175,176,178,181,182,183,184,185,186,187,189,191,192,193,195,197,199,200,201,202,203,204,205,206,207,209,210,211,212,213,214,215,216,218,219,220,221,222,224,225,226,227,228,229,230,231,232,233,234,235,239,240,241,242,244,245,246,247,248,249,250,251,253,255,256,257,258,259,260,261,262,264,265,267,268,269,270,271,272,273,274,275,276,279,280,281,282,283,285,286,287,288,289,290,291,292,293,294,295,296,297,298,299,300,301,302,304,305,306,307,310,311,312,313,318,319,320,321,322,323,328,329,330,331,332,334,335,337,338,340,342,345,346,350,352,357,359,361,362,363,364,367,371,373,381,385,389,393,396,411,414,416,425,432,475,486,519,683
32,61,63,64,65,66,67,68,69,70,71,72,73,74,75,77,78,79,80,81,82,84,85,86,87,88,89,90,92,94,96,97,100,101,103,105,108,109,111,112,114,115,118,121,123,124,125,126,128,129,135,137,138,141,142,148,151,157,162,163,165,167,168,169,171,174,175,176,177,178,179,181,182,183,184,185,186,187,188,189,191,192,193,195,197,198,200,202,203,204,205,207,208,209,210,211,213,214,215,216,217,218,219,221,223,224,225,227,228,229,230,231,232,233,235,236,238,239,240,243,244,246,249,251,252,253,254,255,256,258,261,262,264,265,266,267,269,270,271,272,273,276,278,279,280,281,282,283,284,286,288,289,291,292,293,294,295,296,299,300,301,302,303,304,306,307,308,309,310,311,312,313,314,315,316,318,319,321,322,323,325,326,327,329,330,334,338,343,345,346,348,350,354,360,364,366,372,373,380,382,386,388,391,395,396,404,405,409,418,421,422,428,431,437,450,476,585,605,674
33,60,64,65,66,67,68,69,70,71,72,73,74,76,77,79,80,81,82,83,84,85,86,88,89,92,94,95,96,99,100,101,102,103,104,105,107,108,110,111,113,114,116,117,119,120,123,124,131,134,135,141,144,148,150,151,153,155,156,158,162,165,167,172,173,177,178,179,182,188,194,198,203,204,205,206,211,212,217,218,219,221,223,226,229,230,231,232,235,236,240,248,250,251,255,257,258,261,264,265,273,274,275,277,284,285,286,287,290,293,294,296,298,307,315,333,340,344,345,349,363,378,403,406,407,420,421,444,590,625,674
34,62,63,64,65,66,67,68,70,71,73,74,75,76,77,78,80,81,82,83,84,86,89,91,92,96,97,98,99,100,102,104,108,109,110,112,113,117,119,121,122,123,126,129,132,136,137,142,146,149,152,154,156,161,164,166,168,170,171,174,178,179,181,185,186,187,190,192,202,203,206,207,214,215,216,217,218,219,220,221,223,225,227,229,232,233,235,236,237,238,239,241,246,250,252,255,259,262,266,267,268,275,278,284,286,294,297,304,311,313,319,327,334,341,347,369,378,381,397,402,405,407,412,415,417,427,430,431,440,457,505,527,546
35,56,57,58,59,60,61,62,64,65,66,67,68,69,70,71,72,73,75,76,77,79,80,81,82,84,89,90,91,92,93,95,98,99,100,105,106,108,112,113,115,117,121,125,126,128,129,131,132,138,144,145,152,159,160,161,162,163,164,167,168,169,170,173,176,177,178,179,180,181,187,188,189,203,204,212,213,215,221,222,226,227,228,229,230,232,233,235,238,239,240,241,245,247,251,252,253,254,255,256,258,259,260,261,263,266,269,270,271,273,274,275,277,278,280,282,286,295,298,300,302,304,307,312,313,314,315,320,329,330,349,353,354,360,363,369,372,376,380,383,385,388,392,393,397,398,425,441,448,474,602,681
36,55,56,57,58,59,61,62,63,64,65,66,67,68,69,70,71,72,73,74,75,76,77,81,82,85,87,88,89,90,91,93,94,95,99,102,103,105,108,109,111,112,113,114,118,120,122,123,129,133,135,139,140,144,153,154,156,158,159,163,165,169,171,180,183,186,188,193,197,206,208,209,211,213,216,218,219,220,223,224,227,229,231,232,235,238,240,242,243,244,246,248,252,253,255,256,257,258,261,262,263,264,265,269,270,271,272,273,274,275,282,283,285,287,288,291,292,296,298,300,301,303,304,307,308,309,311,312,314,316,321,328,329,331,332,333,335,336,340,341,344,349,351,354,366,367,369,370,376,377,382,386,387,388,389,432,637
37,37,49,51,56,57,58,59,60,61,62,63,64,65,66,67,68,69,71,72,73,75,77,78,79,80,81,82,83,85,87,88,89,90,91,93,95,97,100,101,102,107,109,110,111,114,115,120,121,122,123,124,128,131,137,138,142,148,149,152,155,158,159,160,161,169,178,179,182,185,187,194,195,197,204,205,207,210,212,214,215,217,218,222,224,228,229,230,231,232,234,235,238,241,245,246,249,253,256,260,262,266,267,268,271,272,274,277,280,281,282,284,285,289,290,291,292,293,294,296,300,313,317,321,322,324,325,332,336,341,351,353,354,355,362,363,369,371,372,377,380,381,382,391,398,414,416,418
38,48,52,54,55,56,57,58,59,60,61,62,63,64,65,68,69,71,72,74,75,76,77,78,79,81,85,86,87,88,89,91,92,95,96,98,100,101,102,103,104,106,108,111,113,118,119,123,139,145,156,160,162,163,165,171,173,178,183,190,194,196,202,205,212,215,216,220,229,244,247,249,255,261,271,273,278,291,304,307,311,331,336,346,398,410,459,556,623
39,57,58,60,61,62,64,65,66,67,68,69,70,71,72,74,75,76,77,78,79,81,84,85,86,88,89,90,91,93,97,98,102,103,104,106,111,112,113,115,119,125,130,135,139,145,152,153,154,158,159,160,161,162,163,170,173,178,181,184,187,190,196,200,212,221,223,224,248,354,360,639,658
40,3,6,21,56,57,58,59,60,62,63,64,65,68,69,70,71,72,73,74,75,76,77,79,80,88,92,93,94,95,96,97,104,105,107,112,113,114,116,119,120,125,126,127,129,133,137,140,142,144,148,162,166,168,169,184,187,192,195,216,228,230,242,252,268,413,603,689
41,52,55,59,60,62,63,64,65,67,68,69,70,71,72,73,74,75,77,78,79,80,82,83,84,85,86,87,88,89,90,91,92,93,95,102,105,108,110,112,113,116,117,119,122,123,124,126,127,128,130,133,134,135,138,146,158,163,164,165,179,184,186,189,190,194,197,200,202,203,209,216,234,237,241,252,265,276,279,284,327,400,538,665
42,41,57,61,66,67,68,71,73,74,75,78,79,83,84,85,89,90,91,92,93,99,100,101,103,106,109,111,112,116,118,119,123,131,143,159,167,168,169,170,173,174,175,182,183,185,193,201,215,225,227,228,238,243,253,259,271,342,348,356,556,623,687
43,52,61,64,67,68,69,70,71,74,75,78,79,80,81,82,83,84,85,86,87,88,89,90,92,93,96,97,100,103,105,107,108,112,113,115,116,117,120,121,125,130,134,137,141,145,150,153,165,167,170,172,174,175,178,183,186,189,202,207,213,217,236,238,252,253,285,294,641,657
44,5,44,64,68,72,73,74,75,76,78,81,82,83,84,86,87,88,90,91,92,94,95,96,97,98,102,103,104,105,106,108,109,111,112,113,114,116,117,118,119,121,122,125,126,129,131,134,140,142,150,160,164,165,168,169,173,178,179,181,185,187,192,194,197,199,201,202,207,208,212,213,214,218,222,227,267,270,289,334,458,573,599
45,24,37,57,63,71,72,82,85,87,88,90,91,92,95,96,97,98,100,101,102,103,105,107,108,109,110,112,116,117,118,119,120,121,122,123,124,126,129,132,133,134,136,138,140,141,142,143,145,148,149,150,152,156,157,159,160,164,173,181,185,188,200,206,209,214,218,231,233,234,239,247,254,257,259,261,265,268,270,289,301,333,407,587,593,598,689
46,40,62,67,73,78,80,90,94,95,97,100,103,106,109,111,112,113,114,118,119,122,123,124,125,126,127,128,129,130,135,139,143,144,148,149,157,158,159,161,200,210,221,252,266,272,308,327,407,606,635
47,94,112,115,118,128,133,150,320,365,502,549,550,646
48,13,259,266,270,587,620
49,425,534
50,21,361,400,482,497,528,629,638
51,434
52,299,536,562
53,218
54,40,93,546,603
55,6,90,251,545,668
56,18,35,39,429,431,507,551,553,645
57,695
58,
59,
60,
61,
62,
63,
64,
65,
66,
67,
68,
69,
70,
71,
72,
73,
74,
75,
76,
77,
78,
79,
80,
81,
82,
83,
84,
85,
86,
87,
88,
89,
90,
91,
92,
93,
94,
95,
96,
97,
98,
