8
0,628
1,33,38,157,329,481,682,684
2,14,16,25,29,39,40,87,117,125,222,433,582
3,12,22,26,29,30,31,32,33,34,36,37,38,39,40,41,43,44,45,46,47,50,51,54,56,57,61,64,65,66,82,96,228,296,426,585
4,25,26,27,28,29,32,33,35,36,37,38,39,40,41,42,43,44,45,46,47,48,49,50,51,52,53,54,55,56,57,58,59,60,61,62,63,64,65,66,67,68,69,70,71,72,73,74,76,78,79,80,83,85,88,90,94,95,96,97,98,100,101,104,105,106,107,111,112,113,114,119,130,136,150,158,160,164,166,168,170,171,184,214,380,429,481,556,568,675
5,19,25,26,28,29,31,32,33,34,35,36,38,39,40,41,42,43,44,45,46,47,48,49,50,52,53,57,58,59,60,61,62,65,67,68,69,70,71,72,73,74,75,76,77,78,79,80,81,83,84,85,86,87,88,89,90,91,92,93,95,96,97,98,99,100,101,102,103,105,106,107,108,109,110,112,113,114,116,117,118,119,120,122,123,124,125,126,127,128,129,130,131,132,133,134,135,136,138,139,141,142,143,144,145,147,148,149,153,154,155,156,158,162,163,166,167,168,169,170,171,173,174,175,176,177,178,179,180,181,182,183,184,185,186,187,188,189,190,191,192,193,194,195,196,198,199,200,201,203,204,205,206,207,208,209,210,211,212,213,214,215,216,217,218,219,220,221,222,223,224,225,226,227,228,229,230,231,232,233,234,235,237,238,239,240,241,243,244,245,246,247,249,250,251,252,254,255,256,261,262,268,271,276,294,322,444,509,543,698
6,25,30,31,32,33,36,37,38,39,40,41,42,43,44,45,46,47,48,49,50,51,52,53,54,55,56,58,59,60,61,63,64,65,66,68,70,71,72,74,77,78,79,80,81,88,89,92,96,97,98,102,106,110,113,114,116,117,118,120,121,122,123,125,126,128,129,130,131,132,133,135,136,137,138,139,140,141,142,143,144,145,146,147,148,149,150,151,152,153,154,155,156,157,158,159,160,161,162,164,165,166,167,168,169,170,171,172,173,174,175,176,177,178,179,180,181,182,183,184,185,186,187,188,189,190,191,192,193,194,195,196,197,198,199,200,201,202,203,204,205,206,207,208,209,210,211,213,214,215,216,217,218,219,220,221,222,223,224,225,226,227,228,229,230,231,232,233,234,235,236,237,238,239,240,241,242,243,244,245,246,247,248,249,250,251,252,253,254,255,256,257,258,259,260,261,262,263,264,265,266,267,268,269,270,271,272,273,274,275,276,277,278,279,280,281,282,283,284,285,286,287,288,289,290,291,292,293,294,295,297,298,299,300,302,303,305,306,307,308,309,310,311,312,313,314,315,320,323,325,327,329,330,331,335,336,337,346,347,351,354,357,360,361,363,367,374,377,378,385,386,389,390,391,392,393,394,395,396,397,398,399,400,401,404,406,407,408,409,410,411,412,413,414,415,416,419,421,422,423,425,426,427,428,429,430,431,432,433,434,435,436,437,438,439,440,441,442,443,444,445,446,448,449,450,452,453,454,455,456,457,458,459,460,461,462,463,464,465,466,467,468,470,472,473,474,478,479,482,483,484,485,486,487,488,489,490,493,495,496,508,512,519,522,532,533,535,546,549
7,23,25,26,29,30,31,32,33,36,37,38,39,42,43,44,45,46,48,49,51,52,53,54,55,56,57,58,60,61,63,65,66,67,68,71,72,73,75,76,77,78,80,83,84,85,88,90,91,95,97,99,100,101,102,103,114,116,117,118,119,122,128,129,130,131,132,134,135,136,137,138,140,141,142,144,146,147,148,149,150,151,153,154,156,157,159,165,168,169,170,172,175,176,177,179,180,181,182,183,184,185,186,187,189,190,192,193,194,195,196,198,200,201,202,203,204,205,207,208,209,210,211,212,214,215,216,217,218,219,221,222,223,224,225,226,227,228,229,230,231,232,233,234,235,236,237,238,239,240,241,242,243,244,245,246,247,248,250,251,252,253,254,255,256,257,258,259,261,263,265,266,267,269,273,274,275,276,278,279,282,283,284,286,287,288,289,290,292,293,295,298,300,301,302,304,305,306,307,308,309,311,312,316,317,318,319,321,322,324,326,330,333,334,342,349,355,356,357,362,368,370,372,376,378,379,382,384,389,390,391,392,393,395,396,397,398,399,400,402,404,405,406,407,408,409,410,411,414,415,416,417,418,419,421,424,425,426,427,428,429,430,431,432,433,434,435,436,437,438,439,440,441,442,443,444,445,446,447,448,449,450,452,453,454,455,456,457,458,459,460,461,463,464,465,466,467,468,469,470,472,473,474,475,476,477,478,479,480,481,482,483,484,487,490,493,495,498,499,501,503,504,505,506,507,508,509,511,512,513,514,522,526,530,532,535,537,539,545,547,550,554,555,557,560,562,563,578,621,640,663
8,22,26,27,28,31,32,33,34,35,36,37,38,39,40,41,42,43,44,45,46,47,48,49,50,51,52,54,56,63,69,71,73,74,76,81,83,85,87,95,96,97,104,105,108,111,112,113,114,117,118,120,122,123,125,126,127,128,129,130,131,132,133,134,137,138,139,140,143,144,145,146,147,148,149,150,151,153,154,155,156,158,159,160,162,165,168,170,171,172,173,177,178,179,180,182,183,184,186,188,189,190,191,192,193,194,195,196,197,198,199,201,202,203,204,206,207,208,209,211,212,213,214,215,216,217,218,219,220,221,222,223,224,225,226,227,228,229,230,231,232,233,234,236,238,239,244,245,246,247,248,250,252,253,254,255,257,258,259,260,261,264,265,268,269,270,271,272,273,275,276,277,279,283,284,290,291,292,293,295,297,299,303,305,308,310,311,315,318,319,324,325,329,332,339,349,350,356,365,385,386,389,391,392,394,395,396,399,400,401,402,403,404,405,406,407,408,409,410,411,414,415,418,419,422,423,428,429,430,431,433,435,436,437,438,439,440,441,442,443,444,445,446,447,449,450,451,452,453,454,455,456,457,458,459,460,461,462,463,465,466,467,468,469,470,472,473,474,476,477,478,479,482,483,484,485,487,488,494,495,496,497,499,500,510,511,512,513,514,520,521,526,527,528,532,538,541,543,545,550,555,564,589,593,598,616,623,671,686,687
9,26,28,29,30,31,33,35,36,37,38,39,40,41,42,43,44,45,46,47,48,49,50,51,52,53,54,55,56,57,58,59,60,61,62,63,64,65,66,67,68,69,73,74,76,77,78,81,82,83,85,89,91,92,94,95,97,99,103,110,113,116,117,118,120,123,124,125,128,130,131,133,136,143,144,146,149,150,151,153,154,159,160,161,163,164,165,166,167,169,170,171,174,175,179,180,181,182,183,185,186,187,188,190,191,192,193,194,196,199,200,201,202,203,204,205,206,207,208,209,210,211,212,213,214,215,216,217,218,219,220,221,222,224,225,226,227,229,230,232,233,236,237,238,239,242,243,244,247,248,249,250,251,252,253,255,257,258,259,260,262,264,267,268,269,271,272,273,277,278,279,280,281,282,289,291,295,297,299,300,302,304,305,314,317,320,329,332,338,342,347,365,366,374,383,385,389,391,392,393,394,395,396,403,406,408,409,410,412,413,417,418,419,421,424,426,428,429,430,432,434,436,439,441,443,444,445,448,449,450,451,452,454,457,458,459,460,461,462,465,466,467,469,471,474,475,476,477,478,480,481,482,484,485,486,487,488,490,493,498,504,513,518,524,526,531,534,544,554,564,566,569
10,19,24,25,26,27,28,29,30,31,32,34,35,36,38,39,40,41,42,44,45,46,47,48,50,51,52,53,54,55,57,58,60,61,62,63,64,66,67,68,69,70,71,72,73,76,77,79,80,81,82,83,84,85,86,87,90,91,92,93,94,96,97,98,100,102,103,106,109,111,114,115,118,119,120,122,123,124,125,126,127,128,129,130,131,132,133,135,136,137,139,140,141,142,143,144,146,147,148,149,150,151,152,153,155,156,157,158,161,163,164,165,166,167,168,169,170,172,173,174,175,176,177,178,180,182,183,184,186,187,188,189,190,191,195,197,198,200,202,203,204,206,207,208,210,211,212,214,216,217,219,223,225,226,230,231,232,233,234,235,236,237,239,240,241,242,243,250,253,254,255,257,258,261,262,264,265,267,270,272,275,278,281,282,285,286,288,289,290,291,293,294,299,303,307,308,309,310,318,324,326,327,333,334,335,341,344,346,353,362,363,371,373,378,383,386,388,393,394,396,397,401,402,403,404,410,412,415,417,418,420,421,424,426,427,428,430,431,432,433,434,435,436,438,439,440,441,442,443,444,445,446,447,448,449,450,451,452,453,454,455,456,457,458,459,460,461,462,463,464,465,466,468,472,473,475,476,478,479,480,481,483,486,489,490,491,497,498,500,501,503,506,508,510,511,514,516,517,518,519,522,523,524,525,526,527,534,541,550,558,562,564,566,581,639
11,21,24,25,26,28,29,30,31,32,33,34,35,36,37,38,39,41,42,43,44,45,46,47,48,49,50,51,52,53,54,55,56,57,58,59,61,62,63,65,66,67,68,69,70,72,75,82,84,85,86,87,89,90,91,93,94,97,98,100,101,103,104,109,110,111,114,116,117,119,121,122,126,128,129,130,131,132,134,135,136,138,139,140,143,144,145,146,148,149,150,151,153,154,155,156,157,160,161,162,163,164,165,166,167,169,173,174,177,179,180,181,182,183,185,186,187,188,189,190,191,192,193,194,195,196,197,198,199,201,202,203,204,205,206,207,208,209,210,211,212,213,214,216,217,218,219,220,221,223,224,225,228,230,232,233,238,242,243,245,246,247,248,249,250,251,252,254,258,259,261,263,265,267,274,276,293,296,300,303,311,313,317,328,339,345,371,373,383,388,394,400,405,408,413,416,421,423,424,428,429,430,432,433,435,436,437,439,440,441,442,445,446,450,453,454,464,467,468,471,475,477,478,481,482,483,487,488,492,496,497,499,511,520,530,533,540,546,550,555,571,572,573,697
12,16,20,24,27,28,29,30,33,34,35,36,37,38,40,42,43,44,45,46,47,48,49,50,53,55,56,57,58,59,60,61,62,63,64,65,66,67,68,69,70,71,72,73,74,75,76,78,79,80,81,82,83,84,85,87,88,89,90,92,94,96,101,105,107,109,112,114,119,121,124,125,127,128,129,130,131,132,133,134,135,136,137,139,140,141,142,144,145,148,150,152,154,155,159,160,162,164,165,166,167,168,170,171,173,175,176,177,178,179,181,182,184,185,186,187,188,191,192,193,194,198,199,200,202,203,206,207,208,209,211,212,213,214,215,216,217,219,220,222,223,224,225,226,227,228,229,230,231,233,235,237,238,239,240,241,243,248,250,252,254,255,259,260,262,263,264,266,268,269,271,275,276,279,280,281,283,288,290,291,293,295,297,299,306,307,313,318,319,323,325,326,328,333,338,345,357,370,391,393,394,395,396,397,398,401,405,408,409,410,411,412,413,415,417,419,420,421,422,423,426,428,429,430,433,435,438,441,442,443,444,445,446,447,448,449,450,451,452,453,457,458,461,463,465,467,470,471,474,476,482,485,491,493,494,497,500,513,514,518,519,522,526,535,542,551,554,590,593,632
13,21,23,29,31,32,33,34,35,36,37,39,40,41,42,43,44,45,47,48,49,51,52,53,56,57,58,59,60,62,63,64,66,67,69,70,71,72,74,76,78,79,80,81,82,84,85,88,89,91,93,94,96,97,100,103,104,109,110,117,118,119,120,122,123,124,125,126,127,128,129,130,132,133,134,135,136,138,139,140,142,143,144,146,147,149,151,154,156,158,159,160,161,162,165,166,167,168,169,170,172,173,174,175,177,178,179,180,182,183,184,185,187,188,190,191,194,195,196,197,198,199,200,201,202,203,204,205,206,207,208,210,211,212,213,215,216,218,219,220,221,222,227,229,233,236,241,242,243,244,245,246,249,255,257,260,261,268,270,271,272,274,276,281,282,284,287,292,295,296,297,298,305,307,320,321,357,394,400,404,406,409,412,415,417,419,424,425,426,427,428,430,432,433,435,436,438,439,444,448,450,451,452,456,457,459,460,462,463,464,466,467,469,470,471,472,476,477,479,480,481,482,483,484,491,495,496,500,501,503,509,511,512,521,523,524,525,528,539,540,547,549,562,564,573,576,580,592,609,632,633
14,22,24,26,27,28,29,32,35,36,37,38,39,40,41,42,43,44,45,47,48,49,50,51,52,53,56,57,59,61,63,67,68,70,72,73,76,78,80,82,85,86,93,96,97,98,100,107,108,110,111,113,114,118,119,120,121,122,123,124,125,126,127,129,131,135,136,138,142,146,147,148,150,151,153,154,155,157,158,159,160,162,164,165,166,167,168,169,170,171,172,173,174,176,178,179,180,181,184,185,190,192,193,194,195,196,198,199,200,201,203,204,205,207,208,209,211,212,214,215,217,218,219,228,230,231,235,237,244,245,246,249,252,256,260,263,264,266,274,276,278,279,283,285,286,288,291,297,301,313,322,329,336,338,340,345,362,366,373,390,394,395,397,398,399,400,403,404,410,412,416,417,423,424,425,431,432,434,437,440,442,448,450,454,455,459,460,461,470,471,481,485,489,491,492,495,502,514,522,533,535,543,575,580,600,616,619,662
15,21,23,24,25,27,28,29,30,31,32,33,34,35,37,40,41,44,45,50,51,52,53,54,55,56,57,63,64,67,70,71,72,73,74,75,76,78,80,81,82,83,85,86,87,90,93,96,100,101,102,106,113,114,115,116,117,118,119,120,121,122,124,128,129,130,132,133,134,135,136,138,140,144,145,147,148,149,150,152,157,158,159,161,162,164,165,166,167,169,174,175,178,179,181,183,184,185,189,191,192,195,197,198,199,204,205,206,207,208,209,211,212,213,216,221,222,224,226,227,228,231,234,235,236,238,244,245,246,249,250,253,256,257,264,266,267,273,280,288,290,291,294,299,300,303,304,313,342,345,349,352,353,369,370,392,394,398,399,400,403,409,410,415,416,417,421,423,425,428,434,436,437,439,440,443,444,445,447,448,451,457,459,460,462,463,464,465,467,469,471,472,476,477,478,479,480,482,487,488,492,496,499,501,502,503,506,507,508,509,512,519,526,527,528,530,558
16,20,21,22,24,25,26,27,28,29,31,32,33,34,35,36,37,38,40,41,42,43,45,46,47,49,51,52,55,56,57,58,63,66,67,69,71,76,78,80,81,82,83,85,86,89,90,92,95,96,97,98,101,102,104,105,110,111,116,117,118,119,121,122,124,126,129,130,131,132,133,134,135,136,137,138,139,140,141,142,143,144,146,151,152,155,157,158,159,160,163,167,168,169,171,172,173,176,177,183,184,186,187,188,189,193,194,195,198,199,200,202,203,204,205,206,207,215,216,218,219,221,222,224,225,226,228,229,230,232,233,234,235,236,240,241,242,243,244,245,258,262,265,274,279,280,284,285,290,293,300,310,320,328,344,347,349,351,359,364,402,410,412,416,417,419,422,423,427,430,449,450,453,454,455,457,464,466,468,469,472,479,484,497,498,501,508,509,513,514,522,527,534,535,555,567,578
17,19,22,24,25,27,28,29,30,31,34,35,36,37,40,41,42,43,44,45,46,47,48,49,50,51,52,53,56,57,58,59,60,62,65,66,67,69,70,71,75,76,79,80,84,86,88,89,91,93,96,99,102,103,105,108,109,111,113,114,116,117,118,119,120,121,122,123,124,125,126,128,130,131,133,137,138,140,141,142,143,144,145,146,147,149,150,154,156,159,161,163,164,166,168,169,171,173,174,175,176,178,179,180,181,182,183,185,186,188,189,192,194,195,196,197,198,200,201,202,203,204,205,206,209,210,211,212,215,216,217,219,221,222,223,226,227,228,230,231,232,236,240,241,250,252,259,263,264,267,269,274,285,288,300,306,307,326,400,403,409,419,421,425,428,431,438,439,440,441,449,453,458,462,467,471,475,476,479,484,487,490,492,507,522,534,602
18,15,20,21,22,23,24,25,26,27,28,29,30,31,32,35,36,39,40,41,42,43,45,46,47,48,50,51,52,53,54,57,58,60,61,62,63,64,65,66,67,68,71,72,74,75,76,77,78,79,80,81,82,85,86,87,88,89,91,94,95,96,97,105,107,109,110,111,112,113,114,115,116,117,118,119,121,123,126,130,131,132,133,134,136,139,140,141,142,143,144,145,147,148,149,150,153,156,158,161,162,163,165,167,171,172,174,176,177,178,179,182,185,186,188,190,191,192,193,194,195,196,198,205,206,207,208,209,211,213,214,216,221,225,227,232,234,236,238,240,243,251,253,257,258,259,260,263,264,266,273,281,285,289,290,291,301,303,308,325,337,339,349,353,356,364,365,379,403,404,420,422,423,427,433,438,439,443,445,446,449,451,453,454,457,459,460,462,463,466,473,481,482,486,489,493,496,510,550,553,579,655
19,22,25,27,28,29,30,31,32,33,34,35,37,38,39,40,41,42,44,45,46,47,49,50,51,52,54,55,58,59,60,61,62,65,66,67,71,72,73,75,81,84,85,93,94,96,98,100,101,102,103,106,107,108,110,113,116,117,118,119,120,121,123,124,126,127,128,131,132,133,134,135,136,138,140,141,142,143,144,145,146,147,148,150,151,152,154,156,162,164,166,167,172,173,174,178,179,180,181,183,186,187,188,190,192,193,196,199,202,203,204,205,206,208,212,213,215,216,217,226,227,234,235,236,238,242,243,245,247,248,249,258,260,261,263,264,266,267,277,278,285,287,296,297,324,329,338,359,363,368,408,416,422,425,447,469,476,477,487,495,513,548,633
20,16,19,20,21,23,24,26,29,31,32,33,34,35,36,37,38,41,42,43,44,45,46,47,48,49,51,52,54,55,56,57,58,59,61,62,63,64,65,68,70,72,75,78,79,81,91,92,95,96,100,102,103,104,107,108,109,110,111,112,113,114,116,117,119,120,123,124,125,126,127,130,132,133,136,138,139,142,143,145,146,147,148,153,154,155,156,161,164,165,166,167,171,173,174,175,176,177,178,179,180,181,182,183,184,185,186,188,189,190,191,192,195,196,199,200,201,202,203,204,205,206,207,208,209,213,216,220,221,223,224,225,226,227,229,232,236,239,244,246,251,252,254,265,269,302,307,321,325,334,335,343,349,360,361,418,419,427,438,446,462,486,492,511,520,623
21,7,17,18,20,21,22,23,24,25,26,27,28,29,31,32,34,35,36,37,38,39,40,43,44,50,51,52,53,54,55,56,59,61,62,63,65,66,67,68,69,71,72,73,74,75,76,79,80,81,82,83,84,85,86,87,89,93,95,106,108,110,111,112,113,114,115,117,118,119,120,122,123,125,127,130,131,134,135,136,137,138,140,141,142,143,145,146,147,149,150,151,152,153,155,159,160,161,162,163,165,166,169,170,171,172,173,174,175,176,177,179,187,190,193,200,202,208,209,211,212,213,216,218,225,227,228,229,230,233,235,237,240,241,242,244,248,249,251,252,258,260,262,263,266,268,269,271,272,278,279,284,288,291,296,303,305,324,330,331,344,426,434,452,455,459,460,463,509
22,19,21,22,24,25,26,27,28,29,30,31,32,33,34,36,37,38,39,41,42,43,44,45,46,48,50,52,53,55,56,57,58,61,64,67,68,70,72,73,74,81,83,88,89,90,95,99,102,103,104,107,111,112,114,115,116,117,118,119,120,122,123,124,125,126,127,128,129,132,133,135,136,138,139,140,142,143,144,145,146,147,148,149,153,154,155,158,159,160,162,169,170,174,178,179,181,184,189,192,194,199,204,208,211,212,215,216,218,220,222,224,227,236,244,245,251,260,266,269,272,279,282,289,291,299,309,311,316,330,332,350,364,374,413,440,469,482,576,630,633
23,11,12,14,18,19,20,22,23,24,25,26,27,28,30,32,36,37,38,39,40,41,42,43,44,45,46,47,48,49,50,51,52,54,55,57,62,63,64,69,72,73,74,75,76,78,80,81,83,85,88,89,90,97,101,103,104,106,107,108,109,110,111,113,114,115,116,117,118,119,121,122,125,128,129,131,133,134,135,136,137,138,139,143,144,145,146,148,149,150,154,155,156,158,159,161,162,163,165,166,167,168,169,170,172,174,175,176,177,178,180,183,184,185,186,187,190,191,193,196,199,201,202,204,205,208,209,210,212,213,220,221,223,227,231,237,239,244,245,254,257,260,262,264,275,277,287,289,291,292,328,340,346,354,364,414,434,438,441,454,465,483
24,13,17,18,19,20,21,22,23,24,25,27,28,29,30,31,32,33,34,35,36,37,39,40,41,43,44,45,46,47,48,49,50,51,53,54,56,58,59,60,61,62,63,64,65,66,67,68,71,73,74,76,77,78,80,82,83,85,87,88,92,95,100,103,104,105,106,108,109,110,112,113,114,117,119,120,122,123,125,126,127,128,131,133,139,143,144,145,146,148,149,150,152,155,156,158,159,162,166,168,169,172,173,174,175,180,183,184,187,191,194,196,198,199,209,210,213,215,216,217,222,223,224,227,230,231,232,238,241,243,245,246,247,249,252,255,260,261,262,266,270,271,272,280,289,302,304,312,329,341,640,658
25,6,15,19,20,21,23,24,25,26,27,28,29,30,32,34,35,36,37,38,40,41,42,43,44,46,47,50,51,53,54,56,58,59,60,62,66,67,68,69,71,73,75,77,83,86,87,90,91,92,93,94,95,99,106,107,108,112,114,115,116,117,119,120,121,122,124,126,128,131,132,133,137,141,144,147,153,158,159,160,164,165,166,168,169,171,172,176,178,181,182,183,185,186,187,189,192,194,195,196,197,200,205,211,216,218,224,227,229,230,231,232,239,247,252,269,281,282,285,289,292,295,301,315,379,382,479,480,541,666
26,5,16,17,18,20,21,23,24,25,26,28,29,31,34,35,36,37,38,39,40,41,43,44,45,46,47,48,49,53,54,55,56,57,58,60,61,62,63,65,67,68,69,70,71,72,74,75,79,81,82,84,87,90,94,96,106,107,108,110,111,112,113,115,116,118,120,121,122,125,131,132,133,135,136,137,138,139,140,142,143,145,146,147,148,149,150,151,152,153,154,155,157,158,159,160,162,163,164,166,167,168,170,171,172,173,175,176,179,181,187,189,190,195,197,202,204,205,208,211,215,216,217,229,230,233,263,269,284,291,297,337,350,413,475,525
27,14,15,16,18,19,20,21,23,24,25,27,28,29,30,31,33,34,35,37,38,39,41,42,43,44,45,47,48,49,50,51,53,54,56,57,58,59,63,64,65,66,68,70,71,75,78,87,99,101,103,104,105,106,108,110,112,114,115,116,117,119,121,122,125,127,129,130,131,132,134,135,137,138,142,148,150,151,153,154,155,157,160,162,163,165,166,167,169,170,171,173,174,176,177,178,179,180,182,183,185,186,192,194,195,197,198,199,202,203,205,208,210,211,212,216,218,219,240,241,242,248,249,285,450,481,570,600,684
28,16,17,18,19,20,22,23,24,27,29,30,31,32,33,34,35,37,38,39,41,42,44,46,47,48,49,51,53,54,55,59,60,61,62,64,66,70,71,73,75,76,77,79,82,83,88,90,91,95,96,98,100,101,103,105,106,108,109,110,112,114,116,118,121,126,127,128,131,132,133,134,136,137,139,140,141,142,144,145,148,149,151,153,154,156,157,159,165,166,168,170,172,173,174,180,183,184,187,190,203,205,207,208,218,222,246,253,254,261,263,264,281,287,313,326,327,334,400,425,448,475,539
29,16,20,23,24,25,27,29,30,31,32,33,34,35,37,38,39,40,41,42,43,45,46,47,49,51,54,55,57,59,60,63,64,67,68,70,71,74,76,77,80,83,84,85,91,92,94,96,100,104,105,106,110,111,113,115,116,117,118,119,121,122,123,125,126,127,130,131,133,134,136,137,138,140,142,148,149,151,153,156,159,161,162,165,166,167,177,183,187,195,203,206,212,231,254,276,295,312,325,422,511
30,25,26,30,32,33,34,35,37,38,39,41,42,43,44,45,46,47,48,49,51,52,53,54,55,56,57,58,60,61,63,64,65,67,68,69,70,72,73,77,78,81,82,84,86,109,110,111,117,121,125,126,127,129,134,137,139,140,141,143,145,147,148,149,150,152,153,155,156,157,158,160,161,162,167,170,171,172,173,175,176,177,179,181,183,184,186,187,188,192,193,196,199,204,207,208,210,216,222,230,237,247,260,315,417,451,530,636,678
31,20,22,23,26,30,32,33,34,38,39,40,42,44,45,46,49,50,52,53,54,55,56,57,59,60,61,62,64,65,66,67,68,69,70,71,72,75,76,77,78,79,82,84,91,92,96,111,116,118,122,124,128,129,130,131,132,134,135,136,139,141,142,143,144,146,147,148,151,152,153,156,158,161,164,165,166,169,174,175,176,180,183,189,192,193,196,200,201,203,209,216,218,220,225,227,233,235,239,240,241,252,257,272,273,276,282,387,448,688
32,4,18,21,23,24,30,31,32,33,34,35,38,39,41,43,44,47,48,50,54,55,56,58,60,61,63,64,66,67,68,69,70,74,76,77,82,84,85,86,89,90,91,92,93,95,98,103,114,119,121,125,127,130,137,139,142,144,145,147,149,152,153,154,157,158,160,161,162,163,165,166,168,175,177,178,179,180,181,182,193,202,205,207,212,215,220,240,249,250,255,265,266,310,317,363,368,469,545
33,4,16,29,32,36,38,40,42,47,48,53,54,56,61,62,63,64,65,66,67,69,70,71,72,73,74,75,76,78,81,86,87,90,93,99,111,118,123,134,136,139,141,142,143,144,147,151,152,159,160,164,166,167,169,170,171,172,174,175,176,177,179,180,186,188,189,190,191,192,193,206,216,222,225,234,236,238,249,272,277,288,551,626
34,45,54,61,64,72,75,79,81,84,85,90,94,98,103,105,121,122,139,147,160,212,229,237,243,254,258,263,277,342,363
35,55,91,445,526,635
36,613
37,547,669
38,370,537,618,688
39,227,302,324,356,370,441,575,591,654,671
40,189,245,352,514,553,557,674
41,14,130,326,355
42,301,333,530,639,697
43,112,220,365,406
44,208,243,341,459,646,662
45,103,392,438
46,42,342,405,408,512,574
47,73,116,540,601
48,386,453,483,680
49,176,686
50,414,439,651
51,89,155,206,463,637,650
52,
53,
54,
55,
56,
57,
58,
59,
60,
61,
62,
63,
64,
65,
66,
67,
68,
69,
70,
71,
72,
73,
74,
75,
76,
77,
78,
79,
80,
81,
82,
83,
84,
85,
86,
87,
88,
89,
90,
91,
92,
93,
94,
95,
96,
97,
98,
