7
0,173
1,102,196,640
2,437,439
3,216,325,452
4,453,570,676
5,6,44,123,242,343,396,443,552
6,186,292,408,475,527,646
7,75,90,123,296,392,407,418
8,96,219,291,573,598,675,698
9,47,212,243,279,379,448,598
10,13,95,111,193,580,655
11,69,87,319,333,375,383,451,540,569
12,229,318,515
13,85,128,239,459,589,638
14,98,184,277,508,588,597,691
15,49,265,335,336,432,620
16,208,341,407,422,442,604
17,171,366,436,579
18,11,83,311,418,573,581,584,598,645
19,62,67,69,74,75,78,84,565,598,645
20,52,56,57,58,61,63,64,65,66,67,68,69,70,71,72,73,74,75,76,77,78,80,81,82,84,85,86,88,92,93,94,95,96,98,99,100,102,104,105,106,107,118,129,132,150,163,172,215,300,303,333,431
21,57,58,59,60,61,62,64,65,66,67,68,69,70,71,72,73,74,75,76,77,78,79,80,81,82,83,84,85,86,87,88,89,90,91,92,93,94,95,96,97,98,99,100,101,102,103,104,105,106,107,108,109,110,111,112,113,114,115,116,117,118,119,120,121,122,123,124,125,126,127,128,129,130,131,133,134,138,139,140,142,143,145,146,147,149,150,152,153,154,155,157,159,161,162,163,164,165,174,176,177,178,184,185,208,293,361,376,658
22,48,51,52,53,54,56,57,58,59,60,61,62,63,64,65,66,67,68,69,70,71,72,73,75,76,77,78,79,80,81,82,83,84,85,86,87,88,89,90,91,92,93,94,95,96,97,98,99,100,101,102,103,104,105,106,107,108,109,110,111,112,113,114,115,116,117,118,119,120,121,122,123,124,125,126,127,128,129,130,131,132,133,134,135,136,137,138,139,140,141,142,143,144,145,146,147,148,149,150,151,153,154,155,156,157,158,159,160,161,162,163,164,165,166,167,168,169,170,171,172,173,174,175,176,177,178,179,180,181,182,183,184,185,186,187,188,189,190,191,192,193,194,195,196,197,198,199,200,201,202,203,204,205,206,207,208,209,210,211,212,213,214,215,216,217,218,220,221,222,223,224,225,226,227,228,229,230,231,232,233,235,236,237,238,239,240,241,243,244,245,247,248,249,250,251,252,253,254,255,256,259,260,261,262,264,266,267,270,271,272,276,279,283,288,293,296,297,299,302,310,326,330,331,334,342,343,357,366,369,373,384,389,395,416,423,434,595,641,656
23,31,50,52,53,54,56,57,58,60,61,62,63,64,65,66,67,68,69,70,71,72,73,74,75,76,77,78,79,80,81,82,83,84,85,86,87,88,89,90,91,92,93,94,96,97,98,99,100,101,102,103,104,105,106,107,108,109,110,111,112,113,114,115,117,118,119,120,121,122,123,127,128,129,131,132,133,134,137,138,139,140,141,142,143,144,145,146,147,148,149,150,151,152,153,154,155,156,157,158,159,160,161,163,164,165,166,167,168,169,170,171,172,173,174,175,176,177,178,179,180,181,182,183,184,185,186,187,188,189,190,191,192,193,194,195,196,197,198,199,200,201,202,203,204,205,206,207,208,209,210,211,212,213,214,215,216,217,218,219,220,221,222,223,224,225,226,227,228,229,230,231,232,233,234,235,236,237,238,239,240,241,242,243,244,245,246,247,248,249,250,251,252,253,254,255,256,257,258,259,260,261,262,263,264,265,266,267,268,269,270,271,272,273,274,275,276,277,278,279,280,281,282,283,284,285,286,288,289,291,292,294,295,297,298,299,301,302,303,305,307,308,310,311,312,313,314,315,316,317,318,319,321,322,323,324,325,326,327,328,330,331,332,334,336,339,340,341,342,343,345,347,348,349,351,352,356,357,358,362,364,365,366,367,368,369,370,372,380,388,389,397,398,399,401,402,405,406,412,419,427,465,699
24,21,47,53,54,55,57,58,59,60,62,63,64,65,66,67,68,69,70,71,72,74,75,76,77,78,79,80,81,82,83,84,86,87,88,89,90,91,92,93,94,95,98,99,100,101,102,103,104,106,107,109,110,111,113,114,115,116,117,118,119,120,121,122,123,124,125,126,128,130,132,133,134,135,136,137,138,139,140,141,142,143,145,147,148,149,150,152,153,154,155,156,157,158,160,161,162,163,164,165,166,168,169,170,171,172,173,174,175,176,177,178,179,180,181,182,183,185,186,187,188,189,190,191,193,194,195,196,197,198,199,200,201,202,203,204,205,206,207,208,209,210,211,212,213,214,215,216,217,218,219,220,221,222,223,224,225,226,227,228,229,230,231,233,234,235,236,237,238,239,240,241,242,243,244,245,246,247,248,249,250,251,252,253,254,255,256,257,258,259,260,261,262,263,264,265,266,267,268,269,270,271,272,273,274,275,276,278,279,280,281,283,284,285,286,287,288,289,290,291,292,294,295,296,297,298,299,300,301,302,303,304,305,306,307,308,309,310,312,313,314,315,316,317,318,319,320,321,322,323,325,327,330,331,333,334,335,336,338,339,341,343,347,348,349,350,351,352,353,354,355,356,357,358,359,360,361,362,363,364,365,366,367,368,370,372,373,374,375,376,378,379,380,381,382,383,384,387,389,390,391,393,394,395,396,397,398,399,400,401,406,408,409,410,413,415,416,417,418,420,421,422,423,426,427,428,431,432,433,434,435,439,440,441,445,448,449,450,451,453,458,459,463,466,469,474,477,502,509,524
25,23,42,52,53,55,56,57,58,59,60,61,62,63,64,65,66,67,68,69,70,71,72,73,74,75,76,77,78,79,80,82,83,85,87,88,89,90,91,92,93,94,95,96,97,98,99,100,101,102,103,105,106,107,108,110,111,113,114,115,116,118,119,120,121,122,123,125,126,128,129,130,131,133,134,135,136,137,138,139,140,143,144,145,146,148,150,151,152,153,154,156,157,160,161,162,163,166,167,169,170,171,172,173,174,175,176,177,178,179,181,182,183,184,185,186,187,188,189,191,193,195,196,197,198,199,200,201,202,203,204,206,207,208,209,210,211,212,213,214,215,216,217,218,220,222,223,224,225,226,227,228,229,230,231,232,233,234,235,236,237,238,239,240,241,242,243,244,245,246,247,249,250,251,252,253,254,255,256,257,258,259,260,262,263,264,265,266,267,268,269,270,271,272,273,274,275,276,277,278,279,280,281,282,283,284,285,286,287,288,289,290,291,292,293,294,296,297,298,299,300,302,303,304,305,306,307,308,309,310,311,312,313,314,315,316,317,318,319,320,321,322,323,324,325,326,327,328,329,330,331,332,333,334,335,336,337,338,339,340,344,345,346,348,349,350,351,352,353,355,357,358,359,360,361,362,363,364,365,366,367,368,369,370,371,372,373,374,375,376,377,378,379,380,381,382,386,387,388,389,390,391,392,393,394,396,398,399,401,402,403,404,405,406,408,410,411,413,415,416,419,422,425,427,429,431,433,434,440,442,443,446,448,461,466,469,481,482,486,498,527,538,553
26,43,48,52,55,61,64,65,66,68,69,71,72,73,74,75,76,77,78,79,82,83,84,85,86,87,88,89,90,91,92,93,94,95,96,97,98,99,101,102,103,104,105,106,107,108,109,110,111,113,115,116,117,121,122,123,124,126,127,131,132,135,138,140,141,142,143,147,148,150,151,153,154,156,157,158,161,162,163,164,169,171,173,174,175,178,180,181,182,183,191,192,195,196,198,201,203,204,210,212,213,214,215,216,217,219,220,221,223,224,225,226,227,228,229,230,231,232,234,236,237,238,239,240,242,243,245,246,247,248,250,251,252,253,254,255,256,258,259,260,261,262,263,264,265,266,267,268,270,271,272,273,274,275,276,278,279,280,281,282,283,284,286,287,288,289,290,291,292,294,295,296,297,298,299,300,301,302,303,304,307,308,309,310,311,313,315,316,317,318,319,321,324,325,327,328,330,331,332,333,334,335,338,340,342,343,348,350,352,355,356,357,359,360,361,363,365,367,368,369,372,374,375,377,381,383,384,385,387,399,400,404,407,410,421,424,428,439,447,448,455,481,490,491,679,688
27,54,57,58,59,60,61,63,65,66,67,70,71,72,73,74,75,77,78,79,80,81,82,83,84,86,87,88,89,90,91,93,94,97,99,100,101,102,103,104,106,107,109,111,114,115,116,120,121,123,126,127,128,136,138,139,144,147,149,152,154,156,163,165,166,171,173,174,180,181,182,183,184,187,194,198,199,201,203,205,207,211,212,214,215,216,220,221,222,224,225,226,227,229,231,232,233,234,235,236,237,238,239,240,241,242,244,245,246,247,248,249,250,251,252,253,254,255,256,257,258,259,260,261,262,263,264,265,266,267,268,269,270,271,272,273,274,275,276,277,278,279,280,281,282,283,285,286,287,288,290,292,293,294,295,297,298,299,301,304,305,306,307,308,313,314,315,318,320,323,326,327,328,329,330,331,332,336,338,339,340,342,343,346,347,350,352,353,354,356,357,358,359,365,366,369,370,371,373,375,376,377,378,380,381,387,390,393,395,401,402,403,407,411,425,426,430,436,442,450,470,474,488,493,498,500,503,526,586,666
28,56,57,60,61,62,63,64,65,66,67,69,70,71,74,75,76,78,79,82,83,86,88,89,90,91,93,96,97,99,107,108,110,112,114,116,118,121,122,124,132,133,135,137,139,145,146,147,148,150,151,156,158,160,162,164,166,167,169,170,172,176,180,181,183,184,185,186,187,189,190,193,197,205,208,210,211,212,213,217,218,220,226,227,228,230,232,234,235,236,238,239,240,243,244,245,246,250,252,253,255,256,257,258,260,261,262,266,268,269,272,275,277,278,280,281,282,283,285,286,288,289,291,293,294,298,299,300,301,304,306,307,308,310,312,315,318,320,322,323,324,326,327,330,331,335,336,338,340,343,344,350,354,359,360,362,363,364,367,371,372,374,377,379,380,381,382,383,384,385,386,388,389,392,396,398,403,414,425,431,437,439,451,453,462,463,478,532,552,570,603,640
29,37,55,56,62,63,64,65,66,68,69,70,71,72,73,74,75,77,78,79,80,81,84,85,87,89,90,94,98,101,102,103,105,107,108,109,112,113,114,118,121,122,125,127,129,132,133,135,138,146,150,151,152,153,161,163,168,169,172,173,178,179,181,185,186,187,192,196,198,199,201,202,203,206,207,208,212,214,215,216,217,220,221,222,224,225,227,229,230,235,237,239,241,245,246,247,248,249,250,252,254,255,256,257,258,259,261,262,265,266,267,268,270,272,274,275,276,277,278,280,282,283,284,285,286,287,288,290,291,294,295,296,297,298,300,302,305,306,307,308,309,310,312,314,315,316,317,318,319,320,321,326,327,329,330,332,333,335,338,341,343,345,348,349,351,354,356,358,360,361,362,364,366,367,369,370,371,372,373,374,375,377,378,381,382,384,391,392,398,400,404,405,406,407,413,415,416,421,423,424,425,427,429,436,438,444,451,481,485,502,686
30,38,57,58,60,65,68,69,71,73,76,77,80,82,83,84,85,86,87,88,89,91,92,94,95,96,98,99,100,101,102,104,109,110,111,114,115,117,121,122,127,128,133,134,139,154,157,158,160,162,163,169,170,172,176,178,179,180,182,184,185,188,190,199,200,205,206,209,211,217,218,220,221,222,224,226,227,228,231,233,234,235,238,239,240,243,245,246,247,248,249,250,252,253,254,255,256,257,260,261,262,263,265,267,269,271,276,277,279,280,282,285,286,287,291,294,295,296,303,305,306,307,309,312,314,315,317,318,320,322,323,324,326,327,330,336,337,342,343,345,346,349,353,354,356,357,359,360,363,366,368,369,372,373,374,375,377,379,380,381,383,384,385,386,387,388,391,392,398,399,400,403,407,408,411,413,417,424,425,426,429,433,436,437,439,441,442,461,542,551
31,3,56,62,63,64,65,67,68,70,71,73,74,75,76,77,78,79,80,81,82,83,84,85,86,87,88,89,91,92,94,95,96,97,98,99,101,102,103,105,107,108,110,111,113,117,118,119,123,126,129,130,132,134,135,136,137,139,141,143,150,153,155,157,158,162,163,165,166,168,170,173,175,177,179,181,182,183,184,187,190,191,196,205,207,210,211,212,214,216,219,220,222,223,227,228,231,232,233,237,238,239,242,243,244,246,247,248,249,252,255,258,259,260,262,267,268,269,270,271,275,279,281,282,285,287,289,293,294,295,297,299,302,303,305,306,307,309,311,312,319,321,324,325,327,328,329,332,333,336,338,339,340,342,344,349,350,353,354,355,356,357,358,360,362,363,364,366,374,375,378,380,381,388,406,407,408,409,412,417,422,424,425,428,440,448,460,461,466,479,496,505,506,512,527,698
32,55,58,61,64,65,67,69,70,71,72,73,74,75,76,77,78,79,80,81,83,85,87,88,89,91,93,94,95,96,97,98,99,100,101,102,105,106,107,109,110,111,113,114,116,120,121,123,124,125,126,127,128,129,131,133,134,136,139,147,150,156,159,160,162,163,164,166,167,168,170,172,180,182,183,184,186,187,189,190,193,194,195,197,198,199,200,201,202,204,205,208,212,214,215,216,217,218,220,221,222,223,224,225,226,227,229,230,231,232,234,236,238,240,241,244,245,246,248,249,250,251,254,255,257,259,262,263,266,269,270,272,275,278,281,283,284,287,289,292,296,298,299,304,310,314,315,323,325,326,327,333,334,340,343,349,351,356,357,363,364,365,368,370,372,377,378,379,381,393,400,404,405,419,422,427,430,440,448,453,479,497,541
33,66,67,69,71,72,73,74,75,76,77,78,80,81,83,84,85,86,87,88,89,90,91,93,94,95,96,97,98,99,100,101,102,103,104,105,106,108,109,111,112,113,114,116,117,118,119,120,123,124,126,127,128,129,130,131,132,133,134,135,143,144,145,146,148,151,155,156,157,160,161,162,163,164,165,166,169,171,173,175,176,177,182,183,184,186,187,188,189,191,192,193,195,197,200,203,206,208,209,212,213,216,217,218,219,220,221,222,224,226,227,228,230,231,232,235,236,237,239,240,241,244,245,246,247,248,252,255,257,264,272,274,276,277,278,280,283,285,289,296,298,301,302,305,306,312,316,317,320,322,324,326,328,334,340,344,347,350,358,361,366,367,368,380,383,387,390,396,404,406,413,414,416,421,427,435,438,440,445,447,448,456,460,462,482,530,541,592,618
34,43,59,61,62,64,65,66,67,68,71,72,74,75,76,79,80,84,85,86,87,91,92,93,95,96,97,98,99,100,101,103,104,105,106,108,110,111,112,114,115,116,117,118,120,121,123,124,125,126,127,131,133,135,136,137,141,142,144,145,149,156,160,162,165,166,168,169,170,171,172,174,176,178,179,180,181,182,183,184,185,187,188,192,194,195,202,203,204,206,208,210,211,213,214,215,217,218,219,220,222,223,224,227,228,231,232,233,234,235,238,241,242,244,246,249,250,252,256,258,259,261,262,263,264,266,269,271,273,275,276,280,284,286,289,294,295,296,297,298,301,303,304,312,313,314,316,322,330,339,340,346,350,351,363,370,371,372,373,375,378,380,384,388,393,397,407,411,418,421,424,438,444,450,470,603,660
35,44,55,56,58,60,61,62,63,64,65,71,72,75,76,81,83,84,86,87,88,89,90,92,94,95,97,98,99,100,101,102,103,104,106,107,109,110,111,113,114,116,117,118,119,120,123,125,126,127,129,130,131,132,133,137,138,140,141,143,144,146,147,148,149,150,151,153,157,159,162,165,169,171,172,173,174,175,176,178,179,181,182,184,185,187,188,189,194,195,197,202,203,204,205,208,212,219,220,222,223,224,227,228,229,231,232,233,234,235,236,237,238,239,241,242,243,244,246,247,248,250,251,254,255,258,262,264,265,266,268,270,272,274,279,281,282,285,286,287,288,289,292,293,294,295,299,300,301,302,303,305,306,312,313,314,316,320,321,334,335,340,341,346,349,351,352,353,369,375,406,418,449,545,590
36,50,55,56,58,59,61,62,63,64,66,68,69,70,72,73,74,77,78,79,80,81,82,83,84,85,87,88,89,90,93,97,100,101,102,104,106,107,109,112,113,124,126,144,145,152,156,158,168,183,185,187,192,203,204,206,208,209,212,216,218,220,224,232,236,237,238,240,248,249,253,257,261,268,272,273,281,284,290,296,310,311,325,328,353,354,397,427,446,459,484,521,525,563,694
37,20,23,46,57,62,63,65,66,67,68,69,74,75,76,77,78,79,80,81,82,86,87,88,89,91,92,94,95,96,97,99,101,102,103,104,106,108,110,111,114,115,118,121,123,134,147,167,173,174,187,215,478,566
38,68,71,72,73,75,76,77,78,79,80,82,83,84,85,86,87,91,93,96,99,101,102,103,105,107,108,109,112,114,116,117,118,119,122,123,125,126,127,128,129,131,132,133,135,136,138,142,145,150,155,166,174,177,183,194,196,567,682
39,30,56,76,78,80,81,82,83,84,85,87,88,89,92,95,96,97,100,102,103,108,110,111,112,113,114,115,116,117,118,119,122,123,125,127,129,130,131,132,135,138,140,143,149,150,151,171,178,248,471,536
40,65,72,74,78,82,84,85,86,87,88,93,96,97,99,100,101,103,104,106,107,108,109,110,112,113,114,116,118,119,120,121,122,124,125,126,128,130,131,133,135,138,147,185,197,605
41,78,83,84,89,91,92,93,94,95,96,97,99,100,101,102,103,104,105,106,107,108,109,110,111,112,113,115,116,117,118,119,121,123,125,128,132,133,135,138,139,140,141,142,144,149,150,151,155,177,179,180,184,188,202,214,221,231,462,527
42,83,88,89,90,92,93,94,95,96,97,98,99,100,101,102,103,104,105,106,107,108,109,110,111,112,114,115,117,118,119,120,121,122,123,124,125,126,127,128,129,130,131,133,134,135,137,139,141,143,146,147,149,151,152,155,156,176,179,182,185,189,190,193,194,198,200
43,91,94,98,99,100,101,102,104,105,106,107,108,109,110,111,112,113,114,115,116,118,119,120,121,122,124,125,126,127,128,130,131,132,136,137,138,139,140,141,142,143,144,146,148,153,154,155,156,157,162,163,165,166,167,169,170,171,172,174,175,176,177,180,181,182,184,185,186,187,188,190,191,193,194,195,196,197,198,199,200,201,203,204,205,206,207,208,209,210,211,212,214,218,220,222,227,232,233,235,236,239,242,247,250,253,259,260,261,267,269,289,301,325,340,341,346,351,354,366,367,505,585,610,649,666,669,697
44,8,44,87,92,93,94,99,100,101,102,103,104,105,106,108,109,110,111,112,113,114,115,116,117,118,119,121,123,124,126,127,129,130,131,132,133,134,135,136,137,139,140,142,143,144,145,146,148,149,151,156,157,158,161,168,169,170,171,175,177,180,181,182,184,185,186,187,188,189,190,191,192,193,195,196,197,198,199,200,201,202,203,204,205,206,207,208,209,210,211,213,214,215,216,217,218,219,220,221,223,224,225,226,227,228,230,231,233,234,238,239,240,241,242,243,246,247,248,249,251,252,253,254,255,256,257,258,259,260,261,262,263,264,265,266,267,269,270,271,272,274,275,276,277,278,279,280,281,286,288,290,291,292,294,296,298,299,302,310,312,314,319,321,324,326,327,330,333,335,336,337,348,350,351,356,358,360,368,370,374,397,401,434,529,612
45,61,93,99,102,103,104,105,106,107,108,109,110,111,112,113,114,115,116,117,118,119,120,121,122,123,124,125,126,127,128,130,131,133,134,135,136,137,138,139,140,141,142,143,145,146,147,149,150,151,152,154,155,156,158,159,160,162,163,165,166,170,171,173,179,180,182,184,185,186,191,196,197,198,199,200,201,202,203,204,205,206,207,208,209,211,212,213,214,217,218,219,221,222,223,225,227,230,231,232,233,234,235,236,237,239,240,242,243,245,246,248,249,250,251,254,255,256,257,258,259,260,262,263,265,266,268,270,271,272,273,274,275,278,279,280,281,283,287,291,292,293,294,296,298,299,300,301,302,304,306,310,311,312,314,316,318,319,320,321,323,325,327,328,329,332,335,336,337,338,340,341,345,348,350,353,354,356,365,366,368,369,374,379,384,387,402,534,615
46,92,96,98,99,102,103,105,106,107,108,109,110,111,112,113,114,115,116,117,118,119,120,122,123,125,126,127,128,129,130,132,134,138,139,143,147,148,149,151,152,156,158,159,160,161,162,165,166,167,168,169,170,171,172,174,178,180,187,188,190,191,192,195,196,197,198,199,201,202,204,205,206,207,208,210,211,212,213,214,215,217,218,221,224,225,228,229,232,233,236,237,238,239,241,242,243,244,245,247,250,252,253,254,255,256,259,260,263,264,265,267,268,269,272,273,274,279,282,284,287,288,289,290,291,297,298,300,301,308,309,317,319,320,322,324,327,329,332,333,340,342,349,357,363,368,369,378,392,409,434,439,474
47,101,104,105,106,107,108,110,112,114,115,116,117,118,121,122,123,124,125,126,127,128,129,130,131,132,136,137,139,140,141,142,143,144,145,146,147,148,152,156,157,158,159,161,162,163,164,166,170,171,172,173,174,177,179,180,183,184,187,189,190,191,192,193,195,196,207,209,210,211,212,214,216,219,220,221,222,223,224,226,227,228,232,233,234,235,236,237,239,240,241,243,244,245,246,247,248,251,252,254,255,256,259,260,261,262,263,267,269,271,272,273,276,277,278,282,284,289,291,292,294,297,329,337,341,347,351,358,381,385,435
48,94,98,99,100,103,105,106,109,110,112,116,117,118,119,120,121,123,128,129,132,133,136,137,139,140,141,142,143,144,146,148,149,150,151,154,155,158,159,162,163,164,167,169,171,173,175,176,178,179,181,184,185,190,191,193,194,196,202,203,205,207,208,209,210,211,216,218,219,220,223,225,226,227,229,231,234,235,238,239,241,242,246,249,251,252,253,257,258,260,270,276,282,284,285,286,288,291,292,293,295,301,309,310,313,315,322,323,324,328,330,334,339,341,349,354,359,363,395,430,566,573
49,53,97,101,104,105,106,107,108,110,111,112,113,114,116,117,118,119,120,122,123,124,125,126,127,128,129,130,131,132,133,134,135,136,137,138,140,141,143,144,145,147,148,149,150,151,152,153,154,155,156,157,159,160,161,162,164,165,169,171,172,174,175,176,177,179,185,187,188,190,192,199,204,219,220,223,224,229,236,238,239,240,247,249,250,256,259,267,279,301,323,328,329,333,339,351,578,602
50,102,104,108,110,111,112,113,114,116,117,118,119,120,122,123,124,125,126,127,128,129,130,131,132,133,134,135,136,137,138,139,140,141,142,143,144,145,146,147,149,150,151,152,153,154,155,156,157,158,159,160,161,162,163,164,165,167,169,170,171,172,174,175,176,177,178,179,180,182,184,215,224,232,233,249,265,274,279,288,299,317,435,558,625
51,105,107,110,112,115,116,117,118,119,120,122,123,124,125,126,128,129,130,131,132,134,136,138,140,141,144,145,146,147,150,152,153,154,156,157,158,159,160,161,162,164,166,168,169,170,171,172,173,174,175,176,178,181,182,184,185,186,188,189,190,192,195,196,198,201,203,216,220,221,224,225,227,229,230,241,242,249,283,289,436,560,617
52,13,49,101,102,104,110,114,115,117,118,120,121,122,123,124,125,126,128,129,131,132,134,135,136,137,138,140,141,142,144,145,146,147,148,149,150,151,152,154,156,157,158,159,162,163,164,165,167,169,170,171,172,173,175,176,177,179,180,181,183,184,185,186,188,192,193,194,196,200,206,212,214,216,221,223,224,233,236,237,242,248,254,276,278,280,281,295,306,540,558,619,638
53,111,115,116,118,119,120,121,122,123,124,125,127,128,129,130,131,132,135,136,137,138,139,140,142,143,144,146,147,148,150,151,153,154,155,157,158,160,162,165,168,169,170,176,177,178,179,182,185,186,189,191,195,196,199,204,213,214,222,224,240,244,250,261,266,268,274,277,286,293,296,329,639,651
54,116,118,119,120,121,122,123,125,126,129,131,132,133,134,136,137,138,139,140,141,142,143,144,145,146,147,148,149,150,152,154,157,158,159,160,161,164,165,170,171,172,173,174,175,176,177,179,183,185,192,198,203,208,209,218,222,224,228,231,256,275,283,297,493,653,671
55,25,116,123,124,128,131,133,134,138,139,140,141,142,143,144,147,151,152,153,156,157,158,159,160,161,162,164,165,166,167,171,172,174,176,178,181,184,186,190,195,197,203,204,208,216,232,238,248,264,265,275,276,296,333,347,400,463,558
56,124,127,129,130,131,137,138,140,141,142,145,146,148,151,153,156,159,161,162,163,166,167,174,177,180,187,192,197,204,212,239,246,254,257,268,272,287,295,314,319,331,674
57,134,135,137,139,141,142,146,147,152,154,161,162,163,166,167,169,173,175,183,188,189,213,228,253,280,656
58,136,144,146,166,167,176,193,200,207,213,245,459,552,696
59,47,142,153,155,161,195,211,380,487,609
60,142,154,168,170,175,193,255,351
61,75,150,169,426,433,497,502,580,605,673
62,63,152,172,464,594,691
63,194,528,637
64,248,539,599,670,692,697
65,321,323,360,473
66,266,358,399,658
67,
68,191,457,504,669
69,85,109,264,326,452,481,695
70,223,455,503,577,650
71,194,258,264,336,362,571
72,2,479,486,627,687
73,51,222,383
74,309,535,540
75,37,87,171,259,560
76,205
77,
78,
79,
80,
81,
82,
83,
84,
85,
86,
87,
88,
89,
90,
91,
92,
93,
94,
95,
96,
97,
98,
