1
0,536
1,275,289,310,407,472,618
2,80,81,83,87,90,91,94,97,100,204,207,313,476,556,658
3,67,70,74,75,77,78,79,80,81,82,83,84,85,86,87,88,89,90,91,92,93,94,96,97,98,99,100,101,102,103,104,105,106,107,108,109,110,111,112,115,119,120,121,124,125,127,134,170,363,557,632
4,74,75,76,77,79,80,81,82,83,84,85,86,87,88,89,90,91,92,93,94,95,96,97,98,99,100,101,103,104,105,106,107,108,109,110,111,112,113,114,115,116,117,118,119,120,121,122,123,125,127,128,129,130,131,132,134,135,136,137,138,139,140,141,142,143,144,145,147,148,149,150,151,153,154,155,156,157,159,160,162,163,165,166,167,168,169,170,173,174,175,179,180,181,182,185,186,187,188,190,191,192,193,194,196,197,198,199,202,206,207,208,212,215,216,218,227,229,231,234,240,241,262,264,378,627,633
5,73,77,78,79,82,83,84,85,86,87,88,89,90,91,92,93,94,95,96,97,98,99,100,101,102,103,104,105,106,107,108,109,111,112,113,114,115,116,117,118,119,120,121,122,123,124,125,126,127,128,129,131,132,133,135,136,137,138,139,141,142,144,145,146,147,149,151,152,153,154,155,156,158,161,162,163,165,166,168,169,170,171,172,173,174,175,176,177,178,179,180,181,182,183,184,185,187,190,191,192,193,194,196,199,200,201,202,203,204,205,206,207,208,210,211,213,214,215,218,219,222,225,227,228,229,239,240,246,247,259,261,266,270,274,277,282,293,307,423,450,541,590
6,62,76,77,79,80,81,83,84,87,88,89,90,91,92,93,94,95,96,97,98,99,100,101,102,103,104,105,106,107,108,109,111,112,113,114,115,116,117,118,120,122,124,125,126,127,130,131,132,134,135,136,139,142,143,144,145,148,149,150,151,152,153,154,156,157,159,160,161,164,166,167,168,169,170,171,172,173,175,176,177,178,179,180,181,182,183,184,186,188,189,190,191,192,193,194,195,196,197,198,199,200,201,202,203,205,206,207,209,210,212,213,214,215,216,218,224,226,227,228,229,230,232,236,237,241,242,243,244,245,248,249,251,252,253,254,256,258,262,270,276,286,288,305,312,474,686
7,8,73,78,79,80,83,84,85,86,87,88,90,91,92,93,94,95,96,97,98,99,100,101,102,103,104,105,106,108,109,111,112,114,116,117,118,119,120,121,122,123,124,125,126,128,129,130,131,132,134,135,136,137,138,139,140,142,143,144,146,147,148,149,150,151,152,153,154,155,156,159,160,163,164,166,167,170,171,172,173,174,175,176,177,178,179,181,182,183,184,185,186,187,188,189,190,191,192,194,195,196,197,198,199,200,201,202,203,204,205,206,207,208,209,210,211,212,213,214,215,216,217,218,219,220,221,222,223,224,225,226,227,228,229,230,233,234,235,237,238,239,240,242,243,244,245,246,247,248,249,251,252,253,254,255,256,257,259,260,261,263,264,265,266,267,268,269,272,273,275,276,280,281,287,288,292,293,296,300,305,308,310,321,324,325,328,331,334,422
8,21,82,84,85,86,87,88,89,90,91,92,93,94,95,96,97,98,99,100,101,102,103,104,105,106,108,109,110,111,112,114,115,117,118,120,121,122,123,124,125,126,127,128,129,130,131,132,133,134,135,136,137,138,139,141,142,144,145,146,147,148,149,151,152,153,154,155,157,158,159,160,162,167,170,171,174,175,176,177,178,179,181,182,183,184,185,186,187,188,189,190,191,192,193,194,195,196,197,198,199,200,201,202,204,205,206,207,208,209,210,211,212,213,214,215,217,218,219,220,221,223,224,225,226,227,228,229,230,231,232,233,234,237,238,239,241,243,244,245,246,248,249,250,251,252,253,254,255,256,257,258,259,260,261,262,263,264,265,266,267,268,269,270,271,272,273,274,275,277,278,279,282,283,284,285,286,287,288,289,290,291,294,295,298,299,311,316,326,334,337,338,348,351,358,362,363,364,365,369,371
9,85,87,90,91,93,95,96,98,99,101,102,103,106,107,108,109,110,112,114,115,116,117,118,119,120,121,122,123,124,127,128,129,130,131,132,133,134,136,138,139,140,143,144,145,146,147,148,149,150,151,152,153,156,157,158,160,162,163,171,174,175,176,177,179,180,181,182,183,184,185,186,187,189,190,191,192,193,194,195,196,197,198,199,200,201,202,203,204,205,206,207,208,209,210,211,212,213,214,215,216,217,218,219,220,221,222,223,224,225,227,228,229,230,231,232,233,234,235,236,237,238,239,240,241,242,243,245,246,247,248,250,252,254,256,257,258,260,261,262,263,264,265,266,267,269,270,271,272,273,274,275,276,277,279,280,282,284,285,286,287,288,290,291,293,302,303,306,309,311,317,320,323,333,334,337,338,364,374,375,380,383,388,398,486,520,533
10,14,81,83,87,90,93,94,95,96,97,98,99,100,101,102,103,104,105,106,107,108,109,111,112,113,114,115,116,118,119,120,121,122,124,125,126,127,128,129,130,131,132,133,135,136,137,138,139,140,141,142,143,144,146,147,150,154,156,157,158,159,160,161,162,163,165,171,179,180,181,182,183,184,185,186,187,188,189,190,191,192,193,194,196,197,198,199,200,202,203,204,205,206,207,208,209,210,211,212,213,214,215,216,217,218,219,221,222,223,224,225,226,227,228,229,231,232,233,235,236,237,238,239,240,241,242,243,244,245,246,247,248,249,250,251,252,253,254,255,256,258,259,260,261,262,263,264,265,266,267,269,270,272,273,274,277,280,282,283,284,285,286,287,288,289,290,291,292,294,298,300,301,303,306,309,311,312,314,315,316,317,318,319,320,321,322,324,326,328,330,331,335,339,341,342,344,345,347,350,352,370,382,386,418,441,481,486,507,664
11,19,85,88,89,91,92,93,95,96,98,99,101,102,103,104,105,106,108,110,111,113,115,116,117,118,119,120,121,122,123,124,127,128,129,130,132,134,136,137,138,139,141,143,144,146,147,148,149,151,153,154,155,157,158,159,161,162,165,166,167,169,172,174,178,179,180,182,183,184,185,188,189,190,192,193,194,195,196,197,198,199,200,201,202,203,204,205,206,207,208,209,210,212,213,214,215,216,217,218,220,221,222,223,224,225,226,227,228,229,231,232,235,236,238,240,241,242,243,244,245,246,247,248,250,252,253,254,256,257,259,260,261,262,263,264,265,266,267,268,270,271,272,273,274,275,276,278,279,280,281,282,283,285,287,288,289,290,291,293,294,295,296,297,298,299,300,301,303,304,305,306,307,310,311,312,316,317,318,319,320,321,323,324,325,327,328,329,330,331,332,333,334,336,344,348,349,350,354,363,364,365,366,370,382,387,392,420,464,492
12,86,87,88,90,91,96,99,100,101,102,103,104,106,109,110,111,112,113,114,115,116,117,118,119,120,121,122,124,125,127,128,131,132,133,135,138,141,142,145,147,148,149,150,151,157,158,161,162,163,174,179,180,181,182,184,185,188,189,191,192,194,195,196,198,202,203,205,206,207,208,209,210,211,212,213,214,215,216,217,218,219,220,221,222,223,224,225,226,228,229,232,234,235,236,237,238,239,241,242,244,245,246,247,249,250,251,252,253,254,255,256,257,258,259,260,261,262,263,264,265,266,267,268,269,270,272,273,274,275,277,278,279,280,281,282,285,286,287,288,289,290,291,292,293,294,295,296,298,299,300,303,304,305,306,307,308,309,310,311,312,319,320,321,323,325,330,332,333,334,335,336,337,344,346,347,350,352,355,365,366,367,376,377,380,381,384,393,413,416,420,433,510,607
13,4,67,82,87,89,91,93,95,100,101,102,103,105,107,108,109,111,113,114,115,117,118,119,121,122,123,124,126,127,129,130,131,133,134,135,137,138,139,140,141,142,144,146,147,148,149,152,153,154,155,159,162,164,169,170,171,176,177,178,180,181,183,185,186,187,190,191,192,194,196,197,199,200,203,204,205,206,207,208,209,210,211,212,214,217,218,221,222,224,225,227,229,231,232,237,238,239,240,241,245,246,248,249,251,252,253,255,256,259,261,263,264,265,267,268,271,272,274,275,276,277,279,280,281,282,283,284,286,287,288,291,293,294,295,296,297,298,299,300,301,302,303,304,305,306,308,309,313,314,315,317,318,323,325,327,328,331,333,334,335,336,339,340,341,344,348,349,350,352,355,356,361,362,363,364,367,368,369,370,371,373,374,380,381,383,385,391,395,404,408,431,435,469,484
14,76,82,86,88,89,90,92,93,95,96,97,101,102,103,105,106,107,109,110,111,114,115,116,119,120,122,123,124,125,126,127,128,130,132,136,138,140,142,143,144,145,146,147,148,150,151,152,154,155,156,161,165,167,172,175,178,186,187,190,191,192,196,197,198,205,206,207,214,218,220,226,229,231,232,234,236,237,240,241,243,244,245,246,247,248,251,252,254,255,258,259,260,261,264,265,266,269,270,271,272,273,274,276,277,278,279,280,281,282,283,284,285,286,287,288,290,292,293,296,297,299,300,301,302,303,304,305,306,307,308,309,310,311,312,313,314,315,316,317,318,319,320,322,323,325,327,328,331,332,333,334,337,338,339,341,344,347,354,357,358,361,362,364,366,367,374,378,379,381,383,388,389,391,394,399,403,404,408,417,420,437
15,3,23,87,88,89,92,94,95,96,97,100,101,102,104,105,106,109,113,120,121,122,124,125,126,127,128,129,130,131,133,134,135,136,139,145,146,147,148,150,152,158,160,162,164,165,166,167,170,171,176,181,182,183,185,186,187,188,192,196,197,199,202,204,205,207,210,211,212,213,214,217,218,220,222,227,233,235,236,237,240,241,245,246,248,252,253,254,258,262,263,265,266,267,270,271,273,274,275,276,277,278,279,280,282,283,284,287,288,290,292,293,294,295,296,297,298,299,300,301,302,304,305,306,308,309,310,312,313,314,315,316,317,319,320,321,322,323,325,326,328,330,335,336,337,340,341,342,343,344,345,347,348,350,351,354,355,356,360,364,368,369,371,373,374,375,376,378,387,392,393,395,396,399,404,418,424,431,435,436,447,473,507
16,84,90,93,97,103,108,110,112,115,117,118,119,120,123,126,133,134,138,139,140,141,145,146,147,149,152,155,156,158,160,164,165,169,170,172,179,180,183,185,186,191,192,195,197,199,207,209,212,214,215,219,223,224,229,231,235,239,245,246,248,251,253,254,255,256,257,262,263,265,267,268,270,272,274,275,276,278,280,281,282,283,287,288,289,290,291,294,295,296,297,298,299,300,301,302,304,305,307,308,311,313,314,315,317,318,319,321,322,323,324,325,326,327,328,329,330,331,332,333,334,335,336,337,338,339,340,341,342,343,344,346,349,350,351,352,353,354,355,356,359,360,361,362,366,367,369,370,372,373,376,377,378,380,381,385,392,393,395,396,400,402,405,419,423,426,428,431,434,436,443,444,472,490,495,529,682
17,87,89,92,93,95,96,98,100,101,102,103,104,105,107,108,110,111,112,114,115,116,117,118,120,121,122,124,125,127,128,129,130,131,132,133,136,139,140,141,142,143,145,148,149,156,157,158,165,166,167,169,178,180,183,184,186,189,194,195,196,200,202,204,205,206,207,209,211,214,215,219,224,225,226,227,228,231,232,235,236,237,238,247,248,250,255,258,260,262,265,268,272,277,281,282,284,285,286,287,289,290,292,293,294,295,299,300,301,302,304,305,306,307,308,309,310,311,312,313,314,315,317,318,319,320,321,325,326,327,328,329,330,332,333,334,335,336,338,339,340,341,342,343,345,346,348,349,350,351,352,353,354,355,356,357,359,360,362,363,364,365,366,369,370,371,372,373,374,376,377,380,381,382,383,385,386,387,390,391,392,394,396,397,399,400,403,405,407,408,410,413,414,415,418,419,421,422,424,427,428,431,432,442,462,465,470,566,574,631
18,82,85,87,89,90,91,92,93,95,96,97,100,101,102,104,106,107,108,111,117,118,119,121,123,124,125,127,129,132,134,139,141,142,146,149,150,155,158,160,164,168,170,172,173,177,179,183,184,186,190,191,193,203,209,210,215,219,220,222,226,228,230,232,233,235,238,239,241,245,247,252,255,264,274,275,278,279,282,285,286,288,289,290,294,295,296,297,298,300,301,302,303,304,311,312,314,315,316,317,319,320,321,325,327,328,329,331,333,334,335,337,338,339,340,341,342,343,344,345,347,349,350,352,353,354,356,357,359,360,361,362,363,364,365,366,367,368,369,370,372,374,375,376,377,378,379,381,386,387,391,395,396,400,401,403,404,407,410,411,415,418,423,425,426,433,434,440,443,451,452,459,464,468,470,473,498,552,609
19,26,81,84,86,90,92,93,95,97,98,99,100,101,104,107,110,111,112,113,117,119,121,122,123,125,126,127,129,132,136,139,141,142,145,146,148,149,151,152,153,155,157,161,166,168,170,172,173,175,181,182,187,188,189,190,191,192,196,197,202,205,206,208,209,214,215,216,217,220,221,222,224,227,228,229,230,231,240,258,260,262,265,267,269,273,275,279,280,284,285,287,291,294,298,300,302,303,306,307,308,309,310,312,313,314,315,318,319,322,324,327,328,329,330,331,332,333,335,336,337,338,339,340,343,344,346,349,350,351,352,359,362,363,364,365,367,372,373,374,375,378,380,381,383,384,386,390,391,392,395,396,404,408,411,412,414,416,417,423,427,430,434,437,438,441,443,444,450,451,456,458,462,468,469,471,492,494
20,38,83,89,90,91,93,94,95,96,98,100,102,104,105,106,107,108,109,112,114,118,119,123,126,128,131,132,141,144,146,147,150,151,152,153,154,156,157,159,161,163,166,168,171,172,173,189,193,194,199,200,202,204,207,208,211,213,214,215,216,217,221,223,224,226,229,230,235,244,245,246,249,252,255,256,257,265,270,276,278,280,283,284,285,293,296,297,299,301,302,304,307,308,309,311,313,315,316,317,319,320,322,324,327,329,330,331,332,333,337,338,339,340,342,344,345,346,347,348,350,353,354,357,360,361,363,365,366,369,371,373,375,377,380,381,388,391,393,395,396,397,400,402,403,410,412,413,417,418,420,422,425,434,442,446,451,456,457,459,468,476,479,515,603,610,626
21,72,88,90,92,94,95,96,98,100,102,103,104,106,108,109,110,112,113,115,117,120,123,124,125,129,133,144,151,152,155,158,159,164,167,169,171,174,175,176,180,182,186,189,191,192,195,196,197,198,200,205,207,208,212,214,215,217,219,226,231,232,243,244,245,251,256,257,263,265,268,273,283,285,286,290,292,299,302,306,311,316,318,320,321,324,326,328,329,330,331,332,338,339,340,341,344,346,347,348,350,351,352,353,356,357,358,360,365,368,370,371,376,378,380,381,383,384,385,388,392,394,396,397,401,406,408,409,410,414,415,417,422,423,425,427,429,430,437,461,465,466,476,477,487,489,627
22,27,80,82,85,88,92,93,95,96,97,98,99,100,101,102,103,104,109,112,114,115,116,119,120,122,127,128,129,131,133,136,143,146,148,157,159,160,162,169,178,179,189,196,197,204,205,212,213,217,221,222,228,229,231,232,237,251,268,271,285,287,290,292,299,308,309,311,317,322,324,325,326,330,332,334,335,336,338,340,341,343,344,346,347,348,350,352,354,355,356,361,364,366,368,372,375,376,378,379,383,385,387,389,391,393,399,405,407,415,420,423,427,428,432,441,452,463,468,485,493,609
23,34,81,85,86,90,91,96,98,99,101,104,106,109,112,115,116,118,119,120,121,122,123,124,125,128,131,132,133,134,135,136,137,139,141,142,144,151,154,155,159,161,164,170,171,173,178,182,184,185,189,190,192,195,198,203,208,211,213,215,217,221,229,234,245,254,255,258,259,266,269,278,285,297,298,301,311,313,317,328,330,332,336,338,343,345,348,349,352,353,355,357,358,361,362,363,367,368,369,370,372,383,386,389,392,393,394,396,402,403,404,406,410,416,417,419,420,426,437,439,444,445,462,472,504,569,672
24,50,78,80,81,84,85,86,87,88,91,92,93,94,96,97,99,102,103,106,108,109,110,111,115,116,120,121,124,125,129,139,141,142,144,145,148,152,160,161,163,164,165,166,168,170,171,172,173,174,176,177,178,181,183,184,187,188,192,196,198,201,202,205,207,210,213,215,223,224,239,244,245,250,258,259,260,261,262,295,304,307,309,334,339,340,341,342,343,346,350,353,354,357,362,363,365,369,372,373,374,381,384,389,391,393,395,398,403,407,411,413,419,420,421,426,439,459,470,479,490,515,638
25,76,78,79,80,81,82,83,84,85,86,87,88,89,90,92,93,94,95,96,97,100,101,102,103,104,106,108,110,112,113,114,115,119,120,125,126,127,131,133,135,141,142,144,147,150,151,153,154,158,161,163,164,165,167,168,169,170,171,172,173,174,176,177,179,180,182,185,189,191,193,194,198,203,204,205,208,212,213,218,220,222,223,229,232,233,237,238,240,247,253,255,256,257,265,266,268,270,278,281,283,284,285,298,299,300,334,343,349,363,364,371,382,393,400,405,419,423,445,459,460,642,673
26,41,72,75,76,78,79,80,81,83,84,85,86,87,88,89,90,91,92,93,94,95,97,99,100,101,102,103,104,105,107,108,109,110,112,113,117,118,119,121,122,123,124,125,126,127,128,130,132,133,134,135,136,138,139,141,142,143,145,146,147,148,151,152,153,155,156,157,158,160,162,164,165,171,174,176,177,178,181,191,199,209,213,216,222,224,241,242,243,251,255,258,262,271,352,353,354,399,410,517
27,67,71,72,74,75,76,77,78,79,80,81,82,83,85,86,87,88,89,91,92,93,94,95,96,97,98,99,100,101,103,105,106,107,108,109,110,111,114,115,116,117,118,119,120,121,124,125,127,128,131,132,133,134,135,136,137,138,140,141,143,145,146,147,148,149,150,151,152,153,155,156,158,159,160,161,166,167,168,172,173,174,178,179,180,181,182,183,187,192,193,194,195,196,198,199,205,206,207,209,213,215,217,218,220,221,222,225,228,235,237,248,252,257,288,572,696
28,28,31,72,73,74,75,76,77,79,80,81,82,83,84,85,86,87,88,89,90,91,92,93,95,96,97,98,99,101,102,103,104,105,107,109,110,112,113,114,115,118,119,120,122,123,125,126,129,130,131,133,134,138,139,140,141,142,143,144,145,149,150,151,153,159,161,163,164,168,170,176,177,182,183,184,185,188,190,191,194,195,197,199,204,207,214,216,219,222,227,229,233,235,256,260,264
29,67,69,70,71,72,73,74,75,76,77,78,79,80,81,82,83,84,85,86,87,88,89,90,92,93,94,96,99,102,103,106,107,108,109,110,111,113,114,115,116,117,119,120,121,123,124,126,127,128,129,130,131,132,133,134,135,136,137,138,139,140,141,142,145,146,148,152,153,154,155,159,160,164,165,167,168,169,171,172,173,175,176,177,178,181,182,183,184,186,187,188,189,191,192,197,200,201,202,204,212,216,230,235,237,242,254,255,278,286,355,500
30,24,65,68,69,70,71,73,74,75,76,77,78,79,80,81,82,83,85,86,87,88,90,91,92,93,94,96,97,99,100,101,102,103,104,105,108,109,110,111,112,113,116,118,119,120,121,124,125,126,127,129,130,131,132,133,134,136,139,140,141,143,144,145,147,149,151,153,159,162,164,165,167,168,171,173,175,177,181,182,188,190,191,194,196,197,201,202,203,206,208,209,210,215,216,225,228,230,232,233,236,239,246,247,254,264,266,269,271,272,286,312,402,517,554
31,2,8,65,66,67,68,70,71,72,73,74,75,76,77,78,79,80,81,82,83,84,85,86,88,90,91,93,94,95,96,98,99,103,104,106,107,108,109,110,111,114,115,118,119,120,124,125,126,128,129,132,134,135,136,137,140,141,142,144,145,146,154,155,157,158,159,164,166,167,168,169,171,172,175,176,178,179,180,185,186,188,190,191,193,194,196,198,201,206,209,212,215,218,219,221,223,224,232,233,241,245,247,250,253,256,261,262,267,272,274,294,310,358,636
32,60,62,63,64,65,66,67,68,69,71,72,73,74,75,76,77,78,79,80,81,82,86,88,89,90,92,94,95,96,97,98,103,107,108,110,111,112,113,114,116,117,121,124,125,126,127,129,130,131,132,133,134,135,136,137,139,140,141,142,145,146,149,150,153,159,160,161,162,164,166,167,168,171,172,173,174,175,176,177,179,183,184,186,189,190,192,193,197,200,202,203,204,205,212,214,217,223,226,238,239,241,244,246,255,257,264,270,276,401,490
33,61,64,65,66,67,68,69,70,71,72,73,74,76,77,78,79,80,81,83,84,85,86,88,89,91,92,93,94,95,96,98,100,102,103,104,106,107,108,110,113,114,115,116,117,118,121,122,124,125,126,127,131,132,135,137,139,140,142,143,145,146,147,150,151,157,158,164,165,166,167,170,171,175,176,177,179,182,186,187,188,190,191,193,194,195,197,198,204,207,210,212,214,216,221,223,242,248,259,275,334,339,541,617,666
34,57,59,60,62,63,64,65,66,67,68,69,70,71,72,73,74,75,76,77,78,80,81,82,83,85,86,87,88,89,90,91,92,94,95,96,99,100,101,106,109,110,113,115,116,118,119,121,124,125,128,134,136,139,145,148,152,157,158,160,161,162,164,165,166,167,168,169,171,172,173,175,176,177,178,183,184,185,186,188,189,197,199,201,202,204,209,210,212,214,219,220,226,227,229,233,253,255,257,266,286,491,502
35,58,59,60,61,62,64,66,68,69,70,71,72,73,75,76,77,78,79,81,82,83,84,85,86,87,92,95,96,98,99,101,103,104,108,109,110,111,116,117,119,120,121,124,125,126,127,128,129,130,132,133,134,136,137,139,140,141,146,147,151,152,153,156,159,161,162,163,164,165,166,168,169,171,173,174,181,182,183,186,187,188,189,194,198,212,221,227,232,240,243,246,250,252,254,259,271,279,280,468
36,3,57,58,59,60,61,62,63,64,65,66,68,69,70,71,72,73,74,75,76,77,78,84,86,88,89,90,92,93,94,96,98,99,100,105,107,110,118,119,121,122,123,130,135,140,152,153,154,155,156,157,159,160,161,162,163,166,168,169,170,171,178,184,185,189,206,208,209,216,218,222,226,229,237,240,250,265,281,297,306,650
37,46,49,55,56,61,63,64,65,66,67,68,69,70,71,73,77,79,81,83,86,87,88,90,91,92,93,94,95,102,104,109,112,114,120,122,125,127,131,137,148,149,155,156,160,162,165,168,171,172,174,175,177,178,182,185,186,193,194,196,197,199,200,205,210,214,215,222,226,229,230,232,233,237,250,268,271,326,328,344,361,377,599
38,54,55,59,63,65,67,68,69,70,71,72,75,76,77,78,79,80,82,84,85,86,87,88,91,93,94,95,96,97,98,101,102,103,104,105,107,108,111,112,114,115,123,131,135,136,138,143,144,151,153,155,158,162,163,168,172,177,182,184,185,186,190,195,197,201,208,212,215,222,227,243,246,253,257,259,296,431,469,596
39,56,59,60,63,64,65,67,68,70,71,72,73,74,75,77,79,81,82,83,84,85,86,87,88,89,91,95,97,98,99,104,106,108,110,111,114,115,116,121,125,128,130,131,134,148,150,151,153,155,156,158,159,165,166,169,171,172,178,190,194,196,198,209,219,236,237,245,298,304,329,359
40,37,54,55,57,60,61,63,65,66,67,68,69,70,71,72,73,74,75,79,80,81,83,84,85,90,96,97,99,104,105,108,109,110,115,117,125,127,142,145,148,149,150,151,154,155,156,160,163,164,165,166,168,171,173,175,180,181,182,183,184,190,191,194,200,206,210,221,224,227,238,242,297,306,308,507,562,637,665,679
41,10,56,62,63,64,65,66,67,69,70,71,72,75,79,80,81,82,84,87,88,89,91,92,93,94,96,97,99,103,104,105,108,109,111,113,114,116,117,118,122,125,132,141,143,146,152,155,157,158,163,166,173,191,193,204,209,216,218,239,284,286,371,402,474,491,603
42,54,56,57,63,68,69,70,72,73,76,77,79,80,81,85,86,87,89,91,94,97,98,100,105,106,116,117,121,129,130,131,135,159,164,165,169,170,171,176,177,186,187,197,205,208,212,213,231,233,260,271,277,288,294,312,349,445,583
43,66,69,75,76,77,79,80,81,83,86,89,91,94,96,97,99,102,103,108,109,117,122,125,126,134,138,150,165,168,177,186,187,188,192,200,226,266,272
44,65,66,69,71,72,74,78,79,81,83,87,94,98,99,100,109,112,116,117,118,119,120,121,126,127,130,136,138,142,144,171,186,196,205,226,479,692
45,19,101,102,105,106,112,125,263,434
46,113,168,489
47,344,532
48,347,412,577,603,638
49,231,396
50,110,671,694,698
51,73,225,397,597,636
52,336
53,49,91,193,683
54,298,334,390,617,699
55,47,378,465,497,662
56,120,311,587,695
57,350,384,414,418,440,529
58,399,658
59,57,272,605,692
60,129,440,452,475,652
61,132
62,
63,
64,
65,
66,
67,
68,
69,
70,
71,
72,
73,
74,
75,
76,
77,
78,
79,
80,
81,
82,
83,
84,
85,
86,
87,
88,
89,
90,
91,
92,
93,
94,
95,
96,
97,
98,
