15
0,121
1,78,297,371
2,430,472,532
3,278,292,337,487,565,635
4,93,210,252,431,470,615
5,1,189,391,425,560
6,518,530
7,92,181,242,444,446,472,558,569,664,671
8,10,58,193,345,598
9,29,204,356
10,3,26,195,320
11,27,150,339,534,629,650,684
12,413,429,528,642,657
13,225,579
14,69,213,367,405,408,584,624
15,95,121,171,194,466,531,621
16,25,115,118,267,309,487,540,569,578,615
17,2,82,310,584,603
18,34,136,198,232,328,352,535
19,15,57,120,347,364,417,542
20,51,119,226,309,621
21,47,198,240,317,329,331,351,428,501,527
22,44,46,48,143,179,206,274,330,639
23,2,33,35,36,41,42,43,45,46,47,49,50,51,52,53,55,56,59,62,135,165,186,198,274,493,625,681
24,31,33,37,38,39,40,41,42,43,44,45,46,47,48,49,50,51,52,53,54,55,56,57,58,59,60,61,62,63,64,65,66,67,68,69,70,71,72,73,75,89,92,96,343,351,500
25,34,35,36,37,38,39,40,41,42,43,44,45,46,47,48,49,50,51,52,53,54,55,56,57,58,59,60,61,62,63,64,65,66,67,68,69,70,71,72,73,74,75,76,77,78,79,80,81,82,83,84,85,86,87,88,89,90,92,95,96,98,142,143,156,162,233,297
26,30,32,33,34,35,36,37,38,39,40,41,42,43,44,45,46,47,48,49,50,51,52,53,54,55,56,57,58,59,60,61,62,63,64,65,66,67,68,69,70,71,72,73,74,75,76,77,78,79,80,81,82,83,84,85,86,87,88,89,90,91,92,93,94,95,96,97,98,99,100,101,102,103,104,105,106,107,108,109,110,112,113,114,115,116,117,119,120,121,122,123,124,125,129,130,131,134,135,136,137,138,139,140,141,142,143,144,145,146,147,148,149,150,151,152,153,154,157,158,159,160,162,164,166,167,168,169,170,172,174,175,176,180,181,182,183,185,204,411,663
27,14,31,32,33,34,35,36,39,41,42,44,45,46,47,48,49,50,51,52,53,54,55,56,57,58,59,60,61,62,63,64,65,66,67,68,69,70,71,72,73,74,75,76,77,78,79,80,81,82,83,84,85,86,87,88,89,90,91,92,93,94,95,96,97,98,99,100,101,102,103,104,105,106,107,108,109,110,111,112,113,114,115,116,117,118,119,120,121,122,123,124,125,126,127,128,129,130,131,132,133,134,135,136,137,138,139,140,141,142,143,144,145,146,147,148,149,150,151,152,153,154,155,156,157,158,159,160,161,162,163,164,165,166,167,168,169,170,171,172,173,174,175,176,177,178,179,180,181,182,183,184,185,186,187,188,189,190,191,192,193,194,195,196,197,198,199,200,201,202,203,204,205,206,207,208,209,210,211,212,213,214,215,216,217,218,219,220,221,222,223,225,226,227,228,229,230,231,232,234,235,236,237,238,239,240,241,242,243,244,247,248,250,251,252,255,259,262,265,267,273,278,281,282,283,287,288,291,294,297,300,304,310,314,316,339,343,366,383,394,490,648
28,23,27,30,34,35,37,38,39,40,41,42,43,44,45,46,47,48,49,50,51,52,53,54,55,56,57,58,59,60,61,62,63,64,65,66,67,68,69,70,71,72,73,74,75,76,77,78,79,80,81,82,83,84,85,86,87,88,89,90,91,92,93,94,95,96,97,98,99,100,101,102,103,104,105,106,107,108,109,110,111,112,113,114,115,116,117,118,119,120,121,122,123,124,125,126,127,128,129,130,131,132,133,134,135,136,137,138,139,140,141,142,143,144,145,146,147,148,149,150,151,152,153,154,155,156,157,158,159,160,161,162,163,164,165,166,167,168,169,170,171,172,173,174,175,176,177,178,179,180,181,182,183,184,185,186,187,188,189,190,191,192,193,194,195,196,197,198,199,200,201,202,203,204,205,206,207,208,209,210,211,212,213,214,215,216,217,218,219,220,221,222,223,224,225,226,227,228,229,230,231,232,233,234,235,236,237,238,239,240,241,242,243,244,245,246,247,248,249,250,251,252,253,254,255,256,257,259,260,262,263,264,265,266,267,268,269,270,271,272,273,274,276,277,278,280,281,283,285,287,290,291,292,293,294,295,297,303,304,305,306,307,310,312,314,315,316,317,318,320,321,323,324,325,328,331,334,335,336,338,339,340,352,359,368,369,374,395,413,417,425,664
29,31,33,40,41,44,47,48,49,50,51,52,53,54,55,56,57,58,59,60,61,62,63,64,65,66,67,68,69,70,71,72,73,74,75,76,77,78,79,80,81,82,83,84,85,86,87,88,89,90,91,92,93,94,95,96,97,98,99,100,101,102,103,104,105,106,107,108,109,110,111,112,113,114,115,116,117,119,120,121,122,123,124,125,126,127,128,129,131,134,135,137,138,139,140,141,142,143,144,145,146,147,148,149,150,151,152,153,154,155,156,157,158,159,160,161,162,163,164,165,166,167,168,169,170,171,172,173,174,175,176,177,178,179,180,181,182,183,184,185,186,187,188,189,190,191,192,193,194,195,196,197,198,199,200,201,202,203,204,205,206,207,208,209,210,211,212,213,214,215,216,217,218,219,220,221,222,223,224,225,226,227,228,229,230,231,232,233,234,235,236,237,238,239,240,241,242,244,245,246,247,248,251,252,253,254,255,256,258,259,260,264,266,267,269,270,271,273,274,276,277,278,279,280,281,282,283,284,285,286,289,290,291,292,293,299,301,306,310,311,316,321,324,326,327,328,329,331,332,334,337,338,341,342,348,351,366,368,388,593
30,2,32,38,41,44,45,46,47,48,49,50,51,52,53,54,55,56,57,58,59,60,61,62,63,64,65,66,67,68,69,70,71,73,74,75,76,77,78,79,80,81,82,83,84,85,86,87,88,89,90,91,92,93,94,95,96,97,98,99,100,101,102,103,104,105,106,107,108,109,110,112,113,114,115,116,117,118,119,120,121,122,123,124,125,126,127,128,129,130,131,132,133,134,135,136,137,138,139,140,141,142,143,144,145,146,147,148,149,150,151,152,153,154,155,156,157,158,159,160,161,162,163,164,165,166,167,168,169,170,171,172,173,174,175,176,177,178,179,180,181,182,183,184,185,186,187,188,189,190,191,192,193,194,195,196,197,198,199,200,201,202,203,204,205,206,207,208,209,210,211,212,213,214,215,216,217,218,219,220,221,223,224,225,226,227,228,229,230,231,232,233,236,237,238,241,242,244,245,246,247,248,250,253,254,255,256,258,259,260,262,263,265,266,267,268,269,270,271,272,274,275,276,277,279,280,281,282,283,284,285,286,287,288,289,293,294,296,297,299,301,302,303,305,306,307,308,309,312,313,314,315,318,319,320,321,323,324,325,327,330,331,332,334,335,341,343,344,345,346,347,350,357,361,362,364,368,369,372,391,407,410,423,475,478,479,545
31,20,32,38,39,40,43,44,45,47,48,49,50,51,52,53,54,55,56,57,58,59,60,61,62,63,64,65,66,67,68,69,70,71,72,73,74,75,76,77,78,79,80,81,82,83,84,85,86,87,88,89,90,91,92,93,94,95,96,97,98,99,100,101,102,103,104,105,106,107,108,109,110,111,112,113,114,115,116,117,118,119,120,122,123,124,125,126,127,128,129,131,132,133,134,136,137,138,139,140,141,142,143,144,145,146,147,148,149,150,151,152,153,154,155,157,158,159,160,161,162,163,164,165,167,168,169,170,171,173,174,175,176,177,178,179,180,181,182,183,184,185,186,187,189,190,191,192,193,194,195,196,197,198,199,200,201,202,203,204,205,206,207,208,209,210,211,212,213,214,215,216,217,218,219,220,221,222,223,224,225,226,227,228,229,230,231,232,233,234,235,236,237,238,239,240,241,242,243,244,245,246,247,248,250,251,252,253,254,256,257,259,260,261,262,263,264,265,266,267,269,270,271,272,274,275,276,279,280,281,283,286,287,288,289,290,294,295,296,297,301,302,304,307,308,310,311,315,316,318,319,320,321,322,324,328,330,335,336,338,342,343,347,349,351,354,355,362,371,374,377,391,406,445,454,653,664
32,6,40,43,46,48,50,53,54,55,56,57,58,59,60,61,62,63,64,65,66,67,68,69,70,71,72,73,74,75,76,77,78,79,81,82,83,84,85,86,87,88,89,90,92,93,94,96,97,98,99,100,101,102,103,104,105,106,107,108,109,110,111,113,114,116,117,118,119,121,122,123,124,125,126,127,128,129,130,131,134,135,136,137,139,140,141,142,143,144,145,146,147,148,149,150,151,152,153,154,155,156,157,158,159,160,161,163,164,165,166,167,168,170,171,172,173,174,175,176,177,178,179,180,181,182,183,184,185,186,187,188,189,190,191,192,193,194,195,196,197,198,199,200,201,202,203,204,205,206,207,208,210,211,212,213,214,215,216,218,219,222,223,225,226,227,228,229,230,231,232,233,234,235,236,237,238,239,240,241,243,244,245,246,247,248,249,250,251,254,255,256,257,258,259,262,263,264,265,268,269,270,272,275,278,280,282,284,285,289,291,292,293,295,298,299,300,301,304,309,310,311,319,320,326,342,343,344,345,355,357,360,362,366,369,370,375,376,377,378,379,381,382,394,401,409,435,459,476,539,618
33,35,41,42,43,45,46,47,48,49,50,51,52,53,54,55,56,57,58,59,60,61,62,63,64,65,66,67,68,69,70,71,72,73,74,75,76,77,78,79,80,81,82,83,85,86,87,88,89,90,91,92,93,94,95,96,97,98,99,100,101,102,103,104,105,106,107,108,109,110,111,112,114,115,116,117,118,119,120,121,122,123,124,125,126,127,128,129,130,131,132,133,136,137,138,140,141,142,143,144,145,146,147,148,149,150,151,152,153,154,155,156,157,158,159,160,161,162,163,164,166,167,170,172,173,174,175,176,177,178,179,180,182,183,184,185,187,189,190,191,192,193,194,196,197,199,200,201,202,203,204,205,206,209,210,211,212,213,214,217,218,219,220,221,222,223,224,226,228,229,231,232,233,234,235,236,237,238,239,240,241,242,243,244,245,246,247,248,249,250,251,252,253,255,256,257,258,259,260,261,262,263,264,265,266,267,270,271,273,274,276,278,279,282,283,284,285,286,287,288,289,291,292,293,294,296,299,300,301,302,303,304,305,308,309,319,321,323,326,330,333,334,335,336,342,343,344,346,350,357,358,362,366,368,376,380,382,398,401,412,438,456,461
34,41,43,44,45,46,47,50,52,53,54,55,56,57,58,59,60,61,62,63,64,65,66,67,68,69,70,71,72,73,74,75,76,77,78,79,80,81,82,83,84,85,86,88,89,90,91,92,93,94,95,96,97,98,99,100,101,103,104,105,106,107,108,109,110,112,114,115,116,118,119,120,122,125,126,128,131,136,139,140,141,142,143,144,145,147,150,151,152,153,154,155,156,157,158,159,160,161,162,163,164,165,166,167,168,169,170,171,172,173,174,175,177,178,179,180,182,183,184,186,187,188,189,190,191,192,193,194,195,196,197,198,199,201,202,203,204,205,206,207,208,209,210,211,213,214,215,217,219,220,221,222,223,225,227,228,229,231,232,233,234,235,236,237,238,239,240,242,243,244,245,247,248,250,253,254,255,256,257,259,260,261,262,264,265,267,268,269,270,271,274,275,277,278,279,280,281,282,283,284,285,286,287,289,290,292,293,294,296,299,300,301,302,303,304,307,309,312,315,317,319,320,324,325,327,329,330,332,334,335,336,337,338,345,353,357,360,362,396,400,401,418,505,652
35,45,46,47,48,49,50,51,52,53,54,55,56,57,58,59,60,61,62,63,64,65,66,67,68,69,70,71,72,73,75,76,77,78,79,82,84,85,86,87,88,89,90,91,92,93,94,95,96,97,98,99,100,101,102,103,104,105,106,107,108,109,110,111,112,113,114,115,116,117,118,119,120,121,123,124,125,126,127,128,129,130,131,132,133,135,136,137,140,141,142,143,144,145,146,147,148,149,150,152,153,154,155,156,157,158,159,160,161,162,163,164,165,166,167,168,169,170,171,172,173,174,175,176,177,179,180,181,182,183,184,186,187,188,189,190,192,193,194,195,197,198,199,200,201,202,203,204,205,206,208,209,211,212,214,217,218,219,221,222,223,224,225,228,229,231,232,233,234,235,238,239,240,241,242,244,246,248,249,251,252,253,254,255,256,257,258,262,270,273,274,275,276,277,278,280,288,289,294,295,297,301,302,305,306,308,310,311,312,313,314,318,321,323,326,329,336,338,342,347,349,354,355,366,369,373,377,378,383,392,404,420,435,496,566,577,596
36,43,46,47,48,49,50,51,52,53,54,55,56,58,59,60,61,62,63,64,65,67,68,69,71,72,73,74,76,77,78,79,80,81,83,84,85,86,87,88,89,90,91,92,93,94,95,96,97,98,99,100,101,102,103,104,105,107,108,109,110,111,112,113,114,115,116,117,118,119,120,121,122,123,124,125,126,127,128,129,130,133,135,136,137,138,139,140,141,143,144,146,147,148,150,151,153,154,155,156,157,158,159,160,161,163,164,165,166,168,171,172,175,176,177,179,180,181,183,184,185,186,188,189,190,192,193,194,196,197,198,201,202,204,206,207,210,212,213,214,215,217,218,219,220,221,222,223,224,225,226,228,229,231,232,233,234,235,237,238,239,240,241,243,244,245,246,247,248,249,250,251,253,254,256,257,261,262,264,266,268,269,271,273,274,275,278,280,281,282,284,286,289,290,292,293,294,300,301,302,304,305,306,307,308,310,311,313,314,318,319,323,327,329,335,336,338,340,342,347,348,358,362,364,376,377,380,383,386,387,388,389,394,400,416,436,442,450,460,552,626
37,36,43,44,46,47,48,49,50,51,52,54,55,56,57,59,61,62,63,65,66,68,69,70,71,72,73,74,76,77,78,79,80,81,82,83,84,85,86,87,88,89,90,91,92,93,94,95,98,99,100,101,102,103,104,105,106,107,108,109,111,113,114,115,116,118,119,120,121,122,123,124,125,126,131,132,135,136,139,141,142,145,146,147,148,150,151,152,153,154,155,158,159,160,161,162,163,164,165,166,167,168,169,170,172,173,174,175,176,178,179,180,182,183,184,185,186,187,188,190,192,193,194,196,198,199,200,201,203,204,205,206,207,208,209,210,211,212,213,214,215,216,217,219,220,221,222,223,224,225,227,229,231,233,234,235,236,237,238,239,241,242,243,244,246,247,248,250,251,254,255,256,259,260,261,263,265,266,268,269,270,271,272,273,274,275,278,280,281,282,284,286,287,288,289,292,295,296,299,303,304,306,307,311,314,315,318,320,324,326,335,337,338,345,348,350,352,353,358,362,367,368,370,395,398,401,408,424,628
38,1,41,43,47,52,53,54,55,56,57,58,59,60,61,62,63,64,65,66,67,68,69,70,72,73,74,75,76,77,78,79,80,81,82,84,85,86,89,90,91,92,93,94,95,96,97,98,100,101,102,103,104,105,106,107,108,110,111,112,113,114,115,116,117,118,119,120,121,122,123,125,126,127,128,130,131,132,133,135,138,139,140,141,142,143,144,145,146,148,149,150,151,152,153,154,155,156,157,158,159,160,162,163,164,165,166,167,168,169,171,172,173,174,175,176,177,178,179,182,183,184,185,186,187,188,189,190,191,192,193,194,195,196,197,198,199,200,201,203,204,205,207,208,209,210,211,219,220,221,222,224,225,226,228,229,230,232,233,236,238,240,241,242,243,246,247,248,253,254,256,258,260,264,266,269,271,272,273,275,276,279,281,287,295,297,298,301,302,305,307,313,319,322,326,328,330,331,335,336,337,346,369,391,398,412,420,504,553,660
39,39,43,45,47,48,49,50,51,52,53,55,56,57,58,59,60,61,62,63,64,66,68,70,71,72,73,74,75,77,78,79,80,81,82,83,84,85,86,87,88,89,90,91,92,93,94,95,96,97,98,99,100,101,102,103,104,105,106,107,108,109,110,111,112,113,114,115,116,117,118,120,121,122,123,124,125,126,127,128,129,130,131,132,133,134,135,136,137,138,139,140,142,143,145,148,153,157,160,163,164,170,173,177,181,183,184,192,193,194,195,200,201,203,204,207,208,209,210,212,213,215,216,217,218,222,224,225,226,227,228,229,230,231,232,233,234,236,238,239,240,241,244,245,246,248,249,250,251,252,255,256,257,259,261,262,265,267,268,269,270,272,276,277,278,279,280,283,284,285,286,287,288,290,293,295,297,300,304,306,307,309,315,316,317,324,325,327,328,330,335,343,344,345,348,350,359,363,371,379,386,427,479,535,597,601
40,40,43,46,48,49,55,58,61,62,63,65,67,68,69,70,71,72,73,74,75,76,77,78,79,80,81,82,83,84,85,86,87,88,89,90,91,92,93,94,95,96,97,98,99,100,101,102,103,104,105,107,108,109,110,111,112,113,114,115,116,117,118,119,121,122,124,126,130,131,133,134,135,136,138,139,141,144,146,147,148,149,151,154,155,156,157,159,160,162,163,164,166,168,169,170,171,173,174,176,177,178,179,181,182,183,184,186,187,189,191,193,194,195,197,200,201,203,204,205,207,208,210,212,213,215,216,217,220,223,226,227,228,231,232,234,235,236,240,242,243,244,247,255,259,261,265,266,268,269,270,271,273,278,289,290,293,298,304,307,310,321,350,379
41,53,55,58,60,61,63,64,65,66,67,68,69,70,72,73,74,75,76,77,78,79,80,81,82,83,84,85,86,87,88,89,90,91,92,93,94,99,101,102,103,104,105,108,109,111,112,114,115,116,117,118,119,121,122,123,124,125,126,127,128,131,132,133,135,136,137,138,139,140,143,144,146,147,148,149,150,151,152,153,155,156,157,158,159,160,161,162,163,164,165,166,168,169,170,171,172,173,174,175,176,178,179,181,183,184,185,186,187,188,190,191,193,196,197,198,199,200,201,202,203,205,206,207,208,209,210,213,214,217,221,222,223,224,225,227,228,229,230,233,235,237,240,241,242,246,255,259,261,267,272,274,275,277,282,283,286,291,293,294,309,326,330,338,340,346,366,390,395,450,488,575
42,36,53,55,56,58,59,63,65,67,69,70,71,72,73,74,75,76,77,81,82,83,84,85,86,87,88,90,91,92,93,94,95,96,97,98,99,100,101,102,104,105,106,107,108,110,111,112,113,114,115,116,117,119,120,121,122,123,124,125,126,127,128,129,130,131,132,133,134,135,136,138,139,141,142,147,148,149,154,155,157,158,160,161,162,163,164,167,168,169,170,171,173,174,175,176,177,178,179,181,183,185,186,188,190,191,195,197,198,199,200,201,203,204,205,208,209,211,212,214,215,216,218,219,223,224,226,227,228,229,230,232,235,237,238,239,242,244,246,247,248,249,253,254,258,261,263,266,269,271,272,273,275,282,284,292,295,297,299,300,308,321,324,329,339,341,342,345,346,354,380,414,448,520
43,42,61,62,63,67,70,71,72,74,75,76,77,78,79,80,81,82,83,84,85,87,89,90,91,92,93,94,97,99,100,101,102,103,104,105,106,107,108,109,110,111,112,113,114,115,116,117,118,120,121,122,123,124,126,127,129,130,132,133,134,135,136,137,138,141,142,144,145,148,151,152,153,154,155,156,162,163,164,165,171,173,174,177,181,185,186,190,191,192,193,194,195,196,197,200,201,202,203,206,210,211,212,213,214,217,219,221,223,224,226,228,230,231,232,233,234,235,237,238,242,245,247,253,255,256,257,258,259,262,264,266,268,269,270,275,276,280,284,291,298,302,315,318,323,328,332,338,343,381,444,632
44,68,70,73,74,75,76,78,79,81,82,83,84,85,86,87,89,90,91,92,93,94,95,96,97,98,99,100,101,103,104,105,106,107,108,109,110,111,112,113,114,116,117,119,121,122,124,125,128,131,133,134,136,137,139,140,142,145,146,148,152,153,156,158,159,162,164,165,168,169,170,171,172,173,174,175,176,178,179,180,181,184,185,186,187,188,189,190,191,192,193,195,196,198,199,206,211,212,218,219,220,222,223,225,226,227,230,233,234,235,236,237,241,242,243,247,249,254,255,256,258,263,264,270,274,278,279,292,293,298,301,312,323,331,339,347,398,653
45,64,67,71,73,74,75,78,79,80,81,82,83,84,85,86,87,88,89,90,92,93,95,96,97,98,100,101,102,103,105,106,107,108,109,110,111,113,115,117,118,119,120,121,125,126,128,133,138,139,141,143,144,145,146,151,153,156,161,162,164,165,166,173,174,175,176,179,180,181,184,185,189,192,193,194,197,198,200,201,202,203,205,207,208,210,214,220,221,222,223,224,225,229,231,258,259,262,265,268,274,281,288,290,302,303,361,365,388,537,540,669
46,62,63,65,67,68,69,70,73,76,77,79,81,82,83,85,86,88,89,90,91,92,93,95,97,98,99,100,101,102,104,107,108,109,111,112,113,114,115,117,118,119,120,122,124,125,127,129,130,131,132,135,136,137,141,142,143,145,146,147,148,152,154,157,160,163,166,168,170,172,173,178,183,184,185,188,189,192,193,194,196,197,199,200,201,202,203,206,209,211,212,219,220,222,223,229,231,241,247,250,251,268,274,288,299,313,333,335,391,426,686
47,12,62,64,72,73,74,75,76,80,81,84,86,87,89,91,93,94,95,96,99,101,102,105,106,107,109,110,111,112,113,115,116,117,118,119,120,122,123,125,127,128,129,131,132,133,137,138,139,140,142,143,146,151,157,163,164,167,169,172,175,177,179,180,187,188,189,192,195,196,198,204,205,206,210,213,216,221,228,240,244,246,248,252,254,263,268,269,274,289,290,294,311,325,326,330,374,413,440,523,625,662
48,40,44,57,60,65,66,69,72,73,74,75,76,78,79,82,88,90,91,92,94,97,98,100,101,103,104,105,106,108,110,111,112,117,118,125,127,128,132,133,136,139,142,144,148,152,158,159,163,167,168,176,179,181,183,185,188,189,190,194,200,201,202,203,204,209,220,228,235,236,237,241,244,245,249,255,258,259,260,261,263,265,270,277,284,286,288,303,306,320,327,362,539,641,697
49,37,38,47,52,53,56,58,61,62,63,65,66,68,73,75,76,84,86,87,88,94,95,99,100,102,105,108,109,112,115,117,118,120,127,132,136,137,143,150,176,188,209,227,231,237,242,249,316,358,424,517,570
50,52,58,82,83,96,97,98,112,113,117,119,120,124,128,152,160,177,190,205,222,224,242,250,270,336,417,423,455,468,698
51,46,483,530
52,19,395,559
53,324
54,6,221,555,619,628,677
55,13,460,530
56,326,458,623,637,670
57,380,590,674,694
58,32,83,90,550,658
59,302,351,511,516,678
60,74,250,312,382,470,563,584
61,6,162,335,435,608,696
62,20,109,304,306,334
63,256,283,571,653
64,14,16,242,253,540,600,611
65,75,356,391,479,612
66,374,512,533,609
67,11,28,261,582
68,302,535,643,648
69,37,399,601,609
70,211,389,396,408,427,627,674,685
71,457,571
72,
73,
74,
75,
76,
77,
78,
79,
80,
81,
82,
83,
84,
85,
86,
87,
88,
89,
90,
91,
92,
93,
94,
95,
96,
97,
98,
