1
0,216
1,90,94,100,110,230,302,372
2,72,74,77,81,82,83,84,85,86,87,88,89,90,98,100,101,102,108,114,116,376,378,420
3,41,57,70,72,73,74,75,76,77,78,79,80,81,82,83,84,85,86,87,88,89,90,91,92,93,94,95,96,97,98,99,100,101,102,103,105,106,107,108,109,110,111,112,113,114,115,116,117,118,119,120,122,123,124,125,126,127,128,129,131,132,133,135,136,138,139,141,142,144,145,149,150,151,222,336,441
4,4,63,65,68,70,72,73,74,75,77,78,79,80,81,82,83,84,85,86,87,88,89,90,91,92,93,94,95,96,97,98,99,100,101,102,103,104,105,106,107,108,109,110,111,112,113,114,116,117,118,119,120,121,122,123,124,125,126,127,128,129,130,131,132,133,134,135,136,137,138,139,140,141,142,143,144,145,146,147,148,149,150,151,153,154,155,156,157,158,159,160,161,162,163,164,165,166,167,168,169,170,171,172,174,175,176,177,178,179,181,182,183,184,186,187,188,189,190,193,194,195,197,198,200,201,202,203,205,209,213,217,223,228,230,231,235,240,247,279,280,396
5,40,70,71,73,74,75,76,77,78,79,80,81,82,83,84,85,86,87,89,90,91,92,93,94,95,96,97,98,99,100,101,102,103,104,105,106,107,108,109,110,111,112,113,114,115,116,117,118,119,120,121,122,123,124,125,126,127,128,129,130,131,132,133,134,135,136,137,138,139,140,142,143,144,146,147,148,149,150,152,153,154,155,156,157,158,160,161,162,165,166,167,168,169,170,171,172,173,174,175,176,177,178,179,180,181,182,183,184,185,186,187,188,189,190,191,192,193,194,195,196,197,198,199,201,202,205,210,211,212,213,214,215,216,217,218,220,221,224,225,226,229,231,232,234,235,239,241,245,253,254,255,256,259,266,270,276,277,278,281,283,284,296,297,299,313,318,361,396
6,67,69,70,71,72,73,74,75,76,77,78,79,80,81,82,83,84,86,87,88,89,90,91,92,93,94,96,98,99,100,101,102,103,104,105,106,107,109,110,111,112,113,114,115,116,117,118,119,120,121,122,123,124,126,127,128,129,130,131,132,133,134,135,136,138,140,141,142,143,144,145,146,148,149,150,151,154,155,156,157,158,159,160,161,162,164,165,166,167,168,169,170,172,173,174,175,176,177,178,179,180,181,182,183,184,185,186,187,189,190,191,193,194,195,198,199,200,201,202,203,204,206,208,209,210,211,212,214,215,216,217,218,219,220,221,223,225,226,227,229,233,234,235,236,237,240,241,242,243,245,246,253,254,256,258,259,261,263,265,270,283,291,293,294,314,327,337,533
7,58,68,69,70,71,72,74,75,76,77,78,79,80,81,82,83,84,85,86,87,88,89,90,91,92,93,94,95,96,97,98,99,100,101,102,103,104,105,106,107,108,109,110,111,112,113,114,115,116,117,118,119,120,121,122,123,124,125,126,127,128,129,130,131,132,133,136,137,138,139,140,141,142,143,144,145,146,147,148,149,150,151,152,153,154,155,156,157,158,159,160,161,162,163,164,168,169,170,171,172,173,174,175,176,177,178,179,180,181,182,183,184,185,186,187,188,189,191,192,194,195,196,197,198,199,200,201,202,204,205,206,208,209,210,212,213,214,215,217,218,219,222,223,224,229,231,235,236,237,239,241,243,245,246,249,251,254,257,260,262,263,265,270,272,275,281,285,290,292,293,294,296,298,314,323,340,541,668,669
8,30,59,64,68,69,70,71,72,73,74,75,76,77,78,79,80,81,82,84,85,86,87,88,89,90,92,93,94,95,96,98,99,100,102,103,104,105,106,107,108,109,110,111,112,113,114,115,116,118,119,120,122,123,124,125,126,128,129,130,131,132,133,134,135,137,138,139,140,141,142,143,144,145,146,147,148,149,151,152,153,154,155,156,157,158,159,160,164,165,166,168,169,170,171,172,173,174,175,177,178,179,181,183,184,185,186,187,188,192,193,194,195,196,197,198,199,200,201,202,203,204,205,207,208,209,210,211,212,213,214,216,217,218,219,220,221,222,223,224,225,227,229,232,233,237,238,239,243,244,246,247,248,250,252,255,256,262,267,272,273,274,277,278,280,281,283,286,303,317,318,321,322,340,346,348,376,605,649,688
9,59,67,69,70,71,72,73,74,75,77,78,79,80,81,82,83,85,86,87,88,90,91,92,93,95,96,98,99,100,101,102,103,104,105,106,107,108,109,110,111,112,113,114,115,116,117,118,119,120,121,122,123,124,125,126,127,128,129,131,132,133,134,135,136,137,138,139,141,142,143,144,145,146,148,149,151,152,153,154,155,156,157,158,159,160,161,162,163,165,166,167,169,170,171,172,174,175,176,177,178,179,181,182,183,184,185,186,187,188,189,190,191,193,194,195,196,197,198,199,200,201,204,205,206,207,208,209,211,213,214,215,216,217,218,219,220,223,224,226,234,238,239,242,246,249,251,252,254,256,258,260,262,263,265,266,268,272,275,283,289,301,302,307,324,333,341,344,359,370,378,552,571
10,66,68,70,72,74,75,76,77,78,79,80,81,82,83,84,86,87,88,89,90,91,92,93,95,96,98,99,101,102,103,104,105,106,107,108,109,110,111,112,113,115,116,117,118,119,120,121,122,123,125,126,128,129,130,131,132,133,134,135,136,137,139,141,142,143,144,145,146,148,149,150,151,152,153,154,155,157,158,160,162,163,164,165,166,167,168,170,171,172,173,174,175,176,177,178,179,181,182,183,184,185,186,187,188,189,190,191,193,194,195,196,197,199,200,203,204,205,206,207,208,209,210,211,212,213,214,215,216,220,222,224,228,229,230,235,236,237,239,243,244,245,247,248,249,252,254,256,257,258,260,261,262,268,269,271,273,274,277,278,279,280,286,289,291,293,295,299,305,309,312,321,326,332,343,348,455,594,637,684
11,63,67,72,75,76,78,79,80,81,82,83,84,85,86,88,89,90,91,92,93,94,95,96,97,98,99,100,101,102,103,104,105,106,107,108,109,110,111,113,114,115,117,118,119,120,121,122,123,124,125,126,127,128,129,130,131,132,133,134,135,137,139,141,142,143,144,145,146,147,148,149,150,151,153,154,156,157,158,159,160,162,164,165,166,168,169,170,171,172,173,174,175,176,177,178,179,180,181,182,183,184,185,187,188,189,190,191,192,193,194,195,196,197,198,200,201,202,203,204,205,206,207,208,209,210,211,212,213,214,215,216,217,218,219,220,221,225,230,232,234,240,242,244,247,248,253,256,258,259,260,269,270,272,273,274,278,279,289,290,292,318,322,326,338,356,364,578
12,66,70,72,76,77,78,79,80,82,84,85,86,87,88,89,90,91,92,94,95,96,97,98,99,100,102,103,104,106,107,108,109,110,112,113,114,117,118,119,120,121,122,123,124,125,126,127,128,129,130,131,132,133,134,135,137,138,139,140,142,143,144,145,146,148,149,151,152,153,154,155,157,158,160,164,165,166,167,168,169,170,171,172,173,174,175,176,177,179,180,181,182,184,185,186,187,188,189,190,191,192,194,195,196,197,198,199,201,202,203,205,206,207,208,210,211,212,213,214,215,216,217,218,219,220,221,222,224,225,226,227,229,230,231,232,233,234,235,236,237,238,239,242,243,244,246,247,248,252,254,255,256,257,260,261,265,268,269,271,273,281,288,297,307,316,322,333,340,369,378,420,455,478,505,644
13,66,68,73,75,77,78,80,81,83,84,86,87,88,89,90,91,92,93,94,95,96,97,98,99,100,101,103,104,105,106,107,108,109,111,113,114,115,116,117,118,120,122,123,125,126,127,129,130,131,132,133,135,136,137,138,140,141,142,143,144,146,148,149,150,154,155,156,157,158,161,162,163,164,165,167,169,170,171,172,173,174,175,176,177,178,179,180,181,182,183,184,185,187,188,189,190,191,192,193,194,195,196,197,198,199,200,201,202,203,204,205,206,207,208,209,210,211,212,213,214,215,216,217,218,219,220,221,222,223,224,225,226,227,228,229,230,231,232,233,234,235,237,239,241,244,247,249,250,253,254,255,256,257,259,260,265,266,267,269,272,273,275,276,277,279,280,281,282,283,285,286,287,289,290,292,297,300,301,302,303,304,305,308,310,312,313,315,319,322,323,325,332,335,336,344,350,360,370,374,404,444,463,488,535,578
14,78,81,82,83,85,86,87,88,89,90,92,93,94,95,96,97,98,99,100,101,103,104,105,107,108,109,111,112,113,114,115,116,117,118,119,120,121,122,123,124,125,126,127,128,130,131,133,134,136,137,138,140,141,142,143,145,146,147,148,149,150,152,153,155,156,157,158,159,161,162,163,164,166,168,170,172,175,176,178,179,180,181,182,183,184,185,186,187,188,189,191,192,193,194,195,196,197,198,200,201,202,203,204,205,206,207,208,209,210,211,213,214,216,217,218,221,222,224,225,226,227,228,229,231,232,233,234,235,236,237,238,239,240,241,242,243,244,245,246,247,248,249,250,251,252,253,254,255,257,258,260,261,262,263,264,265,268,273,275,278,279,281,282,283,284,286,289,290,292,294,295,297,298,300,302,303,305,307,309,311,312,314,317,319,323,326,327,330,339,345,353,359,360,361,365,370,492,497,628
15,31,70,78,79,80,81,83,84,85,86,87,88,91,92,93,94,96,97,99,101,102,103,104,105,106,107,108,109,112,113,115,116,117,119,120,121,122,123,125,126,128,129,130,131,132,134,135,136,137,138,139,140,142,143,144,147,149,153,154,155,158,159,160,161,163,164,166,167,171,172,176,179,181,182,183,184,185,186,188,189,190,191,192,193,194,195,196,197,198,199,201,202,204,205,206,207,208,209,210,211,212,214,215,217,218,219,220,221,222,223,224,225,226,227,228,229,230,231,232,234,235,236,237,238,239,240,241,242,243,245,246,247,248,250,251,252,253,254,255,256,257,258,259,260,261,262,264,265,266,267,268,269,270,271,272,273,274,275,276,278,279,280,281,282,283,285,286,287,288,289,290,291,292,293,294,295,296,297,300,301,302,304,305,306,309,311,314,316,317,318,320,321,322,323,324,325,327,328,329,331,332,333,335,337,339,341,348,349,350,351,353,359,366,373,375,379,381,382,392,393,493,672
16,5,25,80,81,83,84,85,87,88,89,90,92,93,95,96,97,98,99,100,101,104,105,108,109,110,111,112,113,115,117,118,119,121,122,123,124,125,127,129,130,131,132,133,135,138,141,143,144,145,146,147,148,149,150,156,157,158,159,162,163,164,165,167,168,169,170,172,174,176,177,178,179,180,181,183,187,188,189,190,192,193,194,196,197,198,199,200,202,203,204,205,206,208,209,210,211,212,213,214,215,216,218,219,220,221,222,225,226,227,228,229,230,231,234,235,236,238,239,240,242,244,245,246,247,248,249,250,251,252,253,254,255,256,257,259,260,262,263,264,266,268,270,271,272,273,274,275,276,277,278,279,280,281,282,283,284,285,287,288,289,291,292,293,294,295,296,298,300,304,305,306,307,309,310,311,312,314,315,316,317,318,322,324,326,329,332,334,338,339,340,341,342,345,347,348,349,350,353,354,355,356,357,359,360,361,364,365,370,375,382,384,390,392,403,409,499,545,636,684,691
17,77,78,80,81,82,83,84,85,86,88,91,92,93,94,95,96,97,98,101,102,103,104,105,106,107,108,109,110,112,113,114,116,118,119,121,122,125,127,129,130,131,132,134,135,136,138,141,142,145,146,147,148,151,154,155,156,157,160,163,164,166,167,169,172,176,179,180,185,190,191,192,193,194,196,201,204,206,207,208,209,210,211,212,214,215,221,223,225,226,227,228,229,231,232,234,236,237,238,240,241,242,243,244,246,247,249,252,255,259,260,261,262,263,264,265,269,270,271,272,273,274,276,277,278,279,280,281,283,284,285,287,288,289,290,291,292,293,294,296,297,299,300,303,304,305,306,307,316,318,319,320,322,323,328,329,331,335,337,338,344,349,350,351,352,360,370,383,384,390,393,409,421,448,479,492,502,605,657
18,78,79,82,83,88,89,91,92,93,97,100,103,104,105,106,107,108,109,110,111,112,114,115,116,119,123,124,125,129,130,131,135,137,138,139,140,141,143,146,148,149,151,152,154,155,156,158,160,163,164,165,167,169,170,171,179,180,184,185,186,187,189,190,191,192,193,194,195,197,198,199,206,207,209,210,211,212,213,217,218,227,228,229,231,232,233,235,236,238,240,243,244,245,246,247,249,251,254,256,257,262,264,265,267,271,272,273,274,275,277,279,281,282,283,284,286,287,288,290,292,297,298,301,305,307,310,311,312,316,318,319,324,328,331,334,335,337,351,352,355,366,380,390,396,401,418,421,447,456,457
19,30,71,72,75,78,81,82,83,84,85,86,87,88,91,92,93,94,95,96,97,98,101,104,105,106,107,110,112,113,114,116,119,120,121,122,124,125,126,128,129,130,131,133,136,138,139,140,141,142,145,147,148,149,150,151,153,159,160,162,163,165,167,168,169,170,173,175,176,184,185,190,193,196,197,202,203,205,207,209,210,212,214,216,219,227,228,229,230,232,233,234,235,236,237,238,239,241,242,243,244,247,248,249,250,253,256,257,259,260,262,264,265,266,268,269,270,273,274,276,277,278,280,282,284,285,287,288,289,290,291,292,293,294,295,296,299,300,301,302,303,305,309,310,313,314,315,317,318,320,322,323,324,327,332,333,336,339,340,341,343,346,349,360,361,362,363,366,368,372,381,382,387,389,401,411,419,424,430,437,487,489
20,71,73,75,77,78,79,81,82,83,84,85,88,89,90,93,96,98,100,102,103,104,107,108,110,111,113,114,115,116,117,120,121,122,123,129,130,132,133,135,136,139,140,143,147,149,155,157,158,160,162,164,166,168,172,173,178,179,182,186,188,191,192,193,198,199,204,210,211,214,215,219,221,223,226,227,230,231,233,234,235,237,241,242,243,244,246,249,252,253,256,259,260,261,263,266,267,268,269,270,271,272,273,274,275,276,278,279,281,282,283,284,285,286,287,288,289,290,291,293,295,296,297,298,299,300,301,302,303,304,305,306,307,309,310,312,313,314,315,316,318,319,320,323,325,326,327,328,329,330,331,333,334,335,337,338,339,340,341,342,345,346,347,348,349,355,357,358,360,361,362,363,368,369,370,371,373,375,377,378,380,381,382,383,385,388,392,397,398,407,410,413,414,419,436,442,444,470,479,480,650
21,78,79,81,82,83,84,86,89,90,92,93,94,95,96,98,99,100,101,103,108,109,110,112,113,114,116,117,119,121,122,124,126,127,129,130,133,135,136,137,138,139,142,143,144,146,149,150,151,152,154,155,159,163,164,166,167,169,170,171,172,174,177,178,181,183,184,187,190,193,194,195,203,206,214,219,226,227,230,232,233,234,235,236,237,238,242,247,248,250,251,258,259,263,264,265,266,267,268,269,270,272,273,275,278,279,283,285,286,287,288,289,292,293,295,296,299,300,301,302,303,304,305,309,310,311,313,314,316,317,318,319,320,321,323,324,325,326,327,329,331,332,333,335,336,337,339,340,341,343,345,347,348,350,351,352,353,354,357,358,360,362,364,365,366,368,370,376,378,380,383,385,387,391,394,399,402,408,411,412,431,433,450,451,466,474,534,551,580,696
22,19,45,63,71,77,78,79,81,82,84,85,86,92,93,94,95,96,97,98,100,101,102,104,106,108,111,113,114,115,120,122,123,125,127,128,129,131,132,135,138,139,140,142,145,152,153,155,156,158,161,163,167,168,172,175,176,178,180,181,184,185,188,190,191,194,197,202,203,206,208,209,214,235,237,238,240,246,247,248,250,252,260,261,262,264,269,270,271,272,273,274,277,278,283,284,285,286,288,290,292,293,294,299,300,301,305,306,307,309,310,311,313,315,316,317,318,319,322,325,327,328,330,331,333,334,335,336,337,338,340,341,343,344,345,348,350,354,356,357,360,362,364,367,369,377,378,382,384,387,398,401,410,412,416,422,446,450,461,498,502,510,533,541,558,669
23,28,64,77,80,82,84,85,86,87,89,90,92,93,94,96,103,104,106,107,108,110,111,112,113,114,115,116,118,123,126,127,137,144,149,151,157,158,163,166,168,171,173,174,176,177,178,181,182,183,185,186,187,199,200,202,203,206,207,212,217,218,222,224,227,229,236,238,242,246,248,249,254,257,258,261,262,263,264,268,269,272,274,278,279,281,282,284,286,287,288,291,292,293,294,295,296,298,299,300,301,302,303,305,306,307,308,309,311,312,315,316,317,319,320,321,322,324,326,327,328,329,330,331,333,334,335,336,337,339,340,341,342,344,345,347,349,350,353,354,356,357,361,362,363,365,366,368,370,374,376,378,379,381,383,384,386,390,392,393,398,400,401,402,404,405,406,409,411,414,417,419,420,424,432,434,435,437,439,440,453,474,487,492,574,687
24,70,73,74,76,78,79,80,82,83,85,86,88,89,90,91,92,95,96,97,100,102,105,109,110,112,113,115,116,117,119,121,126,129,130,134,136,139,143,146,147,151,152,160,163,166,167,169,175,181,186,190,191,193,196,199,210,216,228,237,239,240,241,249,251,254,258,259,260,261,265,266,268,269,270,271,276,280,282,288,289,293,294,296,297,298,299,300,302,303,304,305,307,310,314,316,318,319,321,322,323,325,328,329,330,331,332,334,335,336,337,338,341,342,343,344,345,346,347,348,349,350,351,353,355,357,358,359,361,362,363,364,365,366,367,368,371,374,375,376,378,379,382,385,387,389,390,392,395,398,400,403,405,407,409,411,423,426,430,431,432,433,434,438,448,453,456,482,491,494,495,529,546,566,571,654,670
25,71,72,73,76,77,78,81,82,85,86,87,88,89,90,91,92,93,94,98,100,102,108,109,110,112,113,118,119,122,123,125,126,128,132,134,135,139,144,149,150,154,156,159,161,163,166,168,171,172,177,179,183,185,186,191,192,208,214,219,233,234,238,242,243,253,257,265,267,269,271,272,273,278,279,282,284,290,293,297,298,299,302,305,306,307,308,312,314,315,317,319,321,322,323,326,327,328,329,330,331,332,334,335,336,337,338,339,341,342,343,344,347,348,350,352,353,354,356,357,359,360,361,362,363,366,367,369,370,371,375,376,377,379,382,383,384,386,387,389,392,395,396,397,402,404,406,407,408,410,412,422,424,429,430,431,435,456,482,487,511,636
26,72,73,75,76,78,80,81,82,83,84,86,87,88,89,90,92,93,94,95,96,97,98,100,101,102,103,105,106,109,110,115,116,117,125,126,129,132,134,135,136,137,139,140,146,147,150,151,152,153,154,155,158,165,168,171,173,178,183,185,187,188,191,194,199,201,204,205,212,214,215,234,238,247,250,252,255,258,259,262,266,274,280,281,283,285,291,294,297,298,300,304,305,306,310,314,315,316,317,319,321,322,324,325,326,328,329,334,337,338,340,341,343,344,346,347,348,349,355,357,361,365,366,370,371,372,373,377,378,380,381,382,383,384,385,389,390,392,399,405,411,415,416,430,432,441,459,468,475,491,528
27,26,73,74,75,76,77,78,80,82,83,84,85,87,88,89,90,92,93,94,96,97,98,100,102,103,104,105,108,110,111,112,113,114,115,116,117,118,119,120,123,124,125,126,129,132,134,135,137,138,141,142,143,150,151,152,154,155,157,159,160,162,169,170,173,175,176,177,180,184,185,189,192,195,196,199,203,204,205,206,212,213,214,215,223,231,242,248,249,252,254,255,269,270,272,274,278,290,291,301,305,307,310,314,316,320,321,322,323,327,330,332,333,335,336,338,341,342,343,344,345,348,349,350,351,353,364,369,371,372,373,377,378,379,386,387,400,406,413,416,417,420,421,423,428,431,432,436,437,441,444,446,461,491,525,572
28,73,74,75,76,77,78,79,80,81,82,83,85,86,87,88,89,90,91,92,94,95,96,97,99,100,101,102,106,108,110,114,115,116,117,118,120,121,122,123,125,127,128,129,130,131,132,134,135,136,137,138,139,141,142,144,145,147,150,153,155,156,157,158,159,160,161,167,168,170,172,178,180,182,185,186,188,191,192,194,195,196,199,201,203,206,208,211,212,214,216,228,230,235,237,238,240,251,252,256,264,271,274,276,278,282,287,288,293,296,303,305,319,320,325,326,329,331,333,334,340,341,342,347,351,358,360,365,371,374,375,376,380,382,383,396,397,403,415,429,436,445,466,481,483,552
29,64,66,70,71,72,74,75,76,77,79,80,81,82,83,85,86,87,89,90,92,93,94,96,97,98,99,100,103,105,107,108,109,110,112,113,115,119,122,124,127,128,129,130,131,132,133,138,140,141,142,145,146,148,149,150,151,154,155,158,159,164,168,170,171,172,179,182,187,189,198,201,202,204,210,213,216,226,229,232,233,235,237,239,242,244,247,248,250,254,261,262,278,284,297,298,299,310,312,315,319,322,323,326,336,337,339,340,345,346,348,351,356,362,368,371,377,378,381,390,391,416,417,424,426,451,564,568
30,70,71,72,74,75,76,77,78,80,81,83,84,85,86,87,88,89,90,91,92,93,94,95,96,97,98,99,100,101,103,104,105,106,110,113,118,119,120,121,122,128,129,130,132,137,139,140,142,144,146,147,148,149,150,155,156,157,158,160,161,162,163,164,165,166,169,173,184,186,188,193,194,195,197,201,202,205,206,208,209,210,212,214,219,221,228,229,236,242,245,248,250,251,254,263,264,265,270,280,285,288,289,294,304,323,326,332,334,350,361,370,376,379,413,499
31,43,66,67,68,70,72,73,74,75,76,77,78,79,80,81,83,84,86,87,88,89,90,91,92,93,94,95,96,97,98,99,100,101,102,103,104,105,106,107,108,109,111,112,113,115,117,118,119,120,121,123,124,126,127,128,130,131,133,135,136,137,139,141,142,143,144,146,147,148,149,151,153,157,159,161,164,166,168,170,171,172,173,174,175,178,181,182,184,185,188,189,195,202,204,207,210,211,213,218,219,222,224,227,232,243,285,289,366,444,447,449
32,65,69,70,71,72,73,74,75,76,77,78,79,80,81,82,85,86,87,88,89,91,92,93,94,95,96,97,98,99,100,101,102,104,105,106,107,109,110,111,112,113,114,116,117,119,120,121,122,123,124,125,126,127,129,130,131,132,133,135,136,137,138,139,140,141,142,143,144,146,147,148,149,150,152,153,155,156,157,159,160,161,163,164,165,167,169,171,172,173,174,178,179,180,181,182,183,184,187,188,189,190,191,193,195,196,197,199,201,203,204,205,206,207,208,209,210,212,213,215,216,217,220,224,225,229,230,233,234,236,237,239,242,249,251,252,256,257,262,265,281,295,298,307,339,357,426,467,530
33,61,64,66,67,68,69,70,71,72,73,75,76,77,78,80,81,82,83,84,85,86,87,88,89,90,91,92,93,94,95,96,97,98,99,100,101,103,105,107,108,109,110,111,112,113,114,115,116,117,118,119,121,123,124,125,126,128,129,131,133,134,135,136,137,138,139,140,141,144,145,146,147,148,150,152,153,154,155,159,161,164,169,170,171,174,176,180,181,182,183,184,185,188,190,193,195,197,198,199,200,201,202,204,205,210,212,215,216,226,228,230,239,240,241,245,256,257,260,263,264,274,281,294,318,335,575
34,15,61,62,63,66,67,68,69,71,72,73,74,75,76,77,78,79,80,81,82,83,85,86,87,89,90,91,93,94,95,96,97,98,99,100,101,102,103,104,105,106,107,108,109,110,111,112,113,114,115,116,120,121,122,123,124,125,126,127,129,131,132,133,134,135,136,138,139,141,142,143,145,146,150,151,152,153,155,159,163,166,167,168,169,170,172,177,180,181,185,187,189,190,192,194,195,197,198,200,201,203,210,211,218,219,220,221,222,224,226,229,230,233,234,240,247,255,262,263,264,266,273,275,276,277,282,287,307,308,317,333,340,343,355,359,503,654
35,58,64,65,66,67,68,69,70,71,72,73,74,75,76,77,78,79,80,81,82,83,84,85,86,89,90,91,92,93,95,96,98,99,100,101,102,105,107,108,111,112,114,115,117,118,119,121,122,123,124,125,126,127,128,129,130,131,132,133,134,135,136,138,139,140,141,142,143,145,146,148,149,150,151,152,153,154,155,158,159,160,161,162,163,167,171,174,177,178,179,182,183,185,186,188,189,191,192,194,196,197,200,202,207,209,216,220,221,227,231,232,243,247,248,250,251,252,260,262,266,276,277,280,283,287,292,293,295,302,317,319,398,585,637
36,34,61,66,67,68,69,70,71,72,73,76,77,79,80,82,84,85,86,87,89,90,91,92,93,94,96,97,98,99,100,101,102,103,104,105,108,109,111,113,115,116,117,118,119,120,121,122,125,126,128,129,131,132,135,136,137,138,139,142,143,146,147,148,150,151,153,157,160,164,166,167,171,172,175,176,177,178,179,180,183,184,185,188,189,190,194,195,196,197,198,200,201,206,207,208,212,214,218,222,225,226,230,234,240,241,243,245,246,248,250,251,252,255,256,263,291,304,305,320,333,351,357,482,597
37,19,56,58,61,62,64,66,68,69,70,71,72,73,74,75,77,78,79,80,81,82,83,84,85,86,87,88,89,90,91,92,93,95,96,98,99,100,101,102,103,104,105,106,108,109,110,111,112,113,114,116,117,118,119,120,123,125,126,128,129,130,131,132,133,134,135,136,137,138,139,141,142,143,144,146,148,149,150,151,153,157,159,162,163,164,166,168,169,170,171,172,175,176,178,179,180,181,182,184,185,186,187,191,192,193,194,198,207,208,210,212,213,214,219,221,228,235,236,237,238,241,243,244,247,252,257,259,262,263,274,275,307,310,316,333,342,345,467
38,25,55,56,59,61,62,63,65,66,67,68,69,71,72,73,74,75,77,78,79,80,81,82,83,84,85,86,87,88,90,91,92,93,94,95,96,97,100,101,102,103,104,105,106,107,108,110,111,112,114,115,116,118,119,120,122,123,124,125,126,127,129,130,132,133,135,136,137,140,141,144,145,146,148,150,152,153,154,159,160,163,164,165,166,168,169,170,171,172,173,174,175,176,178,180,181,184,185,186,187,193,194,197,198,200,201,202,206,210,216,220,223,224,227,232,235,236,239,241,242,246,248,250,253,254,259,264,270,277,280,287,311,316,335,336,354,624
39,60,62,63,66,67,68,69,70,73,74,75,76,79,80,81,83,85,86,87,88,89,90,91,93,94,96,97,98,99,101,102,104,105,106,107,108,109,110,111,112,113,117,119,120,124,125,126,127,128,129,130,132,133,134,137,138,139,141,142,143,145,146,147,148,149,150,151,152,153,154,155,156,159,161,164,166,167,168,175,176,177,178,182,183,184,186,188,189,193,194,195,196,197,198,199,201,202,205,208,209,213,222,223,224,227,230,231,232,235,238,239,240,242,246,247,252,253,256,259,261,262,267,271,273,277,279,283,284,291,296,299,300,302,322,362,491,634
40,17,59,63,65,67,68,69,70,72,73,74,76,79,80,81,82,83,84,86,88,89,90,91,92,93,94,96,97,98,99,100,102,103,104,105,106,108,109,110,111,112,113,115,116,117,118,119,121,122,124,126,127,128,129,130,131,132,133,135,139,141,142,143,144,145,146,147,148,150,152,153,155,156,157,160,161,163,171,173,175,178,180,184,185,186,187,188,191,192,193,195,197,198,199,202,207,208,209,211,212,213,215,223,226,228,233,237,239,242,243,245,248,249,253,255,257,260,268,273,279,290,298,303,314,320,339,347,371,446,576,594
41,57,58,61,63,64,66,67,68,70,71,72,73,74,76,78,80,81,83,84,85,86,87,89,90,91,92,93,94,95,96,97,99,101,102,103,107,108,109,110,111,112,113,114,115,116,117,120,121,122,123,124,125,126,127,128,131,132,133,134,136,137,140,141,142,143,144,145,146,147,149,150,151,153,154,160,162,164,166,167,168,169,170,173,174,175,176,178,179,180,181,182,183,185,186,188,189,191,192,198,200,201,202,203,204,205,210,217,224,227,232,233,235,241,246,250,255,257,258,260,261,264,268,271,273,278,284,285,288,311,337,372,524,590,619,636,648
42,67,68,70,72,73,75,77,78,79,81,82,85,86,87,88,90,91,92,93,94,96,98,99,101,102,103,104,105,106,107,109,110,112,113,114,115,116,117,118,119,120,121,122,123,124,128,129,130,134,136,137,139,141,144,146,148,153,154,156,158,159,161,162,163,164,165,167,168,169,170,171,174,175,179,181,183,186,187,189,191,197,198,199,200,202,203,204,205,211,212,213,214,222,226,227,231,235,237,245,246,249,250,253,254,256,259,263,264,267,281,284,291,301,303,315,334,346,363,487,533,676,695
43,58,69,73,74,76,79,81,83,84,85,87,89,91,92,93,94,95,96,97,100,101,102,103,104,106,109,113,115,117,119,120,121,123,124,125,127,128,130,131,133,134,137,138,140,141,142,144,145,146,148,153,159,161,162,164,166,169,171,173,176,178,179,181,182,186,187,190,191,192,193,194,195,196,197,202,203,204,206,210,214,215,217,219,225,228,236,238,240,243,245,246,248,249,256,258,266,275,281,284,296,321,323,364
44,65,67,69,70,73,74,76,78,80,81,82,83,85,87,88,89,90,91,92,94,95,96,97,100,102,103,104,105,109,110,111,112,113,116,117,118,119,121,122,124,125,126,128,129,130,131,133,135,136,139,140,141,142,144,146,147,148,149,152,153,155,156,159,160,163,166,168,173,176,179,186,187,189,191,194,202,204,206,208,211,213,214,216,217,221,224,232,236,237,240,258,261,262,273,293,325,349,369,400,405,689
45,66,68,69,70,71,74,76,79,81,82,84,85,86,87,89,91,93,94,95,96,97,98,99,101,102,103,105,106,107,109,110,111,113,118,120,123,124,127,129,133,135,136,137,140,141,142,145,146,148,150,154,155,163,166,171,172,174,177,179,183,184,186,188,190,193,194,199,200,202,205,206,210,224,230,240,242,253,254,255,261,268,269,275,284,307,517
46,29,57,60,61,64,66,68,69,70,72,73,77,80,82,83,84,85,86,89,90,91,93,95,96,97,98,100,102,103,105,108,109,111,112,113,115,116,119,121,124,125,130,131,133,134,135,138,144,145,147,154,155,156,162,163,168,169,171,173,175,179,182,185,186,187,188,191,199,201,205,206,208,213,215,239,241,245,273,276,302,306,335,359,362,675
47,59,61,63,64,65,66,70,72,73,75,81,82,85,86,87,88,90,91,94,95,98,99,100,103,107,109,110,113,116,119,121,122,123,124,125,128,130,131,132,133,135,136,139,140,145,148,150,152,154,156,158,159,164,168,171,192,196,197,198,205,209,222,227,238,252,259,262,280,297,318,330,492
48,54,56,59,60,62,63,68,71,72,81,86,94,95,97,101,108,113,114,115,116,119,121,123,125,128,131,133,134,138,146,147,156,160,161,166,173,178,204,235,243,263,304,314,682
49,50,102,107,120,126,129,132,143,145,146,156,189,214,316,394,456
50,475
51,7,472,517,552
52,376
53,13,526
54,5,65,392,410,465,560,569
55,6,11,41,428,527,575
56,65,508,548
57,5,18,295,300,322,424,503,590,681
58,149,323,468,515,553,645
59,8,39,440,653
60,38,185
61,54,584
62,263,314,432,507,549,657
63,247,470,535,561
64,42,67,162,241,532
65,162,411
66,341,379,603,604
67,
68,
69,
70,
71,
72,
73,
74,
75,
76,
77,
78,
79,
80,
81,
82,
83,
84,
85,
86,
87,
88,
89,
90,
91,
92,
93,
94,
95,
96,
97,
98,
