11
0,230
1,272,406
2,264,312,394,488,570,622
3,310,476,540,595,667
4,18,25,27,213
5,17,21,22,24,25,26,27,28,57,58,62,97,193,259,261,267,293,410,482,506,571,663
6,18,19,26,27,28,29,30,31,32,33,34,35,36,37,38,39,40,41,42,43,44,45,53,58,64,71,78,83,84,90,122,128,139,141,161,216,219,326,422,580
7,21,22,25,26,27,28,29,30,31,32,33,34,36,37,38,40,41,42,43,44,47,48,50,51,52,53,55,56,59,61,62,63,67,68,70,71,73,75,77,78,79,80,82,83,85,86,87,89,90,91,93,94,95,96,97,98,99,101,102,104,105,106,108,109,110,112,113,114,116,117,118,119,125,126,128,141,142,143,145,146,148,149,150,151,152,153,154,155,156,157,158,162,163,164,168,169,173,187,200,201,203,204,212,213,217,233,237,238,240,242,250,256,259,267,291,369,592
8,20,21,23,25,26,27,28,29,31,32,33,34,35,36,37,38,39,40,41,43,44,45,46,47,48,49,51,52,54,55,56,58,60,61,62,63,64,65,66,67,69,70,71,72,73,74,75,77,78,80,81,83,84,85,87,88,89,91,93,94,99,109,111,112,113,114,115,116,117,118,119,120,121,122,123,124,125,126,127,128,130,131,132,133,134,136,137,139,140,143,144,145,149,151,152,155,160,162,164,165,166,168,172,173,174,176,177,178,180,183,184,186,187,192,194,195,196,197,203,205,208,211,212,215,216,219,220,221,222,224,226,227,228,229,230,231,232,233,234,235,236,237,240,241,244,245,246,247,248,249,251,253,254,255,256,257,258,259,260,261,262,263,264,265,266,267,268,269,270,271,272,273,274,275,276,277,278,279,280,281,282,283,284,285,286,287,288,290,291,292,293,294,295,297,298,299,300,301,302,303,304,305,306,307,308,309,311,312,313,314,316,317,318,319,321,322,323,324,325,326,327,328,329,330,331,332,333,334,335,336,337,338,339,340,341,342,343,344,345,346,348,349,350,351,352,353,354,355,356,357,358,359,360,361,362,363,364,365,366,367,368,369,370,371,372,373,374,377,379,382,384,389,391,393,394,397,401,403,405,409,417,421,422,424,427,432,434,439,454,457,461,468,476,481,516,562,580,583,631
9,4,14,19,22,23,24,25,26,27,28,29,30,31,32,34,35,36,37,38,39,40,41,42,43,44,45,46,47,48,49,50,51,52,53,54,55,56,57,58,59,60,61,62,63,65,66,67,68,70,73,74,75,78,79,83,89,90,92,94,98,100,102,103,106,107,108,109,110,111,113,116,118,119,120,121,122,123,124,126,127,128,130,131,132,133,134,135,136,139,140,141,142,145,147,148,149,150,151,152,154,156,157,158,160,161,163,164,165,166,170,173,174,175,177,178,181,183,184,185,186,188,191,192,193,196,197,198,199,200,201,202,203,204,208,212,213,214,215,218,220,221,222,224,225,226,227,228,229,231,233,234,235,238,239,241,242,243,245,247,248,250,251,252,253,254,255,256,257,258,259,260,262,263,264,266,267,269,270,271,272,275,277,278,280,282,283,284,285,286,287,288,289,290,293,295,296,297,298,300,301,302,304,305,306,307,308,311,313,315,318,319,320,325,328,329,330,331,332,333,334,335,338,339,343,344,347,350,351,353,357,360,361,363,364,365,366,369,373,374,376,379,382,384,393,395,407
10,9,17,18,19,20,21,23,25,26,28,29,30,31,32,33,34,35,36,38,39,40,41,42,43,44,45,47,48,49,50,51,52,53,54,55,56,57,58,59,60,61,62,64,65,66,67,68,69,70,71,72,73,74,75,76,80,81,82,83,84,85,86,88,96,97,98,99,100,101,102,103,104,106,109,111,112,113,114,117,118,119,120,121,122,123,124,126,127,128,129,131,133,134,135,136,137,139,140,141,142,143,144,145,146,147,150,155,157,158,160,163,167,168,170,171,175,176,181,183,185,186,187,188,190,191,192,193,194,197,198,199,201,202,203,204,206,207,208,209,211,212,213,214,215,217,218,220,221,222,223,226,228,233,234,236,237,238,239,240,241,242,244,245,246,247,248,250,251,252,255,256,257,258,259,260,261,262,263,264,266,267,268,269,270,271,272,273,274,275,276,277,278,279,280,281,282,283,284,285,286,287,288,289,290,291,292,293,294,295,296,297,298,299,300,301,302,303,304,305,306,307,308,309,310,311,312,313,314,316,317,318,319,320,321,322,323,325,326,327,328,329,330,331,332,333,335,337,338,339,340,343,344,345,347,350,351,352,353,354,356,357,358,359,360,361,362,363,364,365,367,368,369,370,371,372,373,379,380,381,382,383,384,386,387,388,389,390,393,394,395,398,402,404,406,408,410,411,417,418,420,422,425,426,429,430,432,437,439,444,445,446,448,449,451,454,462,465,466,468,473,478,489,527,589
11,18,20,21,22,24,25,26,27,28,29,31,32,33,34,35,36,37,38,40,41,42,43,45,46,47,48,49,51,52,54,55,56,57,58,59,60,61,62,63,65,66,67,68,69,70,71,72,73,74,75,76,78,79,80,82,83,86,87,88,90,91,92,93,106,108,110,113,114,115,116,118,119,120,122,123,126,127,128,130,132,134,135,136,138,139,142,143,144,146,147,149,151,152,155,156,158,159,160,162,164,169,170,173,174,175,176,177,178,180,181,182,183,184,185,186,187,188,190,191,192,193,194,196,197,202,203,204,205,207,208,209,210,212,213,214,219,220,221,222,223,224,231,232,233,234,235,236,237,238,240,241,242,244,245,247,251,252,253,254,255,256,257,258,259,260,261,262,265,266,267,268,269,271,273,274,275,276,277,278,279,281,282,283,284,285,286,287,288,289,290,291,292,293,295,296,297,298,299,300,301,302,303,304,305,306,307,308,309,310,311,313,314,315,316,317,318,319,320,321,322,325,326,327,328,330,332,334,335,336,337,338,339,340,341,343,344,345,346,347,349,350,351,353,354,355,356,357,358,359,360,361,362,366,368,369,371,372,373,374,376,377,378,379,380,382,383,384,385,386,387,388,390,391,392,396,397,398,399,407,409,412,413,415,417,418,419,421,424,425,426,427,428,430,431,432,433,434,435,440,441,444,446,448,453,455,458,461,462,464,468,479,575,618
12,17,20,22,24,26,27,28,29,30,31,33,34,35,36,37,38,39,40,42,43,44,45,46,47,48,50,51,52,54,55,58,59,62,63,64,66,68,69,70,71,72,73,74,75,76,77,79,80,81,83,84,85,87,89,90,94,101,102,103,104,105,108,110,114,115,116,117,118,119,120,121,122,123,124,125,126,127,128,129,131,132,133,134,135,136,137,138,139,140,141,142,143,145,146,148,150,151,152,153,156,158,159,161,162,164,169,171,172,174,175,177,178,180,182,183,184,185,186,187,189,190,192,193,195,197,198,199,204,205,206,208,209,210,211,213,214,216,220,221,222,223,226,227,231,232,233,234,235,237,238,239,241,242,243,244,245,246,247,248,249,250,252,253,254,256,257,259,260,261,262,263,264,265,267,268,269,270,271,272,273,274,275,276,278,279,280,282,283,284,285,286,287,288,289,292,293,294,295,296,297,298,299,300,301,302,303,304,305,306,307,308,309,311,312,313,314,315,318,319,320,321,322,323,324,325,326,328,331,332,333,334,335,336,337,338,339,340,342,343,344,346,347,348,349,350,351,352,354,356,357,358,359,360,361,362,364,365,366,367,368,369,370,371,372,373,374,375,376,377,378,380,383,385,386,387,388,389,390,391,392,393,394,396,397,398,399,400,401,402,403,404,405,406,408,409,410,411,412,413,414,415,416,418,421,423,425,427,428,429,430,432,433,434,435,439,441,442,443,444,445,446,447,448,449,450,451,453,455,456,457,459,461,463,465,467,468,470,471,473,476,480,481,484,487,488,489,490,492,493,494,496,506,508,509,511,512,521,527,540,541,572
13,5,17,21,27,28,29,30,31,33,34,35,36,37,38,39,41,42,43,44,45,46,47,48,49,50,51,52,53,54,55,56,57,58,59,60,61,62,65,66,73,74,78,79,80,81,85,89,90,91,92,93,96,97,104,107,110,112,113,115,117,120,123,126,127,128,129,130,131,132,137,138,141,146,148,153,155,158,159,160,162,163,165,167,169,173,174,177,179,180,181,182,183,185,186,189,193,195,198,199,200,201,205,207,208,209,211,212,215,217,218,221,222,224,225,226,227,233,236,238,241,243,245,247,248,250,251,253,255,256,257,259,260,261,262,263,264,265,266,267,268,269,270,271,272,273,274,276,277,278,279,280,281,282,283,284,285,286,288,289,290,291,292,293,294,296,297,298,299,300,302,303,304,305,306,308,309,310,311,312,314,315,316,317,319,320,321,325,327,328,329,330,332,333,334,335,336,337,338,341,342,343,344,346,347,349,350,352,353,354,356,357,358,359,360,361,362,363,366,367,369,370,371,373,374,375,376,377,378,379,380,382,384,385,387,388,389,390,391,392,393,394,396,399,400,402,404,405,406,407,408,409,416,419,420,421,423,425,426,427,430,431,432,433,434,435,436,437,438,439,440,441,442,443,444,445,446,447,448,449,450,451,452,453,454,455,456,457,458,459,460,461,462,463,467,468,469,470,472,475,477,478,480,485,486,492,495,496,499,500,501,502,507,508,512,514,520,522,525,541,545,576,579,582,583
14,22,25,26,27,29,30,31,32,34,35,36,39,42,43,44,45,46,47,48,49,50,53,54,55,56,59,60,61,62,63,64,67,68,69,70,71,72,73,74,75,76,77,78,79,80,81,82,83,85,87,88,89,90,91,93,94,95,101,103,107,109,110,117,118,119,120,122,123,124,125,128,129,130,135,138,142,143,148,151,152,153,154,156,158,159,161,167,168,171,172,175,176,177,180,182,186,188,190,191,196,201,203,208,210,212,214,218,219,220,221,222,224,228,230,233,234,237,240,241,245,246,247,249,250,253,255,256,258,260,261,262,263,264,265,268,272,273,277,278,284,287,288,290,293,294,296,297,298,299,300,301,302,303,304,307,308,309,310,311,315,316,318,319,320,321,322,323,324,326,327,328,329,330,332,334,335,338,340,341,342,343,344,345,346,347,348,350,351,352,353,354,355,356,357,358,359,362,363,364,366,367,368,369,370,371,373,377,378,379,381,382,383,384,385,386,387,388,391,392,394,395,396,397,398,400,402,404,405,407,408,409,410,411,413,414,416,417,418,419,420,421,424,425,426,427,428,429,430,431,433,434,435,436,437,438,439,441,443,444,445,446,447,448,449,450,453,455,456,458,459,460,463,464,465,466,467,469,471,474,475,476,478,479,483,485,486,494,497,501,502,505,506,507,515,520,535,538,547,583,627
15,27,30,31,33,34,35,36,37,38,39,40,41,42,43,44,45,46,48,49,51,53,54,55,57,58,59,60,61,63,64,65,66,67,68,69,70,73,76,77,82,83,85,86,88,90,91,92,93,95,96,97,98,101,102,107,117,119,121,122,123,126,127,128,129,130,131,132,133,135,136,138,139,140,142,143,145,147,153,155,158,160,162,163,171,172,176,177,178,180,182,183,185,187,190,194,195,198,202,207,209,211,212,214,216,217,218,219,220,221,226,227,230,231,237,238,241,246,247,249,253,254,255,258,259,260,261,265,266,268,269,276,277,282,283,284,286,290,291,294,297,298,299,301,302,304,305,307,308,309,310,312,314,316,317,318,319,321,322,323,328,329,330,331,332,334,335,336,337,338,339,341,342,347,349,351,352,353,354,355,358,363,366,368,372,375,376,377,380,381,384,390,391,393,396,397,399,400,402,407,411,413,414,417,419,420,423,424,429,431,433,434,437,438,439,442,444,446,448,450,453,454,455,460,465,469,470,472,476,479,484,487,491,492,493,495,506,510,513,519,521,533,542,544,550,573,580,602
16,29,33,34,35,36,38,40,41,42,43,44,45,47,48,49,50,51,52,53,54,55,56,58,59,61,63,66,67,68,70,72,73,78,79,80,81,83,84,85,88,90,94,95,96,98,99,104,110,115,116,121,123,124,127,132,134,135,136,138,139,141,143,144,148,149,150,151,152,154,155,156,161,166,175,179,181,183,184,189,190,191,192,193,194,198,200,206,208,210,211,212,215,217,220,222,224,225,227,228,231,233,239,244,247,248,249,250,251,252,253,255,256,257,259,260,261,262,263,264,267,268,269,271,272,274,276,279,282,283,284,289,291,292,295,296,300,301,302,307,308,310,313,315,316,319,320,322,323,324,325,326,330,332,335,336,337,338,339,342,343,345,347,349,350,351,352,354,355,357,359,360,367,368,371,372,376,380,381,382,383,385,386,390,393,396,405,407,411,414,419,424,428,431,434,436,437,438,439,441,443,444,445,448,456,459,464,465,466,467,474,475,476,481,490,492,495,496,498,511,531
17,10,18,25,27,28,30,31,32,33,34,37,39,41,42,43,44,45,47,48,49,51,53,54,55,57,58,62,63,64,65,66,67,69,70,71,72,73,74,75,76,77,78,80,81,83,84,86,88,89,90,91,94,95,96,97,98,99,105,117,118,121,122,123,124,127,129,130,131,133,136,137,138,139,140,143,145,148,149,151,152,154,156,157,161,163,165,166,167,175,179,181,184,186,191,193,197,200,216,220,222,224,225,227,229,236,241,245,249,250,252,253,256,257,264,265,268,270,271,272,281,283,286,287,288,292,293,294,295,296,297,300,301,302,303,304,306,307,311,314,315,318,319,320,321,322,332,333,334,335,336,337,338,340,343,344,345,346,347,349,350,351,354,356,358,361,362,365,367,368,369,370,371,374,376,379,380,382,385,387,388,389,390,393,394,396,397,398,404,406,407,408,411,415,418,422,423,425,426,427,428,429,430,431,434,437,438,440,441,444,447,449,452,453,457,460,461,468,473,478,483,487,499,510,527,632
18,28,30,31,32,33,34,35,37,38,39,40,41,42,43,44,45,47,48,49,52,53,54,55,56,59,60,62,63,64,65,66,68,70,71,72,73,74,75,77,78,79,80,84,85,86,87,88,90,92,95,96,98,100,103,104,106,107,111,113,117,119,120,123,124,126,128,131,133,134,136,138,140,141,143,144,146,147,148,150,152,153,154,155,156,159,161,163,169,172,177,179,180,183,184,190,191,192,193,199,205,206,211,213,215,218,219,221,223,227,230,231,236,239,240,242,245,247,249,251,252,255,257,259,263,264,265,267,268,273,277,278,281,284,286,289,290,297,298,304,305,306,307,311,314,316,317,319,324,326,327,344,345,346,350,355,358,362,363,365,366,369,371,373,378,382,386,390,391,394,395,400,404,405,407,409,410,411,416,417,419,421,423,424,427,429,430,432,438,440,442,443,452,465,474,479,486,524,533,537,539,546,627
19,26,28,29,30,32,36,37,38,39,40,41,42,43,44,45,46,47,48,49,50,51,52,53,54,55,56,57,58,60,61,62,63,64,65,66,67,68,69,70,71,72,73,74,75,78,80,84,86,88,89,92,95,97,100,101,104,105,109,115,118,120,122,123,124,125,127,128,129,130,133,134,135,136,137,138,140,141,142,143,144,145,146,147,149,151,153,154,157,160,161,162,163,165,166,168,169,174,176,178,180,182,183,185,186,188,189,191,193,194,195,197,198,199,200,203,204,207,208,212,214,215,216,218,221,222,224,226,227,229,230,232,233,234,240,241,242,243,246,248,250,251,253,254,255,256,257,258,260,262,264,266,267,269,270,271,272,273,277,278,279,280,281,282,283,284,285,286,287,288,289,290,292,293,294,295,296,297,298,300,301,302,303,306,307,308,313,314,318,322,330,331,337,339,342,344,345,359,360,361,364,366,371,373,376,380,381,392,397,407,413,416,418,423,424,425,426,430,434,438,443,445,457,459,469,471,473,485,489,517,545,558
20,16,24,31,32,33,34,35,37,38,39,40,41,42,44,45,46,47,48,49,50,51,52,53,54,55,56,58,59,60,61,63,66,68,70,71,72,73,74,75,76,77,78,79,80,81,82,83,84,85,86,87,88,89,91,93,94,95,96,97,98,99,100,102,103,104,105,108,110,113,120,121,122,123,124,125,126,127,128,129,130,131,132,135,136,137,139,141,144,145,146,148,151,153,159,160,161,162,163,169,171,172,175,177,178,180,181,182,183,184,185,187,188,189,190,194,197,199,200,201,206,211,212,214,215,216,219,222,225,228,232,238,240,241,246,250,252,259,264,266,268,270,272,273,275,279,282,283,286,289,291,293,295,302,306,309,312,313,314,315,316,317,319,323,326,327,329,333,338,341,348,349,352,354,355,357,358,359,362,363,364,371,372,373,374,375,377,379,383,386,387,390,395,396,397,398,400,402,405,408,409,410,411,415,416,417,418,419,420,421,424,429,431,432,438,444,446,447,448,452,453,455,458,460,479,482,486,512,530
21,19,27,32,33,34,35,37,38,39,41,42,43,44,45,46,47,48,49,50,51,52,53,54,55,56,57,58,59,60,61,62,63,65,66,68,69,70,71,72,73,74,75,76,78,79,81,82,83,85,86,89,90,91,92,93,94,96,98,105,109,112,113,116,117,119,121,125,126,127,128,130,131,132,134,135,136,137,138,139,140,141,142,143,144,145,146,147,148,151,152,153,154,155,156,157,158,159,160,161,162,163,164,166,167,168,170,172,174,181,182,183,186,187,188,189,191,192,193,194,195,196,197,198,199,201,202,203,204,205,207,208,209,211,212,214,217,218,219,220,222,223,225,227,232,235,236,238,242,243,244,250,251,254,258,262,263,264,265,268,270,271,273,275,277,278,279,282,283,285,286,294,295,301,302,303,305,306,310,313,325,327,330,336,337,342,351,354,357,362,364,369,371,376,382,384,385,399,404,412,413,414,422,428,429,430,433,435,436,453,467,469,478,480,481,484,488,489,502,507,512,519,526,550
22,16,29,31,32,35,40,41,42,43,44,47,48,49,50,51,52,54,55,56,57,59,61,62,63,64,65,66,67,68,69,70,71,72,73,75,76,77,78,79,80,81,82,83,84,85,86,87,88,89,90,91,92,94,95,96,97,98,99,100,101,102,103,106,107,108,112,124,129,130,133,137,140,141,142,143,145,146,147,148,151,152,153,154,156,157,158,159,160,162,165,167,169,170,171,173,175,176,177,178,181,185,187,188,189,190,191,193,195,196,199,200,201,202,203,204,205,206,209,210,213,215,218,219,220,221,222,224,225,226,228,230,233,236,237,238,239,240,243,244,245,247,248,249,250,252,253,255,256,257,258,261,263,264,265,266,267,268,269,271,273,274,275,278,279,281,282,283,285,287,288,289,291,293,294,295,296,298,299,300,302,303,304,305,307,308,309,313,314,315,316,317,319,320,322,324,326,327,329,330,333,336,339,344,345,349,351,356,357,359,363,367,370,372,373,375,376,377,378,381,386,387,389,390,391,394,396,398,399,413,418,419,420,423,428,440,445,446,447,450,457,462,467,476,478,480,483,487,494,520,548,570,633
23,30,32,33,35,36,37,38,39,40,42,43,44,45,46,47,48,49,50,51,52,53,54,55,56,57,58,59,60,62,63,64,66,67,69,70,72,73,78,79,80,81,82,83,84,86,88,91,93,94,95,96,97,98,99,100,101,102,103,104,105,106,107,108,110,111,112,114,115,116,117,118,119,121,123,126,127,128,129,130,132,133,135,137,138,139,141,142,143,145,146,147,148,149,150,152,154,155,156,157,158,160,161,162,163,165,166,167,168,171,173,175,176,179,180,181,182,183,184,185,186,187,188,189,190,191,194,195,196,197,198,199,200,201,202,205,206,208,212,214,215,217,218,219,220,221,224,226,229,230,232,233,236,238,239,240,241,242,244,246,247,248,250,252,255,256,257,258,259,261,264,267,268,270,272,273,275,276,277,279,280,281,282,283,284,286,292,298,304,310,312,313,315,326,339,357,358,367,368,371,373,374,380,382,384,387,388,399,407,412,415,420,422,426,428,431,436,443,447,450,451,456,459,462,469,473,475,476,479,483,485,487,491,499,500,501,508,514,516,517,522,538,539,544,559
24,25,31,32,33,35,38,39,40,41,42,43,44,45,46,47,48,49,50,51,52,53,55,56,57,58,59,60,61,62,63,64,65,66,67,68,70,71,72,73,74,75,76,77,78,79,80,81,82,83,84,85,86,87,89,90,91,92,93,94,95,96,97,98,101,102,104,108,109,110,111,112,114,115,117,118,119,121,122,123,124,127,128,129,130,131,132,134,135,136,139,140,142,143,145,146,148,149,150,153,155,156,159,160,164,165,166,167,168,169,170,173,174,179,182,184,186,187,188,189,193,194,195,196,197,199,200,201,202,203,204,205,206,207,209,212,214,215,216,219,220,221,223,224,225,227,228,229,230,232,233,234,236,237,238,239,240,242,243,244,245,246,247,248,251,252,253,254,255,256,257,258,259,260,261,262,263,264,265,266,267,268,269,270,271,273,276,277,279,281,282,284,285,286,288,289,290,291,292,294,295,300,301,304,305,308,309,311,312,314,315,319,321,330,331,335,339,341,342,357,366,372,375,377,382,385,391,392,397,398,399,400,403,413,416,419,423,424,427,430,436,447,448,451,452,456,457,467,469,471,472,477,482,486,488,495,498,502,505,511,515,517,527,528,533,549,551,557,578,651
25,27,29,32,33,34,36,37,38,40,41,42,43,44,45,48,49,50,51,52,53,54,55,57,58,59,60,61,62,63,64,66,67,68,69,70,71,72,73,75,76,77,78,79,81,82,84,85,86,87,88,89,90,91,92,93,94,95,96,97,98,99,100,102,103,105,106,107,110,113,117,118,119,125,126,127,129,131,132,135,136,137,139,142,145,146,147,149,150,154,155,156,159,160,165,166,170,172,175,176,177,179,180,181,182,183,184,185,186,190,191,194,197,199,200,203,204,206,207,208,209,210,211,212,215,216,220,222,223,229,230,233,234,236,238,242,243,246,247,248,249,253,256,257,258,260,261,271,274,278,280,281,291,294,295,301,302,303,305,313,315,318,323,328,330,333,345,354,370,379,384,393,396,398,401,411,417,422,427,435,436,439,442,445,447,448,449,450,454,456,463,465,466,469,470,471,476,479,480,483,485,486,487,488,494,496,498,499,501,504,507,511,514,515,516,517,519,521,522,523,528,534,536,542,547,555,581
26,17,26,32,33,37,38,39,40,41,44,45,46,47,48,49,50,51,52,53,54,55,56,57,58,59,60,61,62,63,64,65,66,67,68,69,70,71,72,73,74,75,76,77,83,84,85,86,88,89,90,91,94,95,96,97,98,99,100,101,103,104,105,106,107,108,109,110,114,115,116,117,119,121,122,123,124,125,126,128,129,131,133,134,137,139,140,141,143,145,146,147,148,149,150,151,153,154,156,160,161,162,163,165,167,169,171,172,173,177,178,179,180,182,184,187,188,190,192,194,195,196,197,200,202,203,205,209,210,212,213,214,215,216,221,223,224,227,228,229,230,232,233,234,235,236,239,240,241,244,247,248,249,250,251,252,254,257,258,259,260,262,263,264,265,266,268,269,270,272,273,275,276,278,281,282,285,286,290,298,307,319,322,331,340,388,392,403,405,413,421,423,425,427,430,435,442,448,451,452,454,463,466,468,470,483,488,490,491,493,498,501,506,515,523,533,534,535,544,548,549,555,563,638
27,26,30,33,34,36,37,38,39,40,41,42,43,44,45,46,48,49,50,52,53,54,55,58,59,60,61,62,63,65,66,67,72,73,74,75,76,77,78,79,81,83,84,85,86,87,88,89,90,91,92,93,96,98,99,100,102,103,104,105,106,108,109,110,111,114,115,123,126,127,129,130,131,133,134,135,137,138,140,143,144,148,150,153,157,159,160,161,162,164,167,173,175,176,178,180,182,183,185,186,187,188,189,190,191,193,194,196,198,201,202,203,208,211,213,217,218,219,222,223,224,226,228,230,231,233,234,236,237,244,245,248,249,250,252,253,255,257,259,260,261,262,263,265,268,269,270,276,279,281,284,289,291,294,296,298,300,301,304,305,306,310,311,317,320,321,326,339,346,355,360,361,368,373,377,384,385,394,395,398,412,422,423,426,427,430,432,434,435,436,438,441,443,444,448,451,453,458,461,463,467,471,472,477,480,481,485,490,493,497,498,499,502,504,505,508,509,512,513,520,523,527,528,535,565,585,588,655,679
28,18,31,33,36,38,39,40,41,42,43,44,45,46,47,48,49,50,51,52,53,54,55,56,57,58,59,60,61,62,63,64,65,66,67,68,69,70,72,73,74,75,76,77,78,79,80,81,82,83,84,85,86,88,89,90,91,92,93,94,96,98,99,100,102,103,106,107,108,109,110,111,112,113,114,115,117,119,122,123,125,126,128,129,130,131,132,134,137,138,139,141,142,143,144,145,146,147,148,149,151,152,153,154,155,156,158,161,162,163,165,166,167,168,169,171,172,174,175,177,182,186,187,188,190,192,193,194,195,196,197,199,200,201,202,203,204,206,207,208,209,210,212,213,215,216,217,218,219,220,221,222,223,225,226,227,228,229,230,231,232,233,234,235,236,237,239,240,241,242,244,245,247,250,252,255,257,258,260,264,268,269,270,272,276,279,284,286,287,293,322,326,423,426,440,467,468,486,535,540
29,30,31,32,35,36,37,39,40,41,43,44,45,46,47,48,50,51,52,54,57,58,60,61,62,63,64,66,67,68,69,72,73,75,76,77,78,79,81,82,83,84,86,87,88,89,90,91,92,94,95,96,97,98,100,102,103,105,106,107,108,109,110,112,115,122,126,127,128,131,132,133,134,135,136,137,138,140,141,142,143,144,145,146,154,155,156,158,160,161,162,165,167,168,169,172,173,175,176,178,180,182,183,187,189,190,192,193,194,196,197,198,200,202,203,204,205,206,210,213,214,218,220,221,223,228,230,232,236,240,249,255,256,257,258,259,260,261,262,263,264,266,267,269,270,271,273,274,276,277,278,280,281,282,284,287,289,290,294,295,296,297,298,299,304,305,306,308,309,310,314,315,316,317,319,324,330,335,339,341,342,343,402,415,416,420,421,422,424,437,443,446,448,451,452,459,470,472,480,494,503,513,523,541,548,561,595,672
30,32,33,35,37,38,40,41,42,43,44,45,46,47,48,49,50,52,53,54,56,57,58,59,60,61,62,63,64,65,66,67,69,70,71,72,73,74,75,76,77,78,79,80,82,84,85,87,88,89,91,92,93,94,95,96,97,98,100,102,106,107,108,110,111,112,113,115,117,118,122,124,125,127,128,129,130,133,134,135,136,137,139,141,142,144,145,146,147,149,152,153,154,155,156,157,158,159,160,161,163,164,165,168,170,171,172,173,174,178,179,180,181,182,183,184,187,188,189,190,191,192,193,194,195,196,197,198,200,201,202,204,205,206,207,208,210,212,213,214,215,216,217,218,219,220,221,223,224,225,226,228,229,231,232,233,235,237,240,241,244,245,247,248,249,260,261,263,267,268,270,271,272,275,284,285,286,287,289,290,296,300,302,303,306,322,323,366,398,406,413,422,426,432,439,478,485,489,504,520,531,536,563,644
31,13,27,33,35,38,40,41,42,43,44,45,46,47,49,50,52,53,55,56,58,60,61,62,63,64,65,66,67,68,69,70,71,72,74,75,76,77,78,80,81,83,85,86,88,89,90,91,92,93,94,95,96,97,98,99,100,101,103,104,105,107,109,110,111,114,117,121,122,124,125,126,127,129,131,132,133,134,136,137,141,142,143,144,145,146,147,148,149,150,151,152,153,154,156,158,159,160,161,164,165,166,168,171,172,173,177,179,182,184,186,187,189,191,192,193,194,196,198,200,201,202,204,205,210,211,213,214,216,217,218,219,220,221,223,224,225,226,227,228,229,232,233,234,235,236,239,240,241,242,243,249,252,253,254,256,257,258,259,261,262,263,264,266,268,270,271,272,273,274,275,277,278,279,281,282,283,285,286,290,291,292,294,296,297,298,299,300,301,304,305,307,309,311,313,314,316,318,324,328,329,330,336,338,341,347,356,423,443,444,452,456,464,469,470,481,483,504,560,697
32,31,34,36,38,39,42,43,44,45,46,47,48,49,50,51,53,54,55,56,58,59,60,61,63,64,65,66,67,69,70,71,73,74,75,76,77,78,79,80,81,83,85,86,88,89,91,92,93,96,97,99,102,103,104,105,106,107,108,109,110,111,112,114,115,116,117,118,119,120,121,122,123,124,125,128,129,131,132,133,135,136,137,138,139,140,141,142,143,144,145,146,147,148,149,150,152,153,154,155,156,160,161,164,166,167,168,169,170,171,175,176,177,180,181,184,185,187,188,189,190,191,192,193,194,195,196,197,198,200,201,202,203,204,207,208,209,210,212,214,217,218,222,223,224,227,236,240,244,250,257,259,260,261,262,272,276,278,282,287,290,291,292,294,297,332,351,373,383,414,449,456,459,480,492,569,637
33,31,32,33,38,40,41,42,43,44,45,47,48,50,51,53,55,56,57,58,61,62,63,64,65,66,67,68,69,71,72,73,74,75,76,77,78,79,80,81,83,84,85,86,87,88,91,92,93,94,95,96,97,98,99,101,102,103,104,108,111,112,117,118,119,120,122,127,129,130,131,132,133,135,138,139,140,142,143,144,145,150,151,152,154,155,157,159,164,165,166,167,169,170,172,173,176,177,178,179,180,182,183,186,188,189,193,194,201,202,205,207,208,209,210,215,218,219,220,221,223,224,225,230,232,234,235,236,239,240,241,244,245,246,247,248,249,250,251,252,253,257,260,261,262,263,264,267,268,269,270,271,272,277,278,281,282,283,284,286,289,290,292,294,297,301,302,307,310,316,317,323,327,330,331,333,334,336,340,343,357,358,372,378,387,402,433,440,445,460,606
34,24,30,31,35,36,37,38,39,40,41,42,43,44,45,46,47,48,49,50,51,52,53,54,55,56,57,58,59,60,62,63,65,67,68,69,70,71,72,73,74,75,76,79,81,82,83,84,86,87,89,90,93,94,95,97,100,103,105,106,107,108,109,110,111,112,113,115,116,117,121,123,125,128,129,130,131,134,135,137,138,139,140,141,142,144,145,147,148,149,150,151,153,154,155,156,158,159,162,163,164,165,166,168,170,175,176,177,178,179,180,182,184,186,187,188,191,192,193,194,195,196,197,199,200,201,202,203,204,205,207,209,212,214,215,216,217,223,227,228,230,231,235,236,240,241,242,249,250,258,262,265,268,275,281,284,291,294,295,304,317,326,330,333,338,544,672
35,29,30,31,32,34,35,37,38,39,40,41,42,43,44,47,50,52,54,55,57,59,61,63,65,66,67,68,69,70,71,72,73,75,76,77,78,79,80,81,82,83,84,85,86,87,88,89,90,91,92,93,94,96,97,98,99,100,102,103,105,106,107,111,112,113,118,120,121,126,129,131,133,134,137,138,139,143,145,147,148,150,151,152,153,154,155,157,158,160,161,165,171,172,174,175,177,179,182,192,193,195,196,200,202,205,206,208,210,211,213,218,221,222,224,227,228,234,239,242,243,244,249,250,253,256,259,261,262,263,264,265,270,273,280,281,283,286,290,294,301,303,312,341,347,378,548
36,36,41,42,43,45,46,47,49,50,51,52,53,54,55,56,57,58,59,60,63,65,67,68,69,70,71,73,75,76,77,78,83,84,85,86,88,89,90,92,93,96,97,98,99,100,101,102,104,105,106,108,109,110,111,112,116,118,123,124,128,131,132,133,134,136,140,141,142,144,145,146,147,148,149,150,151,152,155,156,157,158,159,160,162,163,164,166,167,168,170,171,172,173,174,175,176,177,178,179,180,181,182,183,185,186,188,192,193,195,198,201,203,206,221,225,229,235,236,237,241,243,245,249,260,266,270,280,289,302,309,315,317,318,325,354,358,639
37,40,42,43,44,45,46,48,49,51,52,53,55,56,61,62,64,65,66,67,68,69,70,71,72,73,75,76,77,78,80,81,82,83,84,85,86,87,89,91,92,94,95,96,97,98,100,101,102,103,107,109,110,114,116,117,120,121,124,125,131,133,134,135,138,140,141,142,143,147,149,152,153,155,156,160,162,166,167,169,170,171,175,176,178,180,183,184,186,187,188,189,190,191,192,195,196,197,198,199,200,201,202,205,206,207,209,211,212,213,214,215,221,222,224,228,229,231,234,237,240,242,244,246,247,250,251,253,256,262,265,269,278,279,281,283,284,287,294,295,301,309,331,346,356,361,362,556
38,39,45,48,50,51,52,53,54,55,56,57,58,59,63,64,65,66,67,68,69,71,72,76,77,78,80,81,83,84,85,86,87,89,90,92,93,94,95,97,100,101,103,105,106,107,108,109,110,112,113,114,117,118,121,124,126,127,132,134,135,137,138,139,141,143,144,145,146,147,149,150,155,156,157,159,160,161,163,164,166,168,170,172,173,174,175,176,177,179,180,182,183,184,185,188,192,193,195,197,200,201,202,206,207,210,211,213,219,222,227,229,231,233,234,239,240,247,258,265,266,272,282,283,289,307,346,354,357
39,42,44,45,47,48,49,51,52,53,54,55,56,58,59,61,62,63,66,67,69,71,72,73,75,76,78,79,80,81,82,83,84,85,86,87,88,89,90,91,92,94,95,96,97,98,101,102,103,104,105,106,107,108,111,112,113,114,115,119,121,123,138,141,144,145,147,152,159,160,170,173,176,177,181,184,185,187,189,190,193,194,195,196,197,203,205,207,208,209,211,215,216,218,224,234,241,244,247,250,252,256,268,273,274,290,294,301,302,337,352,362,552,664,675
40,13,46,47,50,52,53,54,55,56,57,58,59,60,61,62,63,65,67,68,69,70,71,72,74,76,78,79,80,81,82,83,84,85,86,87,88,89,90,91,92,93,96,97,99,100,103,104,105,108,110,112,114,115,119,120,122,123,127,143,145,146,148,150,153,154,156,161,162,163,164,165,171,172,173,174,177,180,184,187,189,191,192,193,197,198,202,203,206,207,215,217,221,236,240,246,249,286,287,294,298,314,603
41,32,34,37,39,40,41,43,44,45,48,51,52,54,56,58,59,62,64,65,66,67,68,70,71,72,73,75,76,77,78,79,80,81,82,83,84,85,86,87,88,89,90,91,92,94,97,98,100,101,102,103,104,105,107,108,110,111,112,113,114,116,117,120,122,123,131,135,145,152,154,156,157,158,174,182,199,205,209,226,235,261,263,294,298,299,630
42,43,47,48,56,60,61,64,65,68,70,71,72,74,77,81,82,83,84,85,88,89,90,95,98,100,101,104,106,115,117,119,121,123,137,166,167,185,190,193,197,210,212,218,228,235,241,307,335,340
43,5,76,78,83,86,89,90,91,92,93,94,95,96,97,98,99,100,102,104,106,109,110,112,113,118,123,131,136,142,143,183,232,249,376,457,695
44,128,163,298,540,628,636
45,254,544,563,628,667
46,420,571,611,672
47,278,299,683
48,16,44,468
49,356,594,659
50,194
51,14,271,486,646,651
52,384,438,443,457
53,556,581
54,25,384,600,602,693
55,25,157
56,292,382,500,617,619,645
57,178,300,502,582,583
58,184,358,451,586
59,187,454,488,525,563,568
60,326,375,400,415,439,478,588
61,246,267,320,323,497,630
62,4,329,353,429,507,591
63,26,105,209,560
64,44,230,628
65,3,56,131,175,202,239,588,593
66,47,69,84,104,434,586,680
67,335,408,411,459,479,636
68,12,54,201,225,263,429,664
69,351,408,621
70,553,627
71,391,487,621,673
72,119,161,208,444,564,599
73,88,311,374,512
74,332,419,478,586,613,665
75,123,205,347,374,576,696
76,194,325,336,339,356,503
77,123,144,208,524
78,85,169,618
79,245,321,336,363,414,424,534
80,6,129,165,276,413,516,677
81,164,212,361,433,461,505,570
82,9,563,632
83,59,167,328,511,603,662
84,195,448,449,530
85,48,83,227,260,277,295
86,109,144,254,367,495,519,540
87,
88,
89,
90,
91,
92,
93,
94,
95,
96,
97,
98,
