4
0,281
1,30,235,244,262,410,640
2,10,28,103,159,331
3,18,84,158,229,264,295,380,451,526,636,638,651,668
4,34,153,616,639
5,120,174,193,494,659
6,39,123,306,317,323,324,470
7,369,432,473,485,495
8,8,618
9,122,342,473,547
10,338,646
11,51,295,583
12,247,475,643
13,
14,7,127,130,185,231,318,502,597,623
15,117,452,460,585
16,125,506,535,662
17,62,207,331,412,466,481,678
18,30,56,59,67,71,79,99,589,648,659
19,53,59,62,63,64,65,66,67,68,69,71,73,74,75,76,78,79,80,82,85,86,87,88,90,91,92,94,97,98,102,103,105,107,118,202,462,691
20,53,63,64,66,67,69,70,71,72,73,74,75,76,77,78,79,80,81,82,83,84,85,86,87,89,90,91,92,93,94,95,96,97,98,99,100,101,102,103,104,105,106,108,109,110,111,112,113,114,116,117,118,119,120,121,122,123,124,125,126,127,128,129,130,132,134,139,141,147,154,157,158,159,160,161,162,164,165,166,167,168,169,170,172,173,174,175,176,177,178,180,181,185,186,191,192,214,217,221,222,229,277,384,585,607,685
21,56,67,68,70,71,72,73,75,76,77,78,79,80,81,82,83,84,85,86,87,88,89,91,92,93,94,95,96,97,98,99,100,101,102,103,104,105,107,108,110,111,112,113,115,117,120,121,122,125,126,127,128,129,130,131,132,133,135,136,137,139,140,141,142,144,145,147,148,149,150,151,152,153,154,155,156,157,158,159,160,161,162,163,164,165,166,167,168,169,170,171,172,173,174,175,176,177,178,179,180,181,182,183,184,185,186,187,188,189,190,191,192,193,194,195,196,197,198,199,200,201,202,203,204,205,206,207,208,209,210,211,212,213,214,215,216,217,218,219,220,221,222,223,224,225,226,227,228,229,230,231,232,233,234,235,236,237,238,239,240,241,242,243,244,245,246,247,248,249,250,251,252,253,254,255,256,257,259,260,261,262,263,264,265,267,268,269,270,271,272,273,274,275,276,277,278,279,280,281,282,283,284,285,286,287,288,289,290,291,292,293,294,295,296,297,298,299,300,302,303,304,305,307,309,310,311,314,318,319,320,321,324,325,326,327,333,343,349,354,355,359,416,422,531,687
22,64,67,68,73,74,75,76,78,80,81,82,83,84,85,86,88,89,90,92,93,95,96,97,99,100,101,102,103,104,105,106,107,109,110,111,112,114,116,118,120,122,124,126,130,132,134,139,142,143,144,145,146,150,152,153,154,155,156,157,158,159,160,161,162,163,164,165,166,167,168,169,170,171,172,173,174,175,176,177,178,179,180,181,182,183,184,185,186,187,188,189,190,191,192,193,194,196,198,199,200,201,202,203,204,205,206,207,208,209,210,211,212,213,214,215,216,217,218,219,220,221,222,223,224,225,226,229,230,231,232,233,234,235,236,238,239,240,241,242,243,244,245,246,247,248,249,250,251,252,253,254,255,256,257,258,259,260,261,262,263,264,265,266,267,268,269,270,271,272,273,274,275,276,277,278,279,280,281,282,283,284,285,286,287,288,289,290,292,293,296,297,298,299,300,301,302,303,304,305,306,307,309,310,311,312,313,314,317,318,320,323,328,330,331,332,335,336,340,343,344,345,348,359,362,366,371,375,376,377,378,379,380,381,382,399,408,413,429,430,438,462,505
23,64,66,67,68,69,70,71,72,73,74,75,76,77,78,80,81,82,83,84,85,87,88,89,91,92,93,94,95,96,97,98,99,101,102,105,106,108,109,110,111,112,113,115,116,117,120,122,124,125,126,128,130,133,137,141,145,146,148,152,153,154,155,156,157,161,162,163,165,166,167,168,169,170,171,172,173,174,176,177,178,179,180,181,182,183,184,185,186,187,188,190,191,192,193,194,195,196,197,199,200,201,202,203,204,205,206,207,208,209,210,213,215,217,218,219,220,221,222,223,224,225,226,227,228,229,230,231,232,233,234,235,236,237,238,239,241,242,243,244,245,246,247,248,249,250,251,252,253,254,255,256,257,258,259,261,263,264,265,267,269,270,271,272,273,274,275,277,279,280,281,282,283,284,286,287,290,291,294,295,298,299,300,301,302,305,307,308,309,310,311,312,314,315,316,317,319,320,321,322,323,328,329,330,333,335,338,339,340,342,343,345,347,348,349,350,352,353,356,357,359,360,363,368,369,374,388,389,398,408,413,570,614
24,61,63,64,67,68,70,71,72,73,75,78,79,81,82,83,84,86,87,88,89,93,96,97,98,99,100,102,104,106,109,111,115,116,117,118,119,123,124,126,131,134,136,137,139,146,150,151,154,155,156,157,158,160,161,163,164,165,167,169,170,171,172,173,174,175,176,177,178,180,182,183,185,186,188,191,192,193,194,195,196,197,198,199,202,203,205,206,208,210,211,212,213,214,215,216,218,219,220,221,222,223,224,225,226,227,228,229,230,232,233,234,237,238,239,241,242,243,244,245,246,247,249,250,251,252,254,256,257,258,259,260,261,262,263,264,266,268,269,271,272,273,274,275,276,277,278,280,281,282,283,284,285,286,287,288,289,290,291,292,294,295,297,298,299,300,301,303,304,305,307,308,309,310,311,312,313,314,315,316,319,320,323,324,326,327,328,330,331,332,333,334,337,339,340,342,343,348,350,353,354,356,358,359,360,365,367,370,376,404,406,419,432,433,434,452,454,456,471,481,518,606,677
25,60,61,62,65,66,67,68,69,71,72,73,74,75,76,78,79,80,82,86,87,90,92,93,94,96,97,98,99,100,101,102,104,106,108,109,110,111,114,116,118,120,122,125,126,128,131,132,133,134,135,136,138,139,140,144,145,147,150,151,152,153,156,157,158,160,161,167,168,169,170,171,173,174,175,177,178,179,180,181,182,183,185,188,194,195,196,197,198,199,201,202,203,204,207,208,209,210,211,212,213,214,216,217,218,220,221,222,223,224,228,229,232,233,234,235,236,237,238,240,241,242,243,244,247,248,249,250,251,252,253,254,255,256,258,259,261,262,265,266,267,268,270,271,273,274,275,277,279,281,282,283,284,287,288,289,290,295,296,299,300,301,302,304,305,306,307,308,309,311,312,313,314,316,317,320,322,324,331,332,336,338,339,340,341,344,346,347,349,351,352,363,367,381,388,393,399,400,436,529
26,59,61,63,64,65,69,70,71,74,79,81,82,84,85,86,87,89,91,92,93,94,95,96,97,98,99,100,101,102,103,104,105,109,112,114,117,123,127,128,130,135,138,139,141,143,146,152,153,154,156,157,160,162,163,166,169,174,177,178,179,182,186,187,188,191,195,198,199,203,204,205,206,207,208,209,210,212,213,214,215,216,217,219,220,221,222,223,224,225,226,228,229,230,231,232,233,234,236,237,238,239,242,243,244,246,248,249,250,252,253,255,256,257,259,260,263,264,265,266,268,269,270,271,272,273,274,275,277,282,284,285,286,287,288,289,291,292,293,295,298,300,301,305,306,307,308,309,310,311,312,313,314,315,316,318,319,321,326,327,330,331,333,335,336,338,340,344,345,347,351,358,363,369,375,378,388,451,453,492,537
27,56,60,61,62,63,64,65,67,69,70,71,72,75,77,78,79,80,81,83,86,87,88,89,90,91,92,93,94,96,98,99,100,101,102,103,104,106,107,108,114,115,116,117,118,119,121,123,124,127,137,143,144,146,149,155,156,157,158,159,160,162,163,164,166,169,170,172,174,175,176,177,178,180,181,184,186,187,189,192,193,195,199,200,201,202,207,208,210,212,216,217,218,219,221,222,223,224,226,227,228,230,231,233,236,237,240,241,243,246,247,248,252,253,254,255,257,258,259,261,262,263,264,265,266,267,269,270,271,273,276,278,279,280,281,282,283,285,286,287,288,289,290,292,293,294,299,303,307,308,309,310,315,318,320,322,325,329,334,336,337,339,340,348,350,363,366,367,371,372,393,394,411,419,431,440,461,464,473
28,58,59,62,66,67,71,73,74,75,76,78,79,81,84,85,86,90,91,92,93,94,95,98,99,100,101,103,105,107,109,113,116,119,120,122,126,127,129,132,133,134,136,138,139,141,147,149,150,152,153,156,158,159,162,163,164,165,166,167,168,169,170,171,172,173,174,175,177,179,180,183,184,186,187,188,189,191,194,200,202,203,205,207,209,210,211,212,215,216,217,218,219,220,221,222,224,226,228,229,230,231,232,233,234,236,237,240,241,242,243,244,249,251,252,253,254,255,256,258,259,260,261,262,263,264,266,268,269,271,272,274,278,281,284,285,286,287,289,290,292,293,294,295,297,298,301,302,304,305,309,310,312,313,317,322,324,326,329,340,341,345,349,352,355,358,362,365,379,402,516
29,53,61,62,63,66,68,70,71,73,75,77,78,79,82,83,84,85,86,87,88,90,92,93,94,100,101,102,104,107,109,112,113,114,115,116,117,118,120,123,124,125,126,133,135,138,140,141,142,144,145,148,149,151,152,154,156,160,161,164,165,167,168,169,170,171,175,177,181,183,186,191,194,195,196,197,198,199,200,201,202,203,207,208,209,211,217,218,222,223,224,226,228,230,232,233,234,236,237,238,239,240,242,243,244,245,246,248,249,250,252,253,254,255,256,257,258,260,261,269,271,272,278,279,281,284,285,286,287,290,293,294,296,297,298,305,307,309,314,324,327,328,332,339,347,348,356,358,363,368,372,383,385,387,395,423,429,507,584,622,695
30,24,58,60,61,62,63,64,65,66,67,68,69,70,71,73,74,75,79,80,81,82,84,85,87,90,94,99,102,103,107,108,109,111,112,114,119,120,121,123,124,125,126,132,133,138,139,140,143,146,149,150,151,152,153,154,155,157,159,160,164,165,166,169,172,173,175,178,179,181,182,183,184,189,192,194,195,198,199,201,202,203,204,206,207,208,209,211,212,213,214,215,218,219,220,231,239,240,244,248,254,257,258,260,261,262,264,267,268,270,271,272,273,274,276,277,279,280,283,284,285,286,289,290,291,292,293,295,296,297,298,300,301,304,306,309,311,312,313,317,320,321,324,325,327,328,330,331,333,339,342,344,351,355,367,371,377,388,405,423,424,432,452,492,600
31,6,55,58,59,61,62,63,64,65,66,69,70,71,74,75,77,78,80,81,82,83,85,89,91,94,96,98,99,100,101,102,103,104,105,106,107,110,111,113,114,117,118,122,124,126,129,130,131,132,133,137,138,139,141,143,144,147,148,149,150,152,154,155,156,157,158,160,166,167,171,172,173,174,175,178,180,181,183,184,185,188,192,193,196,197,200,203,204,206,208,210,211,213,214,216,217,218,220,221,223,231,232,235,236,237,238,240,243,244,245,247,249,250,253,254,255,256,257,258,259,260,261,264,269,271,272,274,275,278,279,280,283,284,285,286,287,288,290,291,294,296,298,300,306,307,309,310,313,314,317,319,320,321,322,324,325,327,331,333,338,342,343,346,351,353,355,361,363,375,383,396,404,408,409,414,417,422,431,436,446,452,584,657
32,48,58,60,61,63,64,65,66,67,68,69,72,73,74,75,78,79,80,82,84,85,88,90,91,92,93,94,95,97,98,99,100,103,104,105,107,112,113,114,115,116,117,120,122,124,127,128,136,144,146,147,149,150,156,157,158,159,160,161,162,164,165,167,168,169,172,174,178,180,181,186,187,188,190,193,195,198,200,201,202,203,205,206,208,209,212,213,214,215,216,218,220,221,222,229,230,231,235,236,237,238,239,243,244,246,247,248,250,251,253,255,256,257,258,261,262,263,265,266,268,269,270,271,274,275,276,278,279,280,281,283,285,286,287,289,290,291,292,294,296,297,298,299,301,302,306,307,308,312,313,314,318,320,321,322,325,326,327,328,330,332,335,336,337,350,351,359,363,370,371,376,378,381,385,387,390,425,427,431,447,531
33,57,59,61,62,68,69,70,71,72,73,75,76,77,78,80,83,85,88,90,91,92,94,95,97,99,100,103,108,111,112,116,117,122,125,132,133,134,135,140,141,142,144,145,146,151,153,154,155,157,159,160,161,162,163,164,166,167,169,171,172,173,174,176,181,183,186,187,190,192,194,196,203,204,205,206,207,208,209,212,213,214,215,218,225,227,228,229,230,231,232,234,235,240,242,244,245,248,249,250,253,254,258,259,260,262,265,267,270,272,275,276,278,279,280,281,283,287,290,292,293,294,295,297,298,301,303,304,307,309,313,317,318,320,321,324,325,326,328,329,333,340,341,343,352,354,362,389,430,441,489,533,569
34,49,50,55,56,59,60,61,62,63,64,66,67,68,71,72,73,74,75,78,80,81,82,83,84,85,86,87,91,95,99,104,108,112,115,119,121,125,133,134,137,141,142,144,146,148,149,150,151,152,153,154,155,159,162,165,168,171,179,183,193,197,203,204,209,210,213,214,216,217,218,219,220,221,223,224,225,226,227,228,230,231,232,233,235,236,237,239,240,241,243,244,245,247,248,249,250,251,253,255,256,257,258,261,263,264,265,266,269,271,272,273,274,275,278,279,285,287,289,290,296,297,300,305,317,318,319,322,323,333,336,359,367,380,382,385,390,393,398,403,408,416,428,495,525,577,646
35,53,55,56,57,61,62,63,64,65,66,68,69,70,71,73,74,75,76,77,79,80,82,84,86,88,89,90,91,93,95,96,102,104,107,110,111,114,115,118,119,120,121,122,124,126,128,130,132,135,137,142,143,144,145,147,148,149,150,152,153,154,156,160,164,167,169,174,175,178,179,181,183,185,188,191,198,200,201,202,203,205,206,207,209,212,213,214,215,216,217,219,221,228,230,233,238,246,250,253,256,257,259,267,268,270,274,275,280,281,284,288,290,291,295,296,297,298,300,302,304,306,307,309,310,313,315,317,318,320,324,328,329,335,336,337,340,342,351,355,357,364,367,372,378,379,389,403,485,495,602,687,692
36,36,54,55,57,60,63,64,67,68,76,78,81,82,84,85,87,88,89,92,93,94,95,96,97,100,102,104,108,110,113,114,115,116,119,120,123,124,125,126,127,135,141,142,143,145,146,149,152,153,157,158,160,161,162,164,167,169,170,174,177,182,183,184,185,192,193,198,199,200,204,205,206,207,208,209,213,216,218,219,221,226,228,229,231,235,237,238,240,242,243,246,247,248,249,251,252,254,256,257,258,263,264,265,266,268,269,270,272,273,274,275,276,277,278,280,281,282,284,285,286,290,291,292,293,294,295,296,297,299,305,306,308,309,310,311,314,315,316,317,318,321,322,324,325,326,328,329,333,334,336,339,340,341,342,343,345,347,355,361,370,382,409,428,632,644
37,50,53,54,55,57,58,61,66,67,70,71,72,73,74,75,76,77,78,81,82,83,84,85,86,87,90,91,93,94,95,96,100,102,104,105,107,109,110,112,113,115,116,118,119,121,129,134,138,141,143,149,150,151,157,160,173,174,178,179,186,190,193,198,202,203,204,206,207,210,212,213,215,216,218,220,221,222,223,225,227,228,230,232,233,235,236,240,241,242,243,246,247,248,249,250,251,252,254,255,257,258,259,260,262,263,264,266,267,269,270,272,275,276,277,278,279,281,282,283,284,285,288,289,293,295,296,297,298,299,310,317,319,320,326,327,328,338,339,340,343,351,353,354,358,360,367,382,390,400,418,429,438,442,443,445,612
38,56,59,60,61,62,63,64,65,66,67,69,70,72,73,74,76,77,79,80,81,82,83,84,86,87,91,94,102,106,114,115,118,120,121,125,126,127,129,130,131,132,134,135,136,138,139,140,141,143,144,145,147,149,150,151,152,154,155,157,161,164,165,167,170,171,173,176,179,181,182,183,186,193,197,200,203,204,206,208,210,211,214,215,219,221,224,226,228,229,230,231,232,233,234,237,238,241,242,243,245,248,249,250,251,252,253,254,255,256,260,262,265,266,268,270,271,272,273,274,278,279,280,281,285,286,287,288,293,295,296,298,301,302,303,304,307,308,309,316,320,321,322,323,326,327,328,329,330,331,333,334,336,341,343,351,355,364,368,374,377,379,398,414,438,472,475,493,526,656
39,52,54,55,56,59,60,62,64,66,68,69,70,71,72,73,76,77,78,81,82,87,88,90,91,93,94,95,96,98,101,105,107,108,109,110,114,115,116,117,118,122,124,128,133,135,137,138,140,141,142,143,145,147,160,163,168,169,170,171,172,174,178,180,185,195,197,199,201,202,205,206,207,209,212,215,217,218,223,226,229,235,237,239,242,246,248,251,252,254,255,257,258,259,260,261,264,266,267,272,274,275,276,278,279,282,283,284,287,291,292,297,298,299,303,305,306,310,311,312,313,314,317,318,320,321,322,326,332,333,335,337,344,346,347,350,353,362,366,372,374,375,377,379,380,384,385,386,389,394,410,412,420,433,436,440,642,691
40,37,52,56,57,59,60,63,65,66,68,69,70,73,78,79,80,81,82,83,84,85,86,87,88,90,91,94,95,96,98,104,106,107,112,113,117,118,119,120,122,123,127,128,133,134,139,144,145,146,148,149,150,152,154,163,176,183,186,187,189,193,196,200,201,204,207,209,212,215,216,218,221,224,226,227,228,240,243,244,252,254,256,257,258,260,261,262,263,265,266,267,269,270,272,273,274,275,277,279,283,284,286,288,292,293,294,295,298,299,300,302,303,305,306,307,310,313,316,318,319,320,324,325,326,328,333,335,336,337,338,339,348,352,353,355,356,357,358,359,360,361,363,364,369,373,380,386,412,413,493,505,523,574,587,649
41,47,51,52,53,54,57,58,59,60,61,62,63,65,66,67,68,69,70,75,77,78,80,81,89,90,93,94,96,97,100,101,102,105,107,108,110,111,119,126,130,131,133,134,135,136,137,138,141,142,143,145,150,157,163,172,174,175,178,180,192,193,194,197,198,199,200,201,202,204,210,211,212,220,222,226,227,228,230,231,233,236,237,239,244,245,246,247,248,249,250,251,256,258,259,262,264,266,268,269,270,272,274,275,278,279,281,283,288,289,290,293,296,298,299,301,305,306,307,308,310,313,314,315,317,322,323,324,325,326,328,339,342,344,345,347,352,355,361,362,369,371,373,378,379,387,390,398,404,440,463,464,467,471,472,506,572
42,53,54,55,57,58,59,60,66,68,70,73,74,75,77,79,81,82,87,88,89,93,98,103,104,105,107,108,109,114,119,126,128,130,132,134,138,141,143,144,145,149,150,151,156,158,159,161,162,163,165,167,168,171,172,177,179,180,181,184,193,195,197,198,199,200,201,205,206,207,212,213,214,216,219,220,222,226,228,231,232,235,237,238,243,245,246,248,249,250,251,252,253,254,261,262,263,264,266,267,269,276,280,281,285,286,288,290,291,293,297,299,301,302,303,304,305,306,314,316,320,321,328,331,333,334,336,337,338,348,350,353,355,357,358,361,376,384,394,426,432,434,459,526,654
43,41,43,52,53,54,55,58,59,62,63,64,65,68,69,70,73,79,85,87,89,92,93,94,96,98,100,103,105,112,115,116,120,123,125,126,129,130,131,134,136,137,138,140,141,143,146,147,150,152,155,156,157,158,163,165,172,178,182,183,189,195,197,198,199,201,204,205,209,213,220,222,227,231,236,239,244,246,247,248,253,264,268,269,270,271,272,275,276,278,279,281,284,285,286,287,288,289,290,291,294,295,296,297,299,301,305,307,308,309,310,311,312,313,315,319,322,323,325,327,328,329,339,340,345,348,349,353,360,364,371,375,379,381,403,411,426,432,450,552,570,665
44,44,46,48,51,52,53,54,55,59,60,63,66,67,70,71,72,74,78,79,80,81,83,84,87,88,89,94,96,100,103,105,108,115,116,118,120,122,129,134,139,141,142,146,147,149,151,157,160,169,182,189,201,203,206,207,212,213,216,218,223,225,228,229,230,231,233,234,236,237,239,240,241,242,243,245,248,250,251,256,257,258,259,260,271,272,274,276,277,278,280,281,282,283,284,285,286,287,288,289,290,292,293,296,298,299,300,301,302,305,309,310,311,312,317,319,324,326,327,328,330,333,335,340,345,348,349,351,353,358,359,362,366,371,375,386,390,401,407,412,423,436,470,568
45,44,47,48,50,53,55,56,57,58,59,60,61,63,64,65,66,67,69,71,73,75,76,77,78,79,89,94,100,106,109,110,113,114,116,117,118,120,126,127,128,130,133,134,135,136,139,140,142,143,144,146,153,156,158,167,168,170,175,178,184,196,197,199,200,202,204,205,206,208,212,213,214,215,217,222,224,233,235,240,241,243,246,247,249,250,251,252,253,254,255,256,258,259,260,261,263,264,265,266,267,268,270,275,276,279,280,281,283,287,291,297,298,302,304,306,307,309,312,317,318,319,324,325,337,338,339,341,343,345,353,355,359,361,370,371,374,378,393,394,396,410,411,425,430,439,456,607
46,1,47,48,49,51,53,55,56,57,58,60,62,65,66,68,72,75,78,85,87,88,89,90,91,92,93,94,96,97,99,100,102,104,105,106,107,108,109,113,115,120,125,127,130,131,137,144,146,148,154,155,156,159,163,168,171,181,192,193,194,195,197,198,203,204,209,210,217,219,227,230,231,234,239,242,244,245,247,248,251,257,259,264,268,269,270,273,274,275,276,277,279,281,282,284,286,290,292,293,295,296,301,302,303,304,305,308,310,311,313,314,315,316,319,321,322,323,324,326,328,330,331,335,340,343,350,352,353,359,361,363,365,369,372,376,380,383,385,387,390,409,426,434,437,442,444,475,490,507
47,33,41,54,56,58,61,62,65,66,67,68,71,72,73,77,79,83,84,85,88,93,95,97,98,99,101,102,103,105,114,115,135,141,143,146,154,155,173,177,180,184,188,192,194,196,197,199,205,207,210,212,216,217,220,222,223,224,225,232,234,235,238,240,241,244,245,250,253,254,255,256,257,258,259,260,261,262,264,266,268,270,271,274,277,282,284,286,289,291,292,294,295,296,297,300,301,302,303,304,305,306,307,310,311,313,314,315,316,318,319,320,322,323,324,325,327,333,334,335,336,337,339,340,341,342,345,346,347,362,365,368,374,375,379,383,395,401,413,434,436,459,553,683
48,8,25,37,41,49,52,54,55,56,57,59,63,64,65,66,67,68,69,70,71,72,73,74,77,81,83,94,97,100,103,104,106,107,108,113,116,120,121,129,136,139,140,142,144,148,151,153,154,155,163,165,169,171,173,176,178,187,190,192,193,200,204,206,208,209,210,211,212,215,216,219,220,223,227,232,234,236,237,239,240,243,244,245,250,251,255,260,261,262,263,266,267,271,272,277,280,284,285,286,288,297,300,303,307,309,311,318,321,326,327,328,330,333,336,338,339,342,345,348,356,358,370,375,394,396,399,404,405,418,422,423,425,445,456,574
49,46,47,50,51,52,54,57,59,60,61,62,64,66,67,68,72,73,76,77,79,82,83,84,85,86,88,89,91,93,95,96,100,102,103,104,107,110,111,112,117,125,129,140,146,148,153,154,159,165,166,174,177,178,183,193,196,200,202,211,212,213,219,220,225,226,228,232,233,235,236,237,242,245,246,247,249,250,251,252,256,257,260,261,265,272,273,280,282,283,286,287,288,291,293,294,296,298,300,301,302,306,307,308,309,310,321,323,324,325,328,338,341,343,344,345,348,356,359,361,364,367,368,376,380,385,386,387,397,404,405,407,419,420,422,429,435,438,440,459,466,501,660
50,50,53,56,59,61,62,63,64,65,67,68,69,70,71,72,74,75,76,77,78,79,80,83,84,85,87,88,89,90,92,93,94,96,97,99,101,104,110,113,114,116,121,125,132,141,142,145,152,154,160,173,174,175,199,201,202,203,211,212,213,214,215,218,228,230,232,233,235,236,242,244,248,249,253,254,261,264,265,271,273,279,281,284,286,289,290,291,293,296,297,298,299,300,301,302,303,306,307,309,310,311,316,319,321,323,332,334,336,343,346,353,366,368,370,375,384,388,392,395,400,411,413,425,439,445,473,564
51,52,53,54,57,58,59,61,62,64,65,66,69,70,71,75,78,79,80,82,83,84,87,89,90,93,94,95,97,99,105,107,113,114,115,117,118,119,120,125,126,128,132,133,136,140,141,144,146,151,153,156,158,160,162,165,166,170,175,176,177,182,183,185,186,189,190,194,200,205,210,213,214,222,224,227,230,231,232,233,235,238,245,250,253,254,256,261,270,272,273,274,275,276,279,283,289,294,301,303,307,309,312,313,315,316,318,319,320,324,329,332,342,347,353,355,361,367,370,371,372,379,380,393,404,412,463
52,5,47,53,55,57,59,60,61,64,66,69,70,74,77,79,84,86,87,88,89,90,91,92,93,94,98,100,104,105,107,108,109,114,115,116,117,120,121,122,123,124,128,133,136,137,140,142,146,149,151,155,157,160,161,162,165,166,178,208,209,222,230,232,237,239,241,245,246,248,251,257,258,259,262,266,268,269,271,276,277,279,287,290,291,292,297,299,300,303,308,310,311,312,315,317,320,322,323,327,331,334,337,338,341,343,355,356,359,366,371,373,375,376,377,381,383,399,422,436,446,490,499,534,549,559,565
53,54,55,56,57,58,59,60,62,65,69,70,73,74,75,76,77,78,79,81,82,83,84,85,86,88,89,91,94,95,96,98,99,100,101,102,105,108,109,110,112,114,115,117,119,120,121,124,143,146,147,149,155,161,162,178,180,183,192,196,199,205,207,210,211,220,223,227,230,232,234,236,237,241,243,244,245,246,249,253,256,261,264,272,273,280,282,284,290,292,293,294,297,298,299,300,303,308,309,315,320,326,328,329,334,335,337,344,347,354,360,369,370,387,395,407,411,426,432,434
54,28,51,55,58,59,62,65,66,67,68,72,73,74,75,77,82,83,85,86,88,89,95,97,103,109,110,117,121,122,123,124,127,129,130,131,132,134,135,136,138,142,143,145,146,152,156,157,171,174,181,192,195,201,207,208,209,211,212,215,218,222,224,229,233,234,235,236,237,240,241,243,248,253,255,256,257,259,271,283,289,292,294,296,298,300,303,304,305,307,310,312,314,322,323,325,332,340,356,362,367,376,377,386,393,406,452,515,520
55,53,55,57,58,60,61,62,63,64,65,68,69,70,71,72,74,76,79,85,87,88,91,92,93,94,95,97,100,101,102,103,112,113,114,115,116,117,118,120,126,127,128,129,132,134,139,142,143,144,145,151,152,154,155,157,160,161,163,166,170,172,177,178,179,180,181,183,188,193,194,197,200,201,206,208,222,225,239,248,252,257,259,263,288,297,302,303,304,309,310,311,314,316,317,318,320,326,331,333,334,343,347,352,353,359,360,361,369,374,383,427,433,445,453,468,504,630
56,41,56,57,59,60,61,62,63,64,65,66,69,71,72,74,75,76,77,78,79,80,83,85,86,88,89,91,92,95,96,98,101,102,103,104,105,109,111,113,118,119,120,121,124,127,128,129,135,136,144,146,151,153,154,155,157,158,159,160,162,163,166,167,180,181,184,186,187,189,190,192,198,202,203,204,205,208,211,212,215,218,219,222,223,225,226,227,229,230,231,232,233,234,235,236,238,239,246,247,248,250,252,254,255,256,264,268,275,276,279,282,289,294,295,296,300,302,303,305,308,312,313,318,319,324,326,330,332,336,342,343,344,353,375,391,401,420,435,491,601
57,57,59,61,64,65,66,67,68,69,70,71,72,73,74,75,76,78,83,85,86,88,89,90,91,92,93,102,105,108,109,113,114,115,117,118,120,121,122,133,135,136,138,139,142,144,145,147,150,159,161,163,164,165,166,168,169,172,176,177,182,183,185,187,188,193,204,209,211,214,215,217,218,221,222,225,226,227,229,230,231,234,238,240,250,252,254,255,257,260,265,270,271,275,277,280,285,289,292,293,296,299,301,302,303,309,310,311,316,317,319,322,328,337,340,341,345,351,355,357,359,368,375,388,402,405,410
58,1,55,58,60,65,66,67,69,70,71,72,74,77,78,79,82,84,85,89,93,96,98,100,101,102,103,106,107,109,110,112,114,121,122,126,127,129,130,131,133,136,139,143,145,149,150,151,153,155,158,161,164,165,166,168,170,173,174,175,176,180,183,187,190,193,194,197,198,201,202,206,212,215,216,217,218,223,228,233,234,236,239,240,243,255,260,262,279,281,284,285,286,287,289,293,295,299,308,310,313,320,321,323,324,326,341,345,353,356,357,359,360,362,364,368,370,375,382,404,405,421,425,493,529,542,572,612
59,58,59,62,63,64,65,66,67,68,69,70,71,73,78,79,80,81,83,84,85,88,89,90,91,92,93,94,96,97,98,99,100,103,104,106,108,110,113,114,115,116,117,119,121,122,124,126,127,130,132,146,149,153,154,155,160,161,164,165,167,171,175,176,178,179,180,186,187,189,191,199,201,202,205,207,209,211,215,216,220,221,222,238,242,243,244,245,246,248,250,253,257,260,267,275,279,282,291,305,317,322,323,324,334,345,354,358,363,379,384,398,410,439,442,650,672,676
60,60,67,68,71,72,74,75,76,77,78,80,82,83,85,89,90,94,96,98,100,103,104,107,109,110,111,112,113,114,117,118,119,121,122,124,127,134,136,138,139,140,143,145,146,148,152,154,156,157,160,162,164,165,166,169,173,176,178,179,182,186,187,188,189,190,193,196,200,202,205,213,214,217,218,220,228,230,233,236,237,240,243,247,250,255,258,263,264,266,268,273,276,280,282,300,303,305,326,327,333,334,351,358,406,409,414,420,432,578,688
61,59,62,66,67,68,70,71,73,74,76,77,78,79,81,82,83,86,87,88,90,92,94,95,96,107,108,111,112,114,117,120,126,130,132,133,134,140,141,144,147,148,150,156,161,162,164,165,166,169,171,172,173,176,177,179,180,182,184,188,190,192,193,194,198,205,207,214,228,229,236,240,243,247,248,257,260,273,276,288,293,306,312,343,356,372,384,416,418,550,629,639,690
62,56,57,59,60,64,66,69,70,72,74,75,76,77,80,81,82,83,84,86,87,95,97,98,99,100,101,102,103,104,105,106,110,114,115,116,117,119,120,125,127,131,132,133,136,137,138,139,153,154,155,157,160,161,162,163,164,166,168,169,171,173,175,176,177,178,179,180,182,186,189,191,192,193,197,198,204,206,209,210,213,216,219,223,224,227,229,278,279,309,311,385,391,421,547,554
63,54,56,57,63,66,69,71,72,73,74,75,79,80,83,85,86,87,88,89,90,91,92,93,95,97,99,100,101,102,106,107,108,110,111,113,117,118,120,122,123,126,129,131,135,137,138,145,153,167,170,171,172,174,175,180,181,191,199,202,209,211,218,219,220,226,233,242,245,255,260,261,291,313,322,327,360,376,378,395,405,416,442,629
64,61,63,67,74,76,77,78,81,84,85,86,88,89,90,92,94,95,97,98,99,100,101,103,105,107,109,110,111,113,115,116,118,119,120,123,126,129,133,152,167,168,171,179,180,184,187,198,199,205,208,209,211,216,219,229,231,232,236,239,241,255,256,265,272,315,318,322,339,365,422,438
65,71,72,79,81,82,84,85,89,93,96,101,103,104,106,107,109,117,118,123,124,128,131,135,142,147,151,155,164,174,175,176,181,183,194,195,205,216,218,226,233,248,344,510,655
66,17,32,61,63,64,66,68,69,70,72,74,75,79,82,83,84,85,86,90,92,100,102,104,111,114,117,120,123,133,174,179,182,185,187,188,190,192,206,251,446,495,657
67,48,53,58,61,63,64,68,72,74,75,82,83,93,94,99,103,112,120,121,122,124,127,132,178,501
68,62,71,73,74,78,79,81,84,85,86,87,92,96,97,100,102,103,104,106,107,109,116,126,135,139,148,258,403,495,506,545
69,53,64,95,103,114,133,362,449,548
70,133,668,673
71,29,455,456,557,615
72,44,609
73,480
74,40,456,604,608
75,47,110,426
76,196,590,680
77,10,38,144,179,374,384,459,513
78,125,682
79,94,127,211,286,327,434,543
80,42,255,257
81,129,506,511,587,658
82,42,102,417
83,229,249,584
84,132,161,604,639
85,212,216
86,
87,
88,
89,
90,
91,
92,
93,
94,
95,
96,
97,
98,
