10
0,498
1,266,274,304,316,317,602,629,669
2,79,81,93,94,100,173,309
3,75,76,77,79,80,81,82,83,84,86,87,89,90,92,93,94,95,96,97,98,99,100,101,102,103,104,105,106,107,108,109,112,113,114,116,119,121,122,135,199,444,461
4,8,73,74,75,76,77,78,79,80,81,82,83,84,85,86,87,88,89,90,91,92,93,94,95,96,97,98,99,100,101,102,103,104,105,106,107,108,109,110,111,112,113,114,115,116,117,118,119,120,121,122,123,124,125,126,127,128,129,130,131,132,133,134,135,136,137,138,139,141,142,144,145,152,155,157,159,164,198,199,329,678
5,69,70,71,73,74,75,77,78,79,80,81,82,83,84,85,86,87,88,89,90,91,92,93,94,95,96,97,98,99,100,101,102,103,104,105,106,107,108,109,110,111,112,113,114,115,116,117,118,119,120,121,122,123,124,125,126,127,128,129,130,131,132,133,134,135,136,137,138,139,140,141,142,143,144,145,146,147,148,149,150,151,152,154,155,156,157,158,159,160,161,162,163,164,165,168,169,170,171,172,174,176,177,178,179,180,181,182,185,186,188,190,191,192,193,195,197,198,199,202,203,205,207,208,209,210,211,213,214,215,216,217,218,220,221,222,223,224,225,227,231,236,244,247,248,259,263,268,269,272,293,328,346,352,359,377,418
6,67,68,69,72,73,74,75,76,77,78,79,80,81,82,83,84,85,86,87,88,89,90,91,92,93,94,96,98,99,100,101,102,103,104,105,106,107,108,109,110,111,112,113,114,115,116,117,118,119,120,121,122,124,125,126,127,128,129,130,131,132,133,134,135,136,137,138,139,140,142,143,144,145,146,147,148,149,150,151,153,154,155,156,157,159,160,161,162,163,165,166,167,169,170,172,174,175,176,178,180,181,182,183,184,185,186,187,188,189,190,191,192,194,195,196,197,199,200,201,202,205,206,208,209,211,212,214,215,216,218,219,220,223,224,225,226,230,231,234,237,238,245,247,248,254,256,257,259,283,289,292,295,296,298,371,380,384,460,592,599
7,26,31,63,66,68,69,71,72,73,74,75,76,77,78,79,80,81,82,83,84,85,86,87,88,89,90,91,92,93,94,95,96,97,98,99,100,101,102,103,104,105,106,107,108,109,110,111,112,113,114,115,116,117,118,119,120,121,122,123,124,125,127,128,129,130,131,132,133,134,135,136,137,138,139,140,141,142,143,144,145,146,147,148,149,150,151,152,153,154,155,156,157,158,161,163,166,169,170,171,172,173,175,176,177,178,179,180,181,182,183,184,185,186,187,188,189,190,191,192,193,195,196,197,198,200,201,203,204,205,206,209,212,214,215,217,218,220,221,224,228,229,231,240,244,245,249,250,253,255,256,261,262,264,279,282,293,328,369,460
8,60,65,66,69,70,71,72,73,74,75,76,77,78,79,80,81,82,83,84,85,86,87,88,89,90,91,92,95,96,97,98,99,100,101,102,103,104,105,106,107,108,109,110,111,112,113,114,115,116,117,118,119,120,121,122,123,124,126,127,128,129,130,131,133,134,135,136,138,139,140,141,142,144,146,147,148,149,150,151,152,154,155,156,157,159,160,161,162,163,164,165,166,167,168,169,170,171,172,174,178,179,180,181,182,183,184,185,186,187,189,190,192,193,194,195,196,197,198,199,200,202,204,205,206,209,211,214,216,217,218,220,221,222,223,225,227,229,230,231,232,233,235,241,242,243,246,248,249,251,254,256,257,259,260,264,265,266,268,273,279,281,292,301,304,315,322,323,364,450,500
9,48,67,68,70,71,72,73,74,75,76,77,78,79,80,81,83,84,85,86,87,89,90,91,92,93,94,95,96,97,98,99,100,101,102,103,104,105,106,107,108,109,110,111,112,113,114,115,116,117,118,119,120,121,122,123,124,126,127,128,129,130,131,132,133,134,135,136,137,138,139,140,141,142,143,144,145,146,147,148,149,150,151,152,153,154,155,158,160,161,162,163,167,168,169,171,172,173,175,176,177,179,180,181,182,183,184,185,186,187,188,189,192,193,194,195,198,199,200,203,205,206,208,209,210,212,213,215,216,217,220,221,222,223,224,225,228,229,231,234,237,239,240,241,242,243,246,248,252,253,256,263,266,268,274,278,279,281,283,303,304,362,379,556,606,636
10,13,67,68,69,70,71,72,73,74,75,76,77,78,79,80,81,82,83,84,85,86,87,88,89,90,91,92,93,94,95,96,97,98,99,100,101,102,103,104,105,106,107,108,109,110,111,112,114,115,116,117,118,120,121,122,123,124,125,126,127,128,129,130,131,132,133,134,135,137,138,139,140,141,142,143,144,145,146,147,148,150,151,152,153,154,155,157,158,159,161,162,163,165,166,167,168,169,170,171,173,174,175,176,177,178,179,180,181,182,183,184,185,186,187,189,191,192,193,195,196,197,198,199,200,201,202,203,206,207,208,209,210,211,212,213,214,215,216,217,221,222,223,224,225,229,230,232,233,234,236,239,240,243,244,246,247,248,249,251,262,263,265,271,273,279,283,286,295,330,445,459,477,485,592,604
11,55,65,66,68,69,71,72,73,74,75,76,77,78,79,80,82,83,84,85,86,87,88,89,91,92,93,94,95,96,97,98,99,100,101,102,103,104,105,106,107,109,110,111,112,113,115,116,117,118,119,120,121,122,123,124,125,126,127,128,129,130,131,132,133,134,135,136,137,138,139,140,141,142,143,144,145,146,147,148,151,152,153,154,155,156,157,158,159,161,162,163,165,166,167,168,169,171,172,174,175,176,177,180,181,182,183,184,185,186,187,188,190,192,193,194,195,196,197,198,200,201,202,203,204,205,207,208,209,210,211,213,214,217,219,221,223,224,225,228,229,231,233,234,235,237,239,241,242,245,248,249,250,251,252,254,255,257,258,261,263,265,271,279,282,285,286,289,290,291,301,314,315,319,322,328,331,333,339,341,345,350,375,376,383,410,506,591,647
12,65,66,67,68,69,70,71,72,73,74,75,76,77,78,79,80,81,83,84,85,86,87,88,89,90,91,92,93,94,96,97,98,99,102,103,104,105,106,107,108,109,110,111,112,113,114,115,116,117,118,119,120,121,122,123,124,125,126,128,129,130,131,132,133,134,135,136,137,138,139,140,141,142,143,144,145,146,147,149,151,152,153,154,155,157,160,161,163,165,166,167,169,170,171,172,173,174,175,176,177,178,180,181,183,184,185,186,187,188,190,191,192,194,195,196,198,200,201,202,203,204,206,207,209,210,212,213,214,215,216,218,219,220,222,224,225,227,228,229,231,233,234,235,237,238,242,246,247,248,250,251,253,254,255,256,262,263,265,271,272,273,274,276,277,279,280,281,283,286,290,291,296,301,304,308,316,332,335,350,352,354,411,658
13,62,63,65,66,67,68,69,71,72,73,74,75,76,78,79,80,81,82,83,84,85,86,88,89,90,91,93,94,95,96,97,98,99,100,101,102,104,105,106,108,109,110,111,112,113,114,115,116,117,118,119,120,121,122,123,124,125,126,127,128,129,130,131,132,133,134,135,136,137,138,139,140,141,142,143,144,145,146,147,148,149,150,151,152,153,154,155,157,158,159,161,164,165,166,167,168,169,170,171,172,173,174,175,176,177,178,179,180,181,182,184,185,186,187,188,189,190,191,192,194,195,196,197,198,199,200,201,202,203,204,205,206,207,209,210,211,213,214,215,216,217,218,219,220,221,222,223,224,225,226,227,231,233,234,236,237,238,239,240,241,242,243,245,246,247,249,250,251,256,257,259,261,263,264,265,266,273,274,279,280,281,283,287,291,293,298,299,300,308,310,311,312,320,321,327,328,344,346,358,487,489,492,497,609
14,60,62,63,65,66,68,69,70,71,72,73,74,75,76,77,78,79,80,81,82,83,84,85,86,87,88,89,90,91,92,93,94,95,96,97,98,99,100,101,102,103,105,106,107,108,111,112,113,114,115,116,117,118,119,120,121,122,123,125,126,127,128,130,131,132,133,134,135,136,137,138,139,140,141,142,143,144,145,146,147,148,149,150,151,152,153,155,156,157,158,159,160,161,162,163,164,165,166,167,168,169,170,171,172,174,175,177,178,179,180,181,183,184,185,186,187,188,189,191,194,195,196,197,198,199,200,201,202,204,205,206,207,208,209,210,211,214,215,217,218,219,220,224,225,226,228,230,234,236,238,241,242,246,248,250,251,253,256,257,260,263,264,266,267,269,270,271,273,276,279,281,288,292,295,296,297,307,311,312,323,325,328,330,338,363,370,445,446,597,612,627,652
15,64,69,70,71,72,73,75,76,77,79,80,81,82,83,84,85,86,87,88,89,90,91,92,93,94,95,96,97,98,99,101,102,103,104,105,106,107,108,109,110,111,112,113,114,115,116,117,118,119,120,121,122,124,125,126,127,128,129,130,131,134,135,137,139,140,141,142,143,144,146,147,148,149,150,151,153,154,155,156,157,158,159,160,162,163,164,165,166,167,168,169,170,171,172,173,174,175,176,178,179,180,181,182,183,184,185,186,187,188,189,190,191,192,193,194,195,196,197,199,201,202,203,204,206,207,208,209,210,212,213,214,216,217,218,219,220,221,224,225,226,227,228,230,231,232,234,235,236,238,241,242,243,244,245,246,248,250,253,254,256,258,260,262,263,264,268,269,273,277,279,281,289,291,293,295,301,302,305,306,307,309,317,338,371,379,394,405,490,551,606,667,678
16,10,38,60,65,66,67,69,70,71,73,75,76,77,78,79,81,82,83,84,85,86,87,88,90,91,94,95,96,97,98,99,100,101,102,103,104,105,106,107,108,109,110,111,112,113,114,115,116,117,118,120,121,122,123,124,125,126,127,128,129,130,131,132,134,135,136,137,138,139,140,141,142,144,145,146,149,150,151,152,153,156,157,158,159,160,161,162,163,164,165,166,167,168,169,170,171,172,173,174,175,176,177,178,179,180,181,182,183,184,185,186,187,188,189,190,191,192,193,194,195,196,197,198,199,200,201,202,203,204,205,206,207,208,209,210,211,212,213,214,215,218,220,221,223,224,225,228,229,230,231,232,234,236,238,239,240,241,249,252,253,257,259,261,263,264,270,272,273,280,290,291,293,294,299,301,307,309,317,326,332,335,342,365,390,450,477
17,66,67,74,77,78,79,80,81,82,84,86,90,91,92,93,94,96,97,98,99,100,101,102,104,106,107,108,109,110,111,112,114,115,116,117,118,119,120,121,122,124,125,126,127,128,129,130,132,133,134,135,136,137,138,139,141,142,143,144,145,146,147,148,149,150,151,152,153,154,155,156,157,158,159,161,162,163,164,170,171,173,174,175,176,177,178,179,180,181,182,183,184,187,188,189,190,191,192,193,195,198,199,200,201,202,203,204,205,206,207,209,210,211,212,214,215,216,217,218,219,220,221,222,223,224,225,226,230,231,232,233,234,236,241,242,243,245,248,250,251,253,255,256,257,258,259,261,263,267,269,271,272,273,274,276,277,278,282,286,287,288,290,292,293,294,301,315,319,326,328,332,338,340,343,368,372,390,391,452,457,472,500,635
18,52,72,73,74,76,79,80,81,82,83,84,86,87,89,90,91,92,93,96,97,98,99,100,101,102,105,106,109,110,111,114,115,118,119,120,122,123,124,128,129,131,133,134,136,137,138,139,140,143,144,146,147,148,149,150,151,152,153,155,158,160,161,162,163,164,165,166,167,168,169,171,172,173,174,175,176,177,178,179,180,181,182,183,184,185,186,187,188,189,190,191,192,193,194,195,196,197,198,199,200,201,203,204,205,206,207,208,209,210,211,212,213,214,215,216,218,219,220,221,222,223,224,225,226,227,228,232,233,234,235,238,241,242,245,246,247,248,249,250,252,253,255,256,257,260,261,262,263,264,265,268,269,271,273,276,278,281,286,289,291,295,300,301,306,307,308,309,310,311,318,319,320,322,330,336,347,354,363,366,448,570
19,4,72,73,74,76,77,78,79,80,81,82,83,84,85,86,87,89,90,91,92,93,94,95,96,97,98,99,100,101,102,103,104,108,109,111,112,115,116,118,120,121,122,125,126,129,130,132,133,135,138,139,142,145,146,148,149,150,153,155,156,157,158,162,163,167,168,169,171,172,174,175,177,178,179,180,181,182,183,184,185,186,187,190,191,192,193,194,195,196,197,198,199,200,201,202,203,204,205,206,207,208,209,210,211,212,213,214,216,217,218,219,221,222,223,224,225,226,227,228,229,230,231,232,233,234,235,236,237,238,239,240,241,243,244,245,246,247,248,249,250,251,252,253,254,255,256,257,258,259,260,261,262,263,264,265,266,267,268,269,270,271,272,273,274,275,276,277,278,279,280,281,282,283,284,285,286,288,289,291,292,293,295,296,297,298,299,300,301,302,303,304,305,306,308,310,312,314,315,316,318,322,324,325,327,329,333,334,336,339,341,358,361,362,365,367,388,394,424,494
20,66,67,70,74,76,77,79,80,83,85,88,89,91,92,93,94,99,100,101,102,106,108,109,110,111,113,114,115,117,123,125,126,128,130,131,132,135,136,139,140,143,144,146,147,151,153,154,155,156,159,160,163,164,165,166,168,169,170,171,173,175,177,179,180,182,183,184,185,186,187,188,189,190,191,192,193,194,196,197,198,199,200,201,202,204,205,206,207,208,209,210,211,212,213,214,215,216,217,218,219,220,221,222,224,225,226,227,228,229,230,231,232,233,234,235,236,237,238,242,243,244,245,246,247,249,250,251,252,253,254,256,258,259,261,262,264,265,267,268,269,270,271,272,273,274,276,277,278,283,286,287,288,289,290,292,294,295,298,299,301,302,303,305,306,308,310,313,315,318,321,323,327,328,329,331,332,333,334,339,340,345,359,364,366,375,383,392,394,403,410,457,489,551
21,60,66,71,73,75,76,77,78,79,80,81,83,84,85,86,87,88,89,91,92,93,94,95,96,97,98,99,100,101,102,104,105,106,107,108,109,110,111,112,113,114,116,117,118,119,122,123,124,128,131,133,134,138,141,143,145,147,149,150,157,158,159,161,162,164,165,166,167,168,169,171,172,174,175,176,177,179,183,184,185,186,187,190,192,194,195,197,198,199,201,202,203,204,206,207,208,210,211,213,214,215,216,218,219,220,221,222,223,224,227,228,229,230,232,234,235,236,237,238,239,240,241,242,243,244,245,246,247,248,250,251,253,254,257,258,261,262,263,264,267,268,270,271,272,273,274,277,278,280,281,283,288,289,290,292,294,297,298,299,301,302,303,305,306,309,310,312,314,316,317,318,319,320,322,323,327,328,331,335,337,338,339,340,342,348,357,368,369,371,381,384,432,444,522,539,693
22,65,66,69,70,71,72,76,79,81,82,83,84,88,89,90,91,92,94,95,96,97,100,101,102,103,104,107,108,109,110,111,115,116,117,118,119,120,121,122,123,125,126,128,129,131,132,133,134,136,138,139,140,142,146,153,154,164,165,167,168,169,170,171,172,173,174,175,178,179,180,181,184,185,186,187,188,189,190,192,195,196,198,199,202,204,205,209,210,211,212,214,218,219,220,222,224,225,226,227,228,229,230,232,233,234,235,237,238,240,241,243,244,245,246,248,249,250,252,255,257,258,259,263,264,265,266,267,268,270,271,274,275,277,279,281,282,283,284,286,287,290,291,293,294,295,296,297,299,300,302,306,307,311,312,313,314,315,321,323,324,327,338,343,344,348,350,359,364,381,386,388,393,461,463,536,595
23,68,71,73,74,77,78,80,82,83,84,85,86,88,91,92,93,94,96,97,99,100,103,105,107,110,111,113,114,115,118,121,122,123,127,128,130,131,135,136,137,138,140,142,143,145,146,147,151,153,154,156,158,159,160,163,166,167,169,170,174,175,178,179,181,183,184,185,186,188,189,190,191,193,195,197,198,199,200,204,206,208,210,211,212,214,215,216,217,218,221,223,226,227,228,229,232,233,235,237,238,240,242,243,244,246,247,248,250,251,252,254,255,256,257,261,262,264,265,270,273,279,281,282,283,284,285,288,292,295,301,305,306,309,310,311,312,315,318,320,321,322,324,329,333,334,336,338,343,345,351,353,359,391,397,404,409,448
24,70,72,73,74,76,77,78,79,80,81,83,84,86,88,89,91,92,93,94,95,96,97,101,102,103,104,105,107,112,113,115,116,117,120,121,122,124,125,126,127,128,130,131,133,134,137,139,141,142,143,145,146,152,154,157,159,161,162,163,164,165,166,170,171,173,174,176,177,181,182,183,184,185,186,187,188,189,191,192,194,196,198,199,201,202,204,206,208,211,214,218,219,222,223,225,230,231,232,234,235,236,237,238,239,240,241,243,244,246,250,251,252,253,257,259,260,261,262,265,267,268,269,270,272,274,275,278,280,281,282,284,286,287,288,289,290,291,293,294,295,296,299,300,305,314,320,321,323,324,327,330,332,337,339,354,360,361,362,365,385,397,420,448,471,481,584,612
25,70,71,73,74,75,79,81,83,85,88,90,92,93,94,95,97,98,99,102,103,105,106,108,109,110,112,113,115,116,118,119,121,122,123,125,127,130,132,133,134,135,136,137,138,139,140,141,142,146,147,148,151,160,161,162,165,166,169,170,171,172,173,174,175,176,177,178,180,183,185,186,190,193,195,196,198,199,203,209,210,215,216,218,219,220,221,225,233,236,238,239,240,241,244,247,248,251,253,256,258,259,260,261,263,264,265,269,271,273,275,277,281,283,284,286,288,289,290,293,294,295,296,300,301,305,306,309,311,314,321,322,324,325,329,333,334,336,339,342,350,351,353,357,367,373,521,680
26,70,71,73,74,75,76,78,79,84,85,86,87,88,92,93,94,96,97,101,102,103,105,106,107,108,109,110,112,113,116,118,122,124,127,129,132,133,134,140,144,145,148,149,150,154,156,162,163,164,169,170,172,173,175,176,179,180,188,189,190,192,194,200,205,207,210,212,213,214,220,224,225,226,227,228,231,232,233,234,235,236,238,239,241,242,243,244,245,250,251,256,259,260,263,266,267,268,272,274,275,280,282,285,289,299,300,309,310,315,317,321,322,323,336,337,338,339,340,343,344,354,363,366,367,370,376,379,380,384,391,392,399,407,418,559,572
27,65,68,69,70,71,72,73,74,75,78,79,83,84,85,88,89,90,92,93,94,95,96,97,98,99,100,101,102,103,104,106,109,112,113,114,116,117,119,123,124,127,128,130,132,135,136,137,144,148,151,157,159,161,164,165,168,171,172,174,175,177,179,180,181,185,187,188,190,191,192,193,194,199,200,202,203,204,205,206,207,209,210,211,213,214,216,218,219,220,221,222,223,226,227,229,231,232,233,234,235,236,237,238,239,240,244,249,250,251,252,254,255,256,258,259,262,263,265,266,267,268,272,273,275,277,278,279,284,285,286,294,295,299,306,307,309,311,313,318,320,324,330,333,335,336,344,347,352,354,359,363,365,366,368,410,416,454,495,605
28,36,63,69,71,75,76,78,79,82,83,84,85,86,87,88,89,90,91,92,93,95,97,98,100,101,102,103,105,106,108,110,112,113,114,115,116,118,121,122,123,124,125,126,127,129,130,131,133,134,136,137,139,148,149,155,157,159,161,167,171,172,174,175,177,181,182,183,187,190,191,193,194,195,196,197,199,201,204,208,210,213,215,219,220,221,222,223,224,225,226,227,228,229,232,234,235,237,238,239,240,242,247,248,249,250,251,252,253,256,257,260,261,265,266,270,274,276,278,279,280,283,285,289,295,307,310,314,324,332,339,343,346,349,357,358,361,380,381,387,424,469,472,491,687
29,63,67,68,72,74,75,76,77,78,79,80,81,83,84,86,87,90,91,93,94,96,97,98,99,101,102,103,104,106,107,108,109,113,114,116,117,118,119,120,121,123,126,128,131,132,133,134,135,136,140,143,146,148,152,156,160,166,168,169,170,172,173,174,178,179,183,184,185,187,191,192,194,200,201,206,207,209,210,211,212,213,215,216,217,218,219,221,223,226,227,229,232,233,236,237,238,239,241,244,245,247,248,249,250,252,254,255,257,266,267,268,270,271,274,277,279,282,283,284,287,297,299,301,309,314,318,333,336,338,384,405,551,629
30,67,68,70,73,74,75,76,78,82,84,85,86,87,88,89,90,91,93,94,95,96,97,98,99,100,101,102,104,106,108,109,111,115,118,121,127,131,132,135,138,139,141,145,146,151,152,156,158,160,165,168,171,173,175,177,178,179,181,187,190,191,192,193,195,196,197,199,201,203,204,205,207,210,211,216,217,220,222,223,227,230,231,232,233,234,235,237,238,240,241,242,244,245,247,248,252,254,256,259,260,261,262,263,267,269,275,283,287,288,291,292,304,318,321,322,323,327,330,335,341,343,354,355,367,372,385,409,416,429,459,683
31,60,63,64,66,67,68,69,70,72,73,75,76,77,78,80,82,83,84,85,86,88,89,90,95,96,99,100,101,103,105,106,107,108,111,113,114,116,117,118,119,120,121,122,123,126,127,128,129,132,136,137,138,141,142,144,146,148,149,151,154,157,160,162,163,164,166,168,169,171,173,175,182,184,187,188,189,194,195,196,200,202,204,207,208,211,216,218,220,222,223,225,228,229,230,231,232,233,234,235,236,238,240,248,249,256,261,262,263,266,270,273,276,280,282,283,285,286,298,301,319,321,329,333,337,339,341,342,358,361,362,363,366,368,369,375,394,422,468,580
32,28,64,66,69,70,71,72,73,74,75,76,77,80,81,82,83,84,85,87,88,89,90,91,94,95,96,97,98,99,100,101,102,103,104,105,106,108,109,110,112,113,114,115,116,117,118,119,120,122,124,127,128,131,132,134,136,138,140,142,143,148,150,151,154,158,159,160,163,164,165,166,167,168,171,174,176,178,180,184,188,190,191,193,194,198,199,204,208,209,210,214,215,216,218,219,220,222,223,228,230,235,237,239,240,242,247,253,254,255,256,257,266,269,270,283,284,285,287,290,291,292,297,299,300,301,305,332,336,358,385,409,428,470,494,630
33,63,64,66,69,71,73,76,77,80,81,83,84,85,87,88,89,91,93,95,96,97,98,99,101,102,103,105,108,109,110,112,113,115,118,119,120,121,122,123,124,125,127,129,131,133,134,136,137,138,140,145,146,153,155,158,161,163,165,166,170,176,178,179,182,185,186,187,190,195,197,198,202,203,205,207,210,212,215,216,217,219,220,222,223,224,225,226,227,232,233,240,241,242,244,246,247,249,250,252,254,255,256,257,260,262,266,271,272,273,274,276,280,283,292,296,301,303,310,319,321,328,335,338,347,352,366,372,374,392,407,413,472,485,500,503,525,535,546
34,28,64,66,69,70,71,73,75,76,77,78,79,80,81,82,83,84,85,86,87,88,89,90,91,92,94,95,96,97,98,99,100,102,103,104,105,106,107,108,109,110,111,112,114,116,118,120,121,122,123,124,125,126,130,131,135,142,146,150,151,153,154,156,160,163,164,168,170,171,173,174,175,176,177,178,180,181,183,185,188,191,193,195,196,201,202,210,212,213,218,220,225,230,231,233,236,238,242,243,244,253,260,261,263,265,270,271,272,276,277,279,280,296,304,306,309,310,311,315,321,332,335,336,349,354,358,381,468,490,624
35,65,66,67,69,70,71,72,73,74,76,79,81,82,83,85,86,87,88,89,91,94,96,97,100,101,102,106,108,109,110,111,112,113,114,115,116,117,118,119,121,122,124,126,127,129,132,134,135,136,140,141,143,145,148,152,156,160,162,165,166,167,168,173,177,178,179,180,182,184,185,186,187,189,190,196,197,199,200,201,202,203,204,209,211,213,216,218,222,224,225,226,228,229,232,233,234,235,236,237,240,242,243,247,248,251,252,254,262,263,270,272,276,278,279,280,283,284,286,287,294,304,309,310,316,320,321,333,334,337,339,353,393,570,589
36,27,59,60,64,66,70,72,73,74,75,76,77,78,79,80,82,83,84,85,87,88,89,90,91,92,94,95,96,98,100,101,102,103,104,106,107,109,110,112,113,115,117,119,122,123,124,125,127,128,130,133,137,139,143,144,145,146,149,150,152,153,155,156,157,158,161,162,163,165,166,169,170,171,174,177,180,181,183,185,187,188,190,192,194,195,197,200,201,206,208,212,213,215,217,218,220,222,223,225,229,231,232,233,237,238,240,244,245,247,249,253,254,256,257,258,262,265,266,267,269,271,273,274,275,282,289,290,291,294,298,299,301,303,330,363,368,372,380,384,406,435,552
37,62,68,69,70,72,73,74,75,78,80,81,82,83,85,87,89,92,94,95,96,98,99,100,101,103,106,107,108,109,110,112,113,115,116,118,119,120,123,124,126,128,132,133,134,135,138,140,142,143,147,153,155,159,160,162,167,169,170,176,177,180,182,186,188,190,191,194,195,196,198,199,205,213,215,217,218,221,222,223,227,228,236,239,244,246,249,255,258,259,260,268,270,273,280,290,292,303,306,347,370,371,376,384,389,393,408,413,467,494
38,64,66,67,68,69,70,72,74,75,76,77,78,79,80,81,82,83,84,85,86,88,90,93,94,95,96,99,100,101,105,106,107,108,111,114,117,119,120,121,122,123,124,125,128,129,130,135,137,138,140,142,146,147,149,151,152,153,154,162,164,165,167,169,170,171,172,173,174,175,184,187,191,200,203,206,207,212,218,221,223,225,226,230,237,243,244,245,246,261,263,264,266,273,275,278,280,283,285,292,295,297,298,305,312,322,323,346,347,352,353,361,367,375,387,515,681,692
39,41,60,66,67,68,69,72,73,76,77,78,79,80,81,83,84,87,88,89,90,91,92,93,94,95,96,97,98,99,100,101,103,104,105,106,107,109,111,112,118,121,124,125,127,128,129,130,131,132,133,134,135,136,138,139,141,142,143,144,146,148,149,150,152,155,156,158,159,161,162,164,167,170,174,177,179,181,183,187,189,191,195,196,199,200,201,203,204,206,210,212,213,214,215,217,219,225,228,233,234,240,241,248,251,254,260,262,263,265,268,281,285,290,291,292,298,299,302,307,321,326,327,348,351,358,375,464,552
40,65,66,67,68,69,71,72,74,75,76,77,78,79,80,81,82,83,85,86,88,90,91,92,93,94,95,96,97,98,100,101,102,103,104,107,109,111,117,120,121,123,124,125,127,128,129,130,135,136,137,138,139,141,142,147,148,150,152,154,155,159,161,164,166,168,173,174,175,176,177,180,182,187,190,192,194,195,196,197,198,200,205,207,213,218,220,225,227,228,231,245,246,247,249,262,264,270,275,282,294,299,310,313,334,336,338,405,421,564
41,17,53,57,60,67,74,75,76,78,79,81,82,83,85,86,87,89,90,91,93,95,98,99,101,102,103,104,106,107,108,109,110,112,113,116,117,118,119,120,121,122,123,124,125,127,128,129,132,133,134,135,136,137,138,139,140,141,142,144,145,148,151,152,167,171,172,173,176,182,187,192,193,194,195,199,202,205,206,207,212,213,214,220,221,226,228,233,235,236,237,238,239,242,245,253,254,257,263,269,270,285,302,312,318,319,336,354,469,474,518,622,663
42,54,66,67,69,70,71,72,73,75,76,77,78,79,82,84,85,86,87,88,89,90,92,93,94,97,99,100,101,102,103,106,107,108,111,118,119,121,124,127,128,130,132,133,137,138,140,141,142,144,145,148,151,152,154,155,167,170,172,174,175,179,181,184,186,188,193,194,198,200,201,205,211,212,215,216,218,223,228,229,232,236,238,239,243,250,262,269,281,293,300,310,318,320,321,355,360,361,379,386,402,408,502,506,521,543,551
43,56,64,67,70,72,74,77,81,82,85,86,87,89,93,94,97,98,99,101,102,103,104,105,107,109,110,112,113,114,115,116,117,118,120,121,122,124,126,127,128,129,132,135,136,137,138,139,141,142,143,144,146,148,151,152,157,168,169,171,173,176,183,185,192,193,200,202,205,207,211,212,213,221,223,224,228,233,236,238,240,247,249,251,262,264,275,276,278,280,288,307,309,341,395,631,669
44,77,78,82,83,84,86,87,89,91,92,94,95,96,97,98,99,100,103,104,106,108,111,113,116,117,118,124,127,129,130,132,141,142,145,146,147,149,150,152,154,174,177,180,181,187,188,190,197,202,203,205,211,212,217,220,221,222,223,224,230,254,264,267,276,285,286,287,294,327,352,445,482,667
45,63,77,78,80,82,84,86,91,92,93,94,95,97,98,99,100,101,107,108,111,112,113,115,119,121,122,123,129,131,132,135,136,138,139,140,142,143,144,148,149,163,177,180,185,186,187,191,194,201,202,203,204,218,228,230,232,233,238,239,250,255,259,272,278,300,301,355,364,447,604,658
46,76,78,81,86,87,92,98,99,106,107,109,110,111,116,117,120,124,125,127,128,132,137,138,143,149,163,180,193,211,227,231,265,270,324,369,385,419,430,538,684
47,75,85,93,98,99,100,103,104,105,107,108,109,111,117,118,122,128,132,148,149,152,202,220,222,226,271,277,631
48,60,93,100,104,109,116,117,119,120,123,141,146,156,200,266,316,386,582
49,98,104,105,110,120,150,300,571,595
50,19,98,109,117,309,439
51,50,403,677
52,506,523,600,607,683
53,349
54,39,65,388,453
55,568,621
56,17,260,311,582,660
57,23,360,373,389,462,494,599,695
58,11,155,267,424
59,
60,
61,
62,
63,
64,
65,
66,
67,
68,
69,
70,
71,
72,
73,
74,
75,
76,
77,
78,
79,
80,
81,
82,
83,
84,
85,
86,
87,
88,
89,
90,
91,
92,
93,
94,
95,
96,
97,
98,
