2
0,474
1,128,154,328,600,644,671
2,67,417,674
3,31,64,211,238,239,318,419,670
4,239,282,342,346,489
5,32,137,418,441,631,672
6,16,450,514,550,601
7,169,189,287,319,350,484,487,506,511,522,528,529,547,551,553,554,560,562,565,569,570,571,572,574,575,577,589,609,649
8,141,157,168,229,282,356,481,482,483,491,516,557,559,582,588,592,639,649,698
9,72,125,479,481,490,494,517,524,554,673
10,217,250,436,630,671
11,46,95,99,107,249,289,463,482,523
12,91,93,94,95,97,98,100,102,103,104,107,108,109,110,112,114,115,116,117,118,119,123,133,430,552,654
13,91,94,95,96,97,98,99,100,101,102,103,104,105,106,107,108,109,110,111,112,113,114,115,116,117,118,119,120,121,122,123,124,125,126,127,128,129,130,131,132,133,134,135,136,137,138,139,140,141,142,143,144,145,146,147,148,149,150,151,153,156,190,203,207,285,311,580
14,63,92,93,94,96,97,98,99,100,101,102,103,104,105,106,107,108,109,110,111,112,113,114,115,116,117,118,119,120,121,122,123,124,125,126,127,128,129,130,131,132,133,134,135,136,137,138,139,140,141,142,143,144,145,146,147,148,149,150,151,152,153,154,155,156,157,158,159,160,161,162,163,164,165,166,167,168,169,170,171,172,173,174,175,176,177,178,179,180,181,182,183,184,185,186,187,188,189,190,191,192,193,194,195,196,197,198,199,200,201,202,203,204,205,206,207,208,209,210,211,212,213,214,215,216,217,218,219,220,221,222,223,224,225,227,228,229,231,232,233,234,235,237,238,239,241,243,245,246,247,248,249,250,251,253,255,256,257,258,260,262,265,268,273,278,300,311,325,451,472,697
15,93,94,95,96,97,98,99,100,101,102,103,104,105,106,107,108,109,110,111,112,113,114,115,116,117,118,119,120,121,122,123,124,125,126,127,128,129,130,131,132,133,134,135,136,137,138,139,140,141,142,143,144,145,146,147,148,149,150,151,152,153,154,155,156,157,158,159,160,161,162,163,164,165,166,167,168,169,170,171,172,173,174,175,176,177,179,180,181,182,183,184,185,186,187,188,189,190,191,192,193,194,195,196,197,198,199,200,201,202,203,204,205,206,207,208,209,210,211,212,213,214,215,216,217,218,219,220,221,222,223,224,225,226,227,228,229,230,231,232,233,234,235,236,237,238,239,240,241,242,243,244,245,246,247,248,249,250,251,252,253,254,255,256,257,258,259,260,261,262,263,264,265,266,267,268,269,271,272,273,275,276,278,279,280,281,282,283,284,285,286,287,288,289,290,292,293,294,295,296,297,304,306,307,309,311,312,315,317,318,320,322,323,324,327,328,329,334,336,345,347,352,358,363,377,475,562,667
16,48,54,90,91,95,96,99,100,101,103,104,105,106,107,108,109,110,111,112,113,114,115,116,117,118,119,120,121,122,123,124,125,126,127,128,129,130,131,132,133,134,135,136,138,139,140,141,142,143,144,145,146,147,148,149,150,152,153,154,155,156,157,158,159,160,161,163,164,166,167,168,170,171,172,173,174,175,176,177,178,179,180,181,182,183,184,185,186,189,190,191,192,193,194,195,196,197,198,199,200,201,202,203,205,206,207,208,209,210,211,212,213,214,215,216,217,218,219,220,221,222,223,224,225,226,227,228,229,230,231,232,233,234,235,236,237,238,239,240,241,242,244,245,247,248,249,250,251,252,253,254,255,256,257,259,260,262,263,264,265,266,268,269,271,273,275,277,279,282,287,290,291,293,297,301,302,305,308,311,313,314,316,318,323,329,337,338,339,342,345,350,356,359,362,363,372,375,376,404,406,408,415,428,455,583,671
17,41,66,90,93,94,95,96,97,98,100,101,102,103,104,105,106,108,110,111,113,114,115,116,117,120,121,122,123,124,125,127,128,129,130,131,132,133,134,135,136,137,138,140,141,142,143,144,145,146,147,148,150,151,152,153,154,155,156,157,158,159,160,161,162,163,164,165,166,167,168,171,172,173,174,175,176,177,178,180,181,182,183,186,187,188,189,190,192,193,194,196,197,198,199,200,201,202,203,204,206,208,209,210,211,212,213,214,215,216,217,218,219,220,221,223,224,225,226,227,228,229,230,231,232,233,235,237,238,239,240,241,242,243,244,245,246,247,248,249,250,251,252,253,254,257,258,259,260,265,266,267,268,269,270,271,272,273,274,277,282,284,285,287,288,291,292,295,297,301,304,305,306,308,311,315,316,318,320,321,323,328,329,334,340,349,352,356,399,413,446,459,550
18,12,93,97,100,101,102,103,104,105,106,108,109,110,111,112,114,115,116,117,118,119,120,121,122,123,125,126,127,128,129,131,132,133,138,139,140,141,142,143,144,145,146,147,148,149,151,152,153,154,155,156,157,158,160,161,163,164,165,166,167,168,169,171,172,173,174,175,176,177,178,179,180,181,184,185,187,189,190,191,192,193,194,195,196,197,198,199,201,202,203,204,205,206,207,208,210,211,212,213,214,215,216,217,218,219,220,221,222,223,224,225,226,228,229,232,233,235,236,237,238,239,240,241,242,243,245,246,247,248,249,250,251,253,256,258,260,261,263,264,271,276,278,279,283,284,287,289,296,299,300,302,306,309,310,311,324,328,329,332,334,340,343,344,367,518,688
19,33,93,94,95,97,98,99,100,101,102,103,104,105,106,107,108,109,110,111,112,113,114,115,117,118,119,121,122,123,124,125,126,127,128,129,130,131,132,133,134,135,136,138,139,140,141,142,143,144,145,146,147,148,149,151,152,153,154,156,157,158,159,160,161,163,165,166,167,168,170,171,173,175,176,177,178,180,187,188,189,190,191,192,193,198,199,200,201,203,204,205,206,207,210,211,212,213,214,215,216,217,218,219,220,221,222,223,224,225,226,227,228,229,230,231,232,235,236,237,241,242,244,245,246,247,248,249,251,252,253,254,255,256,257,258,259,260,262,263,266,267,269,270,271,272,273,275,276,278,279,280,284,286,289,292,293,296,301,302,304,306,310,312,316,319,326,333,341,345,346,352,381,386,401,414,501
20,38,85,91,92,98,101,102,103,104,105,106,107,108,109,110,111,112,113,114,116,117,118,119,120,121,122,123,124,126,127,129,130,132,134,135,136,137,138,139,140,142,143,144,145,146,147,148,149,150,151,153,154,155,156,157,158,159,160,161,162,163,164,165,166,167,168,169,171,172,173,174,175,176,178,179,180,182,183,184,186,187,189,190,191,192,193,194,195,196,198,199,200,201,202,203,205,206,207,208,209,210,212,213,215,216,217,218,219,220,221,222,223,224,226,229,230,231,232,234,236,237,238,239,240,241,243,244,248,250,252,254,256,257,258,260,266,268,272,273,277,280,281,283,288,290,295,296,298,300,302,304,314,323,326,333,335,337,344,351,355,357,362,633
21,87,94,95,96,98,99,101,102,103,104,106,107,108,110,111,112,113,114,115,117,118,119,120,121,122,123,124,125,126,127,128,129,130,131,132,133,135,136,137,139,140,141,142,143,144,145,146,147,149,150,151,152,153,154,155,156,158,159,160,161,163,165,167,168,169,170,173,174,176,177,178,179,180,181,182,183,185,186,187,189,190,191,193,196,197,198,200,201,202,203,206,207,208,209,210,211,212,214,215,216,217,218,220,221,222,223,224,225,226,228,229,230,231,232,233,234,237,238,239,240,241,242,244,245,247,248,249,250,251,252,254,256,257,258,259,260,261,262,263,264,265,268,270,271,274,279,280,287,288,294,296,297,299,301,305,308,311,314,317,325,355,366,410,434,448,449,575,605,615
22,97,98,99,102,103,104,106,107,108,109,110,111,112,113,115,116,117,118,119,120,122,123,124,125,126,128,129,130,131,132,134,135,136,137,138,139,140,141,142,143,144,145,149,150,151,152,153,154,155,156,157,159,160,161,162,164,166,168,169,170,172,173,174,175,176,177,178,179,180,181,182,183,185,186,187,188,189,190,191,192,194,195,196,197,198,199,200,201,202,203,204,205,208,209,211,213,214,215,217,218,219,221,222,223,225,227,228,231,232,234,235,237,239,241,242,243,246,248,249,251,256,258,263,266,269,270,271,273,277,280,284,285,286,289,292,294,308,311,317,321,337,355,357,399,405,488,621,660
23,84,91,93,95,96,97,100,102,103,105,106,107,108,110,111,112,113,114,115,117,118,120,121,122,124,125,126,127,128,129,130,131,132,133,134,135,136,138,139,140,141,142,143,144,145,146,147,148,150,151,152,154,155,156,157,158,160,161,162,164,165,167,168,170,172,174,177,178,179,180,181,183,186,188,190,191,194,195,196,199,200,201,202,203,204,205,206,208,210,211,212,215,217,218,219,220,221,222,225,227,231,232,233,234,235,236,237,238,241,242,246,247,248,249,250,251,253,254,255,256,258,260,261,262,263,266,267,268,269,271,272,282,286,290,291,295,298,300,308,323,341,353,375,379,408,648
24,38,39,93,97,100,101,103,104,105,106,107,108,109,110,111,112,113,114,115,116,117,118,119,120,121,122,123,124,125,126,127,129,130,131,132,133,137,138,140,142,143,144,145,146,147,148,150,151,153,154,155,156,157,159,160,161,162,163,165,166,167,168,169,170,171,172,173,175,176,177,178,179,180,182,184,185,187,188,191,192,193,194,196,197,198,199,200,201,203,205,206,207,209,210,211,212,213,215,217,219,220,221,223,225,226,227,228,229,231,236,237,240,241,242,243,244,252,253,254,259,260,261,275,281,289,293,295,296,300,301,309,312,316,318,321,324,367,386,393,400,416,435,443,458,512
25,70,89,93,95,96,97,98,99,100,104,105,106,107,108,110,111,112,113,114,115,116,117,118,119,120,121,122,123,124,125,127,128,129,130,131,134,135,136,137,138,139,141,142,143,144,146,147,148,149,150,151,152,153,154,158,159,162,166,167,170,171,172,175,176,178,179,180,181,183,184,185,188,194,196,197,198,199,200,201,202,203,204,205,206,207,208,209,211,214,215,216,218,219,221,222,223,224,225,226,227,228,229,230,233,235,237,238,239,242,245,246,247,251,252,255,258,259,261,263,265,270,272,274,278,279,280,282,283,288,298,302,313,316,318,321,326,329,341,356,366,380,395,398,400,584,650
26,15,93,94,95,96,98,99,103,104,108,109,110,111,112,113,114,115,116,117,118,120,121,122,126,127,129,130,131,132,133,134,135,136,137,138,142,143,146,147,149,150,151,152,153,154,155,156,157,158,160,161,162,163,164,165,166,167,169,171,172,173,174,175,176,177,178,179,180,181,182,184,185,186,187,189,190,191,192,193,194,195,197,198,199,202,203,204,206,207,209,210,211,212,213,216,217,218,219,223,224,226,227,228,234,235,238,239,242,243,247,248,250,251,254,255,258,263,265,268,270,273,275,278,285,288,290,297,298,299,303,304,305,317,318,322,326,332,349,358,367,368,378,380,387,392,426,447,462,473,584
27,28,69,85,86,89,97,98,99,101,103,104,105,106,107,108,109,112,113,114,115,117,119,120,121,122,124,125,126,127,128,129,133,134,135,136,138,139,140,141,142,143,144,145,146,147,148,149,151,152,153,155,156,158,159,161,162,165,168,169,171,172,173,174,176,177,178,179,180,181,182,183,184,185,186,188,189,193,194,195,196,197,200,201,203,204,207,208,209,211,212,214,216,217,218,219,221,223,224,225,226,228,231,232,234,235,237,238,239,240,243,244,245,247,251,253,254,257,258,260,262,263,270,273,275,279,280,281,282,283,288,290,299,303,311,314,315,316,324,329,345,351,358,361,376,416,447,589,609,650
28,36,77,97,100,101,102,103,104,105,106,107,108,111,112,113,115,117,118,119,121,123,124,125,126,127,129,130,132,133,134,135,137,138,139,141,142,143,144,146,147,148,149,150,151,152,153,156,158,159,160,162,163,166,167,169,171,172,173,175,176,177,178,179,180,181,183,185,186,187,189,190,191,192,193,194,195,196,198,199,200,201,202,203,205,207,208,209,210,215,216,217,218,220,223,226,227,228,233,237,242,243,244,247,250,257,258,259,260,263,264,269,276,280,281,282,285,287,288,299,340,345,346,357,363,367,381,397,521
29,41,47,80,94,98,101,103,104,105,106,107,109,110,111,112,113,114,115,116,117,118,119,120,121,123,124,126,127,128,129,131,132,133,134,135,136,137,138,139,140,141,142,144,145,147,148,149,150,152,153,154,155,156,159,160,162,163,167,169,170,171,173,174,175,176,177,179,180,181,182,183,184,185,186,188,190,194,195,196,197,198,199,200,201,203,205,208,209,211,212,214,215,217,218,219,220,222,223,225,226,227,228,229,231,232,233,234,235,237,238,239,240,241,243,244,245,246,247,248,252,254,255,257,258,259,263,264,267,272,273,276,277,287,289,290,291,295,298,304,306,311,314,316,325,331,337,387,438,633
30,97,98,99,100,101,103,104,105,106,107,110,111,112,113,114,116,117,118,121,122,123,128,129,131,132,136,138,139,141,142,144,145,146,147,148,149,150,151,152,153,154,155,156,157,158,159,161,163,164,165,166,168,169,170,171,172,174,178,179,180,181,182,183,184,185,188,189,191,192,194,195,196,197,199,200,201,202,203,204,205,207,208,209,210,211,212,213,214,215,218,223,227,230,231,233,235,237,238,240,242,243,246,249,250,251,255,261,269,271,272,277,279,300,301,307,309,319,323,333,336,349,359,365,373,380,405,408,457,511,519,658
31,4,47,92,94,95,99,102,104,105,106,107,108,109,111,113,114,115,117,118,119,120,121,122,123,124,125,126,128,129,130,131,132,133,134,135,136,137,138,141,142,143,144,146,147,148,150,151,152,154,157,158,160,162,163,164,165,166,167,168,169,170,172,174,175,176,178,179,181,182,183,184,186,187,188,190,191,195,197,198,199,200,201,202,203,204,205,206,207,208,209,211,212,213,214,216,217,218,219,220,221,222,224,225,226,227,229,231,232,234,235,236,239,245,246,248,251,252,254,256,257,258,259,260,261,262,267,270,272,274,276,277,278,282,292,296,299,302,305,312,314,333,339,346,352,370,377,381,408,422,477,513,602,682
32,8,32,99,102,105,106,108,109,110,111,114,115,116,117,119,121,122,123,124,126,128,130,131,133,136,138,139,141,142,144,147,149,150,151,153,154,156,157,158,160,161,162,164,165,166,167,168,169,170,171,173,174,175,176,179,180,182,186,189,191,192,195,197,198,199,200,201,202,203,205,206,207,208,211,212,215,217,218,219,222,225,226,228,229,230,236,237,238,244,250,251,252,256,257,258,259,260,261,262,264,265,268,273,274,275,276,277,281,284,292,304,305,308,311,317,326,336,367,376,395,396,399,491
33,93,100,103,104,105,106,108,109,110,111,112,113,114,115,116,117,118,120,121,122,123,124,126,127,128,129,130,131,133,134,135,137,138,139,140,141,142,143,145,146,147,148,149,150,151,152,154,155,156,157,158,159,160,161,162,163,164,165,166,169,170,171,172,173,176,177,178,180,181,182,184,185,186,188,193,195,196,197,198,199,200,203,204,205,206,208,209,212,214,216,217,218,219,221,222,224,225,226,228,230,231,233,234,235,236,237,241,242,243,244,246,247,248,249,250,252,254,258,263,266,267,270,272,274,275,287,288,289,290,292,295,300,311,312,314,324,328,329,332,336,340,345,356,371,380,415,515,548,585,614,662,685
34,92,94,100,101,102,104,106,107,108,109,112,113,115,116,117,118,120,121,122,124,125,126,127,128,130,131,132,133,134,135,138,139,142,144,146,147,148,150,151,152,153,154,155,157,158,159,161,163,164,165,168,172,173,174,175,176,177,179,181,183,184,185,187,193,197,198,199,200,201,202,203,204,205,206,208,209,210,211,212,213,215,216,217,221,223,224,227,230,231,232,234,237,239,241,244,245,254,255,257,258,259,262,267,271,276,280,282,284,291,301,305,306,307,311,325,328,339,347,350,360,361,363,368,372,380,389,426,670
35,88,90,101,102,104,105,114,117,118,119,120,121,122,123,124,126,128,132,133,134,135,136,137,138,139,140,141,144,147,148,149,151,152,153,154,155,156,157,158,161,162,163,165,167,170,171,173,175,177,181,182,183,184,185,186,187,189,192,198,199,200,202,203,205,206,210,211,212,213,214,215,216,217,218,219,221,222,225,227,228,229,230,231,233,234,235,236,237,238,239,240,241,242,243,244,246,247,248,249,250,251,253,259,260,261,262,263,268,270,272,274,275,276,277,278,282,283,284,288,297,306,311,321,324,326,328,329,336,378,395,472,683
36,35,102,103,105,107,109,110,112,113,114,116,117,118,120,121,123,124,125,128,129,131,133,135,136,139,140,141,143,145,147,148,149,150,151,153,155,156,158,159,160,163,165,167,168,169,170,171,172,173,174,175,176,177,179,185,186,187,189,192,194,195,196,197,198,199,200,202,203,204,205,206,207,208,210,211,212,213,215,217,218,220,221,222,228,229,230,232,234,235,236,237,238,241,242,243,247,250,251,252,258,260,261,266,276,280,287,307,310,313,315,322,329,338,347,352,358,359,372,399,407,469,589
37,20,98,99,100,102,103,106,107,108,109,110,114,115,117,119,122,123,127,128,129,130,131,134,135,136,137,138,140,143,144,146,147,148,151,152,153,154,156,157,158,161,162,165,166,167,168,171,172,174,175,176,178,179,180,182,184,185,187,190,193,194,196,197,199,201,202,203,204,205,208,209,211,213,215,216,219,221,224,226,227,230,232,234,235,236,240,242,245,246,249,250,252,253,255,256,257,258,260,262,265,267,268,269,270,271,273,274,276,278,279,282,283,284,291,294,295,297,298,313,324,342,347,362,365,375,380,410,424,508,554
38,2,102,104,107,109,111,114,115,116,117,118,119,120,122,123,124,125,129,130,131,132,133,139,140,141,143,145,148,151,153,154,155,159,160,161,162,164,165,166,168,169,170,171,174,175,177,178,179,180,183,190,193,195,197,198,200,201,202,203,205,206,208,209,211,212,213,214,215,216,217,218,220,221,222,225,227,228,229,230,231,232,233,234,236,237,239,240,242,247,248,261,262,270,271,272,275,276,277,286,288,309,316,321,323,329,345,350,351,370,375,383,385,448,469,515
39,27,32,105,106,107,108,110,112,113,114,115,116,117,118,119,120,121,123,124,125,126,127,128,131,132,134,135,136,137,139,140,141,142,143,144,145,146,148,149,150,151,154,156,158,159,160,161,162,164,165,166,167,175,179,183,185,187,188,190,193,194,198,201,207,208,210,211,213,214,215,216,217,218,219,222,224,227,229,230,232,236,238,239,240,242,243,244,245,247,249,250,251,253,254,255,256,258,259,262,266,267,268,271,273,276,279,281,285,286,289,292,295,298,299,304,316,317,320,327,338,339,341,343,345,348,358,369,381,390,393,454,548,581,620,645
40,94,97,101,105,107,109,110,111,112,114,115,116,117,118,119,120,125,126,127,128,130,132,133,134,135,136,137,140,141,143,145,146,147,151,152,153,155,156,158,161,163,165,167,168,169,171,175,179,180,181,182,183,185,186,188,190,191,192,193,196,197,198,200,201,202,203,204,206,208,209,210,211,212,213,214,216,217,218,220,221,222,223,224,226,229,230,231,232,233,234,235,236,237,238,239,240,241,242,244,245,246,247,248,251,253,254,256,259,264,268,270,271,278,280,283,285,286,288,293,297,298,303,305,307,310,312,318,323,324,326,335,392,445,543,556,641
41,104,107,111,112,113,116,117,119,121,122,123,124,126,128,129,130,134,135,139,140,141,143,144,145,146,147,148,149,150,151,153,154,155,158,159,161,162,165,166,167,170,173,174,175,176,177,180,181,182,183,188,190,191,192,193,196,198,201,202,205,206,208,210,211,212,213,215,216,217,218,219,220,221,223,224,225,228,230,231,232,233,234,235,236,237,239,248,249,250,251,255,257,258,263,266,271,285,290,296,299,308,309,314,319,321,323,329,332,355,359,373,379,401,426,430,443,455,548
42,105,106,107,110,111,112,116,118,119,121,125,126,127,129,130,132,134,135,137,138,139,141,142,143,144,145,146,147,150,151,152,158,159,160,161,162,163,164,166,167,169,170,171,174,177,178,179,183,185,193,198,201,206,209,210,212,214,215,217,221,224,225,227,228,231,232,235,238,241,242,243,245,246,248,249,251,252,253,255,256,259,260,261,263,266,268,271,272,277,278,279,282,283,285,286,287,288,290,292,296,303,306,308,314,316,320,340,342,351,354,359,501
43,42,54,105,106,112,113,114,115,116,117,118,121,122,123,124,125,127,128,129,131,132,133,135,136,138,139,140,141,142,144,145,147,148,149,151,152,153,155,158,160,167,169,170,171,173,177,178,182,183,188,191,192,193,194,195,197,202,205,207,208,209,210,211,212,213,214,215,216,217,218,219,221,222,223,224,226,227,230,231,232,233,240,242,244,245,246,249,250,253,258,259,264,265,266,267,269,270,272,276,278,279,283,286,288,293,294,296,298,302,305,318,320,329,343,415,443,456,490
44,106,110,111,116,117,130,133,135,139,140,141,142,143,145,148,149,150,151,154,155,156,158,159,163,174,175,176,177,178,182,184,188,190,191,192,198,200,206,213,216,217,218,219,222,225,230,238,241,248,251,258,259,271,273,277,281,291,292,297,300,319,321,325,329,338,339,343,364,369,421,519,540,606
45,136,137,141,144,146,155,158,160,169,170,189,200,201,206,219,240,255,260,283,289,368,413,424,552
46,360,440,505,556,581
47,29,49,64,399
48,87,601
49,636,699
50,214,596,695
51,72,387,443
52,10,344,623,697
53,273,295
54,442,484,608
55,23,51,316,584
56,40,308,585,622
57,42,63,215,586,669
58,37,105,234,269,428,671,680
59,223,632
60,14,284
61,
62,
63,
64,
65,
66,
67,
68,
69,
70,
71,
72,
73,
74,
75,
76,
77,
78,
79,
80,
81,
82,
83,
84,
85,
86,
87,
88,
89,
90,
91,
92,
93,
94,
95,
96,
97,
98,
