14
0,352
1,99,127,242,339,361,365,481,612
2,17,40,97,492,576
3,72,82,142,325,376,381,479,668
4,54,55,104,153,163,364
5,100,141,145,330,554
6,28,80,91,138,158,241,271,328,684
7,141,142,484
8,5,18,68,119,173,261,346,439,614
9,69,73,77,98,122,134,325,483,540,570,584,656
10,19,66,69,70,71,72,73,74,75,76,79,81,82,83,87,90,91,106,198,393,471
11,56,60,64,65,66,67,68,69,70,71,72,73,74,75,76,77,78,79,80,81,82,83,84,85,86,87,88,89,90,91,92,93,94,95,96,98,99,101,102,105,106,108,109,110,112,113,114,187,264,266,292,332,428,469,541
12,48,56,57,58,59,60,61,62,63,64,65,66,67,68,69,70,71,72,73,74,75,76,77,78,79,80,81,82,83,84,85,86,87,88,89,90,91,92,93,94,95,96,97,98,99,100,101,102,103,104,105,106,107,108,109,110,111,112,113,114,115,116,117,118,119,121,122,123,124,126,127,131,132,134,137,138,141,153,184,202,210,354,412,646,661
13,31,43,56,58,59,60,61,62,63,64,65,66,67,68,69,70,71,72,73,74,75,76,77,78,79,80,81,82,83,84,85,86,87,88,89,90,91,92,93,94,95,96,97,98,99,100,101,102,103,104,105,106,107,108,109,110,111,112,113,114,115,116,117,118,119,120,121,122,123,124,125,126,127,128,129,130,131,132,133,134,135,136,137,138,139,140,141,142,143,144,145,146,147,148,149,150,151,152,153,154,155,156,157,158,159,160,161,162,163,164,165,166,167,168,169,170,171,172,173,174,175,176,177,178,179,180,181,182,183,184,185,186,187,188,189,190,191,192,193,194,195,196,197,198,199,200,201,202,203,204,205,206,207,209,210,211,212,213,214,225,260,292,444,455
14,12,61,63,64,66,67,68,69,70,71,72,73,74,75,76,77,78,79,80,81,82,83,84,85,86,87,88,89,90,91,92,93,94,95,96,97,98,99,100,101,102,103,104,105,106,107,108,109,110,111,112,113,114,115,116,117,118,119,120,121,122,123,124,125,126,127,128,129,130,131,132,133,134,135,136,137,138,139,140,141,142,143,144,145,146,147,148,149,150,151,152,153,154,155,156,157,158,159,160,161,162,163,164,165,166,167,168,169,170,171,172,173,174,175,176,177,178,179,180,181,182,183,184,185,186,187,188,189,190,191,192,193,194,195,196,197,198,199,200,201,202,203,204,205,206,207,208,209,210,211,212,213,214,215,216,217,218,219,220,221,222,223,224,225,226,227,228,229,230,231,232,233,234,235,236,237,238,239,240,241,242,243,244,245,246,247,248,249,250,251,252,253,254,255,256,257,258,259,260,261,262,263,265,266,267,268,269,270,271,272,273,274,275,276,278,279,280,281,282,283,284,285,286,287,288,290,291,292,293,298,299,300,301,302,304,305,307,308,309,310,312,315,316,317,318,320,321,322,326,330,331,338,342,343,347,351,365,381,382,399,417,605
15,55,59,60,61,62,63,64,65,66,67,68,69,70,71,72,73,74,75,76,77,78,79,80,81,82,83,84,85,86,87,88,89,90,91,92,93,94,95,96,97,98,99,100,101,102,103,104,105,107,108,109,110,111,112,113,114,115,116,117,118,119,120,121,122,123,124,125,126,127,128,129,130,131,132,133,135,136,137,138,139,140,141,142,143,144,145,146,147,148,149,150,151,152,153,154,155,156,157,158,159,160,161,162,163,164,165,166,167,168,169,170,171,172,173,174,175,176,177,178,179,180,181,182,183,184,185,186,187,188,189,190,191,192,193,194,195,196,197,198,199,200,201,202,203,204,205,206,207,208,209,210,211,212,213,215,216,217,218,219,220,221,222,223,224,225,227,229,230,231,232,233,234,235,236,237,238,240,241,242,243,244,245,246,247,248,249,250,251,252,253,254,255,256,257,258,259,260,261,262,263,264,265,266,267,268,269,270,271,272,273,274,275,276,277,278,279,280,281,282,283,284,285,286,288,289,290,291,292,293,294,295,296,298,299,300,301,302,303,304,305,306,308,309,310,311,312,313,314,316,317,318,320,321,322,323,324,325,326,330,331,332,334,335,336,337,338,340,342,343,345,346,347,348,350,362,364,368,370,372,378,380,384,391,392,395,397,403,413,414,417,532,645,647
16,27,35,52,53,55,56,57,58,59,60,61,62,63,64,65,66,67,68,69,70,71,72,73,74,75,76,77,78,79,80,81,82,83,84,85,86,87,88,89,90,91,92,93,94,95,96,97,98,99,100,101,102,103,104,105,106,107,108,110,111,112,113,114,115,116,117,118,119,120,121,122,123,124,125,126,127,128,129,130,131,132,133,134,135,136,138,139,140,141,143,144,145,146,147,148,149,150,151,152,153,154,155,156,157,158,159,160,161,162,163,164,165,167,168,169,170,171,172,173,174,175,176,177,179,180,181,182,183,184,185,186,187,188,190,191,192,193,194,195,197,198,201,202,203,204,205,206,207,208,209,210,211,212,213,214,215,216,217,218,219,222,223,224,226,227,228,229,230,232,233,234,235,236,237,238,239,240,241,242,243,244,245,246,247,248,249,250,251,252,253,254,255,256,257,258,259,260,264,265,266,267,269,270,272,273,275,276,278,279,280,282,283,284,285,286,287,288,289,290,291,292,293,294,296,297,299,300,302,304,306,307,310,312,313,314,315,316,317,318,319,322,323,324,325,328,333,337,348,349,356,358,359,370,374,375,381,392,408,457,572
17,17,39,49,50,51,53,54,55,56,57,58,59,60,61,62,63,64,65,66,67,68,69,70,71,72,73,74,75,76,77,78,79,80,81,82,83,84,85,87,88,90,91,92,93,94,95,96,97,98,99,100,101,102,103,104,105,106,107,108,109,110,111,112,113,114,115,116,117,118,119,120,121,122,123,124,125,126,127,128,129,130,131,132,133,134,135,136,137,138,139,140,141,142,143,144,145,146,147,148,149,150,151,152,153,154,155,156,157,158,159,160,161,162,163,164,165,166,167,168,169,170,171,173,174,175,176,179,181,182,183,185,186,187,188,189,190,191,192,193,194,195,196,197,198,199,200,201,202,203,204,205,206,207,208,210,211,212,213,214,215,218,219,220,221,222,223,224,225,226,227,228,229,230,231,232,233,234,235,236,237,238,239,241,242,243,244,245,247,248,249,250,251,253,254,255,256,259,260,261,264,265,268,269,270,271,272,274,276,282,283,284,285,289,291,292,294,299,300,301,302,305,307,309,315,316,317,318,319,325,326,336,347,365,370,381,416,422,423,425,433,438,615,676
18,14,20,53,54,55,58,59,60,61,62,63,64,66,67,68,69,70,71,72,73,74,75,76,77,78,79,80,81,82,84,85,86,87,88,89,90,91,92,93,94,95,96,97,98,99,100,101,102,103,104,105,106,107,108,109,110,111,112,113,114,115,116,117,120,121,122,123,124,125,126,127,128,129,130,131,132,133,134,135,136,137,139,140,141,142,143,144,145,146,147,148,149,150,151,152,153,154,155,156,157,158,159,160,161,162,163,164,165,167,168,169,170,171,172,174,175,176,177,178,179,182,183,184,185,186,189,190,191,192,193,194,195,196,197,198,200,201,202,204,205,206,209,210,211,213,214,215,217,218,219,220,221,222,223,224,225,226,227,228,230,231,233,236,237,238,239,241,242,243,245,246,248,249,252,253,254,255,257,259,260,264,266,268,269,270,271,272,273,274,275,277,279,282,284,287,294,296,297,298,301,302,304,316,317,319,320,321,325,328,329,330,332,334,338,340,341,345,349,362,381,405,413,418,434,492,578,690
19,16,49,51,53,54,56,57,58,59,60,61,62,63,64,65,66,67,68,69,70,71,72,73,74,75,76,77,78,79,80,81,82,83,84,85,86,87,88,89,90,91,92,93,94,95,96,97,98,99,100,101,102,103,104,105,106,107,108,109,110,111,112,113,114,115,116,118,120,121,122,123,124,125,126,128,129,130,133,134,137,138,139,140,141,142,144,145,146,147,148,149,150,151,152,153,154,156,157,158,160,161,162,163,165,166,168,169,171,173,174,175,176,177,178,181,182,183,184,185,186,187,188,189,190,191,192,193,194,196,198,199,202,203,204,207,208,209,212,214,215,216,219,220,222,223,224,225,226,228,229,233,234,235,236,238,239,241,242,243,246,247,248,250,254,255,256,261,265,266,268,273,276,277,292,294,295,296,300,303,314,316,317,318,319,324,340,342,348,350,382,514,517,677
20,48,52,53,54,55,56,57,58,59,60,61,62,64,65,66,67,68,69,70,71,72,73,74,75,77,78,79,80,81,82,83,84,85,86,87,88,89,90,91,93,94,95,96,97,98,99,102,103,104,105,106,107,108,109,110,111,112,113,115,116,117,121,123,124,125,126,128,130,132,134,135,136,138,139,140,141,142,143,144,145,147,148,149,150,151,152,153,154,155,156,157,158,160,161,162,163,165,167,168,169,170,171,172,173,174,175,177,178,179,180,182,183,184,185,186,187,188,190,191,194,196,199,201,204,205,206,207,210,211,212,218,219,222,224,232,233,234,235,236,238,240,245,247,251,256,257,258,264,265,267,269,271,275,286,300,305,311,325,329,350,400,431,475,595
21,8,13,31,50,51,54,58,59,60,61,62,63,64,66,67,68,69,70,71,72,73,74,75,76,77,78,80,81,83,84,85,86,87,88,89,90,91,92,93,94,95,97,98,99,100,102,104,106,107,108,110,112,114,116,118,119,120,121,122,123,124,125,126,127,129,130,133,134,135,136,137,138,139,140,142,143,144,145,146,147,149,150,152,153,154,155,156,157,158,159,160,161,162,163,165,166,167,168,170,171,172,173,174,175,177,180,181,182,183,184,186,187,189,191,192,193,194,201,202,204,214,221,223,224,225,227,232,236,239,241,244,245,249,252,263,266,267,277,288,294,296,300,301,304,317,321,339,346,365,370,374,386,555,647
22,16,20,46,47,50,52,53,54,55,56,58,59,60,61,62,63,64,65,66,67,68,69,70,71,73,74,75,76,77,78,80,81,83,84,85,87,88,89,90,91,92,93,94,95,96,98,99,100,101,102,103,105,106,108,110,111,112,113,114,116,117,118,119,120,121,122,123,124,125,127,128,129,131,132,133,134,135,136,138,139,140,141,142,143,144,145,146,147,148,149,152,153,154,155,156,157,158,159,160,161,163,164,165,166,167,168,169,171,174,180,186,187,189,190,196,197,199,200,202,205,208,220,222,224,228,229,230,235,237,238,243,246,253,257,269,271,274,280,290,295,300,308,313,321,341,436,463,543,544
23,53,54,55,56,57,58,59,60,61,62,64,65,66,67,68,69,70,71,72,73,75,76,77,78,79,80,81,83,84,86,87,88,89,90,91,93,94,95,96,97,98,99,100,101,102,103,104,105,106,107,108,109,110,112,113,114,115,116,117,118,120,121,122,123,124,125,126,127,128,129,130,131,132,133,134,135,136,137,138,139,140,141,142,143,144,146,147,148,149,150,152,154,156,157,160,161,162,163,164,166,167,169,170,171,172,174,176,178,179,180,182,183,185,186,188,189,190,191,192,194,197,202,203,205,206,207,209,210,211,213,214,218,222,229,230,238,241,242,245,251,252,254,261,262,263,284,285,300,311,327,339,341,342,350,355,550
24,44,50,51,53,54,55,57,60,61,62,63,64,66,67,68,71,72,75,76,77,78,79,80,81,82,83,84,85,86,87,88,89,90,91,92,93,94,96,97,98,100,101,102,103,104,105,106,107,108,110,111,112,113,114,115,116,118,120,121,122,123,124,129,130,131,132,133,135,136,137,138,142,143,144,145,146,147,148,149,151,152,153,154,155,156,157,158,159,160,161,162,163,164,165,166,167,168,169,170,173,174,176,178,180,182,183,185,187,189,190,191,193,195,196,198,199,203,204,206,207,209,210,214,220,221,223,224,227,231,233,237,238,240,241,242,244,247,248,251,252,253,257,260,261,265,270,273,274,280,283,284,301,313,323,332,459,487,632,657
25,14,44,46,50,55,57,58,59,60,61,62,63,64,65,66,67,68,69,70,71,72,73,74,75,76,77,78,79,80,81,82,83,85,86,87,88,89,90,91,92,93,94,95,96,97,98,99,100,101,102,103,104,105,106,107,108,109,110,111,112,114,115,116,117,118,119,120,121,124,125,126,127,128,129,130,131,133,134,135,136,138,139,141,142,143,146,147,148,149,150,151,152,153,154,155,157,158,159,160,161,162,163,164,165,166,167,168,169,171,173,174,175,176,177,178,179,180,182,183,185,186,187,189,191,192,193,195,196,197,199,200,204,207,208,209,210,211,212,213,214,215,216,217,218,219,222,223,224,226,230,231,236,237,244,249,251,256,258,260,261,264,271,273,282,283,286,287,289,290,291,310,344,353,356,372,419
26,44,51,57,60,61,62,63,64,65,67,68,69,70,71,72,73,74,75,76,78,79,80,81,82,83,84,85,86,87,89,90,91,93,94,96,97,98,100,101,102,105,106,107,108,109,110,112,113,114,115,116,117,118,119,120,121,122,123,124,125,126,127,129,130,131,133,135,136,137,138,139,140,143,145,146,147,148,149,150,151,152,153,155,156,157,158,160,161,162,163,164,165,166,167,168,169,170,171,172,173,174,176,177,178,179,180,182,183,185,187,188,189,190,192,193,194,195,197,198,199,200,201,202,205,207,208,210,211,213,217,220,221,226,227,228,230,234,236,238,239,241,242,243,244,245,246,247,248,249,255,259,263,268,271,275,279,281,283,284,289,291,294,296,299,303,306,307,316,322,327,328,334,354,540,558
27,43,49,52,55,56,57,58,59,60,61,62,63,64,65,66,67,68,69,70,71,72,73,74,75,76,77,78,79,81,82,83,84,85,86,87,88,89,90,91,92,93,94,95,96,97,98,99,100,101,102,103,104,105,106,107,108,109,110,112,113,114,115,117,118,119,120,121,122,123,124,125,127,128,129,130,131,132,133,134,135,136,137,138,140,141,142,143,144,146,147,148,150,151,152,153,154,155,157,159,160,162,164,165,166,167,169,170,171,174,176,178,179,180,181,183,184,185,186,187,188,190,191,193,194,195,196,198,200,204,205,206,207,208,209,210,211,213,216,217,218,219,220,221,223,225,226,230,231,233,235,237,239,242,243,245,247,248,249,253,254,256,259,267,268,269,275,280,281,283,289,290,293,295,298,311,312,314,320,336,339,340,353,393,480,515,609,633
28,8,51,52,53,54,55,56,57,58,60,61,62,63,64,65,66,67,68,69,70,71,72,73,74,75,76,77,79,80,81,82,84,85,86,87,88,90,91,92,93,95,97,98,100,103,105,106,107,108,109,110,111,114,115,116,117,119,120,122,123,124,125,126,127,128,129,130,131,133,135,136,138,139,142,144,145,148,149,150,151,152,153,155,158,159,162,163,166,169,170,171,172,173,174,175,176,177,178,181,182,183,184,186,187,188,189,190,192,194,196,197,199,200,201,202,204,206,208,211,213,214,215,216,217,219,220,223,225,226,227,228,229,230,231,233,235,236,237,238,239,241,242,243,247,251,253,255,256,258,259,263,265,266,268,269,270,273,274,275,276,280,281,283,284,288,289,291,295,296,304,308,309,320,321,324,325,326,333,361,363,367,372,375,376,381,471,519,678
29,49,50,51,53,54,55,56,59,61,62,63,64,66,67,69,70,71,72,73,74,75,76,77,78,79,80,81,82,83,84,85,86,87,88,89,90,91,92,94,96,97,98,99,100,101,102,103,105,106,107,108,109,110,111,112,113,114,117,118,121,122,123,126,128,129,130,132,133,134,135,136,137,141,143,144,145,146,147,149,151,152,153,156,157,158,159,160,161,162,163,164,165,167,168,169,170,171,172,173,174,175,178,179,180,185,186,187,188,189,190,191,192,194,195,196,197,199,200,202,203,204,206,207,208,209,210,211,212,213,215,216,217,218,219,220,221,222,224,227,229,232,233,234,236,237,241,242,243,244,245,248,250,252,253,254,255,257,258,260,261,263,265,266,267,269,275,276,277,278,280,285,286,291,293,299,300,302,304,306,307,309,320,322,331,335,343,508,647,675,678,696
30,48,51,53,56,57,58,59,60,62,64,65,66,67,68,69,70,71,72,73,74,76,78,79,80,82,83,84,85,86,87,88,89,90,91,92,93,94,95,96,97,99,100,103,104,105,106,107,108,109,112,114,115,116,117,119,120,121,122,124,125,126,127,128,129,130,131,132,133,135,136,138,139,141,143,144,145,146,147,149,150,151,152,153,154,156,157,158,159,160,161,165,166,167,168,169,170,171,172,173,174,176,178,180,181,182,183,184,185,189,190,192,193,194,195,196,197,198,199,201,202,203,204,205,207,208,209,211,212,215,216,217,220,221,223,228,229,230,231,239,242,246,248,251,252,253,258,264,266,276,277,287,298,307,308,309,311,320,327,331,335,340,355,357,371,417,434,487,509,532,658,674
31,26,44,51,52,53,54,55,56,57,58,59,60,61,62,63,64,65,66,67,68,69,70,71,72,73,74,75,76,77,78,79,81,82,83,84,85,86,87,89,90,91,94,95,96,98,99,100,101,102,103,104,106,107,108,110,111,112,113,114,115,116,117,118,120,121,122,123,124,125,126,127,128,130,131,134,135,136,137,138,139,140,141,142,143,145,147,148,150,151,152,154,155,157,158,159,161,162,164,165,166,168,169,172,173,174,175,176,178,179,180,181,182,183,184,186,187,188,190,191,192,193,196,197,198,199,201,202,203,205,206,208,209,211,212,216,221,222,223,230,231,233,235,236,238,239,240,243,245,246,247,248,249,253,255,257,258,259,262,264,276,278,282,284,286,288,295,297,298,302,305,322,328,329,330,347,348,352,356,367,371,382,402,417,550
32,50,52,53,54,56,57,59,60,61,62,65,66,67,68,69,70,71,72,78,79,80,82,83,85,86,88,89,90,91,92,93,94,95,96,97,98,99,100,101,102,103,104,106,108,109,110,111,112,113,115,116,118,119,120,121,122,123,124,125,126,128,129,130,131,133,134,135,136,138,139,140,141,142,144,146,147,148,149,150,151,153,154,155,156,160,161,162,163,164,165,167,171,173,174,175,179,180,181,182,185,190,191,192,193,194,196,199,200,202,204,205,208,209,210,211,212,213,214,215,216,218,219,220,221,222,223,224,225,226,228,229,230,232,235,237,238,239,242,243,245,247,251,252,255,256,258,259,261,262,263,264,274,276,277,279,281,283,286,288,289,290,294,297,302,310,318,325,337,339,348,368,371,378,385,394,410,432,463,473,479,489,505,568
33,43,50,51,52,53,54,55,56,57,58,59,60,61,62,63,64,65,66,67,69,70,71,72,73,74,75,76,77,78,80,81,82,83,84,85,86,87,88,89,90,91,92,93,94,95,96,97,99,100,101,102,103,104,105,106,107,108,109,110,111,112,113,114,115,116,117,118,119,120,122,123,124,125,127,129,132,133,134,135,136,137,138,140,142,143,144,146,147,148,149,150,151,152,154,155,157,159,161,162,165,168,169,170,171,172,174,176,179,180,181,186,187,188,189,191,194,195,196,197,198,199,200,202,203,206,207,208,210,211,212,213,216,218,219,220,221,222,223,224,226,227,228,230,232,233,234,236,237,244,246,250,251,252,254,255,256,257,258,260,261,264,265,266,269,271,275,276,278,280,281,283,284,287,291,293,295,298,299,300,304,309,318,320,324,325,330,334,336,338,350,354,373,404,406,452,464,543
34,49,50,52,53,54,55,56,57,58,59,61,62,63,65,66,67,68,69,70,71,72,73,74,75,76,77,78,79,82,83,85,86,87,88,89,90,91,92,93,94,95,96,98,99,100,101,102,103,104,105,108,109,110,111,112,113,114,115,116,118,120,121,122,126,129,131,132,133,134,136,137,138,141,142,144,146,147,148,149,152,153,154,155,156,157,158,159,161,162,163,165,166,167,168,169,170,172,173,174,175,176,178,179,180,182,184,185,186,187,188,189,190,191,192,193,194,196,197,198,199,201,202,203,205,208,209,210,211,212,213,214,215,216,217,218,219,220,221,225,226,228,229,230,233,234,235,236,237,239,243,244,245,248,251,252,255,257,258,259,263,264,267,268,272,276,278,280,287,295,296,300,301,315,317,344,393,417,418,528,614
35,12,47,51,53,54,55,56,57,59,60,61,62,63,64,65,66,67,68,69,70,71,72,73,74,75,77,81,83,86,88,89,90,91,92,93,94,96,97,98,99,100,103,104,105,109,110,111,116,117,118,119,120,121,122,123,124,125,126,127,128,129,130,131,133,134,135,136,137,141,142,143,145,146,147,148,149,150,151,153,156,157,158,160,162,163,164,165,166,169,170,172,174,177,178,179,180,181,182,183,184,186,188,190,193,195,199,201,205,207,209,210,212,213,215,216,217,219,227,229,230,233,236,238,248,252,282,283,284,288,295,303,304,306,307,311,314,320,328,333,367,368,433,517
36,45,46,49,51,52,53,55,56,58,59,60,61,62,63,64,65,66,67,68,69,70,72,73,74,75,76,77,78,79,80,81,84,88,89,90,91,92,94,96,97,98,99,100,101,102,103,104,105,106,107,108,110,112,113,115,116,118,119,120,121,122,123,124,125,126,127,128,129,131,133,136,137,138,140,141,142,144,145,146,147,148,149,150,151,152,153,154,156,157,158,159,160,161,162,163,165,167,168,169,171,173,175,176,177,178,180,181,183,184,185,187,190,198,201,206,207,217,220,222,225,231,237,241,242,243,245,246,248,251,252,253,254,256,257,259,260,261,262,265,270,274,277,278,280,282,287,293,299,309,310,311,317,319,322,326,341,343,357,361,362,363,364,366,378,384,391,400,491,522,682
37,47,49,50,51,53,54,55,56,57,58,60,61,62,64,65,67,68,69,70,71,72,74,75,76,77,78,79,80,81,82,83,84,85,86,87,88,89,90,92,93,94,95,96,97,98,99,100,101,102,103,105,106,107,109,110,111,113,114,115,116,117,118,119,120,121,122,123,124,125,126,129,131,133,134,135,138,139,140,142,144,146,148,149,150,153,154,157,158,159,160,162,166,167,168,169,172,173,174,175,176,177,178,179,181,183,186,188,189,190,192,193,194,198,199,200,201,203,204,205,206,208,211,214,216,219,220,224,225,226,227,229,232,233,238,240,242,244,245,247,248,249,251,253,255,256,257,261,263,264,267,269,279,280,282,284,285,286,290,293,294,295,297,302,308,312,316,321,322,325,332,335,339,344,345,358,368,415,421,443,508,587
38,37,41,46,53,54,59,60,61,62,64,65,66,67,68,69,70,71,72,73,74,76,77,80,81,82,83,84,85,86,87,88,89,90,91,92,93,94,95,97,98,99,100,101,102,103,105,106,107,115,118,121,124,129,130,131,133,134,135,138,139,141,144,145,146,148,149,151,152,153,154,156,157,158,159,160,161,162,164,165,166,168,169,170,172,173,174,175,176,177,179,180,184,185,187,188,194,195,199,202,204,205,206,208,211,213,215,216,219,220,221,230,232,234,243,245,246,248,249,251,252,254,257,258,259,260,268,270,271,273,274,275,284,286,293,299,304,321,325,332,336,395,396,404,493,549,674,684
39,51,53,54,56,57,59,60,62,63,65,66,67,68,69,71,72,73,74,75,76,77,78,79,80,81,82,83,85,87,89,90,91,92,93,96,97,98,99,101,102,103,104,105,106,107,109,110,111,113,114,115,117,120,121,122,123,124,125,126,128,131,132,133,134,135,136,137,138,139,140,141,143,144,145,146,147,148,149,151,152,153,155,156,157,158,159,160,161,162,163,164,165,166,167,170,171,173,174,175,176,182,184,186,190,194,196,201,202,212,214,222,223,229,235,247,253,258,260,267,271,276,277,280,281,283,290,297,303,313,324,328,335,344,349,362,364,387,639,645
40,48,49,51,52,53,55,56,57,58,59,60,61,62,63,64,65,66,67,68,69,70,72,73,74,75,76,77,79,80,82,83,85,87,88,89,90,91,92,93,94,95,97,98,99,100,101,102,103,104,105,106,107,108,111,112,113,114,119,120,121,122,124,125,126,127,128,129,130,132,133,135,136,137,139,140,142,143,144,146,147,148,149,150,151,152,153,154,155,156,157,158,159,161,164,166,169,170,171,174,176,180,181,182,183,186,190,191,196,197,200,209,212,214,215,217,219,221,222,223,225,226,228,232,233,235,239,243,252,255,260,266,267,286,299,302,322,333,345,362,378,389,390,435,573
41,5,34,44,46,49,50,51,52,55,60,61,62,65,66,68,69,70,73,74,75,76,78,79,81,83,84,85,87,88,90,91,92,93,97,98,100,101,102,103,104,105,106,107,108,110,111,112,114,115,116,117,119,121,123,124,125,126,127,128,130,131,132,136,139,140,142,143,145,146,150,153,155,156,157,158,162,163,164,165,166,167,168,170,173,174,177,178,179,180,181,182,183,184,185,189,191,194,197,198,202,204,205,208,209,210,211,217,218,219,221,223,225,228,229,231,233,235,253,254,258,261,264,272,273,285,290,291,313,338,348,394,494,508,627
42,41,42,47,56,60,63,66,67,68,70,72,73,74,76,77,78,79,80,81,82,83,84,86,87,88,89,91,92,94,95,96,97,98,99,100,101,102,103,105,106,107,109,110,115,117,120,121,122,123,125,126,127,130,131,133,135,136,138,139,140,143,145,146,147,148,149,150,151,152,153,156,157,159,160,161,164,165,166,168,169,170,172,173,174,176,177,178,180,181,183,184,186,187,188,189,190,192,193,194,195,197,198,200,201,202,203,205,207,209,211,214,216,218,220,223,228,231,236,238,247,251,258,263,271,277,279,280,285,296,298,301,319,332,362,367,396,425,453,483,607
43,50,52,61,64,65,67,68,70,71,72,73,75,76,77,78,79,81,83,84,85,86,87,88,89,90,91,92,93,94,96,97,98,100,102,104,105,106,108,109,110,111,112,113,115,116,117,119,120,123,124,125,127,128,129,130,131,132,134,136,137,139,140,141,142,143,144,145,146,147,150,153,154,156,157,159,160,161,162,163,164,165,166,168,170,172,174,180,183,184,189,191,192,195,198,201,211,221,223,224,233,235,237,238,254,276,282,284,285,289,293,297,305,312,321,364,373
44,40,49,63,64,66,69,70,71,72,75,76,77,78,80,81,82,83,84,87,90,92,93,94,95,96,99,100,101,102,104,106,108,109,110,111,112,113,114,115,116,117,118,119,120,121,122,124,125,126,128,129,130,131,132,133,135,136,138,139,140,141,142,143,145,146,147,148,149,150,151,153,156,157,163,166,168,171,175,176,177,182,184,189,191,198,199,203,205,210,211,213,214,220,221,224,227,229,231,238,247,257,260,262,268,273,274,280,284,297,309,491
45,62,66,70,71,72,73,74,75,76,77,78,79,80,81,83,84,85,87,88,90,92,93,94,95,96,97,99,101,103,104,106,107,109,110,111,112,114,115,116,117,119,120,121,122,123,124,125,126,127,128,129,130,131,132,133,134,135,136,137,140,141,142,143,144,146,147,148,149,151,153,156,157,163,164,165,166,167,168,169,171,176,177,178,179,180,182,183,186,187,189,192,194,198,199,200,201,202,209,210,215,217,223,226,227,228,229,231,232,237,249,254,263,266,277,284,285,286,299,302,306,307,321,347,520,590
46,65,66,67,68,69,70,71,72,73,76,77,79,80,81,83,85,86,87,88,89,90,91,92,93,94,95,96,97,102,103,104,110,111,112,113,114,116,117,119,120,123,125,126,128,129,130,134,138,140,141,145,147,150,152,153,154,159,160,162,164,167,168,171,172,173,174,176,177,178,179,182,184,185,186,188,190,193,195,196,200,201,204,206,208,210,214,215,216,217,219,220,225,226,229,230,231,232,235,236,238,239,240,244,248,249,250,253,259,266,271,272,274,282,283,286,288,308,309,318,325,333,338,352,520,670
47,63,65,66,67,69,70,71,73,75,77,81,82,84,85,86,88,90,93,94,95,97,98,99,100,104,107,112,113,114,115,117,121,123,124,125,126,128,130,131,132,137,138,141,143,146,147,151,153,154,160,167,168,171,174,176,177,180,181,182,184,185,192,193,194,196,199,200,201,209,213,215,218,223,226,227,235,238,240,241,243,247,260,261,263,267,269,270,273,326,497,696
48,57,59,63,64,68,72,74,75,79,82,83,84,85,86,89,90,92,93,96,97,102,103,108,110,111,119,120,123,125,136,143,144,150,151,152,157,159,167,169,173,176,177,179,181,182,188,194,198,206,214,215,216,217,219,221,246,251,284,433,463,685
49,62,67,75,77,83,89,91,95,109,116,120,130,138,145,156,166,168,175,184,188,191,194,212,217,227,238,261,272,593,675
50,8,89,123,127,133,142,145,168,178,210,211,317,402,544
51,42,118,262,265,296,669
52,334,396,423,437
53,165,295,362,385
54,19,496,655
55,7,30,353,404,445,494,500,583,611
56,75,643
57,34,56,331,452,624,686
58,
59,442,458,554,557,566
60,16,375,460,591
61,354,481,487,522,567,672
62,31,110,588
63,32,164,259,326
64,224,500,667,683,690
65,164,393,514,545
66,115,198,479,552,653,660
67,121,493,534,620
68,68,199,624
69,392,565,579
70,272,601
71,196,411,456,674,688
72,82,342,366,456,573,660
73,30,173,226,301,407,504,537
74,12,53,200,300,359,552,562,619
75,111,127,242,367,490,635,649
76,117,124,128,245,343,415,608,637
77,180,291,504,516
78,67,415,519,610
79,29,395,598
80,
81,
82,
83,
84,
85,
86,
87,
88,
89,
90,
91,
92,
93,
94,
95,
96,
97,
98,
