8
0,230
1,193,297,652
2,35,39,42,43,50,115,145,228,324,610,632,658
3,28,29,31,33,34,35,37,39,41,42,45,46,47,48,49,52,54,55,59,63,64,65,70,74,75,76,78,89,93,113,119,124,130,134,139,182,262,362,505,539
4,28,34,36,37,38,39,42,43,44,45,46,47,48,49,50,51,52,53,54,55,56,57,58,59,60,61,62,63,64,66,67,69,70,73,78,80,91,92,93,94,97,121,123,126,127,128,129,130,132,133,134,135,136,137,139,140,141,142,144,145,147,148,149,150,153,154,155,156,157,158,160,162,164,167,168,170,173,175,177,178,179,180,181,182,183,184,186,187,188,189,190,191,192,193,195,196,197,198,199,200,201,202,203,204,205,206,207,208,209,210,211,212,213,214,215,216,217,218,219,220,221,222,223,224,225,226,227,228,229,230,231,232,233,234,235,236,237,238,239,240,242,243,247,249,250,255,257,259,260,269,332,426,435,449
5,32,34,35,38,39,40,41,42,44,45,47,49,50,51,53,54,55,56,57,59,60,62,65,66,69,70,71,72,73,74,75,76,77,79,80,81,82,83,84,85,86,87,88,89,91,92,95,96,97,99,101,104,105,117,128,129,131,132,134,137,138,139,140,142,143,144,145,146,147,148,149,151,152,153,154,157,159,160,161,162,163,164,165,166,167,170,171,172,174,175,176,177,178,179,181,182,183,184,185,186,187,188,189,190,192,193,194,195,196,197,198,199,200,203,204,205,206,207,208,209,210,211,212,214,216,219,220,221,222,223,224,225,226,228,229,230,231,232,233,234,235,236,237,238,239,240,241,242,243,244,245,246,247,248,249,250,251,252,253,254,255,256,257,258,259,260,261,263,264,265,266,267,268,269,270,271,272,273,274,275,276,277,278,279,280,281,282,283,284,285,286,287,288,289,290,291,292,293,294,295,296,298,299,300,301,302,303,307,308,309,312,313,316,317,318,319,320,321,322,325,326,327,328,335,341,343,344,347,349,352,358,360,362,369,372,380,388,402,416,429,434,445,446,503,577,609,610
6,30,37,40,41,42,43,44,45,46,47,48,50,51,52,53,54,55,56,57,58,59,60,61,62,63,64,65,67,68,69,71,72,76,77,78,79,82,83,84,86,87,90,92,97,100,101,102,105,108,111,112,113,118,120,121,123,124,125,127,128,130,131,132,133,135,136,138,139,140,141,142,143,144,145,146,147,148,149,150,151,153,154,155,157,158,159,161,162,163,164,169,171,172,173,174,175,176,178,179,180,184,185,186,187,188,189,190,191,192,193,196,197,198,199,200,201,202,203,204,205,206,208,209,210,211,212,213,214,215,216,217,218,219,220,221,222,223,224,225,226,227,228,229,230,232,233,234,235,236,238,239,240,241,242,243,244,245,246,247,249,250,251,254,255,256,257,259,260,261,262,263,265,266,268,269,270,271,272,273,274,275,276,277,278,280,283,284,287,288,289,290,293,296,297,298,300,301,303,307,308,312,315,319,322,324,329,357,362,388,389,402,405,417,419,425,427,428,431,432,436,447,449,453,454,456,458,460,462,470,482,487,548,662
7,37,38,39,41,42,44,45,46,47,48,49,52,53,54,55,56,58,61,62,63,64,65,66,67,69,70,71,72,75,76,78,79,80,81,82,84,86,87,88,91,92,94,95,99,100,102,108,121,124,129,131,132,133,135,136,138,139,140,142,143,145,147,148,149,150,152,155,156,157,158,161,163,164,166,169,170,172,174,175,176,177,179,180,181,182,183,184,185,186,187,188,189,190,191,192,194,195,196,197,198,199,200,201,202,204,205,206,207,208,209,211,212,213,214,215,216,217,218,219,220,221,222,223,224,225,226,227,229,230,231,232,233,234,237,238,239,240,241,242,243,244,245,246,247,248,249,250,251,252,253,254,255,256,257,259,260,261,263,264,265,266,267,269,270,271,272,273,274,276,278,280,283,286,287,288,292,293,295,297,300,302,305,309,310,311,312,313,317,320,321,322,323,325,326,327,328,329,331,335,336,342,347,361,366,370,372,383,389,391,392,393,395,397,398,399,400,401,402,404,405,410,411,413,414,420,421,422,423,425,427,429,433,438,440,441,448,449,452,456,458,460,461,464,465,467,468,470,471,475,476,480,484,485,487,489,499,504,514,522,537,567,571,659
8,37,43,44,45,46,47,48,49,50,51,53,54,55,56,57,58,59,61,62,63,64,65,66,68,69,70,71,72,74,75,77,79,81,85,86,87,88,89,92,93,96,97,98,99,100,101,102,103,104,107,108,109,110,113,114,116,117,119,120,122,123,125,126,127,128,129,131,133,134,135,136,137,138,140,141,144,145,146,147,148,150,151,152,153,154,155,156,157,158,160,162,163,164,165,166,167,169,173,175,180,185,186,187,190,191,192,193,194,195,196,198,199,200,201,202,203,204,205,206,207,208,209,210,211,212,213,214,215,216,217,218,219,221,223,224,225,226,227,228,229,230,232,233,236,238,239,241,242,243,244,245,248,252,254,255,258,259,261,262,263,264,265,267,269,270,271,273,274,275,278,279,280,284,285,288,289,292,293,295,296,298,301,303,304,308,311,313,315,316,317,318,326,329,332,334,335,337,342,343,349,351,354,360,365,373,380,381,386,387,388,389,390,393,395,396,397,398,399,403,404,406,407,409,410,411,412,413,416,417,420,421,422,423,424,427,428,429,433,434,436,437,438,441,444,445,446,449,450,451,454,455,456,457,458,460,461,463,465,466,468,469,475,476,478,483,494,506,508,511,513,514,521,525,536,547,548
9,33,35,37,40,41,42,44,46,47,48,49,50,53,54,55,56,57,58,59,60,61,63,66,67,68,69,70,71,72,73,74,75,76,77,78,79,80,81,82,83,84,85,86,88,89,90,91,92,94,95,97,100,101,102,103,104,105,108,112,113,114,115,117,118,119,124,127,130,131,132,133,134,136,138,140,141,142,143,144,145,148,149,154,155,158,160,164,165,166,167,168,169,171,172,176,177,179,182,183,184,186,187,188,190,191,192,193,194,195,197,199,200,204,205,208,210,211,212,213,214,215,216,217,218,219,220,221,222,223,224,228,229,230,231,232,233,235,236,237,238,239,240,242,244,245,246,247,248,249,250,253,254,255,256,257,259,260,262,263,265,266,267,268,269,271,272,274,275,276,281,282,283,284,285,286,288,289,290,291,300,301,303,304,306,308,309,310,314,315,316,317,318,320,321,327,329,333,334,336,360,361,364,373,377,383,385,389,391,395,399,400,403,404,406,408,409,412,413,415,416,419,422,424,425,426,427,429,430,431,432,434,435,437,439,443,444,445,448,449,450,452,456,457,458,459,461,462,463,464,465,469,470,474,477,479,480,481,482,485,486,489,493,495,500,501,505,507,509,516,536,551,562,684
10,6,34,39,40,41,42,43,44,45,46,47,48,49,51,52,53,54,55,56,57,58,59,60,61,62,63,64,65,66,67,68,69,70,71,72,74,75,77,79,81,82,83,85,86,88,89,90,91,94,95,96,97,98,100,102,104,107,108,109,111,112,114,115,116,117,119,120,122,125,126,127,128,129,131,134,137,138,139,140,141,143,144,145,146,147,148,149,151,153,154,155,156,157,158,159,160,161,165,166,167,169,170,172,174,175,176,177,180,181,183,184,187,188,189,190,191,192,193,194,197,198,201,202,203,204,205,206,207,208,209,210,212,214,215,216,217,218,220,221,222,223,226,227,228,229,230,231,232,233,234,235,237,238,240,241,242,243,244,245,246,247,248,251,253,256,257,260,263,265,266,267,268,269,272,273,274,275,276,279,280,285,287,288,289,290,295,296,297,298,299,302,304,306,308,328,329,334,338,347,355,356,358,361,364,365,370,376,390,398,399,400,408,410,411,412,414,417,421,423,424,427,433,434,435,439,441,444,448,451,452,456,457,461,463,467,469,472,479,483,490,492,495,507,517,523,528,542,570,577,580,593,635
11,24,31,35,37,39,41,43,44,45,46,47,48,49,50,51,54,56,57,58,59,61,62,63,65,66,69,70,72,73,74,75,76,77,81,82,83,84,87,88,89,92,93,94,97,99,100,101,102,103,104,106,107,113,114,124,126,127,130,133,134,136,137,138,140,141,142,144,145,146,147,148,151,152,153,155,156,157,158,159,160,162,163,164,165,167,168,169,175,176,179,180,182,184,187,190,192,193,194,195,196,198,200,201,202,203,204,205,209,210,211,214,216,217,219,224,225,226,227,228,229,233,234,235,237,239,240,241,242,243,244,245,246,247,248,249,251,252,253,254,255,256,258,259,261,265,267,268,269,270,271,272,273,274,276,278,279,280,282,284,288,290,292,293,297,300,301,303,309,311,315,320,323,327,333,335,336,346,347,349,357,359,377,383,385,386,391,392,393,394,395,400,404,405,406,407,408,410,411,414,416,418,420,421,422,423,425,426,429,434,435,436,438,439,442,443,444,445,450,452,453,454,455,456,457,458,460,463,469,470,471,474,475,476,479,480,481,483,485,487,489,490,492,503,516,525,544,556,560,573,577,580
12,24,34,36,37,39,40,41,43,44,45,47,49,51,52,53,56,57,58,59,60,61,62,63,64,66,68,70,72,74,75,76,78,81,82,83,84,85,86,88,90,93,99,101,102,103,105,107,108,109,110,111,114,117,118,119,120,121,127,129,131,132,133,135,137,138,140,141,144,147,148,149,151,152,153,154,155,156,157,158,159,161,162,163,164,165,166,169,170,172,173,175,177,178,182,183,185,191,192,194,195,196,197,198,199,204,205,206,207,208,209,210,211,213,214,216,217,218,220,223,224,225,226,229,231,233,234,236,238,241,242,243,244,245,247,248,249,252,256,258,263,264,265,266,267,269,273,274,275,276,279,280,283,284,289,297,298,302,303,313,314,315,318,322,328,336,337,339,343,344,347,349,350,351,356,378,386,388,390,391,393,394,399,400,407,411,414,420,429,434,435,442,445,450,452,454,458,464,467,476,477,478,484,489,498,500,509,520,534,535,560,645
13,36,39,40,41,42,44,45,47,48,49,50,51,52,53,55,61,62,63,65,66,69,70,71,74,76,77,78,79,80,81,84,85,87,88,89,91,93,94,97,98,99,102,103,104,105,107,109,113,121,124,128,130,131,132,135,137,138,140,141,142,146,147,149,153,154,158,159,161,162,164,165,167,168,169,174,175,176,177,178,182,183,184,186,187,189,191,192,193,194,195,196,197,198,200,202,203,205,206,208,210,211,214,215,216,218,220,222,226,227,228,230,232,236,238,240,241,242,243,244,245,246,247,248,249,250,252,253,254,255,256,260,263,266,267,269,277,278,283,289,291,295,296,299,303,305,308,311,313,320,321,323,335,336,339,344,346,352,356,368,382,385,386,388,390,397,402,404,406,408,411,416,418,419,421,426,428,429,430,437,438,439,441,442,443,445,457,458,459,460,461,462,463,465,466,469,470,472,473,475,476,481,482,491,497,501,505,509,515,518,522
14,28,35,38,44,45,46,47,48,49,52,53,54,56,57,58,59,60,61,62,63,64,65,70,71,72,73,75,76,77,78,79,80,84,86,87,88,94,101,105,107,108,110,119,120,122,129,130,134,135,138,139,140,141,145,147,148,150,151,154,156,157,160,161,163,165,166,169,170,175,176,178,181,182,184,185,189,191,192,193,194,195,199,201,202,203,204,205,206,208,211,213,214,216,218,219,221,222,225,226,227,228,230,231,233,235,236,237,240,241,242,243,244,245,246,247,250,251,252,253,255,257,261,264,267,269,271,278,279,281,287,295,297,299,308,320,321,322,326,332,341,343,344,350,366,386,391,392,398,399,400,406,408,409,410,413,414,415,417,418,425,433,435,438,441,446,447,470,477,491,499,503,538,545,578,652,670
15,31,34,35,37,38,39,40,41,42,43,44,45,46,47,48,50,51,52,56,58,60,62,64,65,66,67,70,71,74,75,76,77,78,79,82,83,85,86,87,88,90,93,95,96,97,100,101,103,104,105,106,109,110,111,113,118,120,122,125,131,132,133,134,135,136,140,142,143,145,147,148,150,153,156,158,160,162,166,167,169,170,172,177,178,179,181,182,184,186,187,188,190,191,192,193,194,195,196,198,200,201,202,204,205,206,208,209,210,214,215,217,220,222,226,230,231,235,236,237,238,240,242,245,249,253,254,255,256,257,262,266,268,271,274,275,277,279,281,282,283,288,289,299,305,312,322,323,335,349,377,386,399,403,407,410,411,413,415,416,420,421,424,430,432,433,436,437,438,442,443,444,445,447,453,454,459,467,468,469,470,471,472,473,475,478,485,488,503,510,511,528,542,593,620,654
16,31,37,38,39,40,43,44,46,47,48,49,50,51,52,54,55,56,57,58,59,60,61,63,64,65,66,67,68,69,70,71,73,74,75,76,77,80,81,82,83,84,86,87,88,89,91,93,101,103,110,113,115,123,127,129,132,135,139,142,143,146,149,153,154,155,159,161,165,169,174,175,177,179,183,184,185,187,188,189,190,191,192,195,197,198,201,202,203,204,205,206,208,209,210,212,213,214,215,216,218,221,222,223,224,225,226,227,228,233,234,236,237,238,241,243,245,249,250,252,253,257,258,259,260,262,263,264,267,272,278,283,288,294,300,301,325,327,328,339,347,352,367,368,370,378,391,393,395,397,411,413,415,421,422,435,445,451,452,454,457,458,464,475,484,515,525,544,611,672
17,35,37,40,42,43,44,45,46,48,49,50,51,54,56,57,59,61,62,63,65,67,68,69,70,71,74,75,76,77,79,80,81,82,83,84,86,87,88,90,91,92,93,95,97,100,101,102,103,105,106,108,109,111,113,116,118,126,128,129,130,133,134,136,138,139,140,141,142,144,145,146,149,151,152,155,156,160,163,165,172,175,177,178,179,180,181,184,185,186,188,189,190,192,194,196,197,199,200,201,203,204,205,207,208,209,211,215,216,217,220,221,226,228,230,233,234,239,245,246,247,248,254,258,264,267,269,272,273,274,275,286,287,290,294,305,307,324,335,338,342,346,351,354,381,388,392,405,407,409,416,418,419,422,426,427,437,444,447,449,451,452,454,455,456,457,461,462,467,469,476,478,480,481,484,485,489,490,491,503,507,523,537,559,606
18,40,42,43,44,45,46,49,50,51,52,54,55,56,58,59,60,61,62,65,67,68,69,70,71,72,73,76,78,79,80,81,82,83,84,88,91,97,98,101,102,103,105,106,108,113,117,121,123,124,125,127,130,131,133,136,138,139,140,143,146,147,148,149,155,158,159,160,163,165,167,168,173,175,176,178,180,181,182,183,184,187,188,189,190,191,192,194,195,196,198,199,200,201,202,203,204,205,206,207,208,209,210,213,214,215,216,218,219,220,221,222,223,224,225,229,231,233,235,237,238,240,242,245,247,248,249,253,254,260,263,265,266,267,268,269,273,279,283,289,294,296,299,308,316,318,323,328,330,350,351,354,392,415,422,423,426,427,429,439,443,446,447,448,454,455,466,467,469,477,479,493,496,510,521
19,21,32,34,40,41,43,44,45,46,47,48,51,53,55,56,58,59,60,61,63,67,68,69,73,74,75,76,77,78,79,80,81,82,83,84,85,86,87,88,90,92,93,94,95,96,98,99,100,104,105,111,113,114,118,121,123,125,128,129,130,131,133,134,136,137,139,140,141,143,144,145,146,148,149,150,152,153,158,159,165,166,167,168,171,179,180,187,192,193,194,196,200,202,203,204,208,215,216,217,218,219,220,223,226,230,231,235,236,237,242,243,248,249,250,252,253,256,259,261,270,271,272,274,275,282,283,285,289,294,301,302,306,316,319,320,322,330,332,340,343,348,352,355,357,364,375,395,403,408,412,415,420,422,423,424,426,428,434,435,436,439,440,441,445,446,447,448,449,451,452,455,459,461,464,465,467,468,469,470,472,473,475,479,480,481,482,483,488,490,500,502,504,507,509,518,549,560,565,572,650,679
20,37,42,44,46,47,49,50,52,53,54,55,57,58,59,60,61,62,66,67,68,69,70,71,72,73,75,77,79,80,81,82,84,86,89,93,94,95,97,99,103,105,107,112,114,116,119,120,122,123,124,126,127,128,129,130,132,135,136,137,138,139,140,141,142,143,144,145,146,147,148,149,150,151,153,155,156,157,158,160,161,163,164,165,166,168,171,172,173,176,177,178,180,181,182,187,195,196,197,198,199,202,205,206,207,209,212,213,214,215,216,218,219,221,222,223,225,228,233,235,237,240,242,243,246,247,248,249,250,251,254,257,259,261,262,266,268,275,276,282,287,292,296,297,304,306,311,313,314,330,341,347,354,359,377,397,401,407,411,415,417,424,426,446,447,455,458,459,462,468,470,476,481,483,485,502,503,508,512,526,527,528,568
21,26,27,34,37,38,39,40,41,42,43,44,45,46,47,48,49,51,52,53,54,56,57,58,59,60,61,62,64,66,67,68,70,73,74,75,76,78,79,81,83,84,86,87,89,90,91,92,93,94,95,96,97,99,100,102,103,104,106,107,109,110,111,113,117,118,120,129,135,136,137,138,139,141,143,144,145,146,150,151,152,153,154,156,157,159,161,162,165,166,170,172,173,177,178,182,184,188,190,192,193,197,200,201,202,203,204,205,208,211,214,215,220,222,233,235,237,238,241,249,253,254,255,256,258,262,264,266,267,272,273,275,278,280,283,284,289,290,292,293,301,312,317,320,328,330,331,351,366,392,407,409,413,414,416,420,421,425,426,429,431,432,433,436,439,441,444,447,451,454,458,459,461,462,464,471,477,481,487,491,499,509
22,33,36,41,43,44,45,47,49,50,51,52,54,55,56,58,59,60,61,64,65,68,69,70,71,72,73,74,76,77,80,81,83,85,88,90,91,95,98,103,107,110,118,119,120,121,122,123,124,126,127,128,129,130,131,132,136,137,138,139,140,141,143,145,148,149,150,151,152,153,154,156,157,158,159,162,164,165,166,167,169,170,171,172,174,175,176,179,180,182,185,186,188,191,192,193,194,196,197,199,202,205,206,208,209,210,213,214,215,216,217,218,221,222,230,235,239,245,249,250,254,258,260,264,268,271,282,285,288,296,297,308,347,359,395,407,410,413,420,427,433,446,449,452,461,465,466,490,499,503,532,579
23,37,38,39,41,42,44,45,46,47,49,50,51,52,53,56,58,60,63,64,65,66,67,68,69,71,72,73,74,76,78,79,82,83,84,85,86,87,88,89,92,93,95,97,99,100,102,103,104,111,112,114,116,117,118,119,120,123,124,125,126,134,136,137,138,140,141,144,145,148,149,151,152,153,154,155,158,160,161,165,166,167,168,170,171,172,174,175,178,179,181,182,183,184,185,187,188,189,190,191,195,197,200,205,206,212,214,219,220,224,225,226,231,235,237,246,248,249,251,264,268,273,294,298,300,304,305,307,312,318,319,337,342,344,345,360,410,422,424,426,428,429,440,444,453,457,463,469,476,481,483,490,491,516
24,34,36,37,38,40,41,43,44,45,46,48,52,53,55,56,57,58,59,60,61,62,63,65,66,69,70,71,72,73,74,75,76,78,80,81,82,83,84,85,86,88,90,95,97,98,99,102,107,108,109,119,120,121,123,125,126,127,128,130,131,132,134,136,137,139,141,143,144,145,146,147,148,149,150,151,152,154,155,157,158,159,161,162,166,167,168,169,170,172,173,175,178,179,180,181,185,186,187,190,191,193,195,197,199,200,201,202,203,204,208,209,210,216,217,220,221,223,226,228,238,240,243,246,248,250,263,267,268,269,274,275,276,277,282,290,292,340,363,413,415,416,424,427,428,461,466,468,483,494,565,582,604
25,18,32,33,34,36,38,39,40,42,43,44,45,46,47,48,49,50,51,52,53,54,55,56,58,60,61,62,63,64,65,70,71,75,76,80,81,82,83,84,86,87,88,89,92,93,94,95,96,97,98,102,105,106,112,113,115,116,117,119,120,121,122,123,126,127,128,129,130,131,132,134,136,139,141,143,145,146,150,151,152,153,155,156,157,161,162,163,164,165,166,169,172,175,178,179,180,185,187,193,195,199,205,207,208,213,215,216,217,224,236,238,239,242,250,251,256,257,263,273,287,305,313,331,357,358,404,407,419,423,426,435,450,452,453,456,459,462,469,478,501,520,550,601
26,30,32,34,35,38,39,40,41,42,43,44,45,46,49,50,53,54,55,57,58,59,60,62,65,66,67,68,69,72,73,74,75,76,77,78,79,80,81,84,85,88,91,93,94,99,104,107,111,112,113,115,119,123,126,127,129,130,132,135,136,137,138,139,141,142,143,144,145,148,149,150,151,152,154,156,158,162,164,166,167,168,172,175,178,179,180,181,182,184,185,187,189,192,193,196,197,203,205,209,213,214,215,217,220,224,227,228,235,239,240,244,245,247,258,266,270,275,279,284,295,298,309,396,425,432,445,500,503,548,559,565,601
27,33,34,35,36,37,38,39,40,42,43,44,46,47,53,55,56,57,58,59,61,62,64,66,67,76,79,82,83,84,85,86,87,88,90,93,94,95,96,98,99,100,101,103,105,106,109,113,116,117,121,123,127,128,129,130,132,133,134,135,136,138,140,141,142,143,144,145,147,148,149,151,154,155,156,157,159,160,161,164,166,167,168,169,174,175,178,182,186,188,190,194,198,204,205,208,212,215,217,219,223,225,232,235,240,252,256,265,272,299,345,351,406,407,410,415,416,417,418,427,430,431,434,435,438,443,445,457,459,461,467,469,481,499,526,537,570,580
28,19,31,32,35,38,39,43,44,46,47,48,49,50,52,54,55,57,58,60,61,63,64,65,66,67,68,69,71,72,73,74,75,76,77,79,80,83,84,85,86,89,92,93,95,96,100,103,105,107,109,121,122,124,126,127,132,133,137,138,140,143,145,147,148,150,152,153,154,157,158,159,160,162,163,164,165,167,168,169,172,173,174,175,176,178,179,180,181,182,183,185,187,190,194,195,196,202,203,204,207,208,209,211,213,214,216,220,221,228,230,234,236,238,240,244,246,247,252,255,262,266,275,321,420,427,442,455,468,481,493,516,524,545,606,665
29,29,32,33,35,36,37,38,40,41,43,44,45,47,49,50,53,55,57,61,63,65,67,69,72,73,74,76,78,79,80,81,82,84,86,87,88,89,91,93,94,95,101,102,103,107,108,109,110,111,112,113,118,121,123,125,126,127,128,129,130,131,133,134,135,136,137,139,140,142,143,144,146,147,148,151,153,154,155,160,161,162,163,164,165,168,171,172,173,175,178,179,181,193,194,202,225,227,228,231,239,241,249,254,262,264,273,285,291,297,318,320,333,416,423,428,435,437,453,456,470,501,505,518,552,625,644
30,6,32,37,38,39,41,42,44,45,49,50,51,52,53,54,55,56,57,59,60,61,62,63,64,65,66,69,70,73,74,77,82,83,84,85,88,90,93,95,96,99,102,105,106,117,120,123,124,125,126,128,129,131,132,133,134,138,139,140,143,144,145,147,148,149,150,151,152,155,156,157,161,162,163,164,165,166,167,168,169,171,173,174,175,176,177,178,179,180,182,184,185,187,188,191,192,193,195,196,197,204,206,210,212,213,220,221,226,229,256,270,272,352,367,417,427,466,468,492,649
31,32,34,35,36,38,39,40,41,42,44,45,46,47,51,52,53,54,57,59,60,61,63,64,65,68,70,72,73,74,75,78,81,83,86,88,89,90,91,92,93,94,96,97,98,99,102,103,104,106,107,116,117,121,125,126,127,129,130,131,132,133,135,136,137,139,141,142,143,146,147,148,154,155,156,157,158,160,162,163,164,168,169,172,174,176,180,189,190,193,196,203,204,210,226,242,256,261,282,288,292,295,297,304,306,357,380,410,417,423,431,436,449,453,461
32,31,39,40,44,45,47,48,49,50,51,52,53,55,57,58,59,60,61,64,68,69,73,74,75,77,79,81,84,87,91,94,97,99,100,102,106,108,112,114,118,119,121,123,125,130,134,136,137,139,142,144,147,148,150,153,155,156,158,161,168,171,173,176,177,178,179,180,181,182,183,185,188,189,191,195,196,197,199,203,208,222,224,225,238,245,252,258,259,260,273,292,308,312,423
33,29,34,35,37,38,40,42,44,45,48,49,52,53,54,55,56,60,61,62,63,64,67,69,70,71,72,73,74,76,77,79,80,81,83,85,86,87,88,91,92,93,94,95,96,97,99,100,101,102,104,107,108,110,114,119,124,125,126,129,130,132,134,137,139,144,145,146,150,151,152,154,155,156,158,161,163,164,165,166,167,170,171,172,175,181,185,188,189,191,193,194,195,200,213,215,220,223,226,229,231,233,237,243,245,261,262,269,278,297,374,417,447,460,461,476,619,688
34,11,14,28,33,35,39,41,43,44,53,55,57,58,61,62,63,64,65,67,69,70,71,72,73,74,75,77,78,79,80,82,85,90,93,94,95,97,98,99,100,104,109,110,115,122,126,130,143,147,149,150,151,152,153,154,156,157,158,159,160,161,162,164,165,169,170,171,172,173,174,175,176,177,179,181,182,183,184,187,188,190,191,192,194,196,198,199,201,204,211,213,226,235,239,241,242,244,256,271,335,344,426,480,487,586
35,18,26,27,32,33,39,48,52,54,58,67,69,71,74,75,76,78,83,86,90,91,92,94,96,97,98,99,101,103,106,107,108,118,134,147,164,167,172,175,176,180,188,206,209,221,225,228,232,238,277,285
36,46,85,91,100,118,138,142,366
37,
38,330,373,502,678
39,96
40,327,373,692
41,108,377,691
42,322
43,23,357,616
44,24,100,293,511,614,665
45,366,367,698
46,3,409,673
47,37,52,314,384,557
48,343
49,1,66,77,136
50,465,605
51,2,433,434,476,534
52,174,215,326,420,460,590
53,263,407,492
54,
55,
56,
57,
58,
59,
60,
61,
62,
63,
64,
65,
66,
67,
68,
69,
70,
71,
72,
73,
74,
75,
76,
77,
78,
79,
80,
81,
82,
83,
84,
85,
86,
87,
88,
89,
90,
91,
92,
93,
94,
95,
96,
97,
98,
