7
0,125
1,201,266,292,386,418,510,604
2,3,87,352,464,500,604
3,13,14,201,343
4,211,239,360,385,448,483,523,656
5,26,70,443,566,573,574,577,578,579,583,584,592,606,620,628
6,25,33,39,200,237,281,298,310,561,563,578,594,604,610,611,620,662
7,80,123,181,190,309,494,564,589,592,638,667
8,315,476,604,606,610,612,613,615,626,631,679
9,68,148,229,573
10,156,616
11,8,67,301,566,584
12,233,234,239,345,439,599,615,624,695
13,540,609,617,644,685
14,62,116,257,532,576,598,608,618,637
15,34,166,514,593,598,603,604,628,643,647,657,675,681
16,443,464,569,575,576,597,602,609,629,656,666
17,60,87,100,363,570,586,587
18,77,79,85,86,87,91,92,94,95,97,99,101,102,103,104,105,107,111,112,206,244,278,338,549,698
19,16,38,69,72,73,76,78,80,81,82,83,84,85,86,87,88,89,90,91,92,93,94,95,96,97,98,99,100,101,102,103,104,105,106,107,108,109,110,111,112,113,114,115,116,117,118,119,120,121,122,123,124,125,127,128,130,132,249,292,349,464
20,83,84,87,88,89,90,91,93,94,95,96,97,98,99,100,101,102,103,104,105,106,107,108,109,110,111,112,113,114,115,116,117,118,119,120,121,122,123,124,125,126,127,128,129,130,131,132,133,134,135,136,137,138,139,140,141,142,143,144,145,146,147,148,149,150,151,152,153,154,155,156,157,158,159,160,161,162,163,164,165,166,167,168,169,170,171,172,173,174,175,176,177,178,179,180,181,182,183,184,186,187,188,189,190,191,192,193,194,197,198,199,200,201,202,203,204,205,206,207,208,209,210,211,212,272,318
21,86,87,88,89,90,91,92,93,95,96,97,98,99,100,102,103,104,105,106,107,108,109,110,111,112,113,114,115,116,117,118,119,120,121,122,123,124,125,126,127,128,129,130,131,132,133,134,135,136,137,138,139,140,141,142,143,144,145,146,147,148,149,150,151,152,153,154,155,156,157,158,160,161,162,163,164,165,166,167,168,169,170,171,172,173,174,175,176,177,178,179,180,181,182,183,184,185,186,187,188,189,190,191,192,193,194,195,196,197,198,199,200,201,202,203,204,205,206,207,208,209,210,211,212,213,214,215,216,217,218,219,220,221,222,223,224,225,226,227,228,229,230,231,232,233,234,235,236,237,238,239,240,241,242,243,244,245,246,247,248,249,250,251,252,253,254,255,256,257,258,259,260,261,262,263,264,265,266,267,268,269,270,271,272,273,274,275,276,277,278,279,280,281,282,283,284,285,286,287,288,289,290,291,292,293,294,295,296,297,298,299,300,301,302,303,305,306,307,308,309,312,313,314,315,317,322,323,324,325,327,328,330,332,334,337,339,340,341,342,343,345,347,348,349,352,353,365,366,375,377,379,384,385,386,388,399,406,418,419,420,426,429,446,562
22,84,85,86,88,89,90,91,92,93,94,96,97,100,101,102,103,104,106,108,110,111,112,113,114,115,116,117,118,119,120,122,123,125,126,127,128,129,130,131,132,133,134,136,137,138,139,140,141,142,143,144,145,146,147,149,150,151,152,153,154,155,156,157,159,160,163,165,166,167,168,169,170,172,173,174,175,176,177,178,179,180,182,184,185,187,189,190,191,192,193,194,195,196,197,198,199,200,201,203,204,205,207,208,209,210,211,212,214,216,219,220,221,223,224,225,226,227,228,229,230,231,232,233,234,235,236,237,238,239,240,241,242,244,245,246,247,248,249,250,251,252,253,254,255,256,257,258,259,260,261,262,263,264,265,266,267,268,269,270,271,272,273,275,277,278,279,281,282,283,284,285,286,287,288,289,290,291,292,293,294,295,296,297,298,299,300,301,302,303,304,305,306,307,308,309,312,313,314,315,316,317,318,319,320,321,322,323,324,326,327,328,330,331,332,334,335,336,337,338,339,340,341,343,345,346,348,349,350,351,353,354,355,356,357,359,361,362,363,364,365,366,367,368,369,370,371,372,373,374,375,376,377,378,379,381,382,383,384,385,391,392,394,395,396,398,399,401,406,407,409,413,414,415,416,419,429,431,432,436,441,443,445,447,456,461,466,471,473
23,80,82,85,86,87,89,90,91,92,93,94,95,96,97,98,99,100,101,102,103,104,105,106,107,108,109,111,112,113,114,115,117,118,119,122,123,124,126,127,128,129,132,133,134,135,137,139,140,141,142,143,145,146,150,151,154,155,156,157,158,159,160,161,163,164,165,166,167,168,169,170,171,172,173,174,177,180,181,182,183,184,185,186,187,188,189,190,191,193,194,195,196,197,198,199,200,204,205,206,207,208,209,210,211,212,213,214,215,218,219,220,221,222,223,224,225,227,228,229,230,231,232,233,234,235,236,237,238,240,241,242,243,244,245,246,247,248,249,250,251,252,253,255,256,257,258,259,260,261,263,264,265,266,267,268,269,270,271,272,273,275,276,277,278,279,280,281,282,283,284,285,286,287,288,289,290,291,292,293,294,295,296,297,298,300,301,302,303,304,305,306,307,308,309,310,311,312,313,314,315,316,317,318,319,320,322,323,325,326,328,329,330,331,332,333,334,335,336,338,339,341,342,343,348,349,350,353,354,355,356,357,358,359,360,362,363,364,367,368,373,374,375,376,377,379,380,381,382,383,384,385,386,387,388,390,393,394,397,399,400,402,403,408,409,410,411,412,418,421,429,430,431,433,434,437,438,442,443,444,447,453,458,460,463,464,484,487,500,519,571
24,26,81,84,86,88,90,92,94,95,97,98,99,100,102,103,104,105,106,107,108,109,110,111,112,113,114,116,117,119,120,121,122,124,125,126,129,130,132,133,134,136,139,140,141,143,145,147,150,151,154,156,157,158,161,163,165,169,170,171,172,176,177,178,179,180,181,182,184,186,187,188,190,191,193,194,195,197,199,201,204,205,208,209,211,212,216,217,218,221,223,225,226,227,228,230,231,232,233,234,235,236,237,238,239,240,241,242,243,244,245,247,248,249,250,251,252,253,254,256,259,260,261,262,263,265,266,267,269,270,271,272,273,274,276,277,278,279,282,283,284,285,286,287,288,289,290,291,293,294,296,297,298,300,301,302,303,305,307,308,309,310,311,312,313,314,315,318,319,320,321,322,323,324,325,326,328,329,331,333,334,335,336,338,339,340,341,342,344,346,347,348,349,350,352,354,355,356,357,358,359,361,363,365,366,368,369,372,374,376,379,381,382,385,387,388,391,394,397,398,401,403,409,411,412,414,415,416,417,419,422,423,427,428,431,438,441,444,454,456,459,462,465,467,470,473,480,508,527
25,82,83,85,86,87,88,89,90,92,93,95,96,97,98,99,101,102,105,106,108,109,111,112,113,114,115,116,118,119,121,123,125,126,127,129,132,133,134,136,137,138,140,143,144,147,148,152,153,154,155,157,162,165,166,168,169,170,172,173,174,176,177,179,181,182,183,184,185,187,189,191,192,193,194,195,196,197,201,206,208,209,213,214,215,217,218,219,220,225,226,230,232,233,234,236,238,239,240,241,242,243,244,245,246,247,248,249,250,251,252,253,256,257,258,259,261,263,264,265,266,267,268,269,270,271,272,274,277,278,279,280,281,283,284,287,288,289,290,291,292,293,294,295,296,297,298,299,300,301,302,303,304,305,306,307,308,309,310,311,312,313,315,316,317,318,319,321,322,323,324,325,327,328,331,332,333,334,335,337,338,340,342,344,345,347,348,350,351,353,354,355,360,361,365,366,369,370,371,372,379,380,381,383,386,389,391,396,398,400,402,404,405,406,419,420,422,423,426,428,435,442,447,454,456,457,474,475,484,489,500,554,649,691
26,72,87,88,89,90,92,93,95,96,97,98,100,101,102,103,104,105,106,107,108,109,110,111,113,114,116,117,119,120,123,124,125,126,127,128,129,130,131,132,134,135,136,137,138,143,144,146,147,148,149,150,154,158,165,167,168,169,171,172,175,176,177,178,179,182,184,187,188,190,191,193,195,200,201,202,203,204,206,207,208,209,210,211,212,213,215,216,219,220,221,224,226,228,230,231,232,233,235,236,238,240,241,242,244,247,248,249,250,251,252,253,256,257,258,261,262,263,264,266,268,270,272,273,274,276,278,279,280,281,282,284,285,286,287,289,290,291,292,293,295,296,298,299,300,305,306,307,308,311,312,316,317,319,321,322,324,326,328,330,331,334,335,337,341,343,344,346,347,349,352,353,354,357,358,360,367,368,370,372,374,377,384,385,386,387,388,389,391,392,395,396,397,402,404,405,407,412,417,418,419,420,421,422,424,429,432,433,435,438,441,442,444,445,446,449,451,464,466,469,476,482,493,525,609,656
27,80,83,84,85,87,88,90,91,92,93,94,96,97,99,100,101,102,103,105,107,110,111,113,115,116,117,118,119,121,122,123,126,127,129,130,133,135,137,138,139,142,143,146,147,148,149,152,153,154,155,156,157,158,160,161,162,163,164,165,167,170,176,177,178,179,181,184,185,187,188,189,190,191,195,196,197,198,200,201,203,204,205,206,207,208,209,210,211,213,220,222,231,233,234,237,239,242,244,245,247,248,250,251,252,253,254,255,259,261,262,264,265,266,267,268,270,271,272,274,275,276,277,278,279,282,283,284,287,288,289,292,294,295,297,298,299,300,301,302,303,305,307,308,309,310,311,312,315,316,317,320,322,323,324,326,327,329,330,331,333,336,342,344,347,350,351,353,354,358,359,360,361,362,364,367,370,372,373,374,376,378,379,380,381,393,394,395,396,400,404,407,411,412,415,416,417,418,419,423,425,426,433,435,439,441,446,450,451,452,460,463,466,562,686
28,77,79,80,81,83,84,85,86,87,89,90,91,92,93,94,95,96,97,98,100,101,102,103,106,107,108,109,111,113,114,115,116,117,118,119,120,121,123,125,126,127,129,130,131,132,133,135,136,137,138,141,143,144,146,148,150,152,153,154,156,157,158,162,166,169,171,172,173,175,177,179,180,185,186,189,191,192,193,194,195,199,201,202,203,204,205,206,207,208,210,211,214,215,217,219,221,222,223,225,230,231,234,235,236,237,238,239,240,241,242,243,245,246,247,248,250,251,253,254,256,257,258,260,261,262,264,265,266,268,269,270,271,272,273,274,275,277,278,280,281,282,285,286,287,288,289,290,292,296,298,301,303,304,306,307,313,316,320,321,323,324,325,326,328,330,331,332,334,335,337,338,340,341,343,344,345,347,351,355,357,358,359,360,361,365,367,371,383,384,388,390,391,393,394,399,405,412,413,417,419,420,421,422,424,427,435,438,505,535,560
29,24,45,59,72,73,74,75,76,77,78,79,80,81,82,83,84,85,86,87,88,89,90,91,92,94,95,97,98,99,100,102,107,108,111,112,113,115,116,118,121,122,123,124,126,128,132,134,135,136,138,139,140,141,142,145,146,147,149,150,151,155,156,157,159,160,161,163,164,165,166,167,168,169,170,171,172,173,174,177,178,179,180,181,182,183,185,186,187,191,192,194,195,197,199,201,203,204,205,206,207,208,210,211,212,213,214,216,217,218,221,222,223,226,227,229,230,231,232,233,235,236,240,245,248,253,254,255,257,259,260,261,263,264,266,267,270,272,273,275,276,278,280,281,282,285,286,287,288,289,290,293,294,295,301,303,305,306,307,308,310,312,313,315,319,324,325,329,331,333,334,341,343,344,347,348,349,351,353,355,357,358,359,364,370,375,378,379,380,381,387,389,394,397,403,408,414,419,420,422,431,434,440,474,481,502,524,530,635
30,67,68,69,71,72,73,74,75,76,77,78,79,80,81,82,83,84,85,86,87,91,92,94,95,96,97,99,100,102,103,104,105,107,109,110,114,115,118,121,124,125,126,127,131,132,133,137,141,144,146,147,149,152,154,155,156,159,161,166,167,170,175,176,179,186,190,193,195,196,197,202,208,209,211,218,220,222,227,228,237,275,277,304,308,317,337,339,354,365,374,382,398,405,416,425,469,475,479,540,597
31,64,67,75,76,77,78,79,80,81,82,83,84,85,86,87,88,89,92,93,94,96,97,99,100,102,104,107,108,114,115,116,117,118,119,124,125,126,130,132,134,135,136,138,140,141,142,143,144,147,149,151,153,157,158,159,181,188,219,235,510
32,73,74,76,78,80,81,82,83,84,87,89,90,91,92,93,94,95,97,98,99,101,102,103,104,105,106,107,108,110,112,115,118,119,120,123,125,134,136,138,140,141,151,153,154,157,167,172,184,200,201,205,212,217,245
33,20,40,54,71,72,74,78,79,80,81,82,83,84,85,86,87,89,90,91,92,93,94,95,96,97,98,99,101,105,106,107,109,111,112,117,118,122,123,124,125,127,128,129,131,132,134,136,137,140,144,146,149,150,153,154,157,158,169,178,185,196,225,240,262,573
34,77,79,82,83,84,87,88,89,90,91,92,93,94,95,96,98,101,102,109,110,111,112,113,117,118,121,123,124,127,132,137,139,142,149,151,153,156,160,163,168,173,176,186,190,191,202,207,209,211,212,213,216,223,231,241,285,444,558
35,73,84,85,86,87,89,91,93,94,95,97,100,102,105,106,107,108,109,110,111,112,114,117,123,125,126,127,128,135,136,140,141,142,143,146,156,158,175,178,179,193,211,214,221,228,234,235,281,530,580,601,661
36,75,78,80,90,91,94,96,97,98,99,100,101,103,105,106,107,110,111,112,113,114,115,116,117,120,121,122,123,125,126,128,131,132,133,134,135,138,139,142,147,149,151,156,158,160,166,168,184,187,188,189,192,193,200,207,215,220,221,255,291,302,324,489,518
37,81,87,88,89,90,91,92,93,94,95,97,98,99,100,102,104,105,106,107,108,112,114,115,116,117,119,120,122,125,126,129,130,131,132,133,135,136,137,141,149,151,154,155,156,158,160,163,175,179,183,184,187,188,193,195,198,199,201,204,205,211,213,217,222,223,230,231,236,237,239,249,251,258,296,525,635
38,90,91,94,95,96,97,98,99,101,102,103,104,105,106,108,109,111,112,113,116,117,118,119,120,122,124,125,126,135,137,138,140,141,142,143,144,145,146,147,148,149,150,151,152,153,154,155,157,159,161,163,166,167,169,170,172,183,184,186,187,188,189,190,191,192,194,196,198,199,201,202,204,207,210,211,215,216,219,221,223,227,235,243,261,280,335,341,362,643,655,661,696
39,96,97,98,100,101,102,103,104,105,106,107,108,109,110,111,112,113,114,115,116,117,118,119,120,122,123,124,125,126,128,129,130,131,132,134,135,137,139,140,141,142,144,147,149,150,151,153,154,155,157,158,159,160,161,162,166,167,168,174,179,181,182,185,186,187,190,191,192,194,195,196,197,198,199,200,201,202,203,204,205,206,207,208,209,210,211,212,213,214,216,218,219,220,222,223,224,225,226,227,228,230,234,236,237,238,239,240,241,242,243,244,246,250,252,255,265,282,327
40,6,89,91,94,96,99,100,102,103,104,105,106,107,109,110,111,112,113,114,115,116,117,118,119,121,122,123,124,125,126,127,128,129,130,131,132,133,134,135,136,137,139,140,141,142,143,144,148,149,151,152,154,156,157,158,161,162,163,164,166,167,168,169,172,173,175,177,178,181,185,186,188,189,191,192,193,194,195,196,197,198,199,200,201,202,204,205,206,207,210,211,212,213,214,215,216,217,218,219,220,221,222,224,225,227,228,230,231,232,233,234,235,236,237,238,239,240,241,243,244,245,246,247,248,249,250,251,252,253,254,256,257,258,259,260,261,263,265,266,267,268,269,270,271,274,275,276,277,278,281,284,286,288,289,290,292,293,300,302,304,306,307,308,309,311,313,314,321,331,339,346,358,369,371,382,402,434,454,482,546,640,659,684,699
41,77,94,95,96,97,99,102,103,104,105,106,107,109,110,112,114,116,117,118,119,120,121,122,123,124,125,126,127,128,130,131,132,133,134,136,137,138,139,140,141,142,143,144,146,147,148,149,150,151,152,153,154,155,156,157,158,159,161,163,164,165,166,167,168,169,170,171,173,176,177,179,181,182,185,187,188,190,192,193,194,195,196,197,198,199,200,203,204,206,207,208,209,210,211,212,214,215,216,217,218,219,220,221,222,223,224,227,228,229,231,232,233,234,236,237,238,239,240,241,242,243,244,245,246,247,248,249,250,251,252,253,254,255,256,257,258,259,261,262,263,264,265,267,268,269,270,271,272,273,274,275,277,279,280,281,282,283,284,285,286,287,288,289,291,293,294,297,299,301,302,304,305,306,308,309,310,311,313,314,316,318,319,321,324,326,328,329,331,333,335,337,339,340,344,345,346,350,353,356,358,361,363,364,370,371,372,373,376,377,378,380,391,392,395,413,477,494,559,616,676
42,66,94,96,98,99,100,101,102,103,104,105,106,108,109,110,111,112,113,114,115,116,117,118,119,120,121,122,123,124,125,126,127,128,129,130,131,132,133,136,140,142,144,146,147,148,149,150,151,154,155,156,158,160,161,164,165,166,167,168,170,172,173,174,176,177,180,182,185,186,196,198,200,201,203,204,206,208,209,211,212,213,215,216,218,219,220,221,222,224,225,226,227,228,229,230,232,233,234,235,236,237,238,239,240,241,242,243,244,245,246,247,248,249,251,254,255,256,257,258,260,261,262,263,264,265,266,267,268,269,271,272,273,274,275,277,280,282,283,284,285,286,288,289,290,291,292,294,296,297,298,300,303,304,305,306,309,319,320,323,324,327,348,351,352,354,362,363,364,368,376,382,384,390,397,404,421,447,448,481,496
43,23,94,95,96,97,98,99,100,101,102,103,104,105,106,107,109,112,113,114,115,117,118,119,121,122,123,124,125,126,127,128,129,130,131,133,134,135,137,138,139,140,141,142,143,144,145,146,147,148,149,150,151,154,156,157,160,161,165,166,168,169,172,173,178,180,181,183,184,191,194,195,196,197,200,202,204,210,214,216,217,219,222,223,224,227,229,233,234,235,236,240,241,242,244,246,248,250,251,255,257,258,259,260,261,262,263,264,265,266,267,268,269,270,271,275,276,277,278,282,283,284,285,287,288,289,290,292,293,294,296,297,299,301,307,308,311,314,316,317,319,321,322,323,325,330,331,332,333,336,341,343,351,355,356,360,361,363,368,370,371,376,377,380,385,391,392,396,403,413,420,426,428,446,450,452,480,515,532,581,596,597
44,87,93,94,95,96,97,98,101,102,103,104,105,106,107,109,110,111,112,113,116,119,120,121,122,123,124,125,126,128,129,130,131,134,135,136,137,138,140,141,142,143,144,145,146,147,149,150,151,152,153,155,156,157,158,159,160,161,162,163,164,165,168,169,170,171,172,173,174,175,176,177,178,179,181,182,183,186,188,189,192,195,198,199,201,203,204,206,208,209,210,211,212,213,215,216,217,219,220,221,222,223,225,228,229,230,231,232,236,237,238,240,241,244,246,247,248,249,250,253,254,255,259,260,263,265,268,272,273,274,276,277,279,282,283,284,285,286,289,293,296,297,299,300,301,306,307,311,312,313,314,321,322,325,327,331,332,335,336,343,344,345,347,357,363,366,370,371,377,381,384,385,386,398,401,418,429,441,448,453,454,461,504,601,683
45,40,59,92,93,94,97,98,100,102,103,104,106,107,108,109,110,111,113,114,116,117,118,120,121,122,124,125,126,127,128,130,132,133,134,135,136,137,138,139,140,141,144,145,147,148,149,150,151,153,154,155,157,162,163,169,171,172,176,177,178,184,185,188,192,193,194,195,196,198,199,201,202,203,206,207,209,210,211,213,214,215,216,217,218,219,220,221,222,223,224,225,226,227,229,230,231,232,234,235,238,239,240,241,242,243,244,247,250,251,252,254,255,256,257,258,261,262,266,268,269,270,271,272,273,275,277,278,280,285,287,289,293,295,296,297,302,304,305,306,310,311,315,318,320,323,325,326,328,330,334,336,337,341,347,349,350,361,369,371,381,388,392,393,396,399,403,419,421,426,449,462,476
46,94,95,96,97,98,99,100,101,103,104,105,106,107,110,112,113,114,115,116,119,121,126,127,128,129,130,132,133,134,135,137,138,139,140,142,143,144,145,147,148,149,150,151,152,153,155,156,157,158,159,160,161,162,164,167,170,172,175,176,177,178,179,187,189,192,194,196,197,198,199,201,202,203,205,206,207,209,212,213,215,216,218,220,221,222,227,228,229,230,231,232,234,235,240,242,243,244,246,247,248,249,250,251,252,256,258,259,260,262,263,265,267,274,277,278,291,292,293,296,297,298,299,300,304,306,307,309,317,320,323,326,331,334,339,341,344,346,350,357,362,364,367,373,374,375,382,384,394,396,406,409,417,420,436,449,452,453,475,519,559,626,627,629,683
47,90,91,92,93,94,96,98,99,100,102,103,105,106,107,108,109,111,112,113,114,116,118,120,122,123,124,125,126,127,129,130,131,132,134,135,136,138,140,141,142,144,145,147,148,149,152,153,154,155,156,158,159,160,161,162,163,164,165,166,167,168,169,170,171,173,174,176,177,179,180,181,182,183,184,191,193,194,197,198,199,200,201,204,206,208,209,210,211,212,213,218,219,220,221,222,223,224,227,229,230,235,236,241,245,246,251,252,257,258,260,261,262,264,271,276,277,278,284,286,287,288,289,291,299,301,304,305,310,315,317,323,324,327,332,335,337,338,345,351,356,358,363,371,376,378,387,396,400,405,410,422,497,534
48,34,48,84,85,86,87,90,91,92,94,97,98,99,100,101,102,103,105,106,107,108,109,110,111,112,116,117,118,119,120,121,122,123,124,125,127,129,130,131,132,134,135,136,138,139,140,141,142,144,146,148,149,151,152,153,154,156,157,158,159,161,162,163,165,167,169,171,175,176,179,181,183,191,192,193,196,200,203,204,205,207,208,212,219,221,223,227,234,237,241,242,247,249,250,251,253,256,257,261,266,268,269,270,271,277,281,286,287,291,298,301,303,309,310,313,315,316,317,319,321,322,331,336,337,341,342,345,348,350,351,352,353,377,380,383,401,408,413,415,418,429,458,476
49,6,24,54,88,89,92,93,94,95,96,97,98,99,101,102,103,104,105,106,107,108,109,110,111,112,113,114,115,116,117,118,119,120,121,122,123,125,126,127,128,129,130,131,132,133,134,135,136,137,138,140,141,142,143,144,145,146,147,148,149,150,152,153,154,155,156,158,159,160,161,162,163,164,165,166,167,169,171,172,174,175,176,177,178,180,183,185,188,189,190,194,196,197,202,212,213,214,220,224,230,238,243,251,259,262,263,265,270,273,276,287,294,302,313,333,374,545,598
50,42,81,88,90,91,92,93,94,95,96,97,98,99,100,102,103,105,106,107,108,109,110,111,112,113,114,115,116,117,118,119,120,122,124,125,126,127,130,131,132,133,134,135,137,138,140,142,144,145,146,147,148,149,150,151,154,155,156,158,160,161,163,164,166,167,168,169,170,171,172,173,174,175,176,178,180,182,184,185,186,189,190,193,195,196,197,198,199,200,201,202,204,205,206,209,211,214,216,218,220,221,222,223,224,225,226,228,229,230,231,233,234,235,237,238,240,242,244,246,247,250,255,256,258,266,268,272,279,282,286,290,291,292,295,300,305,321,328,329,332,348,359,390,417,453,580,632
51,83,85,86,89,90,91,92,93,94,95,96,98,100,101,102,103,105,106,107,108,109,111,112,113,114,115,116,117,118,119,120,121,122,123,124,125,126,127,128,130,132,133,134,135,136,137,138,139,140,142,143,144,145,146,147,148,149,150,151,152,153,154,155,156,157,158,160,162,163,166,167,168,169,170,171,174,175,176,177,178,179,180,183,184,185,187,188,190,191,192,195,198,201,202,203,204,206,209,212,216,217,218,219,222,223,224,226,229,230,232,234,235,237,239,240,241,242,243,246,247,248,252,254,258,261,267,269,271,273,274,289,294,296,304,310,314,315,316,319,321,322,323,381,415,465,528,534,541,601
52,50,81,85,87,89,91,93,94,96,97,98,99,100,103,104,105,106,107,108,109,111,112,113,114,117,118,119,120,121,122,123,126,128,129,130,131,132,133,134,135,136,137,138,139,140,141,142,143,144,145,146,147,148,149,150,151,152,153,154,155,156,157,158,159,160,161,164,165,166,168,169,170,171,172,173,174,175,176,177,179,180,181,184,185,187,190,191,194,196,198,199,200,201,202,203,205,208,216,217,218,219,220,222,223,224,225,226,227,232,233,234,235,237,240,241,242,243,246,248,250,252,253,254,255,256,261,263,269,281,283,285,292,295,331,332,338,358,386,438,469
53,19,29,54,87,89,90,91,92,93,94,95,96,97,99,100,101,102,103,105,106,107,108,111,112,113,114,115,116,117,118,119,120,121,122,124,125,126,127,128,129,130,132,135,136,137,138,139,140,141,142,144,145,146,147,149,150,151,154,156,157,161,162,163,165,166,167,168,172,173,174,176,177,178,179,185,187,188,189,192,193,194,195,198,200,202,204,206,208,210,212,213,214,215,216,218,219,221,222,223,224,226,227,228,229,230,235,236,237,241,244,246,248,250,251,258,260,266,268,271,279,280,283,291,307,312,315,322,327,328,350,385,391,400,450,456,677
54,87,88,89,91,93,94,95,97,98,100,101,102,103,104,105,106,107,110,111,112,113,114,115,116,117,122,123,124,125,126,127,128,129,131,132,133,134,135,136,137,138,139,140,141,142,145,146,147,148,152,153,154,155,156,157,159,162,163,164,165,166,167,169,171,172,175,176,177,180,183,184,191,192,194,196,198,202,206,207,209,210,211,216,217,219,220,221,223,224,225,226,227,233,237,240,243,244,245,246,248,258,260,261,262,263,264,267,273,275,280,285,289,290,292,293,295,296,297,300,305,306,325,327,331,332,348,351,358,374,378,395,455,501,622,623,673
55,5,61,78,86,87,88,93,95,96,98,99,100,101,102,103,104,105,106,107,108,109,111,112,113,114,115,116,117,119,120,121,122,123,124,125,126,127,128,129,131,133,134,135,136,140,141,142,143,144,145,147,150,151,154,155,156,157,159,160,161,162,163,164,165,168,170,171,173,175,177,183,186,187,188,190,191,192,193,194,196,197,202,204,205,206,209,210,211,212,214,217,224,228,229,232,234,236,237,242,245,248,255,256,262,271,273,274,281,283,291,294,302,308,309,313,315,317,324,339,343,349,485,544,629
56,38,85,88,89,90,94,95,96,97,98,99,101,102,103,105,106,107,108,109,110,111,113,114,115,116,118,119,120,121,122,123,124,126,127,131,132,134,135,136,137,138,139,140,141,142,143,144,146,148,149,150,151,155,158,159,162,164,165,166,169,170,171,173,174,175,176,182,185,187,190,195,196,200,201,202,204,205,206,208,209,210,211,212,213,214,215,216,217,218,219,220,221,223,224,225,227,228,229,232,233,235,240,242,246,248,253,254,256,257,260,267,270,276,286,292,293,296,307,318,327,330,342,373,412,429,558,656
57,81,84,86,88,90,91,92,96,97,99,101,102,103,104,105,106,107,109,110,113,115,116,117,118,119,121,122,124,125,126,127,128,129,131,133,135,137,139,140,142,143,144,145,146,148,149,150,152,153,156,157,158,159,160,164,165,166,170,171,172,173,174,176,177,178,180,183,189,190,191,196,197,199,201,205,206,210,212,213,214,216,218,219,220,222,223,228,231,233,234,236,238,240,241,242,246,247,248,250,254,260,261,262,264,265,268,271,272,274,277,284,287,288,290,295,296,297,303,305,311,326,329,332,343,353,355,362,391,405,427,442,458,515
58,83,89,92,93,94,95,96,98,99,101,103,104,105,107,108,109,111,113,114,116,120,121,122,123,124,125,127,128,131,132,133,134,136,137,138,139,140,141,142,143,144,145,146,147,148,149,150,151,152,153,156,157,159,160,161,162,164,166,167,168,169,171,172,177,178,183,185,187,190,196,198,202,203,204,205,206,211,212,213,215,219,220,222,224,228,229,230,231,232,234,235,238,240,242,248,249,253,255,258,259,263,276,281,285,289,296,305,310,316,331,340,344,346,361,409,433,448,467,573,662,672,693
59,86,90,91,93,95,96,97,100,101,102,104,105,106,107,108,109,110,111,112,113,115,116,117,118,119,121,122,123,124,125,127,128,131,133,134,136,137,138,140,141,142,144,145,146,148,149,150,152,153,154,155,157,158,159,160,162,163,164,165,166,167,169,170,171,172,174,175,179,180,184,186,187,192,194,196,197,198,199,201,205,207,209,210,216,217,218,219,221,222,223,224,225,226,228,229,231,238,239,240,241,242,243,244,246,248,250,253,263,266,270,272,274,276,289,293,296,314,336,350,377,380,397,435,506,534,615
60,20,32,79,83,88,91,92,93,96,97,98,99,101,105,106,108,109,110,113,114,115,116,117,118,120,121,122,123,124,125,127,130,131,133,134,135,137,138,140,141,142,152,154,155,157,158,160,162,164,167,169,170,172,179,181,182,188,193,198,202,203,204,205,207,209,212,214,216,218,219,221,223,224,226,227,230,232,234,236,237,239,240,241,243,245,249,250,251,252,256,262,264,266,276,278,279,282,285,287,288,292,293,299,300,304,307,308,310,318,332,334,348,353,361,366,441,528,624,625,645,655
61,64,83,84,86,90,92,93,94,96,97,99,100,103,106,107,108,109,111,116,117,118,119,120,121,122,123,124,125,126,127,129,131,133,135,138,139,140,141,142,143,144,148,149,151,153,154,155,156,157,158,159,160,161,162,164,165,166,168,171,173,177,180,184,190,195,196,198,201,203,205,206,208,211,218,220,226,228,231,232,233,236,237,240,242,248,251,252,253,254,260,273,274,280,288,294,296,298,303,305,309,311,313,315,320,328,336,367,391
62,55,87,90,93,94,96,97,98,101,102,103,104,106,107,108,110,111,112,113,114,115,116,118,119,121,124,127,128,130,132,134,139,142,145,148,149,152,153,155,156,159,160,162,163,164,165,169,170,172,173,174,175,177,179,181,183,186,187,188,189,193,194,197,198,200,201,202,206,208,215,217,219,221,222,226,227,228,231,232,233,234,237,240,244,248,253,254,258,262,264,271,274,279,280,286,293,304,320,334,363,451,453,489,602
63,27,68,88,89,92,93,94,95,96,97,98,99,100,101,103,104,109,110,111,112,113,115,116,118,119,120,122,126,127,128,129,130,131,132,134,136,138,139,140,141,142,143,145,146,147,148,150,151,152,153,155,156,161,166,171,175,176,177,185,191,195,196,198,199,201,202,205,206,208,209,210,212,215,216,218,219,224,226,227,228,234,239,240,241,248,249,250,253,254,255,260,261,266,272,275,276,277,279,281,282,290,299,308,319,322,323,339,341,368,401,492,686
64,86,87,93,94,96,98,101,102,105,106,108,110,112,114,117,118,119,120,122,123,124,125,126,128,130,132,133,134,135,137,138,139,140,141,142,143,144,145,146,150,151,153,154,156,158,161,163,164,165,166,167,168,169,170,171,174,175,176,180,183,186,192,193,194,195,196,198,199,200,201,202,204,206,210,211,212,214,215,216,218,219,220,221,222,224,227,229,230,232,234,235,236,241,243,244,245,247,249,256,261,263,269,271,274,278,281,285,294,299,305,315,318,330,336,340,357,499,579,590,619,630
65,83,94,95,100,103,105,106,107,108,110,111,112,113,114,117,118,120,122,126,127,128,130,131,132,133,134,137,140,141,143,144,145,146,153,154,155,156,157,160,161,166,167,168,169,171,174,175,176,177,179,180,182,197,199,203,204,205,207,209,210,211,212,213,218,219,224,228,229,238,239,240,241,242,246,251,261,262,266,267,273,282,284,286,298,299,301,309,317,323,325,336,360,426
66,92,97,104,109,113,114,115,116,117,118,121,122,123,124,128,131,132,133,134,135,136,137,138,140,143,146,147,149,154,155,156,158,159,160,161,163,166,170,171,173,174,179,184,187,194,196,197,198,202,204,206,208,212,213,223,230,232,235,242,248,250,253,261,263,267,270,271,273,281,285,296,297,312,316,323,328,331,340,349,363,600,635
67,100,105,106,107,108,109,114,115,117,118,119,120,121,122,123,124,126,129,130,134,137,142,144,147,148,150,151,154,155,156,158,161,163,165,169,171,174,175,177,178,181,186,190,193,195,197,198,199,203,204,209,213,217,222,224,225,230,237,238,246,248,251,263,264,288,362,381,440,528,656,673
68,100,103,107,109,110,113,114,117,118,120,122,123,125,126,127,128,132,134,135,136,137,138,139,140,143,144,148,152,159,160,161,163,166,178,180,181,182,185,189,197,198,207,208,209,213,218,220,222,223,226,232,235,236,239,241,254,261,268,269,273,277,301,302,312,320,326,348,379,485,490,526,586
69,110,118,122,127,132,139,141,142,143,144,147,151,152,153,154,159,163,167,168,172,176,178,189,191,194,197,199,209,212,222,228,230,233,236,246,300,311,312,356,464,546
70,14,111,121,124,131,133,149,157,164,165,168,173,186,187,188,198,201,222,249,251,256,257,282,306,322,337,530,669
71,77,150,259,459,545,573
72,274,509,672
73,441,539
74,396,494,557
75,64,436,647
76,74,293,372,383,445,543,608,677
77,73,311,315,639
78,481,486,512,523
79,188,291,297,448,595,608,699
80,237,526,572,624
81,261,356,621,623
82,453,509,646
83,81,284,415,431,631
84,118,326,455,456,560,657,684
85,82,566,667
86,279,297,323,439,460,659
87,47,56,219,308,322,323,423,549
88,
89,
90,
91,
92,
93,
94,
95,
96,
97,
98,
