15
0,634
1,128,170,213,305,411,585
2,122,361,434,561,585
3,179,211,240
4,162,244,259,637
5,6,170,174,197,628,698
6,11,145,159,364,401,434,465,682
7,19,40,235,262,450,543
8,23,221,228,368,487,578,632
9,4,9,17,315,544,555
10,58,109,299,377,528,553,595,622
11,41,98,101,102,212,224,402,469,510
12,72,74,80,84,88,89,96,97,98,99,100,101,102,103,104,106,107,109,110,111,115,120,122,131,192,249,270,346,521,616
13,73,74,81,82,83,86,87,88,89,90,91,92,93,94,95,96,97,98,99,100,101,102,103,104,105,106,107,108,109,110,111,112,113,114,115,116,117,118,119,120,121,122,123,124,125,126,127,128,129,130,131,132,133,134,135,136,137,138,139,140,141,143,146,147,158,159,173,239,256,352,367,616,669
14,60,63,66,87,92,93,94,95,97,98,99,100,101,102,103,104,105,106,107,108,109,110,111,112,113,114,115,116,117,118,119,120,121,122,123,124,125,126,127,128,129,130,131,132,133,134,135,136,137,138,139,140,141,142,143,144,145,146,147,148,149,150,151,152,153,154,155,156,157,158,159,160,161,162,163,164,165,166,167,168,169,170,171,172,173,174,175,176,177,178,179,180,181,182,183,184,185,186,187,188,189,190,191,192,193,194,195,196,197,198,199,200,201,202,203,204,205,206,207,208,209,210,211,212,213,214,215,216,217,218,219,220,221,222,223,224,225,226,227,228,229,230,231,232,235,237,238,240,241,242,243,244,246,247,249,250,254,255,257,259,260,261,265,266,267,269,272,274,277,281,283,288,293,297,320,326,336,358,359,364,379,461,560,615,675,684,695
15,79,90,91,94,95,97,98,99,100,101,102,103,104,105,106,107,108,109,110,111,112,113,114,115,116,117,118,119,120,121,122,123,124,125,126,127,128,129,130,131,132,133,134,135,136,137,138,139,141,142,143,144,145,146,147,148,150,151,152,153,154,155,157,158,159,160,161,162,163,165,166,167,169,170,171,173,174,175,176,177,178,179,180,182,183,184,185,187,188,189,190,191,192,193,194,195,196,197,198,199,200,201,202,203,204,205,206,207,208,209,210,211,212,213,214,215,216,217,218,219,220,221,222,223,224,225,226,227,228,229,230,231,232,233,234,235,236,237,238,239,240,241,242,243,244,245,246,247,248,249,250,251,252,253,254,255,256,257,258,259,260,261,262,263,264,265,266,267,268,269,270,271,272,273,274,275,276,277,278,279,280,281,282,283,284,285,286,287,288,289,290,291,293,294,295,296,297,298,299,300,301,302,303,304,305,306,307,308,309,310,311,312,313,314,316,317,318,320,323,324,325,326,327,328,330,334,335,336,338,339,340,341,342,343,344,346,347,349,350,351,352,353,354,356,357,358,361,363,364,366,368,369,370,371,372,374,378,379,380,384,386,388,389,390,392,419,426,430,437,477,480,625,686
16,35,93,96,97,98,99,100,102,103,104,105,106,107,108,109,110,111,112,113,114,115,116,117,118,119,120,121,122,123,124,126,127,128,129,130,131,132,133,134,135,136,137,138,139,140,141,142,143,144,145,146,147,148,149,150,151,152,153,154,155,157,158,159,160,161,163,164,165,166,168,169,170,171,172,173,174,176,177,179,180,181,184,185,186,187,188,189,190,191,192,193,194,195,196,197,198,199,200,202,203,204,205,206,207,208,209,210,211,212,213,214,216,217,218,219,220,221,222,223,224,225,226,227,228,229,230,231,232,233,234,235,236,237,238,239,240,241,242,243,244,245,246,247,248,249,250,251,252,253,254,255,256,257,258,259,260,261,262,263,264,265,266,267,269,270,271,272,273,274,275,276,277,278,279,280,281,282,283,284,285,286,287,288,290,291,292,293,294,295,296,297,298,299,300,301,302,303,304,305,306,307,309,310,311,312,313,314,315,316,317,318,321,322,323,324,325,326,328,329,330,331,332,333,334,335,336,338,339,340,341,343,344,346,347,349,352,353,354,357,358,359,360,361,362,364,365,366,367,369,370,371,372,374,377,388,394,395,410,416,424,431,432,475
17,88,96,97,98,99,100,103,105,106,107,108,109,110,111,112,113,114,115,116,117,118,119,121,122,123,124,125,126,127,128,129,130,131,132,133,134,135,136,137,139,140,141,142,143,144,145,146,147,148,149,150,151,152,153,154,155,156,157,159,160,161,162,163,164,166,167,168,169,170,171,172,174,175,177,178,179,180,183,184,185,186,187,188,189,190,191,192,193,194,195,196,197,198,199,200,201,202,203,204,205,206,207,208,210,211,212,213,214,215,216,217,218,219,220,221,222,223,224,225,226,227,228,230,231,232,233,234,235,236,237,238,239,240,241,242,243,244,245,246,247,248,249,250,251,252,253,254,255,256,257,258,259,260,261,262,263,265,266,267,268,271,272,273,274,275,277,278,279,280,281,283,284,285,287,288,289,290,291,292,293,294,295,296,297,298,299,301,302,303,304,305,306,307,308,310,311,312,314,316,318,319,322,323,327,328,329,333,334,338,339,341,342,343,344,348,350,352,356,359,362,363,365,368,369,371,372,375,376,377,379,383,387,388,389,396,399,404,423,441,444,450,466,539
18,50,98,99,100,102,103,105,106,108,109,110,111,112,113,114,115,117,118,119,120,121,123,125,126,127,128,129,130,131,132,133,135,136,137,138,139,140,141,142,143,144,145,146,147,148,149,150,151,152,153,154,155,156,157,158,159,160,165,166,167,168,169,171,172,173,178,181,183,185,186,188,189,190,191,192,194,195,196,197,199,200,201,202,203,204,205,206,207,208,209,210,211,212,213,214,216,218,220,221,222,223,224,225,226,227,228,229,230,231,232,234,235,236,237,238,239,241,243,244,245,246,248,249,250,251,252,253,254,255,256,257,258,259,260,261,263,264,265,266,267,268,269,270,271,272,273,274,275,277,278,279,280,281,282,283,284,285,286,288,290,291,292,295,297,298,299,300,301,303,304,305,306,307,308,309,310,312,313,315,318,320,321,322,324,325,326,328,329,330,334,336,337,338,341,342,343,344,345,346,347,350,351,355,361,367,368,370,372,373,380,381,382,387,390,396,397,409,429,435,439,556,669
19,86,90,92,93,94,96,97,98,99,100,101,102,103,104,105,107,108,109,110,111,112,113,114,115,116,117,118,119,120,121,122,123,125,127,128,129,130,131,133,134,135,136,137,138,139,140,141,142,143,144,145,147,149,150,152,153,154,155,156,157,158,159,160,161,162,163,164,165,166,167,168,169,170,171,173,174,175,176,179,180,181,182,183,184,187,188,191,192,194,195,196,197,198,200,202,203,204,206,207,208,209,210,212,213,214,215,216,217,218,219,220,221,222,223,224,225,226,227,228,230,231,232,234,235,236,237,238,239,240,242,243,244,245,246,247,248,249,250,251,252,253,254,255,256,257,258,259,260,261,262,263,264,265,266,267,268,270,273,274,275,277,278,280,281,282,283,284,285,286,287,291,292,296,298,302,304,306,310,312,313,314,315,318,320,321,323,324,325,326,327,329,335,339,340,342,343,346,348,349,353,355,358,360,361,364,369,371,372,377,383,384,386,392,399,400,409,414,421,425,445,527,671
20,89,91,92,94,97,98,99,101,103,104,105,106,107,108,109,110,111,112,113,115,116,117,118,119,120,121,123,124,125,126,127,128,129,130,131,132,133,134,135,136,137,138,139,140,141,145,146,147,148,149,150,151,153,155,156,157,158,159,160,161,162,163,165,166,167,169,170,171,172,173,175,177,178,179,181,183,185,188,190,192,193,199,203,205,206,210,211,212,217,219,221,222,223,226,227,228,229,230,232,233,234,236,237,239,240,242,243,244,246,247,248,249,250,251,255,257,259,260,261,262,263,264,265,266,267,273,274,275,276,277,278,279,280,283,284,287,290,291,293,294,297,298,300,301,302,303,306,307,308,310,316,317,318,319,320,321,325,326,327,329,330,333,334,336,337,340,341,343,345,347,353,360,362,368,383,388,396,408,418,424,427,431,452,455,459,472,589,629,650,682
21,86,91,93,94,95,96,97,98,99,100,101,102,103,104,105,107,108,109,110,111,112,113,114,115,116,117,118,119,120,121,122,123,124,125,126,129,130,131,132,133,134,136,138,139,140,141,142,143,144,145,146,147,148,149,150,151,152,153,154,155,156,157,158,159,160,161,162,163,164,165,166,167,168,169,170,171,172,173,174,175,176,177,179,181,182,184,185,193,195,196,197,198,199,200,201,202,203,206,207,208,209,210,212,213,215,219,220,221,224,226,229,230,231,232,233,235,236,238,240,242,243,244,245,246,247,248,251,252,253,254,256,257,258,259,260,263,264,268,269,270,272,275,276,281,282,284,286,288,290,292,295,296,298,299,302,303,305,306,307,308,312,313,315,319,320,321,323,324,325,326,330,332,342,344,345,346,351,352,360,369,386,395,404,419,425,433,440,446,501,675
22,91,94,96,97,98,99,100,101,102,103,104,105,107,108,109,110,111,112,113,114,115,116,117,119,120,121,122,123,124,125,126,127,128,131,132,133,134,135,136,138,139,141,142,143,145,146,147,148,151,152,153,154,156,157,160,161,162,163,164,168,169,170,172,173,174,175,177,178,179,180,181,182,183,184,185,186,187,191,192,193,194,195,197,199,201,203,205,206,207,208,210,213,215,216,218,219,220,222,224,225,226,227,228,229,230,231,234,235,236,237,238,239,240,242,243,244,246,248,249,253,254,256,257,260,261,262,264,265,269,270,273,274,275,278,280,281,284,286,288,291,298,302,311,312,313,316,319,320,326,331,336,342,347,349,357,364,367,414,429,431,467,468,479,690
23,87,89,90,93,94,95,96,97,98,99,100,103,104,105,106,107,108,109,110,111,113,114,115,116,118,119,122,123,125,126,128,129,131,132,133,135,137,138,140,141,142,144,145,147,148,149,150,152,153,154,155,158,159,160,162,163,165,166,167,171,172,175,176,177,179,180,184,185,186,187,189,190,194,195,198,200,203,205,207,215,217,218,221,223,225,227,231,232,234,242,244,247,249,253,255,260,261,262,265,266,271,273,276,277,278,280,281,283,284,285,286,287,288,289,291,292,293,295,298,299,301,302,303,305,306,312,313,315,318,320,327,331,335,341,356,360,370,380,383,394,402,404,409,410,416,417,421,434
24,73,75,82,84,87,88,89,90,91,92,93,94,97,98,99,100,101,102,103,104,105,106,107,108,109,110,111,112,113,114,115,118,120,121,123,124,125,127,128,129,130,131,132,133,134,135,136,137,138,139,140,141,142,143,144,146,147,148,149,150,151,152,153,154,155,156,157,159,160,161,162,163,164,165,166,167,168,169,170,171,173,174,175,176,177,178,179,181,182,184,185,188,189,190,191,192,194,195,196,198,199,200,201,202,203,204,205,208,210,212,214,215,216,217,220,222,223,225,226,227,228,229,230,232,235,238,239,243,244,245,246,252,253,255,258,265,267,269,274,275,281,284,287,288,293,294,304,306,310,311,312,317,322,338,339,342,369,384,393,397,401,451,660
25,88,89,90,91,93,94,95,96,99,100,101,102,103,104,105,107,109,110,111,112,113,114,117,118,119,120,121,122,125,126,127,128,129,130,131,132,133,134,135,136,137,138,139,140,141,142,143,144,145,146,147,148,149,150,151,152,153,154,155,156,157,158,159,161,162,163,165,167,168,169,170,173,174,176,177,178,179,181,184,185,188,189,190,191,193,200,206,210,212,213,214,218,219,222,224,225,228,229,231,232,233,234,236,240,243,244,246,253,264,265,266,270,272,273,274,284,288,293,298,308,316,336,339,347,389,398,413,425,437,455,657,686
26,88,89,92,93,94,95,96,97,98,99,100,101,105,106,107,108,109,110,112,113,114,115,117,119,120,121,122,123,124,125,126,127,128,129,130,131,132,133,134,135,136,137,138,139,140,141,142,143,144,145,146,147,148,149,150,151,152,153,154,155,156,157,158,159,161,162,164,165,166,167,168,169,170,171,172,173,174,175,176,177,178,179,180,182,183,186,188,189,190,191,193,195,197,198,199,201,202,204,205,206,207,210,211,212,214,215,216,217,218,222,223,225,227,228,230,232,234,238,239,242,245,246,247,251,253,255,261,262,263,267,270,271,272,276,277,286,287,291,294,300,301,304,306,313,314,319,330,331,335,340,341,351,372,374,382,428,436,454,632
27,77,85,86,88,94,95,97,99,100,101,102,107,108,109,110,111,112,113,114,115,116,117,118,119,120,121,122,123,124,125,126,129,130,131,133,134,135,136,137,139,140,141,142,143,144,146,148,149,150,154,155,156,157,159,160,161,163,164,167,168,169,171,172,173,174,175,176,177,178,180,181,182,183,184,185,186,187,189,191,193,194,195,198,199,200,201,204,205,206,207,209,211,212,214,215,217,218,219,220,222,223,224,225,226,227,228,229,230,231,232,236,237,239,241,242,243,248,251,252,253,254,255,256,257,259,267,268,272,277,280,285,287,292,295,297,300,302,308,313,319,323,325,327,328,329,336,338,341,351,392,404,419,428,461,462,551
28,84,91,92,93,94,95,96,97,98,99,100,101,104,105,106,107,108,109,111,112,115,116,117,118,119,121,122,123,124,126,127,128,129,131,132,133,134,135,136,137,138,140,141,142,143,145,146,148,149,150,151,152,154,155,156,157,158,160,161,162,163,164,165,166,168,169,170,174,175,176,177,179,181,182,183,185,188,189,191,195,199,201,203,205,206,207,208,209,210,211,212,213,214,216,217,218,221,223,225,226,227,230,232,233,236,237,238,241,243,247,250,251,255,256,258,260,264,265,271,273,276,278,282,284,285,286,288,289,291,292,294,300,301,302,305,307,309,310,311,314,321,324,326,327,330,333,341,345,348,352,365,370,381,392,405,415,488,578,610,634,653,671
29,54,90,94,96,99,100,101,102,103,104,105,106,107,108,109,110,111,112,113,115,117,118,119,120,121,123,124,125,126,128,130,133,134,135,136,137,140,141,142,143,146,147,148,149,150,151,152,153,154,155,156,157,158,159,161,162,164,166,167,168,169,170,171,172,173,174,175,177,181,182,184,188,190,191,192,193,194,195,198,199,200,202,203,205,206,207,209,213,214,215,218,219,220,221,222,223,224,225,227,229,230,232,233,236,239,241,242,244,248,249,250,252,253,256,259,260,265,266,268,269,271,272,273,274,275,277,279,280,283,285,286,289,292,293,300,301,305,313,315,317,318,320,328,332,342,343,357,362,364,368,395,405,438,634
30,30,84,87,88,89,90,94,96,98,99,100,101,102,103,104,105,106,107,109,110,112,113,114,115,116,117,118,119,120,121,122,123,124,125,126,127,128,129,131,132,134,135,136,137,138,139,140,141,142,143,144,145,146,147,148,149,151,152,153,154,157,158,159,160,161,162,163,164,165,166,168,169,170,172,173,174,175,177,178,180,184,185,187,188,193,195,196,197,199,200,201,202,204,206,207,208,209,211,212,213,214,215,216,217,219,220,224,226,228,230,231,232,233,234,237,239,241,243,244,245,246,247,248,251,252,253,256,257,260,266,267,269,270,273,276,278,279,280,281,282,285,286,287,293,294,296,300,301,304,305,309,321,325,332,333,344,345,361,391,410,415,417,555,588
31,49,85,88,91,95,97,98,99,100,101,102,103,104,106,107,108,109,110,111,112,113,114,115,117,118,121,122,123,124,125,126,127,128,129,130,134,135,136,137,139,140,141,142,143,144,145,146,147,149,150,151,152,153,154,155,156,157,160,161,162,163,164,165,166,167,168,169,170,171,172,174,175,176,177,178,179,180,181,182,183,184,186,187,188,190,191,192,193,194,195,196,197,198,199,200,201,202,204,206,207,208,210,211,214,215,217,219,222,223,224,226,227,228,229,230,231,232,238,239,242,243,245,246,247,249,250,254,255,258,260,261,263,264,269,275,280,282,289,291,292,294,295,296,298,310,311,316,317,318,328,333,343,348,355,359,367,378,415,424,461
32,89,92,93,94,96,97,101,102,104,105,106,107,108,109,110,111,114,115,116,117,118,120,121,122,123,124,125,126,127,129,130,131,132,137,138,139,140,142,143,145,147,148,149,151,152,153,156,160,161,162,163,165,172,173,174,175,177,178,179,181,185,187,195,199,201,202,203,204,205,206,207,209,211,212,213,215,216,217,219,220,221,223,224,225,226,227,229,232,233,234,235,236,237,239,240,242,243,244,248,250,252,254,259,262,263,264,266,268,269,271,275,277,280,281,282,283,290,294,302,306,307,312,331,334,361,376,380,389,422,483,600
33,80,81,83,84,85,86,89,90,92,93,94,95,97,98,100,101,102,103,104,105,106,107,108,109,110,111,112,113,114,115,116,120,124,125,126,127,128,129,130,133,134,135,136,138,139,141,142,143,144,145,146,147,148,149,151,152,153,155,156,157,158,159,161,162,163,164,165,166,167,168,169,170,171,174,175,176,179,180,181,184,185,186,189,192,193,197,199,204,206,208,211,215,216,218,221,222,224,225,226,229,230,232,238,240,242,244,245,249,252,255,258,262,264,266,268,270,272,273,275,278,279,283,285,288,290,291,295,298,304,305,310,312,315,316,318,320,322,324,330,357,367,394,397,401,482,498,542,590
34,86,88,91,95,96,98,99,102,103,104,105,106,107,108,110,111,112,113,114,115,117,118,120,121,123,124,125,128,132,133,134,135,136,139,140,143,144,145,147,148,150,152,153,154,155,156,157,158,160,161,162,164,165,166,167,170,171,172,174,175,177,179,180,181,182,184,185,188,190,192,194,195,196,197,201,202,204,205,206,207,208,210,211,212,214,215,216,219,220,221,222,224,225,226,227,229,230,233,234,235,236,237,238,241,242,243,244,245,247,249,253,255,257,260,267,268,272,276,278,281,282,284,285,286,290,292,293,296,299,305,310,312,318,333,337,375,385,388,410,565
35,68,88,89,92,93,95,96,97,98,100,101,102,103,104,105,108,109,111,112,113,114,115,116,118,119,120,121,122,123,124,125,127,128,129,130,131,132,133,135,137,139,141,143,144,145,146,147,148,149,150,151,154,155,156,157,158,159,162,163,164,166,167,169,171,172,174,176,178,179,181,186,188,189,192,195,197,200,201,202,203,205,206,207,209,211,213,215,216,220,221,223,224,228,230,231,234,235,236,237,238,240,242,243,244,246,248,249,250,251,252,254,255,257,258,260,263,264,266,268,270,271,273,280,283,287,288,290,291,294,303,304,309,310,311,312,316,317,319,327,374,387,396,438,446,453,535
36,70,92,98,99,100,101,102,104,105,106,107,108,109,110,113,114,115,116,117,120,122,123,125,126,127,130,133,136,138,140,141,142,143,144,145,147,148,149,151,152,153,155,156,157,158,159,160,161,162,163,165,166,169,170,171,172,175,177,178,180,181,182,183,184,185,186,188,190,191,192,193,196,197,199,201,202,205,207,209,211,212,213,215,217,220,223,224,225,227,229,231,232,236,237,240,241,242,243,244,245,247,248,253,254,258,262,263,265,266,269,270,273,275,279,285,286,288,305,307,329,330,344,349,354,386,395,396,428,451,455,505,681
37,99,102,103,104,106,110,111,112,113,117,118,119,120,121,122,123,124,126,127,128,129,131,134,135,136,138,141,142,143,145,146,147,148,152,154,155,158,160,162,163,167,170,171,175,176,177,178,179,181,182,183,186,191,198,199,202,204,205,206,208,209,210,211,212,214,216,218,219,221,222,223,224,225,226,227,228,229,230,231,232,233,234,235,237,239,241,245,246,247,248,249,251,252,260,262,266,268,269,270,275,276,279,281,290,294,295,296,311,323,329,348,350,353,364,370,373,378,397,405,412,417,501,532,542,598,689
38,30,89,93,99,100,101,102,104,105,108,109,111,114,116,117,118,122,123,125,128,130,131,132,134,136,138,142,144,146,147,148,150,151,152,154,155,157,158,160,161,163,164,165,166,167,168,169,171,174,176,181,185,189,194,195,199,200,204,205,207,208,210,211,212,213,215,216,217,218,219,222,223,224,226,230,232,233,234,235,240,241,242,243,252,258,260,269,270,271,272,274,278,285,286,287,288,299,300,309,310,314,316,321,328,339,360,364,365,366,367,373,374,449,535
39,31,82,86,91,95,97,98,100,107,113,115,116,117,122,123,124,127,129,130,131,136,138,142,143,149,150,151,155,157,160,161,164,168,171,172,176,178,180,186,187,188,190,196,200,201,203,206,208,210,211,212,214,215,216,217,218,221,222,223,224,226,227,229,232,233,244,245,249,250,254,257,265,267,270,279,294,313,338,341,354,410,436,527,633,660
40,36,82,97,100,105,108,116,122,125,126,128,130,139,144,145,146,147,151,153,156,157,162,169,176,182,183,185,188,193,195,204,207,220,222,230,255,257,271,296,332,345,346,396,420
41,149,168,209,509
42,82,341,478,531,542,695
43,201,380,401,470,491,645,682
44,10,560
45,18
46,3,8,440,491,542,571,646
47,38,257
48,35,301,318,333,663
49,34,41,387,487,490,675
50,61,68,233,333,339,430,488,662
51,79,302,313,415,582,678
52,97,115,175,391,436,456,589
53,39,69,86,325,363,510,542,570
54,74,97,285,374,474,596
55,59,123,367,445
56,81,92,295,328,455,534
57,48,290,382,394,667
58,539,613,620
59,10,342,386,390,411,693
60,4,47,516
61,31,524,567,572,604
62,75,101,108,112,162,314,412,418
63,76,446,466,672
64,36,159,253,679
65,204,433
66,78,92
67,50,64,183,346,375,518,687,691
68,50,147,274,497,600,671,680
69,306,308,508,518,528,544,612
70,44,376,405,548,607,632,664
71,19,395,544,559
72,14,673
73,205,248,342,465
74,
75,
76,
77,
78,
79,
80,
81,
82,
83,
84,
85,
86,
87,
88,
89,
90,
91,
92,
93,
94,
95,
96,
97,
98,
