14
0,699
1,431,502
2,86,148,190,236,244,479,487
3,4,691
4,192,207,226,316
5,61,82,266,278,560
6,
7,484,562,603
8,174,211,229,236,401,558,571,593,661
9,111,253,598,677
10,39,427,459,495,502,569
11,66,446,556,559,586,594
12,85,100,109,172,194,266,332,536,549,607,637
13,22,78,85,87,88,90,101,108,113,134,177,244,280,297,336,474
14,50,65,72,73,75,76,78,79,80,81,82,83,84,85,86,87,88,89,90,91,92,93,94,95,96,97,98,99,100,101,102,103,104,105,106,107,111,119,127,140,251,256,510,609
15,55,67,69,73,74,78,80,81,82,83,84,85,86,87,88,89,90,91,92,93,94,95,96,97,98,99,100,101,102,103,104,105,106,107,108,109,110,111,112,113,114,115,116,117,118,119,120,121,122,123,124,125,126,127,128,129,130,131,132,133,134,135,136,137,139,140,141,142,143,145,147,148,154,160,189,289,635,644,649
16,77,78,81,82,83,84,85,86,87,88,89,90,91,92,93,94,95,96,97,98,99,100,101,102,103,104,105,106,107,108,109,110,111,112,113,114,115,116,117,118,119,120,121,122,123,124,125,126,127,128,129,130,131,132,133,134,135,136,137,138,139,140,141,142,143,144,145,146,147,148,149,150,151,152,153,154,155,156,157,158,159,160,161,162,163,164,165,166,167,168,169,170,171,172,173,174,175,176,177,178,179,180,181,182,183,184,185,186,187,188,189,190,191,192,193,194,195,196,197,198,199,200,201,202,203,204,205,206,207,208,209,210,211,212,213,214,215,216,217,218,219,220,221,222,223,224,225,226,227,228,229,230,231,232,233,234,235,236,237,238,239,240,241,243,244,245,246,247,248,249,250,251,252,253,254,255,256,257,258,259,261,262,263,264,265,267,268,269,270,272,273,274,275,277,278,279,280,281,282,283,284,287,288,291,293,295,296,298,299,302,304,306,310,311,313,319,321,325,332,342,351,352,355,369,408,487,542,552,560,650
17,61,75,77,78,79,80,81,82,83,84,85,86,87,88,89,90,91,92,93,94,95,96,97,98,99,100,101,102,103,104,105,106,107,108,109,110,111,112,113,114,115,116,117,118,119,120,121,122,123,124,126,127,128,129,130,132,133,134,135,136,137,138,139,140,141,142,143,144,145,146,147,148,149,150,151,152,153,154,155,157,158,159,160,161,162,163,164,165,166,167,168,169,170,171,173,174,175,176,177,178,179,180,181,182,183,184,185,186,187,188,189,190,191,192,193,194,195,196,197,198,199,200,201,202,203,204,205,206,207,208,209,210,211,212,213,214,215,216,217,218,219,220,221,222,223,224,225,226,227,228,229,230,231,232,233,234,235,236,237,238,239,241,242,243,244,245,246,247,248,249,250,251,252,253,254,255,256,258,259,260,262,263,264,266,269,270,271,272,276,277,278,279,280,282,284,285,287,289,290,291,298,300,302,304,307,309,311,313,314,316,325,327,336,343,347,355,356,357,359,365,381,392,455,465,558
18,73,74,76,77,78,79,80,81,82,83,84,85,86,87,88,89,91,92,93,94,95,96,97,98,99,100,101,102,103,104,105,106,107,108,109,110,111,112,113,114,115,116,117,119,120,121,122,123,124,125,126,127,128,129,130,131,133,135,137,138,139,140,141,142,143,144,145,146,147,149,150,151,152,153,154,156,157,158,159,160,161,162,163,164,165,167,168,170,171,172,173,174,175,176,177,179,180,181,182,183,184,185,186,187,188,189,190,191,192,193,194,195,196,197,198,199,200,201,202,203,204,205,206,207,208,209,210,211,212,213,214,215,216,217,218,219,220,221,222,223,224,225,226,227,228,229,230,231,232,233,234,235,236,237,238,239,240,241,243,244,245,246,247,248,249,251,253,255,256,257,258,259,260,262,264,265,266,269,273,277,278,280,281,282,283,284,285,287,295,296,297,299,300,301,302,306,308,311,317,320,323,328,333,349,360,378,414,445,456,470,672
19,43,46,71,72,74,75,76,77,78,79,80,81,82,83,84,85,86,87,88,89,90,92,93,94,95,96,97,98,99,100,102,103,104,105,106,107,109,110,111,112,113,114,115,116,117,118,119,120,121,122,123,124,125,126,127,128,129,130,131,132,133,134,135,136,137,138,139,140,141,142,143,144,145,146,147,148,149,150,151,152,154,155,156,157,158,159,160,161,162,163,165,166,167,168,169,170,171,172,173,174,175,176,177,178,179,180,181,182,183,184,185,186,187,188,189,190,191,192,193,194,196,197,198,199,201,202,203,204,205,206,207,208,209,210,212,213,214,215,216,217,218,219,220,222,223,224,226,227,228,229,230,231,233,235,236,237,238,239,240,241,247,248,250,252,254,255,256,259,261,264,265,266,267,268,269,270,271,272,273,274,275,278,279,280,281,282,284,285,290,291,292,293,295,296,301,302,303,304,310,318,319,325,326,342,343,347,354,359,370,377,404,484
20,65,66,70,71,72,73,74,75,76,77,78,79,80,81,82,83,85,86,87,88,89,90,91,92,93,94,95,96,97,98,99,100,101,102,103,104,105,106,107,108,109,110,112,113,114,115,116,117,118,119,120,121,122,124,125,126,127,128,129,130,131,132,133,134,135,137,138,139,141,142,143,144,145,146,147,148,150,151,152,153,154,155,156,157,158,159,160,161,162,163,165,168,169,170,171,172,173,174,175,176,177,178,179,180,181,182,183,184,186,187,190,191,192,193,195,196,197,198,199,200,201,202,204,205,206,207,208,209,210,212,213,214,215,216,217,218,219,221,222,223,224,225,226,227,228,229,231,232,235,238,239,241,242,245,247,248,250,254,255,256,257,265,267,268,269,270,272,273,277,278,280,281,283,290,292,295,303,304,307,310,315,316,319,321,326,342,346,349,361,369,402,416,461
21,20,63,68,71,72,73,74,75,77,78,79,80,81,82,83,84,85,86,87,88,90,91,92,93,94,95,96,97,98,99,100,101,102,103,104,105,106,107,108,109,110,111,112,113,114,115,117,118,119,120,121,122,123,124,125,126,127,128,129,130,131,132,133,134,135,136,137,138,139,140,141,142,143,144,145,147,148,149,150,151,152,153,155,156,157,158,159,160,161,162,163,164,165,166,167,169,170,171,172,175,176,177,178,179,181,182,183,184,185,186,187,188,189,190,192,194,195,196,198,199,200,201,202,203,204,205,206,207,208,209,210,211,213,214,215,216,220,222,224,226,227,228,230,231,232,233,234,236,238,239,241,242,245,246,248,249,250,252,255,256,258,259,260,261,262,263,264,270,271,276,277,278,280,281,282,283,285,289,293,297,298,299,300,302,304,305,306,311,312,316,323,324,334,335,352,359,364,377,380,393,403,447,687
22,67,69,70,71,72,73,75,76,77,78,79,80,81,82,83,84,85,86,87,88,89,90,91,92,93,94,95,96,97,98,99,100,101,102,103,104,105,107,108,109,110,111,112,114,115,116,117,118,119,120,121,122,123,124,126,127,128,130,131,132,133,134,135,136,137,138,139,141,142,144,145,146,147,148,149,151,152,153,154,156,157,158,159,160,161,162,164,167,168,169,170,171,172,173,174,175,176,177,178,179,180,181,182,183,184,185,186,187,188,189,190,191,193,194,195,196,197,198,199,201,203,205,206,207,208,210,213,216,217,218,220,221,222,223,224,225,227,228,229,230,231,233,234,235,236,238,239,240,248,251,253,254,256,257,259,263,264,265,268,270,271,273,275,276,277,278,280,282,286,293,296,301,303,305,307,317,321,322,323,328,329,332,340,344,360,362,510,563,699
23,65,67,68,69,71,72,73,74,75,76,77,78,79,80,81,82,83,84,85,86,87,88,89,90,91,92,93,94,95,96,97,98,99,100,101,102,103,104,105,106,107,108,109,110,111,112,113,114,115,116,117,118,120,121,122,123,124,125,126,127,128,129,130,131,132,133,134,135,136,137,139,140,141,142,144,145,146,147,148,150,151,153,154,155,156,158,159,160,161,162,163,164,165,166,168,169,170,171,172,173,174,175,176,177,180,181,183,184,185,186,187,188,189,190,191,192,193,194,195,196,197,199,201,202,203,204,205,206,207,208,209,210,211,213,214,215,216,219,220,221,223,225,227,228,229,230,233,234,235,236,238,239,240,241,243,244,245,247,249,250,253,255,257,264,265,267,268,274,275,278,282,285,294,296,298,299,300,302,307,311,314,315,317,318,320,327,328,355,382,401,431,432,606,643,644,695
24,67,69,71,72,73,75,76,77,78,79,80,81,82,83,84,85,86,87,88,89,90,92,93,94,95,96,97,98,99,100,101,105,106,107,108,110,111,112,113,114,115,116,117,118,119,120,121,122,124,125,126,127,128,129,130,131,132,133,134,135,138,139,140,141,142,143,144,145,146,147,148,150,151,153,154,155,156,157,158,159,160,161,163,164,165,166,167,168,169,170,171,173,175,176,177,179,181,183,184,185,186,187,189,190,192,193,194,196,197,199,200,201,202,203,204,205,208,211,212,213,214,215,218,219,220,222,224,227,228,229,230,232,233,234,235,241,243,245,246,248,251,253,255,257,260,265,266,268,269,270,271,272,273,281,285,286,288,291,296,304,306,316,321,324,325,329,339,341,351,366,367,369,371,382,459,470,489,507,527,553,585
25,60,63,66,67,68,69,70,72,73,74,76,78,79,81,83,84,85,86,87,88,89,91,92,93,94,95,96,97,99,101,102,103,104,105,106,107,108,109,110,111,113,114,115,116,118,119,120,121,122,124,125,127,130,131,132,133,134,135,137,138,139,140,141,143,144,145,146,147,148,149,150,152,153,154,155,156,157,158,159,160,161,164,165,166,167,168,169,170,171,172,173,175,176,177,178,180,181,182,183,184,186,187,188,190,191,192,193,196,197,198,199,200,201,203,204,205,209,210,211,217,219,220,223,225,226,229,230,231,232,234,235,236,238,240,243,244,250,253,257,258,263,264,266,268,269,270,272,274,275,276,282,283,284,285,287,299,301,303,310,316,321,322,328,329,342,348,351,355,521,625
26,59,63,66,71,72,73,77,78,79,80,81,82,83,84,85,86,88,90,91,92,93,94,95,96,97,100,101,102,104,105,106,107,108,109,110,111,112,113,114,115,116,117,118,120,123,125,126,127,128,129,130,131,132,133,134,135,136,138,139,140,141,144,146,148,149,150,151,153,154,155,156,157,158,159,160,163,164,165,166,167,168,169,170,171,173,174,175,176,177,178,179,180,181,183,184,185,186,187,188,189,190,191,192,193,194,195,196,198,199,200,201,203,207,208,210,212,214,216,217,218,219,223,224,225,229,234,237,238,239,240,241,242,243,246,247,248,251,253,257,258,261,264,265,266,267,270,275,276,283,284,285,286,287,289,291,295,308,310,313,321,326,330,333,334,337,339,347,348,366,399,592,593,692
27,18,31,70,71,72,73,74,75,76,77,78,79,80,81,82,83,84,85,86,87,88,89,90,91,92,93,94,95,96,97,98,99,100,101,102,103,104,105,106,107,108,109,110,111,112,113,114,115,116,117,118,121,123,124,125,126,127,128,129,130,131,132,133,134,137,138,139,141,142,143,144,145,146,149,150,152,153,154,155,156,158,159,160,161,162,163,164,165,166,167,169,170,171,172,173,174,175,176,178,179,181,182,183,184,186,187,188,189,190,191,192,193,194,195,197,198,199,201,202,204,206,207,210,211,212,213,214,215,216,217,218,223,224,225,226,227,230,233,235,237,240,241,243,246,247,249,257,259,260,261,262,263,266,267,269,273,274,277,278,279,280,288,294,296,297,298,307,316,318,320,322,326,331,335,338,339,353,365,366,402,486,658
28,72,73,74,76,77,79,82,83,84,85,86,88,89,90,91,92,93,94,96,97,98,99,101,102,103,104,105,106,107,108,109,110,111,112,114,115,117,118,119,124,125,126,127,128,129,131,132,133,134,135,136,138,139,141,142,143,144,148,149,151,152,154,159,161,162,163,164,165,166,167,168,169,170,171,172,174,175,176,177,178,180,181,182,183,185,186,187,188,189,190,191,192,193,194,196,197,198,199,200,201,203,204,205,206,207,208,209,210,212,213,215,217,219,220,221,222,225,228,229,230,234,236,237,239,241,243,244,245,247,248,252,253,255,256,259,261,265,267,270,272,274,284,286,291,292,296,302,305,306,307,312,314,329,331,338,340,342,345,355,361,362,365,368,384,388,390,392,400,462,593
29,17,47,62,66,74,76,77,78,79,80,81,82,83,84,87,88,89,91,92,93,94,96,97,98,99,100,101,103,104,105,106,107,108,109,111,112,113,114,115,117,119,120,121,123,124,126,127,128,130,131,132,134,135,136,137,141,144,145,146,147,149,151,153,154,156,158,159,160,162,163,164,165,167,168,170,171,172,173,175,177,179,181,182,183,186,187,188,189,190,192,193,194,195,197,198,199,201,202,203,205,206,207,208,209,210,215,218,219,220,221,223,224,225,229,230,232,233,236,239,240,241,243,244,245,246,247,253,254,255,256,257,258,259,260,261,262,263,264,265,266,267,269,271,272,273,274,275,281,284,285,286,288,289,292,297,300,303,306,311,312,313,314,315,316,317,319,326,333,334,349,356,370,403,492,513,535,642
30,68,69,70,71,72,75,80,84,85,86,87,88,89,91,92,93,96,97,98,99,100,101,102,103,104,105,106,107,110,111,112,114,115,116,117,118,121,123,124,125,128,129,130,132,133,136,139,140,142,143,144,145,146,147,148,149,151,152,153,154,156,157,158,159,160,162,164,165,166,167,168,169,170,171,172,173,174,175,176,177,178,179,180,181,182,183,185,186,188,189,190,191,192,193,194,195,196,197,198,199,201,202,203,205,206,207,208,209,211,215,216,219,220,222,223,224,226,227,228,230,231,233,236,238,239,240,243,245,248,250,251,253,254,255,256,257,258,259,261,263,264,265,266,267,268,272,274,276,278,280,281,282,284,285,287,288,290,292,293,294,295,297,300,305,307,312,315,318,321,325,328,330,333,338,346,353,356,382,386,391,398,476,484,498,578,617,632
31,51,69,73,76,78,80,81,82,83,84,85,86,87,88,89,90,91,92,93,94,97,98,101,102,103,104,105,108,109,110,111,112,113,114,115,117,120,121,122,124,125,126,127,128,129,130,132,133,134,135,138,140,141,142,144,145,146,147,150,151,152,153,158,159,161,164,165,168,169,172,174,175,176,177,178,179,180,181,182,184,185,186,188,189,191,192,193,194,195,196,197,198,199,200,201,202,203,204,205,206,207,208,209,211,212,213,214,215,216,217,218,219,220,221,222,223,225,227,228,229,230,231,232,233,235,236,237,238,239,241,242,243,244,245,246,247,248,249,250,251,253,254,255,256,257,259,260,261,262,263,264,265,266,267,268,269,271,272,273,274,276,277,278,279,281,282,283,285,287,288,289,290,292,293,295,296,298,300,301,302,305,306,309,310,311,313,314,315,316,319,320,322,323,325,327,328,331,332,335,338,343,344,345,346,347,349,352,356,360,365,371,374,375,376,382,387,394,402,449,478,656
32,72,75,76,77,79,80,81,82,84,85,88,90,91,92,93,94,95,96,98,101,102,104,106,107,108,109,112,113,114,115,116,117,118,119,120,121,123,125,127,128,129,131,133,134,135,136,138,139,140,143,146,148,149,150,151,155,161,162,169,170,171,172,175,177,179,180,181,182,183,184,185,186,187,189,190,191,192,193,194,195,196,197,199,200,201,202,203,204,205,207,208,210,211,213,214,215,216,217,219,221,222,224,227,228,229,230,231,233,234,235,236,238,239,240,241,242,243,245,246,247,248,249,250,251,252,253,254,255,257,258,259,260,261,262,263,264,265,267,269,270,271,272,273,274,275,276,277,278,279,281,282,283,284,285,286,287,288,289,290,291,292,293,294,296,297,298,299,300,301,302,304,305,307,308,309,310,312,313,314,315,317,318,319,321,322,324,327,328,330,331,332,333,335,336,337,338,340,341,345,346,350,351,353,357,359,360,362,365,372,375,376,377,382,387,388,395,399,425,436,438,501,515,544,599
33,30,66,70,72,74,78,79,80,81,82,83,84,87,88,89,90,92,93,94,95,96,97,98,99,103,106,108,109,111,112,113,114,119,127,128,130,131,132,133,134,136,137,139,140,142,147,149,151,152,154,158,163,164,165,167,168,169,174,177,181,182,183,184,185,187,188,190,191,192,195,196,197,199,200,201,202,204,206,207,208,210,211,212,214,215,218,219,220,222,223,227,228,229,230,231,232,233,234,235,237,239,240,241,243,244,245,246,247,248,249,250,252,254,255,258,259,260,261,263,264,265,270,271,273,274,275,276,277,278,279,280,283,285,286,288,289,290,293,295,296,299,300,302,303,304,305,306,307,309,310,316,317,318,322,323,326,327,330,334,335,336,337,339,340,341,342,344,345,346,354,356,358,362,363,371,374,375,398,402,407,409,421,422,423,438,442,467,485,611,692
34,67,68,69,72,73,77,80,82,83,84,88,89,94,96,97,99,100,101,102,103,104,105,106,107,108,109,110,111,112,115,116,117,119,120,121,123,124,130,135,136,137,139,141,144,150,155,157,158,159,160,162,163,164,165,166,168,169,170,171,172,174,175,176,180,187,193,194,195,196,199,200,201,202,204,207,208,211,212,213,214,216,217,222,225,226,228,229,233,237,239,241,242,243,244,245,247,252,254,256,258,261,266,268,269,272,273,276,278,279,281,284,287,295,306,309,318,320,321,332,333,356,358,368,381,402,419,424,445,447,448,488,649
35,66,73,75,76,79,80,82,83,84,86,87,90,91,93,94,95,96,98,99,100,101,103,106,107,109,110,111,112,113,114,115,117,118,120,123,124,125,126,128,131,132,135,139,141,145,150,152,155,157,158,162,164,168,172,173,174,175,180,183,185,191,195,196,198,199,200,201,209,210,213,214,216,217,218,219,222,223,228,230,233,234,236,238,242,244,246,250,253,257,260,262,266,267,272,275,280,281,295,299,305,323,348,366,369,370,387,399,406,415,439,442,471,606,689
36,12,23,69,72,77,78,79,80,81,82,83,84,85,86,87,90,91,94,95,96,97,98,99,100,103,104,105,106,112,115,116,117,118,119,120,121,122,123,124,125,129,130,134,139,140,142,143,146,147,148,149,151,157,159,160,165,167,169,172,174,175,178,182,184,185,190,194,196,197,198,199,203,204,207,212,215,219,221,222,224,225,227,229,232,233,234,239,243,245,248,249,252,255,256,259,260,261,266,268,270,272,279,285,286,296,300,312,316,318,323,329,331,345,350,366,367,369,375,376,387,432,436,437,442,452,565
37,14,16,46,65,74,78,79,80,83,84,85,86,88,89,90,91,92,93,94,95,96,98,99,100,101,102,103,104,105,106,108,109,111,115,116,119,122,123,125,127,132,133,135,136,139,145,146,147,149,150,151,154,155,156,157,167,170,171,178,179,190,191,192,194,195,197,201,205,208,209,211,212,213,215,218,220,221,223,224,228,229,230,231,232,234,238,240,243,244,245,246,247,248,249,250,251,252,254,255,257,263,265,266,270,272,273,276,277,278,279,280,286,290,293,300,303,304,306,310,318,320,330,331,336,340,341,345,347,348,350,356,366,368,370,372,375,378,383,386,387,390,399,404,424,427,431,433,448,490,502,537,621,642,647
38,55,70,72,75,76,77,78,81,82,84,85,86,87,88,89,90,93,94,95,97,98,99,102,103,105,106,107,109,110,112,115,117,118,123,126,127,130,136,138,139,140,142,143,144,150,154,156,160,163,169,173,174,176,178,180,181,183,188,193,195,199,203,209,220,221,223,224,225,226,227,230,231,234,239,241,245,249,250,251,252,253,254,255,256,258,260,265,267,268,273,274,275,278,280,282,285,289,290,291,299,300,303,304,305,311,312,315,317,324,325,335,337,338,340,342,346,347,350,351,368,383,408,429,490,503,509
39,67,71,73,74,75,76,77,78,79,81,82,83,84,87,88,89,91,92,93,94,95,96,98,99,101,104,107,114,118,119,124,126,127,128,130,131,134,136,137,140,141,142,145,146,147,148,149,150,151,152,156,159,165,167,168,171,173,177,178,179,193,194,197,199,205,208,209,212,213,216,217,221,224,228,230,233,234,235,236,237,238,239,240,241,242,243,245,249,253,255,256,257,261,263,264,265,267,268,270,271,272,273,275,277,278,279,281,282,283,284,285,286,287,291,293,298,299,303,305,306,307,308,310,313,315,317,320,324,325,327,332,336,337,341,350,357,365,371,373,416,417,423,439,488,504,582,643
40,18,67,69,72,75,76,77,79,80,81,86,88,89,94,95,96,97,98,100,101,102,103,104,105,108,109,110,112,115,116,120,123,124,125,126,128,129,133,134,136,137,142,143,146,151,155,156,160,169,170,172,174,176,177,178,180,182,185,188,190,191,193,194,195,196,199,202,206,207,214,219,221,223,225,226,228,231,233,234,235,236,237,238,240,246,247,248,252,253,254,255,257,260,269,270,271,276,278,280,281,282,287,290,291,292,293,299,300,301,302,303,311,312,313,314,315,316,318,319,320,321,322,325,331,332,333,335,348,349,355,362,369,372,375,379,386,402,415,423,439,455,459
41,21,46,63,65,68,71,72,74,75,78,80,81,83,84,85,86,87,88,89,92,93,94,95,96,98,99,102,104,105,107,108,110,111,113,114,116,117,118,119,120,121,124,125,126,127,128,129,135,136,137,139,140,141,142,143,150,151,153,155,156,157,160,161,166,169,170,171,176,177,184,187,188,197,199,200,202,205,206,209,210,211,212,214,215,217,219,221,222,223,226,228,229,230,234,235,236,237,238,242,244,245,247,248,250,251,252,253,255,257,259,261,263,268,269,271,272,273,274,276,277,278,279,282,284,287,288,289,290,291,293,297,298,300,302,305,308,309,310,311,314,315,320,325,328,331,332,343,346,354,356,359,362,363,370,377,409,417,425,437,482
42,67,68,75,76,78,79,82,84,85,86,87,88,89,90,91,92,93,95,97,98,99,100,101,102,103,104,106,107,108,109,110,111,112,114,116,117,118,119,121,122,124,126,127,128,130,131,132,134,135,136,138,140,142,144,148,149,153,162,166,167,172,175,177,178,182,185,194,201,203,206,207,208,212,215,222,223,225,227,230,232,234,239,240,242,245,246,250,253,255,257,258,263,265,269,270,271,274,278,279,281,282,284,288,289,290,293,294,297,298,299,306,308,314,316,320,321,322,324,325,333,338,341,347,349,358,361,367,409,423,429,455,515,546,600
43,25,68,73,76,78,80,82,85,86,87,90,91,92,94,96,97,98,99,100,101,102,103,104,105,106,107,109,110,112,115,116,125,132,133,137,139,142,147,152,156,159,169,172,173,175,177,191,194,201,203,205,207,208,210,212,213,215,219,222,224,226,228,229,230,232,234,235,236,239,244,245,246,248,250,253,260,263,266,267,268,270,273,274,276,277,278,280,281,282,283,284,290,292,295,297,303,305,306,307,308,313,321,335,336,342,344,350,351,362,366,369,370,374,387,391,398,412,424,440,489,670
44,33,77,80,81,82,83,84,86,87,89,90,91,93,94,95,96,97,98,99,100,103,105,107,108,110,111,112,113,114,115,116,117,118,119,120,122,124,125,126,128,129,130,132,133,136,137,143,144,145,146,147,148,151,153,154,156,157,162,178,180,184,185,190,192,199,204,206,207,209,211,217,222,240,241,242,245,249,253,255,261,262,265,271,275,276,283,287,292,293,294,298,299,303,305,309,310,311,312,321,331,341,347,358,361,376,385,387,444,450,517
45,71,73,78,80,81,83,84,85,86,87,88,89,91,93,94,95,96,97,99,100,101,103,104,106,108,109,111,116,120,122,123,126,127,128,130,131,133,148,152,153,156,157,162,163,175,178,183,185,188,189,198,217,221,222,223,226,230,231,232,233,241,248,249,256,259,261,264,265,266,269,281,283,285,287,297,306,313,320,324,325,331,334,340,343,349,358,379,389,423,425,442,471,484,494
46,72,75,77,79,80,83,85,87,88,89,90,92,94,95,96,97,98,99,102,105,106,107,108,111,112,113,114,116,117,118,123,126,127,129,131,134,135,138,140,142,143,144,145,147,150,151,157,158,159,160,166,169,173,176,177,181,184,185,187,188,190,193,194,195,198,199,221,225,229,231,232,241,244,245,246,257,258,259,262,263,266,271,272,274,276,280,281,288,291,296,302,306,309,314,320,335,357,359,364,373,396,448,484,556,689
47,69,70,73,76,79,81,82,84,85,86,88,93,94,97,98,99,102,104,106,108,109,112,113,114,116,119,120,122,124,125,126,128,129,132,133,134,137,138,140,141,143,145,147,152,153,154,157,173,176,177,181,185,186,187,190,192,197,202,203,208,212,213,215,218,226,228,232,233,234,236,246,255,256,260,264,271,273,274,280,281,282,283,288,290,296,297,298,299,303,305,309,326,329,333,336,357,605
48,30,75,76,77,80,88,89,91,92,93,95,96,98,101,103,104,105,108,109,110,112,114,115,116,117,121,122,126,127,129,132,133,135,136,142,144,145,146,147,148,150,151,156,162,165,170,177,184,185,188,189,198,200,201,202,204,210,213,226,232,235,236,243,244,255,256,273,275,277,278,279,281,285,292,298,316,319,320,409
49,69,73,76,82,85,86,88,90,91,92,93,94,95,98,100,103,109,111,112,113,115,117,119,120,121,122,125,126,129,131,132,138,145,146,147,148,149,150,151,156,178,182,186,187,189,190,196,205,207,210,212,213,215,224,239,258,271,283,284,286,291,298,325,334,359
50,76,77,79,81,83,84,86,88,90,92,93,94,96,97,99,100,101,102,104,107,108,109,110,111,112,113,115,116,118,119,120,121,122,123,124,128,129,131,133,139,141,142,146,147,154,156,157,178,192,220,235,257,276,287,312,699
51,39,84,85,88,90,91,93,96,97,99,100,102,103,107,109,110,112,118,119,120,121,126,127,128,131,132,133,136,138,140,141,144,165,187,192,202,207,209,210,227,234,241,244,274,506,596
52,85,91,97,101,107,122,124,129,131,134,137,144,147,149,151,154,159,160,164,167,176,222,232,359,432,571,602,635,648,694
53,21,97,104,126,138,141,152,166,269,400
54,110
55,70,583,638,696
56,19,262,321,480,570
57,10,311,609
58,7,501,607
59,30,138,204,418,481
60,529,565
61,411,542,661
62,57,301,360,372,522
63,507,678
64,
65,
66,
67,
68,
69,
70,
71,
72,
73,
74,
75,
76,
77,
78,
79,
80,
81,
82,
83,
84,
85,
86,
87,
88,
89,
90,
91,
92,
93,
94,
95,
96,
97,
98,
