19
0,70
1,89,319,452,585,612
2,72,75,78,79,81,83,85,86,89,90,92,93,94,95,96,97,98,99,102,112,220,406,591
3,69,72,74,75,76,77,78,79,80,81,82,83,84,85,86,87,88,89,90,91,92,93,94,95,96,97,98,99,100,101,102,103,104,105,106,107,108,109,110,111,112,113,114,115,116,117,119,120,126,130,209,245,391,399,613
4,65,68,70,71,72,73,74,75,76,77,78,79,80,81,82,83,84,85,86,87,88,89,90,91,92,93,94,95,96,97,98,99,100,101,102,103,104,105,106,107,108,109,110,111,112,113,114,115,116,117,118,119,120,121,122,123,124,125,126,127,128,129,130,131,132,133,134,135,136,137,138,139,140,141,142,143,145,146,147,148,149,150,151,152,153,154,156,157,158,160,164,166,174,175,176,189,214,217,236,240,259,263,280,385
5,66,67,70,71,72,73,74,75,76,77,78,79,80,81,82,83,84,85,86,87,88,89,90,91,92,93,94,95,96,97,98,99,100,101,102,103,104,105,106,107,108,109,110,111,112,113,114,115,116,117,118,119,120,121,122,123,124,125,126,127,128,130,131,132,133,134,135,136,137,138,139,140,141,142,143,144,145,146,147,148,149,150,151,152,153,154,155,156,157,158,159,160,161,162,163,164,165,166,167,168,169,170,171,172,173,174,175,176,177,178,179,180,181,182,183,184,185,186,187,188,189,190,191,192,193,194,195,196,197,198,199,200,201,202,203,204,205,206,207,208,209,210,211,212,213,214,215,216,217,218,219,220,221,222,224,225,227,228,229,230,231,232,233,234,235,236,237,238,240,241,242,243,244,246,249,250,251,252,253,257,258,259,260,261,262,263,266,268,269,270,276,282,284,285,286,289,290,291,292,295,297,303,304,309,314,319,320,321,325,341,342,365,398,599,692,695
6,65,66,67,70,71,72,73,75,76,77,78,80,81,82,83,84,85,86,87,88,89,90,91,92,93,94,95,96,97,98,99,100,101,102,103,104,105,106,107,108,109,110,111,112,113,114,115,116,117,118,119,120,121,122,125,126,127,128,129,130,131,132,133,134,135,136,137,138,139,140,141,142,143,144,145,146,147,148,149,150,152,153,154,156,157,158,159,160,161,162,163,164,165,167,168,169,170,171,172,173,174,175,176,177,178,179,180,181,182,183,184,185,186,187,188,189,190,191,192,193,194,195,196,197,198,199,200,201,202,203,204,205,206,207,208,209,210,211,212,213,214,216,217,219,222,223,224,225,226,227,228,229,230,231,232,233,234,236,237,239,241,242,243,245,246,247,250,251,252,254,255,257,258,259,260,262,263,265,270,271,276,277,281,282,283,284,285,287,288,290,291,292,296,301,303,308,317,326,331,343,353,355,365,386,456,612,694
7,22,53,64,67,68,69,70,71,72,73,74,75,76,77,78,79,80,81,82,83,84,85,86,87,88,89,90,91,92,93,94,95,96,97,98,99,100,101,102,103,104,105,106,107,108,109,110,111,112,113,114,115,116,117,118,119,120,121,122,123,124,125,126,127,129,130,131,132,133,134,135,136,137,138,139,140,141,142,143,144,146,147,148,149,150,152,153,154,155,156,157,158,159,160,161,162,163,164,165,166,167,168,169,170,171,172,173,174,175,176,177,178,180,181,182,183,184,185,186,187,188,189,190,191,192,193,194,195,196,197,198,199,200,201,202,203,204,205,206,207,208,209,210,211,212,213,214,215,216,217,218,219,220,221,222,223,224,226,227,228,230,231,232,234,236,238,239,241,242,243,246,247,249,250,252,254,256,258,262,263,266,267,268,269,272,273,275,276,279,281,282,283,284,296,310,314,315,319,322,324,335,338,353,379,563,647
8,63,67,68,69,70,71,72,73,74,75,76,77,78,79,80,81,82,83,84,85,86,87,88,90,91,92,93,94,95,96,97,98,99,100,101,102,103,104,105,106,107,108,109,110,111,112,113,114,115,116,117,118,119,120,121,122,123,124,125,126,127,128,129,130,131,132,133,134,135,136,137,138,139,140,141,142,143,144,145,146,147,148,149,150,151,152,153,154,155,156,157,158,159,160,161,162,163,164,165,166,167,168,170,171,172,173,174,175,176,177,178,179,180,181,182,183,185,186,187,188,189,190,191,192,193,194,195,196,197,198,199,200,201,202,203,204,205,206,207,208,209,210,211,212,213,216,217,218,221,222,223,224,225,226,227,228,229,230,231,232,233,234,235,236,237,239,240,241,242,243,244,245,246,247,248,249,250,251,253,256,258,259,262,265,269,271,272,273,274,277,279,280,284,286,288,291,293,295,298,304,307,312,313,319,322,323,339,349,362,381,383,407,423
9,64,66,67,69,70,71,72,73,74,75,76,77,78,79,80,81,82,83,84,85,86,87,88,89,90,91,92,93,94,95,96,97,98,99,100,101,102,103,104,105,106,107,108,110,111,112,113,114,115,116,117,118,119,120,121,122,123,124,125,126,127,128,129,130,131,132,133,135,136,137,138,139,140,141,142,143,144,145,146,147,148,149,150,151,152,153,154,155,156,157,158,159,160,161,162,164,165,166,167,168,169,170,171,172,173,174,175,176,178,179,180,181,182,183,184,185,186,187,188,189,190,191,193,194,195,196,197,198,199,200,201,202,203,204,205,206,208,209,210,211,212,213,214,215,216,217,218,219,220,222,223,224,225,226,228,232,233,234,235,236,238,240,241,242,243,244,245,246,247,248,249,251,253,254,255,257,258,260,261,262,263,265,266,267,272,273,274,275,277,281,282,284,289,290,295,299,302,305,306,308,310,314,319,325,326,328,330,341,348,349,359,360,397,419,468,476
10,61,65,66,68,69,70,71,72,73,74,75,76,77,78,79,80,82,83,84,86,87,88,89,90,91,92,93,94,95,96,97,98,99,100,101,102,103,105,106,107,108,109,110,111,112,113,114,115,116,117,118,119,120,121,122,123,124,125,126,128,129,130,131,132,133,134,135,136,137,138,139,140,141,142,143,144,145,146,147,148,150,151,152,153,154,155,156,157,158,159,160,162,163,164,165,166,167,168,169,170,171,172,173,174,175,176,177,178,179,180,181,182,183,184,185,186,187,188,189,190,191,192,193,194,195,196,197,198,199,202,203,204,205,206,207,208,209,210,211,212,213,214,215,216,217,218,219,220,222,223,224,225,226,227,228,229,230,231,232,233,236,237,238,239,240,242,243,244,245,246,247,249,250,252,254,255,258,259,260,261,262,263,264,265,266,268,269,270,271,272,273,275,276,277,278,280,284,285,288,289,292,294,295,297,298,299,302,305,307,308,313,314,315,316,318,321,326,328,330,334,337,341,347,350,375
11,44,53,56,57,59,61,63,66,68,69,70,72,73,74,75,76,77,78,79,80,81,82,83,84,85,86,87,88,89,90,91,92,95,96,97,98,99,100,101,102,103,104,105,106,108,109,110,111,112,113,114,115,116,117,118,119,120,121,122,123,124,125,126,127,128,129,130,131,132,133,134,135,136,137,138,139,140,141,142,143,144,145,146,147,149,150,151,152,153,154,155,156,157,158,161,163,164,165,166,167,168,169,170,171,172,173,174,175,176,177,178,179,180,181,182,183,185,186,187,188,189,190,191,192,194,195,196,197,198,199,200,201,202,203,204,205,206,207,208,209,210,211,212,213,214,215,216,218,219,220,222,223,224,225,226,227,228,232,233,234,235,237,238,240,242,243,244,246,247,249,250,251,252,254,255,256,258,263,264,266,268,271,272,274,275,281,284,285,286,287,288,291,292,294,296,299,300,301,302,303,305,307,311,312,313,321,324,325,327,330,334,336,340,344,347,349,352,365,378,389,391,412,501,508,572,677
12,15,70,75,76,78,79,80,81,83,84,85,86,87,88,89,90,92,94,95,96,98,99,100,101,102,103,104,105,107,108,110,111,112,113,115,116,117,119,120,121,122,125,126,127,128,129,130,131,132,133,134,135,136,137,138,139,140,141,142,143,144,145,148,149,150,151,152,153,154,155,156,157,158,159,160,161,162,163,164,166,167,168,169,171,174,175,176,177,178,179,180,181,182,183,184,185,186,187,188,189,190,191,192,193,194,195,196,197,198,200,201,202,203,205,206,210,211,213,214,215,216,217,219,220,222,223,225,226,227,228,229,230,231,233,235,236,237,238,239,241,242,244,245,246,247,248,250,251,252,253,254,255,257,258,261,262,263,264,266,267,268,269,270,271,273,274,276,277,279,280,281,282,283,286,287,288,290,293,296,297,299,301,302,306,307,308,309,310,314,316,320,322,324,326,329,333,335,340,353,355,358,359,364,372,373,378,379,383,393,399,424,478,483,495,625,691
13,65,67,68,69,70,71,72,74,75,76,77,79,80,81,83,84,85,86,87,88,89,91,92,93,94,95,96,97,98,99,100,102,103,105,106,107,108,112,113,114,115,116,117,118,119,120,122,123,124,125,126,128,132,133,135,136,137,139,140,145,146,148,151,152,153,156,157,160,164,165,166,167,168,169,170,171,172,173,174,175,176,177,178,179,180,181,182,183,184,185,188,189,191,192,193,194,195,196,197,198,199,200,201,202,203,204,205,206,207,208,209,210,211,212,213,214,216,217,218,219,220,221,222,223,224,225,226,227,228,229,230,231,232,233,234,235,237,238,239,240,241,243,244,247,248,249,251,252,253,254,255,256,258,259,260,261,262,263,264,265,266,267,268,269,270,271,272,273,274,275,276,277,279,280,281,284,285,287,288,289,290,291,292,293,294,295,297,298,299,301,302,303,305,308,310,311,314,315,316,318,319,320,321,322,323,324,325,327,329,330,331,332,333,336,338,344,347,349,351,352,355,356,364,365,367,371,372,378,383,384,387,388,408,413,420,434,438,452,456,477,506,653
14,64,67,68,69,70,72,73,74,75,76,77,78,79,81,82,84,85,86,87,89,90,91,92,95,96,97,98,99,102,105,106,107,108,110,111,112,113,114,116,117,118,119,120,124,126,127,128,129,130,131,132,133,134,135,136,137,139,140,143,145,146,147,149,150,152,153,154,155,159,160,162,165,167,168,170,171,172,173,176,177,178,183,184,185,186,187,190,192,193,195,196,197,199,200,201,203,204,205,206,207,209,210,211,213,214,215,216,217,218,221,222,223,225,226,227,228,230,231,232,233,234,235,236,237,238,239,240,241,242,243,244,246,247,248,249,250,251,252,253,254,255,256,258,260,261,262,263,264,265,266,267,268,270,271,272,273,274,275,276,277,278,279,281,282,283,284,285,286,287,288,290,293,295,297,298,299,300,301,302,303,304,305,306,307,308,310,312,313,318,320,321,322,324,327,328,330,334,335,338,340,342,343,344,346,347,350,351,356,358,362,363,364,365,366,367,368,370,371,374,375,376,377,378,379,380,381,384,386,388,397,398,407,415,416,417,423,435,460,462,470,515,617,628,666
15,66,67,68,69,70,71,72,73,74,75,76,77,78,79,81,82,83,84,85,86,87,88,90,92,94,96,98,100,101,102,103,104,106,107,108,109,110,111,112,113,114,116,117,118,119,120,121,122,123,124,125,130,131,132,133,135,136,138,139,140,144,145,146,147,150,152,155,156,157,158,163,164,165,166,167,168,172,173,179,180,181,182,183,184,185,187,188,189,190,191,193,196,198,199,200,201,203,207,208,210,212,213,214,215,216,219,220,222,223,224,225,226,228,230,231,233,234,235,236,237,238,241,242,243,246,247,250,251,252,253,255,258,260,262,264,265,268,270,271,272,274,275,277,280,281,282,284,290,297,304,305,312,317,320,323,330,334,336,339,341,344,345,347,349,351,352,355,357,359,360,361,365,367,369,374,377,383,387,388,412,413,416,439,501,626
16,58,61,62,63,64,65,66,67,68,69,70,71,72,73,74,75,76,77,78,79,80,81,82,83,85,87,88,90,91,92,94,95,96,97,98,99,100,101,102,103,104,105,106,107,108,109,110,111,113,116,118,119,120,121,122,124,125,127,129,130,132,133,134,135,137,139,141,142,145,147,148,149,152,153,154,155,157,160,161,162,163,164,165,166,168,169,170,171,172,173,175,176,177,179,180,181,182,183,185,187,189,190,191,192,194,196,197,198,200,202,205,206,208,210,211,212,214,216,218,219,221,222,224,227,228,229,231,235,236,238,239,240,241,244,245,246,247,248,249,254,255,257,259,260,261,262,264,265,266,267,268,269,270,272,273,276,279,280,281,282,284,287,290,291,292,293,294,297,299,301,302,305,306,307,308,310,315,318,319,320,321,322,323,325,328,329,331,334,335,337,339,340,341,343,345,347,350,351,352,353,355,356,360,361,362,364,366,367,371,374,377,379,381,386,388,396,400,407,408,411,438,450,454,684
17,59,62,63,64,65,66,67,68,69,70,71,72,73,74,75,76,77,78,79,80,81,83,85,86,87,89,90,91,92,94,95,96,98,99,100,101,102,104,105,106,107,108,109,110,111,112,113,114,116,119,121,122,124,125,126,127,128,129,130,132,134,135,139,141,143,148,149,151,161,163,164,165,166,167,169,170,172,174,176,177,178,181,183,187,188,189,190,191,194,195,197,199,202,203,206,212,213,214,215,216,218,221,222,223,224,226,227,229,232,234,235,238,239,240,241,242,244,245,246,251,252,253,256,257,259,261,263,265,266,268,270,272,274,275,276,277,278,281,283,286,287,290,291,293,294,295,298,299,300,303,305,310,311,312,317,318,319,320,325,326,327,328,329,330,331,332,333,335,336,337,339,340,345,348,350,351,352,353,354,356,358,359,366,367,370,371,373,374,378,391,393,395,400,407,441,494,626,628
18,58,60,61,62,64,65,66,67,68,69,70,71,72,73,74,75,76,77,78,80,81,82,84,85,87,88,89,90,91,92,93,95,96,99,100,102,103,104,105,106,107,108,110,111,112,114,115,116,117,118,119,120,121,122,125,126,127,129,130,131,132,133,134,135,139,141,142,143,145,146,148,149,150,152,153,157,161,164,165,168,169,170,171,172,174,175,176,177,178,181,182,183,185,189,194,195,197,198,199,201,202,204,205,206,208,211,214,215,216,217,218,219,222,223,224,225,226,227,228,229,230,231,233,237,239,240,241,242,243,244,245,247,250,251,254,255,260,261,262,264,266,267,269,270,271,274,277,282,283,284,285,286,287,289,290,292,293,294,304,308,309,312,317,319,320,322,323,324,326,327,330,332,335,336,337,342,345,349,350,351,356,357,358,359,360,361,364,366,370,373,377,381,386,396,397,400,411,412,417,418,446,452,647
19,54,60,61,62,63,64,65,66,67,68,69,71,72,73,74,75,76,77,78,79,80,82,83,85,86,88,89,90,91,92,93,94,95,96,97,98,99,100,101,103,104,105,106,107,108,110,111,113,116,118,120,121,123,124,125,126,128,130,131,133,135,136,137,138,140,141,142,146,147,151,152,157,159,162,164,167,169,171,174,176,177,178,179,180,182,185,186,187,188,189,190,191,192,193,194,197,198,201,202,203,204,205,212,214,215,216,218,220,223,225,227,232,233,234,235,241,242,243,246,248,253,254,256,257,260,261,263,264,266,268,270,274,275,278,279,282,284,287,288,290,295,296,298,301,302,303,305,306,307,309,311,313,315,322,325,326,328,330,332,348,350,353,357,358,361,362,372,402,451,458,469,489,653
20,60,61,62,63,64,65,66,67,68,69,70,71,72,73,74,76,77,78,79,80,81,82,83,84,86,88,89,90,91,92,93,94,95,96,98,100,101,103,104,108,109,110,111,112,114,115,116,117,118,119,120,121,122,124,125,126,128,129,130,131,133,134,135,136,137,138,141,146,149,150,152,155,156,163,165,170,171,172,174,175,176,179,182,184,187,189,191,193,194,195,198,199,202,204,205,206,211,212,214,217,219,220,222,223,224,225,226,227,228,229,230,231,235,237,238,240,241,243,247,249,250,254,255,256,258,261,262,269,270,272,273,274,279,284,288,289,291,292,293,294,301,304,306,312,316,320,321,323,324,326,327,334,336,339,341,342,347,373,375,376,394,401,447,466
21,26,54,55,57,58,59,60,61,62,63,64,65,66,67,69,70,71,72,73,74,75,77,78,79,80,81,83,84,86,87,88,89,90,91,92,93,94,95,96,97,99,100,101,103,104,105,106,107,108,109,110,111,112,115,117,118,119,120,121,122,124,125,127,129,130,132,133,134,135,138,141,143,146,148,149,150,151,153,155,156,158,159,160,162,164,165,166,167,168,169,171,173,176,179,184,185,186,188,189,190,191,192,193,194,195,198,199,203,204,206,211,214,216,217,221,222,223,224,228,229,230,231,232,234,235,241,243,244,247,248,249,250,251,252,253,255,256,258,263,264,265,267,268,269,270,272,273,275,276,279,280,281,282,284,286,289,290,294,300,303,304,309,312,313,314,316,319,320,326,327,330,334,339,340,343,346,376,394,445,503,537,546,680
22,32,54,55,58,59,60,61,63,64,65,66,67,68,69,70,71,72,74,75,76,77,78,79,80,81,82,83,84,86,87,88,89,90,91,92,93,94,95,96,97,98,99,100,101,102,108,110,111,112,114,115,116,118,119,120,122,123,124,125,135,136,138,140,143,144,145,146,148,149,153,155,156,159,161,164,165,166,167,169,170,171,174,175,176,177,178,179,180,182,185,189,191,192,193,195,196,198,202,203,205,213,214,217,218,220,221,222,224,225,226,227,228,232,237,238,240,242,243,245,246,250,251,256,257,263,266,267,268,271,274,275,276,280,281,284,285,287,289,293,296,298,299,301,303,304,306,307,309,312,313,320,323,335,341,347,349,350,352,353,362,364,371,377,391,408,428,488,495,510,592,613,634,665
23,59,60,61,63,64,65,66,67,68,69,71,72,73,74,75,76,77,79,80,81,82,83,84,85,86,88,89,90,91,93,94,97,98,99,101,103,104,105,107,108,109,110,111,112,114,115,116,117,118,119,121,122,124,125,129,130,132,134,137,138,140,141,144,156,157,158,159,160,162,164,168,169,170,171,173,176,177,178,181,183,184,185,186,187,188,189,191,193,194,195,198,200,203,205,207,209,210,211,214,215,216,217,218,225,227,229,231,232,233,234,235,236,238,239,244,245,247,248,251,261,264,268,271,281,282,284,289,291,292,300,302,306,312,313,315,317,324,325,326,327,328,329,336,337,340,342,343,344,353,355,356,357,368,377,395,448,454,512,649
24,52,54,55,56,57,58,59,61,62,63,64,65,66,67,69,70,71,73,74,75,76,77,78,79,80,81,82,83,84,86,88,89,92,94,95,96,98,99,100,101,102,105,106,108,109,110,111,112,113,115,116,118,119,121,122,123,124,125,126,127,129,130,135,137,140,143,144,145,146,148,149,154,155,157,160,163,165,167,168,169,170,173,175,176,177,178,179,182,184,187,188,189,190,191,194,195,196,197,199,201,203,204,205,217,220,222,225,226,229,230,236,237,239,240,241,242,249,250,255,256,259,260,265,267,274,276,281,283,285,286,289,290,294,295,296,300,302,314,315,316,317,321,327,329,332,346,357,358,368,375,381,389,401,415,440,465,490,492
25,52,56,57,58,59,60,62,63,64,65,66,67,68,69,70,71,72,73,74,77,79,80,83,85,88,89,90,91,92,93,94,95,96,98,99,100,101,102,103,104,105,106,108,109,110,111,112,113,114,115,116,117,118,119,120,122,123,125,126,127,129,130,131,133,134,135,136,137,139,140,141,142,144,146,149,152,153,155,159,160,161,163,168,170,171,172,173,175,176,177,180,181,183,184,187,188,189,190,193,195,196,198,202,204,205,209,213,214,217,218,220,222,223,224,228,231,232,233,235,236,237,238,239,241,242,247,248,249,252,256,257,264,267,268,269,270,273,275,276,277,278,280,287,291,292,295,298,300,302,303,306,307,308,310,311,312,313,321,323,326,328,329,330,335,344,345,346,354,363,364,389,470,472,686
26,20,28,44,54,55,56,57,58,59,60,61,62,64,65,66,67,68,69,70,71,74,75,76,77,80,82,83,84,85,86,87,88,89,90,93,96,97,99,100,101,103,104,105,106,108,109,110,111,112,113,114,115,116,121,122,123,124,126,129,134,135,137,138,141,144,145,148,149,150,154,156,158,159,160,161,164,165,166,168,169,170,171,172,173,176,179,183,186,188,190,193,194,195,198,201,202,203,204,206,210,211,213,215,216,217,218,220,224,225,227,230,232,234,235,236,237,238,239,242,246,248,250,253,254,260,263,267,269,272,274,280,281,283,284,285,288,290,291,301,302,303,305,306,309,312,318,320,325,329,333,334,337,339,340,341,343,349,357,360,367,375,377,380,429,436,456,537
27,48,52,54,55,56,57,58,59,60,61,62,63,64,66,68,70,71,72,73,75,76,77,79,80,82,83,84,85,86,87,89,90,92,93,94,95,96,98,99,101,102,103,104,105,106,110,111,112,114,115,116,120,121,122,123,124,125,126,128,129,130,132,133,135,136,139,140,144,148,149,156,163,165,166,167,169,170,171,172,173,176,180,183,184,185,186,188,191,194,201,204,206,208,210,211,212,215,216,217,218,220,221,224,226,227,229,230,231,233,234,236,239,243,245,248,250,251,257,260,261,267,269,272,277,281,282,286,289,290,293,296,298,299,300,301,303,304,306,311,314,315,321,326,327,331,333,334,336,337,340,342,345,347,348,351,356,359,360,362,363,364,365,367,372,373,374,375,377,388,392,398,399,407,422
28,15,51,52,53,57,58,59,61,62,63,64,65,66,67,68,69,70,71,72,73,75,77,78,79,81,83,85,86,87,88,89,91,92,93,96,100,103,104,109,110,111,113,114,115,119,121,122,125,128,129,130,131,132,133,134,135,137,138,140,142,143,144,147,149,150,152,153,155,156,157,160,162,163,165,167,171,172,173,174,177,179,180,189,194,196,198,199,204,205,208,209,211,212,213,214,219,220,223,229,230,232,233,234,237,238,240,242,244,246,247,249,255,259,261,268,273,277,282,283,285,296,308,310,325,334,335,345,353,358,368,378,383,392,402
29,50,55,56,57,58,59,60,61,62,63,64,65,66,67,68,69,70,71,72,73,74,75,76,77,78,80,81,82,83,84,85,86,94,95,96,97,98,99,100,101,102,103,105,106,108,109,110,112,116,118,119,120,122,123,124,126,127,128,130,133,135,143,146,147,148,149,150,151,152,155,156,157,158,160,165,166,171,172,176,178,179,180,181,182,183,184,187,193,197,199,201,202,203,204,205,207,214,215,217,218,220,225,226,227,239,244,247,259,270,283,288,289,291,301,311,322,325,331,334,335,336,339,340,351,352,357,368,370,376,377,387,391,398,416,454,472,479,483,496,499,605,627
30,38,50,54,55,56,57,58,59,60,61,62,63,64,65,66,68,69,70,73,75,76,77,82,84,86,87,89,90,95,96,97,99,103,104,107,110,111,113,114,115,117,118,119,120,121,122,123,125,126,127,128,130,133,137,138,139,142,148,150,152,155,156,158,160,161,166,168,169,172,177,179,182,183,184,205,206,207,211,212,213,215,216,217,218,220,224,227,230,231,232,237,238,242,244,245,247,249,251,260,267,268,270,276,279,291,292,304,306,318,341,351,367,374,385,391,405,452,490,699
31,46,51,52,53,54,55,57,58,59,60,61,62,63,64,65,66,67,68,69,70,71,73,74,75,76,79,80,81,82,83,84,85,86,88,89,90,92,94,96,97,98,99,100,101,105,106,108,111,112,114,116,117,118,119,121,123,129,135,139,144,149,152,153,155,164,165,170,171,174,175,176,177,178,181,183,184,186,187,189,191,194,197,198,199,200,201,202,203,204,205,206,207,208,209,210,211,214,215,216,218,222,223,225,228,230,234,236,238,242,243,245,248,251,253,259,262,263,266,267,270,272,275,280,288,289,320,336,346,348,353,462,477
32,51,52,54,55,56,58,59,60,61,62,66,67,68,70,71,72,73,74,75,76,77,78,79,81,83,84,85,86,89,90,91,92,93,94,96,97,98,100,103,106,109,111,114,115,117,118,119,120,122,124,125,128,131,132,133,134,138,139,143,145,151,154,155,161,165,167,169,171,173,174,175,176,177,178,179,181,185,189,190,191,192,194,195,197,199,200,201,202,204,205,206,210,211,212,213,214,215,216,217,220,222,223,225,226,228,229,230,232,233,235,237,238,245,250,253,257,259,265,266,270,273,280,311,337,412,513
33,47,50,51,54,55,56,57,58,59,60,61,62,64,65,66,67,68,69,70,71,72,73,74,75,76,77,78,79,81,86,87,89,94,95,98,99,100,101,102,103,107,109,110,113,115,117,121,123,125,126,129,133,135,136,146,147,148,151,154,155,157,158,160,161,162,164,165,166,168,169,170,173,174,175,179,180,181,182,184,185,186,187,191,192,193,194,197,198,199,202,208,209,210,211,212,214,215,223,224,226,228,230,233,239,242,246,257,258,262,273,306,313,319,333,375,377,386,425,466,504,550
34,45,51,54,56,58,59,60,61,62,63,64,65,66,67,68,69,70,73,74,75,77,79,80,84,85,86,87,88,89,90,91,92,93,96,98,99,102,105,107,109,111,114,115,116,117,118,119,121,122,123,125,127,130,131,132,134,135,138,139,144,149,150,154,155,156,159,160,161,163,164,165,169,173,174,178,179,181,182,186,187,189,191,192,195,196,209,210,212,213,216,218,220,223,225,226,227,229,230,231,232,233,234,235,238,245,247,250,251,252,254,255,261,262,264,265,266,284,300,301,322,323,333,349,386,526,589,594
35,51,53,55,58,59,60,61,62,64,65,66,67,71,72,73,74,76,77,78,79,81,82,83,84,85,86,87,88,89,90,91,92,93,95,96,100,102,103,104,105,106,110,112,113,114,118,119,124,125,127,129,132,133,140,141,152,155,156,164,169,174,175,178,179,180,181,182,183,184,185,186,188,189,191,192,193,195,196,200,204,205,206,208,210,211,213,214,215,217,218,220,221,223,224,225,227,228,229,230,231,232,237,238,239,242,249,251,257,258,260,263,264,271,276,278,282,289,291,292,294,305,321,404,555
36,44,45,49,50,54,55,56,57,58,59,62,63,64,65,66,68,69,70,71,73,74,75,76,77,78,79,80,83,84,86,87,88,89,90,91,92,93,95,96,97,98,99,101,102,104,105,106,107,109,116,117,119,120,121,123,124,129,130,134,135,137,139,140,141,145,148,149,150,153,154,155,156,157,158,159,160,163,164,166,168,169,170,174,175,176,178,180,181,183,185,190,191,193,195,197,198,199,200,201,202,205,206,208,209,210,211,212,213,214,215,216,217,218,219,220,221,222,223,224,226,227,228,229,231,232,233,234,236,237,240,242,244,246,252,262,269,274,283,288,292,309,311,340,341,346,411,465,553,625
37,26,50,51,53,54,55,57,58,59,60,61,62,63,64,65,66,68,69,70,71,72,73,74,75,77,82,84,93,94,95,98,100,102,103,104,106,107,108,109,110,111,113,114,116,117,119,120,121,123,124,128,129,130,131,132,133,135,137,138,139,140,143,145,154,155,157,159,160,161,162,164,167,172,173,175,176,178,180,181,182,189,191,192,193,194,195,196,198,199,203,205,206,207,210,212,213,214,216,224,225,227,233,234,235,238,241,243,248,253,254,257,258,265,266,267,271,281,291,295,300,303,305,309,310,312,317,319,337,344,438,685
38,48,49,51,53,54,55,56,57,59,60,61,62,63,64,65,67,68,69,70,71,73,74,75,76,77,80,81,82,84,85,86,87,89,91,92,93,94,97,99,102,103,104,105,106,107,110,111,112,113,115,116,117,120,121,126,128,131,132,137,141,142,145,146,147,148,149,150,152,158,159,160,161,163,165,168,169,171,174,176,186,195,199,200,202,203,205,206,207,209,210,211,212,213,214,215,218,219,224,229,230,234,236,239,240,241,250,257,260,268,272,278,284,285,290,298,307,355,638,658
39,41,46,48,49,51,52,53,57,58,59,61,63,64,65,66,67,68,70,71,72,73,74,75,77,78,80,81,82,83,85,86,87,88,89,90,92,94,95,96,98,99,100,101,103,104,105,106,107,108,109,111,112,113,114,115,121,122,123,125,126,127,128,131,137,138,141,142,144,145,146,148,150,151,152,153,158,159,160,161,162,163,164,165,166,167,168,169,170,172,173,174,176,177,179,180,181,182,183,184,187,188,189,190,193,197,202,206,209,211,212,214,216,219,221,222,227,232,235,236,238,239,242,247,248,251,252,254,257,258,279,371,380,542,605,621,699
40,24,44,49,55,56,59,60,61,62,65,67,69,70,71,72,73,74,75,76,77,78,79,80,82,84,86,87,88,93,94,95,96,98,99,100,102,104,105,107,108,110,111,114,115,116,117,118,119,121,122,123,124,126,127,129,130,132,133,135,136,145,146,147,148,149,150,151,152,153,154,155,160,161,164,165,166,168,169,171,173,176,177,178,180,184,185,188,189,190,191,194,195,196,197,199,203,205,208,212,213,214,215,217,218,221,223,231,235,249,252,267,272,297,302,308,310,411,426
41,45,54,55,56,57,61,62,63,64,65,66,67,68,70,73,77,79,80,89,90,91,92,93,94,95,96,97,98,99,102,103,104,105,106,107,109,110,111,112,113,116,117,121,122,123,125,127,128,129,131,133,134,137,138,140,143,146,150,152,155,156,164,165,168,170,173,176,178,180,181,185,186,197,198,199,200,210,213,214,215,216,224,226,227,231,232,236,239,240,241,244,246,247,254,259,260,262,268,272,274,285,291,297,300,352,372,390,514,653,684
42,31,47,51,54,58,59,60,61,62,63,65,66,67,69,70,71,73,74,75,76,77,78,79,81,82,83,84,85,86,87,88,89,92,93,95,96,97,98,99,100,101,103,104,105,109,110,111,112,113,115,116,117,121,124,126,127,129,131,134,142,144,145,146,149,155,169,171,172,173,179,181,182,186,187,188,191,203,206,211,212,218,224,227,230,237,240,242,245,250,257,272,275,284,291,294,295,297,307,310,311,312,314,455,483,539,546,601
43,40,44,57,58,60,61,63,64,65,67,68,70,71,75,76,77,78,79,81,82,84,85,86,87,88,89,90,91,92,94,97,101,102,103,104,106,107,110,114,115,117,121,124,126,127,128,133,141,143,145,147,149,150,151,153,156,157,159,160,161,162,164,165,166,167,170,179,180,182,185,188,192,195,197,198,204,209,211,212,214,218,219,267,269,294,295,297,327,354,366,685
44,51,55,57,61,63,65,66,67,68,69,70,71,72,74,75,77,80,81,82,83,84,85,87,88,89,91,92,95,96,97,103,104,105,106,110,111,113,114,116,118,119,120,123,124,125,126,127,128,130,131,133,137,138,141,145,146,148,149,153,155,157,160,162,163,164,167,172,173,174,179,180,185,188,191,200,208,212,223,224,269,318,368,381,477,481,535
45,46,53,55,58,66,67,68,70,71,72,73,74,75,76,77,80,81,82,83,84,85,86,88,89,90,91,92,93,94,95,97,99,100,101,102,103,105,106,107,108,110,111,112,115,116,117,118,119,120,121,122,123,125,126,128,138,141,143,149,151,152,157,158,159,161,165,168,171,172,174,177,178,182,183,185,190,191,193,200,209,210,212,220,222,223,226,227,232,240,247,256,269,271,274,333,351,405,616
46,44,50,56,61,62,63,64,65,66,67,69,70,71,72,73,74,75,76,78,79,80,81,82,83,86,87,88,89,90,91,92,93,94,95,96,97,99,100,101,102,103,104,105,106,107,109,112,113,115,116,117,118,119,120,121,122,123,124,126,127,128,131,132,134,136,144,148,151,152,155,160,164,167,168,169,170,171,173,174,175,176,177,179,185,186,187,190,194,195,204,206,207,209,212,214,217,220,223,224,226,231,235,240,242,248,251,262,289,321,346,414,488,512,581
47,59,62,63,65,67,69,70,71,72,73,74,75,77,78,79,80,81,82,83,84,85,86,88,89,90,91,92,93,94,95,96,97,98,99,101,102,103,104,105,107,108,109,110,112,113,116,117,118,121,122,127,128,130,131,134,135,139,142,143,147,153,154,157,158,159,160,162,163,165,167,168,169,173,174,175,176,177,179,187,189,194,199,204,208,213,216,219,222,227,228,233,235,240,242,246,252,259,266,279,280,291,296,617
48,18,41,47,48,53,57,62,63,65,66,67,68,70,74,75,76,77,78,79,80,81,83,85,86,87,88,89,90,91,92,93,94,95,96,97,99,101,102,103,104,105,106,107,108,109,110,113,114,115,117,119,120,121,122,126,127,129,130,132,135,136,137,138,139,142,144,149,150,151,152,157,161,163,165,166,167,172,175,176,177,178,179,185,186,188,193,196,199,206,209,210,211,212,215,216,222,225,234,247,251,260,269,276,283,296,314,318,344,479,673,695
49,50,52,54,56,60,62,67,68,69,71,73,76,78,80,83,84,86,87,88,89,90,96,98,103,104,105,106,109,110,111,112,113,114,115,118,119,120,121,123,124,126,127,128,131,132,133,134,136,137,138,143,144,145,147,148,150,152,155,157,162,163,167,169,170,171,173,176,184,186,189,193,195,196,197,243,248,259,265,280,287,304,363,387,407,459,626
50,32,67,73,77,83,84,88,90,99,107,108,109,110,112,113,114,115,117,126,127,128,129,130,132,133,137,138,146,165,170,171,174,179,183,250,255,293,318
51,84,141,155,230,269,368,428,565
52,169,261,383,508,521,626
53,426,566
54,78,204,479,521,537,546,631,684,699
55,454,514,682
56,487
57,279,390,470,620
58,
59,
60,
61,
62,
63,
64,
65,
66,
67,
68,
69,
70,
71,
72,
73,
74,
75,
76,
77,
78,
79,
80,
81,
82,
83,
84,
85,
86,
87,
88,
89,
90,
91,
92,
93,
94,
95,
96,
97,
98,
