12
0,428
1,171,250,451,481,505
2,393
3,36,78,106,126,137,157,192,282,365,541,588
4,78,215,237,342,598,652
5,124,137,143,217,401,649,695
6,85,99,170,171,259,342,392,413,453,584,602
7,69,567,608
8,1,8,129,374,455,567,570,571,572,576,577,578,579,583,584,585,586,589,600,601,602,609,611,614,619,621,644,692
9,10,86,149,151,569,571,588,597,622,627,664,679
10,109,134,503,542,567,572,574,577,578,582,586,589,590,592,593,595,597,599,600,601,606,610,611,613,614,615,617,618,619,620,623,624,625,626,630,634,637,649,650,652,658,661,663,672,675,681
11,99,402,566,573,580,587,594,597,614,615,631,633,653,662,683,687,696
12,65,99,163,284,421,447,541,549,550,551,553,554,557,559,561,562,563,568,570,573,574,575,578,581,582,584,585,587,588,589,594,597,598,608,635,643,653
13,83,114,201,266,382,548,551,554,561,569,573,577,583,587,590,591,593,596,597,606,607,609,612,613,614,621,623,628,637,656
14,285,377,452,543,547,548,549,553,554,556,557,559,560,561,566,567,569,570,572,575,576,579,581,582,584,585,589,590,593,594,595,598,599,600,611,621,625,627,629,630,632,637,646,648,656,662,664,668
15,297,408,531,546,571,630,631
16,20,28,236,289,545,548,570,574,584,591,596
17,41,64,109,208,274,373,395,402,420,494,538,544,575,586
18,43,63,104,349,491,495,517
19,189,204,513,543,562,629
20,14,68,91,95,100,324,465
21,74,75,86,87,88,89,91,93,94,95,96,99,103,108,161,175,417
22,55,67,69,74,76,77,79,80,81,82,83,84,85,87,88,89,90,91,92,93,94,95,96,97,98,99,101,102,103,104,105,106,107,108,109,110,111,112,113,115,116,117,122,124,125,126,128,129,134,138,139,142,143,168,171,176,184,205,301,382,517
23,71,77,78,79,80,81,82,83,84,85,86,87,88,89,90,91,92,93,94,95,96,97,98,99,100,101,102,103,104,105,106,107,108,109,110,111,112,113,114,115,116,117,118,119,121,122,123,124,125,126,127,128,129,130,131,132,133,134,136,137,138,139,140,141,142,143,144,145,146,147,148,149,150,151,152,153,154,155,156,157,158,159,160,161,162,163,165,166,167,168,169,170,171,172,173,174,175,176,177,178,179,180,181,182,183,184,185,186,187,188,189,190,191,192,193,194,195,196,197,198,199,200,201,202,203,204,205,206,207,208,209,210,211,212,213,214,215,216,217,218,219,220,221,222,223,224,225,226,227,228,229,230,231,232,233,234,235,236,237,238,239,240,241,242,244,247,249,250,253,254,257,258,259,260,262,263,264,266,267,271,272,273,275,281,290,298,692
24,57,76,77,79,80,82,83,85,86,87,88,89,90,91,92,93,94,95,96,97,98,99,100,101,102,103,104,105,106,107,108,109,110,111,112,113,114,115,116,117,118,119,120,121,122,123,124,126,127,128,129,130,131,132,133,134,135,136,137,138,139,140,141,142,143,144,145,146,147,148,150,151,153,154,157,158,159,160,161,162,163,164,165,166,168,169,170,171,172,173,174,175,176,177,178,179,180,181,182,183,184,185,186,187,188,189,190,191,192,193,194,195,196,197,198,199,200,201,202,203,204,205,206,207,208,209,210,211,212,213,214,215,216,217,218,219,220,221,222,223,224,225,226,227,228,229,230,231,232,233,234,235,236,237,238,239,240,241,242,243,244,245,246,247,249,250,251,252,253,254,255,256,257,258,259,260,261,262,264,265,266,267,268,269,270,271,272,273,274,275,276,277,278,279,280,281,283,284,285,286,287,288,290,291,292,293,294,296,297,298,299,300,301,302,303,304,305,306,307,309,310,311,312,313,314,315,319,323,325,326,329,331,332,333,334,335,336,337,339,340,342,348,351,354,358,360,361,362,364,367,370,372,376,408,439,691,697
25,76,77,78,79,80,81,82,83,84,85,86,87,88,89,90,91,92,93,94,95,96,97,99,100,101,103,104,105,106,107,109,110,111,113,114,115,116,118,119,120,121,122,125,126,127,128,129,130,131,132,133,134,135,137,138,139,140,142,143,144,145,146,147,149,150,151,152,153,155,156,157,161,162,164,167,170,171,172,173,174,175,176,177,178,179,181,182,184,185,186,187,188,189,190,191,192,193,194,196,197,198,199,200,201,202,203,204,205,206,208,209,210,211,212,213,214,215,216,217,218,219,220,221,223,225,227,228,229,230,231,233,234,235,236,237,238,239,240,241,242,243,244,245,246,247,248,249,250,251,252,253,254,255,256,257,258,259,260,261,262,263,264,265,266,267,268,269,270,271,273,274,275,276,277,279,280,281,283,284,285,287,288,289,290,291,292,293,294,295,296,297,298,299,300,301,302,303,304,305,306,307,308,310,311,312,314,316,317,318,319,321,323,324,326,327,328,330,332,333,334,335,338,341,344,346,347,348,350,353,358,359,362,365,366,367,368,375,376,379,385,414,419,450,522,546
26,74,75,76,77,78,79,80,82,83,84,85,86,88,89,90,91,92,93,94,95,96,97,98,99,100,101,102,103,104,105,106,107,108,109,110,111,112,113,114,115,116,117,119,120,122,123,125,126,127,128,129,130,131,132,135,136,138,139,140,141,145,147,149,152,154,155,156,157,159,161,162,164,165,166,167,169,170,171,172,174,175,176,178,180,182,183,184,185,186,188,189,190,192,193,196,197,199,200,202,203,206,209,213,214,218,222,223,224,226,227,228,229,230,231,232,234,235,236,237,238,239,240,241,242,243,244,245,246,247,248,249,250,251,252,253,254,255,256,257,258,260,261,265,266,267,268,269,270,271,272,273,274,275,276,277,278,279,280,281,282,283,284,285,286,287,288,289,290,291,292,293,294,295,297,298,299,301,302,303,304,305,306,307,308,311,312,313,314,316,317,318,320,322,323,324,325,326,327,328,329,330,331,332,333,334,337,338,339,340,341,342,343,344,345,346,348,349,350,351,352,353,355,356,358,359,360,362,365,366,367,368,370,371,374,375,376,378,381,383,384,385,386,388,389,394,395,396,411,417,419,423,426,438,446,447,463,482,504,570,632
27,71,72,73,74,76,77,78,80,81,82,83,84,85,87,88,90,92,93,94,95,96,97,99,100,101,102,103,104,106,107,108,111,112,113,114,115,116,117,118,120,121,124,126,127,128,130,131,133,135,138,140,141,142,144,145,148,149,150,151,153,155,157,160,161,163,164,166,167,169,170,171,172,174,175,178,180,183,184,185,187,188,190,194,195,196,197,199,200,201,202,203,204,207,208,211,214,219,225,228,229,230,231,232,233,234,236,237,238,239,240,242,244,245,246,249,250,251,255,256,260,262,264,265,266,269,270,271,272,274,275,276,278,279,280,281,283,284,286,287,288,289,291,292,294,295,296,297,300,301,302,303,304,305,306,308,311,312,313,317,318,320,322,323,324,326,327,329,330,332,333,335,336,338,340,342,343,345,348,350,351,353,354,355,358,359,360,362,364,366,367,368,375,381,383,390,395,396,397,405,408,410,415,417,427,464,487,495,639,691
28,69,70,72,73,74,75,76,77,80,81,82,83,84,85,86,87,88,89,90,91,92,93,94,95,96,97,98,99,100,101,102,103,105,106,107,108,109,110,111,113,114,116,118,119,120,121,122,123,124,126,127,128,129,134,135,137,138,140,143,146,148,151,153,155,157,158,159,160,162,163,164,170,171,176,177,178,179,180,181,182,186,188,194,195,196,201,204,206,207,208,210,212,216,219,221,222,230,234,235,239,242,244,245,250,253,257,262,263,266,267,269,270,271,272,273,274,275,276,277,278,280,282,284,287,288,289,290,292,293,295,296,297,298,299,300,301,304,305,307,308,309,310,314,315,316,317,318,320,321,322,323,324,326,329,331,335,336,338,339,341,342,343,345,346,347,348,349,350,351,353,355,356,357,361,369,371,372,379,380,381,385,386,387,389,391,392,394,395,397,398,399,408,411,416,433,435,437,441,450,452,453,467,642
29,47,68,70,73,77,78,79,80,82,84,85,86,88,89,90,91,93,95,96,97,98,100,101,103,104,105,107,109,110,111,113,114,117,118,119,121,122,126,127,128,129,130,131,132,135,138,142,143,144,145,149,152,154,157,158,160,161,164,165,170,172,175,177,180,181,182,183,184,185,186,187,195,196,197,199,202,203,205,206,207,210,217,218,219,221,228,229,231,232,234,235,237,238,239,249,250,259,261,262,263,264,266,268,269,273,276,280,281,282,283,286,288,289,295,296,297,300,302,303,304,305,306,307,308,309,311,314,317,319,320,321,322,323,324,327,329,330,333,334,335,338,339,341,342,343,347,349,350,351,352,353,354,355,356,357,358,360,362,363,364,365,366,367,368,369,370,371,373,374,375,376,377,378,380,381,383,384,385,386,392,393,394,395,396,399,401,403,404,407,413,414,415,416,419,420,427,438,439,440,442,449,453,496,512,517,537
30,75,76,77,79,80,81,82,83,84,85,86,87,88,90,91,92,93,94,96,97,99,101,102,104,105,106,107,108,109,112,113,114,117,118,119,120,121,122,123,125,126,127,128,131,132,133,134,135,137,139,140,144,146,149,151,155,156,158,159,168,170,172,175,176,177,178,180,181,183,185,186,188,190,191,192,193,195,200,215,216,218,232,236,237,239,245,246,252,254,255,256,260,264,265,270,272,276,279,280,282,283,285,286,287,291,292,293,295,297,298,299,301,303,304,305,308,309,311,314,317,318,319,321,322,325,326,327,328,333,334,335,336,337,338,339,341,343,344,346,347,348,351,355,358,359,360,362,363,364,366,368,370,373,374,378,379,385,387,388,389,390,394,396,397,408,415,416,417,419,420,424,427,431,433,437,439,444,446,459,684
31,1,14,68,70,71,74,75,76,77,78,79,80,81,83,85,86,88,89,90,91,92,93,94,95,96,97,99,100,101,102,103,104,105,106,108,109,110,112,113,117,118,119,120,121,122,123,124,130,133,135,136,137,139,140,141,143,144,145,146,147,155,156,157,160,161,165,166,169,175,177,179,180,182,183,190,192,193,195,196,205,209,213,217,221,222,226,228,230,231,232,234,235,236,237,241,242,243,245,249,250,251,256,257,258,259,262,266,268,272,273,275,276,283,284,285,286,288,289,290,295,296,297,298,301,302,304,305,309,310,311,313,314,315,316,318,319,320,321,322,325,328,329,331,332,334,337,338,339,340,341,343,344,347,349,351,352,354,355,356,357,359,363,364,366,368,370,374,375,381,385,386,387,388,392,394,395,397,399,400,401,405,410,411,412,417,421,426,430,431,434,438,440,446,456,475,511,519,582,683
32,65,68,69,71,72,73,74,75,76,77,78,80,81,82,83,84,85,87,88,89,90,92,94,95,96,98,99,100,101,104,105,106,107,108,110,113,115,116,117,118,119,121,124,125,127,130,132,134,135,137,140,141,142,146,147,152,153,154,155,156,157,158,159,160,161,164,166,168,170,173,175,178,180,181,183,185,186,187,189,191,192,193,197,199,200,204,209,213,215,221,228,229,233,235,240,242,244,254,256,259,260,273,277,280,281,283,284,286,287,289,290,292,296,300,301,305,308,309,311,320,321,322,329,330,332,334,336,337,338,340,342,345,346,347,348,351,353,354,355,357,359,360,361,364,365,366,373,378,380,381,384,385,389,390,394,396,399,400,402,403,405,410,414,423,425,429,431,436,442,446,450,453,460,502,570
33,28,56,66,67,68,70,71,72,73,75,76,77,78,79,80,81,82,83,84,86,87,89,90,91,93,94,96,98,99,100,101,102,103,104,105,106,107,108,109,110,111,113,114,116,117,118,119,121,123,125,126,127,128,130,131,132,135,136,137,138,139,140,141,144,145,148,150,153,154,155,156,157,165,168,170,172,173,174,178,185,188,190,191,193,195,200,201,204,206,207,209,210,213,214,215,216,217,218,228,234,241,247,248,249,254,256,261,262,263,265,269,270,271,272,273,274,275,276,277,278,282,284,286,288,290,291,292,294,295,296,298,300,301,302,303,304,305,306,307,309,313,314,316,317,320,323,324,325,326,327,329,330,332,334,335,337,339,341,343,348,349,352,353,356,359,360,361,362,364,365,366,368,372,375,378,379,380,381,382,385,387,396,397,399,403,404,405,412,413,418,422,426,428,430,433,441,448,449,450,451,456,479,490,493
34,25,66,67,69,70,72,73,74,75,76,77,78,79,80,81,82,83,84,85,86,87,88,89,90,91,92,93,94,95,96,97,98,99,100,101,102,103,106,108,111,112,113,116,117,118,119,121,122,124,126,127,128,130,132,133,134,135,136,139,140,141,142,146,147,148,149,152,155,157,159,164,165,167,169,170,171,172,179,180,182,187,188,192,193,196,201,203,204,205,206,208,212,223,226,234,235,236,238,241,243,245,246,251,253,254,262,263,264,265,267,274,277,279,280,282,285,287,288,290,291,295,297,300,301,305,308,309,310,312,314,315,316,317,318,319,320,321,324,325,326,327,328,329,330,331,332,333,334,335,336,340,343,344,346,350,354,357,358,361,362,363,365,366,367,368,369,371,372,375,377,378,379,383,386,387,389,391,392,393,394,396,397,398,402,404,406,407,410,415,418,419,423,424,427,431,436,445,449,450,452,464,495,544
35,53,73,74,75,76,77,78,79,80,81,84,86,87,89,90,92,93,94,95,96,98,101,102,103,104,105,106,108,109,110,112,113,114,115,117,120,124,128,129,132,133,134,135,138,140,143,145,147,148,149,150,152,153,157,158,162,165,166,167,168,170,171,173,174,180,190,192,193,199,202,204,205,211,213,214,216,219,220,222,225,228,232,233,237,239,245,246,261,274,277,279,287,289,290,304,305,306,310,313,317,319,323,325,326,327,330,331,332,333,342,343,345,346,348,349,350,354,356,359,361,363,364,365,368,376,378,382,384,387,389,392,393,396,398,405,408,411,418,419,420,421,427,429,433,445,449,458,460,468,563
36,63,65,66,68,70,71,72,73,74,75,76,77,78,79,80,81,82,83,84,85,87,88,92,93,94,95,96,97,99,100,101,102,103,104,105,106,107,108,109,110,111,112,113,114,116,119,121,122,123,125,126,127,128,129,131,132,135,136,137,138,139,141,144,145,146,147,151,154,156,159,160,165,166,167,169,170,172,173,174,180,183,185,187,188,191,195,197,198,204,207,213,217,218,230,237,239,241,244,245,250,251,254,258,265,268,269,272,276,277,278,280,282,283,288,289,290,292,294,296,297,298,299,303,304,308,309,310,312,314,317,319,321,322,331,339,340,341,342,344,346,350,351,352,353,357,358,362,364,367,372,376,378,379,382,395,398,401,404,406,418,420,421,423,429,431,434,443,451,496,541,638
37,67,68,69,70,72,73,74,76,77,78,79,82,83,85,86,87,89,90,91,92,93,94,95,96,97,98,100,101,102,103,105,106,110,111,112,114,115,116,118,119,120,123,124,126,127,131,133,134,139,141,142,146,147,148,152,155,157,158,159,160,162,166,167,169,170,172,173,174,179,180,181,182,183,185,186,194,198,201,204,205,207,210,211,216,218,219,222,231,233,237,241,243,245,246,247,253,255,259,262,264,265,269,278,279,280,281,284,286,288,298,302,303,306,308,310,311,317,319,320,323,325,330,331,332,339,340,342,347,348,349,350,353,359,360,361,369,370,371,373,374,380,381,390,391,393,394,396,401,409,411,412,414,415,416,419,424,427,433,456,462,468,479,519
38,65,69,70,71,72,73,74,75,76,77,78,80,83,84,85,87,88,90,91,92,93,94,95,96,97,98,99,100,105,106,109,110,112,113,114,115,116,119,121,122,123,126,128,129,130,131,132,134,140,145,147,149,157,160,164,165,171,172,173,176,177,183,184,188,189,191,192,196,201,202,203,204,205,207,223,226,229,230,231,232,236,238,239,248,252,257,269,270,272,274,282,284,285,286,288,290,291,292,294,296,297,298,299,305,307,308,310,313,317,322,324,325,326,327,329,333,344,352,354,355,356,368,369,370,372,373,379,380,383,385,387,388,395,396,411,412,414,417,419,422,426,429,433,435,449,463,478,493,500,510,538,599,638
39,65,66,67,68,69,70,71,72,73,74,75,76,77,79,80,81,82,83,84,86,89,91,92,93,94,95,96,99,102,103,107,108,109,110,111,114,115,116,117,119,120,122,123,124,125,126,127,130,131,132,133,135,136,138,140,143,144,145,147,148,150,151,154,156,157,162,164,168,169,172,175,176,178,180,181,183,184,185,186,187,188,192,194,197,199,200,205,206,208,212,214,227,231,236,237,239,241,244,255,257,259,265,266,267,271,275,279,283,287,290,292,294,296,302,307,311,313,314,316,317,324,328,329,332,333,336,339,341,343,344,349,350,359,360,363,365,366,370,374,380,381,382,388,390,396,404,407,409,420,426,431,434,441,442,450,458,461,469,499,522,626
40,2,47,62,63,65,66,67,68,69,70,73,74,76,78,79,80,81,82,83,85,86,88,89,90,92,98,100,101,102,103,104,106,107,108,109,110,111,112,113,114,118,121,122,123,124,126,130,131,133,136,138,139,141,142,145,146,147,154,156,157,158,162,163,169,171,172,175,180,181,185,186,189,193,195,196,198,199,202,203,206,208,209,211,214,216,218,221,227,234,238,239,240,254,255,259,261,262,265,266,268,270,273,278,284,285,286,287,292,298,303,305,312,314,315,316,318,319,320,322,323,324,326,330,339,340,347,348,349,360,363,364,365,367,371,372,373,376,380,382,384,385,390,394,398,408,426,428,429,433,439,451,486,550,670
41,65,66,67,68,69,70,71,73,74,75,77,78,79,80,81,82,83,85,87,88,90,91,93,94,98,99,101,102,103,105,106,107,108,109,110,112,114,115,116,117,118,119,120,121,131,132,134,138,143,144,145,148,150,151,152,156,158,161,166,167,171,172,174,176,184,191,194,200,204,205,206,220,221,222,231,236,237,242,245,257,259,263,267,273,274,277,278,279,280,281,283,284,285,286,290,295,299,304,307,311,314,326,333,336,341,355,357,358,361,364,370,378,379,382,396,408,418,419,422,424,425,429,432,437,454,470,482,485,500,536,592,666
42,59,63,64,65,66,68,70,71,72,73,74,76,77,78,79,80,82,83,84,86,88,89,90,91,93,94,95,96,97,98,100,101,102,106,109,111,113,114,116,117,118,120,122,124,127,129,130,132,139,141,143,144,145,146,147,151,152,154,155,156,157,160,162,163,164,166,169,170,172,177,179,181,182,184,190,192,193,196,197,199,201,202,204,212,214,223,230,231,235,240,246,249,251,255,258,263,264,266,267,273,276,277,281,282,288,289,290,292,294,296,297,301,302,309,311,315,316,317,319,321,322,323,328,331,333,335,336,339,340,346,347,350,351,367,369,372,373,376,377,382,387,389,391,395,399,404,409,416,419,430,433,457,604,611
43,30,58,60,64,65,66,68,69,70,71,72,73,75,76,77,78,79,80,81,82,83,84,85,86,88,89,90,91,92,93,94,95,96,97,99,102,104,106,107,108,111,113,114,119,122,123,124,125,126,127,128,129,132,134,135,136,140,141,142,146,147,152,153,155,157,159,160,161,163,164,168,172,177,179,186,188,190,192,193,195,198,200,203,205,206,210,222,224,226,229,232,233,246,249,250,259,260,261,262,263,270,271,277,281,286,289,291,292,298,306,316,326,330,331,333,336,338,340,345,360,370,372,389,397,399,408,409,420,437,440,445,448,458,467,485,505,545
44,46,60,62,63,65,66,67,69,70,71,72,73,74,75,77,78,79,80,82,84,85,86,87,88,89,90,91,92,93,95,98,99,104,112,113,115,118,120,121,122,123,125,126,129,135,138,140,142,143,146,154,156,157,159,161,165,167,168,173,174,175,181,183,185,188,190,193,195,196,197,200,209,210,217,221,224,227,230,232,234,235,237,238,245,249,253,254,255,260,261,265,268,273,275,276,278,280,282,284,286,289,290,296,297,306,311,312,321,322,327,350,351,354,361,366,372,373,377,383,388,390,393,416,436,460,475
45,7,58,59,60,61,62,63,64,65,67,68,69,70,71,72,73,74,75,76,77,78,81,82,84,85,86,87,88,89,90,92,95,96,98,99,100,101,102,103,106,107,109,111,112,113,114,116,117,118,119,120,123,126,128,129,130,131,133,134,136,137,139,142,143,144,146,147,150,151,152,154,155,156,159,163,164,165,166,172,174,175,179,183,185,186,191,192,195,196,200,203,204,205,207,213,214,217,218,219,222,223,227,228,229,231,232,235,238,242,244,246,247,248,250,254,256,257,260,262,264,266,268,272,275,286,288,290,291,292,295,307,309,316,330,332,336,342,358,363,373,382,383,387,402,408,440,448,453,509,513,570
46,57,63,64,65,66,69,70,71,72,73,74,75,77,80,81,82,83,84,87,89,90,91,92,95,97,98,99,100,102,104,105,107,108,110,111,112,114,116,117,121,122,123,124,125,128,129,131,132,136,137,140,141,143,144,148,149,150,151,153,154,157,160,161,162,163,164,165,166,169,176,177,179,182,183,186,188,189,194,195,200,202,218,221,222,225,226,227,228,229,231,235,237,243,246,247,248,249,252,254,263,264,270,273,274,278,279,280,283,284,285,286,287,288,294,298,302,308,309,314,317,321,329,330,340,343,344,374,388,414,422,424,447,448,451
47,58,59,61,62,63,64,66,67,68,69,70,71,72,73,74,76,77,78,79,80,82,85,87,88,89,90,92,93,94,95,97,98,99,100,102,103,104,105,108,109,110,111,113,114,115,116,122,126,128,129,131,136,137,143,145,149,152,153,154,159,161,162,164,165,168,171,172,176,177,189,191,194,198,203,206,207,209,210,212,215,216,217,218,219,223,226,227,228,229,242,244,245,246,247,251,253,255,259,260,262,267,269,271,273,275,278,279,282,289,290,292,293,295,302,305,307,319,323,331,343,357,390,407,430,436,439,470,492,631
48,32,56,62,63,65,66,67,68,69,70,71,72,74,75,76,78,79,80,81,82,83,84,86,87,88,90,93,95,96,97,98,100,101,102,103,104,105,106,108,111,112,113,114,115,118,120,121,123,124,127,130,131,132,133,135,136,137,138,139,144,149,150,156,157,158,160,164,165,166,170,171,173,177,181,182,184,186,187,188,189,193,196,201,202,203,204,207,210,217,218,220,221,222,226,227,229,230,232,239,241,242,244,247,248,249,255,259,264,285,303,306,312,329,330,337,344,354,383,412,427,433,505
49,56,58,61,63,64,65,67,69,70,71,72,73,74,76,77,78,79,81,82,83,84,86,87,88,89,90,92,93,94,95,96,98,99,101,102,103,105,106,108,109,110,112,113,114,115,117,118,120,121,122,124,127,128,131,132,134,135,139,145,146,148,149,157,161,162,165,170,175,176,177,178,180,181,183,184,186,187,188,190,191,192,195,197,200,203,208,209,217,224,225,226,227,228,229,230,233,234,235,236,237,238,243,247,249,251,252,255,262,263,265,266,268,275,277,285,291,294,298,300,319,321,355,356,374,381,392,558,625
50,53,56,61,62,63,66,67,68,69,71,73,74,77,78,79,81,82,86,88,90,91,94,95,97,100,101,102,105,107,112,116,121,122,124,125,127,129,132,133,134,135,141,142,150,154,156,158,159,160,163,164,165,166,167,168,170,178,179,180,181,182,184,187,188,189,195,201,202,203,208,209,210,212,214,216,219,221,222,223,225,227,228,231,232,234,235,236,237,238,240,242,247,248,249,250,251,252,253,255,256,260,264,265,273,282,299,489,613,639,645,662
51,56,60,61,62,63,65,67,68,69,71,73,74,76,77,81,83,85,86,87,93,97,100,101,105,113,115,116,120,121,122,123,125,126,129,131,132,133,137,138,141,145,146,150,152,156,158,159,160,162,163,165,166,167,168,170,172,174,177,179,181,186,187,189,190,191,192,193,194,195,196,203,204,206,207,209,210,213,214,215,217,219,221,222,223,224,226,228,231,232,233,234,237,238,239,240,243,246,248,250,255,260,268,272,274,293,298,344,391,400,500
52,56,58,59,60,62,63,65,67,69,70,73,74,75,77,80,81,82,84,85,88,90,91,92,95,96,97,98,100,104,109,111,113,114,115,117,118,119,120,122,125,126,127,128,129,134,136,138,140,146,154,155,156,161,162,165,167,171,172,174,176,178,179,181,183,185,186,195,197,198,202,203,206,207,209,214,222,226,237,238,241,242,243,249,252,253,255,257,258,259,261,264,268,274,278,280,289,301,307,309,312,330,338,347,359,368,475,540,636
53,57,58,59,60,61,62,63,64,65,66,67,68,70,71,72,78,79,84,85,86,87,90,92,95,96,97,98,101,102,103,106,108,109,111,114,117,119,120,121,122,128,129,130,131,132,133,138,139,141,149,151,153,154,155,159,160,162,164,165,166,169,170,175,177,179,180,181,184,188,189,198,202,203,204,205,206,210,211,213,214,216,219,220,221,224,226,228,229,231,232,233,235,236,238,239,243,246,247,248,249,250,252,254,261,266,269,271,278,281,282,285,287,291,303,305,307,312,314,318,322,328,355,380,388,394,429,514,680
54,53,56,58,59,66,67,69,70,71,72,73,74,75,76,77,78,79,81,82,84,85,86,87,89,90,92,94,95,97,98,103,104,105,106,107,109,110,111,114,116,118,122,124,127,133,142,143,144,145,148,149,151,155,161,162,164,168,174,180,181,183,187,188,189,193,194,201,202,206,207,208,209,211,214,216,217,218,219,221,223,224,225,226,227,228,229,231,232,234,235,236,238,239,240,241,243,249,252,253,254,256,260,263,264,270,271,273,293,303,304,308,309,320,329,342,345,358,359,459,487,492
55,56,57,61,62,63,64,65,66,67,68,70,71,72,73,74,75,76,77,78,79,81,82,84,85,86,88,90,91,92,94,96,97,99,100,103,113,114,120,126,127,129,132,133,134,141,146,147,149,154,155,157,158,162,164,169,171,172,174,180,183,184,186,192,193,194,195,197,204,207,208,212,213,217,220,222,224,226,227,228,231,232,233,234,236,239,242,243,245,247,250,252,253,256,259,263,268,272,284,288,290,310,315,320,329,330,334,366,622
56,56,57,58,61,65,66,68,69,71,74,75,76,79,80,82,83,84,85,88,89,95,96,97,101,102,105,107,108,110,111,112,113,115,117,120,121,122,124,127,128,130,135,146,154,155,158,159,162,165,166,167,168,170,171,172,174,175,179,181,183,184,185,186,189,190,191,192,193,195,196,199,200,201,202,203,204,206,207,209,211,212,214,215,217,219,221,225,230,234,235,237,240,245,250,251,253,255,256,264,265,270,273,279,280,281,291,292,296,297,302,303,305,313,316,321,323,331,376,398,427,428,486,527,553
57,56,59,60,64,66,67,68,71,72,73,74,75,76,77,78,79,80,81,82,85,86,87,88,89,90,92,94,95,98,99,101,102,104,106,108,112,115,119,121,122,123,124,125,129,130,135,137,138,139,142,149,152,155,157,159,160,161,163,166,167,168,171,172,173,177,183,184,190,192,194,199,205,221,223,225,227,229,230,231,233,235,236,238,239,244,246,247,257,259,263,264,265,266,271,277,281,283,288,290,298,302,316,321,327,329,332,357,401,473
58,46,56,66,67,69,70,75,76,77,78,80,81,82,83,84,85,86,89,90,91,92,93,94,95,96,97,103,105,106,109,112,113,115,116,117,121,122,123,124,126,129,130,145,148,150,152,155,156,158,159,160,161,162,171,172,173,178,182,183,185,187,193,196,200,204,207,208,209,212,216,217,219,223,224,226,229,230,234,239,241,242,245,250,257,259,272,275,277,279,281,307,325,337,349,363,375,433,558,615,637
59,59,60,62,63,66,67,69,70,71,72,73,74,75,76,77,78,80,81,82,83,84,85,86,87,88,90,91,92,93,94,95,97,98,99,101,102,111,112,113,115,117,118,119,120,124,126,131,132,133,134,136,137,139,141,147,155,156,160,165,174,175,178,180,181,182,187,188,196,197,202,205,206,210,212,216,221,222,224,225,231,232,235,237,240,242,247,266,270,277,279,296,507,540,609
60,50,55,58,64,65,67,68,69,70,72,74,75,76,77,78,79,80,81,82,84,85,86,87,92,93,94,96,97,99,102,103,104,107,109,110,111,114,115,116,117,118,119,120,122,123,124,125,126,127,129,133,134,135,136,138,140,141,146,155,160,169,173,174,175,178,179,190,192,201,202,204,206,210,223,257,265,277,383,420,474,607
61,54,56,58,59,60,63,64,65,66,67,68,69,70,71,72,73,76,78,79,80,88,89,90,94,98,100,102,106,107,108,112,115,116,122,124,125,129,130,131,136,138,153,163,165,168,178,179,182,211,374,457
62,51,54,55,61,65,67,68,71,73,75,77,78,79,80,81,82,85,87,88,89,90,91,93,94,95,96,97,99,100,101,102,104,106,108,109,112,113,115,116,117,120,121,125,134,136,142,162,184,187,221,245,260,272
63,48,56,57,65,74,83,86,87,88,89,91,94,95,96,97,98,99,103,105,106,109,112,114,116,119,126,129,131,135,137,138,141,143,146,151,185,195,601
64,34,56,73,78,84,98,99,101,103,108,109,112,126,129,136,137,152,153,194,195,273,336,427,444,593
65,82,145,207
66,211,259,472,490,512,536
67,9,135,335,508
68,18,387,554,627,678
69,442,515,590
70,
71,362,433,621
72,282,554,572
73,149,276,454,473,485,610
74,200,277,580
75,
76,
77,
78,
79,
80,
81,
82,
83,
84,
85,
86,
87,
88,
89,
90,
91,
92,
93,
94,
95,
96,
97,
98,
