6
0,299
1,34,81,269,290,372,422,497,498,515
2,27,157,195,229,323,337,382,468,599,647,694
3,29,453
4,334,358,639,671,677
5,109,140,195,361,592,660,661
6,76,166,253,579,629,690
7,265,301,508,568,569
8,95,149,174,402,660
9,197,224,617
10,106,147,233,394
11,86,419,490,580,670,688
12,256,595,605
13,154,248,372,498,510,685
14,265,274,280,490,504,559,596,601,699
15,11,113,165,187,511,569,574,609,627,695
16,36,93,321,595,647
17,69,121,126,132,134,135,136,137,138,140,141,142,143,145,151,153,154,157,499,561,596,603,606,610,623,632,642,644,648,658,675
18,21,45,88,111,117,118,119,120,122,123,124,125,126,127,128,129,130,131,132,133,134,135,136,137,138,139,140,141,142,143,144,145,146,147,148,149,150,151,152,153,154,155,156,157,158,159,160,161,162,163,164,165,166,167,168,169,170,171,172,174,175,176,177,178,179,180,183,184,186,194,195,238,411,506,559,588
19,124,125,127,128,129,130,131,132,133,134,135,136,137,138,139,140,141,142,143,144,145,146,147,148,149,150,151,152,153,154,155,156,157,158,159,160,161,162,163,164,165,166,167,168,169,170,171,172,173,174,175,176,177,178,179,180,181,182,183,184,185,186,187,188,189,190,191,192,193,194,195,196,197,198,199,200,201,202,203,204,205,206,207,208,209,210,211,212,213,214,215,216,217,218,219,220,221,222,223,224,225,226,227,228,229,230,231,232,233,234,235,236,237,238,239,240,241,242,243,244,245,246,247,248,249,250,251,252,253,254,255,256,257,258,259,260,261,262,263,264,265,266,267,268,269,270,271,272,275,276,277,278,279,280,281,282,283,285,286,287,290,291,292,293,295,296,297,299,300,301,303,304,305,307,308,309,310,312,314,317,319,320,322,323,325,326,327,331,332,334,335,337,339,345,346,350,361,362,363,364,372,384,401,443,448,470,498,639
20,115,116,118,121,123,124,125,126,127,128,130,132,133,134,135,136,137,138,139,140,141,142,143,144,145,146,147,148,149,150,151,152,153,154,156,157,158,159,160,161,162,163,164,165,166,167,168,169,170,171,172,173,174,175,176,177,178,179,180,182,183,184,185,186,187,188,189,190,191,192,193,194,195,196,197,198,199,200,201,202,203,204,206,207,208,209,211,212,213,215,216,217,218,219,220,221,222,223,224,225,226,227,228,229,230,231,232,233,234,235,236,237,238,239,240,241,242,243,244,245,246,247,248,249,250,251,252,253,254,255,256,257,258,259,260,261,262,263,264,265,266,267,268,269,270,271,272,273,274,275,276,277,278,280,281,282,283,284,285,286,287,288,290,291,292,293,294,295,296,297,298,299,300,301,302,303,304,305,306,307,309,311,312,313,314,316,317,318,319,321,322,323,324,325,326,328,329,331,332,333,335,336,338,339,340,345,352,353,354,357,358,360,363,365,368,369,375,392,404,407,409,412,413,416,418,423,424,432,438,439,440,442,450,452,453,454,456,458,462,463,470,477,493,513,548,650
21,22,33,116,118,120,124,125,126,127,129,130,131,132,133,134,135,136,137,138,139,140,141,143,144,145,146,147,149,150,152,153,154,155,156,157,158,159,160,162,163,164,165,166,167,168,169,170,171,172,173,174,175,176,177,180,182,184,186,187,188,189,190,191,192,195,196,197,198,200,201,204,205,206,207,210,213,214,215,216,217,218,219,220,221,222,223,224,225,226,227,228,229,230,231,232,233,234,235,236,237,238,239,240,241,242,243,244,245,246,247,248,249,250,251,252,253,254,255,256,257,258,259,260,261,262,263,264,265,266,268,269,270,271,272,273,274,275,276,278,279,280,281,282,283,284,285,286,287,288,289,290,291,292,293,294,295,296,297,298,299,300,301,302,303,304,305,306,308,309,310,311,312,313,314,315,316,317,318,319,320,321,322,324,325,326,327,328,329,330,331,332,333,334,336,337,338,339,340,342,343,344,345,346,348,349,350,351,352,353,354,355,356,357,360,361,362,363,364,367,372,375,376,377,378,379,383,384,388,389,390,398,401,402,403,405,406,408,409,410,411,414,416,417,420,421,422,423,424,425,429,430,431,432,433,434,435,440,441,442,443,444,447,451,456,457,458,459,460,462,469,470,474,478,480,482,484,485,487,493,495,500,503,506,514,518,521,530,531,557,583,604
22,114,121,125,127,129,130,133,134,135,136,137,138,139,140,141,142,143,144,145,146,147,148,149,150,152,153,154,155,157,158,159,160,161,162,163,164,166,167,168,171,172,173,174,176,178,179,180,181,183,184,185,187,190,191,192,193,194,196,197,198,199,201,202,208,209,210,212,213,214,215,216,217,218,219,220,221,222,223,224,225,226,227,228,229,230,231,233,234,235,236,237,238,239,240,241,242,243,244,245,246,247,249,250,252,253,254,255,256,257,258,259,260,261,262,263,264,265,266,267,268,269,270,271,272,273,274,276,277,278,279,280,281,283,284,285,286,287,288,289,290,291,292,293,294,295,297,298,299,300,301,302,303,304,305,306,307,308,309,310,311,312,313,314,315,316,317,318,320,321,322,323,324,325,326,327,329,330,331,332,333,334,335,336,337,338,339,340,341,342,343,344,346,347,348,349,350,351,352,353,354,355,356,357,358,359,360,361,362,363,365,366,369,370,371,372,373,374,375,377,380,381,382,384,385,388,389,392,393,394,399,401,402,404,405,407,410,411,412,413,414,415,416,417,418,419,420,421,422,423,425,426,428,429,430,432,433,435,436,437,438,440,442,443,444,445,446,447,449,450,453,454,456,457,460,461,462,463,464,465,466,468,470,471,473,478,482,484,485,486,488,490,492,495,497,501,510,512,514,518,520,524,528,545,548,571,590
23,127,132,133,134,135,136,137,139,140,141,142,143,145,146,147,148,149,151,153,154,155,156,157,158,159,160,162,163,165,166,167,169,171,172,173,174,175,176,177,178,179,180,183,187,189,190,191,193,194,196,197,200,201,209,212,214,215,217,219,220,222,223,224,225,226,228,230,231,232,234,235,236,237,238,239,240,241,242,243,244,245,246,247,248,249,250,251,252,253,254,255,256,257,258,259,261,262,263,264,265,266,267,268,270,271,274,275,277,278,279,282,284,285,287,288,290,291,292,295,296,297,299,300,301,303,304,305,306,307,309,310,311,312,313,315,317,318,319,320,321,322,323,324,325,326,327,328,330,333,334,335,336,337,340,341,344,345,348,349,351,352,353,354,357,358,360,361,363,364,366,367,371,372,373,374,375,377,379,380,381,382,386,387,388,391,397,402,404,409,410,416,419,420,422,423,424,425,429,434,436,437,438,439,441,444,445,446,450,452,453,458,459,460,463,468,469,470,472,473,478,479,482,485,494,495,498,499,503,504,505,506,507,508,514,516,517,522,535,536,549,614,618
24,95,124,129,132,137,139,140,141,142,143,144,145,146,147,148,149,150,151,152,153,157,158,161,163,166,167,168,170,171,172,173,174,177,178,179,180,181,182,183,184,185,186,187,189,191,192,194,195,196,197,198,199,201,202,203,205,207,210,212,213,214,217,218,220,223,224,226,227,229,230,231,233,234,235,236,237,240,243,244,245,246,247,248,250,251,252,253,255,256,257,258,259,261,262,264,265,266,267,268,270,271,272,274,277,278,283,286,287,288,289,290,291,293,294,295,297,298,300,301,302,303,304,305,306,309,311,312,313,315,316,317,318,322,324,326,328,330,331,332,334,338,340,343,344,347,348,349,350,353,354,356,361,367,368,370,372,373,374,376,379,380,382,388,389,396,400,407,410,413,414,417,426,434,435,436,441,448,449,450,451,453,456,458,459,460,467,469,470,474,478,485,492,496,503,504,508,512,516,519,527,552,553,563,571,614,619,696
25,141,142,143,145,146,147,149,150,151,152,153,154,155,156,158,159,160,161,162,163,164,165,167,171,172,173,174,176,177,178,179,180,181,183,184,187,188,189,192,193,194,195,196,197,198,199,201,203,207,208,209,212,219,222,223,224,227,229,230,234,236,239,240,241,242,244,246,249,251,252,253,255,257,259,260,263,265,266,267,269,271,272,273,274,275,276,277,279,280,281,282,284,287,289,292,293,298,300,301,302,303,304,308,309,310,311,312,314,316,317,319,320,330,331,332,335,339,344,345,346,347,348,349,350,351,360,363,367,373,375,377,382,385,388,390,392,409,411,414,415,419,420,422,423,426,428,430,434,436,439,441,443,445,446,449,451,452,455,458,460,466,471,475,480,481,496,501,502,505,507,510,517,521,525,526,527,574,582
26,48,146,149,152,154,155,156,157,158,159,160,161,162,163,164,165,166,167,168,169,170,172,173,174,175,176,177,178,179,180,181,183,186,187,189,190,191,194,195,197,198,199,200,201,202,203,206,207,208,209,211,212,213,215,218,231,234,236,238,239,240,242,245,247,251,255,256,259,262,266,272,274,277,281,293,298,305,308,310,313,317,326,329,331,333,338,353,360,363,367,373,384,392,399,405,408,419,420,423,425,427,429,430,431,433,434,435,436,437,438,439,441,442,444,445,446,447,449,450,451,452,454,455,456,458,461,465,466,468,471,472,473,474,482,485,490,491,494,533,538,544,545,593
27,150,155,158,160,161,162,163,164,165,166,167,168,169,170,171,172,174,175,177,179,180,181,183,185,186,189,190,191,192,193,194,195,196,197,198,200,202,203,206,208,209,210,211,212,213,214,215,217,218,219,221,223,224,225,226,227,229,231,233,235,240,249,251,252,258,260,268,271,279,282,284,300,301,302,303,306,314,321,322,328,338,346,361,365,373,375,404,411,429,434,435,437,458,462,466,471,473,481,482,485,492,493,511,515,519,525,533,556,617,666
28,156,159,166,167,168,170,171,172,174,177,178,179,180,181,182,183,184,185,187,188,189,190,191,192,193,194,195,196,197,198,199,200,201,202,203,204,205,206,207,208,209,211,213,214,215,216,217,218,219,220,221,222,223,224,225,227,231,232,233,234,237,239,240,241,242,246,247,251,255,257,259,271,274,281,284,285,286,287,288,293,295,306,309,314,318,320,325,326,329,330,338,347,356,365,366,370,393,395,427,435,437,442,446,450,454,457,458,460,465,466,471,473,479,483,486,493,495,503,519,520,530,541,550,565,579,593,601,626
29,58,166,168,170,172,173,174,177,178,179,180,182,183,185,186,188,189,191,192,193,194,195,196,197,198,199,200,201,202,203,204,205,206,207,208,210,211,212,213,214,215,217,218,219,220,221,222,223,224,226,227,228,229,230,231,232,233,234,235,237,238,242,244,245,248,250,251,252,257,258,262,263,270,272,278,280,281,283,284,286,287,290,291,293,295,299,300,303,305,306,309,312,317,319,325,329,331,347,348,351,355,363,375,440,441,442,443,449,452,461,472,478,498,504,516,517,551,563,627,638
30,147,181,198,199,201,202,206,211,213,214,219,221,224,226,227,232,233,234,236,237,239,242,243,244,245,246,248,249,253,254,256,261,262,265,268,270,272,275,276,277,282,285,288,290,294,295,299,301,304,305,307,310,316,321,324,330,331,332,334,336,338,341,347,353,354,356,359,375,376,380,387,388,392,412,439,442,455
31,69,78,93,102,666,685
32,30,543
33,167,295,617
34,4,100,624
35,439,571,628
36,59,95,267,325,343,426,650,657
37,60,89,144
38,32,114,624
39,100,216
40,432,592,630
41,473,543,576,587,589,661
42,14,229,316,414,462,548,559,560,562,563,565,567,572,573,574,577,580,581,583,584,587,590,591,593,595,597,604,614,618,623,637
43,80,113,163,560,561,564,566,569,571,574,579,580,586,591,594,598,599,603,606,607,611,615,616,618,626,638,648,652,670
44,348,383,411,429,576,596,625,638,646
45,121,337,361,394,501,579,586,622,650,656,659
46,307,630
47,11,108,201,280,478,581,648,649,680,685
48,215,557,673
49,12,26,205,441,593,601,615
50,85,407,577,652,695
51,67,82,463
52,71,91,230,295,399,690
53,27,29,205,400,669
54,241,258,387,460,474,579
55,19,223,463,540
56,26,59,321,514,540
57,167,516,625,659
58,263,521,577,685
59,88,496
60,55,549,593
61,14,83,430,630
62,9,219,338,560,645,665
63,29,53,256,300,488,595,674
64,35,407,417
65,57,91,263,304,516,539,623
66,
67,
68,
69,
70,
71,
72,
73,
74,
75,
76,
77,
78,
79,
80,
81,
82,
83,
84,
85,
86,
87,
88,
89,
90,
91,
92,
93,
94,
95,
96,
97,
98,
