9
0,494
1,64,70,73,75,93,130,134,234,418,556,574,583,590,624,636
2,52,55,57,58,62,63,64,66,67,68,71,72,73,74,75,76,77,81,82,83,84,85,86,87,90,93
3,50,53,54,55,56,58,60,61,62,63,64,65,67,68,69,70,71,72,73,74,75,76,77,78,79,80,81,82,83,84,85,86,87,88,89,90,91,92,93,94,95,96,97,98,99,100,101,102,103,104,105,106,107,108,111,112,117,119,148,209,312,343,588
4,47,50,51,53,54,55,56,57,58,59,60,62,63,64,65,66,67,68,69,70,71,72,73,74,75,76,77,78,79,80,81,82,83,84,85,86,87,88,89,90,91,92,93,94,95,96,97,98,99,100,101,102,103,104,105,106,107,108,109,110,111,112,113,114,115,116,117,118,119,120,121,122,123,124,125,126,127,128,129,130,131,132,133,134,135,136,137,138,139,140,141,142,143,144,145,146,147,148,149,150,151,152,153,154,155,156,157,159,160,161,162,163,164,165,166,167,168,172,184,186,187,188,190,191,194,196,232,373,386,521,546,599
5,48,50,51,52,53,54,55,56,57,58,59,60,61,62,63,64,65,66,67,68,69,70,71,72,73,74,75,76,77,78,79,80,81,82,83,84,85,86,87,89,90,91,92,93,95,96,97,98,99,100,101,102,103,104,105,106,107,108,109,110,111,112,113,114,115,116,117,118,119,120,121,122,123,124,125,126,127,128,129,130,131,132,133,134,135,136,137,138,139,140,141,142,143,144,145,146,147,148,149,150,151,152,153,154,155,156,157,158,159,160,161,162,163,165,166,167,168,169,170,171,172,173,174,175,176,177,178,179,180,181,182,183,184,185,186,187,188,189,190,191,192,193,194,195,196,197,198,199,200,201,202,203,204,205,206,207,208,209,210,211,212,213,214,215,216,217,218,219,220,221,222,223,224,225,226,227,228,230,233,234,235,236,238,239,241,243,244,245,246,247,249,250,253,255,256,258,259,260,262,264,265,267,270,272,277,284,295,298,301,302,303,327,572,576,628
6,12,45,47,49,52,53,54,55,56,57,58,59,60,61,62,63,64,65,66,67,68,69,70,71,72,73,74,75,77,78,80,81,82,83,84,85,86,87,88,89,90,91,92,93,94,95,96,97,98,99,100,101,102,103,104,105,106,107,108,109,110,111,112,113,115,116,117,118,119,120,122,123,124,125,126,128,129,130,132,133,134,135,136,137,138,139,140,141,143,146,148,149,150,151,152,153,154,155,156,158,159,160,161,162,163,164,165,166,167,168,169,170,171,172,173,174,175,176,178,179,180,181,182,183,186,188,190,193,195,197,198,202,203,207,208,209,210,212,213,217,218,219,221,222,224,226,227,228,229,230,231,232,233,234,235,236,238,239,240,241,243,244,245,247,250,251,255,256,257,258,259,261,264,266,267,268,271,273,274,275,276,277,278,279,280,281,283,286,287,290,292,294,297,298,300,301,303,306,308,310,311,314,320,340,351,362,376,453,463,503,504,594
7,46,47,48,49,51,52,53,54,55,56,57,58,59,60,61,62,63,64,65,67,68,69,70,71,72,73,74,75,76,77,78,80,81,82,83,84,85,86,87,88,89,90,91,92,93,94,95,96,97,98,99,100,101,102,103,104,105,106,107,108,109,110,111,112,113,114,115,116,117,118,119,120,121,122,124,125,126,127,128,130,131,132,133,134,136,137,140,141,142,145,146,148,151,152,155,157,158,159,160,161,162,163,164,167,169,170,171,172,173,174,175,176,177,178,179,180,182,183,184,185,186,187,188,189,190,191,192,193,194,195,197,198,199,200,201,202,203,205,206,207,208,209,210,211,212,213,214,216,217,218,219,220,221,222,223,224,225,226,229,231,232,235,236,237,238,239,242,243,244,245,248,249,252,253,255,256,258,259,260,261,262,263,264,265,266,267,268,269,270,271,272,273,274,275,277,279,283,284,286,289,290,292,293,294,297,300,301,302,312,314,324,350,370,372,374
8,39,45,50,51,53,55,56,57,58,59,60,61,62,64,65,66,67,68,69,70,71,72,73,74,75,76,77,79,80,82,84,85,86,87,88,89,91,92,93,94,95,96,98,99,100,101,102,103,104,106,107,108,110,111,112,113,114,116,117,118,119,121,124,125,126,127,128,129,130,131,132,134,135,136,137,138,139,140,141,142,143,144,145,146,148,149,150,152,153,154,156,157,158,159,160,161,162,163,164,165,166,167,168,169,170,171,172,173,174,175,176,177,178,179,180,182,183,184,185,186,187,188,189,191,192,193,194,196,197,200,201,202,204,205,207,208,210,211,212,213,214,215,216,217,218,219,220,221,223,224,225,226,227,228,229,230,231,232,233,234,235,236,238,239,240,241,242,243,244,246,247,248,249,250,251,252,253,254,255,257,258,259,260,261,262,263,264,266,267,269,270,271,273,275,276,277,278,279,280,282,284,285,286,288,290,291,292,293,294,297,298,299,300,301,305,306,311,313,316,323,324,327,332,342,351,377,403,645,691,696,697
9,37,51,53,55,56,58,59,61,63,64,65,66,67,68,69,70,71,72,73,74,75,76,77,80,81,84,86,87,88,90,91,92,95,96,97,99,100,101,102,103,104,105,106,107,108,109,110,111,112,113,116,117,119,120,121,123,125,126,127,128,129,130,131,132,134,135,136,137,138,139,140,141,143,144,146,148,150,151,153,154,155,156,157,158,160,162,163,164,165,167,168,170,171,172,174,175,176,177,179,181,183,184,185,188,189,190,191,192,193,194,195,201,203,204,207,208,210,214,216,218,219,221,222,224,225,226,229,230,232,234,236,238,239,241,242,243,244,245,246,247,248,249,250,251,252,253,254,255,256,257,258,259,260,261,262,264,265,266,267,268,269,270,271,272,273,274,275,276,277,279,281,282,283,284,285,286,287,288,289,292,293,294,295,297,298,300,301,302,303,305,306,307,308,309,311,314,317,318,320,321,322,323,325,327,328,329,331,333,337,338,341,343,344,346,348,349,352,357,358,359,360,361,362,363,364,366,369,370,372,374,377,378,379,380,381,382,384,391,393,396,397,406,408,415,423,426,446,458,511
10,52,53,54,55,56,57,59,60,61,62,63,64,65,68,69,70,71,72,73,74,76,80,81,82,83,84,85,86,89,90,91,92,95,96,97,99,100,101,102,103,104,105,106,107,108,110,111,112,113,114,115,116,117,118,119,120,122,123,124,125,127,129,132,133,134,136,137,138,140,143,146,150,152,154,155,157,158,159,160,161,164,165,166,167,170,172,178,179,180,181,184,191,194,197,198,199,200,201,206,210,211,219,221,226,227,228,229,230,232,233,234,235,237,241,242,243,244,246,247,248,249,250,251,252,253,254,256,257,258,259,260,261,262,263,264,266,267,268,270,272,273,274,275,276,277,278,279,280,281,282,283,284,285,286,287,288,289,290,291,292,294,295,296,297,298,300,301,302,303,304,305,306,307,308,309,310,311,312,313,314,315,316,317,318,319,320,321,322,323,324,325,326,327,328,329,330,331,333,334,335,336,337,339,340,341,343,344,346,347,349,350,351,352,353,354,355,356,357,358,359,360,361,363,364,369,370,374,377,378,379,380,382,383,384,386,390,400,403,406,407,411,416,417,424,426,428,429,430,436,465,475,570,612
11,51,52,53,54,55,56,57,59,60,61,63,64,65,66,67,69,70,71,72,74,75,76,77,78,79,80,81,82,83,84,85,86,87,88,89,90,91,92,94,95,96,97,98,99,100,101,102,103,104,105,106,107,108,109,110,111,113,114,118,119,120,124,125,126,127,129,130,131,137,139,142,143,144,145,146,150,151,154,155,156,157,158,160,161,162,164,167,168,169,170,174,176,177,179,180,181,182,184,185,186,188,189,192,195,201,202,203,206,210,211,213,223,224,225,226,227,228,231,232,235,237,240,241,242,243,245,247,248,250,251,252,254,255,257,258,259,261,263,264,265,266,267,268,272,273,274,276,277,278,280,281,282,283,286,287,288,289,290,291,293,294,295,296,297,298,300,301,302,303,304,305,306,307,308,309,310,311,312,313,315,319,320,322,323,324,325,326,327,328,330,331,332,334,337,338,339,340,341,342,343,345,346,349,350,351,352,355,356,358,359,360,362,364,366,367,368,373,375,376,380,383,392,394,396,397,398,400,406,408,409,413,415,417,418,419,420,436,449,450,451,453,454,469,548,650,651
12,30,48,49,52,53,55,57,58,59,60,61,62,63,64,65,66,67,68,69,70,72,73,74,75,76,77,78,79,80,82,83,84,85,87,88,89,90,92,93,94,95,96,98,99,100,101,102,110,111,112,115,116,117,121,122,124,125,126,128,129,130,131,132,133,134,135,136,137,138,140,141,142,143,144,147,148,150,151,152,153,154,155,156,157,160,161,163,165,166,170,171,173,175,177,178,180,181,183,185,188,189,190,191,193,195,196,197,199,200,201,203,205,209,215,216,218,220,221,226,227,233,234,236,239,241,242,244,245,246,249,250,251,252,253,254,256,259,260,261,262,263,264,265,267,268,269,270,271,272,273,274,275,277,279,280,282,284,285,286,288,291,292,294,296,298,299,300,301,302,303,305,306,309,310,311,312,313,314,315,316,318,319,320,321,322,324,325,327,328,330,332,335,336,338,339,340,341,342,343,345,346,349,350,352,353,355,356,358,359,360,362,364,367,368,371,373,375,380,382,384,385,388,390,392,394,399,400,401,405,411,412,415,420,423,424,456,457,466,528,551,674
13,30,44,47,49,53,54,55,56,57,58,59,61,62,63,64,66,67,68,69,71,73,74,75,76,77,78,79,80,82,83,84,88,89,91,92,94,97,98,99,101,103,105,106,107,108,109,110,111,113,114,115,116,117,118,119,124,125,126,127,128,130,131,132,134,135,136,137,139,140,141,142,143,144,147,148,149,154,157,160,161,162,164,166,167,168,170,172,173,174,175,177,178,179,181,182,184,186,188,192,194,195,196,197,200,202,204,206,210,215,216,219,220,221,222,224,226,229,236,242,249,250,251,253,254,255,261,264,266,276,278,282,287,288,289,290,291,302,304,305,307,308,309,310,312,313,315,316,317,318,319,320,322,326,327,328,333,335,337,338,340,342,344,346,347,349,352,353,354,358,361,363,366,367,368,369,370,374,376,377,379,380,381,382,383,384,386,388,389,391,393,394,395,396,402,403,404,408,412,419,420,422,424,425,426,437,450,452,458,466,469,484,494,517
14,46,50,52,53,55,56,57,58,59,60,61,62,63,64,65,66,67,68,69,70,71,74,75,76,77,78,79,80,81,82,83,84,85,86,87,88,89,90,91,92,93,94,95,97,98,99,100,101,102,103,104,105,106,107,109,110,111,112,113,114,115,116,117,118,119,120,121,122,123,124,126,127,128,129,131,132,133,135,137,139,145,150,151,152,155,160,161,162,163,164,165,168,174,180,181,194,195,198,199,200,203,207,208,217,218,222,223,229,232,234,237,241,242,244,246,248,251,253,260,262,266,267,269,270,271,273,275,278,279,280,281,282,283,286,291,292,293,294,297,299,300,303,304,305,306,308,309,310,311,312,315,316,319,321,322,324,325,326,327,329,330,333,334,335,336,337,340,342,344,345,346,347,348,349,350,352,355,356,357,358,359,360,363,364,365,366,368,369,370,371,372,373,374,377,379,380,381,382,383,384,385,386,389,391,394,396,398,403,405,407,408,411,412,413,416,419,423,431,434,441,468,492,505,549,566,615,645
15,48,50,51,52,53,54,57,59,60,63,65,66,67,68,69,70,71,72,74,75,76,77,79,80,81,82,84,85,87,88,89,90,91,92,93,94,95,97,98,100,102,103,104,105,106,107,108,109,111,112,113,114,115,118,120,121,122,123,124,125,126,127,128,132,133,137,138,139,140,141,143,145,149,150,152,154,155,161,167,168,169,171,172,174,175,176,177,179,180,182,183,184,186,188,189,190,192,194,195,201,203,207,211,212,213,216,217,220,222,226,228,232,235,236,240,243,245,246,248,249,253,255,257,258,260,261,265,266,267,268,269,270,271,273,274,275,276,277,278,280,282,283,285,286,287,289,293,295,296,299,300,301,303,304,305,306,309,310,311,312,314,315,317,318,319,320,321,322,323,324,325,326,327,328,329,331,333,336,337,340,341,342,343,344,345,346,348,349,350,351,352,353,356,357,358,361,362,364,366,368,370,372,375,377,379,380,381,382,384,389,390,396,398,400,401,404,407,410,411,414,416,417,423,429,431,437,440,445,447,463,471,632,644
16,24,48,50,52,53,55,56,57,58,59,60,61,62,63,64,65,66,67,68,69,70,71,72,73,74,75,76,77,78,79,80,81,82,83,84,85,86,87,89,90,92,95,96,97,98,99,100,101,102,104,105,106,108,110,111,112,113,115,117,118,120,121,122,123,124,125,126,127,128,129,130,131,132,133,134,136,138,143,144,147,149,150,151,155,156,158,160,161,162,164,166,169,170,172,173,178,180,181,182,183,186,189,191,192,193,194,195,197,199,203,208,209,210,212,214,215,216,218,220,221,222,223,230,235,240,241,242,243,244,245,246,247,251,252,253,255,256,259,260,262,263,267,270,272,273,275,276,278,279,281,285,286,287,291,297,298,299,301,302,303,305,306,308,312,313,314,315,316,317,319,320,324,325,327,329,330,332,333,334,335,337,338,339,340,341,342,344,346,356,357,358,359,360,362,366,368,369,371,377,382,383,384,385,386,395,396,397,401,405,409,421,428,431,456,463,464,475,481,503,576,644
17,47,49,50,51,52,53,55,56,57,58,59,60,61,62,63,64,65,66,67,68,69,70,72,73,74,76,77,78,80,81,82,83,89,90,91,93,94,95,96,97,98,99,101,102,103,104,105,106,107,111,113,115,116,117,119,121,122,123,127,128,129,130,131,132,133,135,136,141,143,144,145,146,148,151,152,155,156,157,159,160,161,164,165,166,167,168,170,174,177,178,179,184,185,186,187,189,194,196,218,224,227,228,235,242,244,255,257,261,265,267,269,274,277,281,288,289,290,291,294,302,305,306,309,311,317,322,323,326,327,328,331,335,336,337,338,339,341,342,344,345,350,351,352,353,356,359,360,361,362,363,365,371,372,373,374,376,378,379,380,381,383,384,386,387,388,396,399,400,401,402,405,406,408,409,411,413,421,428,430,449,458,472,505,506,510,515,518,575,603,623
18,44,47,48,49,50,52,53,54,55,56,57,58,59,60,62,63,65,67,68,69,70,71,72,73,74,75,76,77,79,80,82,84,86,87,88,89,90,91,92,93,94,95,97,98,99,100,101,102,103,105,106,107,108,109,110,113,114,115,117,120,121,122,124,128,129,130,131,133,134,142,144,145,146,147,149,150,151,153,156,159,162,165,170,171,172,176,177,178,180,182,188,190,191,195,196,199,200,201,203,209,211,220,221,229,238,240,246,249,252,256,259,260,264,271,272,274,275,277,278,280,281,284,285,287,294,297,298,301,302,303,304,306,308,310,313,314,315,316,318,319,320,323,324,326,327,328,329,331,333,335,337,340,342,344,347,348,350,351,352,353,354,355,356,361,366,367,369,374,381,389,396,399,400,402,404,412,416,419,422,428,442,445,451,452,461,469,473,565,566,578,665
19,43,46,48,50,53,54,56,57,59,60,61,62,64,65,66,67,68,69,70,71,72,74,75,76,77,78,79,80,81,82,83,84,85,87,88,89,91,92,93,94,96,97,98,99,100,101,102,103,104,108,109,110,111,112,113,116,117,119,121,124,125,126,127,128,130,131,132,133,135,136,137,138,139,143,147,150,151,152,153,154,158,159,162,163,164,165,166,167,168,169,170,171,176,181,186,187,188,190,191,193,196,197,198,201,205,207,208,209,210,213,214,218,223,230,234,235,239,240,241,244,246,254,255,259,260,261,263,265,266,267,268,269,271,272,273,276,277,278,279,282,286,290,292,293,294,297,298,304,306,307,308,310,313,316,318,319,320,322,324,326,327,329,332,334,335,336,339,341,343,345,351,354,360,367,368,375,380,381,394,396,397,408,412,421,435,448,584,669
20,44,45,46,47,48,50,51,52,53,54,55,56,57,58,59,60,61,62,63,64,65,66,67,69,70,71,73,74,76,77,78,79,81,83,86,87,88,90,91,93,95,96,97,99,100,101,102,103,104,105,106,107,108,109,110,111,112,113,114,115,117,118,119,120,121,125,126,127,128,130,131,132,133,134,137,139,143,148,150,152,153,156,157,158,159,162,164,165,166,168,169,170,171,173,176,177,178,180,181,183,184,185,187,188,193,198,199,202,208,211,214,215,216,226,232,234,238,242,243,248,249,251,258,259,263,265,266,268,271,272,274,275,277,280,285,286,288,289,301,307,310,311,312,323,325,329,331,336,340,345,346,347,352,355,356,358,360,361,368,370,371,378,380,384,387,388,389,394,397,401,405,406,409,412,417,419,420,425,426,431,438,464,471,577,688
21,44,47,48,49,50,51,52,53,54,55,56,57,60,61,62,64,65,66,67,68,71,74,75,76,77,78,79,80,83,86,87,88,89,90,91,92,93,94,95,96,98,100,102,103,104,105,106,107,108,110,111,112,113,114,115,116,117,119,120,121,122,123,124,126,127,128,129,131,132,133,135,137,148,150,151,154,155,157,158,159,164,168,171,175,176,179,180,181,186,190,194,196,217,220,221,222,225,226,228,230,233,235,236,240,251,252,254,257,260,262,263,264,265,267,268,269,270,273,274,275,276,278,279,283,296,300,303,306,308,310,312,313,317,318,319,320,321,322,323,324,326,327,329,330,331,333,334,338,340,343,345,346,347,350,351,353,354,355,356,357,358,359,361,363,367,369,372,373,376,378,379,383,394,396,397,399,401,405,409,411,412,414,415,416,417,420,421,424,429,430,433,434,437,438,442,452,462,466,480,490,506,523,543,561,562
22,19,42,43,44,45,46,47,48,49,50,51,53,55,56,58,62,63,64,65,66,67,68,69,70,73,74,75,76,77,78,79,80,81,83,84,85,86,87,89,90,92,94,95,96,97,99,103,106,107,108,110,113,118,120,121,122,123,125,129,133,134,136,137,138,139,140,141,144,151,152,156,159,162,163,164,165,167,169,170,172,175,176,177,180,181,182,185,186,189,190,191,192,193,194,196,198,206,208,209,216,217,218,219,222,223,232,240,243,246,248,249,252,260,261,262,266,267,268,269,270,271,272,273,277,278,282,285,286,289,291,292,293,296,297,298,299,300,301,305,306,314,316,317,320,321,322,326,327,329,330,332,334,339,341,343,344,345,346,348,350,354,355,356,357,358,360,361,363,368,369,370,371,372,373,376,378,380,386,393,397,403,413,421,439,443,447,448,456,460,482,503,534
23,43,45,47,48,49,50,51,52,53,54,55,56,57,58,59,60,61,62,63,64,65,66,67,69,70,71,76,77,78,79,81,83,85,87,88,89,90,93,94,96,97,98,100,101,105,106,107,109,110,112,114,116,117,119,120,121,122,126,133,134,136,138,139,142,144,145,146,148,150,154,155,156,157,158,159,160,165,166,167,168,171,172,173,180,183,185,191,194,200,210,211,213,217,239,245,258,261,264,266,267,274,275,277,281,286,288,290,297,305,311,313,319,323,324,326,327,330,332,336,343,350,354,357,360,365,366,370,372,375,378,381,393,398,399,403,404,405,415,419,422,427,430,439,452,453,456,466,470,478,495,506,555,586
24,31,39,40,41,42,43,44,45,46,48,49,50,51,52,53,54,55,56,57,58,60,62,63,69,70,71,72,73,74,75,77,78,79,80,81,82,84,85,86,87,88,90,91,92,93,94,95,96,97,99,100,102,103,104,105,108,109,110,111,116,120,122,123,124,127,128,129,130,132,142,149,156,160,161,162,166,167,168,171,174,176,187,188,192,193,201,206,207,208,209,211,214,221,222,235,250,255,257,259,260,264,267,268,271,272,273,274,275,280,283,288,296,298,303,308,309,313,319,320,323,324,325,328,331,333,334,336,340,344,345,346,347,348,350,351,352,353,358,359,362,364,366,378,387,393,396,401,417,421,428,440,444,450,465,476,485
25,34,40,43,44,47,48,51,53,54,55,56,58,59,60,61,62,63,64,65,67,68,69,71,73,74,76,77,78,79,80,81,82,83,84,85,86,91,93,94,95,98,99,102,108,110,116,117,122,125,127,129,135,143,147,149,152,157,164,165,167,168,169,172,174,176,177,178,181,182,183,184,186,188,195,197,202,205,206,212,214,218,219,222,238,247,249,255,256,257,258,261,262,264,265,272,281,282,285,299,303,320,321,323,325,329,331,335,336,347,349,351,354,355,356,367,376,397,398,400,455
26,21,43,44,46,47,48,49,51,52,53,54,55,56,57,58,60,61,62,63,64,67,68,69,70,71,74,77,78,81,83,84,85,88,89,90,91,92,93,94,95,96,97,99,100,102,104,105,106,107,109,111,112,113,115,117,118,119,120,121,122,125,126,127,132,136,137,141,142,143,145,147,148,150,152,153,154,156,159,162,163,165,167,169,171,172,173,178,179,184,203,207,208,209,215,222,226,242,246,252,253,256,259,261,262,267,283,284,294,296,301,302,306,308,312,317,321,323,331,337,346,347,350,351,354,358,369,370,371,373,374,382,386,390,392,397,401,404,408,427,470,586
27,44,45,46,48,51,52,54,55,56,57,61,62,63,65,68,69,70,71,73,74,75,76,77,80,81,82,84,85,86,87,88,89,90,94,95,96,100,101,102,103,110,111,113,114,116,119,120,121,123,127,128,135,140,142,149,157,160,161,163,166,167,168,173,175,177,178,180,181,184,186,191,193,197,198,201,209,210,212,213,215,216,217,219,228,231,234,244,247,263,264,266,274,279,280,282,287,298,303,308,316,317,319,325,326,328,329,335,341,346,347,353,371,374,377,384,391,400,401,407,453,463,537,570,609,613
28,39,43,44,45,46,47,48,49,50,51,52,53,54,55,56,58,59,60,61,62,63,65,66,67,68,69,70,71,72,73,74,77,82,83,85,86,92,93,94,97,100,102,104,105,106,107,108,109,111,112,116,117,118,120,121,126,129,131,140,146,151,152,156,157,159,162,163,166,167,170,173,174,179,180,181,182,186,188,196,198,199,207,208,214,215,232,237,238,247,251,252,260,266,270,275,280,301,312,319,322,336,346,353,363,376,384,394,415,420,426,465,471
29,39,40,41,44,46,48,49,51,52,53,54,56,57,58,59,60,61,62,63,65,66,67,68,69,70,72,75,76,77,78,79,81,82,83,84,85,86,87,88,89,91,92,93,96,97,98,101,102,103,104,105,106,107,109,110,112,113,114,115,117,118,119,120,127,135,136,138,139,146,150,154,156,159,160,164,167,176,180,181,182,189,191,194,195,204,207,214,218,220,226,232,233,236,241,243,248,249,253,254,266,270,273,276,281,282,283,297,306,307,319,323,333,344,346,354,355,356,357,406,436,438,442,448,461,509,596,660
30,7,39,41,42,43,45,46,47,48,49,52,53,54,55,56,57,58,59,60,61,62,63,64,66,68,69,70,71,73,74,75,76,77,78,79,82,83,84,85,87,88,90,92,93,95,97,98,99,104,105,106,107,112,113,118,119,120,124,125,128,130,142,145,147,148,149,150,151,154,156,158,161,162,163,166,167,172,173,174,177,178,179,192,194,197,202,205,206,208,217,224,228,231,247,250,253,255,259,261,262,265,271,308,314,320,324,326,332,333,359,363,364,373,374,376,384,468,476
31,43,44,45,46,47,48,49,50,51,52,53,54,55,56,57,58,59,60,61,62,63,65,66,68,69,70,71,72,73,74,75,76,77,79,80,81,82,83,84,85,86,88,89,90,91,92,99,101,103,104,105,106,107,108,111,113,115,117,118,119,120,121,122,126,127,131,135,139,141,142,145,146,147,148,149,150,152,154,155,156,157,159,160,161,162,163,165,166,168,170,171,185,194,196,199,201,216,217,222,223,224,226,229,233,238,240,245,249,253,262,263,264,269,273,292,319,320,323,330,332,335,339,343,364,369,375,376,377,379,381,383,384,386,387,398,407,427,432,437,440,469
32,23,34,36,38,41,42,43,44,46,49,51,52,53,54,56,57,58,59,61,62,63,64,65,66,67,68,69,70,71,72,73,76,77,78,79,80,82,83,84,85,86,87,88,89,90,91,92,93,95,97,98,100,103,104,105,106,108,110,111,114,115,125,126,129,131,134,136,138,141,148,149,151,154,155,156,157,161,162,164,165,166,167,168,169,171,173,174,175,177,180,183,184,186,190,192,193,195,199,200,204,205,207,208,209,210,211,212,217,222,226,228,229,231,236,238,242,244,247,248,249,255,258,259,260,261,262,272,274,275,282,286,287,295,302,312,316,317,322,331,332,334,341,345,357,360,390,406,433,486,524,699
33,7,42,43,44,45,46,47,48,49,50,51,52,53,54,55,56,57,58,60,61,62,63,64,65,67,69,70,71,72,74,75,76,77,79,80,81,82,83,84,86,87,89,90,92,93,94,95,96,98,100,101,102,103,104,106,107,108,109,111,113,114,115,116,121,122,123,125,126,127,130,131,132,133,137,138,139,141,142,143,144,145,146,148,149,152,154,156,157,158,159,160,161,163,164,165,166,168,171,172,173,174,175,176,178,179,180,181,182,190,191,192,194,197,198,201,206,214,219,222,227,229,232,234,241,252,253,256,258,259,261,267,273,279,303,304,305,314,315,319,329,330,341,355,365,382,477,608,619,678,684
34,21,36,39,40,41,42,43,44,45,46,47,48,49,50,52,53,54,55,56,57,58,59,60,62,65,66,67,68,69,70,71,72,73,74,75,77,78,79,80,81,83,84,86,87,88,89,91,92,93,95,96,97,98,99,100,101,102,103,104,105,107,108,109,110,111,112,113,114,115,116,117,118,119,120,121,122,124,125,126,127,134,137,138,141,142,143,144,149,150,151,154,156,160,161,162,163,164,169,170,172,178,179,180,186,189,194,199,203,207,208,211,212,215,219,223,225,226,227,229,231,233,235,236,240,242,244,248,254,258,260,268,275,276,281,284,287,290,291,299,305,317,330,332,387,403,496,508,581
35,30,38,39,40,42,45,46,47,48,49,51,53,54,55,56,57,59,60,61,62,63,64,65,66,67,68,69,70,72,74,75,76,77,78,80,81,82,83,84,85,86,87,91,92,93,95,96,97,99,101,102,105,106,108,109,110,112,113,114,115,116,117,120,121,122,123,124,126,127,128,129,131,135,137,138,139,141,143,144,146,147,148,149,150,152,153,155,156,157,158,159,160,161,162,163,165,166,167,168,169,170,172,173,174,175,176,177,179,181,182,185,186,187,194,195,199,201,203,204,206,208,209,211,214,217,221,222,225,227,236,237,238,240,241,248,251,252,255,256,258,259,261,266,268,273,278,281,295,298,313,316,319,350,388,408,483,590
36,1,33,34,43,45,46,47,48,50,51,52,53,54,55,57,58,59,60,61,62,63,64,65,66,67,68,71,73,74,76,77,78,81,82,84,85,86,87,88,89,90,92,93,94,96,97,99,101,102,103,104,105,106,107,108,109,110,112,113,114,115,116,117,118,119,120,122,123,124,126,127,128,129,130,131,132,133,134,135,136,137,138,140,142,143,144,145,147,148,152,153,154,155,156,157,159,160,164,165,167,169,170,171,173,174,176,183,189,191,197,198,199,200,201,210,213,222,223,226,227,232,247,248,254,255,258,261,269,271,274,278,279,283,292,298,299,300,310,314,334,359,425,452,501,616,653
37,37,38,48,51,52,54,55,56,58,59,60,61,63,64,65,66,67,68,69,70,71,72,73,75,76,77,78,79,80,81,82,83,84,85,86,87,88,89,90,91,92,94,95,96,97,98,99,100,101,103,105,108,109,111,112,115,116,119,120,123,124,125,127,129,130,131,133,138,140,144,145,146,150,151,152,154,157,159,160,161,162,163,164,166,167,168,169,171,172,173,175,176,178,179,180,182,183,184,185,191,192,198,199,200,207,210,211,212,213,214,216,218,222,224,229,234,235,244,247,280,304,675
38,47,53,55,56,58,59,60,61,62,64,65,66,67,68,69,70,72,74,75,77,79,80,83,84,85,88,93,94,96,97,99,100,101,102,104,105,106,107,109,110,111,112,115,117,118,119,121,122,123,124,126,128,130,131,132,134,136,137,139,141,142,144,145,146,149,151,153,154,155,156,157,158,159,161,163,164,166,168,170,172,173,175,176,178,179,181,182,187,197,203,209,210,216,223,226,248,302,356,520
39,45,47,49,50,51,52,54,55,56,58,59,60,61,62,65,66,67,68,70,71,72,74,75,76,77,78,79,80,81,83,84,85,86,87,89,90,92,93,94,95,96,97,98,99,100,101,102,106,107,108,111,112,113,116,117,118,121,122,124,125,126,127,129,130,132,135,138,147,148,155,157,163,166,167,168,169,170,171,174,178,186,199,200,205,208,218,219,220,221,241,250,269,354,503,672,685
40,45,47,48,49,50,51,54,57,58,59,60,61,63,64,65,66,67,68,69,70,71,72,73,74,75,76,78,79,80,81,82,83,84,85,86,87,89,90,91,93,95,97,98,99,102,103,104,106,107,108,112,113,115,116,117,118,121,122,123,127,128,132,137,140,141,146,148,149,151,152,153,154,155,157,159,160,161,162,164,165,172,173,176,184,185,189,214,220,223,225,248,259,281
41,6,39,42,43,45,46,47,50,51,52,53,54,55,56,58,59,60,61,62,63,64,65,66,67,68,69,70,72,73,74,75,76,78,79,80,81,82,83,86,87,88,93,94,95,99,100,101,102,103,104,105,106,109,110,114,115,116,118,119,122,124,125,126,127,128,129,131,132,133,134,135,136,137,139,141,142,143,145,146,149,150,152,153,154,155,156,157,158,160,161,163,164,165,166,167,168,169,174,175,180,181,202,232,245,294,308,312
42,29,33,35,36,38,39,40,41,42,43,44,45,46,47,48,49,50,51,52,53,54,55,56,58,59,60,61,63,65,66,67,68,69,71,73,75,77,78,79,80,81,82,85,87,88,89,90,91,92,94,95,96,97,98,99,101,102,103,104,105,106,107,108,109,111,113,114,115,116,117,118,119,121,122,123,125,127,128,134,135,136,137,138,139,141,142,144,145,147,148,151,152,153,154,155,156,157,158,159,161,165,167,169,171,172,173,176,177,179,186,187,191,193,194,195,201,203,205,206,211,213,215,219,221,241,262,445,476
43,26,28,30,31,34,35,36,37,38,40,41,42,43,45,46,47,48,49,50,51,54,55,56,57,58,59,61,62,63,64,65,66,67,68,69,71,72,73,74,75,76,77,78,79,80,81,82,83,84,85,87,89,90,92,93,95,96,97,98,100,101,104,106,107,108,109,111,112,114,115,120,121,122,124,126,130,133,134,135,139,142,143,144,145,147,148,149,150,151,152,154,155,156,158,159,160,161,163,164,165,166,167,168,169,170,172,173,175,176,177,178,180,182,192,193,194,198,200,201,206,211,216,217,221,223,234,241,261,269,372,451
44,23,26,30,32,33,36,39,42,43,44,45,46,47,50,54,55,56,57,62,71,72,73,76,77,78,80,85,92,93,96,97,98,99,101,103,106,108,111,113,114,115,116,117,118,119,120,121,122,123,125,127,129,130,131,132,133,134,136,138,139,140,141,143,145,147,152,153,156,158,160,163,166,168,170,174,181,186,191,192,211,224,491,592,618,640
45,24,28,34,61,64,69,76,84,88,90,105,112,118,120,121,140,144,159,172,174,176,178,180,182,188,269,333,413,426,589,622
46,163,622
47,126,250,336,606,652
48,346,422,649
49,74,239,685
50,23,580,617
51,85,91,402,510,521,588,697
52,46,127,576,625
53,281,437,522
54,55,177,247,571,586,595
55,537
56,95,113,395,571
57,86,168,489,527,559,632
58,77,288,331,383,484,524,559,620
59,52,511,552,670
60,173,201,308,490,505,649,676
61,27,166,618,684
62,301,365
63,
64,
65,
66,
67,
68,
69,
70,
71,
72,
73,
74,
75,
76,
77,
78,
79,
80,
81,
82,
83,
84,
85,
86,
87,
88,
89,
90,
91,
92,
93,
94,
95,
96,
97,
98,
