5
0,564
1,293,431,522,652,657,674,695
2,7,40,335,438,605
3,22,159,250,560
4,130,156,191,391,525,625,662,672
5,3,46,58,154,161,181,261,279,294,407,440,475,624
6,44,82,86,90,166,179,195,209,251,358,401,487
7,72,77,80,82,83,91,92,93,94,96,534,579,586,690
8,52,53,58,61,71,74,75,78,81,82,83,84,86,87,88,89,90,91,92,93,94,95,96,97,98,99,100,101,102,104,105,106,107,108,109,110,112,118,119,120,128,313,484,564,633,636
9,62,74,75,77,78,79,80,81,82,83,84,85,86,87,88,89,90,91,92,93,94,95,96,97,98,99,100,101,102,103,104,105,106,107,108,109,110,111,112,113,114,115,116,117,118,119,120,121,122,123,124,125,126,127,128,129,130,131,132,133,134,135,136,137,138,139,140,141,142,143,144,145,147,148,150,151,152,155,157,158,160,162,163,165,166,168,169,170,171,172,173,174,176,177,178,179,180,181,183,185,186,192,194,196,209,216,222,228,434,631,660
10,77,79,80,81,82,83,84,85,86,87,89,90,91,92,93,94,96,97,98,99,100,101,102,103,104,105,106,107,108,109,110,111,112,113,114,115,116,117,118,119,120,121,122,123,124,125,126,127,128,129,130,131,132,133,134,135,136,137,138,139,140,141,142,143,144,145,146,147,148,149,150,151,152,153,154,155,156,157,158,159,160,161,162,163,164,165,166,167,168,169,170,171,172,173,174,176,177,178,179,180,181,182,183,184,185,186,187,189,190,191,192,193,194,195,196,197,198,199,200,201,202,203,204,205,206,208,209,210,211,212,213,214,215,216,217,219,220,221,222,223,224,227,228,229,230,231,232,233,234,235,236,238,239,240,241,242,243,244,245,247,248,249,250,251,255,256,257,258,259,261,263,264,265,266,267,268,269,271,272,274,275,276,277,278,279,281,283,285,286,287,289,290,291,292,293,294,295,296,297,299,300,301,303,304,305,306,308,309,310,311,313,314,315,317,318,319,320,321,322,324,325,326,327,328,329,330,331,332,335,336,337,339,340,342,343,344,345,349,350,352,353,356,357,358,361,363,368,449,538,568
11,58,71,74,77,78,80,81,82,85,87,88,89,90,91,92,93,94,95,96,97,98,100,101,102,103,104,105,106,107,108,109,110,111,112,113,115,116,117,118,119,120,121,122,123,124,125,129,130,131,132,134,135,136,137,138,139,140,141,142,143,144,145,146,148,149,150,151,154,155,156,157,158,159,160,161,162,163,164,165,166,167,168,169,170,171,172,175,176,177,179,181,182,183,185,187,188,189,190,191,192,193,194,195,196,197,198,199,200,201,202,204,205,206,207,208,209,210,211,213,214,216,217,218,219,220,221,222,223,224,225,226,227,229,231,235,236,237,239,240,241,242,243,244,245,246,248,249,250,252,253,254,255,256,257,258,259,260,262,263,264,265,266,267,268,269,270,271,272,274,275,276,277,278,280,282,284,285,286,287,288,290,291,294,296,298,299,300,301,302,303,304,306,307,308,309,311,312,313,314,315,316,317,319,320,321,322,323,324,325,326,327,328,329,330,331,332,333,334,335,336,337,338,339,340,341,342,343,344,346,347,348,349,350,351,352,353,354,355,356,357,358,359,360,361,362,363,364,365,366,367,368,369,370,375,376,377,378,379,383,385,386,387,388,389,391,392,395,397,398,400,401,402,406,409,412,415,416,417,418,422,438,440,441,450,584,646,652,665,671
12,75,79,80,82,83,84,85,86,88,89,90,91,92,93,94,95,96,99,100,101,102,103,104,106,107,108,109,110,111,113,115,116,118,119,121,122,123,125,126,130,132,138,139,141,142,143,144,147,149,150,151,153,156,157,159,160,162,163,164,165,166,167,172,174,175,176,177,178,180,181,182,184,185,186,187,188,189,191,192,193,194,195,196,197,198,199,200,201,202,203,206,207,210,211,212,213,214,215,216,217,218,219,221,223,224,225,228,230,231,232,234,237,238,239,240,241,242,243,246,248,252,253,254,255,256,257,258,260,261,262,264,265,266,267,270,271,272,273,274,275,276,277,279,280,284,285,286,287,288,289,290,292,295,297,298,299,301,302,303,305,306,309,311,313,314,315,317,318,319,320,321,322,325,326,327,328,329,330,332,333,334,335,336,337,338,339,340,341,342,343,344,345,346,347,349,350,351,352,353,354,356,358,359,360,361,362,364,365,366,367,368,369,370,371,372,373,374,376,377,378,379,381,382,383,384,385,386,387,388,390,391,393,395,397,398,400,401,404,405,410,411,417,420,426,429,431,433,434,436,440,446,454,458,462,463,464,528
13,72,75,76,77,80,84,85,86,87,88,89,91,93,94,97,98,102,103,104,105,106,107,109,115,117,118,119,122,123,125,127,128,129,131,133,137,142,143,145,148,149,150,151,153,154,155,159,161,162,164,167,169,170,178,183,185,190,194,195,196,197,202,203,205,209,210,211,213,214,216,217,224,225,227,230,231,232,235,238,239,240,244,245,246,247,248,250,251,253,257,258,259,260,261,263,264,265,266,267,269,270,271,272,273,275,277,278,279,281,283,284,285,287,288,289,290,291,292,293,294,295,296,298,299,302,303,305,306,307,310,311,312,313,315,316,318,319,320,323,325,326,327,328,330,333,334,335,336,337,339,340,341,342,343,344,345,346,347,348,349,350,352,353,354,355,356,358,360,361,362,363,364,365,366,368,369,370,371,373,374,375,377,378,379,381,383,384,385,386,387,388,390,392,396,397,401,402,403,405,407,409,410,411,412,415,417,420,423,425,427,428,430,431,438,439,440,441,444,447,449,458,480,491,598
14,67,70,71,72,74,76,79,80,82,83,84,85,86,88,89,90,91,94,95,96,98,99,100,103,105,106,109,110,113,117,122,123,124,130,131,132,135,136,137,138,139,141,152,157,158,159,163,166,168,170,172,181,182,184,185,186,187,191,193,199,206,207,209,211,220,221,222,227,234,236,239,241,248,249,257,260,262,264,267,268,269,270,271,276,278,279,280,283,284,286,287,288,289,294,295,296,297,299,302,303,304,310,312,313,314,315,316,317,319,320,321,322,323,324,326,327,328,329,330,331,332,333,334,335,336,337,338,339,340,341,343,346,347,348,349,351,352,354,355,356,359,360,361,362,363,364,365,367,371,372,374,378,380,381,382,384,385,386,387,389,390,391,394,396,397,398,400,402,407,410,412,417,418,423,430,432,433,437,446,448,450,452,458,460,465,467,474,501
15,80,81,82,83,85,87,89,90,94,95,97,98,99,102,103,105,106,107,112,115,119,120,122,126,128,133,143,145,150,164,170,171,176,183,184,186,187,194,195,196,201,203,210,211,213,217,219,220,223,231,235,238,239,244,245,246,257,259,260,263,265,267,271,273,275,282,283,284,285,286,291,293,294,295,296,298,299,303,307,308,309,310,311,312,313,314,315,316,317,318,319,320,321,322,324,325,326,327,328,329,331,332,333,335,336,339,341,343,344,345,346,347,349,350,352,354,355,356,358,359,360,362,366,367,368,370,371,372,374,375,376,379,380,381,392,393,395,397,398,403,406,407,408,409,412,414,418,421,425,429,444,453,460,533,566,698
16,78,81,83,84,85,86,89,91,92,94,96,97,98,100,101,104,106,107,108,111,112,119,121,123,124,125,126,128,129,133,135,136,137,146,150,151,159,160,175,180,186,187,188,190,191,193,198,202,205,206,222,225,235,236,237,245,248,250,251,256,257,260,264,265,266,269,270,272,277,278,280,281,282,286,287,292,294,296,298,305,306,307,308,310,314,318,320,321,324,325,326,328,329,331,332,333,334,336,337,338,339,340,342,343,344,345,346,349,350,351,352,355,356,357,358,359,360,362,363,364,366,367,368,371,372,374,375,377,378,381,383,385,387,388,389,392,399,400,402,403,404,406,408,410,411,413,415,417,428,429,431,433,435,438,447,448,454,458,467,470,487,499,520,561,630
17,64,76,78,83,84,87,89,91,92,93,94,95,99,100,101,102,104,108,111,112,115,116,117,119,120,125,126,128,132,133,135,138,147,149,152,154,159,161,162,167,170,179,184,185,192,193,195,198,204,208,209,213,216,222,230,231,233,239,240,244,246,248,254,263,272,276,279,281,285,289,291,292,295,297,298,299,302,304,305,306,307,308,311,312,314,315,317,319,320,322,323,324,326,330,331,332,333,336,337,338,339,340,342,345,346,347,350,351,352,353,356,359,361,362,363,364,365,366,367,369,377,379,382,384,387,391,392,394,400,404,405,406,408,409,413,415,418,419,439,443,448,450,451,458,463,468,489
18,68,82,85,90,92,93,94,95,96,97,98,99,100,101,103,104,109,111,114,115,117,119,120,132,134,135,136,143,152,155,156,164,172,175,183,190,191,192,193,196,197,204,206,208,210,211,212,217,218,219,225,231,234,237,238,239,241,259,260,271,274,275,276,278,279,281,284,285,295,299,300,304,305,307,308,309,314,315,317,318,320,321,323,324,325,326,328,331,332,333,334,337,338,341,342,344,347,348,349,351,355,356,363,364,365,367,370,371,372,374,375,377,379,380,383,384,385,386,388,390,392,394,397,399,402,403,410,413,414,415,417,422,424,426,427,431,433,434,435,443,445,448,455,659
19,78,81,82,83,84,85,86,90,91,92,93,94,95,97,99,100,101,103,104,105,108,109,111,112,116,119,120,121,122,123,125,129,130,136,137,139,142,145,146,151,154,162,163,165,170,172,179,186,191,193,194,195,203,204,207,212,219,220,227,229,236,237,241,242,243,244,245,249,255,261,263,266,267,270,272,274,275,278,281,282,285,287,288,293,295,296,299,300,303,306,308,309,313,314,315,316,319,321,322,323,324,325,327,328,330,333,334,335,336,337,341,342,343,346,347,350,355,360,362,363,364,365,369,371,373,375,377,380,383,384,386,388,389,390,393,395,396,398,400,401,404,405,408,410,416,419,425,430,436,445,451,452,453,458,462,465,466,477,495,518,562,602,673,694
20,35,36,78,83,86,88,89,91,92,93,96,97,98,99,101,102,103,104,106,107,112,116,123,124,125,128,129,130,132,133,135,139,140,141,148,150,151,152,154,164,165,166,169,172,173,176,182,186,189,191,194,198,199,201,207,209,211,215,223,228,235,238,239,240,244,247,250,251,252,254,260,269,273,274,278,282,286,288,289,291,295,297,298,302,308,309,312,313,320,327,331,332,334,335,337,338,339,340,341,342,347,351,354,355,356,357,359,360,362,364,367,368,373,378,383,384,387,389,390,392,398,401,402,411,414,418,419,420,421,424,426,431,437,448,449,467,493,530,546,551,606,659
21,22,79,82,83,84,86,87,89,91,92,94,95,96,98,104,106,108,109,110,111,112,115,116,117,119,120,124,127,128,130,131,139,143,145,149,150,151,152,153,159,161,164,168,177,178,181,187,191,196,197,198,199,204,209,216,217,218,221,222,224,234,236,238,240,245,261,263,270,271,276,281,282,284,287,290,297,299,300,303,306,307,308,314,315,316,319,321,323,324,328,330,331,335,338,339,342,343,345,346,347,348,349,350,354,355,357,358,360,363,367,368,369,371,372,378,379,381,382,384,386,392,394,396,400,402,404,409,412,413,419,424,452,456,461,462,478,620
22,73,79,82,83,84,85,88,89,91,93,94,96,98,102,107,111,115,116,118,119,120,129,130,134,135,137,139,140,141,142,143,147,148,150,151,152,154,157,159,165,167,168,172,173,182,187,190,195,196,198,199,208,217,222,230,235,243,246,251,269,274,276,277,278,280,281,288,290,291,292,294,295,298,299,302,306,307,314,319,323,326,327,330,331,332,333,335,336,340,341,343,344,346,347,353,354,356,357,359,360,361,363,367,368,369,372,373,375,377,379,380,386,391,393,394,395,399,402,410,418,421,422,427,430,432,444,448,456,472,486,493,494,504
23,73,75,76,77,80,82,83,85,86,87,88,89,91,92,93,95,98,99,101,105,106,108,110,111,116,119,124,125,126,127,130,131,132,133,135,138,141,154,155,157,165,166,176,182,184,185,186,188,190,192,194,196,197,203,207,209,220,221,225,226,229,234,237,244,246,248,256,257,269,270,271,272,274,275,276,279,281,284,286,288,289,290,291,292,295,296,297,298,302,310,315,321,322,328,329,331,333,334,337,338,339,341,344,346,347,350,352,354,355,357,358,359,362,366,367,368,369,371,372,378,383,385,392,400,407,410,416,423,425,429,433,444,459,466,469,481,485,508,546,577
24,66,71,73,75,77,80,81,87,89,90,92,93,94,96,97,98,99,100,103,105,106,108,111,112,113,122,124,135,138,140,142,144,146,150,154,157,167,171,172,176,180,182,189,193,205,214,215,221,223,228,233,236,242,251,259,263,268,271,274,275,276,280,282,291,294,295,296,305,306,308,310,312,313,317,322,328,330,332,333,334,335,340,341,343,348,349,355,358,362,368,369,370,373,374,376,379,380,381,383,385,387,390,392,394,405,413,415,417,418,431,439,440,442,443,465,497,498,694
25,69,72,74,75,77,78,79,82,83,85,86,87,90,91,92,95,96,97,100,101,102,105,109,111,113,114,115,116,117,121,122,132,135,136,137,138,145,148,151,152,155,156,157,158,160,162,164,166,170,171,172,178,184,186,190,191,196,198,205,206,211,233,235,237,243,246,263,264,265,266,268,269,272,277,279,280,283,288,289,293,294,295,296,298,299,303,304,311,315,316,317,318,320,331,334,337,338,342,343,344,347,349,359,362,363,364,366,371,374,381,383,395,397,402,404,406,413,415,423,429,435,442,448,460,466,467,476,481,482,484,540,554,589,624,697
26,67,70,71,72,73,74,75,76,77,79,81,82,83,85,87,88,90,91,92,94,95,96,97,98,101,104,111,116,119,120,124,126,127,128,129,130,133,148,149,156,172,177,178,184,186,192,210,214,217,224,241,255,257,259,260,263,265,275,276,282,283,285,286,287,291,295,300,302,304,306,307,308,313,316,318,320,325,326,329,333,336,339,340,344,348,349,351,352,361,367,368,386,396,413,417,420,425,429,445,448,480,511,541,552
27,18,50,64,67,68,69,70,76,78,79,80,82,83,84,85,87,89,90,92,93,94,95,96,97,98,101,106,107,108,116,121,124,125,128,129,130,145,146,147,148,155,160,162,169,174,177,183,188,194,197,198,210,216,217,220,227,230,231,237,239,249,252,254,255,256,257,258,260,261,262,266,270,272,273,274,280,282,284,286,290,296,300,301,307,310,311,314,318,321,322,326,335,336,340,343,345,348,352,356,357,358,362,368,377,378,379,382,384,387,388,390,395,401,403,405,407,415,416,433,438,453,466,486,488,498,500,550,570,597,697
28,59,62,64,65,66,68,69,71,73,74,77,78,80,81,82,83,84,85,86,90,91,92,93,96,97,100,101,102,103,107,108,109,111,117,119,120,126,137,141,148,149,150,156,161,165,166,168,171,173,174,175,181,184,198,199,200,219,220,230,234,236,239,257,258,261,262,263,264,270,271,277,280,288,292,294,296,297,299,301,304,309,311,316,318,320,325,329,331,338,340,346,347,348,353,355,360,363,364,369,377,387,392,393,398,399,403,417,426,541,651,678
29,45,49,51,61,64,65,66,67,68,70,71,72,73,74,75,76,77,78,80,81,82,83,84,85,86,87,89,92,94,96,97,101,102,103,104,105,106,107,110,115,123,124,127,130,131,132,137,141,143,144,150,157,158,160,161,166,169,175,176,181,184,197,201,202,211,212,217,237,243,251,252,253,256,257,264,266,270,272,276,279,280,281,285,288,292,295,298,299,304,305,306,307,309,313,314,321,326,335,336,343,344,345,350,355,357,358,359,363,368,370,374,377,382,384,387,407,508,599
30,62,63,65,66,69,70,71,72,74,75,76,77,78,79,80,81,82,83,85,87,88,89,90,92,93,94,95,96,100,101,103,105,107,116,117,118,122,124,125,129,130,132,134,136,137,142,144,146,151,152,154,157,160,161,163,165,167,168,170,171,172,174,175,178,190,191,192,193,194,197,206,207,211,222,224,226,228,229,236,237,240,242,246,248,260,261,265,269,271,273,275,277,283,291,296,299,307,308,309,310,313,315,317,325,336,340,341,348,359,376,381,384,385,391,396,404,421,426,429,433,434,477,557
31,23,59,60,61,63,65,66,67,68,69,70,71,72,73,74,75,76,78,79,80,81,82,83,84,85,86,87,88,91,94,95,98,99,103,104,106,108,110,111,113,117,120,121,123,124,129,130,132,134,137,142,143,144,148,149,153,156,158,159,162,165,166,169,171,172,173,174,178,179,182,183,184,186,192,193,194,195,196,200,204,209,214,218,219,228,233,244,253,255,259,263,265,271,272,276,277,278,279,282,286,287,291,292,295,298,306,310,312,316,319,321,335,337,347,348,349,354,356,358,361,364,367,368,373,374,376,394,395,397,398,402,403,405,416,418,420,434,448,453,476,484,489,513,545,553,642
32,57,59,60,61,62,63,64,66,67,68,69,70,71,72,73,74,75,76,78,79,80,81,85,86,87,88,89,90,92,93,94,97,98,99,100,101,102,105,106,110,111,112,113,114,117,118,119,120,121,122,127,128,129,133,134,135,139,145,146,147,148,149,151,153,156,160,161,162,170,171,181,185,187,192,194,198,201,206,215,216,217,218,220,221,233,244,246,247,251,254,262,272,279,281,283,286,289,292,296,304,320,321,330,338,347,348,358,361,384,392,399,401,411,431,448,451,454,471,494,504
33,56,57,58,60,62,63,64,65,67,68,69,70,72,73,74,76,77,78,79,82,84,86,87,92,93,94,95,97,98,99,100,101,102,103,108,109,110,111,115,126,130,131,136,137,142,146,148,149,154,155,157,159,164,169,173,174,181,183,184,190,199,208,222,227,232,235,245,246,250,253,256,258,261,265,268,270,273,274,280,284,285,287,291,292,294,297,301,304,308,334,341,349,354,355,359,361,368,391,409,433,465,551,568
34,52,53,55,56,57,59,60,61,62,63,64,66,67,71,73,76,79,81,82,84,85,86,87,88,89,91,93,95,100,102,103,106,107,108,111,112,113,116,122,125,128,129,130,132,138,150,151,154,155,157,160,164,165,166,175,176,177,182,184,188,190,192,193,195,204,205,222,224,226,229,233,241,243,245,249,250,253,254,256,257,258,261,262,274,276,277,278,279,280,281,282,284,285,309,321,329,345,349,354,363,369,375,405,407,408,422,450,457,540
35,52,54,56,58,59,60,61,63,64,65,66,67,69,71,72,73,74,75,77,79,81,82,84,86,89,91,92,93,94,95,99,100,101,104,112,120,123,125,127,128,131,139,150,152,158,160,166,169,171,176,181,186,187,192,196,198,205,207,214,217,224,227,228,235,236,237,238,240,246,247,252,253,254,255,257,259,260,262,263,268,269,270,273,279,280,282,286,293,296,305,312,318,319,358,361,433,459,485
36,57,58,59,60,61,63,64,65,66,70,71,72,73,74,75,77,79,80,81,82,85,90,91,92,94,97,99,100,105,107,109,115,117,119,124,127,132,138,140,142,150,152,154,159,160,162,164,167,168,172,173,187,188,191,193,194,197,202,206,207,209,210,212,222,227,229,230,231,234,235,237,239,243,244,245,246,251,254,257,258,261,262,265,266,270,271,276,282,284,289,294,329,337,355,357,383,415,462,668
37,56,59,61,62,63,64,66,67,71,74,76,77,79,87,89,90,91,97,100,102,109,110,117,118,119,120,131,132,136,139,149,151,160,164,168,187,204,212,223,226,227,232,235,238,241,243,245,246,247,248,253,257,258,262,263,269,272,273,283,284,294,300,303,310,315,318,330,336,396
38,54,61,65,70,71,73,76,77,81,83,84,91,92,93,99,104,112,123,125,126,131,139,146,150,151,154,156,162,164,170,173,176,180,181,184,185,190,191,207,211,213,214,216,217,221,222,242,249,252,254,255,257,262,282,430,442,457,521,524
39,18,60,63,65,67,68,73,74,76,79,80,87,88,90,92,97,102,106,108,112,113,115,131,133,134,141,150,157,158,160,161,164,168,173,174,177,179,182,189,192,200,204,205,206,207,208,210,212,213,214,215,216,217,221,224,225,226,238,241,244,252,263,270,292,295,298,448,481,574
40,20,22,23,58,60,62,67,69,71,72,73,75,80,81,97,102,104,109,111,113,115,116,117,120,122,123,126,127,128,130,132,142,144,157,162,168,169,172,178,180,182,185,195,196,197,199,201,205,212,216,217,218,222,224,230,234,235,237,239,240,243,248,251,257,259,269,276,486,499,521,596,617,667
41,20,51,53,55,57,59,62,82,83,85,86,88,89,92,93,95,98,99,101,105,106,109,111,112,113,114,116,117,118,119,120,121,122,123,125,126,128,130,132,133,134,137,138,139,141,142,144,145,148,150,151,162,187,188,190,191,194,200,204,205,208,209,210,215,216,217,219,220,221,223,224,225,227,230,235,237,238,239,242,247,254,255,259,261,270,278,283,291,299,329,333,364,436,672,699
42,7,19,24,29,30,40,63,71,72,75,76,79,80,82,88,95,106,115,116,117,119,124,125,130,132,137,140,142,143,144,145,147,148,152,153,154,155,156,157,160,161,165,166,167,170,173,174,175,178,180,181,182,184,185,186,189,192,193,195,196,197,199,200,202,205,209,211,212,213,214,215,216,218,219,225,227,229,234,237,240,241,242,243,246,253,256,257,275,288,292,293,304,325,348,456
43,21,51,57,61,69,91,97,105,112,113,117,200,466,473,652
44,10,100,131,430,475,509
45,
46,17,165
47,
48,538,553
49,9,40,496
50,602,684
51,11,174,503
52,44,97,180,234,323,330,438,633
53,364,546,571
54,352,468,562
55,
56,151,184,626,644
57,74,76,238,428,463,551,619
58,13,317,328,554,678
59,78,357,384,427,555,588
60,330,396,553
61,134
62,
63,
64,
65,
66,
67,
68,
69,
70,
71,
72,
73,
74,
75,
76,
77,
78,
79,
80,
81,
82,
83,
84,
85,
86,
87,
88,
89,
90,
91,
92,
93,
94,
95,
96,
97,
98,
