16
0,70
1,15,31,62,139,214,518,625,638,692
2,4,61,70,73,75,77,101,144,210,223,237,257,351,623
3,57,59,60,61,67,70,71,72,73,74,75,76,77,78,79,80,81,82,83,84,85,86,87,88,89,91,92,93,94,95,96,97,98,99,100,101,102,103,105,109,111,112,113,114,116,137,144,389,399,417,561,612,635,658
4,18,24,49,52,57,60,62,63,65,66,67,68,69,70,71,72,73,74,75,76,77,78,79,80,81,82,83,84,85,87,88,89,90,91,92,93,94,95,96,97,98,99,100,101,102,103,104,105,106,107,108,109,110,111,112,113,114,115,116,117,118,119,120,121,122,123,124,125,126,127,128,129,130,131,132,133,134,136,137,138,139,141,142,143,144,145,146,148,150,151,152,153,154,160,161,176,272,362,673
5,40,58,59,61,62,63,64,65,66,67,68,69,70,71,72,73,74,75,76,77,78,79,80,81,82,83,84,85,86,87,88,90,91,92,93,94,95,96,97,98,99,100,101,102,103,105,106,107,108,109,110,111,112,113,114,115,116,117,118,119,120,121,122,123,124,125,126,127,128,129,130,131,132,133,134,135,136,137,138,139,140,141,142,144,145,146,147,148,149,150,151,152,153,154,155,156,157,158,159,161,162,163,164,165,166,167,168,169,170,171,172,173,174,175,176,177,178,179,180,181,182,183,184,185,186,187,188,189,190,191,192,193,195,196,197,198,199,201,204,205,206,207,208,209,210,211,213,214,218,219,220,222,223,226,229,235,236,242,244,248,252,254,255,258,259,265,339,650
6,57,59,61,62,63,64,65,66,67,68,69,70,71,72,73,74,75,76,77,79,80,81,82,83,84,85,86,87,88,89,90,91,92,93,94,95,96,97,98,99,100,101,102,103,104,105,106,108,110,111,112,113,114,116,117,118,119,120,121,122,123,124,125,126,127,128,129,130,131,132,133,134,135,136,137,138,139,140,141,142,144,145,148,150,152,154,155,157,158,160,161,162,163,164,166,167,168,169,170,171,172,176,179,180,181,182,183,184,185,186,187,188,189,191,192,194,195,196,197,198,200,201,202,203,204,205,207,208,209,210,211,212,213,214,215,216,217,219,220,221,222,223,225,227,231,232,233,234,235,236,238,239,240,242,245,247,248,250,254,255,261,269,271,279,282,304,307,310,311,332,474,517,673
7,56,58,59,60,61,62,63,64,65,66,67,68,69,70,71,72,73,75,76,77,78,79,80,81,82,83,84,86,87,88,89,90,91,92,93,94,95,96,97,98,99,100,101,102,103,104,105,106,107,108,109,110,111,112,113,114,115,116,117,118,121,122,124,125,126,127,128,129,130,132,133,134,135,138,139,140,142,144,145,146,147,149,152,154,158,160,161,162,163,164,165,166,170,172,173,174,175,176,177,178,179,181,184,186,187,188,192,194,195,196,197,198,201,202,203,204,205,207,208,210,211,212,215,216,218,221,226,227,229,230,233,235,241,242,243,251,269,274,275,279,291,292,300,308,322,419,455,526,532
8,54,56,59,61,62,63,64,65,67,68,69,70,71,72,73,74,75,76,77,78,79,80,81,82,83,84,85,86,87,88,89,90,91,92,93,94,95,96,97,98,99,100,101,102,103,104,105,106,107,108,109,110,111,112,113,114,115,116,117,118,120,121,122,123,125,129,130,131,132,134,136,137,140,141,143,146,151,152,154,156,157,161,162,163,164,165,166,167,168,169,170,171,172,174,175,176,178,179,181,182,184,185,186,187,188,189,190,193,194,195,196,198,199,200,202,203,204,205,207,208,209,210,211,212,213,214,215,216,217,218,219,222,223,234,236,237,238,239,243,256,257,258,264,275,276,278,332,343,347,447,475,528
9,14,36,54,55,58,59,60,61,63,64,65,66,67,68,69,70,71,72,73,74,75,76,77,80,81,82,83,84,85,86,87,88,89,90,91,92,93,94,95,96,97,98,99,100,101,102,103,104,105,106,108,109,110,112,113,114,115,117,118,119,120,122,124,126,127,129,130,131,132,134,135,136,138,139,143,144,145,146,148,152,153,154,155,156,157,159,160,163,165,166,168,169,170,171,172,173,174,175,176,178,179,181,182,184,185,187,189,190,192,194,195,196,197,198,199,207,208,209,211,216,217,218,224,225,229,230,241,243,244,247,248,250,258,261,266,272,273,281,375,560,563,587,598
10,55,56,58,60,61,62,63,64,65,66,67,68,69,70,71,72,73,74,75,76,78,79,80,81,82,83,84,85,87,88,89,90,91,92,94,95,97,98,100,102,103,106,107,108,109,110,111,112,113,114,115,116,118,119,120,121,122,123,125,126,127,128,130,131,132,133,136,137,138,139,140,141,144,146,147,150,151,152,153,154,155,156,157,158,159,160,161,162,163,165,166,170,171,172,174,175,177,178,180,188,190,191,193,194,197,198,199,200,201,202,203,204,205,207,208,209,213,214,217,219,222,223,225,237,239,246,248,249,258,274,309,311,314,325,360,372,416,587,617
11,47,50,55,56,59,60,62,63,64,65,66,68,69,70,71,72,73,74,75,76,77,78,79,81,82,83,85,86,87,88,90,91,92,94,95,96,98,99,100,101,102,103,104,105,106,107,108,109,112,114,115,118,121,122,123,124,125,126,127,128,129,130,131,133,134,135,137,140,141,145,146,147,149,151,152,155,158,163,164,165,166,168,170,173,175,176,177,178,181,182,185,187,189,192,196,198,199,201,203,204,212,223,225,232,246,248,251,260,261,277,278,285,286,305,355,365,500,545,557,574,578,592,599,605,627
12,49,53,56,57,59,60,61,63,64,65,66,67,68,69,70,71,72,73,74,75,76,78,79,80,82,84,85,87,88,89,90,91,92,93,94,95,96,97,98,99,100,101,102,103,104,107,108,109,110,112,113,114,115,116,117,118,120,122,124,125,128,129,130,132,133,135,136,138,139,142,143,147,151,154,155,156,164,166,168,172,174,176,181,183,186,188,190,191,192,194,196,197,198,200,203,204,206,207,209,213,216,220,224,228,229,233,237,248,254,255,257,259,264,265,273,283,384,400,559,585,590,594,595,597,604,610,620,622,625,627,629,630,633,634,637
13,33,58,59,60,62,63,65,67,68,69,70,73,74,75,76,77,78,79,80,81,82,83,84,85,86,87,88,89,93,94,95,96,97,98,99,100,102,103,104,106,108,109,110,111,112,114,116,117,121,123,124,126,128,129,130,131,132,134,135,137,138,139,143,147,148,154,155,156,157,159,162,164,165,167,168,170,174,176,177,179,180,181,182,184,185,187,188,189,193,198,200,204,209,211,213,218,219,221,223,224,236,239,242,243,245,254,283,287,291,307,344,351,566,582,584,599,607,610,611,617,624,626,628,631,645
14,63,65,66,68,70,71,72,73,74,75,76,77,78,80,81,82,83,84,85,86,87,89,90,91,92,93,95,96,97,98,99,100,101,103,104,105,106,107,109,111,116,118,120,121,122,125,126,127,128,129,130,131,133,134,136,137,138,142,143,144,145,146,147,148,149,151,153,157,158,159,160,163,164,168,169,171,172,173,174,176,177,178,179,180,183,184,187,189,190,191,192,193,197,199,206,212,218,219,221,223,227,232,235,238,240,244,248,251,258,277,282,294,302,340,352,381,555,556,557,569,576,586,589,590,593,596,597,598,599,600,601,602,603,606,607,608,609,610,611,613,616,621,624,627,633,635,650,677
15,38,57,62,63,64,65,66,68,72,73,74,75,76,77,78,79,80,81,82,83,84,85,86,87,88,89,90,91,92,93,96,97,99,101,104,108,109,111,112,113,114,115,116,119,120,121,122,124,125,126,127,128,130,131,134,136,137,138,139,140,142,143,144,145,147,150,153,155,156,159,161,162,163,164,165,167,168,169,170,171,175,176,177,179,180,181,182,183,186,187,188,189,191,193,195,197,199,203,204,211,214,218,228,230,254,277,286,298,360,455,458,506,533,581,596,608,628,663
16,23,52,59,65,68,69,70,71,72,73,74,75,76,77,78,79,80,81,82,83,84,85,86,87,88,89,90,91,92,93,94,95,96,98,99,100,101,102,103,105,106,107,108,109,110,111,112,113,114,115,116,117,119,121,122,123,124,125,126,127,128,130,131,132,133,134,136,137,138,140,141,142,143,144,145,146,147,148,149,151,152,153,156,157,158,159,161,163,166,168,169,170,171,172,173,174,175,176,177,179,180,181,182,183,184,185,186,188,189,191,193,195,196,197,200,201,202,205,208,210,212,214,216,218,221,224,227,230,231,232,235,236,239,240,241,242,256,258,265,269,277,280,283,299,306,342,531,570,571,572,573,579,580,581,582,583,584,586,588,590,593,594,598,600,601,603,605,607,609,610,611,615,616,618,623,642,643,646,650,651,664,682,684
17,64,66,73,78,80,81,82,83,84,85,86,87,89,90,91,92,93,94,95,96,97,98,99,100,101,102,103,104,105,106,107,108,109,110,111,114,115,116,117,118,119,120,122,124,125,126,127,128,129,130,131,132,133,134,136,137,139,140,143,144,145,147,148,149,150,152,153,154,156,160,161,164,165,166,167,168,169,170,171,172,173,174,175,176,177,178,179,180,181,182,183,184,186,187,188,189,190,191,192,193,194,195,196,197,198,200,201,202,203,205,207,208,214,215,216,217,218,221,222,223,227,228,229,230,231,235,238,240,241,244,245,247,252,255,256,257,259,260,261,267,270,274,275,276,277,285,288,293,301,308,324,325,379,529,571,572,574,579,583,586,587,589,590,596,603,606,623,627,634,635,640,668,690,695
18,4,74,76,79,80,81,82,83,84,85,86,87,88,89,90,91,92,93,94,95,96,97,98,99,100,101,102,103,105,106,107,108,109,110,111,112,113,114,115,116,117,118,119,120,121,122,123,124,126,127,128,129,130,131,132,133,134,135,136,137,138,139,140,141,142,143,144,145,146,147,148,149,150,152,153,154,156,157,158,159,160,162,163,164,165,166,167,168,169,170,171,172,173,174,175,176,177,178,179,180,181,182,183,184,185,186,187,188,189,190,191,192,193,194,195,196,197,198,199,200,201,202,203,204,205,206,207,208,209,210,211,212,213,214,215,216,217,218,219,220,221,222,223,224,225,226,227,228,229,230,231,232,233,235,236,237,238,239,240,241,243,244,245,246,247,248,249,250,252,253,254,255,256,257,259,261,262,263,264,265,266,267,268,269,270,271,275,276,277,278,279,282,284,286,287,288,289,291,292,293,297,302,308,310,320,321,348,351,382,411,527,546,571,572
19,73,77,82,83,84,85,86,87,90,91,92,93,94,95,96,97,98,99,100,101,102,103,104,106,108,111,112,113,114,115,116,117,118,119,120,121,122,123,124,125,126,127,128,129,130,131,132,133,134,135,137,138,139,140,141,142,143,144,145,146,147,148,149,151,152,153,156,157,158,159,160,163,164,165,169,170,171,173,174,175,176,177,178,179,180,181,182,183,184,185,186,187,188,189,190,191,192,193,194,195,196,197,198,199,200,201,202,203,204,205,206,207,208,209,210,211,212,213,214,215,216,217,218,219,220,221,222,223,224,225,226,227,228,229,230,231,232,233,234,235,236,237,238,239,240,241,242,243,244,245,246,247,248,249,250,251,252,253,254,255,256,257,258,259,260,261,262,263,264,265,266,267,268,269,270,271,272,273,274,275,276,277,278,279,280,281,282,283,284,285,286,287,288,289,290,291,292,293,294,295,296,297,298,299,300,301,302,303,304,305,306,307,308,309,310,311,315,316,317,318,319,320,321,322,323,325,327,328,330,331,334,335,339,342,345,346,350,352,353,363,374,380,382,388,389,395,421,423,433,444,464,474,507,537,549,676
20,76,79,80,81,82,83,84,86,87,88,90,91,92,93,94,95,96,97,98,99,100,101,102,103,104,105,106,107,108,109,110,111,112,113,114,115,116,117,118,119,121,122,123,124,125,126,127,128,129,130,131,132,135,136,137,138,139,141,142,143,144,145,146,148,149,150,152,153,159,160,161,164,165,166,167,168,170,172,174,175,176,177,178,179,181,182,183,184,185,186,187,188,189,190,191,192,193,194,195,196,197,198,199,200,201,202,203,204,205,206,207,208,209,210,211,212,213,214,215,216,217,218,219,220,221,222,223,224,225,226,227,228,229,230,231,232,233,234,235,236,237,238,239,240,241,242,243,244,245,246,247,248,249,250,251,252,253,254,255,256,257,258,259,260,261,262,263,264,265,266,267,268,269,270,272,273,274,275,277,278,279,280,281,282,283,284,285,286,287,288,289,290,291,292,293,294,295,296,297,298,299,300,301,302,303,305,306,307,308,309,310,311,313,314,315,316,318,319,320,321,322,324,325,326,327,328,329,332,333,335,336,337,338,339,341,342,344,345,347,348,349,352,353,354,355,357,359,360,361,364,365,366,367,368,369,370,373,374,377,378,381,383,384,385,386,396,398,403,408,412,417,424,433,467,512
21,70,72,77,78,79,80,81,84,88,90,91,92,93,94,95,96,97,98,100,101,102,103,104,105,106,107,108,109,110,111,112,114,115,116,117,118,119,120,122,123,124,125,127,128,129,130,132,133,134,135,136,138,139,140,141,142,143,144,147,148,149,150,152,153,154,155,156,158,160,161,162,166,167,168,169,170,171,173,174,176,177,179,180,181,182,183,184,185,186,187,188,190,191,192,193,194,195,196,198,199,200,201,202,203,204,206,209,210,212,213,214,215,216,217,218,219,220,221,222,223,225,226,227,228,229,230,231,232,233,235,236,237,238,239,240,241,242,243,244,245,246,247,250,251,252,253,254,255,256,257,258,259,260,262,263,265,266,267,268,269,270,274,275,276,277,278,279,280,283,284,285,286,287,288,289,291,292,293,294,295,296,297,298,299,300,301,303,304,305,307,308,309,310,311,313,316,317,318,319,321,322,323,324,325,327,328,329,330,331,334,335,337,340,342,345,346,349,350,351,352,353,356,357,362,365,369,373,378,380,381,382,393,395,396,397,400,406,407,408,410,411,417,438,442,443,446,447,449,453,470,475,476,509
22,73,77,78,81,82,83,84,88,89,90,91,92,93,94,95,96,97,98,99,100,102,103,104,106,107,109,110,111,113,114,115,116,117,118,119,120,121,122,123,124,126,127,128,129,130,131,132,133,134,135,137,139,140,142,143,144,146,147,148,149,151,152,153,154,155,156,157,158,159,160,163,165,166,167,168,170,173,174,175,176,178,180,181,182,183,184,185,189,191,193,194,196,197,199,200,202,203,205,207,208,211,212,214,215,216,219,221,222,227,228,229,231,232,233,235,236,237,238,239,240,241,242,243,244,245,246,247,248,249,250,251,253,254,255,256,257,258,259,260,262,263,264,265,267,268,269,270,271,273,274,275,276,277,278,279,280,281,282,283,284,285,286,287,289,290,291,292,293,297,299,302,303,305,307,308,309,310,312,313,314,315,316,318,320,326,327,328,331,332,333,336,340,341,342,343,348,351,355,357,360,362,363,364,366,368,370,371,373,378,379,380,381,384,386,388,392,393,394,396,399,400,407,409,425,449,454,456,473,477,478,479,483,513,523,536,670
23,25,70,71,75,77,78,79,81,82,83,84,86,87,88,89,91,92,93,94,95,99,100,102,103,104,105,107,108,109,110,113,114,116,117,121,122,123,125,126,130,131,132,133,134,136,137,139,142,144,145,146,147,148,149,151,152,156,159,160,161,163,164,165,167,168,169,172,174,175,176,177,178,179,180,181,182,184,185,186,187,188,189,190,191,193,194,197,198,199,200,201,202,204,205,207,208,209,211,214,216,217,219,222,224,225,227,228,229,230,231,232,233,234,235,237,238,239,240,242,243,244,245,246,247,248,249,250,251,252,253,254,255,256,257,258,259,260,262,263,264,265,266,268,269,271,272,273,274,275,276,277,278,280,281,282,284,285,287,288,289,290,291,292,294,295,297,299,301,304,305,306,307,309,310,311,312,313,314,315,316,317,321,322,323,324,325,327,329,331,332,335,336,339,340,341,343,346,350,351,352,353,359,360,361,362,363,365,367,368,370,372,374,376,378,380,381,382,383,385,386,391,392,397,398,401,403,406,407,410,412,416,418,419,422,424,425,427,428,437,438,440,446,448,450,451,456,462,463,470,485,487,492,498,530,544,573
24,70,71,74,76,77,78,80,82,83,84,85,87,88,89,90,91,92,94,95,96,97,98,99,100,101,102,103,104,105,106,107,108,110,111,112,114,115,121,122,124,126,127,129,130,131,132,134,135,136,137,139,140,141,143,145,147,148,152,154,155,156,157,163,170,171,173,174,177,178,179,180,182,183,184,185,186,187,188,191,193,195,198,200,201,202,204,206,207,214,215,216,217,218,220,221,222,223,224,225,226,227,228,231,232,233,235,236,237,239,240,241,242,243,245,246,247,248,249,250,252,253,254,255,256,257,258,260,261,262,263,264,265,266,267,268,269,270,271,272,273,274,275,276,277,278,279,281,282,284,285,287,289,291,293,294,296,297,300,301,302,303,304,307,309,313,315,316,317,318,321,326,327,329,330,331,332,339,342,343,347,351,353,356,359,361,362,364,365,366,369,372,373,375,377,382,384,391,396,399,404,407,409,411,413,414,419,421,427,429,431,432,438,444,454,456,462,467,496,562
25,64,71,73,75,78,81,82,83,84,85,87,88,89,90,91,93,95,96,97,99,100,101,102,103,104,105,106,108,109,110,113,114,115,116,119,121,122,123,124,125,126,128,130,131,132,135,136,138,140,141,143,146,147,148,149,150,151,156,161,164,165,166,167,168,170,172,173,174,175,177,178,179,180,182,183,189,190,191,192,193,194,196,198,202,203,205,208,213,219,222,224,226,227,228,231,232,233,234,235,237,238,241,242,244,245,246,250,251,252,253,255,257,260,261,262,263,265,267,268,269,272,273,276,277,278,280,281,282,283,284,285,287,288,290,291,292,293,294,295,296,297,300,301,302,304,305,306,307,308,309,312,313,315,317,319,326,327,329,331,332,336,337,339,340,341,346,347,351,356,358,359,364,365,366,378,379,383,391,397,400,401,404,417,422,426,427,428,429,433,437,449,450,451,452,466,467,472,476,480,482,484,501,509,533,572,598,634
26,68,74,75,76,77,79,82,83,85,86,89,90,92,93,94,95,96,97,100,102,104,105,108,109,110,112,113,114,115,118,119,120,121,122,125,127,128,129,131,133,134,135,137,141,142,144,145,146,148,149,150,151,152,154,155,157,158,160,161,162,163,165,169,174,176,180,181,182,184,185,190,193,194,197,198,199,200,203,206,208,209,212,215,217,218,219,221,222,224,227,229,230,234,235,239,240,242,243,247,249,251,252,253,256,258,261,262,263,267,268,269,270,272,273,276,277,278,279,281,282,283,284,285,287,289,290,291,292,297,299,300,301,302,303,306,307,310,312,314,315,316,317,318,320,322,323,325,326,327,328,331,333,334,336,337,338,339,340,343,344,345,349,354,358,361,363,365,368,369,370,372,373,379,381,382,383,386,387,392,395,397,401,403,405,409,410,414,416,417,418,422,427,431,438,439,440,442,454,459,463,466,470,475,476,477,480,484,489,490,498,512,613,665
27,75,80,81,82,83,86,87,88,91,93,95,96,97,98,99,101,102,103,104,105,107,109,113,114,117,118,119,120,121,122,125,126,127,128,129,131,132,133,134,135,136,137,138,140,143,145,147,148,149,150,152,154,157,158,159,163,164,165,166,167,170,173,177,180,181,182,187,189,190,191,194,196,197,198,204,205,210,212,214,215,218,219,220,223,225,226,228,229,231,232,233,234,235,236,237,238,243,245,247,248,250,251,252,253,254,255,256,258,263,266,267,268,271,274,275,276,277,280,281,284,285,286,287,288,289,291,294,296,299,301,304,305,306,307,310,316,317,319,320,323,325,326,327,328,333,334,335,338,339,342,344,345,350,352,354,357,359,362,366,368,388,389,393,396,402,404,408,409,412,415,417,419,421,431,443,461,467,475,494,516,668,697
28,28,71,73,78,80,82,83,84,85,86,88,89,90,91,93,98,99,102,103,105,106,109,110,111,112,114,115,116,118,120,122,125,126,128,129,130,131,132,134,135,137,146,147,148,152,155,156,159,160,161,164,167,170,174,177,178,180,184,185,186,188,191,193,194,196,199,200,201,205,207,209,213,214,216,217,220,222,228,230,231,232,233,234,235,236,237,238,241,243,246,248,250,254,255,256,257,260,261,263,264,266,270,273,274,281,284,285,286,287,290,291,292,294,296,297,299,300,301,302,303,304,305,307,308,309,310,311,312,314,315,319,320,322,323,325,328,330,332,336,337,338,344,349,353,354,355,356,357,366,370,371,377,384,386,387,389,390,393,397,401,415,416,419,422,424,427,429,430,431,432,435,436,440,442,468,475,476
29,72,74,75,77,79,80,81,83,84,87,88,89,91,93,94,95,96,97,99,100,101,102,103,104,105,106,107,110,111,112,113,114,115,116,117,118,121,122,123,124,125,128,134,135,137,139,140,142,143,144,146,147,150,151,152,157,159,164,166,167,171,172,176,178,180,185,187,188,193,194,195,196,197,198,201,202,203,204,208,209,216,222,226,229,230,231,232,236,238,239,240,243,245,248,249,253,259,261,263,265,266,267,268,270,271,272,273,274,275,279,280,282,283,284,292,293,294,301,302,305,306,308,310,313,315,317,319,321,322,323,324,326,327,330,331,333,334,335,346,350,352,355,362,364,375,386,389,390,394,396,406,409,413,414,415,416,423,432,435,436,441,442,444,445,448,460,489,495,498,500,599
30,78,79,80,83,84,85,86,87,88,89,90,92,93,94,95,96,97,99,104,105,107,108,109,110,111,113,114,115,117,118,120,122,123,124,125,126,127,130,132,135,136,137,138,139,140,144,146,147,152,156,161,163,164,168,169,173,180,181,183,184,186,187,189,190,193,198,200,201,205,206,207,213,214,218,219,223,235,237,238,239,241,242,243,244,245,246,247,250,251,253,255,259,260,262,266,267,271,273,275,277,278,283,284,287,289,290,295,296,298,302,303,310,312,320,322,325,328,334,351,365,367,383,385,387,400,404,414,418,419,427,428,429,430,436,440,442,445,449,465,473,474,484,499,500,514,522
31,66,71,76,82,83,85,86,88,90,91,92,94,95,96,98,99,100,101,104,106,107,108,109,110,114,115,117,119,120,122,125,126,128,130,131,132,134,135,136,141,143,149,150,151,152,154,155,156,157,159,161,162,163,165,169,171,175,177,178,179,180,181,184,188,190,193,194,196,197,198,200,202,203,206,208,210,211,212,223,226,228,229,230,232,239,240,246,250,257,260,262,263,267,271,273,274,285,287,293,302,311,313,315,319,321,322,326,334,350,356,361,364,365,370,388,390,403,410,422,425,427,434,437,439,452,461,467,469,477,509,550
32,67,71,72,73,78,79,82,84,85,89,90,91,92,96,97,98,99,100,101,102,103,104,105,106,110,113,117,118,119,120,122,123,124,127,128,129,130,131,132,133,134,135,136,137,140,141,143,144,145,147,154,155,159,160,161,167,168,169,172,173,177,179,181,183,187,190,191,192,194,195,197,200,202,203,205,208,209,211,213,214,215,216,218,220,222,223,225,226,227,230,238,244,245,249,260,264,265,267,273,284,313,317,331,334,335,351,352,369,407,413,417,438,447,448,454,483,539,637
33,41,53,57,64,68,69,71,78,89,92,93,95,98,100,104,109,110,112,117,120,121,126,130,131,134,135,139,140,141,145,148,151,159,162,164,165,174,175,176,179,186,188,192,195,199,201,203,207,208,209,212,215,220,222,223,224,225,228,236,237,241,243,244,246,248,249,250,280,309,314,322,330,370,376,432,467,491,619
34,91,106,108,116,119,122,123,139,149,160,169,190,194,203,204,216,222,254,256
35,23
36,545
37,604
38,581
39,513,573
40,353,356,501
41,243,333,336,337,338,340,343,345,346,347,351,353,357,358,359,360,361,365,366,369,370,371,372,373,377,379,381,382,383,385,389,391,393,394,397,406,408,421,426,432,440,512,634
42,443,634
43,40,394,568
44,18,137,680
45,308,397,582,585,588,595,600,619,650
46,102,364,535,579,582,590,593,605,606,610,614,616,618,628,630,658
47,42,55,76,446,599,620
48,18,20,131,238,299,309,495
49,10,21,490,527,535,539
50,30,159,280,377,531,534,555,556,557,564,567,568,583,595,596,604,617,619,622,626,635,638,652
51,88,523,530,531,540,549,568,573,609,636
52,375,376,519,523,528,529,533,535,536,542,544,548,549,550,555,556,560,570,572,573,574,579,581,601,603,615,622,664
53,68,392,440,521,524,526,527,528,530,531,532,533,534,536,538,541,542,543,546,550,553,556,558,561,584,591,592,595,597,613,623,627,664,681
54,64,96,159,499,571,584,606,608,695
55,148,209,308,512,513,516,517,520,521,525,528,529,530,531,533,537,538,541,543,544,550,592,601,637
56,26,59,115,117,118,524,530,551,576,647
57,81,116,303,380,549,633
58,1,88,115,151,342,454,480,537,548,572
59,278,344,477,537,542,543,551,570,579,587
60,9,27,215,587,601
61,20,34,35,154,242,415,419,647,675
62,303,439,513,628
63,183,329,485
64,109,313,508
65,160,236,375,420,630
66,64,359
67,208,484,634,660
68,46,125,130,317,438,553
69,174,315,319,348,420,431,609
70,91,118,218,234,378,438,576
71,71,144,237,500
72,29,32,50,111,113,127,207,223,502,619,672
73,58,207,612
74,
75,
76,
77,
78,
79,
80,
81,
82,
83,
84,
85,
86,
87,
88,
89,
90,
91,
92,
93,
94,
95,
96,
97,
98,
