4
0,677
1,66,201,205,534
2,31,228,422,465,472,528
3,369,437,634
4,52,101,176,265,373,438,551,624,687
5,268,577,596,691
6,110,133,173,178,182,183,187,193,195,196,220,231,252,289,422,608
7,24,107,172,278,423,547,660
8,75,86,88,89,96,98,99,101,105,113,160,277,362,647
9,73,79,83,87,88,89,90,91,92,93,94,95,96,97,98,99,100,101,102,103,104,105,106,107,108,109,110,111,113,114,115,116,118,119,124,125,127,129,131,132,134,135,141,142,144,222,328,488,542
10,29,35,83,86,87,89,91,92,93,94,95,96,97,98,99,100,101,102,103,104,105,106,107,108,109,110,111,112,113,114,115,116,117,118,119,120,121,122,123,124,125,126,127,128,129,130,131,132,133,134,135,136,137,138,139,140,141,142,143,144,145,146,147,148,149,150,151,152,153,154,155,156,157,158,159,160,161,162,163,164,165,166,167,168,169,170,171,172,173,174,175,176,177,178,179,180,181,182,183,184,185,186,187,188,189,190,191,192,193,194,195,196,197,198,199,200,202,203,204,205,206,208,209,210,211,212,213,214,215,216,217,219,220,222,223,224,225,227,230,231,234,235,237,670
11,88,89,91,93,94,95,96,97,98,99,100,101,103,104,105,106,107,108,109,110,111,112,113,114,115,116,117,118,119,120,121,122,123,124,125,126,127,128,129,130,131,132,133,134,135,136,137,138,139,140,141,142,143,144,145,146,147,148,149,150,151,152,153,154,155,156,157,158,159,160,161,162,163,164,166,167,168,169,170,171,172,173,174,175,176,178,179,180,182,183,184,185,186,187,188,189,190,191,192,193,194,195,196,197,198,199,200,201,202,203,204,205,206,207,208,209,210,211,212,213,214,215,216,217,218,219,220,221,222,223,224,225,226,227,228,229,230,231,232,233,234,235,236,237,238,239,240,241,242,243,244,245,246,247,248,249,250,251,252,253,254,255,256,257,258,259,260,261,262,263,264,265,266,267,268,269,270,271,272,273,274,275,276,277,278,279,280,281,282,283,284,285,286,287,288,289,290,291,292,293,294,295,296,298,299,300,301,302,303,304,306,307,308,309,310,311,313,315,316,317,318,323,324,325,328,329,330,331,333,334,335,336,337,343,347,351,357,362,363,371,372,373,375,401,407,419,586
12,14,57,85,89,90,94,96,97,98,99,100,101,102,103,104,105,106,107,108,109,110,111,113,114,115,116,117,118,119,121,123,124,125,126,127,129,130,131,132,133,135,136,137,138,139,140,141,143,144,145,146,147,148,149,150,151,152,153,154,155,156,157,158,159,160,162,163,164,165,167,169,170,171,172,173,174,175,176,178,179,180,181,182,183,184,185,186,187,188,189,190,191,192,193,194,195,196,197,198,199,200,201,202,203,205,206,207,208,209,210,211,212,213,214,215,216,217,218,219,220,221,222,224,225,226,227,228,229,230,231,232,233,234,235,236,237,238,239,240,241,242,243,244,245,246,247,248,249,250,251,252,253,254,255,256,257,258,259,260,261,262,263,264,265,266,267,268,269,270,271,272,273,274,275,276,277,278,279,280,281,282,283,284,285,286,287,288,289,290,291,292,293,294,295,296,297,298,299,301,302,303,304,306,307,308,309,310,311,312,313,314,315,316,317,318,322,323,324,325,326,328,329,332,333,334,335,336,338,340,343,344,345,347,351,356,358,365,370,371,375,384,390,394,406,408,414,428,434,454,482,569,677
13,85,91,92,93,94,96,97,98,99,100,101,102,103,104,105,106,107,108,109,111,112,113,114,115,117,118,119,120,121,122,123,124,125,126,127,128,129,130,131,132,133,134,135,136,139,140,141,142,143,144,145,146,147,148,149,150,151,152,155,156,157,159,160,161,163,167,168,171,172,175,178,179,182,183,185,186,187,188,189,190,191,192,194,195,196,197,198,200,202,203,204,205,206,207,208,209,210,211,212,213,214,215,216,217,218,220,221,222,223,224,227,228,229,230,232,233,235,236,237,238,239,240,241,242,243,244,246,247,248,249,250,251,252,253,254,255,256,257,258,259,260,262,263,264,265,266,267,269,270,271,272,273,274,275,277,278,279,280,281,282,284,285,286,288,289,290,292,293,294,295,296,297,298,299,301,302,303,306,307,308,310,312,313,314,315,316,318,320,321,323,328,329,330,331,332,334,336,340,342,344,348,351,353,354,355,356,360,371,372,373,375,384,386,393,426,437,448
14,19,42,83,84,89,90,91,92,94,97,98,99,100,101,102,103,104,105,106,107,108,109,110,111,112,113,114,116,117,118,119,120,121,122,123,124,126,128,129,130,131,132,133,134,137,138,139,142,144,145,146,148,149,151,152,153,155,156,157,158,160,161,163,164,165,167,168,169,170,172,173,174,175,176,177,179,180,181,182,185,186,187,188,189,190,191,192,193,194,196,198,200,201,202,203,204,205,206,207,208,209,210,211,212,213,214,215,216,217,218,219,220,221,222,223,224,225,226,228,229,230,231,232,234,235,237,239,240,242,243,245,246,247,248,251,253,254,255,256,257,258,259,263,264,265,267,268,270,271,272,273,274,275,276,277,278,279,282,283,284,285,287,288,289,290,291,292,295,296,297,298,299,300,302,303,304,305,308,310,311,316,318,319,320,321,324,325,328,329,331,335,336,337,343,344,345,346,347,348,349,350,353,355,358,361,364,365,368,373,377,378,381,389,390,392,395,398,400,436,455,470
15,85,86,90,91,93,94,95,96,97,98,99,100,101,102,103,104,105,106,107,109,110,113,114,115,116,117,118,119,121,122,123,124,125,126,127,129,130,133,134,136,138,139,140,141,142,143,144,145,146,147,148,150,153,154,155,156,157,158,161,162,163,164,165,166,168,169,170,171,174,176,177,179,180,184,185,188,190,191,192,194,195,196,197,198,199,200,201,202,203,204,205,206,207,208,210,212,213,215,217,218,219,220,222,223,227,229,230,231,232,233,234,235,236,238,239,240,241,242,243,244,245,247,248,249,250,253,255,256,257,258,259,261,263,265,266,267,269,270,271,273,275,276,277,278,279,280,281,282,284,285,286,289,290,291,292,293,294,297,299,301,302,304,305,306,308,309,310,311,314,315,316,319,322,325,326,330,332,335,337,338,345,346,348,350,354,360,364,365,381,405,425,429,462,621,647,680
16,88,89,91,92,93,94,95,96,97,99,100,101,103,104,105,106,107,108,109,110,111,112,113,114,115,116,117,118,119,120,121,122,123,124,126,127,128,129,130,131,132,133,135,137,138,139,142,143,144,145,146,149,151,152,153,154,155,157,159,160,164,166,168,172,176,177,178,179,180,181,182,186,188,189,190,193,194,195,196,197,199,201,202,206,208,209,210,211,214,215,216,217,218,219,220,221,222,223,224,226,227,229,230,232,233,234,235,237,240,241,242,243,244,245,246,247,248,249,250,251,252,253,254,255,257,259,260,262,263,264,267,269,271,272,273,276,279,281,282,284,287,289,292,293,296,298,299,301,302,303,305,306,308,310,312,313,314,319,320,328,330,331,336,337,344,346,347,348,351,359,363,364,366,368,414,425,441,540,543,545,618,697
17,85,89,91,92,93,94,95,96,98,100,101,102,103,104,105,106,107,108,109,110,111,112,113,115,116,117,118,119,120,121,123,124,125,126,127,128,129,130,134,135,136,137,139,140,141,142,143,144,145,148,149,150,151,153,154,155,156,160,162,163,164,166,168,173,177,183,185,186,187,188,191,192,193,194,196,197,198,199,201,202,203,204,205,206,207,208,209,211,212,214,216,217,218,219,220,221,222,223,225,226,227,228,230,232,241,242,243,246,247,248,249,250,252,253,254,255,256,257,259,260,262,264,267,269,270,271,272,273,274,275,276,277,278,279,280,281,284,285,286,287,288,289,292,293,295,296,297,299,300,302,305,306,307,308,310,314,317,321,322,324,327,328,332,337,343,347,349,352,355,357,363,369,370,371,372,391,394,416,452,460
18,51,86,89,90,91,92,93,94,95,96,97,98,99,100,102,103,104,105,106,107,108,109,110,112,113,117,118,119,121,123,124,125,127,128,130,132,133,134,136,137,138,139,140,141,143,147,148,150,152,153,154,155,156,157,159,160,162,163,164,165,166,168,170,172,173,174,175,176,177,179,180,181,182,184,186,187,188,190,192,193,194,195,198,199,200,201,202,205,206,208,209,210,212,213,214,215,217,218,219,220,224,227,228,229,230,233,235,236,238,239,240,241,242,243,244,245,246,247,248,249,250,252,253,254,256,258,260,264,265,268,269,272,276,277,279,280,282,283,286,290,291,295,297,300,302,303,306,307,308,309,310,313,319,322,325,326,329,331,333,337,347,353,356,361,362,366,370,373,374,376,389,395,405,423,424,437,515
19,15,80,81,82,85,86,89,90,91,92,94,95,96,97,98,99,101,103,104,106,109,112,113,114,116,117,120,121,124,127,129,130,131,133,135,136,137,139,140,141,142,143,145,146,147,148,149,150,152,153,154,155,157,159,160,163,164,165,166,167,169,170,171,173,174,176,177,178,179,183,185,187,189,191,193,194,196,198,199,200,201,203,207,208,209,210,211,212,213,215,216,217,218,219,220,221,222,224,225,226,228,229,231,232,233,234,235,236,237,238,241,242,243,244,245,247,248,249,250,253,254,255,256,257,260,264,265,266,267,268,269,270,271,275,277,278,281,283,284,285,288,296,300,302,305,308,309,310,314,316,318,324,328,332,341,344,348,350,352,354,356,370,381,387,408,428,430,432,443,450,455
20,71,81,86,87,89,90,91,92,93,94,95,96,97,98,99,102,104,105,106,107,110,111,112,113,114,118,119,120,121,122,123,125,126,127,128,130,132,137,140,141,142,143,144,145,146,147,151,153,154,155,156,157,158,160,164,169,178,179,180,182,184,188,190,191,192,194,196,197,198,202,203,209,210,215,216,217,218,219,220,221,222,223,224,225,229,230,231,232,233,234,235,236,237,238,239,242,243,245,246,247,248,249,250,251,254,255,256,258,259,260,261,262,263,264,265,266,269,270,271,273,274,275,276,278,280,283,285,286,289,290,296,297,299,301,304,309,310,311,312,313,316,320,321,324,325,326,336,342,344,347,366,369,374,375,378,390,405,406,418,426,429,431,451,546,594,616
21,57,86,87,89,92,93,94,95,96,97,98,99,100,101,102,104,105,106,107,108,109,111,112,113,114,116,117,119,120,121,122,123,124,125,126,127,130,131,132,133,134,135,136,137,138,139,140,141,142,144,145,146,148,149,150,152,154,155,156,157,158,159,162,164,165,167,172,173,175,179,180,181,182,186,188,191,192,193,195,196,198,200,203,204,206,210,211,212,214,216,217,218,220,222,223,224,228,231,232,237,239,240,242,243,244,245,246,247,249,250,251,252,255,256,259,264,268,271,275,276,279,282,283,284,285,286,288,289,292,293,294,295,296,298,299,300,306,308,311,312,313,315,317,318,321,325,327,330,331,332,338,346,350,355,356,367,396,402,403,404,428,429,450,484,606
22,79,82,85,87,88,89,90,92,93,94,95,96,98,99,100,101,102,104,105,106,107,108,109,110,111,112,114,115,116,118,119,120,121,122,123,125,126,127,128,129,130,131,132,134,135,136,137,138,139,141,142,143,144,146,147,149,150,151,154,155,156,158,159,160,161,162,163,166,167,169,170,171,172,175,177,187,192,193,194,195,196,197,198,200,201,204,205,207,209,212,213,215,217,219,221,222,223,225,226,227,228,229,230,231,232,234,235,237,239,240,241,242,243,245,246,247,249,254,255,256,257,259,264,265,267,268,270,271,272,276,281,282,287,288,290,291,296,297,302,305,310,311,312,315,318,321,322,331,332,340,346,349,350,351,354,364,370,372,375,381,386,402,411,424,466,481,508,523,693
23,51,58,67,75,89,92,98,99,100,101,102,103,104,105,106,108,109,110,112,113,114,115,117,118,120,122,123,124,126,127,129,130,132,133,135,137,141,148,150,151,152,156,157,159,162,165,166,167,168,172,174,176,177,178,179,183,186,187,188,191,192,193,194,196,197,199,200,204,205,206,207,210,212,213,216,221,222,226,228,229,233,234,236,237,244,245,246,248,250,251,254,255,257,258,259,260,261,263,264,265,267,269,272,273,284,286,287,288,289,290,292,293,299,309,310,321,325,328,330,332,343,349,350,356,357,371,376,379,384,390,403,428,439,458,503,604,654,677
24,84,85,88,89,90,91,94,95,98,99,100,102,104,109,110,111,113,116,117,118,119,120,121,122,123,124,125,126,128,130,131,132,133,135,136,138,139,143,144,145,148,149,152,153,154,155,156,157,168,173,175,177,178,179,180,182,184,186,188,190,192,193,194,197,199,201,203,205,208,209,210,212,217,218,219,220,226,227,228,229,230,231,232,233,234,235,236,237,238,239,240,241,243,244,246,247,248,249,250,254,256,257,258,259,260,262,263,265,268,269,270,271,272,274,278,279,281,283,284,285,286,287,289,290,297,298,305,312,315,321,323,324,325,327,333,337,343,345,351,354,359,366,367,371,375,393,396,408,462,521,602,605,664
25,50,84,85,88,89,90,92,93,94,95,96,97,98,99,100,103,104,105,110,111,112,116,117,118,120,121,122,123,126,129,130,131,132,133,136,138,139,140,141,144,145,147,148,152,153,159,163,168,169,173,176,180,181,182,183,185,190,191,192,198,202,204,205,207,209,211,213,215,218,222,224,225,228,229,231,236,238,240,243,244,245,247,251,252,253,255,256,258,260,261,264,266,272,276,278,280,285,289,293,295,296,307,309,311,313,314,316,317,318,320,321,322,326,328,329,332,334,335,340,343,347,353,359,365,367,372,377,385,389,394,402,409,420,446
26,12,46,82,84,85,87,90,91,92,95,96,98,99,100,101,104,105,108,109,110,112,113,114,117,119,120,122,125,126,127,128,129,131,132,134,135,136,137,140,142,144,145,148,149,150,154,156,159,162,163,165,166,167,169,172,173,175,178,180,184,185,186,189,192,194,195,198,199,200,203,204,208,212,213,215,216,219,220,221,222,223,224,225,228,232,240,241,242,245,246,248,251,252,253,262,265,269,276,278,284,286,287,289,292,293,294,299,313,325,328,333,336,348,352,355,362,393,415,417,421,447,563,575,677,679
27,82,85,87,89,90,91,94,95,96,97,98,100,101,103,105,106,107,109,110,111,112,113,114,115,119,121,125,127,128,129,132,135,139,140,142,143,144,150,154,157,160,162,163,164,168,171,173,176,177,178,179,181,183,184,187,194,196,197,199,200,204,207,210,212,214,215,217,222,224,228,230,233,236,238,239,240,242,243,244,245,250,252,255,257,265,270,275,279,280,283,288,290,292,297,298,303,310,312,314,322,328,329,336,368,369,383,408,518,578,633,680,685
28,78,83,84,88,89,91,92,93,95,97,99,101,102,103,106,107,108,109,110,111,113,114,115,117,120,121,122,123,124,128,129,130,133,134,136,137,139,140,141,152,154,155,157,159,165,166,168,169,176,178,180,181,182,183,188,189,194,198,199,200,203,205,207,211,212,215,216,217,219,221,223,229,230,235,237,241,243,244,249,250,253,254,255,257,258,262,265,266,267,268,270,272,273,277,278,279,280,282,285,288,290,291,293,294,295,296,297,301,303,308,311,317,325,330,333,334,348,364,370,380,411,412,420,473
29,5,83,84,86,87,88,89,91,92,96,97,99,100,101,102,103,104,105,106,107,108,109,110,111,113,114,117,118,119,120,121,123,126,127,128,129,130,133,134,136,138,141,142,143,145,146,147,148,152,153,154,155,164,169,170,171,172,173,176,178,182,183,187,188,190,203,204,207,210,212,233,242,246,247,248,253,254,255,256,258,260,263,264,269,270,271,275,282,286,290,294,299,303,308,309,310,311,313,314,316,317,318,319,324,327,332,333,339,342,347,350,353,354,358,367,380,382,387,418,518,569
30,34,80,86,87,89,90,91,93,94,95,97,98,99,102,106,109,111,112,113,115,119,120,122,123,126,127,130,132,133,134,135,137,139,141,142,143,145,146,148,150,151,152,153,156,159,163,164,166,167,168,171,174,176,177,181,182,184,185,186,189,190,192,193,194,196,198,203,206,212,213,215,216,217,222,232,236,237,239,241,242,244,246,253,256,258,260,264,277,278,284,286,293,294,296,297,301,302,303,304,308,312,314,323,327,329,332,336,341,342,350,351,354,356,357,361,374,381,387,400,401,402,403,404,430,431,537,659,686,695
31,3,84,86,87,88,89,90,91,93,94,95,96,97,98,99,100,101,102,103,104,105,107,109,110,111,113,115,116,117,118,119,120,123,124,125,126,127,129,132,139,149,150,152,155,156,157,160,161,164,167,168,169,171,173,176,177,179,180,187,190,191,192,196,197,198,200,201,203,205,206,210,212,213,215,216,234,235,236,238,239,241,243,244,245,246,247,248,249,250,251,252,253,254,258,259,262,265,267,269,272,273,275,276,280,281,283,287,292,294,299,301,305,312,316,318,329,332,335,342,383,400,458,595,650
32,67,81,82,84,86,89,90,91,92,93,95,97,100,101,102,104,105,106,107,108,109,111,114,115,116,117,119,120,121,124,126,128,130,133,134,135,138,140,145,147,149,150,152,153,154,159,161,162,163,170,174,177,178,187,188,194,202,204,206,209,210,214,218,220,221,224,225,227,228,230,238,240,242,243,244,245,246,251,252,254,255,259,262,263,265,266,267,268,269,273,275,277,279,280,283,286,289,291,298,301,302,304,305,306,310,313,316,317,321,322,328,334,336,341,342,345,355,372,391,468
33,80,84,88,92,93,94,96,97,99,101,102,103,105,107,109,110,111,112,113,114,116,117,119,120,121,122,124,125,127,129,130,137,139,143,145,146,148,149,169,171,174,183,184,188,194,195,196,197,198,199,201,205,209,211,214,216,226,232,234,238,239,243,244,246,255,256,257,259,261,264,266,268,271,280,282,284,286,287,288,291,293,295,296,297,300,303,308,309,310,319,325,327,334,340,345,347,375,381,420,424,663,671
34,81,86,90,91,92,93,96,97,101,103,104,105,108,109,110,111,114,115,116,117,118,119,120,122,124,125,126,127,128,129,133,134,136,138,140,141,142,143,144,145,146,147,148,149,151,155,158,159,162,180,181,185,196,200,206,208,209,223,228,229,233,236,238,241,243,245,246,250,255,256,262,271,275,277,279,282,287,288,290,294,296,297,298,299,300,301,308,310,314,316,318,319,320,333,336,358,367,374,384,418,432,442,445,485,520
35,32,84,88,92,93,95,96,98,99,100,101,102,104,105,108,109,111,112,113,114,115,120,122,123,124,126,127,130,132,133,135,136,140,141,146,148,150,151,152,153,155,156,158,163,164,167,169,170,172,178,180,181,187,189,190,191,192,193,194,198,199,203,204,208,210,211,220,226,235,237,239,240,243,244,247,248,249,258,259,261,265,266,273,275,279,281,282,284,286,293,295,297,298,304,306,309,312,315,324,330,331,336,338,341,366,368,370,404,429,573
36,17,89,90,92,94,95,97,101,102,103,104,107,108,109,110,112,113,114,115,119,120,121,122,126,128,129,133,135,137,138,139,140,141,145,148,149,151,154,157,159,165,166,169,170,174,179,182,184,191,197,200,209,217,219,221,222,223,225,226,229,232,234,235,237,238,243,246,248,249,250,251,252,253,257,260,268,276,278,279,281,284,285,286,288,291,292,293,295,296,299,300,303,304,311,312,313,316,330,331,332,333,343,346,357,365,396,405,443,497,501,550,569
37,83,86,87,89,90,92,93,94,95,97,99,100,101,102,103,104,105,106,107,108,111,112,114,117,118,120,121,123,124,126,129,130,131,133,135,136,137,140,144,145,146,148,149,151,153,163,169,170,174,176,180,182,185,188,192,195,197,201,210,211,217,220,226,229,232,233,238,240,241,244,245,246,250,251,254,256,257,258,259,265,267,275,278,279,289,290,292,293,294,296,297,299,301,302,304,308,309,311,318,321,322,323,325,330,331,342,349,374,378,400,411,446,457,500,554,693
38,57,83,84,88,89,90,91,92,95,96,99,100,101,102,103,108,109,111,112,113,114,115,116,122,125,126,127,128,132,133,134,135,136,137,138,140,141,146,156,158,159,170,171,172,173,183,193,195,197,199,203,208,211,215,218,219,227,228,236,246,247,254,255,256,259,263,264,266,267,283,286,296,297,301,302,303,304,313,314,315,317,319,322,326,329,331,333,337,345,349,353,354,359,370,372,382,384,386,388,421,430,456,556,597
39,78,79,83,89,91,93,94,97,98,99,101,102,103,105,106,109,113,114,117,121,122,123,124,126,128,130,133,135,137,139,141,142,146,148,150,152,154,157,158,162,163,164,167,168,169,182,188,190,195,199,202,210,212,213,217,224,232,238,240,241,242,244,245,248,249,250,252,253,259,262,263,264,268,279,283,285,289,296,305,307,309,310,313,315,317,320,322,335,339,351,373,388,391,398,470,518
40,69,75,91,92,93,95,96,97,98,100,102,103,105,106,107,108,109,111,114,116,117,119,120,127,128,129,131,133,135,137,138,139,143,149,150,151,153,160,164,165,166,168,169,170,171,175,176,177,184,188,194,196,197,205,206,210,211,212,213,215,216,217,226,230,231,232,237,238,241,244,248,249,253,255,265,266,283,286,300,304,312,318,319,320,322,325,327,328,332,337,350,357,384,417,424,440,457,470,511
41,75,85,86,89,91,93,95,96,97,99,101,102,104,105,106,107,108,110,111,112,115,117,123,125,129,130,132,133,134,135,136,137,138,143,146,149,150,154,155,159,162,163,169,170,183,188,189,200,206,212,220,222,223,233,236,240,241,245,246,248,249,250,253,255,258,259,263,265,267,270,272,276,282,283,286,290,294,296,297,298,301,307,309,311,319,328,347,349,351,365,379
42,20,81,86,87,88,90,93,94,96,98,105,108,110,112,113,114,115,116,117,118,119,120,121,122,123,124,125,127,128,129,130,132,134,135,136,137,141,143,144,147,148,150,152,153,155,158,159,160,167,168,180,190,195,199,202,203,204,206,212,213,216,221,232,233,240,241,242,247,249,250,255,267,269,271,273,285,288,289,292,295,297,299,300,301,302,303,307,319,325,326,327,329,330,331,333,336,338,340,344,345,349,354,364,380,381,444,488,684
43,87,88,90,95,96,97,99,100,101,103,105,108,109,110,113,114,115,118,119,120,122,126,128,130,131,132,133,134,135,136,139,140,145,150,151,153,154,156,159,162,166,170,179,188,189,195,201,202,206,208,222,224,229,237,238,239,245,248,249,250,251,257,259,261,268,272,274,277,285,286,288,294,306,309,315,321,327,329,332,346,355,360,366,383,385,388,416,484,523,671
44,29,88,89,90,95,96,98,99,110,112,113,114,115,116,118,120,122,124,126,128,129,130,131,132,133,134,136,139,143,145,148,151,152,153,155,158,160,162,163,164,165,169,170,174,181,197,198,200,201,202,215,217,223,226,228,233,239,242,243,252,258,263,267,276,286,299,304,312,316,333,338,341,342,374,397,477,501,534
45,50,91,92,93,95,96,97,98,100,101,102,103,104,105,107,109,110,114,115,116,117,120,122,123,124,126,127,133,134,135,136,141,143,148,149,157,158,161,162,165,169,175,179,184,186,200,201,202,203,209,219,220,227,228,232,235,240,243,250,251,255,256,257,258,264,266,269,275,276,278,280,290,296,304,312,316,325,329,470
46,27,35,75,84,89,90,96,97,98,101,103,104,106,107,108,109,110,111,112,115,117,119,120,121,122,123,127,130,133,134,138,139,140,143,150,153,163,173,182,184,189,191,192,210,215,222,227,236,261,262,272,306,366,457,468,476
47,81,82,85,87,89,93,95,96,97,99,101,102,103,104,109,110,111,113,114,115,119,120,122,124,127,129,130,133,134,135,136,137,138,141,142,143,144,145,147,150,152,153,163,166,173,179,189,199,207,212,214,227,228,254,279,315,328,438,532,694
48,81,86,91,92,94,95,96,98,100,101,102,104,106,107,108,112,113,114,115,116,118,121,126,127,130,131,132,133,136,137,138,139,142,143,146,147,154,156,159,162,163,167,168,169,176,189,194,199,202,204,210,211,218,225,227,229,232,239,252,257,296,440
49,37,82,90,93,97,99,100,102,103,104,105,108,109,111,112,113,114,115,120,123,124,125,126,127,128,131,133,140,142,143,145,155,156,159,161,162,175,176,183,186,197,205,229,233,238,285,339,363,434
50,56,80,90,100,112,120,122,124,125,126,129,130,136,140,142,146,148,151,152,155,156,157,158,166,167,174,175,235,240,244,274,293,313,451,579,641
51,7,12,92,96,101,122,139,148,149,164,387,456,627
52,42,222,272,313,358,425,657
53,386,537
54,240,644
55,61,573,612
56,68,247,455
57,92,278,504
58,66,267,450,495,584,602
59,55,61,382,421,653
60,4,362,493,681
61,343,438
62,317,641,658
63,74,285,400,403,478,506
64,31,37,198,292,509,564,649
65,146,488,593
66,82,155,160,349,431,436,620,626
67,93,281,538
68,365,457
69,
70,
71,
72,
73,
74,
75,
76,
77,
78,
79,
80,
81,
82,
83,
84,
85,
86,
87,
88,
89,
90,
91,
92,
93,
94,
95,
96,
97,
98,
