12
0,9
1,346,463,667
2,83,205,318,677
3,17,165,176,236,413,453,532,653,684
4,448
5,31,43,173,345,346,496,543,606,681,684
6,158,397,429,447,453,454,583,596,597,620,643,673
7,64,81,195,201,430,552,553,554,555,557,566,567,568,571,572,573,576,578,579,581,583,584,585,586,587,588,589,590,591,592,593,594,595,596,597,600,601,602,603,604,606,608,609,610,611,612,613,614,615,616,617,618,619,620,621,622,625,626,628,630,631,632,633,636,637,638,639,642,643,646,650,653,656,659,661,663,665,679,686,690
8,138,300,364,518,553,554,556,557,559,560,561,562,564,565,566,567,568,569,570,571,573,574,575,576,577,578,579,581,583,586,587,588,589,590,591,592,593,594,595,596,597,598,600,601,602,603,604,605,606,607,608,609,611,612,613,614,615,616,617,619,620,621,623,625,626,627,628,630,633,635,639,640,642,643,644,647,648,649,651,652,653,654,655,656,660,662,663,664,667,670,674,683,687,688,694
9,266,499,565,571,573,574,575,579,580,581,582,583,584,585,586,587,588,589,590,593,594,595,596,597,600,602,603,605,606,607,608,611,612,613,614,615,616,618,621,626,632,639,640,641,643,644,657,660,662,677,678
10,23,59,138,196,300,320,407,533,549,552,556,562,567,568,570,571,573,574,575,577,578,582,583,587,588,593,594,600,601,610,615,624,626,631,691
11,27,110,114,175,282,362,544,558,575,665
12,18,68,99,344,513,516,518,520,522,537,541
13,21,26,41,43,71,72,80,128,182,404,499,651
14,26,30,38,39,41,44,45,52,53,54,58,59,60,62,71,76,77,78,82,88,89,90,91,92,93,94,95,96,97,98,100,101,119,184,248,410,432,449
15,5,9,27,28,29,30,31,34,35,36,37,38,39,40,41,42,44,47,48,50,51,52,53,54,55,56,57,58,59,60,61,62,63,64,65,66,67,68,69,70,71,72,73,74,76,77,78,79,80,81,82,83,84,85,86,87,88,89,90,91,92,93,94,95,96,97,98,99,100,101,102,103,104,105,106,107,108,109,110,111,112,113,115,116,117,133,166,191,192,196,237,281,588,653
16,2,3,14,15,27,29,33,34,35,37,38,39,40,41,42,43,44,45,46,47,48,49,50,51,52,53,54,55,56,57,58,59,60,61,62,63,64,65,66,67,68,69,70,71,72,73,74,75,76,77,78,79,80,81,82,83,84,85,86,87,88,89,90,91,92,93,94,95,96,97,98,99,100,101,102,103,104,105,106,107,108,109,110,111,112,113,114,115,116,117,118,119,120,121,122,123,124,125,126,127,128,129,130,131,132,133,135,136,137,138,139,140,141,142,143,144,145,146,147,149,150,151,152,153,154,155,157,158,159,160,161,162,163,164,165,166,167,168,169,170,171,172,173,174,175,176,177,178,180,181,182,183,184,185,186,187,188,189,190,191,192,193,196,198,201,205,211,217,218,219,221,223,228,232,490,671,688
17,4,8,16,18,27,28,30,31,34,35,37,38,39,40,41,42,43,44,46,48,49,50,51,52,53,54,55,56,58,61,62,63,64,65,66,67,68,69,70,71,72,73,74,75,76,77,78,79,80,81,82,83,84,85,86,87,88,89,90,91,92,93,94,95,96,97,98,99,101,102,103,104,105,106,107,108,109,110,111,112,113,114,115,116,117,118,119,120,121,122,123,124,125,126,127,128,129,130,131,132,133,134,135,136,137,138,139,140,141,142,143,144,145,146,147,148,149,150,151,152,153,154,155,156,157,158,159,160,161,162,163,164,165,166,167,168,169,170,171,172,173,174,175,176,177,178,179,180,181,182,183,184,185,186,187,188,189,190,191,192,193,194,195,196,197,198,199,200,201,202,203,204,205,206,207,208,209,210,211,212,213,214,215,216,217,218,219,220,221,222,223,224,225,226,227,228,229,230,231,232,233,234,235,236,237,238,239,240,241,242,243,244,245,246,247,248,249,250,251,252,253,254,255,256,257,258,259,260,261,262,263,264,265,266,267,268,269,270,271,272,273,274,275,276,277,278,279,280,281,282,283,284,285,286,287,288,289,290,291,292,293,294,295,296,297,298,299,300,301,302,303,304,305,306,307,308,309,310,311,312,313,314,315,316,317,318,319,321,322,323,324,325,326,327,328,329,330,331,333,335,336,337,338,339,340,341,342,343,345,346,347,348,349,350,351,352,353,354,355,356,358,359,362,363,364,365,369,374,380,384,385,391,405,417,483
18,1,4,7,8,11,15,17,18,21,23,30,33,35,38,39,40,41,42,44,45,46,47,48,51,52,53,54,55,64,65,66,67,68,69,70,71,72,73,74,75,76,77,78,79,80,81,82,83,84,86,87,88,90,91,92,93,94,95,96,97,98,99,100,101,102,103,105,106,107,108,109,110,111,112,113,114,115,116,117,118,119,120,121,122,123,124,125,126,127,128,129,130,131,132,133,134,135,136,137,138,139,140,141,142,143,144,145,146,147,148,149,150,151,152,153,154,155,156,157,158,159,160,161,162,163,164,165,166,167,168,169,170,171,172,173,174,175,176,177,178,179,180,181,182,183,184,185,186,187,188,189,190,191,192,193,194,195,196,198,199,200,201,203,204,205,206,207,210,211,212,213,214,215,216,217,218,219,220,221,222,223,224,225,226,227,229,230,231,232,233,235,236,237,238,239,240,241,242,243,244,245,246,247,248,249,250,251,252,253,254,255,256,257,258,259,260,262,263,264,265,267,268,269,270,271,272,273,275,276,277,278,279,281,282,283,284,285,287,289,290,292,293,294,295,296,297,298,300,301,302,303,304,305,307,308,310,311,317,319,321,322,323,324,327,328,331,332,334,337,338,339,342,343,344,346,351,356,357,360,361,363,367,376,381,384,386,388,389,395,404,413,423,430,432,433,460,615
19,4,7,9,12,17,18,19,26,29,30,31,33,35,42,44,46,47,49,50,51,53,54,55,56,57,58,59,60,61,62,63,64,65,66,67,68,69,70,71,72,73,74,75,76,77,78,79,80,81,82,83,84,85,86,87,88,89,90,91,92,93,94,95,96,97,98,99,100,101,102,103,104,105,106,107,108,109,110,111,112,113,114,115,116,117,118,119,120,121,123,124,125,126,127,128,129,131,132,133,134,135,136,137,139,140,141,142,143,144,145,148,151,152,153,154,155,159,160,162,163,165,168,171,172,173,174,175,177,179,180,188,191,192,195,196,201,202,206,207,208,209,210,211,212,213,214,215,218,219,220,222,223,224,225,226,227,228,230,231,232,233,234,235,237,238,239,240,243,247,248,250,251,256,257,258,259,260,261,262,263,264,265,266,267,268,269,270,271,272,273,274,275,277,278,279,280,281,282,283,284,285,286,287,288,289,290,291,292,293,294,295,296,297,298,299,300,301,302,303,304,305,306,307,308,309,310,311,312,313,314,315,316,317,318,320,321,322,323,325,326,327,328,329,330,331,332,333,334,335,337,338,339,341,343,344,345,346,347,348,349,350,352,353,354,355,356,358,359,361,362,363,364,365,366,367,368,369,371,372,373,376,381,382,383,384,385,386,387,390,395,396,402,405,406,416,424,427,432,435,449
20,32,52,54,56,57,58,59,60,61,62,63,64,65,66,67,68,69,70,71,72,73,74,75,76,77,78,79,80,81,82,83,84,85,86,87,88,89,90,91,92,93,94,95,96,97,98,100,101,102,103,104,105,106,107,108,109,110,111,112,113,114,115,116,117,118,119,120,121,122,123,124,125,126,127,128,129,130,131,132,133,134,135,136,137,138,139,140,141,142,143,144,145,146,147,148,149,150,152,153,154,155,156,157,158,159,160,161,163,164,165,166,167,168,169,170,171,172,173,174,175,176,177,178,179,180,181,182,183,184,185,186,187,188,189,190,191,192,193,194,195,196,197,198,199,200,201,202,203,204,205,206,207,208,209,210,211,212,213,214,215,216,217,218,219,220,221,222,224,225,226,227,229,230,231,232,233,234,235,236,237,238,239,240,241,242,243,244,245,246,247,248,249,250,251,252,253,254,255,256,257,258,259,260,261,262,263,264,265,266,267,268,269,270,271,272,273,274,275,276,277,278,279,280,281,282,283,284,285,286,287,288,289,290,291,292,293,294,295,296,297,298,299,300,301,302,303,304,305,306,307,308,309,310,311,312,313,314,315,316,317,318,319,320,321,323,324,326,327,328,329,330,331,332,333,334,335,336,337,339,340,341,343,344,345,346,347,348,349,350,351,352,353,354,355,356,357,358,360,361,362,363,364,365,366,367,369,370,371,373,375,376,377,378,379,380,383,384,385,386,387,388,391,393,395,397,400,401,402,403,407,408,409,410,411,413,417,419,424,427,431,433,444,451,479,491,494,510,618,685
21,36,53,58,59,60,63,64,65,66,67,68,69,70,71,72,73,74,75,76,77,78,79,80,81,82,83,84,85,86,87,88,89,90,91,92,93,94,95,96,97,98,99,100,101,102,103,104,105,106,107,108,109,110,111,112,113,114,115,117,118,119,120,121,122,123,125,126,127,130,131,132,133,134,135,136,137,138,139,140,141,142,143,144,146,147,148,149,150,151,153,154,155,156,157,158,159,160,161,162,163,164,165,166,167,168,169,170,171,172,173,174,175,176,177,178,179,180,181,182,183,184,185,186,187,189,190,191,192,193,194,195,196,197,198,199,201,202,203,205,206,207,209,210,212,213,214,215,216,217,218,219,221,222,223,224,225,227,228,229,230,232,234,236,237,239,241,242,243,244,245,248,249,250,251,252,253,254,255,256,257,258,259,261,262,263,264,265,266,268,269,270,272,273,274,277,278,279,280,281,282,283,284,287,288,289,290,291,292,293,294,295,296,297,299,300,301,302,303,304,305,306,307,308,310,311,312,313,314,315,316,317,318,320,321,322,323,324,325,326,327,328,329,330,332,333,335,337,338,339,340,341,343,344,345,346,348,352,354,355,356,357,359,362,363,365,370,371,373,374,379,384,385,387,388,392,393,394,397,402,403,404,407,410,412,445,454,469,470,584
22,18,51,55,57,59,60,61,62,63,64,68,69,70,72,73,74,75,76,77,78,79,80,81,82,83,84,85,86,87,88,89,90,91,92,93,94,95,96,97,98,99,100,101,102,103,104,106,107,108,109,111,112,114,116,117,119,120,121,122,123,124,125,126,127,128,129,130,131,132,133,134,135,137,138,139,141,142,143,144,145,146,147,148,149,150,151,152,153,155,156,157,158,159,160,161,162,163,165,166,167,168,169,170,171,172,174,176,178,179,180,181,182,183,184,185,186,187,188,189,190,191,192,193,195,197,198,200,201,202,205,206,207,210,211,212,213,215,216,217,219,220,221,222,224,227,228,229,230,231,232,233,234,235,236,238,240,241,242,243,244,245,246,247,248,250,251,252,253,255,256,257,258,260,261,263,264,265,267,268,269,270,271,272,273,274,275,276,277,279,281,283,284,285,286,287,288,290,291,293,295,296,297,298,300,301,302,304,308,309,310,312,314,317,319,321,324,327,328,329,330,331,332,334,335,338,339,342,345,346,347,349,350,351,352,353,354,355,356,357,358,362,363,364,365,367,369,370,371,372,373,375,376,377,380,381,383,385,389,391,394,395,396,398,399,400,403,404,407,410,419,422,423,429,432,435,436,437,453,468,483,670,674
23,30,56,58,59,61,62,63,64,65,66,67,68,69,70,71,72,73,74,75,76,77,78,79,80,81,82,83,84,85,86,87,88,89,90,91,92,93,94,95,96,97,98,99,100,101,102,103,104,105,106,107,108,109,110,111,112,113,114,115,116,117,118,119,120,121,124,125,126,127,128,129,130,131,132,133,134,135,136,138,139,140,141,142,143,144,145,146,147,148,149,150,151,152,153,154,155,156,157,158,161,162,163,164,165,166,167,168,169,170,172,173,174,175,178,179,180,181,182,183,184,185,186,188,189,190,192,194,195,198,199,200,201,202,204,205,206,208,209,210,211,212,213,214,215,216,217,218,219,220,221,222,224,225,227,229,230,234,236,238,239,245,255,257,259,260,261,267,268,269,272,273,274,275,278,280,281,283,284,285,287,288,292,293,294,295,297,298,301,302,309,314,316,319,323,325,328,329,330,331,334,335,338,339,340,344,346,347,351,355,357,358,360,368,369,373,374,376,379,385,387,390,391,392,401,409,431,441,442,471
24,56,59,60,61,63,64,65,66,67,69,70,71,72,73,74,75,76,77,78,79,80,81,82,83,84,85,86,87,88,89,90,91,93,95,96,97,98,99,100,101,103,104,105,106,107,108,109,110,111,112,113,114,115,116,117,118,119,120,121,122,123,126,127,128,129,130,131,133,134,135,136,137,138,139,140,141,142,143,145,146,147,148,150,151,152,153,154,155,156,157,158,159,160,161,162,163,164,165,166,167,170,171,172,173,175,176,177,178,179,180,181,183,184,186,187,188,190,194,195,196,197,198,201,203,205,206,208,209,212,213,215,217,218,220,221,222,224,225,226,227,230,232,233,235,236,238,240,241,243,248,254,255,257,258,262,264,267,269,271,274,275,276,277,278,281,282,284,285,286,293,295,296,299,300,303,315,327,329,331,335,341,343,344,345,352,356,359,361,368,369,373,374,376,379,385,389,393,402,405,410,411,412,414,454,680
25,56,62,63,64,65,67,68,69,70,71,72,73,74,75,76,77,78,79,80,81,82,83,84,85,86,88,89,90,91,92,94,95,96,97,98,99,100,101,102,103,104,105,106,108,109,110,111,113,114,115,116,117,118,119,120,121,123,125,126,127,128,129,130,131,133,134,135,136,137,138,139,140,141,143,144,145,146,147,148,149,150,151,152,153,154,155,156,157,158,159,160,161,162,163,164,165,166,167,168,169,170,171,172,174,175,176,177,179,180,181,182,183,186,188,190,191,192,194,195,199,201,202,204,206,207,209,210,211,213,214,216,217,219,220,221,222,223,224,225,227,228,229,230,231,233,234,235,237,240,241,242,243,245,246,252,256,257,258,261,262,265,266,267,268,269,272,275,279,283,285,289,291,301,321,333,339,347,364,377,384,440,491
26,56,57,58,60,61,62,63,65,66,68,69,70,71,72,73,74,75,76,77,79,80,81,82,83,85,86,87,89,90,91,92,93,94,95,96,97,98,100,101,102,103,104,105,106,107,108,109,110,111,112,113,114,115,116,117,118,119,120,121,122,123,124,125,126,127,128,129,130,131,132,133,134,135,136,138,139,140,141,142,146,147,148,149,152,153,154,155,156,157,161,162,163,164,165,166,168,170,171,172,173,174,175,176,178,179,180,181,182,183,185,186,187,188,189,190,191,192,193,194,195,196,197,198,199,202,203,204,205,206,207,208,211,212,215,216,217,219,220,221,224,225,226,227,228,231,233,234,235,238,239,241,242,243,244,246,247,248,250,252,253,254,255,256,257,260,261,262,264,265,267,269,270,272,275,279,280,281,284,288,289,292,297,299,301,303,305,307,309,311,316,317,319,321,322,324,328,332,351,354,360,365,366,374,389,391,402,408,531,641,685
27,3,36,60,61,62,63,64,66,67,68,69,70,71,72,73,74,75,77,78,79,80,81,83,84,85,86,87,88,89,91,92,94,95,96,97,98,99,100,101,102,103,104,107,108,110,111,112,113,114,115,116,117,118,120,122,123,124,125,126,127,128,129,130,131,132,133,135,136,137,139,140,141,142,144,145,146,148,149,150,151,154,155,156,157,158,159,160,162,164,165,169,170,172,173,174,175,176,177,178,179,180,181,182,183,184,185,186,187,188,189,190,191,192,193,195,196,197,200,202,203,206,208,209,210,212,213,215,216,217,218,220,221,222,223,224,225,227,228,229,230,231,233,236,237,238,239,240,242,246,247,248,249,250,255,256,260,263,265,266,267,268,272,273,274,276,278,282,284,285,286,289,290,291,294,303,305,312,316,321,326,328,332,338,352,363,366,370,386,392,405,459,665
28,59,60,61,62,63,64,65,66,67,68,69,70,71,72,73,74,77,78,79,80,81,82,83,84,85,86,87,88,89,90,91,92,93,94,95,96,97,98,99,100,101,102,104,105,106,107,108,109,111,112,114,115,116,117,118,119,120,122,123,124,125,126,127,128,129,130,131,132,133,135,137,138,139,140,141,142,143,145,146,147,148,149,151,153,154,155,156,159,160,161,162,163,165,166,167,168,169,170,171,172,173,176,179,180,181,182,183,184,186,187,188,189,190,191,192,193,194,195,196,197,198,199,200,202,203,204,205,207,208,209,210,211,212,213,214,219,220,221,224,226,227,228,230,233,234,236,237,238,243,244,245,246,247,248,250,251,257,258,260,261,263,265,269,271,272,275,276,277,278,280,281,282,284,286,287,293,299,303,304,305,311,313,322,324,328,329,330,332,336,339,348,354,359,365,381,577
29,58,59,61,62,63,64,65,66,67,68,69,70,71,72,74,75,76,77,78,79,80,81,82,83,84,85,86,87,88,89,90,91,92,93,94,95,96,98,99,100,101,102,103,104,105,106,107,108,110,112,113,114,115,116,117,118,119,120,121,123,125,126,128,129,131,132,133,134,138,139,141,142,144,147,148,149,151,153,154,155,156,157,158,159,161,162,163,164,165,166,167,168,169,170,172,173,174,175,176,177,178,180,181,182,185,186,187,188,190,191,192,193,195,196,198,199,200,201,203,204,208,209,212,213,214,217,219,220,222,223,226,227,231,232,233,234,235,236,237,238,239,240,242,243,244,246,247,248,255,259,261,263,265,266,268,269,270,272,273,275,276,278,287,288,289,293,306,311,321,327,373,384,389,390,459,466,478,633,637,672
30,16,53,57,59,60,62,63,64,65,66,67,68,69,70,71,72,73,74,76,77,78,79,80,82,83,84,85,86,87,88,89,90,91,92,93,94,95,96,98,100,101,102,103,104,105,106,107,108,111,112,113,114,117,118,119,120,121,122,123,124,125,126,127,128,130,131,132,133,134,135,136,139,140,141,142,143,144,145,146,148,149,150,151,154,155,156,157,159,160,161,162,163,165,166,167,168,169,171,172,173,174,175,176,180,181,182,183,184,185,186,187,188,189,190,191,192,193,194,195,196,197,198,200,201,202,203,206,207,208,211,216,217,218,220,221,222,225,230,238,239,240,241,242,243,245,247,251,252,254,257,258,260,261,262,263,270,271,273,274,277,278,279,281,282,284,289,318,319,325,336,354,356,360,404,415,430,435,541
31,55,56,59,60,61,62,63,65,66,67,68,69,70,71,72,73,74,75,76,77,78,79,80,81,82,83,84,85,86,87,88,89,90,91,92,93,94,95,97,98,99,100,101,102,103,104,107,109,110,111,113,114,117,118,120,121,123,124,125,126,127,128,129,130,131,134,135,136,137,138,139,141,142,143,144,145,146,147,148,149,150,152,153,155,156,157,158,159,160,161,162,163,164,165,166,168,169,170,172,173,174,176,177,178,179,180,181,182,183,184,185,186,187,190,191,193,194,195,196,197,198,200,202,204,205,208,210,213,214,215,216,217,219,221,223,226,227,228,231,232,233,234,235,236,239,241,243,246,249,252,253,256,257,261,262,263,264,269,270,272,275,277,280,281,284,285,286,288,291,294,298,300,305,313,330,332,344,351,352,353,366,383,386,392,435,454,458,471,512,531,572
32,51,53,57,60,62,63,64,65,66,67,68,69,70,71,72,73,74,75,76,78,79,80,81,82,83,84,85,86,87,89,92,93,94,95,97,98,99,102,103,104,105,106,107,108,109,112,113,114,115,116,117,118,119,122,123,124,125,126,130,131,132,133,134,135,136,138,139,140,141,142,144,147,148,150,151,152,153,154,155,156,157,158,159,160,161,162,163,164,166,167,168,169,170,171,173,174,175,177,178,180,182,183,184,186,187,188,190,191,193,194,195,196,197,206,207,213,215,216,219,221,222,226,228,229,230,232,233,237,239,240,241,242,246,247,248,249,252,253,255,256,258,261,263,266,270,271,274,276,279,282,288,292,294,295,298,302,303,315,319,324,329,337,345,362,363,369,382,455,671
33,54,61,63,65,66,67,68,69,70,71,72,73,76,77,78,79,81,82,83,84,85,86,88,91,92,93,94,95,96,97,98,99,100,102,103,104,105,106,107,108,109,110,111,112,115,116,118,119,120,122,124,125,126,127,128,129,130,132,133,134,135,136,139,140,141,142,144,145,147,149,150,151,153,157,158,159,160,161,162,164,166,167,168,169,170,173,174,175,176,177,179,180,183,184,185,187,188,190,195,196,197,198,201,202,204,205,211,215,217,218,219,221,223,224,225,226,227,228,230,231,232,235,238,240,241,244,245,248,249,250,254,255,257,260,274,277,279,281,285,286,289,290,293,296,299,309,313,320,336,345,371,436,531
34,60,61,64,65,67,68,69,70,71,72,74,75,76,79,80,83,84,85,86,88,89,90,91,92,93,94,95,96,97,98,99,100,101,102,103,104,105,106,107,109,110,111,112,113,114,115,116,117,118,119,120,122,123,124,125,126,127,128,129,130,131,132,133,134,135,137,138,139,142,143,144,145,146,147,150,151,156,157,158,159,160,162,165,166,167,168,169,170,171,172,174,175,176,177,180,181,182,184,185,186,188,189,190,191,192,193,194,196,197,199,200,201,202,203,210,211,212,213,214,215,217,218,219,220,221,224,225,226,227,228,230,231,232,235,236,237,238,239,240,241,243,245,246,253,254,255,257,259,260,261,262,263,267,271,272,275,276,277,279,280,284,285,286,287,288,292,295,299,302,303,304,305,314,330,334,353,384,431,441,446,509,543,590,695
35,44,58,59,60,61,62,63,64,65,66,67,68,71,72,73,76,78,79,81,82,83,84,85,86,88,89,90,91,93,95,96,97,98,100,101,102,103,104,105,106,107,109,110,111,112,113,114,115,116,117,118,120,121,122,123,126,127,128,130,131,133,134,135,137,138,139,140,142,143,144,145,146,150,152,153,154,157,158,159,160,163,164,165,166,167,168,169,170,171,172,173,175,176,178,179,180,181,182,184,186,188,189,190,191,192,193,194,195,196,197,198,200,201,202,204,206,209,212,213,215,217,219,220,221,222,223,225,226,227,228,229,230,233,234,235,236,237,238,240,241,242,243,244,245,247,250,253,254,257,258,259,263,264,266,267,270,271,272,274,276,280,281,282,283,284,287,288,289,291,295,306,307,310,317,330,334,338,340,345,348,349,354,363,364,378,386,415,450,489,661
36,6,55,58,60,61,62,63,64,65,67,69,70,71,73,76,77,78,79,80,81,83,84,85,86,87,89,90,91,93,95,96,97,98,99,100,101,102,103,104,105,106,107,108,109,110,112,114,115,116,117,118,119,120,122,124,125,126,128,129,130,131,132,133,134,135,136,137,139,140,143,145,147,154,155,156,157,158,159,163,164,165,166,167,168,170,171,172,173,174,175,178,179,180,182,184,186,188,189,190,191,194,195,196,199,200,206,209,210,212,213,215,216,225,226,227,228,230,232,233,234,238,239,240,241,244,245,249,252,253,256,259,261,262,263,264,265,268,273,275,277,280,282,283,284,293,294,295,297,302,307,320,322,326,332,348,358,379,417,630,667
37,17,53,55,56,57,58,59,64,65,67,68,69,70,71,72,73,74,75,76,77,78,79,80,81,82,83,84,86,87,88,89,90,91,93,94,95,96,97,99,100,101,102,103,105,106,107,108,109,110,113,114,115,117,118,123,124,126,127,128,129,130,131,133,134,135,137,139,140,142,143,144,146,147,149,150,151,152,153,154,155,156,158,159,160,161,162,164,166,167,169,170,171,173,174,175,176,177,179,180,181,182,184,185,186,187,188,190,192,193,194,197,198,199,200,202,203,204,205,206,209,211,214,216,217,218,220,221,222,223,224,225,226,227,228,229,232,234,236,238,242,244,245,246,247,249,250,251,252,253,254,256,257,259,262,263,265,268,269,270,274,276,278,279,280,281,287,295,298,306,309,324,335,343,468,560
38,59,62,65,66,68,69,71,72,73,74,75,76,77,79,80,81,82,83,84,86,88,89,90,91,92,93,94,96,97,98,100,102,103,104,105,106,107,108,114,115,117,118,119,123,124,127,128,129,130,132,133,136,137,139,140,141,142,143,144,146,147,149,153,154,155,156,158,159,160,161,162,163,164,165,166,167,168,169,170,171,172,174,176,177,178,179,180,184,185,186,189,190,192,194,195,197,198,199,201,202,203,204,206,212,218,221,222,223,225,226,227,230,232,233,234,235,243,244,254,261,269,273,276,277,278,280,281,283,293,299,301,308,324,326,331,336,361,374,384,543,626
39,17,30,52,57,60,71,72,73,74,75,77,82,83,84,85,87,89,91,92,93,94,95,97,98,101,102,103,104,105,106,107,108,109,110,111,112,113,114,115,116,117,118,119,121,122,123,124,125,126,127,128,130,131,133,134,135,136,137,138,139,140,142,143,145,147,148,149,150,151,152,153,154,156,157,158,159,160,162,165,166,167,168,169,170,173,174,176,177,178,179,180,181,182,184,186,188,189,190,192,193,196,199,214,215,219,223,226,227,230,232,240,242,244,249,250,259,266,267,269,274,284,294,299,307,314,316,335,343,344,591
40,38,40,45,67,71,74,76,77,78,79,82,83,84,85,87,88,89,90,93,94,95,96,97,98,99,100,101,102,103,104,105,106,108,109,110,111,112,113,114,115,116,117,118,119,120,121,122,123,124,125,126,127,128,129,130,131,132,133,134,135,136,137,139,140,141,142,143,144,145,147,150,152,154,155,161,162,163,164,167,168,169,170,171,173,175,176,177,178,179,181,183,192,193,195,197,198,199,200,201,203,208,212,216,222,230,232,236,238,241,242,250,252,255,266,267,268,272,279,280,297,377,438,456,585,682
41,64,68,70,71,72,73,75,78,80,81,82,83,84,85,86,87,88,89,91,92,93,94,95,96,97,98,100,101,103,105,106,107,108,109,110,111,112,113,114,115,116,117,119,121,122,124,125,126,127,128,129,130,131,133,135,136,137,138,139,140,141,143,144,145,146,147,148,149,150,151,152,153,154,156,157,158,159,160,161,163,164,166,168,169,170,171,173,174,175,176,177,178,179,180,181,183,184,185,186,187,190,192,193,194,195,196,197,198,200,201,202,206,207,210,213,217,221,223,224,226,232,233,234,241,245,247,255,259,269,277,289,299,304,347,367,373,378,408,595,643
42,63,65,71,72,73,74,75,76,79,80,81,82,83,84,85,87,88,90,92,94,95,96,97,98,100,101,103,104,106,107,108,110,111,112,113,114,115,116,117,118,119,121,122,123,124,125,126,127,128,130,131,134,135,137,138,141,142,145,146,147,149,150,151,153,154,155,157,159,160,161,162,163,165,166,168,170,171,172,173,176,178,179,180,182,185,188,190,191,192,193,194,198,204,209,216,224,230,248,258,265,301,306,316,513,557
43,32,68,75,76,77,82,89,90,91,92,93,94,95,98,99,100,103,104,106,109,110,111,112,113,115,116,117,118,120,121,122,125,126,127,128,129,131,133,135,136,139,140,143,144,145,146,147,149,151,152,153,158,160,162,163,168,170,171,172,175,183,186,187,188,190,194,198,199,201,202,203,205,210,214,218,224,229,237,239,242,244,250,364,373,660
44,60,63,73,77,78,79,80,81,84,94,95,98,99,100,102,106,108,110,112,113,114,118,119,120,121,123,131,132,133,134,139,140,143,146,147,154,156,162,163,164,169,175,177,182,188,191,193,195,201,236,241,248,257,261,265,288,320,623,631,664
45,70,71,73,77,82,91,93,94,95,98,100,101,110,117,120,121,124,125,127,139,151,162,165,185,190,199,220,286,346,359,556,666
46,39,68,116,123,134,152,157,190,207,210,211,212,218,249,448,477,534,560
47,17,25,106,119,149,169,314,514,551
48,17,50,110,221,497,617
49,29,395,419,493
50,412,577,611,668
51,28,50,359,374,522,652,673,682
52,198,337,348,391,455
53,66,278,440,443,457
54,463,566,677
55,60,117,181,189,518,576
56,17,103,583
57,240,250,496,533
58,174,195,450,484
59,182,197,338,443,504,568,641,670
60,249,564
61,294,352,366
62,110,300
63,36,128,427,610
64,652,668,699
65,79,228,229,280,308,684
66,8,61,150,481,501,534,553,591,682,688
67,90,382,447,577
68,55,152,167,550,579
69,88,324,437,580,660
70,124,209,221,255
71,190,478
72,22,171,230,304,391,510
73,282,346
74,127,135,167,440
75,260,350,439,455,518,670
76,
77,
78,
79,
80,
81,
82,
83,
84,
85,
86,
87,
88,
89,
90,
91,
92,
93,
94,
95,
96,
97,
98,
