11
0,335
1,431,457,672
2,
3,72,116,135,180,341,359,414
4,29,47,63,189,221,242
5,2,7,10,13,23,42,49,50,52,53,55,59,68,70,71,72,73,74,80,81,82,85,90,94,105,106,112,118,130,241,313,323,335,343,346,347,348,350,351,354,355,356,365,371,374,376,380,384,385,387,399,403,410,526
6,50,51,53,56,57,62,63,66,67,68,70,72,73,74,75,77,78,79,80,82,83,84,85,86,87,88,89,90,91,92,93,95,98,99,106,112,116,120,123,126,129,139,145,146,153,154,161,165,167,169,171,172,173,174,176,178,179,187,188,189,190,191,192,193,194,196,197,198,199,200,201,202,204,205,206,208,210,211,212,214,216,219,221,222,223,224,226,227,228,231,232,238,239,240,242,246,248,249,250,252,255,256,263,267,268,270,271,274,276,280,294,296,297,300,310,318,320,321,322,324,325,326,327,328,329,330,331,332,333,334,335,336,337,338,339,341,342,343,344,345,346,347,348,349,350,351,352,356,358,359,361,363,364,366,369,373,374,379,383,386,390,400,588
7,18,19,36,37,38,39,42,81,82,84,85,88,89,90,92,93,94,95,96,98,99,100,101,102,103,104,105,106,107,108,109,110,111,112,113,117,118,120,121,122,123,124,129,130,131,133,134,135,136,137,138,141,142,143,146,148,151,154,156,157,158,159,165,167,168,169,171,172,173,174,176,177,178,180,184,186,188,189,190,191,192,193,194,195,196,199,201,204,205,206,208,209,211,214,215,218,219,220,223,237,238,241,245,250,251,259,260,264,266,268,270,273,274,276,277,278,279,281,283,284,287,289,290,295,298,301,302,303,304,307,309,310,311,312,313,314,316,317,319,320,321,322,323,324,325,326,327,328,329,331,333,334,335,336,339,340,342,343,344,346,347,348,349,350,351,352,353,354,355,356,357,358,360,361,362,363,364,365,366,367,368,369,370,372,373,374,375,376,377,378,379,380,381,382,383,385,386,387,388,389,390,391,392,393,394,395,396,397,398,399,400,401,402,403,405,406,407,408,409,410,411,412,413,414,415,416,417,418,419,420,421,424,425,427,428,429,432,433,438,439,442,443,445,447,450,451,454,455,456,458,460,465,466,468,476,481,494,504,515,528,600
8,2,78,81,84,85,86,87,89,90,91,92,93,94,95,96,97,98,100,101,102,103,104,105,106,107,108,110,111,112,113,114,115,116,117,118,119,120,121,122,123,124,125,126,128,129,130,131,132,133,135,136,137,138,139,140,142,143,144,146,148,149,150,154,155,157,159,160,161,168,169,170,174,175,176,177,178,179,180,181,183,184,185,186,187,189,190,191,192,193,195,196,197,198,199,200,201,202,205,206,207,208,209,212,213,215,217,222,225,227,229,230,231,233,235,239,241,242,243,247,249,250,251,253,256,259,261,263,264,265,266,267,270,271,273,276,278,279,286,288,289,290,291,293,294,295,297,299,300,301,302,303,306,307,309,311,313,314,315,316,317,318,319,320,321,322,324,326,327,328,329,330,331,332,333,335,336,337,338,339,340,341,342,343,344,345,346,347,348,349,350,351,353,355,356,358,359,360,361,363,364,365,366,367,368,369,370,372,374,375,376,377,378,379,380,381,383,384,385,386,387,389,390,391,396,398,402,405,406,407,408,413,414,417,418,420,425,427,428,431,432,435,443,445,448,456,458,459,460,468,475,493,563,583,601
9,57,83,84,86,87,88,89,90,91,92,93,94,95,96,97,98,99,100,101,102,104,105,106,107,108,109,110,111,113,115,116,117,118,119,120,121,122,123,124,125,126,127,128,129,131,132,133,134,135,136,137,138,140,141,143,144,146,148,149,152,154,155,156,157,159,160,162,163,164,166,167,170,171,172,173,174,175,176,177,178,179,180,181,182,183,184,185,186,187,188,189,190,191,194,195,196,197,198,201,202,203,204,205,206,207,208,209,210,211,212,213,214,215,216,217,218,219,220,221,222,224,225,226,227,229,230,232,233,235,236,237,238,239,242,243,244,246,247,248,250,252,259,261,262,265,268,270,272,273,274,276,277,279,280,281,282,283,284,285,287,288,291,292,294,295,296,298,299,300,301,303,304,306,307,308,309,310,311,313,315,316,318,319,320,321,322,323,324,325,326,327,328,329,330,331,332,333,334,335,336,339,341,342,343,344,345,346,347,348,349,350,351,352,353,355,356,357,358,359,360,363,364,366,367,368,369,370,371,372,374,375,377,378,379,381,382,383,386,390,391,392,393,395,396,397,399,400,401,403,406,409,412,413,421,424,425,432,438,448,449,452,454,455,458,460,461,470,482,485,487,665
10,53,81,84,85,86,87,88,89,90,91,92,93,94,95,96,97,98,99,100,101,102,103,104,106,107,108,109,110,111,112,113,114,115,116,117,118,119,120,121,122,123,124,125,127,128,129,130,131,132,133,135,136,138,139,141,142,144,145,146,148,149,150,153,154,155,156,157,158,161,162,163,165,166,171,172,173,175,176,177,178,179,180,181,182,183,184,185,186,188,189,190,191,192,194,195,196,197,198,200,201,202,203,204,205,206,207,208,209,210,211,213,215,216,217,218,219,220,223,224,225,226,227,228,229,230,231,232,233,236,238,240,241,243,244,245,247,251,252,253,256,257,258,260,261,265,269,271,272,273,275,279,281,285,286,287,288,294,296,297,298,301,304,306,307,309,310,311,312,314,315,316,318,322,324,325,326,327,328,330,331,332,333,334,335,336,337,341,343,345,346,347,348,349,351,352,353,354,355,358,360,361,362,363,364,370,371,374,389,391,394,407,423,424,425,436,438,439,442,444,454,458,459,477,498,550
11,80,84,86,87,88,89,91,93,94,95,96,97,98,99,100,101,102,103,104,105,106,107,108,109,110,111,112,113,114,115,117,118,119,120,121,123,124,125,127,128,129,130,131,132,133,134,135,136,137,138,139,140,142,143,144,145,147,148,149,150,153,154,155,156,158,160,162,163,165,167,171,172,173,175,178,180,181,182,184,185,186,187,188,189,191,192,193,194,195,196,197,198,199,200,201,202,203,204,205,207,211,213,214,215,216,217,218,219,220,221,222,223,224,227,229,230,232,233,236,237,238,239,244,245,247,248,249,251,253,255,258,259,261,262,263,264,265,266,269,274,276,279,280,283,287,288,292,296,297,300,301,302,307,308,309,311,312,316,317,321,322,323,325,326,331,332,333,334,335,339,340,343,345,346,347,348,352,354,355,357,358,361,362,363,364,365,366,367,371,372,376,377,382,385,389,390,393,394,400,413,424,561,619
12,79,80,82,83,84,85,86,87,88,89,90,92,93,94,95,96,97,98,99,100,101,102,103,104,106,107,108,109,110,111,112,113,115,116,117,118,119,120,121,122,123,124,125,126,127,128,129,130,132,133,134,135,137,139,141,142,144,146,148,149,151,152,153,154,155,156,159,161,162,166,167,168,169,170,171,172,174,175,176,177,179,180,181,183,184,185,186,187,189,190,192,193,194,195,196,197,198,199,200,201,202,203,205,206,207,210,211,214,215,216,218,219,220,221,222,223,224,230,232,233,234,235,237,241,243,245,246,247,249,253,255,256,257,258,259,260,261,262,263,270,271,273,277,279,283,285,292,293,294,298,300,301,306,308,314,315,316,317,318,320,321,322,324,325,327,328,329,330,334,336,337,344,345,349,351,356,357,358,361,362,367,368,369,372,373,376,378,379,380,381,383,385,386,391,404,406,419,423,425,427,438,444,447,504,523,555
13,84,85,86,87,88,89,90,91,92,93,94,95,96,97,98,99,100,102,103,104,105,106,107,108,109,110,111,112,113,114,115,116,117,118,119,121,122,123,124,126,127,132,133,134,135,136,137,138,139,140,141,142,143,145,146,147,148,149,153,154,155,156,157,158,159,162,163,164,166,167,168,170,173,174,175,180,181,182,184,186,187,188,189,190,191,192,193,195,196,197,199,200,201,202,203,204,206,207,208,209,210,211,216,219,220,221,222,223,225,226,229,233,236,237,240,241,242,243,244,252,253,254,255,258,259,260,261,262,264,268,270,276,278,280,283,289,291,292,293,294,295,297,304,308,313,319,320,321,322,326,327,335,336,337,339,341,342,343,344,345,351,354,355,365,367,370,371,375,379,381,382,383,388,391,394,397,400,410,417,421,424,435,440,444,454,464,465,475,483,484,599
14,13,76,83,84,85,86,88,89,90,91,92,93,94,95,96,97,98,99,100,101,102,103,104,105,107,108,109,110,111,112,113,114,115,116,117,121,122,123,124,125,126,127,129,130,131,132,133,134,135,137,139,140,141,143,145,148,149,150,151,152,153,154,155,156,157,158,160,161,162,164,165,166,167,170,171,172,173,174,175,176,177,178,180,181,182,183,184,185,186,187,189,190,191,192,194,195,196,197,198,199,200,201,202,204,207,209,210,212,214,219,220,221,224,228,235,240,242,244,245,246,247,248,250,252,254,255,256,257,258,260,264,265,266,267,268,271,272,276,286,288,291,298,299,300,306,307,308,311,312,315,316,323,327,329,331,334,337,338,340,343,344,347,348,354,355,356,360,362,363,367,369,372,375,376,377,380,385,386,387,392,395,397,399,400,401,403,411,419,426,458,460,465,473,579
15,81,86,88,90,91,92,93,94,95,96,97,98,99,100,101,102,103,104,106,108,109,110,111,112,113,114,115,116,117,118,119,120,121,123,124,125,126,127,128,129,130,131,133,134,135,136,138,139,141,142,143,144,145,146,147,148,149,150,151,152,153,154,155,157,159,160,161,163,164,165,166,170,171,172,173,175,176,177,178,180,183,184,186,187,189,191,194,195,196,198,200,202,203,204,205,207,208,211,212,213,216,217,218,219,220,222,224,225,226,228,231,232,234,236,238,239,240,241,245,246,250,253,254,259,263,264,265,269,272,273,274,279,282,283,284,286,289,292,297,298,301,305,308,309,312,326,327,329,331,332,333,334,336,341,342,343,346,347,351,357,358,359,360,362,365,366,370,373,374,382,386,388,389,392,397,398,399,400,402,415,421,435,437,439,441,443,666
16,4,82,88,90,91,92,95,96,97,98,99,101,102,103,104,105,106,107,109,110,111,112,113,114,116,117,118,119,120,121,122,123,124,125,126,128,129,132,134,136,137,139,141,143,145,146,147,149,151,153,154,155,156,157,158,160,162,163,164,165,166,168,170,171,175,176,178,180,181,183,184,185,186,187,188,190,191,194,196,198,199,201,202,203,205,206,207,208,210,211,212,213,214,216,218,219,222,223,224,226,228,231,233,235,236,238,241,242,243,247,249,250,251,252,253,255,256,257,259,260,261,263,265,267,269,270,271,274,279,285,287,288,289,298,299,300,309,311,313,317,319,323,326,327,328,330,332,336,342,345,346,348,349,350,352,355,358,362,365,367,371,378,379,387,392,397,398,404,405,417,418,421,427,429,430,431,434,448,455,469,484,495,505
17,76,85,86,87,88,91,92,93,94,95,97,98,99,100,101,102,103,104,106,107,109,110,111,112,113,114,115,116,117,120,121,123,124,125,126,127,128,129,130,131,132,133,134,135,136,137,140,142,144,145,148,150,151,154,155,158,159,161,162,164,169,170,171,173,180,182,183,184,188,189,193,194,195,197,199,201,202,203,207,208,210,211,212,213,216,218,220,221,224,227,229,232,238,245,246,249,250,251,252,255,256,258,260,263,265,267,268,270,271,273,275,279,287,291,292,296,297,302,306,313,314,315,318,320,323,327,331,335,340,341,343,345,348,349,355,357,358,359,363,368,369,376,378,383,384,385,400,402,409,427,428,440,446,453,460,463,486,571
18,29,81,83,85,87,88,89,92,93,94,95,96,98,99,100,101,102,103,104,105,107,108,109,111,112,113,114,115,117,118,119,121,122,124,127,128,130,131,132,133,135,137,138,140,141,142,144,145,146,147,151,153,154,155,156,162,163,164,165,168,171,172,174,175,177,178,181,183,185,188,190,193,194,196,198,203,204,207,208,210,212,213,215,216,218,219,222,223,225,230,232,233,234,235,239,243,245,246,247,251,252,254,257,259,260,265,266,271,275,276,277,280,281,282,288,291,303,304,310,312,318,332,334,337,347,351,352,358,362,363,373,375,377,382,385,386,395,402,404,406,408,411,413,422,429,430,435,438,444,462,473,474,475,529,559,565
19,22,83,87,88,90,91,92,94,95,96,97,98,99,101,104,105,107,108,111,112,114,116,118,119,120,121,125,126,127,129,130,131,133,134,135,137,138,139,140,141,142,143,144,148,149,152,153,154,155,157,159,160,165,168,169,171,173,174,175,180,183,184,186,188,189,191,194,195,198,201,204,205,207,208,210,211,212,216,217,218,220,221,222,224,225,227,229,234,236,237,238,239,242,243,248,257,259,260,264,266,267,271,279,285,287,288,291,292,296,299,311,312,329,330,333,336,338,339,352,354,355,360,365,368,373,375,382,385,389,392,396,401,405,418,430,433,436,440,447,451,455,456,512
20,83,86,87,88,89,90,91,92,93,94,95,96,97,98,99,101,102,103,105,106,107,108,109,110,111,113,114,117,118,119,120,121,122,123,124,126,128,129,132,134,135,136,138,139,140,142,143,144,147,149,150,151,153,154,156,159,160,161,163,164,165,166,170,171,172,173,174,175,177,178,179,182,187,189,190,191,193,195,196,197,199,200,203,205,206,207,210,211,214,216,218,219,220,221,223,233,234,235,236,238,240,241,242,248,252,253,255,257,261,262,265,268,269,271,273,274,275,278,286,287,294,311,312,314,323,325,332,342,344,348,350,352,356,359,366,369,377,384,394,397,399,400,405,409,421,426,428,429,437,438,647
21,81,85,88,89,91,92,94,95,96,97,99,100,101,102,103,104,105,107,108,109,110,111,113,115,116,117,118,119,120,121,123,124,126,127,129,130,131,132,135,140,141,142,143,144,145,148,149,150,152,158,159,160,161,164,165,167,169,170,172,174,175,177,180,181,182,183,187,188,189,190,193,198,199,201,202,206,207,209,212,216,217,218,219,225,226,228,230,231,233,234,235,237,239,240,241,242,243,245,246,249,250,252,254,255,256,257,259,264,273,278,279,283,286,290,292,313,314,327,336,340,349,352,366,367,368,369,387,391,403,417,444,452,454,490,508
22,73,80,81,82,88,95,96,97,98,99,100,101,102,103,104,106,107,108,109,110,111,112,113,114,115,116,117,118,119,121,122,123,124,125,126,127,129,130,132,134,135,136,137,138,139,141,143,144,145,146,147,149,150,151,152,153,154,155,156,158,163,166,167,170,180,185,190,195,196,201,202,203,205,209,210,214,215,218,221,223,225,226,227,229,231,232,234,239,240,244,246,247,248,249,250,251,252,256,257,259,260,262,263,264,266,268,270,273,276,279,281,285,293,294,297,298,299,301,320,324,334,350,363,367,368,369,382,390,391,400,411,429,438,445,448,470,471,485,528
23,44,71,83,86,88,89,94,96,98,99,100,102,105,107,108,112,113,114,115,116,117,118,119,120,121,122,123,127,128,129,130,132,133,134,135,137,138,139,140,141,142,144,146,147,151,152,153,154,156,157,158,165,166,168,169,170,172,173,175,178,183,185,186,187,189,191,193,199,200,202,207,208,212,216,219,223,229,231,232,233,234,235,237,238,239,242,244,248,249,252,254,255,256,257,260,261,265,268,275,276,277,279,280,284,288,295,303,307,311,313,314,320,325,330,333,334,345,348,363,373,383,386,391,392,393,398,400,403,407,409,410,412,415,420,422,424,428,430,433,443,498,513,663
24,93,94,95,96,98,99,100,101,102,103,104,105,106,107,110,112,113,114,117,118,119,121,122,123,125,126,127,128,129,130,131,132,133,134,135,136,137,138,139,140,141,146,147,148,149,150,151,152,153,154,155,156,158,161,163,164,165,166,167,168,169,173,174,176,177,181,184,187,190,191,192,195,196,199,200,201,202,203,204,205,209,210,212,213,215,216,217,222,223,224,225,227,229,232,237,240,241,243,248,249,250,251,258,259,262,263,266,268,271,275,288,291,292,293,294,301,307,315,331,337,365,366,390,392,394,398,401,410,429,464,471,494,513,525
25,87,89,91,92,93,94,95,96,98,100,102,103,104,105,106,107,108,109,110,111,112,113,115,117,118,119,122,123,124,125,126,127,130,131,133,134,135,138,140,142,145,146,148,149,150,151,153,154,155,158,159,160,161,165,166,167,169,170,173,174,176,177,179,182,183,185,191,192,193,197,200,202,203,204,205,206,208,210,212,214,216,217,219,220,222,223,224,226,228,229,230,231,232,235,237,239,241,242,245,246,249,250,251,253,258,259,260,261,262,266,269,270,274,275,278,279,285,289,299,301,302,304,307,314,316,322,326,334,335,355,448,475,508
26,3,72,85,86,89,91,92,96,97,98,99,101,102,103,104,105,107,108,109,110,113,114,116,117,118,120,121,122,124,125,126,129,131,132,133,135,136,137,138,139,140,141,143,144,145,146,148,150,152,154,156,158,159,162,164,167,169,178,185,187,190,192,193,195,198,200,201,203,204,208,209,214,215,217,218,221,223,226,227,228,231,232,233,235,236,237,239,243,244,248,250,253,254,257,261,262,263,264,265,268,270,271,272,273,280,281,283,286,288,291,293,301,303,314,324,325,326,328,329,331,339,341,343,348,413,454,458,549,696
27,65,81,86,90,92,95,97,98,99,100,101,102,104,105,107,109,110,111,112,113,114,115,116,117,118,119,120,121,123,124,127,129,130,132,133,134,135,136,137,138,139,141,142,143,144,146,147,148,149,151,152,153,155,156,157,158,160,161,162,163,169,171,172,173,175,176,177,181,184,193,194,195,205,206,217,218,221,222,225,227,228,229,230,231,232,235,237,239,240,241,243,256,258,259,260,261,262,263,264,265,266,268,276,277,283,285,289,290,295,298,301,306,313,324,332,340,346,360,361,365,410,412,440,449,471,495,514,584
28,45,96,98,101,102,103,104,105,106,107,109,110,111,113,114,115,116,119,120,121,122,123,124,126,127,129,131,132,133,134,139,140,142,144,145,146,148,150,151,152,154,155,157,159,163,166,167,168,169,170,174,175,176,180,182,195,196,197,203,205,206,208,209,210,212,214,215,218,223,227,228,231,233,234,237,238,239,240,241,244,245,248,250,251,252,253,258,259,264,268,270,275,277,279,281,285,286,288,290,291,296,297,301,304,305,310,312,318,324,327,332,340,344,345,349,360,373,402,410,447,497,621,655
29,92,95,99,100,102,104,105,107,108,111,112,113,114,115,116,117,120,121,122,123,124,125,126,127,128,129,133,139,140,142,143,144,147,148,149,150,151,158,159,162,163,165,167,168,173,179,181,183,186,189,192,194,199,201,203,214,216,217,218,219,220,224,229,231,232,233,235,240,242,243,247,250,252,253,255,256,257,258,259,260,262,265,267,268,269,270,275,280,282,284,285,286,288,290,295,296,299,305,313,316,318,321,325,330,333,352,395,433,447,452,461,515,549,684
30,79,81,84,94,95,97,98,99,100,101,102,105,106,107,109,110,111,112,113,114,115,116,119,120,121,122,123,127,130,131,132,134,135,136,137,138,139,140,141,142,144,145,146,147,148,149,150,151,152,153,154,155,156,157,158,159,160,161,162,165,166,167,170,171,172,173,175,176,188,192,195,203,206,209,210,211,212,215,216,217,218,223,225,226,227,229,232,236,238,241,247,255,257,263,267,271,273,277,281,294,295,296,303,334,342,365,372,387,451,468,498,510,538
31,1,14,37,90,95,99,100,101,103,104,105,106,107,109,110,111,112,113,114,115,116,117,118,120,121,123,126,127,128,129,130,132,134,135,136,137,138,139,141,143,146,147,148,149,150,152,153,154,156,158,159,162,163,164,165,168,169,170,171,172,173,174,177,178,180,181,190,194,195,197,201,203,204,205,209,217,218,219,220,222,223,225,227,229,232,235,238,239,240,243,249,250,252,262,264,267,269,277,281,282,287,292,294,296,302,305,309,314,340,343,375,377,383,395,430,555,639,645,656
32,76,87,90,95,99,101,102,104,106,107,108,109,110,111,112,113,114,115,116,117,118,119,123,124,125,126,128,129,130,131,132,135,136,137,138,139,140,142,143,145,146,147,148,149,150,151,153,154,155,156,157,159,161,162,163,166,167,168,171,172,174,176,181,184,186,187,197,199,203,204,208,209,212,214,215,218,227,230,231,235,236,237,240,242,247,248,249,256,266,275,276,280,292,295,297,300,304,310,313,314,317,318,326,328,334,345,531
33,90,97,104,108,110,111,112,113,114,115,116,117,118,119,121,122,123,125,126,128,129,130,131,132,134,136,137,138,139,141,145,147,148,149,151,153,154,155,156,158,159,160,161,162,163,165,166,167,168,169,170,171,172,173,177,178,179,194,200,201,212,214,215,216,219,224,228,233,235,237,246,260,263,269,274,285,299,533
34,101,108,109,110,111,112,113,114,116,117,118,119,120,121,122,123,124,125,126,127,128,129,130,132,133,134,135,136,137,138,140,141,142,143,144,145,146,147,149,151,152,153,154,156,158,160,162,163,164,165,166,167,168,169,170,172,173,174,175,176,177,178,182,183,184,188,191,192,196,201,204,205,210,212,214,219,221,222,228,230,231,232,236,237,244,245,249,250,254,256,260,264,276,286,302,321,396,549,591,634,657,691
35,10,98,102,103,105,106,107,108,109,110,111,112,113,114,115,116,117,118,119,120,121,122,123,124,125,126,127,128,129,130,131,132,133,134,137,138,139,140,141,142,144,145,146,147,148,149,150,151,152,153,154,155,156,157,158,159,160,161,162,163,164,165,166,167,168,170,171,172,173,174,175,176,177,178,181,182,183,185,187,188,189,193,196,198,199,200,201,204,206,207,208,211,212,214,215,217,219,222,225,228,229,230,233,234,236,241,242,252,253,256,259,261,264,279,286,291,301,309,328,344,379
36,85,93,106,108,111,113,114,115,116,117,118,119,120,121,122,123,124,125,126,128,129,130,131,133,134,135,136,137,138,139,141,142,143,145,146,147,148,149,150,153,154,155,156,159,161,163,165,166,167,168,170,171,172,173,175,178,180,181,182,185,188,189,192,199,201,205,206,208,211,212,213,214,216,217,218,219,221,222,223,224,225,231,232,233,234,242,243,244,248,252,254,256,260,262,264,266,272,274,286,288,324,370,389,406,562,695
37,109,114,116,117,118,119,121,123,124,126,127,128,129,131,133,134,135,136,137,139,143,144,145,146,147,148,149,150,151,152,153,154,155,156,157,158,159,160,161,163,164,165,166,167,168,169,170,172,175,176,178,179,180,183,186,188,189,192,195,196,197,202,204,209,212,214,215,217,218,221,222,229,230,236,238,240,244,245,257,258,264,267,270,277,280,291,295,296,300,313,318,322,330,338,341,351,567
38,8,33,76,120,121,122,124,125,127,129,130,131,135,136,137,139,140,141,142,143,144,145,146,148,149,151,153,154,156,157,158,161,162,163,164,165,168,169,172,176,179,181,188,189,191,196,198,203,208,209,210,211,213,215,216,221,223,226,227,228,229,238,239,242,243,245,246,251,253,260,261,270,272,277,279,280,283,286,294,296,297,298,300,302,304,337,343,351,370,467,499,547,684
39,114,116,117,118,120,121,122,124,125,128,129,130,132,133,135,137,139,142,143,146,149,150,151,152,153,154,160,161,162,165,166,167,169,172,173,174,176,178,180,186,191,194,195,196,197,199,208,210,212,215,217,218,219,220,223,225,228,229,232,233,234,235,237,242,247,248,250,255,256,257,258,259,260,265,268,269,273,274,277,281,292,396,510,539,682
40,55,107,117,119,121,122,123,125,128,129,131,132,134,135,137,143,145,146,147,148,149,150,151,154,156,157,158,159,160,161,163,164,165,166,167,169,170,173,174,175,176,179,180,182,183,184,185,190,201,202,203,206,208,209,210,218,219,222,223,227,234,235,246,253,255,260,268,271,272,278,279,286,293,296,297,307,315,328,335,340,421,546
41,37,63,121,122,124,127,132,136,137,138,139,140,141,142,143,144,146,147,148,150,152,153,154,155,156,157,162,163,164,167,168,172,173,176,177,180,181,182,183,184,189,190,191,196,203,219,222,230,231,234,236,237,239,240,243,244,253,255,256,258,261,263,268,271,294,316,318,319,341,376,456,492,520,565
42,52,81,123,124,127,130,132,133,134,136,137,138,140,141,145,146,148,149,150,153,155,156,157,159,160,162,165,172,173,177,180,182,187,188,199,203,205,211,214,215,216,217,218,221,226,232,233,235,238,239,242,248,250,266,270,282,297,301,334,337,442,542,591,607
43,116,122,124,127,132,133,135,136,138,139,140,142,143,144,146,147,151,155,157,162,164,171,173,175,180,182,183,189,200,202,211,228,236,245,251,274,280,296,300,318,323,327,331,335,379
44,114,127,132,133,136,139,140,141,155,158,159,163,166,172,179,180,188,203,217,222,223,238,245,256,337,371,395,397,413,425
45,159,176,193,220,268,295,299,342,355,505
46,269,565,659
47,434,480,630,648,651
48,486,547,553,571,583,624
49,426,559,566,587,589,597,601,604,613,624,651,654,676,681
50,585,592,596,598,612,651
51,472,547,573,580,581,595,597,599,602,603,616,619,621,623,625,640,649,657,669,671
52,34,44,325,603
53,12,218,254,403,511,566,568,569,570,572,578,583,595,599,602
54,329,359,568,573,577,578,579,582,583,584,592,593,595,598,604,606,607,615,618,634
55,42,153,366,555,557,560,565,571,574,576,581,582,595,606,641
56,111,212,272,356,552,566,577,602,610,625,659
57,103,137,260,563,565,568,575,577,580,581,583,586,590,591,599,601,606,607,611,613,619,624,628,629,633,634,639,645,660,671,676
58,249,545,550,561,563,564,571,572,574,582,584,592,594,600,601,629,644,645,667,673
59,47,397,487,575,582,585,586,589,596,599,604,606,610,618,626,627,635,658
60,5,19,300,552,553,554,605,620,666
61,179,360,486,529,559,570,571,577,587,593,595,613,620,639
62,240,253,521,631
63,16,55,76,81,138,249,329,443,463,493,502,551,567,635,697
64,
65,59,486,557,622
66,112,691
67,5,27,67,91,185,336,363,403,525,542
68,26,36,214,417
69,20,50,73,186,310,320,321,340,341,626,649
70,14,78,326,393,439,463
71,300,335,404,415,419
72,132,292,293,295,369,377,421
73,252
74,562,647
75,
76,
77,
78,
79,
80,
81,
82,
83,
84,
85,
86,
87,
88,
89,
90,
91,
92,
93,
94,
95,
96,
97,
98,
