15
0,94
1,198,279,314,678
2,577,618
3,188,206,295,491,499
4,9,23,80,104,197,201,276
5,28,60,131,193,309,375,464
6,417,430,474
7,4,472,645,653
8,87,152,287,435,483,539,583
9,502,510
10,106,113,118,207,251,509,532
11,79,81,82,83,85,86,87,88,93,96,183,187,199,202,251,290,385,562
12,71,72,73,74,75,76,78,79,80,81,82,83,84,85,86,87,88,89,90,91,92,93,94,95,96,97,98,99,100,101,102,103,104,106,107,108,110,111,113,117,118,119,124,127,133,145,214,449,467
13,71,72,73,74,75,76,77,78,79,80,81,82,83,84,85,86,87,88,89,90,91,92,93,94,95,96,97,98,99,100,101,102,103,104,105,106,107,108,109,110,111,112,113,114,115,116,117,118,119,120,121,122,123,124,125,126,127,128,129,130,131,132,133,134,135,136,137,138,139,140,141,142,143,144,145,146,147,148,149,150,151,152,153,154,157,158,159,160,164,165,166,169,170,174,175,176,177,178,179,180,183,184,185,186,188,189,190,191,194,195,197,199,200,204,205,206,212,291,671,685
14,15,73,74,75,78,80,81,82,83,84,85,86,87,88,89,90,91,92,93,94,95,96,97,98,99,100,101,102,103,104,105,106,107,108,109,110,111,112,113,114,115,116,117,118,119,120,121,122,123,124,125,126,127,128,129,130,131,132,133,134,135,136,138,139,140,141,142,143,144,145,146,147,148,149,150,151,152,153,154,155,156,157,158,159,160,161,162,163,164,165,166,167,168,169,170,171,172,173,174,175,176,177,178,179,180,181,182,183,184,185,186,187,188,189,190,191,192,193,194,195,196,197,198,199,200,201,202,203,204,205,206,207,208,209,210,211,212,213,214,215,216,217,218,219,220,221,222,223,224,225,226,227,228,229,230,231,232,233,234,235,236,237,238,239,240,241,242,243,244,245,246,247,248,249,250,251,252,253,254,255,256,257,258,259,260,261,262,263,264,265,266,267,268,269,270,271,272,273,274,275,276,277,279,280,281,282,284,285,286,287,288,289,292,293,294,295,296,298,299,300,301,303,304,305,307,308,312,313,315,316,317,318,322,323,324,326,329,330,333,336,338,339,340,341,345,347,349,353,356,357,360,375,435,436,452
15,74,79,80,81,83,84,86,87,88,89,90,91,92,93,94,95,96,97,98,99,100,102,103,104,105,106,107,108,109,110,111,112,114,115,116,117,118,119,120,121,122,123,125,126,127,128,129,130,131,132,133,134,135,136,137,138,139,140,141,142,143,144,145,146,147,149,150,153,154,155,156,157,158,159,160,161,162,165,166,167,168,169,170,171,172,173,174,175,176,177,178,179,180,181,182,183,184,185,186,187,188,189,190,191,192,193,194,195,196,197,198,199,200,201,202,204,205,206,207,208,209,210,211,212,213,214,215,216,217,218,219,220,221,222,223,224,225,226,227,228,229,230,231,232,233,234,235,236,237,238,239,240,241,242,243,244,245,246,247,248,249,250,251,252,253,254,255,256,257,259,260,261,262,263,264,265,266,267,268,269,270,271,272,273,274,275,276,277,278,279,280,281,282,283,284,285,286,287,288,289,290,291,292,294,295,296,298,300,301,302,304,306,309,310,311,312,313,315,317,318,319,320,323,324,325,328,329,330,331,332,333,334,335,336,337,338,340,344,345,347,348,349,350,351,353,354,355,356,357,359,361,362,364,369,373,374,376,379,380,383,395,409,413,448,467,500,514,564,662
16,70,72,74,75,76,78,80,81,82,83,84,85,86,87,88,89,90,91,92,93,95,96,97,99,100,101,102,103,105,106,107,108,109,110,111,112,113,114,117,118,119,120,121,122,123,124,125,126,127,128,129,130,131,132,133,135,136,137,138,139,140,141,142,144,145,146,147,148,150,151,154,157,158,159,160,162,163,165,166,167,168,169,170,171,172,173,174,175,176,177,179,180,181,182,183,184,185,186,189,190,191,192,193,194,195,196,197,198,199,200,201,202,203,204,205,206,207,208,209,210,211,212,213,214,215,216,217,218,219,220,221,222,223,224,225,226,227,228,229,230,231,232,233,234,235,236,237,238,239,240,241,242,243,244,246,247,248,249,250,251,252,253,254,255,256,257,258,259,260,262,263,264,265,266,267,269,270,271,272,273,274,275,276,277,278,279,281,282,283,284,285,287,288,289,291,292,293,294,296,297,298,300,302,303,305,306,308,311,312,313,314,315,318,319,320,321,325,327,328,331,333,335,339,340,342,343,345,348,350,351,352,353,355,356,357,359,361,362,363,364,366,367,369,370,371,373,374,377,378,379,382,387,388,389,391,395,396,403,422,426,476,484,511,585,642
17,69,72,74,76,78,79,81,82,83,84,85,86,87,88,89,90,91,92,93,94,95,96,97,98,99,100,101,102,103,104,105,106,107,108,109,110,111,112,113,114,115,116,117,118,119,120,122,123,124,125,126,127,128,129,130,131,132,134,136,137,138,139,140,141,143,145,146,147,148,149,150,152,153,154,155,156,157,159,163,164,165,167,168,169,170,171,174,175,176,177,179,180,182,183,184,185,186,187,188,189,190,191,192,193,194,195,196,197,198,199,200,201,202,203,205,206,207,208,209,210,211,212,213,214,215,216,217,218,219,220,221,222,223,225,226,227,228,229,230,231,232,233,234,235,236,237,238,240,241,242,243,244,245,246,247,248,250,251,252,253,254,256,257,258,259,260,261,263,264,265,266,267,268,269,270,271,273,274,275,276,277,279,280,281,283,287,288,289,290,291,294,295,297,299,301,303,304,305,306,307,308,309,310,313,314,315,316,318,319,320,323,324,325,326,327,332,334,343,345,346,348,349,350,351,352,353,354,356,357,358,359,360,362,367,368,370,372,374,378,380,382,383,388,394,398,399,405,412,414,416,420,423,426,428,431,434,474,513
18,70,72,73,78,79,80,81,83,84,85,86,87,89,90,91,92,93,94,95,96,97,98,99,100,101,102,103,104,105,106,107,108,109,111,112,113,114,115,116,117,118,119,120,122,123,124,125,126,127,128,130,131,133,134,135,136,137,138,139,140,141,142,143,144,145,146,147,148,149,150,151,152,153,154,155,156,157,159,160,162,164,166,167,168,170,171,172,173,174,177,178,179,181,182,183,184,185,186,187,188,189,190,191,192,193,194,196,197,198,199,200,201,202,203,204,205,206,210,211,212,213,214,215,216,217,218,219,220,221,222,223,225,226,227,231,232,233,234,235,237,238,239,240,241,242,243,244,245,246,247,248,249,250,251,252,254,256,257,258,259,260,261,262,264,266,268,269,270,271,272,274,275,276,277,278,279,280,283,284,287,290,291,292,294,295,296,297,298,299,300,301,303,304,305,306,308,310,312,313,314,316,317,321,322,325,326,330,333,334,336,337,344,345,350,357,358,360,366,371,373,381,384,385,388,397,398,402,408,409,411,412,603
19,49,77,78,79,80,81,83,84,85,86,87,88,89,90,91,92,94,95,96,97,98,99,100,101,102,103,104,105,106,107,109,110,111,112,113,114,115,116,117,118,119,120,121,122,123,124,125,126,127,128,129,130,131,132,133,134,135,137,138,139,140,141,143,144,145,146,147,148,149,151,153,154,155,156,157,158,159,160,163,166,167,168,169,170,171,173,174,175,176,177,178,179,180,181,182,183,184,185,186,188,189,190,191,192,193,194,195,196,199,202,204,205,206,207,209,210,211,212,213,214,216,217,218,219,220,221,222,223,224,225,226,227,228,229,230,231,233,234,236,237,238,240,241,242,243,244,245,246,248,249,250,251,252,253,254,255,256,257,258,261,262,264,265,266,267,269,270,271,272,273,274,276,277,278,279,280,281,282,284,285,287,288,291,292,294,295,297,299,300,302,303,307,309,310,311,317,319,324,325,327,331,332,333,337,339,341,345,346,347,349,352,353,355,356,358,365,366,375,387,393,394,398,411,433,455,577,624,626,671
20,69,77,79,80,81,82,83,84,85,86,88,89,91,92,93,94,95,96,97,98,99,100,101,102,103,104,105,106,107,108,109,110,111,112,113,114,115,116,117,118,119,120,121,122,123,124,125,126,127,128,129,130,131,132,133,134,135,136,137,138,139,140,141,142,143,144,145,146,147,148,149,150,151,152,153,154,155,156,157,159,160,161,162,163,164,165,166,167,172,174,178,180,182,183,187,188,189,190,191,192,193,194,195,196,197,198,199,200,201,202,203,204,205,206,207,209,210,211,212,214,215,216,217,218,220,221,222,224,227,228,229,231,232,233,235,236,237,238,239,240,243,244,245,246,247,248,249,250,251,252,253,255,256,258,259,260,262,263,264,266,267,268,269,270,271,272,273,274,278,279,281,282,283,284,285,286,287,290,291,292,293,294,295,298,304,306,308,310,311,313,314,317,318,321,322,323,324,325,326,327,328,329,330,331,332,334,336,337,340,344,345,346,352,355,356,357,358,360,363,364,367,370,376,378,379,381,393,396,408,429,431,439,443,454,462,464,621
21,7,30,72,73,75,76,77,78,81,82,83,84,85,86,87,88,89,90,91,92,93,94,95,96,97,99,100,101,103,105,106,108,113,114,115,116,117,118,119,120,121,122,123,124,126,127,130,131,133,134,135,136,137,138,139,140,141,142,143,144,145,146,147,148,149,150,151,153,154,155,156,157,158,159,160,161,162,163,164,168,169,171,172,173,174,175,177,178,179,181,182,183,184,185,186,187,188,189,190,191,193,194,195,196,197,198,199,200,201,202,203,204,205,206,210,212,213,214,215,218,220,221,222,223,224,225,227,228,229,230,231,232,233,234,235,236,237,238,239,240,241,242,245,246,247,251,252,257,258,259,263,264,265,266,268,270,271,272,273,274,275,277,278,282,284,288,289,290,295,297,299,300,301,302,305,308,309,311,312,313,314,315,316,318,319,323,324,327,330,332,333,337,339,343,344,345,349,352,364,367,373,379,387,389,391,398,401,416,445,453,465,556,638
22,6,57,73,74,75,79,80,82,83,84,86,87,88,89,90,92,93,94,95,96,97,98,99,100,101,102,103,104,105,106,107,108,109,110,111,112,113,114,115,116,117,118,119,120,121,122,123,125,126,127,128,129,130,131,132,133,134,135,136,137,138,139,140,141,142,143,144,145,146,147,148,150,151,152,153,154,155,156,158,159,161,162,165,168,169,178,179,183,184,186,188,189,190,192,193,197,198,202,203,204,205,206,209,210,211,213,214,216,218,219,220,221,223,227,230,234,237,243,244,246,250,252,253,254,255,258,259,262,264,266,267,269,272,274,282,283,285,286,287,289,292,294,297,298,301,303,307,310,312,316,319,323,329,330,338,341,354,355,358,361,363,367,371,372,380,394,409,441
23,14,26,37,69,70,71,72,75,78,80,82,84,85,86,87,88,89,90,92,93,94,95,96,98,99,100,101,102,103,104,105,106,107,108,109,110,111,112,113,114,115,116,117,118,119,120,121,122,123,125,126,127,128,129,130,131,132,133,134,135,136,137,138,139,140,141,142,143,145,146,147,148,149,150,151,152,153,154,155,156,157,158,159,160,162,163,164,165,167,169,170,173,175,181,182,183,184,185,187,188,190,191,192,193,197,199,202,203,204,207,208,211,212,213,214,215,217,219,220,222,224,225,229,230,232,234,237,238,245,246,248,258,261,265,268,271,274,275,287,293,296,298,303,304,315,316,321,328,341,346,352,419,596,661
24,66,75,77,78,79,80,82,83,84,86,87,88,89,90,91,92,93,94,95,96,97,98,99,100,101,102,103,104,105,106,107,108,109,110,111,112,113,114,115,116,118,119,120,122,124,125,126,127,128,129,130,131,132,133,134,135,136,137,138,139,140,142,143,144,145,146,147,148,149,150,151,152,153,154,155,157,158,159,160,161,162,164,165,168,169,171,173,176,177,179,180,182,183,185,187,189,190,191,192,193,195,196,198,200,201,203,205,206,207,209,211,213,214,215,216,218,220,221,223,224,225,226,228,230,231,233,239,240,242,243,244,245,249,250,252,256,257,261,263,267,269,271,273,274,278,281,283,288,290,293,296,297,299,304,306,308,309,312,317,319,327,329,331,332,335,347,355,356,357,411,426,447,487,517,644
25,72,74,76,80,81,82,83,84,85,86,87,89,90,91,92,94,95,98,99,101,102,103,105,106,107,108,109,110,111,112,113,115,116,117,118,119,120,121,122,123,124,125,126,127,128,129,130,131,132,134,135,136,138,139,140,143,144,145,146,148,149,150,151,152,153,154,155,156,157,158,160,161,162,163,164,165,166,168,173,176,178,179,180,181,182,183,184,185,186,187,189,190,191,193,196,197,198,199,200,201,202,203,204,206,207,209,210,211,212,214,217,218,219,220,221,222,223,224,225,227,228,229,231,232,233,235,237,238,239,242,245,246,248,249,250,252,254,255,256,257,258,260,265,266,269,271,274,275,276,277,278,283,285,288,289,291,292,301,303,304,308,311,313,314,317,327,329,345,361,385,555,624
26,65,74,78,79,80,82,83,84,85,86,87,88,90,91,92,93,94,95,96,97,98,100,101,102,103,104,105,106,107,108,109,110,111,112,113,114,115,116,117,118,119,120,121,122,123,124,125,126,127,129,130,131,132,133,134,135,136,137,138,139,140,141,142,143,144,145,146,147,148,149,151,154,156,157,158,159,160,161,162,163,164,165,166,167,169,173,174,176,177,178,179,180,182,183,184,187,191,192,193,194,195,196,197,198,199,200,201,202,203,204,205,206,207,208,211,215,216,217,218,220,223,226,229,230,232,233,235,236,243,244,245,246,250,253,254,255,259,260,265,267,268,269,271,273,274,280,282,283,284,287,290,291,299,300,304,306,307,310,311,318,319,322,323,326,332,336,337,351,353,355,362,373,375,382,392
27,70,75,78,79,80,81,83,85,86,87,88,89,90,91,92,93,95,96,97,101,102,103,104,105,107,108,109,110,112,113,114,115,116,117,118,120,122,123,124,126,128,130,131,132,133,134,135,136,137,138,139,140,141,143,145,146,148,149,150,151,152,153,154,155,158,159,160,161,162,163,165,168,169,171,173,175,176,178,180,181,182,183,185,187,188,189,190,191,192,193,194,196,198,199,200,203,204,206,207,208,209,212,214,215,219,224,225,226,227,228,233,234,235,236,238,240,244,245,251,252,253,255,256,258,261,263,267,268,274,276,277,282,284,285,288,291,294,295,300,310,313,316,318,320,322,330,335,342,355,362,363,364,368,373,412,416,454,468,523,540,565
28,71,72,78,81,82,83,84,85,86,87,88,89,90,91,92,94,95,96,97,98,99,101,102,103,104,106,107,108,109,110,111,112,113,115,116,117,118,119,122,123,124,125,126,127,130,131,132,133,134,135,136,138,139,140,141,142,144,145,146,147,148,149,150,151,152,154,156,157,159,161,162,163,164,165,167,168,172,173,175,177,181,183,184,185,187,188,189,191,192,193,194,195,196,198,200,201,202,203,204,205,209,212,215,216,217,218,220,221,222,223,224,225,227,230,231,232,233,235,240,242,243,247,249,252,256,265,268,270,271,272,275,276,277,281,300,302,309,311,312,335,339,350,367,384,393,397,431,434,509,653,677
29,79,80,81,82,83,84,86,87,88,89,90,91,92,93,94,95,96,97,98,99,100,101,103,104,105,106,107,108,109,111,112,113,114,116,117,118,119,120,121,123,124,125,126,128,130,131,132,134,135,138,139,140,142,143,146,147,148,149,150,154,155,156,157,158,160,161,163,164,166,168,169,170,171,172,173,176,178,180,181,183,184,185,186,187,188,189,190,192,193,194,196,197,198,199,200,201,202,203,204,206,208,209,210,211,214,216,217,218,219,220,223,224,225,228,230,231,233,234,235,237,241,242,244,246,247,250,251,253,259,264,265,267,268,269,276,279,285,286,289,293,294,296,298,303,305,306,310,311,314,315,319,351,380,381,509,601,653
30,36,73,74,78,79,80,81,88,89,91,92,93,94,95,96,97,99,101,104,105,106,108,111,113,114,116,118,119,120,121,122,124,125,127,128,129,131,133,134,135,136,137,138,139,140,143,144,145,146,147,148,150,153,155,156,157,158,159,161,162,164,165,166,167,170,171,172,175,176,177,180,182,185,186,187,188,189,191,192,194,195,196,198,199,200,202,203,205,206,209,210,211,212,213,214,215,216,217,218,219,220,222,223,224,225,227,228,233,234,237,240,242,244,246,248,252,253,257,260,262,264,265,266,267,268,269,270,272,278,279,283,286,290,296,299,307,308,310,313,314,327,331,332,350,366,370,374,377,390,408,420,434
31,77,81,83,84,85,86,87,88,89,90,91,92,93,94,95,96,97,99,100,102,103,104,105,106,107,108,109,110,111,112,113,116,117,118,119,120,121,123,124,125,127,128,132,133,135,136,139,140,141,143,144,145,146,147,149,150,151,152,153,154,155,158,160,161,165,166,168,170,173,174,176,178,179,180,181,183,188,192,194,195,198,199,201,203,204,205,206,207,208,210,213,216,217,218,219,220,222,224,225,226,227,228,230,233,236,239,240,241,242,243,244,247,250,252,255,260,261,262,263,264,267,272,277,279,280,281,287,289,294,304,305,306,308,312,315,319,333,341,360,366,388,413,415,463,510,613
32,74,78,84,85,87,88,89,90,91,92,94,96,97,99,100,101,102,103,104,105,106,109,110,111,112,114,116,117,118,120,123,124,125,126,127,128,129,130,131,132,133,134,135,136,137,138,139,141,142,143,145,146,147,152,155,156,157,164,168,169,170,171,178,179,180,183,184,185,188,189,190,193,195,196,198,200,201,202,205,207,208,209,210,212,214,217,218,219,221,222,223,224,225,227,229,230,231,233,237,239,240,241,243,244,248,249,250,251,252,254,258,261,262,263,264,266,271,274,275,277,282,283,284,285,287,289,290,294,298,299,300,302,305,310,311,316,322,327,329,330,343,350,374,396,400,486,535
33,81,82,83,84,85,86,87,89,90,91,92,93,94,95,98,99,100,101,102,103,105,106,108,109,110,111,112,113,116,117,118,119,121,123,124,125,126,127,128,132,133,134,135,136,137,139,140,141,142,143,144,145,146,147,148,150,152,153,156,158,159,161,163,164,165,166,167,168,169,173,174,175,177,178,179,182,183,184,186,187,188,190,191,192,193,194,195,196,197,198,199,200,205,207,208,210,211,212,215,216,218,219,221,223,225,226,227,230,231,233,235,236,239,242,245,247,248,250,251,252,263,264,265,267,268,271,286,287,289,293,295,300,303,304,307,323,367,408,481,541
34,82,83,85,86,88,90,92,93,94,95,96,99,100,102,103,104,105,106,107,108,109,112,114,115,118,119,121,123,125,126,127,129,130,131,132,133,135,137,138,139,140,141,143,144,145,146,147,148,149,151,152,153,154,156,157,159,160,161,165,166,167,170,172,173,175,177,178,180,182,183,186,187,188,191,193,196,197,199,202,205,206,209,212,214,215,221,222,223,227,229,230,232,233,235,237,238,240,242,248,249,253,254,255,257,258,259,271,276,277,280,285,288,289,290,293,294,295,296,298,310,311,321,337,343,349,380,388,392,415,416,448,631,640,682
35,16,74,79,81,82,84,85,86,88,89,90,92,93,95,97,98,99,100,102,103,104,107,108,109,111,114,118,122,124,125,127,128,129,130,131,135,136,137,140,141,142,145,146,147,148,149,150,152,153,154,157,158,159,161,162,164,165,173,176,178,180,181,184,187,190,191,192,194,198,201,202,204,205,206,208,210,211,213,217,220,226,229,234,236,243,246,247,252,254,256,261,262,263,265,272,274,275,279,280,284,285,286,296,300,304,311,366,384,394,431,459,461,630,649
36,47,56,66,73,80,86,88,92,93,99,100,101,102,107,108,109,111,112,113,116,117,118,120,121,122,126,128,129,130,131,133,134,136,137,138,139,140,141,146,147,149,150,152,154,158,159,167,168,169,171,172,180,181,184,185,186,191,193,195,197,199,200,201,202,208,210,211,212,214,215,216,217,218,219,220,222,223,225,226,230,233,236,241,244,245,247,252,255,258,266,267,269,274,280,285,286,290,291,300,310,326,330,350,351,353,375,399,468,534
37,11,91,96,104,109,110,111,114,115,117,122,124,125,128,130,131,134,135,136,138,142,148,150,160,163,166,168,169,170,172,173,178,184,191,192,193,196,197,199,201,208,209,210,215,216,221,224,235,238,240,250,252,254,261,278,282,309,324,338,398,401,427,522,565,634
38,117,131,132,161,175,181,211,218,234,235,304,346,409,564,603,675,699
39,38,57,63,137,175,265,350,404,598
40,321,324,423,478,538
41,26,374
42,
43,328,585,624
44,403,452,462,465,570,575,693
45,36,587,595
46,159,381,390
47,164,473,504,564,669
48,8,72,512,538,546,552,579,630,687,693
49,147,350
50,245,542
51,68,77,271,277,487,658
52,6,16,282,347,411
53,48,203,235,423,565,646,678
54,50,266,420,433,499,563
55,276,459,471
56,38,57,306,463,677
57,368,429,640
58,104,173,312,402,583,646,657
59,232,250,258,284,329,406,542,574
60,476,480,532,574,641
61,692
62,
63,
64,
65,
66,
67,
68,
69,
70,
71,
72,
73,
74,
75,
76,
77,
78,
79,
80,
81,
82,
83,
84,
85,
86,
87,
88,
89,
90,
91,
92,
93,
94,
95,
96,
97,
98,
