2
0,643
1,353,574
2,444
3,9,381,429,489,528
4,63,107
5,27,154,342,427,445,512,521,547,589
6,164,168,169,490,573,584,648,663
7,13,52,67,98,107,218,515,557,568,593
8,95,198,218,314,494,497,534,545,603
9,247,254,465,486
10,93,110,161,198,211
11,50,53,56,120,227,261,293,303,502,513,609,681
12,23,47,51,52,57,61,62,68,76,177,248,252,275,289,379,477,499,516
13,42,48,49,50,52,53,56,57,58,59,61,62,63,64,65,66,67,68,69,70,71,72,73,75,81,83,87,88,91,92,94,96,108,120,195,419,525,661
14,7,43,47,48,49,50,51,52,53,54,55,56,57,58,59,60,61,62,63,64,65,66,67,68,69,70,71,72,73,74,75,76,77,78,79,80,81,82,83,84,85,86,87,88,89,90,91,92,93,94,95,96,97,98,99,100,101,102,103,104,105,106,107,108,109,110,113,122,128,263,347,449,458,474,480,503,524
15,24,45,49,50,51,52,53,54,55,56,57,58,59,60,61,62,63,64,65,66,67,68,69,70,71,72,73,74,75,76,77,78,79,80,81,82,83,84,85,86,87,88,89,90,91,92,93,94,95,96,97,98,99,100,101,102,103,104,105,106,107,108,109,110,111,112,113,114,115,116,117,118,119,120,121,122,123,124,125,126,127,128,129,130,131,132,133,134,135,136,137,138,139,140,141,142,143,144,145,146,147,148,149,150,151,152,153,154,155,156,157,158,159,161,162,163,164,165,166,167,169,170,171,172,173,174,175,176,177,178,179,180,181,182,183,185,186,187,188,189,190,191,192,193,194,196,197,198,199,200,202,203,204,205,206,209,210,211,212,214,215,217,218,219,220,222,232,233,235,251,343,408,599
16,35,46,49,52,53,55,57,58,59,60,61,62,63,64,65,66,67,68,69,70,71,72,73,74,75,76,77,78,79,80,81,82,83,84,85,86,87,88,89,90,91,92,93,94,95,96,97,99,100,101,102,103,104,106,107,108,109,110,112,115,116,118,119,120,121,122,123,124,125,126,127,128,129,130,131,132,133,134,135,136,137,138,139,140,141,142,143,144,145,146,147,148,149,150,151,152,153,154,155,156,157,158,159,160,161,162,163,164,165,166,167,168,169,170,171,172,173,174,175,176,177,178,179,180,181,182,183,184,185,186,187,188,189,190,191,192,193,194,195,196,197,198,199,200,201,202,203,204,205,206,207,208,209,210,211,212,213,214,215,216,217,218,219,220,221,222,223,224,225,226,227,228,229,230,231,232,233,234,235,236,237,238,239,240,241,242,243,244,245,246,247,248,249,250,251,252,254,255,256,257,258,259,260,261,262,264,265,266,268,269,270,271,274,275,279,281,282,283,286,299,301,302,310,313,314,319,321,324,332,356,357,368,399,523
17,48,49,50,52,53,54,55,56,57,58,59,60,61,62,63,64,65,66,67,68,69,70,71,72,73,74,75,76,77,78,80,81,82,83,84,86,87,88,89,91,92,93,94,95,96,97,98,99,101,102,103,104,105,106,107,108,109,110,111,112,114,115,116,117,118,119,120,121,122,123,124,125,126,127,128,130,131,133,134,136,139,140,142,143,144,146,147,148,149,150,151,152,153,154,155,156,157,158,159,160,161,162,163,164,165,166,167,168,169,170,171,172,173,174,175,176,177,178,179,180,181,182,183,184,185,186,187,188,189,190,191,192,193,194,195,196,197,198,199,200,201,202,203,204,205,206,207,208,209,210,211,212,213,214,215,216,217,218,219,220,221,222,223,224,225,226,227,228,229,230,231,232,234,235,236,237,238,239,240,241,243,244,245,246,249,250,251,252,253,254,255,257,258,259,262,263,264,265,266,268,269,271,272,273,274,276,277,278,279,280,281,282,283,285,286,287,288,290,291,292,293,295,296,297,298,299,300,301,302,303,305,307,310,311,312,313,314,315,318,319,323,324,325,326,327,330,333,334,336,337,345,348,352,354,355,357,358,362,363,364,366,371,376,379,380,383,388,392,394,395,399,412,418,421,428,433,445,465,624
18,51,52,56,57,58,59,60,61,62,63,64,65,66,67,68,69,70,71,72,73,74,75,76,78,79,80,81,82,83,85,86,87,88,89,90,91,92,93,94,95,96,97,98,99,100,101,102,103,104,105,106,107,108,109,110,111,112,113,114,116,117,118,119,120,121,122,123,124,125,126,127,128,129,130,132,133,135,137,138,141,142,143,144,145,146,147,148,149,150,151,152,153,154,155,156,158,159,160,161,162,163,164,165,166,168,169,170,171,172,173,174,175,176,177,178,179,181,182,183,184,185,186,187,188,189,190,191,192,193,194,195,196,197,198,199,200,201,203,204,205,206,207,208,209,210,211,212,213,214,215,216,217,218,219,220,223,224,225,226,227,228,229,230,231,232,233,236,237,238,239,240,241,242,243,244,245,246,247,248,249,251,253,254,255,256,257,258,259,260,261,263,265,266,267,268,269,270,271,272,273,274,275,276,277,279,280,281,282,284,285,286,287,289,290,291,294,299,300,302,303,306,307,309,311,312,318,320,322,323,325,326,331,335,343,344,353,354,363,366,368,380,387,401,402,409,434,442,447,510
19,4,45,53,57,59,60,61,63,64,65,66,67,68,69,70,71,73,74,75,76,77,78,79,80,81,82,83,84,85,86,87,88,89,90,91,92,93,94,95,96,97,98,99,100,101,102,103,104,105,106,107,108,109,111,113,114,115,116,117,118,119,120,121,122,123,124,125,127,128,129,130,131,132,136,137,138,141,142,145,146,147,148,149,150,152,153,154,155,156,157,158,159,160,161,162,163,164,165,166,167,168,169,172,173,174,175,176,177,178,179,180,181,182,183,184,185,186,187,188,189,190,191,192,193,195,196,197,198,199,200,201,202,203,204,205,206,207,208,209,210,211,212,213,214,215,216,217,218,219,220,221,222,223,224,225,226,227,228,229,230,231,232,233,234,235,236,237,238,240,241,242,243,245,246,247,248,250,251,252,253,254,255,258,260,261,262,263,264,265,266,267,268,269,270,271,272,273,275,277,278,279,282,283,286,287,289,290,291,294,295,296,298,299,301,303,306,308,309,312,315,316,317,318,319,325,326,327,328,329,334,336,346,351,354,358,364,378,380,381,441,443,486
20,51,55,56,57,58,61,62,63,64,65,66,68,69,70,71,72,73,74,75,76,77,78,79,80,81,82,84,85,86,87,88,89,90,91,92,93,94,95,96,97,99,100,101,102,103,104,105,106,107,111,112,113,114,116,117,118,119,120,121,122,123,124,125,128,129,130,132,133,134,135,136,137,138,139,141,142,143,145,146,147,148,150,151,152,153,154,155,156,157,158,160,161,162,164,166,167,168,169,170,171,172,173,174,175,176,177,178,180,181,182,183,184,186,188,189,190,191,192,193,194,197,198,199,200,201,202,203,204,205,206,207,208,209,210,211,212,213,214,216,217,218,219,220,221,223,224,225,226,227,228,230,231,232,233,235,238,239,240,241,242,243,245,246,247,248,249,252,253,254,255,256,258,259,260,261,262,264,265,266,268,269,270,272,274,275,276,278,281,282,285,286,287,288,289,290,291,292,297,301,302,304,308,314,316,317,318,322,324,326,327,333,337,338,345,352,353,354,359,379,382,402,519,578
21,49,52,53,54,55,56,57,58,60,61,62,63,64,65,66,67,68,69,70,71,72,73,74,78,79,80,81,82,83,84,87,89,90,92,93,94,95,96,97,98,100,101,102,103,104,106,107,108,109,110,111,113,114,116,117,121,122,123,125,126,127,129,130,131,133,134,135,136,138,139,140,141,142,144,146,147,148,149,150,151,153,154,155,156,159,160,161,162,163,164,166,167,168,169,170,171,172,173,174,176,177,178,179,180,182,183,184,185,186,189,190,191,192,193,194,195,196,197,198,199,200,201,202,203,204,205,206,208,212,213,214,215,216,217,218,219,220,221,222,223,224,225,226,227,229,230,231,232,234,236,237,238,239,242,243,244,245,247,248,252,254,255,257,258,261,263,265,266,267,268,269,273,274,276,277,279,280,281,283,285,286,288,289,292,294,295,298,299,300,303,306,307,313,315,318,319,320,321,323,328,330,331,341,344,345,347,349,354,356,361,373,374,376,378,390,391,393,409,445,460,498,560
22,51,53,56,57,58,59,60,62,63,64,65,69,70,71,72,73,74,75,76,77,78,79,80,81,82,83,84,86,87,88,89,90,91,92,93,94,95,96,97,98,99,100,101,102,104,105,106,107,109,110,111,112,113,114,115,116,117,118,119,120,122,123,124,125,126,127,128,129,130,131,132,135,136,138,141,142,143,144,145,146,148,150,151,152,153,154,155,156,157,159,162,163,164,166,168,169,171,172,173,177,178,179,180,181,182,184,185,187,188,189,190,192,193,195,196,197,200,202,203,207,208,209,210,212,213,215,216,217,218,219,220,221,222,223,224,225,226,227,228,229,230,231,232,233,234,235,236,237,238,239,240,241,243,244,245,246,247,248,249,250,253,255,256,257,259,260,261,263,264,265,266,267,269,274,275,279,280,281,282,285,291,292,293,294,296,297,300,303,307,308,310,311,313,315,316,318,323,330,333,341,346,348,358,359,364,367,369,370,379,390,396,447,482
23,50,51,52,53,54,55,56,57,58,59,60,61,63,65,67,69,70,71,72,73,74,75,76,77,78,79,80,81,82,83,84,85,86,88,92,93,94,95,96,99,100,101,102,103,104,105,106,108,109,110,111,112,113,114,115,116,117,118,120,121,122,123,124,125,126,128,130,136,137,139,140,141,142,143,144,145,146,147,148,149,150,151,152,154,155,156,157,158,159,161,162,163,164,165,167,169,170,171,172,173,174,175,176,177,178,179,180,181,182,183,188,189,190,191,193,195,196,197,198,199,200,201,202,203,204,205,206,207,208,209,210,211,212,214,215,216,217,218,219,222,225,226,227,228,229,230,231,233,234,235,239,240,241,242,243,245,246,248,251,252,253,255,257,261,262,263,269,271,272,276,277,278,281,282,284,285,286,287,288,290,291,295,297,298,299,300,301,302,303,306,307,310,312,313,319,321,322,330,332,334,338,340,344,347,349,351,363,369,388,427,430,435,436,481,562,631
24,49,51,54,57,58,59,60,61,62,63,64,65,66,67,68,69,70,71,72,73,74,75,76,77,78,79,80,81,82,83,84,85,86,87,88,89,90,92,93,95,97,98,99,100,102,103,104,106,108,110,111,118,121,124,125,126,128,130,131,133,134,135,137,141,142,143,144,145,146,149,150,151,152,153,154,155,156,157,158,160,161,162,163,164,165,166,167,168,170,171,173,174,176,177,178,179,180,181,182,183,184,185,186,187,188,190,191,192,194,196,198,199,200,201,202,203,204,205,206,208,209,210,211,213,214,215,216,218,219,220,222,224,225,226,227,228,229,230,231,232,233,234,235,238,239,240,241,242,243,245,246,249,250,251,252,255,259,260,261,262,264,268,270,277,281,282,287,288,292,294,302,306,307,310,314,318,322,326,330,334,335,340,341,350,363,365,372,616,696
25,17,45,47,52,55,56,57,61,62,63,64,65,66,67,68,69,70,71,72,73,74,75,76,77,78,79,80,81,82,83,84,86,87,88,89,90,92,93,94,96,97,98,100,101,102,103,104,105,106,107,108,109,110,111,114,115,119,120,121,122,123,126,128,129,130,132,133,135,136,140,141,143,144,145,146,147,148,149,150,151,152,153,154,156,158,160,162,164,165,166,167,168,169,170,171,172,174,175,176,177,178,180,181,183,184,185,187,188,189,190,191,192,193,196,198,199,200,201,202,203,204,205,206,207,208,209,210,211,212,215,217,218,221,222,225,226,227,228,229,230,231,234,235,236,238,239,241,242,243,248,251,253,254,256,259,261,262,264,269,272,274,275,277,280,289,290,294,295,298,299,300,304,306,308,309,311,312,316,320,326,328,337,338,339,341,344,346,355,364,373,413,441,489,494,535,549
26,48,52,53,55,56,59,60,61,62,63,64,65,66,67,68,69,70,71,72,75,79,80,81,82,83,84,85,86,87,88,90,91,92,93,94,95,96,97,98,99,100,101,102,104,105,107,108,109,111,112,113,114,115,116,117,118,119,120,123,130,133,137,139,140,141,142,143,147,148,153,154,155,157,158,159,160,161,162,163,164,166,168,170,171,172,173,175,177,178,179,183,184,185,186,187,189,191,193,194,196,197,198,199,201,203,204,205,208,209,210,213,214,216,217,218,219,222,224,226,227,228,229,231,232,238,242,244,247,248,249,251,253,254,255,257,265,267,268,269,270,273,274,278,282,285,298,302,308,311,314,320,322,325,329,334,335,346,347,355,361,362,364,369,371,396,421,446,467,533
27,50,51,52,53,54,56,58,59,60,61,62,63,64,65,66,67,68,69,71,72,73,74,75,76,77,81,82,83,84,85,86,87,89,90,91,93,94,95,96,97,98,99,100,101,102,103,104,105,106,107,108,109,110,112,113,117,119,121,122,124,125,128,129,133,134,136,140,142,144,145,146,148,149,150,153,154,155,156,158,159,160,164,165,166,167,169,170,171,173,174,176,177,179,181,182,183,184,186,187,188,189,190,191,192,193,194,195,196,202,204,207,208,209,211,212,213,214,216,217,219,220,224,225,228,229,230,231,232,233,234,235,237,240,243,245,247,249,250,251,252,256,261,262,264,265,266,267,271,272,273,275,278,283,294,296,297,298,300,301,303,306,309,311,312,321,322,327,332,334,339,340,348,351,370,372,405,418,437,455
28,50,51,53,55,56,58,61,62,63,64,66,67,68,69,70,71,72,73,74,75,76,77,78,79,80,81,82,83,84,85,86,87,88,89,90,91,94,95,96,99,100,103,104,105,106,107,109,110,111,113,115,119,120,121,123,125,127,128,130,131,133,134,135,137,141,143,146,147,148,151,153,154,155,156,158,160,162,163,165,166,167,169,170,171,173,174,175,177,179,182,183,187,188,189,191,193,194,195,196,197,198,200,201,202,205,206,207,211,212,213,216,217,219,220,221,222,224,225,226,228,230,234,235,237,239,247,249,252,254,255,258,260,261,264,266,267,270,275,278,279,281,285,286,287,291,293,294,295,297,298,301,302,304,305,307,311,315,318,321,322,329,334,339,341,352,359,381,401,402,412,416,425,474,487,541,582,673,684
29,48,50,52,54,55,56,57,58,60,61,62,63,64,65,66,67,68,69,72,73,74,75,77,78,80,81,82,83,86,87,88,93,94,95,96,97,98,100,101,102,103,104,106,107,108,110,111,113,114,115,116,117,118,119,122,123,124,125,126,127,128,129,131,132,133,134,136,137,139,141,142,144,146,147,149,151,152,153,154,157,158,160,161,162,166,168,169,170,171,172,174,175,178,179,181,182,183,184,185,186,187,188,190,191,193,195,197,200,201,204,208,210,211,212,215,216,217,218,220,222,223,224,228,230,231,233,235,237,239,243,244,246,251,252,254,255,256,257,259,265,267,270,272,278,281,283,284,285,288,296,304,305,306,312,316,321,323,327,347,351,353,361,367,391,410,431,484,556,569
30,4,5,48,55,56,57,58,59,60,62,63,64,65,66,67,69,70,75,76,77,79,80,84,85,86,87,88,90,91,92,93,94,95,96,99,100,101,102,103,104,105,107,108,109,110,111,114,115,116,117,118,119,120,121,122,125,127,128,132,135,139,143,144,146,149,150,151,152,153,154,157,158,161,162,164,165,167,169,171,174,175,177,178,182,186,187,189,190,191,197,200,201,202,203,204,205,208,209,211,215,216,217,219,224,231,232,233,234,235,237,239,240,241,242,243,244,247,248,256,263,265,268,271,274,277,280,281,282,291,300,305,306,316,319,323,325,326,327,329,331,342,343,347,351,368,369,377,382,389,390,406,433,454,489,492,581,582,615,633,650,685
31,51,58,60,62,63,64,66,67,69,70,71,72,73,74,75,76,77,78,79,80,81,83,84,85,86,87,88,89,90,92,93,94,95,96,97,100,103,104,105,107,108,109,110,112,113,116,118,121,125,127,130,133,142,144,146,147,148,149,151,153,158,160,161,162,167,168,171,172,173,174,175,176,178,179,181,182,183,184,185,186,188,189,193,194,195,196,202,203,206,208,209,210,211,213,214,215,216,217,218,219,221,226,228,229,233,238,240,242,243,247,248,249,251,253,254,255,257,260,265,266,268,270,282,284,289,290,292,293,294,295,303,305,312,314,323,328,334,352,356,363,364,389,397,400,447,488,608,655
32,56,57,60,61,62,63,64,65,66,67,68,69,70,71,72,73,74,75,77,78,79,82,83,84,85,87,88,90,91,92,97,98,99,100,103,105,110,111,113,114,116,118,120,121,122,124,125,126,128,136,138,139,141,142,144,145,146,148,150,151,152,153,154,155,157,158,159,161,162,163,164,165,166,167,171,173,175,176,177,178,179,182,183,185,187,190,191,192,194,195,198,199,201,203,204,208,209,210,213,215,217,218,219,220,221,222,224,225,226,227,229,233,234,236,245,247,248,249,250,252,253,254,257,258,262,266,268,269,270,272,276,288,292,295,296,297,300,304,305,314,323,324,346,375,379,395,404,412,443,448,519,523,546
33,57,58,59,60,61,63,64,65,66,69,70,71,72,73,74,75,76,77,78,80,82,86,87,88,90,91,92,96,99,101,102,104,105,106,107,108,109,111,112,114,115,116,118,119,121,123,124,127,128,129,133,136,138,141,145,151,155,158,161,164,166,168,173,174,175,178,179,181,183,184,185,190,191,196,200,206,207,209,213,214,217,223,224,225,233,234,235,238,240,246,247,248,252,254,255,257,259,261,262,264,265,268,274,275,278,280,285,288,291,293,294,303,304,306,307,313,314,317,320,323,331,333,336,338,345,347,353,358,363,381,389,415,449,477,481,564
34,57,58,59,60,61,62,65,66,68,69,70,73,79,81,83,84,85,86,87,89,90,91,92,93,94,96,97,98,99,101,102,103,104,106,107,110,111,112,114,117,119,120,121,122,123,124,127,130,131,133,134,144,147,151,153,154,156,157,158,159,160,161,163,164,165,167,168,170,173,174,176,179,180,181,184,185,187,188,192,194,195,196,197,198,199,202,203,204,205,206,208,211,213,216,217,221,224,227,228,229,230,231,233,235,239,242,243,245,246,249,252,253,266,271,273,274,275,281,282,283,284,288,291,292,300,302,317,318,321,333,335,340,343,358,368,372,376,380,384,392,413,420,434,451,455,532,540,621,657
35,50,53,57,58,61,62,66,68,69,70,71,72,73,74,75,77,78,79,80,81,82,83,85,86,88,89,90,91,92,93,94,95,96,98,100,101,102,103,106,107,108,109,110,111,112,113,114,118,120,128,138,141,146,149,152,158,161,162,163,164,165,167,168,169,170,171,172,173,174,175,176,177,180,181,183,184,186,187,189,194,195,199,201,202,205,207,210,214,216,217,218,224,226,227,229,233,236,238,240,243,246,247,248,249,251,252,253,254,255,261,263,264,266,268,272,277,278,288,289,292,297,299,302,303,307,311,312,335,336,338,352,368,391,402,561
36,24,53,58,61,63,64,65,66,67,68,69,72,73,74,75,76,78,81,82,83,84,85,86,87,88,89,90,93,94,95,97,99,101,103,104,105,106,109,110,111,112,113,116,117,119,120,125,126,127,128,129,130,131,132,133,136,140,141,146,147,149,151,154,155,156,158,160,162,166,167,170,171,174,175,176,177,182,183,185,187,190,193,194,195,196,197,199,200,201,208,210,211,212,213,216,225,227,231,233,235,239,240,242,243,247,253,255,258,259,260,266,268,279,280,281,289,300,302,303,305,311,322,329,338,342,355,420,437,584,615
37,56,59,60,65,66,67,68,69,70,72,73,74,76,77,78,79,80,81,82,83,84,86,89,90,96,98,99,102,104,105,106,108,110,111,112,113,114,118,119,120,121,122,124,125,127,130,131,136,139,144,148,149,151,155,156,159,161,162,164,167,170,172,174,176,180,182,183,184,185,188,190,192,194,195,196,199,200,201,203,204,205,211,213,214,215,216,220,223,227,228,229,231,235,236,238,240,249,250,260,261,265,267,268,272,300,322,325,328,329,331,342,343,349,384,387,410,413,473,567
38,49,53,56,59,61,62,63,64,65,66,67,68,69,72,73,75,76,78,79,81,83,84,85,87,90,91,93,94,95,96,98,99,100,101,103,104,105,106,107,108,109,111,112,113,115,116,117,118,120,121,123,125,127,128,129,130,131,132,133,135,137,139,150,151,152,154,156,157,158,161,162,163,164,167,171,174,178,179,180,181,184,186,189,190,197,199,207,208,209,211,212,214,219,220,222,227,231,234,238,239,241,242,245,252,255,259,262,263,265,269,270,271,273,275,277,301,304,305,310,312,322,346,348,354,357,366,393,415,445,475,547,594,614,615
39,59,61,63,64,68,70,71,72,74,76,77,79,80,81,85,86,87,88,89,90,91,93,94,95,96,98,99,101,102,103,105,106,108,112,114,118,122,123,125,127,128,129,131,133,142,156,162,166,167,168,170,172,178,179,180,183,184,185,190,194,195,196,197,198,200,202,203,206,209,213,214,215,218,219,226,233,236,239,240,242,244,246,250,254,258,267,272,276,284,298,307,314,336,357,376,413,489,498,557
40,53,55,62,63,65,67,68,69,70,71,72,73,74,75,76,77,78,79,80,81,82,83,86,87,88,89,90,91,92,93,95,97,98,100,101,104,106,107,109,110,111,116,117,119,120,121,122,124,125,127,130,131,135,136,139,141,142,153,157,159,160,163,164,165,166,168,169,170,171,173,179,181,182,183,184,185,188,190,191,195,197,201,202,203,206,207,210,212,215,216,217,221,222,223,228,229,230,231,235,243,245,249,250,254,255,258,260,262,271,276,283,284,286,289,291,320,325,330,337,339,359,362,433,491
41,63,64,65,66,67,69,70,71,72,73,74,75,77,78,79,81,82,83,84,85,88,91,93,94,96,97,101,105,106,109,113,114,116,118,122,123,124,125,126,127,128,129,131,132,136,139,140,141,143,146,148,150,151,155,157,161,164,165,166,167,168,171,173,174,179,180,181,182,184,188,190,193,195,203,205,209,212,219,220,223,225,227,232,233,237,242,248,251,257,261,264,266,268,271,285,287,297,307,314,323,328,329,334,401,409,505,521,566,614
42,60,65,66,69,70,71,73,76,78,79,81,84,85,86,87,91,93,95,96,100,101,102,104,105,106,107,108,110,111,112,113,114,116,117,118,119,120,122,123,124,127,128,130,131,132,133,134,135,140,147,152,154,158,159,160,162,163,164,166,168,171,172,173,174,175,178,179,181,182,185,186,187,191,192,193,199,201,203,204,207,210,211,213,217,219,225,228,234,238,240,243,244,245,258,259,263,265,273,279,280,282,284,288,290,294,319,325,326,333,413
43,33,52,60,61,62,63,64,65,66,67,68,69,71,72,73,74,75,76,79,80,82,83,84,85,86,87,89,90,91,92,93,96,98,99,100,102,103,105,106,108,109,110,111,113,116,120,121,122,124,125,126,127,128,131,132,133,134,135,139,140,141,149,153,155,160,161,163,167,168,169,171,175,176,183,186,195,203,205,208,210,212,219,221,224,225,226,228,229,230,231,232,237,239,244,247,248,256,257,258,259,273,277,280,281,287,293,296,298,305,307,308,313,335,367,381,392,417,423,435,437,451,483,550,580,689
44,6,57,58,62,63,64,65,66,67,68,69,72,73,75,76,78,81,82,83,84,86,87,88,90,91,92,94,97,98,100,101,103,105,106,107,108,109,112,115,117,118,119,121,122,124,126,127,128,129,130,134,135,137,141,143,147,152,157,158,164,167,168,169,170,171,173,174,176,178,181,183,184,185,193,194,196,198,205,206,208,210,211,212,213,219,220,225,228,232,236,240,244,246,248,249,251,255,259,260,273,274,286,287,289,297,303,318,324,325,331,373,375,387,393,463,481,542,545,602
45,54,58,60,61,62,64,66,68,69,70,71,73,74,75,76,77,80,81,83,84,85,87,88,89,90,91,92,93,94,95,96,97,98,99,100,102,103,105,107,108,111,113,116,117,118,119,120,122,123,125,128,130,135,139,160,163,164,165,167,168,169,172,175,176,177,179,180,183,184,185,186,187,188,191,193,195,197,199,200,201,206,210,212,213,214,217,222,223,224,225,227,228,231,232,235,246,253,264,268,273,274,290,305,313,324,327,330,332,339,366,412,415,421,556,564,636
46,60,62,63,65,66,67,69,70,71,72,73,77,78,79,80,82,83,84,85,86,88,89,90,91,92,93,94,95,96,97,98,99,100,102,103,108,110,113,114,115,116,117,118,119,120,121,122,123,125,126,128,129,130,131,132,134,135,137,138,140,141,143,146,149,150,154,155,157,160,161,167,169,171,172,173,174,176,177,178,180,183,187,190,192,193,197,198,200,201,202,203,208,209,211,219,220,221,228,230,232,238,243,244,250,252,256,259,300,303,311,321,322,340,431,639,683
47,54,57,59,63,64,65,66,67,68,71,72,73,74,75,77,78,79,81,82,83,84,86,88,89,90,95,96,100,103,104,105,106,108,109,111,112,114,115,116,118,119,121,122,123,125,128,129,130,132,133,135,138,140,141,142,150,154,155,156,157,163,164,167,171,176,179,180,182,183,184,185,187,188,189,193,196,197,199,200,203,204,206,207,215,216,219,223,227,229,234,235,239,249,261,263,269,270,277,280,282,287,301,317,320,325,341,369,676
48,47,48,57,61,66,67,68,69,70,71,73,74,77,78,85,87,89,92,94,95,96,97,98,99,100,104,106,109,110,111,114,115,116,119,121,122,124,127,128,129,130,131,141,142,160,161,166,171,172,175,179,180,183,190,191,194,195,198,200,201,207,210,211,213,216,217,222,223,224,226,230,238,245,252,253,257,261,264,266,271,272,281,301,309,312,331,335,340,345,351,356,360,390,473,635
49,57,61,62,66,67,69,70,71,72,74,75,79,80,81,83,84,87,88,89,90,91,93,94,95,98,99,100,101,103,104,105,107,112,116,117,118,119,120,122,123,124,125,126,128,134,137,141,143,158,161,164,166,167,168,173,184,187,190,195,199,200,201,202,204,205,209,217,222,226,227,228,230,231,233,237,239,240,243,246,250,254,256,261,265,277,284,298,304,309,310,314,316,329,358,363,430,440,572,608
50,69,70,72,77,78,80,83,84,85,86,88,91,92,95,97,98,101,102,104,107,108,114,117,121,124,125,126,128,129,135,137,139,144,145,151,161,170,171,172,176,177,182,187,188,189,191,192,194,197,202,206,208,209,210,211,215,216,219,221,230,251,252,273,277,279,295,304,308,314,360,369,373,402,406,509,685
51,67,69,73,74,75,76,77,78,79,80,88,89,91,92,93,94,95,97,98,100,101,102,103,104,105,106,108,109,119,121,122,124,126,127,128,130,134,135,138,140,142,158,165,166,167,169,173,174,176,179,180,182,187,208,209,210,213,216,217,218,219,223,224,226,228,234,250,257,265,270,272,286,294,323,324,408,472,482,603
52,15,45,52,65,72,74,76,78,79,81,82,84,85,87,89,90,91,92,95,97,99,102,105,111,112,121,122,123,124,125,126,127,128,129,132,134,135,136,137,145,154,159,177,188,193,194,198,200,204,211,218,220,229,259,266,274,304,311,338,343,357,382,418,554
53,66,84,87,88,91,92,93,95,96,100,101,102,109,111,113,114,115,116,119,123,124,126,127,128,131,133,140,143,146,174,178,188,189,194,220,227,231,237,276,301,305,375,439,441
54,80,83,84,85,87,88,89,91,94,96,97,100,103,106,107,108,109,110,112,114,115,116,117,118,119,120,121,122,123,124,125,126,128,131,137,140,141,169,182,184,185,205,225,234,253,337,385,538,681
55,79,86,90,91,93,96,98,101,105,106,110,114,116,118,126,128,129,132,135,137,142,167,168,178,201,202,238,240,248,336,351,354,527,585
56,84,89,91,92,96,97,98,101,103,104,105,108,109,110,112,114,115,116,117,119,125,130,133,136,137,139,141,142,145,150,180,204,219,305,316,373,446
57,28,32,81,83,88,90,91,98,102,106,111,115,121,126,133,139,160,255,267,298,507
58,80,81,82,84,88,89,103,108,110,111,112,113,115,119,122,124,129,131,132,135,141,144,148,155,171,175,221,225,234,237,471,642,668
59,65,91,94,96,111,113,114,119,124,127,128,129,140,147,158,161,477
60,2,7,38,82,107,114,131,132,146,238,354,404,571,584
61,121,128,370,420,456,478,589,600,654,663
62,57,293,425,595
63,85,363,514,553,567
64,236,417,487
65,5,312,506
66,58,641
67,662,684
68,333,378,400,517,565,631
69,53,59,234,324,434,457,578
70,11,37,139,229,375,609,637,651
71,546
72,280,348,376,591,593,650
73,440,493,549
74,25,83,287,337,527
75,88,448
76,
77,
78,
79,
80,
81,
82,
83,
84,
85,
86,
87,
88,
89,
90,
91,
92,
93,
94,
95,
96,
97,
98,
