8
0,111
1,354,360,395,424
2,65,276,442,519,653
3,13,130,475,508
4,65,546,585,696
5,90,94,329,540,604
6,195,568
7,22,126,160,245,305,325,428,523,537,550,662
8,100,179,294,527,693
9,28,131,179,216,347,406,485,580,642
10,56,122,279,415,494,504
11,503
12,315,441,632
13,59,90,237,458,498,601
14,55,168,176,222,470,571
15,35,48,297,328,393,400,597,697
16,128,129,178,225,296,427,470,584,677
17,323,518
18,88,113,171,218,489
19,289,391,675
20,9,23,123,191,200,312,340,406,487
21,168,294,387,539,557,615
22,19,226,239,413,430,506,587
23,62,104,108,253,307,349,418,465,490,588
24,219,479,571
25,56,71,74,123,636
26,102,124,169,187,209,354,468,546,623,625
27,20,200,241,339,633
28,37,73,77,84,86,87,100,102,238,452,600
29,8,32,33,40,45,57,60,65,68,69,70,71,72,73,74,75,76,79,80,81,82,83,85,86,87,88,89,90,91,92,93,94,96,97,99,101,108,295,359,503,676
30,21,41,44,49,50,54,55,57,60,61,64,65,66,67,68,69,70,71,72,73,74,75,76,77,78,79,80,81,82,83,84,85,86,87,88,89,90,91,92,93,94,95,96,97,98,99,100,101,102,103,104,105,106,107,108,109,110,111,112,114,115,116,117,118,119,120,121,122,123,124,126,128,134,135,136,170,181,187,226,489,516,583,610,652
31,64,70,72,73,75,76,77,78,79,80,81,82,83,84,85,86,87,88,89,90,91,92,93,94,95,96,97,98,99,100,101,102,103,104,105,106,107,108,109,110,111,112,113,114,115,116,117,118,119,120,121,122,123,124,125,126,127,128,129,130,131,132,133,134,135,136,137,138,139,140,141,142,143,144,145,146,147,148,149,150,151,152,153,154,155,156,157,158,159,160,161,162,163,164,165,166,167,168,169,170,171,172,173,174,175,176,177,178,179,180,181,182,183,184,185,186,187,188,189,190,191,192,193,194,195,196,197,198,199,200,201,202,203,204,205,206,207,208,209,210,211,212,213,214,215,216,217,218,219,220,221,222,223,224,225,226,227,228,229,230,231,232,233,234,235,236,237,238,239,240,241,242,243,244,245,246,247,248,249,250,251,252,253,257,258,260,270,275,280,286,290,432,437,445,449,450,452,453,455,457,459,461,462,463,464,467,468,469,474,475,476,479,486,487,489,495,499,507,508,517,522,523,527,531,543,675
32,65,66,72,73,74,75,76,77,78,79,80,81,82,83,84,85,86,87,88,89,90,91,92,93,94,95,96,97,98,99,100,101,102,103,104,105,106,107,108,109,110,111,112,113,114,115,116,117,118,119,120,121,122,123,124,125,126,127,128,129,130,131,132,133,134,135,136,137,138,139,140,141,142,143,144,145,146,147,148,149,150,151,153,154,155,156,157,158,159,160,161,162,163,164,165,166,167,168,169,170,171,172,173,174,175,176,177,178,179,180,181,182,183,184,185,186,187,188,189,190,191,192,193,194,195,196,197,198,199,200,201,202,203,204,205,206,207,208,209,210,211,212,213,214,215,216,217,218,219,220,221,222,223,224,225,226,227,228,229,230,231,232,233,234,235,236,237,238,239,240,241,242,243,244,245,246,247,248,249,250,251,252,253,254,255,256,257,258,259,260,261,262,263,264,265,266,267,268,269,270,271,272,273,274,275,276,277,278,279,280,281,282,283,284,285,286,287,288,289,290,291,292,293,294,295,296,297,298,299,300,301,302,303,304,305,306,307,308,309,310,311,312,313,314,315,316,317,318,319,320,321,322,325,326,327,328,329,332,334,335,337,339,340,341,342,343,344,346,348,349,351,353,356,357,358,359,360,362,365,366,367,370,373,375,376,377,380,386,406,413,414,418,444,497,536
33,63,71,72,73,74,75,76,77,78,79,80,81,82,83,84,85,86,87,88,89,90,91,92,93,94,95,96,97,98,99,100,101,102,103,104,105,106,107,108,109,110,111,112,113,114,115,116,117,118,119,120,121,122,123,124,125,126,127,128,129,130,131,132,133,134,135,136,137,138,139,140,141,142,143,144,145,146,147,148,149,150,151,152,153,154,155,156,157,158,159,160,161,162,163,165,166,167,168,169,170,171,172,173,174,175,176,177,178,179,180,181,182,183,184,185,186,187,189,190,191,192,194,195,196,197,198,199,200,201,202,203,204,205,206,207,208,209,210,211,212,213,214,215,216,218,219,220,221,222,223,224,225,226,227,228,229,230,231,232,233,234,235,236,238,239,240,241,242,244,245,246,247,248,249,250,251,253,254,255,257,258,259,260,261,262,263,264,265,266,267,268,269,270,272,274,275,276,278,279,280,281,282,283,284,285,286,287,288,289,290,291,292,293,294,295,296,297,298,299,300,301,302,303,304,305,306,308,309,310,311,312,313,314,315,316,317,318,319,321,322,323,324,325,326,327,328,329,330,332,333,334,336,339,340,341,342,343,344,345,346,347,348,349,350,351,352,353,355,356,357,358,360,362,363,367,368,369,371,372,374,375,377,378,379,382,383,386,387,389,397,398,400,404,405,409,411,412,413,414,415,424,425,426,427,428,435,436,438,440,442,449,450,451,452,453,455,461,462,465,469,471,473,476,483,495,496,500,505,507,511,518,521,528,541
34,35,62,64,66,68,70,71,72,73,75,76,77,78,79,80,81,82,83,84,85,86,87,88,89,90,91,92,93,94,95,96,97,98,99,100,101,102,103,104,105,106,107,108,109,110,111,112,113,114,115,116,117,118,119,120,121,122,123,124,125,126,127,128,129,130,131,132,133,134,135,136,137,138,139,140,141,142,143,144,145,146,147,148,149,150,151,152,153,154,155,156,157,158,159,160,161,162,163,164,165,166,167,168,169,170,171,172,173,175,176,177,178,179,180,181,182,183,184,185,186,187,188,189,190,191,192,193,194,195,196,197,198,199,200,201,202,203,204,205,207,208,209,210,211,212,213,214,215,216,217,218,219,220,221,222,223,224,225,226,227,228,229,230,231,232,233,234,235,236,237,238,239,240,241,242,243,244,245,246,247,248,250,252,253,254,257,259,261,263,264,265,266,267,268,269,271,272,275,278,279,280,281,282,283,284,285,286,288,289,291,293,295,296,298,299,301,302,303,304,305,306,307,308,310,311,312,314,315,316,320,321,322,326,328,331,333,334,335,336,338,339,340,341,342,343,344,345,347,348,349,351,353,354,356,359,361,362,364,365,366,368,375,378,379,388,393,398,405,417,420,421,428,430,435,436,442,445,458,460,466,471,474,475,478,482,493,504,511,518,589
35,62,65,67,69,70,72,73,75,76,77,78,79,80,81,82,83,84,85,86,87,88,89,90,91,92,93,94,95,96,97,98,99,100,101,102,103,104,105,106,107,110,111,112,113,114,115,116,117,118,119,120,121,122,123,124,125,126,127,128,129,130,131,132,133,135,136,137,138,139,140,141,142,143,144,145,146,147,148,149,150,151,152,153,154,155,156,157,158,159,160,161,162,163,164,165,166,167,169,171,172,173,174,175,176,177,178,179,180,181,182,183,184,185,186,187,188,189,190,191,192,193,194,195,196,197,198,199,200,201,202,203,204,205,206,207,208,209,210,211,212,213,214,215,216,217,218,219,220,221,222,223,224,225,226,227,228,229,230,231,232,233,234,237,239,240,241,242,243,244,245,248,249,252,253,254,255,256,257,258,259,260,261,262,263,264,265,266,267,268,269,270,271,273,274,275,276,277,278,280,281,282,285,286,287,288,289,291,292,295,297,298,299,300,301,302,305,306,307,308,309,315,318,320,322,324,325,326,330,331,333,336,339,341,345,346,351,352,353,354,355,361,364,370,371,374,375,378,382,384,388,400,402,414,425,427,432,435,438,439,442,443,444,445,447,448,449,451,452,453,460,464,465,480,482,484,492,495,497,501,502,503,506,509,513,514,515,523,524,527,530,534,538,540,545,554,627
36,23,48,66,69,72,74,75,76,77,78,79,80,81,82,83,84,85,86,87,88,89,90,91,92,93,94,95,96,97,98,99,100,101,102,103,104,105,106,107,108,109,110,111,112,113,114,115,116,117,118,119,120,121,122,123,124,125,127,128,129,130,131,132,133,134,135,136,137,138,139,140,142,143,144,145,146,147,149,150,152,153,154,155,156,157,158,159,160,161,162,164,165,166,167,168,169,170,171,172,173,174,175,176,177,178,179,180,181,182,185,186,187,188,189,191,192,193,194,195,196,197,198,199,200,201,202,203,204,205,207,208,209,210,211,212,213,214,215,216,217,218,219,220,221,222,223,224,225,226,227,228,229,230,231,232,233,234,235,236,237,238,239,242,243,244,245,246,247,248,249,251,252,253,255,256,257,258,259,260,262,263,264,265,266,267,269,272,274,275,276,277,280,281,282,284,285,286,288,292,294,295,300,305,308,314,316,318,326,327,329,332,336,337,342,344,349,351,353,354,355,361,367,370,377,379,384,390,392,394,409,444,460,466,480,489,506
37,21,33,59,64,65,69,71,72,73,74,75,76,77,78,79,80,81,82,83,84,85,86,88,89,90,91,92,93,94,95,96,97,98,99,100,101,103,104,105,106,107,108,109,110,111,112,113,114,115,116,117,119,120,121,122,123,124,125,126,127,128,129,130,131,132,133,134,135,136,137,138,139,141,142,143,144,145,146,147,148,149,150,151,153,154,155,156,157,158,159,160,161,163,164,165,166,167,168,169,170,172,173,174,175,176,177,178,180,181,182,183,185,186,187,188,189,191,192,194,195,197,199,200,202,203,204,205,206,207,208,210,211,212,213,214,215,216,218,219,220,222,223,227,228,229,230,232,233,234,236,237,239,242,243,244,245,248,249,250,251,252,253,254,255,256,257,258,259,260,261,262,263,264,266,267,268,270,272,273,277,278,279,283,284,285,286,287,290,293,298,300,305,306,308,311,317,318,321,324,328,329,330,337,339,341,346,347,353,355,360,367,374,380,382,392,406,407,418,439,513,526
38,64,66,68,69,70,72,73,74,75,76,77,78,79,80,81,82,83,84,85,88,89,91,92,93,95,96,98,99,100,101,102,103,104,105,106,107,108,109,110,111,112,113,114,115,116,117,118,120,121,122,123,124,125,126,127,129,130,131,132,133,134,135,136,138,139,140,141,142,143,144,146,148,149,150,151,152,154,155,156,157,158,161,162,163,165,166,167,169,170,171,172,173,174,175,176,177,178,179,182,183,184,185,187,188,190,192,193,195,197,198,199,200,201,202,203,204,205,206,207,209,210,211,212,213,214,215,217,218,219,220,221,222,223,224,225,226,227,228,230,231,232,233,234,235,236,237,238,240,241,243,244,245,248,249,250,251,253,254,255,256,257,258,261,263,264,265,266,267,268,269,271,272,275,277,278,279,281,283,285,291,301,308,309,313,314,315,316,317,325,327,333,337,340,341,345,350,351,355,370,375,378,398,402,434,503,598,635
39,13,64,68,69,70,71,72,73,74,75,76,77,78,79,80,81,82,83,85,86,87,88,89,90,91,92,93,94,95,96,97,98,99,100,101,102,103,104,105,106,107,108,109,110,111,112,113,114,115,116,117,118,119,120,121,122,124,125,126,127,129,130,131,132,133,134,135,136,137,138,139,140,141,142,143,144,145,147,148,149,150,151,152,153,154,155,157,158,159,160,162,164,165,166,167,168,169,171,172,173,174,178,179,181,182,184,186,187,188,189,190,191,192,193,194,195,196,197,198,200,201,203,204,205,206,207,208,210,211,212,214,215,216,217,218,220,223,224,225,226,228,229,231,232,233,234,235,236,237,238,239,241,242,243,244,245,246,247,248,249,250,251,252,253,255,256,257,258,259,260,261,262,264,266,268,270,271,273,276,278,279,280,283,288,293,294,295,296,298,299,300,301,302,305,311,312,313,323,326,330,332,334,336,338,339,343,348,356,357,362,367,370,378,379,389,399,423,443,450,475,500,523,575,614
40,61,62,63,64,65,66,67,68,69,70,71,72,74,75,76,77,78,79,80,81,82,83,84,85,86,87,88,89,90,91,92,93,94,95,96,97,98,99,100,101,103,104,105,106,107,108,109,110,111,112,113,114,115,116,117,118,119,120,121,122,123,124,125,126,127,128,129,131,132,133,135,136,137,139,140,141,142,143,144,145,146,147,148,149,151,152,153,154,155,156,157,158,159,161,162,163,165,166,167,169,170,171,173,175,176,177,178,179,181,182,183,184,185,186,188,190,192,193,194,195,196,197,198,199,201,202,203,204,205,207,208,210,211,212,213,215,216,217,219,221,222,223,224,226,227,228,229,230,231,232,234,235,236,237,239,240,241,242,243,244,245,246,247,249,250,251,252,254,255,256,257,258,260,261,266,267,269,270,272,276,280,281,284,287,289,292,295,296,298,299,304,306,312,313,323,324,338,341,343,350,353,370,382,387,388,398,438,498,510,535,605
41,62,68,69,70,71,72,73,74,75,76,77,78,80,81,82,84,85,86,87,88,89,90,91,92,93,94,95,96,98,99,100,102,103,104,105,106,107,108,109,110,111,113,114,116,117,118,120,121,124,125,126,127,128,130,131,132,133,134,135,136,137,138,139,140,141,142,143,145,146,148,149,150,152,153,154,156,157,158,160,163,165,166,167,168,169,170,172,174,175,176,177,178,180,182,184,185,186,187,189,191,193,195,196,197,198,200,201,202,203,204,205,209,210,211,213,214,216,217,218,219,220,221,222,223,224,225,226,227,228,229,230,231,232,233,234,235,236,237,238,240,241,242,243,244,246,247,248,252,254,258,259,260,263,264,265,267,268,269,271,273,274,276,277,280,284,285,288,289,291,294,296,297,299,302,308,311,314,320,321,322,326,327,332,343,345,354,359,368,371,390,561
42,31,65,66,67,68,69,70,71,72,73,74,75,76,78,79,80,81,82,83,84,85,86,87,88,89,90,91,92,93,94,95,97,100,101,102,103,104,105,106,107,108,109,110,111,112,113,114,115,116,117,119,121,122,123,124,125,127,128,129,130,131,132,133,134,135,136,139,140,141,143,144,146,147,148,150,151,152,153,155,156,157,159,161,163,164,165,166,167,168,169,170,173,175,176,177,178,179,181,182,183,184,185,188,189,191,193,194,195,199,200,201,202,203,204,205,206,207,208,209,210,212,213,214,215,216,217,218,219,220,221,222,223,224,225,226,227,229,230,233,235,236,237,238,240,241,242,243,244,245,248,249,250,251,254,255,256,258,259,260,261,262,265,266,267,270,277,278,279,281,282,284,285,290,291,294,299,303,305,309,312,313,321,326,329,337,342,345,346,359,362,363,370,381,383,420,494,525,536,575,672
43,53,62,63,64,65,66,67,68,69,70,71,72,73,74,75,76,77,78,79,81,82,83,84,85,87,88,89,90,91,92,93,94,95,96,97,98,100,101,102,103,104,105,106,107,108,109,110,113,114,115,116,117,118,119,120,121,122,123,124,125,126,127,131,132,133,135,136,137,138,140,143,144,145,146,148,149,150,151,152,154,155,156,158,160,161,164,165,166,168,169,170,171,172,173,174,176,177,178,180,182,186,188,191,192,193,194,196,199,201,205,207,209,210,212,214,215,216,217,218,220,221,222,223,224,226,228,229,230,231,232,233,234,235,236,237,240,243,244,246,247,257,258,259,261,262,264,265,267,268,271,278,282,289,292,297,298,299,303,310,312,314,319,320,323,331,334,340,346,380,420,431,439,449,465,479,532,547,682
44,62,63,64,65,66,67,68,69,70,71,72,73,74,75,77,79,80,81,82,84,85,86,87,88,89,90,91,92,93,94,95,96,97,98,99,100,101,102,103,104,105,106,107,108,109,110,112,113,114,115,116,118,119,121,122,125,126,127,128,129,130,131,132,133,134,135,136,137,139,140,141,142,143,144,145,146,148,149,152,153,154,158,159,160,161,162,163,165,166,167,169,170,171,172,174,175,176,177,179,180,181,182,184,186,187,190,191,192,193,194,195,196,197,198,199,200,201,203,204,205,206,207,209,210,213,215,217,218,220,221,222,226,227,229,230,234,235,237,240,243,244,249,250,251,254,257,260,261,267,269,271,275,277,278,279,282,284,285,288,289,290,301,306,314,323,326,331,334,344,345,349,355,356,365,372,386,396,426,456,484,627
45,60,61,63,64,65,66,67,68,69,70,72,73,75,76,77,78,79,80,81,82,83,85,86,89,91,92,93,94,95,96,97,98,99,100,101,102,104,105,106,107,108,109,110,111,112,113,114,115,116,117,118,122,123,125,126,127,128,129,130,131,132,133,134,135,136,137,138,141,142,144,145,146,148,150,153,156,157,158,159,160,161,162,163,164,166,167,168,170,171,172,173,174,175,176,177,179,180,181,182,183,185,186,187,188,191,193,194,195,198,199,201,202,203,206,207,209,211,212,213,215,216,217,218,219,220,221,222,223,224,225,226,227,228,229,231,232,233,234,235,236,237,242,243,245,246,247,249,251,252,253,254,255,257,258,259,261,264,265,267,270,271,272,273,277,283,284,285,288,301,302,305,309,311,312,315,319,321,328,342,352,355,377,395,397,428,446,448,500,511
46,57,59,61,62,64,66,67,68,69,70,71,72,73,74,75,76,77,79,80,82,83,84,85,86,87,88,89,91,92,93,94,95,96,99,101,103,105,106,107,109,110,111,112,113,114,115,116,117,118,119,120,121,122,123,124,125,127,129,130,131,133,136,137,138,140,142,144,145,147,148,151,153,155,156,157,159,160,161,163,164,166,167,171,172,173,175,181,182,185,189,191,192,193,194,196,197,198,200,201,202,203,205,207,209,210,212,213,215,217,218,219,223,224,225,228,229,230,231,232,233,234,235,236,238,240,241,243,245,246,247,249,250,254,256,259,261,262,267,273,276,283,284,287,288,291,293,296,298,305,308,309,311,318,320,323,324,329,330,334,336,339,345,346,351,361,363,366,372,378,384,389,391,394,408,433,446,456,500,670
47,57,58,59,61,62,63,64,65,66,67,68,69,70,71,72,73,74,76,77,78,79,80,81,83,84,85,87,89,90,91,92,93,94,95,96,97,99,100,101,103,104,105,106,107,108,111,112,113,116,117,118,119,120,121,125,126,128,131,132,133,135,136,137,138,139,140,142,143,144,145,146,148,150,152,153,155,156,158,159,160,161,162,163,164,165,166,167,168,169,171,172,174,177,178,179,181,182,183,184,190,191,192,193,194,195,197,198,199,200,201,209,212,213,215,220,221,222,223,224,225,226,228,229,230,235,236,238,239,240,241,244,250,251,252,253,255,258,262,264,267,269,273,274,275,277,278,279,280,282,290,291,296,297,299,302,305,306,310,312,314,317,323,325,339,347,354,364,377,423,435,547,619,629
48,53,58,59,60,61,62,63,64,65,66,67,69,70,71,72,73,74,75,76,77,80,81,82,83,84,86,87,88,90,91,93,94,95,96,97,98,99,100,101,102,104,105,106,107,109,110,111,112,114,117,119,121,122,124,125,126,127,128,130,131,133,134,135,136,138,139,142,143,144,147,155,156,157,158,159,160,161,162,164,166,167,169,172,174,178,180,181,182,183,187,188,189,190,192,193,194,195,196,197,198,200,205,206,207,214,215,216,217,218,220,221,222,223,227,231,232,233,236,237,238,239,244,246,248,252,253,260,262,265,266,269,270,271,275,277,280,281,282,284,285,294,295,311,312,317,318,320,321,325,328,330,342,345,348,349,351,354,358,361,379,386,446,546,595,630,634
49,54,56,57,58,59,60,62,64,65,66,67,68,69,70,71,72,73,74,75,76,77,78,79,80,81,82,83,85,86,87,88,89,91,92,93,94,95,96,97,98,99,100,101,103,105,106,107,108,109,110,111,112,113,114,115,116,118,120,121,122,123,126,128,130,132,133,136,137,141,142,143,144,154,156,157,158,159,160,161,162,164,168,169,171,172,176,177,179,184,185,187,188,189,190,191,193,194,197,198,201,202,204,205,207,208,210,212,214,216,217,218,221,222,225,229,230,231,235,236,242,243,244,247,248,249,250,251,253,256,257,258,261,262,266,268,269,270,271,277,279,282,287,293,296,301,327,331,348,351,359,383,415,512,600
50,34,52,54,59,60,61,62,63,64,65,66,67,68,69,70,71,72,73,74,75,76,77,78,79,81,82,83,86,87,88,89,90,92,94,95,96,98,99,100,102,103,105,106,107,108,109,110,111,112,113,114,117,118,119,120,124,125,126,127,128,130,131,132,133,134,137,138,140,141,143,144,145,146,149,150,151,152,153,154,155,156,159,161,163,167,168,169,170,171,174,175,176,177,178,179,181,183,184,185,186,187,189,190,191,192,195,197,203,204,206,210,211,216,217,218,219,220,222,224,228,229,233,238,239,243,246,247,250,267,268,269,280,283,285,292,296,300,323,328,342,343,348,350,354,371,377,385,396,401,405,406,421,445,451,462,472,502,619
51,59,60,63,65,66,67,68,69,70,71,72,73,74,75,76,79,80,81,82,83,85,86,87,88,91,92,93,94,95,96,97,99,100,101,102,105,106,108,110,111,112,115,116,118,120,122,123,124,127,129,130,131,132,133,134,136,137,139,141,144,145,146,147,148,150,152,154,155,159,160,161,163,166,169,170,172,174,176,177,178,179,180,181,182,183,184,185,188,190,191,193,194,195,197,198,199,200,203,204,205,206,207,209,210,211,213,216,218,219,222,223,225,226,228,231,233,236,237,238,241,242,247,249,259,262,266,269,273,285,286,288,289,294,295,302,327,333,337,344,375,430,443,450,467,478,492,522
52,10,52,57,61,62,63,64,65,67,69,70,72,73,74,75,76,77,78,79,80,81,82,83,84,85,86,87,88,89,91,92,93,94,95,96,97,98,100,102,103,104,107,108,109,110,111,112,113,114,115,117,119,121,122,123,124,125,126,127,128,129,131,133,134,135,136,138,139,140,141,143,145,146,147,148,149,151,153,157,159,161,163,165,166,170,172,173,175,177,178,179,181,182,184,185,186,187,189,190,193,194,199,201,204,206,207,208,209,213,216,219,222,225,227,230,232,233,235,237,240,241,243,247,248,254,255,256,258,259,260,272,273,277,279,293,304,308,310,315,351,357,410,414,425,439,450,496,508,522,653
53,54,56,58,59,60,62,63,64,65,66,67,69,70,71,72,73,74,75,77,78,79,80,81,83,85,86,87,88,89,91,92,94,96,97,98,99,100,101,102,103,105,107,108,111,113,114,115,117,118,121,122,125,126,128,129,131,132,133,135,136,137,139,140,141,142,143,144,145,148,150,151,152,153,154,155,157,158,159,160,161,162,163,164,166,167,169,170,171,172,174,175,178,180,181,183,189,191,194,197,202,207,208,214,216,217,220,221,226,228,236,242,249,259,261,263,265,267,272,273,286,289,300,303,304,320,329,332,337,338,354,359,423,471,519,529,648
54,41,44,52,55,56,62,63,65,66,67,69,70,71,73,75,76,78,79,81,85,86,87,88,89,92,93,94,95,96,97,98,99,100,101,102,103,104,105,106,107,108,110,111,113,114,118,119,120,121,122,123,125,127,128,129,130,132,133,136,137,139,140,141,142,143,150,151,152,153,155,156,158,159,160,161,162,163,166,168,169,174,176,180,183,184,186,187,191,196,199,201,206,207,213,221,226,229,234,239,244,247,256,263,271,278,285,295,387,400,466
55,24,35,59,66,70,71,73,75,77,78,81,83,84,85,86,87,89,90,92,93,94,95,96,97,98,99,101,102,103,106,107,108,109,111,112,114,115,116,117,119,120,122,126,127,128,130,133,135,136,137,140,143,145,146,150,153,155,157,160,166,167,169,174,181,182,183,187,188,189,190,193,195,196,198,200,201,202,203,204,205,206,207,208,209,212,213,214,215,216,218,220,223,226,227,228,230,232,234,235,238,245,257,270,271,284,287,338,383,398,399,499,670,692
56,15,17,25,28,29,35,37,39,41,44,45,47,56,58,61,62,71,74,83,84,85,87,88,89,92,93,96,98,100,101,102,105,108,109,111,113,114,115,116,118,119,120,121,123,125,127,128,129,130,131,132,133,134,135,136,137,138,139,140,141,143,144,145,146,147,149,150,151,152,153,155,157,158,160,161,164,165,167,170,172,176,177,183,184,205,207,213,217,220,231,232,234,246,252,271,320,348,409,420,468,501,518,533,539,623,625
57,4,43,45,52,75,83,84,89,98,102,106,110,112,114,117,118,119,121,124,126,129,146,159,165,167,168,170,171,173,174,177,180,182,183,184,185,187,189,190,196,198,200,202,205,208,211,213,222,228,233,238,245,255,276,288,301,480
58,30,49,79,80,95,105,111,128,134,144,150,153,156,269,557,622
59,5
60,45,207,545
61,20,24,552,583,589
62,41,49,52,390,599
63,73
64,378,433,480
65,368,371,604,656
66,340,496,535,596,609
67,411,479,481,487
68,22,39,496,556,608
69,14,159,216,537,613,648,651
70,
71,47,489,585
72,411
73,54,342,541
74,42,210,359,365,484,498,501,502,518,551,577
75,106,118,285,306,317,332,401,438,490,495,497,499,501,502,503,504,505,507,508,509,510,511,512,513,514,515,516,517,518,519,520,522,523,524,525,526,527,528,529,530,532,533,536,537,539,540,541,543,544,545,547,549,551,553,555,557,561,562,563,566,568,573,574,575,576,585,595,606
76,123,129,143,170,187,196,225,250,386,483,487,490,493,500,502,515,518,520,523,529,530,532,536,543,544,551,556,557,568,570,580,584,594,634
77,199,384,495,496,498,502,505,507,509,510,511,512,515,518,520,524,528,531,532,533,535,538,542,544,545,546,547,548,549,553,555,558,559,560,562,563,566,569,572,574,592,595,596,601,603,604,606,609,610,616,622,662
78,18,115,478,482,483,485,486,491,494,496,498,499,503,504,505,515,521,522,523,525,527,533,535,536,537,540,550,555,558,561,564,567,570,571,577,578,580,583,590,611,613,642
79,14,341,473,486,487,489,491,492,493,494,495,496,498,499,500,502,503,504,505,507,508,510,512,517,518,519,525,527,530,536,537,539,544,548,549,551,554,556,557,578,594,618,629
80,40,47,123,256,349,413,429,490,494,495,496,497,500,501,502,506,507,510,511,513,515,520,521,526,531,532,534,535,539,540,541,546,548,550,554,555,556,559,560,562,585,594,596,599,616,617,629,644,694
81,26,82,138,159,395,473,493,496,499,510,514,517,520,528,530,532,535,536,541,542,543,556,558,561,568,585,589,592,594,624,652
82,27,86,151,283,427,429,502,505,550
83,2,130,225,580
84,44,197,218,233,415,499,530
85,39,167,312,315,507,512,541
86,319,463
87,449,597,607
88,113,540
89,224,403,419
90,86,88,310,346
91,114,308,309,331,598,606
92,142,476,689
93,18,43,96,122,171,217,249,329
94,234,293,386,449
95,93,122,150,333,426,462,597
96,130,146,651
97,72,123,205,293,458,481,566,604,661
98,60,231,254,487,665
