14
0,460
1,22,583
2,49,83,106,194,267,361,500,534
3,34,216,391,457,659
4,3,235,242,329,346,442,557,576,677,683
5,58,101,306,336,345,404,451,465,572
6,99,206,360,477,530
7,234,491,552,568,615
8,173,363,540,617
9,260,345,357,484,590
10,63,218,481,505,620
11,61,100,313,492,643,691
12,53,89,114,158,360,437,446,570,579
13,85,88,89,90,105,194,534,544
14,30,63,67,70,79,80,81,82,84,85,87,88,89,90,91,92,93,94,95,96,97,98,99,100,102,103,104,106,109,110,112,118,131,143,175,182,260,495
15,48,71,73,76,77,78,79,80,81,82,83,84,85,86,87,88,89,90,91,92,93,94,95,96,97,98,99,100,101,102,103,104,105,106,107,108,109,110,111,112,113,114,115,116,117,118,119,120,121,122,123,124,125,126,127,128,129,130,131,132,133,134,135,136,137,138,139,140,141,142,143,144,145,146,147,148,149,150,151,152,153,154,155,158,160,168,172,182,188,207,325,413,562,567,648,652
16,11,58,60,62,64,70,71,78,81,82,83,84,85,86,87,88,89,90,91,92,93,94,95,96,97,98,99,100,101,102,103,104,105,106,107,108,109,110,111,112,113,114,115,116,117,118,119,120,121,122,123,124,125,126,127,128,129,130,131,132,133,134,135,136,137,138,139,140,141,142,143,144,145,146,147,148,149,150,151,152,153,154,155,156,157,158,159,160,161,162,163,164,165,166,167,168,169,170,171,172,173,174,175,176,177,178,179,180,181,182,183,184,185,186,187,188,189,190,191,192,193,194,195,196,197,198,199,200,201,202,203,204,205,206,207,208,209,210,212,213,214,215,216,217,218,219,220,221,222,223,224,225,226,227,228,229,230,231,232,233,234,235,236,237,239,240,241,243,244,245,247,248,249,251,252,253,256,257,258,259,260,261,263,264,267,269,270,271,275,290,304,314,327,364,460,520,622
17,72,73,75,76,77,78,79,80,81,82,83,84,85,86,87,88,89,90,91,92,93,94,95,96,97,98,99,100,101,102,103,104,105,106,107,108,109,110,111,112,113,114,115,116,117,118,119,120,121,122,123,124,125,126,127,128,129,130,131,132,133,134,135,136,137,138,139,140,141,143,144,145,146,147,148,149,150,151,152,153,154,155,156,157,158,159,160,161,162,163,164,165,168,169,170,171,172,173,174,177,178,179,180,181,182,183,184,185,186,187,188,189,190,191,192,193,194,195,196,197,198,199,200,201,202,203,204,205,206,207,208,209,210,211,212,213,214,215,216,217,218,219,220,221,222,223,224,225,226,227,228,229,230,231,232,233,234,235,236,237,238,239,240,241,242,243,244,245,246,247,248,249,250,251,252,253,254,255,256,257,258,259,260,261,262,263,264,265,266,267,268,269,270,271,272,273,274,277,278,279,281,282,283,284,287,288,289,293,294,295,297,298,300,301,303,304,306,307,309,314,315,316,317,318,321,322,323,324,325,327,331,333,335,344,351,386,398,411,415,426
18,20,34,69,76,78,79,80,81,82,83,84,85,86,87,88,89,90,91,93,94,95,96,97,98,99,100,101,102,103,104,105,106,107,108,109,110,111,112,113,114,115,116,117,118,120,121,122,124,125,126,127,128,129,130,131,132,133,134,135,136,137,138,139,140,141,142,143,144,145,147,148,149,150,151,152,153,154,155,157,160,161,162,163,164,165,166,167,171,172,173,174,175,176,179,180,181,182,183,184,185,186,187,188,189,190,191,192,193,194,195,196,197,198,199,201,202,203,204,205,206,207,209,210,211,212,213,214,216,217,218,219,220,221,223,224,225,226,227,228,229,230,231,232,233,234,235,237,238,239,240,241,243,244,245,246,248,249,250,251,252,254,255,257,258,260,261,263,264,265,266,267,268,270,271,272,273,274,275,276,278,279,282,284,285,286,288,289,291,292,293,297,301,303,308,309,310,311,313,321,329,333,334,340,355,356,378,387,392,402,474,570,670
19,66,74,75,76,77,78,79,80,81,82,83,84,85,86,87,88,89,90,91,92,93,94,95,96,97,98,99,100,101,103,104,105,106,107,109,110,111,112,114,115,116,117,118,119,121,122,123,124,125,126,127,128,129,130,131,132,133,134,135,136,137,138,139,140,141,142,143,144,145,146,147,149,150,151,152,153,154,155,156,157,158,159,160,161,162,163,164,165,166,169,170,171,172,173,174,175,176,177,178,179,180,181,183,184,185,187,188,189,190,191,192,193,194,195,196,197,198,199,202,203,204,207,208,209,210,212,213,214,215,217,219,221,222,223,224,225,226,227,228,229,230,231,232,234,235,237,238,239,240,241,242,243,247,248,249,250,251,252,253,254,255,260,261,262,263,264,266,267,268,272,274,283,284,285,293,295,298,299,300,301,307,308,309,311,315,325,339,341,342,350,354,360,384,415,417,462,478,515,599,649,662,687,694
20,13,71,72,74,76,77,78,79,80,81,82,83,84,85,86,87,88,89,90,91,92,93,94,95,96,97,98,99,100,101,102,104,105,106,107,108,109,110,111,112,113,114,115,116,118,119,120,121,122,123,125,126,127,128,129,130,131,132,133,134,135,136,137,138,139,140,141,142,143,144,145,146,147,148,149,151,152,154,155,156,157,158,159,160,161,162,163,164,165,166,169,170,171,172,174,175,176,177,178,179,180,181,182,184,185,187,188,190,192,194,195,196,198,199,200,202,205,206,207,208,209,210,211,212,214,215,216,217,218,219,220,221,223,224,225,226,227,229,230,231,232,233,235,236,238,240,241,242,243,244,245,246,247,248,250,251,252,253,256,257,258,263,265,266,267,269,274,278,280,284,287,289,290,291,292,293,294,296,299,300,301,305,308,309,310,311,313,317,321,330,331,335,336,338,339,349,365,405,433,474,494,537,557,583
21,49,71,73,74,75,76,77,78,79,80,81,82,83,84,85,86,87,88,90,91,92,93,94,95,96,97,98,99,100,101,102,103,104,105,106,107,109,110,111,112,113,114,115,116,118,119,120,121,122,124,126,127,128,130,131,132,133,134,135,136,137,138,139,140,141,142,143,144,145,146,147,148,149,150,153,155,156,157,158,159,160,161,163,165,166,167,168,169,170,171,172,173,174,175,176,177,180,181,182,183,185,186,187,188,189,190,191,192,194,196,197,198,199,201,202,203,205,206,207,208,211,213,214,215,216,217,218,219,220,221,222,223,224,225,226,227,228,230,231,232,237,239,240,242,243,244,245,246,249,250,251,255,256,258,259,261,263,264,265,266,268,270,272,274,275,276,277,279,285,289,290,291,292,295,296,303,305,307,309,312,313,316,320,322,324,325,327,328,331,335,339,340,341,342,375,387,468,483,568
22,31,65,74,75,76,77,78,79,80,81,82,83,84,85,86,87,88,89,90,91,92,93,94,95,96,97,98,99,100,101,103,104,105,106,107,108,109,110,111,112,113,114,115,116,117,118,119,120,121,122,123,124,125,126,127,128,129,130,131,132,133,134,135,136,137,138,139,140,141,142,143,144,145,147,148,149,150,151,152,153,155,156,157,158,160,161,162,164,165,168,169,171,174,175,176,177,178,179,180,181,182,183,185,186,187,188,190,191,192,193,194,195,196,197,198,199,200,201,202,203,205,207,208,209,210,211,212,213,214,215,216,217,218,219,220,221,222,223,225,226,229,232,234,235,237,238,239,240,241,242,243,248,252,254,255,258,259,268,271,273,275,276,278,280,281,282,283,286,287,290,291,297,298,301,306,307,309,315,317,321,325,332,334,343,345,356,367,373,453,454,485,493,653
23,27,64,72,73,74,75,76,77,78,80,81,82,83,84,85,87,88,89,90,91,92,93,94,95,96,98,99,100,101,102,103,104,105,106,107,108,109,110,111,112,113,114,115,116,117,118,119,120,121,122,123,124,125,126,127,129,130,131,132,133,135,136,137,138,139,140,141,142,143,144,145,146,147,149,150,151,153,154,155,156,157,158,159,160,161,162,164,165,166,167,168,169,170,171,173,174,176,178,180,182,184,185,186,188,189,190,191,192,193,196,197,198,199,200,201,202,203,204,205,206,207,208,209,211,212,213,214,215,217,218,219,221,222,223,224,226,227,230,231,232,233,235,236,239,240,241,242,243,244,245,246,248,249,250,251,252,254,255,258,260,261,265,268,269,271,272,273,276,278,279,281,284,285,286,287,288,289,290,291,292,294,295,298,300,302,307,308,309,313,319,333,338,342,345,351,360,367,370,399,439
24,62,69,70,71,72,73,75,76,77,79,80,81,82,83,84,85,86,87,88,89,90,91,92,93,94,95,96,97,98,99,100,101,102,103,104,105,107,108,109,110,111,113,114,115,116,117,118,120,121,122,124,125,128,129,130,131,132,133,134,135,136,137,138,139,140,141,142,143,144,145,146,147,148,149,150,152,153,155,157,158,159,160,162,163,164,165,167,169,170,171,172,173,175,177,178,179,180,181,183,184,186,187,189,190,192,193,194,195,197,198,199,200,201,202,204,205,206,208,210,211,212,213,214,215,217,218,219,223,224,225,227,229,230,231,232,233,234,236,237,238,239,240,241,242,243,244,245,247,249,250,253,254,255,256,257,258,259,260,261,262,263,265,266,267,268,269,273,274,275,278,280,281,285,289,297,305,310,315,317,319,320,327,331,337,341,345,347,358,368,374,382,387,435,452,510,596,609
25,25,50,66,67,68,69,70,71,72,73,74,76,77,78,79,80,81,83,84,85,86,87,88,89,91,92,95,96,97,98,99,100,101,102,103,104,106,107,108,109,110,112,113,114,115,116,118,119,120,121,122,123,124,125,127,129,130,131,132,133,134,135,136,137,139,140,141,142,143,145,146,148,149,150,151,154,155,156,157,158,159,162,164,165,166,169,170,171,172,174,175,177,178,180,181,182,183,185,186,189,190,193,194,196,197,198,200,201,202,203,205,207,208,209,210,211,212,213,215,220,221,222,226,230,231,232,233,234,236,237,239,241,242,243,244,245,246,248,249,250,252,254,256,257,258,260,261,264,265,266,270,272,273,274,275,276,277,280,288,289,290,291,292,296,297,299,303,304,306,307,309,312,314,315,317,325,330,336,372,376,377,385,395,397,401,547,601
26,66,68,69,70,72,74,77,78,79,80,81,82,83,84,85,86,87,88,89,90,91,92,93,94,95,96,97,98,99,101,103,104,105,106,107,108,109,110,111,113,114,115,116,118,119,120,121,122,123,124,125,127,129,131,132,133,135,136,137,138,139,140,141,144,145,146,147,148,150,151,152,154,155,156,158,159,160,161,162,170,171,172,173,175,177,179,180,181,182,183,184,185,186,187,188,189,191,193,195,196,197,199,200,202,203,204,205,206,207,208,209,210,212,217,218,220,221,222,223,227,228,229,231,232,234,235,238,239,240,243,248,251,257,258,259,261,263,264,266,268,271,274,276,278,279,282,283,288,289,292,293,295,296,297,299,301,305,309,310,312,314,318,329,330,343,360,361,362,364,365,369,373,374,461,559,594,598,622
27,61,67,69,71,72,74,75,76,77,78,79,80,81,82,83,84,85,86,87,88,89,90,91,92,93,94,95,96,97,98,100,102,103,104,105,106,107,108,110,111,112,115,116,117,119,120,121,122,123,124,125,126,127,128,129,130,131,132,133,134,136,137,138,139,140,141,142,143,144,145,147,148,151,152,154,155,156,157,158,159,160,161,162,165,166,167,170,172,173,174,175,176,177,179,180,181,183,184,187,188,189,190,191,192,193,194,195,196,197,198,199,201,204,206,207,208,211,212,214,215,216,217,218,219,220,222,223,224,225,227,228,229,230,231,234,235,237,242,243,245,246,247,248,249,250,251,252,255,258,259,261,262,263,264,266,267,271,272,273,275,280,281,284,285,287,288,290,291,292,295,296,298,299,302,304,305,306,311,314,319,321,332,335,340,351,362,371,390,395,454,546,555,622
28,70,71,75,76,79,81,82,83,86,87,89,90,91,92,93,94,95,96,97,99,100,101,102,103,104,105,107,108,109,110,111,114,117,118,119,120,121,122,124,125,126,127,129,130,131,132,133,134,136,137,138,141,142,143,145,146,147,148,150,151,154,155,156,157,158,161,163,165,166,170,172,174,175,177,180,181,183,184,185,186,188,189,190,193,195,196,197,198,199,201,202,203,205,207,208,209,210,211,213,215,216,217,218,219,220,221,222,224,225,226,227,228,229,230,231,232,233,234,235,236,237,240,241,242,243,244,245,246,247,248,249,254,255,259,261,263,264,265,266,267,268,269,272,274,275,276,280,281,285,286,287,289,291,293,295,297,298,301,302,305,309,311,312,318,319,320,323,324,329,330,334,335,339,343,351,363,383,384,386,395,470,516,542,545,593,623
29,60,64,67,68,75,76,78,79,80,81,82,83,84,85,86,88,89,90,92,93,94,95,96,98,99,100,101,102,103,104,105,106,107,110,113,114,115,117,118,119,121,123,124,125,126,127,128,130,135,136,137,138,139,140,141,143,144,145,146,147,148,149,151,152,153,154,156,159,161,162,163,165,166,167,168,172,174,175,176,177,178,179,180,183,184,185,186,187,188,189,190,191,195,196,198,199,200,201,203,204,205,206,207,208,209,210,213,214,215,216,218,221,223,224,225,226,228,229,230,231,232,233,234,236,237,240,241,242,243,245,246,249,250,251,254,255,257,258,260,261,262,263,264,265,267,268,269,273,275,276,277,278,281,282,283,285,286,287,289,291,295,297,302,304,305,306,314,320,324,326,327,343,344,347,349,352,358,359,363,388,391,392,430,435,453,589,612,669
30,74,78,79,80,81,82,83,84,85,86,88,89,91,93,94,95,96,97,98,100,101,102,103,104,105,107,108,111,112,114,116,118,119,120,121,122,123,124,126,127,128,129,130,131,133,135,137,139,140,141,142,143,146,147,148,149,151,152,153,154,155,156,157,158,159,161,162,165,166,168,173,174,175,176,178,179,181,182,183,184,185,186,187,188,189,190,191,192,193,194,195,196,197,199,203,205,206,207,208,209,210,211,213,216,217,220,221,222,224,225,228,229,231,233,234,235,236,238,240,241,244,246,247,250,251,252,253,254,256,257,258,260,262,263,265,267,268,273,274,277,279,283,284,288,290,293,296,299,301,302,305,308,311,314,316,320,322,323,327,328,329,332,334,338,350,351,364,368,372,373,379,381,382,386,402,403,429,438
31,71,73,74,79,83,85,86,87,89,90,91,92,93,96,97,98,99,100,101,105,108,109,110,112,114,115,116,118,119,120,122,125,126,130,131,134,135,136,137,138,139,144,146,150,152,153,154,156,159,160,164,165,167,169,170,171,172,173,174,176,177,178,179,180,181,182,183,184,185,187,188,190,191,192,194,195,197,198,199,200,201,202,203,204,206,207,208,209,211,212,213,214,215,217,218,222,224,225,226,227,229,230,231,232,233,234,235,237,238,239,241,242,243,244,245,246,247,248,249,251,252,253,254,255,257,258,259,260,262,263,269,274,277,278,280,281,285,287,290,293,297,300,302,304,306,309,311,312,313,314,317,322,327,328,330,331,334,336,337,338,340,341,342,343,348,350,351,352,357,358,366,370,374,381,384,386,392,401,404,408,437,451
32,71,72,73,77,79,81,82,83,85,88,90,91,92,93,94,95,96,97,99,100,101,103,104,105,106,107,108,110,111,112,113,115,117,118,119,120,121,122,126,127,128,130,131,133,138,142,143,144,145,148,150,151,155,158,164,168,169,171,172,173,174,175,179,181,183,184,185,186,187,189,193,194,195,197,198,199,200,201,202,204,205,206,207,208,209,211,215,216,218,221,222,223,224,225,226,228,229,231,233,236,237,238,239,240,241,243,244,245,246,247,248,250,251,252,255,256,257,258,260,261,262,263,264,265,266,267,268,269,270,271,272,273,274,275,276,277,278,279,280,281,282,283,284,286,287,288,290,291,292,293,294,295,296,297,298,301,303,304,305,306,307,309,310,311,312,313,316,317,318,319,320,322,324,325,326,328,329,330,331,333,335,336,339,341,342,343,344,345,346,347,350,354,356,360,361,362,363,367,378,381,388,402,403,408,410,414,417,419,428,429,456,473,594,596,681
33,52,76,79,81,83,84,85,86,89,91,96,97,98,99,100,101,103,104,105,112,113,114,115,116,117,119,120,122,123,125,126,128,129,130,131,132,133,135,137,143,147,151,152,153,157,160,165,166,169,170,171,175,176,178,180,183,185,186,187,188,190,191,193,194,195,197,201,204,205,206,207,209,210,211,212,214,215,216,218,219,221,222,223,226,227,232,233,234,235,237,238,240,241,242,244,246,247,249,250,252,253,254,255,259,260,261,265,267,268,270,272,273,274,276,277,278,281,282,283,284,287,288,289,292,293,294,295,296,297,301,302,303,305,306,310,311,312,314,319,322,326,327,329,330,331,333,334,335,337,338,342,346,347,348,349,350,351,353,354,360,367,368,370,372,374,378,379,380,385,391,393,397,400,405,410,413,420,437,448,672
34,10,69,74,77,78,79,84,85,86,88,89,90,91,92,94,95,96,97,98,99,101,102,104,105,106,107,109,111,112,114,116,118,120,121,122,125,126,127,128,130,132,135,137,138,141,143,144,146,147,149,150,153,155,156,157,160,161,164,167,168,171,172,173,176,178,179,180,182,184,186,191,192,194,199,205,206,217,221,223,224,226,227,228,229,230,231,240,243,244,245,246,247,248,249,253,255,256,259,260,262,263,267,269,272,278,284,286,287,288,290,291,295,298,300,307,308,311,313,317,320,321,323,334,336,340,346,360,368,382,388,391,404,417,418,422,442,443,463,589,675
35,73,76,77,81,82,84,85,86,87,90,92,94,95,97,98,100,101,102,103,104,105,106,107,108,109,115,118,120,122,123,124,125,126,127,128,130,131,132,133,134,136,137,138,141,145,147,150,155,163,165,167,171,172,173,175,177,178,180,182,184,187,188,189,191,194,196,198,200,208,212,213,224,227,230,234,236,238,239,241,243,244,248,254,256,257,258,259,261,262,264,267,268,271,275,277,278,282,286,320,341,343,357,360,364,367,373,374,376,387,390,391,395,396,397,413,419,429,433,455,463,529,540,547
36,72,75,76,80,83,84,85,87,88,89,90,92,94,96,102,103,104,106,107,108,109,111,112,113,117,118,120,121,122,123,124,126,129,130,132,133,135,137,138,139,141,142,143,144,145,147,148,150,154,158,161,165,172,175,176,178,179,182,183,185,188,190,193,196,198,203,208,212,214,216,217,223,225,229,231,235,236,238,239,240,241,243,250,251,257,263,264,269,270,279,282,288,295,296,308,312,314,318,325,332,344,347,350,356,363,370,371,374,377,378,382,393,394,396,398,399,402,444,446,447
37,43,74,76,81,85,86,87,88,89,91,92,93,94,96,97,99,101,102,104,105,106,107,108,109,110,114,115,116,117,119,120,122,123,124,126,127,128,130,132,134,136,137,138,140,141,142,143,144,145,146,147,149,150,151,152,153,155,157,159,160,162,164,166,180,186,187,188,189,193,195,197,198,203,204,209,211,213,214,215,222,223,226,228,232,234,235,239,240,241,244,246,249,250,255,256,258,259,260,263,264,265,268,270,276,278,279,280,281,284,286,287,295,300,301,306,310,315,316,321,324,329,330,331,336,347,361,365,373,388,394,405,412,414,423,425,451,471,558,613,640
38,3,75,76,78,82,83,85,86,87,88,90,91,92,93,96,97,98,99,102,103,104,106,107,108,109,110,111,113,115,118,119,122,123,125,126,129,132,134,137,138,140,142,144,147,149,150,151,153,155,156,158,159,161,162,163,164,165,166,167,175,178,179,184,191,194,195,199,200,201,204,206,208,211,212,214,215,216,217,221,222,231,233,235,236,239,240,241,244,245,249,252,255,259,261,270,273,277,279,281,283,285,288,289,291,302,303,312,314,317,319,321,330,352,353,356,358,361,364,371,374,381,384,385,392,412,417,418,431,440,632,645,683
39,78,80,81,82,83,86,88,90,91,92,93,94,95,96,97,98,101,102,107,109,111,113,114,115,116,117,118,119,122,123,124,125,126,128,129,130,131,132,133,134,136,138,139,140,143,144,145,146,147,149,152,155,156,161,162,163,164,166,168,170,172,173,178,182,183,184,187,193,194,202,206,208,210,211,213,214,217,218,220,224,225,227,228,233,235,236,238,239,243,244,247,251,261,265,267,271,273,275,277,279,281,282,284,288,293,295,298,307,311,324,328,331,332,336,344,345,351,362,376,379,412,432,457,558
40,74,75,79,82,83,85,86,87,88,89,90,91,93,97,98,100,101,102,103,105,107,108,109,110,111,113,114,115,116,117,118,119,120,122,123,124,125,126,129,131,132,133,135,136,137,138,139,141,142,143,145,148,151,153,158,159,161,163,164,166,168,172,173,175,180,181,184,185,186,193,194,195,196,197,198,199,200,201,205,206,207,208,209,210,211,212,214,217,220,221,223,224,225,228,230,237,238,242,245,247,249,250,251,252,253,254,255,260,265,267,268,274,275,277,281,287,290,295,299,301,304,308,321,323,336,344,359,363,364,380,409,450,499,595,638,641
41,71,77,81,83,84,85,87,89,91,92,93,94,95,96,97,98,99,101,102,103,105,108,109,110,111,112,113,114,116,118,119,123,124,125,126,128,131,132,133,136,140,141,142,143,145,146,148,149,155,156,158,162,163,169,170,174,176,177,178,181,188,191,192,194,195,201,202,204,205,206,208,209,224,225,227,232,233,235,238,241,242,244,250,251,252,253,257,258,264,265,268,274,275,276,277,278,281,283,284,291,295,298,304,335,341,343,346,352,354,359,374,402,432,434,646
42,71,72,78,80,81,82,85,86,88,89,90,93,94,95,97,98,99,101,102,104,105,107,109,111,113,115,117,118,121,123,124,125,126,128,129,130,131,134,136,137,141,142,144,145,147,150,151,152,156,157,158,159,160,161,162,163,168,172,176,179,188,191,194,195,196,197,198,201,203,206,207,209,210,220,221,225,228,229,234,236,243,245,246,248,249,250,251,253,254,257,265,266,273,278,282,284,288,290,311,320,328,335,348,353,358,372,431,434,471,632
43,75,77,80,81,85,86,96,98,101,102,104,105,108,109,111,112,113,115,117,118,120,122,123,124,126,127,128,129,130,131,133,134,135,137,140,142,144,150,163,164,173,175,176,177,182,186,187,190,192,198,199,203,204,205,211,214,217,223,234,235,236,237,238,240,241,243,244,245,247,248,249,250,251,256,258,259,260,263,269,271,278,281,283,285,286,288,289,290,314,319,320,322,328,331,336,339,385,395,429,438,559,686
44,1,78,82,83,86,88,90,93,94,97,98,99,100,102,103,105,106,107,108,109,111,112,115,122,123,124,127,130,133,135,137,138,139,142,144,145,146,148,149,151,158,161,162,166,167,172,175,180,186,189,190,199,204,205,208,209,213,215,216,221,226,230,231,232,240,244,245,254,257,261,262,269,276,279,280,282,288,294,312,324,326,337,338,343,344,354,366,383,405,406,606
45,71,73,74,81,87,88,89,91,92,93,95,96,97,98,99,100,101,103,105,108,110,114,116,119,121,126,128,129,131,132,134,137,142,143,144,145,150,151,152,153,154,155,158,159,162,165,166,168,170,172,177,180,181,183,184,185,186,197,201,202,203,204,206,210,211,212,218,222,223,228,229,233,234,236,238,239,241,244,245,246,250,261,263,264,266,275,278,280,282,288,290,294,299,300,304,317,374
46,13,72,75,76,79,84,86,87,91,92,93,94,95,96,97,98,99,101,102,105,107,109,110,111,112,114,117,119,123,125,126,127,128,129,130,136,139,140,141,146,147,149,151,153,155,158,161,162,168,173,174,176,177,178,179,182,186,189,191,193,196,202,205,206,210,211,214,217,230,233,241,242,243,248,251,253,256,258,261,264,265,266,268,277,282,284,286,294,297,300,315,347,349,353,355,412,425,435,480,545,695
47,5,19,62,78,85,87,88,89,90,91,92,95,99,100,102,103,105,106,107,108,109,110,111,112,115,116,117,121,123,124,125,129,132,133,135,137,138,139,141,144,145,146,148,151,152,158,159,165,194,195,196,200,202,203,210,211,215,216,219,227,228,235,243,245,251,259,276,279,285,286,294,295,298,301,303,306,313,325,348,456
48,72,83,86,88,90,91,92,95,96,97,100,102,105,107,110,111,112,113,114,116,117,118,119,120,122,123,124,128,131,134,135,139,142,143,145,147,148,149,153,154,155,156,158,160,161,165,191,200,214,215,229,232,236,291,292,294,312,320,353,558,633
49,37,63,82,85,89,90,91,92,97,103,104,105,108,109,112,113,114,116,117,118,119,121,122,126,130,131,132,133,139,140,142,144,147,148,150,151,152,153,155,157,165,167,214,235,425,589
50,82,96,107,110,119,121,122,123,124,126,128,132,144,146,151,157,165,173,175,221,292,299,537
51,47,82,90,94,129,151,174,181,204,262,496,549,560,623
52,71,143,155,157,370,533,572,611,618
53,74,461,556,600,610,668
54,469
55,44,165,370,443
56,61,121
57,21,454,519,631,686
58,4,627
59,254,438,445,447,671
60,129,188,339,380,441
61,44,272,285,556
62,
63,
64,
65,
66,
67,
68,
69,
70,
71,
72,
73,
74,
75,
76,
77,
78,
79,
80,
81,
82,
83,
84,
85,
86,
87,
88,
89,
90,
91,
92,
93,
94,
95,
96,
97,
98,
