16
0,457
1,50,103,140,248
2,72,73,75,78,80,82,83,85,88,96,97,152,212,356,359,388,436
3,60,63,64,68,69,70,71,72,74,75,76,77,78,79,80,81,82,84,85,87,88,89,90,91,92,93,94,95,96,97,99,100,101,102,103,104,105,106,112,183,462,483,646,658
4,1,43,57,58,59,60,61,62,63,64,65,66,67,68,69,70,71,72,73,74,75,76,77,78,79,80,81,82,83,84,85,86,87,88,89,90,91,92,93,94,95,96,97,98,99,100,101,102,103,104,105,106,107,108,109,110,111,112,113,114,115,116,117,118,119,121,122,124,125,127,129,130,132,136,140,142,148,150,159,160,166,175,178,194,195,199,213,230,262
5,11,39,55,56,57,58,59,60,61,62,63,64,65,66,67,68,69,70,71,72,73,74,75,76,77,78,79,80,81,82,83,84,85,86,87,88,89,90,91,92,93,94,95,96,97,98,99,100,101,102,103,104,105,106,107,108,109,110,111,112,113,114,115,116,117,118,119,120,121,122,123,124,125,126,127,128,129,130,131,132,133,134,135,137,139,140,141,142,143,144,145,146,147,148,149,150,151,152,153,154,155,156,157,158,159,160,161,162,163,164,165,170,172,173,174,175,177,178,179,180,181,182,183,184,185,188,190,191,192,193,194,195,196,198,199,200,201,202,203,204,205,209,210,211,212,214,215,216,217,218,221,224,225,228,231,234,235,236,239,250,251,254,256,264,565,573,599
6,51,54,55,56,57,58,59,60,61,62,63,64,65,66,67,68,69,70,71,72,73,74,75,76,77,78,79,80,81,82,83,84,85,86,87,88,89,90,91,92,93,94,95,96,97,98,99,100,101,102,103,105,107,109,110,111,112,113,114,115,117,118,119,120,121,122,123,124,125,126,127,128,129,130,131,132,133,134,135,136,138,139,140,141,144,145,147,148,149,150,152,154,156,158,160,161,162,164,165,167,168,169,170,171,172,173,174,175,176,177,178,179,180,181,182,183,185,186,187,188,189,190,191,192,193,194,196,197,198,199,200,201,202,203,204,205,206,207,208,210,211,212,213,214,216,218,219,220,221,222,225,226,227,229,230,231,232,233,234,235,236,237,238,241,246,248,250,252,253,254,262,267,268,270,271,273,276,280,287,292,310,335,350,406,407,410,460,570,579
7,8,36,49,50,54,55,56,57,58,59,60,61,62,63,64,65,66,67,68,69,70,71,72,73,74,75,76,77,78,79,80,81,82,83,84,85,86,87,88,90,91,92,93,94,96,97,99,100,101,102,103,104,105,106,107,108,110,111,112,113,114,115,116,117,118,120,121,122,123,124,125,127,129,130,131,132,133,134,136,137,138,139,141,142,143,146,148,149,153,154,155,158,159,160,163,164,165,166,167,169,170,172,173,175,176,177,178,179,181,182,184,185,186,189,190,191,192,193,194,197,200,202,203,204,205,211,212,215,217,222,223,225,227,229,230,245,247,249,254,262,264,266,271,289,310,371,435,537,543,609,638,671,691
8,49,50,51,52,53,54,55,56,57,58,59,60,61,63,64,65,66,67,68,69,70,71,72,73,74,75,77,78,79,80,81,83,84,85,86,87,88,89,90,91,93,94,95,96,97,98,99,100,102,103,104,105,106,107,108,109,110,111,112,114,115,116,117,118,119,120,121,122,123,124,125,127,128,129,130,131,132,133,134,135,136,137,138,139,141,143,145,146,151,152,156,158,159,161,164,165,166,169,170,171,172,174,175,177,178,180,183,186,188,189,192,200,201,207,208,210,216,221,222,223,224,229,230,232,233,237,244,257,260,262,279,280,283,312,575,577,578,669
9,52,55,56,58,59,60,61,62,63,64,65,66,67,68,69,70,72,73,74,75,76,77,78,79,80,81,82,83,84,85,86,87,88,89,90,91,92,93,94,95,97,98,100,101,102,103,104,105,108,110,111,112,114,115,116,117,119,120,121,122,124,125,128,129,131,137,143,145,146,147,148,149,151,152,163,168,169,173,175,177,181,182,185,186,188,190,192,194,199,200,201,202,206,207,210,213,215,217,219,222,225,226,229,233,236,237,245,249,253,266,273,274,276,284,305,310,349,378,396,411,567,690,692
10,7,19,45,46,56,59,61,65,66,67,68,69,70,71,72,73,74,75,76,77,78,79,80,81,83,84,85,86,87,88,89,91,92,93,95,97,98,99,100,101,103,105,106,107,108,110,111,112,113,114,115,116,122,125,126,127,129,130,133,134,135,138,139,141,142,143,144,145,146,147,148,149,150,151,155,157,160,163,164,166,173,175,176,178,182,190,193,195,198,200,203,205,207,210,212,234,238,245,249,261,498,567,665
11,30,48,50,51,55,56,57,61,62,63,64,67,68,70,73,74,75,76,77,78,79,80,81,85,88,89,91,93,98,102,103,104,105,107,109,110,111,113,114,115,116,117,118,119,120,121,123,124,125,126,128,129,130,131,132,133,137,139,140,141,142,143,145,149,151,154,156,157,161,166,167,173,174,177,178,180,181,183,186,190,210,212,213,217,232,233,234,246,248,290,425,567,588,601
12,30,54,57,67,68,70,72,73,74,76,77,78,79,81,82,84,85,86,87,88,89,92,93,95,97,98,99,100,102,103,107,109,110,111,112,116,117,118,121,122,123,124,126,128,132,134,135,136,137,138,139,146,149,154,156,158,160,162,192,210,257,270,284,291,298,312,358,404,479,494,574,578,590,606,609,614,628,629,664
13,14,59,63,65,66,68,69,70,71,72,73,74,75,76,77,78,80,81,82,83,84,86,87,88,89,90,91,92,93,94,95,96,97,98,99,100,101,102,103,104,106,107,108,109,111,112,114,117,118,120,121,124,125,126,128,129,138,150,154,155,156,163,173,175,182,189,223,232,240,243,280,310,324,585,589,593,606,608,612,615,618,622,633,634,643
14,62,65,66,68,69,70,75,76,77,78,79,80,81,82,83,84,85,86,87,88,89,90,91,92,93,94,95,96,97,98,99,100,101,102,103,104,105,106,107,108,109,110,111,112,113,114,115,116,117,118,119,120,121,122,123,124,125,126,127,128,129,130,131,132,133,134,135,136,137,139,141,142,144,146,149,150,153,154,155,156,157,159,160,161,162,163,164,165,166,167,168,170,171,172,173,174,175,176,177,178,180,182,183,187,190,193,194,195,196,197,199,200,203,205,207,209,211,212,215,216,218,221,227,228,234,235,236,243,244,245,253,279,283,313,323,357,361,584,586,588,593,595,597,598,599,600,602,604,607,608,609,611,619,624,628,634,635,653,661
15,69,70,72,74,76,77,79,80,81,82,83,84,85,86,87,88,89,90,92,93,94,95,96,97,98,99,100,101,102,103,104,105,106,107,108,109,110,111,112,113,114,115,116,117,118,119,120,121,122,123,124,125,126,127,128,129,130,131,132,133,134,135,136,137,138,139,140,141,142,143,144,145,147,148,149,150,151,152,154,155,156,157,158,159,160,161,162,163,164,165,166,167,168,169,170,171,172,173,174,175,176,177,178,179,180,181,182,183,184,185,186,187,188,189,190,191,192,193,194,195,196,197,198,199,200,201,202,203,204,205,206,207,208,209,210,211,212,213,214,215,216,217,218,219,220,221,222,223,224,225,226,227,228,229,231,232,233,234,235,236,237,238,239,240,241,243,244,245,246,247,248,249,251,252,253,254,255,256,258,259,260,261,262,263,264,265,266,267,268,269,270,271,274,275,276,277,280,281,284,285,289,295,299,301,303,304,309,311,314,323,325,363,407,426,507,613
16,42,54,73,75,76,77,79,80,82,85,86,87,88,89,90,92,93,94,95,96,97,98,99,100,101,102,104,105,106,107,108,110,111,112,113,114,115,116,117,118,119,120,121,122,123,124,125,126,127,129,130,131,132,133,134,135,136,137,138,139,140,141,142,143,144,145,146,147,148,149,150,151,152,153,154,155,156,157,158,160,161,163,164,165,166,168,169,170,171,172,173,174,175,176,177,178,179,180,181,182,183,184,185,186,187,188,189,190,191,192,193,194,195,196,197,198,199,200,201,202,203,204,205,206,207,208,209,210,211,212,213,214,215,216,217,218,219,220,221,222,223,224,225,226,227,228,229,230,231,232,233,234,235,236,237,238,239,240,241,242,243,244,245,246,247,248,249,250,251,252,253,254,255,256,257,258,259,260,261,262,263,264,265,266,267,268,269,270,271,272,273,274,275,276,277,278,279,280,281,282,283,284,285,286,287,288,289,290,291,292,293,294,295,296,297,298,299,300,301,302,303,304,305,306,307,308,309,310,311,312,313,314,315,316,317,319,320,324,326,328,329,330,331,333,336,337,339,340,342,344,345,347,348,349,350,351,352,353,357,358,360,361,365,370,373,374,379,382,383,387,388,397,407,409,414,437,449,458,551,644
17,42,70,71,78,82,83,84,85,86,87,88,90,91,92,93,94,95,96,97,98,99,101,102,103,104,105,106,107,108,109,110,111,112,113,114,115,116,117,118,119,120,121,122,124,125,126,127,128,129,130,131,132,133,134,135,137,138,139,141,142,144,145,146,147,148,149,151,153,154,159,160,161,163,165,166,167,169,170,171,172,173,174,175,176,177,178,179,180,181,182,183,184,185,186,187,188,189,190,191,192,193,194,195,196,197,198,199,200,201,202,203,204,205,206,207,208,209,210,211,212,213,214,215,216,218,219,220,221,222,223,224,225,226,227,228,229,230,231,232,233,234,235,236,237,238,239,240,241,242,243,244,245,246,247,248,249,250,251,252,253,254,255,256,257,258,259,260,261,262,263,264,265,266,267,268,269,270,271,272,273,274,275,277,278,279,280,281,282,283,284,286,287,288,289,290,291,292,293,294,295,296,297,298,299,300,301,302,303,305,306,307,308,309,310,311,312,313,315,317,318,319,320,321,322,323,324,325,326,327,328,329,330,331,332,333,334,335,336,337,338,339,340,344,345,347,348,349,351,352,353,354,355,356,358,359,360,361,362,363,365,367,369,370,371,372,374,375,378,380,383,384,385,386,387,388,389,390,392,394,395,396,399,400,401,404,409,410,412,415,418,419,423,424,428,429,432,439,444,458,479,489,677
18,40,73,77,80,81,82,83,84,85,87,88,89,90,91,92,93,94,95,96,97,98,99,101,103,104,105,106,107,108,110,111,112,113,114,115,116,118,119,120,122,123,124,125,126,127,128,129,130,131,132,133,134,135,136,137,138,139,140,141,142,143,146,148,149,150,151,152,153,154,155,156,157,159,160,161,162,163,164,165,166,168,169,170,171,172,173,175,176,179,180,181,182,183,185,186,187,188,190,191,193,196,197,199,200,201,202,203,204,205,206,207,208,210,211,212,213,214,215,216,217,218,219,220,222,224,226,227,228,229,230,231,232,233,235,236,237,238,239,240,241,242,243,244,245,246,248,249,251,252,253,254,255,256,257,258,259,260,261,262,264,265,267,268,269,270,271,272,273,274,275,279,280,281,282,283,286,287,288,289,290,291,292,294,295,296,297,298,299,303,304,305,306,307,309,310,312,313,314,315,316,317,318,319,320,321,323,325,326,327,328,329,337,341,346,350,351,355,356,359,361,362,363,364,369,370,372,373,375,377,379,381,383,384,390,392,395,401,407,412,419,426,438,440,447,449,455,466,468,495,498,528,535,633
19,30,77,80,81,82,83,84,85,86,88,90,91,92,93,94,95,96,97,98,99,100,103,104,105,106,107,108,109,110,112,113,114,116,117,119,121,123,124,125,126,127,128,129,131,132,134,135,137,138,140,141,143,144,145,146,147,148,149,150,152,154,155,156,157,158,159,160,161,162,163,164,165,167,170,171,173,174,176,177,178,181,182,183,184,186,187,188,189,190,191,192,194,196,198,200,201,202,204,206,207,208,210,211,212,213,214,215,216,218,219,220,222,224,225,226,228,229,230,232,233,234,235,236,238,240,241,242,243,244,245,246,247,248,249,250,251,252,253,254,255,256,257,259,260,261,262,263,264,265,266,267,269,270,271,272,273,274,277,279,282,286,288,289,292,293,294,295,296,297,299,300,301,302,303,305,306,310,311,312,315,316,318,319,324,329,331,333,335,337,342,344,345,348,349,351,358,363,372,376,377,379,381,382,384,387,390,397,400,402,406,412,413,414,417,424,429,441,442,453,456,485,497,504,576
20,28,73,81,83,84,85,86,89,90,92,93,96,97,98,99,101,102,103,109,110,111,112,115,116,117,119,120,121,122,123,124,126,128,130,131,132,134,135,136,137,138,139,140,141,142,144,145,146,147,148,149,150,151,152,153,155,156,157,158,161,162,163,167,168,172,173,174,175,176,177,179,180,181,183,184,185,187,188,189,190,191,193,194,196,198,199,200,201,203,204,205,207,209,210,211,213,214,216,217,219,222,223,224,225,227,228,229,230,231,232,233,234,235,236,237,238,239,240,241,242,243,244,245,247,248,249,251,253,254,255,256,257,258,260,261,263,264,265,266,267,268,269,270,271,272,274,275,276,278,281,283,284,285,286,287,288,289,290,291,292,293,294,295,296,299,301,303,304,305,306,308,309,310,311,312,315,316,317,322,324,326,327,330,336,342,349,351,358,359,361,362,365,370,372,375,376,378,382,384,390,394,398,400,401,403,411,415,429,435,437,443,448,452,454,472,475,482,485,494,556
21,65,75,78,80,81,82,83,84,87,88,89,90,91,92,93,95,96,97,98,99,100,101,102,103,104,105,106,107,108,111,112,114,115,116,117,119,120,121,122,124,125,126,127,129,132,133,134,136,137,141,143,145,147,149,151,153,154,155,157,159,160,162,163,167,170,173,178,180,182,184,188,189,190,191,192,194,195,197,198,199,200,207,208,209,210,216,217,219,222,226,229,230,232,233,234,235,236,239,240,241,242,243,244,245,246,250,251,252,253,255,256,257,258,259,261,262,263,264,265,266,267,269,270,271,272,273,275,276,277,278,279,280,281,282,283,284,285,287,288,289,290,291,292,293,295,296,297,299,301,305,306,307,309,310,311,314,316,319,320,321,322,324,325,326,328,330,331,338,339,341,342,343,345,346,348,351,352,353,355,356,357,360,362,363,368,369,370,372,373,375,376,377,378,380,384,388,389,390,391,392,394,396,399,403,404,406,409,410,411,413,414,415,426,428,431,433,434,436,442,446,448,456,458,463,467,473,494,516,540,557,600,667
22,70,78,80,81,82,84,85,86,88,89,90,91,92,93,94,95,96,97,99,100,101,102,103,105,106,107,108,109,111,112,113,114,115,116,117,118,121,122,125,127,128,129,131,132,133,136,138,139,140,144,145,151,152,153,154,155,156,157,162,163,164,165,166,168,172,175,178,180,183,186,189,193,197,198,204,205,207,209,210,212,215,216,220,221,222,223,224,225,227,228,230,231,232,234,235,236,237,238,241,243,244,245,246,248,249,250,252,253,254,255,256,257,258,259,260,261,263,264,267,268,269,270,271,273,274,275,276,277,278,279,281,282,286,288,290,291,292,294,296,297,301,303,304,306,308,310,314,315,317,318,319,320,321,322,323,324,325,326,327,328,329,330,331,333,336,337,338,339,341,344,347,348,352,353,354,355,356,357,358,361,362,364,366,370,371,373,374,378,379,381,387,389,390,391,396,397,399,402,405,406,411,412,414,419,421,423,425,430,437,441,444,447,461,469,488,528
23,71,73,76,78,79,80,82,83,84,85,86,88,89,90,91,92,93,94,95,97,98,99,100,101,102,103,106,107,108,110,112,113,116,117,118,120,121,122,124,125,128,130,131,133,134,135,137,138,139,140,145,146,150,152,156,159,160,165,166,167,169,171,173,175,176,178,179,180,181,182,190,192,193,197,198,199,200,201,214,215,218,222,223,224,226,227,228,229,231,233,235,236,237,240,241,242,243,244,245,246,247,249,250,252,256,257,260,261,262,264,266,267,268,269,272,273,274,278,279,286,287,289,291,295,296,297,299,300,301,302,304,307,308,311,312,313,316,317,319,320,321,323,326,327,328,329,330,331,334,335,336,337,338,340,341,344,346,348,350,353,354,355,357,358,359,361,363,376,380,381,383,385,386,387,389,390,392,395,397,398,402,404,407,410,411,413,415,416,420,425,429,433,440,442,448,466,475,483,488,495,502,508,532,627
24,77,79,80,81,83,84,85,86,88,89,90,91,92,93,94,95,96,97,98,99,100,101,102,103,108,109,110,111,112,113,115,116,117,118,119,120,121,123,124,125,127,128,129,130,132,133,135,136,137,141,142,144,145,146,147,148,150,152,155,156,159,160,162,166,169,171,173,174,175,184,185,191,192,194,197,200,203,204,208,213,216,217,218,221,223,225,227,228,230,233,235,237,239,240,243,245,246,247,248,249,251,252,253,254,256,258,259,261,262,263,264,266,267,268,269,270,271,272,275,276,278,279,281,283,284,285,286,287,288,290,293,294,296,298,300,304,305,306,310,311,313,314,315,316,318,325,326,328,332,333,335,336,338,341,342,343,345,349,351,354,355,362,366,367,371,374,378,381,384,392,393,397,408,411,420,427,442,443,446,463,500,525,631
25,71,78,81,83,84,86,87,89,91,93,96,97,98,99,101,102,103,104,107,108,109,110,114,115,116,117,120,122,123,124,125,127,128,130,131,133,134,136,138,139,140,142,143,144,147,150,151,153,154,155,156,159,160,161,163,165,167,168,169,170,171,172,173,177,178,180,182,187,188,189,190,191,192,195,196,197,198,201,204,205,206,207,211,212,218,221,223,224,226,227,228,230,231,232,233,234,236,237,239,241,242,243,245,248,252,254,257,258,262,264,265,266,268,274,275,276,279,281,282,285,287,288,291,292,294,295,296,298,299,301,305,307,309,310,312,314,315,316,318,321,322,323,324,328,330,337,342,346,349,350,351,354,356,359,364,368,374,375,379,382,385,413,415,458,487,500,555
26,4,9,64,65,75,78,84,90,92,93,94,95,100,101,102,104,105,108,109,110,111,112,113,114,115,116,117,119,120,121,122,125,127,129,130,132,133,134,136,139,140,142,143,146,148,149,150,151,152,156,157,159,162,163,166,170,172,174,175,176,177,179,183,184,185,187,193,195,198,205,208,209,210,213,220,227,228,229,230,231,232,235,236,237,239,241,245,246,248,249,251,252,254,256,257,259,265,266,268,269,270,272,274,275,276,277,279,280,281,284,285,286,287,288,290,291,292,294,297,298,299,300,301,302,303,304,306,307,308,315,317,318,319,321,322,323,324,327,328,331,333,336,339,341,344,352,353,356,357,360,362,378,379,386,388,390,391,395,397,401,402,411,430,431,437,438,446,505,523,558
27,77,79,80,82,86,89,90,92,93,95,97,98,99,100,101,102,104,105,106,107,108,109,110,111,112,113,114,115,116,117,118,122,124,125,126,127,128,129,131,132,133,134,136,138,139,141,144,150,151,153,155,158,161,162,163,164,165,166,167,170,171,175,179,182,186,187,191,192,193,194,195,197,199,200,201,202,203,204,206,210,211,212,213,218,220,221,223,224,226,229,231,232,233,234,236,238,239,241,244,246,247,248,250,254,255,256,264,265,267,269,271,274,275,276,277,279,287,288,289,292,293,301,302,303,305,307,308,309,311,313,315,316,317,323,328,331,338,339,340,341,344,347,348,350,353,356,357,362,364,369,370,374,377,382,390,404,406,413,418,430,437,441,442,449,482,493,533,547,648
28,72,74,79,80,83,85,87,89,91,94,95,96,101,103,104,106,107,108,109,111,113,114,115,116,117,118,120,121,122,123,127,128,130,133,134,135,136,137,139,140,141,146,147,152,153,156,159,160,162,165,167,168,169,172,173,174,175,185,189,192,193,195,197,200,202,205,208,209,211,212,214,217,219,220,221,222,223,225,227,228,229,230,231,232,234,236,237,239,242,244,245,246,252,255,260,263,264,267,269,270,271,272,273,274,278,280,285,288,292,295,296,301,303,305,306,307,308,315,318,324,327,329,333,336,339,342,343,345,348,349,350,352,359,361,366,372,382,394,396,399,402,407,416,417,424,426,434,438,439,444,453,465,467,502,511,558
29,78,82,85,86,87,93,94,95,97,98,99,100,102,103,104,106,108,110,112,116,117,119,121,122,123,124,127,128,129,130,131,132,134,135,136,139,141,142,144,145,152,153,156,159,162,163,165,166,168,170,173,174,175,176,179,183,185,186,189,190,191,192,193,194,196,200,204,207,209,210,213,214,220,222,225,226,227,231,236,237,242,245,246,261,262,269,275,276,277,283,289,292,296,299,301,307,313,319,320,321,345,372,375,377,385,395,411,416,421,432,433,441,450,461,464,465,557,567
30,47,68,69,76,78,80,86,93,94,97,99,100,104,105,108,112,115,116,118,120,122,123,124,125,126,127,128,130,131,133,134,135,136,138,139,140,141,143,144,148,149,150,151,154,155,157,158,159,162,164,167,168,169,170,172,174,177,178,191,192,193,194,195,196,197,199,205,206,207,210,216,218,219,220,221,222,223,227,231,236,244,250,255,270,288,301,309,412,419,427,430,434,472,476,503,539
31,44,60,68,77,79,88,95,102,103,105,106,109,110,113,115,122,132,134,144,145,147,148,150,151,157,161,165,166,167,168,169,171,173,178,187,190,192,193,195,196,199,200,204,206,210,212,215,220,223,227,229,230,241,244,261,264,266,269,274,283,287,308,327,354,392,424,426,444,478,573
32,10,153,159,190,260,583,656,678
33,567
34,82,161,457,691
35,514,531
36,54,523
37,547,606
38,7,13,32,195,332,336,339,347,350,360,363
39,162,254,325,343,344,348,352,355,364,376,381,382,535,671,681
40,15,34,44,200,222,554
41,319,436,580,581,601,686
42,36,63,136,437,548,566,583,601,642,644,675
43,11,508,577,596,606
44,11,154,156,276,390,576,580,583,591,603,605,612,618
45,165,183,570,592,623,662,674
46,3,88,263,275,529,561,568,583,590,596,618,631,639
47,128,337,423,504,535,586,587,592,593,605,607,618,619,622
48,131,151,422,506,515,525,532,534,543,564,566,628,690
49,90,221,494,525,536,542,560,566,567,607,608
50,154,548,549,555,570,593,600,604,621,639
51,152,538,543,545,546,548,554,557,561,566,572,574,580,586,591,602,605,615,625,662
52,567,581
53,523,545,548,553,574,627,636
54,126,220,357,543,552,661
55,53,266,298,410
56,7,90,177,536,546,549,622
57,129,300,422,524,557,562,583,628
58,92,169,226,287,423,433,551,654
59,151,213,317,373,455,504,587
60,3,189,192,255,258,270,352,401
61,83,280,394,638
62,57,77,127,263,697
63,16,67,185,547
64,446,523,633
65,12,213,216,235,394,530
66,136,141,294,375,468,690
67,422,673,697
68,84,121,145,186,691,693
69,22,176,182,303,352,367,379,463,617,618,662,668,685,689
70,219,471,580
71,
72,
73,
74,
75,
76,
77,
78,
79,
80,
81,
82,
83,
84,
85,
86,
87,
88,
89,
90,
91,
92,
93,
94,
95,
96,
97,
98,
