5
0,579
1,609
2,134,177,180,257,523,658,691
3,47,108,198,210,478,550,659
4,63,70,81,83,87,108,124,249
5,61,63,64,66,67,68,69,70,71,72,73,75,76,81,82,83,84,86,87,88,89,90,91,94,96,98,100,107,109,112,118,144,271,276,320,369,442,551
6,43,44,62,63,64,66,67,68,69,70,71,72,73,74,75,76,77,78,79,80,81,82,83,84,85,86,87,88,89,90,91,92,93,94,95,96,97,98,100,103,104,105,106,107,108,109,112,114,115,117,118,121,122,123,124,125,126,128,129,130,131,132,133,134,135,136,137,140,141,142,143,144,145,148,149,150,152,154,156,157,158,159,160,161,162,163,164,165,166,168,171,172,173,174,175,176,177,178,180,184,185,187,188,189,191,195,196,197,200,202,203,205,206,207,210,229,237,523,526
7,41,61,62,63,64,66,67,68,69,70,71,72,73,75,76,77,79,80,81,82,83,85,86,87,88,89,90,91,92,93,94,95,96,97,98,99,102,103,104,105,106,109,110,112,113,114,115,116,121,122,123,124,125,127,130,131,133,134,135,138,139,140,141,142,144,145,146,148,150,151,152,154,156,157,159,160,161,162,163,164,165,167,168,169,170,171,172,173,174,175,176,177,178,179,180,181,182,183,184,185,186,187,188,189,190,191,192,193,194,195,197,198,199,200,201,202,203,204,205,208,209,210,211,212,213,214,215,216,217,218,219,220,221,222,223,224,225,226,227,228,229,230,231,232,233,234,235,236,237,238,239,240,241,242,243,244,245,246,247,248,249,250,251,252,253,254,255,256,257,258,259,260,261,262,263,264,265,266,267,268,269,270,271,272,273,274,275,276,277,278,279,280,281,282,283,284,285,286,287,288,290,291,292,293,294,295,296,297,298,299,300,301,302,303,304,305,306,307,308,310,311,312,313,314,315,316,317,318,320,321,322,323,324,325,326,327,329,330,331,333,334,335,337,338,340,343,344,345,349,351,354,355,356,357,358,359,361,363,368,369,371,377,378,380,395,396,465,673
8,56,59,60,61,62,63,66,67,70,71,74,75,76,77,78,79,80,81,82,83,84,85,88,89,90,91,92,93,95,97,98,99,101,104,105,108,109,110,112,114,115,116,117,119,121,122,123,124,129,130,131,132,137,146,147,150,154,155,158,159,161,162,163,164,165,166,167,168,169,172,176,177,179,181,184,188,189,190,191,193,195,196,197,198,199,200,201,202,203,204,205,206,207,208,209,210,212,213,214,215,217,218,219,220,221,222,223,224,225,226,227,228,229,230,231,232,233,234,235,236,237,238,239,240,241,242,243,244,245,246,247,248,249,250,251,252,253,254,255,256,257,258,260,261,262,263,264,265,266,267,268,269,270,271,272,273,274,275,276,277,278,279,280,281,282,283,284,285,286,287,288,289,290,291,292,293,294,295,296,297,298,299,300,301,302,303,304,305,306,307,308,309,310,311,312,313,314,315,316,317,318,319,320,321,322,323,324,325,326,327,328,329,330,331,332,333,335,336,337,338,339,340,341,342,343,345,346,347,348,349,350,351,352,353,354,356,357,358,359,362,363,364,365,367,368,370,371,372,373,374,376,381,383,385,387,388,389,392,394,398,402,403,410,411,413,415,417,420,424,427,432,433,442,447,462,475,482,555
9,11,36,51,55,56,57,59,65,67,69,72,73,74,75,76,78,79,80,82,83,84,85,86,87,88,90,91,92,93,95,97,99,100,101,103,104,105,109,110,112,113,114,116,122,126,127,131,132,137,138,140,143,147,149,150,152,153,154,156,159,160,169,172,173,174,177,180,183,184,185,188,189,191,192,199,201,203,204,205,206,207,208,209,210,211,212,214,215,216,217,218,219,220,221,222,226,230,232,234,235,239,240,242,243,245,246,247,248,249,250,252,253,254,255,256,257,258,259,260,261,262,263,264,265,266,267,268,269,270,271,272,273,274,276,277,278,279,280,281,282,284,285,286,287,288,289,290,291,293,294,295,296,297,298,299,300,301,302,303,304,305,306,307,308,309,310,311,312,313,314,315,316,317,318,319,320,321,322,323,324,326,327,328,330,331,332,333,334,335,336,337,339,340,341,342,345,346,347,349,350,351,353,354,355,356,357,358,359,360,361,363,364,365,366,367,368,369,370,371,372,373,375,376,377,378,380,382,383,385,387,388,389,390,391,393,397,399,401,403,404,405,411,415,416,417,418,419,424,429,433,437,438,444,449,456,460,476,480,498,504,505,507,668
10,18,41,50,51,56,59,60,61,63,64,65,66,67,68,69,71,72,74,75,76,77,80,81,82,83,84,85,86,88,90,92,94,99,103,107,110,111,116,117,123,126,127,128,130,131,132,136,137,140,141,142,145,149,151,155,158,159,161,164,166,167,168,171,173,174,176,178,179,184,187,188,189,190,192,193,198,199,200,202,206,211,213,216,224,225,226,228,230,234,235,236,238,239,240,241,242,243,244,245,246,247,248,249,250,252,253,254,255,257,258,259,260,261,262,263,264,265,266,267,268,269,270,271,272,273,274,275,276,277,279,280,281,282,283,284,285,286,287,289,290,291,292,294,295,296,299,300,301,302,303,304,305,306,307,308,309,310,311,312,313,314,315,316,317,318,319,320,321,322,323,324,326,327,328,329,330,331,333,335,336,337,339,340,341,342,344,348,349,351,353,357,359,360,361,362,364,366,371,375,383,385,388,389,393,398,399,402,407,410,416,417,430,435,437,441,458,461,462,480,489,498,516,664
11,49,52,53,54,55,56,57,59,60,61,62,64,68,69,70,71,72,73,77,78,87,89,91,92,96,97,100,101,103,114,116,117,120,121,122,123,127,128,131,132,133,136,137,140,141,145,148,149,150,151,154,155,156,157,160,165,167,170,171,179,189,191,195,196,198,200,202,204,211,212,214,215,218,221,226,231,233,235,236,238,239,244,245,246,248,249,250,251,252,253,254,257,258,260,262,263,265,266,269,270,271,272,273,274,276,278,279,280,281,283,284,286,287,290,292,293,294,295,296,297,298,299,301,302,303,304,306,308,311,313,314,315,316,318,320,321,323,325,326,329,330,333,334,335,339,340,344,345,349,351,352,353,355,357,358,359,360,361,362,363,365,366,367,368,373,376,379,381,382,384,386,388,389,390,393,395,397,398,400,401,404,405,407,408,409,410,411,413,417,418,419,420,421,424,427,429,433,434,440,444,445,447,456,457,458,459,460,462,463,470,472,473,482,501,515,522,578,602
12,49,52,53,54,56,57,58,59,60,61,62,63,66,69,74,76,78,79,80,83,84,86,87,88,89,92,94,95,96,98,99,103,108,111,112,116,117,120,122,123,124,127,129,135,137,142,144,148,154,156,159,160,161,163,164,165,167,169,172,173,175,176,177,178,183,200,203,204,208,210,219,221,222,223,229,230,231,233,234,235,236,237,238,240,241,246,248,254,258,262,263,264,268,269,273,274,275,276,277,278,279,280,281,282,283,284,285,288,289,290,291,292,293,294,300,301,302,303,304,305,306,307,308,309,311,312,314,315,317,318,319,321,322,323,324,325,326,327,329,330,332,333,334,335,336,337,338,339,340,341,342,343,344,345,346,347,349,350,352,353,354,355,356,358,359,360,361,362,363,364,365,366,367,368,369,370,371,373,376,377,378,382,390,391,392,393,394,396,397,403,404,405,406,408,411,415,416,417,418,420,421,422,424,425,430,433,441,446,447,449,450,451,453,456,459,460,461,464,465,475,481,483,486,678
13,46,48,49,52,54,55,56,58,61,63,64,66,67,68,69,73,75,76,77,78,79,80,81,82,88,91,93,96,97,99,102,103,108,118,124,132,137,138,140,143,145,147,149,152,153,154,157,159,181,182,192,193,194,201,206,211,215,216,222,229,231,241,242,244,247,250,253,255,260,262,266,267,268,269,270,271,272,274,275,276,277,280,283,284,285,286,287,290,291,293,296,297,298,301,302,304,306,307,308,309,310,311,314,315,318,320,321,325,326,327,328,329,331,334,335,336,337,338,339,340,341,343,344,345,346,347,348,349,350,351,356,357,358,366,367,370,371,377,379,380,381,383,384,386,389,391,394,395,400,401,402,403,406,407,408,409,413,418,419,420,421,422,429,431,433,437,439,443,445,448,450,451,457,458,462,468,474,476,481,483,486,491,497,547,572,595
14,43,44,45,48,51,52,53,54,55,56,57,58,60,61,62,63,66,67,68,70,71,73,74,76,78,80,82,90,94,97,99,103,105,122,127,129,130,131,132,134,135,136,141,143,145,146,147,153,158,164,165,166,167,169,170,177,199,202,204,206,214,218,252,254,255,258,260,263,264,265,266,268,269,270,273,274,275,276,277,278,280,282,286,287,288,290,291,292,299,301,304,305,308,313,314,315,317,319,320,321,323,329,332,333,334,336,338,339,340,341,342,343,344,346,347,349,351,352,355,356,357,358,359,360,363,365,368,372,375,380,381,382,387,392,394,397,400,402,405,409,412,413,414,418,419,420,421,431,433,438,440,447,449,454,455,457,461,462,463,469,478,484,488,491,503,512,513,517
15,41,42,43,44,45,47,48,49,50,51,53,56,57,58,59,60,62,63,66,69,70,72,77,79,80,81,83,85,86,89,90,92,95,96,97,98,99,104,107,109,112,115,116,118,120,121,123,125,129,141,142,144,145,146,147,149,150,151,154,155,159,160,161,183,184,186,195,202,203,206,208,210,224,246,266,268,269,274,275,279,282,284,285,287,288,289,290,292,296,297,298,299,301,303,306,308,312,315,318,319,320,321,323,327,328,329,331,333,334,339,340,341,345,346,347,348,350,353,354,359,360,361,362,363,365,366,367,369,371,374,378,381,382,383,385,390,391,393,394,396,399,400,401,403,405,411,412,413,417,422,424,427,430,432,434,435,436,442,443,453,459,462,464,468,472,476,485,491,492,496,499,523,531,533,648
16,39,42,48,50,51,53,54,55,56,57,58,59,60,62,63,65,67,68,69,70,71,72,73,74,75,76,77,78,79,81,82,83,84,87,93,94,97,99,103,104,114,117,123,126,131,132,133,134,135,136,139,141,142,144,146,154,159,161,164,165,169,170,173,175,184,187,188,195,197,202,203,204,205,219,220,224,228,229,231,235,239,240,242,243,244,250,254,258,261,262,264,267,269,270,279,280,282,284,285,286,287,290,291,293,294,295,298,299,302,303,305,306,307,309,310,311,313,315,316,317,318,319,320,321,323,324,325,326,327,328,332,334,337,339,341,343,344,345,348,349,350,352,356,357,359,360,361,368,369,372,374,375,378,381,382,383,384,386,389,392,399,406,414,420,421,424,426,434,436,454,462,464,467,472,479,509,511,517,533,579,594,663
17,27,30,35,40,43,44,45,46,47,48,49,50,52,53,54,55,56,57,58,59,60,61,62,63,64,65,66,67,68,69,70,76,77,79,82,85,88,89,94,95,98,99,103,105,106,108,112,113,114,116,118,119,120,121,122,123,127,130,131,132,136,137,143,147,152,157,160,161,163,164,165,167,169,179,182,184,188,191,192,193,194,199,202,205,207,209,210,211,222,227,228,229,239,252,253,260,261,266,268,269,270,273,284,292,295,302,306,314,319,321,322,323,324,329,332,333,336,337,341,342,345,347,350,354,356,358,360,362,365,366,368,376,377,381,384,385,386,387,388,392,393,394,400,405,406,407,408,411,412,427,432,433,434,443,450,451,469,470,478,485,494,507,515,521,552,561
18,32,33,37,40,41,42,44,45,46,48,50,51,52,53,57,59,61,63,66,67,70,71,72,73,74,78,79,80,82,84,86,87,88,89,91,93,94,95,96,97,99,102,103,104,106,112,117,124,140,142,148,150,152,153,164,170,172,178,187,189,201,202,207,208,216,221,223,229,230,234,235,237,239,240,241,245,248,249,251,252,254,258,263,264,266,267,270,271,277,279,283,290,291,292,293,296,298,301,303,305,306,308,309,311,312,313,314,315,316,321,323,324,325,326,327,328,330,331,332,334,336,337,338,339,340,342,343,346,348,351,352,354,358,359,360,361,362,363,364,366,368,371,373,374,377,378,386,389,394,395,399,401,403,404,406,412,415,422,433,435,441,445,447,449,453,457,458,462,476,504,519,542,573,586
19,9,34,39,40,43,45,46,47,48,49,50,52,53,54,55,56,57,58,59,60,61,62,63,66,67,68,70,75,78,84,86,90,95,96,98,101,104,107,115,122,124,125,129,130,132,134,137,140,141,144,149,150,155,156,157,166,169,170,171,174,177,178,179,186,188,191,192,197,203,205,210,212,217,218,219,223,224,225,229,235,236,237,238,244,251,259,263,267,271,272,281,283,294,297,306,307,308,322,323,325,327,332,333,334,336,337,338,339,340,342,345,347,350,359,363,364,370,371,376,380,385,388,389,390,391,395,400,404,407,414,425,428,433,449,462,464,479,482
20,33,36,38,39,40,42,43,45,46,47,48,50,54,55,56,57,58,59,60,62,63,64,65,67,70,71,73,77,78,79,80,81,85,86,88,91,93,95,96,98,99,100,108,110,112,115,121,125,127,128,131,132,133,134,135,141,146,147,150,152,155,172,173,174,177,183,185,186,190,191,194,196,198,200,202,211,216,222,223,231,235,236,239,245,248,251,254,256,257,258,260,261,263,264,269,274,277,281,284,285,288,291,292,294,296,297,298,299,301,302,303,304,305,308,309,311,313,317,318,319,320,321,325,326,329,335,337,339,340,341,346,349,351,352,357,358,359,361,363,364,366,370,371,377,392,393,403,406,412,414,415,417,420,422,425,428,431,441,444,445,452,454,457,461,467,501,503,505,518,519,605,685
21,29,30,31,32,33,35,38,40,41,43,46,48,49,51,53,54,55,57,58,59,62,63,64,66,70,74,77,78,79,80,85,86,91,93,99,101,102,103,106,114,117,118,119,120,123,125,126,128,129,130,132,135,137,138,139,141,142,143,144,146,148,152,157,159,161,164,169,171,172,178,181,188,193,202,208,213,216,226,227,230,232,235,239,240,246,247,250,251,253,256,257,263,267,269,274,275,276,278,280,282,283,284,285,289,290,291,292,294,296,297,300,303,304,305,308,310,313,318,326,327,330,331,337,338,340,343,344,345,349,350,359,362,372,377,380,391,393,397,404,407,431,436,445,455,561,654
22,7,28,33,35,36,37,38,39,40,44,45,46,47,49,57,58,59,60,62,65,67,68,69,72,75,77,82,83,84,86,88,89,92,95,97,100,102,103,104,107,108,119,125,126,127,129,130,131,132,134,138,140,141,146,150,155,159,160,167,168,176,210,215,217,223,233,245,248,259,260,261,265,268,278,279,280,281,282,287,291,296,298,299,300,302,303,307,309,316,317,318,319,322,323,324,325,327,330,331,332,334,336,337,338,340,341,344,351,352,354,355,356,360,362,364,368,372,376,379,381,383,386,387,399,406,410,412,422,423,426,427,430,431,435,446,450,469,504,530,565
23,38,39,40,41,42,43,44,45,46,51,52,53,54,55,56,57,59,60,64,72,74,84,92,95,105,106,107,113,114,115,117,118,120,123,124,126,128,130,133,134,135,137,139,141,143,144,145,147,151,152,156,159,160,162,164,166,173,175,181,186,191,192,200,202,211,214,220,223,224,228,231,234,243,244,252,253,262,264,265,266,273,278,282,283,290,294,305,309,313,319,326,332,338,340,355,357,362,367,370,376,378,382,391,416,427,430,444,458,501,509,671
24,23,27,28,29,31,32,33,36,37,39,40,41,44,45,48,51,55,56,59,60,61,64,67,71,73,75,76,77,78,86,87,91,93,95,98,115,118,122,124,131,133,135,136,137,141,143,149,151,153,158,159,160,163,164,165,173,186,206,211,214,217,223,229,231,234,239,240,243,246,248,250,251,258,259,262,265,270,274,277,278,281,285,286,287,288,293,297,304,310,312,313,314,317,319,320,322,323,324,326,327,329,330,331,335,336,337,342,344,345,346,347,352,353,358,365,367,368,369,370,373,375,382,383,389,390,391,396,400,404,406,409,415,416,418,437,449,451,453,459,462,476,627,633,685
25,28,30,33,35,36,37,38,39,40,41,42,43,45,47,48,49,50,51,53,55,58,59,61,65,67,68,70,77,83,89,90,95,98,102,109,114,117,119,121,122,126,127,130,131,132,134,135,138,142,145,148,152,153,156,157,167,170,186,193,201,210,212,214,215,217,219,227,228,229,231,232,242,246,247,248,252,253,259,263,270,275,291,292,293,303,309,310,315,316,317,319,323,326,328,329,341,349,351,352,353,360,365,369,375,381,386,387,410,413,414,415,421,443,675
26,12,24,29,32,34,36,39,41,42,44,46,48,50,52,53,54,55,56,58,59,62,63,66,69,71,74,77,78,79,89,90,92,112,122,128,133,137,147,148,150,167,168,173,178,183,185,188,206,207,219,220,222,228,229,236,250,255,267,271,281,287,290,300,310,313,324,327,328,329,334,343,344,348,351,355,359,367,377,389,397,400,401,405,410,420,466
27,28,31,32,33,34,35,37,38,40,41,43,44,46,47,49,53,54,58,60,61,63,68,70,72,74,79,82,85,87,88,92,94,95,96,99,103,105,119,121,123,124,125,127,129,133,144,150,152,163,166,169,177,183,200,216,223,237,240,244,246,247,251,253,271,280,295,305,315,320,321,323,328,331,336,337,338,342,344,346,349,352,356,357,358,359,360,370,374,382,384,390,391,401,402,406,425,454,519,540,599,615,622
28,24,32,36,37,39,40,41,42,43,44,46,47,49,50,52,54,58,60,61,63,64,66,67,70,73,76,79,82,83,84,86,87,88,89,91,97,98,99,100,101,104,120,125,127,133,143,145,146,148,153,163,166,167,171,175,176,178,182,192,198,199,200,211,221,226,228,235,236,237,241,242,250,260,264,276,283,286,287,291,303,305,306,307,310,311,327,333,336,342,346,353,355,363,367,370,379,384,388,389,393,396,399,400,401,403,416,426,430,451,453,454,492
29,27,29,31,34,37,38,40,41,42,43,44,47,49,50,55,61,64,65,66,67,68,69,70,71,72,75,76,78,79,80,81,82,83,84,86,87,88,89,93,95,110,111,123,126,129,130,132,136,137,139,140,153,154,197,200,201,202,208,213,215,225,229,232,234,235,236,238,239,241,242,243,257,260,262,265,269,270,273,277,281,282,289,292,297,300,301,303,309,311,317,324,332,333,335,337,338,340,341,342,343,345,347,351,352,355,357,361,363,367,368,382,393,397,401,410,413,429,433,435,451,452,463,469,488,578,672
30,28,31,34,36,37,38,39,40,44,45,47,52,54,60,63,68,72,75,76,77,84,85,87,90,91,92,93,94,95,96,97,98,99,100,101,102,103,104,105,106,107,109,110,111,112,114,119,120,128,129,136,141,142,146,153,159,160,162,163,164,170,171,172,174,177,179,180,184,185,189,192,197,198,199,201,203,206,211,212,214,231,240,243,255,278,286
31,21,23,24,29,32,33,34,36,37,40,44,49,50,53,56,57,62,64,65,75,78,79,80,81,82,83,84,86,87,88,89,91,92,93,94,95,96,98,99,100,101,103,105,106,107,109,111,112,113,114,115,116,119,121,123,124,126,128,130,131,135,136,137,139,142,146,148,155,156,165,167,168,172,181,189,195,204,212,215,221,223,225,230,232,238,240,244,246,249,250,258,262,263,269,276,278,286,288,292,293,294,299,300,303,306,318,320,322,324,326,330,336,341,346,347,348,356,358,362,368,372,375,380,382,383,389,390,394,395,411,417,435,449,452,455,461,508,532
32,24,26,27,28,29,31,32,33,34,37,41,44,45,47,48,50,51,55,56,58,62,72,73,74,75,79,82,83,84,85,86,87,89,90,92,94,95,96,97,99,101,103,104,105,108,109,110,111,112,113,126,132,141,153,155,157,161,162,163,174,179,180,184,194,198,199,200,202,203,207,210,212,219,220,223,226,227,230,234,235,236,238,239,240,243,247,248,249,250,251,253,254,257,258,260,261,263,264,265,266,267,268,270,272,273,274,276,277,278,279,284,285,286,289,290,296,297,301,303,308,309,310,313,316,319,321,322,329,330,332,335,339,341,342,343,345,346,347,354,364,368,369,373,374,375,378,379,381,391,392,395,431,451,465,560,562
33,15,25,29,33,34,35,37,38,39,40,41,42,43,44,45,46,47,49,51,52,55,62,63,66,72,81,83,88,90,92,93,94,96,98,100,102,104,105,106,107,108,109,110,112,113,114,115,116,117,119,120,121,122,123,125,126,128,130,133,134,135,138,140,143,146,147,149,150,151,152,153,154,159,171,172,174,176,178,180,181,184,191,193,196,200,204,209,210,212,213,216,217,218,219,220,222,223,225,228,229,230,231,232,235,237,239,240,242,245,256,652
34,34,35,36,37,39,41,46,47,48,50,52,56,60,61,62,64,66,68,69,72,73,75,79,82,83,84,86,87,88,89,90,91,92,93,94,95,96,97,99,100,101,102,110,112,113,115,120,122,123,125,126,127,129,138,140,141,142,145,148,150,151,154,158,165,170,173,174,179,200,209,215,220,232,234,240,243,246,247,248,249,251,252,253,254,255,260,261,263,264,267,270,271,274,275,277,280,281,282,284,285,286,290,291,292,295,296,301,302,303,306,313,315,324,328,334,345,363,382,392,393,399,400,404,412,414,418,420,488,491,514,544,582
35,10,27,28,32,34,35,36,37,38,39,40,41,42,45,46,47,48,49,51,52,53,54,55,56,58,59,61,62,64,66,69,70,71,74,75,77,78,79,80,81,82,83,84,85,90,92,95,97,98,99,101,102,103,104,105,106,107,108,109,110,111,113,115,116,121,124,125,126,133,137,138,144,151,153,154,158,162,163,169,171,174,179,189,190,192,193,195,196,198,199,200,201,209,213,214,217,218,220,226,227,228,229,231,232,235,236,237,238,239,240,242,243,245,247,248,250,252,254,255,256,257,259,262,263,265,266,267,268,269,270,271,272,274,276,279,280,281,282,289,290,296,298,299,301,305,307,314,326,342,349,357,362,365,376,387,425,446,481,492,528,581
36,22,30,31,32,33,36,37,39,40,41,42,43,44,46,47,48,49,50,51,52,53,54,55,57,58,60,61,62,65,70,74,88,103,105,107,109,111,115,117,119,120,121,123,124,125,126,127,128,129,130,131,132,133,134,135,137,138,139,140,142,144,145,152,154,155,157,161,163,164,168,170,173,174,175,176,177,179,180,181,182,184,185,186,189,191,192,193,194,195,196,197,200,201,203,204,205,206,212,213,214,215,216,217,218,220,221,223,224,225,227,228,229,232,233,235,237,238,239,241,242,243,245,247,248,249,251,253,254,258,259,538,577,685
37,7,20,22,23,25,27,28,29,30,31,33,34,35,36,37,41,42,43,47,50,53,54,55,58,59,61,62,63,64,65,66,68,69,70,71,72,73,74,75,76,77,78,79,80,83,84,88,91,92,93,94,95,98,101,103,105,107,113,114,116,118,121,122,129,130,140,159,161,162,163,164,166,167,175,176,177,182,188,198,206,216,222,250,252,260,262,264,265,266,269,270,271,274,275,277,281,284,285,290,294,296,297,300,303,313,317,321,332,336,339,342,361,372
38,19,22,28,30,32,34,38,39,40,41,42,43,44,45,46,47,48,49,50,51,52,53,55,57,59,60,61,62,63,65,66,68,71,74,75,76,79,80,81,82,83,89,92,93,94,96,97,100,103,104,105,109,110,115,121,123,124,125,127,128,131,132,134,135,136,137,138,140,141,142,143,144,146,147,148,149,150,152,172,174,175,178,179,182,183,184,187,188,189,190,191,192,193,194,195,196,199,200,201,202,203,204,205,206,207,208,210,212,213,214,215,217,219,221,222,223,224,225,226,227,228,230,232,234,235,236,238,239,240,241,243,244,247,248,249,250,251,253,255,256,258,259,260,262,263,265,266,270,271,273,274,275,276,278,280,281,282,283,285,288,289,290,295,296,297,304,305,315,320,321,361,367,374,383
39,23,24,25,29,32,33,34,35,38,40,41,42,43,45,46,48,49,50,51,52,53,54,56,57,58,59,60,62,63,64,65,66,68,69,72,74,77,80,82,83,85,86,87,89,97,98,118,119,120,127,137,139,141,143,146,152,158,159,162,166,167,168,170,172,173,174,175,176,177,180,181,182,183,184,185,186,188,189,190,191,193,194,195,198,199,200,201,202,203,204,209,212,213,217,221,222,223,229,232,233,236,239,241,243,252,253,259,261,266,270,285,376,385,405,414,622
40,15,20,22,23,25,26,30,31,33,35,36,37,38,39,40,42,44,45,46,48,50,52,53,56,57,59,60,61,74,75,76,83,84,86,88,92,97,99,102,104,108,114,115,116,117,118,119,120,121,123,127,128,134,137,150,156,161,164,167,170,178,187,189,192,195,200,201,202,214,215,294,303,604
41,11,33,35,36,37,39,40,42,43,44,45,46,47,49,51,52,53,55,58,60,61,67,69,71,74,77,79,82,86,93,94,99,105,123,127,129,136,137,138,139,142,147,151,152,161,162,167,168,180,186,192,193,217,235,238,599,644,652,675
42,10,14,17,22,23,24,25,26,29,32,37,40,45,47,49,50,51,56,59,60,62,64,66,67,70,82,104,183,360,604
43,26,29,33,37,56,58,63,66,73,78,84,91,95,96,99,104,108,131,143,144,158,690
44,73,98,126,650,655
45,68,174,186,188
46,198,275,369,698
47,18,276,378,580,585
48,252,353,464,520,642
49,120,146,534
50,284,369,491
51,403,562
52,45,74,448,454,504,609,614
53,111,155,254,361,510,547,601,637,671
54,7,118,172,183,274,405,452,672
55,406,428,603
56,61,365,590,591
57,2,134,140,287,404,555,669
58,15,58,78,95,138,213,254,269,693
59,5,12,238,349
60,
61,
62,
63,
64,
65,
66,
67,
68,
69,
70,
71,
72,
73,
74,
75,
76,
77,
78,
79,
80,
81,
82,
83,
84,
85,
86,
87,
88,
89,
90,
91,
92,
93,
94,
95,
96,
97,
98,
