6
0,289
1,36,414,503,602,683
2,74,121,157,224,306,605
3,269,562,636,675
4,42,82,136,176,197,289,314,442,452,626,649,665,678
5,82,204,388,564,566,569,581
6,1,24,63,86,162,550,555,558,566,590,613,647,650
7,26,131,148,278,350,521,550,638,655
8,107,116,219,566,594
9,17,25,131,184,310,580,581,590,650
10,161,203,247,290,444,456,466,546,574,585,587,653
11,48,53,176,234,454,482,495,662
12,15,291,526,544,545,556,558,560,563,564,580,681
13,89,201,213,311,551,552,666,670
14,21,42,54,56,57,58,62,64,65,69,74,76,111,147,478,571,572,633
15,42,47,49,50,51,52,53,54,55,56,57,58,59,60,61,62,64,65,66,67,68,69,70,71,72,74,75,77,79,84,91,93,111,170,253,262,548,554,611,676,698
16,34,36,40,42,47,48,49,50,51,52,53,54,55,56,57,58,59,60,61,62,63,64,65,66,67,68,69,70,71,72,73,74,75,76,77,78,79,80,81,82,83,84,85,86,87,88,89,90,91,92,93,94,95,96,97,98,99,100,101,102,103,104,105,106,112,114,117,119,211,251,265,277,333,349,414,428,450,538,543,553,591,625
17,16,41,46,47,48,50,51,52,53,54,55,56,57,58,59,60,61,62,63,64,65,66,67,68,69,70,71,72,73,74,75,76,77,78,79,80,81,82,83,84,85,86,87,88,89,90,91,92,93,94,95,96,97,98,99,100,101,102,103,104,105,106,107,108,109,110,111,112,113,114,115,116,117,118,119,120,121,122,123,124,126,127,128,129,130,131,132,135,136,137,144,146,147,149,150,151,152,153,154,155,156,157,158,159,160,161,162,163,164,165,166,167,168,169,171,172,173,174,175,176,177,181,188,189,190,211,302,331,363,394,439,458
18,39,40,42,43,44,45,46,47,48,50,51,52,53,54,55,56,57,58,59,60,61,62,63,64,65,66,68,69,70,71,72,73,74,75,76,77,78,79,80,81,82,83,84,85,86,87,88,89,90,91,92,93,94,95,96,97,98,99,100,101,102,103,104,105,106,107,108,109,110,111,112,113,114,115,116,117,118,119,120,121,122,123,124,125,126,127,128,129,130,131,132,133,134,135,136,137,138,139,140,141,142,143,144,145,146,147,148,149,150,151,152,153,154,155,156,157,158,159,160,161,162,163,164,165,166,167,168,169,170,171,172,173,174,175,176,177,178,179,180,181,182,183,184,185,186,187,188,189,190,191,192,193,194,195,196,197,198,199,200,201,202,203,204,205,206,207,208,209,210,211,212,213,214,215,216,217,218,219,220,221,222,223,224,225,226,227,228,229,230,231,232,233,234,235,236,237,238,239,240,241,242,243,244,245,246,247,248,249,250,251,252,253,254,255,256,257,258,259,260,261,262,263,264,265,266,268,269,270,271,272,273,274,275,276,277,278,279,280,281,282,284,285,286,287,288,289,290,291,292,293,295,296,297,298,299,300,301,303,304,305,308,309,310,313,314,315,316,318,319,320,321,322,323,325,328,329,331,334,338,339,340,344,347,350,353,355,365,371,390,418,451
19,1,41,45,47,48,49,50,51,52,53,54,55,56,57,58,59,60,61,62,64,65,66,67,68,69,70,71,72,73,74,75,76,77,78,79,80,81,82,83,84,85,86,87,88,89,90,91,92,93,95,97,98,99,100,101,102,103,104,106,107,108,109,110,111,112,113,114,115,116,117,119,120,121,122,123,124,125,127,128,129,130,131,132,133,134,135,136,137,138,139,140,141,142,143,144,145,146,147,148,150,151,152,153,154,155,156,157,158,159,160,161,162,163,164,165,166,167,168,169,170,171,172,173,174,175,176,177,178,179,180,181,182,183,184,185,186,187,188,189,191,192,193,194,195,196,197,198,199,200,201,202,203,204,205,206,207,208,209,210,211,212,213,214,215,216,217,218,219,220,221,222,223,224,225,226,227,228,229,230,231,232,233,234,235,236,237,238,239,240,241,242,243,244,245,246,247,248,249,250,251,252,253,254,255,256,257,258,259,260,261,262,263,264,265,266,267,268,269,270,271,272,273,274,275,276,277,278,279,280,281,282,283,284,285,286,287,288,289,290,291,292,293,294,295,296,297,298,299,300,301,302,303,305,306,307,309,310,311,312,313,314,315,316,317,318,319,320,321,322,323,324,326,327,328,329,330,331,332,334,335,336,338,339,341,342,343,344,345,346,347,348,350,351,352,353,354,355,356,358,360,363,365,367,368,370,371,372,374,375,376,377,378,379,380,381,382,383,384,387,388,389,390,391,392,393,394,395,396,398,400,401,403,404,405,410,412,413,417,419,421,424,425,426,427,428,432,434,436,437,439,441,444,448,453,455,460,465,466,474,508
20,45,46,47,48,50,51,52,53,54,55,56,57,58,59,60,61,62,63,64,65,66,67,68,69,70,71,72,73,74,76,77,78,80,81,82,83,84,85,86,87,88,89,90,91,92,93,94,95,96,97,98,99,100,101,102,103,104,105,106,107,108,109,110,111,112,113,114,115,116,117,118,119,120,121,122,123,124,125,126,127,128,129,130,131,132,133,134,136,137,138,139,140,141,142,143,144,145,146,147,148,149,150,151,152,153,155,156,157,158,159,160,161,162,163,164,165,167,168,169,170,171,172,173,174,175,176,177,178,179,180,181,182,183,184,185,187,189,190,191,192,193,194,195,196,197,198,199,200,201,202,203,204,205,206,207,208,209,210,211,212,213,214,215,216,217,218,219,220,221,223,225,226,227,228,229,230,231,232,233,234,235,236,237,238,239,240,241,242,244,245,246,248,249,250,251,252,253,254,255,256,257,259,260,262,263,264,265,266,267,268,269,270,271,273,274,275,278,279,280,281,282,283,284,285,286,287,288,289,290,291,292,293,295,296,297,298,299,301,302,303,304,305,306,307,308,309,311,312,313,314,315,317,318,319,321,322,323,324,325,326,327,329,330,331,332,336,337,338,339,340,343,344,345,346,347,349,350,351,352,353,354,355,356,357,359,361,366,368,369,371,372,373,374,375,376,378,379,380,381,383,385,386,388,389,390,391,392,393,394,395,396,397,398,399,401,402,403,404,406,407,409,410,411,412,414,415,416,418,419,420,421,423,424,426,428,429,430,431,432,433,434,435,438,440,441,443,445,446,447,448,449,450,451,452,454,455,457,458,459,461,462,463,464,465,466,467,468,469,471,472,473,474,475,476,480,481,482,484,485,486,488,489,492,493,494,495,496,498,500,502,503,505,507,508,514,518,522,523,525,526,528,530,535,540,665
21,41,43,45,46,47,48,49,50,51,52,53,54,55,56,57,58,59,60,62,63,64,65,66,67,68,70,71,72,73,74,75,77,78,79,80,81,82,83,84,85,86,87,88,89,90,91,92,93,94,95,96,97,98,99,100,101,102,103,104,105,106,107,108,109,110,111,112,113,114,115,116,117,118,119,121,122,123,124,125,126,127,129,130,131,132,133,134,135,139,140,141,142,143,144,145,147,148,149,150,151,152,153,154,155,156,157,159,160,161,162,163,164,165,166,167,169,170,171,173,174,176,177,178,179,181,182,184,185,186,187,189,191,192,193,194,195,196,197,198,200,201,202,203,204,205,206,207,209,211,212,213,214,215,216,217,218,219,220,221,222,223,225,226,227,228,230,231,232,233,234,235,236,237,239,240,241,242,243,244,245,247,248,249,250,251,254,255,256,257,258,259,260,261,262,263,264,265,266,267,268,269,271,272,273,274,275,276,277,278,279,280,281,282,284,285,286,287,288,289,291,292,293,294,295,296,298,300,301,302,303,304,306,308,309,310,311,312,314,315,316,318,319,320,321,322,324,326,327,331,332,333,334,335,336,337,339,342,343,344,348,349,350,352,354,355,357,359,360,361,363,364,365,369,371,372,373,375,376,378,379,380,381,382,383,384,385,386,387,389,391,392,393,394,395,396,397,398,399,400,401,402,403,404,405,406,407,408,409,410,411,412,413,415,416,417,418,420,421,422,423,424,425,426,427,429,430,431,432,433,434,435,436,437,438,439,440,442,443,444,445,447,448,449,450,451,452,453,454,455,456,457,459,460,461,462,463,464,465,466,467,468,469,470,471,472,473,474,476,477,478,480,481,482,483,484,485,490,491,492,494,495,498,501,504,506,508,509,510,513,514,518,520,521,522,528,531,534,545,548,556,579,610,629
22,35,47,49,50,51,52,53,55,56,57,58,60,61,62,63,64,65,66,67,68,69,70,71,72,73,74,75,76,77,78,79,80,81,82,83,84,85,86,87,88,89,90,91,92,93,94,95,96,97,98,99,100,101,103,106,107,108,109,110,111,112,114,115,116,117,119,121,124,125,127,128,130,131,132,133,134,135,137,138,139,140,141,143,145,146,147,149,150,151,152,154,155,156,157,158,159,160,161,162,163,164,165,166,167,168,169,170,171,172,173,174,175,177,178,179,180,181,182,183,184,185,186,188,190,191,192,193,194,195,196,197,198,199,200,202,203,204,205,206,207,208,209,210,211,212,213,214,215,216,217,218,219,220,221,222,223,224,225,226,228,229,230,233,234,235,236,237,238,239,240,242,243,244,245,246,247,248,249,250,251,252,253,254,256,257,259,260,261,262,265,266,267,270,271,272,273,275,276,277,278,279,280,282,283,285,286,288,289,290,291,292,293,295,298,299,300,301,302,303,304,305,306,308,309,312,313,314,317,318,321,323,324,326,333,334,335,336,337,339,342,344,345,347,354,355,359,365,367,368,371,372,373,374,376,380,382,383,384,385,386,387,388,389,390,391,392,393,395,396,397,399,400,401,406,407,409,410,412,414,415,416,418,420,421,422,424,425,427,429,430,431,432,433,434,435,436,437,438,439,440,441,442,443,444,445,446,447,449,450,452,454,457,460,461,462,465,467,468,469,471,475,481,483,484,487,488,489,490,493,496,497,498,499,501,502,503,504,505,506,509,515,521,523,542,543
23,37,44,45,47,48,49,50,52,53,54,55,56,57,58,59,60,61,62,63,64,65,66,67,68,70,71,72,73,74,75,76,78,79,80,81,83,84,85,86,87,89,90,91,92,94,95,96,97,99,100,101,102,104,105,106,107,108,109,110,112,113,114,115,116,117,118,119,120,121,122,123,125,126,127,128,129,130,133,135,136,137,138,139,140,141,142,143,144,145,146,147,149,150,151,153,155,157,158,159,160,161,162,163,164,165,166,167,168,169,170,171,172,173,174,175,176,177,178,179,180,181,182,183,184,185,186,188,189,190,191,192,193,194,195,196,197,198,199,200,201,202,203,204,205,206,207,208,209,210,211,213,214,215,216,217,218,219,220,221,222,224,227,228,231,232,233,234,236,238,244,246,247,248,249,250,251,252,253,255,256,258,259,260,262,263,264,265,266,267,273,281,284,285,289,290,291,293,297,299,301,302,303,305,307,308,310,312,313,316,319,322,323,324,326,328,331,332,333,335,336,337,339,344,349,350,357,359,360,365,371,372,379,382,384,385,386,387,391,394,396,398,399,401,402,403,404,405,409,410,411,412,415,418,419,420,421,422,423,424,426,427,428,429,431,432,438,439,441,442,444,445,446,447,449,453,454,455,456,459,460,461,462,463,464,465,466,467,468,469,470,471,472,474,475,476,477,480,481,482,483,486,487,489,490,491,492,493,498,500,501,504,505,506,508,524,527,528,529,536,538,561,571,572,578,586,616
24,41,44,45,46,47,48,49,50,51,52,53,54,55,56,57,58,59,60,61,62,63,64,65,67,68,69,70,72,74,76,77,78,79,80,81,82,83,84,85,86,87,88,89,90,91,92,93,95,96,97,98,99,100,101,102,103,104,105,106,107,109,110,111,112,113,114,115,117,118,120,121,123,126,127,128,130,131,132,136,137,138,139,141,142,143,144,145,146,147,148,149,150,151,153,154,155,156,159,160,161,162,163,165,166,167,169,170,172,173,175,176,178,179,180,181,182,183,184,185,186,187,188,189,190,191,192,193,195,196,200,201,202,203,204,205,208,209,210,211,212,213,214,215,216,217,218,219,220,221,222,223,224,225,226,227,228,229,230,231,232,233,234,235,238,239,241,242,243,244,245,247,248,249,250,251,252,253,254,255,256,257,259,260,262,263,265,266,267,268,269,272,275,276,277,280,281,282,283,287,288,289,290,292,294,295,299,300,301,302,303,304,305,307,313,314,316,322,330,333,334,338,339,345,349,350,352,356,360,377,378,388,393,397,400,401,402,403,406,412,413,416,417,418,423,424,425,427,428,434,435,436,437,438,439,440,441,442,443,444,445,446,447,448,449,450,451,452,453,456,459,460,461,463,464,466,468,469,476,477,478,479,482,483,484,486,487,490,492,494,495,497,498,500,505,507,508,509,511,513,517,521,522,523,524,526,530,541,546,553,556,561,570
25,8,19,34,35,36,38,41,42,43,44,45,46,47,48,49,52,54,57,58,59,60,61,62,63,64,66,67,68,69,70,71,72,73,74,75,76,77,78,79,81,82,83,84,85,86,87,88,89,91,92,93,94,96,97,98,99,100,101,105,106,110,112,116,117,120,124,126,127,128,129,130,132,133,134,135,136,137,138,139,140,143,144,145,147,149,153,154,155,156,157,158,159,160,161,162,163,164,165,167,168,169,170,171,172,173,174,175,176,178,179,180,184,185,186,187,188,189,190,191,192,193,194,195,197,198,199,202,203,204,205,206,207,208,209,210,211,213,215,216,217,218,219,220,221,222,223,224,225,226,229,230,233,234,236,237,238,239,240,241,243,244,250,251,252,255,258,262,264,265,266,269,270,271,272,274,275,279,280,281,282,288,293,294,296,299,300,304,305,310,311,312,315,316,317,318,321,327,330,331,339,354,356,367,390,391,396,397,398,399,403,405,408,413,414,415,418,419,420,421,422,423,424,426,427,428,430,431,433,434,435,436,437,439,440,444,446,447,448,450,451,452,456,461,463,467,468,469,470,471,475,476,479,483,486,491,493,494,495,498,499,500,510,512,513,530,552,566,574,656
26,26,30,31,36,37,39,40,41,44,45,46,47,49,50,51,52,53,54,57,58,59,61,62,63,64,65,66,67,68,69,70,71,73,76,79,81,83,84,85,88,90,91,92,93,94,95,96,98,99,102,104,105,106,107,109,110,111,112,113,114,116,117,118,119,121,123,124,126,127,128,129,130,131,132,133,134,136,137,138,140,141,142,145,147,148,150,151,152,153,157,159,160,163,164,165,166,167,169,171,172,174,176,178,179,182,183,184,185,186,187,188,189,190,191,192,193,195,196,197,198,199,200,201,203,204,206,208,209,210,212,213,214,216,218,219,222,223,224,227,228,232,233,236,237,240,241,242,245,246,247,248,250,255,266,273,274,276,277,279,280,283,284,292,298,299,300,301,308,309,313,321,323,325,331,332,343,350,356,374,381,390,398,401,402,403,404,409,410,411,412,414,415,416,418,419,422,423,425,426,429,431,432,433,434,435,436,438,439,445,447,448,449,450,451,453,454,455,458,459,462,463,466,468,470,472,473,474,476,479,481,487,490,491,496,500,507,509,510,534,535,536,547,550,553,560,561,586,597,629
27,12,24,29,32,33,36,37,38,39,43,44,50,51,52,54,57,60,61,63,67,71,72,75,82,84,85,89,90,92,95,96,97,100,101,102,105,107,108,109,111,112,114,115,117,121,122,123,125,127,128,130,136,137,138,140,141,147,151,156,160,165,166,169,173,174,179,180,183,185,187,189,190,193,196,204,205,206,207,210,212,215,216,217,218,219,220,221,222,223,224,225,226,229,232,238,239,244,247,252,257,266,269,284,285,303,315,316,324,326,341,347,376,411,431,434,443,460,464,465,472,503,511,516,530,636
28,93,133,155,171,193,210,213,225,227,247,252,261,263,298,300,323,608
29,33,55,599
30,678
31,199,515
32,651
33,662,679
34,3,27,214,619
35,1,12,46,141,171
36,280
37,12,26,50,54,93,292,431,498,679
38,23,40,356,378,389,424,495,525,536,593,663
39,170,353
40,77,92,263,376,499,661
41,468,513,517,548,556,557,573,575,578,586,591,627
42,114,549,553,557,558,559,560,562,564,567,583,645
43,3,5,85,220,571,587,632
44,291,313,352,394,535,586,611,625
45,268,360,501,593,623,656,669,670
46,3,312,363,492,531,571,598,640
47,40,55,391,418,477,524,532,679
48,3,94,279,375,377
49,7,32,88,172,243,327,476,550,580,599,612,620
50,76,274,548,549,633
51,8,24,28,534,541,568,572,600,653
52,13,57,128,271,432,601,609,610,614,681
53,74,249,320,397,553,586
54,302,439,570,571,574,587,624,652
55,44,138,156,244,337,442,593,597,640,642,659,698
56,429,616
57,261,340,373,467,628,688
58,362,410,535,552,617,678,692
59,154,219
60,130,188,240,296,297,370,419,537,639,664
61,180,183,204,382,658
62,41,126,635
63,19,139,315,348
64,208,452,681
65,72,84,185,338,536,541,603,611
66,124,243,295,344
67,159,424,682
68,386,458,491,580,613,640,668
69,55,65,108,233,269
70,55,77,192,208,274,537,580,611
71,131,283,329,436,563
72,108,130,160,380,397,424,606,669
73,37,53,135,171,380,381,670
74,
75,
76,
77,
78,
79,
80,
81,
82,
83,
84,
85,
86,
87,
88,
89,
90,
91,
92,
93,
94,
95,
96,
97,
98,
