14
0,77
1,22,81,103,217,289,412,432,488,490,576
2,24,82,84,85,86,87,88,91,92,93,94,95,96,97,99,103,104,106,107,108,110,114,117,174,214,240,276,330,397,404,462,552
3,83,85,86,87,88,89,90,91,92,93,94,95,96,97,98,99,100,101,102,103,104,105,106,107,108,109,110,111,112,113,114,115,116,117,118,119,120,121,122,123,124,125,127,128,129,130,131,132,133,135,136,137,139,140,141,142,143,146,150,166,369,544,563,568,628
4,72,77,79,81,82,83,84,85,86,87,88,89,90,91,92,93,94,95,96,97,98,99,100,101,102,103,104,105,106,107,108,109,110,111,112,113,114,115,116,117,118,119,120,121,122,123,124,125,126,127,128,129,130,131,132,133,134,135,136,137,138,139,140,141,142,143,144,145,146,147,148,149,150,151,152,153,154,155,156,157,158,159,160,161,162,163,164,165,166,167,168,169,170,171,172,173,174,175,176,177,178,179,180,181,182,183,184,185,186,187,188,189,190,191,192,193,194,195,196,197,198,199,200,201,202,203,204,205,206,207,208,209,210,211,212,213,214,215,216,218,219,220,221,222,223,224,225,226,229,231,233,234,235,236,237,238,243,407,641,684
5,80,81,82,83,84,85,86,87,88,89,90,91,92,93,94,95,96,97,98,99,100,101,102,103,104,105,106,107,108,109,110,111,112,113,114,115,116,117,118,119,120,121,122,123,124,125,126,127,128,129,130,131,132,133,134,135,136,137,138,139,140,141,142,143,144,145,146,147,148,149,150,151,152,153,154,155,156,157,158,159,160,161,162,163,164,165,166,167,168,169,170,171,172,173,174,175,176,177,178,179,180,181,182,183,184,185,186,187,188,189,190,191,192,193,194,195,196,197,198,199,200,201,202,203,204,205,206,207,208,209,210,211,212,213,214,215,216,217,218,219,220,221,222,223,225,226,227,228,229,230,231,232,233,234,235,236,237,238,239,240,241,242,243,244,245,246,247,248,249,250,251,252,253,254,255,257,258,259,260,262,264,265,266,267,268,269,270,271,273,274,275,276,279,280,282,283,284,285,286,287,288,290,291,293,295,296,297,300,301,304,306,308,313,322,324,325,329,339,345,348,350,358,359,388,455,581,665
6,7,55,78,79,81,82,83,85,86,87,88,89,90,91,92,94,95,96,97,99,100,101,102,103,104,105,106,107,108,109,110,111,112,113,114,115,116,117,119,120,121,122,123,124,125,126,127,128,129,130,131,132,133,134,135,136,137,138,139,140,141,142,143,144,145,146,148,149,150,151,152,153,154,155,156,158,159,160,161,162,163,164,165,166,167,170,171,172,174,175,176,177,178,179,180,181,182,183,184,185,186,187,188,189,190,191,192,193,194,195,196,197,198,199,200,201,202,203,204,205,206,207,208,209,210,211,212,213,214,215,216,217,218,219,220,221,222,223,224,225,226,227,228,229,230,231,232,233,234,235,236,237,239,240,241,242,243,244,245,246,247,248,249,250,251,252,253,254,255,256,257,258,259,260,261,262,264,265,266,267,268,269,270,271,272,273,274,275,276,277,278,279,280,281,282,283,284,285,287,288,289,290,291,292,293,294,296,297,298,299,300,301,302,304,305,308,310,311,314,317,319,321,324,325,326,332,333,337,338,340,346,351,356,385,391,426,448,492
7,80,81,82,83,84,85,87,88,89,90,91,92,93,94,95,96,97,98,99,100,101,102,103,104,105,106,107,108,110,111,112,113,114,115,116,117,118,119,120,121,122,123,124,125,126,127,128,129,130,132,133,134,135,137,138,139,140,141,142,143,144,145,147,148,149,150,151,152,153,154,155,156,157,158,159,160,161,162,163,164,165,166,167,168,169,170,171,172,173,174,175,176,178,179,180,182,183,184,185,186,187,188,189,190,192,193,195,196,197,198,199,200,201,202,203,204,205,206,207,208,209,210,211,212,213,214,215,216,217,218,219,220,221,222,223,224,225,226,227,228,230,231,236,237,238,239,240,241,242,243,244,245,246,247,248,249,250,251,253,255,256,258,260,263,264,265,268,269,270,272,273,274,277,278,281,282,283,284,286,288,289,290,291,292,293,294,296,297,299,304,309,310,312,314,315,319,320,321,325,335,338,340,342,343,344,354,369,379,401,467,639,664
8,72,77,79,80,83,84,86,87,88,89,90,91,92,94,95,96,97,98,99,100,101,102,103,104,105,106,107,108,109,110,111,112,113,114,115,116,117,118,119,120,121,122,123,124,125,127,128,129,130,132,133,135,137,138,139,140,142,143,144,145,146,147,148,149,150,151,152,154,155,157,159,160,161,162,164,166,167,168,169,170,171,172,173,175,176,178,179,182,183,185,187,188,189,190,192,194,196,197,198,199,200,202,203,204,205,206,207,208,209,210,211,212,213,214,215,216,217,219,222,223,224,225,226,227,228,229,230,233,235,236,239,240,242,243,244,246,248,251,252,253,255,256,259,260,261,263,264,266,269,270,271,272,273,274,275,278,279,281,285,289,290,292,297,299,305,306,307,312,319,320,322,327,332,333,345,353,368,369,386,420,503
9,80,81,83,84,85,86,87,91,93,94,95,96,97,98,99,100,102,103,104,105,106,107,108,109,110,112,113,115,116,117,118,119,120,121,122,123,124,125,126,127,128,129,130,131,132,133,134,135,136,137,138,139,140,141,142,143,144,145,146,147,148,149,150,151,152,153,155,156,157,158,159,160,161,162,163,164,165,168,169,171,172,173,175,176,178,179,180,182,183,185,186,187,188,189,190,191,193,194,196,197,198,199,200,201,202,203,204,205,206,207,208,209,210,211,212,215,216,218,219,220,221,223,224,226,228,230,231,232,233,234,237,238,239,240,244,245,246,247,248,249,250,252,253,254,256,258,261,262,264,265,267,269,270,271,272,273,274,276,277,278,279,280,284,286,287,288,290,291,292,296,299,301,302,306,307,308,315,319,324,328,329,335,339,344,381,393,435,474,501,629
10,83,85,87,90,91,92,93,95,96,97,98,99,100,101,102,103,104,105,106,107,108,109,111,112,113,114,115,116,117,118,119,120,122,123,124,125,127,128,129,130,131,132,133,134,135,136,137,138,139,140,141,142,143,145,146,147,148,149,150,151,153,154,155,156,157,158,159,160,161,162,163,164,165,166,168,169,171,172,174,176,177,178,179,180,181,182,183,184,185,186,187,189,190,192,193,194,196,197,198,199,200,201,203,204,206,207,208,209,210,212,213,214,215,216,217,218,219,220,221,222,223,224,225,226,227,228,229,231,234,235,238,239,241,243,245,246,247,249,250,251,254,256,257,259,262,267,272,273,278,285,295,296,298,299,308,312,313,318,319,324,325,326,328,331,334,335,336,337,339,343,344,346,360,487,492,493,673
11,52,55,82,89,90,91,93,94,96,97,98,99,101,102,103,104,106,107,108,110,111,112,113,114,115,117,118,119,120,121,122,123,124,125,126,127,128,130,131,132,133,134,135,137,138,140,141,142,143,145,147,148,149,150,151,152,153,155,156,157,158,159,160,161,162,163,164,165,166,167,168,170,171,172,173,174,175,176,177,179,183,185,186,188,189,191,192,193,195,198,199,201,202,203,204,205,207,208,209,210,212,215,217,219,223,224,225,226,227,229,230,231,232,233,234,235,237,238,239,241,242,244,245,246,247,248,250,251,253,254,255,256,257,258,259,263,264,265,266,267,272,276,281,284,285,291,293,303,304,320,333,347,352,363,366,369,389,397,400,497,526,559,612
12,81,83,88,91,92,94,95,96,98,99,100,101,102,103,104,105,106,107,109,110,111,112,113,114,115,116,117,118,119,120,121,122,123,124,125,126,127,128,129,130,131,132,133,134,135,136,138,139,140,141,142,143,144,145,147,148,149,150,151,152,154,156,157,158,160,161,162,163,164,165,168,169,172,173,174,175,176,177,178,179,181,183,184,186,188,189,190,191,192,195,196,197,198,199,200,201,203,204,205,206,207,208,209,210,211,212,213,214,216,217,218,219,220,221,222,223,224,225,226,227,228,229,230,231,232,233,234,235,237,238,239,240,241,242,244,246,247,250,257,258,260,261,262,270,271,273,276,278,280,282,283,287,288,292,294,296,302,303,305,307,313,316,320,328,337,339,341,343,349,355,371,373,404,413,450,465,467,488,545
13,43,85,90,91,92,93,94,95,97,98,100,101,102,104,105,106,107,108,109,110,111,112,113,114,115,116,117,119,120,121,122,123,124,125,126,127,130,131,133,134,135,136,137,138,139,140,141,143,144,145,146,147,149,150,151,152,153,154,155,156,157,158,159,160,161,162,164,165,166,167,170,174,177,179,180,181,183,185,186,187,188,189,194,195,196,197,198,202,203,204,205,206,207,211,212,213,214,215,217,218,219,221,222,223,225,226,228,229,230,231,232,233,234,236,237,238,239,240,241,244,245,246,247,248,249,252,253,254,256,257,258,259,260,262,263,265,266,267,268,269,270,271,274,275,276,277,278,279,282,283,286,296,297,298,299,302,303,305,306,309,317,331,333,335,337,340,401,503,530,538,606
14,67,80,85,89,96,97,98,99,101,104,106,107,108,109,110,112,113,114,115,116,117,118,119,120,121,123,125,126,128,130,131,133,135,138,139,140,141,142,143,144,145,146,147,148,149,150,151,152,153,154,156,158,159,160,161,163,164,165,166,167,168,169,170,171,172,173,174,175,176,178,179,180,181,183,184,185,186,187,188,189,190,191,193,195,196,198,199,200,201,202,206,207,209,210,211,212,213,214,215,217,218,219,220,223,224,226,227,228,231,232,235,238,239,241,244,246,248,249,250,251,252,253,255,257,258,259,260,262,266,267,268,270,273,274,277,287,290,292,293,297,299,300,303,304,316,317,337,363,373,435,485,529,582,623
15,14,94,100,101,103,104,105,107,108,110,111,112,113,114,115,116,117,118,119,120,121,122,123,124,127,128,129,130,131,132,133,134,136,137,138,139,140,141,142,144,145,147,149,151,152,153,154,155,156,158,159,160,161,163,164,166,167,168,170,171,172,173,176,177,179,180,181,184,187,191,192,193,194,195,197,199,200,202,203,205,206,207,208,209,210,211,212,214,215,216,217,218,221,222,223,225,226,227,228,229,231,232,233,235,236,237,238,242,243,244,245,248,249,252,253,254,257,258,259,267,269,271,272,273,287,289,291,292,293,295,296,298,304,307,312,314,336,341,362,375,377,398,406,530,675
16,31,68,102,103,108,110,112,113,116,117,119,121,122,123,124,125,127,128,129,130,131,132,133,135,136,137,138,139,142,144,145,146,147,148,149,150,151,152,153,156,159,160,161,162,164,167,170,171,172,173,174,175,177,178,179,180,182,183,185,189,193,194,195,196,197,199,200,201,202,203,204,205,207,208,210,211,212,214,215,216,218,219,221,222,223,224,226,228,229,231,232,233,234,235,238,240,241,243,245,246,247,248,251,254,256,261,262,263,265,267,269,272,274,275,276,278,281,282,284,285,292,294,299,309,316,320,322,332,333,335,343,349,352,357,360,379,396,398,469,499
17,21,108,109,111,112,113,114,115,116,117,118,119,120,121,122,123,125,126,127,129,130,131,132,135,138,139,140,141,143,144,145,146,147,149,150,152,153,154,155,156,157,158,159,161,162,164,165,167,168,170,172,173,175,176,177,178,180,181,183,184,185,189,196,197,198,200,201,202,204,205,207,208,209,214,216,217,218,220,221,222,223,224,227,229,230,232,233,234,240,241,243,244,245,249,250,253,254,255,256,257,258,260,261,264,265,268,269,272,273,277,280,282,284,286,287,291,292,295,296,302,303,305,307,308,310,312,322,328,331,338,342,357,369,426,470,471,476,517,579,619
18,95,97,105,107,108,114,115,116,117,118,120,121,122,123,124,125,126,128,129,130,132,133,135,136,139,141,142,143,145,147,148,150,151,152,153,154,155,156,158,159,160,161,162,163,164,166,169,171,172,173,176,178,179,180,183,184,185,186,192,193,195,198,203,204,205,208,211,213,216,217,220,224,226,227,229,231,232,233,237,238,241,243,244,245,247,249,252,254,255,256,257,258,260,261,265,266,270,271,273,280,281,283,289,291,292,293,297,298,304,306,309,319,320,322,325,327,334,350,353,370,371,402,424,426,442,447,476,482,535,655
19,103,107,108,113,114,115,119,120,121,122,123,127,128,129,130,131,132,133,134,136,140,142,143,144,145,146,147,150,152,153,154,155,156,159,161,162,163,164,166,167,168,169,171,172,174,175,177,178,180,182,183,184,187,188,189,192,194,195,198,200,201,203,204,206,207,208,210,211,212,213,217,218,219,220,221,222,223,225,227,228,230,231,232,234,235,236,238,242,244,248,249,252,254,256,257,260,262,263,264,265,267,270,272,273,276,279,288,289,291,293,294,305,307,308,311,313,315,319,321,344,347,398,399,411,412,423,425,459,466,468,482,485,525,699
20,108,110,113,114,116,117,124,126,127,129,130,133,134,135,136,138,140,141,142,143,145,146,147,148,149,151,152,153,154,155,156,158,159,160,161,162,163,164,166,167,168,169,170,172,173,174,175,176,179,180,184,186,189,190,195,198,200,202,203,207,208,209,211,214,216,218,223,226,227,231,232,233,234,235,236,237,239,240,241,242,243,244,250,251,252,254,256,257,258,259,260,261,262,263,267,268,272,273,276,278,280,286,287,290,293,294,296,306,308,311,313,321,325,333,339,342,398,402,405,408,410,416,424,430,431,434,436,440,445,454,464,472,477,485,486,492,644,667
21,60,110,113,115,117,118,119,120,121,122,123,125,126,127,128,130,131,133,135,142,143,144,145,146,147,148,149,150,151,152,155,157,162,164,165,167,171,172,174,176,180,181,182,183,185,186,187,188,189,192,193,199,204,207,209,210,212,213,214,215,216,217,218,220,221,222,223,225,226,227,228,229,230,232,234,235,236,237,240,242,244,245,246,248,250,251,255,256,257,258,259,261,262,265,267,273,280,282,285,286,293,296,299,303,304,311,324,335,350,351,356,357,374,378,404,406,407,408,410,411,412,415,418,419,426,433,438,442,443,449,453,455,464,477,564
22,24,110,115,116,117,120,122,123,124,126,127,132,134,137,138,141,144,146,156,158,161,163,167,168,169,173,175,176,177,182,184,185,186,187,192,193,199,202,206,207,208,209,211,213,215,216,217,218,220,221,224,226,227,228,229,230,231,233,237,238,241,242,244,245,247,248,249,250,252,253,254,255,257,258,259,260,262,266,267,268,269,272,273,275,276,277,280,282,283,284,285,286,287,291,292,293,294,295,296,297,300,302,304,307,310,314,316,318,321,322,335,338,341,346,351,354,363,368,372,373,378,396,403,409,414,427,429,433,438,443,444,461,483,505,529
23,117,120,123,125,127,134,135,137,138,139,141,142,144,145,146,147,152,153,156,157,158,160,161,163,164,167,170,173,174,176,183,184,191,206,207,210,211,214,215,216,217,218,219,220,221,222,223,224,225,226,227,228,229,230,231,232,233,234,235,236,237,239,240,241,242,243,244,245,246,247,248,249,250,251,253,254,255,256,257,258,259,260,261,262,263,265,269,270,271,272,273,275,276,277,279,280,282,287,288,289,290,291,294,296,297,298,299,300,301,303,305,306,307,308,309,310,311,312,315,316,317,318,322,323,327,328,329,331,334,336,337,338,339,340,341,342,343,344,346,347,348,349,354,357,358,360,361,362,363,364,365,366,377,378,382,389,395,398,401,402,405,417,418,419,420,437,439,447,448,452,454,588,666,687
24,87,111,116,119,124,126,129,130,131,133,137,138,139,141,144,147,148,149,151,156,160,164,168,174,181,182,190,193,202,203,204,205,206,207,208,209,210,211,212,213,214,215,216,218,219,221,222,223,224,226,228,229,230,232,233,234,235,236,237,238,239,241,242,243,244,245,248,249,251,253,254,255,256,257,259,260,261,262,264,266,267,268,269,271,272,273,274,275,276,277,278,279,281,282,284,285,286,288,289,290,291,293,294,295,296,298,299,300,301,302,303,304,306,308,309,311,313,314,316,318,319,321,323,324,325,326,327,328,331,333,334,335,338,339,340,341,344,345,347,348,349,350,352,353,354,355,356,358,360,363,365,366,369,372,374,376,378,384,387,390,391,392,394,395,398,401,406,409,410,414,415,418,419,420,421,426,428,457,459,460,492,494
25,111,113,117,122,125,126,128,129,132,137,138,144,145,149,157,162,166,167,172,176,187,194,200,201,202,203,206,207,210,212,213,216,217,219,221,222,223,225,226,229,230,231,232,233,235,236,237,238,239,240,241,242,243,245,249,250,253,254,255,256,257,260,261,264,265,266,267,269,271,272,275,276,277,278,279,282,283,284,285,286,287,290,292,293,294,295,297,298,299,300,302,303,304,305,307,308,309,310,311,312,313,314,315,316,317,318,319,320,321,323,326,327,328,329,330,331,333,334,335,336,337,338,339,341,342,343,344,345,346,348,349,350,352,353,354,355,356,357,358,361,363,364,365,369,372,373,374,375,376,380,382,383,388,390,391,392,396,399,400,401,402,404,407,408,409,411,414,418,422,423,424,428,431,432,437,444,450,455,473,489,494,497,511,535,582
26,105,107,116,118,120,123,124,128,129,130,134,135,139,143,147,148,149,150,151,152,154,155,156,158,159,160,161,162,166,169,173,174,185,199,206,208,210,212,214,215,223,226,227,228,231,234,237,240,241,243,246,248,250,253,254,257,258,261,262,263,265,266,267,269,270,271,274,275,276,277,281,282,283,284,285,286,287,288,289,290,291,292,293,294,295,298,299,302,303,304,309,310,312,313,314,315,317,318,319,320,323,324,325,326,327,328,329,331,332,335,338,339,341,343,345,346,348,349,350,351,353,357,360,361,363,367,368,371,373,375,376,377,379,381,382,383,384,386,389,391,393,395,396,397,398,399,402,403,404,406,409,437,440,441,450,451,458,469,488,489,499,512
27,121,125,128,129,132,133,135,137,141,144,147,148,151,152,154,158,164,169,175,178,181,182,184,208,209,210,213,214,216,221,223,234,238,242,251,257,261,265,267,268,269,272,275,276,277,282,287,288,294,295,297,300,303,306,309,313,315,316,321,325,326,329,331,332,335,338,341,349,354,355,361,362,363,366,367,368,372,374,377,378,379,382,384,386,387,388,391,393,401,407,409,410,418,419,421,433,434,447,453,459,466
28,122,124,128,129,130,131,133,134,148,149,150,152,157,159,162,163,164,173,178,194,196,199,213,214,222,224,225,227,233,260,263,266,268,272,273,274,275,276,277,279,281,282,284,285,286,290,291,295,297,298,299,301,304,305,308,312,314,315,320,322,323,324,325,327,328,329,333,334,336,338,342,349,356,360,364,366,368,376,381,384,389,390,399,411,413,419,423,452,483,500,612,619,620
29,118,137,144,149,151,155,156,166,167,171,177,178,181,182,200,234,241,260,267,270,275,278,279,280,282,287,291,300,304,308,310,312,313,317,319,324,330,331,332,334,340,344,348,349,359,360,362,363,367,370,372,374,381,385,390,398,404,407,412,413,449,480,500
30,123,128,129,131,132,137,138,141,144,146,148,153,154,155,164,166,167,168,170,174,177,184,203,227,236,238,242,245,255,273,276,277,284,286,293,307,321,322,334,346,347,350,356,361,365,366,367,371,372,373,374,375,376,378,380,384,385,387,388,391,392,395,396,399,403,407,409,410,413,421,425,471,473,479,575,586
31,49,51,66,127,130,133,134,136,138,139,140,141,142,143,144,145,146,147,154,156,160,165,166,167,171,172,188,191,205,207,219,220,234,241,242,245,249,252,259,287,293,310,314,317,337,347,365,368,372,386,391,395,417,492,674
32,51,64,68,83,132,138,139,140,141,143,148,153,161,162,166,170,171,177,179,180,199,204,227,231,236,238,242,248,251,259,260,279,286,288,294,325,328,330,366,370,375,549,620,692
33,61,134,138,139,140,141,142,145,146,149,150,153,154,155,156,158,159,164,168,170,176,222,228,242,249,251,253,254,275,288,295,296,297,373,451,467,476,598,667
34,135,144,145,147,150,154,155,159,160,161,162,166,173,180,182,186,187,199,206,215,238,243,244,245,246,248,255,257,262,264,267,271,276,279,281,284,289,292,309,313,338,344,352,353,361,364,376,379,410,419,420,577,614,676
35,130,132,137,151,152,154,158,160,164,167,169,170,171,186,187,193,196,201,225,227,229,236,239,240,241,242,245,246,253,257,265,266,271,287,290,291,313,314,338,495,541
36,124,130,137,139,140,149,152,160,163,164,165,167,169,170,176,181,182,185,190,194,195,196,212,225,241,243,254,259,270,273,279,280,316,355,492,627
37,126,131,135,137,138,143,145,146,166,179,180,184,185,192,196,202,206,207,232,557
38,12,116,121,122,123,126,127,132,140,144,155,157,158,188,191,210,221,449,489
39,111,115,121,122,124,126,130,139,146,153,155,201,203,622
40,93,121,135,161,165,190,223,252,433,473,608,610
41,14,51,462,515,669
42,22,454,513,650
43,5,57,102,485
44,46,61,649
45,242,250,433,536,590
46,81,536,600,675
47,28,118,346,561,609
48,75,395,398,653
49,670
50,62,456,466,676
51,9,55,250,339,412,441,513,657
52,18,79,377,475
53,31,296,382,464,600,662
54,66,184,521,696
55,243,353,409,415,525,571
56,220,312,330,353,446,519
57,75,102,359,370,537,650
58,284,369,453,484,527,674
59,56,163,482,528,607,687,691
60,456,472,585
61,139,253,486,498
62,1,3,20,270,565,695
63,26,64,177,285,683
64,167,239,462,481,601
65,95,111,503
66,143,179,204,235,406,435,577,640,684
67,48,468
68,99,100,125,450
69,213,309,405,477,529,531,581
70,
71,
72,
73,
74,
75,
76,
77,
78,
79,
80,
81,
82,
83,
84,
85,
86,
87,
88,
89,
90,
91,
92,
93,
94,
95,
96,
97,
98,
