15
0,306
1,212,220,375,433,499,583
2,232,299,417,487
3,55,80,144,275,330,415,417,427,633,644
4,19,62,219,427,462,489,583
5,18,147,279,620,684
6,374,441,489,573
7,240,309,483
8,11,25,37,76,127,151,199,533,535,674
9,262,273
10,497,526,576,595,604
11,256,509,525,573,576,584,624
12,168,178,181,189,192,236,245,246,255,382,474,526
13,84,90,100,102,110,130,178,191,198,359,543,649,691
14,73,79,80,81,86,88,89,92,93,94,95,96,97,98,99,100,101,102,103,104,105,106,107,108,111,112,113,115,116,117,118,119,120,121,124,125,126,129,131,139,167,323,455,538
15,60,69,75,77,80,81,83,84,85,86,87,88,89,90,91,92,93,94,95,96,97,98,99,100,101,102,103,104,105,106,107,108,109,110,111,112,113,114,115,116,117,118,120,121,122,123,124,125,126,127,128,129,130,131,132,133,134,135,136,137,138,139,140,141,142,143,144,145,146,147,148,149,150,151,152,153,154,155,156,157,158,159,160,161,162,163,164,165,166,167,168,169,170,171,172,173,174,175,176,178,179,180,184,187,188,189,191,195,196,198,199,200,202,203,204,205,206,207,209,211,213,215,289,353,568,651
16,28,57,68,93,95,96,97,98,99,100,101,102,103,104,105,106,107,108,109,110,111,112,113,114,115,116,117,118,119,120,121,122,123,124,125,126,127,128,129,130,131,132,133,134,135,136,137,138,139,140,141,142,143,144,145,146,147,148,149,150,151,152,153,154,155,156,157,158,159,160,161,162,163,164,165,166,167,168,169,170,171,172,173,174,175,176,177,178,179,180,181,182,183,184,185,186,187,188,189,190,191,192,193,194,195,196,197,198,199,200,201,202,203,204,205,206,207,208,209,210,211,212,213,214,215,216,217,218,219,220,221,222,223,224,225,226,227,228,229,230,231,232,233,234,235,236,237,238,239,240,241,242,243,244,245,246,247,248,249,250,251,252,253,254,255,256,258,259,260,261,262,263,264,265,266,267,268,269,270,271,272,273,274,275,276,277,278,279,280,281,282,283,284,285,286,287,288,289,290,291,292,293,294,295,296,297,298,299,300,301,302,303,304,305,306,308,309,310,311,313,314,315,316,317,318,319,320,322,323,324,325,327,328,329,330,331,333,334,335,336,337,338,339,340,341,343,346,348,349,350,351,352,353,354,355,356,357,359,360,361,362,363,367,371,372,373,376,377,383,391,392,394,397,483,549,577
17,64,89,90,91,92,93,94,96,97,98,99,100,101,102,103,104,105,106,107,108,109,110,111,112,113,114,115,116,117,118,119,120,121,122,123,124,125,127,128,129,130,131,132,133,134,135,136,137,138,139,140,141,142,143,145,146,147,148,149,150,151,152,153,154,155,156,157,158,159,161,162,165,166,167,168,169,170,171,172,173,174,175,176,177,179,180,182,183,184,185,186,187,188,189,190,191,192,193,194,195,196,197,198,199,200,201,202,203,204,205,206,207,208,209,210,211,212,213,214,215,216,217,218,219,220,221,222,223,224,225,226,227,228,229,230,231,232,233,234,235,236,237,238,239,240,241,242,243,244,245,246,247,248,249,250,251,252,253,254,255,256,257,258,259,260,261,262,263,264,265,266,267,268,269,270,271,272,273,274,275,276,277,278,279,280,281,282,283,284,285,286,287,288,289,290,291,292,293,294,296,297,298,299,300,301,302,303,304,305,306,307,308,309,310,311,312,313,315,316,317,319,321,322,323,324,325,326,327,328,329,330,331,333,334,336,337,338,339,340,343,344,345,346,352,353,354,355,357,359,360,364,365,367,368,369,370,372,373,374,375,376,377,378,380,381,382,383,386,388,389,391,392,393,395,396,397,398,400,401,402,405,410,414,416,424,425,431,432,435,442,462,464,475,478,558,562,636
18,87,89,91,92,94,95,96,97,98,99,100,102,103,104,105,106,107,108,109,110,111,112,113,114,115,116,117,118,119,120,121,122,123,124,125,126,127,128,129,130,131,132,133,134,136,138,139,140,141,142,143,145,146,147,148,149,150,151,152,153,154,155,156,157,158,160,161,162,163,164,165,166,167,168,169,170,173,174,175,176,177,178,179,180,181,184,185,186,188,189,190,191,192,194,195,196,197,199,200,202,204,206,207,208,209,210,211,212,213,214,215,216,217,218,219,220,221,222,223,224,225,226,227,228,229,230,231,232,233,234,235,236,237,238,239,240,241,242,243,244,245,246,247,248,249,250,251,252,253,254,255,256,257,258,259,260,261,262,263,265,266,267,269,270,271,272,273,274,276,277,278,279,280,281,282,283,284,285,287,288,289,290,292,293,294,295,297,298,299,300,301,302,303,304,305,306,307,308,309,310,311,312,313,314,316,317,318,319,322,323,325,326,327,328,329,330,331,333,336,338,340,341,342,343,344,345,348,352,355,356,357,358,364,365,366,367,371,373,374,375,376,381,382,384,385,387,392,394,395,397,400,409,410,415,417,418,425,442,484,513,582,630,658
19,33,84,85,88,89,91,92,93,94,95,96,97,98,99,100,101,102,103,104,105,106,107,108,109,110,111,112,114,115,116,117,118,121,122,123,124,126,127,128,129,130,131,132,133,134,135,136,137,138,139,140,141,142,143,144,145,146,147,148,149,150,151,152,153,154,155,157,158,159,160,161,162,163,164,165,166,167,168,169,170,171,172,173,174,178,179,180,182,183,184,185,186,187,188,189,190,191,194,195,197,198,199,201,202,203,204,206,208,209,210,211,212,213,214,215,216,217,218,225,226,227,228,230,231,233,234,235,236,237,238,240,241,242,243,244,245,247,248,249,250,251,252,254,255,256,259,261,262,263,264,266,267,268,269,270,271,272,273,274,275,276,277,278,279,280,282,283,286,287,288,289,291,292,293,295,296,297,298,299,300,301,302,304,306,310,314,316,318,319,320,323,324,325,326,327,328,331,332,333,334,337,338,339,340,344,348,349,351,353,355,358,361,362,364,366,367,368,369,372,373,375,377,378,379,380,381,384,385,391,392,395,400,422,459,462,489,555
20,63,84,87,88,89,90,91,92,93,94,95,96,97,98,99,100,101,102,103,104,105,107,108,109,110,111,112,113,114,115,116,117,118,119,120,121,122,124,125,127,128,129,130,131,132,133,134,135,136,138,139,140,141,142,143,144,145,147,148,149,150,151,152,153,154,155,156,157,158,159,160,161,162,163,164,165,167,168,169,170,171,172,173,174,175,176,177,178,182,183,184,186,187,188,191,193,195,196,197,200,201,202,203,204,205,207,208,209,210,211,212,216,217,218,220,221,222,223,226,227,228,229,231,232,233,234,236,238,239,240,241,242,244,245,248,250,251,253,254,255,257,259,260,262,264,270,272,273,274,275,276,278,279,280,281,282,283,284,287,288,289,290,292,293,295,296,299,305,306,307,310,311,314,315,317,319,320,321,322,324,328,329,335,337,341,344,348,353,354,358,360,361,362,363,366,367,368,376,380,381,383,386,393,398,423,428,429,433,439
21,11,60,86,87,93,94,95,96,97,98,99,100,101,102,103,104,105,106,107,109,110,111,112,113,114,115,116,117,118,119,120,121,122,123,124,125,126,127,128,129,130,131,132,133,134,135,136,137,138,139,140,141,142,143,144,145,146,147,148,149,150,151,152,153,155,156,157,158,159,160,161,162,163,164,165,166,167,168,169,170,171,172,174,175,176,177,178,179,180,181,182,183,184,185,186,187,188,189,192,194,196,197,198,201,202,203,205,206,208,211,212,213,215,216,218,219,220,221,222,223,224,225,226,227,228,230,232,234,235,236,237,239,240,242,243,244,245,246,247,249,250,252,255,256,258,259,261,262,263,265,266,267,268,270,271,272,273,274,276,278,279,283,284,285,287,289,292,296,305,311,314,317,320,329,330,337,338,344,347,349,352,360,361,364,368,372,374,378,381,383,384,391,408,410,412,413,418,419,425,466,500,508,509
22,10,87,90,91,92,93,95,96,97,98,99,100,101,102,103,104,105,106,107,108,109,110,111,112,113,114,115,116,117,118,119,120,122,123,125,126,127,128,129,130,131,132,133,135,136,137,138,139,140,141,142,144,145,146,147,148,150,151,152,153,154,155,156,157,158,159,161,162,163,164,165,166,168,170,171,172,173,174,176,179,182,183,184,186,187,189,190,191,193,196,197,199,200,201,202,204,205,206,207,208,209,210,211,214,216,217,219,221,223,226,227,229,230,231,232,234,235,237,238,239,241,242,243,244,245,248,249,250,253,255,256,258,260,261,263,264,269,271,273,274,275,276,277,278,279,282,283,285,286,288,290,291,294,295,297,299,300,302,304,305,306,307,309,310,311,314,318,322,323,325,329,332,333,336,338,340,341,342,347,349,350,356,360,364,369,373,375,377,380,383,385,390,395,399,406,411,434,441,444,452,455
23,30,53,72,77,78,83,85,87,88,89,90,91,92,93,94,95,96,97,98,99,100,101,102,103,104,105,106,107,109,110,111,112,114,116,117,118,119,120,122,123,124,125,126,128,129,130,131,133,134,135,137,139,140,141,142,143,144,146,147,149,150,151,152,154,155,156,157,158,159,160,161,162,163,164,165,167,168,169,170,171,172,173,174,175,176,177,178,179,180,181,182,187,188,189,191,192,193,195,196,197,199,200,202,203,204,206,207,209,210,211,213,216,217,219,220,221,222,224,225,226,227,228,229,230,231,232,234,235,236,238,240,243,244,246,247,253,254,262,263,264,266,269,271,275,278,279,281,288,291,292,295,296,298,302,304,305,307,310,313,316,319,320,321,329,331,335,337,339,341,354,356,365,369,371,402,404,448,460,474,624,650,662
24,16,48,72,83,84,85,87,88,90,91,92,93,94,95,96,97,98,99,100,101,102,103,104,105,106,107,108,109,111,112,113,114,115,116,117,118,119,120,121,122,123,124,125,126,127,128,129,130,131,132,133,134,135,136,137,138,139,140,141,143,144,145,146,147,148,150,151,152,153,154,155,156,157,159,160,161,162,164,166,168,169,171,173,174,176,177,179,183,184,186,189,190,191,192,194,195,198,199,200,202,205,207,208,210,211,212,216,217,219,220,222,223,227,228,229,230,231,232,233,234,235,236,237,238,239,240,241,243,247,248,249,250,251,252,253,254,255,256,257,260,262,264,266,267,268,270,271,272,273,274,278,281,282,283,287,289,292,294,295,296,298,299,300,303,308,309,310,311,315,316,317,319,322,326,328,329,330,337,339,352,354,368,377,381,383,442,451,669
25,86,88,89,90,91,92,93,94,95,96,97,98,99,100,101,102,103,104,105,106,107,108,110,111,112,113,114,115,116,117,118,119,120,121,122,123,124,125,126,127,128,129,130,131,132,133,134,135,136,137,138,139,140,141,142,143,144,145,146,147,148,149,150,151,152,153,154,155,156,157,159,160,162,163,164,165,166,167,168,169,170,171,172,173,175,176,177,181,182,190,192,194,195,198,199,201,204,208,209,211,213,215,218,225,228,230,231,233,239,242,244,245,247,251,252,258,262,269,273,274,275,277,280,283,284,287,289,292,293,296,298,299,300,301,302,306,310,317,329,337,345,354,364,379,403,629
26,81,85,86,87,88,90,91,92,95,96,97,99,100,101,102,103,104,105,106,107,108,109,110,111,114,115,116,117,118,119,120,121,122,123,124,125,126,127,131,132,133,136,137,138,139,141,144,145,146,147,148,149,150,151,152,154,155,158,159,160,161,162,163,164,165,166,167,168,169,170,171,172,173,174,175,176,177,179,180,181,182,184,185,186,187,188,189,191,192,193,194,196,198,199,200,202,203,205,206,208,209,210,211,212,214,216,217,218,220,221,222,223,224,225,226,229,230,231,232,233,234,235,236,243,246,247,250,251,253,256,257,258,262,269,270,279,280,285,289,290,294,297,300,309,315,316,320,323,341,342,384,390,420,555,594,637,655
27,82,83,84,86,88,89,91,92,93,94,95,96,97,98,99,100,101,103,104,105,107,108,109,110,111,112,113,114,115,116,117,118,119,120,121,123,124,125,126,127,128,130,131,132,133,134,136,137,138,140,141,142,143,144,145,146,147,148,149,150,153,154,155,156,157,158,161,162,163,164,166,169,170,171,172,173,176,177,178,184,185,187,189,192,194,195,197,200,202,203,204,207,209,211,212,213,214,215,216,217,218,219,221,222,223,224,225,226,227,228,229,230,231,232,233,234,237,238,239,240,242,244,245,246,248,252,253,254,257,258,265,268,271,273,274,277,284,286,287,290,294,296,297,298,303,304,305,318,319,320,321,323,328,333,346,362,563,605,618
28,30,61,82,84,85,87,88,89,90,91,93,94,95,96,97,99,100,101,103,104,106,107,108,109,110,111,113,114,116,118,119,120,121,122,123,124,125,127,128,130,131,132,133,134,135,136,137,138,139,140,141,143,144,145,146,147,149,150,152,153,154,155,156,159,160,162,165,166,167,168,170,171,173,176,177,178,179,180,184,185,190,194,195,196,199,201,202,204,205,206,209,211,212,216,217,218,220,221,222,223,224,225,226,227,231,233,234,235,236,237,238,245,246,247,248,250,251,257,259,263,265,266,269,270,272,274,275,279,282,284,287,290,291,292,294,298,299,301,304,305,306,309,313,315,316,322,324,326,333,336,341,342,353,366,384,392,417,433,442,456,460,519,647
29,29,86,89,90,91,93,95,97,98,99,100,101,102,103,104,105,106,107,108,109,111,112,113,114,115,116,117,118,119,122,123,126,127,128,130,131,132,133,134,135,136,137,138,139,140,143,144,145,146,147,149,150,152,153,154,155,156,157,160,161,163,165,166,167,168,169,170,171,173,174,175,177,178,179,186,188,189,190,192,193,195,196,197,198,201,204,205,206,207,209,211,212,214,215,216,217,218,219,220,225,226,227,230,231,233,236,238,242,244,245,249,251,252,259,260,261,266,269,273,276,278,279,281,294,295,297,298,306,308,311,312,313,322,325,362,396,397,432,458,465,557,571
30,39,80,86,87,88,89,90,91,92,93,94,95,99,100,101,102,103,104,105,106,107,108,109,110,111,112,113,114,115,116,117,118,119,120,121,122,124,125,126,127,128,129,132,134,135,136,137,139,140,141,142,143,144,145,146,147,148,150,151,152,153,154,155,157,159,162,163,164,165,167,168,169,170,171,172,173,174,175,177,179,180,182,187,189,190,191,193,195,196,197,198,202,203,204,205,206,207,208,210,211,212,213,214,215,216,218,219,220,221,223,227,228,229,230,231,232,233,234,236,237,238,244,245,246,247,248,249,250,253,254,255,257,258,263,265,269,272,276,285,293,303,304,309,310,323,325,331,334,353,363,381,383,409,437,449,478,526
31,41,82,85,88,90,91,92,93,94,98,101,102,103,104,107,108,109,111,112,115,116,117,118,119,120,123,124,125,126,127,129,130,131,132,133,134,135,136,137,139,140,142,143,145,146,147,148,150,152,153,154,155,156,158,161,162,164,165,171,173,174,176,181,183,185,189,191,193,194,197,198,199,201,205,206,207,210,211,212,213,214,216,218,223,224,225,226,229,230,234,239,242,243,254,255,257,259,261,264,265,266,267,268,269,270,271,274,275,282,289,293,294,295,296,297,302,303,304,306,311,313,319,321,324,325,327,328,336,339,355,362,382,416,501,556
32,71,78,80,82,85,91,96,98,99,100,101,102,105,106,107,108,109,110,111,112,113,114,116,119,123,125,126,127,129,130,133,134,135,136,138,139,141,143,145,148,149,150,151,152,153,154,155,156,157,158,159,161,163,165,166,167,168,169,170,171,172,173,175,176,177,178,180,181,182,185,186,187,188,189,191,192,193,196,198,199,200,201,202,204,206,208,209,210,212,213,216,217,218,221,223,224,228,230,231,232,234,235,237,240,241,243,244,246,248,249,250,251,256,257,258,259,261,266,270,273,279,281,284,285,290,302,308,311,313,328,331,337,342,357,359,410,490,498,500,502,511,517,526
33,42,90,92,93,95,99,101,102,104,105,106,107,108,109,112,113,114,115,117,118,119,120,121,122,123,124,125,126,127,128,129,130,131,132,135,136,138,139,140,141,143,148,149,151,153,155,157,158,159,160,161,162,164,165,166,167,168,170,171,172,176,177,181,183,186,187,196,197,198,205,206,208,209,210,212,213,214,215,217,219,220,223,224,225,226,228,229,232,234,235,236,237,239,240,241,242,243,246,247,248,249,250,251,252,254,255,256,260,267,268,272,273,274,278,279,291,294,297,305,306,312,315,320,327,348,364,371,380,414,445,495,589,644
34,74,86,94,97,99,101,102,105,106,107,108,110,111,112,113,116,117,120,121,122,123,124,125,126,127,128,129,130,131,133,134,135,137,138,139,141,142,143,144,145,146,147,148,149,150,151,152,153,154,156,160,161,162,163,166,168,169,170,176,177,178,180,184,189,193,195,197,199,200,203,204,205,206,208,210,213,214,215,216,218,219,220,226,228,229,232,234,238,240,242,243,249,250,251,253,262,263,264,265,273,274,275,278,279,280,282,285,286,288,289,290,292,293,294,297,301,304,306,338,340,343,355,361,387,392,409,411,464,483,484,495,514
35,47,57,99,101,103,106,107,108,111,114,115,116,118,122,123,124,126,129,130,132,133,137,141,143,147,153,158,159,160,161,162,163,164,165,166,168,172,173,174,175,177,178,179,180,183,186,192,194,196,200,201,204,207,210,212,213,214,215,217,220,221,222,223,225,226,229,230,232,233,235,236,240,247,249,251,253,254,255,257,267,277,278,279,282,290,291,297,302,304,311,334,350,358,370,525,691
36,83,107,108,110,112,115,117,118,119,124,127,129,130,131,133,134,136,139,140,141,146,148,151,152,155,158,160,162,163,165,171,173,175,176,180,184,191,200,206,219,221,222,224,225,226,227,240,241,242,245,246,247,251,260,263,280,285,286,290,296,327,366,441
37,21,106,122,137,139,144,159,164,169,172,222,233,256,282,285,286,300,312,315,351,546
38,21,465,474,521,566,573
39,366
40,458,570,581
41,244,504,518,686
42,487,641
43,480,482,526
44,240,395,586,662
45,238,585,628,637
46,67,372,467
47,29,310,453
48,101,124,467,595
49,1,456,471,593,594,640
50,17,23,217,357,397,427,598,650
51,4,72,265,500,559,578,604,691
52,65,70,76,87,127,185,195,343,385
53,13,54,68,80,89,98,187,217,417,532,561,619,694
54,31,104,144,165,181,510,538,678
55,234,278,391,432,473,529,551,557,681
56,225,303,377,496,530
57,45,315,325,370
58,281,319,446,466,503,520,584,691,694
59,204,234,503,518,636,661
60,63,482,556,557
61,70,202,577,666
62,94,315,343,379,393,440,477,527,557,654
63,
64,
65,
66,
67,
68,
69,
70,
71,
72,
73,
74,
75,
76,
77,
78,
79,
80,
81,
82,
83,
84,
85,
86,
87,
88,
89,
90,
91,
92,
93,
94,
95,
96,
97,
98,
