10
0,617
1,54,71,186,309,311,321,590,602
2,10,85,122,170,188,318,540,642,666
3,12,35,48,231,369,439,489,505,612
4,13,14,16,17,24,26,29,73,188,239,321,417,424
5,4,5,7,8,9,10,11,12,14,15,16,17,18,19,20,21,22,23,24,25,27,29,30,31,32,33,34,35,38,39,41,86,236,380,518,554
6,6,7,8,9,10,12,13,14,15,16,17,18,19,20,21,22,23,24,25,26,27,28,29,30,31,32,33,34,35,37,39,40,41,42,43,44,46,50,52,141,170,295,414,627
7,8,9,10,11,12,13,14,15,16,17,18,19,20,21,22,23,24,25,26,27,28,29,30,31,32,33,34,35,36,37,38,39,40,41,42,43,44,45,46,47,48,49,50,51,52,53,54,55,56,58,59,60,61,62,63,65,66,67,68,69,70,71,73,79,81,96,99,110,114,122,127,144,268,279,391,424,461,514
8,2,5,6,7,8,9,10,11,12,13,14,15,16,17,18,19,20,21,22,23,24,25,26,27,28,29,30,31,32,33,34,35,36,37,38,39,40,41,42,43,44,45,46,47,48,49,50,51,52,53,54,55,56,57,58,60,61,62,63,64,65,66,67,68,69,70,71,72,73,74,75,76,77,78,79,80,81,82,83,84,85,86,87,89,90,91,92,93,94,95,96,99,101,103,104,105,107,109,110,111,112,113,114,115,116,117,118,119,120,121,122,123,124,125,126,127,128,129,130,131,132,133,135,136,137,138,139,140,141,144,145,146,147,150,152,156,158,159,160,165,166,167,168,170,171,180,229,239,308,315,384
9,6,7,8,9,10,11,12,13,14,15,16,17,18,19,20,21,22,23,24,25,26,27,28,29,30,31,32,33,34,35,36,37,38,39,40,41,42,43,44,45,46,47,48,49,50,51,52,53,54,55,56,57,58,59,60,61,62,63,64,65,66,67,68,69,70,71,72,73,74,75,76,77,78,79,80,81,82,83,84,85,86,87,88,89,90,91,92,93,94,95,96,97,98,99,100,101,102,103,104,105,106,107,108,109,110,111,112,113,114,115,116,117,118,119,121,122,123,124,125,126,127,128,130,131,133,134,135,136,137,138,139,140,142,143,144,145,146,147,148,149,150,152,153,154,155,156,157,159,160,161,162,163,164,165,166,167,168,169,170,171,172,173,175,177,178,179,180,181,182,183,185,186,187,189,191,192,193,195,197,200,203,206,207,212,215,216,221,223,224,227,229,230,231,233,236,244,252,258,266,312,361,365,372,413,437
10,4,5,6,7,8,9,10,11,12,13,14,15,16,17,18,19,20,21,22,23,24,25,26,27,28,29,30,31,32,33,34,35,36,37,38,39,40,41,42,43,44,45,46,47,48,49,50,52,53,54,55,56,57,58,59,60,61,62,63,64,65,66,67,68,69,70,71,72,73,74,75,76,77,78,79,80,81,82,83,84,85,86,87,88,89,90,91,92,93,94,95,96,97,98,99,100,101,102,103,104,105,106,107,108,109,110,111,112,113,114,115,116,117,118,119,120,121,122,123,124,125,126,127,128,129,130,131,132,133,134,135,136,137,138,139,140,141,143,144,145,147,148,149,150,151,152,153,154,155,156,157,158,159,160,161,162,163,164,165,166,167,168,169,172,174,175,176,177,178,179,180,181,182,183,185,186,187,188,189,190,191,192,193,194,196,197,198,200,201,202,203,204,205,206,208,209,210,211,213,215,218,219,220,221,222,224,226,227,228,229,230,231,232,233,235,236,242,250,255,256,266,267,275,352,486,648
11,3,4,6,7,8,9,10,11,12,13,14,15,16,17,18,19,20,21,22,23,24,25,26,27,28,29,30,31,32,33,34,35,36,37,38,39,40,41,42,43,44,45,47,48,49,50,51,52,53,54,55,56,57,58,59,60,61,62,63,64,66,67,68,69,70,71,72,73,74,75,76,77,78,80,81,82,83,84,85,86,87,88,89,90,91,92,93,94,95,96,97,98,99,100,101,102,103,104,105,106,107,108,109,110,111,112,113,114,115,116,117,118,120,121,122,123,124,125,126,127,128,130,132,133,134,136,138,139,140,141,142,143,144,145,146,147,148,149,150,151,152,153,154,155,156,157,158,159,160,161,162,163,164,165,166,167,168,170,171,172,173,174,175,176,177,178,179,180,181,182,183,184,185,186,187,188,189,190,191,193,194,195,196,197,199,200,201,202,203,205,207,209,210,211,212,213,215,217,220,222,223,224,225,226,227,228,230,231,232,235,236,238,245,246,251,252,261,266,267,270,276,281,293,315,317,324,346,349,356,397,462,690
12,2,3,4,5,6,7,8,10,11,12,13,14,15,16,17,18,19,20,21,22,24,25,26,28,29,30,31,32,33,34,35,36,37,38,39,40,41,42,43,44,45,46,47,48,49,50,51,52,53,54,55,56,57,58,59,60,61,62,63,64,65,66,67,68,69,70,71,72,73,74,75,76,77,78,79,80,81,82,83,84,85,86,87,88,89,90,91,92,93,94,95,96,97,98,99,100,101,102,103,104,105,107,110,111,112,113,114,115,116,117,118,119,120,121,122,123,124,125,126,127,128,129,130,131,132,133,134,135,136,138,139,140,141,142,143,144,145,146,147,149,150,151,152,153,154,155,156,157,158,159,160,161,162,163,164,165,166,167,168,169,170,171,173,174,175,176,177,178,179,180,181,182,183,184,185,186,187,189,190,192,193,194,195,196,197,198,199,202,204,205,207,208,209,210,211,212,214,217,219,222,223,225,226,227,228,229,231,233,234,242,246,251,270,278,281,283,294,295,297,299,313,318,343,363,628,694
13,1,2,3,4,5,6,7,8,9,10,11,12,13,14,15,16,17,18,19,20,21,22,23,24,25,26,27,28,29,30,31,32,33,34,35,36,37,38,39,40,41,42,43,44,46,47,48,49,50,51,52,53,54,55,56,58,59,60,61,62,63,64,65,66,67,68,69,70,71,72,73,74,75,76,77,78,80,81,82,83,84,85,86,87,88,89,90,91,92,93,94,95,96,97,98,99,100,101,102,103,104,105,106,107,108,109,110,111,112,114,115,116,117,118,119,120,121,122,123,125,126,128,130,131,132,133,134,135,136,137,138,139,140,141,144,145,146,147,149,150,151,152,153,154,155,156,157,158,159,160,161,162,163,164,165,166,167,168,169,170,171,172,173,174,175,176,177,178,179,180,181,182,183,184,185,186,187,188,189,190,192,193,195,196,197,198,199,200,201,202,203,204,206,207,208,209,210,212,213,214,215,216,217,218,220,221,222,223,224,227,234,237,238,245,253,254,255,264,273,278,298,300,305,329,339,358,363,392,393,409,414,428,511,531,606,617,694
14,1,2,3,4,5,6,7,8,9,10,11,12,13,14,15,16,17,18,19,20,21,22,23,24,26,27,28,29,30,31,32,33,34,35,36,37,38,39,40,41,42,43,44,45,46,47,48,49,50,51,52,53,54,56,58,59,60,61,62,63,64,65,66,67,68,69,70,71,72,73,74,75,76,77,78,79,80,81,82,83,84,85,86,87,88,90,91,92,93,94,95,96,97,98,99,100,101,102,103,104,105,106,107,108,109,110,111,112,113,114,115,116,117,118,119,122,123,125,126,129,130,131,132,133,135,137,138,139,141,144,147,148,149,150,151,152,153,154,155,156,157,158,159,160,161,162,165,166,167,168,169,170,172,174,175,177,178,179,180,181,182,183,184,185,186,187,188,189,190,191,192,194,195,196,197,198,199,200,201,202,203,204,205,206,207,208,209,210,211,212,213,214,215,217,218,219,220,221,222,223,224,225,226,227,228,230,231,232,234,236,237,238,239,240,241,242,243,244,245,246,247,250,251,256,257,259,260,262,264,265,266,270,272,273,278,279,281,282,289,290,294,295,296,298,300,302,303,304,309,310,311,312,313,318,321,326,329,331,332,338,341,350,352,354,381,396,405,406,445,552,606,648,661
15,1,2,3,4,5,6,7,8,9,10,11,12,13,14,15,16,17,18,19,20,21,22,23,25,26,27,29,30,31,32,34,35,36,37,38,39,40,42,43,44,45,46,47,48,49,50,51,52,53,54,55,56,57,58,59,60,61,62,63,64,65,66,67,68,69,70,71,72,73,74,75,76,77,78,79,80,81,82,83,84,85,86,87,88,89,90,91,92,93,94,95,96,97,98,99,100,101,102,103,104,105,106,107,108,109,110,111,112,113,115,117,118,119,122,124,125,126,129,130,132,133,134,136,137,139,140,141,144,145,146,147,148,149,150,151,152,153,154,155,156,157,158,159,161,162,163,165,166,168,171,172,173,174,175,176,177,178,179,180,181,182,184,185,186,187,188,192,194,196,198,199,200,201,202,204,205,208,209,213,214,217,218,219,220,222,223,225,226,227,228,230,231,232,234,235,236,237,238,239,240,241,242,243,244,245,246,248,250,251,252,253,254,257,258,260,261,264,266,268,271,272,276,277,278,279,280,284,286,287,291,292,294,295,302,303,304,305,308,310,313,322,325,327,342,343,354,356,360,394,467,539,557
16,1,2,3,4,5,6,7,8,9,10,11,12,13,14,15,16,17,18,19,20,21,22,23,24,25,26,27,28,29,30,31,32,33,34,35,37,38,39,40,41,42,43,44,45,46,47,48,49,50,51,52,53,54,55,56,57,58,59,61,62,63,64,65,66,67,68,70,71,72,73,74,75,76,77,78,79,81,82,83,84,85,86,87,88,89,90,91,92,93,94,95,96,97,98,99,100,101,102,103,104,105,106,107,108,109,110,111,113,114,115,116,118,119,120,121,122,123,124,126,127,128,129,130,131,132,134,135,136,138,139,140,141,142,143,144,145,146,147,148,149,150,151,152,153,154,155,156,157,159,163,164,165,167,168,169,171,173,175,176,177,178,179,181,182,184,186,187,188,189,192,193,194,196,197,198,199,200,202,203,204,205,207,209,210,212,213,214,215,217,218,222,228,229,231,232,236,237,239,240,241,244,245,247,249,252,253,254,257,258,261,262,264,266,267,274,275,281,284,286,295,299,301,303,304,306,308,316,318,320,323,330,332,334,339,345,348,353,371,373,382,385,386
17,1,2,3,4,5,6,7,8,9,10,11,12,13,14,15,16,17,18,19,22,23,24,25,26,27,28,29,30,31,32,33,34,35,36,37,38,39,40,41,42,43,44,45,46,48,49,50,51,52,53,54,55,56,57,58,59,60,61,62,63,64,65,66,67,68,69,71,72,73,74,75,76,77,78,79,80,81,82,83,84,85,86,87,88,90,91,92,93,94,95,97,98,99,100,101,102,103,104,105,106,107,108,109,110,111,112,113,114,115,116,117,118,119,120,121,122,123,124,125,128,129,130,131,132,133,134,135,136,137,138,139,140,142,144,145,146,147,148,149,150,151,152,153,154,155,156,157,158,159,160,161,162,163,164,165,167,168,169,171,172,173,174,175,176,177,178,179,180,182,184,186,188,190,191,194,196,197,199,200,201,203,204,207,208,209,210,212,215,216,217,218,219,220,221,222,223,225,226,229,230,235,237,238,239,240,242,243,245,246,254,255,256,259,260,261,268,275,278,297,303,317,319,348,357,363,371,375,376,380,544,590,636
18,1,2,3,4,6,8,9,10,11,12,13,14,15,16,17,18,19,20,21,22,23,24,25,26,27,28,29,30,31,32,33,34,35,36,37,38,39,40,41,42,43,44,45,46,47,48,49,50,51,52,53,55,56,57,58,59,60,61,62,63,64,65,66,67,68,69,70,71,73,74,75,76,77,78,79,80,81,82,83,84,85,86,87,88,89,90,91,92,93,94,95,96,97,98,99,100,101,103,104,105,106,108,109,110,111,112,113,114,116,117,118,119,120,121,122,123,124,125,127,128,129,131,133,134,138,140,142,143,144,146,147,148,149,150,152,153,154,155,156,157,158,159,161,162,165,166,167,168,169,170,171,172,173,176,177,179,181,182,183,185,186,187,188,189,190,191,192,193,194,195,197,198,199,200,201,202,203,204,205,206,207,208,209,210,211,213,215,217,219,220,221,223,224,225,226,227,228,230,233,236,237,239,240,243,245,246,249,251,253,257,263,267,272,282,285,288,289,290,292,295,298,300,303,304,307,309,312,316,334,367,419,459,493,533,554
19,1,2,3,5,7,8,9,11,12,13,14,15,16,17,19,20,21,22,23,24,25,26,27,28,29,30,31,33,34,35,36,38,40,41,42,43,45,46,47,48,49,50,51,52,53,54,55,56,57,58,59,60,61,63,64,65,66,67,68,69,70,71,72,73,74,75,76,77,79,80,81,82,83,84,85,86,87,88,89,90,91,92,93,94,95,96,97,98,99,100,101,102,103,104,105,106,107,108,109,110,111,112,113,114,116,117,118,119,120,121,122,123,124,125,127,128,129,130,131,132,133,134,135,136,137,138,139,140,141,143,144,145,147,148,149,150,151,152,153,154,155,156,157,158,159,160,161,162,163,164,165,166,167,168,169,171,173,174,175,176,177,178,179,180,181,183,184,185,186,187,188,189,190,191,192,193,194,195,197,198,199,201,204,205,206,207,209,212,213,215,217,218,219,220,222,224,226,227,228,230,233,235,236,237,238,242,243,245,246,247,249,250,252,253,258,261,262,266,271,273,277,278,279,281,286,294,295,296,299,308,309,311,313,317,319,326,332,336,358,363,375,377,381,394,428,622
20,5,6,7,8,9,10,11,12,13,14,15,16,17,18,19,20,21,22,23,24,25,26,27,28,29,30,31,32,33,34,35,36,37,38,39,41,42,43,44,45,46,47,48,49,50,51,52,53,54,55,56,57,58,59,60,61,62,63,64,65,66,67,68,69,70,71,72,73,74,75,76,77,78,80,81,82,83,84,85,86,87,88,89,90,91,92,93,94,95,96,97,98,99,100,101,102,104,105,106,107,108,110,111,113,116,117,118,119,121,122,125,126,127,128,131,132,133,134,135,138,139,140,142,143,144,145,146,147,148,149,150,151,153,154,155,156,157,158,159,161,162,164,165,166,167,168,169,170,171,172,173,176,178,179,181,182,183,184,185,187,188,189,190,191,193,194,195,196,197,198,199,200,202,203,204,205,206,207,208,210,214,215,217,218,219,220,221,222,223,225,227,229,230,231,232,236,237,238,241,249,254,255,260,264,266,268,272,279,280,281,283,285,287,289,292,295,296,300,301,302,303,306,309,310,316,318,319,321,322,323,325,331,332,338,344,358,364,376,382,389,436,619,638
21,3,4,5,6,7,8,10,11,12,13,15,16,17,18,19,20,21,22,23,24,25,26,27,28,29,30,31,32,33,34,35,36,37,38,39,40,41,42,43,44,46,47,48,49,50,51,52,53,54,55,56,57,58,59,60,61,62,63,64,65,66,67,68,69,70,71,72,73,75,76,77,78,79,80,81,82,83,84,85,86,87,88,89,90,91,92,93,94,95,96,97,98,99,100,101,102,103,105,106,107,108,109,110,111,112,114,115,116,117,118,119,120,121,124,125,126,127,128,129,130,131,132,133,134,138,139,140,141,142,144,145,148,152,153,155,157,158,159,160,161,162,163,164,165,166,168,169,170,171,172,173,175,176,177,178,179,180,182,183,184,185,187,188,189,190,191,193,194,196,198,200,201,202,204,205,207,208,210,215,216,219,221,223,224,227,228,230,232,233,234,236,237,238,240,241,242,243,245,246,248,249,250,251,252,253,254,259,261,263,265,266,268,269,271,274,275,278,279,280,282,283,285,287,288,291,294,295,296,299,300,302,303,304,305,307,308,310,312,314,315,319,325,327,330,331,332,335,337,340,347,361,382,411,463,560,600,631
22,12,13,15,16,18,19,21,22,23,24,25,26,27,28,29,30,31,32,33,34,35,36,37,38,39,40,41,42,43,44,45,47,48,49,50,51,52,53,54,55,56,57,58,60,61,62,63,64,65,66,67,68,69,70,71,72,73,74,75,76,77,78,80,81,82,83,84,85,86,87,89,90,91,92,93,94,95,96,97,98,99,100,101,102,103,104,105,106,107,108,109,110,111,112,113,114,115,119,120,122,123,124,125,126,127,128,131,132,135,136,137,138,139,140,141,142,143,144,146,148,149,151,152,154,155,156,157,158,159,160,161,162,163,164,166,168,169,171,172,173,174,175,176,178,179,181,182,184,185,187,188,190,191,192,193,194,195,197,198,200,201,202,203,204,205,206,207,209,210,211,214,215,216,217,218,219,220,221,222,224,226,229,230,232,233,234,235,236,240,241,244,261,262,263,265,267,269,270,272,276,278,280,281,284,290,291,293,294,295,299,302,303,308,311,313,314,315,316,317,318,320,321,323,326,327,328,330,332,333,338,343,344,346,348,349,351,354,356,358,361,364,366,367,368,370,372,376,387,393,403,405,412,435,451,474,601,684
23,19,20,21,22,23,24,25,26,28,29,30,31,32,33,34,35,36,37,38,39,40,41,42,43,44,45,46,47,48,49,50,51,52,53,54,55,56,57,58,59,60,61,62,64,65,66,67,68,69,70,71,72,73,74,75,76,77,78,79,80,81,82,83,84,85,86,87,88,89,91,92,93,94,95,96,97,100,101,102,103,104,105,107,109,110,112,113,114,115,116,117,118,119,120,121,122,123,125,126,127,128,129,130,131,132,133,134,135,136,137,138,140,141,142,143,144,145,146,148,150,151,152,153,154,155,156,158,160,161,162,163,165,166,167,168,169,170,171,173,174,175,176,178,179,180,181,182,184,185,186,187,188,189,191,192,193,194,195,196,197,198,199,201,202,203,204,205,206,208,209,210,212,214,216,217,218,219,220,221,222,223,228,229,232,233,234,235,236,238,243,244,245,248,252,253,256,259,260,261,262,263,268,276,277,280,281,289,290,292,293,294,298,300,302,305,306,312,313,314,316,322,324,327,328,329,330,332,335,337,340,344,347,350,353,354,359,363,365,366,372,377,392,394,401,402,404,408,412,431,537,555
24,10,15,16,17,19,20,21,22,23,24,25,26,27,28,29,30,32,33,35,36,37,38,39,40,41,42,43,44,45,46,47,48,49,50,51,52,53,54,55,56,57,58,59,60,63,64,65,66,67,68,69,70,71,72,73,74,75,76,77,78,79,80,81,82,83,84,85,87,88,89,90,91,92,93,94,95,96,97,98,99,100,102,103,104,105,106,107,108,109,110,111,112,113,114,115,116,117,119,120,121,123,125,127,129,130,131,132,134,135,137,138,139,140,142,143,144,145,146,151,152,154,155,156,158,159,160,161,163,164,166,167,168,169,171,172,173,174,175,176,177,178,179,180,181,182,183,184,185,186,187,188,189,190,193,194,195,197,198,199,200,201,202,204,206,207,208,209,210,211,212,213,216,217,221,222,223,230,234,237,238,239,240,241,245,247,249,250,253,254,257,260,261,263,264,267,269,271,272,278,280,281,283,286,288,292,293,303,305,313,315,324,337,343,351,354,358,359,362,366,396,415,430,431,442,500
25,8,15,16,18,19,20,21,22,23,24,25,26,27,28,29,31,32,33,34,35,36,37,38,40,41,42,43,44,47,48,49,50,52,53,54,55,56,57,58,59,60,61,62,63,64,65,66,67,68,69,70,71,72,73,74,75,76,77,78,79,80,81,82,83,84,85,86,87,88,89,90,91,92,93,94,95,96,97,99,100,101,102,103,104,105,106,109,110,111,112,113,116,117,118,119,120,121,122,123,124,125,126,127,128,129,130,131,132,133,134,135,136,137,138,140,141,142,143,144,145,146,147,150,151,153,154,156,158,159,163,165,166,167,169,173,175,177,178,179,180,181,183,185,186,187,188,189,190,191,192,193,194,195,198,199,200,201,202,203,204,205,206,207,208,209,210,211,212,213,214,216,217,218,219,220,221,222,223,224,225,226,227,228,229,230,232,233,237,238,240,241,242,245,246,249,250,251,253,255,256,257,258,260,262,263,264,265,266,267,268,272,273,280,285,287,289,290,300,304,307,321,325,331,338,342,344,345,346,348,350,356,357,365,366,367,368,370,384,391,401,432,613
26,20,21,22,23,24,26,27,28,29,30,31,32,33,34,35,36,37,38,39,40,41,42,43,44,45,46,47,48,49,50,51,52,53,54,56,57,58,59,61,62,63,64,65,66,67,68,69,70,71,72,73,74,75,76,77,78,79,80,81,82,85,86,87,88,89,90,92,93,94,96,97,98,99,100,101,102,103,104,105,106,107,108,109,110,111,112,113,114,115,116,117,118,119,120,121,122,123,125,127,128,129,130,131,133,134,135,136,137,138,139,140,141,142,144,145,147,148,149,150,151,152,153,156,157,158,159,160,162,163,164,168,169,170,172,173,175,176,177,180,181,182,183,185,187,189,190,191,192,193,194,200,201,202,203,205,206,207,208,209,210,211,212,213,214,216,217,218,219,220,221,222,224,225,226,227,228,229,230,231,233,234,235,236,237,238,239,241,242,243,247,248,250,255,256,258,261,262,264,266,267,269,272,273,278,279,288,289,290,294,300,301,308,313,315,317,318,319,323,324,326,327,328,329,330,331,333,335,338,341,344,345,346,347,348,349,352,360,361,364,366,372,373,380,382,384,394,395,403,408,413,415,417,441,443,453,458,469,546
27,22,25,26,27,28,29,30,31,32,33,34,36,37,38,39,40,41,42,43,44,45,46,47,48,49,50,51,52,53,54,55,56,57,58,59,62,63,64,65,66,67,68,69,70,71,72,73,78,80,81,83,84,85,86,87,88,89,90,91,92,93,94,95,96,98,99,100,101,102,103,104,105,106,107,108,109,110,111,112,113,114,115,116,117,118,119,121,122,123,125,126,127,128,129,130,131,132,133,135,137,138,139,140,141,143,144,146,147,149,150,151,152,153,154,156,157,160,161,162,163,164,165,166,167,170,173,175,176,177,178,179,180,183,184,185,186,188,189,191,192,193,194,196,197,199,200,201,202,203,204,205,206,207,208,209,211,213,214,215,216,217,220,221,223,224,226,227,228,229,230,231,234,236,240,243,246,247,248,249,250,252,253,259,260,261,262,263,264,265,268,271,276,281,283,285,288,289,290,293,295,297,303,304,305,307,311,324,327,339,348,349,353,354,355,359,361,378,381,384,385,386,388,396,398,399,401,410,416,424,445,451,454,466,480,492,530,678
28,17,19,24,26,27,28,29,30,31,32,34,35,37,38,39,40,41,42,43,44,45,46,47,48,49,51,52,53,54,55,56,57,58,60,61,62,63,64,65,66,67,68,69,70,71,72,73,74,75,76,77,78,79,80,81,82,83,84,85,86,87,88,89,90,91,92,93,94,95,97,98,99,100,102,103,105,106,107,108,109,110,111,113,114,115,116,117,118,119,120,121,123,124,127,128,129,130,131,132,133,134,135,136,137,138,139,140,141,142,143,144,145,147,151,153,154,155,156,157,159,160,162,163,166,168,170,171,172,173,174,175,176,177,178,180,181,183,184,185,186,187,188,189,190,191,192,193,194,195,197,199,202,203,205,206,209,211,213,214,215,216,217,218,221,222,223,224,226,227,230,231,232,234,235,238,239,240,241,242,243,245,248,249,252,256,258,265,269,270,272,275,283,284,285,287,291,293,302,312,328,334,341,345,349,350,354,355,364,366,370,373,377,380,385,387,389,391,392,398,403,436,445,458,478,510,628,693
29,7,15,18,19,21,24,26,27,29,30,31,33,34,35,36,37,38,39,40,41,42,43,44,45,46,47,48,49,50,51,53,54,55,56,57,59,60,62,63,64,65,66,67,68,69,70,71,72,73,74,75,76,77,78,79,80,81,82,83,84,85,87,88,89,90,91,92,93,94,95,96,97,98,99,100,101,102,103,104,105,106,107,108,109,110,111,112,113,114,115,116,117,118,119,120,121,122,123,124,125,128,129,130,131,132,136,139,141,142,143,145,146,147,148,149,150,151,153,154,155,156,157,158,159,160,161,167,168,170,172,173,174,178,179,180,183,185,188,189,192,193,194,195,197,202,203,204,205,207,208,211,213,214,221,222,223,225,229,232,233,234,235,236,241,242,243,244,252,253,255,258,259,262,270,275,277,279,281,282,289,294,298,303,309,310,313,319,321,328,330,334,336,341,347,349,352,357,359,362,363,365,368,373,375,376,378,379,383,396,398,406,413,415,423,425,439,452,459,478,479,480,494,677
30,25,26,29,30,31,33,34,35,37,38,39,40,41,42,43,44,45,46,47,48,49,50,51,52,54,55,56,57,58,59,60,61,62,63,64,65,66,67,68,69,70,71,72,73,74,75,76,77,78,79,80,81,83,84,85,86,87,89,90,92,93,94,95,96,97,98,99,100,101,102,103,105,106,107,108,110,111,112,113,114,115,116,117,118,120,121,122,123,124,125,126,127,128,129,130,131,132,133,134,135,136,138,139,140,141,142,143,144,145,146,147,148,149,151,152,153,154,155,156,157,158,160,161,162,164,167,168,170,172,173,174,177,179,181,182,183,184,185,186,187,189,190,191,194,196,198,199,200,201,206,207,209,212,215,220,222,228,229,230,233,234,237,238,240,246,249,250,253,256,260,264,269,272,273,274,291,295,301,302,323,329,346,350,352,370,372,402,425,431,434,443,447,454,458,459,462,503,608
31,20,30,31,32,33,34,35,36,38,40,41,43,45,46,47,48,49,50,51,52,53,54,55,56,57,59,60,61,62,63,64,65,66,67,68,69,70,71,72,73,74,75,76,77,78,79,80,81,82,83,84,85,86,87,88,89,90,91,92,93,94,95,96,97,99,100,101,102,103,104,106,107,108,109,110,111,112,113,114,115,116,117,118,120,121,123,126,128,129,130,131,132,135,136,138,139,140,141,142,143,144,145,147,148,149,153,155,159,160,162,163,165,168,169,170,171,172,174,176,177,180,183,185,186,188,191,193,195,196,197,201,206,208,213,214,216,218,220,228,229,230,231,240,244,249,250,252,253,269,274,282,286,292,294,319,324,335,359,361,377,383,386,429,430,436,448,450,451,467,498,616
32,25,35,37,38,39,40,41,42,43,44,45,47,48,49,51,52,53,54,55,56,57,58,60,62,63,64,65,67,68,69,70,71,72,73,74,75,76,77,78,79,80,81,82,83,85,86,87,89,90,91,93,94,95,97,98,99,100,102,103,105,106,107,109,110,111,112,113,114,115,116,117,118,119,120,121,122,123,125,126,127,128,129,131,132,133,134,135,136,137,138,139,140,141,142,143,144,145,146,147,148,149,150,151,152,153,154,155,156,157,161,163,164,165,167,170,173,174,177,178,180,181,182,184,188,193,194,195,199,207,210,212,215,224,227,229,232,233,237,246,247,249,258,259,261,281,285,292,310,322,331,338,360,364,374,375,393,411,412,413,415,430,440,465,475,483,502,677
33,33,34,36,37,41,44,45,46,47,49,50,51,52,53,54,56,57,58,59,60,61,62,63,64,65,66,67,68,69,70,71,72,73,75,76,77,78,81,82,83,84,85,86,87,88,89,90,91,92,95,96,97,98,99,100,102,103,104,105,106,107,109,112,115,116,118,122,123,124,126,129,130,132,133,136,137,138,140,141,142,143,148,149,150,151,152,153,154,156,159,160,161,162,163,164,165,166,167,168,169,171,172,173,174,175,176,177,180,183,184,186,189,191,192,203,204,205,208,211,213,221,224,226,230,234,242,244,247,255,256,260,262,272,286,294,301,313,346,425,431,452,462,482,488,656
34,35,37,39,40,41,43,44,46,47,48,49,50,51,52,53,55,56,57,59,61,62,63,65,67,68,69,71,72,73,74,75,76,77,78,79,81,82,84,85,86,87,88,89,90,91,92,93,94,95,96,97,98,99,100,101,103,104,106,107,108,110,111,112,114,115,116,121,122,123,125,126,127,128,129,130,132,133,135,136,137,138,139,140,141,142,145,146,149,150,154,156,157,160,167,168,169,171,175,176,179,181,184,186,187,188,193,195,201,213,216,227,231,238,251,255,261,262,290,297,369,370,371,387,445,473,489,518,564
35,33,35,49,50,51,52,54,55,56,57,58,59,60,61,62,63,64,65,66,67,68,70,71,72,73,74,75,76,77,78,79,80,81,82,83,84,85,88,92,94,96,97,99,100,102,103,104,108,109,110,112,114,118,119,126,127,128,129,130,131,132,135,137,138,139,143,144,145,146,147,149,150,151,152,153,154,155,157,158,159,160,161,162,163,164,165,166,167,169,170,171,172,173,174,175,176,177,178,179,180,181,184,185,186,187,192,196,198,211,212,213,219,225,228,229,233,265,279,282,289,298,299,331,337,338,484,676
36,32,34,36,41,43,46,49,50,51,52,53,54,55,56,57,59,61,62,63,64,65,67,68,69,70,71,72,74,75,76,77,79,81,82,83,84,85,86,88,89,90,91,92,93,94,95,96,97,98,99,100,101,102,105,106,107,110,111,112,113,114,116,117,120,121,123,128,129,130,131,132,133,134,137,139,140,142,145,146,147,149,151,156,157,158,160,162,167,171,173,176,181,185,187,196,198,202,209,211,218,219,224,228,231,249,261,268,305,354,513,650
37,52,54,58,60,61,62,63,65,66,67,68,69,70,71,73,74,75,76,77,78,79,80,82,83,84,85,86,87,88,90,91,92,95,96,98,99,102,106,109,110,112,113,114,118,120,123,125,138,139,141,143,146,150,153,155,156,157,158,159,161,162,163,164,165,170,171,172,174,176,178,179,182,191,290,343
38,52,53,60,62,63,64,65,66,67,68,72,73,75,76,77,79,80,83,84,85,86,87,89,91,92,93,94,95,97,98,99,100,103,105,106,107,108,109,110,111,112,113,114,118,122,128,132,133,135,136,141,142,144,145,146,147,148,149,153,155,156,157,158,164,167,171,188,193,205,214,234,262,314,346
39,52,57,58,62,67,68,69,71,73,74,75,76,77,79,80,81,82,83,84,85,86,87,88,89,91,92,93,95,96,97,98,99,100,101,104,105,108,109,110,111,112,113,115,117,119,120,121,125,128,131,133,148,153,154,157,158,159,166,170,174,176,182,189,209,224,237,243,291,565,625
40,22,26,50,61,62,64,66,68,70,71,72,73,78,79,81,82,83,85,86,87,89,91,93,94,100,102,104,105,106,112,113,114,115,116,118,120,124,126,129,131,132,134,135,138,139,142,155,156,158,159,160,169,171,176,177,180,181,184,186,195,204,414,435,483
41,57,67,70,83,90,92,96,97,99,100,108,110,111,113,114,142,144,149,150,153,158,160,304,335,426,559
42,68,76,79,82,84,92,94,96,100,108,115,141,162,163,164,168,190,219,283,413,488,565,613,689
43,49,55,72,98,112,128,133,561
44,51,147
45,248,352,376,477
46,394,425,507
47,14,102
48,30,669
49,42,150,157,188,370,514
50,200,269,394,498,511
51,481,585
52,228,329,335,379
53,352,358,387,405,513,539
54,46,523
55,110,241,361,421,521,611
56,51,337,642
57,240,312
58,220,485,523
59,23,71,331,557
60,285,412
61,30,365,373,455,482,608
62,206,296,325
63,316,497,520
64,
65,
66,
67,
68,
69,
70,
71,
72,
73,
74,
75,
76,
77,
78,
79,
80,
81,
82,
83,
84,
85,
86,
87,
88,
89,
90,
91,
92,
93,
94,
95,
96,
97,
98,
