18
0,217
1,93,164,295,455,485,640
2,4,9,31,45,390,632
3,47,48,55,67,74,80,131,161,219,354,405,444,617,622,656
4,2,20,24,41,45,51,53,54,56,59,60,62,63,64,65,66,67,68,69,70,71,72,73,75,76,77,78,79,80,81,82,83,86,88,91,128,181,203,623
5,45,64,67,72,73,74,75,76,77,78,79,80,81,82,83,84,85,86,87,88,89,90,91,92,93,94,95,97,98,99,100,101,102,103,104,105,106,107,108,109,110,111,112,113,114,115,116,117,118,119,121,123,124,125,127,128,130,131,135,137,138,140,142,157,158,159,161,163,164,166,167,168,169,170,171,172,173,174,175,176,178,179,180,182,183,187,188,189,190,191,194,196,197,198,203,211,212,214,217,218,225,226,229,257,296,299,300,307,310,322,330,333,336,338,339,344,346,347,349,350,351,352,354,355,359,360,361,363,364,366,368,375,378,379,381,383,393,405,413,654
6,21,69,70,71,72,73,74,75,76,77,78,79,80,81,82,83,84,85,86,87,88,89,90,91,92,93,94,95,96,97,100,101,102,103,104,105,106,107,108,109,111,112,113,114,115,116,117,119,120,121,123,124,125,126,127,128,129,130,131,133,136,141,143,144,149,150,151,156,159,160,161,162,163,164,166,167,168,169,170,171,172,173,175,176,177,178,179,180,181,183,184,185,186,187,188,189,190,191,192,193,194,195,196,197,198,199,200,201,202,203,204,206,207,208,209,210,211,212,213,214,215,216,217,219,220,221,223,225,226,228,230,231,232,233,234,235,236,237,239,240,241,242,243,245,247,248,249,250,251,252,253,254,255,257,259,261,262,264,265,266,267,269,271,272,273,274,275,277,278,279,280,281,282,283,284,285,286,287,288,289,291,292,293,294,295,296,297,298,299,300,301,302,303,304,305,306,307,308,309,310,311,312,313,314,315,316,317,318,319,320,321,322,323,324,325,326,327,328,329,330,331,332,333,334,335,336,338,339,340,341,342,343,344,345,346,348,349,350,351,352,353,355,356,357,358,359,360,361,362,363,364,365,366,367,368,369,370,371,372,373,374,375,376,377,378,379,381,382,383,384,385,386,387,388,390,391,392,393,394,395,396,397,398,399,400,404,405,406,407,408,409,411,412,414,415,416,419,420,422,423,424,427,428,430,431,434,436,438,439,440,441,446,447,451,453,462,510,520,629
7,59,63,64,65,66,69,70,73,74,75,76,77,78,79,80,81,82,83,84,85,86,87,88,89,90,91,92,93,94,95,96,97,98,99,100,101,102,104,105,106,107,108,109,110,111,112,113,114,115,116,117,118,119,120,122,123,124,125,126,127,128,129,130,131,133,134,135,136,138,140,141,142,143,144,145,146,148,149,151,152,153,154,157,158,162,163,164,166,168,169,170,171,172,173,174,175,176,177,178,179,180,181,182,183,184,185,186,187,189,190,191,192,193,195,196,197,198,199,200,201,202,203,204,206,207,208,209,215,217,218,220,221,222,223,225,226,229,230,231,233,234,235,236,239,240,243,245,249,250,251,252,254,256,259,260,262,263,264,265,266,268,269,270,271,272,274,276,277,278,281,282,284,285,286,287,288,289,290,291,292,293,294,296,297,298,300,301,302,304,305,306,307,308,309,310,312,313,314,315,316,317,318,319,320,322,323,324,325,326,327,328,329,330,331,332,333,334,335,336,337,338,339,340,341,342,343,344,345,346,347,348,349,350,351,352,353,355,356,357,358,359,360,361,362,363,364,365,366,367,368,369,370,371,372,374,375,376,377,378,379,380,381,382,384,386,387,388,390,391,392,393,394,396,397,398,399,400,401,403,404,405,406,408,410,411,413,414,418,425,427,429,430,432,434,436,440,443,445,449,455,463,465,470,478,491,500,537,578
8,31,58,64,66,68,69,70,71,72,73,74,75,76,77,78,79,80,81,82,83,84,85,86,87,88,89,90,91,92,93,94,95,96,97,98,99,100,101,102,103,104,105,106,107,108,109,110,111,112,113,114,115,116,117,118,120,121,122,123,125,127,128,131,132,133,134,135,136,137,138,139,140,141,143,148,149,150,152,153,154,155,156,157,163,164,165,167,168,169,170,171,172,173,174,175,177,178,179,180,181,182,184,185,186,187,188,189,190,191,192,193,194,195,196,197,198,199,200,202,203,205,206,207,208,210,211,212,213,214,218,220,223,224,228,229,230,231,234,235,236,238,239,240,241,243,245,246,247,248,249,251,253,255,256,257,258,259,261,262,265,267,268,269,270,271,273,275,276,277,279,286,288,290,291,292,293,295,296,297,298,299,300,301,302,303,304,306,307,308,309,310,311,312,313,314,315,316,317,318,319,320,321,324,325,326,327,328,329,331,333,334,335,336,337,338,341,343,344,345,346,347,348,351,354,355,356,358,359,360,361,362,364,365,366,367,368,369,370,371,374,377,378,379,380,381,383,385,389,390,391,393,394,395,397,399,400,401,402,403,404,406,407,409,413,415,417,419,425,426,427,428,431,436,437,438,441,444,445,446,465,469,471,472,474,495,504,513
9,10,17,60,70,71,72,74,75,76,77,78,79,80,81,82,83,85,86,87,88,89,90,91,92,93,94,95,96,97,98,99,100,101,102,103,104,105,106,107,108,109,110,111,112,113,116,117,118,119,121,122,123,124,125,126,128,129,130,131,132,133,134,135,136,137,138,139,140,142,143,144,145,147,148,149,150,152,156,160,162,163,164,165,166,167,168,169,170,171,172,173,174,175,176,178,179,180,181,182,184,185,186,187,188,190,192,193,194,195,196,197,198,199,200,201,202,203,206,207,208,209,210,211,214,215,216,217,219,220,222,224,225,227,228,229,230,231,232,234,236,237,238,239,240,242,243,244,246,247,250,251,254,256,257,262,264,267,268,269,270,271,272,273,274,275,276,278,280,281,282,284,286,287,288,290,291,292,293,294,295,296,297,298,299,300,302,304,305,306,307,308,309,312,313,315,316,317,318,320,322,323,326,327,329,330,331,332,333,336,338,339,340,341,342,343,344,345,346,347,349,351,352,353,354,355,356,357,358,359,360,361,362,363,364,366,367,368,370,371,372,373,375,376,377,378,379,381,382,383,385,389,391,392,393,394,396,397,398,400,401,402,404,408,409,411,412,413,414,416,420,422,425,426,431,433,436,438,443,445,449,453,464,476,478,479,484,485,508,534,540,578,690
10,9,67,68,70,71,72,73,74,75,76,77,78,80,81,82,83,84,85,86,87,88,89,90,91,92,93,94,95,96,97,98,99,100,101,102,103,104,105,106,108,109,111,113,114,117,118,119,120,121,122,123,124,126,127,129,130,131,132,133,134,135,136,137,138,139,140,141,142,144,145,148,149,150,151,152,153,154,156,157,159,160,161,162,163,164,166,167,168,169,170,171,172,173,174,175,177,178,179,181,182,183,185,186,187,192,194,195,196,197,198,199,200,201,202,203,204,206,207,208,209,210,212,213,216,220,223,225,226,227,229,230,231,233,234,235,236,237,241,245,246,248,249,251,252,254,255,257,258,264,265,266,267,268,271,273,274,275,276,278,284,286,290,291,293,295,297,298,299,301,302,303,304,305,306,307,308,309,310,311,313,314,316,319,320,321,322,323,324,325,327,328,329,330,332,333,335,336,338,340,341,342,343,344,345,347,348,350,351,353,354,358,360,361,362,363,364,365,366,367,368,369,372,373,375,376,378,379,380,381,382,383,385,386,387,389,390,393,398,399,400,402,404,406,407,408,413,414,417,419,420,421,422,424,425,426,429,433,435,436,437,438,439,442,444,445,447,448,449,452,456,460,464,467,471,480,481,493,498,534,553,558
11,66,68,69,70,72,73,74,75,76,77,78,80,81,82,83,84,85,86,87,88,89,90,91,93,94,95,96,97,98,99,100,101,102,104,105,106,107,108,109,110,111,112,113,114,115,117,119,120,121,122,123,124,125,126,127,128,129,130,131,133,134,135,136,138,139,140,141,142,143,146,147,148,150,151,153,154,157,163,165,166,167,169,171,174,175,176,177,178,179,181,182,183,184,186,188,190,192,193,196,198,200,201,202,203,204,206,207,213,214,215,216,217,218,219,221,223,225,227,228,229,232,234,235,236,237,238,240,241,243,245,249,251,252,253,254,257,261,262,264,265,267,268,269,270,271,273,274,275,277,282,285,286,287,292,293,294,298,299,300,302,304,306,307,308,310,311,312,313,319,322,326,328,329,330,333,334,335,336,338,339,340,341,343,345,351,354,355,357,359,360,361,362,364,368,370,371,372,373,374,376,378,379,380,381,382,384,385,386,387,388,389,390,391,393,394,395,396,397,398,400,401,404,405,407,408,409,410,411,412,413,417,419,422,424,425,426,429,434,436,437,441,444,447,448,449,450,453,456,461,463,464,465,470,474,478,480,484,490,496,500,501,636,641
12,21,71,72,73,74,75,76,77,78,79,80,82,83,84,86,87,88,89,90,91,93,94,95,96,97,98,99,100,101,102,103,104,105,106,107,108,109,110,111,112,113,114,115,116,117,120,121,122,123,124,125,127,128,129,131,132,134,135,136,137,138,139,141,142,143,144,145,146,147,148,149,150,152,153,154,157,159,161,163,166,167,169,170,172,174,176,177,178,179,180,182,183,184,185,186,188,189,190,191,192,193,194,195,196,197,198,199,200,203,204,205,206,207,210,212,214,215,216,217,218,219,220,222,225,226,227,229,230,231,233,234,235,236,237,239,242,245,246,247,249,250,257,258,259,260,261,262,264,265,267,268,270,273,274,275,276,278,280,282,286,288,291,295,300,301,304,305,307,310,311,312,313,321,322,329,330,332,333,335,336,338,339,341,342,343,344,345,347,348,350,352,354,355,356,357,358,359,365,367,368,369,370,372,374,375,379,381,383,384,385,386,387,390,391,392,393,394,399,400,401,402,403,404,407,408,409,414,416,417,421,427,428,430,431,432,434,435,436,440,443,447,454,457,458,460,464,469,471,472,476,488,490,492,494,510,531,539,555,630,659
13,66,70,73,75,76,77,78,79,81,82,83,84,85,86,87,88,89,90,92,93,94,95,96,97,98,100,102,103,104,105,106,107,108,109,110,112,113,114,116,117,118,119,120,121,122,123,125,127,128,129,130,131,132,133,135,136,137,138,140,142,143,144,145,147,148,149,152,154,155,158,160,161,163,164,165,166,167,168,171,172,174,176,177,178,179,180,181,182,183,184,186,188,189,190,191,192,195,197,199,200,203,206,207,209,210,212,214,215,217,219,221,223,224,226,227,228,229,230,233,234,236,238,242,243,244,245,247,249,253,258,259,260,261,262,264,266,268,269,271,273,275,277,278,279,280,281,282,283,284,285,286,290,292,294,295,300,304,305,306,308,309,310,311,312,314,316,317,318,319,320,323,324,326,328,329,330,331,332,333,334,337,342,345,346,348,349,350,351,353,354,355,358,360,361,364,366,369,370,372,374,376,377,378,379,385,386,387,388,390,391,392,393,394,399,401,402,404,405,408,409,410,411,412,414,415,416,418,419,420,422,423,425,426,427,428,430,431,432,436,444,455,456,457,461,463,466,471,474,481,482,486,495,514,536,554,562,619,662
14,73,75,77,78,79,80,82,83,84,85,86,87,88,89,90,91,94,95,96,97,99,100,101,102,103,104,106,107,108,109,110,111,112,113,114,115,117,118,119,120,122,123,125,126,127,128,129,130,131,132,133,134,138,140,141,143,145,147,150,151,154,155,160,161,165,168,169,170,173,174,176,177,182,183,184,186,187,189,190,192,195,198,199,201,204,205,206,207,209,210,212,214,217,219,221,225,227,229,230,232,233,234,235,236,237,239,240,242,243,244,245,247,248,249,253,256,257,258,259,261,264,270,271,272,273,277,280,282,286,287,288,289,290,294,295,296,298,301,302,303,304,305,307,308,309,310,312,315,316,318,319,321,322,323,324,325,328,329,334,338,339,340,341,342,343,344,345,346,347,349,350,351,352,354,356,358,359,361,362,363,364,366,367,369,370,375,376,377,378,380,383,385,386,387,388,389,392,395,396,398,400,401,406,407,413,420,422,424,425,427,428,431,433,439,444,445,448,449,450,458,459,473,475,477,479,484,490,491,502,505,652
15,14,73,74,77,78,79,80,81,83,85,86,87,88,89,91,92,93,94,95,97,98,99,100,101,103,104,105,107,108,109,110,111,112,113,114,115,116,117,118,119,120,122,123,124,126,127,128,129,130,133,134,136,137,138,139,143,144,145,147,148,150,151,152,154,159,160,162,163,164,166,167,168,170,171,172,173,174,175,176,178,179,182,183,184,185,186,187,189,192,193,194,196,198,200,201,204,205,207,208,209,210,212,213,215,217,218,220,224,225,229,234,236,237,239,241,242,243,245,246,247,251,254,257,259,260,262,267,268,269,270,271,274,275,276,281,288,291,296,297,298,300,302,303,304,305,306,308,309,312,313,316,318,319,321,322,324,326,328,332,333,335,342,343,344,345,346,348,349,352,354,356,359,361,362,364,366,367,368,372,374,375,376,378,380,381,382,387,388,389,391,392,393,398,399,402,403,405,407,412,414,416,419,421,425,428,429,432,433,445,448,456,459,462,463,464,505,521,530,546,572
16,31,63,72,73,74,76,77,78,79,80,82,83,84,85,86,87,88,89,90,91,93,94,95,97,98,99,100,101,103,104,105,107,109,110,112,113,114,115,116,117,118,119,120,121,122,125,126,127,128,129,130,131,132,134,135,137,138,142,143,144,147,148,149,153,154,155,156,157,159,162,167,168,172,176,181,182,183,184,186,187,188,189,190,191,196,197,200,202,203,204,206,207,208,209,221,222,224,227,228,230,231,233,235,236,237,239,240,245,246,249,250,253,258,259,262,264,269,270,272,273,279,282,283,286,287,288,290,293,294,295,296,299,302,304,305,306,307,308,310,311,313,317,320,322,324,333,334,335,337,338,339,343,345,346,348,349,352,354,355,361,362,365,369,370,371,372,376,377,380,385,386,388,390,391,392,393,394,399,400,401,403,405,408,409,412,415,418,426,432,435,437,439,441,444,450,458,461,463,469,472,484,488,506,509,541,572,659,663,671
17,76,77,78,79,80,81,82,83,84,85,86,87,88,89,91,92,93,94,95,96,98,100,101,102,103,104,105,106,107,108,109,110,111,112,113,114,115,118,119,120,121,122,123,124,125,127,130,131,132,133,136,137,139,140,141,142,143,144,145,146,147,148,149,150,152,153,154,156,158,161,163,167,170,173,174,178,181,182,183,186,192,196,199,203,205,208,211,212,215,219,222,236,238,244,247,251,252,255,258,259,260,261,263,264,266,267,269,270,274,275,280,281,285,287,288,289,290,293,294,296,299,304,308,310,311,312,316,318,323,330,331,335,337,340,341,342,343,345,347,348,351,352,353,354,356,357,358,361,363,364,365,366,367,368,374,375,378,380,383,384,385,387,388,389,390,392,393,395,400,401,402,403,407,408,412,417,418,421,423,424,425,426,432,433,437,440,441,443,444,448,453,457,465,469,480,487,488,512,614,682
18,73,74,75,76,77,78,79,80,81,84,85,86,87,88,89,90,91,97,98,99,100,102,104,105,106,108,110,112,113,114,115,117,119,120,121,129,130,131,132,134,135,136,137,138,140,141,143,144,146,151,154,155,156,157,164,170,171,172,173,177,178,179,180,182,183,184,186,190,193,197,198,200,202,206,209,210,211,213,214,217,224,228,232,233,234,235,244,245,246,247,248,261,262,268,269,273,275,278,279,282,284,285,288,292,294,300,302,303,304,305,306,308,311,314,317,320,322,324,327,330,331,332,334,336,337,338,340,341,342,346,347,348,349,350,351,353,354,356,358,359,360,361,362,363,368,369,374,380,381,386,387,389,390,391,393,394,395,401,407,409,411,416,417,419,424,426,430,433,436,444,446,463,466,474,487,488,490,511,551,580,695
19,63,64,71,73,75,77,79,83,84,86,87,88,89,90,91,92,94,95,96,97,98,99,100,101,102,104,105,106,107,108,111,112,113,114,115,118,119,120,121,122,123,124,125,126,127,128,131,132,133,134,135,136,138,139,140,142,143,144,147,148,150,154,155,157,171,176,178,179,180,183,185,186,189,193,195,196,201,204,205,216,218,226,232,238,250,251,252,254,256,258,260,261,263,265,267,271,274,279,282,283,285,286,295,297,308,309,310,312,313,315,320,322,326,334,336,341,345,348,352,355,357,361,362,365,366,369,380,383,387,389,394,396,398,403,408,430,436,494,524,531,534,625
20,40,50,55,61,64,66,67,68,69,70,71,76,77,78,79,81,82,83,84,85,86,89,91,92,93,96,98,99,100,101,102,103,106,107,108,110,113,114,115,116,118,122,123,124,125,127,128,129,131,132,133,134,136,138,139,143,146,147,148,151,152,154,155,156,159,164,165,166,169,179,183,185,186,187,191,192,193,194,195,199,201,202,209,211,215,226,243,244,245,246,247,255,256,259,270,271,272,274,276,278,281,287,288,291,296,298,302,304,305,307,308,317,320,322,324,325,328,334,341,345,352,358,361,362,366,369,370,373,376,378,380,381,387,388,391,403,404,420,427,441,444,446,459,468,478,482,483,493,498,504,520,550,586,610
21,56,57,62,63,64,67,70,71,72,74,75,76,80,81,82,83,84,86,87,88,90,93,94,96,97,99,100,101,102,103,108,109,110,116,117,118,119,120,121,124,125,128,131,132,139,142,144,146,147,148,151,152,155,164,184,185,187,192,197,200,202,223,259,267,271,279,285,287,317,332,334,337,345,348,349,351,353,356,359,365,369,372,373,374,376,379,381,384,387,391,393,396,401,403,407,410,411,414,415,418,467,482,500,512
22,55,56,62,67,75,77,80,102,105,110,112,113,117,118,120,122,123,126,127,130,132,137,140,142,143,148,150,152,154,159,164,165,167,171,222,238,576
23,16,127,587
24,242,553,560,634
25,48,500,511,519
26,32,42,349,363,564,568,651,678
27,68,578,667
28,13,22,23,93,256,440,504,532,629,677
29,7,21,28,34,38,44,77,199,221,278,373,529
30,26,42,43,51,56,69,70,567,596,626
31,46,58,478
32,236,417,446
33,78,116,284,411,427
34,253,314,625
35,185
36,163,304,363,557,671
37,89,150,309,510
38,57,167,321,624,632
39,137,544,616,619,643
40,45,334
41,88,91,98,358,450
42,225,227,228,533,595,690
43,198,213,250,271,324,457,474,486,487,494,497,601,607,615,620
44,244,366,368,475,479,484,488,491,494,495,496,500,505,507,514,521,523,526,535,546,557,568,580
45,2,496,518,532,546,553,572,636,666,679
46,100,494,648,678
47,44,224,253,263,291,424
48,248,355,454
49,44,165,670,686
50,79,88,103,202,325,334,375,570
51,68,106,223,576,628,697
52,48,151,152,169,224,264,375,457,504,650
53,127,140,319,338,487,516
54,336,403
55,54,295
56,40,192,458
57,38,160,170,203
58,275,359,400,677
59,21
60,
61,
62,
63,
64,
65,
66,
67,
68,
69,
70,
71,
72,
73,
74,
75,
76,
77,
78,
79,
80,
81,
82,
83,
84,
85,
86,
87,
88,
89,
90,
91,
92,
93,
94,
95,
96,
97,
98,
