4
0,505
1,303,453,608
2,45,387,458,474,581
3,120,179,243,276,372,380,589,676,698
4,21,126,599,619
5,89,229,413,505,566
6,212,312,402,429,522,676
7,144,164,211,246,497,522,613
8,58,199,266,324,503,521
9,213,231,237,243,246,318,545,572,690
10,157,334,405,692
11,46,56,57,64,66,67,68,71,343,540,646
12,14,45,49,50,52,54,55,56,57,58,59,60,61,62,63,64,65,67,71,72,73,74,75,76,77,80,81,85,88,93,94,96,98,99,102,104,107,123,130,135,136,242,625
13,42,49,50,51,52,54,55,56,57,58,60,61,62,63,64,65,66,67,68,69,70,71,72,73,74,75,76,77,78,79,80,81,82,83,84,85,86,88,89,90,91,92,93,94,95,96,98,99,100,101,102,103,104,105,106,108,109,110,111,113,114,115,116,117,118,119,120,121,122,123,124,125,126,127,128,129,130,131,132,133,134,135,136,137,138,139,141,142,143,144,145,146,147,148,149,150,151,152,153,154,155,156,157,158,159,160,161,162,163,164,165,166,167,168,169,170,171,172,173,174,175,177,178,181,183,185,188,190,193,197,198,199,200,201,202,203,204,205,206,207,208,209,211,212,213,219,220,262,273,397,480,535,574,635
14,15,53,54,55,57,58,59,60,61,62,63,65,66,67,68,69,73,74,75,76,77,79,81,82,83,84,85,87,88,89,90,92,93,94,97,98,100,102,103,104,105,106,108,110,111,112,113,114,115,116,117,119,122,124,131,134,135,137,138,139,140,141,142,143,144,146,147,150,151,152,153,154,155,156,157,158,159,160,161,162,163,164,165,166,167,168,169,170,171,172,173,174,175,176,177,178,179,180,181,182,183,184,185,186,187,188,189,190,191,192,193,195,196,197,198,199,200,201,202,203,204,205,206,207,208,209,210,211,212,213,214,215,216,217,218,219,220,221,222,223,224,225,226,227,228,229,230,231,232,233,234,235,236,237,238,239,240,241,242,243,244,245,246,247,248,249,250,251,252,253,254,255,256,258,259,260,261,262,264,265,266,267,268,269,270,271,272,273,274,275,276,277,278,279,280,282,284,285,286,287,288,289,290,291,293,294,295,302,305,306,308,310,318,321,325,335,336,338,348,372,374,376,480,519,543,594,598,643
15,48,51,52,54,55,57,58,59,60,61,64,69,70,71,73,75,76,77,78,79,82,84,86,87,88,89,90,91,92,96,97,99,101,103,105,106,107,118,119,121,123,124,125,128,131,133,135,136,140,142,143,144,145,146,147,148,149,150,151,152,153,155,156,157,158,159,160,161,162,163,164,165,166,167,168,169,170,171,172,174,175,176,177,178,179,180,182,183,185,186,187,188,189,190,192,193,194,195,197,198,199,200,201,202,203,204,205,206,207,208,209,210,212,213,214,216,217,218,219,220,221,222,224,225,226,227,228,229,230,231,232,233,234,235,236,237,238,239,240,241,242,243,244,245,246,248,249,250,251,252,253,254,255,256,258,259,260,261,262,263,264,265,266,267,268,269,270,271,272,273,274,275,276,277,278,279,280,281,282,283,284,285,287,289,290,291,292,293,294,297,299,301,302,306,307,309,310,312,313,314,315,318,319,320,321,322,323,324,326,327,328,329,330,331,332,338,341,343,344,345,346,353,358,359,370,371,377,383,385,398,459,574
16,10,46,47,49,50,51,53,55,57,58,60,61,62,63,64,66,70,71,72,73,74,75,76,77,78,79,80,81,82,85,86,87,89,91,92,95,96,99,109,111,116,120,121,124,138,139,140,141,142,144,145,146,147,148,149,150,151,154,155,156,157,159,160,161,163,164,166,168,170,174,175,176,177,178,180,181,182,184,185,186,187,191,192,193,194,195,196,197,198,199,200,201,202,203,204,205,206,207,208,209,210,211,212,213,214,215,216,217,218,219,220,221,223,224,225,226,227,228,229,230,231,232,233,234,235,236,237,238,239,240,243,244,245,246,247,249,250,251,252,254,255,256,257,258,259,262,264,265,266,267,268,269,270,271,273,275,278,279,280,282,284,285,288,289,291,293,294,295,296,298,300,302,303,304,305,306,308,309,310,311,315,317,323,326,327,328,334,335,337,348,369,372,375,420,434,529,564
17,46,47,49,51,54,55,56,57,58,60,61,62,64,65,66,69,70,71,73,74,75,77,78,79,83,89,94,98,99,103,105,108,109,110,112,118,119,122,125,128,130,134,135,136,137,138,140,141,142,143,144,145,146,148,149,154,156,158,159,160,161,163,164,165,166,167,168,169,170,172,173,174,176,177,178,179,181,182,183,184,185,187,189,192,193,194,195,196,197,199,200,201,202,203,204,205,206,207,208,209,211,212,213,214,215,216,217,218,220,221,222,223,224,225,226,227,228,229,230,231,232,233,234,235,236,237,238,239,240,241,242,244,245,246,247,248,249,250,251,252,253,255,256,257,258,259,260,261,264,265,266,267,268,269,270,272,273,274,277,278,279,280,283,284,285,286,287,288,290,291,294,295,297,301,304,306,309,317,318,319,320,324,328,333,343,345,347,352,358,366,374,376,380,386,390,394,438,484,580
18,46,49,51,52,53,54,55,56,58,60,61,63,65,68,69,70,71,72,73,74,81,87,88,90,94,95,98,99,101,103,106,108,109,110,112,113,120,123,126,131,134,137,138,139,140,143,146,148,151,154,156,157,159,161,162,163,164,165,167,168,170,172,173,174,175,176,177,178,180,181,183,186,187,188,189,190,191,193,194,195,197,198,199,201,202,203,204,205,208,209,210,211,212,213,214,215,216,219,223,224,226,227,228,229,230,233,235,236,237,238,239,241,242,243,244,245,246,251,252,257,258,259,260,261,262,263,265,267,268,269,270,272,273,274,275,276,278,279,280,281,283,284,287,288,289,290,292,293,294,295,296,299,300,302,303,306,307,308,310,311,312,313,314,315,316,317,319,321,322,323,324,325,330,333,334,335,339,341,344,351,354,356,357,362,365,370,371,374,381,383,397,410,412,425,445,456
19,42,45,48,49,50,51,53,54,56,59,62,63,64,65,66,67,68,69,70,71,72,73,74,75,76,79,80,81,82,84,86,88,89,90,91,92,93,94,95,96,97,98,99,100,101,102,104,108,111,127,132,138,139,140,141,142,145,148,149,150,151,152,154,155,156,157,164,168,169,170,173,174,175,179,180,182,183,184,185,187,192,193,197,198,199,200,201,202,203,204,205,206,207,208,209,210,212,213,215,216,217,218,220,221,222,223,224,225,226,227,228,229,230,231,233,234,235,236,238,239,240,241,242,243,244,245,246,247,248,249,250,251,252,253,254,255,256,257,258,260,261,262,263,264,265,266,267,268,270,271,272,273,274,275,276,277,278,282,283,284,285,286,287,288,289,290,292,293,295,296,297,298,300,301,302,303,305,306,307,308,309,310,311,312,313,314,315,321,322,323,324,330,331,333,335,336,338,343,346,347,348,350,357,360,363,377,385,441,493,540,686
20,5,43,44,49,52,53,54,55,56,57,59,60,61,62,63,64,65,66,67,68,69,70,72,73,77,78,80,85,86,87,92,102,104,107,111,115,117,119,122,125,128,134,135,136,137,140,141,142,143,145,146,148,149,153,156,159,160,161,162,163,164,165,166,167,168,170,171,172,173,176,177,178,180,185,186,188,189,190,191,192,193,194,195,196,197,198,199,202,203,204,206,207,208,209,210,211,212,213,214,215,216,218,219,223,225,228,229,230,231,232,235,236,239,240,241,242,243,245,247,248,250,253,255,256,257,259,261,262,264,265,266,268,269,270,271,273,274,276,278,280,281,285,286,288,289,292,293,295,297,298,304,305,307,308,309,311,313,314,315,316,319,322,324,330,331,333,334,335,339,344,348,356,362,372,379,382,388,394,456,470,547,551
21,11,40,43,45,47,49,50,51,52,53,54,55,56,57,58,59,60,63,64,65,66,68,69,74,75,77,78,80,85,86,87,88,89,90,91,92,93,94,95,97,99,100,107,109,111,113,120,122,124,125,127,128,129,131,134,135,136,138,139,140,141,142,143,144,145,146,150,154,155,156,157,158,161,167,168,169,173,174,175,177,178,183,185,186,188,189,191,192,194,196,197,198,199,200,201,202,203,204,206,210,211,212,213,216,217,218,219,220,221,224,225,227,228,231,232,234,235,237,240,241,242,244,245,246,250,251,252,253,254,255,258,263,264,265,266,268,269,270,271,272,273,275,277,278,280,281,282,283,284,285,286,287,288,290,293,295,297,298,299,300,301,302,305,306,307,308,309,311,312,313,314,315,316,318,319,325,327,330,331,332,334,339,341,343,348,349,353,357,360,361,362,363,365,366,368,371,372,381,382,383,384,386,389,390,420,424,433
22,9,43,46,47,48,49,50,52,54,58,59,60,61,62,63,64,65,67,68,69,71,73,74,77,78,81,82,84,85,88,92,93,95,98,101,102,103,105,107,126,131,132,134,135,136,142,143,150,156,164,169,170,171,184,185,188,189,190,191,193,195,196,198,199,201,202,203,204,205,207,208,209,210,211,212,213,214,215,217,218,219,221,222,223,224,225,226,227,229,230,233,234,235,236,237,238,240,242,243,244,246,247,249,251,252,253,254,255,257,258,259,260,261,262,263,264,265,266,267,268,271,273,274,275,276,277,278,279,281,283,286,287,291,292,294,296,298,299,300,301,303,307,308,309,310,312,314,316,317,319,321,322,323,329,330,331,335,339,340,347,357,363,378,379,390,402,507,555,578
23,43,47,49,50,52,53,55,57,58,60,61,62,63,64,65,66,68,72,75,76,78,79,80,83,88,89,93,94,95,96,97,101,102,103,106,115,116,117,123,124,128,129,132,134,135,136,139,141,142,143,144,146,148,156,158,161,162,164,165,168,173,181,186,187,188,189,192,193,194,196,197,198,200,202,203,204,205,207,209,213,214,217,219,220,222,223,225,226,227,229,232,233,234,235,236,237,238,240,243,244,245,246,250,251,252,253,254,255,258,259,260,261,263,264,265,266,270,272,273,274,277,279,280,282,283,284,285,286,291,293,295,297,298,299,300,301,302,303,304,305,306,307,309,312,314,315,316,317,318,321,322,323,328,330,332,333,334,335,337,339,340,343,348,349,351,354,355,356,358,359,362,364,365,369,371,384,395,397,401,407,413,424,501,503
24,42,43,44,46,47,48,53,54,55,56,57,58,59,66,67,68,69,70,71,73,74,77,79,80,81,83,84,85,87,88,89,90,91,92,93,95,98,99,100,104,105,124,130,133,135,136,137,139,142,143,146,148,152,155,156,167,168,169,171,172,180,183,185,186,187,188,189,191,192,194,196,197,201,202,204,205,210,211,214,215,216,218,219,220,221,222,224,225,226,227,228,229,231,232,233,235,236,237,238,239,240,241,245,246,248,249,250,253,254,255,256,257,258,259,260,262,264,267,269,270,271,272,274,275,276,279,280,283,284,285,288,289,290,292,293,297,298,300,301,303,305,306,308,309,310,314,315,316,317,320,321,323,327,328,331,337,338,340,341,342,345,350,352,356,363,365,369,374,377,380,397,399,400,407,415,457,515,593,629
25,36,44,45,46,51,52,53,54,55,56,57,58,60,61,62,63,65,66,67,68,70,71,74,75,76,77,83,84,85,88,104,109,110,113,114,123,127,130,138,139,141,142,143,145,146,147,148,149,150,151,152,153,157,158,160,170,173,177,178,181,189,190,194,197,198,200,203,205,210,211,212,214,215,216,217,218,219,221,222,223,226,227,228,229,231,232,233,235,236,237,238,239,240,241,243,245,246,248,251,253,254,255,257,258,259,260,264,265,266,277,282,283,284,286,291,299,300,302,307,308,312,326,328,331,332,333,340,342,345,349,351,353,356,361,364,369,370,371,375,378,380,387,390,394,407,420,421,442,454,538,696
26,22,31,37,40,44,45,47,49,50,51,52,53,55,56,57,58,62,63,64,65,67,71,74,76,77,78,79,80,81,82,89,93,94,95,97,100,101,103,110,111,112,117,120,121,122,130,138,140,147,149,150,161,164,165,166,173,174,175,179,185,187,188,189,197,198,199,201,202,203,205,206,211,213,218,219,221,225,230,233,234,235,245,246,247,249,251,252,253,255,256,261,262,265,266,270,271,273,274,275,276,278,279,280,281,284,286,287,289,291,293,294,295,299,300,301,304,305,306,309,310,311,312,314,315,318,319,320,321,322,329,330,333,334,339,342,344,345,346,349,356,357,361,362,368,372,373,376,381,383,384,391,395,401,408,415,438,440,448,456,472,506,581,696
27,40,46,49,51,53,55,57,58,59,61,64,65,66,67,68,69,70,71,72,74,75,76,77,78,79,81,82,83,85,86,87,89,92,93,95,98,102,105,114,117,119,120,121,123,128,131,132,133,134,135,136,141,142,152,158,159,161,164,166,167,169,172,176,177,183,184,185,186,189,192,195,201,205,206,209,214,217,219,223,225,226,228,230,231,233,234,235,236,237,238,239,243,245,246,247,249,257,258,261,264,268,270,271,272,275,276,279,281,282,283,284,285,287,288,292,295,299,303,306,308,309,311,316,317,319,321,328,330,336,338,339,343,348,350,354,358,359,361,363,367,371,381,386,389,397,402,404,427,444,502,508,599,617
28,2,36,41,43,44,46,47,48,49,50,54,56,57,58,59,60,63,64,67,73,80,81,84,85,87,88,96,99,100,102,106,114,115,116,117,121,123,126,127,128,129,135,136,140,145,146,147,149,153,156,159,162,163,169,171,175,176,182,185,187,188,189,195,196,201,208,210,211,212,213,218,219,221,222,223,224,226,227,228,230,231,232,234,235,236,237,240,242,244,246,248,249,252,254,257,259,261,263,264,266,270,272,275,276,278,280,282,283,284,288,294,296,297,299,302,309,310,313,314,315,319,320,321,324,325,330,338,339,340,341,342,343,344,345,346,350,351,353,354,356,357,361,405,406,431,433,437,440,476,573
29,38,40,41,42,45,47,48,49,53,54,55,56,57,60,61,62,63,66,68,71,73,75,76,77,78,79,80,82,85,87,90,117,121,129,135,137,141,142,152,154,158,159,163,174,178,181,184,188,189,190,193,195,197,198,204,208,210,213,214,216,217,218,222,223,224,227,229,230,232,233,235,237,238,239,241,244,245,246,247,248,254,255,259,261,263,267,269,271,273,277,278,280,284,286,289,290,292,296,297,299,301,307,314,315,317,322,323,324,325,326,327,339,346,347,355,370,382,384,389,404,417,444,567
30,14,31,43,44,45,47,48,51,52,53,54,55,56,57,61,62,63,65,66,69,71,72,77,79,80,83,85,86,103,106,107,109,110,115,117,122,130,131,132,134,135,136,140,141,142,147,148,149,150,152,155,157,159,165,167,176,177,178,182,183,184,190,191,192,194,195,196,199,208,210,214,215,216,219,221,222,224,225,227,228,241,249,252,254,255,258,271,272,279,280,283,285,292,297,306,320,325,333,363,374,377,381,391,456,608
31,42,44,45,47,51,56,60,61,62,63,66,67,68,69,70,73,74,75,76,79,80,84,85,86,87,88,89,90,91,93,94,95,97,98,99,100,101,103,104,107,113,114,118,122,124,126,128,130,133,134,137,138,147,151,155,157,163,167,168,169,175,177,178,179,182,186,189,190,191,201,202,209,210,212,213,214,216,218,219,221,223,225,226,227,228,229,230,231,234,235,236,237,238,239,240,242,243,247,249,251,253,254,256,258,261,262,264,266,269,270,276,278,279,281,282,294,295,298,299,301,304,308,309,312,313,316,320,322,324,325,327,331,334,347,356,368,375,385,386,391,393,422,424,502,534
32,6,43,46,47,48,50,52,54,55,56,57,59,65,66,68,69,70,71,77,80,82,84,85,92,94,96,99,100,102,103,105,107,108,111,113,121,122,123,124,132,136,140,143,150,160,161,162,163,164,166,170,171,177,185,189,193,204,207,208,211,212,213,215,216,217,218,220,223,224,225,227,231,233,234,235,236,237,238,239,242,246,248,250,253,255,256,261,262,263,265,267,268,270,271,273,274,277,279,281,282,283,284,285,286,288,291,297,299,301,305,307,312,314,319,320,321,325,326,330,332,333,336,337,340,350,355,360,364,367,375,383,485,495,618
33,36,41,43,45,47,48,50,54,58,59,61,67,69,70,71,72,73,74,78,79,81,83,86,89,90,92,93,97,99,107,111,112,113,115,123,134,138,140,142,143,144,145,146,151,152,156,161,163,169,172,179,185,186,187,188,190,192,193,194,196,200,205,206,210,211,212,214,215,219,220,221,223,224,225,226,228,229,230,231,233,234,236,237,238,242,243,244,247,248,250,251,254,255,257,258,259,260,261,263,268,269,271,272,275,276,279,281,282,284,285,288,290,291,293,296,303,304,307,308,309,313,317,318,321,322,324,326,328,333,336,337,339,346,348,349,353,354,355,356,358,366,368,370,371,372,384,386,387,392,394,414,417,420,440,478,684
34,12,14,37,42,47,48,50,52,53,54,56,57,59,60,61,62,64,66,67,68,69,70,72,73,74,76,77,89,95,96,98,114,116,120,122,123,124,128,129,138,139,141,144,145,146,150,161,163,165,170,177,182,188,198,200,201,207,208,209,210,211,212,213,214,215,216,217,218,226,227,229,232,233,234,237,238,240,251,253,254,255,257,258,264,265,270,271,272,274,276,277,278,279,280,282,283,293,295,304,307,317,318,320,321,331,339,350,376,410,465
35,2,41,42,43,44,45,46,47,48,49,50,52,53,54,57,58,59,60,61,62,63,65,66,67,68,71,76,78,79,81,82,83,84,85,86,91,93,94,96,100,101,103,104,105,109,110,118,120,122,123,124,126,132,133,138,142,143,144,148,151,157,158,159,164,167,169,174,176,180,183,184,185,187,198,200,202,209,211,212,213,219,220,221,223,224,231,239,240,243,245,247,249,252,253,258,259,261,269,272,283,286,288,294,295,299,301,307,310,316,322,325,326,329,336,347,350,355,361,367,372,376,386,387,396,427,467,485,502,579,684,694
36,37,38,40,42,44,46,52,54,55,56,57,58,59,61,62,63,64,65,67,69,71,72,73,74,75,76,78,80,81,84,88,91,95,96,98,99,103,104,105,110,113,117,118,123,126,130,131,134,137,142,151,152,156,160,172,179,183,190,191,192,193,200,204,212,215,220,222,225,227,228,229,230,231,232,234,236,238,239,240,241,242,243,244,246,247,249,251,252,253,255,259,261,263,264,269,275,276,278,280,281,285,288,290,293,296,297,298,300,301,302,304,310,313,316,317,318,319,322,323,324,325,329,332,336,340,342,347,352,356,360,366,371,380,384,392,397,410,417,443,506,668,690
37,29,34,38,39,40,41,42,43,44,45,47,48,49,50,52,53,54,57,59,60,64,71,73,74,75,76,77,82,83,88,89,95,98,99,100,101,103,106,107,108,109,112,116,118,119,123,126,134,136,137,139,142,144,145,148,155,156,157,158,160,180,185,188,196,203,207,211,212,213,214,216,217,218,220,221,222,223,224,225,226,227,228,229,230,231,232,233,234,235,236,238,240,242,243,245,246,254,259,260,263,267,268,269,270,272,274,275,277,279,285,286,292,296,297,300,301,304,306,307,308,311,313,315,318,319,320,322,325,334,337,340,342,352,360,362,363,365,384,392,393,399,404,442,448,489
38,36,37,41,42,43,44,45,46,48,50,52,55,57,59,60,61,62,63,64,66,67,68,70,71,72,74,75,76,79,81,82,83,85,86,87,88,92,94,97,105,106,109,114,115,117,127,134,135,136,139,140,141,142,143,144,146,150,151,152,153,156,157,166,167,168,171,172,178,186,188,189,191,193,194,195,197,198,200,201,204,205,210,211,213,215,216,217,219,220,221,222,223,224,225,227,228,230,232,233,234,235,236,237,240,242,243,244,245,246,248,252,254,255,260,261,269,277,278,283,285,287,289,295,298,299,304,305,306,310,316,322,323,325,337,346,384,386,389,521,654
39,26,40,41,42,43,44,46,47,48,50,51,53,55,56,59,65,66,68,69,70,71,72,74,80,81,83,84,85,86,99,100,101,102,104,105,106,119,120,124,125,126,129,132,134,136,138,140,141,145,146,156,158,160,163,164,166,173,181,182,183,185,192,194,195,196,197,202,203,204,206,208,209,210,217,219,222,223,227,233,235,237,239,244,245,249,251,252,254,255,258,259,264,272,275,276,278,279,284,286,289,291,293,294,298,299,306,309,311,312,326,328,331,349,353,359,360,370,372,387,473
40,4,33,37,38,40,41,43,47,49,53,54,55,57,59,61,62,63,64,65,66,69,71,72,73,74,75,77,78,79,80,82,83,84,85,90,91,95,99,104,106,107,113,117,118,119,120,126,129,130,131,138,140,141,144,147,151,152,155,158,161,168,169,173,176,178,179,180,181,183,184,194,195,199,200,205,207,210,213,214,216,221,222,223,224,225,226,229,232,234,236,238,239,243,245,252,259,260,264,267,268,269,271,272,276,277,278,279,282,284,285,288,290,291,294,299,302,306,311,312,317,321,322,328,335,345,354,355,360,362,364,366,374,378,391,394,414,417,585,631
41,37,38,41,42,43,44,46,47,49,50,51,52,53,54,55,56,58,61,63,64,65,67,68,73,74,79,80,82,83,84,87,90,94,97,98,99,101,102,103,105,107,109,110,115,116,118,126,130,132,133,137,139,144,146,147,148,149,151,152,153,156,159,160,162,163,165,170,186,187,188,189,193,194,195,197,199,206,208,210,211,212,213,216,217,218,219,220,221,222,224,225,226,232,233,234,237,238,239,240,252,253,254,255,258,260,262,265,267,271,278,281,283,285,286,292,293,294,295,298,299,300,304,305,307,311,317,328,330,337,341,345,347,352,355,356,365,372,374,376,388,397,412,413,416,419,444,492,558
42,38,43,45,46,50,53,54,57,58,60,61,64,66,67,68,69,70,72,74,77,78,79,80,81,82,83,88,89,90,91,94,95,101,121,132,133,139,140,141,143,145,151,156,157,158,159,163,164,170,174,177,183,184,186,188,190,192,201,203,205,210,213,214,216,219,220,223,225,226,228,233,234,235,241,242,243,249,250,252,253,255,256,261,263,264,266,271,272,276,277,279,282,285,290,292,294,295,298,309,311,312,313,317,326,328,330,331,336,353,389,392,401,402,469,571,668,683
43,32,42,44,45,46,47,48,49,50,51,54,55,56,57,59,60,62,64,65,66,68,69,72,74,75,80,81,82,83,87,88,90,91,94,95,96,97,102,105,106,113,115,116,119,120,121,122,123,127,129,130,131,133,137,139,141,143,144,145,146,150,151,154,155,158,159,161,164,165,166,174,176,177,179,186,188,191,195,196,197,198,201,203,206,208,210,211,212,218,220,223,225,228,232,233,238,242,245,246,254,255,257,261,268,269,277,278,282,289,292,303,324,327,333,335,336,339,347,355,356,394,432,448,455,468,525,533
44,37,39,40,42,44,45,47,48,49,50,51,56,57,60,62,63,68,70,71,72,73,75,77,78,81,87,89,90,91,93,94,97,98,99,100,104,105,106,109,112,116,119,122,128,136,145,147,157,158,164,165,166,167,168,172,178,182,185,186,187,189,194,201,202,203,208,209,221,222,223,225,226,228,234,235,238,245,250,256,257,262,267,276,280,284,287,291,294,298,308,309,311,314,318,319,320,322,324,326,329,330,337,338,344,346,361,363,367,371,393,412,448,461,485
45,41,47,48,49,51,53,54,55,56,57,59,60,63,64,68,69,71,74,76,79,81,84,86,87,89,91,96,99,100,103,106,109,110,111,112,113,115,117,121,127,128,132,133,135,137,138,140,148,149,151,153,155,156,157,159,160,161,163,166,175,176,178,181,186,190,191,194,195,197,198,199,200,201,202,203,204,206,207,208,210,211,212,215,216,218,220,221,222,226,227,228,231,233,236,239,245,251,252,253,257,259,263,268,271,281,290,297,298,301,304,309,312,313,318,325,329,330,333,336,337,339,341,359,364,369,381,383,390,398,406,415,418,419,462
46,26,36,37,39,40,43,48,49,50,51,52,54,61,62,64,65,66,68,70,71,73,74,75,76,79,80,81,82,83,85,92,94,96,97,98,100,108,119,121,130,131,133,134,135,140,142,143,145,146,147,149,152,155,157,161,162,165,167,171,173,174,178,179,181,183,185,187,190,191,194,195,199,201,206,208,210,211,213,215,216,219,220,221,222,225,227,228,231,233,235,236,243,247,248,249,252,256,257,261,267,273,277,283,288,293,301,307,309,310,319,322,326,337,343,377,390,395,414,426,427,571
47,4,46,50,52,53,54,55,56,58,59,62,63,64,65,66,67,71,72,75,77,78,80,81,82,83,86,87,89,90,99,104,105,117,118,119,120,121,122,123,140,145,148,153,154,159,162,166,170,175,180,182,184,185,191,196,197,198,200,205,208,212,213,214,216,217,219,220,221,222,223,225,226,227,229,232,236,239,249,257,267,273,280,281,292,309,313,314,321,327,333,344,357,359,417,457,656
48,42,46,49,54,63,64,68,70,72,74,77,79,81,82,83,85,86,87,88,94,96,97,98,99,100,103,105,109,110,111,112,114,115,117,119,121,136,137,142,143,144,145,147,148,154,155,158,159,165,167,169,173,184,192,193,194,195,199,200,201,206,208,212,229,240,241,242,245,250,253,254,255,256,264,265,268,269,271,272,282,283,287,293,295,297,305,310,311,328,334,336,337,339,340,344,364,367,372,380,390,392,403,414,420,458,462,475,477
49,23,33,42,44,48,49,50,52,53,54,59,60,61,64,65,66,67,68,69,70,73,74,77,79,83,84,91,97,100,101,103,106,108,110,113,115,117,121,122,138,147,148,149,150,154,158,159,160,164,166,170,171,179,182,190,191,193,199,200,201,205,206,209,211,213,214,216,218,219,221,224,227,230,231,232,233,235,236,237,238,240,243,244,246,247,250,257,263,264,283,300,304,307,309,312,315,319,320,333,339,346,361,363,366,370,382,392,400,412,456,466,524
50,11,33,38,42,46,49,51,55,58,62,63,67,69,70,76,78,79,81,85,86,88,89,90,91,93,94,96,101,102,104,105,106,107,109,113,114,116,117,118,119,121,141,142,144,146,150,151,154,158,160,161,162,165,166,167,169,172,173,182,185,186,187,188,190,196,199,202,203,206,208,209,210,211,213,218,219,226,229,235,238,239,243,244,246,247,249,250,251,257,258,259,265,272,274,276,282,289,290,298,306,311,313,315,324,325,330,333,334,343,352,360,365,380,388,450
51,57,58,61,64,65,68,73,75,76,78,79,82,83,85,86,87,92,94,95,103,106,124,127,131,134,137,139,140,149,150,151,161,166,168,169,176,179,184,186,188,195,196,200,201,204,206,210,213,215,216,219,222,223,225,229,231,233,234,236,243,246,265,270,287,293,294,301,316,317,331,342,351,355,360,368,391,485,504,590
52,25,38,41,43,46,49,63,98,100,101,104,106,109,111,115,116,120,122,126,131,132,134,136,154,164,170,172,174,176,179,184,185,187,189,194,195,198,199,205,208,213,220,229,245,251,258,268,320,322,383,392,420,588,606
53,6,78,82,90,91,93,94,98,105,109,111,123,124,145,151,152,159,168,217,231,235,253,263,265,274,279,309,315,334,355,376,381,465
54,87,102,109,113,157,177,186,187,189,191,194,195,196,201,202,207,209,210,211,214,216,219,220,221,226,233,247,256,260,278,298,340,351,500,510,605
55,56,109,118,120,125,131,136,139,141,147,153,163,169,173,175,176,177,182,184,187,190,199,216,227,232,243,251,403,440
56,276,326,552,596,600
57,504,505,678,691
58,375,399,682
59,620,628
60,26,61,452
61,34
62,60,238,512,674
63,106,107,168,484
64,40,78,448,488,567,602,641,679,691
65,18,26,29,374,391,411,427,560,575
66,322,471,525
67,395,414,538,573,608,664
68,89,127,128,459,563,607
69,400,407,638,677
70,33,124,204
71,84,169,281,329,414,476
72,631
73,107,613
74,573
75,
76,
77,
78,
79,
80,
81,
82,
83,
84,
85,
86,
87,
88,
89,
90,
91,
92,
93,
94,
95,
96,
97,
98,
