11
0,205
1,25,192,438,490,529,615
2,28,29,33,35,38,45,51,332
3,31,32,33,34,35,36,37,38,41,42,43,44,47,48,49,53,57,64,65,68,72,102,118,329,421,446,529,566,666
4,7,9,12,13,17,19,20,21,25,26,27,28,29,31,34,35,36,37,38,40,41,42,43,44,45,46,47,48,49,50,51,52,53,54,55,56,58,59,60,63,64,65,67,70,72,78,87,93,96,99,100,104,105,107,110,112,113,116,119,126,127,131,135,137,345,352,432,464,545,695
5,14,15,16,18,22,24,25,26,27,28,29,30,31,32,33,34,35,36,37,38,39,40,41,42,44,45,46,47,48,50,52,53,54,55,56,57,58,59,60,61,62,63,64,65,67,68,69,70,71,72,73,74,76,77,78,79,80,81,82,84,85,86,88,89,90,91,92,94,96,97,98,99,100,101,102,104,105,106,107,110,112,113,115,117,118,119,120,121,122,123,124,125,126,127,128,129,131,132,133,134,135,136,137,138,139,140,141,142,143,144,145,146,147,148,149,150,151,152,153,154,155,156,157,158,159,161,162,166,168,169,170,172,173,174,176,177,178,179,180,181,182,183,184,185,190,192,194,201,202,203,204,205,208,210,212,213,214,215,216,217,219,220,221,223,224,227,229,230,231,233,234,235,238,241,242,245,249,259,261,262,263,265,266,267,268,269,270,271,273,275,277,290,332,380,594,682
6,24,26,28,29,30,31,32,33,34,35,36,37,38,39,41,42,43,44,46,47,48,49,50,51,52,53,54,55,56,58,59,60,61,62,63,64,66,67,68,69,71,72,74,75,76,77,78,79,80,81,83,86,87,88,90,93,95,96,97,98,99,100,101,103,105,106,107,111,113,114,115,116,117,118,119,121,122,123,124,125,126,127,128,129,130,131,132,134,136,137,138,139,140,142,144,145,146,147,148,150,152,153,154,155,156,157,158,160,161,163,164,165,166,167,168,169,170,171,172,174,175,176,178,179,181,182,183,184,185,186,187,188,189,190,191,192,193,194,195,196,197,199,200,201,202,203,204,205,206,207,208,209,212,213,214,215,216,217,218,219,221,222,223,224,225,226,227,228,229,230,231,232,233,234,235,236,237,238,239,240,241,242,243,245,246,247,248,249,250,251,252,253,254,255,256,257,258,259,260,261,262,263,264,266,267,268,269,270,271,272,273,274,275,276,277,278,279,280,281,282,283,284,285,286,287,288,289,290,291,292,293,294,295,296,297,298,299,300,301,302,303,304,305,306,307,308,309,310,311,312,313,314,315,316,317,318,319,320,321,322,323,324,325,326,327,328,329,330,331,332,333,334,335,336,337,338,339,340,341,342,343,344,345,346,347,348,349,350,351,353,354,355,356,357,358,359,360,361,362,363,364,365,366,367,368,369,370,371,373,374,375,376,377,378,379,380,381,382,383,384,385,386,388,389,390,391,392,393,394,395,396,397,398,399,401,402,404,405,406,407,408,409,411,412,413,415,416,418,419,420,421,422,423,424,425,427,428,430,431,433,435,437,438,439,442,444,448,449,450,455,456,463,465,466,472,473,481,482,484,534
7,19,22,23,24,25,26,27,28,30,31,32,33,34,36,37,38,39,40,43,44,45,46,48,49,50,51,52,53,54,56,57,58,59,60,61,62,63,64,65,66,67,68,69,70,71,73,74,76,77,78,79,80,81,82,83,84,86,88,90,93,94,95,97,100,101,106,110,113,115,116,118,119,122,123,124,125,129,130,133,134,135,136,137,138,139,140,141,142,143,145,146,148,149,150,151,152,153,154,156,159,163,164,165,172,173,174,175,177,178,179,180,181,182,185,186,187,189,191,192,195,196,198,199,204,210,213,216,217,218,219,221,225,226,227,228,229,231,232,234,235,236,237,238,239,240,241,242,243,244,245,247,248,249,250,251,252,253,254,255,256,257,259,260,261,262,263,264,265,266,268,269,270,271,272,273,274,275,276,277,278,279,280,281,282,283,284,285,286,287,288,289,290,291,292,293,294,295,297,298,299,300,301,302,303,304,305,306,307,308,309,310,311,312,313,314,315,316,317,318,319,320,321,322,323,324,325,326,327,328,329,330,331,332,333,334,335,336,337,338,339,340,341,342,343,344,345,346,347,348,349,351,352,353,354,355,356,357,358,359,360,361,362,363,364,365,366,367,368,369,370,371,372,373,374,375,376,377,379,381,383,384,385,386,387,390,391,392,394,396,397,398,399,400,402,403,404,405,406,407,408,411,412,413,414,417,419,421,423,425,427,428,429,430,431,432,435,436,438,439,440,441,442,444,447,448,450,451,455,456,458,459,460,463,466,467,470,476,480,486,501,505,522,532,544,693
8,15,20,24,25,28,29,30,31,33,34,35,36,37,38,39,40,41,43,45,46,47,48,50,51,53,54,56,57,58,60,61,62,63,66,69,72,73,75,78,79,80,82,83,87,92,93,94,95,96,97,99,100,101,102,108,110,113,115,116,117,119,120,121,122,123,124,125,127,128,129,130,132,133,134,135,136,137,139,140,141,142,146,147,148,149,150,153,154,155,156,157,158,159,160,169,173,174,176,177,180,183,187,189,190,192,195,199,200,202,206,207,210,211,212,217,220,221,223,226,229,230,233,236,238,239,241,243,244,245,246,248,250,251,252,255,256,258,259,260,261,262,263,264,266,267,268,269,270,271,272,273,274,277,278,279,280,282,284,286,287,288,289,290,291,292,293,294,295,296,297,298,299,303,304,305,306,307,308,310,311,312,313,314,316,317,320,322,323,324,327,328,329,330,331,332,333,334,335,336,337,339,340,341,342,344,345,346,348,350,351,353,354,355,357,358,359,360,362,363,364,366,367,368,369,370,373,374,375,376,378,379,381,382,383,384,385,386,388,390,391,393,394,396,397,400,401,402,403,404,405,406,407,408,409,410,412,413,415,417,419,420,422,423,424,425,426,429,430,431,433,434,435,436,437,438,443,445,449,451,453,456,458,459,460,462,463,465,467,468,469,470,471,476,477,478,482,484,487,488,490,505,506,545,557,561,604,611
9,25,26,28,30,35,36,37,38,40,41,42,43,44,45,46,47,48,49,50,51,52,53,54,55,56,57,58,59,60,61,62,63,64,65,66,70,72,73,74,75,77,78,82,88,90,91,94,95,97,99,102,114,115,116,117,118,120,121,122,123,124,126,130,132,133,134,135,136,138,140,141,144,151,152,154,156,157,158,161,163,164,165,166,167,173,181,183,184,185,191,192,196,199,202,203,204,207,210,212,213,217,218,220,221,222,223,227,228,230,231,232,233,237,239,240,241,243,244,246,247,248,249,251,252,253,254,255,257,258,259,260,261,262,263,264,265,266,267,269,270,271,272,273,274,275,276,277,278,279,280,281,282,283,284,285,286,287,288,289,291,292,293,294,295,296,297,299,300,301,302,303,304,307,308,309,310,311,312,313,314,315,316,317,318,319,320,321,322,324,325,326,327,328,329,330,331,332,333,334,335,338,339,341,342,344,345,346,350,351,353,354,355,358,359,361,362,364,366,367,370,372,373,374,375,376,377,379,381,386,388,389,390,392,393,396,397,398,400,401,402,404,408,411,413,418,420,421,424,425,426,430,431,432,433,434,436,437,439,442,445,447,448,452,453,454,455,457,459,464,466,468,471,475,477,478,479,480,484,487,488,490,497,498,502,503,510,517,523,525,526,529,545
10,22,26,27,29,30,31,32,33,34,36,37,38,40,42,43,44,45,46,47,48,49,50,51,53,54,55,56,58,59,61,62,65,66,67,68,69,70,71,74,75,76,78,79,80,81,82,83,84,85,86,87,88,89,90,93,94,95,96,98,101,106,107,108,114,116,117,118,119,121,124,127,128,129,130,131,133,136,137,138,140,142,146,147,150,151,152,154,160,165,166,169,170,172,178,179,180,181,184,185,188,189,190,192,195,206,210,214,218,220,222,234,235,238,239,240,244,246,247,248,250,252,254,256,257,261,264,265,269,270,271,272,273,274,275,276,277,280,281,283,284,285,286,287,288,289,290,291,292,293,294,296,297,301,302,304,305,306,307,308,309,310,312,313,314,315,316,317,318,319,320,321,322,324,325,327,328,329,330,331,332,333,334,335,336,337,338,339,340,341,342,343,344,345,346,347,348,349,350,351,352,353,354,355,356,357,358,359,360,361,362,363,364,365,366,367,369,371,373,374,375,377,378,380,382,383,384,386,387,388,389,390,392,393,396,397,398,399,400,401,403,408,413,414,415,416,421,422,424,425,429,430,431,432,433,434,435,436,437,438,439,441,444,445,446,447,448,452,453,454,456,457,458,459,460,461,462,463,469,470,471,474,475,476,477,481,482,484,485,486,488,492,495,498,502,505,510,512,519,526,573,576,586,654
11,30,31,32,33,35,36,37,38,39,40,41,42,44,45,46,47,49,50,51,52,55,58,62,65,66,67,68,70,71,72,74,75,79,82,88,90,91,93,96,97,98,101,102,104,105,106,109,110,112,116,119,122,123,125,127,129,130,131,134,135,136,139,140,141,142,144,145,147,148,150,151,152,153,154,155,156,157,158,159,165,171,179,180,181,182,185,187,189,192,195,197,200,201,202,205,209,211,212,213,214,215,218,221,224,229,233,234,236,237,238,239,241,242,243,245,246,248,249,250,251,252,253,255,258,259,260,262,264,265,267,268,269,270,271,272,273,274,276,279,280,281,283,285,286,287,288,289,290,291,292,293,294,295,296,298,299,300,301,304,305,308,309,310,313,314,315,316,317,319,320,321,322,323,324,325,328,329,330,334,336,337,338,339,340,341,345,346,348,349,351,352,353,354,355,356,365,369,370,371,374,375,377,378,379,384,385,386,388,389,394,396,397,398,399,400,403,407,411,412,414,416,417,420,429,430,431,434,437,439,441,444,449,456,463,464,468,470,474,476,480,481,483,487,495,503,507,656,694
12,23,26,29,30,31,35,37,38,41,42,44,45,46,48,49,50,51,53,54,55,56,57,58,59,60,61,62,63,64,65,66,68,69,70,71,72,73,77,78,79,80,81,87,90,91,94,95,97,100,102,108,109,116,123,125,129,130,131,132,133,134,137,139,143,146,148,152,154,155,160,161,165,170,172,177,182,185,186,188,191,192,198,199,200,204,206,208,211,214,218,219,220,221,222,223,224,237,241,242,243,244,245,247,251,253,256,258,259,260,261,262,263,266,267,268,269,270,271,272,274,275,276,277,280,281,282,285,286,287,288,289,290,292,293,294,297,299,300,301,303,304,305,307,308,311,312,313,314,315,316,317,318,319,321,323,324,326,327,329,330,331,333,335,336,337,339,340,342,343,345,347,348,349,350,351,352,353,357,358,359,360,361,362,364,367,368,370,372,373,376,377,378,379,381,382,386,389,391,394,395,397,402,407,408,413,414,415,417,418,422,425,435,438,439,443,444,447,449,450,451,453,455,457,459,465,472,473,485,491,504,512,569,580,593
13,16,24,25,26,27,31,33,35,36,39,40,41,44,45,46,47,50,52,54,55,56,59,60,63,64,65,66,67,68,69,73,74,75,76,77,79,81,82,83,85,86,87,88,89,90,91,92,93,94,96,97,98,99,100,102,104,106,108,110,119,123,125,126,127,128,129,130,132,133,134,135,142,143,145,149,151,153,154,156,157,159,160,161,162,164,169,170,171,172,173,180,181,182,187,188,193,195,197,199,208,214,220,222,224,225,230,237,242,244,245,246,248,250,251,252,258,260,267,269,271,275,278,280,282,283,284,285,286,287,288,291,294,295,296,297,298,299,302,307,309,310,311,312,314,315,317,318,319,320,321,323,326,327,329,330,331,332,333,334,335,336,337,340,343,344,347,348,350,351,352,353,354,355,356,357,358,359,360,362,363,364,365,366,367,368,370,373,374,375,376,382,384,387,388,389,390,394,395,397,398,399,400,401,403,404,412,414,415,417,419,420,421,423,424,425,426,427,428,429,430,432,433,434,435,437,441,447,455,457,461,464,467,470,476,478,479,485,501,506,508,516,540,664
14,26,36,37,40,41,44,45,46,47,48,49,51,52,54,55,56,57,58,60,61,62,63,67,68,69,74,76,77,79,81,82,83,84,86,87,92,93,94,96,99,103,106,108,111,114,121,127,129,131,132,136,137,138,139,140,143,145,146,147,148,150,151,153,154,160,161,163,164,166,168,179,180,183,190,192,194,197,198,203,207,208,210,211,214,216,217,218,221,222,223,224,227,231,234,237,239,240,243,246,248,250,251,253,257,259,260,261,262,263,264,274,275,277,278,279,280,281,283,285,286,287,288,294,301,302,305,308,313,315,316,319,320,324,325,326,332,334,335,338,339,340,341,343,345,346,347,355,359,360,361,365,367,368,369,374,377,380,385,388,392,394,395,411,412,414,415,416,419,425,426,430,431,438,440,446,447,451,456,460,462,467,469,480,481,488,489,495,502,516,527,593,611,679
15,22,26,28,32,35,36,37,39,43,44,45,46,48,51,53,54,56,58,59,60,61,62,63,65,66,67,68,70,71,72,73,74,75,77,78,79,80,82,85,87,89,91,92,94,95,97,98,99,104,106,112,113,122,123,125,127,129,131,134,139,143,144,147,148,149,150,151,152,154,158,159,163,164,166,167,170,173,174,175,186,193,195,198,201,211,219,221,236,237,244,245,247,248,249,251,252,254,255,257,258,260,261,266,268,269,270,271,272,273,276,277,279,281,283,284,287,288,289,291,292,293,294,295,300,302,303,306,308,309,311,314,316,317,319,320,321,322,323,324,325,326,327,328,329,331,333,334,337,338,341,343,348,350,354,355,356,357,359,361,363,364,365,366,367,368,369,373,374,375,377,380,382,383,385,388,391,398,402,412,415,417,419,422,425,430,433,434,438,447,454,455,456,458,464,470,475,494,499,583
16,31,34,36,37,38,39,40,41,43,44,45,46,47,48,49,50,51,52,53,56,57,58,59,61,62,63,64,65,66,68,69,70,72,73,75,80,81,82,83,84,88,89,90,92,93,95,96,97,98,102,107,109,112,125,128,129,130,131,132,134,139,140,141,142,144,146,148,150,152,154,156,157,158,159,161,162,179,186,187,193,196,197,200,203,211,218,222,228,230,235,237,249,254,255,259,261,268,270,271,275,281,285,289,296,301,305,307,312,322,323,326,327,330,332,335,337,339,340,343,344,350,352,357,360,361,363,367,369,374,376,380,381,384,387,391,392,394,395,396,398,399,401,404,409,410,421,424,425,426,428,432,434,435,441,442,453,458,460,462,466,480,482,485,499
17,18,22,26,27,29,35,43,44,45,46,47,49,50,51,52,53,55,56,57,58,59,61,62,63,64,66,67,68,70,71,73,74,75,76,77,78,79,80,81,84,88,90,92,93,97,111,121,129,130,135,136,138,142,145,147,150,151,154,155,159,160,162,163,166,167,171,179,186,187,189,190,191,192,198,201,203,204,208,214,216,219,220,224,228,230,232,243,247,253,256,261,263,264,271,274,275,276,277,279,281,282,283,284,285,286,287,289,290,291,292,293,294,296,297,299,301,304,305,308,311,314,315,316,320,321,322,327,328,330,331,334,336,339,340,341,342,343,345,346,349,356,362,364,365,368,370,371,373,375,381,382,385,386,388,390,394,397,408,414,420,428,432,433,438,439,443,452,453,460,467,556
18,34,36,37,38,39,40,41,42,43,44,45,47,48,49,50,51,52,54,55,56,57,61,62,63,65,66,67,69,70,71,72,73,74,77,78,79,81,82,83,84,85,86,87,89,90,91,92,93,94,95,97,98,99,100,101,102,107,109,110,111,119,124,125,126,128,129,130,131,133,135,137,138,141,142,146,150,151,157,158,161,162,165,167,168,170,172,182,189,193,196,200,201,208,211,212,215,217,225,235,245,255,260,261,264,269,273,275,277,279,284,285,288,292,293,295,299,303,306,307,308,310,311,317,319,321,336,342,348,350,352,353,354,356,357,358,361,362,363,364,365,366,369,370,372,379,380,382,383,387,389,390,391,392,393,394,396,397,402,405,408,411,416,417,423,427,433,436,438,450,455,465,470,479,480,483,493,501,503,518,539,635
19,9,30,35,36,38,39,40,42,43,44,45,46,47,48,49,50,51,52,53,54,55,56,57,58,59,61,62,63,64,65,66,67,68,69,70,71,75,76,77,78,79,80,84,87,89,92,95,96,100,104,109,112,114,115,117,120,131,137,139,140,143,144,148,149,150,152,153,154,155,156,159,160,161,163,164,168,169,174,176,177,178,179,184,186,190,193,194,195,196,197,198,200,201,202,205,206,209,211,215,221,225,226,229,230,231,232,233,234,236,237,238,239,241,244,246,253,254,255,256,257,258,259,260,264,268,270,271,272,274,275,276,277,279,281,282,283,284,285,286,287,288,292,293,295,301,304,307,310,319,320,324,329,334,336,338,341,343,349,350,352,354,355,356,358,360,363,367,372,374,378,381,383,387,393,398,410,424,428,436,438,440,451,457,459,484,511,574,620
20,32,34,37,38,39,40,43,44,45,46,47,49,50,51,52,53,54,56,57,58,60,61,62,63,64,65,66,68,69,70,71,72,73,74,75,76,77,78,79,80,81,82,83,84,85,86,87,88,89,90,91,92,93,94,95,96,97,98,100,101,102,103,105,106,107,108,109,111,112,121,126,127,128,129,130,131,132,133,134,135,136,138,139,140,143,145,146,147,150,151,153,154,155,156,157,159,161,165,170,172,174,181,184,187,188,192,193,202,206,207,212,214,217,223,224,225,226,227,228,229,232,234,239,240,242,244,245,250,255,256,258,261,262,264,265,267,268,271,273,274,275,280,282,283,284,285,287,289,290,299,302,304,305,307,310,311,313,315,318,321,323,324,325,327,328,330,334,339,349,352,357,358,359,360,362,368,369,370,372,374,375,377,380,387,389,390,394,395,407,408,409,410,412,415,416,422,426,427,428,431,432,440,446,448,449,455,461,462,469,480,501,509,522,601,651,691
21,36,38,39,40,42,44,45,46,47,48,49,50,51,52,53,54,55,56,57,58,59,60,61,62,63,64,65,66,67,68,69,70,71,72,73,74,75,76,77,78,79,80,81,82,84,85,87,88,90,93,94,95,96,97,98,99,102,103,104,106,107,108,111,112,113,115,116,117,118,119,120,121,122,123,126,129,130,131,132,134,137,138,139,141,143,144,145,146,148,149,150,151,152,153,154,155,156,157,158,159,160,162,164,165,168,169,174,175,177,179,182,184,186,187,189,190,193,196,198,199,200,202,204,205,207,209,210,211,214,216,218,222,223,225,226,227,228,229,230,231,233,234,235,237,240,241,242,243,244,245,246,247,248,249,253,254,255,259,260,261,262,264,265,268,270,272,275,276,277,278,279,280,282,286,290,292,296,298,303,306,309,311,316,320,323,334,371,374,375,376,385,390,399,403,405,406,422,429,430,431,436,437,452,456,458,460,483,489,498,500,519,553
22,18,30,32,33,38,39,40,41,42,44,45,48,49,50,51,52,53,56,57,58,59,61,62,63,64,66,67,68,69,70,71,73,74,75,76,77,78,79,80,81,82,83,84,85,86,87,88,89,90,91,92,93,94,95,97,98,99,100,101,103,104,105,106,107,108,109,110,111,114,115,121,123,127,128,132,133,134,135,136,137,138,139,142,143,144,145,146,147,149,150,151,152,153,154,155,157,158,159,161,164,165,166,167,170,171,174,176,178,179,183,185,186,188,189,190,192,193,194,195,196,197,199,201,202,203,204,205,206,209,213,214,215,218,220,221,222,223,225,226,227,229,230,232,236,237,238,241,243,244,247,248,251,252,254,255,256,257,258,260,262,263,265,266,268,269,270,272,274,276,277,278,282,283,284,285,286,289,291,293,294,296,298,301,302,304,306,307,310,311,313,314,316,318,319,321,326,335,337,342,352,356,357,360,372,380,384,385,387,388,389,390,392,393,394,399,401,404,405,406,408,410,417,419,421,424,427,429,430,433,434,438,441,443,455,458,459,463,466,469,473,480,481,502,516,518,520,554,560,575,644,680
23,36,39,40,41,42,43,44,45,46,47,48,49,50,51,52,53,54,55,56,57,58,59,60,61,62,63,64,65,67,68,69,70,71,73,74,75,76,78,79,81,82,83,84,86,87,88,89,91,93,95,96,97,98,99,100,101,102,105,106,107,109,110,111,112,113,114,115,116,118,119,120,121,122,123,124,125,126,128,132,134,138,140,141,142,143,146,147,149,150,151,152,154,155,156,157,158,159,160,162,163,167,168,169,171,173,175,176,178,179,181,182,184,186,187,190,191,193,194,195,196,197,198,199,200,201,202,204,205,207,208,211,212,214,217,218,219,220,221,224,225,226,227,228,229,230,232,233,234,235,237,238,239,242,243,246,248,250,251,253,254,256,258,259,261,262,263,265,266,267,273,274,279,280,281,283,285,288,290,292,294,295,297,298,299,301,305,309,316,340,346,347,353,368,370,372,376,377,393,402,409,428,438,451,455,457,464,467,469,489,496,498,511,517,594,646
24,38,39,40,41,42,43,44,45,46,47,48,49,50,52,53,55,56,57,59,60,61,65,67,68,69,70,71,72,73,74,75,76,77,78,79,80,81,82,83,84,85,87,88,89,90,91,92,94,95,96,97,98,99,100,101,102,103,104,106,107,109,110,113,115,116,117,118,119,120,121,123,127,128,133,134,136,137,138,140,142,143,145,146,148,150,153,154,155,157,159,160,161,162,163,165,170,172,173,174,175,177,178,180,184,185,186,189,190,191,192,193,194,196,198,200,201,202,203,206,207,209,211,212,216,217,218,219,220,223,224,225,226,227,228,229,230,233,237,239,240,241,242,243,244,247,249,253,254,257,259,260,261,262,264,265,266,267,268,269,270,272,273,274,277,279,280,282,285,287,288,290,292,293,294,295,296,298,299,300,301,303,307,308,310,312,316,318,319,324,327,329,331,332,333,336,345,347,351,353,382,383,402,418,419,420,421,427,428,435,437,439,448,449,450,456,458,461,475,480,494,496,501,529,531,598,663
25,30,38,39,42,44,45,46,47,48,49,50,51,52,54,55,56,57,58,59,60,61,62,63,64,65,66,67,68,69,70,71,72,73,74,75,76,77,79,80,81,83,84,85,87,89,90,91,92,93,94,95,96,97,98,99,100,101,103,105,106,107,108,109,110,111,112,113,114,115,116,117,118,119,120,125,126,127,128,129,130,131,133,135,137,138,139,140,144,145,146,147,148,149,150,151,152,154,155,157,158,160,161,162,163,164,165,166,170,171,172,174,175,177,182,183,185,186,188,189,191,192,193,195,196,197,198,200,201,202,203,204,206,207,208,209,210,211,214,215,216,218,219,221,222,224,225,226,227,228,229,230,231,233,234,235,237,238,240,241,242,244,246,248,249,250,252,253,254,256,257,258,260,261,262,264,265,267,269,270,275,277,279,282,285,286,287,293,295,306,333,335,337,338,345,374,376,386,400,404,411,416,423,435,446,456,462,504
26,38,39,40,43,44,45,46,47,48,50,51,52,53,54,55,56,57,58,60,61,62,63,64,65,66,67,69,70,71,72,73,74,75,76,78,80,81,82,83,85,86,87,88,89,90,92,93,94,95,96,97,98,99,100,101,102,103,104,105,106,107,108,109,110,112,115,116,118,119,122,124,126,128,130,136,139,141,142,143,146,147,148,149,150,151,152,153,154,155,156,159,160,163,164,165,166,168,169,170,171,175,176,179,181,183,185,189,191,192,194,196,197,199,201,202,203,206,208,210,211,212,216,217,220,221,223,228,230,233,235,236,239,242,243,244,247,257,260,261,262,264,265,269,270,272,278,283,286,287,291,292,296,297,300,301,302,303,308,310,312,313,314,315,324,332,344,358,363,371,378,381,385,406,415,417,428,430,431,434,435,442,452,458,477,480,624,680
27,36,46,47,49,50,53,54,55,56,57,58,59,60,61,62,63,64,65,66,67,68,69,70,71,72,73,74,75,76,77,78,79,80,81,83,84,85,86,87,88,89,90,92,95,96,97,99,100,101,103,105,107,108,109,110,112,114,115,118,122,123,125,126,128,129,130,132,133,135,136,138,140,141,142,143,144,147,148,149,150,151,155,157,159,160,163,164,165,166,167,168,169,170,171,172,173,174,176,177,182,183,184,186,189,190,193,194,195,196,197,198,200,201,202,203,205,206,208,209,211,212,213,215,216,217,218,219,220,222,225,226,227,228,229,230,231,233,234,237,238,239,240,241,242,243,244,245,246,247,248,250,251,252,253,256,258,260,261,266,267,272,275,278,280,284,288,289,290,292,293,295,296,302,306,312,318,326,332,391,396,416,428,430,443,448,590
28,31,37,40,41,44,45,46,47,48,49,50,51,52,53,54,55,56,57,58,59,60,62,63,64,65,66,67,68,70,71,72,74,75,76,77,79,80,81,82,83,84,85,86,88,89,90,91,92,93,94,95,96,97,98,99,100,101,102,103,104,106,107,108,109,110,111,112,113,115,116,117,118,119,120,121,122,123,124,125,126,128,129,136,139,140,141,143,145,146,147,148,149,150,151,152,153,155,156,157,159,160,161,163,164,165,167,168,169,170,172,173,179,181,182,187,189,192,195,196,197,205,207,209,210,211,212,213,217,221,222,223,225,226,228,230,231,233,234,236,240,241,242,244,245,246,249,250,251,255,256,259,264,273,275,276,278,280,281,283,284,285,288,289,299,304,306,307,308,311,315,319,324,326,345,410,411,418,419,425,430,431,438,439,445,455,473,474
29,29,41,42,43,44,45,48,50,51,53,56,57,58,59,60,61,62,63,64,65,66,67,69,70,71,72,73,74,75,76,77,78,79,80,81,82,83,84,85,86,87,88,89,90,91,92,93,95,96,97,98,99,100,102,103,104,105,106,107,108,109,110,112,113,114,116,122,126,127,128,130,132,134,136,138,139,140,142,146,147,148,149,150,152,154,155,156,157,161,162,165,167,168,170,172,174,175,177,178,180,181,182,184,185,186,188,189,190,191,192,194,195,196,197,198,199,200,204,205,206,209,210,212,213,214,216,217,218,220,221,222,228,230,234,236,237,238,239,241,242,243,246,248,249,250,251,253,254,257,258,260,264,266,267,269,270,271,272,273,275,280,281,282,284,285,286,287,292,296,304,306,309,312,319,325,328,341,360,365,403,438,439,449,481,551,567,609,652
30,33,39,42,44,45,46,47,48,49,51,52,53,54,55,56,57,58,59,60,61,62,64,65,66,67,68,69,70,71,72,73,74,76,78,79,80,82,83,84,85,86,87,88,89,90,92,93,94,95,96,97,98,99,101,102,103,104,105,106,107,108,109,110,111,113,114,115,116,117,119,120,121,122,123,124,125,127,130,131,132,135,136,137,138,139,141,143,144,146,147,149,150,151,153,154,155,156,157,159,160,161,162,163,164,165,166,167,168,169,170,171,172,173,174,175,176,179,180,181,182,183,184,185,186,187,188,189,190,191,192,195,196,197,198,199,200,201,202,203,204,205,207,209,212,217,218,220,223,225,229,231,232,233,237,240,241,250,251,252,253,255,259,260,265,273,276,278,279,285,292,293,304,311,322,326,340,441,453,471,575,617
31,32,34,35,36,38,41,42,43,44,45,46,48,49,50,51,52,53,54,55,58,59,60,61,62,63,65,66,67,68,69,70,71,72,73,74,75,76,77,78,79,80,83,84,85,86,87,88,89,90,91,92,93,94,95,96,97,98,99,100,101,102,103,105,107,108,109,110,111,112,113,114,116,117,118,119,121,122,123,124,125,126,127,128,129,131,133,134,136,137,138,139,140,144,145,153,154,155,157,159,161,163,167,169,170,171,173,174,175,178,180,181,188,190,192,193,194,197,198,200,201,203,204,205,207,208,209,211,213,214,215,216,217,220,221,222,226,227,230,232,233,236,237,245,246,255,256,258,260,262,263,265,269,270,272,275,276,278,279,281,283,285,286,287,288,294,297,298,300,312,313,316,326,327,329,332,338,339,343,344,662,695
32,30,39,42,46,48,49,50,51,53,54,55,56,57,58,59,60,61,63,64,65,66,67,68,71,72,74,75,76,77,78,79,82,83,85,86,88,90,91,93,94,97,98,101,102,103,104,105,107,108,109,110,111,112,113,115,117,119,122,123,125,127,131,133,137,138,140,142,143,145,146,147,148,150,152,153,154,155,157,158,160,161,163,164,165,166,167,169,170,171,172,173,174,175,176,177,178,181,183,185,186,187,189,190,191,192,193,194,196,197,198,200,201,202,203,204,206,207,208,210,211,214,217,219,221,239,243,245,249,253,254,257,263,269,270,277,280,282,288,314,316,325,331,343,357,431,538,559
33,32,41,42,45,47,48,50,51,52,53,55,57,58,59,60,62,63,64,70,71,72,73,76,77,81,82,83,84,85,87,88,89,90,91,93,94,95,97,99,100,101,102,103,104,105,106,107,108,109,110,112,113,114,115,116,118,119,120,121,122,123,126,128,131,132,134,135,136,139,140,142,144,145,146,148,149,150,151,152,153,154,156,158,159,164,166,167,170,171,172,174,177,178,182,184,185,186,187,188,189,191,193,194,196,198,201,202,204,207,214,218,229,231,232,233,238,239,243,247,250,251,253,256,275,285,291,296,327,340,512
34,34,36,44,47,49,51,52,54,56,58,59,60,61,62,63,64,65,66,67,68,69,70,71,72,73,74,75,76,77,78,79,80,82,83,84,86,87,88,90,91,92,94,95,98,100,101,102,103,104,106,109,110,111,116,117,121,123,125,126,127,128,131,136,138,140,141,149,150,154,155,156,158,161,162,165,167,168,170,171,172,173,174,175,176,177,178,179,180,182,184,185,186,187,188,189,190,192,193,194,195,197,198,199,203,204,205,207,208,209,218,219,223,225,227,228,229,230,231,232,234,236,244,253,254,255,259,261,262,266,270,272,282,292,300,304,364,544,590,593
35,14,35,36,42,44,45,47,50,51,52,53,54,55,56,57,60,61,62,63,64,66,67,68,69,70,72,73,74,75,76,77,78,79,82,84,86,87,89,91,92,94,95,96,97,98,99,100,101,102,103,104,105,106,108,110,111,112,114,116,120,121,122,124,131,133,135,138,140,142,143,145,146,147,151,152,153,154,157,160,161,162,164,165,168,170,171,177,178,179,181,183,184,185,193,195,197,198,202,207,208,210,211,218,219,242,249,250,252,275,279,293,297,298,303,379,399,662
36,44,48,50,51,52,55,57,58,59,60,62,63,64,65,66,68,69,70,71,72,73,74,75,76,77,79,80,82,83,84,85,86,87,88,89,90,91,92,93,94,95,96,97,98,99,100,102,103,104,105,106,107,108,113,114,117,119,120,121,122,123,125,126,136,141,145,148,153,154,155,157,158,160,161,163,165,167,168,169,170,171,173,174,176,177,179,180,182,183,185,186,188,189,190,191,192,196,198,199,200,203,204,206,207,209,212,215,217,218,221,223,224,228,231,233,234,236,237,238,242,248,257,262,264,267,277,281,284,286,295,302,307,325,332,349,370,653,679
37,43,52,53,54,55,56,57,58,59,60,62,63,64,65,66,67,68,69,70,72,73,75,76,77,78,79,80,81,83,86,89,94,96,97,98,100,101,103,105,106,107,109,111,112,113,114,115,116,118,119,120,124,125,126,127,132,137,141,143,148,149,151,153,155,156,160,161,164,165,166,173,174,175,176,177,178,181,182,184,185,188,190,191,192,195,196,197,199,200,202,203,206,207,208,209,210,211,212,213,220,221,227,236,247,299,300,302,321,327,342,457,582,613,635
38,35,42,44,45,46,49,53,55,56,57,58,60,62,64,69,70,71,72,76,78,79,80,81,82,86,87,88,90,91,92,93,94,95,97,98,99,100,101,103,104,105,106,107,108,110,111,112,113,116,117,120,121,122,123,124,125,126,127,129,146,149,150,155,156,164,166,169,174,179,181,185,186,189,191,207,213,215,222,225,262,264,268,277,339,345,362
39,25,44,45,63,66,67,68,71,74,75,78,84,88,89,90,91,92,95,96,97,98,99,100,101,102,103,104,105,108,109,110,112,113,114,115,116,117,123,126,127,144,151,155,162,168,169,172,173,176,178,187,189,195,198,205,220,238,239,270,285,431
40,46,49,63,69,83,90,94,96,99,100,108,111,113,114,116,121,122,123,125,131,132,133,137,144,149,158,160,204,240,283
41,88,345,394,505,599
42,215,454,522,679
43,251,467,468,474,546,696
44,532
45,54,210,522,599
46,643,645,661
47,372,431,679
48,14,254,571,633,662,696
49,40,383,571
50,451,465,480,556,688
51,164,192,282,584
52,137,544,563
53,11,107,378
54,428,626,636,640
55,209,303,456,626,676,687
56,485,622
57,159,187,440
58,84,352,531,676,689,692
59,563
60,41,73,106,433,485,512,564
61,394,682
62,477
63,198,504,595
64,129,453,480,567
65,5,235,458,573
66,285,291,404,608,659
67,99,101,170,561,671
68,30,43,49,77,269,402,554,564,631,646
69,243,593
70,133,162,428,632,686
71,179,417,491,532,586
72,44,57,168,249
73,39,492,583,637
74,33,112,316,381,404,525,629
75,3,96,341
76,355,433,439
77,234,257,342
78,239,249,388,489,583
79,74,152,244,282,594
80,25,363,441
81,56,67,180,212
82,
83,
84,
85,
86,
87,
88,
89,
90,
91,
92,
93,
94,
95,
96,
97,
98,
