13
0,634
1,124,377,558,673
2,20,340,423,517
3,120,410,516,520,542,642
4,77,86,315,637
5,73,90,119,126,193,292,446,511,566,593
6,68,71,74,75,81,83,87,88,90,93,98,99,100,101,103,104,105,106,107,109,110,111,124,125,128,132,133,135,136,138,139,143,146,147,164,166,181,312,382,578
7,63,68,69,70,72,74,77,78,79,80,81,82,83,84,85,86,87,89,90,91,92,93,94,95,97,98,99,100,101,102,104,106,107,108,109,112,114,115,116,117,120,122,123,124,125,126,128,129,131,132,133,134,136,139,140,141,144,145,146,147,152,154,156,158,159,161,162,165,166,167,168,169,170,171,172,173,174,176,177,178,179,180,181,182,183,184,185,186,187,188,189,190,191,192,193,194,195,196,197,198,199,200,201,202,203,204,205,206,207,208,209,210,213,214,215,219,220,221,224,226,227,232,233,234,235,240,241,247,250,251,252,254,255,256,258,277,281,330,335,341,370,372,645
8,60,65,66,67,69,71,72,73,76,77,78,79,80,81,82,83,84,85,86,87,88,89,90,91,92,93,94,95,96,97,98,99,101,102,103,104,105,106,108,111,112,113,114,115,117,118,119,120,121,122,123,124,125,126,128,129,131,132,135,139,141,142,143,149,150,151,158,161,162,163,165,166,167,168,169,171,172,173,174,175,176,178,179,180,181,182,183,184,185,186,187,188,189,190,191,192,193,194,195,196,197,198,199,200,201,203,204,205,206,207,208,209,210,211,212,213,214,215,216,217,218,219,220,221,222,223,224,225,226,227,228,229,230,231,232,233,234,236,237,238,239,240,242,243,244,245,246,247,248,249,250,251,252,253,254,256,257,258,260,261,262,263,264,266,267,270,271,275,277,278,281,286,288,290,291,293,295,301,307,309,312,315,320,324,340,368,403,543,599
9,59,62,64,68,69,71,72,73,74,76,77,78,79,81,84,86,87,88,89,90,92,93,94,95,99,102,103,108,111,112,113,117,121,123,125,126,127,128,129,132,133,134,137,140,141,144,145,146,152,153,158,159,162,166,170,171,172,173,176,177,180,182,184,185,187,191,192,194,195,196,201,202,206,208,210,212,213,216,218,219,220,221,224,225,226,228,230,232,234,235,236,237,238,239,244,250,252,253,256,260,262,266,267,268,269,271,273,275,281,282,285,287,288,312,313,316,353,374,390
10,47,63,66,67,68,69,70,71,72,73,74,76,77,78,79,80,85,86,87,88,89,91,92,96,100,101,102,127,135,139,149,160,162,163,166,167,171,186,196,207,257,270,293,303,311,328,354,387,389,553
11,63,64,65,67,68,69,70,71,73,74,75,77,79,80,83,84,85,86,87,88,90,91,92,93,94,95,96,99,100,102,103,104,105,106,107,108,109,110,112,113,115,120,121,123,127,130,135,137,142,143,149,150,152,153,155,156,160,166,167,168,169,170,173,174,175,177,178,179,182,184,185,187,189,190,191,192,194,195,197,198,199,203,206,207,211,212,214,217,218,219,220,222,223,224,225,226,227,228,229,230,231,233,234,236,237,239,240,243,244,249,250,257,258,275,279,282,283,291,295,301,312,330,373,396,458,679
12,61,65,66,67,68,69,70,71,74,75,76,77,78,79,81,89,90,94,95,96,97,98,99,100,101,102,103,104,107,108,110,111,118,119,121,122,123,125,127,128,129,130,131,132,133,134,135,139,140,141,142,144,148,152,153,154,155,156,160,164,171,173,177,181,182,183,187,190,192,194,195,196,197,205,207,212,213,214,215,217,219,220,222,226,229,230,231,233,234,235,237,238,239,240,242,245,246,247,248,250,251,252,253,254,255,256,258,259,260,261,262,263,264,267,268,270,271,274,275,276,277,278,279,280,282,283,285,286,287,289,290,291,294,295,297,301,304,312,313,314,318,319,320,321,326,332,335,338,350,355,356,357,363,369,371,372,375,379,394,396,405,409,417,577
13,45,60,63,66,67,69,70,72,73,74,75,76,81,82,83,84,85,86,88,89,92,95,99,100,105,106,111,116,152,154,169,184,203,204,208,213,216,219,228,232,233,237,240,241,242,247,249,252,254,261,263,265,267,269,274,276,278,281,285,298,304,320,343,362,373,392,481
14,72,76,77,78,79,80,81,82,83,84,85,86,87,88,89,90,91,92,93,94,95,97,99,101,103,104,105,106,108,109,111,112,115,116,117,118,119,120,122,124,125,126,131,140,144,145,148,150,159,165,167,168,169,171,173,174,175,178,180,181,182,187,196,198,206,209,210,211,215,216,219,221,222,224,226,228,230,233,234,235,238,244,248,251,253,254,256,259,260,263,264,268,270,282,293,298,299,302,305,341,342,343,405,447,587
15,15,22,43,64,74,77,78,79,81,83,84,85,86,88,91,92,94,95,96,100,101,103,104,105,107,109,110,111,112,115,116,117,119,120,121,122,123,125,126,127,131,133,134,136,139,141,142,143,149,151,158,161,165,167,168,169,172,175,179,180,181,183,184,186,188,191,194,195,198,200,201,202,203,204,206,207,212,213,214,221,224,225,226,227,228,229,230,231,232,234,235,236,237,238,239,240,241,242,243,244,245,246,247,248,249,250,251,252,253,254,258,259,260,261,262,263,264,265,266,267,268,269,271,272,273,274,275,276,277,279,280,281,282,283,285,286,287,288,289,290,291,292,293,294,295,296,297,298,299,301,302,303,304,305,306,307,308,309,310,311,312,313,314,316,317,319,320,322,323,324,325,327,329,330,331,333,337,338,339,340,341,342,343,344,347,348,349,353,354,355,356,357,358,359,360,362,363,364,369,370,371,372,373,377,379,382,384,387,390,404,406,417,419,427,433,440,444,446,460,519
16,76,77,80,83,84,85,86,87,88,91,93,94,95,97,98,100,101,104,105,106,107,108,109,110,111,113,114,115,116,119,120,121,122,124,125,132,133,138,142,143,145,146,147,150,159,165,172,174,176,177,185,186,188,189,191,192,193,196,197,198,199,202,207,208,210,211,217,219,222,223,225,226,227,228,230,231,232,234,235,238,241,247,248,250,251,255,256,257,258,259,260,261,262,263,264,265,266,267,268,269,270,271,272,273,274,275,276,277,278,279,281,282,283,284,285,286,287,288,289,290,291,292,293,294,295,296,298,299,300,302,304,306,307,308,309,310,312,313,314,315,318,319,320,322,323,324,325,326,327,328,329,330,331,332,333,334,335,336,338,339,340,341,343,344,345,347,349,350,351,352,353,355,357,359,363,365,366,367,369,372,375,382,387,391,404,405,407,408,411,412,415,420,421,424,433,434,436,452,483,645
17,53,61,82,84,87,88,91,93,96,97,98,100,101,107,112,113,114,115,120,124,130,131,137,141,145,149,154,168,169,172,178,179,181,186,188,192,195,197,199,202,221,223,229,230,235,237,241,242,244,245,246,249,250,251,254,255,256,257,258,260,261,262,263,266,267,269,270,272,274,275,276,278,279,280,281,282,283,284,285,287,288,289,290,292,293,294,295,296,297,298,300,302,303,304,305,306,307,308,309,311,314,317,318,319,320,321,322,326,327,328,330,331,332,335,336,338,339,341,343,346,347,348,350,351,353,354,356,357,359,361,363,366,368,369,374,376,382,385,386,387,388,392,395,396,400,402,404,407,410,413,414,420,422,424,425,428,435,436,441,449,451,456,487,699
18,17,86,89,94,96,97,99,100,103,104,106,107,108,109,111,113,115,116,121,122,126,128,129,130,131,146,152,153,154,157,178,181,186,194,196,200,202,205,208,211,214,216,217,220,224,237,240,246,247,248,250,254,255,256,259,263,265,266,267,268,269,270,271,272,274,275,278,281,282,283,285,286,288,292,293,294,295,296,297,298,300,301,303,305,306,307,308,311,312,313,314,315,316,318,319,320,321,322,324,326,327,328,329,330,331,333,334,336,337,338,339,340,341,342,343,344,345,346,347,348,349,351,352,353,354,356,358,359,361,362,363,364,367,368,369,370,372,377,378,379,380,381,383,386,387,388,389,390,393,394,396,397,398,399,403,407,408,410,413,416,417,420,421,422,426,429,430,432,433,434,439,447,448,451,452,457,463,507,690
19,83,89,91,95,99,101,105,106,108,109,112,115,116,117,131,134,136,138,143,147,165,172,175,181,192,195,205,207,211,215,217,219,232,235,236,239,241,242,243,244,250,251,255,257,258,261,263,264,265,269,270,271,274,275,276,277,278,280,283,284,286,287,290,292,293,294,297,298,299,300,302,304,306,308,310,311,312,313,314,315,318,319,320,324,325,329,332,333,335,336,338,339,340,342,345,346,347,348,349,351,352,353,356,357,358,359,361,362,365,367,368,369,370,371,373,374,377,378,379,382,384,385,386,387,388,390,393,395,398,400,401,402,403,404,405,409,411,414,416,420,421,425,427,430,432,436,438,439,440,442,443,446,450,451,452,459,464,466,467,468,469,470,471,472,474,475,476,481,485,488,501,510,512,540,657,687
20,86,89,90,92,94,96,97,99,100,101,103,107,108,111,113,119,140,141,151,189,192,204,213,226,230,237,238,253,257,264,266,267,268,269,271,273,276,277,278,280,281,286,287,288,290,291,294,295,296,297,298,302,303,304,305,306,307,308,309,310,311,312,313,314,316,318,319,322,324,325,326,327,328,329,330,331,332,333,337,339,340,345,346,347,349,351,352,354,355,356,357,358,359,361,363,364,368,369,370,371,372,373,375,376,377,378,379,380,381,384,385,386,389,390,391,392,393,394,398,400,402,405,407,409,413,415,418,420,422,425,426,427,429,433,434,437,439,441,442,461,464,473,474,479,481,490,491,499,501,504,511,512,515,540
21,69,94,95,97,99,103,105,106,108,112,118,120,121,134,136,138,142,143,149,152,153,188,189,192,228,236,241,242,243,250,256,257,260,263,264,268,269,270,272,275,276,277,279,281,282,284,285,287,288,289,290,291,292,293,296,298,300,301,302,304,305,306,307,309,311,312,317,321,322,323,324,325,326,328,330,334,336,338,340,342,343,344,347,348,349,352,353,354,357,358,359,360,361,363,365,366,367,368,373,374,375,376,380,382,384,385,386,387,391,395,396,397,399,400,402,403,407,411,412,413,414,415,418,420,433,436,440,443,444,449,455,456,459,466,468,471,473,479,485,494,499,510,511,517,521,526,554
22,79,86,93,97,99,105,111,115,117,120,122,123,124,129,134,143,157,179,187,189,192,194,198,203,213,241,250,251,253,255,260,266,275,277,279,281,283,286,287,288,290,292,294,295,297,299,300,302,303,304,305,307,308,309,310,315,316,318,319,321,322,323,324,325,326,329,331,333,337,340,342,345,353,356,357,358,359,360,363,364,368,372,375,377,378,383,385,386,388,389,390,391,393,395,396,403,404,405,407,410,414,415,416,421,422,425,426,428,433,434,436,439,443,445,447,448,451,453,454,456,463,468,480,481,493,501,508,532,694
23,86,89,92,95,99,100,101,102,105,109,110,112,113,114,116,118,124,131,134,145,147,153,154,158,160,165,172,186,195,197,198,201,202,203,204,232,233,234,240,241,245,256,259,262,266,267,272,278,279,281,283,286,287,289,290,292,294,297,300,301,302,303,306,307,308,310,313,315,316,318,319,320,321,325,326,327,329,332,333,334,335,339,340,341,342,343,346,347,353,356,367,370,373,376,379,387,388,396,398,406,408,410,413,415,418,421,429,433,434,442,451,452,457,460,487,492,547,549
24,30,90,94,97,98,103,105,107,108,109,110,111,115,116,117,121,124,125,145,149,152,156,158,168,177,179,180,193,198,210,232,238,247,251,252,255,259,261,263,264,266,269,271,272,273,277,279,280,282,284,286,287,296,298,299,301,304,309,313,316,319,321,324,327,328,331,333,334,335,337,339,341,342,343,354,355,356,357,358,360,370,371,375,378,379,381,383,385,390,393,396,397,398,399,403,405,406,412,413,420,421,424,426,431,434,438,439,441,449,452,456,469,477,478,482,487,488,489,527,531,533,610,622
25,87,95,96,97,106,116,117,120,126,127,133,140,145,150,179,181,185,197,201,207,208,216,218,220,230,238,242,245,248,256,261,262,267,268,270,279,288,289,291,292,293,295,298,299,300,301,302,303,304,306,308,309,310,312,313,314,317,325,327,330,331,332,333,335,336,341,344,345,346,348,349,351,352,355,358,364,365,368,372,373,375,378,381,382,384,385,387,388,389,391,394,398,399,406,407,411,417,418,422,426,433,440,444,449,450,460,468,473,476,478,483,491,495,518,533,554,579,639
26,100,101,103,104,105,106,107,109,112,119,120,121,122,123,125,128,130,131,132,133,137,140,146,151,177,184,188,191,193,220,230,237,240,252,256,257,258,272,274,275,276,283,284,285,290,297,299,300,301,302,304,306,308,309,311,312,313,314,315,316,318,319,320,324,328,329,332,333,335,351,355,357,361,362,363,364,365,366,369,371,372,378,379,380,381,382,384,388,389,400,401,402,404,405,408,422,426,432,434,435,438,439,444,445,471,475,515,535,539
27,96,100,102,103,106,107,109,111,113,119,121,122,128,136,141,143,144,145,147,149,150,151,154,155,161,166,181,194,197,202,238,243,244,250,252,257,261,269,270,274,280,284,285,287,290,293,296,303,304,305,307,308,309,312,315,317,320,323,325,326,332,333,341,343,346,350,357,360,361,368,370,373,390,391,395,396,398,401,403,405,407,414,417,420,429,435,436,439,440,442,443,449,453,455,463,479,486,500,505,509,512,529,536
28,75,99,100,101,108,109,110,112,113,118,128,135,137,140,144,148,156,160,172,173,176,190,203,208,211,214,219,227,229,236,237,239,246,247,250,252,253,258,259,261,264,276,277,281,283,287,288,292,295,297,301,308,310,311,314,316,320,322,323,324,347,350,352,354,356,360,366,368,370,375,377,379,385,386,396,401,404,426,430,440,447,451,470,481,502
29,63,89,98,103,106,110,117,123,126,128,135,136,138,141,143,149,157,159,183,191,192,194,196,206,230,233,244,246,248,254,256,260,266,270,272,276,278,281,284,285,287,288,291,293,295,296,300,301,305,308,309,312,313,316,320,324,332,334,342,346,349,351,356,364,365,366,369,370,371,372,374,385,387,394,397,398,400,401,402,403,405,409,410,424,425,429,443,448,458,482,483,496,523,527,549,597
30,88,92,96,99,104,105,107,111,112,113,115,117,122,126,128,132,133,137,148,149,150,152,155,157,197,206,216,244,246,248,251,256,260,263,265,266,276,278,283,286,290,291,292,293,298,308,312,313,314,317,319,325,328,331,334,335,336,342,343,345,347,351,352,353,356,358,359,360,362,370,375,377,385,398,402,405,411,413,415,419,434,437,439,448,451,455,456,462,496,507,516,582,679
31,41,98,99,102,103,105,109,110,113,124,126,135,138,140,146,150,155,193,194,197,203,208,212,215,217,220,236,251,252,254,262,270,271,274,276,280,282,299,300,309,313,320,322,325,329,339,343,348,359,367,374,378,382,383,384,389,393,397,414,427,429,431,435,437,462,467,468,513,514,555,581,618,642,689
32,80,108,109,112,113,114,115,116,118,120,125,128,129,130,134,135,136,139,141,144,145,152,153,169,183,202,242,249,251,252,254,255,256,257,261,262,263,268,273,282,289,290,291,292,295,296,300,306,309,311,312,315,317,320,324,333,335,341,346,350,358,361,365,380,382,389,394,397,401,403,418,420,430,433,443,478,497,503,507,540,694
33,99,114,122,123,124,125,127,133,134,138,140,144,145,146,147,148,149,158,168,175,190,200,204,206,214,217,252,253,254,255,256,258,259,261,262,263,266,267,270,271,275,286,297,300,305,316,319,344,360,361,363,364,366,367,372,373,375,377,378,381,385,386,389,397,399,402,423,431,434,463,475,477,493,498,539
34,36,75,107,109,111,112,113,114,115,116,121,122,124,125,128,130,133,135,136,137,138,141,142,143,145,151,155,156,158,162,174,176,178,179,187,189,243,248,253,259,260,265,266,272,273,274,275,276,277,280,283,284,285,287,291,293,302,305,308,311,314,319,323,327,340,356,368,373,375,390,391,420,438,491,499,515,517,655
35,109,112,114,121,122,127,133,136,137,138,141,142,143,144,145,146,150,151,153,154,157,159,161,165,166,171,190,191,201,205,206,210,211,214,216,219,221,229,230,243,249,253,254,259,261,264,266,268,270,278,281,285,290,294,295,297,299,304,305,308,309,311,312,313,316,319,335,351,353,372,376,379,386,389,394,414,416,426,429,434,437,439,441,454,474,498,512,522
36,59,96,103,109,110,111,112,113,115,116,117,119,121,122,123,128,130,131,133,135,136,138,140,142,150,151,153,155,165,167,172,173,175,177,182,193,196,200,201,207,208,213,220,221,222,224,228,229,231,243,244,247,255,259,261,264,271,272,276,277,280,285,286,287,294,300,303,307,309,312,318,370,385,387,390,397,407,444,445,448,453,457,521,528,559,687,695
37,41,115,119,120,121,124,125,127,128,129,133,135,136,139,140,141,143,144,150,152,153,155,166,167,170,172,175,180,194,201,205,208,211,214,215,219,221,222,224,233,240,262,264,267,270,271,275,283,285,286,287,289,302,304,305,307,310,311,316,319,385,407,422,428,438,460,468,488,498,504,541
38,111,115,124,128,130,132,139,140,143,144,150,152,154,155,157,159,174,175,179,180,209,218,219,226,233,235,259,300,319,332,367,395,649,685
39,66,113,124,125,126,129,130,132,133,135,136,137,139,140,142,143,144,148,149,163,166,167,172,174,195,204,220,221,225,239,247,272,277,332,337,485,600,670
40,90,123,126,127,129,130,133,134,142,147,153,156,162,177,185,188,196,197,199,209,212,216,217,220,223,228,231,232,234,254,267,326,668
41,11,122,126,127,129,130,132,134,135,136,141,142,144,148,153,154,156,163,164,165,169,181,186,190,194,216,218,219,221,224,229,231,234,243,250,345,503,602,656
42,22,124,130,133,137,138,142,153,158,166,184,197,200,214,218,219,221,222,224,236,239,244,310,540,566
43,133,136,139,140,144,147,149,157,158,164,182,190,191,202,222,224,227,229,231,232,236,238,243,244,247,256,313,458
44,35,48,152,153,156,175,179,180,182,221,223,234,238,251,252,274,545
45,148,149,154,158,159,160,163,167,169,170,172,178,229,248,667
46,132,134,139,143,149,163,167,171,185,187,191,250,260,328,486,587,611
47,30,38,135,151,169,559
48,51,79,134,210,675
49,89,411
50,5
51,347,611
52,530,655
53,635,641,645,674,677
54,18,45,498,513,629,635,641
55,248,428,631,653,670
56,97,107,387
57,30,401,592,607
58,92,196,329,352,403,415
59,105,253,699
60,99,175,190,563,649
61,4,32,161,163,201,224,266,472,571,617
62,127,156,188,372,606,667
63,80,121,176,559,569,651
64,65,223,238,612
65,11,185,458,654
66,11,13,136,266,292,329,392,546,559
67,1,32,577,668
68,528,576
69,18,99,181,467,531
70,4,54,257,309,514
71,154,398,504
72,77,280,327,594,660
73,39,87,173,318,363,518
74,19,87,207,446
75,11,247,283,384,493,692
76,391,481,483,495,560,631
77,66,241,297,353,359,429,611,616
78,73,100,141,218,256,258,362,500
79,190,355,666,681
80,340,608
81,
82,
83,
84,
85,
86,
87,
88,
89,
90,
91,
92,
93,
94,
95,
96,
97,
98,
