3
0,662
1,127,145,156,184,253,452,453,481,521,542,688
2,44,80,118,163,298,427,543
3,19,180,238,297
4,10,224,296,317,383,604,633
5,435,692
6,349,531,568,630,639
7,144,145,289,432,540
8,85,97,150,313,347,409,503,610
9,122,124,259,319,463,517
10,37,77,86,104,162,178,313,318,380,513,620
11,258,317,582
12,7,194,245,367,650,689
13,106,275,420,619
14,4,195,216,309,537
15,12,30,162,182,336,590,649
16,52,158,566
17,38,60,128,211,569,669
18,70,145,267,290,339,541,588,635
19,45,55,58,77,291,413,424,468,498
20,37,38,45,46,47,49,50,51,52,53,54,55,56,57,65,68,160,218,225,233,276,298,425,651
21,36,39,41,42,43,44,45,51,52,54,55,56,57,58,59,60,61,63,64,65,66,67,68,69,70,71,74,77,79,80,84,85,128,220,249,410,596
22,36,38,43,46,48,50,51,52,53,54,55,56,57,58,59,60,61,62,63,64,65,66,67,68,69,70,71,72,73,74,75,76,77,78,79,80,81,82,83,84,85,87,88,89,90,91,92,94,95,102,145,211,568,589,610,623
23,35,42,43,44,45,47,48,49,50,51,52,53,54,55,56,57,58,59,60,61,62,63,64,65,66,67,68,69,70,71,72,73,74,75,76,77,78,79,80,81,82,83,84,85,86,87,88,89,90,91,92,93,94,95,96,97,98,99,100,101,102,103,104,105,106,107,108,109,110,111,112,113,114,115,116,117,120,122,124,127,130,134,140,146,147,149,150,151,152,155,157,158,166,169,170,172,173,177,180,181,182,183,186,197,201,202,203,261,305,382,394,412,682
24,31,47,48,49,50,51,53,54,55,56,57,58,59,60,61,62,63,64,65,66,67,68,69,70,71,72,73,74,75,76,77,78,79,80,81,82,83,84,85,86,87,88,89,90,91,92,93,94,95,96,97,98,99,100,101,102,103,104,105,106,107,108,109,110,111,112,113,114,115,116,117,118,119,120,121,122,123,124,125,126,127,128,129,130,131,132,133,134,135,136,137,138,139,140,141,142,143,144,145,146,147,148,149,150,151,152,153,154,155,156,157,158,159,160,161,162,163,164,165,166,167,168,169,170,171,172,173,174,175,176,177,178,179,180,181,182,183,184,185,186,187,188,189,190,191,192,193,194,195,196,197,198,199,200,201,202,203,204,205,206,207,208,209,210,211,212,213,214,215,216,217,218,219,221,222,223,226,227,228,230,235,241,242,243,244,246,248,249,250,251,259,266,284,289,519,547,613
25,44,47,49,50,51,52,53,54,55,56,57,58,59,60,61,62,63,64,65,66,67,68,69,70,71,72,73,74,75,76,77,78,79,80,81,82,83,84,85,86,87,88,89,90,91,92,93,94,95,96,97,98,99,100,101,102,103,104,105,106,107,108,109,110,111,112,113,114,115,116,117,118,119,120,121,122,123,124,125,126,127,128,129,130,131,132,133,134,135,136,137,138,139,140,141,142,143,144,145,146,147,148,149,150,151,152,153,154,155,156,157,158,159,160,161,162,163,164,165,166,167,168,169,170,171,172,173,174,175,176,177,178,179,180,181,182,183,184,185,186,187,188,189,190,191,192,193,194,196,197,198,199,200,201,202,203,204,205,206,207,208,209,210,211,212,214,216,217,219,220,221,222,223,224,225,226,227,228,229,231,232,233,234,235,236,237,238,239,240,242,243,244,245,246,247,248,249,250,251,252,254,255,256,257,258,259,260,261,262,263,264,265,269,270,271,272,273,274,275,276,278,279,280,281,282,283,284,285,289,290,291,294,296,297,298,300,302,303,305,309,313,314,319,320,321,323,330,331,337,339,351,363,369,406,416,549
26,44,45,46,47,49,50,51,52,53,54,55,56,57,58,59,60,61,62,64,65,68,69,70,71,72,74,75,76,77,78,79,80,81,82,83,84,85,86,87,88,89,90,91,92,93,94,95,96,97,98,99,100,101,102,103,104,105,106,107,108,109,110,111,112,113,114,115,116,117,118,119,120,121,123,124,126,127,128,129,130,131,135,138,139,140,141,142,143,144,145,146,147,148,149,150,151,152,153,154,155,156,158,159,160,161,162,163,164,165,166,167,168,169,170,171,172,173,174,175,176,177,178,179,180,181,182,183,184,185,186,187,188,189,190,191,192,193,194,195,196,197,198,199,200,201,202,203,204,205,206,207,208,209,210,211,212,213,214,215,216,217,218,219,220,221,222,223,224,225,226,227,228,229,230,231,232,233,234,235,236,237,238,239,241,242,243,244,245,246,247,248,249,251,252,253,254,255,256,258,260,261,262,263,265,266,267,268,269,270,271,272,273,274,275,276,277,278,279,280,281,282,283,284,285,287,289,290,292,293,295,296,298,299,300,301,302,304,306,308,309,310,313,314,315,316,322,333,336,348,350,354,355,376,425,439,444,478,618,638,683
27,42,43,44,45,46,47,48,49,50,51,52,53,54,55,56,57,58,59,61,62,63,64,65,66,67,68,69,70,71,72,73,74,75,76,77,78,79,80,81,82,83,84,85,86,87,88,89,90,91,92,93,94,95,96,97,98,99,101,102,103,104,105,106,107,108,109,110,112,114,115,116,118,120,122,124,127,128,129,130,131,132,133,136,139,140,142,146,147,148,149,150,151,152,153,154,155,156,159,160,161,162,163,164,165,166,167,168,169,170,171,172,173,174,175,176,177,178,179,181,182,183,185,186,187,188,189,190,193,195,196,197,198,199,201,202,203,204,205,206,207,208,209,210,211,212,213,214,215,216,217,218,219,220,221,222,223,224,225,226,227,228,230,231,232,233,234,235,236,240,241,242,243,246,249,250,252,253,254,255,256,257,258,259,261,262,263,264,265,267,269,270,271,272,276,277,281,283,285,286,288,290,293,295,296,301,305,308,312,316,319,320,323,328,329,331,344,350,355,403,411,558
28,23,41,43,47,48,49,50,51,52,53,54,55,56,57,58,59,60,61,62,63,64,65,67,68,69,70,72,73,74,75,76,77,81,82,83,84,85,86,87,89,91,92,93,94,95,96,97,98,99,100,101,102,103,104,106,107,109,110,111,112,113,114,115,116,117,118,119,120,121,122,123,124,125,126,127,128,129,130,131,132,133,134,135,137,138,139,141,142,143,145,147,148,149,150,152,153,154,155,156,158,159,160,161,163,164,165,166,167,168,169,170,171,172,173,174,175,177,178,179,180,181,182,185,186,187,188,189,191,195,196,199,200,202,204,205,206,207,208,210,211,214,215,217,218,219,224,225,226,228,231,233,234,235,238,239,241,245,247,249,250,251,252,253,257,258,261,267,268,270,273,276,277,284,285,286,290,292,301,302,303,315,321,324,327,329,333,359,399
29,34,40,41,43,44,45,46,47,48,49,50,51,52,53,54,55,56,58,59,60,61,62,63,64,65,66,67,68,70,72,73,74,75,76,77,78,79,80,81,82,83,84,85,86,87,88,89,90,91,92,93,94,95,96,97,99,100,101,102,103,105,106,107,108,109,110,111,112,113,114,115,116,117,118,119,121,123,124,125,126,127,129,130,132,133,134,135,137,138,139,140,141,142,144,145,146,147,148,149,151,152,153,154,155,156,157,158,159,160,163,164,166,167,168,169,170,172,174,175,176,181,183,186,190,191,193,194,195,196,197,199,200,201,202,204,206,207,208,209,210,211,212,213,214,215,216,217,218,219,220,222,223,224,225,226,227,228,230,232,234,238,239,243,244,245,246,249,252,254,258,260,261,263,264,268,272,281,283,285,296,299,315,317,326,328,332,344,359,360,365,381,416
30,43,44,45,46,47,51,52,53,54,55,56,57,58,59,60,61,62,63,64,65,66,67,68,69,70,71,72,73,74,75,76,77,78,79,80,81,83,84,85,87,88,89,90,91,92,93,94,96,97,99,101,103,104,109,111,113,114,115,116,118,119,123,124,125,127,128,129,132,136,137,138,139,140,141,142,143,144,145,147,148,149,150,151,152,153,154,155,156,157,158,159,160,161,162,163,164,165,166,167,168,169,170,171,172,173,174,175,176,177,178,179,181,182,183,184,185,186,187,188,190,191,192,193,195,196,197,198,199,201,202,203,204,205,206,207,208,209,211,213,214,215,216,217,218,219,221,222,223,224,225,226,227,228,229,230,232,233,234,238,239,242,243,246,247,249,252,253,255,256,258,259,266,276,278,283,286,288,290,300,309,323,341,352,369,389,570,599
31,42,43,47,48,49,50,52,53,54,56,57,58,59,60,61,62,63,64,65,66,67,68,69,70,71,72,73,74,75,76,77,78,80,81,82,83,84,85,86,87,88,89,90,91,92,93,94,95,96,97,98,99,100,101,102,103,104,105,106,107,108,109,110,111,112,113,114,116,117,118,122,123,124,126,127,129,130,131,132,134,135,136,137,138,139,140,141,142,143,144,145,146,147,148,149,150,151,152,153,154,155,156,157,158,159,160,161,162,163,164,165,166,167,168,169,170,171,172,174,175,176,177,178,179,180,181,182,183,185,186,187,188,189,190,191,192,194,195,196,197,198,200,201,202,203,204,207,208,209,214,215,216,217,218,219,221,222,225,227,228,235,236,238,240,241,242,243,244,246,247,248,249,250,251,253,254,255,258,259,263,266,267,274,275,278,279,281,284,286,289,293,297,298,300,302,303,304,307,308,311,324,328,330,331,334,345,360,369,371,407,430,548,601,648
32,22,35,45,46,48,53,58,60,62,63,65,66,67,68,69,70,71,72,73,74,75,76,77,78,79,80,81,82,83,84,85,86,87,88,89,90,91,92,93,94,95,96,97,98,99,100,101,102,103,104,105,106,107,108,109,110,111,112,113,114,116,117,118,119,120,122,123,125,126,127,132,134,136,138,140,141,146,147,148,149,150,151,152,153,154,155,156,157,159,160,161,162,163,164,165,166,167,168,169,170,171,172,173,174,175,176,177,178,179,180,181,182,183,184,185,186,187,188,189,191,192,193,194,195,196,198,199,200,201,202,203,204,205,206,207,208,209,210,211,212,213,214,215,216,217,220,221,222,223,224,225,226,227,229,231,232,234,236,237,238,239,240,241,242,243,244,245,246,247,248,249,250,251,252,253,254,255,256,257,259,260,262,263,264,266,267,269,270,272,273,274,276,277,279,280,281,282,284,286,288,290,295,296,297,302,304,305,306,309,310,311,316,317,321,322,323,327,328,338,341,343,350,354,365,381,385,408,413,477,482,487
33,53,55,58,59,60,61,62,63,64,65,66,67,68,69,71,72,73,74,75,76,77,78,79,80,81,82,83,84,85,86,87,88,89,90,91,92,93,94,95,96,97,99,100,102,103,108,109,110,111,112,113,114,115,116,117,118,119,120,121,124,126,128,129,130,131,132,133,134,135,139,140,141,143,144,145,146,148,149,150,151,152,153,154,155,158,160,161,162,164,165,166,167,169,170,172,173,174,175,176,177,178,180,181,182,183,184,185,186,187,189,190,191,192,193,194,195,196,197,198,199,200,201,202,203,204,205,206,207,208,209,210,211,212,213,214,215,216,217,218,219,220,221,222,223,224,226,227,228,229,230,231,232,233,234,235,236,237,239,240,241,243,244,245,246,247,248,249,251,253,254,255,256,259,260,261,262,264,265,266,267,268,269,271,272,273,274,275,276,277,278,281,282,289,290,292,295,297,298,299,302,303,305,309,310,311,320,322,327,330,331,335,337,338,339,341,342,345,349,352,353,356,358,365,367,378,399,401,508
34,41,50,51,53,55,56,58,59,60,61,62,63,64,65,66,67,68,69,70,71,72,73,74,75,76,77,78,79,82,86,87,88,90,91,92,93,94,95,96,97,98,99,100,101,102,103,104,105,106,107,108,109,110,111,112,113,114,115,116,117,118,119,120,122,123,124,125,126,127,128,129,130,132,133,134,138,139,141,142,143,144,145,146,148,149,150,151,152,153,154,155,156,157,158,159,160,161,162,163,164,165,166,167,168,170,171,172,173,174,175,177,179,180,181,182,183,184,185,186,187,190,191,192,194,195,196,197,198,199,202,204,206,207,208,209,210,211,212,213,214,215,216,217,219,221,222,223,224,225,227,228,229,230,231,232,235,236,237,238,239,240,241,243,244,246,247,248,249,252,253,254,255,256,257,258,259,261,262,264,265,266,267,268,269,273,274,275,276,277,279,280,281,282,284,287,288,290,291,293,294,295,297,298,299,301,302,303,304,306,308,309,311,313,315,318,319,320,321,322,323,325,326,327,331,332,333,337,339,340,341,342,345,346,348,351,353,354,357,360,366,368,371,376,379,381,385,387,390,391,394,398,420,428,431,439,463,488,592,599
35,25,43,45,47,49,51,53,56,57,58,59,60,61,62,63,64,65,66,67,68,69,70,72,73,74,75,77,78,79,80,81,82,83,85,86,87,88,89,90,91,92,93,94,95,97,98,99,100,101,102,104,106,107,108,110,111,112,113,114,115,116,117,118,119,121,122,124,125,126,127,129,131,133,134,136,141,143,145,146,147,150,152,153,155,157,158,159,160,162,164,165,166,168,169,170,171,172,174,175,176,177,179,180,181,182,184,185,186,187,188,189,191,192,193,194,195,196,197,198,200,201,202,203,204,205,206,207,208,209,213,214,215,216,217,218,219,220,221,222,223,224,225,226,227,228,229,230,232,234,235,236,238,239,240,241,242,244,247,248,249,250,251,253,254,255,256,258,259,260,263,266,268,269,270,271,273,274,275,276,277,278,279,280,281,282,283,285,286,288,289,290,291,292,295,299,300,302,303,305,308,312,313,316,321,323,324,325,326,327,328,330,331,334,337,339,341,342,344,347,348,349,350,351,352,355,356,361,362,364,365,367,370,371,387,388,389,396,397,403,433,436,472,483,510,636,688
36,16,51,57,58,59,60,61,62,64,68,70,71,72,73,74,75,76,77,78,79,81,82,83,84,85,86,87,88,91,92,93,94,95,97,98,99,100,101,102,103,104,105,106,107,108,109,110,112,113,114,116,117,120,121,123,124,125,127,128,129,132,134,137,146,150,151,152,154,155,156,159,160,162,163,164,167,168,169,170,172,173,175,176,177,178,180,182,183,184,185,188,189,190,191,195,196,199,201,202,203,204,205,207,209,210,212,213,214,215,216,217,223,224,225,228,231,232,233,234,235,236,237,242,243,244,245,246,247,248,251,252,253,254,257,259,261,262,264,266,267,269,272,273,274,275,276,277,278,279,280,281,283,284,289,290,293,296,298,299,300,301,303,305,307,308,309,310,311,312,313,317,318,320,321,323,324,331,338,343,347,351,354,356,358,360,364,370,374,377,388,391,392,396,400,410,424,460,474,476,477,484,500
37,44,50,53,56,57,58,59,60,62,63,64,65,66,67,68,69,70,71,72,73,74,76,77,80,81,82,83,84,85,86,87,88,89,90,91,92,93,94,95,96,100,101,102,103,104,105,106,107,108,109,110,111,113,114,115,116,117,118,119,120,121,122,123,124,125,126,127,128,129,131,132,134,137,141,142,143,148,149,150,152,153,155,156,158,159,160,164,165,166,168,169,170,171,172,173,175,177,178,179,180,181,182,183,184,185,186,187,188,189,190,193,194,196,197,199,201,203,204,206,207,209,211,212,213,214,215,216,219,221,222,223,224,225,226,228,230,232,233,236,237,238,241,242,244,248,252,258,259,260,262,263,267,269,272,275,276,277,278,284,287,295,299,300,302,304,311,314,315,321,322,326,328,336,344,345,349,350,354,363,373,375,378,381,389,391,402,412,420,422,424,425,437,438,445,464,465,471,472,480,502,504,515,622,687
38,54,55,56,58,59,61,62,63,65,66,67,68,69,70,71,72,73,74,75,76,77,78,79,81,82,83,86,87,88,89,90,91,92,94,95,96,97,98,99,100,101,102,103,104,105,106,107,108,109,110,111,112,114,115,116,117,119,120,122,123,124,125,126,127,128,129,130,133,134,138,139,140,141,145,147,148,149,153,155,156,157,158,160,164,167,168,170,171,172,173,174,175,177,178,179,180,183,185,186,187,188,189,191,195,201,203,205,206,208,209,212,213,214,216,220,221,222,226,228,229,231,232,236,237,238,239,243,244,246,247,249,250,252,254,256,257,259,261,262,263,266,268,269,271,272,275,276,278,282,285,287,288,293,295,302,305,306,307,309,312,314,320,322,323,325,335,336,341,343,362,380,388,391,416,419,420,424,425,429,436,439,440,443,449,453,455,459,463,471,473,486,495,695
39,17,21,24,50,52,58,59,60,61,62,63,64,67,69,70,72,74,75,77,78,79,80,81,82,83,84,85,87,88,89,90,91,92,93,94,95,96,97,98,100,101,104,105,106,107,108,110,111,112,114,116,118,119,120,121,122,123,124,125,126,127,128,130,131,132,133,136,140,143,144,147,149,150,153,154,156,159,162,168,174,176,178,179,180,182,183,185,186,187,188,190,191,192,194,196,198,200,201,203,204,205,206,208,209,210,213,216,217,218,220,221,223,225,227,236,239,244,246,248,250,253,255,257,258,264,269,270,274,276,277,284,289,290,296,297,304,307,309,312,315,319,323,324,326,331,332,333,339,340,349,350,356,365,367,393,427,429,443,446,453,457,472,478,537,584
40,48,50,51,54,58,59,61,63,64,66,67,68,69,70,71,73,74,75,77,79,80,81,82,83,84,86,87,88,89,90,91,92,93,94,95,96,97,98,99,100,101,102,103,104,105,107,108,109,111,112,113,114,115,117,118,120,121,122,123,129,130,131,133,134,136,137,139,141,147,152,155,156,157,158,159,160,162,163,166,167,169,171,172,174,176,179,180,182,183,184,185,186,189,190,191,195,197,201,202,203,206,208,212,216,217,218,220,227,228,229,231,232,233,235,236,239,244,246,251,253,254,257,258,259,264,266,267,268,270,273,274,276,277,279,282,283,285,290,294,295,298,304,307,309,319,326,327,341,344,348,429,442,452,460,479,606
41,51,58,63,64,66,67,68,69,70,71,72,73,74,76,77,78,79,80,81,83,84,85,86,87,88,89,91,92,93,95,96,97,99,100,101,105,106,107,109,110,112,114,115,116,118,119,120,121,122,123,124,125,127,128,129,130,131,132,134,137,138,139,140,141,145,146,147,151,153,154,156,161,162,163,164,165,166,169,172,176,177,178,180,184,185,186,189,191,192,194,196,197,198,202,210,211,212,213,217,218,219,224,227,228,229,230,231,232,236,241,244,247,248,249,261,267,274,286,302,303,331,343,348,357,376,381,432,461,464,483,509
42,48,50,56,57,58,59,60,64,65,66,67,69,70,71,72,73,75,76,77,78,79,80,81,82,83,86,89,90,91,93,95,96,97,98,99,100,101,102,103,104,105,106,107,108,109,110,111,112,114,115,118,119,122,123,124,127,128,129,131,132,133,134,138,140,141,145,146,148,149,151,152,153,154,155,156,157,158,160,161,162,164,165,166,167,168,169,170,172,173,176,177,180,182,184,185,186,187,189,190,191,192,194,196,198,201,202,203,207,210,213,214,217,220,223,227,228,232,236,239,241,242,256,257,258,259,262,269,273,282,286,287,290,293,298,303,315,345,353,385,397,408,448,457,462,483,495,531,544,555,577
43,55,59,61,62,63,64,65,66,67,68,69,70,73,74,75,76,77,79,80,81,82,83,85,86,87,88,89,90,91,92,94,95,96,97,98,99,100,101,103,104,105,106,107,110,111,113,114,116,117,118,119,121,122,123,124,125,128,129,130,131,132,133,134,136,138,140,142,143,145,146,147,150,153,155,156,157,158,159,160,163,164,165,166,167,168,169,171,179,181,182,183,185,186,187,189,192,194,195,196,197,198,204,205,206,207,208,209,210,211,213,214,218,219,221,224,226,228,232,235,236,241,242,243,244,247,248,251,253,256,257,259,260,261,262,263,265,266,267,269,271,272,273,275,276,277,283,287,290,293,295,296,308,312,316,325,329,333,342,349,353,404,419,452,462,486,489
44,55,56,58,59,60,61,62,69,70,71,74,75,76,77,78,79,80,81,82,83,84,85,86,87,89,90,91,92,93,94,96,97,98,99,100,102,103,104,105,106,107,108,109,110,111,112,113,114,115,117,118,119,120,121,124,125,126,128,129,130,131,135,138,141,146,154,158,160,162,164,165,168,171,172,173,174,177,179,180,181,182,183,186,187,188,189,193,195,197,199,200,202,203,205,206,208,214,216,217,218,220,221,225,228,231,235,238,239,240,244,245,248,250,254,257,259,262,269,272,273,277,282,288,289,293,294,296,299,302,314,315,318,329,335,347,353,376,377,408,418,463,483,514,515,559,579
45,53,55,58,59,60,62,63,65,66,68,69,70,71,72,73,75,78,79,80,81,82,83,84,85,86,87,88,90,91,92,93,94,95,96,97,98,99,101,102,103,104,107,108,109,112,115,116,117,118,119,122,123,126,128,129,130,133,137,138,139,152,153,155,156,157,158,160,161,163,164,165,166,167,168,171,173,174,176,180,181,182,186,188,190,192,193,194,197,201,202,203,205,206,208,210,211,213,215,216,217,220,221,222,223,224,226,227,229,230,231,234,235,236,238,239,240,242,246,247,256,260,262,265,268,274,275,278,287,301,307,324,333,335,337,360,375,384,388,399,402,417,447,460,508,582,629,689
46,52,56,57,58,59,60,62,63,64,66,67,68,69,70,71,72,74,76,78,79,80,81,82,83,84,86,87,88,89,91,92,93,94,97,99,101,103,104,105,106,112,113,114,116,118,121,122,123,125,126,127,128,129,130,131,132,135,136,137,138,139,140,141,143,144,149,151,153,154,156,157,158,159,161,162,165,166,167,169,170,173,174,178,179,180,181,183,185,186,187,188,189,190,193,194,196,198,200,201,202,207,208,209,213,214,216,219,224,228,235,237,238,242,247,254,259,268,277,289,291,293,294,298,307,314,321,322,325,328,330,332,334,339,342,343,360,366,370,386,417,434,499
47,32,55,56,57,62,63,64,65,66,67,69,70,71,72,73,74,75,77,78,79,80,81,82,83,84,86,91,92,93,94,95,96,97,98,99,100,101,102,104,106,107,109,110,111,112,113,114,115,116,117,119,120,121,122,123,125,126,127,128,129,130,131,132,135,136,138,141,143,145,147,149,150,152,153,155,156,157,158,161,162,163,164,169,170,171,173,174,176,177,183,184,186,188,194,196,197,198,206,207,208,219,221,222,223,228,232,234,235,237,240,241,242,243,246,248,249,251,252,256,261,263,264,265,266,267,270,274,275,278,279,280,281,285,290,294,297,314,330,336,339,341,349,363,409,449,454,485,488,493,498,505,560,607,611
48,51,60,61,62,63,64,65,66,67,68,69,70,71,72,73,74,75,76,77,78,80,82,83,85,86,87,88,89,90,91,92,93,94,95,97,98,99,101,103,104,105,106,108,109,110,111,112,113,115,116,117,118,119,120,121,122,123,125,126,127,128,129,131,132,133,138,144,149,150,153,154,155,156,157,158,161,163,166,167,169,170,173,176,177,178,179,180,181,186,187,189,192,194,195,196,197,199,200,203,205,208,209,211,213,214,218,221,223,224,226,227,228,230,235,237,240,241,246,248,250,251,252,254,255,258,262,265,267,269,276,278,281,282,284,286,288,292,293,302,307,324,328,337,338,345,348,353,368,387,394,398,400,406,426,440,455,469,530,562,687
49,25,52,54,57,60,62,63,64,65,66,67,68,69,71,72,73,74,75,76,77,78,81,83,84,85,86,87,88,89,90,91,92,93,95,96,97,99,100,101,103,104,105,106,107,108,110,112,114,115,116,117,118,119,120,121,122,124,125,126,127,128,129,131,134,137,138,140,142,143,157,158,161,163,164,166,167,170,173,174,176,180,181,182,184,186,187,188,189,192,193,195,196,197,198,201,202,204,208,210,211,214,221,224,225,226,227,230,231,233,235,238,241,243,246,249,256,263,264,265,267,270,273,275,277,281,290,292,293,303,306,315,316,318,324,325,328,342,351,364,369,452,459,465,466,473,495,497,623
50,56,57,63,64,65,66,68,70,71,72,73,74,75,76,77,78,79,81,82,83,84,85,86,87,88,90,91,92,93,94,95,97,98,99,100,101,102,103,105,106,108,109,110,112,113,114,115,119,121,122,126,127,128,130,131,133,136,144,148,150,151,152,153,154,156,159,160,161,162,164,166,170,174,176,179,182,184,186,187,189,190,192,194,195,200,202,203,204,208,209,210,213,214,215,216,217,219,220,224,225,227,229,230,233,235,236,237,238,242,246,247,249,250,252,254,257,258,259,263,264,271,272,273,274,278,282,287,288,292,298,300,302,309,310,318,326,335,344,365,424,458,461,463,471,475,488,499,520,534,540
51,55,59,60,61,62,63,66,67,68,69,70,71,72,73,74,75,76,77,78,79,80,81,82,83,85,86,87,90,91,92,93,94,95,99,100,102,104,105,106,107,108,110,111,112,113,114,115,116,117,119,120,122,123,125,126,128,129,131,132,135,136,137,141,142,143,146,149,152,157,159,163,167,168,170,171,175,177,178,180,181,182,183,184,185,186,189,190,191,192,193,196,198,202,203,206,211,212,214,218,223,226,228,231,233,234,243,247,249,264,267,291,298,306,309,311,317,318,323,329,357,361,380,436,466,469,475,478,493,509,512,578,693
52,55,58,60,61,63,64,65,68,69,70,71,73,74,75,76,77,78,80,81,82,83,84,85,86,87,88,89,90,91,92,93,94,95,96,97,98,99,101,102,103,104,105,107,108,109,111,112,114,115,116,117,118,119,120,122,123,124,125,127,128,129,131,132,133,134,135,136,138,142,143,144,148,151,156,157,162,164,166,167,169,170,171,174,175,176,177,178,180,181,182,184,186,189,190,191,195,198,201,205,207,209,210,211,214,215,216,223,224,225,226,227,229,230,231,232,233,235,237,238,240,242,243,244,245,248,249,250,255,258,261,270,272,274,275,279,282,284,286,291,292,296,305,307,316,319,323,324,344,348,398,405,464,471,491,645
53,10,54,55,57,62,63,64,65,66,67,68,69,70,71,73,75,76,77,79,80,81,84,85,86,88,90,91,92,93,94,96,97,98,99,101,102,103,104,105,106,107,109,110,111,112,113,114,115,116,118,119,120,122,124,125,127,128,129,130,132,133,134,135,137,141,142,143,144,146,150,151,153,154,156,157,160,162,168,172,173,176,178,180,187,188,191,194,196,199,202,203,207,209,210,211,212,214,216,218,221,224,228,234,235,237,238,239,241,242,246,247,248,250,252,254,255,257,261,262,263,265,268,269,273,274,276,279,280,281,283,288,291,293,299,302,304,306,313,319,330,338,359,373,396,398,417,461,463,470,479,529,544,588
54,51,53,60,62,63,64,65,67,68,70,71,74,77,79,80,83,84,86,87,88,89,91,92,93,94,95,96,97,98,99,100,101,103,104,106,107,108,109,110,111,112,113,114,115,116,118,119,120,121,122,123,124,126,127,128,130,131,132,135,139,141,143,144,154,155,159,161,164,166,167,168,170,172,173,174,175,176,177,178,184,187,188,189,190,191,192,193,194,195,196,197,198,199,202,203,204,205,207,208,209,212,213,214,217,219,220,221,224,225,226,230,231,232,235,239,240,241,243,246,247,248,249,251,252,253,254,264,269,271,272,273,280,283,284,286,296,297,311,315,316,321,325,356,363,396,420,434,515,563
55,46,52,57,59,60,61,62,63,64,65,66,67,69,70,71,72,73,74,75,77,78,79,80,81,82,83,84,85,86,87,89,90,91,92,93,94,95,96,97,98,99,100,103,104,105,106,107,108,109,111,113,115,116,117,118,119,120,124,126,128,129,131,134,135,136,137,140,143,146,149,150,151,152,153,155,158,160,161,162,163,166,167,169,170,171,172,173,175,177,178,182,183,184,185,186,187,188,189,191,192,199,200,201,202,207,210,212,217,218,221,223,225,226,227,230,231,232,234,235,237,240,242,244,247,248,251,253,256,259,261,262,265,268,276,278,279,284,287,290,294,297,298,301,316,317,325,329,335,354,410,411,429,477
56,2,12,21,44,49,52,61,62,63,65,68,69,70,72,73,75,76,77,78,79,80,81,83,85,86,87,88,89,90,91,92,93,94,96,97,98,99,100,101,102,103,104,105,106,107,108,109,110,111,112,113,114,115,116,117,119,121,122,123,125,126,127,129,131,132,133,134,135,137,138,141,142,143,144,145,146,147,148,150,153,155,156,157,159,160,161,163,164,165,166,167,168,169,170,171,172,173,174,175,178,180,182,183,184,190,191,193,194,196,197,199,200,201,206,207,208,211,214,216,219,226,230,233,235,238,242,245,247,248,250,254,255,256,260,264,267,284,289,290,301,306,312,313,317,324,330,338,340,343,347,353,365,366,371,381,392,415,430,432,446,468,582
57,17,57,59,60,62,66,67,68,70,71,72,73,75,76,77,78,79,82,83,84,85,86,88,89,91,92,93,94,95,99,101,102,103,104,105,106,107,108,109,110,111,112,113,114,115,116,117,118,119,120,121,122,123,124,125,126,127,129,130,131,132,134,135,138,139,140,142,143,144,151,156,157,158,159,164,168,169,171,173,174,177,178,181,182,186,191,192,193,197,200,208,209,212,214,216,220,221,222,223,227,228,229,230,240,243,249,254,255,257,258,259,263,270,280,302,306,308,317,321,324,329,331,333,334,341,360,367,409,468,686
58,4,59,67,70,71,73,74,75,76,77,78,80,81,82,84,85,86,87,88,89,90,91,92,93,94,95,96,98,99,100,101,102,103,104,105,106,107,108,109,110,111,112,113,115,117,119,120,123,124,125,126,127,128,129,131,132,134,136,137,138,139,141,142,147,150,152,156,158,159,160,161,163,165,166,168,169,170,171,172,175,176,177,179,181,182,183,184,188,190,191,192,194,201,202,203,204,207,209,210,211,215,221,222,230,231,241,242,249,250,253,256,257,261,265,267,268,269,276,277,280,283,298,300,305,315,318,319,327,330,336,342,356,401,409,427,495,549,591
59,40,58,60,63,67,68,69,70,71,73,74,75,77,78,80,81,83,84,85,87,89,92,93,95,96,97,99,100,101,102,103,104,105,106,107,108,109,111,114,115,118,120,121,123,124,125,126,127,128,130,133,135,136,137,138,140,141,142,143,144,149,150,152,166,168,172,174,175,179,180,183,184,185,186,188,190,191,194,196,201,202,205,206,207,208,210,214,218,224,227,228,229,230,231,233,235,238,239,242,246,248,250,251,253,256,258,259,267,268,270,273,281,287,296,297,298,300,303,306,308,316,318,322,325,344,345,378,432,437,441
60,58,59,61,64,66,67,70,71,72,74,78,79,80,81,82,83,84,85,86,87,89,90,91,92,93,94,95,96,98,99,100,101,102,103,104,106,107,108,109,110,112,114,115,116,117,119,120,122,123,124,125,127,128,129,130,131,132,133,135,136,138,139,140,141,143,144,147,152,154,156,160,161,162,163,164,167,169,173,175,176,177,178,179,181,182,185,188,189,190,191,192,193,195,196,197,198,206,207,211,214,216,217,218,222,223,225,227,230,232,236,238,239,242,244,245,250,253,254,255,256,257,258,259,267,269,274,277,278,280,288,301,310,312,314,322,327,403,418,687
61,53,54,55,60,61,63,64,65,66,68,69,70,71,72,73,77,78,79,80,82,83,84,86,87,88,89,90,92,93,94,95,96,97,98,99,100,101,102,103,104,105,106,108,111,112,115,116,118,120,121,130,131,135,141,142,143,146,147,150,152,160,161,162,165,167,169,170,171,173,176,177,179,181,182,185,191,192,193,194,195,196,199,200,201,202,205,207,208,211,212,215,218,219,220,222,225,226,227,229,230,234,235,236,238,245,249,250,251,256,258,261,262,263,265,271,277,280,296,299,303,313,317,318,322,341,349,350,365,496,649
62,61,62,63,65,67,69,70,71,74,75,76,77,78,79,80,81,82,83,84,85,86,87,88,89,90,92,93,94,95,98,99,100,101,102,103,104,107,108,109,110,113,115,116,117,119,122,123,124,127,128,129,130,131,133,134,136,137,138,140,142,144,145,156,157,160,161,163,165,167,168,169,170,171,173,174,179,181,185,186,191,192,194,196,198,200,201,204,211,212,214,215,220,224,225,227,228,231,232,234,236,239,242,245,246,248,249,251,255,258,260,261,263,270,271,273,274,277,279,280,282,284,285,288,299,318,330,345,465,528,569,570,630
63,56,60,62,63,64,66,67,68,69,70,71,72,73,74,76,77,78,79,80,81,82,83,84,85,86,87,90,91,94,95,96,97,100,101,106,107,109,110,113,114,116,117,118,119,120,121,122,123,125,129,130,131,133,134,136,137,142,144,147,148,150,156,161,163,166,167,168,171,174,176,177,178,179,182,184,186,187,189,190,191,193,195,200,203,204,205,206,208,209,213,215,216,218,219,220,221,222,226,227,229,231,232,236,238,239,240,242,243,248,254,257,259,261,282,295,297,298,316,329,347,350,394,434,691
64,49,51,58,59,61,62,63,64,65,66,67,68,69,71,73,74,75,76,77,78,80,81,82,83,84,85,86,88,89,90,91,92,93,94,96,98,99,100,102,103,104,105,107,108,109,110,111,112,113,114,115,116,118,124,125,126,130,131,137,138,142,146,148,150,154,155,156,158,161,162,163,164,166,172,174,180,181,184,186,187,191,192,193,197,200,201,203,204,207,208,213,228,229,234,235,237,239,240,247,248,251,254,255,265,267,269,270,283,285,287,289,299,305,306,310,314,336,340,346,357,360,370,383,549
65,51,57,58,59,62,63,65,68,69,71,72,73,74,75,76,78,79,84,86,90,91,92,94,96,97,98,99,100,102,103,105,106,108,109,111,113,114,115,116,118,120,122,123,125,128,129,131,132,133,135,138,139,142,144,145,154,156,161,162,171,173,180,187,189,193,194,200,203,209,217,220,232,233,238,241,242,245,247,248,250,251,252,255,256,259,260,264,265,266,275,279,280,283,286,290,313,315,321,350,366,376,466,490,627
66,15,43,56,58,59,62,63,64,66,67,69,70,71,72,73,78,80,82,84,85,86,87,88,92,93,96,97,99,100,103,104,106,107,108,109,110,111,112,113,115,116,117,119,120,121,123,126,127,128,129,132,133,134,135,137,138,139,140,142,143,148,154,156,159,161,162,164,171,172,176,177,182,187,191,193,197,198,199,200,201,205,206,207,209,210,215,216,224,227,232,236,238,240,243,244,248,252,256,260,261,265,268,276,281,282,285,291,293,299,306,309,310,332,377,382,651,670
67,53,54,59,61,63,64,65,66,70,71,73,77,78,79,80,81,82,83,84,85,86,88,89,90,91,92,95,97,98,100,101,103,104,105,109,110,112,113,114,119,120,122,129,131,135,153,162,166,168,169,170,173,175,176,183,184,188,189,194,195,197,200,201,202,209,211,213,214,215,216,217,221,223,228,231,234,237,250,251,253,268,272,279,298,304,305,307,356,366,498,546,688
68,57,59,62,66,69,71,72,73,75,76,78,80,81,84,86,89,94,95,97,98,99,100,101,102,103,104,106,107,108,109,112,113,125,129,130,132,140,149,151,152,153,154,183,193,194,199,200,206,207,212,215,216,217,218,253,278,289
69,16,39,54,63,66,80,81,84,88,90,96,102,108,112,114,119,121,122,124,127,129,135,138,139,140,142,144,149,150,152,157,168,278,318,366
70,68,75,79,96,100,105,113,115,116,120,123,127,136,137,138,141,143,146,156,162,166,169,173,175,201,210,215,229,253,299
71,123,293,559
72,354,531,591
73,7,28,150,667,696
74,39,51,217,339,506,576,663,686,687
75,16,371,423,506,613,615
76,387,506,509,540,594
77,36,611
78,428,602
79,493
80,513,530,663
81,27,488,623
82,194,221,354,427,659
83,486,684
84,262,475
85,40,255,679,689
86,242,327,668
87,18,320,523,562
88,254,288,680
89,
90,
91,
92,
93,
94,
95,
96,
97,
98,
