15
0,194
1,130,239,254,385,413,504,540,615,666
2,55,341,391,410
3,331,390,399,429
4,231,343,443,470,566,582
5,70,407,487
6,136,208,265,325,365,623
7,
8,201,315,433,527,562,646
9,530,650
10,82,205,586
11,347,358,380,476,517,603
12,53,126,186,215,346,622,642,658,662
13,82,104,117,444,546
14,54,63,68,76,77,83,85,88,91,92,94,95,96,97,98,100,101,102,104,110,126,129,698
15,69,73,76,81,82,84,86,87,88,89,90,91,92,93,94,95,96,97,98,99,100,101,102,103,104,105,106,107,108,109,110,111,112,113,114,115,116,117,118,119,120,122,123,124,125,126,127,128,129,130,131,132,133,135,137,138,139,141,143,144,147,149,196,499,655
16,44,77,85,86,87,89,90,91,92,93,94,95,96,97,98,99,100,101,102,103,104,105,106,107,108,109,110,111,112,113,114,115,116,117,118,119,120,121,122,123,124,125,126,127,128,129,130,131,132,133,134,135,136,137,138,139,140,141,142,143,144,145,146,147,148,149,150,151,152,153,154,155,156,157,158,159,160,161,162,163,164,165,166,167,168,169,170,171,172,173,174,175,176,177,178,179,180,181,182,183,184,185,186,187,188,189,190,191,192,193,194,195,196,197,198,199,200,201,202,203,204,205,206,207,208,209,210,211,212,213,214,215,216,217,219,220,221,222,223,224,225,226,227,228,229,230,231,232,233,234,235,236,237,238,239,240,241,242,243,244,246,247,248,249,250,251,252,253,256,257,259,262,263,264,268,269,270,273,437,462,578,635,698
17,83,85,86,89,90,91,92,93,94,95,96,97,98,99,100,101,102,103,104,105,106,107,108,109,110,111,112,114,117,118,119,120,121,122,123,124,125,126,127,128,129,130,131,132,133,134,135,136,137,138,139,140,141,142,143,144,145,146,147,148,149,150,151,152,153,154,158,160,161,162,164,165,166,167,168,169,170,171,172,173,174,176,177,178,179,180,181,182,183,184,185,186,187,188,189,190,191,192,193,194,195,196,197,198,199,200,201,202,203,204,205,206,207,208,209,210,211,212,213,214,215,216,217,218,219,220,221,223,224,225,226,227,228,229,230,231,232,233,234,235,236,237,238,239,240,241,242,243,244,245,246,247,248,249,250,251,252,253,254,255,256,257,258,259,260,261,262,263,264,265,266,267,268,269,270,271,272,273,274,275,276,277,278,279,280,281,282,283,284,285,286,287,288,289,290,291,292,293,294,295,296,297,298,299,300,301,302,303,304,305,306,307,308,309,310,311,312,313,316,317,318,319,320,321,322,323,324,325,326,327,328,329,330,331,332,334,336,337,338,339,340,341,342,343,344,346,347,348,350,351,352,353,354,355,356,357,358,359,360,361,362,363,366,367,369,370,371,373,374,375,377,378,382,384,388,389,390,392,398,409,436,439,448,453,495,541
18,83,84,87,89,90,91,92,93,94,95,96,97,98,99,100,101,102,103,104,105,106,107,108,109,110,111,112,113,114,115,116,117,119,120,121,122,123,124,125,127,128,129,130,131,132,133,134,135,136,137,138,139,140,142,143,144,145,146,147,148,149,150,151,154,155,156,157,158,159,160,164,165,166,168,169,170,171,173,174,175,176,177,178,179,180,181,182,183,184,185,186,187,188,190,191,192,193,194,195,196,197,198,199,200,201,202,203,204,205,206,207,208,209,210,211,212,213,214,215,216,217,218,219,220,221,222,223,224,225,226,227,228,229,230,231,232,233,234,235,236,237,238,239,240,241,242,243,245,246,247,248,249,250,251,252,253,254,255,256,259,260,261,262,263,264,265,266,267,269,270,271,272,274,275,276,277,278,279,282,283,284,285,286,287,288,289,290,291,292,293,295,296,297,298,299,300,301,302,303,305,306,308,309,310,311,312,314,315,316,317,318,319,320,322,323,327,330,332,333,334,338,340,343,345,346,349,351,353,354,355,356,358,361,363,365,366,367,368,369,371,378,384,385,387,388,400,407,411,425,450
19,69,74,81,87,88,90,91,92,93,94,95,96,97,98,99,100,101,102,103,104,105,106,107,108,109,110,111,112,113,114,115,116,117,118,119,120,121,122,123,124,125,126,127,128,129,132,133,134,135,136,137,138,139,140,141,142,145,146,147,148,149,150,153,154,155,156,157,158,159,160,161,162,163,164,165,166,167,168,170,171,173,174,175,176,177,178,179,180,181,182,183,184,185,186,187,188,189,190,191,192,193,194,195,198,199,200,201,203,204,205,206,208,209,210,211,212,213,214,215,216,217,218,219,220,221,222,223,225,226,227,228,229,230,231,232,233,234,236,237,238,239,240,241,242,243,244,245,246,247,248,249,251,252,253,254,255,256,257,258,259,260,261,263,264,265,267,268,269,270,272,273,276,277,278,280,283,284,287,288,289,291,293,294,296,297,299,301,303,306,307,309,311,313,319,320,324,328,329,332,334,336,341,343,345,346,347,350,351,358,361,362,363,364,365,366,370,372,383,384,388,389,392,397,402,404,406,410,415,422,444,459,519,635,663
20,80,83,85,86,87,88,89,90,91,92,93,94,95,96,97,98,99,100,101,102,103,104,105,107,108,109,110,111,112,113,114,115,116,117,118,119,120,121,122,123,124,125,126,127,128,129,130,131,132,133,134,135,136,137,138,139,140,141,142,143,144,145,146,149,150,151,153,154,155,156,157,158,159,160,162,163,165,166,167,170,172,173,174,175,176,177,179,180,181,183,184,185,187,188,189,190,191,193,194,195,196,197,198,199,200,201,202,203,204,205,206,207,208,210,211,212,213,214,215,216,217,218,221,222,223,224,225,228,229,230,231,232,234,235,236,238,239,240,241,242,244,245,247,249,250,251,252,253,255,256,257,258,260,261,262,264,266,268,269,270,271,272,273,274,275,276,277,278,279,281,282,283,284,287,288,289,290,291,292,293,294,295,296,298,300,302,303,304,305,307,308,310,314,315,316,317,318,319,320,324,327,329,330,331,334,335,336,337,342,343,345,347,348,351,352,353,354,355,356,358,359,364,367,370,372,373,374,375,376,377,383,386,387,388,404,406,415,424,445,470,477,501,548,630,652,699
21,85,86,88,90,91,92,94,95,96,97,98,99,100,101,102,103,104,105,106,107,108,109,110,111,112,113,114,115,116,117,118,119,121,122,123,124,125,126,127,129,130,131,132,133,134,135,136,137,138,139,140,141,142,143,144,145,146,147,148,149,151,152,153,154,155,156,157,158,159,160,161,162,163,164,166,167,168,169,170,171,172,174,175,179,183,185,187,188,189,191,193,194,195,196,197,198,199,200,201,202,203,204,206,208,209,210,211,212,214,215,216,217,218,219,220,221,222,224,225,227,228,230,231,232,233,234,235,236,237,238,239,240,241,242,243,246,247,248,249,250,251,252,253,255,256,259,261,263,264,266,267,268,269,270,271,272,273,275,276,277,278,279,281,282,283,284,285,287,288,289,290,291,292,293,297,299,300,301,303,307,309,322,325,328,331,334,335,336,337,340,343,344,345,346,348,349,351,352,356,359,360,367,370,371,373,374,377,380,383,384,386,387,389,390,397,398,401,409,412,436,442,449,457,463,501,557,661,675
22,89,90,91,94,95,98,99,100,101,102,103,105,106,107,108,109,110,111,112,113,114,115,116,117,118,119,120,122,123,124,127,128,129,130,131,132,133,134,135,136,137,138,141,142,143,145,146,147,148,149,150,151,152,154,155,159,160,163,164,165,166,167,168,169,170,171,172,173,174,175,176,177,178,179,180,181,183,185,186,187,189,190,191,192,193,195,196,197,198,199,200,201,202,203,204,205,206,207,208,211,212,215,216,218,219,220,221,222,223,224,225,227,228,229,230,231,233,234,235,236,239,240,241,242,245,246,247,248,250,252,253,254,255,256,257,258,260,261,262,263,264,265,267,268,271,272,273,274,275,276,278,279,281,282,283,284,285,287,288,289,291,293,294,295,297,299,300,301,306,307,308,309,310,312,313,316,318,319,321,322,323,324,327,328,334,340,344,348,349,350,351,353,360,364,366,370,373,377,381,383,384,385,388,393,396,397,399,400,402,420,423,426,431,447,451,462,477,500
23,1,77,80,82,87,90,92,93,94,96,99,100,101,103,104,105,106,107,108,109,110,111,112,113,114,115,116,117,118,119,120,121,122,123,125,126,127,128,129,130,131,132,133,134,137,138,141,143,144,145,147,148,149,150,151,152,153,154,155,156,157,158,159,160,161,162,163,164,165,166,168,171,172,173,174,176,177,178,179,180,181,183,185,187,188,191,193,194,195,196,197,199,201,202,204,205,206,207,208,209,210,211,212,213,214,216,217,218,220,222,224,225,230,231,232,234,235,236,237,239,241,242,243,244,247,249,252,256,257,258,259,260,261,262,264,265,266,267,268,269,270,271,272,273,274,275,276,278,279,280,281,282,283,285,286,287,288,289,291,292,293,294,295,297,298,299,300,302,303,304,305,307,309,313,314,316,319,320,323,324,325,328,329,331,332,335,336,345,347,354,358,360,366,367,373,378,381,387,398,402,405,406,412,528,611,648,696
24,89,90,91,93,96,97,98,99,100,101,102,103,104,105,106,107,108,110,111,113,114,116,117,118,119,120,121,122,123,124,125,126,127,129,130,131,132,133,134,135,136,137,139,140,141,142,143,144,145,146,147,148,151,152,154,155,156,158,159,161,162,163,164,165,166,168,169,170,171,172,173,174,175,176,177,179,180,181,182,185,187,189,190,191,193,196,197,198,199,201,202,206,207,208,210,211,213,214,215,217,218,219,221,223,225,226,227,228,232,234,235,237,240,241,243,244,248,251,252,254,255,258,259,261,262,263,265,267,268,271,272,273,274,276,277,279,281,282,283,284,286,288,289,295,299,302,307,312,314,316,317,318,320,324,327,328,330,335,336,337,340,342,344,346,349,350,355,361,363,364,367,376,377,379,380,382,390,392,394,397,407,411,414,418,423,425,426,428,437,443,445,492,499,514,544
25,13,29,76,88,89,90,91,92,93,94,96,97,99,100,102,103,104,105,106,107,108,109,110,111,112,114,115,116,117,118,119,120,121,122,124,125,126,127,128,129,130,131,132,133,134,136,137,138,139,140,143,144,146,147,148,149,152,153,154,155,156,157,158,159,160,162,163,164,165,166,168,169,170,171,172,173,174,175,176,177,178,180,181,183,184,185,188,189,190,191,192,194,196,198,199,200,203,205,206,207,208,209,210,212,213,214,215,216,218,220,221,224,226,227,228,229,230,232,233,235,236,237,238,239,241,244,246,247,248,249,250,252,253,257,258,262,263,266,268,269,272,275,278,279,280,283,286,287,288,293,294,296,298,302,305,307,310,311,313,316,328,329,331,332,342,351,358,367,370,375,377,384,391,393,396,410,412,414,425,426,431,432,444,476,497,655,656
26,45,79,82,85,87,88,89,90,91,92,93,94,95,96,97,98,99,100,101,102,103,104,105,106,107,108,109,110,111,112,113,114,115,116,117,118,119,120,121,122,123,124,125,126,127,128,129,131,132,133,134,137,138,139,141,144,145,147,148,149,150,151,153,157,158,160,161,162,163,164,167,170,171,172,177,178,180,186,189,191,193,195,198,205,206,207,212,216,218,220,223,224,228,233,234,235,237,239,245,246,249,250,251,252,254,256,258,260,261,263,264,265,266,268,270,271,274,275,276,281,282,285,286,287,288,289,290,291,292,293,299,300,301,303,305,307,311,316,321,323,326,327,331,334,336,340,342,343,352,356,373,376,380,382,387,427,431,450,476,535
27,62,84,88,90,91,92,93,94,95,96,97,98,99,100,102,103,104,105,106,107,108,109,110,111,112,113,114,115,116,117,118,119,120,121,122,123,124,125,126,127,128,129,130,131,132,133,136,137,138,139,140,143,144,145,146,147,148,149,150,151,152,153,154,155,156,158,160,161,162,163,164,166,167,169,171,172,173,174,175,176,177,179,180,181,182,183,189,191,194,195,202,204,205,206,208,209,211,212,217,218,220,221,224,231,236,240,256,268,270,275,285,288,290,292,311,318,499
28,83,84,86,87,89,90,91,92,94,95,97,98,99,100,102,103,104,105,106,107,108,109,110,111,112,113,114,115,116,117,118,121,124,125,126,127,128,129,130,131,132,133,134,135,136,137,138,139,140,142,144,146,147,148,149,150,151,153,154,155,157,158,161,162,163,164,165,166,167,168,169,171,172,173,174,175,176,177,180,181,182,183,184,185,187,189,193,194,195,196,197,200,201,203,204,206,207,208,209,211,212,213,216,220,221,222,223,225,226,228,231,232,237,239,244,246,248,253,257,259,260,261,262,268,269,274,276,278,282,283,284,285,288,289,293,296,303,305,312,314,320,321,356,387,397,420,619,694
29,85,86,87,88,89,90,91,92,93,94,95,97,101,102,104,105,106,107,108,109,110,112,113,114,115,117,118,119,120,121,122,123,124,125,126,127,128,129,130,131,132,133,134,135,137,139,141,142,144,145,147,148,149,150,151,152,154,156,158,159,160,161,163,164,165,166,167,168,170,171,172,173,174,175,176,177,180,181,182,183,186,190,191,192,194,195,196,201,202,204,205,206,207,210,211,212,213,215,216,217,220,221,223,224,225,227,229,230,232,235,239,240,242,245,252,254,255,256,258,259,260,265,267,268,270,272,276,278,282,285,287,288,289,294,295,296,299,301,306,307,308,311,312,315,317,331,335,336,345,367,369,376,428,642
30,81,86,87,88,89,90,91,92,93,94,95,96,97,98,99,100,102,103,104,105,107,110,111,112,113,117,118,119,120,122,123,124,125,126,128,130,132,133,134,135,136,137,138,139,140,141,142,143,144,145,146,147,148,149,150,151,152,153,154,155,156,158,159,160,161,162,164,165,166,167,169,170,171,172,174,175,176,177,178,179,182,183,184,187,188,189,190,191,194,196,197,199,200,201,202,206,208,209,210,211,213,214,218,220,221,222,223,224,225,226,227,229,230,237,238,243,244,245,246,250,251,256,257,258,260,262,263,265,267,278,281,284,287,288,292,293,296,301,302,306,311,315,330,339,340,344,347,349,361,366,377,385,400,407,478,513,619
31,6,82,83,84,86,87,88,92,93,94,95,97,99,100,101,102,103,104,105,106,108,109,110,111,112,113,114,115,117,119,120,121,122,123,124,125,126,127,128,129,130,132,133,134,136,138,139,140,142,143,144,145,146,147,148,152,153,154,156,157,158,159,160,161,162,164,165,166,167,168,169,170,171,172,173,175,177,179,180,181,185,187,189,190,192,194,195,196,198,199,201,202,203,204,205,206,207,208,209,210,211,212,213,214,218,219,220,221,222,223,226,227,228,229,230,231,232,233,234,235,236,237,238,239,243,244,245,247,248,249,251,252,254,255,258,265,266,270,275,277,281,285,295,299,300,301,303,317,320,332,350,351,361,366,373,374,382,384,386,389,422,449,524,610
32,71,82,85,86,87,88,89,90,92,93,94,95,96,97,98,99,100,103,104,105,106,107,108,109,110,111,113,114,116,117,118,119,121,122,123,124,125,126,127,128,129,132,133,134,135,137,138,140,141,142,143,144,145,146,147,148,149,150,151,152,153,154,156,157,158,159,160,161,163,165,166,167,168,169,171,172,175,177,180,181,185,188,190,191,192,195,197,198,200,201,202,203,204,205,208,209,214,215,217,219,220,222,223,224,225,226,227,228,230,231,233,234,235,237,238,239,240,241,242,243,244,245,253,254,256,257,258,259,261,263,264,265,268,269,272,276,279,280,281,283,286,287,290,292,293,298,304,306,309,310,312,313,316,320,321,340,373,384,386,410,696
33,67,82,83,85,87,90,91,92,93,94,95,96,97,98,100,101,102,103,104,105,106,107,108,110,111,112,113,114,116,117,118,119,120,121,124,127,128,129,130,132,133,134,135,136,137,138,140,141,142,143,145,146,147,148,149,150,151,152,153,154,155,157,159,160,161,162,165,166,167,168,170,172,173,174,176,178,179,180,181,182,183,184,185,186,189,191,195,199,201,203,206,208,210,211,216,217,218,219,220,221,222,224,225,226,227,228,229,231,233,238,241,242,244,247,248,249,255,259,264,265,269,273,277,279,282,286,287,288,291,297,298,300,308,310,315,316,318,320,321,328,333,334,343,349,350,352,354,355,365,371,372,373,381,424,571,666
34,47,67,82,87,90,92,94,97,98,100,101,102,104,105,106,107,108,109,110,111,113,114,115,116,119,120,124,125,126,127,128,131,132,133,134,135,136,138,139,140,141,142,143,144,146,147,149,150,151,153,155,156,157,158,159,162,163,164,165,166,168,169,171,172,175,176,177,178,179,180,183,184,187,189,190,191,194,197,203,204,205,209,211,213,214,215,217,218,219,220,222,223,224,227,228,231,232,234,235,236,237,239,240,241,242,244,247,251,252,255,258,263,268,271,273,275,276,277,278,281,282,283,287,290,291,293,297,300,306,308,314,315,330,336,338,340,363,385,396,429,471,555,647
35,69,74,81,83,85,89,91,92,93,94,97,98,99,100,101,102,103,104,105,106,107,108,110,111,112,113,114,115,116,117,118,119,120,121,122,123,124,125,126,127,128,129,130,131,132,133,137,138,140,144,146,147,148,149,152,153,154,158,159,160,161,162,165,166,167,171,172,175,176,178,179,181,182,183,184,185,188,191,192,194,195,196,197,198,199,200,201,202,203,204,206,207,208,210,211,212,213,214,215,216,217,219,221,223,224,227,228,229,230,231,232,233,234,236,241,244,246,248,250,252,256,257,262,263,264,265,267,269,270,271,273,274,275,276,279,280,282,286,287,292,294,298,299,301,304,310,315,331,332,337,341,345,346,350,363,373,400,408,413,415,422,425,441,446,471,514,557
36,80,84,86,89,90,91,92,94,95,98,99,100,102,103,104,105,106,107,108,109,111,113,115,117,118,120,121,122,123,124,125,126,127,129,130,132,135,136,138,139,140,141,142,143,144,145,146,147,148,149,151,153,154,155,156,157,158,159,161,163,164,166,167,168,169,170,172,174,175,178,179,181,183,185,189,193,194,195,196,198,200,201,203,205,206,207,209,210,211,212,213,215,216,217,218,219,220,221,222,223,225,228,230,232,233,236,238,239,241,242,249,253,254,256,257,258,260,263,265,266,268,270,271,272,273,275,278,280,281,283,295,296,308,322,325,326,330,333,338,339,340,341,350,357,361,372,407,409,518,538,673
37,78,83,84,86,87,89,90,93,94,95,96,97,98,99,100,101,103,104,105,106,107,108,109,110,111,112,113,114,115,116,118,119,121,122,124,126,127,128,129,130,131,133,134,135,136,137,138,139,141,144,146,149,150,151,154,156,157,158,160,161,162,163,164,165,166,168,169,170,171,172,173,174,175,179,180,182,183,184,188,189,191,192,195,196,198,199,200,201,202,203,206,208,211,212,214,215,217,221,223,224,225,227,228,230,232,234,238,243,246,248,250,251,254,256,258,266,267,268,270,273,274,275,276,280,283,285,286,290,300,307,309,310,314,316,319,328,348,412,446,525,692
38,81,85,90,92,96,97,98,99,100,103,104,106,107,108,109,110,111,112,113,114,115,116,117,118,120,121,123,124,125,126,129,131,132,133,134,136,137,138,139,140,141,144,145,146,147,148,149,152,154,155,160,164,165,167,168,169,170,171,172,173,177,178,182,183,184,187,189,194,195,196,197,200,201,202,204,205,207,208,209,210,213,214,215,217,218,219,220,221,224,225,226,228,229,232,233,235,236,240,242,247,248,250,252,255,256,259,260,262,263,266,267,275,276,277,280,281,283,285,288,289,295,296,299,300,304,306,313,318,322,324,328,331,332,333,334,337,338,344,346,393,403,486,588,628
39,57,81,87,88,89,91,93,94,100,102,105,106,107,108,109,111,112,113,114,115,116,117,118,119,120,121,122,124,126,127,128,130,131,132,133,134,135,136,137,138,139,140,141,142,143,144,145,146,147,148,149,150,152,154,155,158,159,163,164,165,166,168,169,170,173,176,178,180,182,189,190,191,192,194,196,197,198,200,202,205,206,209,214,215,216,217,219,220,222,224,228,229,230,232,233,239,241,246,247,252,253,254,255,256,257,259,261,263,266,270,271,273,277,278,280,284,286,289,290,291,293,295,296,301,303,304,305,307,308,314,317,320,333,337,362,389,393,415,435,469,648,698
40,86,87,89,91,94,95,96,97,98,99,100,101,102,104,105,106,107,108,110,111,112,113,115,118,119,120,121,122,124,125,126,131,135,137,140,141,142,144,145,146,147,148,149,151,153,154,155,156,157,159,160,161,162,163,166,167,168,169,170,171,172,173,174,177,178,179,180,182,188,189,191,192,193,194,195,196,197,199,200,201,205,206,207,209,211,214,216,217,218,219,221,223,224,225,227,229,235,240,241,244,246,251,258,259,261,262,263,266,267,279,280,282,284,287,297,300,303,304,306,312,313,314,316,319,337,338,352,363,366,374,651
41,81,84,85,86,87,90,98,103,104,109,110,111,112,113,114,115,116,117,118,119,121,124,125,128,129,130,132,134,135,136,140,142,144,145,146,147,148,150,151,154,155,156,160,161,162,163,166,167,168,172,173,178,179,181,190,193,196,198,200,201,203,206,207,209,210,212,214,215,217,218,219,221,222,223,224,225,230,231,232,239,241,244,245,247,249,250,252,254,257,272,276,277,278,282,283,287,288,290,294,296,298,306,308,313,322,328,330,335,342,371,447,485
42,84,86,91,105,108,111,112,114,116,120,121,122,124,125,126,127,128,129,130,131,134,135,136,137,139,140,143,144,146,147,149,150,154,158,160,161,163,164,165,168,171,172,176,186,191,193,194,196,199,201,203,207,208,209,212,213,214,216,218,220,221,222,223,225,227,228,231,232,236,237,242,244,249,250,251,252,255,263,264,265,266,267,271,279,280,284,286,290,291,296,298,304,305,309,315,330,342,359,423,558,673,684
43,75,111,112,114,118,124,126,128,130,131,132,137,138,139,140,144,145,150,153,154,155,157,159,160,161,162,163,164,165,167,170,171,172,173,174,175,176,178,179,180,181,183,184,187,189,191,192,193,199,205,207,209,210,211,226,227,230,233,236,237,241,250,256,259,264,267,268,280,284,286,292,310,520,547,552,627
44,63,106,108,110,115,116,119,120,122,124,125,135,136,139,141,148,150,151,155,156,162,163,174,177,181,190,191,205,207,216,222,236,250,252,258,264,268,270,279,282,284,308,312,316,319,323
45,26,39,165,209,253,405,522,543,630,671
46,92,196,222,411,603,618
47,46,308,587,649,676
48,229,420,518,520,615,630,655
49,10,385
50,504,513,521,698
51,75,174,579
52,76,369,479
53,415,512,550
54,99,153,237,443,563
55,58,366,582,652,698
56,17,247,255,312,417,493,617,684,688
57,4,39,127,342,396,503,648,655
58,274,289,304,398,500,515,537
59,161,253,318,543
60,12,132,305,336,467
61,60,85,107,315,364,425,475,608
62,4,93,204,273,491,582
63,401,461,539
64,177,603,687
65,51,213,284,306,331,566
66,214,317,474,504,544,667
67,63,75,150,171,239,341,532,584
68,339,461,567
69,
70,
71,
72,
73,
74,
75,
76,
77,
78,
79,
80,
81,
82,
83,
84,
85,
86,
87,
88,
89,
90,
91,
92,
93,
94,
95,
96,
97,
98,
