7
0,290
1,20,69,104,197,384,481,678
2,11,55,225,587
3,81,293,323,362,523,559,578,585,619
4,84,132,522,558,569,587
5,184,335,337,398,551,561,564,566,575,577,620,625,629
6,472,543,561,562,570,572,575,578,581,583,588,589,597,606
7,230,359,381,580,586,595,596,598,600,603,610,614,623,625,630,633,634,647,655,682
8,108,183,434,437,568,581,593,595,596,601,603,609,617,622,645,648,659
9,146,152,332,384,572,575,608,619,636,638,640,644,645,655
10,179,215,255,561,588,592,597,598,599,603,604,605,612,613,616,617,618,620,633,635,639,641,643,647
11,65,77,564,565,566,568,569,570,571,572,573,574,575,576,577,578,580,581,582,583,585,586,587,589,591,592,593,594,595,596,598,603,605,606,609,611,612,613,616,619,623,629,631,632,634,643,675,676,688
12,67,295,457,508,558,561,572,573,576,577,578,579,580,582,587,589,590,591,595,596,597,598,599,601,607,608,610,612,614,620,624,626,630,633,634,635,637,638,645,647,648,655,656,657,667,669,670,672,681,696
13,108,114,130,133,230,232,289,297,351,516
14,65,79,89,90,93,96,97,98,99,101,104,105,162,173,184,185,188,199,231,234,244,246,248,272,307,308,372,556,633
15,46,64,67,72,73,75,76,77,78,82,86,87,88,89,90,91,92,93,94,95,96,97,98,99,100,101,102,103,104,105,106,107,108,109,110,111,112,113,114,115,116,118,119,120,123,125,134,141,203,228,244,249,262,363,452,464,504,628
16,54,73,75,76,77,78,79,82,83,84,86,87,89,90,92,93,94,95,96,97,98,99,100,101,102,103,104,105,106,107,108,109,110,111,112,113,114,115,116,117,118,119,120,121,122,123,124,125,126,127,128,129,130,131,132,133,134,135,136,137,138,139,140,141,142,143,144,145,146,147,148,149,150,151,152,153,154,155,156,157,158,159,160,161,162,163,164,165,166,167,168,170,188,191,192,193,194,195,196,198,200,201,202,204,205,207,210,311,384,525,541
17,92,94,95,96,97,99,100,101,103,105,106,107,108,109,110,111,112,113,114,115,116,117,118,119,120,121,122,123,124,125,126,127,128,129,130,131,132,133,134,135,136,137,138,139,140,141,142,143,144,145,146,147,148,149,150,151,152,153,154,155,156,157,158,159,160,161,162,163,164,165,166,167,168,169,170,171,172,173,174,175,176,177,178,179,180,181,182,183,184,185,186,187,188,189,190,191,192,193,194,195,196,197,198,199,200,201,202,203,204,205,206,207,208,209,210,211,212,213,214,215,216,217,218,219,220,221,222,223,224,225,226,227,228,229,230,231,232,233,234,235,236,237,238,239,240,241,242,243,244,245,246,247,248,249,250,251,252,253,254,255,256,257,258,259,260,261,262,263,264,265,266,267,268,269,270,271,272,273,274,275,276,277,278,279,280,281,282,283,284,285,286,287,288,289,290,291,292,293,294,295,297,298,299,302,304,306,308,315,316,319,320,321,323,324,325,327,331,332,341,343,356,370,374,377,384,394,400,403,433,443,520,696
18,85,86,89,90,91,92,93,95,97,98,99,100,101,103,104,105,106,107,108,109,110,111,112,113,114,115,116,117,118,119,120,121,122,123,125,126,127,128,129,130,131,132,133,134,135,136,137,138,139,140,141,142,143,144,145,146,147,148,150,151,152,153,154,155,156,157,158,159,161,162,163,164,165,166,167,168,169,170,172,173,174,175,176,178,179,180,182,183,184,185,186,187,188,189,191,192,193,194,195,198,200,201,202,203,204,205,206,207,208,209,210,211,212,213,214,215,216,217,218,219,220,221,222,223,224,225,226,227,228,229,230,231,232,233,234,236,237,238,239,240,241,242,243,244,245,246,247,248,249,250,251,252,253,254,255,256,257,258,259,260,261,262,263,264,265,266,267,268,270,271,272,273,274,275,276,277,278,279,280,281,282,284,286,287,288,289,290,291,292,293,294,295,296,298,299,300,301,302,303,304,305,306,307,308,309,310,311,313,314,315,316,317,318,319,320,321,322,323,324,325,326,327,329,330,332,333,334,335,336,337,338,339,340,341,342,343,344,345,346,350,352,353,355,356,361,364,365,366,367,369,370,371,373,374,375,376,377,379,380,381,382,384,385,387,388,389,390,391,392,393,395,396,397,402,403,405,408,409,418,426,427,430,431,432,435,438,441,444,446,450,452,456,462,474,678
19,82,83,84,87,90,91,93,94,95,96,97,98,99,100,101,102,103,104,105,106,107,108,109,111,113,114,117,118,119,120,121,122,123,124,127,128,129,130,131,133,135,136,137,138,139,140,141,142,143,144,146,148,149,150,151,153,154,157,158,159,160,161,162,164,165,166,167,169,170,171,172,173,174,176,178,179,180,181,182,183,184,185,186,187,188,190,191,192,193,194,195,196,197,198,199,201,202,203,204,205,206,208,209,210,211,212,213,215,216,217,218,219,220,221,222,223,224,225,226,227,228,229,230,232,234,235,236,237,238,239,240,241,243,244,245,246,247,248,249,250,251,252,253,254,255,256,257,258,259,260,261,262,263,264,265,266,267,268,269,270,271,272,273,274,275,276,277,278,279,280,281,282,283,284,285,286,287,288,289,290,291,292,293,294,295,296,298,299,300,301,302,303,304,305,306,307,309,310,311,312,313,315,316,317,318,320,321,322,323,324,325,327,328,330,331,333,335,336,338,339,341,342,344,345,346,347,348,350,351,354,356,357,358,359,362,363,364,365,366,368,369,371,372,374,375,376,377,378,379,380,381,382,383,384,385,386,387,388,389,390,391,396,397,398,399,400,401,402,404,405,406,410,411,412,413,414,415,420,422,423,424,426,429,430,433,439,440,441,442,443,448,454,455,461,462,470,476,522,526,543
20,85,89,91,92,93,95,96,98,99,101,103,104,105,106,107,108,113,114,115,117,118,119,120,122,123,126,127,129,130,132,140,143,144,147,149,150,151,154,156,157,159,160,161,163,168,169,175,179,180,181,182,184,185,187,188,197,198,199,200,202,204,205,207,209,211,212,213,214,216,219,226,228,229,230,232,233,234,236,237,238,239,240,241,242,244,245,246,247,248,249,250,251,252,253,254,255,256,257,258,259,260,261,262,263,264,265,266,267,268,269,270,271,272,273,274,275,276,277,278,279,280,281,282,283,284,285,286,287,288,289,290,291,292,293,295,296,297,299,300,301,302,303,304,305,306,307,308,309,310,312,313,314,315,316,317,318,319,320,321,322,323,324,325,326,327,329,330,331,332,333,334,335,336,337,338,339,340,341,342,343,344,345,346,348,349,350,351,353,354,355,356,358,359,360,361,363,364,365,366,367,368,369,370,371,372,375,377,378,379,380,382,384,385,387,389,390,391,392,394,395,396,397,398,399,403,404,405,406,407,408,409,412,415,419,421,422,424,427,428,431,432,434,436,438,442,445,446,447,449,451,459,463,469,477,481,493,591,628
21,20,89,90,91,92,94,96,97,98,99,101,103,104,107,108,109,110,111,112,114,117,118,119,121,123,124,125,126,128,133,135,137,138,139,141,143,144,147,148,150,158,162,164,165,168,169,171,174,176,179,181,182,185,192,197,199,200,202,206,211,212,216,221,223,224,227,229,230,232,233,234,235,237,239,240,241,243,245,246,247,248,249,250,252,253,254,255,257,259,260,261,262,263,267,269,270,272,273,275,277,279,281,282,284,289,292,293,295,296,298,299,301,302,304,305,306,308,309,313,314,315,316,318,319,320,322,323,324,325,329,330,331,332,333,334,335,336,337,338,339,340,341,342,343,344,345,346,347,348,349,350,352,353,354,355,356,357,358,359,362,367,368,369,370,371,372,373,374,376,377,378,379,380,381,383,386,387,388,395,397,399,404,405,406,410,411,412,413,417,418,422,423,424,425,428,431,433,434,439,440,446,447,450,455,461,464,473,518,554
22,78,79,82,87,88,89,90,91,92,93,94,95,96,100,101,102,104,110,111,112,114,119,120,123,125,126,130,132,135,137,141,145,147,150,151,152,154,159,173,176,177,179,183,185,186,187,198,199,202,205,208,209,214,218,228,229,231,234,236,239,242,244,246,250,251,252,254,255,256,257,258,260,262,263,266,267,268,269,270,272,274,278,282,284,285,286,287,288,290,291,294,295,296,299,303,304,307,308,310,311,313,318,319,320,321,322,323,325,330,332,334,335,338,341,342,346,348,349,350,351,353,361,365,368,378,383,384,385,392,393,394,395,396,397,401,402,407,410,412,413,415,420,424,435,438,442,445,446,447,449,458,471,495,509,514,518,538,686
23,89,92,93,94,96,97,98,99,100,101,102,103,104,107,108,109,110,111,112,113,114,115,116,117,122,125,128,129,134,138,140,142,143,144,147,152,157,159,165,166,167,171,173,175,176,180,183,185,187,190,193,194,195,196,200,201,207,208,209,217,220,227,229,230,235,237,239,241,242,243,244,248,249,250,251,252,253,257,259,263,264,265,267,268,270,271,272,273,274,275,276,279,280,282,284,285,288,290,294,299,300,302,303,304,307,308,312,313,318,319,320,321,322,327,330,332,334,335,336,338,340,341,344,347,348,350,365,370,371,373,374,378,379,380,391,392,402,403,404,417,419,422,426,428,434,441,444,446,449,459,475,476,480,486,539,548,579,665
24,26,61,83,85,86,87,90,91,92,93,94,95,96,97,98,99,102,103,105,106,107,110,112,116,117,118,120,122,123,125,126,127,130,132,137,138,141,144,145,148,150,152,158,161,166,173,174,175,176,182,183,185,186,187,188,191,192,193,194,195,198,202,206,207,213,217,220,224,225,228,229,230,237,241,242,243,245,246,247,249,250,251,252,253,254,255,261,262,264,265,266,268,269,270,271,272,274,277,280,281,283,284,285,286,288,290,291,295,296,299,300,307,309,311,312,313,316,318,319,320,324,327,330,331,336,341,342,343,346,351,353,355,356,362,363,368,371,376,379,381,386,387,389,394,396,404,406,407,412,419,427,431,432,435,436,437,438,440,447,465,480,501,518,534,642,694
25,20,52,83,87,88,90,91,96,97,98,99,100,101,103,104,105,106,107,108,110,112,114,115,116,117,118,119,120,122,123,124,126,127,128,130,137,138,139,140,142,144,146,147,149,153,154,155,156,157,158,161,163,170,171,172,174,176,177,178,181,182,183,185,187,190,196,198,199,201,203,204,205,209,214,217,218,219,224,231,232,233,234,235,238,241,245,248,251,253,254,255,256,257,258,261,263,265,266,269,271,272,273,275,276,277,279,281,283,286,287,288,289,290,291,294,295,296,298,299,303,305,307,310,312,315,317,322,325,326,327,328,336,337,338,339,341,343,344,345,346,348,350,351,354,358,360,368,373,374,380,382,384,385,387,393,396,405,420,425,427,432,446,490,512,578,639
26,21,81,82,84,85,86,90,91,93,95,96,97,99,100,103,104,106,107,109,110,114,115,116,117,118,119,123,125,128,129,130,131,132,133,134,135,136,139,143,144,146,147,150,154,158,159,161,165,167,169,171,173,176,177,179,184,188,191,196,200,202,204,207,208,210,213,214,215,216,218,222,224,225,228,232,233,234,235,237,239,240,241,242,243,245,246,247,250,254,257,263,266,268,270,271,272,273,274,275,276,278,280,281,284,287,288,289,291,292,293,296,297,298,299,302,303,309,310,311,313,317,320,321,322,323,325,329,330,336,337,340,342,345,349,350,356,359,361,365,371,373,374,375,378,379,381,382,383,384,388,389,393,397,403,409,410,417,428,429,435,442,448,456,458,519,629
27,41,76,82,83,84,85,86,87,89,90,91,92,93,95,96,97,98,100,101,102,103,104,105,106,107,109,110,111,112,113,114,115,116,117,119,120,121,122,125,126,129,130,131,132,133,134,136,137,140,141,143,144,146,147,148,149,150,151,155,158,162,163,167,168,170,172,173,175,176,181,183,184,186,187,188,189,190,191,192,195,196,197,198,200,201,204,205,207,208,213,214,216,219,223,224,226,229,231,232,233,234,239,240,241,242,245,249,255,257,258,259,260,261,263,264,265,266,268,269,271,272,275,276,277,278,284,285,286,288,289,290,291,292,294,296,298,300,308,314,322,323,327,328,330,334,342,346,354,360,365,366,367,371,376,378,381,387,396,400,404,412,413,419,423,424,427,433,438,439,469,471,481,504,558,616,663,673
28,2,21,44,76,77,78,79,80,81,82,83,84,85,86,88,89,90,91,92,95,96,97,98,99,100,101,103,105,106,107,108,109,110,111,113,114,116,118,120,122,123,124,125,126,127,129,130,131,132,134,136,138,139,140,143,144,146,148,151,152,153,156,158,159,163,165,166,168,169,171,173,174,176,178,181,184,187,188,192,193,194,195,196,198,199,200,202,203,205,207,208,209,212,213,214,215,217,220,221,224,226,227,228,232,235,238,239,241,242,243,244,247,254,256,257,258,261,262,264,265,270,271,274,275,278,279,280,282,284,286,287,289,290,294,298,299,301,303,307,310,311,314,320,323,332,333,335,336,343,345,348,354,355,358,360,361,363,364,373,375,378,385,386,392,393,394,396,401,413,430,434,445,452,475,562
29,67,70,74,75,76,77,78,79,80,82,84,85,86,87,88,89,91,92,93,94,95,96,97,99,100,102,103,104,105,106,108,109,110,111,112,113,114,115,116,117,119,120,121,122,123,124,125,127,128,129,130,131,132,133,135,136,139,140,142,144,145,146,147,148,149,151,153,160,161,165,166,167,168,171,172,173,174,177,179,181,182,183,186,188,189,190,191,192,193,194,195,198,199,200,208,210,211,212,214,215,216,218,219,220,223,224,226,227,229,230,231,236,238,240,244,251,252,253,254,255,257,258,259,261,262,263,266,267,269,270,272,273,274,276,278,279,283,284,285,286,292,297,300,301,302,315,316,319,323,324,327,335,337,338,340,344,347,350,353,355,359,366,368,369,372,373,375,379,380,384,385,388,391,407,416,423,467,631
30,29,72,73,75,76,77,78,79,80,81,82,83,84,85,86,87,89,90,91,92,93,95,97,99,101,102,103,104,106,107,110,112,113,114,116,117,118,119,120,121,123,124,125,126,127,129,130,133,135,138,139,141,142,145,146,149,150,151,153,154,159,160,162,164,167,169,170,172,173,174,178,179,181,183,186,187,188,191,195,197,200,201,207,210,212,214,215,217,218,220,224,228,229,242,243,246,250,252,255,265,284,285,288,289,290,293,297,299,300,301,307,319,322,325,327,328,331,339,345,349,351,352,355,359,360,362,364,369,372,375,392,404,406,434,474,507,525
31,69,70,72,73,74,75,76,77,78,79,81,82,83,84,85,86,87,88,89,91,92,94,95,97,99,101,104,106,107,109,113,114,115,116,117,118,119,120,121,123,124,125,126,128,129,130,133,134,136,137,138,139,141,142,143,144,146,147,149,150,153,157,158,160,161,164,167,168,169,170,171,172,174,175,176,177,178,182,183,185,187,188,193,196,197,200,206,209,210,211,212,215,223,225,226,227,236,244,274,334,363,377,378,428,437,451
32,65,66,67,68,69,71,72,73,74,75,76,77,78,79,80,81,82,83,84,85,86,87,90,91,92,93,94,96,97,98,99,100,102,103,105,106,112,113,116,117,118,120,121,122,124,125,126,127,129,131,132,134,136,137,138,140,146,150,152,158,159,160,162,165,166,170,172,173,181,182,183,190,194,195,198,199,206,207,209,212,215,216,218,224,227,242,251,268,276,279,281,355,362,574,667
33,26,63,66,67,68,69,70,71,73,74,75,76,77,78,79,80,81,82,83,84,85,86,87,88,90,91,92,94,95,96,97,98,99,100,101,102,104,105,107,108,109,110,114,115,116,117,119,120,121,122,123,125,126,127,130,131,132,134,136,140,141,143,144,145,148,149,151,153,156,158,166,167,168,169,171,172,173,175,176,177,179,183,184,188,190,192,194,198,200,210,212,218,219,245,263,279,291,666
34,53,58,64,65,66,67,68,69,70,71,72,73,74,75,76,77,78,79,80,81,82,83,84,85,86,87,89,91,92,93,94,96,97,99,100,102,103,104,105,106,107,108,109,110,111,113,114,115,116,118,119,121,122,124,126,128,130,131,134,135,136,138,142,143,144,147,148,149,150,157,162,163,165,171,172,176,179,181,183,188,189,190,192,194,197,199,200,202,206,209,212,214,224,232,233,245,251,285,291,508,559,618
35,65,67,68,70,72,73,74,75,76,77,78,79,80,81,83,84,85,86,87,88,89,90,92,95,96,101,103,104,105,106,107,108,110,112,114,116,118,124,126,127,129,130,131,134,137,140,141,142,143,145,150,153,155,163,164,169,171,176,179,180,185,192,194,195,197,199,200,203,204,207,208,214,215,224,228,233,241,274,383,525,593
36,39,44,58,67,72,73,74,75,76,78,79,80,81,82,84,85,86,87,88,89,90,91,92,93,95,96,97,99,100,101,102,103,105,106,110,111,112,113,114,117,119,124,127,129,131,132,133,135,136,138,139,141,143,144,145,151,152,153,154,156,158,162,163,166,170,171,175,176,178,181,183,194,196,208,211,216,217,230,239,252,273,306,418,484,613
37,65,68,69,71,72,73,74,75,76,77,78,79,80,81,82,83,85,86,87,90,91,93,94,95,96,97,98,99,100,102,103,104,108,109,110,113,114,115,116,119,121,123,127,129,130,137,138,140,141,143,145,146,150,153,154,155,160,165,166,167,170,172,173,174,176,178,187,191,194,201,202,203,208,209,224,234,236,266,278,343,524
38,63,65,68,69,70,71,72,73,74,75,76,77,78,79,80,81,82,83,84,85,86,87,88,89,93,94,95,97,100,101,102,104,106,108,109,111,114,115,117,122,124,125,126,127,128,130,131,132,133,134,135,138,142,147,149,152,154,158,166,167,168,171,173,175,176,178,180,181,183,185,192,194,199,202,207,210,211,215,222,223,226,228,230,239,287,314,344,345,523,613
39,28,68,73,74,77,79,81,82,83,84,85,87,88,89,90,92,93,94,95,98,99,100,102,104,106,107,108,109,112,114,115,116,117,120,123,124,125,126,127,128,130,132,133,135,136,138,140,142,143,144,145,147,149,150,151,153,155,156,159,161,164,166,170,171,173,174,176,178,182,183,185,186,188,189,192,193,199,200,202,205,207,208,218,231,233,236,243,257,272,291,311,312,317,488,676
40,41,66,71,72,73,74,75,76,77,78,79,80,81,82,83,84,85,86,87,88,89,90,92,93,94,95,96,97,98,100,101,102,103,104,105,106,107,108,109,110,111,112,113,114,116,117,118,120,121,122,123,124,125,126,127,129,130,132,134,135,136,137,138,139,142,143,146,147,148,149,151,156,157,158,160,162,163,164,165,167,169,170,171,172,174,175,176,177,178,179,180,181,182,184,185,186,187,188,189,190,192,193,195,197,198,199,200,204,205,206,207,208,209,210,215,216,217,219,220,221,222,223,224,230,234,235,236,237,239,241,243,248,250,254,255,256,257,260,262,264,265,266,273,274,275,277,279,281,284,291,297,312,318,323,327,337,341,348,406,439,447
41,53,65,66,68,69,71,72,73,74,75,76,77,78,79,80,81,82,83,84,85,87,89,90,92,93,94,98,100,101,102,103,105,106,107,108,109,111,112,113,116,117,118,119,120,121,123,125,127,128,129,130,135,137,141,142,143,144,146,148,151,152,153,157,159,161,162,163,165,166,169,170,171,173,174,177,178,180,181,182,183,184,185,186,187,188,189,190,191,192,194,195,196,197,198,199,200,201,202,203,204,205,206,207,208,209,210,211,212,214,215,216,217,218,219,220,221,222,223,224,225,226,227,228,229,230,231,232,233,234,235,236,237,238,239,240,241,242,243,244,245,246,248,249,250,251,252,253,254,255,256,257,258,260,261,262,263,265,266,267,268,269,271,273,275,276,277,280,281,283,284,285,287,288,291,293,295,296,297,298,299,302,304,306,307,309,319,320,326,327,328,331,344,349,350,353,358,359,360,362,364,366,367,371,373,374,377,379,381,383,389,390,406,413,436,621
42,63,64,65,66,67,68,69,70,71,72,73,75,76,77,78,79,80,81,82,83,84,85,87,89,90,92,94,95,96,97,99,100,101,105,106,107,108,109,110,111,113,114,115,116,117,121,122,123,124,125,126,130,131,133,134,139,142,144,145,147,148,149,150,153,155,156,157,158,160,163,166,167,168,169,170,171,172,173,176,177,179,181,182,183,185,187,189,192,194,195,198,199,201,202,203,205,207,208,209,210,212,213,214,215,217,218,221,222,223,224,225,226,227,228,229,230,231,232,233,234,235,236,237,238,239,240,241,242,243,244,245,246,247,248,249,250,251,252,253,254,255,256,257,258,259,260,261,262,264,265,266,267,268,269,270,271,272,273,275,276,277,278,279,280,281,282,283,284,285,287,288,289,290,291,292,293,294,295,296,297,300,301,303,304,305,306,307,309,310,311,312,313,314,316,318,319,320,321,322,323,328,329,334,337,338,339,340,342,351,352,356,357,359,361,365,375,376,377,378,381,382,383,388,391,393,403,404,409,415,423,426,427,454,463,465,499,526,553,606
43,14,60,62,63,64,65,66,67,68,69,71,72,73,75,76,77,78,79,80,81,83,86,87,89,91,92,93,95,96,97,98,99,100,102,103,105,106,111,112,113,115,116,118,119,120,121,122,124,129,130,131,132,133,135,138,139,140,143,144,145,146,148,149,153,156,157,160,163,164,165,166,167,169,170,172,176,177,178,181,184,188,190,192,195,196,197,198,203,210,212,215,216,217,218,219,220,221,222,225,227,229,230,232,234,235,237,238,239,240,242,243,245,246,247,248,249,250,251,252,254,256,257,260,261,262,263,264,265,266,268,269,270,273,274,276,278,279,280,282,283,285,286,287,288,290,291,292,293,294,296,297,298,300,301,302,304,306,307,310,311,312,313,315,317,320,321,322,324,330,336,337,338,343,345,351,356,360,362,364,366,371,376,381,384,386,404,410,413,422,424,426,436,438,447,476,569
44,57,59,60,61,62,63,64,65,66,67,68,69,70,71,72,73,74,75,76,79,82,85,86,87,89,91,92,93,94,95,98,99,101,102,104,105,107,109,110,111,112,113,114,115,117,120,121,122,124,127,128,129,131,132,133,134,135,136,137,138,139,140,141,142,146,148,149,152,156,157,158,159,160,161,163,164,168,169,170,173,175,178,183,184,185,186,187,189,190,195,197,201,202,203,204,210,216,217,218,220,221,222,223,226,230,231,232,234,245,247,250,251,252,258,262,263,265,266,267,269,270,271,275,276,279,280,282,283,284,285,286,290,291,293,294,295,296,297,304,307,311,314,315,316,320,321,322,323,324,333,334,340,341,342,343,344,346,348,350,351,352,354,355,359,382,386,404,405,408,412,423,424,471,476,608
45,54,57,58,59,60,61,62,63,64,65,66,67,68,69,70,75,76,78,79,80,81,82,83,85,86,87,88,89,90,92,93,94,95,96,97,98,99,100,101,102,103,105,106,108,109,110,112,113,114,115,116,117,120,121,123,125,126,127,128,132,135,136,137,138,139,140,142,145,146,147,148,150,151,152,155,158,159,160,162,163,164,165,166,169,170,171,174,175,176,178,179,180,181,183,188,190,191,192,194,199,200,202,203,205,206,210,213,216,217,219,222,223,224,225,226,227,228,229,230,231,232,233,237,239,240,244,249,252,254,260,261,262,263,265,266,276,279,280,284,285,286,288,291,292,293,294,295,296,303,304,314,315,317,322,323,326,331,347,357,363,365,367,369,372,375,376,378,393,397,411,424,450,452,453,550,669
46,54,56,57,59,60,61,62,63,64,65,66,67,68,71,72,73,74,75,77,78,79,80,81,82,83,85,86,87,88,89,90,91,92,93,94,95,96,98,99,100,101,102,103,105,107,109,110,112,115,116,117,120,122,126,127,130,132,133,138,139,140,141,142,144,145,148,149,151,152,154,155,157,162,163,165,166,167,170,171,172,173,174,175,176,177,179,180,181,182,183,184,189,192,196,203,207,208,210,212,213,215,216,217,220,222,223,225,226,227,228,231,234,236,238,239,240,242,247,250,252,257,259,262,263,267,269,270,271,272,274,277,283,284,289,292,302,306,309,312,314,319,320,325,333,347,350,353,356,357,366,373,374,377,378,380,389,391,392,397,399,409,425,429,458,480,492,563,572,673
47,2,27,51,54,56,58,60,61,62,63,64,66,67,68,69,70,71,72,74,75,76,77,78,79,80,81,83,84,85,86,87,89,90,91,92,93,94,96,98,99,100,103,104,106,108,109,111,117,119,120,121,123,124,125,127,131,132,133,135,136,140,142,143,144,145,146,148,152,153,155,159,160,161,164,167,168,169,170,171,172,175,177,178,180,181,185,187,190,191,193,197,199,209,210,213,217,218,220,221,225,226,227,229,230,232,233,234,236,238,242,244,245,252,259,265,266,267,270,274,276,286,292,293,300,307,309,311,312,313,317,326,328,332,337,341,343,365,425,447
48,49,52,55,56,58,59,60,61,62,63,64,65,66,67,70,71,72,74,75,77,78,79,80,82,83,85,87,88,90,91,93,94,97,98,99,101,107,109,110,111,112,113,114,116,117,118,119,122,124,125,128,130,132,133,137,141,142,144,146,148,149,150,151,152,154,156,157,158,159,160,161,162,163,165,166,168,170,173,174,175,178,179,180,182,183,184,187,188,189,191,192,193,195,196,197,198,199,200,202,205,206,207,212,213,214,215,216,218,219,220,221,222,223,224,225,226,227,228,230,231,233,236,237,244,245,247,249,250,253,255,266,281,285,293,302,322,332,348,350,374,378,383,393,537,549,565,598,615
49,7,27,33,53,54,56,57,58,59,60,61,62,63,64,65,66,67,68,69,70,71,72,73,74,75,76,77,78,79,81,82,85,86,88,89,91,92,94,95,96,98,99,100,102,103,105,106,107,108,109,110,111,112,113,114,115,116,117,118,120,121,122,124,128,129,131,133,135,139,141,143,144,149,152,154,155,156,159,162,163,165,168,170,171,174,175,180,182,183,185,188,191,193,196,197,198,199,202,203,205,209,214,217,218,223,226,232,237,239,241,249,254,263,264,269,270,272,280,284,294,299,310,323,326,335,344,347,348,390,525,616,670
50,50,54,56,57,58,59,60,61,62,63,64,65,66,67,70,72,73,74,75,76,77,80,81,82,84,85,86,87,88,90,91,92,93,94,95,96,97,98,100,101,102,103,104,106,107,108,110,112,113,114,115,116,117,118,120,121,122,123,124,126,127,128,129,130,132,134,140,141,142,143,146,152,153,154,155,156,157,158,160,161,162,163,165,167,168,173,174,175,179,180,184,187,191,193,198,200,202,204,205,206,211,213,217,219,220,223,225,227,228,232,235,236,240,242,243,248,250,261,266,283,317,326,330,566
51,45,51,54,55,57,58,59,60,61,62,63,64,65,66,67,68,69,70,71,72,73,75,76,77,78,79,80,81,82,83,84,85,86,87,88,89,90,91,93,94,95,97,98,99,100,101,102,103,104,105,106,108,111,112,113,114,115,119,120,121,123,124,125,127,131,132,134,135,137,144,148,150,152,153,157,158,159,160,161,162,163,164,166,167,168,169,170,171,172,173,174,175,176,177,179,180,181,182,183,184,186,187,189,190,191,192,193,195,197,199,208,209,210,212,213,214,218,219,221,223,225,226,228,230,231,236,237,239,240,241,243,244,245,258,261,262,265,273,276,277,279,283,290,293,295,305,307,332,335,356,374,401,533,630
52,50,51,52,53,54,55,56,57,58,60,61,63,64,65,66,67,68,70,71,72,75,76,77,78,79,80,81,82,83,85,88,91,92,93,94,95,96,97,98,100,102,103,104,106,107,109,111,112,114,116,117,120,121,122,123,124,125,126,128,129,132,134,135,136,137,138,140,141,143,144,147,148,149,151,152,153,154,156,158,159,161,162,164,165,166,167,168,169,170,171,172,173,174,175,176,177,178,179,181,183,184,185,186,188,189,191,195,196,197,199,200,206,207,210,211,212,215,218,219,220,221,222,223,224,226,228,231,235,238,244,245,247,248,249,252,254,257,259,260,262,266,278,279,282,287,291,304,305,310,321,329,348,425,470
53,52,55,57,58,59,60,61,63,64,65,66,67,68,69,70,72,73,74,75,76,77,78,79,80,81,83,84,85,87,88,90,92,93,96,97,101,102,105,107,109,111,112,114,115,116,117,118,119,120,121,122,123,124,125,126,127,128,129,130,131,132,133,134,136,137,143,146,148,150,151,152,153,154,156,157,158,159,160,161,165,166,168,170,173,174,175,177,178,179,180,184,185,186,187,188,189,191,193,197,199,201,204,205,208,210,211,215,217,219,220,223,224,226,227,229,233,238,243,245,246,247,248,250,253,261,265,273,292,299,304,309,320,330,332,336,350,373,379,382,477,481,608
54,36,48,50,52,53,54,55,57,58,59,60,61,62,63,64,65,66,67,68,70,71,72,73,74,75,76,80,81,82,83,85,86,87,88,90,91,92,96,97,98,99,103,104,106,108,109,111,112,114,118,120,122,123,125,127,128,129,130,135,136,138,139,144,146,147,150,151,152,153,154,155,156,157,158,159,160,161,163,164,169,170,171,174,175,178,180,181,188,189,190,191,197,198,199,203,207,208,210,211,213,215,216,219,220,224,225,227,228,229,231,233,242,244,247,248,251,254,257,258,263,267,274,280,288,290,293,298,305,312,318,319,331,333,351,352,362,531,650
55,52,54,56,57,58,59,60,61,62,63,65,66,67,68,70,72,74,75,77,78,79,81,82,83,84,85,86,87,88,89,90,91,92,93,96,97,98,99,100,101,102,103,105,107,108,109,110,111,112,113,114,116,117,119,120,121,122,123,124,125,126,129,130,131,132,133,140,144,146,147,148,151,152,153,155,156,162,163,170,180,182,184,186,187,188,189,196,197,198,202,203,205,207,209,212,215,216,217,218,221,222,223,224,225,226,228,229,232,235,239,243,249,256,263,270,283,284,286,291,293,294,296,297,305,309,315,325,332,371,461,525,547
56,28,49,51,53,54,55,56,57,59,60,62,63,64,66,67,68,69,70,71,72,73,74,75,77,78,79,80,82,83,85,86,87,88,90,91,92,93,95,96,97,98,99,102,103,106,109,110,114,115,117,125,126,132,134,137,139,140,141,144,147,148,149,151,153,154,155,156,157,158,161,163,165,169,173,175,177,183,186,187,193,194,195,203,204,205,206,209,210,213,215,216,219,220,221,222,223,224,225,226,235,245,249,255,258,263,271,272,280,285,292,298,306,311,335,456,535
57,45,51,52,59,60,61,62,63,65,66,67,68,70,71,72,73,74,75,76,77,78,79,80,83,84,86,88,91,94,96,97,99,100,101,104,107,111,113,114,115,117,118,120,121,122,125,127,129,130,131,137,138,141,148,152,153,155,156,157,162,163,167,168,175,176,178,179,180,182,183,184,186,189,203,212,222,223,224,225,227,236,240,242,244,248,261,263,272,304,313,328,330,333,358,379,432,434
58,47,48,51,53,54,56,58,63,64,65,66,67,68,71,73,75,76,77,78,79,82,85,86,87,89,92,93,94,96,97,98,99,102,103,107,108,110,111,112,113,114,115,116,117,118,119,124,128,129,131,133,134,135,138,142,145,146,156,157,159,164,167,170,171,177,179,180,181,182,194,197,200,206,208,210,211,213,214,216,225,231,234,240,241,242,245,255,257,267,281,297,306,509,519,690,697
59,49,55,56,59,60,61,62,63,67,68,73,74,75,76,78,79,81,82,83,84,85,86,87,90,92,94,96,97,99,100,101,103,104,106,107,108,109,110,111,112,113,115,116,117,118,121,122,123,125,128,134,140,143,149,151,156,157,160,163,164,166,168,169,171,172,176,180,181,183,184,185,188,189,193,194,196,198,199,205,209,213,215,220,223,226,231,246,250,251,256,258,262,265,275,294,305,314,337,345
60,51,54,57,62,63,64,66,68,70,73,74,75,76,77,78,79,80,81,82,84,85,90,92,94,95,97,99,100,101,103,106,108,110,111,112,116,117,119,120,121,124,130,135,136,138,140,141,150,151,155,158,159,160,161,164,165,167,168,173,175,176,185,187,188,191,193,203,212,213,214,215,220,224,229,231,240,248,295,306,469
61,29,48,58,60,63,65,66,67,68,70,71,72,73,74,76,77,78,79,80,81,82,83,85,86,87,88,90,91,93,95,99,100,101,104,105,108,110,111,113,114,115,116,117,118,120,122,125,126,127,128,130,143,144,148,153,157,160,166,167,168,170,172,173,176,178,182,183,189,190,194,196,197,201,205,210,228,236,241,244,292,299,337,413,439,473
62,33,54,64,65,69,70,72,73,76,77,78,81,82,85,86,87,88,90,92,93,94,95,96,97,98,99,100,102,104,105,106,109,110,111,112,116,117,118,121,122,124,125,127,134,136,137,138,150,161,169,171,172,176,181,185,187,189,194,198,200,201,218,222,225,228,240,249,257,262,269,277,283,309,311,315,356,459,626
63,66,76,78,80,81,86,87,88,90,91,92,93,95,96,97,98,99,101,102,103,104,105,106,107,108,110,111,112,114,115,117,120,121,122,124,125,126,127,128,130,131,132,133,134,136,139,141,142,144,150,155,156,185,191,203,204,211,215,219,225,230,242,244,250,264,323,345,522,617
64,63,72,75,76,77,79,82,87,89,92,94,96,98,103,108,112,117,120,122,124,127,128,131,140,141,148,149,150,159,161,165,171,176,180,181,189,192,193,202,206,215,229,245,247,248,254,310,324,508
65,35,93,95,126,130,131,133,134,143,185,198,264,273,312,468,475,606
66,16,195,202,307,467,513,520
67,488,534
68,399,436,477,593,604
69,335,443,536,640
70,382,400,434,520,688
71,352,392,400
72,329,469,485,685
73,143,304,411,415,491,587
74,476,537,591,601,603
75,101,439,465
76,77,290,511,626
77,126,180,225,250,526,680
78,63,509,526,534,693
79,3,161,422,554,647
80,25,71,78,148,672
81,20,172,210,526,667
82,66,147,367,381,481
83,
84,
85,
86,
87,
88,
89,
90,
91,
92,
93,
94,
95,
96,
97,
98,
