11
0,451
1,41,483,536,574,584
2,58,69,129,213,455,509
3,28,32,34,41,42,46,48,49,50,53,56,57,58,59,60,63,64,65,70,71,300,313,356
4,4,31,35,38,41,43,44,46,47,48,49,51,54,55,56,57,58,59,60,61,62,63,64,66,67,68,69,70,71,72,73,74,75,76,77,78,80,81,82,83,86,87,93,96,97,98,100,101,102,110,114,121,122,128,129,131,133,146,160,164,165,166,167,168,169,170,172,174,177,181,194,208,264,343,345
5,22,25,52,53,56,58,63,67,68,69,70,71,72,73,74,75,77,78,79,80,81,84,86,87,89,90,91,92,93,95,96,97,100,103,105,106,107,108,109,110,111,112,113,115,116,117,118,119,120,121,124,125,126,127,128,129,130,131,132,133,134,135,136,137,138,139,140,141,142,143,145,146,147,148,149,150,151,152,153,154,155,157,160,161,162,164,166,167,168,169,170,173,174,175,176,177,178,179,180,181,182,183,184,185,186,187,188,189,190,191,192,193,194,195,196,197,198,199,200,201,202,203,204,205,206,207,208,209,210,211,212,213,214,215,217,219,222,223,224,226,228,229,230,231,233,235,236,239,240,242,245,246,251,253,255,256,258,259,261,262,264,266,268,269,271,272,278,279,280,285,286,287,288,289,290,291,292,293,295,296,297,298,299,300,301,302,303,304,306,307,308,309,310,311,312,313,314,315,316,317,318,319,320,321,322,323,324,325,326,327,328,329,330,331,333,334,335,336,337,338,339,340,341,342,343,344,345,346,347,348,349,350,351,352,353,354,355,356,357,358,359,360,361,362,363,364,365,366,367,368,369,370,371,372,373,374,375,376,377,378,379,380,381,382,383,385,386,387,388,390,391,394,396,397,402,404,406,407,410,411,413,414,416,421,423,426,428,430,431,433,434,435,441,444,450,455,464,469,482,493,506,593
6,1,79,81,83,84,85,86,87,88,89,90,91,93,94,95,97,98,99,100,101,102,103,106,107,110,111,112,113,114,115,116,117,120,122,123,124,125,126,127,128,129,131,133,134,135,136,137,138,141,143,144,145,146,155,159,160,164,165,166,167,170,173,174,175,177,178,179,184,187,189,191,192,193,195,196,197,200,202,203,204,206,207,208,209,210,212,214,216,218,219,220,221,223,225,228,229,230,231,232,233,234,236,237,238,239,241,242,243,244,246,247,248,249,251,252,255,256,257,261,267,273,274,276,277,278,280,281,282,283,284,286,287,288,289,291,293,294,295,296,297,298,300,301,303,304,308,309,310,311,312,313,314,315,316,317,319,320,321,322,323,324,325,326,327,328,329,330,331,332,333,334,335,336,337,338,339,340,341,342,343,344,345,346,347,348,349,350,351,352,353,354,355,357,358,359,360,361,363,364,365,366,367,368,369,370,371,372,373,374,375,376,377,379,380,381,382,383,384,385,386,387,389,390,392,393,394,397,398,399,400,403,404,405,406,407,410,411,419,420,424,425,426,429,433,434,441,442,447,448,452,454,461,530,540,570,587,640
7,73,78,79,80,81,82,83,84,85,86,87,89,90,91,92,93,94,95,96,97,98,99,100,101,102,103,104,105,106,107,108,109,110,111,112,113,114,115,116,117,118,119,120,121,122,124,127,130,131,133,135,141,143,145,147,149,151,154,157,164,165,168,169,172,173,174,175,176,178,179,180,182,184,185,186,187,188,190,191,192,194,197,198,200,201,202,205,206,208,210,213,214,215,216,221,222,223,224,226,227,230,232,233,235,238,240,243,245,247,249,251,253,255,256,257,258,259,260,261,263,264,265,266,269,270,271,275,276,283,289,290,293,294,304,305,306,307,308,309,310,311,316,317,319,321,322,325,326,327,328,329,330,331,332,333,334,335,337,338,339,340,341,342,343,344,345,346,347,349,351,352,353,354,355,357,359,360,361,362,363,364,365,366,367,368,369,370,371,372,373,374,375,377,378,380,382,383,386,387,389,390,391,392,394,396,397,399,401,402,409,410,411,413,415,416,417,418,419,420,421,428,430,432,433,434,436,438,439,442,443,450,451,452,455,473,474,482,491,499,620
8,38,50,82,83,84,85,87,88,90,91,92,93,94,95,96,97,98,99,100,101,102,103,104,105,106,107,108,109,111,112,113,115,116,117,118,119,120,121,122,123,124,125,126,127,128,129,130,131,132,133,134,135,136,139,140,141,142,143,145,147,148,149,150,152,154,155,158,163,165,166,168,169,170,171,174,175,176,177,178,179,180,181,182,183,184,185,186,187,189,190,191,192,194,195,196,197,198,199,200,201,202,203,204,206,207,208,210,212,213,214,215,216,217,218,219,220,221,225,226,228,229,230,231,232,233,234,235,237,238,240,241,243,244,245,246,248,250,251,252,257,259,260,261,262,263,265,267,268,270,271,273,274,275,277,279,280,281,284,288,291,293,295,296,297,298,299,301,302,303,304,305,306,307,308,309,310,313,314,315,320,321,322,323,324,325,328,329,331,332,333,334,335,336,337,338,339,340,341,342,345,348,349,350,352,353,355,356,358,359,361,362,363,364,367,370,372,376,380,382,383,389,391,393,394,395,399,400,401,403,405,408,409,410,413,414,416,417,425,452,454,457,463,464,466,467,488,492,506,553
9,79,80,81,86,87,88,89,90,91,92,93,94,95,96,97,100,101,102,103,104,105,106,107,109,110,111,112,113,114,115,116,117,118,120,121,122,123,124,125,126,127,128,129,130,131,132,133,134,135,136,137,138,140,141,142,144,145,147,150,151,153,155,158,159,160,161,162,163,165,166,169,171,172,173,175,176,178,179,180,181,182,183,184,185,187,189,190,191,193,194,195,196,197,199,200,203,204,205,206,207,208,209,211,213,215,217,218,219,222,225,227,230,232,233,235,236,237,238,241,242,243,244,247,248,249,252,253,254,255,256,259,261,262,263,265,266,268,269,270,271,273,274,275,276,282,283,284,285,288,291,296,297,298,299,300,301,308,311,312,313,314,315,316,319,320,321,322,326,327,328,329,330,331,332,333,335,336,340,341,342,343,344,345,346,347,348,352,353,356,357,358,360,363,364,365,366,369,370,371,372,375,376,379,381,386,388,391,394,395,397,398,401,403,405,408,414,417,425,441,442,446,447,453,492,499,510,518
10,15,51,80,82,83,84,85,87,88,89,91,92,93,94,95,96,98,99,100,101,102,104,105,107,108,109,110,111,113,114,115,116,117,118,119,120,121,122,123,124,126,128,130,132,133,134,135,136,138,139,140,141,142,146,147,148,149,152,153,155,158,159,162,164,166,167,168,169,170,171,173,179,180,181,182,183,186,187,189,190,195,196,198,201,205,206,207,208,210,211,212,214,215,218,219,220,221,223,226,227,229,230,231,232,242,247,248,251,254,255,257,258,262,264,267,270,272,274,275,287,288,292,294,297,302,304,305,306,314,317,318,319,321,322,323,326,327,329,330,332,334,335,340,341,342,343,344,347,348,349,351,353,356,357,362,363,364,365,366,367,370,372,373,374,375,376,379,380,381,388,389,392,395,400,402,408,412,418,419,420,428,430,431,436,437,442,446,453,458,471,512,663,669
11,28,35,77,79,80,83,84,86,87,88,89,90,91,92,93,94,95,96,97,98,99,100,101,102,103,104,105,106,107,108,109,110,111,112,113,114,115,117,120,121,122,123,124,125,126,127,131,132,134,135,136,137,139,140,142,143,145,146,147,148,149,150,151,152,154,156,157,160,162,164,165,166,167,169,170,171,172,173,174,176,177,178,181,182,184,186,187,189,191,192,193,196,197,200,201,202,204,205,206,207,210,211,213,214,217,218,222,223,227,228,229,231,234,235,237,238,244,246,247,249,251,252,257,259,263,268,272,273,278,281,282,283,284,287,289,290,291,294,299,300,305,314,320,321,322,323,324,327,332,334,336,338,342,344,345,350,351,352,354,355,357,359,360,363,364,365,367,368,371,372,373,374,375,379,382,383,385,386,387,391,394,395,396,397,399,404,405,406,407,408,411,412,414,415,417,418,419,422,423,424,426,429,449,450,453,464,472,498,504,506
12,76,78,80,82,83,84,85,86,88,89,90,91,92,93,94,95,96,97,98,99,100,101,102,103,105,106,107,108,110,111,112,113,114,115,118,121,122,123,124,126,127,128,130,131,132,133,135,136,137,139,140,141,142,143,144,145,146,147,148,149,150,151,152,155,158,159,162,163,171,175,176,177,178,180,181,182,183,186,187,188,191,197,199,200,201,204,205,208,214,216,218,220,221,222,224,225,226,229,234,238,240,243,246,247,248,249,250,252,254,260,265,269,270,275,280,283,293,294,297,307,312,316,317,319,325,326,327,331,333,337,344,345,352,354,357,358,359,360,361,362,363,365,366,367,369,372,374,376,378,388,392,393,403,405,406,409,410,414,417,425,426,429,433,435,437,439,443,448,450,452,453,456,457,510,513
13,79,81,82,84,85,86,87,88,89,90,91,92,93,94,96,98,100,101,102,103,104,105,106,107,108,109,110,111,112,113,114,116,117,118,119,122,123,124,125,127,128,129,130,131,133,134,135,136,138,140,142,143,145,146,148,151,152,153,155,156,157,158,160,161,168,169,171,174,175,176,179,181,182,183,184,187,188,190,192,195,196,198,202,203,205,210,211,215,217,221,222,224,227,228,231,239,242,246,247,253,258,261,266,272,273,286,289,290,292,293,294,295,296,297,301,304,307,314,315,319,323,324,325,327,332,335,336,338,339,346,351,353,354,355,359,361,362,365,368,369,370,371,373,375,377,379,383,385,386,388,389,390,391,394,395,399,401,404,412,413,419,425,428,430,434,435,447,448,460,463,467,469,477,508,511,672
14,25,75,79,83,84,85,86,87,88,90,91,92,93,94,95,96,97,98,99,101,102,103,105,106,107,109,110,111,112,113,114,115,116,120,121,122,123,124,125,126,128,129,131,132,133,135,139,140,143,144,145,146,147,149,150,151,153,156,157,158,160,161,163,164,167,168,171,172,174,177,179,181,185,190,191,193,199,200,201,204,211,213,214,215,219,220,222,231,239,241,243,244,246,247,252,254,255,257,261,272,278,284,285,287,290,292,299,310,311,321,323,331,334,336,339,344,348,349,351,352,357,358,359,360,361,367,369,371,372,374,376,378,382,383,385,387,389,390,391,395,396,398,400,402,408,416,417,422,425,427,431,435,445,448,452,468,471,475,543,552
15,33,79,83,84,86,87,88,89,90,91,92,93,94,95,97,98,99,102,104,105,106,107,108,109,111,112,113,115,116,117,119,120,121,122,123,124,125,127,128,129,130,131,132,133,134,136,138,140,141,144,145,147,148,149,151,152,153,154,156,157,160,163,164,168,170,171,172,175,179,180,182,186,187,192,195,196,197,199,201,203,205,206,207,209,210,212,215,216,217,218,219,225,228,239,242,245,247,249,250,252,253,257,258,263,271,275,281,286,303,307,312,317,321,325,337,349,360,365,368,369,372,374,378,380,383,384,386,391,392,394,398,400,407,409,410,413,430,432,435,440,454,459,470,549
16,15,77,80,81,82,83,84,85,86,87,88,89,90,91,92,93,94,95,96,97,98,99,100,101,102,103,104,105,106,107,110,111,112,113,115,116,117,118,119,120,121,124,126,127,130,132,133,134,135,137,138,141,142,144,146,148,149,150,151,152,153,154,156,157,158,161,163,164,165,166,167,169,170,171,173,174,177,180,183,185,186,187,190,191,192,193,194,195,200,201,202,204,206,207,211,215,216,217,221,222,223,224,227,229,230,240,241,244,247,248,251,261,282,289,297,306,308,315,318,320,322,323,326,328,333,337,341,348,351,355,362,365,367,374,375,379,380,381,383,384,387,392,396,398,407,410,412,415,430,433,434,438,445,446,458,459,464,465,478,492,511,591,660
17,73,77,79,81,83,84,86,87,88,89,90,91,92,93,94,95,96,97,98,101,102,104,105,106,108,109,110,113,115,116,118,119,122,123,124,127,128,129,130,131,133,134,136,139,140,141,142,144,146,148,150,151,152,153,157,159,160,161,162,164,168,169,171,173,175,178,180,182,183,185,187,189,193,196,197,198,200,202,204,206,208,209,218,220,226,230,231,232,233,236,242,243,249,253,259,262,263,266,269,270,272,276,281,287,288,290,295,296,298,299,303,305,308,310,313,323,336,343,352,355,357,364,368,369,375,379,380,388,390,392,394,398,409,412,417,420,422,426,431,434,454,471,475,487,489,519,527,528,563
18,75,78,79,80,81,82,83,84,85,86,87,89,90,91,92,93,94,95,96,97,98,99,100,102,103,104,105,106,107,108,109,110,111,112,113,115,116,117,118,119,121,122,123,124,125,126,127,129,131,132,134,136,137,138,139,140,141,142,144,145,148,150,153,154,155,156,157,158,160,161,162,165,166,167,168,170,171,172,173,174,178,180,184,186,187,188,191,193,194,197,198,200,201,203,204,205,206,207,209,210,211,212,213,214,215,217,218,219,220,226,227,232,235,237,240,242,247,250,252,253,256,257,262,263,264,265,268,269,274,286,287,288,290,294,297,302,304,310,311,314,315,338,340,341,357,360,372,374,378,384,386,394,405,410,415,423,430,492,534,548,664
19,73,74,77,79,80,81,82,83,84,85,86,87,88,89,91,92,93,94,95,96,97,98,99,100,101,102,103,104,105,106,107,108,109,110,112,113,114,115,116,117,118,120,121,123,124,125,126,129,131,132,134,137,138,139,140,141,142,143,146,147,150,151,152,153,154,156,157,158,159,160,161,162,163,164,165,166,168,169,170,171,173,174,175,176,177,178,179,181,182,183,184,185,188,192,193,195,196,197,198,201,202,203,207,208,211,213,214,216,217,218,219,221,223,225,226,227,230,232,234,236,237,238,239,240,241,242,243,244,246,247,248,249,251,252,255,260,262,266,267,269,270,271,283,284,286,287,288,290,293,298,304,305,307,313,323,336,342,347,374,380,386,390,399,401,407,427,443,445
20,26,75,77,79,80,81,82,83,84,85,86,88,89,90,91,92,93,94,95,96,97,98,99,100,101,102,103,104,105,107,108,109,110,111,112,113,115,116,117,119,120,121,122,123,124,125,126,128,129,130,131,132,133,134,135,136,137,138,139,140,142,143,147,149,150,153,154,155,156,157,158,159,160,161,162,163,164,165,166,167,168,169,170,171,172,173,174,175,176,177,178,179,183,184,185,186,187,189,192,194,195,197,198,200,201,202,203,204,205,208,209,210,211,213,215,216,218,223,224,227,228,229,230,231,232,236,237,238,239,245,246,247,249,251,252,253,254,255,256,257,258,259,260,265,266,273,275,276,277,278,279,281,283,284,285,287,290,291,294,296,299,301,303,311,312,314,321,324,326,328,330,331,342,348,368,370,386,389,395,398,408,414,415,427,430,439,459,644
21,53,74,76,77,78,79,80,81,82,84,85,88,89,90,91,92,94,95,96,97,98,99,100,101,102,103,104,105,106,107,108,109,110,111,112,113,114,115,116,117,118,121,122,123,125,126,127,128,129,130,131,132,133,134,136,137,138,141,142,143,144,145,146,147,148,149,150,152,153,155,156,158,160,161,162,164,165,167,169,172,174,178,179,180,181,182,183,186,189,192,193,194,197,198,201,202,203,204,205,206,207,208,209,210,211,213,215,218,220,224,225,226,227,229,230,231,232,234,236,237,239,240,241,245,246,247,248,250,251,254,257,258,259,261,264,265,266,268,269,270,275,279,280,281,283,284,285,287,289,292,296,302,304,313,315,316,317,318,319,325,328,329,330,331,332,334,335,349,361,362,372,379,382,386,393,395,407,418,425,428,438,495,499,526,593
22,73,78,79,80,81,84,85,86,87,88,89,90,91,94,95,96,97,99,100,101,102,103,104,105,106,107,108,113,114,115,116,118,119,121,122,123,124,126,127,128,129,130,131,132,133,134,136,137,138,139,140,142,143,144,145,146,147,148,150,151,152,153,154,155,156,158,159,160,161,163,164,166,167,168,169,170,173,175,176,177,179,183,185,189,191,192,193,195,197,198,200,201,202,203,205,206,209,212,213,215,216,217,220,223,225,227,231,234,236,238,240,242,243,245,247,248,249,250,251,253,254,256,257,258,259,261,262,263,264,268,271,272,274,275,276,277,278,279,283,285,290,291,295,299,300,301,305,311,312,315,323,325,330,331,336,342,346,352,364,367,378,383,390,400,406,414,417,423,431,435,438,442,443,445,456,462,482,521,621
23,72,73,77,78,79,80,82,83,84,85,86,87,88,89,90,91,92,93,94,95,96,97,98,99,100,101,102,103,104,105,107,108,110,111,112,113,114,115,116,117,118,119,120,122,123,124,126,127,128,129,130,131,132,133,135,136,137,138,140,141,142,144,145,146,148,149,150,151,152,154,155,156,158,159,162,163,164,165,166,167,168,169,170,172,173,174,175,176,177,178,179,180,183,185,186,187,191,192,196,197,198,200,201,202,204,205,206,208,209,211,212,213,215,217,222,224,228,229,230,232,235,237,238,239,240,241,242,243,246,248,249,250,253,258,259,260,261,263,264,265,266,267,268,269,270,272,273,274,275,277,278,284,285,286,288,289,290,292,293,297,305,319,321,332,337,339,340,341,343,344,358,417,473,484,512,556
24,78,79,80,81,82,83,84,85,86,87,88,90,91,93,94,95,96,97,98,99,101,102,103,104,105,106,107,108,109,110,111,114,115,116,118,119,120,121,123,124,125,126,127,128,130,131,133,134,136,137,138,139,140,141,142,144,145,146,147,148,149,150,151,152,153,154,155,156,157,158,159,160,162,163,164,165,168,169,171,173,175,176,178,180,181,183,184,186,188,189,190,195,196,197,198,199,200,202,205,207,208,209,211,212,214,215,216,218,219,220,222,227,228,229,232,233,234,235,237,238,241,242,243,244,245,246,247,248,249,251,254,257,259,261,262,263,265,266,267,270,271,273,275,276,278,284,286,287,290,291,292,294,295,296,299,302,304,307,315,317,318,320,323,324,327,328,338,343,362,374,375,376,382,383,434,450,451,457,466,478
25,42,64,71,74,75,76,77,79,80,81,82,83,84,85,87,88,89,90,91,93,94,95,96,98,99,100,101,102,103,104,105,107,109,110,111,112,113,116,117,118,121,122,125,127,128,131,132,133,134,135,136,137,138,139,141,143,145,146,147,148,149,150,151,152,154,155,157,158,161,162,163,164,165,166,167,169,170,171,172,174,177,178,180,181,182,184,185,186,188,190,191,193,194,195,196,198,200,202,203,205,208,210,211,214,215,217,218,221,222,224,226,231,232,233,235,236,237,238,239,240,241,244,245,246,248,249,250,251,254,255,256,258,259,260,265,266,267,268,271,272,275,280,282,283,284,291,294,299,305,306,308,312,313,314,325,328,332,342,344,349,363,376,446,672
26,4,72,74,75,76,77,78,79,81,82,83,84,86,87,88,89,90,92,94,95,96,97,98,99,100,101,102,103,105,108,109,111,113,114,115,116,117,118,119,120,121,123,125,126,128,129,133,135,136,138,139,140,141,142,143,144,146,147,149,151,152,153,154,156,158,159,160,161,164,165,166,167,168,169,170,171,172,174,175,176,177,178,180,182,183,184,185,186,189,190,191,194,195,196,199,201,202,205,206,208,210,213,215,217,218,219,220,221,222,223,226,230,231,232,233,234,235,236,237,238,240,241,242,243,244,245,246,247,248,251,252,259,261,262,263,264,266,267,269,278,281,284,286,288,305,307,309,313,330,336,340,376,386,387,415,434,445,513,559
27,73,74,75,76,77,78,79,80,81,82,83,85,86,88,89,92,94,95,96,97,98,100,101,103,104,105,106,110,111,113,114,115,117,118,119,120,121,122,124,126,127,128,129,131,132,133,134,135,138,139,140,141,142,143,144,145,146,147,148,149,150,151,152,153,155,156,157,158,159,161,162,164,165,166,167,169,170,171,172,174,175,176,177,178,179,182,184,185,186,187,188,189,192,193,194,197,200,201,203,206,209,213,214,215,217,219,220,221,222,223,224,225,226,227,229,230,234,236,238,239,241,242,245,247,248,250,251,252,253,254,255,257,258,259,260,262,263,264,266,267,268,270,271,274,278,281,286,289,290,293,295,300,302,303,305,306,318,320,323,324,336,337,338,341,351,361,370,398,486
28,69,70,71,72,74,75,76,77,78,79,80,82,83,84,85,86,87,88,90,91,92,94,95,96,97,98,99,100,101,102,103,106,108,109,110,111,112,113,115,116,117,118,119,120,121,122,123,124,125,127,128,129,130,133,134,136,138,139,141,143,144,145,147,148,150,151,152,153,154,156,157,158,159,160,161,163,164,165,166,167,168,170,171,173,184,185,186,194,195,199,200,201,203,205,206,212,214,215,216,219,220,222,223,225,226,229,230,231,232,234,236,237,238,239,240,243,244,246,247,248,252,255,257,259,260,261,262,266,268,269,271,275,287,288,289,290,291,292,294,299,305,308,309,314,317,318,320,321,331,336,340,346,353,357,358,372,378,388,434,560,585
29,69,70,72,73,75,76,77,78,79,80,82,83,84,85,86,87,88,89,90,91,92,93,94,95,96,98,99,100,101,102,103,104,105,106,107,108,109,110,111,112,113,114,115,116,117,118,119,121,122,123,124,125,126,127,128,129,130,131,132,133,134,135,136,137,139,140,141,142,144,145,146,148,149,150,154,158,159,170,175,179,180,182,183,187,194,196,197,198,199,203,209,210,211,212,213,214,215,222,224,231,237,241,246,248,251,253,255,256,260,261,266,270,271,273,276,291,292,300,302,303,307,313,327,335,364,376,524,623
30,67,68,69,70,71,72,73,74,76,77,78,79,80,81,82,83,84,86,89,90,92,93,94,95,96,98,100,101,102,103,104,105,106,107,108,109,110,111,112,113,114,115,116,117,118,119,120,121,122,123,124,125,126,127,128,129,130,131,132,134,135,136,137,138,139,141,142,143,145,146,147,148,149,150,151,153,154,155,156,157,158,159,160,163,167,169,170,171,176,178,181,182,184,185,187,189,190,196,199,203,205,208,209,211,219,223,224,227,230,231,236,237,243,246,265,267,269,271,272,273,275,276,280,284,286,303,304,319,326,338,355,360,398,423,470,476,607
31,60,66,67,69,71,74,75,76,77,78,79,80,81,82,83,85,87,88,89,90,92,93,94,95,97,99,100,101,102,103,105,106,107,108,110,111,112,114,115,116,117,118,119,120,122,123,125,127,128,130,131,133,134,135,136,137,139,140,142,143,145,146,147,148,149,151,152,153,154,155,157,160,163,166,170,175,176,177,180,181,183,187,189,190,192,194,195,199,200,201,202,204,205,210,211,212,213,215,216,218,220,223,224,225,231,232,233,238,241,248,253,254,256,259,261,263,267,268,271,277,286,292,294,298,306,309,325,329,330,382,429,542,651
32,65,69,70,71,72,73,74,75,76,77,79,81,82,83,84,85,86,87,88,89,90,91,92,93,94,95,97,98,100,101,102,103,104,105,106,108,109,110,111,112,113,114,115,117,118,119,120,122,124,125,127,129,130,131,132,135,136,139,140,141,142,143,144,146,147,148,149,150,151,152,154,156,167,172,173,177,179,181,184,185,186,188,189,190,192,193,195,198,199,201,203,204,205,208,213,217,219,228,230,234,238,239,242,245,250,255,260,262,263,268,271,275,277,281,290,293,294,310,330,349,448,568,653
33,69,71,74,75,76,77,80,81,82,83,84,85,86,88,89,90,91,92,93,95,96,98,99,100,101,102,103,104,105,106,107,108,111,113,114,115,116,117,118,120,121,122,123,124,125,126,127,128,129,130,131,132,134,135,136,137,138,140,141,143,146,147,150,153,154,155,156,157,158,160,161,162,165,167,170,172,173,174,176,177,178,179,182,187,191,192,201,202,206,210,211,212,214,215,216,219,220,221,222,224,226,227,236,238,241,243,254,255,256,257,264,268,279,280,282,295,303,306,309,314,319,339,348,363,399,574,622,673
34,67,68,70,72,74,75,77,78,79,80,81,83,85,86,87,88,89,91,92,93,94,98,99,101,102,103,104,107,108,109,110,111,112,114,115,117,118,119,120,121,122,123,124,125,127,128,131,133,134,136,137,138,142,144,146,149,150,152,153,154,155,156,157,158,159,160,172,173,174,175,177,178,179,181,182,185,186,187,189,190,191,192,195,197,198,201,204,209,214,215,218,219,235,240,241,243,246,252,255,256,268,270,271,278,279,281,285,287,290,291,314,315,323,325,372,475,512,604,689
35,6,10,69,73,74,75,76,78,79,80,82,83,88,89,93,95,96,98,99,100,104,105,106,107,108,109,110,111,112,113,114,115,116,119,120,121,122,123,125,126,128,129,131,132,133,134,135,136,137,138,139,140,144,146,147,148,149,150,151,152,153,154,157,158,163,171,173,174,175,191,192,196,197,198,199,201,202,207,208,210,211,212,214,215,219,221,222,229,234,235,236,237,238,243,247,250,252,262,264,282,287,291,302,303,306,309,328,337,534,556
36,64,66,68,69,71,75,76,77,78,80,81,82,87,91,93,94,95,98,99,101,102,103,104,105,106,109,112,113,114,116,117,120,121,123,124,125,126,127,130,133,135,137,138,139,141,143,147,151,153,154,160,162,163,164,166,167,168,170,172,173,174,176,178,181,186,196,198,199,202,206,208,209,213,220,221,241,242,244,249,250,256,257,266,269,276,286,293,304,314,318,321,353,517,669
37,61,63,66,68,70,71,72,73,78,87,90,91,93,94,98,99,100,101,103,107,108,110,111,113,114,116,118,119,121,122,125,126,127,128,129,131,132,134,136,138,139,144,145,146,147,148,149,150,152,153,154,156,159,161,162,174,175,176,183,184,190,196,197,199,205,210,211,216,222,229,231,241,250,253,261,267,282,295,301,303,308,322,325,391,404,405,687
38,93,105,115,135,139,141,146,149,151,152,153,154,155,156,161,170,172,177,188,219,221,358,374,442,543,588
39,45,134,638
40,17,64,220,377,422
41,
42,408,512,639,669,672
43,10,346,516,606
44,234,435,550,569,590,618
45,41,130,135,520,606,607,613,634,635,648,676,683
46,41,569,587,590,595,598,605,606,609,611,621,622,623,624,625,631,636,637,646
47,51,558,565,581,584,589,592,593,595,596,598,600,602,603,607,611,612,615,617,619,622,633,648,672,673,680,691,698
48,17,390,462,566,623
49,395,495,567,572,578,579,580,582,584,585,589,606,607,610,616,619,628
50,64,264,568,592,610,614,619,638
51,17,35,542,601,638
52,25,40,252,380,515,524,563,564,568,569,573,575,576,577,578,585,589,591,592,598,599,620,667
53,37,215,241,575,591,598,650,662
54,8,57,66,320,545
55,27,57,137,215,227,346,410,443,562
56,66,78,97,153,158,166,215,321,488
57,58,268
58,18,36,286,613
59,
60,37,229,247
61,222,278,360,463,692
62,93,136,313,627,656
63,23,146,240,255,574
64,71,136,138,158,286,589
65,23,223,266,427,461,483,554,623,656,684
66,56,84,212,382,418,626,687,688
67,59,85,269,350,489,497,515,608
68,
69,
70,
71,
72,
73,
74,
75,
76,
77,
78,
79,
80,
81,
82,
83,
84,
85,
86,
87,
88,
89,
90,
91,
92,
93,
94,
95,
96,
97,
98,
