7
0,216
1,108,540
2,66,141,190,453
3,31,97,98,116,200,319,387,600
4,159,221,330,341,346,350,535,544,657
5,8,106,213,251,291
6,19,124,147,435
7,102,117,158,239,254,350,384,460,644
8,184,281,416,425,543,550,588,590,683
9,37,180,233,282,335,379,412,568,664
10,9,15,43,148,333,548,567,588,642
11,566,686
12,41,43,50,62,64,130,133,324,416,420,600
13,35,37,38,39,42,44,45,47,48,49,50,51,52,53,54,55,56,57,59,60,61,62,63,66,68,71,72,81,394,405,555,668
14,28,31,33,35,38,40,41,42,43,44,45,46,47,48,49,50,51,52,53,54,55,56,57,58,59,62,63,64,65,66,67,68,69,70,72,73,74,75,76,77,78,79,80,82,83,84,85,88,92,95,96,105,108,112,136,255,386,414,539,561,614,623
15,26,31,32,34,36,38,39,40,41,42,43,44,45,46,47,48,50,51,52,53,54,56,57,58,59,60,61,62,63,64,65,66,67,68,69,70,71,72,73,74,75,76,77,78,79,80,81,82,83,84,85,86,87,88,89,90,91,92,94,95,96,97,98,99,100,101,102,103,104,105,106,107,108,109,110,111,112,113,114,115,116,117,119,120,121,122,123,124,125,126,128,129,130,132,133,135,137,143,146,148,149,151,152,161,165,169,173,177,182,186,213,218,378
16,29,41,42,44,45,46,47,48,49,50,51,52,53,54,55,56,57,58,59,60,61,62,63,64,65,66,67,68,69,70,71,72,73,74,75,76,77,79,80,81,82,83,84,85,86,87,88,89,90,91,92,93,94,95,96,97,98,99,100,101,102,103,104,105,106,107,108,109,110,111,112,113,114,115,116,117,118,119,120,121,122,123,124,125,126,127,128,129,130,131,132,133,134,135,136,137,138,139,140,141,142,143,144,145,146,147,148,149,150,151,152,153,154,155,156,157,158,159,160,161,162,163,164,165,166,167,168,169,170,171,172,173,174,175,176,177,178,179,180,181,182,183,184,185,186,187,188,189,190,191,192,193,194,195,196,197,198,199,200,201,202,203,204,205,206,207,208,209,210,211,212,213,214,215,216,217,218,219,220,221,222,223,224,225,226,227,228,229,230,231,232,233,234,235,236,237,239,240,241,242,243,244,245,246,247,248,249,250,251,252,253,254,256,257,258,259,260,262,263,264,265,266,268,269,270,271,272,273,274,275,276,277,278,281,282,284,285,288,289,291,293,295,297,298,299,301,302,303,304,305,306,307,310,311,314,316,319,320,325,330,334,335,339,367,384,390,394,414,417,420,427,490,498,513,539,581,589
17,34,42,46,47,48,49,50,51,52,53,54,55,56,57,58,59,60,61,62,63,64,65,66,67,68,69,70,71,72,73,74,75,76,77,78,79,80,81,82,84,85,86,88,89,90,91,92,93,94,95,96,97,98,100,101,102,103,104,106,107,109,110,113,114,115,116,117,118,119,120,123,125,127,128,130,131,133,134,135,138,139,140,141,142,143,144,145,146,147,148,149,151,152,153,154,155,156,157,158,159,161,163,164,165,166,167,168,169,170,171,172,173,174,178,179,180,181,185,186,187,188,189,190,191,192,193,194,195,196,197,198,199,200,201,202,203,204,205,206,207,208,209,210,211,212,213,214,215,216,217,218,219,220,221,222,223,224,225,226,227,228,229,230,231,232,233,234,235,236,237,238,239,240,241,242,243,244,245,246,247,248,249,250,251,252,253,254,255,256,257,258,259,260,261,262,263,264,265,266,267,268,269,270,271,272,273,274,275,276,277,278,279,280,281,282,283,284,285,286,287,288,289,290,291,292,293,294,295,296,297,298,299,300,301,302,303,304,305,306,307,308,309,310,311,312,313,314,315,316,317,318,319,320,321,322,324,325,326,327,328,329,330,331,332,333,334,335,336,337,338,339,340,341,342,343,344,345,346,347,348,349,350,352,353,354,355,356,357,358,359,360,361,362,363,364,365,366,367,368,369,370,371,372,373,374,375,376,377,378,379,380,381,382,384,386,387,389,390,391,392,396,397,399,400,401,402,403,404,405,407,408,409,410,411,413,415,419,420,423,425,426,428,431,432,434,436,437,438,439,440,443,444,445,447,448,454,459,475,478,621,625,680
18,9,42,46,47,48,49,50,51,52,53,54,55,56,57,58,59,60,61,62,63,64,65,66,67,68,69,71,72,73,74,75,76,78,79,80,81,82,83,85,86,89,90,91,96,98,99,100,102,103,105,106,107,108,109,110,111,112,113,114,115,116,117,118,121,122,123,125,126,127,128,129,130,132,135,136,138,139,140,141,142,143,144,145,146,147,148,150,151,152,153,154,155,156,157,160,161,162,163,165,166,167,168,169,170,173,174,175,176,179,181,182,184,186,191,193,195,197,198,200,201,202,203,204,205,208,209,210,211,212,213,214,215,218,219,220,221,222,223,224,225,226,227,228,229,230,231,232,233,234,235,236,237,238,239,240,241,242,243,244,245,246,247,248,249,250,251,252,253,254,256,258,259,260,261,262,263,264,265,266,269,270,271,272,273,274,275,276,278,279,280,281,282,284,285,286,287,288,289,290,291,292,293,294,298,299,300,301,302,303,304,305,306,307,308,310,311,312,314,315,316,317,319,321,322,323,324,325,326,328,329,330,331,332,333,334,335,337,339,341,342,343,344,345,346,347,348,350,353,355,357,358,360,361,362,365,366,367,368,370,371,372,373,374,376,377,379,380,381,382,384,385,386,389,391,392,393,394,395,396,397,399,400,401,406,412,414,415,416,419,420,424,430,432,435,436,437,439,443,449,457,460,473,482,546
19,10,31,36,40,41,44,45,46,48,49,51,52,53,54,55,56,59,60,61,62,63,64,65,68,69,70,72,73,74,75,76,77,78,79,80,81,82,83,84,85,86,87,88,89,90,91,92,93,94,95,96,97,98,99,100,101,102,104,105,106,107,108,109,110,111,112,113,114,116,117,118,119,122,125,127,129,131,133,134,135,136,141,142,143,145,146,147,148,149,153,154,155,156,157,158,159,160,161,162,164,165,166,168,169,171,172,173,174,177,179,180,181,182,183,184,185,188,192,193,194,197,198,200,201,203,204,206,207,210,211,216,217,218,219,221,222,223,224,226,229,230,231,232,233,234,235,239,240,243,244,245,246,247,248,249,250,251,252,253,254,255,256,257,258,259,260,261,262,263,264,265,266,267,268,269,270,271,272,273,274,275,277,278,279,280,281,282,283,285,286,288,289,290,291,292,293,294,295,296,297,299,300,301,302,303,305,306,307,308,309,310,311,312,313,314,315,316,317,318,319,320,321,322,323,325,328,329,330,331,332,333,334,335,336,337,338,339,341,342,343,344,346,347,348,349,350,351,352,353,354,355,358,360,361,362,363,364,365,366,367,368,369,370,371,372,373,374,375,376,377,378,379,381,382,383,384,385,386,387,388,389,390,391,392,393,394,395,396,397,398,399,400,401,402,403,404,405,407,408,409,410,411,412,413,414,415,416,417,418,419,420,421,422,424,425,426,427,429,430,431,432,433,434,435,436,437,438,439,441,442,443,446,447,448,453,454,456,459,460,468,470,473,475,481,483,497,503,509,515
20,46,48,49,50,52,53,54,55,56,57,58,59,61,63,64,65,66,67,68,69,70,71,72,73,74,76,78,79,80,81,83,84,85,86,87,88,89,91,94,95,98,99,102,103,113,114,117,119,125,128,129,130,131,133,134,139,144,145,146,147,149,150,152,153,154,156,157,158,160,161,162,164,165,166,167,169,170,171,174,177,178,181,182,183,186,187,188,190,194,196,197,198,199,201,204,205,206,207,208,209,210,212,213,215,217,218,219,220,221,222,223,224,226,227,228,229,230,231,232,233,234,235,236,237,238,239,240,242,243,244,246,247,249,250,252,253,254,255,256,257,258,260,261,262,263,264,265,266,267,268,269,270,271,272,273,274,276,277,278,279,280,281,282,283,284,285,286,287,288,289,290,293,294,295,296,297,298,299,300,301,304,305,306,307,308,309,311,313,315,316,317,318,319,320,321,322,323,324,325,326,328,329,331,332,333,336,337,339,341,342,343,344,345,346,347,349,351,352,353,355,356,357,358,359,360,362,363,364,366,367,368,371,373,374,377,380,382,383,387,388,394,395,397,400,402,403,404,408,409,411,413,418,419,423,426,427,429,430,433,435,437,438,441,442,446,447,451,452,454,457,462,463,465,470,474,477,482,485,489,490,491,498,502,508,513,516,553
21,45,47,48,49,50,51,52,53,54,55,56,57,58,59,60,61,62,63,64,65,66,70,71,73,75,77,78,79,82,83,84,85,86,87,88,89,90,91,92,93,95,97,98,101,102,104,106,107,109,111,112,115,118,119,121,122,125,127,129,130,131,133,135,138,139,140,141,144,146,147,149,150,153,154,156,157,158,159,160,161,162,163,166,169,171,172,173,174,175,176,180,181,182,183,190,191,192,198,199,200,201,205,208,213,215,219,221,222,223,224,225,228,230,231,232,233,234,235,237,238,239,240,241,243,244,247,251,252,254,255,257,258,259,260,261,264,265,266,267,268,269,271,273,274,276,278,279,280,281,282,283,284,285,287,288,289,293,295,296,297,298,300,301,302,306,307,308,312,314,315,318,321,323,325,327,331,332,333,334,335,336,337,339,341,343,344,346,348,350,354,358,360,361,362,363,365,366,370,371,372,374,375,376,378,379,380,382,385,386,387,389,391,392,393,394,397,398,399,401,404,405,407,409,411,413,415,416,418,420,421,422,423,424,425,426,427,428,429,431,432,433,434,435,438,439,443,448,449,450,451,452,455,458,459,460,461,469,471,479,480,485,491,494,505,508,530,535,588,633,668
22,38,43,46,47,48,51,52,53,54,55,56,57,60,62,63,64,65,66,67,68,70,71,72,74,75,76,77,79,80,81,82,83,85,86,87,91,92,93,94,95,98,99,101,102,103,104,105,106,109,111,112,113,116,118,120,124,125,129,131,137,139,140,141,142,144,146,148,152,154,155,156,157,158,159,161,164,165,168,171,175,176,177,179,185,188,189,190,192,193,195,196,198,201,203,204,210,212,213,214,215,218,219,221,223,224,226,227,228,230,231,232,233,235,236,238,239,240,241,243,244,245,246,247,248,249,250,251,254,257,258,259,260,262,264,265,266,267,268,269,271,272,273,274,275,276,277,278,279,280,281,284,285,286,287,289,290,291,294,295,297,298,300,304,305,307,310,311,315,316,317,318,320,321,322,325,327,328,330,333,337,338,339,343,345,347,349,353,354,355,356,357,360,361,362,363,364,365,366,368,369,371,374,375,376,377,378,379,381,382,383,389,390,391,392,394,395,400,401,404,408,409,410,411,413,415,416,420,421,424,425,426,427,428,434,435,436,439,441,443,444,449,450,455,457,458,459,461,463,465,467,470,476,501,508,528,646
23,41,44,45,47,48,49,50,51,52,53,54,55,56,58,59,60,61,62,63,64,66,67,68,70,71,73,74,77,78,80,82,83,86,87,89,91,92,93,94,95,96,97,100,103,104,106,107,108,110,111,112,117,118,119,120,121,123,124,125,126,128,130,131,135,137,138,139,140,142,143,144,145,146,147,148,149,153,154,155,156,157,158,162,163,165,166,167,168,169,170,171,172,174,175,181,183,188,189,191,193,195,196,197,198,200,202,203,204,206,210,213,214,215,216,217,218,220,221,223,224,225,226,227,228,229,231,232,234,235,239,240,241,242,244,247,249,250,253,257,258,261,262,265,268,269,271,273,274,275,276,277,278,280,281,282,283,285,286,289,290,291,296,298,301,304,305,309,311,312,313,315,317,318,319,320,322,323,324,325,326,328,331,332,334,335,338,340,341,343,345,347,348,349,350,354,357,360,362,368,369,370,371,373,375,381,382,387,388,389,391,393,395,397,398,400,402,404,405,406,408,409,410,415,420,422,424,425,426,430,435,438,441,444,449,450,453,454,456,458,460,461,462,466,468,471,488,499,502,505,511,514,517,519,553
24,32,40,41,47,48,49,50,51,52,53,56,58,59,61,62,64,65,66,68,69,70,71,72,73,74,75,76,77,78,79,83,85,87,89,91,92,93,94,97,98,100,101,102,105,107,109,110,112,113,115,118,119,120,122,128,129,131,133,134,135,138,140,141,143,146,150,151,154,155,156,157,159,160,162,166,167,174,176,177,178,182,183,188,190,195,197,198,201,209,211,213,215,218,219,221,222,223,227,229,230,233,237,238,244,246,249,251,252,253,254,255,258,259,267,268,269,270,272,274,275,277,278,279,281,282,289,290,294,295,296,299,300,301,304,305,306,308,309,311,316,319,321,326,327,332,333,336,341,345,348,353,355,356,361,362,363,365,367,368,372,373,375,376,378,383,386,387,391,393,395,398,400,402,404,405,410,415,421,425,428,430,431,432,436,437,441,450,451,452,455,456,462,468,477,478,482,490,491,493,498,502,520,526,553,556,579
25,31,32,34,35,37,38,39,40,41,42,43,45,46,47,48,50,52,53,54,55,56,57,58,59,61,62,63,64,65,66,67,68,69,70,71,72,73,74,75,76,77,78,79,82,83,84,85,86,87,91,92,95,99,103,105,106,107,110,112,114,118,120,123,125,126,128,129,130,131,132,135,136,137,140,141,148,153,158,161,167,168,169,172,173,174,177,179,182,185,189,191,192,199,201,203,206,207,212,216,218,220,221,222,228,229,231,232,233,234,239,242,243,244,245,246,247,249,254,255,258,260,262,264,266,268,269,271,273,274,275,276,277,278,285,286,290,291,293,295,296,298,299,301,307,308,311,313,315,317,318,324,325,327,334,336,337,341,343,344,345,347,348,349,352,354,358,359,360,361,363,365,370,373,376,383,386,388,389,392,395,401,402,408,412,413,422,424,426,427,439,444,445,447,474,488,514,519
26,25,31,33,34,36,37,39,40,41,42,43,44,45,46,47,48,49,50,51,52,53,54,55,56,57,58,59,60,61,62,63,64,65,67,68,70,71,73,75,76,77,78,79,80,81,82,83,84,86,87,88,89,90,93,94,95,96,97,98,100,101,102,103,104,105,106,107,108,110,112,113,115,116,117,119,121,122,123,124,125,126,127,128,129,130,131,133,137,138,140,142,145,146,147,148,150,151,153,154,155,160,161,162,163,164,165,166,168,170,171,172,173,176,177,179,180,185,186,187,188,191,193,195,198,202,203,205,211,212,214,215,217,218,219,220,222,224,225,227,230,233,234,235,240,241,242,243,244,246,247,250,252,253,255,257,259,262,266,267,270,271,272,283,285,287,289,291,292,293,294,304,306,313,315,320,327,330,332,333,336,338,339,341,343,345,346,347,348,349,352,353,357,358,359,360,366,368,372,373,374,375,377,378,379,380,381,382,383,385,387,389,390,391,396,399,400,401,402,406,407,408,416,417,420,421,425,426,434,435,437,438,439,442,448,450,456,457,458,462,468,469,473,477,481,486,492,495,500,511,516
27,28,29,30,31,32,33,36,37,38,39,40,41,42,43,44,46,47,48,49,50,51,52,53,54,55,57,58,59,60,61,62,63,64,66,67,68,69,70,71,72,73,74,75,76,77,78,79,80,81,82,83,85,86,87,90,91,92,93,94,95,96,97,98,102,103,104,106,107,108,109,110,111,112,114,116,117,119,120,122,123,124,125,126,128,129,130,131,133,134,138,139,142,143,147,148,152,153,154,156,157,160,161,163,169,170,174,175,176,177,179,182,183,191,193,199,201,206,209,213,214,215,216,218,220,221,223,224,226,227,228,229,231,232,233,234,235,236,237,239,241,247,248,249,250,253,254,259,261,268,269,270,271,272,273,274,275,276,277,279,281,282,283,289,290,292,293,294,295,298,300,303,304,308,309,310,312,313,316,317,320,322,324,325,326,335,337,338,339,340,341,345,347,348,351,354,355,357,362,363,364,367,368,369,371,375,377,380,385,393,394,395,398,402,404,405,411,416,428,432,439,440,447,475,484,502,508,613,665
28,25,28,29,30,32,33,34,35,36,38,39,40,42,43,44,45,46,47,48,51,52,53,54,55,56,57,58,59,60,61,62,63,65,70,72,73,74,75,77,80,83,85,87,89,90,91,92,93,97,100,101,103,105,106,107,108,109,110,111,112,113,116,117,118,119,120,121,122,124,125,126,127,128,129,130,134,135,138,139,140,142,146,147,150,151,152,155,156,157,160,162,164,166,167,169,173,175,176,177,188,193,194,196,198,199,200,202,203,205,212,213,215,216,217,221,224,282,300,319,342,373,382,444,453,502,543,689
29,25,27,28,29,30,31,32,33,34,35,36,37,38,39,40,41,42,44,45,46,47,48,53,55,56,57,59,60,62,63,67,71,73,74,75,77,78,79,82,84,85,86,88,89,92,93,98,101,102,104,105,108,115,120,122,124,125,127,129,130,131,132,133,134,140,147,148,162,171,182,186,197,217,219,220,222,224,229,230,234,301,560
30,20,26,30,31,32,33,36,37,38,39,40,41,42,43,44,45,46,47,48,51,52,54,57,58,60,61,62,65,66,68,71,72,76,78,80,83,84,87,90,93,94,96,99,101,103,105,106,115,117,120,124,125,126,129,132,133,135,137,141,142,143,144,145,149,151,155,156,161,162,166,171,174,183,187,196,197,203,235,351,523,537,608
31,29,30,32,34,36,37,38,39,40,41,42,44,45,47,48,49,51,52,53,54,56,57,58,59,60,62,63,65,67,68,69,70,73,75,76,86,88,89,91,94,96,98,100,101,102,103,111,112,114,115,121,122,123,124,129,133,134,135,136,140,143,147,149,152,153,159,166,170,171,174,176,177,178,182,183,185,186,189,190,191,192,202,204,205,210,214,222,248
32,25,28,30,31,35,37,38,39,40,41,42,43,44,45,46,47,49,51,54,56,57,58,59,62,63,64,69,70,72,73,75,77,81,82,84,85,86,88,89,90,91,92,94,95,99,101,108,112,113,119,124,125,129,132,137,141,142,144,145,147,150,162,169,177,178,189,510,615
33,30,31,33,34,39,40,41,43,44,45,46,47,48,49,51,52,53,54,55,56,57,58,62,64,66,70,74,76,77,78,81,84,87,88,90,91,93,95,98,101,103,106,108,113,118,119,122,123,131,133,134,135,137,138,142,143,144,148,150,156,161,163,168,171,174,175,184,187,188,191,192,294,493
34,22,30,34,36,37,38,39,41,42,45,46,47,49,51,52,55,56,57,58,59,60,62,63,65,66,67,70,71,72,73,74,75,76,77,78,80,81,82,84,85,86,88,89,90,92,96,97,99,105,113,121,123,124,125,126,131,132,135,136,137,138,139,142,143,147,148,156,157,165,167,182,183,201,208,210,212,220,231,241,252,268,315,329,373,465
35,31,36,39,40,43,44,45,46,47,48,49,50,51,52,53,54,55,56,57,58,59,60,61,63,64,65,67,70,72,73,74,75,80,82,83,88,89,90,91,92,94,95,97,99,100,102,104,107,111,112,118,119,121,123,124,130,131,134,136,137,138,139,140,141,142,143,144,145,146,147,148,149,151,153,154,155,156,157,158,160,162,164,166,168,169,170,172,174,176,179,183,185,187,190,193,195,196,197,198,203,206,211,216,217,222,223,231,252,263,272,317,567,631
36,28,40,41,43,44,45,46,48,50,51,52,53,54,55,56,59,60,61,62,63,64,65,66,67,68,69,70,71,72,73,74,75,76,77,78,79,80,81,82,83,84,85,86,87,88,90,92,93,94,101,102,103,104,105,106,107,110,111,112,113,114,115,125,128,129,132,133,136,137,138,139,140,141,142,143,144,147,148,149,152,153,154,155,156,161,163,165,168,171,172,173,178,179,181,182,183,185,186,187,188,189,191,192,193,194,195,196,198,199,200,201,203,204,205,207,208,211,212,213,214,218,219,221,223,227,228,231,232,235,237,238,239,240,241,243,244,245,246,247,248,249,250,251,257,258,259,266,268,269,278,282,283,284,287,295,321,329,334,340,343,488,569,585,655
37,36,37,43,44,46,47,48,50,51,52,53,54,55,56,57,58,59,60,61,63,64,65,66,67,69,70,71,72,73,76,77,78,79,80,81,82,84,85,87,88,89,91,92,93,94,95,96,98,99,100,101,102,103,104,105,107,108,109,110,111,112,113,114,116,117,119,120,121,123,124,126,130,134,136,137,138,139,143,146,147,148,149,150,151,152,153,154,155,156,157,158,160,161,162,163,164,165,166,167,168,169,170,172,176,181,182,183,184,186,188,189,190,191,194,196,197,198,200,201,202,203,204,207,208,210,211,212,213,214,216,217,218,219,222,223,224,226,227,228,230,232,234,235,236,237,238,240,241,242,243,244,245,246,247,250,251,252,253,258,259,260,261,262,264,265,266,270,272,274,275,277,281,283,287,289,291,297,306,320,321,323,324,326,333,337,342,349,350,353,357,364,369,371,380,395,402,468,647,675
38,33,49,50,51,53,55,56,57,58,59,60,61,62,63,64,65,66,67,68,69,70,71,72,73,74,75,76,77,78,79,81,82,83,84,85,86,88,89,90,91,92,94,95,96,97,98,99,100,101,102,104,105,107,108,109,111,114,115,116,117,120,121,122,124,126,130,131,133,139,141,142,143,144,145,146,148,149,150,152,153,154,155,157,158,159,161,163,164,165,166,167,168,169,170,171,173,175,176,178,179,181,182,183,186,188,190,194,195,197,199,200,201,203,204,205,206,207,208,209,210,211,212,213,214,215,216,217,218,220,221,222,223,224,225,226,228,230,231,232,233,234,235,236,237,239,240,241,242,243,245,246,247,248,249,250,251,252,253,254,255,256,257,258,259,260,261,262,264,266,267,268,269,270,272,273,274,275,276,277,278,279,280,281,282,283,284,285,286,287,288,289,290,291,292,294,295,297,298,299,300,303,304,305,306,307,308,309,310,312,313,315,316,317,320,321,322,328,330,331,334,336,337,339,340,341,342,343,345,346,347,348,351,352,353,355,357,358,360,362,363,364,367,368,369,371,374,377,378,379,381,383,387,388,389,390,395,413,609,675
39,17,34,43,46,47,48,49,50,51,52,54,55,56,57,58,59,60,61,62,63,64,65,66,68,69,73,75,76,77,79,80,81,83,84,86,87,88,89,90,92,93,94,95,96,98,99,100,103,104,105,107,108,110,112,113,114,115,117,118,119,120,122,125,126,128,130,131,133,134,135,136,137,140,144,147,149,150,157,158,159,160,162,163,164,165,166,167,170,171,175,177,178,179,180,183,184,185,188,190,191,192,193,194,195,197,198,199,201,202,205,206,207,208,211,212,214,215,216,217,218,219,220,222,223,224,226,227,228,229,230,231,233,234,237,238,239,240,241,242,244,245,246,247,249,250,252,254,256,257,258,260,261,262,264,265,266,269,270,271,272,273,274,276,277,278,279,280,283,284,287,288,290,291,293,294,298,299,301,302,303,306,309,310,312,313,314,316,319,320,321,322,324,326,327,331,332,333,334,335,337,338,339,340,341,345,346,348,349,350,351,352,355,356,360,362,365,369,371,372,373,374,375,376,381,382,385,396,398,406,417,424,437,447,467,480,494,514,627,638,656
40,7,42,47,48,50,51,52,53,54,55,57,58,59,60,61,62,63,64,65,66,67,68,69,70,71,72,73,75,76,77,78,79,80,82,83,84,85,86,87,89,90,92,94,95,97,98,99,101,102,104,105,106,107,108,109,111,114,115,116,117,118,119,123,125,127,128,135,137,139,140,142,144,145,149,150,152,153,155,157,158,160,161,163,164,165,176,177,179,188,196,197,199,200,201,205,207,209,210,216,217,219,223,224,226,227,228,230,231,233,235,236,237,239,240,241,242,243,244,245,248,249,250,252,253,254,255,256,257,258,259,263,265,266,267,268,270,271,274,275,276,279,281,284,285,289,290,291,292,295,297,298,301,303,304,305,308,309,310,314,315,317,318,319,322,325,327,331,332,333,335,336,337,338,339,341,342,343,344,345,347,350,353,355,357,358,360,363,364,367,371,375,377,383,384,385,386,388,389,391,396,400,406,411,415,418,427,436,437,444,446,456,487
41,34,40,42,50,51,52,53,54,55,56,57,58,59,61,62,63,64,66,67,68,69,70,71,72,73,75,77,79,81,82,83,85,87,88,89,90,91,92,93,94,95,96,97,100,101,103,104,105,106,108,109,110,115,116,119,120,122,123,124,125,126,127,129,131,133,135,136,137,138,140,143,144,147,148,150,151,154,158,159,160,162,163,166,167,168,170,172,177,178,181,184,189,192,193,198,200,201,202,203,205,208,209,210,212,214,215,216,217,218,220,222,223,224,226,228,229,231,232,233,234,235,236,237,238,240,241,243,245,247,249,250,251,252,253,255,256,258,260,261,262,265,267,268,269,271,272,273,276,277,280,284,285,290,293,295,296,298,299,302,304,307,309,310,314,315,317,321,323,326,327,329,331,332,334,343,349,350,354,356,357,360,367,368,372,379,384,388,389,397,400,408,427,429,433,438,443,473,502,670
42,39,41,42,44,45,48,49,50,51,52,53,54,55,56,58,60,61,62,64,66,67,69,74,76,78,79,81,82,83,84,85,86,87,88,89,90,91,92,93,95,96,97,98,100,101,102,103,104,106,107,108,110,111,112,114,115,116,117,119,120,122,123,124,129,130,132,137,147,148,149,150,156,157,158,159,160,161,162,163,167,168,169,171,173,177,178,180,181,185,186,188,191,192,193,194,195,197,202,209,211,213,221,225,228,229,230,232,235,236,240,242,243,244,245,247,250,251,256,263,266,268,275,278,279,280,282,284,285,286,289,290,291,294,296,298,299,300,301,302,304,305,306,307,309,312,315,319,320,322,325,330,331,332,334,335,336,337,341,352,355,356,357,361,365,366,368,372,377,381,383,391,394,400,404,413,415,465,555
43,26,39,40,43,44,45,47,48,49,50,51,52,53,54,56,58,59,61,62,65,67,68,69,70,71,72,73,75,76,77,78,79,82,83,85,86,87,88,89,90,92,93,96,97,98,99,100,102,103,106,107,108,109,110,112,116,117,119,123,124,125,127,129,130,132,133,134,135,137,141,144,146,149,150,154,155,156,158,161,162,164,166,167,168,171,174,176,177,181,182,185,187,188,189,191,195,196,198,199,201,202,203,204,205,207,208,210,212,213,215,216,217,218,219,220,222,223,225,226,227,228,229,230,232,236,237,240,241,242,244,245,246,248,250,251,252,256,257,258,262,267,268,273,275,278,279,283,285,286,292,299,300,303,306,312,315,316,318,320,322,325,328,334,335,342,359,365,377,395,399,410,416,493,506,614,664,671
44,42,46,48,49,50,51,52,53,54,55,56,57,58,59,60,61,62,63,64,65,67,68,69,70,71,73,74,75,76,79,82,83,85,86,88,89,90,92,94,96,98,99,100,101,102,103,104,105,108,110,111,113,115,117,118,120,121,122,124,125,126,128,129,131,132,134,136,139,140,142,143,144,145,146,147,148,149,150,151,152,154,155,156,157,158,160,161,162,163,164,168,169,171,172,173,177,179,180,181,183,184,187,188,190,194,195,206,208,210,224,225,226,231,232,234,248,250,251,267,269,272,294,310,314,318,326,327,415,570,586,593,656,688
45,34,42,44,45,46,47,48,50,51,53,55,56,57,58,59,60,61,62,63,64,65,66,69,70,71,72,73,74,75,76,77,79,80,81,82,83,84,85,86,87,88,89,90,91,92,93,94,95,96,97,98,101,102,103,104,106,107,108,109,111,112,113,116,122,123,124,126,130,131,134,136,137,138,141,142,143,144,147,148,149,150,151,153,154,157,158,159,160,161,162,163,164,165,166,167,169,170,171,173,174,175,176,177,178,179,180,181,182,183,185,186,187,188,190,191,192,193,195,197,198,199,200,202,203,204,205,206,207,208,209,210,212,214,220,223,224,225,229,239,245,248,250,255,261,270,273,280,301,313,315,498,621,623
46,29,40,41,43,44,45,46,48,49,50,51,52,53,54,55,56,57,58,59,60,61,62,64,65,66,67,68,71,72,74,75,76,78,79,81,82,84,85,86,87,89,91,94,95,99,101,103,105,109,110,111,112,114,115,116,118,119,120,121,122,126,127,128,131,135,136,138,140,142,143,144,145,146,147,148,149,150,151,152,154,155,156,157,158,160,163,164,165,166,167,169,170,171,172,173,176,177,179,180,181,182,184,185,187,188,189,190,193,195,198,199,200,201,202,203,204,205,206,207,209,210,211,213,214,217,218,220,222,224,230,232,233,235,236,237,242,248,256,261,267,274,279,291,302,303,345,400
47,32,41,42,45,46,47,48,49,50,51,52,53,54,55,56,57,58,59,63,66,67,68,70,71,72,73,75,78,81,82,83,84,85,86,87,88,89,90,91,92,93,94,95,96,97,98,99,100,101,102,103,104,106,107,108,109,110,111,112,113,114,115,117,119,120,122,123,125,134,136,137,138,142,147,148,149,150,151,152,153,154,155,158,160,161,162,165,166,167,169,171,174,176,177,178,182,183,192,193,194,195,197,199,201,203,204,209,210,211,215,222,225,226,227,229,230,241,247,250,251,253,256,257,258,261,263,265,270,272,274,278,281,286,289,292,293,300,318,395,485,492
48,37,40,41,43,45,46,48,49,50,55,56,57,58,59,61,62,63,64,65,66,67,68,69,70,72,73,75,76,77,78,79,80,81,82,83,84,85,86,88,89,90,92,95,105,107,109,110,113,117,119,120,125,128,129,136,138,139,141,142,143,144,147,151,152,153,155,157,158,160,162,163,165,166,169,171,173,174,176,178,179,181,182,183,184,185,186,187,188,189,190,192,193,195,196,197,201,202,203,204,205,206,208,209,210,212,213,216,217,218,220,221,224,225,226,235,241,245,247,250,251,253,262,270,273,274,279,287,297,298,306,347,417,420,462,665
49,39,47,49,50,51,53,54,55,56,57,58,59,60,61,62,63,64,65,66,67,68,69,70,72,75,76,77,79,80,83,85,86,87,89,90,91,93,97,98,99,100,101,102,104,105,106,107,108,109,110,111,112,115,116,118,119,120,121,122,123,127,128,129,133,140,141,143,144,145,146,148,153,155,156,157,158,159,161,162,163,165,166,170,171,173,175,177,181,182,184,188,195,197,200,201,202,203,205,209,210,211,216,220,222,223,226,228,229,231,237,244,247,256,282,283,284,288,297,300,303,305,316,317,342,457,589,598
50,47,48,49,51,53,54,55,57,60,61,63,64,65,66,67,68,69,70,71,72,73,74,75,76,77,78,79,80,81,82,83,84,85,86,87,88,89,90,91,92,94,95,98,99,100,101,103,104,105,106,110,111,112,114,115,116,118,119,125,126,134,135,137,138,141,144,150,152,153,166,169,172,173,174,178,179,182,184,185,186,188,189,195,196,198,199,200,203,204,210,211,212,214,215,217,220,223,225,226,228,231,232,237,239,244,249,259,264,265,272,275,287,292,296,305,308,316,356,360,368,456
51,24,50,54,56,57,59,61,62,63,64,65,67,68,69,70,71,72,73,74,75,76,77,78,79,80,81,82,84,85,88,89,91,92,96,98,99,101,102,103,105,106,108,111,112,113,115,116,117,118,119,120,121,122,126,128,139,142,143,144,145,154,160,161,162,164,165,166,170,171,174,176,178,179,180,185,186,188,191,192,193,194,196,198,199,200,201,202,204,205,206,208,211,213,215,218,221,224,226,228,231,241,247,251,255,259,261,276,284,305,314,372
52,39,48,51,52,55,57,58,59,61,62,64,68,69,71,73,74,75,76,77,81,83,85,86,87,88,89,90,91,92,93,95,96,97,98,99,101,102,104,105,106,107,108,109,111,112,113,114,116,117,120,121,122,124,125,126,128,131,132,133,146,148,151,152,153,154,155,161,162,163,164,165,168,169,174,175,178,184,187,188,190,194,198,202,204,206,208,209,211,212,213,216,218,221,226,228,229,234,241,253,260,261,262,264,277,278,281,283,293,300,304,319,334,339,377,388,579,682
53,43,55,57,58,60,62,63,64,65,66,67,68,69,71,72,73,74,75,76,77,79,80,81,82,84,86,87,88,89,90,91,92,95,96,97,98,99,101,102,103,105,106,107,109,112,117,118,119,126,127,129,131,132,144,148,149,150,152,154,155,160,167,170,174,175,179,182,183,186,190,191,198,204,207,209,210,217,221,226,229,234,244,247,264,267,270,291,295,306,309,337,375,426,458
54,51,52,53,56,57,58,60,63,64,65,66,67,68,69,70,71,72,73,74,75,76,77,78,81,82,84,85,86,87,89,91,96,97,98,101,104,105,107,109,111,112,113,114,115,118,124,126,127,129,130,134,135,136,138,139,149,157,158,164,165,166,169,170,177,179,181,187,189,190,193,194,198,199,201,202,204,207,218,223,225,227,231,234,238,288,334,367
55,53,54,55,56,57,59,61,62,63,64,65,67,70,71,76,79,80,82,83,84,86,88,89,90,91,92,93,94,96,97,98,101,103,105,107,108,110,111,112,113,114,118,119,120,121,122,123,124,126,127,128,129,130,131,132,137,166,169,187,191,234,241,285,326,442
56,45,46,50,52,59,60,61,62,64,65,66,67,68,70,71,74,75,76,78,79,81,82,83,84,85,86,87,92,93,96,97,98,100,101,102,103,106,109,113,115,119,122,131,133,139,161,183,191,220,226,252,314,330,386,396,678
57,47,50,51,56,61,63,64,66,67,68,70,72,73,74,77,78,80,81,82,86,87,90,93,94,100,104,105,111,113,117,119,120,124,126,127,130,135,151,162,169,179,184,202,226,241,271,328,593,607
58,13,28,39,43,48,51,64,67,68,72,78,86,87,88,93,97,98,99,102,103,108,109,110,112,113,115,119,120,125,126,131,133,143,157,186,319,383,465,513,612,669
59,69,72,83,86,91,92,95,99,100,113,115,117,119,120,121,124,139,143,144,179,203,222,248,285
60,93,112,113,135,136,199,256,348,428
61,3,684
62,17,200,258,346,418,519,583,611
63,137,578
64,204,449,482,551
65,8,220,329,436,497
66,267,367,454,470,568,650,652,660,661
67,14,26,38,84,249,293,459,496,622
68,461,655
69,377,594
70,22,171,472,506,635
71,231,292,319,564,599,667
72,122
73,188,471,633
74,584
75,
76,
77,
78,
79,
80,
81,
82,
83,
84,
85,
86,
87,
88,
89,
90,
91,
92,
93,
94,
95,
96,
97,
98,
