3
0,250
1,68,136,521,579,596
2,6,56,170,404,413
3,54,134,154,226,410,438,507
4,50,53,63,67,68,70,89,136,244,484,499,609,685
5,49,52,54,55,56,57,58,59,60,61,62,63,64,65,66,67,70,72,74,75,79,84,108,513,585
6,43,45,47,48,49,50,51,52,53,54,55,56,57,58,59,60,61,62,63,64,65,67,68,69,70,71,72,73,74,75,76,77,78,79,80,81,82,83,84,85,86,87,88,89,90,91,92,93,94,95,96,98,100,101,105,106,107,108,109,111,114,117,120,121,128,135,196,228,322,421,493,564,624,667
7,46,47,49,50,51,52,53,54,55,56,57,58,59,60,61,62,63,64,65,66,67,68,69,70,71,72,73,74,75,76,77,78,79,80,81,82,83,84,85,86,87,88,89,90,91,92,93,94,95,96,97,98,99,100,101,102,103,104,105,106,107,108,109,110,111,112,113,114,115,116,117,118,119,120,121,122,124,125,126,127,128,131,132,133,134,135,136,137,138,139,140,141,142,143,144,145,146,147,148,149,150,151,152,153,154,155,156,157,158,159,160,161,162,163,164,166,167,168,170,177,179,180,181,189,204,206,285,470,697
8,43,44,45,47,48,49,50,51,52,53,54,55,56,57,58,59,60,61,62,63,64,65,66,67,68,69,70,71,72,73,74,75,76,77,78,79,80,81,82,83,84,85,86,87,88,89,90,91,92,93,94,95,96,97,98,99,100,101,102,103,104,105,106,107,108,109,110,111,112,113,114,115,116,117,118,119,120,121,122,123,124,125,126,127,128,129,130,131,132,133,134,135,136,137,138,139,140,141,142,143,144,145,146,147,148,149,150,151,152,153,154,155,156,157,158,159,160,161,162,163,164,165,166,167,168,169,170,171,172,173,174,175,176,177,178,179,180,181,182,183,184,185,186,187,188,189,190,191,192,193,194,195,196,197,198,199,200,201,202,203,204,205,206,207,208,209,210,211,212,213,214,215,216,217,218,219,220,221,222,223,224,225,226,227,228,229,230,231,233,234,235,236,237,238,239,240,242,243,249,250,251,252,253,254,255,256,258,259,261,263,264,269,270,272,274,275,276,277,280,281,283,285,290,291,294,301,302,328,329,332,496
9,26,38,40,41,42,43,44,45,46,47,48,49,50,51,52,53,54,55,56,57,58,59,60,61,62,63,64,65,66,67,68,69,70,71,72,73,74,75,76,77,78,80,81,82,83,84,85,86,87,88,89,90,91,92,93,94,95,96,97,98,99,100,101,102,103,104,105,106,107,108,109,110,111,113,114,115,116,118,119,120,121,122,123,124,125,126,127,128,129,130,131,132,133,134,135,136,137,138,139,140,141,142,143,144,145,146,147,148,149,151,152,153,154,155,156,157,158,159,160,161,162,163,164,165,166,167,168,169,170,171,172,173,174,175,176,177,178,179,180,182,183,184,186,187,188,189,190,191,192,193,194,195,197,199,200,201,202,204,205,206,207,208,209,210,211,212,213,214,215,216,217,218,219,220,221,222,223,224,225,226,227,228,229,230,231,232,233,234,235,236,237,238,239,240,241,242,243,244,245,246,247,248,249,250,251,253,254,255,256,257,258,259,260,261,262,263,264,265,266,267,268,269,270,271,272,273,274,275,276,277,278,279,280,282,284,285,286,287,288,289,290,291,292,293,294,295,296,297,298,299,302,304,305,308,310,311,312,315,317,319,324,325,328,329,331,332,336,337,341,342,346,347,348,352,353,357,359,371,380,382,383,426,430,449,473,569
10,36,38,39,40,41,42,43,44,45,47,48,49,50,51,53,54,55,57,58,59,60,61,62,63,64,65,66,67,68,69,70,71,72,73,74,75,76,77,78,79,80,81,82,83,84,85,86,87,88,89,90,91,92,93,94,95,96,97,98,99,100,101,102,103,104,105,106,107,108,109,110,111,112,114,115,116,117,118,119,123,125,126,128,129,130,131,132,133,134,135,136,137,138,139,140,141,142,143,144,145,147,149,150,151,152,153,154,155,156,157,158,159,161,162,163,164,165,166,167,168,171,172,173,174,175,176,177,178,179,180,181,182,183,184,185,186,187,188,189,190,191,192,193,194,195,196,197,198,199,200,201,202,203,204,205,206,207,208,209,211,212,213,214,215,216,217,218,219,220,221,222,223,224,225,226,227,228,229,230,231,232,233,234,235,236,237,239,240,241,242,243,244,245,246,249,250,251,253,254,255,256,257,258,259,260,261,262,263,267,268,269,270,271,272,273,274,276,277,279,280,281,283,284,285,288,290,293,294,297,299,300,301,302,303,304,305,308,310,311,314,315,317,324,325,326,327,328,331,333,334,337,341,342,345,346,349,352,353,355,361,369,375,395,417,433,461,527,537,583,606,629
11,25,34,39,40,42,43,44,45,46,47,49,50,51,52,53,54,55,56,57,58,59,60,61,62,63,64,65,66,67,68,69,70,71,73,75,76,77,78,79,80,82,83,84,85,86,87,88,90,93,94,95,96,100,101,103,104,105,106,109,110,111,112,113,114,115,116,118,119,120,121,122,123,125,126,127,129,130,131,132,133,134,135,136,137,138,139,140,141,142,143,144,145,146,148,149,150,151,155,156,157,158,159,160,161,162,164,165,166,167,168,169,171,172,173,176,177,178,179,180,181,182,183,184,185,186,188,189,190,191,192,193,194,195,197,199,200,201,202,203,204,205,208,211,212,213,214,215,219,220,221,222,223,225,226,229,231,232,234,235,236,238,239,240,241,244,248,249,250,252,253,254,256,258,260,261,270,272,274,278,279,283,284,286,290,292,294,295,299,303,306,310,313,316,322,323,328,330,343,354,355,357,373,375,403,498,538
12,36,38,41,42,43,44,45,46,47,48,49,50,51,52,53,54,56,58,59,61,62,63,64,65,66,67,68,69,70,71,72,74,75,76,77,78,79,80,81,82,83,84,86,87,88,89,90,91,92,93,94,95,96,98,99,101,104,105,106,108,109,110,112,113,114,121,122,125,127,128,129,130,131,134,135,137,138,139,140,141,142,144,146,148,149,151,152,153,154,155,156,158,159,160,161,162,163,164,166,167,169,170,171,172,174,176,180,181,182,184,185,187,188,189,191,193,195,198,199,200,201,202,204,205,206,207,208,209,210,211,212,213,215,216,217,218,221,222,223,225,226,227,228,230,231,232,233,234,235,237,239,240,241,242,243,245,252,255,258,259,260,261,263,266,267,271,277,280,301,303,309,312,313,315,322,326,328,329,334,343,355,360,379,381,384,510
13,38,39,43,47,48,49,50,51,54,55,56,57,58,59,60,61,62,63,64,65,66,67,68,70,71,72,73,74,75,76,77,78,79,80,81,82,84,85,87,88,89,91,94,95,96,98,99,100,106,107,108,109,111,112,113,115,116,117,119,122,127,128,132,134,135,136,139,140,141,143,145,146,147,148,150,151,152,153,154,155,156,157,158,159,160,161,162,163,165,166,167,168,169,171,173,174,175,176,177,178,179,180,181,182,183,185,186,188,189,191,192,193,194,195,196,197,198,199,200,201,202,203,204,205,206,207,208,209,210,211,212,213,215,217,218,221,222,223,224,226,227,228,230,231,232,233,235,237,243,245,249,253,255,257,258,260,263,269,274,275,276,279,326,331,339,343,361,366,369,390,402,485
14,39,43,46,49,50,51,52,53,55,56,57,58,59,60,61,62,64,65,66,67,68,69,70,71,72,74,75,76,77,78,79,80,81,82,83,84,85,86,88,89,90,91,92,93,95,96,97,98,102,103,104,105,106,107,109,110,111,112,114,115,119,120,122,125,129,135,136,137,138,139,141,142,143,144,145,146,147,148,149,150,152,154,155,156,157,159,160,161,162,164,166,167,168,169,170,171,172,173,174,175,176,177,178,179,180,181,182,183,184,185,186,187,190,191,192,193,194,196,197,198,199,201,202,203,204,205,206,207,211,214,217,219,222,226,228,229,235,236,237,238,240,244,245,246,248,250,251,252,253,256,257,259,262,266,267,268,270,272,275,279,281,282,283,291,294,297,298,305,309,312,321,332,333,346,350,385,388,396,400,424,427,513,606
15,37,48,49,50,52,53,55,56,57,58,60,61,62,63,64,65,66,67,68,69,70,71,72,73,74,75,76,78,79,80,81,82,83,84,85,86,87,89,90,91,92,93,94,95,96,97,98,99,101,102,103,104,105,107,109,111,116,117,118,125,127,129,133,135,136,137,138,140,141,142,144,146,147,148,149,150,151,152,154,156,158,159,160,161,162,163,164,165,166,167,168,169,170,171,172,173,174,175,176,178,179,180,181,183,184,185,186,187,188,189,190,191,192,193,194,195,196,197,198,199,200,201,202,203,204,205,206,207,208,209,210,211,212,213,214,215,216,218,219,221,223,224,225,226,227,229,232,233,236,238,240,241,243,247,248,249,250,251,252,254,256,257,259,260,262,263,264,265,266,269,270,273,275,277,279,281,284,286,288,291,293,294,297,304,307,308,310,311,317,324,327,329,334,349,362,386,408,451,475,588,654,686
16,43,46,50,52,53,54,55,56,57,58,59,61,62,63,64,65,66,67,68,69,71,73,74,76,77,80,83,84,85,86,87,88,89,90,91,92,93,94,96,97,98,99,100,101,102,103,104,105,106,108,109,110,112,113,114,115,116,117,118,119,120,121,123,124,125,127,134,135,136,137,139,140,141,142,143,144,145,146,147,148,149,150,151,152,153,154,156,157,158,159,160,161,163,164,165,166,167,168,169,170,171,172,173,174,175,176,177,178,179,180,181,182,183,184,185,186,187,188,189,190,191,192,193,194,195,197,198,199,200,201,202,203,204,205,206,207,209,210,211,212,213,214,215,217,218,220,221,223,224,225,226,227,228,231,232,233,234,235,238,239,240,242,243,244,245,246,247,248,249,250,251,252,254,255,257,259,261,262,263,264,265,266,267,269,270,272,274,276,277,283,284,285,286,288,292,295,296,297,298,299,301,304,307,309,311,312,315,316,317,320,323,326,328,332,334,335,339,345,349,352,354,361,372,378,380,387,402,417,445,682
17,52,53,56,57,58,59,60,61,62,63,64,65,66,67,68,69,70,71,72,73,75,76,77,78,79,80,81,82,83,84,85,87,88,89,90,91,92,93,94,95,96,97,98,99,101,102,104,105,106,108,111,112,113,114,116,117,119,121,122,123,124,125,126,127,128,131,137,139,142,143,145,146,147,148,149,150,151,154,155,156,157,158,159,161,162,164,165,166,167,168,169,171,172,174,175,176,177,178,179,180,181,182,185,186,187,188,189,190,192,193,195,196,197,198,199,200,201,202,203,204,205,206,207,208,209,210,211,212,213,214,215,218,219,220,221,222,223,224,225,226,227,228,229,230,231,232,233,235,237,238,239,240,242,243,244,245,246,247,248,249,250,251,253,254,258,260,261,262,263,264,265,266,267,269,271,272,273,274,275,276,277,278,279,280,281,282,283,284,286,287,288,289,290,291,293,296,304,305,312,314,319,320,322,323,325,326,327,328,329,334,335,338,339,347,355,361,365,367,370,372,378,386,387,388,392,408
18,32,36,44,50,51,52,53,55,57,58,59,60,61,63,64,65,66,67,68,69,70,71,72,73,74,75,76,77,78,79,80,81,82,83,84,85,86,87,88,89,90,91,92,93,94,95,96,97,99,100,101,103,107,109,110,112,113,118,120,121,122,123,128,129,131,132,133,134,136,137,139,140,141,144,145,146,147,151,152,153,154,155,156,157,159,160,161,162,163,164,166,167,168,169,170,171,172,173,174,175,176,178,179,180,181,182,183,184,185,186,187,188,189,190,192,193,194,195,196,197,198,199,200,201,202,203,204,205,207,208,209,210,212,213,214,215,216,218,219,220,223,225,226,229,230,232,234,236,237,238,239,240,241,243,244,245,246,247,248,250,252,254,255,256,257,258,259,260,261,262,263,265,266,267,268,269,270,271,272,273,274,275,276,277,281,283,284,285,287,290,292,293,294,295,296,298,299,302,304,305,306,310,311,316,318,323,324,325,326,331,332,335,336,344,346,348,354,357,360,361,363,401,402,418,497,512,583
19,45,48,49,50,51,52,53,54,55,56,57,58,59,60,61,62,63,64,65,66,67,68,69,70,71,72,74,75,76,78,79,80,82,83,84,86,89,90,91,92,94,95,97,98,99,100,101,102,103,105,108,109,110,111,113,114,115,117,118,119,120,121,122,123,124,125,128,133,134,136,138,139,140,141,142,144,149,150,151,152,153,154,155,156,157,158,159,164,165,167,168,169,170,172,173,174,175,176,178,179,180,181,182,183,184,185,186,187,188,189,190,191,192,194,195,196,197,199,200,201,203,205,206,207,208,209,210,211,212,215,216,217,218,219,220,221,222,223,224,226,227,228,229,230,231,233,235,237,238,242,244,247,248,250,252,257,258,259,260,262,264,265,267,268,269,271,273,274,275,277,278,281,284,285,287,294,295,296,298,299,301,303,304,305,307,308,309,310,311,312,317,318,320,321,323,326,329,331,333,334,335,341,344,348,351,367,368,380,384,385,403,415,416,435,442,457,463,464,523
20,41,42,45,48,51,52,53,54,55,56,57,58,59,60,61,63,65,66,67,68,72,73,74,75,76,77,78,79,80,81,82,83,84,85,86,87,88,89,91,92,93,94,95,96,97,98,100,102,103,104,105,106,107,108,109,110,112,113,114,116,117,118,119,121,122,124,130,131,132,133,135,136,139,140,143,145,146,148,149,150,151,152,153,154,155,158,159,160,161,165,166,167,168,171,173,174,176,177,178,180,185,186,188,189,190,193,195,197,198,201,202,203,205,206,207,208,210,211,212,214,215,218,219,221,222,223,224,226,227,228,234,235,240,241,242,244,246,247,249,250,251,257,259,260,263,265,269,270,271,272,273,274,277,284,285,286,287,288,290,294,303,309,311,313,315,317,318,332,337,340,342,350,377,379,385,392,404,410,419,421,424,430,436,445,463,468,498,502,519,623
21,30,41,44,47,48,49,51,52,55,56,58,60,61,62,63,64,65,66,67,68,70,71,72,73,74,75,76,77,78,79,80,81,82,83,84,87,88,89,91,92,94,95,96,97,98,99,100,102,105,106,109,110,112,113,114,115,117,119,120,122,123,125,129,138,139,140,141,142,144,145,146,147,149,150,153,154,155,157,158,159,162,163,167,168,171,174,176,177,178,180,181,183,185,186,188,189,190,193,195,196,197,198,199,200,201,202,203,205,208,209,210,212,213,214,215,216,218,219,220,222,224,225,226,227,228,232,233,234,235,236,237,238,240,242,244,245,246,249,250,251,252,253,256,257,258,259,261,263,264,265,268,273,275,277,280,281,283,284,285,290,294,298,300,304,312,313,316,317,318,332,343,345,384,387,409,432,439,470,545
22,39,47,48,49,50,51,52,53,54,55,56,57,58,59,60,61,62,63,64,65,66,67,68,69,70,71,73,74,75,77,83,84,86,87,89,90,92,93,95,97,98,99,101,103,104,105,106,107,108,109,110,111,112,113,114,115,116,117,118,119,123,124,125,126,127,132,134,136,138,141,144,145,146,147,148,150,151,153,155,157,159,160,161,162,163,164,165,167,168,171,172,175,176,179,182,186,187,188,190,191,192,194,195,196,197,198,200,203,205,207,208,214,215,217,218,219,224,227,228,229,230,232,239,249,253,258,259,261,266,267,268,269,280,281,286,289,291,296,306,312,313,315,324,327,338,344,346,352,353,366,368,371,373,376,384,387,397,403,414,438,441,448,450,471,481,505,508,590
23,43,46,47,48,49,50,51,52,53,54,55,57,58,60,63,64,65,68,69,72,75,77,78,79,80,81,82,83,84,85,86,87,89,90,91,93,94,96,97,99,100,101,102,103,104,105,106,107,108,109,110,111,112,113,114,115,116,117,118,119,120,122,123,129,131,132,135,138,139,141,142,143,144,147,150,151,157,162,170,175,179,180,182,183,184,187,189,191,192,193,196,197,200,202,204,206,207,208,210,211,213,215,219,223,226,227,228,230,234,235,243,244,245,246,250,252,253,256,257,260,261,264,266,267,270,274,276,278,280,283,288,289,291,303,310,313,314,315,316,326,327,328,329,342,348,350,352,353,357,404,437,442,447,459,464,470,483,515,545,588
24,39,43,44,47,48,49,50,52,57,58,59,60,61,62,63,64,65,68,69,70,71,72,73,75,76,77,79,80,81,83,84,86,87,88,89,90,91,92,93,94,95,96,97,98,99,100,102,103,104,105,106,109,111,113,118,119,121,124,132,133,134,140,143,146,147,150,153,154,155,156,157,158,159,160,162,163,164,165,166,168,169,170,171,172,173,174,176,177,178,185,186,187,189,192,193,195,197,201,202,205,207,208,212,213,216,217,220,222,224,225,227,233,237,244,246,248,250,252,253,255,261,266,268,269,270,280,282,283,294,296,303,304,313,314,315,316,326,335,337,341,357,389,392,432,469,483,568
25,16,24,40,46,47,48,49,50,52,53,54,55,56,57,58,60,61,62,63,64,65,66,67,68,69,71,72,73,75,77,78,82,83,84,85,86,88,89,90,91,93,94,95,99,100,101,102,104,107,108,109,111,112,114,115,118,120,122,123,124,125,126,127,132,133,137,138,141,143,147,148,149,151,152,155,156,158,161,163,164,166,167,168,171,172,173,174,175,176,177,179,180,181,183,184,189,190,191,192,196,197,198,200,201,209,212,213,217,218,222,228,231,232,245,249,259,265,269,274,276,285,286,287,293,294,296,297,301,309,321,332,337,339,347,368,389,449,457,479,483,485,537,679
26,19,40,42,43,44,45,46,47,48,49,50,51,52,53,54,57,58,59,60,62,65,66,67,68,70,71,72,73,74,76,77,78,79,80,81,83,84,85,87,88,89,90,91,92,93,94,95,96,98,99,100,101,103,104,106,107,108,109,110,111,114,115,117,118,119,120,121,122,124,125,126,127,128,130,133,134,136,138,139,141,145,147,149,153,155,156,157,158,160,162,163,165,166,176,177,181,183,186,187,188,191,194,195,196,198,200,201,202,203,205,207,208,211,212,213,214,215,217,223,224,226,227,228,229,232,233,234,235,236,237,238,240,243,246,247,253,254,255,257,262,264,266,267,271,273,277,289,295,303,305,306,310,312,318,337,353,366,367,422,440,452,460,474,476,483,493,500,550,555,610,688
27,38,39,40,42,43,44,46,47,49,50,51,52,53,54,55,56,57,58,59,60,61,62,63,65,66,67,70,71,74,75,76,78,79,80,81,82,84,85,86,88,90,96,97,98,100,104,107,110,111,112,113,114,116,117,120,122,123,124,127,129,132,133,138,141,144,147,148,149,150,152,155,157,158,159,162,164,167,169,174,175,177,178,180,181,183,185,186,187,189,192,193,195,196,200,203,205,206,207,209,214,215,216,219,221,226,229,230,231,234,235,238,244,246,249,252,255,256,262,266,274,280,282,293,305,342,343,382,455,469,478,490,498,643
28,4,36,40,43,44,45,46,47,48,49,50,51,53,54,55,56,57,58,60,61,62,63,65,68,69,70,72,73,74,75,76,77,78,80,82,83,86,87,88,89,90,91,94,96,97,98,99,100,101,102,103,104,105,106,107,108,109,110,113,119,120,123,124,126,127,130,133,134,135,137,138,139,140,141,142,144,145,146,147,148,152,153,156,158,159,162,163,164,165,168,169,173,175,176,178,182,184,187,189,191,196,202,203,206,207,213,215,217,220,221,229,242,248,249,252,259,268,271,288,291,292,301,303,306,307,317,346,374,376,392,426,447,454,461,497,513,516,623,624
29,38,39,40,41,43,44,45,46,47,48,49,50,52,54,55,56,57,58,59,61,62,63,64,65,66,67,68,69,70,71,72,73,74,75,76,77,79,80,81,82,84,85,86,87,90,91,93,94,95,96,97,98,99,100,101,102,103,105,106,107,108,109,110,111,112,117,118,121,122,124,125,127,128,130,131,132,133,134,135,142,143,145,148,149,152,154,156,157,161,165,166,168,169,170,171,172,173,175,177,179,181,182,183,186,188,189,190,192,194,198,199,203,207,211,215,217,218,225,226,228,230,237,238,244,247,248,253,254,263,266,267,268,270,275,278,284,285,293,300,304,310,313,319,321,391,398,442,465,505,606,619,652
30,31,38,42,44,45,46,47,48,49,50,51,52,53,54,55,56,57,58,59,60,61,62,63,64,65,66,67,68,70,72,73,74,75,76,77,78,79,80,81,82,84,85,88,90,91,92,93,94,95,100,101,103,104,108,109,110,111,112,113,114,115,116,118,119,120,122,123,124,125,127,129,130,131,133,134,135,136,137,138,140,141,142,143,144,145,146,148,149,150,153,154,155,157,160,161,162,163,164,166,169,171,173,175,177,178,180,182,184,186,188,189,190,193,194,195,199,201,203,206,207,212,214,215,216,222,227,234,248,251,253,254,256,266,271,277,286,298,311,318,325,330,394,398,407,408,461,481,485,520
31,8,35,36,37,39,40,42,44,46,47,48,49,50,51,52,53,54,55,56,57,58,61,62,63,64,65,66,67,68,69,71,72,74,75,76,77,78,79,80,81,82,83,84,86,87,88,89,91,92,93,94,95,96,99,101,102,103,104,106,107,110,111,112,113,114,115,116,118,119,120,122,123,127,132,133,134,135,136,137,139,143,144,147,153,156,157,158,163,167,173,174,176,177,181,183,184,186,187,192,198,204,206,207,208,210,212,214,215,218,219,220,221,223,226,227,231,236,237,241,246,247,249,251,254,255,259,260,262,263,281,293,297,326,328,343,362,472,517
32,36,40,43,44,45,46,47,50,51,53,54,55,56,57,58,59,60,61,62,64,65,67,68,69,70,71,72,73,74,75,76,77,78,79,81,82,84,89,91,92,96,97,98,100,101,102,103,104,106,110,113,117,119,122,123,130,131,133,135,136,140,141,142,143,146,149,150,151,153,155,156,158,159,160,161,163,165,166,167,169,170,172,173,175,176,177,182,186,187,189,190,191,193,195,198,200,204,205,207,208,209,210,212,216,217,218,219,222,223,224,225,226,227,231,240,242,243,244,246,249,265,272,273,274,279,280,283,292,322,346,351,362,685
33,36,39,40,41,42,43,44,45,46,47,48,49,50,51,52,53,54,57,58,59,61,63,65,66,69,72,73,74,75,76,78,79,81,82,83,84,85,87,88,89,90,91,93,94,95,96,97,98,101,102,105,107,108,109,110,112,113,114,116,117,119,122,124,125,126,131,132,133,135,137,138,140,143,148,150,155,156,159,160,161,162,164,166,167,168,169,171,174,177,183,187,188,189,192,194,195,197,198,199,209,212,213,217,224,229,234,241,243,245,258,261,270,276,278,285,286,292,298,305,318,319,336,345,352,360,382,399,478,598
34,35,38,40,44,48,49,50,51,52,54,56,57,58,59,62,63,64,66,67,68,69,70,71,72,74,76,77,78,81,82,83,84,85,86,87,88,89,90,91,92,93,94,95,98,99,100,101,102,103,104,105,107,113,114,115,117,118,130,131,132,133,134,136,137,138,140,143,144,145,146,147,149,151,152,153,156,158,160,162,163,165,166,167,168,169,174,175,176,177,180,181,182,185,189,191,192,193,195,196,199,207,208,210,215,217,218,220,222,229,230,233,234,240,241,246,250,251,253,254,259,262,263,268,269,274,277,278,287,291,315,323,339,361,406,442,469,623,664
35,41,44,45,46,47,48,49,50,52,53,54,55,56,57,58,59,60,61,62,63,64,65,66,67,68,69,72,73,74,76,78,79,81,82,84,85,87,90,91,93,94,95,96,97,98,99,100,101,102,103,104,105,106,107,108,109,110,111,112,113,114,115,116,117,118,120,125,126,127,130,131,132,133,134,135,136,138,140,141,142,143,144,145,146,147,148,151,152,153,155,156,157,159,162,164,165,166,167,168,171,173,174,176,177,178,180,188,190,194,195,196,202,205,206,207,208,212,217,219,220,221,229,234,238,247,248,256,269,271,274,276,287,300,301,317,321,323,331,335,337,341,354,360,386,393,421,446,455,685,690
36,33,37,40,41,42,43,44,46,48,49,50,51,52,54,55,57,59,60,61,63,64,65,67,69,71,72,73,74,75,76,78,79,80,81,82,84,85,86,87,88,90,91,92,93,94,95,96,97,98,99,102,108,110,111,112,113,118,119,121,122,125,127,128,132,133,136,139,141,146,148,150,152,153,154,156,158,159,161,162,164,165,169,171,174,175,176,177,178,179,180,181,184,185,186,187,191,193,194,195,196,197,201,203,205,208,209,210,214,217,219,221,225,227,229,230,234,237,239,241,245,248,252,258,265,266,270,271,272,276,281,284,288,289,292,293,295,296,304,305,306,308,320,325,345,348,350,351,364,396,422,461,562
37,37,39,40,41,43,44,45,46,47,48,49,52,53,54,56,57,58,59,60,64,65,66,68,69,70,71,72,73,74,75,76,77,79,82,86,95,100,103,106,108,111,112,115,116,118,120,121,126,131,133,135,139,141,142,145,146,147,148,151,152,153,155,156,157,161,164,165,167,168,170,172,173,176,177,185,187,188,189,190,192,193,195,197,198,202,203,204,205,206,207,208,210,212,216,218,221,224,225,226,229,232,235,237,240,243,248,249,250,258,265,267,269,277,278,281,296,299,484
38,39,40,41,43,44,45,46,47,48,49,50,51,52,53,57,58,59,62,64,65,66,67,68,72,73,74,75,76,80,81,82,83,84,86,87,88,91,92,94,97,98,99,102,104,105,106,107,109,112,113,114,116,126,127,129,130,131,132,133,139,141,144,150,157,158,159,160,164,166,169,173,174,177,179,180,181,183,184,185,186,187,197,206,212,215,216,217,220,221,224,230,231,233,235,236,243,245,249,250,259,264,265,268,269,279,280,282,284,285,286,288,290,292,307,308,309,317,319,320,335,348,362,392,466,494,556
39,41,42,43,45,46,48,49,50,51,52,53,54,55,56,57,59,60,61,62,64,65,66,70,73,74,76,78,79,80,82,84,85,87,89,95,98,100,107,108,110,112,114,117,118,119,129,130,132,133,135,138,139,142,144,145,147,148,150,152,153,154,155,156,157,158,160,161,162,165,168,169,170,172,173,181,183,184,187,189,191,192,197,199,201,202,205,208,210,211,213,216,217,220,221,227,228,230,233,238,239,240,245,248,249,253,254,260,264,280,289,328,355,370,466,481,587
40,35,37,38,39,40,42,43,44,45,46,47,48,49,50,51,52,53,55,58,59,60,63,64,65,68,71,72,73,75,78,80,81,83,84,85,86,87,88,89,90,91,94,97,98,99,100,103,104,107,108,109,112,116,119,124,127,128,129,131,133,136,138,139,140,143,144,147,152,153,155,156,160,162,167,169,170,171,174,179,181,183,185,186,188,192,194,201,206,208,214,216,221,224,227,233,234,235,237,238,240,244,246,247,251,253,260,261,265,266,268,270,272,275,296,298,299,307,315,316,320,321,345,353,378,385,386,390,397,432,563,648
41,8,41,42,44,45,48,49,51,53,56,59,60,61,62,63,64,65,66,67,68,69,70,71,72,74,75,76,77,79,81,85,86,87,88,93,95,96,97,99,106,107,110,111,115,119,122,125,127,130,132,133,134,135,139,140,141,145,149,152,153,155,156,157,158,160,164,166,169,170,171,174,175,176,177,179,182,183,186,188,191,192,195,196,198,201,203,204,212,215,219,220,222,224,228,229,234,237,238,246,247,249,256,257,264,275,278,286,293,306,327,329,334,354,390,438,457,585
42,39,43,44,45,46,47,48,49,50,51,53,54,56,57,58,59,60,61,64,68,72,73,74,78,80,81,82,85,86,88,90,91,92,93,95,96,98,101,102,103,104,105,109,112,115,116,119,123,127,133,134,135,136,137,138,141,143,145,146,147,148,149,150,151,152,154,155,156,158,160,163,165,169,181,184,188,189,191,194,201,205,207,210,211,220,222,225,226,228,230,244,246,249,251,256,263,270,276,279,280,301,302,310,313,334,361,390
43,19,30,35,42,45,47,48,50,51,53,55,56,57,58,59,60,61,62,63,65,66,67,69,71,72,76,77,78,79,80,82,85,86,87,88,91,92,93,94,97,98,100,102,103,106,109,118,119,128,131,138,140,143,147,148,149,152,157,158,162,163,165,167,169,170,171,173,174,175,177,179,181,187,188,189,191,193,194,195,196,199,200,201,202,205,214,215,217,218,219,220,221,222,229,230,234,239,240,244,252,260,267,270,276,287,288,291,298,300,320,322,354,424,465,593,694
44,38,39,42,46,47,48,49,50,51,52,54,56,57,58,60,61,63,64,65,66,67,69,72,73,74,76,77,78,80,81,83,86,87,89,90,93,94,95,96,99,100,101,103,104,105,109,110,111,112,113,114,116,117,118,119,120,121,123,128,129,130,132,133,135,139,143,149,150,151,152,153,154,155,157,158,159,162,163,165,166,168,169,170,172,173,174,178,185,194,197,200,201,212,217,225,234,235,240,250,256,282,286,290,328,354,386,458,464,564,698
45,37,39,41,42,44,45,47,48,49,52,56,58,61,63,67,68,69,70,71,72,73,74,75,76,77,78,81,82,83,84,85,86,87,90,93,94,95,97,98,101,103,104,105,106,107,108,109,110,111,113,115,116,128,129,140,146,147,148,150,153,154,156,158,161,162,163,165,166,168,175,177,179,180,181,183,184,185,188,191,194,198,199,205,207,208,211,215,216,217,218,222,224,226,229,230,238,242,243,245,247,248,253,256,262,264,266,287,288,295,308,318,329,339,348,369,374,492,644,693
46,28,36,38,42,44,47,49,50,52,54,55,56,57,58,59,60,61,62,63,64,65,66,67,68,69,70,71,72,73,75,76,77,79,83,85,86,89,90,91,92,93,95,98,103,106,107,109,110,114,119,120,125,132,133,136,139,141,150,153,154,155,156,157,158,167,168,170,171,172,175,178,179,181,183,185,187,190,191,195,196,197,200,201,206,207,210,216,218,225,233,234,236,256,260,261,305,310,360,626,662
47,31,32,38,40,42,45,47,48,50,54,56,58,63,64,65,66,67,70,72,73,76,78,79,80,81,82,83,84,87,88,89,90,91,94,95,96,98,99,100,103,105,107,108,110,111,112,113,119,123,126,128,138,141,149,155,157,161,164,166,175,177,193,202,208,209,212,218,223,225,238,239,258,259,288,293,297,317,320,545,644
48,35,40,42,44,52,55,59,60,61,63,65,66,69,71,72,73,75,76,78,80,81,82,84,87,89,90,91,93,96,97,103,105,108,111,121,128,158,170,185,187,195,204,311,432,593
49,60,63,79,80,85,92,94,95,98,103,106,108,117,118,121,122,123,127,142,310,346,627
50,21,76,181,284,293,346,379,616
51,15,344,411,590,644,691
52,11,367,418,467
53,229,470,517,560
54,15,257,491,506,676,697
55,178,438,499,519,534,692
56,256,265,384,661
57,145,623,662
58,274,278,572,590,611,630
59,2,25,553,593,689
60,244,323,378,503,592
61,308,456,477
62,143,198,341,418,428,522,539,603,629
63,14,29,38,44
64,152,404,471,498,560
65,255,272,315,340,665,689
66,677
67,
68,
69,
70,
71,
72,
73,
74,
75,
76,
77,
78,
79,
80,
81,
82,
83,
84,
85,
86,
87,
88,
89,
90,
91,
92,
93,
94,
95,
96,
97,
98,
