18
0,138
1,290,312,520,582,593,610
2,44,55,144,202,230,395,550,576,655
3,12,43,45,57,60,62,65,66,73,91,163,223,239,475,494,586,594,617,634,651
4,32,36,45,47,48,49,50,56,57,58,59,60,62,63,64,65,66,67,68,69,70,71,72,75,77,89,109,113,115,119,121,122,123,124,126,190,280,407,489
5,28,41,51,52,56,57,58,60,62,63,64,65,66,67,68,69,70,71,72,73,74,75,76,77,78,79,80,81,82,83,84,85,86,87,88,90,91,92,93,94,95,96,97,98,99,102,103,106,108,110,111,113,114,115,116,117,118,119,120,121,122,123,125,126,127,130,131,132,133,135,136,137,138,139,140,141,142,144,145,146,149,150,152,153,154,155,156,158,159,162,163,165,166,170,171,173,174,175,176,177,178,180,181,182,183,184,185,186,189,190,192,194,195,196,197,200,202,207,221,225,238,250,251,260,261,266,286,296,297,300,301,303,304,305,306,307,310,314,315,316,317,318,319,321,323,324,325,327,328,329,330,331,332,333,334,336,337,338,339,340,341,342,343,344,345,346,347,348,349,350,351,352,353,354,355,356,357,358,359,360,361,362,363,364,365,366,367,368,369,371,372,374,375,376,378,379,380,381,382,383,384,387,390,392,393,394,396,398,399,404,405,409,410,412,414,416,420,421,422,424,425,430,432,438,440,442,443,447,448,450,465,469,478,518,519,558
6,26,60,63,66,69,72,73,74,75,76,77,78,79,80,81,82,83,84,85,86,87,88,89,90,91,92,93,94,95,96,97,98,99,100,101,102,103,105,106,107,108,109,110,112,114,115,117,118,119,120,121,123,125,127,128,129,130,134,135,136,138,139,140,141,142,143,144,146,148,149,150,154,155,156,158,159,160,161,162,163,164,165,166,167,168,169,170,171,173,174,175,176,177,178,179,180,181,182,183,184,185,186,187,188,189,190,191,192,193,194,195,196,197,199,200,201,202,203,204,205,206,207,208,209,210,211,212,213,214,215,216,218,219,220,221,222,223,224,225,226,227,228,229,230,231,232,233,234,235,236,237,239,240,241,242,243,245,246,248,249,252,253,254,256,258,259,260,261,262,263,264,265,266,267,268,269,270,271,272,273,274,275,276,278,279,280,281,282,283,284,285,286,287,288,289,290,291,292,293,294,295,296,297,299,300,301,302,303,304,305,306,307,308,309,310,311,312,313,314,315,316,317,318,319,320,321,322,323,324,325,326,327,328,329,330,331,332,333,334,335,336,337,338,339,340,341,342,343,344,345,346,347,348,349,350,351,352,353,354,355,357,358,359,360,361,362,363,364,365,366,367,368,369,370,371,372,373,374,375,376,377,378,380,381,382,383,384,385,386,387,388,389,390,391,392,393,394,395,396,397,398,399,401,402,403,404,405,406,408,409,410,411,412,413,414,415,416,417,418,419,420,421,422,423,425,427,428,429,430,432,434,436,438,439,441,444,445,446,449,450,454,455,456,459,460,461,463,464,468,475,481,484,491,499,558,562,569,692
7,64,65,68,69,70,72,73,74,75,76,77,78,79,80,81,82,83,84,85,86,87,88,89,90,91,92,93,96,97,98,99,101,102,103,104,105,106,107,108,109,110,111,112,113,114,115,116,118,119,120,121,122,124,126,127,128,129,130,131,132,133,134,136,137,138,140,141,142,143,144,147,148,149,150,152,153,154,155,157,158,159,160,161,162,163,164,165,166,167,168,169,170,171,172,173,174,175,176,178,179,180,181,182,184,185,186,187,188,191,195,196,201,203,204,206,208,209,210,212,214,215,216,218,219,220,221,222,223,224,225,226,228,229,230,231,233,234,235,237,239,240,241,242,243,244,247,248,250,251,252,253,254,255,256,257,259,260,261,262,264,266,267,268,269,271,272,273,274,275,276,277,278,279,280,281,283,284,285,286,287,288,289,290,291,292,293,294,296,298,299,300,301,302,303,304,306,308,309,310,313,314,315,316,317,318,320,322,324,325,326,327,328,329,332,333,335,337,338,339,340,341,342,343,344,345,346,347,348,350,351,352,353,354,355,356,357,359,360,362,363,364,365,366,367,368,369,370,371,372,373,374,375,376,377,378,381,383,384,385,386,387,389,390,391,393,394,395,396,397,398,399,401,403,404,408,411,412,413,414,418,420,421,426,427,429,430,432,433,435,441,443,445,446,447,448,455,463,466,468,475,484,496,498,501,508,514,683
8,37,68,69,70,71,72,73,74,75,76,77,78,79,80,81,82,83,84,85,86,87,88,89,90,91,92,93,94,95,96,97,98,99,100,101,102,103,104,105,106,107,108,109,110,111,112,113,114,115,116,117,118,119,120,121,122,123,124,125,126,127,128,129,130,131,132,133,134,135,136,137,138,139,140,141,143,144,145,147,148,149,150,152,153,154,155,158,159,161,164,166,167,168,169,170,171,172,174,175,176,177,178,179,180,181,182,183,184,185,186,187,188,189,190,191,192,193,194,195,196,197,199,200,201,203,204,205,206,207,208,209,210,211,214,215,218,219,222,223,225,227,228,231,232,233,234,235,236,237,238,239,240,242,244,245,246,249,250,251,252,254,255,257,259,260,261,265,266,268,270,271,272,273,274,275,276,277,279,280,281,282,286,287,288,289,290,291,292,293,294,295,296,297,298,299,300,301,302,303,304,305,306,307,308,309,310,311,312,313,315,316,317,318,319,320,321,322,323,324,325,326,327,329,330,331,332,333,334,335,336,337,338,339,341,342,343,344,345,346,347,348,349,350,353,354,355,356,357,358,359,361,362,363,364,365,366,367,368,369,370,371,372,373,374,376,377,378,380,381,382,383,385,386,389,390,392,393,395,396,398,399,401,402,403,404,405,406,407,408,409,410,411,412,413,414,416,420,422,427,429,430,431,432,434,436,439,442,443,444,445,450,456,457,462,467,473,476,479,485,487,517,657
9,61,63,64,65,66,68,69,70,71,72,74,75,76,77,78,79,80,81,82,83,84,85,86,87,88,89,90,91,92,93,94,95,96,97,98,99,100,101,102,103,104,105,106,107,108,109,110,111,112,113,114,115,116,117,118,119,120,121,122,123,124,125,127,128,129,130,131,132,136,137,138,139,141,142,143,144,145,146,147,148,149,150,152,153,154,155,157,159,162,165,166,168,170,172,173,174,175,176,177,178,179,181,182,184,185,186,188,191,192,193,194,195,196,198,199,200,201,202,203,204,205,209,210,211,212,213,215,216,217,218,219,221,222,223,224,227,228,229,232,235,236,237,238,239,242,243,244,245,246,247,248,252,254,255,256,258,259,262,263,264,265,266,269,270,273,274,277,279,280,281,282,285,286,287,289,290,291,292,294,295,297,298,299,302,303,304,307,311,312,313,314,315,316,320,322,323,324,326,327,329,331,333,336,337,338,339,341,342,343,345,346,347,348,349,350,352,353,354,355,356,357,359,360,362,363,364,365,366,367,368,369,370,373,374,376,379,380,381,382,384,385,386,387,389,390,391,392,393,394,395,397,403,404,406,407,408,409,411,412,415,416,417,418,421,423,424,425,427,429,432,434,435,438,440,441,442,451,452,454,460,463,464,466,467,469,474,478,491,500,505,510,512,521,531,538,546,557
10,65,66,69,70,72,73,74,75,76,77,78,79,80,81,82,83,85,86,87,88,89,90,91,92,93,94,95,96,97,98,99,100,102,103,104,105,106,107,108,109,111,112,113,114,115,116,117,118,119,121,123,124,125,126,127,128,129,130,131,132,133,134,136,137,138,140,141,142,143,144,145,148,149,150,151,152,154,155,156,158,159,161,162,163,165,166,167,168,170,173,174,175,176,177,178,179,180,181,183,184,185,187,188,189,191,192,194,195,197,199,200,202,207,208,211,215,217,218,219,220,221,222,225,226,227,228,229,230,232,233,236,238,239,240,242,244,245,247,248,249,251,252,253,255,256,257,259,261,262,263,268,271,274,275,276,277,278,281,283,285,286,288,289,290,293,294,295,296,297,298,299,300,301,302,303,304,306,307,308,310,314,315,316,318,320,321,323,326,330,333,334,335,336,337,338,339,340,341,342,343,344,347,348,350,351,352,355,356,357,358,360,361,362,363,364,365,366,367,369,373,374,377,378,380,382,384,385,387,388,390,392,394,396,397,398,399,400,403,407,408,410,412,414,416,417,418,422,425,429,434,437,438,439,440,441,442,443,445,449,457,459,461,465,466,476,480,484,497,498,499,504,533
11,5,34,53,67,68,69,71,74,76,77,78,79,80,81,82,83,85,86,89,90,91,92,93,95,96,97,98,99,100,102,103,104,105,106,107,108,109,110,112,113,114,115,116,117,118,119,120,121,122,123,124,125,126,127,128,129,130,131,132,133,134,135,136,137,138,139,140,141,142,144,145,146,147,148,149,150,151,153,155,156,157,158,161,164,169,170,171,172,173,174,175,176,177,178,179,180,181,182,184,186,190,191,194,195,196,197,200,201,202,203,206,207,209,211,212,213,214,215,216,219,221,222,223,226,227,229,232,233,234,236,237,238,239,241,242,243,244,245,246,247,249,252,254,256,258,259,263,264,265,267,269,270,272,273,274,275,280,282,283,284,285,286,287,290,296,297,298,299,302,303,305,307,308,309,311,313,314,317,319,322,323,324,326,328,332,335,336,337,341,342,344,345,346,347,348,351,352,354,356,357,358,359,360,361,362,364,365,366,367,368,369,370,371,372,373,374,375,378,379,380,381,383,386,387,388,390,391,392,393,394,395,398,399,401,404,405,408,409,410,411,413,414,415,417,419,420,421,423,424,428,429,430,431,432,433,435,436,445,455,456,457,466,481,488,496,505,506,510,512,517,589
12,61,66,68,70,71,72,73,74,75,76,77,78,79,81,82,83,84,86,87,88,89,90,91,92,93,94,95,96,97,98,99,100,101,102,103,104,105,106,107,108,109,110,111,112,113,114,115,116,118,119,120,121,122,123,124,125,126,127,128,129,130,131,132,133,134,135,136,138,139,140,143,144,145,146,147,148,149,150,151,152,156,157,158,159,160,161,162,163,164,166,169,171,172,174,177,178,183,184,185,187,188,189,190,192,194,195,196,197,198,199,200,202,203,205,206,209,210,213,214,215,216,217,220,222,224,225,226,227,229,233,235,236,237,239,240,242,243,244,245,247,248,250,251,253,254,255,256,261,266,267,268,269,270,271,273,274,275,278,280,281,282,283,286,289,290,293,294,295,296,298,300,301,302,304,305,307,308,309,310,311,315,316,317,318,319,320,321,322,325,326,329,330,331,332,333,334,335,339,340,341,343,344,346,347,348,349,350,351,352,353,354,355,356,357,358,359,361,362,363,364,365,366,368,369,370,371,372,373,374,375,376,377,378,379,382,383,386,389,390,391,392,393,395,397,398,399,400,404,405,406,407,409,410,411,415,418,422,425,426,427,428,431,435,437,439,443,453,454,459,460,463,472,485,488,496,499,505,511,512,517,533,543,564,637
13,43,62,63,64,65,67,68,69,70,71,72,73,75,76,77,78,79,80,81,82,83,84,85,86,87,88,89,90,91,92,93,94,95,96,97,98,99,100,101,102,103,104,106,107,108,109,110,111,114,115,116,117,119,120,121,122,123,124,125,126,127,128,129,130,131,132,134,135,136,137,138,139,140,141,142,143,144,145,146,147,148,149,150,152,153,154,155,156,157,159,160,164,165,168,169,170,171,173,176,177,178,181,182,183,185,186,188,190,191,193,194,195,196,197,198,199,200,201,202,204,205,208,209,210,211,212,213,214,215,217,219,220,223,224,225,227,229,232,233,234,235,236,237,238,241,244,245,246,247,249,250,253,255,259,267,269,273,277,278,279,280,281,282,283,285,286,287,288,289,292,294,295,297,299,300,301,303,305,306,307,310,311,314,315,317,318,320,321,322,325,326,327,328,329,332,333,334,337,338,340,341,342,343,344,346,347,348,349,351,352,353,354,355,356,357,358,359,360,361,362,364,366,367,368,370,371,372,373,375,379,380,382,383,384,385,386,387,388,390,393,395,398,399,400,401,402,403,404,406,408,410,414,418,419,420,421,422,425,427,432,437,441,443,446,447,451,456,460,471,479,485,501,680
14,59,67,68,69,70,71,73,75,76,77,78,81,82,83,84,85,86,87,88,89,90,91,92,93,94,95,96,97,98,99,100,101,102,103,104,105,106,107,108,109,111,112,113,114,115,116,117,119,120,121,123,124,125,127,128,129,130,131,132,133,134,135,136,137,138,139,140,141,142,143,144,145,147,148,149,150,151,153,154,155,156,157,160,164,165,167,168,171,174,178,180,182,183,184,186,187,189,190,192,193,196,197,198,199,200,202,204,207,208,209,210,211,212,215,216,217,218,221,225,226,229,230,231,232,233,234,235,237,238,239,240,241,243,245,246,247,248,249,259,260,262,264,270,275,276,277,281,287,288,290,291,294,297,298,299,303,304,305,306,307,308,309,312,314,318,320,322,324,325,326,332,334,337,338,340,341,342,343,344,345,346,349,350,351,352,354,355,357,359,361,362,364,367,369,371,373,376,377,378,380,385,386,387,392,393,399,400,405,407,408,412,413,414,415,416,417,422,423,430,433,438,440,445,447,452,454,455,463,466,467,471,472,475,490,497,501,544,560
15,58,65,66,67,68,69,70,71,72,73,74,75,77,78,80,81,82,83,84,85,86,87,89,90,91,92,93,94,95,97,98,99,100,101,102,103,105,106,108,109,110,111,113,114,115,116,117,118,119,120,121,122,123,124,125,127,128,129,131,132,133,134,135,136,138,139,140,141,143,146,147,148,150,152,153,154,155,156,157,159,160,162,163,165,170,174,176,178,179,182,183,184,185,186,187,190,193,194,196,197,198,202,203,206,207,208,211,212,213,214,215,216,218,227,228,231,232,238,239,240,241,243,246,247,248,251,253,254,255,257,261,263,267,272,273,275,279,281,284,286,289,292,294,295,303,305,307,308,309,311,314,316,317,318,319,321,323,324,325,330,334,335,337,342,343,344,346,349,350,352,354,356,363,365,366,369,370,371,372,374,375,376,377,379,382,386,390,397,399,401,402,404,407,408,410,413,415,417,418,421,424,430,431,433,436,441,446,448,451,453,454,457,458,464,465,474,476,477,480,481,485,486,494,501,507,511,518
16,46,63,64,65,67,69,70,71,72,73,74,75,76,77,78,79,80,81,82,83,85,87,88,89,90,91,92,93,94,95,96,97,99,100,101,102,103,104,105,106,109,110,111,113,114,115,116,117,118,120,121,122,123,124,126,127,128,130,131,134,135,137,138,140,141,142,143,144,145,147,148,150,151,152,154,155,156,157,159,161,163,164,167,171,172,173,174,175,176,179,180,181,182,185,187,188,190,191,193,196,199,201,203,204,205,206,207,208,210,211,213,215,223,227,228,229,232,234,239,244,245,246,249,251,254,256,260,265,267,269,270,272,277,279,282,283,285,286,288,290,295,296,299,300,302,305,306,307,308,310,312,313,318,320,323,328,329,333,334,336,337,338,340,341,346,347,348,355,356,358,361,363,365,367,368,369,370,371,372,373,374,377,382,383,385,386,396,399,400,403,404,411,417,420,421,423,433,434,435,448,450,452,456,463,473,484,488,537,541,672,695
17,59,60,61,63,64,65,66,67,68,70,71,72,73,75,77,78,80,81,82,83,84,86,87,88,89,90,91,92,93,94,95,96,97,98,99,101,102,103,104,105,107,108,109,110,111,112,114,115,116,117,118,120,121,122,123,125,126,127,128,129,130,131,132,133,134,136,138,139,141,142,143,145,146,150,151,152,153,154,155,156,157,158,162,168,169,170,171,173,174,176,177,178,179,180,181,184,186,187,192,193,194,195,196,197,198,201,203,204,206,207,208,211,212,215,221,225,228,229,231,233,234,236,237,238,240,241,244,246,248,251,253,254,263,268,270,271,281,284,289,290,291,292,293,300,304,305,308,309,310,313,314,315,318,320,323,329,340,341,344,345,347,348,350,354,356,359,360,365,367,368,371,372,374,375,380,381,383,386,392,394,398,410,412,419,423,430,434,445,450,456,458,486,492,640,656
18,53,56,57,59,60,61,62,63,64,65,66,67,68,71,72,73,74,75,76,77,79,80,81,82,83,84,85,86,87,88,89,90,92,94,95,96,98,100,101,102,103,104,105,106,107,109,110,113,115,116,117,118,119,120,121,122,125,126,128,130,133,134,135,137,138,139,141,142,143,145,146,147,148,149,150,151,152,154,155,159,161,162,165,172,173,175,176,177,178,179,181,182,183,184,185,186,188,190,191,192,193,195,197,202,203,204,206,210,212,215,217,220,222,225,230,231,232,233,237,239,242,245,246,247,254,255,257,259,270,277,278,280,284,285,286,288,293,294,299,302,303,306,307,312,318,321,325,335,336,338,339,341,346,347,348,349,353,355,358,368,374,375,380,382,401,413,414,418,419,422,431,432,445,497,698
19,49,50,52,53,57,58,59,61,63,65,66,67,68,70,71,73,74,75,77,78,79,80,81,82,83,84,85,86,88,89,90,91,92,94,95,96,98,99,100,101,102,104,105,107,108,111,114,115,116,117,120,123,124,125,126,127,128,129,130,131,132,133,134,135,136,137,138,139,140,143,144,145,146,149,152,154,156,158,160,164,165,168,172,174,175,177,178,186,188,192,194,197,198,201,204,211,221,222,224,235,241,243,245,248,257,263,265,270,289,298,302,303,305,308,313,320,335,339,346,347,351,363,364,378,390,391,399,403,404,406,410,481
20,30,31,47,48,49,51,54,55,57,60,63,64,66,67,69,70,72,76,77,80,85,88,89,90,91,92,94,95,96,100,101,104,106,109,110,111,112,113,114,116,117,119,122,125,126,127,129,130,132,133,135,139,140,141,143,145,148,150,160,163,166,168,178,179,180,184,192,194,202,207,212,221,250,277,283,358,366,369,423,438,524
21,46,48,54,60,96,108,110,120,124,134,135,141,185,216,225,232,372
22,350,397,580,626
23,4,7,55,84,306,322,338,340,343,351,352,353,357,362,372,390,402,403,565,652
24,4,5,14,16,18,21,348,461,474,539,650
25,7,9,11,12,19,26,27,28,33,35,45,54,374,410,438,441,505,514
26,29,30,34,37,38,39,40,41,42,43,45,47,48,50,51,52,54,56,120,554,648,659
27,31,53,107,146,199,488,490
28,3,31,377,391,477,599,607,620
29,22,59,190,488,620
30,152,339,531,571
31,78,98,133,148,304
32,3,7,13,19,24,37,42,120,288,377,695
33,48,50,229,605,610
34,20,77,306,327,476,501
35,31,247
36,171,407,494
37,295,297
38,17,30,37,438,563,564
39,439,682
40,181,214,439,628
41,30,244,259,422,535,626,661
42,4,186,207,218,258,285,649
43,31,429,468,471,473,477,482,494,499,507,527,538,547,562,599,639
44,62,130,471,475,476,477,478,481,482,487,488,490,493,496,499,504,506,507,512,521,526,527,535,545,555,557,558,564,579,588,589,615
45,73,116,120,152,174,222,474,476,486,487,489,491,492,495,496,497,498,505,509,512,520,522,524,527,533,536,540,556,573,580,687
46,158,340,506,533
47,5,276,291,322,450,494,497,508,524,563,696
48,22,33,53,77,259,352,594
49,8,17,56,74,86,318,401,427,579,680
50,11,87,99,183,440,490,497,657,679
51,70,107,198,293,531
52,286,449,513
53,201,396,519,620
54,96,555,687
55,133,269,394,615,624,677,687
56,17,408,552,652
57,49,218,253,484,675
58,40,46,101,122,266,570,584
59,218,229,635,659
60,488
61,
62,
63,
64,
65,
66,
67,
68,
69,
70,
71,
72,
73,
74,
75,
76,
77,
78,
79,
80,
81,
82,
83,
84,
85,
86,
87,
88,
89,
90,
91,
92,
93,
94,
95,
96,
97,
98,
