9
0,424
1,87,396,461,560,629,638
2,74,78,81,83,87,90,101,109,254,328,406,588,610
3,40,47,69,70,71,73,74,76,77,78,79,80,81,82,83,84,85,86,87,90,91,93,94,95,96,98,99,101,102,103,104,105,106,107,108,109,110,111,112,113,114,115,116,118,119,120,124,125,126,188,556
4,42,50,59,68,69,70,71,72,73,74,75,76,77,78,79,80,81,82,83,84,85,86,87,88,89,90,91,92,93,94,95,96,97,98,99,100,101,102,103,104,105,106,107,109,110,111,113,114,115,116,117,118,119,120,121,122,123,124,125,126,127,128,129,130,131,132,133,134,135,136,137,138,139,140,141,142,143,144,145,146,147,148,149,150,151,152,153,154,156,157,158,159,160,167,169,173,175,176,178,180,181,188,193,199,209,220,616,619
5,65,67,69,72,73,74,75,76,77,78,79,80,81,82,83,84,85,86,87,88,89,90,91,92,93,94,95,96,97,98,99,100,101,102,103,104,105,106,107,108,109,110,111,112,113,114,116,117,118,119,120,121,122,123,124,125,126,127,128,129,130,131,132,133,134,136,137,139,140,142,143,144,146,147,148,149,151,152,153,154,155,156,158,160,161,162,163,164,165,166,167,168,169,170,171,172,173,174,175,176,177,178,179,180,181,182,183,184,185,186,187,188,189,190,191,192,193,194,195,197,198,199,200,201,202,204,205,206,207,208,209,211,212,213,214,215,217,218,220,221,223,224,225,226,227,228,229,231,232,235,236,237,239,240,243,244,245,248,249,250,254,255,258,260,267,271,274,276,291,295,299,300,324,343,353,356,469,557,681,685
6,49,55,69,70,72,73,74,76,77,78,79,80,81,82,83,84,85,86,87,88,89,90,91,92,93,94,95,96,97,98,99,100,102,103,104,105,106,107,108,109,110,111,112,113,114,115,116,117,118,119,120,121,123,124,125,126,127,129,130,131,132,133,134,135,136,137,138,139,141,142,143,144,145,146,147,149,150,152,153,154,155,156,157,158,159,160,161,162,164,165,167,168,169,170,171,172,173,174,175,176,177,178,179,180,181,182,183,184,185,186,187,188,189,190,191,192,193,194,195,196,197,198,199,200,201,202,203,204,205,206,207,208,209,211,212,213,214,215,216,217,218,220,221,222,223,225,226,227,228,230,233,234,235,236,237,238,239,240,241,242,245,249,250,251,252,253,255,256,259,262,263,264,266,267,269,272,273,274,275,281,282,286,288,289,291,293,296,315,320,324,328,348,393,597,655
7,2,67,68,70,74,75,76,78,79,80,81,82,83,84,85,86,87,88,89,90,91,92,93,94,95,96,97,98,99,100,101,102,103,104,105,106,107,108,109,110,111,112,113,114,115,117,118,119,120,121,122,123,124,125,126,127,128,130,131,132,133,134,135,136,138,139,140,141,142,143,144,145,146,147,148,150,151,152,154,156,158,159,160,162,163,165,167,168,169,171,172,173,177,178,180,181,182,183,184,185,186,187,188,189,190,191,192,193,194,196,197,198,199,200,201,202,203,204,205,206,207,208,209,210,211,212,213,214,215,217,218,219,220,222,223,225,227,228,229,230,231,232,233,234,235,236,237,238,239,240,241,244,245,246,247,251,252,253,255,256,258,260,261,262,264,265,267,269,271,275,276,281,282,283,284,285,287,288,291,292,295,296,301,306,312,315,320,340,343,425
8,66,68,74,75,76,77,78,79,80,81,82,83,84,86,87,88,89,90,91,92,93,94,95,96,97,98,99,100,101,102,103,104,105,106,107,108,109,110,111,112,113,114,115,116,118,119,120,121,122,123,124,125,126,127,128,129,130,133,134,135,136,137,138,139,140,141,142,144,145,146,147,148,149,150,151,152,153,154,156,157,160,161,162,163,166,168,170,171,172,173,174,176,177,178,179,182,183,185,186,187,188,189,190,191,192,193,194,195,196,197,198,199,200,201,202,204,205,206,207,208,209,210,211,214,215,217,219,220,221,222,223,225,226,227,228,229,230,231,232,235,237,239,240,241,243,245,246,248,249,251,252,253,257,259,260,261,262,265,267,268,271,274,275,278,279,281,283,284,285,288,290,291,293,296,297,303,308,311,318,329,331,334,349,352,359,380,425,494
9,16,74,75,77,78,79,80,81,82,83,84,85,86,87,88,89,90,91,92,93,94,95,96,97,98,99,100,101,102,103,104,105,106,107,108,109,110,111,112,113,114,115,116,117,118,119,120,121,122,123,124,125,126,127,128,129,130,132,133,134,135,136,137,138,139,140,141,142,143,144,145,146,147,148,149,150,151,152,153,154,155,157,158,159,160,161,162,163,164,165,167,168,169,170,172,174,176,177,179,180,181,182,183,184,185,186,188,189,190,191,192,193,194,195,196,197,198,199,200,201,202,203,204,205,206,207,208,209,210,211,212,213,214,215,216,219,220,221,222,223,224,225,226,227,229,230,231,233,234,236,237,239,240,241,242,244,245,246,247,248,250,251,252,253,255,257,258,259,260,261,263,266,268,269,270,271,274,276,279,280,282,283,289,290,291,294,298,299,300,303,305,315,331,333,334,340,347,350,355,357,387,407,463,473,570,668
10,37,66,67,70,72,74,76,77,78,79,80,81,82,83,84,85,86,87,88,89,90,91,92,93,94,95,96,97,98,99,100,101,102,103,104,105,106,107,109,110,111,112,113,114,115,116,117,118,120,123,124,125,126,127,128,129,130,131,132,133,134,135,136,137,138,139,140,141,143,144,145,146,147,148,149,150,151,152,153,154,156,157,158,159,160,161,164,165,166,169,170,171,173,174,175,176,178,179,180,181,182,183,184,185,186,187,188,189,190,191,192,193,194,195,196,197,198,199,200,201,202,203,204,205,206,207,208,209,210,211,213,216,217,218,219,220,221,222,223,224,225,227,229,231,232,233,234,235,237,238,240,241,242,243,245,246,247,248,249,250,251,253,256,257,258,259,262,263,264,265,266,270,271,272,274,276,277,278,280,282,283,284,286,288,289,290,291,292,296,298,299,300,301,308,309,310,311,314,318,322,326,333,335,349,387,389,391,430,431,454,580,581,593
11,67,73,75,76,77,78,80,81,83,84,85,86,87,88,90,91,92,94,95,96,97,98,100,102,103,104,105,106,107,108,110,111,113,114,115,116,117,118,119,120,121,122,123,124,125,126,127,128,130,131,132,133,134,135,136,137,138,139,140,141,142,143,144,145,146,147,149,151,152,153,154,155,157,158,162,165,166,168,171,173,174,175,177,179,180,181,186,187,188,189,190,191,193,195,196,197,198,199,200,201,202,203,204,205,206,207,208,210,211,214,215,216,218,220,221,222,223,224,225,226,230,231,233,236,237,239,240,242,243,244,246,247,250,251,257,258,259,260,264,265,266,267,268,270,271,273,279,281,282,283,284,288,291,293,297,301,304,305,313,316,329,331,332,339,341,343,350,353,361,365,452,489,633,637,641
12,51,74,77,78,80,81,82,83,84,86,89,91,92,93,94,95,99,101,102,104,105,106,107,108,109,110,111,112,113,114,115,116,117,118,119,120,121,122,123,125,126,127,128,129,130,131,132,133,134,135,136,137,138,139,140,141,142,144,145,146,147,148,149,150,151,152,154,155,156,157,158,159,160,161,162,163,164,165,166,167,168,169,170,171,173,178,180,181,182,183,184,185,186,188,189,190,191,192,193,194,195,196,198,199,200,201,202,203,205,206,207,208,209,210,212,214,215,217,220,221,223,224,225,226,227,228,229,231,232,233,234,236,237,239,240,241,242,243,244,247,248,249,250,251,252,255,256,257,258,262,263,264,267,268,269,270,272,275,276,277,278,280,281,282,284,287,288,293,297,308,313,315,316,326,328,352,353,355,365,403,445,479
13,72,75,77,78,79,81,84,85,87,88,89,90,91,92,93,95,96,97,98,99,100,101,103,105,106,107,108,109,110,112,115,116,117,118,120,121,122,123,124,125,126,129,130,131,132,134,135,137,138,139,140,141,146,147,148,149,150,151,153,154,155,156,159,162,163,165,167,168,169,170,171,172,174,175,177,178,179,180,181,182,183,184,185,186,187,188,189,190,193,194,195,196,197,198,199,200,201,202,204,205,206,207,208,209,210,211,212,213,214,215,217,218,219,220,221,222,224,225,226,227,228,229,230,231,232,233,234,235,236,237,238,239,240,241,242,244,245,246,247,248,249,250,251,252,253,254,255,256,257,258,259,260,261,262,263,264,265,266,267,268,269,271,272,273,274,275,276,279,281,282,283,284,285,286,288,289,290,291,292,293,294,297,298,299,300,301,303,304,305,306,307,308,309,312,313,314,316,318,319,322,323,324,325,326,329,330,332,333,336,337,338,339,340,343,346,354,356,358,359,371,384,406,413,489,567,619,627,642
14,72,73,74,75,76,77,78,79,80,81,83,86,87,88,89,90,92,93,94,95,96,97,98,99,100,101,102,103,104,106,107,108,110,111,112,113,115,116,117,118,121,122,123,125,126,127,129,130,131,132,133,136,138,139,140,142,144,145,149,155,158,161,162,164,165,166,167,168,169,170,173,176,178,179,183,185,191,192,193,194,195,197,198,199,200,201,203,206,207,211,212,213,215,216,217,218,220,224,225,226,229,231,232,233,235,236,237,242,243,244,245,246,249,251,252,253,256,258,259,261,262,263,264,265,266,267,268,269,270,271,272,274,276,277,278,279,284,285,286,287,290,293,296,298,300,301,303,305,308,310,312,313,314,315,316,317,318,319,321,322,323,324,328,329,331,332,334,335,336,337,338,339,341,342,343,344,346,347,348,349,350,352,353,354,355,357,360,361,362,363,364,366,367,368,369,370,371,373,374,375,376,378,379,381,382,384,386,387,395,404,407,412,413,417,432,438,444,464,483,609
15,47,71,73,75,76,78,79,81,82,83,84,85,88,89,90,91,92,93,94,95,96,97,98,99,100,101,102,103,104,105,106,109,110,111,112,113,114,117,118,122,123,124,126,128,130,131,133,135,136,138,139,140,141,142,144,145,147,148,149,150,151,153,155,158,159,162,163,165,168,169,170,172,173,177,178,180,182,183,184,185,188,191,196,197,199,201,203,204,206,207,210,211,213,214,218,219,221,224,226,228,230,231,233,236,238,239,240,241,243,244,245,247,248,249,250,251,255,256,258,260,261,266,274,275,276,277,279,280,281,282,285,286,287,288,292,296,297,299,300,302,305,306,309,310,312,313,316,318,319,323,326,327,328,330,331,336,337,338,340,341,342,343,345,346,347,348,349,350,352,353,354,355,357,358,359,360,361,362,363,366,368,371,372,373,374,375,376,377,378,379,382,383,384,385,387,388,389,390,393,394,395,396,397,398,400,402,408,409,410,415,417,418,420,422,425,427,429,433,441
16,66,68,73,74,75,76,77,78,79,81,82,85,87,88,90,91,92,93,94,95,96,97,98,99,101,102,104,105,106,107,110,112,113,114,115,116,117,119,120,121,124,125,126,127,128,129,130,131,132,134,137,139,141,142,146,149,150,151,152,154,155,156,157,159,162,163,166,167,168,169,170,172,174,175,177,180,182,183,184,185,186,187,188,189,191,193,194,195,196,197,198,203,205,206,208,210,211,213,219,222,226,229,230,235,237,238,241,247,248,250,251,252,254,256,257,258,262,263,264,266,267,268,269,270,271,280,281,282,283,285,287,289,290,293,295,297,299,300,301,303,304,305,306,310,311,313,316,317,318,319,324,325,326,327,328,333,338,339,340,341,343,344,346,348,349,350,354,355,356,357,358,359,360,361,362,363,364,366,367,368,369,370,372,373,374,375,376,377,381,388,389,390,391,392,393,395,396,397,400,402,406,408,416,417,419,420,422,427,428,431,437,438,440,442,445,447,453,461,462,464,465,477,491,507
17,28,65,68,69,70,72,73,74,76,77,80,81,83,84,85,86,87,89,92,93,95,96,98,100,102,103,104,105,106,107,108,110,111,112,113,115,117,118,120,121,124,125,127,130,131,132,133,134,135,136,139,140,142,143,144,146,147,148,152,153,154,155,157,159,164,165,166,167,168,169,170,172,176,181,187,188,189,196,197,198,199,201,202,206,207,213,218,220,221,222,223,224,225,227,231,232,233,234,235,239,242,246,247,249,250,252,253,256,257,258,259,260,261,267,268,281,291,294,296,298,301,303,308,311,312,313,316,317,322,323,330,331,332,335,336,337,338,339,341,346,347,348,349,351,352,353,355,357,358,361,362,364,366,367,368,369,370,371,373,375,376,378,379,381,382,384,386,388,389,390,392,394,395,398,399,400,401,405,406,411,412,414,415,417,421,422,430,434,441,445,452,454,455,457,460,464,476,479,486,488,490,497,507,522,562,563,578
18,63,65,69,70,71,72,73,74,75,76,78,79,80,81,82,83,86,88,89,90,91,92,93,94,95,96,97,98,99,102,103,104,105,106,108,109,112,114,115,116,117,119,121,122,123,126,127,128,130,135,145,146,147,149,150,151,152,153,155,156,158,160,161,164,165,168,169,170,182,184,186,188,193,194,196,198,199,202,203,204,207,209,211,212,217,224,225,227,229,230,231,232,233,234,235,239,240,241,244,245,246,248,249,250,252,254,258,259,261,262,265,268,272,276,279,284,289,290,291,296,297,303,306,307,308,312,314,315,319,320,322,324,325,329,331,332,333,334,336,338,339,341,342,344,348,350,352,354,356,358,359,360,361,362,363,365,366,367,368,370,371,373,374,375,379,381,388,389,390,393,396,397,399,401,404,405,406,407,408,409,412,413,421,429,430,432,435,444,462,466,468,482,489,522
19,63,69,70,73,74,75,76,77,78,79,81,82,83,85,86,87,88,89,90,91,92,94,95,97,98,99,100,103,105,106,107,108,111,113,114,116,117,119,120,121,122,127,129,132,135,136,138,139,140,141,142,143,144,145,146,147,150,153,155,157,158,159,160,161,162,166,167,168,171,172,173,174,179,187,189,191,194,195,196,197,199,202,204,205,206,210,211,213,214,218,221,223,225,228,229,230,234,237,239,241,243,244,245,246,248,249,252,253,256,259,261,270,274,276,279,286,287,296,306,308,309,316,317,319,322,323,324,328,329,330,331,334,336,339,343,345,348,350,351,355,356,358,360,361,362,364,374,375,377,379,383,384,387,390,399,403,404,412,415,417,419,420,424,425,426,445,451,458,464,473,479,507
20,41,67,68,70,71,72,73,74,76,77,79,80,81,82,83,85,86,88,89,90,92,93,95,96,97,100,105,110,112,116,119,122,123,124,125,127,129,133,135,136,138,140,142,143,145,147,149,151,152,157,160,161,165,166,168,169,170,173,176,177,179,193,194,198,199,200,203,206,209,213,215,216,220,224,233,241,245,249,250,254,257,260,261,268,269,275,280,283,287,296,300,304,305,310,311,315,316,317,318,320,321,322,324,326,328,330,333,334,335,339,341,343,344,349,350,353,354,356,359,361,363,364,366,375,379,381,389,396,400,403,406,408,413,415,419,422,425,439,445,447,449,450,451,467,489,496,517,555
21,20,62,65,66,67,68,69,70,73,74,75,77,78,79,80,82,83,85,87,88,89,91,93,98,99,100,101,102,103,104,107,108,109,114,115,116,118,119,120,123,125,126,128,129,131,132,134,136,140,144,147,148,150,152,153,154,159,161,162,163,165,166,170,171,174,177,178,179,181,183,184,187,190,193,202,205,206,209,210,212,213,214,218,219,224,225,228,232,234,239,241,243,248,251,256,258,259,265,267,268,270,273,278,281,284,286,289,302,304,307,308,309,310,312,313,314,317,320,321,322,323,325,326,328,329,330,338,340,341,349,352,355,357,361,365,366,367,368,373,379,382,389,391,394,404,405,406,412,414,421,424,426,435,436,443,451,463,470,475,476,481,487,491,509,523,559,668
22,66,68,69,70,71,73,74,75,76,77,78,79,80,82,83,84,85,86,87,89,90,93,95,97,98,99,100,102,104,105,107,108,110,112,113,116,117,118,119,120,121,124,129,133,134,138,140,143,146,148,150,151,152,153,154,156,158,161,164,167,170,171,172,173,174,176,181,182,183,184,185,186,188,191,193,200,201,203,213,215,217,223,230,235,239,241,246,249,253,255,256,268,269,275,276,280,283,287,289,295,297,300,301,306,307,308,311,313,315,318,322,323,324,327,329,333,335,337,338,347,348,349,353,354,359,361,362,366,368,370,371,375,376,377,378,379,381,382,394,397,407,408,411,418,419,420,424,426,430,432,441,451,452,453,459,464,466,467,486,495,519,524,618,625
23,61,64,66,67,68,69,70,71,72,73,74,76,77,78,79,81,82,86,87,90,91,92,96,97,98,99,100,101,103,104,106,109,114,118,119,120,121,122,124,125,126,128,132,133,142,144,146,147,148,151,152,154,156,158,163,164,165,168,171,173,182,192,194,195,197,199,200,201,202,204,207,217,218,219,221,230,231,233,234,237,238,240,242,243,244,247,249,250,251,253,254,257,265,267,269,270,272,274,277,280,281,283,285,290,291,294,300,302,306,309,313,322,323,327,328,329,332,333,336,344,346,351,352,355,357,360,365,366,368,369,372,375,376,378,379,387,389,392,393,396,401,402,411,417,430,441,461,463,468,475,495,502,506,654,696
24,3,4,35,66,67,68,69,71,73,74,77,80,81,83,85,86,87,88,91,95,97,101,102,105,106,109,110,111,112,113,114,115,116,117,118,119,124,125,126,127,128,129,131,132,133,136,137,144,147,150,152,156,157,159,160,162,163,164,165,166,169,176,181,186,188,189,195,197,198,203,207,209,212,216,218,219,220,222,224,225,231,234,236,237,238,240,243,246,251,254,263,265,267,268,281,283,289,298,299,300,307,311,315,325,328,330,333,334,335,336,338,339,345,350,351,352,357,359,360,361,365,366,367,368,373,376,377,381,382,384,385,390,391,394,396,402,404,408,411,412,417,419,425,433,435,440,470,478,500,512,517,521
25,61,63,64,65,66,67,68,69,70,71,74,75,76,77,78,79,80,81,83,86,87,88,89,90,91,93,95,98,99,100,101,104,105,106,107,108,111,112,113,114,116,117,118,120,121,124,127,128,131,135,136,137,138,139,140,142,143,145,150,151,155,160,164,167,170,174,185,187,190,192,195,199,200,201,203,208,209,212,216,220,222,223,230,231,233,234,235,241,246,250,255,256,259,264,271,283,284,286,289,293,295,296,300,305,309,311,315,317,320,322,325,328,329,331,337,341,342,343,352,353,357,358,360,364,367,370,371,372,375,378,379,381,382,385,386,398,399,414,417,437,438,490,545,690
26,62,64,65,67,69,70,71,73,74,75,77,78,79,80,81,82,85,87,88,89,92,93,97,98,99,102,103,104,105,107,109,110,111,112,113,115,117,120,121,124,127,128,129,130,133,134,137,138,139,140,141,142,143,146,148,152,154,159,162,163,166,174,176,179,180,181,184,186,187,188,189,191,192,193,198,202,204,207,210,215,219,225,227,231,235,244,253,260,262,265,275,276,289,290,293,296,308,313,314,329,330,331,333,341,342,346,351,352,360,364,367,369,373,377,383,386,389,392,393,400,404,406,407,410,417,436,442,449,457,458,460,484,535,561,565,695
27,60,63,64,65,66,67,68,69,70,72,73,74,75,77,78,79,84,85,86,87,88,89,90,91,92,93,94,95,97,98,99,101,102,103,105,106,108,111,112,113,114,115,116,118,119,120,121,122,123,129,134,135,138,139,144,145,147,148,149,153,158,163,165,167,171,174,177,179,180,182,186,187,189,190,195,196,197,198,216,225,227,231,232,233,234,235,238,244,247,248,249,252,255,256,262,265,272,278,283,284,286,287,288,289,292,293,297,301,302,303,308,310,315,319,320,321,323,329,331,337,344,346,349,353,355,357,358,369,371,375,379,380,382,394,397,401,403,425,441,447,456,483,492,561
28,14,58,59,60,61,62,63,64,65,66,67,70,71,72,73,74,76,77,80,83,84,85,86,89,91,93,94,95,97,98,99,101,103,104,105,106,108,109,110,111,113,116,118,120,121,122,123,124,125,130,135,138,142,143,144,147,148,153,154,158,159,160,163,166,167,169,172,174,179,180,182,185,187,188,189,192,195,199,206,207,212,213,216,221,223,224,225,228,229,230,231,233,242,247,248,249,258,264,265,268,270,271,280,284,289,295,297,299,300,302,303,321,325,333,339,341,343,344,347,349,352,353,372,373,375,382,384,398,405,427,433,435,438,440,442,450,455,465,520,561
29,57,58,59,60,61,62,64,66,67,68,69,70,72,75,76,77,78,79,83,84,85,88,90,91,93,94,96,97,98,101,104,105,108,109,110,111,112,117,119,120,122,123,124,126,127,128,130,131,136,137,144,146,148,150,152,154,155,156,159,161,162,166,168,172,179,180,181,183,190,196,198,200,202,203,209,212,215,222,227,228,231,233,234,237,241,243,263,264,273,275,285,289,294,295,296,298,300,301,308,311,312,314,315,317,319,328,335,336,343,345,346,347,349,354,359,365,366,376,381,382,384,389,394,404,413,415,421,430,447,449,455,474,491,495
30,16,55,56,58,59,61,62,63,64,65,66,67,68,69,70,71,72,74,75,76,77,78,79,80,82,85,86,88,90,91,92,93,94,97,99,100,102,103,104,106,107,109,111,114,115,116,117,119,121,126,129,139,140,141,145,146,148,149,155,156,160,161,169,170,172,174,176,177,181,185,187,188,190,192,194,196,201,204,213,214,217,218,219,222,226,230,232,233,234,236,238,241,248,249,252,253,260,261,262,263,267,271,272,278,281,282,287,289,292,294,296,304,307,309,311,313,318,322,325,326,327,341,352,355,357,360,362,364,368,369,373,374,375,390,411,415,416,465,490,526
31,51,52,53,54,55,56,57,58,59,60,62,63,65,66,67,68,69,70,71,72,73,74,75,77,78,79,81,84,85,86,87,89,90,91,92,93,94,95,97,98,103,104,106,107,108,109,110,115,116,121,124,126,127,128,130,133,134,135,137,142,143,144,147,148,152,154,155,162,163,165,167,173,176,179,181,182,194,196,200,204,206,207,211,212,216,218,219,221,222,228,229,230,231,232,233,234,235,237,239,240,247,258,259,267,272,274,276,277,279,281,298,303,309,319,351,362,373,376,377,386,389,393,394,402,425,430,431,433,455,555,587,623,697
32,49,53,56,57,59,60,61,62,63,64,65,66,67,68,69,71,72,73,74,77,78,79,80,81,82,85,86,87,88,93,94,102,105,106,107,110,111,112,114,115,116,122,124,129,130,133,134,135,137,140,143,148,150,152,153,155,156,159,161,166,175,176,177,178,179,181,182,190,192,194,195,196,205,208,210,213,214,215,216,217,218,219,226,227,229,232,233,234,235,236,238,242,247,248,252,256,263,271,277,282,284,285,286,292,293,301,303,309,330,362,369,377,379,380,383,393,394,405,409,414,436,442,447,450,463,473,540,542,677
33,51,54,55,56,57,58,59,60,61,62,63,64,67,68,69,70,71,74,75,79,81,82,83,84,85,86,88,89,90,91,92,93,95,96,97,98,102,104,105,108,111,114,115,118,119,120,121,125,126,131,133,134,135,136,140,142,143,148,153,154,157,160,161,162,164,168,169,172,175,177,180,184,187,194,208,209,210,218,224,226,232,234,235,238,241,253,257,258,265,266,288,289,290,292,296,299,305,311,315,317,323,327,330,353,378,395,418,420,426,442,448,453,466,549
34,46,49,52,53,54,55,57,58,59,60,61,62,63,64,65,67,73,74,75,77,78,79,82,85,88,89,90,93,94,95,97,101,102,103,104,105,106,108,109,114,115,116,118,119,120,126,133,141,144,146,148,150,151,155,156,157,158,160,163,169,173,177,191,195,197,199,205,206,207,211,212,214,215,216,217,218,219,222,224,226,227,228,229,230,236,239,240,243,256,259,263,264,265,268,271,277,284,285,294,295,307,309,312,317,319,324,353,358,383,432,497,524,528,565,604,607,619
35,41,42,44,46,49,50,51,53,54,56,58,62,64,65,66,67,68,69,72,73,75,85,86,87,89,96,98,100,101,102,104,106,107,117,120,122,124,125,126,128,129,131,135,136,141,143,144,145,148,150,151,158,162,165,166,168,171,173,175,176,178,180,182,183,185,186,187,190,191,196,201,202,204,206,207,208,211,213,217,218,220,222,227,229,230,231,233,235,238,240,242,244,245,246,252,253,254,255,263,272,279,282,284,285,291,294,300,301,304,305,318,326,329,330,556
36,46,48,50,51,52,54,55,56,57,58,59,60,61,62,63,64,66,68,69,70,71,72,73,74,77,80,82,83,85,89,90,91,94,95,102,103,106,107,110,113,115,119,120,129,130,134,139,140,141,142,143,144,145,146,147,148,149,150,151,152,153,154,155,156,157,160,162,164,166,169,172,173,174,176,178,180,183,185,186,188,193,194,196,197,198,199,200,202,206,207,208,209,210,212,213,214,215,216,223,224,227,237,241,243,250,252,258,268,270,283,287,295,297,301,329,352,470,518,541,564
37,44,45,46,48,49,50,51,52,53,54,55,57,58,59,61,63,64,65,66,68,69,70,75,76,78,79,81,83,84,85,89,90,91,92,93,95,97,99,100,102,104,105,106,108,109,110,114,117,121,122,124,125,126,127,128,130,133,134,139,141,143,144,148,150,152,153,154,155,156,159,160,162,163,165,167,171,173,174,176,179,180,183,184,196,202,206,209,217,218,221,222,223,225,226,227,231,233,235,238,239,242,243,248,249,260,261,263,270,274,277,285,286,287,289,299,300,302,303,308,429,444,451,460,466,478,520,532,554,626,656
38,44,45,46,47,48,49,50,51,52,54,55,56,58,59,60,61,62,64,66,67,68,69,71,72,73,74,75,77,79,80,81,83,85,86,91,92,93,100,101,102,108,112,126,129,131,138,140,144,145,146,147,151,164,166,173,174,176,177,178,182,187,188,189,193,195,197,200,201,203,204,205,206,207,208,211,213,215,216,217,218,220,221,222,224,225,227,233,234,244,245,252,253,256,259,262,264,270,316,320,424,456,615
39,49,51,52,53,54,55,56,57,58,59,60,61,63,64,65,68,69,70,71,74,76,78,79,82,83,84,85,87,89,90,97,98,99,102,103,104,105,107,109,110,114,115,116,117,118,119,120,121,122,123,125,126,131,133,134,135,136,137,139,140,141,142,145,146,148,149,150,151,152,153,154,158,163,164,165,167,168,169,171,172,174,176,177,178,179,184,191,192,194,195,196,198,200,201,207,208,209,217,222,223,233,240,245,248,251,254,260,264,389,417,426,444,454,491,503,516
40,44,45,46,48,49,51,52,53,54,55,56,57,58,59,60,62,63,64,66,68,69,70,71,72,73,74,75,76,77,78,79,80,81,86,87,89,90,91,92,93,95,96,97,98,100,102,103,106,107,112,113,117,121,122,125,126,129,130,133,134,135,136,138,139,142,143,144,145,146,152,154,156,159,161,166,167,170,171,178,185,189,190,194,197,198,200,201,207,209,210,211,215,219,221,224,227,229,231,234,236,247,249,260,300,303,573
41,39,42,43,45,48,50,52,53,54,55,56,57,58,59,61,62,63,64,65,66,68,69,70,71,74,75,76,77,79,81,83,85,86,88,89,90,91,93,94,96,97,99,100,101,102,103,106,107,109,111,113,114,115,116,118,119,123,126,128,129,131,132,133,134,136,137,141,143,144,145,146,148,149,150,151,152,153,154,155,156,157,158,159,160,161,162,164,166,167,168,169,170,171,172,173,174,175,180,181,182,183,184,185,186,187,188,190,193,194,196,199,202,203,204,205,206,208,209,210,212,214,215,218,224,226,229,241,244,247,250,254,255,259,269,271,278,279,285,320,332,538
42,44,45,47,49,51,52,54,55,56,57,58,59,60,61,62,63,64,65,66,68,70,71,72,73,74,76,79,82,83,84,90,91,92,95,99,101,103,104,105,106,110,112,113,115,117,118,120,124,125,128,131,133,135,136,139,140,141,142,143,145,146,147,151,153,154,155,157,158,160,161,163,164,166,167,170,171,173,174,175,181,182,184,185,187,188,189,193,196,200,201,202,205,206,207,214,223,226,234,240,261,274,282,298,327,424,427,568
43,41,45,46,47,48,50,51,52,53,54,55,56,58,59,62,63,64,67,68,70,71,72,73,76,78,79,80,81,82,84,85,86,87,88,89,90,91,92,93,95,96,98,101,102,103,104,105,106,107,113,114,115,118,120,123,126,127,128,129,133,134,138,139,142,143,145,148,151,152,153,154,155,156,159,160,163,169,172,177,178,182,183,184,185,186,188,189,191,194,195,196,198,199,200,201,204,205,207,210,211,212,214,215,217,219,220,221,222,224,234,243,249,251,253,267,275,277,279,287,288,296,305,310,312,317,371,626,640,698
44,41,46,47,49,51,53,55,57,58,59,60,61,62,63,64,65,66,68,69,70,71,72,73,74,75,76,78,79,81,82,83,84,85,86,87,88,89,92,94,96,101,103,106,111,119,120,122,127,130,131,136,139,140,142,143,144,145,147,150,153,154,156,158,160,163,164,165,166,169,172,174,176,178,181,186,187,190,195,197,200,205,207,209,218,220,225,226,232,234,241,250,258,266,280,310,559,595
45,45,46,47,49,50,51,52,54,55,56,57,58,60,61,62,63,65,66,67,70,71,73,75,76,77,78,79,80,82,83,86,87,88,89,90,91,93,94,95,96,97,98,99,102,106,108,109,110,111,112,113,114,115,117,118,119,120,123,125,127,128,131,137,138,140,143,146,147,148,149,150,151,152,158,162,163,172,177,185,188,189,190,191,195,196,205,217,219,232,234,236,239,243,249,264,276,291,317,318,454,515
46,30,41,43,46,51,52,53,57,59,60,64,65,68,69,70,71,72,73,74,75,77,78,80,81,83,84,85,87,88,91,92,93,94,95,96,99,102,106,107,110,111,113,115,118,119,121,124,129,133,135,136,137,138,141,147,148,150,151,152,156,160,161,165,167,168,171,172,174,176,182,185,186,188,192,193,198,203,204,207,210,211,216,217,220,226,233,245,246,249,257,276,304,334,345,441,508,568,640,652
47,49,56,57,59,61,62,63,64,65,66,67,68,69,71,73,74,75,76,78,80,81,82,83,85,86,88,91,92,94,96,97,99,101,104,109,111,112,118,122,123,125,129,130,133,136,137,138,139,140,142,146,147,151,153,154,159,161,164,168,169,170,173,175,177,182,184,185,190,195,197,202,203,204,206,211,215,220,221,274
48,52,54,56,58,59,61,62,64,66,67,68,73,74,75,76,77,80,83,84,85,87,88,89,91,93,97,98,99,100,101,102,103,104,105,108,109,112,113,114,115,116,117,120,121,122,124,126,127,129,130,131,132,136,139,141,142,143,147,148,152,154,158,170,175,186,193,202,218,225,234,243,246,263,282,283,331,357,481,516,635,639
49,2,13,24,25,35,53,55,56,57,64,65,67,68,70,71,72,75,77,80,86,89,93,94,96,98,100,102,103,104,105,106,107,108,109,110,111,112,113,114,115,116,117,118,119,121,122,123,124,125,126,128,133,140,142,156,163,170,172,176,179,180,184,192,196,197,204,206,207,210,214,219,226,233,236,240,241,258,267,319,456
50,34,36,39,40,43,44,45,51,52,59,62,63,64,65,66,68,69,70,71,72,73,74,77,79,80,81,82,83,84,85,87,88,92,101,119,127,129,130,131,132,137,138,139,141,145,146,147,148,151,152,153,154,157,160,166,170,171,175,176,180,181,183,187,189,190,197,198,199,203,205,211,217,223,241,256,261,369,490,555
51,47,48,49,50,51,53,54,57,61,63,64,65,66,67,68,72,73,74,75,76,77,78,79,80,81,82,84,85,86,87,89,90,91,92,94,95,98,99,100,101,102,103,104,105,106,107,108,109,111,112,113,115,116,117,118,120,121,122,125,126,128,130,134,135,136,139,143,144,146,147,154,156,159,164,165,167,168,171,172,182,216,358
52,3,34,39,42,43,44,45,46,47,48,56,57,61,68,70,75,83,84,86,87,88,89,94,95,99,100,101,102,103,104,105,107,108,109,110,112,113,115,118,124,126,127,130,132,136,141,144,177,178,180,181,185,186,187,188,193,194,195,203,204,207,211,218,219,222,238,246,250,251,252,264,266,271,290,292,569
53,71,79,81,83,91,133,148,150,157,169,173,192,210,227,296,484
54,118,288,428,642
55,232,351,391,541
56,598
57,287,289,324,347,432,445
58,352
59,3,18,36,306,441,458,464,606
60,62,128,273,349,509,517
61,169,276,383
62,401,485,608
63,179,226,360
64,103,132,378
65,119,529,681
66,125,352,390,442,508
67,443,457,500,544,623
68,261,562,582
69,350,442,535
70,680
71,
72,
73,
74,
75,
76,
77,
78,
79,
80,
81,
82,
83,
84,
85,
86,
87,
88,
89,
90,
91,
92,
93,
94,
95,
96,
97,
98,
