19
0,462
1,71,73,75,76,77,80,81,91,626
2,67,71,72,73,74,75,76,77,78,79,80,81,82,83,84,85,86,87,113,143,297,354,582,681,688
3,2,45,47,56,58,60,64,65,66,67,68,69,70,71,72,73,74,75,76,77,78,79,80,81,82,83,84,85,86,87,88,89,90,92,93,94,95,96,100,111,112,116,140,156
4,6,9,14,58,59,63,64,65,66,67,68,69,70,71,72,73,74,75,76,77,78,79,80,81,82,83,84,85,86,87,88,89,90,91,92,93,94,95,96,97,98,99,100,101,102,103,104,105,106,107,108,109,110,111,112,113,114,115,116,117,118,119,120,122,124,126,127,128,132,135,136,137,142,144,147,150,151,157,168,206,301,503,611,689
5,58,63,64,65,66,68,70,71,73,74,76,77,78,79,80,81,82,83,84,85,86,87,88,89,90,91,92,93,94,95,96,97,98,99,100,101,102,103,104,105,106,107,108,109,110,111,112,113,114,115,116,117,118,119,120,121,122,123,124,125,126,127,128,129,130,131,132,133,134,135,136,137,138,139,140,141,142,143,144,145,146,147,148,149,150,151,152,153,154,155,156,157,158,159,160,161,162,163,164,165,166,167,168,169,170,172,173,174,175,176,177,179,180,182,183,184,185,186,187,188,189,192,193,194,195,196,198,199,201,204,205,206,207,208,209,210,215,216,219,222,224,228,229,232,233,235,241,244,248,260,267,268,307,554,567
6,44,62,63,65,69,74,77,78,79,80,81,82,83,84,85,86,87,88,89,90,91,92,93,94,95,96,97,98,99,100,101,102,103,104,105,106,107,108,109,110,111,112,113,114,115,116,117,118,119,120,121,122,123,124,125,126,127,128,129,130,131,132,133,134,135,136,137,138,139,140,141,142,143,144,145,146,147,148,149,150,151,152,153,154,155,156,157,158,159,160,161,162,163,164,165,166,167,168,169,170,171,172,173,174,175,176,177,178,179,180,181,182,183,184,185,186,187,188,189,190,191,192,193,194,195,196,197,198,199,200,201,202,203,204,205,206,207,208,209,210,211,212,213,214,215,216,217,218,219,220,221,222,223,224,225,226,227,228,229,230,231,232,233,234,235,236,237,238,239,240,241,242,243,244,245,246,247,248,249,250,251,252,253,254,255,256,257,258,259,260,261,262,263,264,265,266,267,271,273,274,275,276,277,279,280,282,284,285,287,288,289,290,295,297,300,303,304,307,310,312,314,317,319,322,323,325,327,330,338,340,359,362,370,373,383,387,388,389,399,407,600,664
7,44,48,49,50,52,55,58,59,61,62,63,64,65,66,67,68,69,70,71,72,73,74,75,76,77,78,79,80,81,82,83,84,85,86,87,88,89,90,91,92,93,94,95,96,97,98,99,100,101,102,103,104,105,106,107,108,109,110,111,112,113,114,115,116,117,118,119,120,121,122,123,124,125,126,127,128,129,130,131,132,133,134,135,136,137,138,139,140,141,142,143,144,145,146,147,148,149,150,151,152,153,154,155,156,157,158,159,160,161,162,163,164,165,166,167,168,169,170,171,172,173,174,175,176,177,178,179,180,181,182,183,184,185,186,188,189,190,191,192,193,194,195,196,197,198,199,200,201,202,203,204,205,206,207,208,209,210,211,212,213,214,215,216,217,218,219,220,221,222,223,224,225,226,227,228,229,230,231,232,233,234,235,236,237,238,239,240,241,242,243,244,245,246,247,248,249,250,251,252,253,254,255,256,257,258,259,260,261,262,263,264,265,266,267,268,269,270,271,272,273,274,275,276,278,279,280,281,282,283,286,288,289,290,291,292,293,294,295,296,297,298,299,300,301,303,304,305,308,309,312,313,315,317,318,319,320,322,324,325,326,328,329,332,336,337,341,342,350,354,357,358,359,361,365,367,371,374,384,386,389,390,392,398,406,432,487,490,619,681
8,54,57,60,61,62,63,64,66,67,68,69,70,71,72,73,74,75,76,77,78,79,80,81,82,83,84,85,86,87,88,89,90,91,92,93,94,95,96,97,98,99,100,101,102,103,104,105,106,107,108,109,110,111,112,113,114,115,116,117,118,119,120,121,122,123,124,125,126,127,128,129,130,131,132,133,134,135,136,137,138,139,140,141,142,144,145,146,147,148,149,150,151,152,153,154,155,156,157,158,159,160,161,162,163,164,165,166,167,168,169,170,171,172,173,174,175,176,177,178,179,180,181,182,183,184,185,186,187,188,189,190,191,192,193,194,195,196,197,198,199,200,201,202,203,204,205,206,207,208,209,210,211,212,213,214,215,216,217,218,219,220,221,222,223,224,225,226,227,228,229,230,231,233,234,235,237,238,239,240,241,242,243,244,245,246,247,248,249,250,251,252,253,254,255,256,257,258,259,260,261,262,264,265,266,267,268,269,270,271,273,274,275,276,277,278,279,280,281,282,283,284,285,286,287,288,289,290,291,292,293,294,295,296,297,298,299,300,303,304,305,306,308,310,311,312,314,315,316,317,318,319,320,321,322,323,325,326,327,328,331,334,338,342,343,344,345,346,348,355,356,357,361,366,367,371,377,380,388,389,391,392,393,398,424,438,477,488,552
9,6,47,60,63,64,65,66,67,68,69,70,71,72,73,74,75,76,77,78,79,80,81,82,83,84,85,86,87,88,89,90,91,92,93,94,95,96,97,98,99,100,101,102,103,104,105,106,107,108,109,110,111,112,113,114,115,116,117,118,119,120,121,122,123,124,125,126,127,128,129,130,132,133,134,135,136,137,138,139,140,141,142,143,144,145,146,147,148,149,150,151,152,153,154,155,156,157,158,159,160,162,163,164,165,166,167,170,171,172,173,174,175,176,177,178,179,180,181,182,183,184,185,186,187,188,189,190,191,192,193,194,195,196,197,198,199,200,201,202,203,204,205,206,207,209,210,211,212,213,214,215,216,217,218,219,221,222,223,224,225,226,227,228,229,230,231,232,233,234,235,236,237,238,239,240,241,242,244,246,247,249,250,251,252,253,254,255,256,257,258,259,260,261,262,263,264,265,266,268,269,270,271,273,274,275,277,278,279,280,281,282,283,284,285,286,287,288,289,290,292,293,294,295,297,298,299,300,303,304,305,307,308,311,312,313,314,315,316,317,318,319,320,321,322,324,325,327,328,329,330,331,332,334,336,339,340,341,343,345,346,349,350,351,352,356,362,364,367,380,382,414,432,440,445
10,61,62,63,64,65,67,68,69,70,71,72,73,74,75,76,77,78,79,80,81,82,83,84,85,86,87,88,90,91,92,93,94,95,96,97,98,99,100,101,102,103,104,105,106,107,108,109,110,111,112,115,116,117,118,119,120,121,122,123,124,125,126,127,128,129,130,131,132,133,134,135,136,137,138,139,140,141,142,143,144,145,146,147,148,149,150,151,152,153,154,155,156,157,158,161,162,163,164,165,167,168,169,171,172,173,174,176,177,178,179,180,181,182,183,184,185,186,187,188,189,190,191,192,193,194,195,196,197,198,199,200,201,202,205,206,207,208,209,210,211,212,213,214,215,216,217,218,219,220,221,222,223,224,225,226,227,228,229,230,231,232,233,234,235,236,237,238,239,240,241,242,244,245,246,247,248,249,250,251,252,253,254,256,257,258,259,260,261,264,265,267,269,270,271,272,274,276,278,279,281,282,283,284,285,288,289,291,293,294,295,298,299,300,302,303,304,306,308,309,310,311,312,313,314,316,318,322,323,325,326,329,330,331,333,342,348,350,355,360,362,363,367,369,370,376,377,379,391,409,417,429,529
11,2,3,15,16,27,58,59,62,63,67,70,71,72,73,74,75,76,77,78,79,80,81,82,83,84,85,86,87,88,89,90,91,92,93,94,95,96,97,98,99,100,101,102,103,104,105,106,107,109,110,111,112,113,114,115,116,117,118,119,120,121,122,123,124,125,126,127,128,129,130,131,132,133,134,135,136,137,138,139,140,141,142,143,144,145,146,147,148,149,151,153,154,155,158,159,161,162,163,164,165,166,167,168,169,170,171,172,173,174,175,176,177,178,179,180,181,182,183,184,185,186,187,189,191,192,193,194,196,197,198,199,200,201,202,205,206,207,208,209,211,213,214,215,217,218,220,221,222,223,224,225,226,227,228,229,230,231,232,234,235,236,237,238,239,240,241,243,244,245,248,249,250,252,255,257,258,259,260,261,262,263,264,265,266,268,269,270,272,273,274,275,276,278,280,282,283,284,285,286,288,289,291,292,293,295,297,298,299,301,302,303,305,306,308,309,310,312,313,314,316,318,319,320,321,322,323,325,328,329,332,334,335,336,337,340,341,342,354,356,366,369,376,377,380,384,388,393,399,411,419,424,427,428,432,438,448
12,1,5,6,7,11,12,14,15,16,19,21,63,64,67,68,70,71,72,73,74,75,76,77,78,79,80,81,82,83,84,85,86,87,88,89,91,92,93,94,95,96,98,99,101,102,103,104,105,106,107,108,109,110,113,114,115,116,117,118,119,120,121,122,123,125,126,127,128,129,130,131,132,133,134,135,136,137,139,140,142,143,144,145,146,147,148,149,150,151,152,153,154,155,157,159,160,162,163,164,165,166,167,168,169,170,172,173,175,176,177,178,179,180,181,182,183,184,185,186,187,188,189,190,191,192,193,194,195,196,198,200,202,203,204,205,206,207,208,209,211,213,214,216,217,218,219,220,222,223,224,225,227,228,229,230,231,232,233,234,235,237,238,240,241,243,244,245,246,248,249,250,251,255,256,257,261,262,265,266,267,268,269,270,271,272,273,274,276,277,278,280,281,282,284,287,288,289,290,291,292,294,295,296,297,298,300,302,303,304,306,307,310,312,313,314,315,316,317,318,319,320,321,323,324,325,326,327,329,330,332,333,337,340,341,343,344,345,346,351,353,355,356,357,362,363,369,370,371,380,381,382,385,400,414,418,435,461,470,473,506
13,2,3,4,5,6,7,8,9,10,11,12,15,16,17,21,22,23,26,27,28,30,45,50,52,56,66,68,70,71,72,73,76,77,78,79,80,81,83,84,85,86,87,88,89,90,91,92,94,95,96,98,100,101,102,103,104,105,106,107,108,109,110,111,112,113,114,115,116,117,118,119,120,121,122,123,124,126,127,128,129,130,131,132,133,134,135,136,137,139,140,141,142,143,144,145,146,147,148,149,150,152,153,154,155,156,157,159,161,162,163,164,165,166,167,168,169,171,172,173,174,175,176,177,178,179,180,181,182,183,184,185,187,188,189,190,191,192,193,194,195,196,197,198,199,200,201,202,203,205,206,207,208,209,210,212,213,214,215,216,217,218,219,221,222,223,224,225,226,228,229,230,231,232,234,235,238,239,240,241,242,243,244,245,246,247,248,249,252,253,254,255,256,257,259,260,262,264,265,266,268,269,270,271,272,273,274,278,279,280,282,283,284,285,286,287,288,289,290,291,292,294,295,296,297,298,299,301,302,303,304,305,307,308,310,311,312,314,315,316,317,318,319,321,322,323,324,325,326,327,330,334,335,336,340,341,342,343,348,354,361,363,371,377,393,409,438,442,470,474,477,567,661
14,1,2,3,4,5,6,7,9,11,12,13,14,15,16,17,18,19,20,21,24,25,26,29,30,31,32,37,39,43,44,46,49,50,52,54,55,56,59,61,62,64,67,68,69,70,71,72,73,74,75,76,77,78,79,80,81,82,83,85,86,88,89,90,91,92,93,94,95,96,97,98,100,101,103,104,105,107,108,109,110,111,112,113,114,116,117,118,119,120,121,122,124,125,127,129,130,131,132,133,134,136,137,138,139,140,141,142,143,144,146,147,148,149,150,151,152,153,154,155,157,158,159,160,161,162,163,164,165,166,167,168,169,170,171,172,173,175,176,177,178,179,180,181,183,184,185,186,188,189,190,191,192,194,195,196,197,200,201,202,203,204,205,207,208,209,210,211,212,213,214,215,216,217,219,220,223,224,225,226,227,228,229,232,233,234,236,237,238,243,244,246,247,250,251,252,253,254,255,256,257,258,259,260,261,262,263,264,266,267,268,269,270,271,272,273,274,275,276,277,279,280,281,282,283,284,285,287,291,292,293,299,300,301,302,303,304,306,307,309,310,312,313,314,315,317,318,319,320,322,323,324,327,328,329,330,331,333,336,337,338,341,342,344,349,354,368,369,370,372,373,375,376,384,387,403,407,416,417,420,438,584,629
15,2,3,4,5,6,7,8,9,11,12,14,15,16,18,19,20,22,23,26,27,31,34,36,37,38,39,45,49,51,60,62,63,65,67,68,69,70,71,73,74,75,76,77,80,81,82,84,86,87,88,89,91,92,93,94,95,96,97,98,99,100,101,103,105,106,107,108,109,110,111,112,113,114,115,116,117,118,119,120,121,122,123,124,125,126,127,128,129,130,131,132,134,136,137,138,139,140,141,142,143,144,145,146,147,148,150,151,152,153,154,155,156,157,158,159,160,161,163,164,165,166,168,170,171,172,173,175,176,178,180,181,182,183,184,185,186,187,188,189,190,191,194,195,197,198,199,200,201,203,204,205,207,208,209,213,214,215,216,218,222,223,224,225,226,228,229,230,231,232,234,236,237,238,240,241,242,244,245,249,251,252,254,255,258,261,264,266,271,272,273,276,277,278,280,281,282,287,289,290,295,296,299,301,302,303,305,311,316,317,318,327,328,329,330,331,333,337,338,344,346,355,361,375,379,381,391,410,501
16,1,2,3,4,5,6,7,8,9,12,13,15,16,17,18,21,24,25,28,29,30,31,33,41,43,44,45,46,48,49,54,55,57,61,63,65,66,69,70,71,72,73,74,75,76,78,79,80,81,82,83,84,85,86,87,88,89,90,91,92,93,94,95,97,98,99,100,102,103,104,105,106,107,108,109,111,114,115,116,119,122,123,124,125,126,127,128,129,130,131,132,133,134,135,136,137,139,140,142,143,144,145,147,148,149,150,151,152,153,154,155,156,157,158,159,160,162,164,165,166,167,168,170,171,173,174,175,176,177,178,179,180,181,183,184,185,187,189,190,192,193,194,195,196,197,198,199,200,201,202,203,204,205,206,207,208,211,212,213,214,215,216,218,219,221,222,224,225,226,227,228,229,230,231,232,233,234,235,236,237,238,239,240,242,244,245,247,248,249,250,251,252,253,254,255,256,258,259,260,261,263,266,267,269,272,273,275,278,279,281,283,285,286,288,289,290,291,292,293,294,295,296,297,299,300,301,303,304,306,307,308,311,312,314,318,319,320,321,322,324,325,326,327,330,331,332,333,334,335,339,340,341,344,345,346,348,354,359,363,364,375,378,381,382,386,390,391,395,397,398,404,413,443,474,480,504
17,1,2,3,4,5,6,7,9,10,11,12,13,14,15,16,18,19,20,23,28,32,33,35,36,37,40,45,47,51,53,54,55,58,61,62,67,68,69,70,71,72,73,74,75,76,78,79,80,81,83,84,85,86,87,88,91,92,93,94,95,96,97,100,101,102,105,106,108,111,112,113,114,115,119,120,121,122,123,125,126,127,128,129,130,131,132,133,134,135,136,138,139,141,144,145,146,147,148,149,150,151,154,155,156,161,162,163,164,165,166,168,169,173,175,177,178,179,181,183,185,186,187,189,190,191,193,194,196,197,199,200,201,202,203,206,207,208,209,210,211,212,213,214,215,216,218,220,222,223,225,226,230,231,232,233,236,237,239,240,243,244,245,247,248,251,253,254,255,256,260,263,265,267,268,270,271,272,274,275,276,277,278,279,280,282,284,287,288,289,291,292,294,295,298,300,301,302,303,305,306,307,309,310,312,313,314,316,318,319,321,323,324,326,327,328,330,331,333,336,338,341,346,349,356,359,360,361,365,368,371,378,381,382,393,399,400,405,426,452,563,567
18,2,3,4,5,6,7,8,10,11,12,14,15,16,17,18,19,21,22,25,27,29,34,38,40,42,43,45,46,48,50,52,56,57,59,63,64,68,70,72,73,74,75,76,77,79,80,82,83,84,85,86,87,88,89,90,91,92,93,94,95,96,97,99,100,101,102,103,104,105,106,108,109,111,113,114,115,117,118,119,120,121,122,123,124,125,126,127,129,130,131,132,133,135,136,137,139,141,142,143,145,146,147,148,152,153,154,155,156,157,158,159,160,162,163,165,166,167,170,172,175,176,177,178,179,180,183,184,186,187,188,189,190,192,194,195,196,198,200,201,203,204,205,208,209,210,211,213,214,216,217,219,220,221,222,223,225,226,228,229,230,231,232,234,235,236,238,239,240,244,245,248,249,250,252,253,254,258,260,261,262,263,265,266,267,269,271,272,273,275,277,278,279,280,281,283,286,287,288,289,290,291,292,293,295,296,297,301,302,303,304,305,306,307,308,310,311,312,314,315,318,319,320,321,323,326,327,328,331,332,333,336,340,343,344,347,349,351,352,353,356,359,372,376,379,382,396,400,402,468,482,565
19,2,5,7,14,15,18,19,20,21,22,23,24,25,26,27,28,29,30,31,32,33,34,41,46,59,60,63,64,66,67,68,69,70,71,72,73,74,75,76,77,80,81,82,84,85,86,87,88,89,90,91,93,94,95,97,98,99,101,102,103,104,106,107,108,109,110,111,112,113,114,115,116,117,118,119,120,121,123,124,126,128,129,130,131,132,133,134,135,136,137,138,139,140,141,143,144,145,146,147,148,149,150,151,152,153,154,155,156,157,158,159,161,162,163,165,166,167,168,170,172,175,176,177,178,180,182,183,184,186,189,192,193,194,195,198,199,200,202,203,204,205,206,209,212,214,217,219,222,226,227,228,229,230,231,232,233,234,238,240,241,242,245,249,250,251,252,255,259,260,261,266,268,269,270,271,272,273,274,275,276,277,279,281,282,283,284,285,286,287,288,289,290,291,293,298,300,302,303,304,305,308,310,311,312,313,317,318,320,321,323,327,328,330,332,334,335,336,339,340,349,352,360,362,383,385,393,410,501,658
20,3,14,26,27,29,30,31,32,33,34,35,36,37,38,39,40,41,42,43,44,45,46,47,49,50,56,59,61,63,65,70,73,74,75,76,79,80,87,89,91,92,97,99,100,102,103,104,105,106,107,108,109,110,111,112,113,114,115,116,117,118,119,120,121,122,123,124,126,127,128,129,130,132,137,138,140,142,144,145,147,149,150,151,152,154,155,156,157,158,159,160,161,162,163,164,165,166,167,169,171,172,173,174,175,176,177,179,182,183,184,185,190,191,192,193,194,195,197,198,199,200,201,202,203,205,206,208,209,210,211,212,213,214,215,216,217,219,221,222,225,226,227,228,229,233,234,235,236,237,238,239,241,243,245,247,251,253,254,255,256,257,258,259,260,261,262,263,264,265,266,267,269,270,276,277,278,279,280,281,282,283,284,285,286,287,288,289,290,293,294,295,296,297,298,300,301,303,304,305,306,307,308,309,310,311,312,313,314,315,316,317,318,320,321,323,326,327,329,330,332,333,334,336,337,340,342,343,344,345,349,350,354,358,366,371,385,387,393,402,404,406,419,447
21,29,31,32,33,36,37,38,41,42,43,44,45,47,48,49,50,51,52,53,54,55,56,57,59,60,61,62,63,64,65,69,70,71,72,74,75,76,77,78,79,80,81,83,84,85,86,88,92,98,99,100,103,104,106,108,109,110,111,112,113,115,116,118,119,120,122,124,126,127,128,129,130,131,132,133,134,135,136,137,138,139,140,141,142,143,144,145,146,148,149,150,151,152,153,154,155,156,157,158,159,160,161,162,163,164,165,166,167,168,169,170,171,172,173,174,176,177,178,180,181,182,183,184,185,186,187,188,189,190,191,195,197,198,204,207,213,238,239,246,248,260,267,296,353,383,480,494
22,8,11,22,23,33,37,38,43,44,48,50,51,52,53,54,55,56,57,58,59,60,61,62,63,64,65,66,67,68,71,72,73,74,75,76,77,78,79,80,81,84,85,86,87,88,89,90,91,93,94,95,97,98,100,103,104,106,107,108,109,110,111,112,113,115,119,120,121,123,124,126,151,161,164,170,187,192,193,194,197,199,200,201,202,203,204,205,207,208,210,211,212,214,215,216,218,219,220,223,226,227,228,229,230,232,233,234,237,238,239,241,242,243,244,245,247,248,249,251,254,255,256,257,260,261,262,263,264,266,268,269,273,275,276,277,278,279,280,281,283,284,285,286,287,288,289,291,292,293,294,295,296,297,299,301,302,303,305,306,307,309,310,311,312,313,314,315,316,317,318,319,320,321,322,323,324,325,326,327,328,329,331,332,333,334,337,338,339,340,341,342,343,344,345,346,347,349,350,353,354,355,356,359,360,361,362,363,365,370,373,375,377,381,389,392,396,397,399,400,402,407,411,445,453,485,525,536
23,17,20,23,26,27,30,31,36,38,39,43,47,48,51,54,55,56,58,59,60,61,62,63,64,65,66,67,70,76,77,81,83,84,85,86,87,88,89,90,91,93,94,95,98,99,100,103,105,106,107,108,109,110,112,114,115,116,117,118,119,120,121,122,123,124,125,126,128,129,130,132,133,134,136,137,138,139,140,141,142,143,145,147,148,149,151,152,153,155,156,158,159,161,166,169,172,173,174,176,179,180,182,183,187,188,190,191,192,193,194,195,196,197,200,202,203,204,208,209,210,211,213,214,215,217,220,221,223,226,227,228,230,235,238,244,245,249,253,254,257,265,266,269,271,272,276,278,279,281,284,285,289,295,297,299,301,303,304,306,307,310,313,317,319,324,325,328,329,330,332,333,334,335,336,337,339,350,356,363,375,382,389,404,459,571,599,628
24,23,28,29,31,43,59,61,62,66,68,70,71,72,73,75,77,82,83,87,88,90,96,97,98,99,100,102,104,109,113,115,118,144,145,149,156,159,162,163,164,165,166,170,171,172,173,175,176,177,178,179,180,183,184,185,187,188,191,192,193,194,195,196,198,199,200,201,202,203,205,207,208,210,211,214,215,216,217,218,220,221,222,223,230,233,234,235,237,239,240,241,246,247,248,249,250,251,252,258,259,260,264,265,266,270,271,272,273,274,277,279,280,281,282,284,285,287,288,291,292,295,296,298,302,309,310,311,317,318,319,321,322,324,329,330,331,332,334,337,340,341,345,346,351,353,356,357,358,359,366,367,368,374,385,411,424,459,567
25,12,24,29,32,44,45,46,52,53,54,56,57,58,59,60,61,62,63,66,67,68,70,71,73,77,79,83,84,85,86,87,88,89,90,91,93,95,96,99,100,101,102,104,105,106,107,108,109,110,112,113,114,115,116,117,118,119,120,121,122,123,124,125,126,127,128,129,131,132,133,134,135,136,137,138,139,140,141,142,143,144,145,146,147,148,149,150,151,152,155,156,172,217,640
26,22,23,27,44,48,53,54,57,66,86,87,90,93,94,97,98,102,103,104,106,108,110,114,115,117,118,121,123,124,125,126,127,129,130,131,132,133,134,136,137,138,139,140,141,142,143,144,145,146,147,148,149,150,151,152,153,154,155,156,157,158,159,160,161,162,163,164,165,166,167,168,169,170,171,172,173,174,175,176,177,178,179,180,181,182,183,185,186,187,188,189,190,191,192,194,195,196,197,198,199,200,201,202,203,204,206,207,208,209,210,211,212,213,214,215,216,218,219,220,221,222,223,224,225,226,227,229,230,231,232,233,234,235,236,237,238,240,241,242,243,245,246,248,249,250,252,254,255,256,257,258,261,263,264,265,266,269,270,271,273,275,278,282,284,285,287,288,289,291,292,293,294,296,297,298,300,304,308,309,311,312,313,314,316,318,321,323,327,328,329,334,337,340,341,342,343,344,346,362,366,367,376,384,385,399,509,620
27,31,43,49,55,64,73,85,91,93,94,96,102,103,105,107,109,111,113,212,219,221,240,620
28,38,40,42,43,45,46,48,51,53,57,60,62,63,64,65,68,69,72,75,77,78,80,81,82,83,85,86,87,88,89,90,91,92,93,94,95,96,97,98,99,100,101,102,103,104,105,106,107,108,110,111,112,113,114,115,116,117,118,119,120,121,122,123,124,125,126,127,128,129,130,131,132,133,135,136,139,140,141,142,143,145,146,147,148,149,156,159,160,166,167,168,523,551,579
29,17,21,46,50,51,52,53,54,55,57,59,61,63,65,73,77,81,83,84,89,90,95,96,97,101,104,107,109,113,114,115,116,117,118,119,120,121,122,123,124,125,126,127,128,129,130,131,132,133,134,135,136,137,138,139,140,141,142,143,144,145,146,147,148,149,150,151,152,153,154,155,156,157,158,160,161,162,163,164,165,166,167,168,169,170,171,172,173,174,175,176,177,178,179,180,181,182,183,184,185,186,187,188,189,191,192,193,194,195,196,197,198,199,200,201,202,203,204,206,207,208,209,210,211,212,213,214,215,216,218,219,220,221,222,223,224,225,226,229,230,232,234,236,237,238,239,240,241,242,243,245,246,249,250,251,256,257,258,259,262,270,273,274,281,284,288,300,303,308,338,369,403,592,601,645,667
30,149,169,171,173,181,195,196,199,205,209,214,215,226,228,229,231,235,245,252,254,257,259,263,264,265,266,267,268,269,270,274,277,278,279,281,283,284,288,291,294,295,301,303,304,308,311,315,318,322,324,325,326,328,336,337,339,340,344,346,348,352,354,377,382,385,395,399,402,434,459,637,693
31,328,534,542,545
32,84,86,92,93,94,99,458,647
33,76,87,88,89,90,91,92,93,94,95,96,97,98,99,100,102,103,104,105,106,107,108,110,112,113,121,122,123,125,128,129,134,136,140,141,158,520,600
34,18,66,72,78,82,83,85,86,88,89,90,91,92,93,94,95,96,97,98,99,100,101,102,103,104,105,106,107,108,109,110,111,112,113,114,115,116,117,118,119,120,121,122,123,124,125,126,127,128,129,130,132,134,136,137,138,140,141,142,143,145,147,148,149,150,151,152,153,155,157,158,160,161,162,164,166,182,196,214,357
35,84,88,89,90,91,92,93,94,95,97,98,99,100,101,102,103,104,105,106,107,108,109,110,111,112,113,114,115,116,117,118,119,120,121,123,124,125,126,127,128,129,130,131,132,133,134,135,136,137,138,139,140,141,142,143,144,145,146,147,148,149,150,151,152,153,154,155,156,157,158,159,160,161,162,163,165,166,167,168,169,170,171,172,173,174,175,176,177,178,179,180,181,182,184,185,186,187,188,189,190,191,192,193,194,195,196,197,198,199,200,202,204,205,207,208,209,210,213,215,217,223,224,225,226,230,231,234,236,238,249,250,256,257,259,260,272,274,288,291,334,342,345,384,385,477,512,534
36,78,79,80,81,82,83,84,85,86,87,88,89,90,91,92,93,94,97,98,99,100,101,102,104,105,106,107,108,109,110,111,112,113,114,115,116,117,118,119,120,121,122,123,124,125,126,127,128,129,130,131,132,133,134,135,136,137,138,139,140,141,142,143,144,145,146,147,148,149,150,151,152,153,154,155,156,157,158,160,161,162,163,164,165,166,167,168,169,170,172,173,174,175,176,177,178,179,180,181,182,183,184,185,186,187,188,189,190,192,193,194,195,196,197,198,199,200,201,202,203,204,205,206,207,208,209,210,211,212,213,214,215,216,217,218,219,220,221,222,223,224,225,226,227,228,229,230,231,232,233,234,235,236,237,238,239,240,241,242,244,245,246,247,248,249,251,252,253,254,255,256,257,258,259,261,262,263,266,269,270,273,274,275,278,279,281,282,283,284,288,291,294,296,298,305,306,311,312,320,336,360,362,365,411,545
37,69,77,78,79,80,81,82,83,84,86,87,88,89,90,91,92,93,94,96,97,98,99,100,101,103,104,105,106,108,110,111,112,113,114,115,116,117,118,119,120,121,122,124,125,126,127,128,129,130,132,133,134,135,136,137,139,140,142,143,144,145,146,147,148,149,150,151,152,153,154,155,156,158,159,160,161,162,163,164,165,169,170,171,172,173,174,175,176,179,180,181,182,183,184,185,186,187,188,189,190,191,192,193,194,195,196,197,198,200,201,202,204,205,206,207,208,209,210,211,212,213,214,216,217,219,225,228,229,230,232,233,234,237,238,239,244,245,246,247,248,252,258,259,261,262,267,270,273,275,276,278,283,285,287,290,291,294,295,296,297,308,316,319,321,325,327,328,329,331,348,355,361,366,387,407,449,626,664
38,68,73,77,78,80,81,82,83,89,90,91,92,93,94,95,97,98,99,100,101,102,103,105,107,108,111,112,114,117,118,119,121,122,123,125,126,128,130,131,132,133,134,135,136,138,139,141,142,145,148,149,150,151,152,153,154,155,158,159,160,161,162,164,166,167,168,169,170,171,172,174,176,177,179,180,181,182,185,186,187,188,190,192,193,194,195,196,197,199,200,203,204,205,206,207,211,212,214,216,218,224,225,230,231,232,235,238,241,242,244,245,253,255,264,272,279,287,288,292,293,305,310,328,329,337,338,368,408,418,450,518,673
39,76,77,78,79,80,81,86,89,91,94,96,97,99,100,101,103,105,107,108,109,114,116,118,119,120,121,127,128,133,135,137,138,139,141,142,146,147,148,153,157,160,161,162,164,168,170,175,177,178,179,180,181,182,184,186,189,191,192,193,196,197,198,199,200,202,203,214,215,216,219,223,224,226,237,240,252,258,259,268,270,274,278,279,298,311,315,319,340,373,375,476,494,505,527,545
40,14,73,74,76,78,90,97,99,104,106,112,115,119,125,126,129,130,135,138,142,161,163,164,167,175,185,189,190,191,199,209,210,235,236,266,299,393
41,45,64,98,99,252,288,318,619
42,458,512
43,33,601,680
44,334,526
45,3,127,519
46,437,540
47,9,257,416,592,601
48,11,139,362,373,386,561,651
49,2,138,516,553
50,5,49,60,168,313,363,393,438,525,538,644
51,64,73,179,256,383,451,480
52,487,538,563,626,643
53,30,61,130,318,380,497,668
54,59,127,431,566,609,620
55,390,625
56,116,338,453,501,583,613
57,25,50,113,209,303,429,521,657
58,10,303,402,494,498
59,202,247,414,621,650
60,28,45,271,298,411,504,527
61,226,362,387
62,40,42,58,143,273,314,386,389,517,675
63,10,41,192,372,432,509,685
64,11,401
65,146,188,281,603,620,641
66,37,426,429,465
67,56,225,483,616
68,2,52,108,160,244,277,304,460,487
69,280,324,440
70,38,43,98,177,328,339,377,389,409,518,543,673
71,
72,
73,
74,
75,
76,
77,
78,
79,
80,
81,
82,
83,
84,
85,
86,
87,
88,
89,
90,
91,
92,
93,
94,
95,
96,
97,
98,
