4
0,526
1,390,445,539
2,190,328,349,365,569,638,672
3,10,309,474
4,192,378,410,591
5,40,78,179,268,396,445,543,673,684
6,202,269,319,518,583,680
7,72,119
8,71,86,301,374,538,681
9,14,132,137,161,196,226,559,648
10,73,83,169,281,380,420,480,501,644
11,14,53,188,638,651,684
12,118,252,396,513,522,527
13,16,23,146,508,553,575,657,691
14,62,234,525
15,176,582,590,596,684
16,142,177,260,317,390,616,638,691
17,57,147,397,474,572
18,10,62,110,285,405,437,522,611
19,4,42,53,76,114,165,174,677
20,28,45,58,60,61,65,74,75,77,78,79,89,92,105,202,245,345,477,674,686
21,44,53,57,58,59,61,62,63,65,67,68,69,70,71,72,73,74,75,76,77,78,79,80,81,82,83,84,85,86,87,88,89,90,91,92,93,94,95,96,97,98,99,100,102,104,107,112,114,117,124,150,160,161,182,595,689
22,5,6,52,60,62,63,65,67,68,69,71,72,73,74,75,76,77,78,79,80,81,82,83,84,85,86,87,88,89,90,91,92,93,94,95,96,97,98,99,100,101,102,103,104,105,106,107,108,109,110,111,112,113,114,115,116,117,118,119,120,121,122,123,124,125,126,127,128,129,130,131,132,133,134,135,136,137,138,139,140,141,142,143,144,145,146,147,148,149,151,152,153,154,155,156,157,158,159,160,161,163,164,165,166,167,168,169,170,171,172,173,174,175,176,177,178,179,180,181,182,183,184,185,186,187,188,189,190,191,192,193,194,195,196,197,198,199,200,201,202,203,204,205,206,207,208,210,218,222,224,226,232,235,236,239,242,246,247,248,254,255,263,264,272,330,394,460,511,621,656
23,65,69,70,71,72,73,74,75,76,77,78,80,81,82,84,85,87,88,89,90,91,92,93,94,95,96,98,99,100,101,102,103,104,105,106,107,108,109,110,112,113,114,115,116,117,118,119,121,122,124,125,126,127,128,129,130,131,132,133,135,136,137,138,139,140,141,142,143,145,146,147,148,149,150,151,153,154,155,156,157,158,159,160,161,162,163,164,165,166,167,168,169,170,171,172,173,174,175,176,177,178,179,180,181,182,183,184,185,186,187,188,189,190,191,192,193,194,195,196,197,198,199,200,201,202,203,204,205,206,207,208,209,210,211,212,213,214,215,216,217,218,219,220,221,222,223,224,225,226,227,228,229,230,231,232,233,234,235,236,237,238,239,240,241,242,243,244,245,246,247,248,249,250,251,252,253,254,255,256,257,258,259,260,261,262,263,264,265,266,267,268,269,270,271,272,273,274,275,276,277,278,279,280,281,282,283,284,285,286,287,288,289,290,291,292,293,294,296,298,299,300,301,302,305,306,307,308,309,310,311,312,313,314,315,316,318,319,320,321,325,326,327,328,329,330,332,333,334,335,339,340,341,342,345,347,351,353,356,358,360,361,363,365,367,370,372,374,396,403,404,415,417,441,642
24,64,68,69,70,71,73,74,75,76,77,78,79,80,81,82,85,86,88,90,91,92,93,95,96,97,99,100,101,102,103,104,105,107,108,109,110,112,113,114,115,116,119,121,126,127,129,131,134,136,137,138,139,141,146,149,150,151,153,158,159,160,161,162,163,164,165,166,167,169,170,171,172,173,174,175,176,177,178,179,180,182,183,184,185,186,187,190,191,192,193,194,195,196,197,199,200,201,202,203,204,205,207,208,209,210,211,212,213,214,215,216,217,218,219,220,221,222,223,224,226,227,228,229,230,231,232,233,234,235,236,237,238,239,240,241,242,243,244,245,246,247,248,249,250,251,252,253,254,255,256,257,258,259,260,261,262,263,264,265,266,268,269,271,272,273,274,275,276,278,279,280,281,283,284,285,286,287,288,289,290,291,292,293,294,295,296,297,298,299,300,301,302,303,304,305,306,307,308,309,310,311,312,313,314,315,316,317,318,319,320,321,322,323,324,328,329,330,331,332,333,337,338,339,340,341,343,344,345,347,348,349,350,351,352,354,355,356,357,359,362,363,364,367,373,375,376,384,391,401,405,418,433,496
25,60,63,65,66,67,68,70,71,72,73,74,75,78,79,80,82,83,84,85,86,87,88,89,90,91,92,93,94,95,96,97,99,101,102,103,104,105,106,108,109,110,112,113,115,119,120,122,126,129,132,133,134,135,136,137,142,145,153,155,156,157,158,159,160,162,163,164,165,166,167,168,169,170,173,174,175,176,177,178,180,181,182,183,184,185,186,188,189,191,192,193,194,196,197,199,200,201,205,207,208,210,211,212,214,216,217,219,220,221,222,224,225,226,227,228,231,232,233,234,236,238,239,241,242,244,245,246,247,248,251,252,253,254,255,256,257,258,259,260,261,262,265,266,267,268,269,270,271,272,273,274,276,277,278,279,280,281,282,283,284,285,286,287,288,289,291,292,293,294,295,296,297,298,299,301,302,303,304,305,306,307,308,309,310,311,312,313,314,315,317,318,319,320,321,323,324,325,326,328,329,330,331,332,333,334,335,338,341,343,344,346,347,348,349,353,356,358,359,360,364,368,370,376,379,381,384,401,410,412,413,414,415,436,437,439,440,448,450,463,465,503
26,58,60,61,65,66,67,69,70,71,72,73,74,76,77,78,80,81,82,83,84,86,87,88,90,91,92,93,94,96,97,98,99,100,101,102,104,106,107,115,117,118,120,121,122,123,124,126,129,131,134,136,137,141,146,150,151,152,153,154,155,156,157,158,162,163,164,166,167,168,169,170,171,172,174,175,176,178,180,182,183,184,185,186,188,189,190,191,193,194,196,197,199,200,202,203,204,206,208,209,211,212,213,214,215,216,217,218,219,220,221,222,223,224,225,226,228,229,230,231,232,233,234,236,237,238,239,240,241,242,243,244,245,246,248,249,250,251,252,254,255,256,257,258,260,261,263,264,265,266,267,268,269,270,273,274,275,276,277,278,280,281,282,283,284,286,287,288,289,290,291,292,293,294,295,296,299,300,301,302,303,305,307,308,310,312,313,314,315,317,318,319,320,321,322,323,324,325,326,328,329,330,332,334,335,336,337,338,339,340,341,342,343,345,346,348,349,356,357,358,360,361,363,364,371,376,379,381,387,388,389,390,392,401,405,417,421,430,448,450,451,623
27,58,59,62,64,65,66,68,69,70,72,73,74,76,77,78,79,80,82,83,84,85,86,87,88,91,92,93,94,96,97,98,99,100,101,102,103,105,106,107,108,109,110,114,115,117,118,121,122,124,125,128,129,130,135,136,137,138,139,140,141,142,145,146,148,149,151,153,154,156,157,158,161,167,168,170,172,173,174,176,177,178,179,181,183,185,186,187,189,193,195,197,198,202,203,204,205,206,207,208,209,210,212,213,214,215,216,217,218,219,220,221,222,223,224,225,226,227,228,230,231,232,234,235,237,238,240,242,245,248,249,250,251,253,255,256,258,259,260,262,263,264,266,267,268,269,272,273,274,275,276,278,280,281,282,283,284,285,287,289,290,291,292,293,294,296,297,298,299,302,303,304,305,306,309,310,311,312,314,316,317,318,319,320,321,326,327,328,330,332,334,337,338,339,342,343,346,347,349,350,354,355,359,360,364,366,367,370,371,373,374,377,378,381,386,387,392,396,399,406,407,408,412,414,439,443,447,465,472,477,488,493,499
28,34,39,59,63,64,66,67,68,69,70,71,72,73,74,76,77,78,79,80,81,82,83,84,85,86,87,88,89,90,92,93,94,98,99,103,104,105,107,108,109,111,112,116,118,120,126,127,128,129,130,133,135,136,138,139,140,141,142,143,147,150,151,153,154,155,157,158,159,162,163,165,167,168,169,170,171,173,174,175,176,177,182,183,184,185,186,187,189,190,191,193,194,195,196,197,198,200,201,202,203,204,205,206,207,208,210,211,214,215,216,217,218,219,220,221,223,226,228,229,230,231,237,238,239,242,245,246,247,249,251,252,253,254,258,259,261,262,263,267,268,269,270,271,272,273,276,277,279,281,282,283,284,285,286,288,290,291,293,294,295,296,297,298,299,300,301,303,304,307,308,309,310,311,313,314,317,318,320,321,323,326,327,330,331,333,334,336,342,346,350,358,359,360,363,366,382,389,394,399,401,408,610,659,689
29,6,62,63,64,66,68,69,70,72,74,75,76,77,79,80,82,83,84,85,86,87,88,90,91,93,95,98,101,102,103,104,105,106,108,110,111,112,113,114,116,117,119,120,121,123,125,126,128,130,131,132,133,134,135,137,139,143,146,148,153,156,157,159,160,165,166,167,168,169,170,172,173,176,177,179,180,181,182,183,185,186,190,195,196,199,202,204,206,207,208,209,211,212,215,216,217,218,219,221,222,224,225,226,227,228,230,231,232,233,234,236,237,240,243,244,245,246,248,250,251,252,253,254,255,256,257,259,261,262,263,268,269,270,271,272,273,278,279,280,283,285,286,287,290,291,292,295,297,298,299,304,305,311,315,317,318,319,322,324,333,335,346,349,350,351,359,361,363,367,369,403,411,414,438,450,459,472,582,594,621
30,55,57,58,65,66,67,68,69,70,71,72,74,75,76,77,78,80,81,82,83,84,85,86,87,88,89,90,94,95,96,104,105,106,107,109,110,111,115,117,118,119,120,123,125,126,127,128,129,130,131,132,133,135,136,137,138,139,141,145,146,148,149,150,151,152,153,157,160,161,163,164,166,168,169,171,175,176,177,181,182,184,186,187,188,191,192,199,201,202,203,204,205,206,208,209,210,211,212,213,214,216,218,220,222,225,226,227,228,229,230,231,232,233,234,235,236,239,240,241,242,243,244,245,246,247,248,250,251,254,255,257,260,261,262,263,264,265,267,268,269,270,272,273,274,275,276,278,286,287,289,290,291,294,296,298,299,300,303,304,306,307,309,310,311,312,314,316,318,320,321,322,325,327,328,333,335,336,337,338,343,345,350,352,360,362,363,366,367,377,382,385,393,405,420,454,455,530,661
31,55,57,59,60,61,62,63,64,65,66,67,68,69,70,71,72,73,74,76,77,78,82,83,84,85,86,89,90,92,93,94,95,96,97,99,101,103,106,107,108,109,110,112,113,114,115,116,117,122,125,128,131,134,136,140,143,144,146,147,148,149,150,151,154,157,165,167,169,171,175,177,178,179,181,182,184,187,189,190,196,197,200,201,203,205,206,208,209,210,211,212,213,217,218,220,221,224,227,229,231,234,237,239,240,242,243,244,246,247,249,250,251,252,253,254,256,257,258,259,261,264,265,266,268,269,270,271,273,274,275,277,279,280,282,283,285,286,287,288,289,292,295,296,297,298,299,302,304,306,309,312,313,314,316,319,321,325,327,330,331,334,335,336,337,339,340,341,350,358,381,383,387,401,412,420,429,440,461,473,482,495,552,562,639
32,55,59,60,62,63,64,65,68,71,72,73,75,77,78,80,81,82,83,84,86,87,89,90,91,93,95,96,97,99,101,102,103,104,105,106,111,115,116,117,118,120,121,122,127,130,132,138,141,145,147,150,155,156,157,160,161,163,165,167,168,169,170,171,172,176,177,180,187,193,195,196,198,200,201,202,203,204,207,208,211,213,214,216,218,222,224,225,226,227,228,236,240,241,244,245,246,250,251,252,253,255,256,257,258,262,263,264,266,267,268,271,273,274,275,276,277,278,279,281,282,283,284,285,286,289,290,291,294,297,299,301,303,306,308,310,311,315,316,319,320,321,324,326,327,331,336,337,338,341,342,344,345,349,353,355,367,368,374,384,441,442,453,459,538,606
33,51,55,56,57,59,61,62,63,64,65,66,67,68,69,72,73,75,76,77,78,79,80,81,82,83,84,85,86,88,89,91,94,95,96,97,98,99,103,104,105,106,108,112,118,132,134,139,140,143,144,146,147,148,151,153,154,155,160,161,163,169,172,176,178,179,180,183,188,189,191,193,195,196,198,200,201,203,205,206,207,209,210,211,212,217,220,222,223,224,225,226,227,229,230,231,233,235,236,237,240,242,245,246,247,250,251,253,255,256,258,259,261,263,264,265,267,269,270,271,273,274,275,276,278,279,280,281,282,283,284,285,286,287,288,289,292,293,296,298,299,300,301,304,306,307,308,309,312,314,315,316,318,319,321,322,324,326,327,333,335,336,338,345,346,347,348,349,352,359,369,379,387,388,397,409,410,413,421,423,437,467,541,652
34,52,60,61,63,64,65,66,67,68,69,70,71,73,75,76,77,78,79,81,82,83,84,85,89,90,91,93,94,95,96,98,99,105,106,107,111,113,119,121,127,128,129,130,135,137,138,139,141,145,146,147,148,150,151,152,153,155,159,161,162,165,166,169,170,173,174,176,178,181,186,191,192,193,194,197,199,201,203,205,208,210,212,216,217,218,221,223,225,226,230,232,233,235,237,239,240,241,242,244,245,246,247,248,249,251,252,254,255,257,258,262,264,265,266,267,268,271,272,273,275,278,280,281,282,285,287,288,289,291,292,293,294,299,300,302,309,312,313,315,323,325,336,339,340,353,358,368,369,372,376,381,382,384,389,400
35,28,55,57,58,59,62,63,65,66,67,68,69,70,72,73,74,75,77,78,81,82,83,84,85,87,90,91,97,101,102,104,105,106,109,116,120,121,122,123,131,133,139,141,143,145,146,148,149,151,153,154,155,158,159,160,165,166,167,172,176,179,180,181,184,186,190,199,200,201,202,203,204,206,207,208,209,210,211,214,219,220,221,225,227,231,232,239,241,242,243,248,250,251,253,254,258,259,260,262,263,264,265,267,269,274,276,279,280,281,284,285,291,295,296,297,300,301,302,303,312,314,316,321,322,323,327,328,329,330,331,332,335,337,340,342,345,347,348,350,351,352,361,363,365,370,372,374,378,382,386,388,394,397,402,409,412,418,428,451,549,603,618
36,48,49,52,55,56,58,59,60,62,64,65,66,67,69,73,74,76,77,78,79,83,84,85,86,87,89,90,91,95,97,99,100,102,103,104,107,108,112,113,114,115,120,121,122,123,127,130,131,132,134,135,137,140,142,146,150,152,154,155,158,162,163,164,169,174,177,178,179,187,188,195,198,200,201,202,204,205,208,209,210,212,214,217,221,222,223,224,230,231,232,235,237,238,239,245,247,251,253,254,255,256,257,259,260,261,264,265,266,268,270,271,272,273,274,275,276,277,279,280,281,282,284,287,290,291,292,293,296,298,300,302,304,306,307,309,310,312,318,326,327,333,334,337,341,342,347,348,350,355,356,362,365,366,370,380,389,393,397,402,410,422,428,479,483,505,516,553,563,613
37,53,55,56,57,59,60,62,65,69,70,71,72,76,77,78,80,81,83,84,85,86,87,88,91,92,93,94,95,96,98,99,100,108,110,111,112,113,114,115,116,124,136,137,141,142,144,145,149,150,151,153,154,161,162,164,167,169,170,172,175,184,199,201,204,205,206,209,210,211,212,219,222,224,226,227,229,231,232,235,236,238,240,241,243,246,247,249,250,251,252,254,255,256,257,258,259,261,262,266,267,271,272,274,276,277,279,281,282,283,284,286,287,291,292,293,295,296,298,300,305,306,307,308,310,313,317,318,320,322,325,327,328,330,334,339,342,344,347,356,361,365,368,370,373,383,384,386,392,394,433,582
38,39,52,53,55,56,57,58,59,62,63,64,65,66,67,68,70,71,72,73,74,75,76,78,79,80,82,83,87,90,92,93,95,96,97,102,106,108,111,117,118,121,126,128,136,141,142,143,146,147,149,154,160,161,162,166,168,170,171,179,181,183,184,193,194,197,198,199,200,201,202,203,204,205,212,213,214,215,218,222,223,224,226,230,231,233,234,235,237,238,239,240,242,243,244,245,246,250,251,254,255,256,257,258,259,260,261,262,263,265,266,269,270,272,275,278,280,282,284,286,287,288,289,290,291,293,294,295,300,306,307,309,312,316,317,323,326,329,331,336,337,338,341,342,345,346,353,354,359,362,363,365,371,376,379,381,386,394,403,404,419,421,422,470,547,571,596
39,9,47,50,53,54,56,57,58,59,60,61,62,63,64,66,68,69,70,71,73,74,77,83,84,86,87,88,90,93,95,96,97,98,104,114,117,118,119,126,129,131,134,137,139,140,147,149,153,154,155,156,158,160,162,164,175,179,186,190,192,193,195,197,198,201,203,204,205,206,207,208,209,214,215,220,221,222,223,225,231,232,234,236,238,240,241,243,251,252,254,257,258,271,273,274,277,278,280,282,284,287,289,291,292,293,294,295,297,298,299,300,301,302,303,304,305,310,311,316,317,318,319,323,324,326,329,330,331,332,334,335,338,339,340,341,342,343,344,345,346,348,354,355,356,357,359,360,362,365,367,371,373,376,380,384,389,401,405,410,411,414,417,440,459,465,466,487,526,620,697
40,42,48,52,56,57,58,59,60,62,67,68,71,72,73,74,75,77,78,79,80,83,85,87,90,94,95,97,101,102,103,104,105,106,107,108,109,111,113,114,117,122,129,131,132,133,135,136,139,142,147,148,152,154,158,159,164,170,171,176,184,189,190,192,193,197,198,199,200,202,206,214,216,218,222,225,232,234,237,239,241,244,248,250,251,252,254,255,256,257,258,259,261,264,266,267,268,269,271,272,274,275,276,278,280,281,282,283,285,286,289,290,292,293,298,300,301,302,303,305,306,307,309,310,313,315,319,320,321,322,326,327,328,331,332,333,334,336,339,341,342,345,348,349,351,352,353,354,356,358,363,368,370,371,373,375,379,380,384,406,417,419,444,451,475,476,533,642
41,12,41,51,56,61,64,65,66,67,68,69,70,72,73,74,75,77,78,79,80,82,86,93,95,97,100,103,109,112,113,116,118,122,128,130,132,135,137,138,142,145,146,147,152,155,156,160,161,172,174,178,183,195,196,200,203,204,205,206,207,210,214,216,222,224,225,229,231,234,235,236,239,240,241,242,245,246,248,251,253,255,257,259,266,269,273,275,276,277,281,282,283,284,286,288,290,293,294,297,299,302,304,306,311,312,316,317,319,320,323,324,327,328,329,330,331,332,333,336,337,342,344,348,353,358,362,371,373,399,400,412,684
42,44,53,54,55,56,57,58,60,61,62,63,64,66,67,69,70,73,74,78,80,81,87,94,97,108,109,116,117,119,121,122,124,126,128,129,132,133,135,137,138,139,141,143,144,145,147,154,157,161,165,168,172,190,192,194,197,199,200,205,206,208,212,214,215,217,219,221,225,227,229,230,231,232,234,236,237,240,241,242,243,244,255,256,257,261,265,272,274,275,276,277,279,280,281,282,290,291,293,298,299,301,305,307,308,309,310,311,314,316,321,323,324,327,329,331,333,334,336,340,343,346,347,348,359,363,364,370,372,374,378,379,382,383,384,386,392,394,396,410,412,413,422,426,432,441,445,523,606,629,683,698
43,48,51,53,56,57,58,61,62,68,73,75,78,81,82,83,85,86,88,90,93,95,96,100,101,104,108,110,114,115,116,122,124,129,130,132,133,138,139,141,146,148,155,156,159,163,165,174,179,187,189,193,196,199,200,202,203,207,208,214,216,218,221,227,228,233,234,237,238,241,242,244,247,249,250,252,253,258,263,266,269,272,273,275,276,278,280,283,284,286,288,290,292,293,296,297,299,300,302,303,305,307,310,311,312,317,319,321,325,327,328,329,330,332,336,337,338,340,341,342,347,348,350,354,355,361,370,371,380,384,390,391,392,395,397,399,400,421,428,445,477,501,534,542,591,599,613,648
44,50,51,52,53,55,56,58,59,60,61,63,64,65,66,67,68,69,72,74,76,77,79,81,82,85,86,87,89,90,92,95,96,97,104,105,110,111,124,132,139,140,152,153,154,155,164,171,176,177,188,193,194,202,207,208,209,210,212,214,215,218,220,222,231,235,236,237,238,239,241,242,243,244,245,246,247,251,254,260,261,262,263,264,267,269,271,274,276,278,279,282,284,285,287,288,290,292,295,296,298,299,301,304,306,307,308,309,312,313,314,315,319,320,322,324,335,337,340,342,348,351,355,362,369,370,372,387,389,395,453,639
45,47,49,51,52,54,55,56,57,58,59,60,61,64,65,67,68,69,70,71,72,73,74,77,82,83,84,93,98,99,100,101,102,103,108,112,114,115,128,129,133,135,137,141,144,145,149,152,157,159,160,161,162,175,176,177,179,190,191,195,197,200,202,206,211,215,222,227,229,231,233,236,239,240,242,244,245,246,251,256,264,265,269,271,274,280,282,284,287,291,294,296,302,304,308,310,312,318,319,324,326,327,329,331,334,335,337,340,341,347,351,353,357,361,365,366,368,372,373,375,376,378,381,387,408,410,437,456,459,489,624,696
46,39,42,48,51,52,53,55,56,57,59,60,61,64,66,67,68,69,72,73,74,75,76,77,78,79,81,84,85,86,89,90,95,96,98,99,102,103,105,106,107,108,109,110,113,114,116,122,125,130,132,134,139,143,145,146,156,159,162,163,165,171,173,174,190,193,198,200,202,206,212,213,216,217,219,223,225,227,229,233,236,240,244,245,247,253,255,256,258,259,260,265,266,268,269,270,272,275,277,281,283,285,289,293,294,296,298,301,304,307,308,312,313,314,315,316,317,319,320,321,324,325,327,328,331,332,334,335,336,338,341,343,345,348,350,353,355,362,363,365,366,367,371,380,382,389,395,396,412,415,421,429,442,484,630,657
47,27,42,46,49,50,52,53,54,55,56,58,60,61,62,64,65,66,67,68,69,70,71,73,74,76,77,78,81,82,84,85,86,87,89,90,92,93,95,98,99,100,101,102,106,108,109,110,120,122,124,126,134,135,137,140,143,145,146,149,155,156,157,158,159,166,169,171,178,179,180,182,183,190,192,193,199,201,202,203,211,214,222,223,224,229,232,234,236,237,238,241,242,248,254,255,256,261,263,267,268,269,270,272,274,276,278,280,282,287,289,294,295,297,299,302,303,305,306,308,312,313,316,323,325,327,328,332,336,347,348,354,356,362,375,408,429,431,450,591,613
48,47,48,51,53,54,55,56,57,58,59,60,61,62,63,64,65,66,67,69,70,71,72,73,75,78,80,82,85,87,89,94,98,99,102,106,108,111,115,119,120,124,125,130,131,133,138,140,141,143,144,146,148,154,156,159,171,172,173,174,176,177,181,182,187,194,195,196,199,201,202,203,207,212,213,218,219,221,233,234,241,245,247,248,255,257,258,265,266,271,284,287,290,293,299,301,302,306,308,311,314,327,328,332,335,338,339,341,350,359,362,365,368,377,379,386,394,402,413,418,436,447,503,590,617
49,45,48,49,50,51,52,53,55,56,57,58,59,60,61,63,64,66,67,69,76,77,78,81,83,84,85,87,88,89,91,93,99,102,105,106,108,112,113,115,117,118,124,148,150,152,153,154,159,160,170,176,181,182,189,190,192,195,196,198,200,203,204,214,216,217,218,219,227,228,229,232,233,235,237,241,242,246,248,250,251,252,257,263,264,267,273,277,279,282,284,285,286,289,290,293,294,298,302,303,305,307,309,313,314,316,317,318,325,329,330,333,336,337,345,357,359,360,362,363,365,389,392,438,440,442,464,470,585,682,698
50,40,44,45,47,51,52,54,55,56,57,59,60,61,62,63,64,65,68,69,70,71,74,75,76,77,78,79,80,81,82,83,84,88,89,91,92,94,96,97,101,102,105,107,108,111,112,122,125,130,132,134,137,138,139,147,154,160,167,170,171,172,183,184,199,202,204,206,213,214,219,222,224,226,228,229,230,231,232,239,243,245,248,249,252,254,255,256,257,259,260,261,262,263,268,269,270,271,274,279,285,291,296,297,299,300,305,308,313,315,316,321,327,336,338,340,342,350,359,383,391,410,416,433,434,447,476,653
51,50,51,55,56,57,58,59,60,61,62,63,64,65,68,69,70,74,76,77,79,80,81,83,87,89,90,93,94,98,101,102,103,104,105,106,108,109,110,115,119,120,121,122,123,126,130,138,145,147,150,155,157,160,161,164,165,170,176,178,186,189,191,194,196,197,198,202,206,207,209,210,218,225,228,234,236,244,251,253,255,257,258,259,261,262,267,273,277,279,284,287,290,294,297,299,304,309,315,325,329,331,332,334,341,342,350,356,357,362,368,391,394,395,401,417,432,436,471,515,570
52,46,50,52,53,55,58,59,63,65,69,71,72,75,76,77,78,79,80,81,82,83,84,85,87,88,89,91,92,96,99,101,102,103,106,109,111,114,116,117,123,127,128,129,130,133,141,144,145,146,147,148,149,150,152,155,157,159,160,166,172,175,185,188,190,191,193,196,199,202,217,219,223,227,228,229,231,236,237,238,240,241,244,245,246,247,248,249,251,255,257,258,269,273,280,281,282,285,286,289,290,291,295,298,301,304,309,315,319,324,326,329,332,334,335,347,353,359,393,394,401,402,419,427,438,457,525,622
53,5,11,50,54,55,56,60,61,62,63,65,66,68,73,74,75,76,77,78,79,81,83,84,85,86,87,92,95,98,109,113,115,118,119,120,122,123,128,131,137,144,145,155,158,164,168,172,176,181,183,184,186,192,196,197,199,209,210,211,212,213,215,216,226,228,232,235,238,240,242,247,250,253,254,255,260,261,262,271,273,274,275,280,281,283,286,296,302,304,309,313,318,325,328,355,370,374,380,397
54,22,40,50,54,55,56,57,58,60,61,62,64,65,66,67,68,69,71,72,75,76,78,80,81,82,83,84,85,86,87,88,89,92,93,95,97,98,99,100,102,103,104,107,108,110,111,114,115,119,120,123,124,126,135,139,143,145,146,149,150,151,159,160,161,166,170,175,176,177,181,183,184,186,188,198,202,205,211,212,219,223,226,232,241,242,245,248,256,257,265,267,273,278,280,281,286,288,289,290,292,293,299,301,302,303,307,310,311,312,315,316,317,320,321,322,332,339,341,352,354,356,365,375,377,378,386,402,432,496,554
55,52,54,55,56,58,62,64,68,73,75,77,78,80,81,82,83,88,89,91,92,94,96,97,99,101,102,103,104,105,106,107,108,109,110,111,112,113,114,116,120,121,122,125,126,127,134,135,144,145,158,167,174,176,180,184,185,187,190,195,204,206,208,211,212,216,217,219,220,221,222,223,224,225,226,228,234,235,236,238,239,244,248,250,252,253,254,255,258,259,263,264,267,273,285,289,293,294,296,297,298,299,305,309,311,313,316,317,318,326,333,338,340,342,346,349,363,366,369,375,378,388,389,393,413,440,481,515
56,5,58,60,61,62,63,64,67,68,71,72,74,75,78,80,81,82,83,85,86,87,88,89,91,92,93,94,95,96,97,99,100,101,104,106,110,113,114,117,120,122,124,127,130,131,134,138,143,144,149,150,151,153,157,163,165,167,169,170,172,173,175,178,179,180,189,191,192,196,199,200,201,202,204,209,210,212,213,214,216,217,219,221,230,231,233,234,235,242,243,246,249,250,252,256,257,260,272,277,284,286,290,291,297,298,302,303,304,305,306,310,311,318,328,354,356,365,374,642,658,687
57,11,57,58,59,60,61,63,64,66,67,68,69,73,75,79,81,83,84,87,88,89,90,91,92,93,94,96,97,98,99,100,102,105,106,109,110,111,114,116,120,122,125,127,133,134,135,138,147,149,151,152,153,156,160,162,163,166,167,168,169,170,174,178,179,181,183,185,188,190,192,193,196,197,198,203,204,205,206,214,217,221,222,228,230,234,240,243,247,253,255,264,265,266,268,269,272,279,282,290,311,312,319,320,322,323,324,328,332,357,374,380,389,415,467,497,557,560,563,597,602,679
58,51,55,57,61,63,64,65,66,67,70,72,73,75,76,77,78,79,80,81,82,85,86,89,90,92,93,94,95,99,101,104,105,107,111,112,116,117,118,119,120,122,123,125,126,132,133,134,143,149,150,151,154,155,157,158,160,163,165,167,169,170,175,184,188,192,193,194,202,203,207,208,212,215,219,221,224,226,228,230,231,232,233,234,237,238,243,247,249,250,251,260,261,266,268,277,278,279,280,282,294,297,298,300,306,311,313,315,316,318,320,322,325,326,331,334,340,342,350,351,372,377,441,527
59,16,44,59,63,66,67,68,70,72,73,74,77,79,80,83,84,87,88,92,93,99,104,107,108,117,118,120,123,130,131,138,141,142,146,147,149,150,151,152,155,156,159,162,165,167,168,172,173,175,177,178,179,184,190,191,194,202,203,204,205,207,210,212,215,216,217,219,220,221,227,230,237,240,244,246,248,250,270,273,274,275,280,282,287,292,308,317,326,333,342,343,352,364,365,397
60,28,47,60,61,62,64,66,68,72,73,74,75,79,80,81,87,89,92,94,95,98,100,102,103,104,105,107,108,109,110,111,112,113,115,117,118,119,121,122,126,129,133,134,135,138,139,141,150,151,152,157,162,163,164,165,166,167,172,174,175,177,182,183,187,189,190,194,196,205,210,213,220,221,231,235,245,246,247,249,258,262,278,300,312,315,329,340,344,350,368,370,468,526,557,614,670
61,56,61,62,64,67,68,70,71,72,73,80,85,87,88,89,90,91,93,95,99,101,102,105,106,107,109,110,111,112,115,117,118,119,120,122,124,125,133,134,136,138,141,145,146,152,159,171,172,175,179,181,184,200,204,213,218,219,221,229,232,242,243,246,250,254,255,268,280,287,289,301,304,312,319,327,333,337,367,384
62,2,48,54,57,58,61,62,65,67,71,74,75,77,78,79,80,81,82,83,85,86,87,88,89,90,91,92,94,95,96,100,102,103,104,106,107,109,111,112,114,116,118,119,121,123,125,126,127,131,133,144,151,153,157,162,166,174,181,188,200,205,206,213,217,218,221,228,237,244,246,247,249,289,312,314,343,349,393,624,638,641
63,39,49,51,52,53,56,57,59,62,63,64,65,66,67,68,74,76,80,83,86,88,89,90,92,94,97,101,102,103,109,115,122,126,127,129,136,138,167,175,177,178,179,184,185,188,192,200,206,208,210,216,224,225,226,234,241,244,297,410,475,538,610
64,46,49,50,52,56,57,60,61,62,65,66,68,69,71,72,73,74,75,77,79,81,82,84,85,91,96,97,99,103,104,105,106,107,108,110,112,113,114,115,119,122,125,187,248,571
65,46,48,49,50,56,60,62,70,77,78,80,82,83,84,86,88,89,90,91,92,96,98,101,106,107,111,116,117,118,119,120,125,128,129,130,132,133,134,136,137,142,652
66,14,43,58,71,77,78,81,94,100,101,102,106,111,116,122,130,132,179,183,246,370,433,531
67,
68,28,526,532,693
69,87,280,339
70,14,25,339,414,523,531,540,576,577,699
71,522,561,633
72,349,566,658
73,279,470,471,493
74,124,323,437,483,602,649
75,230,389
76,466,562,564
77,193,583
78,120,332,500,571
79,261,330,551,673
80,89,125,536,568,631
81,51,88,611,679
82,25,143,167
83,35,460,591,676
84,
85,
86,
87,
88,
89,
90,
91,
92,
93,
94,
95,
96,
97,
98,
