2
0,107
1,23,187,504,579,598
2,6,414,432,628
3,218,307,450,461,476,597,609,618
4,12,42,152,163,198,297,342,410,419,449
5,94,195,252,383,488,682,684
6,110,188,258,297,400,561,568,571,593,611
7,40,42,43,44,49,55,56,58,59,61,65,73,75,98,201,433,578,604
8,43,45,46,47,49,50,51,52,53,54,55,56,58,59,63,64,65,67,68,69,70,71,72,76,77,78,80,81,82,84,85,86,87,92,100,367,437,455,515,577,597
9,42,45,46,47,48,50,51,52,53,54,55,56,57,58,59,60,61,62,63,64,65,66,67,68,69,70,71,72,73,74,75,76,77,78,79,80,81,82,83,84,85,86,87,88,89,90,91,94,95,96,97,98,100,101,102,103,105,106,110,113,116,130,164,524,553,563,579,594
10,46,48,49,50,52,53,54,55,56,57,58,59,60,61,62,63,64,65,66,67,68,69,70,71,72,73,74,75,76,77,78,79,80,81,82,83,84,85,86,87,88,89,90,91,92,93,94,95,96,97,98,99,100,101,102,103,104,105,106,107,108,109,110,111,112,113,114,115,116,117,118,119,120,121,122,123,124,125,126,127,128,129,130,131,132,133,134,135,136,137,138,139,140,141,142,143,144,145,146,147,148,149,150,152,153,155,156,157,158,159,160,161,162,163,164,165,166,167,168,169,170,171,172,173,174,175,176,180,181,182,317,506
11,47,48,49,52,54,55,56,57,58,59,60,61,62,63,64,65,66,67,68,69,70,71,72,73,75,77,78,79,80,81,82,83,84,85,86,87,88,89,90,91,92,93,94,95,96,97,98,99,100,101,102,103,104,105,106,107,108,109,110,111,112,113,114,116,117,118,119,120,121,122,123,124,125,126,127,128,129,130,131,132,133,134,136,137,138,139,140,141,142,143,144,145,146,147,148,149,150,151,152,153,154,155,156,157,158,159,160,161,162,163,164,165,166,167,168,169,170,171,172,173,174,176,177,178,179,180,181,182,183,184,185,186,187,188,189,190,191,192,193,194,195,196,197,198,199,200,201,202,203,204,205,206,207,208,209,210,211,212,213,214,215,216,217,218,219,220,221,222,223,224,225,226,227,228,229,230,231,232,233,234,235,236,237,238,239,240,241,242,243,244,245,246,247,248,249,250,251,253,254,255,256,257,258,259,260,261,262,263,264,265,268,269,270,271,273,274,275,277,281,283,286,287,288,291,293,299,303,304,305,309,310,311,314,315,323,325,328,332,334,337,338,350,365,380,395,429,447,541,618,687
12,46,51,52,53,54,57,58,59,62,63,66,67,68,69,70,71,72,73,74,75,76,77,78,79,80,81,83,84,85,86,87,88,89,90,91,92,93,94,95,96,98,99,100,101,102,103,104,105,106,108,109,110,111,113,114,115,116,118,119,120,121,122,123,126,129,130,131,134,135,136,137,138,139,140,141,142,143,144,145,146,147,148,149,150,151,152,153,154,155,156,157,158,159,160,161,162,163,164,165,166,167,168,169,170,171,172,173,174,175,176,177,178,179,180,181,182,183,184,185,186,187,188,189,190,191,192,193,194,195,196,197,198,199,200,201,202,203,204,205,206,207,208,209,210,211,212,213,214,215,216,217,218,219,220,221,222,223,224,225,226,227,228,229,230,231,232,233,234,235,236,237,238,239,240,241,242,243,244,245,246,247,248,249,250,251,252,253,254,255,256,257,258,259,260,261,263,264,265,266,267,268,269,270,271,272,273,275,276,278,279,280,282,283,285,287,288,289,292,293,294,296,298,301,302,303,304,305,306,307,308,309,310,311,312,314,315,316,319,322,324,326,327,331,335,336,337,340,342,347,357,360,364,366,374,375,387,465,515
13,45,52,53,54,55,56,58,59,60,61,62,63,64,65,66,67,68,69,70,71,72,73,74,75,76,77,78,79,80,81,82,83,84,85,86,87,88,89,90,91,92,93,94,95,96,97,99,100,101,103,104,107,108,109,110,113,114,115,118,119,120,121,122,123,124,125,128,129,130,131,133,134,137,138,139,140,141,142,143,144,145,146,147,148,149,150,151,152,153,154,155,156,157,158,159,160,161,162,163,164,165,166,168,169,170,171,172,173,174,177,178,179,180,181,182,183,184,185,186,187,188,189,190,191,192,193,195,196,197,198,199,200,201,202,203,204,205,206,207,208,209,210,211,212,213,214,215,216,219,220,221,222,223,224,225,226,227,228,229,230,231,232,233,234,235,236,237,238,239,240,242,244,245,246,247,248,250,251,252,254,255,256,257,258,259,260,261,262,264,266,268,269,270,271,273,274,275,276,278,279,280,281,282,283,284,286,287,293,294,296,297,300,301,303,305,306,307,308,309,310,312,315,317,324,325,329,330,331,332,336,338,339,340,344,347,351,352,353,354,355,356,358,360,361,369,372,376,389,395,400,402,404,408,409,410,502,573
14,50,54,56,57,58,59,60,61,62,63,64,65,66,67,68,69,70,71,72,73,74,75,77,78,80,81,82,83,84,85,86,87,88,89,90,91,92,93,94,96,98,99,100,101,102,103,104,105,107,108,109,110,111,112,113,114,115,116,117,118,119,120,122,123,124,125,126,127,129,130,131,132,133,134,135,136,138,139,140,141,142,143,144,145,146,147,149,150,151,152,153,154,155,156,158,159,160,161,162,163,164,165,166,167,168,169,170,171,172,173,174,175,176,178,181,182,183,184,185,186,187,188,192,193,195,196,197,198,199,200,202,203,204,207,208,209,210,211,212,213,215,216,217,218,219,222,223,224,225,227,228,229,231,232,233,235,236,237,238,239,240,241,242,243,244,246,248,249,250,251,252,254,255,256,257,258,259,260,261,262,263,265,266,267,268,269,270,271,272,273,274,275,276,277,279,280,282,284,285,286,288,289,290,291,292,294,295,296,297,298,300,301,303,304,305,306,309,313,314,315,317,319,320,322,323,324,326,327,328,329,331,333,334,335,338,341,342,345,346,349,354,357,367,371,377,380,388,486,632
15,48,49,51,52,53,55,56,58,59,60,61,62,65,68,70,71,72,74,75,76,77,78,79,80,81,82,83,84,85,86,87,89,90,91,92,93,94,95,96,97,98,99,100,101,102,103,105,106,107,108,109,113,115,118,120,122,124,128,129,130,137,138,141,142,144,145,146,147,148,149,150,152,153,154,155,156,159,160,161,163,164,166,167,168,169,170,171,172,174,175,176,177,178,179,181,182,183,184,185,186,187,188,189,190,191,192,193,195,197,198,199,200,201,203,204,205,206,207,208,209,210,211,212,213,214,215,217,218,219,220,221,222,224,225,226,227,228,229,232,233,234,235,236,237,238,239,240,241,242,244,246,247,248,249,250,251,252,253,254,256,257,258,259,261,262,263,264,266,267,268,269,272,275,277,278,281,283,286,287,290,291,295,297,298,305,307,314,321,323,327,328,329,332,338,339,341,346,353,361,364,366,370,377,384,387,404,413,466,506,597
16,34,49,52,54,56,57,58,59,60,61,62,63,64,65,66,67,68,70,71,72,73,74,75,76,77,78,79,80,82,83,84,85,86,87,88,89,91,92,93,94,95,96,97,98,99,100,101,102,103,104,106,110,111,112,114,116,117,118,120,121,122,124,126,128,129,130,131,133,134,135,136,137,138,141,142,143,144,145,146,147,149,150,151,152,154,155,157,158,159,160,161,162,163,164,165,166,167,168,169,170,171,172,174,175,178,179,181,182,183,184,187,188,189,190,191,192,193,195,196,197,198,200,201,202,203,204,205,206,207,209,210,211,212,214,215,216,217,218,219,220,221,222,223,224,225,226,227,229,230,231,233,234,236,237,238,239,240,243,244,245,246,247,249,250,252,253,254,255,256,257,258,259,260,262,263,264,267,268,269,270,271,272,275,276,277,278,280,281,282,283,285,287,288,292,294,300,301,302,303,305,307,308,309,310,315,320,329,337,339,351,354,362,368,374,399,442,476,554,613,658,699
17,25,48,50,51,52,53,54,55,57,58,59,60,61,62,63,66,67,68,70,71,72,73,75,80,81,87,89,91,92,95,96,97,98,99,100,101,104,105,106,107,108,110,111,114,115,116,117,119,120,123,125,127,128,129,131,132,134,135,137,138,139,140,141,142,143,144,145,146,148,149,150,151,152,153,154,155,157,158,159,160,162,163,164,165,166,167,168,169,170,171,172,174,175,176,177,178,179,180,181,182,184,185,186,187,188,189,190,191,192,193,194,196,197,198,199,200,202,210,211,212,213,215,216,217,219,220,221,224,225,227,229,230,232,233,234,237,238,240,244,246,248,250,252,254,256,257,258,259,265,268,269,271,272,273,276,277,278,281,282,284,287,289,290,294,296,297,300,303,309,310,312,313,315,317,318,320,324,326,329,338,344,350,357,362,363,372,384,395,455,458,493,497,501,634
18,33,44,46,47,49,50,51,52,53,54,56,57,58,59,61,62,64,65,66,67,68,69,70,71,72,74,75,77,78,80,81,82,83,84,85,86,87,88,89,90,91,92,93,94,95,96,97,98,99,100,101,102,103,104,108,109,110,111,112,114,115,118,119,122,128,129,131,135,139,141,142,143,144,145,146,147,148,149,150,151,152,153,154,155,156,157,158,159,161,162,163,164,165,168,169,170,171,172,173,175,176,177,178,179,183,184,186,187,192,193,194,195,196,197,198,201,202,203,204,205,206,207,209,210,212,214,215,216,217,219,220,221,223,224,225,227,230,231,232,233,235,236,237,238,240,241,242,243,244,246,248,249,250,251,252,254,256,258,260,261,264,268,269,272,276,277,279,283,287,291,293,296,297,299,300,301,302,307,309,312,313,315,319,320,323,325,333,335,336,339,354,356,359,369,374,399,409,452
19,33,43,47,49,50,52,55,56,58,59,60,61,62,63,64,65,66,67,68,69,70,73,74,76,77,78,79,80,82,83,84,85,86,87,88,89,90,91,93,95,97,100,101,102,104,105,107,108,113,114,115,117,118,119,120,121,123,125,126,129,130,131,132,135,139,140,143,144,145,146,147,150,151,154,155,156,157,158,160,161,162,163,164,166,167,168,169,170,171,172,173,174,175,177,178,179,180,182,183,184,185,186,188,190,192,193,194,196,198,199,202,203,204,205,208,210,211,212,213,215,216,217,219,220,224,227,228,229,230,231,232,237,238,239,241,245,246,247,248,251,254,257,258,259,262,263,264,265,267,269,271,272,273,274,276,278,280,287,290,291,296,297,300,301,303,304,309,311,312,313,314,316,317,321,323,326,327,334,336,338,342,343,360,370,395,396,436,545,677
20,38,45,48,51,52,53,54,56,57,58,59,61,62,63,65,66,67,68,69,71,72,74,76,77,78,79,80,84,86,91,93,94,96,97,98,99,102,105,107,111,112,114,115,116,117,118,123,124,125,127,128,129,132,133,134,135,137,138,139,140,141,142,143,145,146,148,149,150,151,152,153,155,156,157,158,160,164,166,167,168,169,170,171,172,173,174,175,176,177,178,180,184,185,186,188,189,190,195,196,197,199,200,201,202,205,208,209,210,214,218,220,222,223,224,225,226,227,228,229,230,231,233,235,238,240,242,243,245,246,247,248,249,250,251,252,253,257,259,260,261,262,263,265,267,269,274,279,281,282,287,288,289,294,295,297,299,305,307,311,313,316,317,318,320,322,323,327,334,336,345,346,353,355,357,361,368,369,370,379,392,396,423,460,470,487,542
21,39,50,53,54,55,56,57,58,59,61,62,63,64,66,68,69,71,72,73,75,76,77,78,79,80,81,82,83,84,85,86,87,89,90,91,92,94,97,98,100,101,102,103,104,107,108,109,110,111,113,115,117,120,121,122,123,126,133,136,137,140,142,143,145,146,147,150,151,153,155,156,157,158,159,160,161,162,163,167,168,169,172,176,177,181,182,184,185,186,188,189,190,195,198,199,200,201,203,204,205,206,207,208,210,211,212,213,214,215,216,217,218,220,222,224,225,227,228,229,231,232,234,236,237,239,241,243,245,247,251,252,254,255,256,257,259,260,262,264,266,268,273,274,279,280,282,286,290,291,292,300,301,306,307,309,313,318,320,321,322,323,328,332,333,336,337,338,356,358,359,370,372,378,392,402,411,426,434,450,655,661
22,51,52,54,57,58,59,60,63,64,65,67,68,69,70,71,72,73,74,75,76,77,78,79,80,81,82,83,84,86,87,88,89,90,91,92,95,96,97,98,101,102,104,107,108,110,114,116,119,120,121,124,126,128,130,134,135,138,140,141,143,144,145,148,151,152,153,159,161,162,164,165,167,169,170,172,175,176,177,178,180,181,182,183,184,185,186,187,188,189,192,193,194,195,196,197,198,199,201,205,206,209,210,211,214,218,220,221,222,223,224,225,228,229,231,232,234,239,240,241,242,243,246,247,249,250,252,254,256,262,268,269,272,277,278,280,282,284,285,286,287,289,294,300,302,305,306,313,320,322,323,333,336,340,358,361,364,365,376,420,667,697
23,52,53,54,56,57,60,61,62,63,64,65,66,67,68,69,71,72,73,75,76,78,79,80,82,84,87,89,94,96,97,100,101,103,104,105,107,110,111,113,114,115,116,117,118,120,121,122,123,124,125,126,127,131,132,135,142,143,145,146,147,149,150,151,152,153,154,155,157,158,159,162,164,165,166,167,168,170,171,172,173,174,175,176,177,178,179,181,183,185,187,189,194,197,198,199,203,205,206,207,208,211,216,218,221,223,224,226,228,229,232,233,235,237,239,241,243,245,246,253,254,256,271,273,274,275,280,283,284,288,290,291,299,301,305,306,309,310,311,312,313,320,328,332,343,347,348,351,358,367,391
24,27,36,53,54,55,56,59,60,61,62,63,64,65,67,68,71,72,73,75,77,78,79,80,81,82,83,84,85,86,87,88,89,91,92,93,94,95,96,98,99,100,101,104,106,108,111,112,114,115,118,121,123,124,131,135,137,143,144,146,147,148,150,151,152,154,155,156,157,158,159,161,162,163,166,167,168,169,170,172,176,179,180,183,184,185,186,188,190,191,193,194,197,198,201,202,203,204,205,206,209,210,211,213,214,215,216,217,218,219,221,222,223,224,227,228,229,231,233,235,238,239,240,241,245,247,248,249,253,254,255,256,259,261,264,266,267,268,271,273,278,282,287,288,289,293,297,300,307,309,313,324,327,332,349,357,361,434,505,683
25,51,57,58,59,60,63,64,65,66,67,68,69,70,72,73,74,75,76,78,79,80,81,83,84,85,87,89,90,91,92,93,94,99,100,104,109,111,113,117,118,119,126,128,132,134,135,136,139,140,142,143,145,146,147,151,153,155,156,158,159,160,162,163,168,170,172,173,178,179,180,181,182,184,185,186,188,189,190,191,192,194,195,196,197,199,200,203,204,205,206,207,209,210,212,214,215,216,217,218,220,222,226,231,234,239,241,243,248,249,254,257,258,261,263,265,266,267,270,271,274,278,281,285,286,288,289,301,302,306,310,317,325,341,342,346,347,373,374,381,386,404
26,33,41,54,55,56,57,59,60,62,63,64,65,66,68,69,70,72,73,74,75,76,78,79,80,81,82,84,85,90,91,92,93,95,100,103,104,105,107,110,111,112,113,115,116,117,118,121,123,124,125,126,127,128,133,136,137,140,144,145,146,148,149,150,151,152,153,154,155,156,157,159,160,161,162,164,165,166,167,168,170,171,172,174,175,176,177,178,179,181,182,184,185,186,187,188,189,191,192,194,195,196,197,198,200,201,202,205,206,207,208,212,215,216,217,219,220,223,231,233,237,239,245,246,250,253,254,257,263,264,267,268,271,273,274,281,284,286,288,289,291,294,296,297,301,307,316,319,320,326,362,364,373,377,392,440,521,593,611
27,23,56,57,58,63,64,65,67,68,70,71,72,73,74,75,76,78,80,81,83,84,85,86,87,88,89,91,92,93,94,95,96,97,98,100,101,102,104,105,106,107,108,109,110,111,112,113,114,117,118,119,120,121,122,123,125,127,129,135,139,140,146,152,153,155,156,159,166,168,169,174,175,178,181,182,183,184,185,186,188,191,192,196,199,200,204,205,206,207,208,210,211,212,215,218,219,224,225,226,228,229,230,231,234,235,240,241,242,243,245,246,249,252,253,255,256,257,258,260,261,262,269,270,275,279,280,281,282,283,293,295,296,297,298,301,305,308,311,314,316,318,320,322,328,330,351,353,363,387,495,520
28,35,53,57,59,61,62,66,67,69,70,71,72,74,75,76,78,79,81,82,83,84,86,87,92,93,94,95,96,97,98,99,100,102,103,104,105,106,107,108,109,114,117,118,119,120,122,123,124,125,130,132,133,142,145,147,149,152,154,156,161,163,166,169,173,174,177,178,180,181,182,184,186,187,188,189,192,193,197,199,200,201,202,205,207,209,211,212,214,215,217,219,221,224,226,227,229,230,231,232,234,236,241,242,244,246,249,258,259,261,263,264,266,270,271,274,276,279,282,284,286,287,289,291,294,299,300,305,308,318,319,320,322,328,329,331,333,339,342,343,352,368,371,372,376,380,407,466,538
29,52,58,60,61,63,64,65,66,67,68,69,70,71,74,75,77,78,79,80,81,83,84,85,86,87,88,89,90,92,93,95,96,97,98,100,101,103,104,107,108,111,113,116,117,121,122,123,128,130,132,133,134,135,139,149,151,157,159,161,162,163,164,165,167,168,169,171,172,174,175,176,178,179,180,181,182,185,187,190,193,194,196,199,200,201,202,203,205,207,208,216,219,220,224,226,228,229,232,236,237,240,242,251,257,260,268,276,279,282,285,286,287,291,295,296,301,303,306,307,308,312,314,318,336,338,345,346,350,381,387,445
30,50,56,60,61,62,63,64,66,67,69,70,71,72,73,74,76,77,78,80,81,82,83,84,85,86,87,88,89,91,95,98,102,103,106,109,110,111,112,113,114,115,117,118,122,124,125,130,132,134,140,142,145,146,147,149,152,157,159,160,161,163,164,165,167,168,169,171,173,174,176,179,180,184,185,187,188,195,196,197,198,201,202,204,206,210,211,212,213,216,222,224,228,229,232,233,236,240,241,242,245,246,248,252,253,257,260,265,268,270,277,278,284,299,302,305,306,309,311,312,315,318,319,329,334,340,356,379,380,381,556,691
31,40,51,62,63,64,65,66,67,68,69,70,71,72,76,77,78,79,80,81,82,83,84,85,86,87,88,91,92,93,94,95,96,97,100,101,103,104,106,107,109,110,112,114,115,116,117,118,120,121,122,124,125,126,128,129,130,131,132,141,150,156,157,158,160,163,165,167,168,171,175,176,178,182,183,184,186,191,192,193,194,196,198,200,201,202,204,206,215,221,223,224,227,235,236,237,240,242,243,246,249,251,252,253,255,262,263,264,266,268,269,273,275,277,286,287,288,290,292,293,298,299,302,304,307,310,311,319,323,329,332,342,345,349,362,370,373,401,419,420,433
32,56,59,60,61,63,64,66,68,71,72,73,74,76,77,78,79,80,81,83,84,85,86,87,88,89,90,91,92,93,94,95,97,98,99,100,101,102,103,104,106,108,109,110,111,113,114,115,116,117,121,122,123,124,127,128,129,130,133,136,142,151,153,154,155,161,166,167,170,172,173,176,178,179,180,182,183,184,185,187,188,189,191,193,195,196,199,200,202,203,206,207,209,210,218,219,221,224,225,226,227,228,230,231,234,236,237,238,244,245,252,255,258,259,260,263,265,266,272,277,278,282,292,298,302,308,309,312,317,318,320,321,333,334,341,345,346,368,373,397,428,443,598
33,48,58,60,61,63,64,65,67,68,69,70,71,72,73,74,75,76,77,79,80,81,82,83,85,86,88,89,90,91,92,93,95,97,98,99,100,101,102,103,104,105,106,107,109,111,113,116,118,125,126,127,128,129,139,141,147,149,152,158,159,161,163,164,165,167,168,169,171,172,173,174,176,178,179,180,183,184,188,190,191,195,196,197,199,200,201,204,205,206,207,208,209,214,217,219,221,227,231,232,233,234,246,247,249,251,254,255,261,262,266,267,269,270,272,276,279,285,291,293,300,304,314,318,358,380,383,453,476,594,656
34,58,59,60,61,62,63,66,67,69,71,72,73,74,75,76,77,78,79,80,83,88,91,92,93,94,96,98,99,103,107,108,110,111,113,114,115,116,117,119,120,121,122,123,124,125,126,127,128,131,133,136,139,140,141,145,150,151,164,165,167,168,173,174,177,178,179,180,184,188,189,190,193,194,197,198,199,201,202,208,209,210,214,215,216,218,221,222,226,229,236,237,241,246,247,248,250,252,257,261,268,269,278,279,294,295,298,310,321,322,351,353,372,376,406,425,501,536
35,25,52,59,61,62,63,64,66,67,68,69,70,72,73,74,75,76,78,79,80,81,82,84,87,89,95,99,100,102,103,104,105,108,112,118,121,122,124,125,126,127,128,129,131,132,133,139,142,144,147,149,155,156,157,159,160,162,164,165,168,169,170,172,173,174,178,179,182,183,187,189,191,192,195,197,199,201,207,220,231,237,245,250,252,254,265,266,277,291,292,296,308,331,358,448,512,580
36,54,58,60,61,62,63,64,66,68,69,70,72,74,76,77,78,79,80,81,83,84,85,86,89,90,91,93,94,95,99,100,102,103,104,106,108,110,112,115,117,118,119,122,123,126,127,129,130,133,135,154,156,160,163,167,171,173,175,176,177,178,179,184,199,201,207,212,214,216,218,219,223,232,235,240,241,242,243,250,255,259,260,262,264,279,280,296,309,315,318,365,372,373,386,387,409,417
37,62,67,68,69,71,73,74,76,77,78,79,81,82,84,85,86,87,89,91,93,96,98,99,102,103,104,105,106,108,111,113,114,116,117,118,119,121,125,129,133,134,136,137,146,148,150,152,153,159,161,162,163,165,166,167,169,170,171,172,173,174,175,182,184,186,193,194,196,200,205,210,212,213,224,225,228,229,231,233,234,235,236,237,244,259,260,265,266,268,276,304,320
38,52,56,59,65,66,67,69,70,71,72,73,74,75,76,77,78,79,80,81,84,88,89,91,94,95,98,100,101,104,105,112,115,116,118,120,122,123,126,128,129,130,134,135,137,148,156,159,164,165,169,171,172,173,175,178,180,182,187,189,194,199,203,209,213,219,221,223,224,228,230,241,253,257,300,314,495
39,53,58,64,66,69,71,74,75,77,79,81,86,87,88,91,92,94,97,98,102,103,105,106,108,110,111,114,115,120,122,127,128,132,136,137,148,151,153,158,165,169,170,175,180,191,192,193,197,206,208,211,212,218,221,238,244,248,250,251,254,262,273,302,310,445,481,609,649
40,62,68,70,76,80,82,85,86,88,90,91,92,93,94,96,99,100,101,102,105,108,110,112,115,119,120,121,123,124,134,158,159,161,165,167,168,169,170,182,185,190,204,211,214,215,222,232,237,240,242,259,262,268,274,288,301,304,449,465,687
41,55,59,66,68,70,72,73,74,77,82,84,86,87,88,90,92,93,94,100,101,104,105,109,111,112,116,118,119,121,122,124,125,130,137,141,169,171,177,179,180,188,245,251,266,274,311,323,326,515
42,38,63,71,74,75,79,80,81,82,83,85,87,89,93,97,98,99,100,104,106,107,116,129,136,139,166,169,173,200,212,216,218,228,229,247,270,441,563,577,662
43,69,73,80,82,87,91,93,94,96,109,115,121,136,140,142,194,242,367,472,536,584,670,682
44,1,62,66,70,76,78,80,81,82,84,85,88,91,94,98,99,100,120,124,125,126,127,135,176
45,65,66,67,69,74,79,81,82,87,100,103,107,108,114,120,123,125,153,231,238
46,63,65,94,95,96,99,104,112,117,118,121,131,133,155,289,393,492,618,693
47,57,64,71,77,82,87,89,98,99,102,103,107,110,171,301,331,369,526,646,665
48,49,121,144,152,401
49,384,390,518,527,607,671
50,263,371,403,424,455
51,
52,483,600
53,20,353,407,510,596,684
54,120,504,660
55,243,469,474,687
56,442,460,461,463,524,540
57,332,335,528,633
58,642
59,13,145,543,649
60,189,302,388
61,87,139,163,229,242,277,288,354
62,
63,
64,
65,
66,
67,
68,
69,
70,
71,
72,
73,
74,
75,
76,
77,
78,
79,
80,
81,
82,
83,
84,
85,
86,
87,
88,
89,
90,
91,
92,
93,
94,
95,
96,
97,
98,
