1
0,356
1,56,463,476,532,553
2,30,100,103,104,106,112,276,296,680,689
3,55,98,101,102,106,107,108,109,110,111,112,113,114,115,116,117,118,120,123,125,127,131,133,694
4,68,91,93,95,96,97,98,99,100,101,102,103,104,105,106,107,108,109,110,111,112,113,114,115,116,117,118,119,120,121,122,123,124,125,126,127,128,129,130,131,132,133,134,135,137,138,139,140,141,142,143,144,145,146,147,148,149,150,151,152,153,155,156,158,163,165,175,183,196,214,418,455,597
5,51,89,90,91,92,93,94,95,96,97,98,99,100,101,102,103,104,105,106,107,108,109,110,111,112,113,114,115,116,117,118,119,120,121,122,123,124,125,126,127,128,129,130,131,132,134,135,136,137,138,139,140,141,142,143,144,145,146,147,148,149,150,151,152,153,156,157,158,159,160,161,162,163,164,165,166,167,168,169,170,171,172,173,174,175,176,177,178,179,180,181,182,183,184,186,187,188,190,191,192,193,194,195,196,197,198,199,201,202,203,204,205,206,207,208,209,210,211,212,213,214,215,216,217,218,219,221,222,223,227,232,233,234,238,239,242,243,245,246,253,255,258,260,270,331,400,488,517
6,89,90,92,94,95,96,97,99,101,102,103,104,105,106,107,109,110,111,112,113,114,115,116,117,118,119,120,121,122,123,124,125,126,127,128,129,130,131,132,133,134,135,136,137,139,140,141,142,144,147,148,149,150,151,152,154,155,158,159,160,161,162,164,166,167,170,173,176,177,178,181,184,185,186,187,189,190,191,192,193,195,196,197,198,199,201,202,203,204,205,206,208,209,210,211,213,214,215,216,217,218,219,220,222,223,224,225,227,228,231,233,234,235,237,239,240,241,242,244,246,247,250,251,253,254,257,258,259,261,263,270,271,277,281,286,288,291,292,293,298,301,343,393,438,675,692
7,44,89,92,95,98,99,100,101,102,103,104,105,106,107,108,109,110,111,112,113,114,115,116,117,118,119,120,121,122,123,124,125,126,127,128,129,130,131,132,133,134,135,136,137,138,139,140,141,143,144,145,146,148,149,150,151,152,154,155,156,157,158,159,160,161,162,163,164,165,166,167,168,169,172,173,174,175,176,177,179,180,181,184,186,187,188,189,190,191,192,193,194,195,196,197,198,199,200,201,202,203,204,205,206,207,209,210,211,212,213,214,215,216,217,218,219,220,221,222,223,224,225,227,228,229,230,231,233,234,235,237,238,240,241,242,243,244,246,247,248,249,250,251,252,254,255,256,257,259,260,262,265,266,267,268,271,277,281,282,283,284,285,287,290,291,292,293,294,295,300,302,309,311,312,346,348,369,371,403,456,517,694
8,96,97,98,99,100,101,104,106,107,108,110,111,112,113,115,116,117,118,119,120,122,123,124,125,127,128,129,130,132,133,134,136,137,138,139,140,141,142,143,144,145,147,148,149,151,152,153,154,155,156,157,158,159,161,162,163,164,165,166,168,170,174,176,179,183,184,186,188,189,191,192,193,194,195,196,197,198,199,200,201,202,203,204,205,206,207,208,209,210,211,212,213,214,215,216,217,218,219,220,221,222,223,224,225,226,227,228,229,230,231,232,233,234,235,236,237,238,239,241,242,243,244,245,246,247,248,250,251,252,253,254,256,257,258,259,260,261,262,263,264,265,267,268,269,270,272,275,276,277,278,279,280,282,283,284,285,286,287,288,289,290,291,292,293,294,295,297,299,300,303,306,307,313,315,316,317,318,322,323,326,329,330,334,335,341,342,343,345,354,373,376,403,461,670,680
9,85,93,94,95,97,98,99,100,101,102,103,104,105,106,108,109,110,113,114,116,117,118,121,122,123,124,126,127,128,129,130,131,132,133,134,135,136,137,140,141,142,144,145,146,147,148,150,151,152,153,154,155,158,159,161,162,163,167,170,173,175,176,177,178,179,181,185,188,189,190,191,192,194,195,197,198,199,200,201,202,203,205,206,207,208,209,210,211,212,213,214,215,216,217,218,219,220,221,222,223,224,226,227,228,229,230,231,232,233,234,235,236,237,238,239,240,241,242,244,245,247,248,250,251,252,253,254,255,256,257,258,259,260,261,262,263,264,266,267,268,269,271,272,273,274,275,276,278,279,281,282,283,284,285,286,288,290,291,292,294,295,297,298,299,300,302,303,304,305,307,309,310,311,312,314,316,318,319,320,321,323,324,326,327,330,332,333,334,335,336,340,342,343,344,345,346,349,350,351,355,357,359,364,367,368,376,387,389,391,398,432,469,514,582,616
10,88,90,91,92,93,95,96,97,98,100,101,103,104,105,106,107,108,109,110,111,112,115,116,117,118,119,121,122,123,124,126,128,129,131,132,133,134,135,139,142,145,146,147,148,150,151,153,154,155,156,162,163,164,166,167,168,169,171,172,173,174,175,176,177,179,180,181,185,186,189,190,191,192,193,194,195,196,197,198,199,200,201,203,204,205,206,207,208,210,211,213,215,216,217,218,219,220,222,223,224,227,228,229,230,231,232,233,234,235,236,238,239,240,242,243,245,248,250,252,254,255,256,258,259,260,261,262,263,265,267,269,270,271,272,273,274,275,276,277,278,279,280,281,283,284,287,288,289,291,293,294,297,300,302,303,304,307,309,312,313,315,317,319,320,322,323,325,328,329,330,332,336,337,339,350,351,352,357,358,359,360,361,362,365,366,367,377,391,408,424,429,497,509,573
11,79,90,92,93,94,95,96,97,98,100,101,102,103,105,106,107,108,109,110,112,113,114,115,116,117,119,120,121,122,123,124,125,126,127,128,129,130,131,132,133,134,135,136,137,138,140,141,143,144,145,147,148,150,154,155,156,157,160,163,165,168,169,171,172,173,178,180,184,186,187,189,190,193,194,195,197,199,200,203,210,211,213,215,217,219,220,221,222,223,226,229,230,232,235,236,238,239,240,242,243,245,246,247,248,249,250,251,252,253,255,256,257,258,259,260,261,262,263,264,265,267,270,271,272,273,276,277,280,281,282,283,284,285,288,289,290,291,292,293,295,296,297,298,299,301,302,303,304,305,306,309,310,313,314,316,318,319,320,321,322,323,324,325,326,327,328,329,330,331,332,334,336,337,338,339,340,341,351,352,355,356,368,370,371,391,395,401,402,413,482
12,13,82,87,88,89,94,95,98,100,102,103,104,106,107,108,109,111,112,113,114,115,117,118,119,120,121,123,124,125,126,127,129,131,132,133,134,135,136,137,138,139,140,142,144,145,146,147,148,149,150,151,152,153,154,158,159,160,161,162,163,165,166,167,168,169,170,171,174,178,180,183,185,188,189,197,198,201,203,204,205,212,213,214,215,217,218,219,221,222,225,226,227,230,231,232,234,239,240,242,243,245,246,248,250,254,255,256,258,261,265,266,268,270,271,273,276,277,278,280,282,286,288,289,290,291,292,293,294,298,299,300,301,302,305,306,307,308,310,311,314,315,317,319,321,322,323,327,328,329,332,333,337,338,345,351,352,353,356,357,360,361,363,366,367,368,372,373,376,388,395,418,457,481,504
13,93,94,95,97,98,99,100,101,102,103,105,107,108,109,110,112,113,115,116,118,119,121,122,123,124,125,127,128,129,131,134,135,138,139,140,141,142,143,144,146,147,148,149,150,151,152,153,154,159,160,162,164,165,167,168,169,172,173,174,175,176,178,180,181,184,195,200,205,206,207,208,211,212,213,216,218,220,221,222,224,226,228,229,231,237,238,239,242,243,246,247,248,249,250,252,253,254,255,258,260,261,265,266,267,269,270,273,274,275,279,280,284,286,287,288,289,291,292,293,294,295,296,297,299,300,301,302,303,305,306,307,308,309,310,312,313,314,315,316,318,319,320,321,322,324,327,328,329,332,334,337,338,343,344,347,351,353,354,361,365,369,377,383,385,404,449,466,483,638,693
14,83,89,91,95,97,98,101,102,103,105,106,108,109,110,111,112,115,117,118,119,120,121,122,123,125,126,127,128,129,130,131,132,133,134,136,137,138,139,140,141,142,143,144,146,147,148,149,150,151,153,154,159,162,163,164,167,168,170,171,173,175,179,180,181,182,185,190,192,196,201,202,206,209,210,215,222,224,229,230,232,235,239,241,242,243,244,247,248,250,252,253,254,255,256,257,258,259,260,262,263,264,265,267,269,271,272,273,274,277,278,279,280,283,284,285,286,287,288,289,290,291,292,293,294,295,297,299,300,301,304,306,307,308,309,311,312,313,314,315,316,318,320,321,322,323,325,326,327,330,331,335,336,340,342,343,344,347,353,355,358,359,362,369,379,384,389,406,408,661
15,15,83,88,91,93,94,97,99,100,101,102,103,104,105,106,107,108,110,112,113,115,116,117,118,119,120,122,123,125,126,127,128,129,130,132,135,137,138,139,141,142,145,146,147,148,150,151,152,154,156,157,158,162,163,164,165,168,169,170,171,173,176,177,179,183,185,186,187,189,192,195,196,203,205,210,211,213,214,219,220,223,226,227,228,231,233,238,239,240,241,242,246,247,250,251,254,255,260,261,262,264,265,266,271,273,274,275,277,280,281,283,288,289,292,295,300,301,303,305,307,309,310,311,312,314,315,316,318,319,321,323,326,327,329,330,338,340,345,346,347,348,350,356,360,361,374,376,377,386,390,392,396,405,407,409,505,567
16,37,42,94,95,97,98,99,100,101,103,104,107,108,109,111,112,113,114,116,117,120,121,122,123,124,125,126,127,132,133,136,138,141,143,144,147,149,150,152,153,156,158,159,161,163,165,167,168,170,171,172,173,175,176,177,178,182,184,185,195,204,205,207,209,216,224,225,226,227,228,229,232,235,240,247,248,249,251,252,253,254,256,257,258,259,260,261,262,263,265,267,268,269,277,279,281,282,286,288,290,292,293,295,300,301,302,307,308,309,310,312,313,314,315,316,321,322,324,326,328,330,331,332,333,336,341,343,344,361,362,363,367,368,391,406,410,412,416,442,515,579
17,87,92,94,97,98,101,102,103,104,105,107,108,109,110,111,112,114,116,117,118,119,121,122,123,124,125,126,127,128,129,130,131,132,133,134,135,136,137,139,141,142,143,144,146,147,153,154,155,158,159,161,163,164,166,169,172,175,179,181,183,185,191,200,201,203,209,211,212,213,216,220,230,233,234,243,245,247,248,249,250,253,255,256,258,261,262,264,266,268,270,271,273,275,277,278,280,282,283,287,289,290,292,294,295,296,297,298,299,300,301,303,305,306,307,310,311,312,313,314,317,318,319,320,322,324,325,326,327,331,332,334,337,338,339,341,344,351,356,359,360,361,364,367,373,374,380,383,388,389,390,396,402,405,406,446,572
18,93,94,95,97,98,99,100,101,103,105,106,109,111,113,115,117,119,120,121,124,125,126,127,128,129,131,132,135,136,137,138,142,145,146,147,150,152,154,157,158,160,161,164,167,168,169,170,171,175,177,179,181,186,187,188,190,195,204,205,212,213,215,217,218,234,239,243,244,245,248,249,256,258,262,267,269,273,275,276,278,281,284,285,286,288,289,291,293,295,297,299,304,308,310,311,314,315,317,318,319,320,321,322,323,329,335,339,344,350,352,356,357,358,360,364,367,370,372,376,378,385,390,405,413,423,434,462,473,542,616,640
19,89,94,97,98,99,102,103,104,105,106,109,110,112,113,114,115,116,117,118,119,120,121,122,123,124,125,126,128,129,132,133,135,136,137,138,139,140,143,144,145,148,149,151,152,154,155,156,159,162,164,171,172,173,174,176,178,183,187,193,194,196,199,204,219,228,243,244,248,250,256,264,266,267,270,271,272,273,277,278,279,280,283,289,295,296,298,299,303,304,305,307,308,310,311,313,314,317,318,321,323,324,327,329,339,341,343,344,348,352,354,360,362,368,372,376,381,387,411,414,426,489,518,556,575
20,29,93,95,97,98,99,100,101,105,106,107,108,110,115,116,117,118,119,120,122,124,125,126,127,128,129,130,132,134,138,139,140,142,146,147,148,150,152,153,154,155,157,160,165,167,168,170,178,184,204,212,220,230,233,234,236,242,243,249,250,252,256,257,261,266,267,268,270,271,274,276,279,280,281,282,284,287,288,289,299,305,306,307,310,312,313,315,316,317,320,324,327,329,335,337,349,352,356,358,359,360,361,363,364,366,375,378,388,389,397,402,411,417,419,422,424,430,432,448,676
21,95,101,102,103,104,105,106,107,113,116,117,120,121,122,123,124,128,130,131,133,138,139,140,141,142,143,144,147,148,150,153,154,155,156,158,161,162,163,168,170,176,178,180,181,182,184,185,189,192,198,203,206,212,229,234,243,247,248,249,253,255,257,264,265,268,270,274,275,277,279,281,282,283,285,287,288,290,293,297,303,304,306,307,309,317,320,322,327,329,331,335,339,341,345,348,350,353,358,360,371,372,374,378,387,394,398,399,403,406,430,459,624,679
22,103,104,106,111,112,113,114,116,117,118,119,120,121,122,125,128,129,130,132,133,135,136,138,139,140,143,146,155,158,171,173,174,175,179,180,183,185,190,193,195,199,201,207,209,215,218,225,227,228,243,247,251,253,254,258,259,263,270,271,274,282,285,287,299,301,304,305,306,307,308,309,310,311,313,315,316,318,321,322,323,324,325,327,331,333,334,335,336,337,338,340,342,344,351,353,356,358,362,365,367,369,371,379,380,381,382,383,387,389,397,405,407,409,414,453,461,491,509,528,539,557,592
23,49,96,102,103,104,105,108,110,114,117,119,121,123,124,125,127,128,131,132,136,137,140,142,143,145,146,147,148,149,150,153,156,160,163,167,170,171,172,177,178,194,195,215,217,218,221,222,233,243,249,255,257,280,281,287,290,292,294,301,305,311,313,315,320,323,324,333,334,337,349,350,351,352,357,358,363,366,371,373,378,384,385,386,391,400,418,426,432,437,455,458,464,490,687
24,85,89,101,102,103,105,107,109,110,111,112,113,116,117,118,125,126,127,128,130,134,135,136,139,140,141,145,149,151,152,154,158,159,160,163,164,165,166,167,170,171,174,178,179,181,183,189,191,197,200,209,235,250,252,256,259,260,261,262,263,264,265,266,269,270,273,287,288,291,292,296,301,303,304,311,315,317,320,321,322,326,327,330,333,337,342,347,352,355,368,370,373,377,384,395,397,398,399,406,413,424,425,461,585,589,690
25,3,101,103,105,107,108,109,112,114,116,117,118,119,120,121,122,123,124,125,126,127,128,129,130,131,132,133,134,135,136,137,139,141,142,144,145,146,147,150,152,154,155,157,158,159,160,161,162,164,165,166,168,170,171,172,175,176,196,208,214,220,223,235,243,249,250,252,253,255,257,260,263,265,266,270,271,273,279,280,296,297,301,303,304,308,309,317,320,321,328,334,336,340,343,344,350,351,353,363,369,373,376,379,380,385,400,401,402,404,408,412,419,426,434,448
26,94,100,102,106,107,108,109,110,111,113,114,117,118,119,120,121,122,123,124,125,127,128,132,133,134,137,138,139,140,141,143,144,145,149,150,151,152,153,158,160,166,167,169,170,173,174,176,177,178,179,180,182,184,185,186,188,190,209,211,212,216,224,227,228,230,235,253,257,265,269,271,274,280,287,289,294,305,306,309,318,338,339,345,349,357,369,373,374,377,380,389,392,403,426
27,60,99,103,105,107,108,109,111,112,114,115,116,117,118,119,120,121,122,124,125,126,127,128,129,130,131,133,134,135,136,137,138,139,140,143,145,147,149,151,153,154,155,156,157,158,159,162,164,165,166,168,169,172,173,175,178,179,181,182,184,185,188,192,201,208,214,216,217,218,219,225,235,249,252,262,268,276,287,288,290,292,293,295,297,301,303,304,317,319,324,327,334,344,359,364,366,367,372,373,380,394,401,415,447,500,579,683
28,47,103,106,107,108,109,110,111,112,114,115,116,120,122,123,124,126,127,128,129,133,134,135,136,138,139,140,141,142,143,144,147,150,151,152,155,156,159,160,161,162,163,164,166,167,169,170,171,172,175,176,177,178,179,180,181,182,185,188,189,190,192,206,214,221,223,226,230,235,266,268,271,273,275,295,307,322,331,334,350,353,356,389,441,475,564
29,19,30,68,97,99,100,101,102,103,104,105,106,107,108,110,111,112,113,116,117,118,120,121,122,124,125,126,127,129,130,131,132,136,137,138,139,141,143,146,148,149,150,151,152,153,154,155,156,157,158,159,160,161,162,163,164,167,169,173,176,178,181,183,185,186,187,192,199,201,206,210,214,215,222,224,226,228,229,233,234,239,240,282,295,307,315,331,348,351,411,443,526,651
30,9,57,89,101,102,104,105,106,107,108,109,111,112,113,114,115,116,117,118,119,120,121,122,123,124,125,126,127,128,130,131,132,133,135,136,137,138,139,140,141,142,143,144,145,146,147,148,149,150,151,152,153,154,155,156,157,158,159,161,162,164,165,166,168,169,170,171,172,175,176,177,178,179,180,181,182,184,185,186,188,190,195,198,202,203,204,210,211,214,216,218,219,220,221,222,223,232,234,240,242,265,333,335,369,402,527,557
31,102,104,105,107,108,109,110,111,112,113,114,116,117,119,122,123,124,126,127,128,129,130,131,132,133,134,135,136,137,138,139,140,141,142,143,144,145,146,147,148,149,150,151,152,154,155,156,157,158,159,160,161,163,164,165,166,167,168,170,171,172,174,175,176,177,178,180,181,182,183,186,187,188,189,190,192,193,195,197,199,201,202,203,205,207,208,212,215,220,221,222,224,225,228,230,231,235,236,237,238,239,241,242,250,252,254,258,276,584,640,646
32,29,72,96,101,106,107,110,111,112,113,115,116,117,118,119,121,122,123,124,125,126,127,128,129,130,134,135,137,138,142,145,146,147,148,149,151,152,153,154,155,156,158,159,160,164,165,166,167,168,169,170,171,172,174,175,176,177,178,179,180,181,182,183,184,185,186,187,188,189,191,192,194,195,197,199,200,202,203,205,206,207,209,213,217,218,219,220,221,222,223,227,228,229,231,232,234,236,238,240,241,242,243,244,247,249,250,251,252,255,256,257,262,264,290,296,298,324,639,694
33,94,98,100,101,106,107,108,109,110,111,115,119,120,121,122,124,126,127,129,130,131,132,133,134,136,138,139,141,142,143,144,145,146,147,148,149,150,151,152,153,154,155,156,157,159,160,161,163,164,166,167,168,169,170,171,172,176,177,179,180,182,183,185,186,187,189,190,191,194,205,206,207,210,212,216,218,221,222,227,231,232,237,238,239,245,250,256,257,258,274,283,284,299,325,329,331,354,373,374,483,546,556,584,621
34,103,105,108,109,110,112,113,115,116,117,118,119,121,122,123,124,125,126,127,128,129,130,131,132,133,134,135,136,137,139,143,144,147,149,152,153,156,157,158,159,162,163,164,169,170,171,172,174,175,178,180,181,184,185,186,187,188,189,190,191,192,193,194,202,207,211,212,213,214,215,217,220,221,222,223,224,225,226,228,229,230,231,232,235,239,240,241,243,244,245,246,252,261,262,264,268,277,278,281,289,292,294,306,320,330,348,399,411,580,628
35,29,104,105,106,107,110,111,112,113,114,115,116,117,118,119,120,122,124,126,128,129,130,131,132,133,134,136,137,138,140,141,142,143,145,146,148,149,150,152,153,155,156,157,158,159,160,163,164,165,168,169,172,173,175,176,177,178,179,181,182,183,184,185,186,187,188,190,191,193,194,195,198,200,204,205,206,208,211,212,214,215,217,218,219,220,221,223,224,227,228,229,234,235,237,240,243,244,251,254,259,266,268,273,275,304,372,373,385,425,453,466,468,580,604
36,11,103,108,109,110,111,112,117,123,124,125,126,128,129,130,131,132,133,134,136,138,139,140,142,143,144,146,147,149,150,151,152,153,154,155,156,157,159,161,162,163,164,165,166,168,170,173,174,175,176,177,178,180,181,183,184,186,188,189,191,193,194,195,200,203,206,210,212,215,217,219,221,223,224,226,229,231,232,233,234,236,238,239,241,242,248,252,254,255,258,259,263,265,267,269,271,272,273,278,283,290,294,298,303,305,315,340,341,367,435,554
37,97,108,109,110,111,113,115,116,117,118,119,120,121,122,123,124,125,126,127,128,129,131,132,133,134,137,138,139,140,141,142,145,146,148,149,150,153,156,158,159,160,161,162,163,164,165,166,167,169,171,172,173,174,175,176,177,179,180,181,182,183,184,186,187,188,189,190,191,193,194,195,196,197,198,200,201,202,204,205,207,208,209,210,211,213,216,219,220,222,224,226,228,229,230,231,232,237,238,239,241,242,244,247,249,251,253,255,258,261,264,269,271,272,284,292,313,322,324,333,353,380,382,445,530,629
38,60,103,105,108,110,111,113,114,115,116,117,119,120,123,124,126,127,128,130,134,135,136,138,140,141,144,145,146,148,149,150,152,153,154,156,158,159,160,161,162,163,164,167,168,169,171,172,173,174,175,177,178,180,182,183,186,187,191,193,196,198,201,204,209,211,218,221,223,230,236,237,240,241,243,244,246,247,254,258,260,261,264,272,276,277,279,284,286,288,293,306,350,359,368,568,676,698
39,64,107,108,109,111,112,114,116,117,118,121,122,123,124,125,126,127,128,129,130,131,132,133,134,135,136,139,142,143,144,147,149,151,152,158,159,160,161,163,165,166,169,172,176,178,180,181,182,183,184,185,186,187,189,190,191,192,194,195,197,200,201,203,204,206,207,208,210,211,212,213,214,217,219,220,222,224,228,229,230,235,236,240,242,244,245,247,248,249,250,252,253,254,255,260,261,263,265,267,268,270,274,277,278,281,282,283,284,289,291,308,312,352,359,375,387,471
40,106,107,111,112,113,114,116,118,119,120,121,122,123,124,125,126,127,129,130,131,132,133,134,137,140,141,142,145,148,149,151,152,153,154,155,156,158,159,160,161,162,163,164,166,168,170,173,174,175,178,180,181,182,183,185,186,187,188,192,193,194,196,197,198,199,200,204,205,206,207,209,212,213,218,219,220,222,227,228,229,230,231,233,235,237,239,240,244,246,247,250,255,256,262,265,266,268,273,280,286,305,310,330,354,388,394,606
41,112,115,118,119,120,121,122,123,124,127,128,131,133,134,135,136,137,138,140,142,143,144,145,146,147,148,149,150,151,153,154,155,156,157,158,164,169,171,172,173,174,175,177,178,179,180,181,183,184,186,187,188,190,191,192,193,194,195,198,199,200,204,205,206,207,212,213,215,217,218,220,222,228,230,236,244,247,248,254,262,266,269,270,280,286,290,300,312,319,324,325,327,328,330,344,354,409,443,476,563,606
42,8,27,40,98,110,112,117,121,123,126,127,129,130,131,132,133,135,136,139,140,142,143,144,145,146,147,148,151,152,156,158,159,160,161,162,163,164,166,167,171,172,174,176,177,178,179,181,182,183,184,185,186,189,190,193,195,196,198,200,203,204,205,206,211,212,216,218,220,222,224,225,226,227,228,230,233,237,238,241,243,244,245,246,247,248,249,252,253,254,255,257,258,259,261,266,267,269,270,273,275,280,283,284,285,287,290,292,293,295,296,308,311,329,350,414,429,542,649,692
43,113,117,125,127,128,129,131,132,133,135,136,137,138,139,140,141,144,145,146,148,149,150,151,153,154,157,159,160,162,164,165,166,167,169,170,172,173,174,175,176,177,179,182,185,186,187,188,189,190,191,192,193,194,196,198,199,204,205,206,208,210,211,213,216,218,222,223,224,227,230,234,240,242,243,244,247,248,249,254,260,261,263,268,273,275,278,281,282,284,291,300,310,313,317,323,330,421
44,4,34,43,89,116,119,122,123,126,127,128,129,134,135,136,137,139,143,144,145,146,147,148,150,151,154,155,156,157,158,159,161,164,167,168,169,171,174,175,176,179,182,184,186,190,193,194,198,199,200,203,205,208,210,213,217,219,220,221,222,223,224,227,230,231,232,235,236,241,248,249,251,254,261,266,268,270,278,281,284,285,289,297,299,302,304,306,312,316,321,325,343,359,365,398,407,535,573
45,4,33,41,113,116,121,131,133,135,136,138,139,140,141,142,144,149,152,154,155,156,158,161,162,163,165,169,170,172,173,174,178,180,182,183,190,191,192,193,194,195,197,199,200,201,206,209,218,219,222,225,229,236,246,248,259,262,264,266,269,273,274,277,286,300,319,338,357,392,408,434,656
46,123,130,131,133,136,138,139,140,141,143,144,150,152,153,154,159,160,162,164,166,167,172,179,182,188,193,194,195,200,201,203,205,208,209,210,214,215,220,224,226,227,228,229,233,234,235,236,237,240,241,242,244,247,251,252,254,259,260,261,262,269,283,290,291,300,308,319,322,352,356,538,675
47,38,41,62,133,137,141,142,144,145,146,147,148,149,150,151,154,159,164,169,170,175,178,188,191,192,196,198,199,202,207,208,211,212,215,216,217,218,222,228,234,239,242,244,251,258,270,277,285,297,300,316,320,324,354,482,539
48,29,149,151,156,165,167,190,191,197,248,267,280,287,290,311,332,491,586
49,72,178,184,319,345,487,618
50,1,292,317,321,430,482,635
51,28,325,407,431,640
52,13,368,475,486,519,661
53,449,460,498,635
54,354,605,634,687
55,14,369
56,64,223,496
57,10,53,100,181,264,297,595,619,633,668,690
58,381,462,586,691
59,31,50,73,91,94,198,540,543
60,670,692
61,82,109,669
62,63,357,591,601
63,565
64,
65,
66,
67,
68,
69,
70,
71,
72,
73,
74,
75,
76,
77,
78,
79,
80,
81,
82,
83,
84,
85,
86,
87,
88,
89,
90,
91,
92,
93,
94,
95,
96,
97,
98,
