11
0,197
1,133,536,621,636
2,491,650
3,23,389,400,419,490
4,47,79,82,83,265,274,535,601
5,41,69,71,72,74,75,78,79,80,81,82,83,84,86,87,88,89,90,91,95,96,97,99,101,102,104,106,108,109,110,113,114,115,118,121,125,128,138,169,171,173,187,188,190,194,221,222,264,294,303,307,342,346,347,348,350,351,352,355,356,361,362,363,364,367,378,388,392,394,410,415,456
6,62,72,75,76,77,79,81,82,83,84,85,86,87,88,89,90,91,92,93,94,95,96,97,98,99,100,101,102,103,104,105,106,107,108,109,110,111,112,113,114,115,116,117,118,119,120,121,122,123,124,125,126,127,128,129,130,131,132,133,134,135,136,137,138,139,140,141,142,143,144,145,146,147,148,153,158,169,175,177,178,180,181,183,184,185,186,187,188,189,190,191,192,193,194,195,196,197,199,202,204,205,206,207,209,211,212,215,216,217,218,226,250,271,281,290,293,295,298,301,303,310,315,317,320,321,323,324,326,329,332,336,337,338,339,340,341,342,343,344,345,346,347,348,349,350,351,352,353,354,355,358,359,360,363,366,367,368,370,371,372,374,375,377,378,380,382,383,385,386,387,388,389,390,392,394,395,396,397,398,400,401,402,403,406,408,412,414,415,418,419,420,421,424,429,432,449,466,472,533,584
7,77,80,81,82,83,85,86,87,88,89,90,91,92,93,94,95,96,97,98,99,100,101,102,103,104,105,106,107,108,109,110,111,112,113,114,115,116,117,118,119,120,121,122,123,124,125,126,128,129,130,131,132,133,134,135,136,137,138,140,141,142,144,146,147,148,149,150,151,153,154,155,156,157,158,159,160,161,164,165,166,167,169,171,172,173,174,175,176,177,178,179,180,181,182,183,184,185,186,187,188,189,190,191,192,193,194,195,196,197,198,200,201,202,203,204,205,206,207,208,209,210,211,212,213,214,216,217,218,219,221,222,224,225,226,227,228,229,230,231,232,233,234,235,236,237,238,239,240,241,242,243,244,245,246,248,249,252,253,254,255,256,257,258,259,260,263,264,265,267,268,269,270,271,276,278,283,284,286,288,289,290,292,293,296,297,298,300,301,308,309,310,311,312,313,315,316,318,319,320,321,322,323,324,325,326,328,329,330,331,332,333,334,335,336,337,339,340,341,342,343,344,345,346,347,348,349,350,351,352,353,354,355,356,357,358,359,360,361,363,364,365,366,367,368,369,370,372,373,374,375,376,377,378,379,380,381,382,383,385,386,387,389,390,391,392,393,394,395,396,398,400,405,406,407,408,409,410,411,413,415,416,417,418,420,422,423,424,425,427,428,429,430,432,433,436,438,444,445,447,452,457,459,461,463,483
8,79,80,81,82,83,84,85,86,88,89,90,91,92,93,94,95,96,97,98,99,100,101,102,103,104,105,106,107,108,109,110,111,112,114,115,116,117,118,119,120,121,122,123,124,125,126,127,128,129,131,132,133,134,135,136,137,138,139,141,142,143,144,145,146,148,149,150,151,153,155,156,157,161,163,164,167,168,169,171,174,175,176,177,178,179,180,181,182,184,185,186,188,189,190,192,193,194,195,198,199,200,201,203,204,205,206,207,208,209,211,212,214,215,216,217,218,219,220,221,223,224,225,226,227,228,229,230,231,232,233,234,235,236,237,238,239,242,243,244,246,249,250,251,252,255,256,257,259,260,261,262,263,267,270,272,273,274,275,280,281,285,287,289,293,294,297,298,300,302,303,304,305,306,307,308,309,310,311,314,315,319,320,321,322,324,325,326,327,328,329,331,332,333,334,335,336,337,338,339,341,343,344,345,347,348,349,351,352,354,355,356,357,358,359,360,361,362,363,364,366,367,368,372,373,374,375,376,380,382,383,384,385,388,389,390,391,392,394,398,399,400,402,404,406,409,412,416,417,418,420,426,430,432,434,435,438,439,445,447,452,455,460,476,585
9,79,80,81,82,83,84,85,86,87,88,89,90,91,92,93,94,95,96,97,98,99,100,101,102,103,104,105,106,107,108,109,110,111,112,113,114,115,116,117,118,119,120,122,123,124,126,127,128,129,130,131,134,135,136,137,139,141,143,144,145,146,147,149,151,153,154,155,156,157,158,159,161,165,166,167,168,169,171,172,173,175,176,178,179,180,181,182,183,184,186,187,189,190,191,192,193,194,195,196,197,198,199,200,201,202,203,204,205,206,207,208,209,210,211,213,215,216,217,218,219,222,224,225,226,228,231,232,233,234,236,238,239,240,241,242,243,244,245,246,247,248,249,251,252,253,254,255,257,258,262,263,266,267,269,270,271,273,275,277,279,284,286,289,298,301,303,305,306,309,313,315,317,319,321,322,324,325,327,328,329,331,332,333,334,335,336,337,338,340,341,344,345,348,349,350,351,352,353,354,355,357,359,360,362,365,366,367,369,371,373,376,378,381,386,387,390,392,393,394,396,398,401,402,405,415,417,419,421,422,425,429,437,450,458,470,473,485,486,531,681
10,57,74,77,78,79,83,84,85,86,87,88,89,91,92,94,95,96,98,99,100,101,102,103,104,105,106,107,108,109,110,111,112,113,114,115,116,117,121,122,124,126,129,131,132,133,134,135,136,137,138,139,140,141,144,146,147,148,149,150,151,152,153,154,156,157,160,161,162,163,164,166,169,171,172,173,175,176,179,181,182,183,184,185,186,187,188,192,196,197,198,200,203,205,207,208,210,211,213,214,215,217,218,220,221,225,226,227,229,231,232,234,235,236,237,238,239,240,247,248,249,252,253,255,256,257,258,260,261,263,264,265,267,268,269,270,272,274,275,276,277,278,279,280,281,287,288,291,292,293,295,296,297,302,306,307,308,309,313,314,315,317,320,321,325,326,330,332,333,336,342,344,346,348,350,352,353,354,358,360,363,364,366,368,371,372,375,378,379,383,384,389,390,391,392,397,400,411,412,413,417,423,425,436,447,457,466
11,27,29,75,76,79,80,81,82,83,84,85,86,87,88,89,90,91,92,93,94,95,96,97,98,99,101,102,103,104,105,106,107,108,109,110,111,112,113,114,115,116,117,118,119,120,121,122,123,124,125,126,127,128,129,130,131,132,133,134,135,136,137,138,139,140,141,142,143,145,146,147,148,149,150,151,152,153,155,156,157,158,159,160,161,162,163,164,166,167,168,169,170,171,172,173,174,175,178,179,180,182,183,184,185,189,190,192,193,196,197,199,201,202,203,206,208,209,210,211,212,213,214,215,216,218,219,221,222,224,226,227,230,233,234,235,237,238,239,240,244,245,247,248,250,259,260,265,266,267,269,272,277,279,283,284,288,290,291,292,294,297,300,303,306,307,312,313,314,315,317,318,319,320,321,322,323,329,330,333,335,338,339,343,344,345,346,348,349,350,351,352,354,355,356,357,358,361,362,364,366,367,368,371,372,373,375,379,380,381,383,385,388,389,393,394,396,397,400,401,404,406,410,411,415,417,418,420,424,428,436,442,456,457,460,486,491,496,518,543,694
12,4,69,74,78,79,80,81,82,83,84,85,86,90,91,92,93,94,95,96,97,98,99,100,101,102,103,104,105,106,107,108,109,110,111,112,113,114,115,116,117,118,120,121,123,124,125,126,127,128,130,131,132,133,134,135,137,138,139,140,141,145,146,147,148,150,152,153,154,155,156,158,159,160,166,169,171,173,174,177,178,179,180,182,183,185,186,187,188,189,191,193,194,197,198,199,201,202,204,206,207,209,210,212,213,214,215,216,218,220,221,222,223,228,232,233,236,239,240,241,242,243,246,247,248,249,254,255,256,257,258,262,263,264,266,269,270,274,281,287,290,297,303,307,310,313,318,319,320,322,323,328,330,332,333,335,336,337,338,341,342,344,346,347,350,355,356,360,361,363,364,365,366,368,370,371,372,376,379,384,389,391,393,396,397,399,400,404,408,411,417,418,421,426,427,428,436,438,441,453,460,462,464,479,552,573
13,77,79,81,82,85,86,87,89,90,92,93,94,95,96,97,98,99,100,101,102,103,105,106,107,109,110,111,112,113,116,117,118,120,122,123,124,125,126,127,128,129,130,131,134,135,136,137,139,140,141,142,143,144,145,146,147,148,149,150,153,155,156,159,161,162,165,166,167,168,169,172,173,175,179,180,183,184,186,189,190,191,192,193,194,196,197,199,200,201,203,204,205,208,209,210,211,214,217,219,220,222,223,224,227,228,230,231,232,236,238,240,242,244,245,246,248,249,252,255,257,258,261,262,264,265,266,267,273,276,278,279,283,285,286,289,290,291,294,297,298,299,300,306,307,309,312,318,320,322,323,326,327,330,334,336,338,339,340,343,344,345,346,347,348,353,355,358,359,361,362,364,365,366,367,368,369,371,372,373,374,375,376,378,379,380,384,387,390,391,392,393,394,396,397,398,401,402,405,406,407,409,411,413,416,417,421,429,436,440,511,543,548,569,588,682
14,22,73,74,81,83,84,87,88,89,90,91,92,94,95,96,97,98,99,100,101,102,103,104,105,106,107,108,109,110,111,114,115,116,117,119,120,121,122,123,124,129,130,131,133,134,135,136,137,139,140,141,143,144,145,146,147,148,149,150,151,152,154,157,160,161,162,163,164,166,167,168,173,174,175,180,182,183,187,191,193,194,195,196,197,199,200,203,204,206,208,209,212,213,218,220,222,223,224,228,229,241,243,244,245,247,251,253,254,257,258,259,264,267,269,270,274,276,280,282,285,293,294,302,305,309,310,314,319,321,323,324,327,333,338,339,340,341,348,349,350,351,354,355,356,357,360,361,362,363,364,366,371,372,373,374,376,378,379,380,382,383,384,385,386,390,391,394,399,401,402,409,415,420,422,423,427,434,440,453,457,476,489,556
15,77,79,80,81,84,85,86,88,90,91,92,93,95,96,98,99,100,101,102,103,104,105,106,107,109,110,112,113,114,115,116,117,119,120,121,122,123,124,125,126,127,128,129,130,131,132,136,137,138,139,140,141,143,144,146,147,148,149,151,152,153,154,155,156,157,159,161,162,163,164,165,166,167,172,173,174,178,179,181,184,185,187,189,190,195,196,197,198,204,207,209,211,213,214,215,217,219,224,226,229,238,239,242,245,249,250,252,254,255,256,261,268,275,276,278,279,287,288,289,297,303,305,307,310,315,317,318,322,324,325,329,332,335,336,341,342,343,346,347,349,353,357,358,361,362,363,366,369,371,373,374,376,381,386,389,393,396,400,402,407,408,419,420,422,426,428,430,431,433,437,452,454,461,463,507,608,651,657
16,78,80,81,82,83,84,85,86,87,88,89,90,91,92,93,94,95,96,97,98,99,100,101,102,103,104,105,108,109,110,111,112,113,114,115,116,117,120,121,122,123,124,125,127,128,129,130,131,133,134,135,137,139,141,144,146,148,149,150,153,155,156,157,158,159,161,163,164,168,171,172,177,178,179,181,182,184,187,188,192,193,194,197,198,200,201,205,206,207,210,212,214,215,216,227,228,230,234,236,239,242,248,249,253,255,260,261,266,269,271,274,275,277,278,280,281,283,286,291,294,298,299,300,304,307,310,313,316,322,325,326,335,339,341,342,346,349,356,362,365,372,374,375,376,377,378,379,380,382,383,391,395,396,398,401,402,406,409,410,411,415,416,425,435,441,463,472,475,480,539,586,696
17,77,82,83,85,87,88,91,92,93,94,95,96,97,98,99,100,101,102,103,104,105,106,107,108,109,110,111,112,114,115,117,118,120,121,122,123,125,126,127,128,129,131,136,137,139,140,142,143,144,145,146,149,154,155,160,165,166,167,171,172,173,174,176,178,179,185,186,187,190,192,197,198,200,201,204,207,208,211,213,216,217,218,219,221,222,224,226,227,230,236,238,239,241,243,244,245,246,247,248,250,252,256,259,260,261,264,267,268,269,271,272,274,275,276,278,284,298,303,312,313,317,318,323,326,329,336,342,357,359,361,365,366,369,374,380,381,384,386,389,390,394,395,398,403,404,409,410,436,442,512,580,583
18,77,83,86,87,88,90,91,93,95,96,98,99,101,102,103,105,107,108,109,110,111,112,113,114,115,116,117,118,120,121,122,124,126,127,128,130,131,135,138,139,140,143,145,146,147,148,149,150,152,157,159,161,163,166,170,171,174,176,177,178,179,180,181,182,183,184,185,186,188,189,190,193,198,199,201,202,203,204,205,218,219,220,221,229,230,231,232,233,234,235,241,242,244,245,246,249,250,252,259,260,261,264,267,268,269,271,275,276,277,278,279,283,287,290,292,299,301,315,319,320,321,325,339,342,343,358,362,363,367,369,374,380,387,399,403,405,408,412,431,477,578
19,80,85,87,89,91,92,93,94,97,98,99,101,103,104,105,106,107,109,110,111,112,113,114,115,116,117,118,119,120,122,123,124,125,126,127,128,130,132,133,134,135,137,138,140,143,144,145,146,147,148,149,150,151,153,155,156,157,158,159,162,166,167,168,171,172,175,181,183,185,186,188,190,191,192,195,197,198,200,202,204,205,211,212,214,215,217,218,222,223,226,227,228,231,232,234,235,236,238,242,243,244,245,246,247,249,251,252,253,256,257,258,260,264,265,266,268,272,274,275,282,284,285,287,288,291,293,299,309,314,320,322,331,335,342,349,354,366,372,374,381,391,393,395,396,399,403,404,408,412,415,424,430,434,441,445,446,456,461,478,509
20,82,84,86,87,88,90,91,92,95,96,98,99,101,102,103,105,106,108,109,110,111,112,114,115,119,120,121,124,127,128,129,130,131,132,133,134,136,137,138,140,141,142,143,145,146,148,151,153,155,156,158,159,161,162,163,164,165,167,169,171,172,177,179,180,186,189,192,193,194,195,196,199,200,201,202,203,204,206,207,208,209,215,216,217,219,220,221,222,223,224,228,229,230,231,232,239,241,244,245,246,248,250,256,258,259,262,263,264,270,273,275,279,286,290,295,296,314,316,317,321,329,340,353,357,370,380,382,387,398,406,409,415,419,422,425,431,447,448,489,514,644
21,72,76,78,79,81,85,87,88,89,90,91,92,93,94,95,96,97,99,100,101,102,103,104,105,106,107,108,109,110,111,113,114,115,116,117,118,119,120,121,122,123,124,125,127,128,130,131,132,134,135,137,138,140,141,142,143,145,146,147,148,151,152,153,154,156,157,159,160,162,165,167,169,170,172,173,174,175,177,178,179,180,181,182,186,187,189,191,192,194,195,196,197,199,204,205,211,212,213,215,216,217,219,220,221,222,223,226,228,229,230,231,232,234,236,239,245,248,249,250,254,255,257,260,261,262,263,265,269,270,271,275,276,277,279,280,281,283,284,287,288,291,294,296,304,305,306,309,310,311,314,323,333,341,349,350,360,369,373,376,378,379,394,402,422,479,489,671,690
22,11,56,78,81,84,85,88,89,91,92,93,94,96,97,98,99,100,102,103,104,106,108,109,112,114,115,116,117,119,120,121,122,123,125,127,128,129,131,132,134,135,136,137,138,143,144,145,147,148,149,150,151,152,153,156,157,158,159,160,162,163,164,166,167,168,169,170,171,174,175,176,177,179,182,184,185,186,187,190,192,193,194,195,196,198,199,202,203,204,205,207,210,211,212,213,215,218,220,222,224,225,232,233,237,243,245,249,253,255,257,258,259,260,262,263,264,267,271,275,279,280,281,284,285,286,287,288,292,296,298,299,300,302,304,318,320,323,334,354,364,382,391,394,395,398,405,452,455,602
23,80,81,83,85,87,88,89,90,92,93,94,95,96,98,99,100,101,102,103,104,105,106,108,110,111,112,113,114,115,116,117,118,120,123,124,125,126,127,128,129,130,131,133,136,138,139,140,142,143,144,145,146,148,149,150,151,154,157,158,159,162,165,167,168,170,172,177,179,180,181,182,183,185,186,188,189,190,193,195,197,198,200,203,204,205,206,209,211,215,216,220,221,225,230,232,234,236,238,242,244,245,249,250,254,255,257,259,260,261,265,266,267,277,281,285,289,290,293,294,296,298,300,306,318,348,355,356,359,372,379,381,406,433,435,447,606,642
24,8,76,83,87,89,90,91,92,95,97,98,99,100,101,103,104,105,106,107,108,109,110,111,112,113,114,115,117,118,119,120,121,122,123,125,126,127,128,131,133,134,135,136,137,138,139,140,141,145,146,148,149,154,155,157,158,160,161,163,165,166,169,171,173,175,176,179,180,181,182,183,185,186,187,190,191,196,197,198,199,201,202,204,205,206,207,211,212,213,214,217,220,222,224,225,229,233,234,237,239,241,242,243,244,245,246,247,248,249,250,252,253,254,255,256,257,258,260,261,262,263,266,267,268,269,270,271,272,274,275,279,283,284,285,287,289,290,294,296,298,299,303,306,312,317,327,330,332,341,346,349,353,355,385,394,408,409,410,431,445,459,476,478,526,529,575,582,652
25,77,81,83,84,85,86,87,90,92,97,98,99,100,101,103,104,105,106,107,109,110,111,112,114,116,117,120,121,122,123,126,129,131,132,133,136,137,138,139,141,142,143,144,148,152,158,159,160,161,165,172,177,178,180,182,185,187,188,189,190,192,193,194,198,199,202,204,205,206,210,211,212,214,217,220,222,227,230,232,234,235,239,240,243,245,246,247,250,251,253,255,256,257,259,263,264,265,267,269,270,271,272,274,276,278,280,283,284,285,286,291,292,296,297,299,301,302,304,306,308,310,312,313,315,319,325,326,327,334,336,342,346,396,405,409,415,436,444,485,608
26,11,84,85,87,88,90,91,92,93,95,96,97,99,101,102,103,104,105,106,107,108,109,113,114,115,116,117,119,120,122,124,125,126,129,130,131,133,134,135,136,137,138,140,141,142,144,145,148,149,150,154,158,159,161,162,163,167,168,171,172,178,181,183,186,187,188,189,190,192,194,196,198,201,203,206,208,209,210,211,213,214,215,216,217,218,220,221,222,223,225,226,228,229,231,232,233,234,236,237,239,241,242,243,244,246,248,250,251,254,256,261,262,263,267,268,269,271,273,274,275,276,278,280,281,283,285,288,289,290,293,296,307,308,310,311,313,319,327,328,339,362,373,396,414,437,438,449,455,461,508,511,531,554,586,658,662,691
27,83,84,85,87,88,89,90,91,92,93,97,98,99,101,103,104,105,106,107,109,110,111,112,114,116,117,118,119,120,121,122,123,125,126,127,128,129,133,134,136,139,140,141,143,144,146,147,148,149,150,151,152,153,154,155,156,157,158,159,160,162,165,166,167,168,169,170,174,182,183,185,187,189,191,192,194,195,197,198,199,204,206,209,215,217,220,222,223,224,225,226,227,233,234,235,237,238,241,245,246,249,250,251,252,254,255,256,257,258,259,260,261,262,263,264,266,268,269,272,275,276,278,281,282,283,284,287,290,291,292,298,301,304,305,306,308,313,323,339,346,351,354,355,358,362,373,384,394,398,404,411,434,472,507,612
28,8,86,87,89,90,92,93,94,95,98,99,102,103,104,107,110,111,113,114,115,117,118,120,121,123,125,126,127,128,130,132,133,135,136,137,138,139,140,141,142,143,144,146,147,149,150,152,153,155,157,159,160,161,163,164,166,170,173,174,175,177,179,180,184,185,186,187,188,190,191,192,193,196,197,199,202,206,207,208,210,211,212,213,214,215,216,217,218,219,224,225,228,229,230,231,232,233,234,235,236,238,246,248,249,250,254,258,260,261,262,263,264,265,268,273,274,279,280,281,282,284,287,292,299,300,303,310,315,323,324,326,329,341,345,357,381,405,423,491,534,627
29,57,79,84,86,88,89,90,91,92,93,94,95,96,99,100,101,102,103,104,105,107,108,109,111,113,114,115,116,117,119,121,122,123,124,126,127,129,130,131,133,138,140,141,142,143,144,145,146,147,148,150,153,154,156,157,159,160,161,162,165,167,169,170,178,179,183,191,194,195,201,203,204,205,207,208,209,210,213,215,216,217,219,220,223,225,226,227,230,232,234,236,238,239,240,241,243,244,245,246,247,248,249,250,252,253,254,258,259,260,262,263,264,266,267,269,270,272,275,276,277,278,280,282,283,284,290,296,298,310,311,313,321,322,327,329,341,353,358,371,388,390,412,461
30,76,79,81,82,83,85,86,88,90,91,92,93,94,95,97,98,99,100,103,104,105,106,107,112,113,114,115,116,119,120,122,123,124,126,127,128,130,132,134,135,138,139,140,142,143,144,145,146,147,150,152,154,156,157,158,159,163,164,170,185,186,188,189,190,192,193,195,196,198,201,202,203,205,207,208,210,214,217,219,220,226,229,230,234,235,237,238,243,246,247,253,255,256,257,260,263,270,272,276,277,279,282,284,285,287,293,295,297,300,303,304,305,310,311,312,314,315,317,319,320,322,325,329,332,348,356,363,370,383,419,431,483,548,580
31,84,86,87,88,89,90,91,93,94,95,96,97,98,100,103,104,106,108,109,110,111,112,113,114,115,116,118,119,120,121,122,124,125,126,127,128,129,130,131,132,133,134,135,136,137,138,139,140,141,142,143,144,145,147,148,149,150,151,152,153,154,155,156,157,161,162,163,164,165,166,167,171,174,175,187,188,189,214,223,224,226,266,273,305,552
32,80,83,85,88,89,93,94,95,96,97,99,100,101,103,104,107,108,112,113,114,115,116,118,120,121,122,123,124,126,128,130,131,132,134,135,136,137,138,139,140,142,143,145,148,149,150,151,152,153,154,155,158,159,160,161,162,164,166,167,168,170,171,172,177,178,179,184,186,187,192,196,197,200,203,204,205,210,227,228,229,231,238,243,251,255,258,265,268,269,276,277,309,312,325,356,392
33,56,78,85,90,91,92,93,94,95,96,97,98,99,100,102,103,104,105,107,109,110,111,112,114,115,116,117,119,120,121,122,123,124,126,127,128,129,130,131,133,134,135,136,137,138,139,140,141,142,143,145,147,149,152,153,154,155,157,158,160,161,162,163,164,165,167,169,172,173,174,178,180,188,190,193,194,196,197,198,199,201,204,209,210,211,212,213,214,216,217,218,219,221,226,230,233,237,238,243,244,246,247,260,263,272,279,287,292,318,335,354,373,379,519,616,637,676
34,15,68,88,89,90,91,93,95,97,100,101,102,104,106,108,111,112,114,115,116,117,119,120,122,123,124,125,126,127,128,129,130,132,133,134,136,137,138,139,140,141,144,145,146,150,151,154,157,159,160,161,163,164,167,170,175,182,186,188,196,197,200,202,204,205,206,209,210,211,212,215,219,231,236,240,241,243,252,253,254,263,268,269,275,276,278,289,291,322,329,643,653
35,91,95,98,100,101,102,103,104,107,108,109,110,113,118,119,120,121,122,123,124,125,126,127,130,132,133,134,135,136,138,139,140,144,145,146,147,148,149,150,152,153,154,155,156,158,159,160,161,162,163,167,168,169,170,172,174,175,179,184,186,187,196,198,199,201,203,204,211,212,213,219,220,221,222,225,228,229,230,231,232,234,236,241,244,253,265,282,283,285,288,302,311,418,501,512,560,592,642
36,81,91,96,104,105,106,108,110,112,113,114,115,117,118,122,123,124,125,126,127,129,130,132,133,134,136,137,140,141,142,145,146,148,149,151,152,154,157,158,164,165,166,173,177,180,181,182,190,194,200,202,204,205,206,208,211,212,213,215,217,219,228,232,236,237,238,240,242,243,245,247,253,272,284,290,300,315,318,321,327,375,463,568
37,91,99,105,106,107,116,117,118,121,122,123,124,126,129,130,132,134,138,141,142,143,145,147,148,151,152,159,163,164,167,170,172,175,180,186,190,194,197,199,202,204,211,214,217,219,224,226,244,253,254,257,258,260,261,262,263,267,271,276,285,286,288,290,292,314,324,332,539,560
38,84,89,107,108,111,116,119,121,122,131,139,145,155,156,157,160,161,164,168,172,173,188,190,191,209,212,213,217,225,226,227,229,232,242,246,251,252,266,320,350,579,675
39,74,107,114,117,128,139,142,143,156,164,170,178,203,230,265,293,350,352,431,451,500,626,653
40,24,151,378,385,410,529,699
41,27,72,567,588,602,635,662
42,66,68,220,438,597,599,601,602,610,612,614,618,664,685,697
43,301,458,517,579,599,603,608,610,612,614,621,626,630,631,638,652,655,663,675,683
44,38,329,400,455,567,613,616,636,668
45,58,331,451,496,533,567,573,580,585,588,591,592,612,629,662,674
46,1,345,579
47,306,363,550,570,595,598,603,606,615,626,637
48,128,252,265,306,312,334,345,380,481,573,578,579,582,592,605,613,632
49,169,194,337,372,593,595,596,598,601,606,609,611,622,624,651
50,279,421,475,506,559,606,623,636,659
51,30,494,555,556,577,579,585,590,592,595,599,601,606,616,619,623,636,641,661,676,699
52,23,29,34,70,274,277,369,388,530,549,561,576,589
53,18,281,299,372,384,423
54,8,12,51,53,59,73,74,77,79,94,120,126,517,557,561,566,577,607
55,13,248,326,435,593,601
56,164,353,526,541,582,632
57,147,160,315,353,468,503,614
58,23,331,344,427,677
59,232,279,358,445,673
60,23,28,135,155,268,375,405,647,692
61,69,118,245,290,328
62,243,319,575
63,180,214,301,315,436,566
64,6,18,442,570
65,299,604
66,161,232,694
67,385
68,
69,
70,
71,
72,
73,
74,
75,
76,
77,
78,
79,
80,
81,
82,
83,
84,
85,
86,
87,
88,
89,
90,
91,
92,
93,
94,
95,
96,
97,
98,
