5
0,695
1,482
2,266,401,437,608,628
3,60,84,207,511,609
4,30,87,180,262,319,398,409,466,573
5,65,84,94,113,114,141,159,173,190,192,202,213,218,223,234,240,243,248,361,518,579,659
6,59,67,69,70,72,77,78,81,82,83,85,86,87,88,89,90,91,93,94,95,96,97,98,99,100,101,102,103,104,106,107,108,110,114,115,118,119,170,186,195,223,230,244,245,247,257,258,260,265,278,282,284,296,297,308,309,310,313,323,324,344,347,349,351,355,357,361,363,364,368,370,371,379,384,387,396,407,431,614
7,56,65,71,74,76,77,78,79,80,81,82,83,84,85,86,87,88,89,90,91,92,93,94,95,96,97,98,99,100,101,102,103,104,105,106,107,108,109,110,111,112,113,114,115,116,117,118,119,120,121,122,123,124,125,126,127,128,129,130,131,132,133,134,135,136,142,144,146,158,159,182,186,188,446,529
8,8,75,83,87,88,89,90,91,92,93,94,95,96,97,98,99,100,101,102,103,104,105,106,107,108,109,110,111,112,113,114,115,116,117,118,119,120,121,123,124,125,126,127,128,129,130,131,132,133,134,135,136,137,138,139,140,141,142,143,144,145,146,147,148,149,150,151,152,153,154,155,156,157,158,159,160,161,162,163,164,165,166,167,168,169,170,171,172,173,174,175,176,177,178,179,180,181,182,183,184,185,186,187,188,189,190,191,192,193,194,195,196,197,198,199,200,201,202,203,204,205,206,207,208,209,210,211,212,213,214,215,216,217,218,219,220,221,222,223,224,225,226,227,228,229,230,231,232,233,234,235,237,238,239,240,241,242,243,244,245,246,247,248,249,250,251,252,253,255,256,257,258,259,260,261,262,263,264,265,266,268,269,270,271,273,274,275,276,277,278,279,280,281,285,286,287,288,289,291,292,293,295,296,297,298,299,300,301,302,303,304,305,306,307,308,310,311,312,313,314,316,317,318,319,320,321,322,323,324,326,327,329,330,331,332,333,335,337,338,339,340,342,346,348,350,352,353,354,360,361,363,375,385,433,476
9,89,90,91,92,94,95,97,98,99,100,102,104,105,106,107,108,109,110,111,113,114,115,116,117,118,119,120,121,122,123,124,125,126,127,129,130,131,132,133,134,137,138,139,140,141,142,143,144,145,146,147,149,150,151,152,153,154,155,156,157,158,159,160,161,162,163,164,165,166,167,169,170,171,173,174,175,176,177,178,179,180,181,184,185,186,188,189,190,191,192,193,194,195,196,197,198,199,200,201,202,203,204,205,207,208,209,210,211,212,213,214,215,216,217,218,219,220,221,222,223,224,225,226,227,228,229,230,231,232,233,234,235,236,238,239,240,241,242,243,244,245,246,247,248,249,250,252,253,254,255,256,257,258,259,260,261,262,263,264,265,266,267,268,269,270,271,272,273,274,275,276,277,278,279,281,282,283,284,285,286,287,288,289,290,291,292,293,294,295,296,297,298,299,300,301,302,303,304,305,306,307,308,309,310,311,312,314,315,316,317,318,319,320,321,322,323,324,325,326,327,328,329,330,332,333,334,335,336,337,338,339,340,341,342,343,344,345,347,348,349,350,351,352,353,354,357,358,359,361,362,363,364,366,367,369,371,373,374,375,376,377,379,380,382,383,386,387,388,389,390,391,392,393,394,396,397,398,402,403,406,407,409,416,417,421,422,425,429,430,431,433,434,440,441,442,445,452,494,511,555,580,692
10,78,81,82,83,84,85,88,89,90,91,92,93,94,96,97,98,99,100,101,102,103,104,105,107,109,112,113,114,117,118,120,121,123,124,125,126,131,132,133,134,135,138,139,140,141,142,143,144,148,151,154,157,158,163,164,166,168,169,170,172,174,175,176,177,178,179,180,181,184,185,186,187,188,189,191,193,198,199,200,201,202,203,204,205,206,207,208,209,210,211,213,214,215,216,218,219,220,221,223,224,226,228,229,230,231,233,234,235,236,238,239,240,241,242,243,245,246,247,248,249,250,251,254,255,256,257,258,259,260,261,262,264,265,266,267,268,269,270,271,272,273,274,275,276,277,278,279,280,281,282,283,284,285,286,287,288,289,290,291,292,293,294,295,296,297,298,299,300,301,302,303,304,305,306,307,308,309,310,311,312,314,315,316,317,318,319,321,322,323,324,325,328,329,331,332,333,334,335,336,337,338,339,340,341,342,343,344,345,346,347,348,349,350,351,353,354,355,357,358,359,360,361,363,365,367,368,370,371,374,375,378,379,381,385,388,389,390,391,392,398,403,404,405,412,414,419,420,421,422,424,428,431,437,438,447,454,457
11,5,75,78,79,80,81,83,84,85,86,87,88,89,90,91,93,94,95,96,98,99,101,103,104,105,106,107,108,109,111,113,114,116,118,119,120,121,123,124,126,128,129,132,134,137,140,142,146,147,149,152,153,163,166,167,170,171,173,174,179,180,181,183,184,185,187,191,193,194,197,198,199,203,206,207,211,213,215,217,224,226,228,231,232,233,234,236,237,238,239,240,241,248,252,253,256,258,259,260,261,264,265,266,268,269,272,273,274,275,278,279,280,281,282,283,284,285,286,287,288,289,290,291,292,293,294,295,296,297,299,300,301,302,303,304,305,307,308,309,310,311,312,313,314,316,318,319,320,321,322,324,325,326,327,328,329,330,331,332,333,335,336,337,339,340,341,343,344,347,350,351,352,353,354,355,356,357,358,360,361,362,363,364,365,366,367,368,369,371,372,377,378,379,380,381,387,390,392,395,399,404,405,407,410,415,419,424,431,435,478,492,591,674
12,56,76,79,80,81,82,83,84,85,86,88,89,90,92,94,96,98,99,100,101,102,103,105,106,108,109,110,111,112,116,117,119,120,121,123,126,128,129,130,131,136,137,138,140,149,152,154,155,156,157,162,163,164,167,171,175,176,178,179,180,181,185,188,189,192,195,196,197,198,200,203,208,210,215,216,217,219,220,221,222,224,228,229,230,238,241,242,244,246,247,255,256,258,262,266,269,273,274,275,276,278,279,280,281,282,283,284,285,289,290,292,293,294,295,297,300,301,304,306,307,309,310,311,313,315,316,317,318,319,320,321,322,323,324,325,326,327,328,329,330,331,332,333,334,335,336,337,338,339,340,341,342,344,345,346,347,349,352,353,354,355,356,357,358,359,360,361,362,363,365,366,367,368,369,370,372,373,375,378,381,382,384,385,386,388,389,392,394,395,397,399,401,406,415,424,425,426,430,431,432,444,448,452,460,465,468,498,500,537,625,626
13,29,77,78,79,80,81,82,83,84,85,86,87,88,89,90,91,93,94,95,99,102,103,104,109,110,112,113,115,116,118,120,121,123,125,126,128,129,132,133,134,135,144,145,147,153,157,159,161,165,166,169,170,174,176,177,181,184,187,188,189,190,191,195,197,202,203,208,209,212,215,222,223,224,226,228,229,232,233,234,236,250,251,256,257,263,264,265,269,270,271,272,274,275,278,280,282,291,292,293,295,296,297,299,300,301,302,303,304,306,308,309,311,312,313,314,315,316,319,320,322,323,324,326,328,329,331,335,337,338,339,340,342,344,345,346,347,348,349,350,351,352,356,358,362,364,365,367,369,370,371,373,374,375,376,380,381,383,388,389,391,396,397,399,400,401,403,405,409,411,412,413,415,418,420,421,422,423,429,431,432,437,440,441,442,444,447,448,461,475,501,531
14,72,74,76,78,79,80,81,82,83,84,85,86,87,88,89,91,93,94,96,98,99,101,102,103,105,106,107,109,110,111,113,114,115,116,119,121,122,125,129,131,132,136,138,143,144,145,146,148,152,153,156,158,159,164,169,171,174,175,182,183,185,187,188,191,192,194,195,199,200,205,209,213,215,221,226,229,239,241,245,246,248,258,267,268,269,270,271,272,273,275,277,278,279,281,283,287,292,293,294,295,297,299,300,301,302,305,306,308,309,312,313,314,315,316,317,319,321,322,323,325,326,327,328,329,331,333,337,338,339,341,342,343,344,345,347,348,349,350,351,354,355,357,359,360,361,362,363,364,365,366,369,370,372,375,382,383,385,388,389,390,391,392,395,397,398,403,406,408,411,414,415,418,419,421,422,426,428,433,434,445,450,460,466,467,473,478,484,542
15,70,75,77,78,79,80,81,82,84,86,87,91,92,93,95,97,98,99,100,101,102,105,108,110,111,112,113,115,117,118,119,120,126,129,131,132,133,134,136,138,140,141,142,144,148,149,151,152,155,156,163,164,167,168,170,173,174,178,182,183,184,188,192,194,198,200,204,205,211,219,222,223,224,227,228,229,233,237,238,240,247,253,254,257,262,264,265,267,268,269,270,274,275,276,277,279,281,284,288,289,293,294,295,297,299,300,308,309,310,312,315,316,319,320,324,328,329,330,332,334,335,336,337,338,339,340,341,342,344,345,347,348,349,351,354,355,357,358,359,361,362,363,365,366,368,371,372,375,377,378,387,390,395,396,399,402,408,415,419,420,425,426,427,431,432,439,443,445,446,450,453,454,459,477,486,530,563,593,611,647
16,51,70,75,77,79,80,81,82,83,84,85,86,87,88,89,91,92,93,96,97,98,99,100,102,103,104,105,106,107,109,110,111,112,113,114,116,119,120,122,123,124,127,128,130,134,135,141,142,144,145,147,149,151,153,156,159,160,161,162,164,169,171,172,173,174,178,179,180,183,184,188,189,191,193,194,196,205,206,209,215,219,220,224,227,229,230,234,237,239,241,243,244,246,247,248,254,261,263,265,270,271,272,276,284,285,287,288,289,292,293,294,295,297,298,299,304,305,306,307,308,314,316,317,319,320,321,323,324,325,326,331,333,334,338,341,343,344,345,347,349,351,357,362,366,367,368,371,372,375,376,377,378,380,382,384,385,387,393,395,397,401,406,407,408,411,412,417,423,433,434,438,439,441,442,444,445,448,468,471,509,580
17,76,79,80,81,82,84,85,86,87,89,90,93,96,97,99,103,104,106,107,108,109,110,111,112,113,114,117,118,120,121,122,123,124,125,136,139,145,151,153,154,155,156,159,160,162,163,169,173,176,180,183,185,186,192,193,197,199,201,204,206,207,209,210,212,218,220,224,229,232,233,235,237,238,241,242,244,255,258,267,272,276,286,289,291,292,294,295,296,298,299,300,301,303,309,313,314,316,319,320,321,322,324,328,330,332,333,334,338,339,340,342,343,346,348,351,354,356,359,361,362,366,367,370,372,373,375,376,378,380,387,389,391,393,394,402,405,406,407,409,410,412,414,422,426,434,445,454,459,468,481,504,523
18,75,77,78,79,80,81,82,85,86,87,88,89,90,91,93,94,95,96,98,100,101,102,103,105,107,108,109,110,111,112,113,114,116,117,118,121,122,123,124,125,129,132,136,137,138,140,141,145,146,157,162,163,164,168,171,172,176,181,182,183,185,186,189,193,199,207,210,221,223,234,244,246,247,248,259,262,265,266,269,273,274,277,281,284,285,286,287,288,290,292,296,297,301,303,305,307,309,312,314,315,317,319,320,321,323,325,326,327,328,329,330,331,334,335,337,339,342,348,349,350,351,353,354,355,357,358,359,365,367,371,372,373,374,375,376,377,378,381,382,383,385,391,392,393,394,396,401,402,409,410,415,419,423,431,432,437,443,446,469,471,473,499,534,582,610,615
19,1,41,74,76,77,78,79,80,82,83,84,86,87,88,89,91,93,94,95,97,98,100,101,102,103,104,105,106,107,108,109,112,114,115,125,127,128,129,131,133,135,137,138,139,140,143,145,147,148,158,159,160,163,170,172,178,179,185,195,199,200,203,207,208,213,214,216,219,221,222,227,228,231,233,236,237,239,242,244,245,255,262,269,273,286,289,292,293,294,296,298,299,301,302,303,304,305,307,308,309,311,312,313,314,315,319,320,321,322,323,328,330,331,332,333,334,336,339,341,343,344,345,348,349,350,352,356,357,358,361,364,365,368,371,374,375,376,379,381,384,385,386,390,396,397,399,400,406,407,413,416,417,421,425,429,435,437,438,439,442,454,462,478,481,544,616,624,679
20,71,77,78,80,81,83,84,85,86,88,89,90,92,93,95,96,97,103,104,105,107,109,110,111,112,113,114,118,119,122,123,124,125,127,128,129,131,132,135,142,144,147,148,153,155,158,159,164,165,169,172,173,175,179,180,194,195,197,201,203,205,215,216,220,221,225,226,240,242,246,250,253,267,269,273,274,275,276,277,278,279,285,291,304,307,308,309,311,313,314,315,316,317,319,321,325,326,329,333,334,337,339,341,342,344,346,349,354,355,357,358,360,361,362,364,367,368,371,373,374,376,382,383,389,390,391,393,398,408,410,413,429,437,449,460,463,604,615,662
21,69,72,76,78,79,80,81,84,85,86,87,88,90,92,93,94,95,97,98,99,100,102,103,104,105,106,108,110,111,113,114,115,117,121,124,125,127,128,129,131,132,133,136,137,143,144,152,157,158,159,160,161,163,173,176,177,182,183,193,198,201,203,205,209,213,216,218,223,224,226,229,232,233,239,243,246,262,266,277,284,286,289,291,292,293,294,298,301,302,303,304,305,322,329,334,338,339,340,342,343,348,349,350,356,357,362,364,371,373,382,383,384,387,392,397,401,409,419,423,425,447,454,480,487,506,515,696
22,77,78,79,80,81,82,85,87,88,89,90,93,94,95,96,97,98,99,100,106,107,110,111,112,113,114,117,119,120,125,126,127,129,132,133,135,136,137,138,140,142,144,145,146,150,152,155,156,159,160,163,167,171,175,176,179,180,184,186,187,191,193,194,195,196,202,205,206,208,210,212,216,222,225,229,235,247,259,265,269,272,273,278,279,280,282,285,286,288,290,292,293,296,302,303,305,308,315,317,319,324,326,329,330,335,336,339,342,343,346,350,352,353,354,356,361,362,367,368,374,375,381,382,383,384,385,386,395,397,400,404,408,414,416,417,427,435,442,447,450,457,478,505,574,625
23,55,69,74,76,78,79,81,82,83,84,85,89,92,93,96,100,101,104,105,108,112,116,117,119,121,122,123,125,130,131,143,150,152,154,164,166,170,172,174,176,177,179,187,210,214,216,222,228,230,239,253,257,282,285,287,289,290,295,301,303,304,307,309,311,316,318,328,331,343,346,354,356,357,360,361,363,365,366,367,371,374,377,380,384,388,395,399,404,409,410,417,419,424,429,434,438,446,477,480,488,497,650
24,71,74,75,77,79,80,82,85,86,87,88,89,90,92,93,94,95,96,97,98,103,108,110,111,112,114,115,118,120,121,123,124,126,127,128,132,134,135,137,138,140,142,147,148,149,152,155,157,159,160,170,171,175,178,181,183,186,188,196,198,211,227,238,240,245,255,261,262,268,272,275,278,281,282,284,286,287,288,299,301,307,309,312,315,318,321,324,325,326,328,330,332,334,340,342,345,346,352,353,356,357,361,365,371,373,374,379,380,383,385,405,406,411,412,421,423,433,444,476,477,483,502,539,583,688
25,69,72,73,75,76,77,79,80,81,82,83,85,89,90,91,92,93,95,96,101,105,106,107,108,111,112,115,116,118,122,125,126,127,130,135,138,152,153,154,158,171,172,173,177,179,182,183,184,205,222,225,239,240,243,249,255,256,258,272,277,281,282,292,296,298,309,311,316,317,320,329,330,332,335,341,342,346,350,351,355,360,364,365,366,367,368,369,372,381,387,394,399,406,409,410,413,431,444,456,463,467,529,534
26,65,70,71,76,77,78,80,81,82,83,84,85,86,88,89,90,91,94,95,98,99,100,102,103,104,107,108,110,111,114,116,119,121,122,128,132,133,135,138,142,144,150,152,160,163,164,168,172,175,178,179,181,183,187,200,201,205,206,211,214,217,224,225,229,235,237,250,251,255,263,264,267,272,274,278,279,280,281,283,286,290,294,298,300,303,314,316,320,323,333,334,339,340,357,361,365,367,374,376,379,383,395,407,417,419,434,438,448,453,464,591
27,52,70,71,74,75,76,79,80,82,83,85,86,87,88,89,91,93,94,96,98,99,101,102,103,104,108,109,110,111,113,114,118,123,126,129,132,135,144,150,152,154,162,164,165,166,173,181,185,189,192,194,196,200,201,207,208,210,216,217,218,220,221,223,241,242,245,250,253,256,258,261,262,265,266,268,271,275,278,280,285,290,292,296,297,298,300,301,313,317,318,322,325,337,339,342,343,345,355,357,358,359,361,365,373,407,504,548,596
28,68,74,75,78,79,81,82,83,84,86,87,88,91,92,93,95,96,97,100,101,103,105,106,107,109,112,113,115,116,118,119,120,122,126,127,129,132,134,136,137,138,139,140,141,143,146,147,152,154,156,161,162,165,167,168,173,177,180,188,190,192,194,197,200,201,203,216,218,219,222,224,225,228,230,231,232,236,240,244,246,248,250,256,258,262,263,265,266,267,269,271,273,274,286,287,288,291,294,296,300,303,304,305,322,327,333,339,353,360,373,386,398,432,435,466,519,544
29,61,66,68,70,72,74,75,77,78,79,81,82,83,85,86,87,88,89,90,91,92,93,95,96,97,99,100,103,105,106,107,108,109,110,111,112,113,114,115,116,117,118,122,124,127,128,129,130,131,133,134,135,140,144,148,151,153,154,155,157,159,161,164,167,170,172,174,181,182,183,186,194,198,200,205,207,208,211,219,220,229,232,234,249,254,257,258,261,265,269,276,281,282,287,302,304,308,313,330,331,340,346,377,388,394,398
30,66,68,76,77,79,80,82,83,85,86,87,88,89,90,92,95,97,100,101,102,103,105,106,109,110,112,113,114,116,117,118,119,120,121,123,126,128,132,133,138,142,144,146,147,149,150,152,155,156,157,160,162,163,169,171,172,174,178,180,181,182,184,186,190,192,193,196,198,200,206,207,213,222,224,228,230,234,235,239,245,246,249,251,254,257,259,260,261,262,264,265,270,271,281,291,306,333,367,371,375,379,385,556,574,630
31,68,80,84,85,86,89,90,91,92,94,95,96,97,99,100,101,103,105,106,107,108,112,113,116,117,118,119,121,122,125,127,129,130,131,133,134,137,138,143,145,146,148,150,155,156,159,160,162,163,169,171,172,173,177,179,180,182,183,189,190,192,193,194,198,199,200,201,209,210,216,218,221,226,228,230,232,238,242,244,247,249,251,252,254,256,259,262,264,277,278,283,286,288,289,304,326,339,342,384,525
32,86,89,90,91,93,94,96,97,98,99,102,103,104,105,106,108,109,111,112,113,115,117,118,119,120,122,123,124,126,127,128,129,130,131,132,133,136,137,144,148,149,151,152,153,158,159,162,164,166,170,176,177,178,179,180,186,188,190,195,196,199,200,201,202,204,205,207,209,211,216,217,218,221,223,224,225,226,228,233,234,235,236,238,240,241,242,244,246,247,252,257,264,265,270,274,275,278,280,284,286,287,290,315,320,335,351,524,681
33,77,81,86,88,89,90,91,92,93,94,95,96,99,100,101,102,103,105,107,109,110,111,112,113,114,117,118,119,120,123,127,128,130,132,133,134,140,141,142,145,146,147,148,149,151,155,157,163,164,165,169,172,173,177,179,186,189,190,191,192,194,195,196,198,199,200,202,203,204,206,207,208,210,212,213,218,220,223,224,226,228,229,230,234,237,238,240,241,242,243,246,247,248,249,252,253,256,257,261,262,263,266,281,284,287,288,292,294,297,302,305,311,331,355,374,409,477,490,597,693
34,76,81,82,83,85,86,88,89,91,92,93,94,95,97,98,100,102,104,105,106,108,109,110,111,112,113,116,122,125,126,127,128,132,135,137,140,144,145,149,150,152,155,157,162,178,183,184,186,188,191,192,193,194,195,196,197,198,199,200,202,203,204,208,211,212,213,217,218,220,233,235,237,243,255,256,260,268,269,296,306,313,335,354,549,594,618,666
35,67,69,75,78,82,86,89,96,97,100,101,104,105,108,109,110,111,113,115,117,121,122,123,124,126,127,128,131,134,138,139,140,142,144,145,146,147,149,153,155,156,159,162,163,164,168,179,182,185,187,190,192,197,199,201,202,204,205,207,209,210,212,214,218,221,227,236,255,256,287,293,301,315,534,670,692
36,88,91,92,95,98,114,117,119,124,136,137,138,169,194,204,212,216,287,301,372,379,459,525,613,680
37,48,352
38,548
39,471,516
40,81,151,497
41,143,475,508,558,565,693
42,
43,148,564
44,71,99,149,466
45,280,417
46,149,256,412,424,444,639,691
47,384,557,560
48,71,176,388,502,507,522,636
49,62,248,257,391,439,445,452,619,631,641
50,
51,635,664
52,128,361
53,29,147,217
54,79,220,360,366,494
55,31,171,643
56,52,82,456
57,72,258,276,562,693
58,36,274,364,533
59,70,302,398,438,567
60,
61,
62,
63,
64,
65,
66,
67,
68,
69,
70,
71,
72,
73,
74,
75,
76,
77,
78,
79,
80,
81,
82,
83,
84,
85,
86,
87,
88,
89,
90,
91,
92,
93,
94,
95,
96,
97,
98,
