18
0,5
1,37,192,209,354,578
2,7,10,18,19,21,22,28,29,32,34,35,48,59,132,262,432,521,625
3,18,21,22,23,25,26,27,30,31,32,33,34,35,37,44,45,52,56,122,187,343,418,512,617,686
4,12,17,20,21,22,23,26,28,29,30,31,32,33,34,35,36,37,38,39,40,41,42,43,44,45,46,47,48,49,50,51,53,55,57,61,63,65,68,69,70,71,72,75,76,101,112,118,127,133,435,458,469
5,6,21,25,26,29,30,31,32,33,34,35,36,38,39,40,41,42,43,44,45,46,47,48,49,50,51,52,53,54,55,56,57,58,59,60,61,62,63,64,65,66,67,68,69,70,71,72,74,76,77,78,79,80,81,82,84,85,86,87,89,90,91,92,93,94,96,99,104,105,106,107,109,110,112,113,114,115,117,118,119,121,124,126,127,128,129,130,131,132,134,135,136,137,138,139,140,142,143,144,145,146,148,150,151,152,153,154,155,156,157,159,160,161,162,163,164,165,166,167,168,176,179,180,185,187,188,193,195,197,198,199,200,201,202,203,204,206,207,211,213,216,220,221,222,223,225,226,227,228,229,230,232,233,234,235,236,237,238,239,240,241,243,244,245,246,248,249,250,251,252,253,254,255,256,257,258,259,260,261,262,263,264,265,266,267,268,269,270,271,272,273,274,275,276,277,278,279,280,281,282,283,284,285,286,287,288,289,290,291,292,293,294,295,296,297,298,299,300,301,302,303,304,305,306,307,308,309,310,311,312,313,314,315,316,317,318,319,320,321,322,323,324,325,326,327,328,329,330,331,332,333,334,335,336,337,338,339,340,341,343,344,345,347,349,351,353,354,356,365,367,368,370,387,391
6,16,25,27,28,29,30,31,32,33,35,36,37,38,40,41,42,43,44,45,46,47,48,50,51,53,54,57,58,59,60,61,64,65,66,68,69,70,71,72,74,76,77,78,79,81,82,84,85,86,87,88,89,90,91,92,93,95,97,98,99,100,101,105,108,109,113,115,117,118,119,120,122,123,124,125,126,127,128,129,130,131,132,133,134,136,137,138,139,140,141,142,143,144,145,146,147,148,149,150,151,152,153,154,155,156,157,158,159,160,161,162,164,168,169,170,171,172,173,174,175,177,178,179,180,181,182,183,184,186,187,188,189,190,191,192,194,196,199,200,201,203,205,206,208,209,212,214,215,216,218,219,220,221,223,224,226,227,228,230,231,232,235,236,237,238,240,243,244,245,246,247,248,249,250,251,252,253,254,255,256,257,258,260,261,262,263,264,265,266,267,268,269,270,271,272,273,274,275,276,277,278,279,280,281,282,283,284,285,286,287,288,289,290,291,292,293,294,295,296,297,298,299,300,301,302,303,304,305,306,307,308,309,310,311,312,314,315,316,317,318,319,320,321,322,323,324,325,326,327,328,329,330,331,332,333,334,335,336,337,338,339,340,341,342,343,344,345,346,347,348,349,350,351,352,353,354,355,356,357,358,359,360,361,362,363,364,365,366,367,368,369,370,371,372,373,374,375,376,377,378,379,380,381,382,383,384,385,386,388,389,390,391,392,393,394,395,396,397,398,399,400,401,402,403,404,405,406,407,408,409,410,411,412,413,414,415,416,417,419,420,421,422,423,424,425,426,427,428,429,430,432,433,434,436,437,438,439,440,443,444,445,446,447,448,449,450,452,453,454,455,458,459,460,463,464,467,468,470,471,473,475,478,483,484,486,491,493,496,497,501,502,503,518,531,535
7,8,16,24,25,28,29,30,32,33,34,35,37,38,39,40,41,42,43,44,45,46,47,48,49,50,51,52,53,54,55,56,57,58,60,61,64,65,67,68,69,72,73,78,79,83,84,85,86,88,94,95,96,100,101,102,105,110,111,112,114,116,118,119,120,121,122,123,124,125,128,129,131,132,133,134,135,139,140,141,143,144,145,146,147,148,149,151,152,153,155,156,157,158,159,161,162,164,165,166,168,170,172,173,174,177,178,179,180,181,182,183,185,186,188,189,190,191,192,194,198,201,203,205,206,211,214,215,216,217,218,219,220,221,224,228,230,231,232,233,234,235,237,239,240,241,242,243,244,245,246,247,249,251,252,253,254,255,257,258,259,260,261,262,263,264,266,268,269,270,271,272,274,275,276,277,278,279,280,281,282,283,284,285,286,289,290,291,292,293,294,295,296,297,298,299,300,301,302,303,304,305,306,307,309,310,312,313,314,315,316,317,318,319,320,321,322,323,324,325,326,327,328,333,334,335,336,337,338,339,340,341,342,343,344,345,346,347,349,350,351,352,353,354,355,356,357,358,359,360,361,362,363,364,365,369,370,371,373,374,375,377,378,379,380,381,382,383,384,385,386,387,388,389,390,391,393,394,396,397,398,399,400,401,402,403,404,406,407,408,410,412,413,415,416,417,418,421,423,424,429,430,431,432,433,434,435,436,439,440,441,442,443,444,445,446,447,449,451,452,453,454,455,456,458,459,460,462,463,464,469,470,479,482,483,484,485,490,491,494,500,501,504,505,507,508,513,515,522,526,534,565,581,583,595
8,13,17,18,19,20,21,22,23,24,26,28,29,30,31,32,34,35,36,37,38,39,40,41,42,44,45,46,47,48,49,50,52,53,54,55,56,57,58,59,60,61,62,63,64,65,66,67,69,70,72,73,74,75,76,77,78,79,81,82,85,86,92,93,97,99,101,102,108,113,114,116,117,122,123,127,130,131,132,133,135,136,137,138,139,140,141,142,143,145,146,147,149,151,153,155,157,158,160,164,165,166,172,175,180,184,185,189,190,195,198,200,201,202,204,211,213,215,216,218,221,224,225,228,230,232,234,238,245,247,249,251,252,254,257,258,259,261,262,265,268,269,271,273,275,276,277,278,279,280,282,283,285,286,287,288,289,290,291,292,293,294,295,296,297,298,299,300,301,302,303,304,305,306,307,308,309,310,311,315,316,317,318,319,320,321,322,323,324,325,326,327,329,330,331,332,333,334,335,337,338,340,341,342,344,345,346,347,348,349,350,351,352,353,354,355,356,357,358,359,360,361,362,363,364,365,366,368,369,370,371,372,373,374,375,376,379,380,381,382,383,384,385,386,387,388,390,391,392,393,394,395,397,398,399,400,401,403,404,406,411,412,414,417,418,419,420,421,424,425,426,427,428,429,430,431,432,433,435,436,437,438,439,441,442,443,444,445,447,450,451,452,453,454,455,456,457,458,459,461,462,463,464,465,467,468,469,472,474,475,480,482,484,486,488,490,495,497,499,500,504,506,512,513,526,535,536,539,542,580,614,633
9,18,20,23,25,26,27,29,30,31,32,33,34,35,36,37,38,39,40,43,45,46,47,48,50,51,52,53,54,56,57,58,59,60,61,62,63,64,65,66,67,68,69,70,71,72,73,74,75,76,77,78,80,81,82,83,84,86,87,88,89,90,91,92,93,94,95,96,98,99,101,102,103,105,106,109,110,111,112,115,116,117,118,119,120,122,123,125,126,128,129,130,131,132,133,134,135,137,138,139,140,141,142,143,144,145,147,148,149,151,152,155,156,158,165,166,169,172,174,180,181,193,198,199,201,203,204,211,212,213,217,218,224,225,236,237,239,240,241,242,246,247,249,251,252,253,254,256,257,260,261,266,267,268,272,273,275,276,278,279,280,283,284,285,286,287,288,289,290,291,292,294,295,296,297,298,299,301,302,303,304,307,308,309,311,314,316,317,318,319,322,323,326,327,330,331,332,333,334,335,336,337,338,339,340,341,342,343,346,347,348,349,351,353,354,355,356,357,358,359,361,362,363,364,365,366,367,369,370,371,372,374,375,376,378,380,381,383,384,385,390,391,392,393,394,395,396,397,399,400,402,403,404,405,406,407,409,410,411,412,414,416,418,422,424,425,426,430,431,432,433,436,438,439,440,441,442,443,444,445,447,449,450,451,456,457,458,459,460,462,470,473,475,476,484,485,487,489,490,493,499,500,503,508,511,518,520,523,542,548
10,20,23,25,29,30,31,32,34,35,36,38,39,41,42,43,44,45,46,47,48,49,50,51,52,53,54,55,56,57,59,60,61,62,63,64,66,67,68,69,70,71,72,73,74,78,79,80,81,82,83,86,87,88,89,90,91,95,97,98,104,105,111,112,113,114,117,119,120,121,124,127,129,132,133,134,135,137,141,144,145,147,148,150,152,154,157,158,159,160,161,162,163,164,165,169,170,172,174,178,181,182,183,184,185,186,189,190,193,194,197,198,199,203,204,205,206,207,210,211,212,213,214,215,216,218,222,223,224,226,227,228,231,233,234,235,236,240,241,242,245,246,251,252,253,254,255,256,257,258,260,261,262,263,264,265,266,267,268,269,270,271,272,274,275,277,278,279,280,281,282,283,284,285,289,290,291,293,294,295,296,297,298,299,300,301,302,303,304,305,306,307,308,309,310,311,312,314,315,316,319,320,321,322,323,324,325,328,330,331,332,333,334,337,339,341,343,345,346,348,350,354,355,356,357,363,365,369,373,375,377,380,393,396,400,403,406,407,409,411,412,413,416,419,422,424,425,427,428,430,436,437,448,449,456,457,458,461,463,466,469,482,489,493,495,497,527,537,598,652,680,699
11,17,20,26,27,29,30,31,32,35,36,37,38,39,40,41,42,43,44,45,46,47,48,50,51,52,53,54,56,57,58,59,62,63,64,65,66,67,68,69,72,73,75,76,78,79,80,81,82,83,84,85,87,89,92,93,94,95,96,98,105,107,111,120,122,123,128,129,131,135,136,139,140,141,145,146,150,151,156,158,165,166,168,172,174,175,177,178,179,186,188,194,195,197,204,209,216,219,221,230,235,236,239,241,243,247,251,252,254,258,260,261,262,263,264,267,270,271,273,275,276,277,279,280,281,282,283,284,285,286,287,288,289,290,292,293,294,295,296,297,298,299,301,302,303,304,305,306,307,308,309,311,312,313,315,317,318,319,321,322,326,327,329,331,332,333,334,336,338,339,340,341,342,343,345,346,347,348,349,350,352,354,355,356,358,359,360,361,362,363,364,367,368,370,371,372,373,374,375,376,378,379,381,382,383,384,385,386,388,389,390,392,396,397,398,400,401,402,403,404,405,409,410,411,412,416,419,421,423,424,425,427,428,430,433,434,436,437,438,439,440,442,443,444,452,454,455,456,461,467,470,478,479,483,499,506,513,528,532,678
12,9,25,28,30,31,32,34,35,36,37,38,39,40,41,42,43,44,45,46,47,49,50,51,52,53,55,56,57,58,59,60,61,62,63,64,65,66,67,68,71,72,73,74,75,78,79,80,82,85,86,87,89,90,91,92,93,94,95,98,101,102,104,106,107,110,111,112,116,120,121,122,123,125,127,128,129,130,132,133,135,136,139,140,141,142,144,145,146,147,149,150,154,155,156,158,169,171,178,179,188,189,191,192,195,200,205,206,208,209,210,212,213,215,217,218,223,224,225,226,228,232,233,234,237,238,242,244,245,248,252,254,255,256,261,265,267,268,269,272,273,275,278,280,283,287,288,290,291,299,304,306,309,313,316,317,321,322,323,325,326,327,328,329,331,332,335,336,337,339,341,344,346,347,348,349,350,354,355,356,359,360,361,363,364,365,366,367,368,369,372,373,375,376,379,381,383,384,390,392,395,396,400,402,403,404,418,420,425,427,428,432,434,435,438,442,445,447,449,452,454,456,457,461,463,466,468,469,471,473,475,478,494,507,512,514,571,589,597,645,665,672
13,33,34,36,38,41,42,43,44,45,46,47,48,51,52,53,54,55,56,57,58,59,60,61,62,63,64,65,66,67,68,69,70,71,72,74,75,76,78,79,81,82,83,84,87,90,91,92,93,95,98,99,100,101,103,106,118,119,120,121,122,123,124,127,128,129,131,136,140,141,142,147,149,151,153,155,156,158,160,163,164,165,167,168,177,178,179,180,181,182,190,192,195,196,197,198,199,201,202,205,209,211,212,214,218,219,221,224,225,230,232,237,240,246,247,248,249,250,251,252,253,254,255,256,259,260,261,262,263,267,268,270,271,273,275,276,277,279,280,282,283,284,285,286,289,290,291,292,294,295,296,297,300,301,302,303,304,305,306,314,318,319,320,321,322,323,325,326,327,328,329,330,331,332,333,334,335,336,339,340,345,348,350,351,352,353,354,355,356,357,358,359,360,361,364,366,367,369,372,375,377,378,379,380,382,385,389,390,392,393,394,398,399,400,407,408,411,413,414,417,420,421,423,424,425,427,431,432,433,439,444,446,448,454,458,460,464,471,475,476,483,570
14,28,29,31,33,34,35,36,38,39,40,41,42,43,45,46,47,48,49,50,51,52,53,54,55,57,58,59,60,61,63,67,68,69,70,71,72,73,74,75,78,79,81,84,85,87,88,89,91,92,94,96,97,98,100,101,104,105,115,121,123,124,126,128,129,137,138,140,141,142,144,145,147,148,152,153,154,157,158,159,160,162,166,167,169,175,178,181,185,186,187,189,190,192,195,197,198,203,215,218,220,222,224,236,240,243,245,247,249,250,253,254,255,257,258,260,262,263,264,266,267,268,269,270,272,274,277,278,280,283,285,287,290,292,296,297,299,300,301,302,303,304,306,308,309,310,311,312,313,315,316,318,323,325,326,328,329,331,332,333,334,336,337,338,339,341,342,344,346,347,348,351,352,353,354,356,357,361,363,364,366,367,368,369,370,374,375,377,378,379,380,382,384,386,387,388,389,392,393,396,398,401,402,403,406,407,410,415,416,418,419,420,421,422,423,425,426,427,428,429,431,433,435,436,438,442,444,445,447,448,449,450,451,452,457,458,459,460,465,466,468,472,474,477,480,481,484,487,492,495,496,497,526,527,530,540,649,668
15,18,19,28,29,32,33,35,37,38,39,40,41,42,43,44,45,46,47,48,50,51,52,53,54,55,56,59,60,61,62,63,64,65,66,67,68,69,70,72,73,74,75,76,77,79,82,84,87,89,90,95,100,101,102,105,107,111,114,117,121,124,127,129,130,131,132,134,136,137,138,139,140,141,142,143,144,145,146,148,151,152,153,154,155,158,159,162,163,165,168,171,175,177,181,182,185,186,189,192,195,196,201,204,208,211,213,214,215,218,222,223,225,231,234,235,239,240,241,244,248,251,256,257,258,259,260,261,262,264,266,267,268,270,274,275,280,283,287,291,292,294,295,296,301,310,317,319,320,322,324,325,328,330,334,335,340,344,347,349,353,354,356,363,364,365,366,370,371,374,375,376,378,381,386,389,391,392,394,395,397,399,405,409,410,412,413,415,420,424,428,431,432,441,445,447,449,450,452,455,463,467,473,477,479,493,498,502,513,528,536,537,556
16,20,22,23,24,25,26,27,28,29,30,31,32,33,34,35,37,38,39,40,42,43,45,46,47,48,49,50,51,52,53,54,55,56,57,58,59,60,61,62,63,64,65,66,67,68,69,70,72,73,74,75,76,77,78,79,80,82,83,84,85,88,89,90,92,93,94,95,96,97,99,100,102,104,108,111,114,115,117,119,122,125,126,127,128,129,133,135,139,141,143,144,147,148,150,151,153,154,158,162,163,168,179,180,186,187,192,193,198,200,202,207,211,213,216,217,218,219,223,225,229,232,234,239,245,246,247,248,251,252,253,254,256,259,261,262,263,264,266,267,268,269,271,272,273,275,276,277,278,279,281,285,286,290,291,293,295,298,299,300,301,302,305,307,308,309,311,313,314,317,318,319,320,322,323,328,329,332,333,334,338,339,344,345,348,349,354,355,356,357,358,359,361,363,364,365,366,367,368,371,372,373,374,380,383,384,386,387,388,389,390,391,392,393,394,397,398,404,405,406,409,410,413,419,420,421,424,425,427,432,433,434,435,438,439,441,442,444,449,451,455,456,460,461,464,471,482,496,499,507,509,531,691
17,18,19,20,22,25,27,29,30,31,32,34,36,37,38,39,40,41,42,43,44,45,46,47,48,49,50,51,52,53,54,55,56,57,58,59,60,61,62,63,65,66,67,68,70,71,72,73,74,75,76,77,78,79,80,81,82,85,86,87,88,89,90,92,94,95,96,97,98,99,100,101,102,103,105,106,107,108,109,110,111,112,113,115,116,118,119,120,121,122,124,126,128,129,130,131,133,135,136,137,138,139,140,141,143,144,145,147,148,149,150,151,152,153,155,157,158,159,160,162,164,165,167,168,172,173,174,175,176,182,184,188,189,190,191,193,196,197,198,200,201,203,205,206,207,209,212,215,216,219,220,226,228,233,236,240,241,242,245,247,248,249,251,252,253,256,257,259,260,261,264,266,269,271,275,278,282,286,289,290,292,295,296,297,299,302,305,307,310,312,313,316,317,319,321,323,324,326,328,330,331,332,333,335,339,344,346,349,351,352,353,355,358,359,360,361,363,365,367,368,369,371,373,375,379,381,384,387,389,390,391,392,393,394,395,396,397,399,404,407,412,414,416,417,418,420,421,423,431,432,435,437,439,441,442,443,449,450,451,452,455,456,462,465,467,468,470,473,483,487,488,490,495,498,499,503,517,552,677
18,12,14,15,16,18,19,20,21,22,23,24,25,26,27,28,30,33,34,36,38,39,41,43,44,45,46,47,48,50,51,52,53,54,55,56,57,58,59,60,61,62,63,64,65,66,67,69,70,71,72,73,74,75,76,77,78,79,80,81,82,83,85,86,87,88,89,90,91,93,94,95,96,97,98,99,100,104,112,114,116,117,118,123,126,127,129,133,136,138,141,143,148,149,150,153,154,156,158,160,162,163,164,166,167,168,169,170,171,172,177,180,182,184,186,188,189,190,191,192,197,199,200,201,205,210,213,214,215,216,220,224,227,231,233,236,238,240,243,244,245,251,257,258,265,269,270,272,274,275,278,280,281,282,283,285,288,296,303,304,305,311,312,321,322,324,327,328,332,337,340,342,347,351,352,356,357,358,359,360,362,363,365,370,374,375,382,383,385,386,389,390,392,394,397,400,403,405,410,416,417,418,420,424,429,432,437,439,450,452,454,461,470,474,478,480,483,490,492,521,532,551,560
19,10,12,17,20,21,22,23,25,26,27,29,30,31,32,33,34,35,36,38,39,40,41,42,43,44,46,52,55,57,59,60,61,62,63,64,67,68,69,72,74,75,77,78,79,81,83,85,86,87,88,89,90,91,92,93,94,95,96,97,98,99,101,102,103,104,105,107,109,110,112,113,114,115,124,129,130,131,132,133,135,139,140,141,143,144,146,149,151,154,166,167,174,177,179,180,183,193,198,203,204,206,209,210,216,314,346,350,354,375,489,609
20,12,15,16,33,34,38,42,43,47,53,54,55,60,61,64,65,67,68,69,74,76,79,81,84,85,93,95,96,100,101,104,106,110,111,113,117,118,121,125,153,154,155,184,190,208,357,444,490,616
21,4,53,58,62,95,147,214,313,480
22,3,4,8,9,659
23,3,5,6,7,8,9,11,12,13,23,24,460,625
24,1,2,4,5,6,10,12,14,15,16,17,18,19,20,22,26,27,28,29,32,34,36,45,533,581
25,2,3,4,5,6,7,8,9,10,11,13,15,16,17,20,22,23,25,29,30,40,42,44,45,46,53,61,63,67,68,72,73,93,366,651,658
26,2,5,6,7,8,9,10,11,12,13,14,16,17,18,19,20,22,23,25,26,27,29,31,32,34,38,74,79,114,119,176,460,512,541,639
27,1,2,4,7,8,10,11,13,15,16,17,18,20,22,24,26,27,28,29,30,33,37,38,47,67,74,79,82,96,128,134,163,280,464,484
28,2,3,5,6,8,10,11,13,15,16,17,18,19,20,22,25,26,28,29,30,31,32,33,34,35,37,38,39,40,41,42,43,50,51,52,54,55,61,62,63,66,67,68,69,71,73,77,90,97,118,120,126,221,464
29,1,3,4,5,7,9,13,14,17,18,19,20,22,24,25,26,28,29,31,32,33,35,36,38,40,43,45,51,54,55,56,57,58,62,67,68,81,83,88,92,108,115,130,172,194,266,556,678
30,2,5,11,12,14,16,17,24,25,27,33,41,43,44,49,50,51,53,54,56,57,61,66,68,70,73,75,76,79,80,81,82,92,94,96,99,102,103,141
31,15,17,27,33,40,42,43,44,47,49,51,55,62,63,65,66,67,68,71,73,74,81,86,89,90,100
32,7,58,72,74,75,80,84,88,95,96,102,115,117,124,141,144,149,151,179,239,299
33,9,11,25,32,83,84,88,90,100,101,103,105,119,123,129,139,142,168
34,12,13,15,18,49,60,90,138,185
35,42,61,73,168,385,681
36,38,74,87,468,637,689
37,35,150,294,304,502,539,625,660
38,96,122,313
39,263,378,449
40,47,124,176,587,605
41,428,518
42,285,445,447,692
43,354,477,564
44,36,57,342,655,691
45,133,162,348,502,548,636
46,72,195,322,347,361,554,611,643,698
47,17,387,389,576
48,59,151,239,301,598,614,636
49,15,95,112,286,441,515,645
50,10,99,195,248,336,442,453,573,679
51,42,108,270,411,540,576,638,648,695
52,321,523
53,96,659,687
54,6,228,302,337
55,139,165,186,399,421,423,541,564,636,686
56,7,258,386,538,621
57,255,298,394,690
58,101,475
59,69,446,449,484,538,546,666
60,134,363,471
61,2,31,62,125,192,308,342,473,519,564,593,635
62,44,168,195,348,548,565,615,674
63,12,89,98,278,380,530,564
64,512,690
65,174,311,457
66,117,377,423,515,516
67,167
68,
69,
70,
71,
72,
73,
74,
75,
76,
77,
78,
79,
80,
81,
82,
83,
84,
85,
86,
87,
88,
89,
90,
91,
92,
93,
94,
95,
96,
97,
98,
