15
0,16
1,260,489,537,550,626
2,26,120,209,336,403,434,462,501
3,120,162,212,288,364
4,41,56,105,141,152,161,408
5,101,206,207,330,396,398
6,67,92,98,99,100,101,103,104,105,108,109,117,180,194,230,518,567
7,10,75,80,81,82,83,85,88,89,90,91,92,93,94,95,97,98,99,100,101,102,103,104,105,106,107,108,109,110,111,112,113,114,115,116,117,118,119,120,121,124,217,230,286,368,379,527,655
8,66,73,80,82,86,87,88,91,92,93,94,95,96,97,98,99,100,101,102,103,104,105,106,107,108,109,110,111,112,113,114,115,116,117,118,119,120,121,122,123,124,125,126,127,128,129,130,131,132,133,134,135,136,137,138,139,140,141,142,143,144,145,146,147,148,149,150,151,152,153,154,155,156,157,158,159,160,161,162,164,165,166,167,168,170,172,173,178,188,189,190,191,192,193,194,195,196,197,198,199,201,202,203,204,205,206,207,209,210,211,212,214,215,218,219,345,495
9,60,90,92,97,99,100,103,104,105,106,107,108,109,110,111,112,113,114,115,116,117,118,119,120,121,122,123,124,125,126,127,128,129,130,131,132,133,134,135,136,137,138,140,141,142,143,144,145,146,147,148,149,150,151,152,153,154,155,156,157,158,159,160,161,162,163,164,165,166,167,168,169,170,171,172,173,174,175,176,177,178,179,180,181,182,183,184,185,186,187,188,189,190,191,192,193,194,195,196,197,198,199,200,201,202,203,204,205,206,207,208,209,210,211,212,213,214,215,216,217,218,219,220,221,222,223,224,225,226,227,228,229,230,231,232,233,234,235,236,237,238,239,240,241,242,243,244,245,246,247,248,249,250,251,252,253,254,255,257,258,259,260,261,262,263,264,265,266,267,268,269,270,271,272,273,274,275,276,277,278,279,280,281,282,283,285,286,287,288,289,290,292,293,294,296,297,298,299,300,301,302,303,304,305,306,307,308,309,311,312,313,315,316,318,321,322,323,324,325,329,330,332,333,336,337,340,345,349,351,353,359,361,365,367,371,372,373,374,376,383,384,398,423,425,458
10,92,93,95,97,98,100,101,102,103,104,105,106,107,108,109,110,111,112,113,114,116,117,118,119,120,121,122,123,124,125,126,127,128,129,130,131,132,133,134,135,136,137,138,139,140,141,142,143,144,145,146,147,148,149,151,152,153,154,155,156,157,158,159,160,161,162,163,164,166,168,169,170,171,172,173,174,175,176,179,181,182,183,184,187,188,189,190,191,192,193,194,195,196,197,198,199,200,201,202,204,205,206,207,208,209,210,211,212,213,214,215,216,217,218,219,220,221,222,223,224,225,226,227,228,230,231,232,233,234,235,236,237,238,239,240,241,242,243,244,245,246,247,248,249,250,251,252,253,254,255,256,257,258,259,260,261,262,263,264,265,266,267,268,269,270,271,272,273,274,275,276,277,278,279,280,281,282,283,284,285,287,288,289,290,291,292,293,294,296,297,298,299,300,301,302,303,304,305,306,307,308,309,310,311,312,314,315,316,317,318,319,320,322,324,325,326,327,329,331,332,333,334,335,336,337,339,340,341,342,343,344,345,348,351,353,354,356,357,359,361,364,365,367,368,370,372,373,383,384,386,387,391,393,397,398,401,408,411,412,413,414,416,445,490,518,603
11,15,97,98,100,102,103,104,105,106,107,108,109,110,111,112,113,114,115,116,117,118,119,120,122,123,124,125,126,127,128,130,131,132,133,134,135,136,137,138,139,140,141,142,143,144,145,146,147,149,150,151,152,153,154,155,156,157,158,159,161,162,163,164,165,166,167,168,169,170,171,172,174,176,177,178,179,180,181,183,184,186,187,188,190,192,193,194,195,196,197,198,199,200,201,202,203,204,205,206,207,208,209,210,211,212,213,214,215,216,217,218,219,220,221,222,223,224,225,227,229,231,232,233,234,235,236,237,238,239,242,243,244,245,246,247,248,249,250,251,252,253,254,255,256,257,258,259,260,261,262,263,265,266,267,268,269,270,271,272,273,274,275,276,277,279,280,281,282,283,284,285,286,287,288,289,290,293,294,295,298,299,301,302,305,306,307,308,310,311,312,314,315,316,317,318,322,323,324,325,329,330,331,333,334,335,336,337,338,339,340,342,344,345,346,347,348,349,350,351,352,353,355,356,357,359,360,364,365,366,367,369,372,373,374,376,377,378,379,382,383,384,385,388,389,390,396,398,399,400,402,403,405,406,415,431,435,473,548
12,53,93,94,96,97,99,101,102,103,104,105,106,107,108,109,110,111,112,114,115,116,117,118,119,120,122,123,124,125,126,127,128,129,131,132,133,134,135,136,137,138,139,140,143,144,145,146,147,148,149,150,151,153,154,155,156,157,158,160,161,162,163,164,165,166,167,168,169,170,172,173,175,176,177,178,179,180,181,182,185,186,187,189,190,191,192,193,195,198,199,200,201,204,205,207,208,209,211,212,213,214,217,218,219,220,221,223,224,225,226,227,228,229,230,232,234,235,236,237,238,239,240,241,243,244,245,246,247,249,252,253,255,256,257,258,260,261,262,264,266,267,268,269,271,273,274,275,276,277,279,280,282,283,284,285,286,287,290,291,292,293,294,295,296,298,299,300,302,303,304,306,307,310,311,313,314,316,319,321,322,325,326,328,335,336,337,338,343,346,347,350,353,354,356,358,359,363,364,366,369,379,381,382,383,395,398,400,402,415,458,484,489,521
13,94,100,101,102,103,104,105,106,108,109,110,112,113,114,115,116,117,118,120,121,122,123,124,126,127,128,129,130,131,132,133,134,135,136,138,139,140,142,143,144,145,146,147,149,150,151,152,153,154,155,156,157,158,159,160,161,162,163,165,166,167,168,169,173,175,176,177,178,179,180,182,184,186,187,191,192,196,198,203,204,206,207,208,209,210,211,213,214,215,216,218,219,220,223,225,226,228,232,235,236,239,240,241,243,244,245,247,248,249,250,251,253,254,255,256,257,258,259,260,262,263,264,265,268,269,270,271,272,274,276,277,280,283,284,285,288,289,292,293,295,296,297,299,300,301,302,303,304,306,309,310,311,313,314,317,319,322,323,324,325,327,330,333,336,339,341,343,345,351,352,353,354,357,364,366,371,378,383,395,479,526,553,636,662,693
14,96,98,101,103,105,106,107,109,110,111,112,113,114,116,117,118,119,120,121,122,123,124,125,126,127,128,129,130,131,132,133,134,135,136,138,139,140,141,142,143,144,145,146,147,148,149,150,152,154,155,157,159,160,162,163,165,166,167,169,170,171,172,174,175,176,177,179,181,182,183,186,187,191,193,196,197,199,200,201,202,203,204,205,207,208,209,210,211,212,213,214,217,218,219,220,221,222,224,228,229,230,231,234,235,236,237,238,240,241,242,244,246,248,249,250,252,254,255,257,259,261,262,263,265,268,269,274,276,283,284,285,287,288,293,295,297,302,306,315,325,334,345,367,392,404,405,416,426,442,588,616
15,75,92,93,95,96,97,98,100,101,102,103,104,105,106,107,108,109,110,111,112,113,115,116,117,118,120,121,123,124,125,126,127,128,129,130,132,133,134,135,136,137,138,139,140,141,142,143,144,145,146,147,148,150,151,152,153,154,155,156,157,158,159,160,161,163,164,165,166,167,168,169,170,171,172,173,174,175,176,177,178,181,182,184,187,190,193,196,198,201,202,204,205,207,212,214,215,216,217,219,220,221,222,228,230,231,234,236,237,240,241,243,247,249,251,253,254,256,258,262,263,264,267,270,273,275,277,283,286,287,288,290,291,292,293,297,298,300,302,304,305,310,312,313,315,316,319,323,328,329,344,345,349,361,368,393,405,407,417,421,440,491,596,699
16,86,93,96,98,99,100,102,104,105,106,107,109,110,111,112,113,114,115,116,117,118,119,120,121,122,123,124,125,126,127,128,129,130,133,135,136,137,138,139,141,144,146,148,149,150,151,152,155,156,157,158,160,162,163,165,166,167,169,170,171,172,173,174,176,177,178,179,180,181,182,183,184,185,187,192,196,197,200,201,204,205,206,208,209,211,212,215,216,218,219,220,221,223,225,227,229,230,232,236,239,240,242,243,244,245,246,247,248,251,253,265,266,280,282,289,291,292,294,295,297,302,304,309,314,319,322,345,352,363,421,449,471,604,654
17,43,67,94,95,96,97,98,99,100,101,102,103,104,105,107,108,109,110,111,112,113,114,115,116,117,118,119,120,121,122,123,124,125,126,127,128,129,130,131,132,133,134,135,136,137,138,140,141,142,143,144,145,146,147,148,149,150,151,152,153,154,155,156,157,158,159,160,161,162,163,164,165,166,167,169,170,171,172,173,174,175,176,177,178,179,180,181,182,184,185,186,187,188,189,191,196,197,202,204,205,212,216,217,225,226,228,237,241,245,249,255,261,268,274,276,280,285,299,300,304,309,320,332,351,372,483,542,671,672
18,12,49,97,98,99,100,101,102,103,104,105,106,107,108,109,110,111,112,113,114,115,116,117,118,119,120,121,122,123,124,125,126,127,128,129,130,131,132,133,134,135,136,137,138,139,140,141,143,144,145,146,148,149,150,151,152,153,154,155,156,157,158,159,160,161,162,163,164,165,166,167,168,169,170,171,172,173,174,175,177,179,180,181,182,183,184,186,187,188,189,190,192,194,195,197,200,202,204,206,207,209,210,211,212,213,214,215,217,218,219,220,223,224,225,226,228,229,231,234,236,237,243,245,246,249,251,253,258,264,265,268,271,275,280,281,285,286,287,291,294,296,298,302,312,315,319,327,351,374,380,409,421,451,463,520,684
19,89,95,96,97,98,99,100,101,102,103,106,107,108,109,110,111,112,113,114,116,117,118,120,121,122,123,124,125,126,127,128,129,130,131,133,134,135,136,137,138,139,140,141,142,143,144,145,146,147,148,149,150,151,152,153,154,155,156,157,158,159,161,162,164,165,166,167,168,170,173,174,175,176,178,179,180,181,182,183,184,187,193,197,198,199,203,205,206,207,208,210,211,213,214,217,219,220,223,225,227,231,232,233,235,238,239,240,241,242,248,249,250,253,254,255,257,258,259,260,261,263,265,266,268,273,274,275,280,281,282,285,288,292,295,297,298,299,301,302,304,307,310,312,313,314,318,321,323,326,355,360,370,391,583,666
20,57,93,95,96,97,99,100,102,104,105,106,108,109,110,112,113,114,115,116,117,118,119,120,121,122,123,124,125,127,128,129,130,131,132,133,136,137,138,139,142,143,144,146,147,148,149,150,151,152,153,154,156,157,158,159,160,161,162,163,164,167,168,169,170,171,172,173,174,175,176,177,178,179,180,181,184,185,186,187,190,192,194,197,200,201,202,203,204,205,207,208,210,212,215,217,218,219,222,224,225,226,229,231,234,239,240,241,242,244,245,247,248,249,250,252,254,256,259,261,263,264,273,275,277,280,281,285,287,288,290,291,295,301,309,317,326,327,332,334,339,358,363,367,395,396,415,428,505
21,52,92,94,95,96,97,98,100,101,103,104,105,107,108,109,110,111,112,113,115,116,118,119,120,121,122,123,124,125,126,127,128,129,130,131,132,133,135,136,137,138,139,141,142,143,144,145,146,147,148,149,150,151,152,154,155,156,159,160,161,162,163,164,165,166,168,171,172,173,174,175,177,180,184,185,186,187,188,191,196,197,198,204,205,209,210,211,215,216,219,220,221,222,223,226,230,231,232,233,235,236,237,238,239,241,242,243,244,245,246,249,250,252,253,254,256,259,265,266,267,268,269,270,271,279,280,281,284,287,290,292,293,296,298,299,300,301,302,304,306,308,310,311,316,320,321,324,326,327,330,335,340,355,358,401,433,599,657
22,89,91,95,96,98,99,101,102,103,104,105,106,107,108,109,110,111,112,113,114,115,117,118,119,120,122,123,124,127,128,129,131,132,134,135,136,138,141,143,144,146,147,148,149,151,152,153,154,155,156,157,158,159,160,162,163,164,165,166,168,169,170,172,173,174,175,176,177,178,179,180,181,182,183,184,185,186,187,188,189,191,192,193,194,198,199,200,201,202,203,204,205,206,207,209,210,212,214,215,216,217,219,220,221,223,226,228,230,231,234,236,238,239,241,242,244,248,249,250,252,253,254,255,256,259,261,262,267,268,271,272,274,277,281,283,287,291,294,300,301,304,308,309,316,317,322,323,325,342,343,345,346,351,352,356,364,367,375,381,388,402,413,418,472
23,84,91,94,95,99,100,101,102,103,104,108,109,110,111,112,113,114,116,118,119,120,121,122,123,124,126,127,129,130,131,132,133,134,135,136,137,138,139,140,141,142,143,144,145,146,147,149,150,153,156,158,160,161,162,163,164,166,167,168,170,171,173,174,176,179,180,181,183,185,186,187,188,190,191,192,194,198,203,205,206,208,209,210,212,213,214,215,216,220,221,226,227,228,229,230,231,232,233,234,238,240,241,242,243,244,245,246,248,250,251,253,254,255,258,259,262,268,269,271,272,273,277,279,280,285,286,287,288,296,297,299,300,301,304,310,311,313,315,317,320,322,323,327,328,332,338,378,393,448,603
24,91,92,94,98,99,101,103,104,105,106,107,108,109,110,111,112,113,114,115,118,119,120,122,123,124,125,126,127,129,133,135,137,138,139,140,141,143,144,145,146,148,149,150,151,152,153,155,156,157,158,159,160,161,162,163,164,165,166,167,168,169,171,172,173,174,175,176,177,178,180,181,182,183,186,187,190,192,195,197,198,199,200,201,203,204,205,206,210,211,212,215,216,217,218,221,222,224,225,226,227,228,229,230,234,235,237,239,240,241,244,248,251,253,256,257,264,265,268,271,272,275,279,280,284,288,290,297,298,301,302,306,308,310,320,321,322,324,333,334,350,355,359,366,371,381,388,400,418,441,479,480,488,599,600
25,81,85,89,92,93,94,95,96,97,99,100,101,102,103,104,106,107,108,109,110,111,112,113,114,115,116,117,118,119,120,121,122,123,124,125,126,127,128,130,132,133,137,138,139,141,142,145,147,149,150,151,154,155,156,158,159,161,163,164,165,166,167,171,172,176,177,178,179,180,181,182,184,188,194,196,198,200,204,205,206,207,208,209,210,211,212,213,214,215,216,217,219,220,222,223,224,225,226,229,230,232,233,234,237,238,239,241,242,245,246,247,248,250,251,253,254,257,258,261,265,270,273,275,277,292,295,296,297,299,304,308,312,313,326,327,342,347,348,362,367,368,374,421,423,590,691
26,48,81,85,88,91,92,94,95,96,99,100,101,102,103,104,105,106,107,108,109,110,112,113,115,116,117,120,121,123,124,125,126,128,129,131,132,133,134,136,137,140,142,143,145,146,147,149,151,152,153,154,156,157,158,159,160,161,163,164,166,167,169,170,171,172,174,175,177,179,181,183,186,190,200,202,204,205,206,207,208,209,210,212,213,215,216,218,219,221,222,223,228,229,231,232,233,235,236,237,238,241,242,245,247,248,254,257,262,263,264,265,268,271,275,276,280,283,287,289,290,293,294,296,299,301,304,306,310,313,317,320,322,323,324,325,332,333,349,354,355,363,375,386,416,464,592
27,83,93,98,99,100,101,103,104,110,111,113,115,116,117,118,119,120,122,123,124,126,128,129,130,132,133,134,137,138,139,141,142,145,146,147,153,155,156,159,165,169,170,171,172,178,179,184,186,188,193,194,195,196,198,202,203,204,205,206,207,209,210,211,212,213,214,216,218,219,220,221,222,223,226,229,230,231,232,241,249,252,254,255,259,262,270,273,274,278,281,282,284,288,306,311,320,325,335,340,358,363,388,396
28,6,88,90,93,95,97,99,101,104,106,107,109,113,114,115,117,118,119,121,122,123,124,125,127,130,133,134,135,136,139,140,142,143,144,145,146,147,148,149,153,154,157,163,164,165,166,169,172,173,174,177,178,181,183,187,188,192,193,194,195,196,197,201,202,204,206,207,209,211,213,217,222,223,224,225,226,228,232,234,236,237,241,242,243,247,253,255,257,259,264,265,267,269,275,278,285,287,291,293,296,297,303,304,305,306,308,318,322,331,341,343,361,365,380,388,398,504,513,634,649
29,3,99,102,104,105,112,113,114,120,124,130,132,133,136,140,142,144,147,148,151,152,156,161,162,165,166,168,170,174,180,190,198,203,210,212,214,216,219,222,226,228,233,238,239,242,250,255,304,305,309,311,326,353,363,428,473,696
30,90,98,111,121,124,130,133,136,138,139,140,142,143,160,163,164,185,213,218,244,315,341,502
31,72,155,358,408,424,473,608,636
32,72,83,280,537,589
33,521,574
34,491,552,669
35,31,73,472,678
36,547,569,618
37,343,559,647,689
38,513,655
39,54,161,396,466,493,529
40,5,253,260,318,525,530,559,659
41,261,405,415,453
42,560
43,19,108,135,305,313,379,441,589
44,35,58,75,87,397,399
45,133,410,671
46,386,582,638
47,
48,
49,
50,
51,
52,
53,
54,
55,
56,
57,
58,
59,
60,
61,
62,
63,
64,
65,
66,
67,
68,
69,
70,
71,
72,
73,
74,
75,
76,
77,
78,
79,
80,
81,
82,
83,
84,
85,
86,
87,
88,
89,
90,
91,
92,
93,
94,
95,
96,
97,
98,
