9
0,139
1,31,47,49,65,252,290,433,440,452
2,21,36,39,40,44,46,64,68,92,112,446,448,667
3,15,30,31,32,33,35,36,38,39,40,41,42,43,44,45,46,47,48,49,50,51,52,53,55,56,57,58,60,61,62,64,71,72,74,75,78,79,83,85,88,90,91,92,93,96,97,98,101,102,105,106,111,133,135,373,521
4,17,31,32,34,35,36,37,38,39,40,41,42,43,44,45,46,47,48,49,50,51,52,53,54,55,56,57,58,59,60,61,62,63,64,65,66,67,68,69,70,71,72,73,74,75,76,77,78,79,80,81,82,83,84,85,86,87,88,89,90,91,92,93,94,95,96,97,98,99,101,102,103,105,106,107,108,109,110,112,113,114,116,117,118,121,122,123,124,125,126,127,128,129,130,131,132,133,134,135,137,138,139,140,142,143,145,146,148,149,153,154,155,156,158,161,168,182,185,191,487
5,16,17,28,34,35,36,37,38,39,40,42,43,44,45,47,48,49,50,51,52,53,54,55,56,57,58,59,60,61,62,63,64,65,66,67,68,69,70,71,72,73,75,76,77,78,79,80,81,82,83,85,86,87,88,92,93,97,98,102,103,105,108,111,113,114,116,118,119,120,121,122,123,124,125,127,128,129,130,132,133,134,135,136,137,138,139,140,141,142,143,144,145,146,147,148,149,150,151,152,153,154,155,156,157,158,159,160,161,162,163,164,165,166,167,168,169,170,171,172,173,174,175,176,177,178,179,180,181,182,183,184,185,186,187,188,189,190,191,192,194,195,196,197,198,201,202,203,205,207,208,209,211,212,215,216,218,219,220,223,225,226,227,233,234,240,241,242,245,250,276,280,293,307,637
6,24,26,29,31,32,33,34,35,36,37,38,39,40,41,42,43,44,45,46,47,48,49,50,52,53,54,56,57,58,60,63,64,65,67,69,71,72,73,74,75,76,77,78,79,80,81,82,83,84,86,87,88,89,90,91,92,93,94,96,97,98,99,100,101,102,103,104,105,107,108,109,110,111,114,116,117,118,120,121,122,123,124,125,126,127,128,129,130,131,132,133,134,135,136,137,138,139,140,141,142,143,144,145,146,147,148,150,151,152,153,156,157,158,159,160,161,162,163,164,166,167,168,169,170,171,172,173,174,175,176,177,178,179,180,182,183,184,185,186,187,188,189,190,191,194,196,197,198,199,201,202,204,205,206,207,209,210,211,212,213,214,216,217,218,219,221,222,223,224,225,226,227,229,230,231,232,236,237,239,245,246,247,250,251,252,254,257,258,265,269,273,285,286,300,309,335,338,653
7,30,31,32,34,35,36,37,38,39,40,41,42,43,44,45,46,47,48,49,50,51,52,53,54,55,56,58,59,60,62,63,64,65,66,67,68,70,71,73,74,75,76,77,78,79,81,82,84,85,87,88,89,90,91,93,95,96,98,103,105,106,107,110,111,114,115,117,118,120,122,123,124,125,126,127,128,129,130,131,132,133,134,135,136,137,138,139,140,141,142,143,144,145,146,147,148,149,150,151,152,153,154,155,156,157,158,159,160,161,162,163,164,165,166,167,168,169,170,171,172,173,174,175,176,177,179,180,181,182,183,185,186,187,188,189,190,191,192,193,194,195,196,197,198,199,201,203,204,205,206,207,208,210,211,212,213,214,215,216,217,219,220,221,222,223,224,227,228,229,230,232,233,235,237,238,239,240,241,243,249,250,252,254,255,258,260,261,263,283,302,336,468,593
8,28,30,32,33,34,35,37,38,39,40,41,42,43,44,45,46,47,48,49,50,51,52,53,54,55,56,57,58,59,60,61,62,63,64,65,66,67,68,69,70,71,72,73,74,75,76,77,78,79,80,82,83,84,86,87,88,89,90,91,92,93,94,95,96,97,98,99,100,101,102,105,106,107,110,112,113,115,117,118,119,120,121,122,123,124,125,126,127,128,129,130,131,132,133,134,135,136,137,138,139,140,141,142,143,144,145,146,147,148,149,150,151,152,154,155,156,158,159,160,163,164,165,166,167,168,169,170,171,172,174,175,176,178,179,180,181,182,186,187,188,189,191,192,193,194,196,197,198,199,200,201,202,203,204,205,206,207,208,209,210,211,212,213,214,215,216,217,219,220,221,222,223,224,225,227,228,229,231,232,233,234,235,236,237,238,240,242,243,244,245,247,253,254,255,256,257,258,260,264,265,270,273,277,282,283,285,286,288,295,300,308,313,316,317,335,458,666
9,31,32,33,34,35,38,39,41,42,43,44,45,46,47,48,50,51,52,53,54,55,56,57,58,59,60,61,62,63,64,65,66,67,69,70,71,72,73,75,77,78,79,80,81,82,83,85,86,87,88,89,90,91,92,93,94,95,98,99,102,105,106,107,108,109,110,112,114,115,116,117,118,119,120,121,122,123,124,125,126,128,129,130,132,133,134,135,136,137,138,139,140,141,142,143,144,145,146,147,148,149,150,151,152,153,154,155,156,157,158,159,160,161,162,163,164,165,166,167,168,169,170,171,172,173,174,177,178,179,180,181,182,183,184,185,186,188,189,190,191,192,194,195,198,199,200,201,202,203,204,205,206,207,208,209,210,214,218,219,220,222,223,224,225,226,229,231,232,234,235,236,237,244,246,249,250,254,257,261,264,265,268,272,273,275,282,283,289,296,301,303,305,314,315,324,341,471,566
10,24,30,31,34,36,38,39,41,42,43,44,46,47,48,49,50,51,52,53,54,55,56,57,58,59,60,61,62,63,64,66,67,68,69,70,71,72,73,74,75,76,77,78,79,80,81,82,83,84,85,86,87,88,89,90,91,93,94,95,97,100,102,103,104,106,107,109,111,115,116,117,118,119,120,123,124,125,126,128,129,130,131,132,133,134,135,138,140,141,142,143,144,145,146,147,148,149,150,151,152,153,154,156,158,159,160,161,162,163,165,166,167,169,170,171,172,174,175,176,177,178,179,180,182,183,184,185,186,187,188,189,191,192,193,195,196,197,198,199,200,201,202,203,204,205,206,207,208,209,210,211,212,213,215,217,219,221,222,223,225,226,227,230,231,232,233,236,237,239,240,244,245,246,247,248,249,251,257,258,259,261,262,264,266,267,268,271,274,276,278,284,285,291,292,296,304,309,310,313,315,319,321,322,357,395,404,434,436,446,525,679
11,33,38,39,40,41,42,43,44,45,46,47,48,49,50,51,52,53,54,55,56,57,58,59,60,61,62,63,64,65,66,68,70,71,72,73,74,75,77,78,80,81,82,83,84,86,87,88,90,91,92,93,94,95,96,97,98,99,100,101,102,103,104,105,106,109,111,112,113,114,115,116,117,118,119,121,122,123,125,126,127,128,131,132,133,134,135,136,137,138,139,140,141,142,143,144,145,146,147,148,149,150,151,152,153,154,155,156,157,158,159,160,161,163,164,165,166,167,168,169,170,171,172,174,175,176,177,178,180,181,182,183,184,187,188,189,190,191,192,193,194,195,196,198,199,200,201,203,204,206,211,212,214,215,218,219,222,223,224,226,229,230,231,234,235,236,237,239,244,245,246,247,250,252,254,255,259,268,269,270,271,272,275,279,280,281,283,285,292,293,299,308,309,311,318,319,330,333,354,355,369,385,400
12,35,39,40,41,43,44,45,46,47,48,49,50,51,52,53,54,55,56,58,59,60,61,62,63,64,65,66,67,68,69,70,71,72,73,74,75,76,77,78,79,80,81,82,83,84,85,86,87,88,89,90,91,92,93,95,96,97,98,99,102,103,105,106,107,108,110,111,115,116,118,121,125,127,131,134,135,136,137,138,139,140,142,144,145,146,147,148,149,150,151,152,153,154,155,156,157,158,159,160,162,163,164,166,167,169,170,171,172,173,174,175,176,177,178,179,180,181,183,187,188,189,190,191,192,194,195,196,197,198,201,203,204,206,207,211,213,214,215,216,217,218,220,221,223,224,225,226,227,229,230,231,234,235,237,239,241,244,245,247,249,251,252,254,256,257,259,260,261,262,263,264,268,269,272,274,276,277,279,281,285,288,292,293,300,305,306,308,317,321,323,334,345,409,449,480
13,43,44,45,46,47,48,49,50,51,52,53,54,55,56,57,58,59,60,61,62,65,66,67,68,69,70,71,72,73,76,77,78,79,83,84,85,86,87,88,89,90,92,93,94,95,97,99,100,101,102,103,104,105,106,107,108,109,110,111,112,113,114,115,116,117,118,119,120,121,122,123,124,125,128,129,130,131,133,135,136,137,138,139,140,142,143,144,145,146,147,148,149,150,151,152,154,155,156,157,158,159,160,162,163,164,165,167,168,169,170,172,173,174,175,178,179,180,181,182,183,187,188,189,192,193,194,196,197,198,199,200,201,202,203,206,207,208,209,210,211,215,217,220,221,222,223,225,229,233,235,236,241,242,243,244,246,248,250,258,259,262,263,267,268,274,275,285,286,291,293,295,296,297,308,309,312,330,332,336,352,395,427,433,614
14,44,45,48,49,52,53,54,55,56,58,59,60,63,64,65,66,67,68,70,71,72,73,75,76,77,78,79,80,81,82,83,84,85,86,87,88,89,90,91,92,93,94,96,98,99,100,101,102,104,105,107,108,110,111,112,114,115,116,117,118,120,121,128,129,132,135,136,139,140,141,142,145,146,148,150,151,152,153,154,155,156,157,158,159,161,162,163,164,166,167,168,169,170,171,172,174,177,178,179,180,181,183,185,187,189,190,191,194,196,197,198,199,200,201,204,205,207,208,211,214,215,217,219,220,222,223,225,229,231,232,233,234,235,236,237,238,240,242,243,244,245,247,248,249,250,251,254,257,259,260,261,263,264,269,270,271,272,273,274,275,276,277,281,282,283,285,288,291,292,294,295,296,297,298,299,303,307,308,309,313,314,316,324,330,332,333,342,350,351,356,366,449,546,553,697
15,41,42,47,48,49,50,51,52,54,55,56,57,58,59,60,61,62,63,64,65,66,67,68,69,70,71,72,74,75,77,79,81,83,84,85,86,87,89,90,92,94,95,96,97,98,100,101,102,104,105,106,107,108,109,110,111,113,114,117,118,119,120,122,123,124,126,127,128,131,136,138,139,140,141,142,143,144,145,147,148,150,151,152,154,156,157,158,160,161,162,163,166,167,168,169,170,171,172,173,174,175,176,178,179,180,181,184,186,187,188,189,190,193,194,195,196,197,198,199,200,201,202,203,204,205,206,208,209,213,215,218,219,222,223,224,225,229,233,235,236,237,238,239,242,243,245,246,252,253,254,259,260,262,266,272,274,276,288,291,294,296,304,305,315,339,352,358,371,373,426,686
16,33,37,41,45,46,47,48,49,50,51,52,57,58,61,63,65,66,68,70,71,72,73,74,76,77,78,79,80,81,82,83,84,85,86,87,88,89,90,92,93,94,95,96,97,98,99,100,101,102,103,104,105,106,107,109,110,112,113,115,116,117,118,119,120,121,123,125,127,129,130,134,136,137,138,140,143,144,145,146,150,152,153,154,156,157,158,159,161,162,165,166,167,168,169,170,171,172,174,176,177,178,179,180,181,182,183,184,185,187,189,191,192,193,194,198,199,202,203,204,206,207,208,209,211,212,214,215,216,217,219,220,222,223,224,225,226,227,228,229,230,232,234,235,236,237,239,241,246,248,249,250,251,253,255,256,259,260,263,264,265,266,267,269,270,275,277,278,281,285,287,290,294,305,308,310,313,315,318,320,324,329,338,346,350,355,362,370,377,413,421,422,472,491,574
17,39,44,48,53,54,55,56,57,58,59,60,61,64,65,66,67,68,70,71,72,73,74,75,76,77,78,79,80,82,83,84,85,86,87,88,89,90,91,95,96,99,100,101,104,105,108,109,110,111,114,115,118,119,120,121,127,132,137,142,143,144,145,146,147,148,149,150,151,152,153,154,155,156,157,158,159,160,161,163,164,165,166,167,169,170,172,173,174,175,176,177,178,179,180,181,182,184,185,186,187,190,191,192,193,199,200,202,204,205,206,207,211,212,213,215,216,217,219,221,222,223,224,225,226,229,230,231,232,233,234,235,236,237,238,239,240,241,242,243,244,245,246,247,248,254,255,256,258,259,262,269,273,275,281,283,287,294,295,297,301,315,322,323,327,348,363,364,380,382,489,512
18,47,52,54,56,57,58,60,61,62,63,65,66,67,70,72,73,74,75,77,80,81,82,83,84,85,87,88,89,90,91,92,93,94,95,96,97,98,99,101,102,104,105,106,108,109,110,111,112,113,114,115,116,117,118,119,120,121,122,123,126,127,131,134,135,137,140,142,148,149,150,152,154,157,158,159,161,162,163,164,166,167,168,169,171,172,174,175,176,177,179,180,181,182,183,184,185,187,188,189,190,191,192,200,201,203,204,205,207,208,209,210,211,212,215,216,217,219,220,221,222,223,224,225,226,227,228,230,232,234,235,240,242,245,247,248,249,250,251,254,263,264,265,267,271,273,274,275,277,278,279,280,282,283,286,287,288,290,291,294,295,301,306,312,315,316,317,319,321,328,330,336,341,345,346,349,359,360,361,367,385,394,422,451,473
19,30,40,54,58,59,62,64,67,68,69,71,72,73,74,78,79,80,81,82,83,84,86,87,88,89,90,91,93,95,96,97,99,103,104,105,106,107,108,110,114,115,116,119,121,124,128,140,148,152,154,159,163,164,166,170,175,176,178,179,181,183,184,185,188,190,191,192,193,194,195,196,197,199,201,202,203,204,205,206,207,208,209,210,211,212,214,215,217,218,219,220,221,222,223,224,225,226,227,228,231,232,234,235,236,238,239,240,241,242,243,244,245,246,247,248,249,250,251,252,253,254,256,257,258,260,261,262,263,264,265,267,268,269,270,271,272,273,274,275,276,277,278,279,280,281,282,283,284,285,288,289,290,291,293,294,295,296,297,299,301,304,305,307,308,309,312,313,315,316,318,319,320,321,322,325,327,328,330,331,332,337,338,341,342,344,345,346,347,349,350,352,354,357,358,359,360,362,364,365,366,370,372,373,374,378,393,395,397,399,400,402,403,404,409,410,417,418,424,433,435,437,446,698
20,33,51,53,55,57,58,59,60,61,63,64,65,67,68,69,71,72,74,76,77,79,80,82,85,86,93,94,96,101,103,105,108,110,112,113,115,116,118,119,121,122,123,126,129,131,134,150,151,154,156,169,171,172,173,176,177,181,187,188,201,202,204,206,207,208,209,210,211,212,213,214,216,220,223,224,225,228,229,230,231,234,235,236,237,238,240,241,242,243,244,245,247,248,249,251,252,253,254,255,256,257,258,259,260,262,263,264,265,266,267,268,269,270,271,272,273,274,275,276,277,279,280,281,283,284,285,286,287,288,289,290,292,293,294,296,298,300,302,306,307,308,311,312,314,316,317,318,319,320,322,325,326,327,328,329,330,331,333,335,336,337,338,339,340,341,342,343,344,345,347,348,349,351,352,353,358,359,360,362,364,367,368,369,371,381,382,386,389,392,401,404,408,414,415,418,431,433,434,436,440,459,466,489
21,49,52,53,55,59,60,61,64,65,66,68,78,81,82,86,88,90,91,92,93,94,96,97,98,100,101,105,106,111,112,114,116,121,129,130,132,138,146,153,162,164,167,168,176,181,194,196,197,201,205,206,211,215,216,219,225,226,228,232,234,237,239,240,244,247,248,249,250,251,253,254,255,256,257,258,259,260,262,264,265,266,267,268,269,270,273,276,277,278,279,280,281,282,283,284,285,287,288,289,290,291,292,293,294,295,296,297,299,300,301,302,303,304,305,306,307,308,309,310,311,313,314,316,317,318,319,320,321,322,323,324,325,326,327,328,329,331,332,333,334,335,336,337,338,339,340,341,342,343,345,346,347,348,349,351,352,353,354,355,356,357,358,359,360,361,362,363,364,365,367,368,369,370,371,372,373,374,375,377,378,379,381,388,390,391,392,394,395,396,397,398,399,404,410,413,414,418,419,422,423,425,432,434,436,440,441,446,447,451,453,467,480,487,492
22,8,48,49,52,53,55,56,57,59,62,64,66,67,70,71,75,77,78,79,80,81,82,83,87,90,93,95,96,97,100,102,114,135,136,143,154,156,163,172,173,174,180,182,184,187,190,197,198,205,207,210,214,219,230,237,238,239,242,245,246,249,250,251,253,256,257,259,260,261,262,263,264,266,268,269,270,271,273,274,275,276,278,280,281,282,283,284,285,286,287,288,290,291,292,293,294,295,296,297,298,299,300,301,302,303,304,305,306,308,309,310,311,313,314,316,317,318,319,320,321,322,323,324,325,326,327,328,329,330,331,332,335,336,340,341,342,343,344,345,346,347,348,349,350,351,352,353,354,355,356,358,359,361,362,363,364,365,368,369,370,371,373,375,379,380,384,385,386,387,393,395,397,402,405,408,409,414,421,423,425,427,431,433,434,442,443,448,449,450,454,476,477,485,491,523,669
23,27,46,49,51,52,54,55,56,57,58,59,60,62,64,66,68,69,74,76,77,79,82,84,85,91,92,95,98,103,104,108,109,112,114,125,126,128,133,135,143,144,146,147,152,154,157,169,177,179,180,198,207,208,214,215,216,217,219,221,229,233,235,236,239,241,242,243,245,250,252,253,254,255,259,262,263,266,267,268,269,270,271,273,274,275,276,278,279,280,282,283,285,287,288,289,290,291,292,294,295,300,301,304,305,306,307,308,309,310,311,313,317,318,319,320,321,323,324,325,326,328,329,330,331,333,335,336,337,338,339,340,341,344,346,349,352,356,357,360,362,363,365,366,367,368,370,371,372,374,375,376,377,379,381,385,386,391,392,396,404,408,411,413,425,431,432,438,441,451,461,473,486,496,634,646,696
24,47,48,49,55,56,57,59,60,61,63,65,78,79,85,86,87,88,89,91,92,95,98,104,105,107,108,109,110,111,112,114,118,121,122,123,124,129,135,136,138,141,143,147,151,160,164,170,171,179,190,192,202,206,209,212,214,218,221,226,231,233,234,235,236,237,239,247,256,258,260,261,262,266,268,275,277,280,283,284,287,290,294,295,296,297,298,299,300,301,303,304,305,306,310,312,313,314,315,316,317,318,319,320,321,323,324,325,327,328,329,330,331,332,333,335,336,337,338,339,340,341,342,343,344,345,346,347,348,349,351,352,353,356,357,358,360,361,364,367,368,370,371,373,375,376,378,379,380,382,383,384,385,386,389,390,392,396,397,399,400,401,403,404,410,411,412,414,416,418,420,422,423,424,426,427,428,432,435,442,443,445,446,451,456,457,459,464,465,471,472,474,497,503,518,531,537,587,606,691
25,22,30,42,45,46,49,50,52,53,54,55,56,58,60,61,62,63,65,66,67,79,80,82,84,88,89,90,94,96,97,99,100,101,102,106,108,112,113,114,126,127,129,140,143,145,146,149,151,154,155,157,160,161,168,169,176,186,187,190,193,200,202,205,206,207,209,215,216,233,234,238,239,242,244,247,249,250,251,252,253,262,263,264,265,266,267,269,271,272,273,275,276,277,278,280,281,282,285,286,287,291,293,294,295,296,298,299,300,302,303,304,305,306,307,308,309,311,312,313,314,315,316,317,319,320,321,323,324,325,326,327,329,330,331,333,334,335,337,338,340,341,342,343,344,346,347,348,349,350,351,352,356,358,360,363,365,366,367,368,369,371,372,373,374,375,376,380,381,383,384,385,388,392,395,400,403,407,420,423,424,428,429,432,437,438,448,452,456,510,520,656
26,41,45,51,52,53,54,55,56,58,60,62,63,64,65,66,67,68,69,72,76,78,79,89,91,93,95,102,104,105,107,109,110,114,120,129,133,135,142,144,147,148,152,160,162,172,177,182,187,188,193,197,200,201,204,207,208,209,224,226,234,235,240,242,244,246,249,251,254,260,262,263,265,271,272,274,275,280,282,285,290,293,294,295,296,297,298,303,304,305,311,312,314,315,316,318,319,320,321,322,323,324,326,328,331,332,333,334,344,347,351,352,353,358,362,365,366,370,372,373,375,377,383,385,388,390,391,393,395,396,399,401,403,406,408,410,412,420,423,434,438,439,452,461,462,469,523,605,650
27,40,41,43,44,45,46,47,48,49,50,52,53,54,59,60,61,63,64,65,68,69,71,72,73,79,80,81,82,84,86,88,89,90,91,94,95,96,100,101,104,105,107,108,111,113,115,116,117,124,126,128,133,134,136,138,139,141,143,147,148,154,159,161,162,164,165,169,180,188,189,190,193,196,203,206,207,209,210,211,219,225,229,231,233,235,238,242,247,249,251,252,253,255,259,262,263,265,268,269,270,271,272,274,275,276,277,279,280,281,282,283,284,287,288,289,290,292,294,295,297,298,300,301,303,305,306,308,309,310,311,312,315,317,320,321,322,323,324,325,326,327,328,331,332,335,337,338,340,342,343,344,345,346,348,349,350,351,352,353,354,355,356,359,360,365,366,367,368,371,375,379,380,384,386,388,389,391,393,398,399,400,405,406,407,415,416,424,430,438,443,447,449,457,461,524,529,595
28,1,4,41,42,43,44,46,47,48,49,51,52,53,56,57,58,59,61,62,63,64,66,70,74,76,77,79,80,83,85,87,88,89,92,93,94,96,99,100,107,110,111,118,119,120,121,122,128,131,137,138,139,142,143,145,149,152,154,155,158,159,160,161,165,166,173,175,179,193,205,209,215,226,227,232,233,236,238,239,240,242,243,244,246,247,249,250,253,254,255,256,257,259,260,261,262,263,266,267,268,270,271,272,273,274,275,276,277,284,285,286,287,288,289,290,291,292,293,295,296,298,299,301,303,304,306,307,308,310,312,313,314,316,317,318,320,321,323,326,327,331,333,334,335,338,343,344,345,348,352,356,357,360,362,363,364,369,372,375,381,392,398,399,403,405,408,409,410,411,416,417,418,421,427,444,448,464,485,538,573,607,676,693,697
29,32,33,38,42,43,44,45,47,48,49,50,51,52,53,55,58,60,61,62,69,73,78,79,81,82,88,89,91,93,94,98,100,101,102,103,104,107,108,109,110,112,113,115,117,120,121,122,127,128,129,130,132,134,136,137,147,150,152,153,158,159,160,162,173,174,177,178,179,181,182,186,188,189,191,193,199,200,201,208,209,210,221,227,228,230,242,243,247,248,251,252,258,259,261,262,265,266,268,271,274,277,280,283,285,290,294,299,304,306,307,308,309,310,317,323,327,332,333,334,337,339,341,342,343,346,349,350,352,354,357,359,360,361,366,367,368,371,377,379,380,382,386,387,388,391,398,403,406,410,415,423,425,426,428,429,436,450,451,455,466,482,580,686
30,11,30,32,33,36,39,40,43,44,46,47,49,50,51,56,57,58,59,61,62,63,65,66,67,68,69,70,71,72,74,76,78,79,80,83,84,85,87,89,90,91,100,103,108,112,113,114,121,122,123,125,126,127,128,130,133,138,139,142,147,149,151,154,155,165,169,172,175,178,181,183,189,193,197,201,211,213,219,224,228,233,234,235,236,238,240,241,242,248,250,252,254,255,258,262,263,264,266,267,269,271,272,274,277,280,281,282,283,284,285,286,288,292,293,295,296,297,300,301,303,304,305,307,309,310,314,317,318,319,320,321,324,328,331,332,333,334,336,337,343,344,348,361,365,366,367,370,371,375,381,382,400,404,415,430,431,438,440,447,455,466,518,664
31,31,32,34,35,36,37,38,40,41,42,43,46,47,48,49,51,52,53,54,56,58,59,60,63,72,75,78,79,81,82,85,86,87,89,90,92,93,94,97,99,101,102,103,104,107,109,110,112,113,114,115,116,119,120,121,122,124,126,127,128,131,132,134,135,138,139,141,144,145,146,150,152,154,155,160,161,162,165,170,175,178,182,188,189,193,195,196,199,201,220,221,222,223,225,226,227,234,238,241,245,248,249,252,255,256,260,264,265,266,277,278,279,281,283,284,286,288,291,294,295,296,297,307,308,309,315,320,323,326,334,335,336,339,342,352,354,373,400,402,436,443,446,463,466,499,556,565,678
32,12,26,27,30,31,32,33,34,36,37,40,41,43,45,46,47,51,52,54,56,57,61,62,68,69,70,71,74,75,80,81,82,84,85,88,89,90,93,108,114,115,118,120,121,122,124,125,126,132,133,136,137,148,154,158,168,169,171,177,179,180,183,185,187,194,205,210,213,217,225,229,230,231,232,236,239,240,242,247,248,251,252,253,254,255,259,260,263,266,267,270,271,272,274,275,276,278,280,282,283,284,285,287,288,289,291,292,293,295,296,297,301,303,305,308,309,310,311,313,314,315,318,319,322,323,326,328,331,333,334,337,339,346,354,356,358,360,365,368,375,377,379,381,389,392,414,423,433,435,438,442,448,452
33,20,22,23,24,25,26,28,31,32,33,34,35,36,37,38,39,41,43,44,46,47,49,50,52,54,57,58,60,62,63,64,65,71,73,77,81,89,96,101,102,105,106,107,109,110,111,112,113,117,121,122,123,124,125,131,132,134,138,143,146,148,152,155,158,162,164,179,180,181,182,188,195,197,200,207,212,213,214,217,220,226,230,232,238,242,247,250,251,253,254,258,259,261,262,264,265,267,268,270,271,272,274,279,283,284,286,289,291,295,301,305,307,309,310,313,317,318,319,327,328,329,340,342,343,344,347,349,352,355,362,376,377,379,384,386,392,394,400,403,412,425,458,460,462,501,516
34,9,12,13,15,17,20,21,22,23,24,26,27,32,33,34,35,36,38,39,42,45,46,48,52,53,56,59,60,62,63,65,66,71,72,74,75,76,78,82,88,92,96,99,106,120,121,122,124,126,127,129,130,131,134,135,136,139,140,142,148,160,165,166,171,174,176,177,188,193,194,196,197,200,207,210,222,224,225,230,231,236,242,244,245,246,250,254,255,257,258,259,260,261,262,263,265,267,268,269,270,272,273,274,276,277,279,280,281,282,283,284,286,287,288,289,290,292,294,295,297,298,300,301,302,305,306,310,311,312,313,314,316,319,323,325,328,331,334,336,338,339,348,351,352,353,354,358,360,361,363,364,366,379,386,391,395,414,419,427,442,445,471,480,495
35,8,13,16,18,19,20,22,23,24,25,26,27,28,31,32,33,34,37,38,39,40,43,46,56,57,63,71,74,76,80,81,86,94,95,98,106,109,110,112,113,114,116,117,119,120,121,123,127,129,132,133,134,136,137,141,142,143,144,147,149,159,175,176,181,184,185,190,201,202,208,211,212,216,228,240,243,245,249,250,256,263,266,267,268,270,272,274,275,276,279,280,287,288,289,290,296,300,302,304,307,309,312,316,321,323,325,327,332,338,340,341,342,344,346,347,351,355,357,358,361,365,371,377,378,383,387,390,391,392,397,415,423,462,470,472,479,502,594
36,6,8,14,15,18,19,20,21,23,24,25,26,27,28,29,32,33,35,37,39,40,42,46,48,51,53,54,58,64,65,70,79,87,89,91,92,101,102,106,108,109,110,112,124,126,127,130,131,133,134,140,143,146,149,150,151,154,161,163,164,169,170,175,177,183,184,186,193,195,200,202,206,208,210,211,214,215,218,223,224,225,226,228,230,231,232,234,235,236,237,239,241,242,244,247,252,253,258,259,263,264,265,266,267,268,269,274,276,280,281,283,284,285,286,287,291,292,293,298,304,305,312,313,325,333,336,338,339,357,367,385,402,491,567,627
37,2,3,4,6,9,10,11,13,14,16,17,18,19,20,21,22,23,24,25,26,27,28,29,30,31,32,34,35,38,39,41,43,45,50,51,53,56,59,60,69,74,76,86,89,91,95,96,97,98,99,100,101,104,105,106,108,111,113,114,115,116,117,118,121,122,123,124,125,127,129,132,133,135,136,139,142,144,148,151,155,157,165,173,178,187,193,213,218,224,225,231,246,248,253,256,257,259,260,263,264,265,267,270,273,277,279,280,281,283,284,285,290,294,296,297,299,300,301,302,304,309,310,311,313,314,315,316,318,321,322,325,326,327,329,330,331,332,335,336,337,339,340,341,342,346,347,348,349,350,355,356,363,365,375,378,381,387,388,389,391,392,399,402,405,410,411,421,451,479,560,659
38,6,7,8,9,10,11,12,14,15,16,17,18,19,20,22,23,25,26,29,30,31,34,35,36,39,44,46,49,51,58,59,61,65,69,71,81,83,86,87,92,94,95,99,100,101,102,105,107,108,110,112,114,115,117,120,121,123,125,126,127,128,129,131,133,135,143,149,154,159,162,166,167,171,173,175,177,182,191,192,195,198,216,222,237,245,248,249,250,259,260,263,266,271,272,276,280,282,285,286,291,292,293,296,298,302,304,306,308,309,311,323,324,336,337,339,345,346,348,354,362,363,364,366,367,368,369,373,381,386,390,394,404,407,410,412,415,444,447,492,533,603,670
39,4,5,6,7,10,11,13,14,15,16,17,18,19,21,23,26,31,32,33,36,38,41,45,47,57,66,78,82,87,89,90,92,95,98,100,103,104,106,107,108,109,110,111,112,113,114,115,116,117,121,126,127,130,133,137,139,145,146,148,150,154,156,158,162,164,165,167,170,171,172,173,174,178,180,182,191,196,200,202,204,206,207,210,216,217,221,222,223,224,230,231,234,238,240,241,245,246,248,251,252,253,254,260,264,267,268,269,274,277,278,279,280,283,285,287,288,290,298,299,300,304,305,320,322,325,327,328,329,332,335,336,337,342,345,347,349,353,358,361,363,364,365,366,367,372,379,381,384,387,395,403,420,446,478
40,2,3,5,8,9,12,13,14,15,16,17,19,20,21,22,23,26,27,28,29,31,32,35,37,40,43,47,51,55,58,81,82,84,85,86,87,92,93,94,95,96,97,98,101,102,105,109,111,112,113,114,115,116,118,121,122,123,129,137,138,142,144,149,155,168,174,183,189,193,196,201,204,213,215,217,218,220,226,227,230,231,234,236,243,246,247,250,253,254,256,261,262,263,268,269,273,274,276,277,278,279,284,285,291,296,299,302,303,307,310,313,321,325,327,329,338,340,355,365,366,377,379,384,459,475,554
41,1,4,5,6,7,9,11,12,13,14,15,16,18,19,20,21,22,24,25,27,28,29,30,31,34,38,39,41,44,54,78,80,83,84,85,90,92,93,95,96,97,99,100,101,102,103,104,107,108,109,110,111,112,114,115,117,118,119,120,121,122,142,156,162,163,165,166,167,170,173,176,177,180,184,185,188,192,194,195,196,203,205,208,209,210,213,218,226,228,234,236,244,246,252,253,257,259,261,262,263,269,271,273,276,278,280,282,283,285,286,293,298,301,308,310,311,316,323,326,327,330,331,332,337,347,350,353,365,374,380,389,395,407,408,412,417,422,432,630,697
42,3,6,9,12,13,17,18,19,20,21,22,24,25,27,28,30,35,37,38,40,41,43,47,48,49,50,57,58,61,78,79,81,84,93,96,98,102,103,104,106,107,109,113,115,118,124,128,131,132,135,137,150,152,153,162,180,182,183,184,185,186,188,189,192,193,195,201,212,216,223,225,229,230,232,233,234,241,243,245,248,251,253,258,265,267,269,270,273,277,278,279,283,288,289,296,298,300,320,321,325,331,333,335,339,340,342,344,345,346,350,358,363,365,376,380,381,382,393,398,401,414,429,451
43,1,6,11,19,23,26,31,33,35,39,49,52,54,66,70,72,73,74,76,77,78,80,81,82,89,90,91,93,94,95,96,97,99,105,107,109,112,115,116,117,122,123,124,125,127,128,129,130,131,132,136,142,145,146,148,151,153,154,159,166,175,178,179,181,183,184,185,188,195,196,200,203,206,212,216,217,221,222,225,227,228,230,232,233,238,241,242,244,249,254,255,256,260,261,263,266,271,275,281,287,291,292,293,296,297,298,300,302,304,307,315,317,323,325,326,328,329,330,336,343,345,346,348,351,352,357,360,361,374,376,379,381,382,387,390,395,398,399,402,410,413,419,440,587,639,664
44,1,4,18,22,30,31,32,35,37,54,59,66,67,68,70,74,75,76,77,78,79,83,84,85,87,88,89,94,101,106,114,118,121,122,129,130,136,138,150,153,154,157,160,161,162,172,174,176,177,182,189,192,194,195,204,208,209,211,220,223,225,239,246,247,253,260,263,268,272,273,280,281,285,287,289,290,293,297,302,304,309,315,317,322,327,335,336,339,341,342,344,346,348,352,353,354,357,358,361,363,370,371,372,373,379,383,393,396,398,416,417,418,463,512,627
45,37,53,56,58,60,64,66,68,69,71,73,76,77,78,82,83,106,113,115,116,117,121,122,125,129,132,138,140,143,162,164,166,171,182,192,194,198,207,216,222,228,234,237,240,241,242,246,248,251,253,254,255,259,262,263,266,267,272,276,277,282,289,290,294,304,305,314,320,326,332,335,338,340,345,347,348,355,357,358,361,362,382,455,461,497,521
46,26,32,53,54,58,63,67,68,70,71,79,82,85,96,97,98,105,110,111,113,117,125,129,130,146,153,154,156,164,168,171,178,179,188,189,193,197,199,201,206,208,212,214,215,219,220,227,229,231,240,243,260,263,272,273,274,282,285,286,287,295,303,314,325,334,345,348,350,352,356,357,358,359,364,368,369,375,376,383,388,392,412,453,505
47,38,52,55,58,65,66,67,73,74,75,80,104,105,106,107,108,110,113,114,115,130,133,136,137,141,147,153,158,163,174,178,186,202,208,209,213,218,221,229,232,234,238,240,241,242,247,251,252,259,264,265,271,273,274,288,290,300,303,304,323,338,348,352,354,367,368,424,459,472,502
48,9,41,47,51,53,64,74,77,85,89,90,99,100,101,104,112,117,119,122,124,134,140,155,158,162,164,172,181,182,183,195,197,202,204,205,206,211,214,215,216,217,218,222,224,225,228,232,235,239,245,246,249,254,255,256,258,260,261,267,272,279,287,301,329,346,363,386,388,397,477,668
49,27,36,38,39,42,43,57,64,67,71,73,76,84,91,93,99,100,121,122,124,129,132,136,138,145,150,151,156,159,161,166,175,178,180,183,188,190,193,195,197,199,200,205,210,215,219,221,224,228,229,230,231,232,233,234,238,246,248,249,250,256,260,278,290,291,325,381,383,389,396,398,414,423,442,454,457,471,474,516,598
50,32,33,45,49,50,52,58,66,75,88,95,106,109,110,111,113,115,116,121,129,130,132,135,136,142,153,163,172,181,189,192,193,195,203,206,209,210,212,214,215,216,218,230,235,236,239,245,246,247,251,253,255,256,257,258,385,432,439,453,603
51,34,35,38,39,45,54,56,89,93,94,96,138,144,147,154,167,175,195,197,203,283,309,388,394,399,421,433,434,438,439,446,452,463,475,526,622
52,32,37,47,50,66,81,106,111,113,115,129,187,190,197,201,203,204,205,210,211,216,218,219,220,223,225,228,235,239,244,249,250,251,257,271,392,416,422,432,435,437,445,454,457,459,460,467,470,473,479,481,511,546,573
53,21,36,37,44,50,73,77,78,104,138,139,144,149,154,167,175,178,181,182,183,185,189,191,192,193,198,203,213,218,224,229,233,249,258,406,454,457,473,474,476,500,524,527
54,17,24,32,45,79,80,84,86,87,89,91,118,147,151,155,159,168,264,382,433,461,466,467,626,666,668
55,33,56,60,78,95,127,133,147,150,158,163,167,172,176,177,178,185,188,193,202,205,208,214,234,430,501,534,535
56,64,94,99,110,113,114,124,127,132,134,144,145,153,157,163,166,167,169,172,175,183,186,194,203,205,208,219,257,287,578,628
57,18,33,75,83,211,549,664
58,115,123,133,165,175,177,186,246,490,670
59,13,438,510,528
60,8,298,330,587,675
61,5,463,628,659,662
62,7,411,435,620
63,18,102,104,143,266,319,472,595
64,28,288,430,491,590,592,668,672
65,47,490
66,154,164,412,501,638,673
67,658
68,56,80,196,292,338,387,432,571,662,690
69,65,260,358,541
70,212,426,450,641
71,15,86,309,484,566,567,595,617
72,671
73,133,403,514,636,691
74,40,174,425,526
75,
76,
77,
78,
79,
80,
81,
82,
83,
84,
85,
86,
87,
88,
89,
90,
91,
92,
93,
94,
95,
96,
97,
98,
