6
0,11
1,41,64,120,254,306,620,666
2,19,172,466,580,660
3,237,372,582
4,15,30,174,282
5,67,479,654
6,171,173,366,411,602
7,186,394,534,543,553,555,595,598,601,628,645,650,665
8,18,467,519,520,525,527,529,531,541,542,544,548,549,551,557,559,560,569,571,580,582,583,584,589,596,603,614,616,631,650
9,177,423,529,532,537,538,541,547,548,550,554,556,558,563,565,566,567,570,578,582,583,585,586,588,592,594,596,598,599,601,602,607,609,610,611,613,614,615,625,627,629,640,642,651,660,661,665,674,681
10,58,450,546,548,558,561,563,569,573,576,577,578,579,581,582,583,585,586,587,588,589,590,591,592,593,594,595,596,598,599,600,601,602,603,605,606,607,608,609,612,613,614,616,617,618,619,624,625,627,628,631,632,633,635,637,639,644,645,648,649,658,659,670,676,697
11,403,439,516,520,525,527,532,545,553,555,562,563,565,569,570,574,577,578,579,580,582,584,585,586,588,589,590,593,595,596,597,598,599,600,602,604,605,606,607,608,609,610,612,613,614,617,618,619,621,622,628,631,632,633,634,635,640,641,643,644,647,653,655,657,658,661,662,663,664,665,667,668,669,671,676,678,684,685,694
12,54,102,116,145,301,390,447,482,506,522,525,526,536,541,544,545,546,548,553,557,559,572,573,576,577,580,581,585,588,589,591,592,593,596,599,600,602,603,604,605,607,611,612,615,616,617,618,623,631,632,633,635,636,637,639,640,642,643,647,648,651,652,654,657,666,679,688,689,695
13,329,364,499,535,560,561,564,566,567,570,577,579,584,590,595,601,602,606,614,616,619,621,623,632,638,642,655,661,664,667,686,688,695
14,46,201,205,510,513,524,529,531,532,536,539,540,542,543,544,550,551,552,555,557,558,560,571,578,583,586,592,593,594,596,599,601,602,603,605,618,621,625,626,630,631,636,637,638,646,654,658,663,668,677
15,125,170,204,227,362,488,506,510,526,529,533,534,535,541,546,552,556,557,561,563,566,571,588,589,598,604,613,614,616,621,623,626,629,631,635,637,643,646,652,683
16,59,106,127,496,544,546,556,566,580,589,596,597,602,604,605,608,614,624,628,630,631,632,635,636,639,643,645,646,647,648,650,652,654,661,662,663,665,666,667,675,685,688,693,695
17,35,123,149,492,525,543,548,549,552,558,562,572,585,586,592,601,611,613,619,625,627,633,637,642,652,659,675,694
18,28,187,360,423,528,530,532,534,539,540,541,542,544,549,550,551,552,554,555,556,560,564,565,593,605,606,612,636,637,644,645,651,653,661,683
19,324,352,415,504,510,534,536,546,547,555,570,575,583,598,609,615,616,629,633,652,670,678,679,685,692,693
20,41,78,101,274,287,330,397,523,543,546,547,552,562,569,574,577,580,581,588,594,595,600,607,616,624,634,639,644,650,651,654,674,679,680,684,688,690
21,20,46,252,353,365,500,519,547,548,554,558,559,563,570,572,576,586,588,589,592,593,595,596,625,627,628,629,636,641,650,653,684,685,696
22,127,178,202,419,506,517,541,544,548,551,553,555,556,557,568,569,571,575,578,588,592,593,598,600,603,612,613,614,616,630,651,655
23,89,97,187,537,546,552,558,560,561,565,566,569,575,578,584,585,586,597,601,602,618,619,626
24,3,23,91,98,99,157,198,287,369,549,552,553
25,72,75,76,79,81,82,83,84,85,86,87,88,89,90,91,92,93,94,95,96,97,98,100,101,102,103,105,106,107,109,110,112,113,114,115,225,346,449
26,27,64,67,69,70,72,73,74,75,76,77,78,79,80,81,82,83,84,85,86,87,88,89,90,91,92,93,94,95,96,97,98,99,100,101,102,103,104,105,106,107,108,109,110,111,112,113,114,115,116,117,118,119,120,121,122,123,124,125,126,128,129,130,131,132,133,134,135,136,137,138,139,140,142,153,154,180,252,455,475
27,46,72,74,75,76,77,78,79,80,81,82,83,84,85,86,87,88,89,90,91,92,93,94,95,96,97,98,99,100,101,102,103,104,105,106,107,108,109,110,111,112,113,114,115,116,117,118,119,120,121,122,123,124,125,126,127,128,129,130,131,132,133,134,135,136,137,138,139,140,141,142,143,144,145,146,147,148,149,150,151,152,153,154,155,156,157,158,159,160,161,162,163,164,165,166,167,168,169,170,171,172,173,174,175,176,177,178,179,180,181,182,183,184,185,186,187,188,190,191,192,193,194,195,196,197,198,199,200,201,202,203,204,205,206,207,208,209,211,212,213,214,215,216,217,218,219,220,221,222,223,224,225,226,227,228,230,231,244,262,296,303,419,466
28,50,64,66,72,73,74,76,77,78,79,80,81,82,83,84,85,86,87,88,89,90,91,92,93,94,95,96,97,98,99,100,101,102,103,104,105,106,107,108,109,110,111,112,113,114,115,116,117,118,119,120,121,122,123,124,125,126,127,128,129,130,131,132,133,134,135,136,137,138,139,140,141,142,143,144,145,146,147,148,149,150,151,152,153,154,155,156,157,159,160,161,162,163,164,165,166,167,168,169,170,171,172,173,174,175,176,177,178,179,180,181,182,183,184,185,186,187,188,189,190,191,192,193,194,195,196,197,198,199,200,201,202,203,204,205,206,207,208,209,210,211,212,213,214,215,216,217,218,219,220,221,222,223,224,225,226,227,228,229,230,231,232,233,234,235,236,237,238,239,240,241,242,243,244,245,246,247,248,249,250,251,252,253,254,255,256,257,258,259,260,261,262,263,264,265,266,267,268,269,270,271,272,273,274,275,276,277,278,279,281,282,283,284,285,287,288,289,290,291,292,293,294,295,296,297,298,299,300,301,302,304,306,307,310,311,312,313,316,319,320,321,327,328,329,330,332,335,339,340,346,351,362,369,378,379,380,382,389,394,401,406,409,412,429,442,525,677
29,31,69,71,75,76,77,78,79,80,81,82,83,84,85,86,87,88,89,90,91,92,93,94,95,96,97,98,99,100,101,102,103,104,105,106,107,108,109,110,111,112,113,114,115,116,117,118,119,120,121,122,123,124,125,126,127,128,129,130,131,132,133,134,135,136,137,138,139,140,141,142,143,144,145,148,149,150,151,152,153,154,156,157,158,159,160,161,162,163,164,165,166,167,168,169,170,173,174,175,177,178,179,180,181,182,183,184,185,186,187,188,189,190,191,192,193,194,195,197,198,199,200,201,202,203,204,205,206,207,208,209,210,211,212,213,214,215,216,217,218,219,220,221,222,223,224,225,226,227,228,229,230,232,233,234,235,236,237,238,239,240,241,242,243,244,245,246,247,248,249,250,251,252,253,254,255,256,257,258,259,260,261,262,263,264,265,266,267,268,269,270,271,272,273,274,275,276,277,278,279,280,281,282,283,284,285,286,287,288,289,290,291,293,295,296,297,298,299,300,301,302,303,305,306,307,308,309,311,312,313,315,317,318,320,321,322,323,324,325,326,327,328,329,330,332,333,336,338,340,346,347,348,349,350,351,354,355,358,360,361,365,369,371,375,377,378,400,420
30,16,74,75,76,77,78,79,80,81,82,83,84,85,86,87,88,89,90,91,92,93,94,95,96,97,98,99,100,101,102,103,104,105,106,107,108,109,110,111,112,113,114,115,116,117,118,119,120,121,122,123,124,125,126,127,128,129,130,131,132,133,134,135,136,137,138,139,140,141,142,143,144,145,146,147,148,149,150,151,152,153,154,155,156,157,158,160,161,162,163,164,165,166,167,169,170,172,174,175,176,177,178,179,180,181,182,183,184,185,186,187,189,190,191,192,193,194,195,196,197,198,199,200,201,202,203,204,205,206,207,208,209,210,211,212,213,214,215,216,217,218,219,220,221,222,223,224,225,226,227,228,229,230,231,232,233,234,236,237,238,239,240,241,242,243,244,245,246,247,248,249,250,251,252,253,254,255,256,257,258,260,261,262,263,264,265,266,267,268,269,270,271,272,273,274,276,277,278,279,281,282,284,285,286,287,288,289,291,292,293,294,295,297,298,299,301,303,304,306,307,309,311,314,315,316,318,319,321,323,325,327,330,335,337,339,340,341,346,347,348,349,350,351,352,360,362,363,376,446,471
31,69,72,73,74,77,79,80,81,82,83,85,87,88,89,91,92,93,94,95,96,97,98,100,101,103,104,105,106,108,109,110,111,112,113,114,115,116,117,118,119,120,122,123,124,125,126,127,128,129,130,131,132,133,134,135,136,137,138,139,140,141,143,144,145,146,148,149,150,151,152,153,154,155,156,157,159,160,161,162,164,165,166,168,170,171,172,173,174,175,176,177,178,179,180,181,182,183,184,185,186,187,188,190,191,192,193,195,196,197,198,199,200,201,202,204,205,206,208,209,210,211,212,213,214,215,216,217,218,219,220,221,224,225,226,227,229,231,232,233,234,236,237,238,239,240,241,242,243,244,245,246,247,248,249,250,251,253,254,255,256,257,258,259,260,261,262,263,264,266,268,270,271,272,273,274,275,276,277,278,280,281,282,283,284,285,287,288,289,290,292,293,294,295,298,300,301,302,305,306,309,313,319,320,322,325,326,331,332,334,339,341,343,347,359,362,365,380,381,396,397,403,412,413
32,66,70,72,73,74,76,77,78,80,82,83,84,85,86,87,89,90,91,92,93,94,95,96,97,98,99,100,101,102,103,104,105,106,107,108,109,110,111,112,113,114,115,116,117,118,119,120,121,123,124,125,126,127,128,130,131,132,133,134,135,136,137,138,141,142,143,144,145,147,148,149,151,152,153,154,155,156,157,158,159,160,162,163,164,165,166,168,171,172,173,174,175,176,178,179,180,181,182,183,185,186,187,188,190,191,192,193,194,195,196,197,198,199,201,202,203,205,207,208,209,210,211,212,213,214,219,220,222,223,224,226,228,229,230,231,232,233,234,235,236,237,238,239,240,242,245,246,248,249,250,251,253,254,255,256,257,258,259,261,263,264,265,267,268,269,270,271,272,273,274,275,276,277,278,279,281,282,283,284,285,286,287,289,291,293,294,295,298,299,300,301,303,305,307,308,312,313,321,322,324,336,345,346,348,349,353,364,366,367,376,377,391,393,420,422
33,1,56,74,75,76,77,78,79,80,81,83,84,86,87,88,89,90,91,93,94,96,97,98,99,101,102,103,104,105,106,107,108,109,111,112,113,114,115,116,117,119,120,121,122,123,125,126,127,128,129,130,131,132,134,136,138,139,140,141,143,144,145,146,147,148,149,152,153,154,155,156,157,158,159,160,163,164,166,169,170,171,172,175,176,177,179,181,182,183,184,185,186,187,188,189,190,191,192,193,194,195,196,197,198,199,200,202,203,204,205,207,208,209,210,211,212,213,215,216,219,221,222,223,224,225,226,227,229,230,231,232,233,234,235,236,237,238,239,240,241,242,244,245,247,248,250,253,256,258,264,265,267,269,270,271,274,275,278,281,282,283,285,286,287,289,296,297,298,302,303,307,309,310,311,315,317,319,320,330,334,342,375,384,393,399,412,504
34,73,74,76,77,78,79,80,81,82,84,85,86,87,88,90,91,92,93,94,95,96,97,98,99,100,101,102,103,104,105,106,107,108,110,111,112,113,114,115,116,117,118,119,120,122,124,125,127,128,129,133,134,135,136,138,139,140,141,142,146,147,148,150,152,153,154,155,156,157,160,161,163,164,165,168,170,171,172,173,174,175,176,179,181,183,184,185,186,187,188,189,191,192,193,194,195,196,197,198,199,200,201,202,203,204,205,206,207,208,209,210,211,213,215,216,217,218,220,221,223,224,225,226,227,228,229,230,231,232,233,234,236,238,239,242,243,244,245,246,249,250,253,254,257,259,260,262,263,265,267,268,271,273,274,277,278,284,285,286,287,289,291,293,294,295,299,301,302,306,309,310,313,314,315,318,321,323,326,327,329,338,346,347,352,357,360,361,374,375,388,390,399,402,405,452,476
35,15,39,62,64,70,71,72,73,74,76,77,78,79,80,81,82,83,84,85,86,87,88,89,90,91,92,93,94,95,96,97,99,101,103,104,105,106,107,109,110,111,112,113,114,115,116,117,118,119,120,122,123,124,125,128,129,130,131,132,133,134,136,137,139,140,141,142,143,144,145,147,148,149,150,151,152,154,156,158,159,164,168,170,171,172,173,177,179,180,181,182,183,184,185,187,188,189,190,191,193,195,196,197,198,199,200,202,204,206,207,208,210,211,213,214,215,221,222,223,225,226,227,229,230,231,234,235,236,237,238,239,241,243,244,246,248,249,252,253,254,255,256,259,260,261,262,264,265,267,269,270,274,276,277,278,282,284,285,286,287,290,292,294,296,306,308,311,312,321,336,345,348,358,371,372,410,442,508,648
36,59,64,65,69,70,72,74,75,76,77,78,79,80,81,82,84,85,88,89,91,92,94,95,96,97,98,99,100,101,102,103,104,105,107,108,109,111,112,113,114,115,116,117,118,119,120,121,122,124,125,126,127,130,132,135,136,137,140,143,147,150,152,153,154,155,157,158,162,163,165,166,167,168,169,171,172,173,174,175,176,178,181,182,183,184,185,186,187,192,195,196,197,198,199,201,202,204,205,207,210,211,212,214,215,217,221,222,224,227,228,229,230,231,232,234,235,236,237,239,240,241,242,243,245,246,247,248,251,252,253,255,257,259,261,263,264,266,268,272,274,276,278,279,283,288,293,297,304,308,310,312,317,320,328,329,331,332,334,339,343,347,366,380,416,427,482,501
37,39,49,61,64,65,67,68,69,70,71,72,73,76,78,79,81,86,89,90,91,93,95,96,99,100,101,102,103,106,107,108,109,114,115,120,121,122,123,125,126,127,128,130,132,133,134,136,137,139,140,141,142,143,144,145,147,150,151,153,155,157,158,162,164,165,166,167,168,169,170,172,173,174,175,176,177,178,180,184,186,188,189,190,191,193,194,195,197,198,200,201,203,205,213,214,215,217,218,220,223,224,225,228,229,230,231,234,235,236,238,240,242,243,244,245,246,248,249,250,253,257,258,259,260,261,265,269,270,271,276,281,283,285,289,290,291,297,298,301,303,310,313,314,315,316,317,324,337,340,347,348,354,363,417,430,435,482,566
38,39,46,53,57,61,63,66,71,74,79,99,104,106,110,111,113,115,117,120,126,127,128,129,131,132,133,134,135,136,137,138,144,145,146,147,148,149,150,152,155,156,159,160,161,162,164,166,167,169,170,173,175,176,178,180,181,183,185,186,193,194,195,197,198,200,201,206,207,208,209,210,211,212,213,214,216,217,219,223,224,225,226,227,229,231,235,237,238,242,243,244,245,246,247,249,250,256,261,267,268,270,271,272,274,276,288,290,292,296,300,318,320,331,340,693
39,35,39,105,110,112,115,117,120,121,122,123,125,126,128,130,133,134,135,136,138,139,140,142,145,146,153,158,161,248,262,275,300,306,335
40,108,124,125,128,132,135,140,141,142,144,146,147,148,151,155,157,160,161,162,163,164,165,166,167,169,170,172,173,176,177,189,196,202,205,206,209,210,218,227,246,252,276,372,395,484,612,685
41,101,122,204,262,468,484,695
42,23
43,35,358,490,501,630
44,492,536,641
45,306,391,694
46,333,343,422
47,8,36,433,445,663
48,47,406,504
49,52,519,576,687
50,22,33,428,650
51,3,7,33,39,42,318,355,490,630
52,411,572,680
53,14,63,78,440,463,500,628
54,330,342,355,358,363,364,365,367,369,378,380,381,389,392,588,600
55,34,202,222,314,366,483,511,531,558,591,614,619
56,81,357,435,519,554,561,583,672
57,560,587,588,599,605,636
58,134,144,168,298,562,569,583,603,604,608
59,135,159,227,294,503,573,589,652,665
60,37,208,257,282,321,553,560,580,603,604,608,609,613,619,649
61,165,341,540,565,573,579,591,606,637,646
62,119,424,502,554,558,604
63,33,97,192,195,403,512,557,567,583,594,618,692
64,135,180,538,576,588,596,618
65,95,190,543
66,66,67,121,426,552,602
67,66,81,279,431,485,543,548,598
68,64,86,102,108,131,254,355,368,369,478,522,525,581,605,608,643,660
69,133,295,527,580
70,71,261,289,472,473,549,559,562,584,602,604,642,661,687
71,175,265,302,311,435,551,571,594
72,87,262,316,547,557,559,562,572,577,591,599,653
73,92,219,308,333,384,543,565,598,607,656
74,163,167,203,215,235,304,481,542,546,552,598
75,123,165,231,298,536,586,625
76,85,154,456,548,602,634,686
77,35,137,212,272,658,698
78,105,320,451
79,71,122,274,341,380
80,2,121,432,491,509,650,653,669
81,353,662
82,62,64,98,134,229,477,551
83,304,314,378
84,12,28,236,630,654,672
85,6,226,374,404,500,612,647
86,692
87,27,158,198,269,270,391,432
88,47,61,237,332,375,403,460,463,610
89,99,139,167,203,393,651
90,43,238,527
91,103,133,226,263,433,489
92,14,44,206,277,338,348,364,424
93,47,59,63,103,175,180,466,624
94,116,151,205,220,319,338,367
95,497,516,619
96,118,119,302
97,178,292,482
98,100,118,128,668
