1
0,72
1,60,61,63,64,65,66,67,68,69,70,71,72,73,74,75,76,77,78,79,80,81,82,83,84,85,86,87,88,89,90,91,92,93,94,95,96,97,98,99,100,101,102,103,104,105,106,107,109,111,114,115,126,135,147,155,159,197,211,249,281,294,554
2,23,53,61,65,66,67,69,70,71,72,73,74,75,76,77,78,79,81,82,83,84,85,86,87,88,89,90,91,92,93,94,95,96,97,98,99,100,101,102,103,104,105,106,107,108,109,110,111,112,113,114,117,118,120,121,122,127,129,131,132,133,134,135,137,139,141,142,144,151,152,154,156,157,158,160,161,163,164,165,166,167,169,170,171,172,174,175,176,177,178,191,192,194,195,196,197,198,201,203,205,206,210,218,219,223,227,229,246,386,393,460,618,699
3,7,28,61,62,63,64,65,67,68,69,70,71,72,73,74,75,76,77,78,79,80,81,82,83,84,85,86,87,88,89,90,91,92,93,94,95,96,98,99,100,101,102,103,104,105,106,107,108,110,111,112,113,114,115,116,117,119,120,121,123,124,125,126,127,128,129,130,131,133,134,135,136,137,138,139,140,142,146,147,148,149,150,151,152,153,154,155,156,157,158,161,162,163,164,165,166,167,168,169,170,171,172,173,174,175,177,178,179,180,181,183,184,185,187,188,190,192,193,194,195,196,197,198,199,202,203,204,206,208,210,211,212,214,217,223,226,232,236,241,258,395,398,663
4,57,62,63,65,66,67,68,69,70,71,72,73,74,75,76,77,78,79,80,81,82,83,84,85,87,88,91,92,93,94,95,96,97,98,99,100,101,102,103,104,105,106,107,110,113,115,116,117,118,119,121,122,123,124,125,126,127,128,129,130,131,133,134,135,136,137,139,140,141,142,143,144,145,146,147,148,149,153,154,155,157,158,159,160,161,162,164,165,166,167,168,170,171,172,173,174,175,177,178,179,181,182,183,184,186,187,189,191,192,197,199,201,202,207,214,215,217,227,232,239,240,243,246,260,264,266,278,279,356,536,608
5,30,62,65,67,68,69,71,72,73,74,75,76,77,78,79,80,81,82,83,84,85,86,87,88,89,90,91,92,93,94,95,96,97,98,99,100,101,102,103,104,105,106,107,108,109,110,111,112,113,114,115,117,118,119,120,121,122,124,125,126,127,129,130,131,132,134,135,136,137,138,140,141,142,143,144,145,146,148,149,150,155,156,157,158,162,164,165,166,168,169,170,172,173,175,177,178,179,181,182,183,184,188,189,193,195,196,199,202,206,208,209,210,211,212,214,215,216,220,223,226,230,231,232,239,248,250,265,267,276,295,296,319
6,73,74,75,77,78,79,80,81,82,83,84,85,86,87,88,89,90,91,92,93,94,95,96,97,99,100,101,102,103,104,105,106,107,108,109,110,111,112,113,114,115,116,117,118,120,121,122,123,124,125,126,129,130,131,132,133,134,135,137,138,141,143,144,147,149,151,152,158,161,162,165,166,167,168,169,171,172,173,174,176,178,179,180,182,183,184,185,186,187,188,190,191,193,194,197,198,199,200,201,202,203,204,207,209,210,212,217,219,220,221,225,226,227,235,239,240,241,243,246,248,250,252,254,256,258,262,264,266,269,271,272,285,288,290,300,309,312,381,386,511
7,62,71,73,75,78,80,81,82,83,84,85,86,87,88,89,90,91,92,93,94,95,96,97,99,100,101,102,103,104,105,107,108,109,110,111,112,113,114,116,117,118,119,120,121,122,123,124,125,126,127,128,129,130,131,133,135,137,138,139,140,141,142,143,145,146,147,148,149,152,154,162,163,165,166,167,168,169,170,171,173,174,175,176,177,178,179,180,181,182,183,184,185,186,187,188,189,192,193,194,195,196,198,199,200,202,203,205,206,207,208,209,211,214,217,219,220,222,225,226,227,228,229,232,235,236,241,245,247,248,249,250,252,255,261,263,264,268,272,277,279,283,327,343,459
8,2,63,72,73,80,81,82,84,85,86,87,88,89,90,92,93,94,95,96,97,98,99,101,102,103,104,105,106,107,108,109,110,111,113,114,115,116,117,119,120,121,122,123,124,125,126,127,130,133,136,137,138,139,140,141,144,145,146,147,148,150,151,154,158,159,160,161,164,165,167,169,170,171,172,173,174,175,176,177,178,179,180,181,182,183,184,185,186,187,188,189,191,192,193,195,196,197,198,199,200,201,202,203,204,205,206,207,208,212,213,214,216,217,218,219,220,221,223,224,226,228,229,231,232,234,235,236,238,240,241,242,244,247,250,254,256,259,260,262,266,268,270,271,273,274,277,278,279,280,282,289,295,296,323,325,356,357,517,605
9,80,81,82,84,85,86,87,88,89,90,91,92,93,94,95,97,98,99,100,101,102,104,105,106,107,108,109,110,111,112,113,114,117,118,119,120,121,122,123,124,125,126,128,129,131,132,134,135,139,140,141,142,145,146,147,148,149,150,152,154,155,156,157,158,160,163,164,165,166,168,169,170,171,172,173,174,175,176,177,178,179,180,181,182,183,184,185,186,187,188,189,190,191,192,193,194,195,196,197,198,199,200,201,202,203,204,205,206,207,208,209,210,211,212,213,214,215,216,217,218,219,221,222,223,224,225,226,227,228,229,230,231,232,233,234,235,236,237,238,239,240,241,242,244,245,247,248,249,250,251,253,254,255,256,257,259,260,261,262,264,265,266,268,269,271,272,275,276,281,282,283,284,285,286,288,289,290,291,296,297,299,301,307,314,317,320,321,326,360,379,392,394,401,403,492,543
10,43,78,80,82,83,85,86,88,89,91,93,94,95,97,98,99,101,102,103,105,106,107,108,109,111,112,113,114,115,118,119,120,121,123,124,128,129,130,131,134,135,136,137,140,141,142,143,144,145,147,148,149,150,151,152,154,156,157,158,159,162,163,166,167,170,171,172,173,174,176,177,178,179,180,181,182,183,184,185,186,187,188,189,190,191,192,193,194,195,196,197,198,199,200,201,202,203,204,205,206,208,209,210,211,212,213,214,215,216,217,218,219,220,221,222,223,224,225,226,228,229,230,231,232,233,234,235,236,237,238,239,240,241,242,243,244,245,246,247,248,249,250,251,252,253,254,255,256,257,258,259,260,261,262,263,264,265,266,267,268,269,270,271,272,273,274,275,276,277,278,280,281,284,285,286,287,288,289,290,292,293,294,295,296,297,298,300,301,302,303,304,305,306,307,308,309,310,311,312,314,317,319,320,321,322,324,325,330,332,333,334,337,340,341,342,343,345,346,349,350,353,355,361,364,369,380,385,420,452,527,558,586
11,71,74,77,78,80,81,83,84,85,86,87,88,89,90,92,93,94,95,96,97,100,102,103,104,105,106,107,108,110,111,112,113,114,115,116,118,119,120,121,125,127,128,132,133,136,140,141,142,143,144,145,146,149,152,153,154,156,157,165,168,169,170,171,172,174,175,176,177,178,179,180,181,183,185,186,188,189,190,191,192,193,194,195,196,197,198,199,200,201,202,203,204,206,207,208,210,211,212,213,215,216,217,218,219,220,221,222,223,224,225,226,227,228,229,230,231,232,233,234,236,238,239,240,241,242,243,244,245,246,247,248,249,251,252,253,254,255,256,257,258,259,260,261,262,264,265,266,267,268,269,270,271,272,273,275,277,278,279,280,282,283,284,285,287,288,289,290,291,292,293,294,295,296,297,298,300,301,303,304,305,306,307,308,309,311,312,313,314,316,317,318,319,320,321,322,323,324,327,328,330,331,332,335,336,344,345,348,349,350,351,353,356,357,359,360,366,375,379,383,393,400,404,493
12,62,72,75,78,79,80,82,83,84,85,86,87,88,89,90,91,92,93,95,97,98,99,100,101,105,111,112,113,114,115,118,121,123,126,128,132,133,135,136,137,138,140,143,148,149,151,152,153,154,155,156,158,160,162,165,167,168,169,171,172,173,174,175,177,180,181,182,186,187,191,192,194,197,199,201,203,205,207,211,212,213,214,215,216,217,219,220,222,225,227,228,229,230,231,233,234,235,236,237,238,241,242,243,244,245,247,248,249,251,253,254,255,256,257,260,262,264,265,266,267,268,272,273,274,275,276,277,279,281,282,283,284,286,287,288,289,290,291,293,294,295,296,298,299,304,305,307,308,309,310,312,313,320,321,322,323,324,325,327,328,329,331,332,337,338,343,347,350,351,355,357,370,374,375,381,390,392,404,405,409,459,499
13,70,71,74,76,77,78,80,81,82,83,84,86,88,90,91,92,93,94,96,97,98,99,101,102,103,106,107,108,110,111,112,115,116,118,120,122,123,125,126,127,128,132,133,134,135,137,138,144,146,150,151,153,155,156,157,158,160,161,162,165,166,167,168,169,171,173,175,177,181,184,185,186,188,189,191,193,196,197,199,202,203,204,205,207,209,210,213,217,218,219,220,224,225,226,228,229,230,231,232,233,234,235,236,237,238,239,240,241,242,243,244,245,246,248,249,250,251,252,253,254,255,257,259,261,262,263,264,265,266,267,268,269,272,273,274,275,277,278,280,281,282,283,285,286,287,288,289,291,292,293,294,296,298,299,300,304,305,307,309,310,313,319,320,321,323,324,325,326,327,328,331,333,334,335,336,340,345,346,347,348,350,352,353,355,358,362,364,370,373,376,379,388,391,395,398,400,426
14,77,78,79,80,81,82,85,86,87,89,91,92,93,94,95,97,99,100,102,103,105,106,107,112,113,114,116,119,120,123,124,125,128,129,133,137,140,146,149,150,151,152,155,156,158,159,164,165,166,170,174,175,177,179,182,183,185,187,189,190,196,197,198,199,200,201,204,205,206,209,210,212,215,217,225,227,228,229,231,232,233,234,235,240,241,243,246,248,250,251,252,255,256,260,262,263,265,266,267,268,270,271,272,273,274,275,276,277,278,280,281,282,283,284,286,287,288,289,290,291,292,293,294,295,296,297,298,300,301,302,303,304,305,306,307,309,310,311,312,313,315,316,317,318,319,320,322,323,324,325,326,328,329,330,331,332,333,334,337,338,339,340,341,342,344,345,346,348,350,351,352,353,355,357,358,360,362,363,364,366,368,369,370,371,373,374,375,376,377,380,381,383,392,394,395,396,400,402,403,416,421,424,430,438,439,446,449,450,455,458,480,486,487,515,523,585,589
15,71,73,75,77,79,81,82,83,84,85,87,88,89,90,91,92,93,96,99,100,103,104,105,106,107,109,111,119,120,121,122,124,126,128,129,132,134,135,137,139,141,143,147,150,151,153,155,166,167,168,171,172,178,179,180,181,183,184,186,187,189,190,191,194,196,198,202,204,206,210,212,213,215,219,227,228,229,230,232,239,242,245,254,258,260,262,263,264,265,266,268,269,270,272,273,274,275,276,277,278,279,280,282,287,289,290,291,293,295,296,297,299,300,301,302,303,304,305,306,307,308,309,310,311,312,313,314,315,316,317,319,320,322,324,325,328,329,330,331,333,334,335,336,338,344,345,346,347,348,353,354,355,356,357,358,360,361,362,364,367,369,376,377,378,379,383,384,385,386,387,394,395,402,404,408,409,421,434,435,436,443,445,446,469,475,494,516,610,619
16,72,78,79,81,82,83,84,85,86,87,89,90,91,92,94,95,96,97,98,100,101,103,104,106,107,108,109,110,111,113,114,116,117,119,120,121,123,124,125,127,128,130,131,132,134,137,138,139,141,142,143,149,150,151,152,156,157,161,166,168,170,175,176,179,180,181,183,191,193,194,195,196,197,201,203,207,209,210,215,216,221,224,230,232,233,236,238,241,243,244,249,251,254,255,256,258,261,262,263,266,267,268,269,270,272,274,275,276,278,279,280,281,282,284,286,287,288,289,290,292,293,296,297,298,299,300,301,302,303,304,306,308,310,312,313,314,315,316,318,321,322,324,325,326,328,329,330,331,332,333,337,338,339,340,341,343,344,345,347,350,351,353,354,355,361,363,364,365,369,370,377,380,382,385,386,388,390,391,395,398,402,408,409,415,416,417,419,426,430,431,437,442,457,472,483,607,624,637,694
17,20,73,77,78,79,80,81,82,83,85,86,87,88,89,91,92,95,96,97,98,101,102,103,105,106,107,109,111,112,113,114,116,117,118,119,120,122,123,124,125,126,128,132,135,137,140,142,144,145,148,153,155,160,161,162,164,165,167,172,173,174,176,178,181,183,184,186,187,189,190,191,196,197,206,209,212,217,220,225,226,227,231,232,233,236,244,259,260,262,263,267,269,270,271,273,275,276,277,278,282,283,284,285,287,290,291,295,296,298,299,302,303,304,305,306,308,310,312,313,315,316,317,318,319,320,321,322,323,324,325,326,327,328,329,330,331,332,333,335,336,338,340,341,342,347,348,351,352,353,355,356,357,358,359,362,365,368,369,371,372,373,375,376,378,380,384,386,389,391,395,399,401,403,405,408,409,410,415,417,424,431,435,436,442,460,462,463,470,477,496,505,525,695
18,74,80,81,82,86,87,88,90,91,92,93,94,95,97,98,99,100,101,103,114,115,118,125,128,130,132,133,134,135,136,137,138,139,141,143,145,148,149,150,153,154,155,164,168,169,170,173,175,176,177,181,183,187,188,189,190,191,192,194,198,200,205,208,209,215,219,225,226,233,238,239,240,241,242,243,245,246,247,248,252,255,257,260,261,263,267,271,273,279,280,282,283,284,286,288,290,291,292,293,294,296,297,298,299,300,302,303,304,307,308,312,313,314,316,317,318,320,321,322,323,324,326,328,329,331,332,333,335,337,338,339,341,342,344,345,346,347,348,349,350,351,352,355,356,357,358,362,363,366,368,369,371,372,374,376,377,378,381,382,384,387,388,390,391,393,394,395,398,399,400,405,408,410,411,413,424,427,433,438,440,444,445,449,452,479,492,496,499,518,519
19,13,81,85,87,88,89,90,91,92,94,96,97,98,99,100,103,104,105,106,107,108,109,110,113,114,115,117,119,120,122,123,124,125,126,128,130,131,133,141,142,151,152,153,155,156,163,164,165,166,169,171,172,173,174,175,177,178,179,181,182,183,184,185,186,187,189,194,195,196,201,202,204,205,207,209,212,214,215,216,219,224,235,236,239,242,243,246,247,249,250,256,258,263,265,266,271,272,276,277,279,281,285,292,293,295,296,297,301,302,305,306,307,308,310,319,322,324,325,326,327,329,330,331,332,336,337,339,340,341,343,345,346,351,353,354,355,357,359,361,362,363,364,369,371,372,373,375,377,378,380,381,385,390,391,392,393,396,401,403,407,410,412,418,419,421,422,425,426,429,430,431,432,435,442,443,444,450,459,464,466,468,482,522
20,80,82,84,85,87,88,90,91,93,97,98,100,101,102,103,104,105,106,107,109,110,111,112,113,114,117,119,121,122,123,125,126,128,129,130,131,132,136,137,138,139,141,144,145,146,151,153,155,158,160,161,162,163,165,167,168,171,172,174,176,177,179,180,183,186,187,189,190,191,192,193,194,197,201,202,206,208,213,215,216,218,220,223,225,229,237,238,241,242,243,257,259,260,264,268,276,277,279,282,283,285,286,290,299,300,302,303,304,308,309,311,316,319,321,322,324,325,327,328,329,330,331,332,333,334,337,339,340,343,345,346,347,348,349,350,351,352,354,355,356,357,360,362,363,366,373,374,377,380,383,384,386,387,388,389,390,391,392,398,399,400,403,411,412,418,419,421,423,424,425,428,429,430,435,436,445,459,460,464,486,490,501,514,521,531,544,615
21,79,82,83,84,85,87,89,91,92,93,95,96,98,99,100,101,102,104,106,107,108,109,110,111,112,114,117,118,119,121,123,124,127,128,129,130,131,132,134,135,136,137,138,139,142,143,144,145,147,149,150,157,158,159,160,166,167,168,172,173,174,175,176,177,179,181,183,184,187,190,195,196,198,201,202,203,207,210,212,216,222,224,228,229,231,241,245,251,252,255,261,262,266,269,275,277,279,282,283,284,288,290,291,298,301,302,304,308,319,320,323,324,325,327,330,331,332,333,334,336,337,338,340,342,347,348,349,350,351,353,355,358,359,363,364,368,370,371,375,377,379,381,382,384,389,391,393,394,397,401,404,407,411,412,414,418,426,429,434,439,442,454,462,467,470,471,472
22,75,78,79,80,81,82,83,85,86,87,88,90,91,92,95,97,98,100,102,103,104,106,108,109,110,111,113,115,116,117,118,119,121,122,123,125,127,128,132,133,134,135,136,137,140,141,142,143,144,146,149,151,152,153,155,158,159,160,161,162,165,168,175,178,182,184,185,186,190,195,196,197,198,199,200,201,203,206,207,210,213,222,226,229,236,237,239,243,244,248,255,258,262,267,268,270,274,276,283,284,288,289,295,302,307,314,329,331,339,343,345,347,348,350,353,356,358,359,363,369,371,372,373,374,376,382,385,387,390,392,393,394,399,400,404,411,422,424,425,428,432,447,448,487,501,528,678
23,30,72,74,75,76,79,80,84,86,87,90,91,93,94,95,96,97,98,99,101,102,103,105,106,107,108,110,111,114,116,117,118,119,120,121,122,123,124,129,130,132,133,134,135,137,138,141,142,143,146,147,148,154,161,163,164,165,166,168,170,173,180,181,184,186,187,189,191,194,197,199,200,201,203,206,210,211,215,217,219,222,223,230,233,236,237,238,242,245,247,250,253,254,260,261,276,277,278,287,289,303,305,313,315,317,322,326,336,339,340,341,343,350,354,365,368,372,374,380,381,384,386,387,409,411,412,414,417,418,421,423,425,427,431,442,444,472,476,562
24,68,69,71,75,76,77,78,80,82,83,84,85,86,88,89,90,91,92,93,96,97,98,100,101,102,105,106,108,109,110,111,112,114,117,119,124,125,126,127,128,131,132,133,135,136,137,140,142,144,145,146,147,148,149,150,151,154,157,159,161,162,163,166,167,168,169,170,171,173,174,176,177,180,183,184,185,187,189,190,192,193,195,197,198,200,202,204,205,208,210,215,216,218,219,220,223,225,228,238,240,241,242,244,245,248,250,251,255,258,259,261,263,264,265,269,272,279,298,300,301,302,311,323,334,360,375,379,387,388,391,450,465,525,552
25,69,72,76,77,78,80,81,82,83,84,85,86,87,88,90,91,92,94,95,96,97,98,99,100,101,102,103,104,105,106,108,109,110,111,112,114,116,118,119,120,121,122,123,124,125,127,129,130,131,132,133,134,135,136,137,138,141,143,146,147,149,150,151,152,156,158,162,163,164,166,168,172,176,181,183,186,188,194,198,199,201,203,204,206,207,209,212,217,218,223,224,225,233,234,235,236,241,242,244,245,247,258,261,262,268,269,275,329,338,373,405,413,414,498
26,76,81,82,83,84,85,86,87,88,89,90,92,93,94,95,96,97,99,101,102,103,104,105,107,108,109,110,111,112,114,115,116,117,118,119,120,121,123,125,126,127,128,129,130,131,132,133,134,135,136,137,138,139,140,141,142,143,144,145,146,147,148,149,150,151,152,153,155,157,158,160,161,163,168,171,177,178,179,182,184,185,186,188,192,196,198,200,202,205,206,207,210,211,212,214,215,217,219,220,223,224,226,229,230,233,234,236,238,240,242,245,252,254,255,265,270,282,290,295,332,594,615
27,66,72,79,80,81,82,83,84,85,86,87,88,90,91,92,93,94,95,96,97,98,99,100,101,102,103,104,105,106,108,109,110,111,112,113,114,115,117,118,119,120,121,122,123,124,126,127,128,129,130,131,132,133,136,137,139,140,141,142,144,145,146,147,149,150,151,152,154,155,156,157,158,159,160,161,162,163,166,167,172,176,184,185,186,193,196,198,199,200,201,205,210,212,213,216,218,219,220,222,224,226,229,230,231,235,238,239,240,243,245,251,253,255,256,260,263,266,276,282,288,289,296,303,339,361,403,452,551,616
28,74,75,76,79,80,81,83,84,85,86,88,89,91,92,93,94,95,96,97,98,99,100,101,102,103,105,107,108,109,110,112,113,114,115,116,117,118,119,120,121,123,124,125,126,127,129,130,131,132,133,134,136,137,139,140,141,145,146,149,150,151,152,153,154,156,158,161,162,163,165,166,167,169,175,179,183,187,189,192,194,195,196,197,198,199,201,202,204,206,207,213,218,220,221,224,229,230,231,233,249,250,253,257,265,268,277,283,297,353,355,462,630
29,71,73,76,80,81,82,85,87,88,91,93,94,95,96,97,98,99,100,101,102,103,104,105,106,107,108,109,110,111,112,113,114,115,116,117,118,119,120,122,123,124,125,126,127,129,130,131,132,133,134,136,137,138,139,140,141,142,143,144,145,146,147,148,149,150,151,155,156,157,158,161,162,163,164,165,167,168,175,176,178,179,188,190,194,195,196,197,198,199,202,203,204,205,207,209,210,211,212,213,214,216,217,220,221,227,228,232,233,235,247,249,250,251,253,256,257,259,264,265,281,285,288,322,333,428,508,513,561,693
30,32,76,79,80,85,87,88,89,90,91,92,93,94,95,97,98,99,100,101,102,103,104,105,106,107,108,109,110,111,112,113,114,116,117,118,121,122,123,124,125,126,128,129,131,133,135,136,137,139,140,142,143,144,145,146,147,148,149,150,151,152,153,155,156,157,159,161,162,163,164,176,184,186,187,192,193,194,195,197,198,199,204,211,214,215,219,223,225,226,230,232,233,234,238,240,241,243,246,247,251,253,254,258,259,265,267,273,283,291,300,324,328,473,560
31,70,79,81,82,83,84,86,87,88,89,90,92,93,95,96,97,98,99,100,101,102,103,104,105,106,107,108,111,112,113,114,115,117,118,119,120,121,123,124,125,126,127,128,129,131,132,133,136,137,138,139,140,141,142,143,144,145,146,148,149,150,151,152,153,155,157,158,159,162,164,166,167,169,170,173,183,184,185,187,188,189,190,191,193,194,195,196,197,200,201,202,203,206,211,212,213,214,215,218,220,222,223,224,226,227,228,230,231,236,240,241,246,248,251,253,259,262,267,269,272,274,275,281,282,286,288,289,298,300,303,324,325,336,585,659
32,71,78,79,80,87,89,90,91,92,95,96,98,99,101,102,103,105,106,107,108,109,110,111,112,113,114,115,116,118,119,120,124,125,126,127,128,129,130,132,133,134,135,136,137,138,139,140,141,142,143,144,145,146,147,148,149,150,154,156,157,158,159,160,161,162,163,165,166,169,170,172,174,182,184,185,188,190,191,197,201,202,204,205,207,208,210,211,212,214,215,216,217,218,221,225,226,227,228,233,234,235,238,241,242,244,249,252,255,259,262,263,264,272,283,291,299,313,322,323,363
33,15,76,84,89,90,91,92,93,94,96,97,100,101,102,103,104,106,107,108,110,111,112,113,115,116,117,118,119,120,121,122,123,124,125,126,127,129,130,131,132,134,135,136,137,139,141,142,143,144,145,146,147,148,149,150,152,153,154,155,157,159,160,162,164,166,167,168,169,170,171,172,176,180,182,183,184,185,186,188,191,193,194,195,200,201,206,207,208,209,210,214,220,221,222,223,224,227,228,229,230,232,236,237,238,239,241,245,250,255,257,258,260,274,282,285,294,319,328,330,343,350,361,367,513,520
34,32,68,80,85,87,90,92,94,95,96,97,98,99,102,103,104,105,106,108,109,111,112,113,114,116,117,119,120,121,124,127,128,129,130,133,135,136,138,139,140,142,143,144,145,147,150,151,152,153,154,156,157,158,160,163,164,167,181,182,183,184,185,186,187,190,192,194,195,196,198,200,201,202,203,205,209,212,216,219,226,227,229,231,233,236,237,240,260,262,269,294,314,366,389,408,668,690
35,47,77,82,84,87,88,89,90,93,94,95,96,98,99,100,101,102,103,104,105,106,108,109,111,112,114,115,116,118,119,120,121,122,123,125,128,130,133,135,136,137,138,139,140,142,144,146,148,150,151,153,154,155,158,160,165,166,168,170,174,175,177,180,181,188,191,192,194,195,197,200,201,202,203,204,206,207,208,209,210,212,217,220,221,222,223,226,227,232,234,235,237,238,241,245,253,255,263,276,277,281,304,307,335,363,387,399,544,586
36,83,88,91,93,94,95,96,98,101,102,103,104,105,106,107,108,109,110,111,112,113,114,115,116,119,120,121,122,123,124,126,127,128,129,130,131,132,133,134,137,138,139,140,143,144,146,150,151,153,154,156,157,158,159,162,163,164,171,173,176,179,182,185,188,197,198,202,206,207,209,210,214,222,224,226,227,230,231,232,234,241,246,247,248,250,251,254,256,258,268,269,274,275,277,279,314,337,341,350,361,369,388,392,408,522,627,650
37,14,82,83,86,89,90,91,92,93,94,95,96,98,99,100,102,103,105,108,110,112,113,114,115,116,117,119,120,121,122,123,124,125,126,130,131,132,133,134,135,136,137,138,139,142,144,145,146,147,148,149,150,151,155,157,158,160,161,162,163,165,168,169,170,181,182,186,189,190,191,192,197,198,200,201,202,203,206,207,214,217,220,222,223,224,226,228,229,233,236,237,238,241,244,246,250,256,257,260,265,275,285,290,295,296,300,306,307,308,310,314,328,332,360,363,367,368,379,447,449,482,625,651
38,27,78,86,88,89,90,91,92,93,94,95,96,97,98,100,101,102,103,104,105,106,107,108,110,112,113,114,117,121,122,129,132,133,134,135,136,137,139,141,143,144,145,146,147,148,150,151,152,156,157,158,159,160,162,163,164,165,166,175,176,182,186,189,191,194,196,198,199,202,205,207,208,210,211,218,219,220,222,223,226,227,228,229,231,233,234,236,241,242,244,245,250,253,255,259,263,268,288,289,295,300,301,308,354,373,383,429,501
39,27,55,85,88,89,93,96,97,98,99,100,101,102,103,104,105,106,107,108,109,110,111,112,115,116,117,119,123,124,125,126,127,128,129,130,132,133,134,135,136,138,140,143,144,145,146,149,150,152,153,154,155,157,161,163,165,166,167,168,172,173,175,182,183,184,185,186,188,190,191,192,193,194,195,199,200,201,202,204,205,206,208,209,211,212,213,215,216,218,219,220,223,224,226,227,231,232,233,235,237,247,249,251,254,266,270,274,284,292,301,302,314,332,372,525,598,656,664
40,87,92,94,96,97,99,100,104,105,106,107,110,111,112,113,114,115,116,117,118,121,122,123,124,125,126,128,129,130,136,137,140,141,143,144,145,148,149,150,152,155,156,159,160,162,165,171,172,174,176,178,182,193,194,195,196,201,202,204,205,206,208,209,210,211,212,213,214,215,216,218,219,220,221,222,224,225,227,229,230,232,233,236,237,240,242,245,246,257,258,265,272,275,286,287,292,296,297,303,304,309,311,312,325,349,355,479
41,77,87,90,91,93,95,97,98,99,101,105,106,107,108,109,110,113,114,115,116,120,121,124,126,127,128,129,130,131,132,133,134,135,136,137,138,140,141,142,143,144,146,147,148,149,150,152,153,154,155,156,159,160,162,163,169,170,171,173,174,189,193,201,202,203,204,205,208,209,210,211,215,216,224,227,228,232,234,239,247,253,254,255,261,262,266,269,271,283,285,288,289,296,301,306,343,348,356,372,405,440,512,580
42,94,95,96,97,98,99,100,101,102,103,104,105,106,107,108,109,110,111,112,117,118,121,122,124,127,128,129,132,133,134,135,136,139,140,141,142,143,146,147,149,150,152,153,154,155,156,159,160,163,164,165,166,167,169,170,173,177,179,180,184,185,186,188,190,191,194,195,196,197,198,201,203,204,206,208,211,215,216,220,223,225,226,231,232,233,234,244,246,250,254,262,291,296,299,301,317,321,329,336,360,461
43,88,90,91,94,96,98,101,103,104,106,108,109,110,111,112,113,114,115,117,119,120,122,125,129,130,135,136,137,138,140,143,144,147,149,151,152,153,154,155,156,157,158,160,161,163,165,166,167,173,175,177,178,179,180,181,190,191,193,196,197,198,201,202,204,205,206,207,208,209,210,213,214,218,221,225,226,227,229,231,233,234,236,237,239,242,243,245,248,249,252,255,260,261,263,266,276,278,283,293,297,410,466,487,503
44,63,93,94,95,96,97,98,99,100,101,102,103,104,106,107,108,109,110,111,112,115,116,118,120,121,123,124,125,126,127,128,129,130,132,133,134,135,137,138,140,142,143,145,146,147,148,150,151,154,156,158,160,162,164,166,178,179,180,182,186,192,194,195,203,204,207,208,209,217,218,225,229,234,241,244,252,254,257,261,269,270,274,278,279,295,304,308,321,343,377,401,625
45,11,76,95,101,103,104,106,107,110,112,113,115,117,118,121,122,124,125,126,127,131,133,135,136,137,138,140,141,142,143,144,145,148,150,151,152,156,157,158,162,163,166,169,170,173,174,178,183,185,193,194,195,196,197,198,201,203,204,206,207,210,211,214,216,217,219,220,221,222,223,227,229,231,243,245,246,253,263,268,276,279,290,311,318,322,324,338,378,591
46,84,98,104,107,110,111,112,113,115,116,117,118,119,120,122,123,124,125,126,128,129,130,131,132,133,134,136,138,140,144,146,148,155,156,157,159,162,164,166,167,170,171,172,178,187,189,190,191,197,198,204,206,209,210,212,217,221,223,225,226,229,230,234,238,250,252,256,259,262,264,265,271,277,278,281,290,294,307,400,409,442,575
47,14,20,105,111,113,114,116,117,120,121,122,125,127,129,135,136,139,141,144,147,148,153,154,155,156,158,165,166,167,169,171,172,173,179,183,193,195,203,213,214,219,221,222,230,232,236,237,241,242,247,255,267,273,296,303,317,324,339,388,597,608
48,4,79,103,109,114,116,117,119,121,123,127,137,138,141,142,152,154,158,164,166,169,171,178,185,189,198,203,214,215,218,228,229,232,235,240,243,244,248,262,296,304,327,376,377,383,624
49,109,135,168,186,210,234,240,283,289,350,380,434,442,582,678
50,185,223,274,311,314,359,457,472,481,539
51,67,487,533,547,653
52,238,342,512,583
53,247,322,611,637
54,87,323,392
55,345,440
56,34,379,565,629
57,18,658,680
58,642,656,677,695
59,542,664
60,6,35,84,286,414,610,630,697
61,667
62,16,37,71,600
63,91,115,217,383,461,506,616
64,61,293
65,56,66,67,68,71,82,389
66,10,61,62,64,65,67,71,74,76,77,81,83,84,85,88,89,92,179,205,271,365,607
67,
68,
69,
70,
71,
72,
73,
74,
75,
76,
77,
78,
79,
80,
81,
82,
83,
84,
85,
86,
87,
88,
89,
90,
91,
92,
93,
94,
95,
96,
97,
98,
