3
0,603
1,12,47,243,659
2,65,66,151,250,373,485,535
3,32,46,55,340,411,478,639
4,44,50,54,58,60,66,68,104,123,159,221,223,294,296,390,527,684
5,45,47,49,50,52,55,56,57,58,59,60,61,62,63,64,65,66,67,70,71,72,75,76,78,81,82,83,84,85,87,91,94,238,239,287,343,633
6,44,46,48,49,50,51,52,53,54,55,56,57,58,59,60,61,62,63,65,66,67,68,69,70,71,72,73,74,75,76,77,78,79,80,81,82,83,84,85,86,87,88,89,90,91,92,93,94,95,96,97,98,99,100,104,107,108,119,148,150,406,548,674
7,50,53,54,55,56,57,58,59,60,61,62,63,64,65,66,67,68,69,70,71,72,73,74,75,76,77,78,79,80,81,82,83,84,85,86,87,88,89,90,91,92,93,94,95,96,97,98,99,100,101,102,103,104,105,106,107,108,109,110,111,112,113,114,115,116,117,118,119,120,121,122,123,124,125,126,127,128,129,130,131,132,133,134,135,136,137,138,139,140,141,142,143,144,145,146,147,148,149,150,151,152,153,154,155,156,157,158,159,160,161,162,163,164,165,166,167,168,169,170,171,172,173,174,176,177,178,179,180,181,182,183,184,185,186,188,190,191,192,193,195,197,198,199,200,201,202,203,204,206,208,209,210,212,221,225,228,259,276,645
8,46,50,51,52,53,54,55,56,57,58,59,60,61,62,63,64,65,66,67,68,69,70,71,72,73,74,75,76,78,79,80,81,82,83,84,85,86,89,90,91,92,93,94,95,97,98,99,100,101,102,103,104,105,106,107,108,109,110,111,112,113,114,115,116,117,118,119,120,121,122,123,124,125,126,127,128,129,130,131,132,133,134,135,136,137,138,139,140,141,142,143,144,145,146,147,148,149,150,151,152,153,154,155,156,157,158,159,160,161,162,163,164,165,166,167,168,169,170,171,172,173,174,175,176,177,178,179,180,181,182,183,184,185,186,187,188,189,190,191,192,193,194,195,196,197,198,199,200,201,202,203,204,205,206,207,208,209,210,211,212,213,214,215,216,217,218,219,220,221,222,223,224,225,226,227,228,229,230,231,232,233,234,235,236,237,238,239,240,241,242,243,244,245,246,247,248,249,250,251,252,253,254,255,257,258,259,261,262,263,266,267,268,269,270,271,272,273,275,278,279,282,284,286,287,288,290,292,293,294,295,296,302,304,305,306,308,309,322,325,327,328,330,333,334,335,344,345,358,366,369,381,415,602,606,651
9,45,46,48,49,50,51,52,53,54,55,56,57,59,60,61,62,63,64,65,66,67,68,69,70,71,72,76,77,78,80,81,82,83,84,85,86,87,88,89,90,91,92,94,95,96,97,98,99,100,101,103,104,105,106,107,108,109,110,112,113,114,115,116,118,119,120,121,122,123,124,125,126,127,128,129,130,131,132,133,134,135,137,138,139,140,141,142,143,144,145,146,148,149,150,151,152,153,154,155,156,157,158,159,160,161,162,163,164,165,166,167,168,169,170,171,172,173,174,175,176,177,178,179,180,181,182,184,185,186,187,188,189,190,192,193,194,195,196,197,198,199,200,201,202,203,204,205,206,207,208,209,211,212,213,214,215,216,217,218,220,221,222,223,224,225,226,227,228,229,230,231,232,233,234,235,236,237,238,239,240,241,242,243,244,245,246,247,248,249,250,251,252,253,254,255,256,257,258,259,260,261,262,263,264,265,267,268,269,270,271,272,274,275,276,277,278,279,280,281,282,283,284,286,287,288,289,290,291,293,295,296,297,298,299,300,303,304,305,307,308,310,312,314,315,317,318,322,323,327,331,332,333,334,336,337,340,344,346,347,348,350,353,356,357,361,362,365,367,368,372,374,378,389,392,397,427,438,469,481,534,615,672
10,27,44,47,48,49,50,51,52,53,54,55,56,59,60,61,62,64,66,68,69,70,71,72,73,74,75,76,77,78,79,80,81,82,83,84,85,86,88,89,90,91,92,93,94,95,96,98,99,100,101,102,103,104,105,106,107,108,109,110,111,112,113,115,117,118,119,120,121,123,127,129,133,134,136,137,138,139,140,142,143,144,145,146,147,148,149,150,151,152,153,154,155,156,157,159,161,162,163,164,165,166,167,168,170,172,173,174,175,178,179,180,181,182,183,184,185,186,187,188,189,190,191,192,193,194,195,196,197,198,199,200,201,202,203,204,205,206,207,208,209,211,212,213,214,215,216,217,218,219,220,221,223,224,226,227,228,229,230,231,232,233,234,237,239,241,243,244,245,246,247,250,251,252,253,254,255,256,257,258,259,261,265,266,267,268,272,275,276,278,280,284,285,289,290,296,298,299,302,304,305,306,310,311,317,318,321,322,333,337,342,343,350,352,354,356,362,364,393,403,410,423,428,433,440,590
11,26,39,44,45,46,47,48,49,50,51,54,55,56,57,58,59,60,61,62,63,64,65,66,67,68,70,71,72,73,74,75,76,77,78,79,80,81,82,83,84,85,86,88,89,90,92,93,94,96,98,100,101,102,108,110,111,112,113,114,116,117,119,120,121,122,123,125,126,127,128,132,133,134,136,142,143,144,145,146,147,148,149,150,151,152,153,154,156,157,158,159,160,161,162,163,164,165,166,168,169,170,172,173,174,176,177,179,180,181,184,186,187,189,190,191,192,193,194,196,197,198,199,200,201,202,206,207,209,210,211,213,214,215,216,217,218,220,221,223,225,227,228,229,230,231,235,237,239,240,241,244,245,246,248,249,250,252,254,259,262,264,265,267,269,270,271,273,274,276,279,285,287,288,289,297,300,302,316,337,351,354,462,576,602
12,37,39,41,42,43,44,45,47,48,49,50,51,52,53,54,55,56,57,58,59,60,61,62,64,65,66,69,70,71,72,78,79,80,83,85,86,87,90,91,93,95,96,98,99,100,101,103,104,105,106,107,108,111,112,114,117,118,119,120,121,122,123,124,126,127,128,131,132,133,136,137,138,139,140,141,144,146,147,150,152,153,155,156,159,160,161,162,164,165,166,167,169,170,172,173,174,176,177,179,180,181,182,183,184,186,188,191,192,197,199,200,201,202,203,204,206,207,221,222,224,226,228,231,232,236,237,240,247,254,257,273,275,277,280,283,285,286,288,317,323,325,332,351,382,522,581,648,669,679
13,36,37,40,44,45,46,47,48,49,52,53,54,56,57,58,59,60,61,62,63,65,66,67,68,70,71,72,74,75,76,77,78,81,82,85,88,91,94,95,97,100,102,103,106,107,108,110,113,117,120,125,133,134,136,137,138,140,141,144,145,146,147,149,150,151,153,157,158,162,166,167,168,169,170,173,174,175,178,179,182,183,189,192,196,197,198,200,201,203,205,206,208,209,210,212,215,222,231,232,237,240,246,250,252,253,255,256,259,267,272,295,299,306,314,325,346,504,608,672
14,44,45,47,48,49,51,52,53,54,55,56,57,58,60,61,62,63,64,65,66,67,68,69,70,71,72,73,74,75,76,77,78,80,83,84,86,87,92,94,97,100,101,103,107,109,110,111,113,114,115,116,118,119,120,123,125,131,134,136,137,140,141,142,143,144,145,146,147,149,150,151,152,153,154,155,156,157,158,160,161,162,163,164,165,166,169,172,174,175,176,177,178,179,180,181,182,183,184,185,186,187,189,190,192,193,194,196,197,199,200,202,205,206,207,208,210,212,214,217,222,224,225,227,233,234,235,243,244,246,250,251,252,257,259,267,279,292,293,295,298,324,335,407,471,518,537
15,12,42,43,44,47,48,49,50,51,52,54,55,56,57,58,60,61,62,63,64,66,67,68,69,70,71,72,73,74,75,76,77,79,80,81,82,83,84,85,86,87,88,90,91,92,93,94,95,96,97,98,99,101,102,103,104,105,106,107,110,111,112,113,114,115,116,117,118,119,120,121,122,125,130,132,136,137,138,142,143,144,146,147,148,149,150,151,152,153,154,155,156,157,159,160,161,162,163,164,165,166,167,169,171,173,174,175,176,177,178,180,182,183,187,188,189,190,191,192,193,194,195,196,197,198,199,200,201,202,203,204,206,209,211,212,213,214,215,217,219,220,221,222,224,226,227,228,229,230,232,233,234,235,236,239,240,244,246,247,248,249,253,254,256,258,260,264,267,270,272,274,275,278,280,286,291,293,297,299,301,304,308,318,324,326,339,351,535
16,42,44,50,56,61,62,63,64,65,66,67,68,69,70,71,72,73,75,76,77,78,80,81,82,83,84,85,86,87,88,89,90,91,92,93,94,95,96,98,99,100,101,103,104,105,107,109,112,113,115,116,117,118,119,124,125,131,136,137,140,141,142,144,147,149,150,151,152,153,155,156,157,158,159,160,161,162,164,165,166,167,168,169,170,171,172,173,174,175,176,177,178,179,180,181,182,184,185,186,187,188,189,190,191,192,193,194,195,196,197,198,200,202,203,204,205,206,207,209,211,212,213,214,215,216,217,218,219,220,222,223,224,226,227,228,230,231,232,233,237,239,241,242,245,246,247,249,250,251,252,253,254,255,256,257,258,259,260,261,266,267,268,269,271,272,273,274,277,278,279,280,282,283,284,285,289,290,293,294,296,298,300,303,304,307,308,312,322,324,325,333,334,346,350,354,362,366,387,399,651
17,4,35,50,59,60,61,62,63,64,65,66,67,68,69,70,71,72,73,74,75,76,78,79,80,81,82,83,84,85,86,88,89,90,91,92,94,96,97,98,100,101,102,103,104,105,106,107,108,110,111,112,113,114,115,116,117,118,119,122,123,125,126,127,128,135,139,141,142,144,148,149,150,151,152,153,155,156,157,158,159,160,162,163,164,165,166,167,168,169,170,171,172,173,174,175,176,177,178,179,180,181,182,183,184,185,186,187,188,189,191,192,193,194,196,197,198,199,200,202,203,206,207,208,209,210,211,212,213,216,217,218,219,220,223,224,225,227,228,229,230,231,233,235,237,238,239,241,243,244,245,246,247,248,251,255,256,257,260,263,265,266,267,268,270,271,272,273,275,278,279,280,283,284,285,286,287,288,289,291,292,293,294,295,297,298,300,301,302,303,305,306,309,310,311,312,314,318,323,326,328,329,330,332,334,335,337,338,343,350,358,380,384,394,398,418,480,512,590,639
18,49,52,54,56,57,58,59,60,61,62,63,64,65,67,68,70,71,72,73,75,76,77,78,79,80,81,82,85,87,88,89,90,91,92,93,94,95,96,98,99,100,101,102,103,104,105,106,107,108,109,111,112,113,115,116,117,120,121,122,126,127,128,129,130,131,133,134,136,140,142,147,148,152,153,154,155,156,157,158,159,160,161,162,163,165,167,169,170,171,172,173,175,176,177,178,180,183,184,185,186,188,189,190,191,192,193,195,200,201,203,204,205,206,207,208,209,210,211,212,214,215,216,217,218,219,220,221,222,223,224,226,227,230,231,232,233,234,235,237,238,239,241,242,243,244,245,247,248,249,250,251,252,253,254,255,256,257,258,259,260,265,266,268,270,271,273,274,275,277,278,279,280,281,283,285,286,288,290,293,294,299,308,310,311,312,313,315,316,319,320,323,329,331,332,341,344,346,350,356,357,363,366,377,399,400,418,442,481,694
19,3,54,55,56,58,60,62,63,64,66,67,68,69,70,71,72,75,76,77,79,80,81,82,84,85,86,87,88,89,90,91,94,95,96,97,99,100,101,103,104,105,108,110,114,116,117,120,122,124,125,126,129,130,131,133,136,137,139,141,142,145,146,147,149,150,152,153,154,155,156,159,161,162,164,165,167,168,169,170,171,173,174,175,176,177,178,179,180,181,182,183,184,186,187,188,190,191,192,193,195,196,197,198,199,200,201,203,204,205,207,208,209,210,211,213,215,216,217,218,222,223,227,228,230,231,233,235,239,240,243,244,245,246,248,249,253,254,257,258,259,260,262,263,264,265,267,268,270,273,275,276,277,278,279,280,281,282,283,284,286,287,290,291,292,296,297,298,300,301,302,303,305,306,307,308,310,311,313,314,316,317,320,321,326,328,329,331,336,337,338,345,350,354,355,356,357,358,362,363,364,366,373,375,377,384,385,404,407,409,431,499,524,530,689
20,27,45,50,55,57,59,60,61,62,63,64,65,66,67,68,69,70,71,72,73,74,75,76,78,79,82,83,84,86,87,88,89,90,92,93,94,97,98,99,100,101,103,105,106,108,109,110,111,112,113,114,115,116,117,118,119,120,123,125,127,129,130,131,134,135,136,138,142,144,145,146,148,149,150,151,152,153,154,155,156,157,158,159,160,162,163,165,166,167,169,170,171,172,173,174,175,177,178,179,180,181,182,185,187,188,189,190,192,193,194,195,196,197,198,199,200,201,202,203,204,206,207,208,210,211,212,214,215,217,218,219,220,221,223,225,226,227,228,229,231,232,233,235,236,237,239,240,242,243,244,245,246,247,248,253,254,256,258,259,260,262,263,264,265,266,267,271,272,275,277,278,280,281,282,285,286,287,288,289,291,297,298,302,307,310,320,322,325,327,328,341,342,346,364,367,373,378,384,395,398,401,411,421,465,484,571
21,48,50,53,55,56,57,58,59,60,61,62,63,64,65,66,67,68,69,70,71,74,75,76,77,78,81,86,87,88,90,91,93,94,95,96,97,98,99,100,101,102,103,104,106,107,109,110,111,113,114,115,116,117,118,121,124,126,127,128,129,131,132,133,139,140,143,144,145,146,147,149,151,152,153,155,157,158,160,162,164,165,166,167,168,170,171,172,173,174,176,178,182,183,184,186,187,188,189,190,191,193,194,197,199,200,203,205,206,208,209,213,214,215,216,217,223,224,225,228,231,232,238,240,243,245,246,253,255,258,259,262,263,265,266,267,268,269,270,272,274,276,279,280,281,282,283,284,286,287,288,291,295,297,298,304,306,310,312,315,317,324,325,329,332,333,338,341,342,344,345,348,355,358,364,365,372,374,377,378,379,381,385,391,393,395,401,410,412,430,442,456,576
22,50,52,53,54,55,56,57,59,60,61,62,63,64,65,66,67,69,70,72,73,74,75,76,77,78,79,81,82,83,84,85,86,87,88,89,90,91,92,93,94,96,98,99,100,101,102,103,104,107,110,111,113,114,115,116,117,119,123,124,125,126,133,144,145,147,148,149,150,151,152,153,155,156,158,159,160,161,162,163,164,165,168,171,172,173,176,178,179,180,181,182,184,185,186,190,191,193,194,195,196,197,198,201,203,204,206,207,208,209,211,212,213,214,216,217,218,219,220,221,222,226,227,229,231,232,234,237,238,239,242,244,245,246,247,250,253,254,258,259,260,262,265,268,272,273,275,277,284,285,286,290,292,294,298,302,313,315,318,320,324,326,327,329,332,339,344,346,352,353,362,372,376,381,384,393,397,399,408,418,426,428,432,433,442,459,497,547
23,56,57,59,61,63,64,65,66,68,70,71,72,73,74,75,76,77,78,79,80,81,82,83,84,85,86,87,88,89,90,91,93,95,96,97,99,100,101,102,103,104,105,106,107,108,109,110,111,112,115,118,119,124,125,126,127,131,134,136,139,143,145,148,149,150,153,154,157,158,159,160,164,165,166,167,168,169,170,172,173,175,176,177,178,179,180,183,184,185,187,188,189,190,191,192,193,194,195,196,197,198,199,201,202,203,204,205,206,207,208,210,212,213,216,217,221,223,226,227,228,231,232,233,234,235,238,239,241,243,244,250,252,255,257,258,260,263,264,265,268,271,272,273,274,275,277,278,279,280,290,291,293,294,299,300,312,316,321,327,329,341,348,350,353,356,384,422,426,437,445,452,468,505,676
24,57,58,61,63,64,65,66,67,70,71,72,73,74,75,76,77,78,80,81,83,84,85,86,87,88,89,90,91,94,95,97,99,101,107,109,110,115,116,117,118,119,120,121,122,123,124,125,127,131,133,134,140,141,146,150,151,152,153,154,155,157,158,159,160,161,163,164,165,167,168,170,172,174,176,177,178,180,181,182,184,186,188,191,192,193,195,196,197,198,199,200,202,205,206,207,208,209,211,212,213,214,215,216,218,219,220,221,222,223,225,226,227,229,230,235,236,237,242,243,246,249,251,252,255,256,264,269,273,279,280,281,284,285,286,299,302,306,309,315,320,323,351,353,361,363,374,419,432,466,496,500,548,630
25,52,54,57,58,59,60,61,63,64,65,66,67,68,69,70,71,72,73,74,75,77,78,80,81,82,83,84,86,87,90,91,92,93,94,95,96,97,98,99,100,101,102,103,104,105,107,109,110,112,113,115,116,117,118,123,124,126,131,133,135,139,144,145,147,148,152,154,155,156,159,160,161,162,163,164,167,170,171,174,175,177,178,180,184,185,186,187,189,190,191,192,193,195,196,197,198,199,201,204,205,208,210,219,222,227,229,235,237,238,241,242,244,245,247,249,250,251,253,257,259,262,265,268,270,271,278,279,281,282,283,285,286,287,290,294,295,296,298,303,305,306,311,320,321,323,339,341,343,347,368,383,387,413,427,431,433,441,454,463,690
26,19,55,57,59,60,61,62,63,64,65,66,67,69,70,72,73,74,75,76,77,78,79,80,81,82,83,84,85,87,88,89,90,91,92,94,95,96,97,98,99,101,103,104,107,108,110,111,113,114,116,117,118,119,124,128,130,132,146,148,150,152,153,155,157,158,159,160,161,162,163,165,167,169,170,174,178,179,182,184,185,186,187,188,189,191,192,194,195,196,197,199,200,202,203,204,206,208,209,211,212,213,214,215,216,220,222,223,224,226,228,229,231,233,234,235,237,242,243,244,248,249,252,254,259,260,261,262,265,269,270,274,275,281,284,287,289,290,293,294,303,306,307,310,312,317,323,327,345,348,362,365,367,369,371,394,438,440,446,466,489
27,53,54,55,57,58,59,62,64,65,66,67,68,69,70,71,72,73,74,75,76,77,78,79,80,81,82,83,84,86,87,88,89,90,91,94,95,96,97,98,99,100,101,102,103,104,107,108,110,112,114,119,123,124,125,127,131,134,144,145,147,152,153,156,158,159,161,163,165,166,171,173,174,176,177,179,180,181,182,187,188,190,192,193,194,196,197,199,201,202,205,206,207,210,214,215,216,219,222,224,228,233,234,236,239,240,244,245,246,247,249,250,251,253,257,260,261,270,271,273,274,279,281,292,294,297,299,300,303,308,309,310,311,313,315,317,320,349,357,382,461,582
28,45,48,54,56,57,59,62,63,64,65,66,67,68,69,70,71,72,73,74,75,76,77,78,79,80,81,82,84,86,87,90,91,94,95,96,97,104,105,106,109,111,112,113,114,115,116,118,121,123,124,125,126,127,134,138,139,144,146,149,152,153,154,155,156,157,159,161,164,165,166,167,169,174,175,178,179,180,182,184,185,186,187,188,189,190,191,192,193,196,198,199,201,208,209,211,212,213,215,217,218,227,229,233,235,239,243,246,251,258,260,264,270,272,273,278,288,290,295,299,308,310,312,321,324,330,336,349,350,357,359,365,376,402,406,447,460,477,499,512,573
29,47,52,53,54,55,57,59,60,61,62,63,64,65,66,67,68,69,72,76,77,78,79,80,81,82,83,84,86,87,88,92,93,94,95,96,97,99,102,103,104,106,107,108,109,110,111,112,113,114,115,117,118,119,121,122,124,126,128,133,134,135,137,140,141,142,151,152,153,154,155,159,160,162,163,164,165,166,167,168,172,175,176,183,187,194,195,197,198,199,203,204,211,212,214,215,219,222,225,228,230,232,234,236,242,245,250,253,254,255,257,258,261,263,264,266,267,268,269,275,276,277,281,285,286,291,304,306,317,319,322,339,345,348,379,526,528,550,595
30,46,54,55,57,58,60,63,64,66,67,69,70,73,74,75,76,77,78,79,80,82,84,85,88,89,90,91,92,93,94,95,96,98,99,100,101,102,103,104,105,107,108,111,112,113,118,120,122,124,127,128,129,130,133,134,141,142,144,145,147,148,149,150,151,153,154,155,156,157,159,160,161,170,171,172,174,176,181,182,183,184,186,190,191,192,193,194,197,201,202,204,206,209,210,211,212,213,214,215,217,218,220,228,232,235,238,243,244,246,247,250,251,252,254,257,258,262,263,264,265,269,271,274,277,279,281,282,283,295,296,297,299,302,305,308,311,312,313,322,323,324,325,327,357,363,387,428,447,489,501,527,537
31,46,56,58,60,63,64,65,66,67,68,69,70,71,73,74,75,76,79,80,81,82,83,84,85,86,87,88,89,90,91,92,93,94,96,99,102,104,106,107,109,111,119,121,122,123,124,125,126,128,131,135,139,141,143,146,149,150,151,158,159,160,162,164,168,169,170,173,174,175,177,178,184,185,186,188,189,192,193,194,199,200,202,205,206,208,211,212,213,215,216,217,223,229,231,232,235,236,237,238,239,241,248,251,252,253,255,256,258,259,260,263,264,266,270,271,275,277,283,288,295,300,303,304,318,321,323,327,329,339,342,355,381,444,483
32,54,55,56,60,61,63,65,66,67,69,70,71,74,75,76,77,78,79,80,81,82,83,84,85,86,87,89,91,92,93,96,98,99,101,104,107,108,110,111,112,113,114,116,117,119,120,121,122,123,126,129,132,134,137,140,142,147,148,151,152,155,161,162,163,164,168,169,172,174,178,181,182,184,185,186,189,191,193,194,195,197,200,201,202,206,208,213,217,219,220,223,225,229,243,244,251,252,253,260,262,263,267,271,280,285,296,307,310,317,322,327,335,343,345,384,393,394,477,483
33,50,52,56,57,58,59,60,61,62,66,67,68,70,71,73,75,76,77,80,81,82,83,87,88,89,90,91,92,93,94,95,96,97,98,101,102,104,105,106,107,110,112,113,115,116,117,119,120,121,122,124,127,128,129,130,131,138,143,145,146,147,148,151,156,157,158,163,164,166,167,168,170,172,173,179,182,190,193,194,195,202,206,208,212,214,216,219,221,225,226,231,232,235,251,258,261,269,270,274,284,290,294,299,311,316,321,340,342,343,354,358,387,393,403,433,462,464,479,487,590,675
34,43,53,55,56,58,59,60,61,65,66,67,69,70,72,73,74,76,78,79,82,84,85,87,88,89,90,91,94,95,97,98,100,103,104,105,106,107,108,109,110,112,115,116,117,118,119,121,122,123,125,127,130,132,142,145,148,154,156,157,160,163,167,168,170,172,174,176,177,180,181,183,184,186,187,188,192,193,195,196,197,201,202,203,205,206,210,212,216,223,224,226,227,228,232,233,234,236,240,245,251,266,270,281,289,293,295,296,301,302,304,318,320,345,350,355,374,387,393,660
35,53,54,56,60,62,63,64,66,67,68,70,71,72,73,74,75,76,77,79,80,82,85,86,87,88,92,93,94,95,96,98,103,104,105,107,110,113,115,116,118,121,122,125,129,132,134,143,148,149,150,152,153,154,157,159,161,163,164,167,169,171,172,175,176,177,178,179,181,188,189,190,195,197,198,199,200,202,204,212,213,215,219,222,224,228,229,230,231,232,234,241,246,251,252,253,258,263,265,270,277,280,286,293,297,303,312,324,334,387
36,6,26,29,58,59,61,62,65,67,69,70,71,72,73,74,75,76,77,78,79,80,82,84,85,86,87,89,90,92,93,96,104,105,106,107,111,112,115,119,120,121,122,123,125,126,132,133,134,140,143,145,146,151,153,155,159,160,161,162,164,166,167,168,169,172,174,176,177,178,180,182,184,185,188,189,191,193,194,195,196,197,200,203,213,219,223,225,227,228,238,240,244,246,249,251,253,269,277,279,303,305,313,323,341,373,376,379,386,419,439,440,492
37,53,56,59,62,63,64,66,67,68,70,71,72,73,78,80,84,85,86,87,88,89,90,91,92,93,94,95,96,97,101,102,103,104,108,112,113,117,121,123,124,127,128,129,137,144,145,150,154,155,157,159,160,162,163,164,167,172,173,176,183,184,186,187,190,197,201,203,204,205,207,208,210,211,212,219,221,229,239,240,242,245,247,251,253,258,259,268,269,277,287,289,299,325,331,340,349,358,507,604
38,50,51,55,58,60,61,62,63,64,68,70,71,74,75,76,77,78,79,82,84,85,86,87,88,91,92,93,94,96,97,98,99,100,103,104,105,107,108,109,110,112,113,115,116,117,118,120,122,123,124,125,127,129,134,147,148,156,166,168,171,173,174,175,177,181,182,188,189,190,192,195,207,210,213,217,219,221,222,224,226,228,229,232,235,241,247,250,252,254,258,267,272,273,277,284,285,289,293,297,312,313,327,339,535,598
39,26,52,58,63,64,65,66,67,68,70,71,72,73,74,76,77,78,80,81,82,83,84,85,86,87,88,89,90,91,92,93,94,96,99,102,104,107,110,114,115,118,119,122,125,126,133,144,146,148,153,155,157,159,161,162,163,164,166,167,169,171,173,175,178,179,181,182,183,184,186,188,190,191,206,207,208,209,210,218,221,222,228,230,232,237,246,250,251,254,265,268,274,275,279,291,293,308,337,453,458
40,55,59,60,62,63,64,65,67,68,69,70,71,72,73,74,75,76,77,78,79,80,81,82,84,85,88,89,91,92,96,97,98,99,101,104,105,107,108,109,110,111,112,113,114,115,116,117,118,119,120,122,123,125,128,134,135,137,138,139,145,146,151,154,155,157,158,160,163,164,165,167,168,169,171,172,173,175,177,178,179,181,182,184,185,188,189,191,195,196,197,199,200,208,209,212,222,249,256,270,277,278,279,280,288,304,307,316,318,325,345,349,356,357,360,452,476,506,614
41,52,55,58,60,61,63,64,65,66,67,68,69,70,71,72,73,74,75,76,77,78,79,80,81,82,83,84,85,86,87,90,91,92,93,95,97,98,99,101,102,103,104,106,107,109,110,111,113,115,117,118,119,120,121,122,123,124,127,129,131,132,133,137,144,149,150,156,161,164,166,167,168,170,171,173,175,179,201,203,205,206,207,211,212,213,214,216,219,224,229,234,235,238,240,241,243,244,250,255,256,260,263,264,267,271,276,284,288,296,301,309,343,359,495,539,653
42,13,57,59,60,61,65,67,69,70,72,73,75,76,77,78,79,80,81,82,83,84,85,86,87,88,89,90,91,92,93,94,95,96,98,99,100,101,102,103,104,105,107,108,109,110,111,115,116,119,120,121,122,123,124,125,126,127,128,129,132,136,137,141,147,149,158,159,160,165,167,168,171,172,173,177,178,180,182,183,186,193,194,195,196,197,199,202,207,208,209,210,211,212,213,217,219,222,223,226,232,234,236,238,239,241,246,247,250,254,255,261,264,265,266,270,272,273,277,280,281,283,287,294,305,307,317,344,365,387,392,515,528,549,606,619,664
43,21,27,55,56,58,61,62,63,64,65,66,67,68,69,70,72,73,75,76,77,78,79,80,81,82,83,84,85,87,88,89,90,91,92,93,94,95,96,98,99,100,101,102,103,105,106,107,108,109,110,111,112,113,115,116,117,118,119,120,121,122,123,124,125,128,130,131,133,135,137,139,142,146,148,153,155,157,158,159,163,164,165,166,168,170,171,172,173,177,178,180,184,186,188,189,191,197,198,200,203,204,207,208,209,213,217,218,219,220,223,225,227,228,231,232,236,239,244,250,251,252,257,259,260,269,271,272,274,281,282,289,292,293,297,332,350,364,414,441,483,519,583,650
44,48,52,56,57,58,61,62,63,64,65,68,69,71,72,73,75,76,77,78,79,80,81,82,83,84,85,86,87,88,89,90,92,94,95,96,97,99,100,101,102,108,109,111,112,113,115,119,120,121,122,123,124,125,126,127,128,129,131,134,136,138,139,147,148,151,155,158,161,162,164,165,170,171,174,176,177,178,180,181,182,184,185,191,192,194,195,198,199,206,211,212,213,216,218,219,221,223,224,233,235,242,244,250,262,265,275,322,338,358,374,384,450,586,684
45,14,35,54,57,58,61,62,63,64,65,66,67,68,69,70,71,72,73,74,77,78,79,80,81,83,84,85,86,88,89,90,91,92,94,95,96,97,99,100,101,102,103,104,105,107,108,110,111,113,114,115,116,118,119,121,122,123,124,125,127,128,129,130,133,134,137,138,139,141,142,149,150,151,157,161,165,166,167,168,172,174,175,176,179,185,188,189,190,191,192,193,195,196,197,198,199,201,202,205,206,215,221,222,234,236,240,242,247,252,254,257,258,261,275,280,294,297,302,313,316,323,331,338,340,353,401,405,486,587,649
46,2,48,54,55,56,59,60,61,62,64,65,68,69,70,71,72,73,75,76,78,79,80,82,83,86,88,89,90,92,93,95,96,99,100,101,103,104,105,106,107,109,111,112,113,114,116,117,118,120,121,124,125,126,127,129,130,132,133,134,137,139,141,142,147,148,152,156,158,159,160,162,163,164,166,167,169,170,177,180,182,187,189,190,191,194,195,199,200,202,205,207,208,213,214,217,219,221,222,231,232,235,241,243,248,250,253,256,258,260,262,265,266,267,273,286,301,304,307,316,320,330,350,695
47,59,64,65,66,67,70,75,77,78,79,80,82,83,84,85,86,88,89,90,91,92,93,94,95,96,97,98,99,100,101,102,103,104,105,106,108,109,110,111,114,115,116,117,118,121,124,125,126,127,128,129,130,131,140,143,144,154,155,156,160,163,170,173,174,175,176,179,180,181,183,185,186,188,189,190,193,198,203,204,206,209,210,213,215,219,222,223,224,227,231,233,234,245,249,257,265,276,286,290,295,296,309,311,315,316,323,327,345,352,366,438
48,55,57,64,66,69,72,73,74,75,76,77,78,81,83,85,86,87,88,93,94,95,96,97,98,100,104,106,107,112,113,115,116,117,122,125,129,133,135,139,152,155,156,168,170,171,173,177,179,180,181,184,187,188,189,190,193,194,197,199,200,201,205,206,208,210,212,213,215,217,218,221,222,224,225,226,230,234,235,236,237,239,240,242,245,253,254,258,261,262,275,279,282,288,294,306,398,692
49,62,66,69,70,72,76,77,78,79,80,82,84,86,87,89,90,91,92,93,94,96,98,100,101,102,104,105,107,108,110,118,120,121,125,127,130,134,135,139,148,149,151,156,159,161,165,167,169,176,180,181,184,186,188,190,191,198,208,210,212,222,225,226,233,235,252,263,267,282,286,303,312,320,334,362,445,569
50,50,59,62,65,66,67,68,70,74,78,79,81,82,84,85,86,89,91,93,97,101,105,107,108,113,114,115,122,124,125,129,130,131,134,137,140,150,166,168,172,173,178,181,187,189,195,199,200,204,206,209,217,223,225,228,265,280,303,306,330,362,371,375,670
51,58,60,61,63,72,73,76,77,80,88,93,97,99,100,103,104,108,109,117,118,127,129,130,131,135,136,149,155,156,172,176,189,212,213,228,244,269,275,314,603
52,22,53,71,78,82,84,86,87,88,92,93,94,100,101,109,111,114,119,120,123,126,130,146,156,163,170,179,182,200,210,218,225,228,235,236,249,326,350,458
53,72,86,99,107,114,117,118,119,150,167,199,380
54,50,102,111,118,131,145,193,470
55,315,616
56,462
57,143,360,486,616,699
58,208,310,445,552,645
59,419,440,671
60,424,631
61,297,563,596,646
62,345,410,512,526,554,573,609
63,20,327,370,472
64,615,617,635,676
65,298,424,468
66,6,365,409,444,469,488,614
67,37,40,428,573
68,24,27,124,136,184,222,238,556,609,685
69,63,534
70,17,664
71,
72,
73,
74,
75,
76,
77,
78,
79,
80,
81,
82,
83,
84,
85,
86,
87,
88,
89,
90,
91,
92,
93,
94,
95,
96,
97,
98,
