17
0,272
1,54,56,355,407,597,646,651
2,39,56,61,74,202,284,309,336,478,486,667
3,37,41,43,50,51,52,53,54,56,59,60,62,63,65,67,69,70,73,77,79,80,90,334,490,597,667
4,35,37,38,40,41,42,43,44,45,46,47,48,49,50,51,52,53,55,56,57,60,64,67,68,69,70,71,72,73,74,75,78,79,80,81,82,84,85,86,88,89,90,92,95,97,98,99,100,101,103,105,106,107,111,112,113,114,118,123,172,229,282,299,300,623,636,689
5,35,38,41,42,44,46,47,48,49,50,51,52,53,55,56,57,58,59,61,62,63,64,65,66,67,68,70,72,73,74,75,78,80,81,82,84,85,87,88,89,93,95,107,108,109,110,112,125,126,127,133,134,135,139,140,144,148,150,151,156,158,165,166,169,171,183,193,205,215,262,307
6,30,31,32,33,34,35,36,37,38,39,40,41,42,44,45,46,47,48,49,50,51,52,53,55,56,57,60,61,62,63,64,66,67,69,70,72,73,74,75,76,78,81,82,84,86,87,88,89,91,92,93,94,96,100,104,108,109,110,112,116,121,122,126,128,132,134,135,147,148,152,154,178,190,197,443,535,619,631,686
7,9,26,33,35,38,39,40,41,43,46,47,48,49,50,52,53,54,56,57,58,59,60,61,62,63,64,65,66,67,68,70,71,72,74,75,77,79,80,81,84,85,91,93,98,103,104,107,108,109,111,117,118,119,123,124,125,126,128,130,131,140,144,150,151,155,160,161,174,188,197,370,575,589,647,696
8,29,30,31,32,33,34,35,36,37,38,40,41,43,44,45,47,48,49,50,51,52,53,54,56,58,60,61,62,63,67,68,69,71,73,74,76,77,79,80,81,82,83,84,87,89,90,93,94,95,97,98,101,102,103,104,105,107,108,110,111,115,116,117,118,119,120,121,123,127,129,131,133,138,140,152,160,203,236,239,251,568
9,20,29,30,32,35,36,37,38,39,40,42,43,44,45,47,48,49,50,51,52,53,54,55,56,57,58,59,60,61,62,63,64,65,66,67,68,69,71,74,75,79,83,84,85,87,89,90,91,92,95,96,100,101,102,105,108,109,110,111,113,121,123,124,126,128,129,130,131,133,134,135,138,139,141,145,154,158,160,161,168,171,203,207,260,586
10,28,33,34,36,37,38,39,40,41,42,43,44,45,46,47,48,49,50,51,52,54,57,59,60,61,68,69,71,72,74,76,77,78,79,80,81,82,83,84,86,87,88,89,90,91,92,93,95,96,97,98,101,102,104,105,106,111,112,113,115,116,117,118,119,120,124,125,138,142,149,155,159,167,187,210,283,302,304,353,508,526,593
11,32,34,36,37,38,39,40,41,43,44,45,46,47,48,49,50,51,52,53,55,56,60,61,62,63,65,67,69,70,71,74,75,79,80,83,85,86,88,90,91,92,93,94,95,98,99,100,103,104,107,108,112,114,117,118,120,122,123,124,126,130,132,133,134,135,138,140,142,143,145,148,149,154,158,159,161,168,175,177,186,189,196,197,258,364,404
12,27,30,31,32,34,35,37,38,39,40,41,42,43,46,48,49,50,51,52,53,54,55,56,57,58,59,61,63,64,65,67,69,71,72,73,74,76,77,78,79,80,83,84,85,87,88,89,92,93,95,99,100,101,106,107,112,116,119,128,129,130,133,134,136,142,145,147,177,185,194,225,231,243,245,508,570
13,29,32,34,36,37,39,40,41,42,43,44,45,46,47,48,49,50,51,52,53,55,56,57,58,60,61,62,63,64,65,69,70,74,76,77,78,79,80,82,86,87,89,91,92,94,96,97,99,108,109,113,115,116,117,118,120,122,124,126,128,130,131,133,137,139,140,142,143,144,147,149,157,159,188,202,208,229
14,30,35,39,40,43,45,47,48,49,50,51,52,54,55,58,59,60,61,62,63,64,65,66,67,68,69,70,71,72,73,75,76,77,78,79,80,81,82,83,84,85,87,89,90,94,96,99,105,106,113,115,119,120,129,132,134,135,136,138,143,147,151,153,154,171,190,221,378,404,450,621
15,36,40,42,44,45,46,48,49,50,51,52,53,54,55,56,57,58,59,60,61,62,63,64,65,67,68,69,70,71,72,74,77,78,79,80,88,89,90,91,92,93,94,97,98,99,100,102,103,105,107,109,110,112,113,114,116,117,118,120,121,122,127,128,129,131,135,137,138,139,140,143,147,149,154,162,163,165,167,169,170,189,190,264,454,486,631,651,669
16,5,7,46,47,48,49,50,52,53,54,55,56,57,58,59,60,61,62,63,64,65,66,67,68,69,70,71,72,73,74,75,76,78,79,80,81,83,84,85,86,87,88,89,90,91,92,93,94,95,97,102,103,105,107,108,110,111,116,125,127,138,139,148,150,152,157,162,164,165,187,209,215,238,252,265,291,553,627
17,43,45,48,50,51,52,53,54,55,56,57,58,59,60,61,62,63,64,65,67,68,69,70,71,72,74,75,76,77,78,80,82,83,84,85,86,87,89,90,91,92,93,94,95,96,97,98,99,100,102,103,104,105,107,108,109,111,113,114,115,117,120,121,122,123,124,125,127,129,131,132,133,134,136,137,138,140,142,143,144,145,147,148,149,151,153,156,157,161,162,164,165,169,170,175,183,198,212,241,272,291,489,536,569
18,48,51,52,54,56,57,58,60,61,62,63,64,65,66,67,68,69,70,71,72,73,74,75,76,77,78,79,80,81,82,83,84,85,86,87,88,89,90,91,92,93,94,95,96,97,98,99,100,101,102,103,104,105,106,107,108,110,111,112,113,114,115,117,119,122,123,124,125,126,129,133,134,135,138,139,142,146,147,148,149,150,151,153,154,155,157,162,166,168,171,172,173,174,175,176,178,179,182,187,189,194,197,201,202,205,206,210,212,216,224,230,254,263,265,305,311,342,345,551,560,679
19,33,45,48,54,55,56,57,58,59,60,61,62,63,64,65,66,67,68,69,70,71,72,73,74,75,76,77,78,79,80,81,82,83,84,85,86,87,88,89,90,91,92,93,94,96,97,98,99,101,103,104,105,106,107,108,109,111,112,113,114,115,116,117,118,120,121,122,123,124,125,126,127,128,129,130,131,132,133,134,135,137,139,140,141,142,143,144,145,146,147,148,149,150,151,152,154,155,156,157,158,159,160,161,162,163,164,165,166,167,168,169,170,171,173,174,175,177,178,179,180,181,182,183,184,185,187,188,189,191,192,195,199,200,201,204,205,206,207,208,209,210,211,215,218,223,228,229,230,236,252,255,257,259,260,267,269,273,275,276,306,521,565,578,634
20,53,54,55,58,59,60,61,62,63,64,65,66,67,68,69,70,71,72,73,74,75,77,78,79,80,81,82,83,84,85,86,87,88,89,90,91,92,93,94,95,96,97,98,99,100,101,102,103,104,105,106,107,108,109,110,111,112,113,114,115,116,117,118,119,120,121,122,123,124,125,126,127,128,129,130,131,132,133,134,135,136,137,138,139,140,142,143,144,145,146,148,149,150,151,153,154,155,156,157,158,159,160,161,162,163,164,165,166,167,168,170,172,173,174,178,180,181,182,183,184,185,186,187,190,191,193,194,195,196,197,198,199,200,202,206,208,209,210,211,214,215,217,218,219,220,221,223,224,226,228,232,235,236,239,240,242,243,246,247,250,251,254,256,262,263,266,275,319
21,54,56,59,60,61,63,64,65,66,68,69,70,71,72,73,74,75,76,77,78,79,80,81,82,83,84,85,86,87,88,89,90,91,92,93,94,95,96,97,98,99,100,101,102,103,104,105,106,107,108,109,110,111,112,113,114,115,116,117,118,119,120,121,122,123,124,125,126,128,130,131,132,133,134,135,136,137,138,139,140,142,143,146,147,148,149,150,152,153,154,155,157,158,159,160,161,162,163,164,165,166,167,168,169,170,171,172,173,174,175,176,177,178,179,180,181,182,183,184,185,186,187,188,189,190,191,192,194,197,198,199,200,201,203,204,205,206,207,208,210,211,212,213,214,215,217,219,220,221,222,224,225,226,228,230,235,239,240,243,245,247,248,251,253,254,256,258,261,263,265,273,274,276,280,285,303,305,311,566,679
22,56,57,62,63,64,65,66,67,68,69,70,71,72,73,74,75,76,77,78,79,80,81,82,83,84,85,86,87,88,89,90,91,92,93,94,95,96,97,98,100,101,102,103,104,105,106,107,108,109,110,111,113,114,115,116,118,119,120,121,122,123,124,125,126,127,128,129,130,131,132,133,134,135,136,137,138,139,140,141,142,143,144,145,146,147,148,149,150,151,152,153,155,156,157,158,159,160,161,162,163,164,165,166,167,168,169,170,171,172,173,174,175,176,177,178,179,180,181,182,183,184,185,186,187,189,190,191,192,193,194,195,196,197,198,200,201,202,203,204,206,208,209,210,212,214,215,217,218,219,221,226,227,229,230,231,232,233,234,235,240,242,244,245,246,248,249,255,256,258,259,272,282,304,345,354,424,432,445,466,511,537,551
23,56,61,62,63,64,65,67,68,69,70,71,72,73,74,75,76,77,78,80,81,82,83,84,85,86,87,88,89,90,92,94,95,96,97,98,99,100,101,102,103,104,105,106,107,108,109,110,112,113,114,115,116,117,118,119,120,121,122,123,124,125,126,127,128,129,130,131,132,133,134,135,136,137,138,139,140,141,142,144,146,147,148,149,150,151,152,153,154,155,156,158,159,160,161,162,163,164,165,166,167,168,170,171,172,173,174,175,176,177,178,179,180,181,182,184,185,186,187,188,189,190,192,193,194,195,196,197,198,199,200,201,202,203,204,205,206,209,211,214,216,218,219,221,222,223,225,228,230,235,238,242,243,249,250,251,252,255,256,258,262,263,265,268,269,271,273,281,284,285,290,302,304,309,321,334,335,348,363,405,452,464,475,482,504
24,57,61,62,65,66,69,70,71,73,74,76,77,78,79,80,81,82,83,84,85,86,87,88,89,91,92,93,94,95,96,97,98,99,100,101,102,103,104,105,106,107,108,109,111,112,113,114,115,116,117,118,119,120,121,122,123,124,125,126,127,128,129,130,131,132,133,134,135,136,137,138,139,141,142,143,144,145,146,147,148,149,150,151,152,153,154,155,156,157,158,159,160,161,162,163,164,165,166,167,168,169,171,172,173,174,175,176,177,178,179,180,181,182,183,185,187,188,190,192,193,195,197,199,201,202,203,204,205,209,210,211,212,214,217,218,219,221,223,226,227,230,234,236,240,241,243,245,246,247,250,251,252,255,258,260,262,264,266,267,270,276,277,279,280,286,287,289,290,298,303,319,320,324,325,326,341,348,352,353,357,374,425,432,440,465,473,561
25,61,62,64,67,68,69,70,71,72,73,74,75,76,77,78,79,80,82,83,84,85,87,88,89,90,91,92,93,94,95,96,97,98,99,100,101,102,103,104,105,106,107,108,109,110,111,112,113,114,115,116,117,118,119,120,121,122,123,124,125,126,127,128,129,130,131,132,133,134,135,136,137,138,139,141,142,143,144,145,146,147,148,149,150,151,152,153,154,156,157,158,159,161,162,163,164,165,166,168,169,170,171,172,173,174,175,177,178,179,182,183,185,186,189,190,191,192,193,194,195,196,197,198,199,200,202,203,205,206,207,208,209,210,211,213,214,215,217,218,219,220,221,223,225,226,227,228,229,230,231,232,233,234,238,244,246,247,249,250,252,253,254,262,263,264,266,275,284,285,286,288,293,294,298,300,302,307,313,315,325,343,370,518,549,646
26,58,64,66,67,68,69,71,72,73,74,75,76,77,78,79,80,82,83,84,85,86,87,88,89,90,91,92,93,94,95,96,97,98,99,100,101,102,103,104,105,107,108,109,110,111,112,113,114,115,116,117,118,119,120,121,122,123,124,125,126,127,128,130,131,132,133,134,135,137,138,140,141,142,143,144,145,146,147,149,150,151,152,153,154,156,157,160,161,162,165,167,170,171,173,174,177,178,180,181,182,183,184,185,186,187,188,189,191,192,193,194,195,196,197,198,200,201,202,205,206,209,210,212,215,218,219,221,224,227,228,229,231,232,234,235,236,237,241,242,249,255,258,265,268,287,288,294,302,307,311,315,325,329,341,352,363,368,455,463
27,59,60,64,68,70,71,73,76,78,79,80,81,82,83,84,85,86,87,88,89,90,91,92,93,94,95,96,97,100,101,102,103,104,105,106,107,108,109,110,111,112,114,115,116,117,118,121,122,123,124,125,126,127,128,129,130,131,132,133,134,135,136,140,141,143,144,145,147,148,150,151,152,153,154,155,156,157,158,161,162,163,164,165,166,167,168,169,171,172,173,174,175,176,177,178,179,180,181,182,183,184,185,186,187,188,189,190,191,192,194,195,196,198,200,201,202,203,204,205,207,210,211,214,215,216,218,220,222,223,224,225,226,229,230,231,232,235,236,238,239,240,242,243,244,245,246,247,248,253,254,255,256,263,264,266,268,276,296,297,298,304,310,327,356,380,410,417,437,440,489,509,524
28,25,58,62,70,71,74,76,77,78,79,80,81,82,83,85,86,87,88,89,90,91,92,93,94,95,96,97,98,99,100,101,102,103,104,105,106,107,108,109,110,111,112,113,114,115,116,117,118,119,120,121,122,123,124,125,126,127,128,129,130,131,132,134,135,136,137,138,139,140,142,143,146,147,150,151,153,154,155,157,158,159,160,161,162,163,164,165,167,168,172,173,174,175,176,177,178,179,180,181,182,183,184,186,187,188,190,191,192,193,194,195,196,197,198,199,200,201,203,205,206,208,210,211,212,213,214,215,217,218,219,222,223,224,225,233,236,238,239,243,244,245,246,248,252,255,258,260,261,264,266,267,274,284,285,288,293,298,302,315,331,362,433,437,448,454,455,462,464,489,691
29,7,68,69,71,72,75,76,77,78,81,82,83,84,85,86,87,89,90,91,92,93,94,95,96,97,98,99,100,101,102,103,105,106,108,109,110,111,112,113,114,116,117,118,119,120,121,122,123,127,128,129,130,131,132,133,134,137,139,140,141,142,143,145,146,147,148,149,150,151,152,153,156,157,158,160,163,164,165,166,167,168,169,170,171,172,173,174,175,176,177,179,180,181,182,183,184,185,186,187,189,190,191,192,193,194,195,196,197,198,199,200,201,202,203,205,206,207,208,209,210,211,213,215,216,217,218,219,223,225,229,233,234,235,236,237,241,244,245,248,257,260,263,264,268,274,276,279,292,299,313,314,348,505,525,543
30,21,39,62,63,64,67,68,69,70,73,74,75,77,79,80,82,83,84,85,86,87,88,90,91,92,93,96,97,98,99,100,101,102,103,104,105,106,107,108,109,110,111,112,113,114,115,116,117,118,119,120,121,122,123,124,125,126,127,129,131,132,133,135,138,140,141,142,143,144,145,146,147,148,149,151,153,155,156,157,158,159,160,162,163,166,167,168,169,172,173,174,175,177,179,180,181,182,183,185,187,188,189,190,191,192,193,194,195,196,197,198,199,200,201,202,203,204,206,207,208,209,212,214,215,216,217,219,221,222,224,225,226,228,229,230,232,234,235,238,239,240,242,243,245,252,253,259,260,261,264,267,268,274,275,279,282,285,294,297,301,308,314,318,324,334,338,359,370
31,15,54,59,60,61,62,63,64,68,69,70,71,72,73,74,75,76,77,78,79,80,81,82,83,84,86,89,90,91,92,94,96,98,99,100,101,102,103,104,105,107,109,110,111,112,113,114,115,116,117,118,119,120,121,123,124,126,127,128,129,130,131,132,133,134,135,136,137,139,140,143,144,145,146,148,149,150,151,152,153,154,155,156,157,159,160,161,162,164,165,166,167,168,169,170,171,172,173,174,175,176,177,179,180,181,182,183,184,185,187,188,189,190,191,193,194,195,196,197,200,201,202,203,204,206,207,209,210,214,218,219,221,222,223,224,226,227,228,229,230,232,235,236,239,241,244,247,248,251,255,258,260,261,263,266,268,270,273,277,278,279,281,283,289,300,302,303,304,307,312,320,321,324,333,341,366,390,446,478,493,566
32,56,57,61,62,64,66,67,68,70,73,74,76,78,79,81,82,83,84,85,86,87,89,90,91,93,94,95,97,99,101,102,103,104,105,106,107,108,111,113,119,121,123,124,125,127,128,129,130,133,134,135,136,137,138,139,140,142,143,145,146,147,148,149,150,154,156,157,159,160,161,162,164,165,166,168,169,170,171,173,174,175,176,177,178,179,180,181,182,183,184,185,187,188,189,190,195,196,197,198,199,202,203,206,207,209,210,212,213,214,215,217,218,219,220,221,223,224,225,226,228,229,230,232,234,235,237,241,242,246,247,253,256,258,264,276,282,289,293,309,311,316,330,332,333,335,339,352,361,366,463
33,64,67,68,70,71,72,73,74,75,77,78,80,81,82,84,86,89,90,91,92,93,94,95,97,101,104,113,114,116,119,122,123,125,128,129,131,132,136,137,138,139,142,144,147,152,155,167,171,176,183,196,197,199,203,206,217,233,236,238,246,251,256,263,268,284,309,342,446,531,575,596
34,58,64,65,66,67,69,70,71,73,74,75,76,80,81,82,84,85,86,87,90,91,93,94,95,98,103,104,106,108,109,110,111,113,118,119,120,121,126,127,128,130,131,132,133,134,135,137,139,140,144,145,150,154,156,157,158,160,161,163,168,172,177,178,180,182,187,189,190,191,194,195,201,203,213,214,215,217,222,223,225,228,239,270,299,300,311,454
35,61,62,64,65,68,69,70,71,73,74,77,78,80,81,82,83,85,86,88,90,91,92,93,97,100,101,102,103,113,119,120,124,125,126,131,132,136,137,141,143,146,152,163,169,170,172,182,189,191,206,213,216,223,227,244,249,261,289,302,318,399,682,683
36,61,65,70,71,74,75,76,79,80,81,82,85,86,87,89,91,92,94,95,100,105,106,107,109,110,113,116,120,121,125,128,129,130,135,136,137,140,143,144,148,149,151,152,157,161,171,183,187,202,216,243,273,278,286,316,327,353
37,58,59,67,68,72,73,74,75,83,84,85,86,87,88,89,96,97,98,101,102,105,110,111,115,116,118,120,124,125,127,130,136,139,140,141,145,147,149,160,165,166,167,169,179,188,199,201,204,219,302,376,533,693
38,61,63,73,80,82,83,85,89,90,92,93,94,95,96,97,98,99,100,101,103,104,106,107,113,114,115,116,117,119,128,130,133,140,148,153,161,164,166,169,172,173,175,177,181,183,200,212,222,224,238,252,265,308,403,482
39,82,87,91,94,95,96,97,98,99,100,101,102,103,104,105,106,107,108,109,111,112,113,114,115,116,117,118,119,120,121,124,125,127,128,131,133,135,140,142,143,144,145,147,148,153,154,155,156,158,159,165,169,170,173,174,176,188,200,211,218,245,272,282,310,415,417,508,597
40,83,87,89,90,94,95,96,100,101,103,104,105,106,107,108,109,110,111,112,113,114,115,117,118,119,120,121,122,123,124,125,126,127,128,129,130,131,132,133,134,135,136,137,138,139,140,141,142,143,144,145,146,147,149,151,152,153,155,156,157,158,159,160,161,162,163,165,166,167,168,169,170,172,173,174,175,176,177,178,179,180,181,182,183,184,185,186,187,188,189,190,191,192,193,194,195,196,197,198,200,203,205,206,208,211,214,215,217,218,225,226,227,229,230,231,232,239,247,248,250,251,254,257,279,303,581
41,7,89,92,95,96,97,98,99,101,103,105,108,109,110,111,114,115,116,117,120,121,122,123,124,125,127,128,131,135,136,138,139,140,141,142,143,144,145,146,148,150,152,153,154,155,159,160,161,162,163,165,166,169,170,171,172,177,178,179,180,181,182,183,184,185,186,187,188,189,190,191,192,193,194,195,196,197,198,199,200,201,202,203,204,205,206,207,208,209,210,211,212,213,214,215,216,217,218,219,220,221,222,223,224,225,226,227,228,229,230,231,232,233,234,235,236,237,238,239,240,241,242,243,244,245,246,247,248,249,250,251,252,253,254,255,256,257,258,259,260,261,262,263,264,265,266,267,268,269,270,271,272,273,274,275,276,277,278,279,280,281,282,283,284,285,286,287,288,289,290,291,292,293,294,295,296,297,298,299,300,302,303,304,307,308,309,310,311,312,313,314,316,317,318,319,320,322,324,325,326,327,328,329,330,331,333,335,336,337,339,340,341,342,344,345,346,347,348,349,350,352,353,354,355,356,357,360,362,363,364,365,370,372,374,375,379,382,383,387,392,399,400,406,461,511
42,90,91,95,97,98,100,103,104,105,106,107,108,109,110,112,113,114,118,119,120,125,126,127,128,129,130,131,132,135,136,137,139,141,146,147,148,151,153,160,165,166,167,169,170,171,173,175,176,178,179,180,181,182,183,184,186,187,188,189,190,191,192,193,194,195,196,197,198,199,200,201,202,203,204,205,206,207,208,209,210,211,212,213,214,215,216,217,218,219,220,221,222,223,224,225,226,227,228,229,230,231,232,233,234,235,236,237,238,239,240,241,242,243,244,245,246,247,248,249,250,251,252,253,254,255,256,257,258,259,260,261,262,263,264,265,266,267,268,269,270,271,272,273,274,275,276,277,278,279,280,281,282,283,284,285,286,287,288,289,290,291,292,293,294,295,296,297,298,299,300,301,302,303,304,305,306,307,308,309,310,311,312,313,315,316,317,318,319,320,321,322,324,325,326,327,328,329,330,331,332,333,334,335,336,337,338,340,341,342,345,346,347,348,349,352,353,354,355,356,358,359,361,362,363,364,366,368,369,370,372,373,374,375,376,377,378,379,382,385,389,390,391,392,394,398,401,408,415,423,435,437,448,455,497,504,691
43,67,83,91,93,101,102,105,106,109,110,111,112,114,115,116,117,118,120,122,123,124,125,126,127,128,129,130,131,132,133,134,136,137,138,139,141,142,143,144,148,153,155,156,157,158,160,162,173,174,177,179,183,186,188,189,190,191,192,193,194,195,196,197,198,199,200,201,202,203,204,205,206,207,208,209,210,211,212,213,214,215,216,217,218,219,220,221,222,223,224,225,226,227,228,230,231,234,235,236,237,238,239,240,241,242,243,244,245,247,248,249,251,252,253,254,255,256,257,258,259,260,261,262,263,265,266,267,268,269,270,271,273,274,275,276,277,278,279,280,281,282,283,284,285,286,287,288,289,290,291,292,293,294,295,296,297,298,299,300,301,302,303,304,305,306,307,308,309,310,311,312,313,314,315,316,317,318,319,320,321,322,323,325,327,328,329,330,331,334,335,336,337,339,341,342,343,345,346,347,348,349,350,353,356,357,359,360,361,362,363,364,365,367,369,370,372,374,376,378,384,385,391,392,393,398,400,401,411,412,417,422,424,427,430,440,441,445,447,455,520
44,97,99,100,102,104,108,111,112,114,115,118,121,126,128,130,131,132,134,135,136,139,140,142,145,146,148,150,151,152,153,155,167,172,174,175,178,179,181,183,184,185,186,187,188,190,191,193,194,195,196,197,199,202,204,206,207,208,210,211,212,213,215,216,218,219,220,221,222,223,224,225,226,227,228,229,230,231,232,233,234,235,236,237,238,239,240,241,242,243,245,246,247,248,249,250,251,252,253,254,255,256,258,259,260,261,263,264,265,266,268,269,270,271,272,273,274,276,277,278,280,282,283,284,285,286,287,289,290,291,292,293,295,296,297,299,300,301,302,303,304,305,306,308,310,311,313,314,315,316,318,319,320,321,322,323,324,325,326,327,328,329,330,331,332,333,334,335,336,337,338,339,340,342,344,346,347,348,349,350,351,352,353,355,358,359,361,362,364,365,366,367,369,371,375,379,382,383,386,387,390,391,392,394,397,403,406,407,408,409,413,415,423,434,435,440,441,464,488,527,648
45,93,101,103,104,105,106,107,108,110,111,114,115,117,118,120,122,124,127,128,129,130,131,132,133,134,138,145,146,148,149,153,154,157,159,163,169,171,172,186,189,190,191,195,196,197,198,199,200,201,203,204,205,206,207,209,210,211,213,214,217,219,221,222,223,224,225,226,228,229,230,232,233,234,235,236,237,238,239,240,241,242,243,244,245,247,248,249,250,252,253,254,256,257,260,261,262,263,264,265,266,267,268,269,270,272,273,275,277,278,280,282,283,285,286,287,288,289,290,291,292,293,294,295,296,297,298,299,300,301,302,304,305,307,308,309,310,312,313,315,316,318,320,321,323,324,325,326,329,330,331,333,334,335,336,337,338,342,343,344,345,346,347,348,349,350,351,352,353,357,358,363,367,368,369,370,371,372,374,375,377,380,386,388,389,390,393,405,408,410,411,422,425,438,439,449,465,514,544,632
46,51,101,105,111,112,113,114,119,121,123,124,125,126,127,128,129,131,132,133,134,135,136,137,139,140,141,142,144,145,148,151,153,154,160,161,162,163,164,170,171,175,176,189,193,196,197,199,200,201,203,204,205,207,208,209,210,211,212,213,215,216,217,219,222,223,224,227,228,229,230,231,233,234,236,239,240,243,245,246,247,248,249,251,252,253,254,255,256,258,261,262,263,264,265,267,268,271,272,274,275,276,278,279,280,282,284,286,287,291,292,293,294,295,298,300,301,305,306,307,308,309,310,312,316,319,323,326,327,329,330,331,334,335,338,340,343,347,349,350,353,354,357,358,361,363,364,365,366,369,372,373,394,400,401,403,411,425,429,434,450,468,474,476,478,515,533,544,570,633,678
47,75,105,106,107,113,115,116,117,119,121,122,127,129,131,134,136,138,140,145,146,147,148,149,150,151,152,153,154,155,156,158,159,161,162,163,165,166,169,170,171,179,195,196,197,199,201,202,203,204,207,209,213,215,216,218,219,220,225,226,227,229,230,234,235,237,238,239,240,242,243,246,247,249,250,252,255,256,257,258,259,262,263,268,269,270,273,278,281,284,286,287,288,289,291,295,298,300,301,302,306,309,314,315,318,319,322,325,330,334,335,339,346,348,350,351,352,355,356,358,361,362,366,367,371,373,375,386,387,394,408,414,425,455,470,482,494,522,630
48,102,105,109,110,111,116,117,118,119,120,121,123,124,125,126,127,128,129,130,132,133,134,135,136,139,144,145,146,147,149,150,151,152,153,154,155,156,158,159,160,161,164,175,176,178,180,186,200,201,202,206,208,210,212,213,215,216,217,220,221,222,226,229,233,234,236,239,240,242,243,244,247,249,250,252,255,256,258,262,263,264,265,266,268,269,270,271,274,275,278,280,285,288,289,292,293,294,295,299,300,301,303,304,305,308,310,312,319,320,339,347,348,351,355,382,385,386,388,389,392,400,421,422,437,555,574,582
49,62,106,107,108,109,111,112,114,117,118,119,120,122,124,125,128,130,133,135,136,137,140,142,143,144,146,147,148,150,152,153,154,157,158,159,162,163,164,165,167,169,170,177,178,179,183,184,185,187,196,201,204,213,214,218,219,229,233,234,235,238,239,240,241,244,245,248,249,255,259,261,262,263,264,269,272,275,279,282,283,286,291,295,299,300,306,308,309,310,313,317,326,328,333,340,348,356,361,363,368,373,383,403,417,422,423,615
50,96,98,103,104,107,108,109,110,111,112,114,115,116,117,118,119,120,121,122,123,124,126,128,131,133,134,135,136,137,138,139,140,141,142,143,144,145,147,148,151,155,160,161,162,163,165,167,168,170,172,173,174,176,181,185,187,188,211,218,220,221,223,225,226,227,231,232,233,241,242,243,247,258,259,261,262,263,265,267,268,270,274,275,278,280,281,286,287,288,290,291,292,294,301,302,306,307,308,317,320,323,328,339,341,343,348,370,385,389,390,396,397,450
51,96,99,101,103,104,105,106,107,109,110,111,112,113,114,115,116,117,118,120,121,122,123,124,125,126,127,128,129,131,135,136,137,139,140,141,143,144,145,146,147,148,149,150,152,154,155,156,157,158,159,161,162,166,168,169,171,173,226,303,304,313,343,361,390,434,628
52,103,104,105,106,110,112,114,115,116,117,118,119,120,121,122,125,126,127,128,129,130,131,132,133,134,135,136,137,138,139,140,141,143,144,145,146,147,148,149,150,151,152,153,154,156,157,161,162,164,167,168,169,170,171,172,173,175,176,177,178,179,180,181,182,184,185,187,188,189,190,192,193,194,210,221,228,237,599,681
53,109,110,111,112,113,114,115,118,120,121,124,125,126,128,129,131,133,134,137,139,140,142,143,145,147,148,149,150,152,153,154,155,157,158,160,161,162,163,164,165,166,167,168,169,170,171,172,173,174,175,178,180,186,190,197,199,200,203,208,239,242,262,267,312,482,508
54,96,109,114,118,120,121,122,125,127,128,129,130,131,132,133,134,135,137,138,139,141,142,144,146,147,150,151,153,154,156,157,159,160,161,162,168,177,178,179,182,184,194,196,200,204,208,223,233,235,242,253,259,273,304,308,329,492
55,110,111,119,120,123,125,126,127,128,131,132,139,141,144,145,148,150,153,155,157,158,159,160,162,163,164,165,166,167,168,169,170,171,172,173,174,176,177,181,184,186,187,203,205,217,239,241,261,288,294,297,321,328,453,503,614,662
56,120,130,131,132,134,138,139,141,144,145,146,152,159,163,167,168,171,173,178,185,191,219,233,246,267,284,293,396,462,610
57,27,124,125,126,127,128,132,134,137,144,149,150,152,158,164,165,167,169,172,173,180,181,185,200,229,243,260,273,315,483
58,38,119,128,132,141,143,153,163,209,210,215,297,545
59,147,173,187,283,347,357,404,558,568,578,616
60,71,322,335
61,47,57,87,438,620,626,629,659
62,59,338,447,567,673,693
63,282,513,522
64,415,420,484,544,692
65,
66,305,351,583,587
67,61,73,554
68,37,327,607
69,648
70,157,348,374,409,516,531
71,31,132,165,346,453,478,572
72,302,310,623,624,658
73,
74,
75,
76,
77,
78,
79,
80,
81,
82,
83,
84,
85,
86,
87,
88,
89,
90,
91,
92,
93,
94,
95,
96,
97,
98,
