1
0,269
1,46,87,90,339,501,504
2,45,75,79,80,81,82,83,85,86,87,88,89,91,92,93,94,96,106,148,241,353,369,453
3,65,66,67,69,70,71,73,74,75,77,78,79,80,81,82,83,84,85,86,87,88,89,90,91,92,93,94,95,96,97,98,99,100,101,102,103,104,105,106,107,109,110,111,112,114,115,117,119,122,123,153,160,164,178,185,290,319,533
4,62,63,65,66,67,69,70,71,72,73,74,75,76,77,78,79,80,81,82,83,84,85,86,87,88,89,90,91,92,93,94,95,96,97,98,99,100,101,102,103,104,105,106,107,108,109,110,111,112,113,114,115,116,117,118,119,120,121,122,123,124,125,126,127,128,129,130,133,134,135,136,137,138,139,140,141,142,144,146,147,149,150,151,152,153,154,155,156,160,161,162,164,165,167,169,170,172,175,177,178,180,184,186,188,189,190,193,194,196,197,199,202,208,213,217,219,231,427,561,698
5,63,64,66,68,69,70,71,72,73,74,75,76,77,78,79,80,81,82,83,84,85,86,87,88,89,90,91,92,93,94,95,96,97,98,99,100,101,102,104,105,106,107,108,109,110,111,112,113,114,115,116,117,118,119,120,121,122,123,124,125,126,127,128,129,130,131,132,133,134,135,136,137,138,139,141,142,143,145,147,149,151,152,153,155,156,157,158,159,160,161,162,163,164,165,166,167,168,169,170,171,172,173,175,176,177,178,179,180,181,182,183,184,185,186,187,188,189,190,191,192,194,195,196,197,198,200,201,202,205,206,207,208,209,214,215,216,217,218,219,220,222,223,225,226,227,228,229,230,232,233,239,245,247,249,253,254,255,260,262,273,333,381,403,565,609
6,62,63,64,67,68,69,70,71,72,73,74,76,77,78,79,80,81,82,83,84,85,86,87,88,89,90,91,92,93,94,95,96,97,98,99,100,101,102,103,104,106,107,108,109,110,111,112,113,114,115,117,118,119,120,121,122,123,124,125,126,127,130,131,133,134,135,136,138,140,141,143,144,145,148,150,151,152,153,156,157,158,159,160,161,162,163,164,165,166,167,168,169,171,172,173,174,175,176,177,178,179,181,182,183,184,185,186,187,188,189,190,191,192,193,194,195,198,199,200,201,202,203,206,207,208,209,210,211,212,213,214,216,217,218,219,220,222,225,228,231,233,234,239,240,243,249,251,255,256,259,264,279,283,284,286,289,306,314,328,331,332,349,414,456,592,618,651,693
7,65,66,67,70,71,72,73,74,75,76,77,78,79,81,82,83,84,85,86,87,88,89,90,91,92,93,94,96,97,98,99,100,101,102,103,104,105,106,107,109,110,111,112,113,114,115,117,118,119,120,121,122,123,124,125,126,127,128,130,131,133,134,135,136,137,138,139,140,141,142,144,146,147,149,151,152,157,158,159,160,161,162,163,164,165,166,167,168,169,170,171,172,173,174,175,176,177,179,180,181,182,184,185,186,187,188,189,190,191,192,193,194,195,196,197,198,199,200,201,202,203,204,207,209,211,212,213,215,216,217,220,221,222,223,225,226,228,231,233,234,235,236,239,240,241,243,244,245,247,248,249,250,251,252,254,255,256,257,258,259,260,265,266,269,270,277,280,283,284,287,293,295,297,303,323,403,468
8,5,27,61,73,74,75,76,77,78,79,80,81,82,83,84,85,86,87,88,89,90,91,92,93,94,96,98,99,100,101,102,103,104,105,106,107,108,109,110,111,113,114,115,116,117,118,119,120,121,122,123,124,125,126,127,129,130,131,132,133,134,135,136,137,138,139,140,141,144,146,147,150,153,154,156,158,161,162,163,164,165,166,168,169,170,171,172,173,174,175,176,177,178,181,182,183,184,185,186,187,188,189,190,191,192,193,195,196,197,198,199,200,201,203,204,205,206,207,209,210,211,212,213,214,215,216,218,219,220,222,223,224,225,226,228,230,233,234,236,237,238,239,240,241,243,244,246,247,249,250,251,253,254,255,258,259,260,261,265,266,269,270,271,272,282,285,286,287,290,294,300,301,304,305,306,308,317,331,335,338,430,569
9,60,74,76,77,79,80,81,82,83,84,85,86,87,88,91,92,93,94,95,96,97,98,99,101,102,103,104,105,106,107,108,109,110,112,113,114,115,116,117,118,119,120,121,122,123,124,125,126,127,128,129,130,131,132,133,134,135,136,137,138,139,140,142,143,144,146,147,149,152,153,155,160,162,164,166,167,169,170,171,172,173,174,176,177,178,179,180,181,182,183,184,185,186,187,188,190,191,192,193,194,195,197,199,201,202,203,204,205,206,207,208,210,211,212,213,214,215,216,217,218,219,220,221,222,223,224,225,226,227,228,229,230,231,232,233,234,235,236,238,239,240,241,242,243,244,245,247,248,249,250,251,252,254,255,257,259,260,264,265,266,268,269,270,271,275,276,278,279,282,283,284,285,287,289,290,291,292,293,294,296,297,299,303,306,308,310,311,312,323,326,329,339,348,353,364,371,379,413,426,657,675
10,42,72,74,76,77,80,81,82,83,84,85,86,87,88,89,90,91,92,93,95,96,97,98,99,100,101,102,103,104,105,106,107,108,109,110,111,112,113,114,115,116,117,118,119,120,121,122,124,125,126,128,130,131,132,134,135,136,137,139,140,141,143,144,146,147,150,151,152,154,156,158,159,166,167,168,169,170,172,173,174,175,177,178,179,180,181,182,183,184,185,186,187,188,189,190,191,192,193,194,195,196,197,199,200,201,202,203,204,205,206,207,208,209,210,211,212,213,214,215,216,217,218,219,220,221,222,223,224,225,226,227,228,229,230,231,232,233,234,235,236,239,240,241,242,243,244,245,246,251,252,253,254,255,256,257,258,259,260,261,262,264,265,266,267,270,271,274,275,276,277,278,279,280,281,282,283,284,285,286,288,290,291,292,293,294,298,301,303,306,312,316,318,321,323,326,328,330,341,350,354,363,367,373,378,383,407,430,532,589
11,52,66,74,76,78,82,83,84,85,86,87,88,89,90,91,92,94,95,96,97,98,99,100,101,102,103,104,105,108,109,110,111,112,113,114,116,117,118,120,121,122,123,124,125,126,128,129,130,132,133,134,135,136,137,138,139,140,141,142,144,145,146,147,148,149,151,153,154,158,164,168,169,170,171,172,173,174,175,176,177,178,179,181,182,183,184,185,186,188,189,190,191,195,196,197,198,199,200,201,202,203,204,205,206,207,208,209,211,212,214,215,216,217,218,219,220,221,223,224,225,226,227,228,229,230,231,232,233,235,236,237,238,239,240,242,243,244,245,246,247,248,249,250,251,252,253,254,255,256,257,258,259,261,263,264,265,267,268,269,272,273,274,276,277,278,279,280,281,282,283,284,285,287,288,289,290,291,293,295,297,298,299,300,301,303,304,305,306,307,308,309,310,312,313,314,317,318,319,322,323,324,327,330,332,333,336,337,338,339,343,344,347,358,360,363,364,371,373,382,383,388,397,402,418,463,525,538,588,699
12,73,74,75,76,80,81,82,83,84,85,86,87,88,89,90,91,92,93,94,95,97,98,99,100,101,102,103,104,105,107,109,111,112,113,114,115,116,117,119,120,121,122,123,124,125,126,127,128,129,130,131,132,133,134,135,136,137,138,139,140,141,148,149,150,151,158,161,162,164,165,167,174,175,176,177,179,180,181,182,184,185,186,187,188,189,191,194,195,197,198,199,200,202,203,204,205,207,208,209,210,212,213,214,215,216,218,219,220,222,224,225,226,227,228,230,231,233,234,235,236,237,238,239,240,241,242,243,244,245,246,247,248,250,251,252,253,254,255,256,257,259,260,261,262,263,264,265,266,268,270,271,273,274,276,277,278,281,282,284,285,286,287,289,290,292,294,295,296,297,298,299,300,301,302,303,305,307,308,309,310,312,314,315,317,318,319,320,321,323,326,329,331,335,337,338,341,342,350,353,355,356,359,361,362,363,377,382,384,387,399,401,402,413,429,443,455,459,485
13,69,74,75,77,78,81,82,84,88,90,91,92,93,94,96,97,98,101,102,103,106,107,108,109,110,111,112,113,114,115,116,117,118,119,120,121,124,126,128,129,132,133,136,137,139,140,143,144,145,149,152,153,154,157,161,164,165,167,168,171,173,174,178,182,184,185,186,188,189,191,192,193,196,198,199,200,201,202,203,204,207,208,210,211,213,214,216,218,219,222,223,224,225,226,227,228,229,230,232,233,235,236,237,238,239,240,243,244,245,246,247,248,249,250,251,252,253,254,255,257,258,259,260,261,262,263,264,266,267,268,269,270,271,273,274,275,276,277,280,281,282,283,285,287,288,289,290,292,293,295,298,299,300,303,304,306,307,308,309,312,314,316,317,318,321,323,324,327,330,336,340,346,351,363,366,369,372,375,380,383,388,390,393,436,461,509,556,569
14,35,64,72,74,75,76,78,79,80,81,82,83,84,85,87,88,89,90,93,94,95,96,97,98,99,102,104,105,106,108,109,110,111,112,113,114,116,117,121,122,123,124,125,126,128,129,131,132,135,136,137,138,140,144,147,148,149,150,152,155,158,161,165,166,167,170,172,174,175,176,179,186,187,189,191,194,197,198,201,202,205,206,207,208,210,211,215,218,225,226,227,228,229,230,231,232,233,234,235,237,238,239,240,242,243,244,245,246,247,248,249,250,251,253,254,256,257,258,261,262,264,265,266,267,268,269,271,272,273,274,276,277,279,280,281,282,283,284,285,286,287,288,289,290,291,293,294,295,296,297,298,301,302,303,304,305,306,307,308,310,311,312,313,314,315,316,320,321,323,325,327,328,329,330,331,335,337,338,339,340,342,345,348,350,352,358,360,361,384,395,397,440,667
15,72,73,75,76,80,82,83,84,85,87,88,89,90,91,92,93,94,95,97,100,101,103,106,107,108,109,110,111,112,116,118,119,121,122,124,125,128,129,130,132,133,135,136,137,140,142,143,146,147,148,150,154,155,156,161,167,169,172,177,178,183,184,185,186,187,188,191,192,194,196,197,200,202,203,204,208,210,212,217,218,219,220,221,223,228,229,232,235,236,238,239,243,244,246,247,249,250,251,252,253,254,256,257,258,260,261,263,264,265,268,269,270,271,272,273,275,277,278,280,281,282,283,284,285,287,288,290,291,292,293,294,295,298,299,301,302,303,304,306,307,309,311,312,313,315,316,318,322,324,325,326,329,330,333,337,341,342,348,350,351,356,358,360,363,370,372,381,387,408,409,439,449,451,509,530,699
16,5,69,71,72,75,78,79,84,85,87,88,89,90,92,93,95,96,99,100,103,104,105,106,107,108,109,110,111,113,114,116,119,120,121,122,123,125,126,128,129,131,134,135,137,138,143,149,152,154,155,159,163,165,167,168,174,176,178,179,181,183,185,188,189,190,192,194,195,197,198,199,203,205,207,209,212,221,224,225,228,229,230,232,234,235,236,244,245,246,247,248,249,250,251,252,253,254,255,257,259,260,262,264,265,266,267,268,269,271,272,273,274,275,276,277,279,283,284,285,286,287,289,290,292,293,294,296,297,298,299,300,301,302,303,308,309,310,311,312,313,315,316,317,318,320,321,322,323,325,326,330,332,333,334,336,339,341,342,344,345,348,349,350,353,354,355,358,359,360,361,363,366,368,369,370,372,376,380,387,388,389,390,391,394,398,409,410,417,437,438,539,588
17,74,76,82,83,84,85,86,87,89,90,91,92,93,94,96,97,98,99,100,102,103,104,106,112,113,114,116,117,118,120,121,122,123,125,130,132,133,135,136,139,141,142,143,144,145,147,148,150,151,155,159,160,162,166,173,178,180,184,189,190,194,195,202,206,222,223,224,230,231,240,241,242,243,246,250,253,256,257,260,261,262,266,267,268,269,271,272,273,274,275,276,277,278,279,280,281,283,285,286,287,288,289,291,292,293,295,296,297,298,299,300,301,303,304,305,306,307,308,310,311,312,313,314,315,316,317,318,319,320,321,322,323,324,325,327,328,329,330,332,333,334,335,336,337,338,339,341,342,343,345,346,347,349,350,351,352,354,360,365,366,368,372,373,374,376,380,381,382,386,390,396,397,399,400,404,420,422,433,437,480,507,579,645
18,62,76,79,81,84,85,86,87,89,90,91,92,93,94,95,98,100,101,103,104,105,107,108,109,110,111,112,113,114,115,118,119,120,121,125,126,127,128,129,130,131,132,133,134,136,137,141,144,147,148,149,150,151,154,155,157,159,160,163,166,171,175,176,178,179,186,187,190,192,193,194,197,201,204,206,207,208,210,211,213,214,216,218,220,221,222,224,225,226,228,229,234,237,239,240,243,245,246,248,249,250,254,255,257,260,264,265,266,268,269,270,272,278,279,281,283,286,288,289,290,293,294,295,296,297,298,301,302,303,304,305,306,307,308,309,310,311,312,313,314,315,316,317,319,320,321,322,323,324,325,327,329,330,331,332,334,340,341,344,348,349,350,351,352,356,357,358,359,361,362,364,365,367,373,378,380,384,386,392,395,396,400,401,402,407,408,418,422,452,458,467,503,505,557
19,69,80,83,86,87,90,92,93,94,95,96,98,99,100,101,103,104,106,107,110,111,114,119,120,122,123,128,129,130,131,137,138,139,141,142,143,145,150,152,154,155,158,159,165,171,174,180,182,184,196,204,205,207,209,210,216,219,221,223,228,233,234,235,237,238,239,240,244,246,247,249,250,252,255,256,261,263,265,266,267,268,271,272,273,274,280,287,292,293,296,297,301,302,303,305,309,310,311,312,314,316,317,318,319,320,321,322,323,324,325,326,327,328,329,330,331,332,333,335,337,339,340,341,343,344,345,347,348,350,351,352,353,354,357,358,361,362,366,369,371,376,381,382,383,384,385,386,387,388,390,391,393,396,397,405,414,415,418,420,422,437,445,449,454,456,467,493,494,496,577
20,2,80,81,83,84,87,88,90,91,92,95,96,97,98,99,101,102,103,107,108,110,112,113,114,119,120,121,122,124,125,127,128,130,132,135,136,137,138,141,142,143,144,145,146,151,152,153,156,157,163,165,174,175,176,178,179,181,184,185,186,187,188,197,200,201,218,223,226,230,234,236,240,245,246,248,256,258,259,260,267,270,272,274,275,277,280,281,282,284,286,287,288,291,294,295,296,297,298,302,303,306,307,308,309,310,311,312,316,317,319,320,322,323,324,325,327,328,329,330,331,332,333,335,336,337,338,340,341,342,343,345,347,348,349,350,352,353,355,356,357,358,359,360,361,362,363,365,367,368,371,372,373,378,379,380,382,383,384,385,386,387,388,390,396,397,398,403,405,406,408,413,414,416,418,422,431,432,434,435,436,478,483,490,508,518
21,7,18,24,49,62,76,81,83,85,86,87,89,90,92,93,94,95,96,98,100,101,105,106,107,108,109,110,112,116,117,120,121,122,124,125,126,129,134,136,137,140,143,148,150,153,156,157,162,163,170,173,179,180,181,183,193,195,198,199,202,203,205,206,210,213,218,224,226,228,229,232,233,236,242,243,244,249,253,267,269,270,272,278,279,280,281,282,285,287,288,291,292,293,299,302,307,309,311,313,317,318,320,321,322,323,324,325,326,327,328,329,330,331,334,335,336,337,338,342,343,344,345,348,350,351,352,353,354,355,357,358,359,361,363,364,366,367,368,370,372,374,375,376,378,380,381,383,387,389,391,392,394,396,398,402,403,408,410,413,414,415,421,424,427,432,433,437,448,456,471,553,585,586,588,691
22,77,81,83,84,86,88,89,92,93,94,95,96,102,104,107,111,112,118,121,122,124,128,129,130,131,132,134,135,137,138,141,146,149,150,155,158,160,171,173,179,192,193,194,196,200,201,206,212,214,219,224,225,229,230,239,240,243,244,246,261,266,269,283,287,288,291,292,294,295,297,298,300,301,302,303,305,306,308,310,312,317,318,319,320,322,323,324,326,327,328,331,332,334,335,338,339,340,341,342,343,344,345,348,350,351,352,354,355,357,358,359,360,361,362,363,364,367,370,371,373,376,377,379,382,388,389,392,393,399,400,401,403,407,408,412,413,416,420,422,426,444,449,459,462,466,476,478,491,530,576,618,628
23,82,84,85,91,92,93,95,98,99,102,104,107,110,113,121,123,124,130,131,136,143,146,147,156,159,161,162,164,169,175,176,182,183,185,188,189,198,204,223,231,271,276,283,284,286,288,292,294,295,301,307,310,311,313,315,316,319,320,321,324,325,326,327,328,329,330,332,333,334,338,339,340,341,344,345,348,349,352,357,358,359,363,367,368,369,370,373,374,376,377,378,379,382,390,394,399,402,403,408,409,412,413,417,418,421,422,431,435,439,445,471,474,504,507,517,644,669
24,74,80,81,84,86,89,90,91,92,93,95,97,98,101,103,104,105,107,108,109,111,112,115,117,120,121,125,126,128,129,130,138,158,163,165,166,168,178,179,181,184,186,194,199,200,202,203,204,205,206,207,210,214,217,229,231,232,239,248,249,263,272,280,289,293,297,300,303,306,307,308,313,316,318,319,320,321,324,326,327,328,331,332,333,334,335,338,339,340,342,343,344,345,347,349,355,356,357,358,359,360,361,362,364,365,366,369,371,372,390,392,394,397,401,402,409,411,412,415,419,433,434,436,441,449,457,458,460,469,527,533,556
25,75,76,86,87,88,92,93,94,95,96,97,98,99,101,102,103,104,105,107,109,112,115,116,118,120,122,123,126,130,132,133,135,142,143,147,149,156,157,159,160,162,164,165,171,179,181,182,185,192,196,199,201,202,203,208,212,215,216,225,227,237,242,243,246,247,249,251,260,271,273,274,276,279,290,299,305,312,313,314,315,316,317,322,327,331,334,339,343,345,351,352,355,361,363,365,372,373,376,378,381,382,385,388,391,398,402,408,414,423,424,425,427,429,431,432,438,454,491,515,559,640,654
26,39,57,87,88,89,90,91,93,95,96,97,99,100,101,102,103,107,108,109,110,111,112,113,114,116,118,121,124,125,126,127,128,129,131,134,136,137,138,142,144,145,147,149,153,155,159,161,165,170,171,173,174,177,179,186,190,192,193,194,199,203,204,214,216,217,219,220,227,228,235,236,241,243,250,257,266,272,282,284,290,291,298,305,309,310,318,319,320,329,330,331,332,338,340,341,342,343,346,352,355,356,358,359,361,364,365,366,368,369,370,372,376,394,412,413,414,416,417,432,433,437,442,443,444,447,465,474,499,545,585,682,695
27,63,71,86,90,92,93,94,96,97,98,99,100,102,103,104,105,106,107,108,109,110,115,116,118,119,120,121,122,123,124,125,127,129,130,132,133,134,135,137,141,142,144,147,150,152,156,158,159,160,163,167,171,172,181,184,185,186,187,189,193,194,196,200,202,204,206,210,211,212,213,215,216,224,226,227,230,231,234,235,239,241,242,248,253,259,261,273,285,294,301,302,303,305,306,308,312,315,320,321,322,327,335,337,342,346,354,357,359,360,361,362,365,369,371,373,377,380,388,389,390,393,395,398,401,402,407,413,433,436,495,515
28,85,88,89,90,91,92,93,94,95,96,97,100,101,102,104,105,106,109,110,111,112,113,114,115,116,117,118,119,120,121,122,123,124,130,135,138,139,140,141,142,143,144,145,146,147,149,151,152,153,154,155,164,165,169,173,174,175,179,186,188,193,195,197,200,201,204,205,207,208,216,217,219,220,221,222,223,224,226,234,236,237,243,245,248,250,251,257,259,260,266,272,291,296,299,301,312,314,315,326,329,334,338,348,349,354,360,363,375,376,378,382,398,416,425,428,439,464,468,479,514,608
29,74,75,78,81,85,86,87,89,90,91,92,93,95,96,97,98,99,100,101,102,103,105,106,107,109,110,112,113,115,116,117,119,121,122,123,124,125,126,127,128,129,130,132,133,134,135,136,137,139,140,141,142,143,144,145,146,148,151,156,157,158,159,161,162,165,167,169,170,174,178,179,181,186,189,191,193,194,197,198,199,200,201,203,206,207,208,209,216,218,221,225,231,235,241,243,245,247,248,252,256,260,261,271,286,287,289,329,347,348,355,357,360,362,363,365,368,372,373,383,386,387,406,407,430,464,474,484,521,549,599,666
30,85,87,88,90,91,92,93,94,96,97,98,99,100,101,102,103,104,105,106,107,109,110,112,113,115,116,117,118,120,121,122,123,125,126,127,128,130,131,132,133,134,135,137,138,139,140,141,142,143,144,145,146,147,149,150,151,153,154,155,156,158,159,160,161,162,163,165,176,181,182,183,184,185,186,191,193,194,198,202,205,209,211,213,218,219,221,224,225,226,228,229,230,233,237,241,242,248,252,255,270,277,284,296,298,352,363,371,389,397,437,458,462,511,543
31,78,82,85,86,87,89,90,93,95,96,97,98,99,100,101,102,103,104,105,107,108,109,111,112,113,114,115,116,117,118,119,120,121,122,123,124,125,127,128,129,130,131,132,133,134,135,136,137,138,140,141,142,143,144,145,146,147,148,149,150,152,153,154,155,156,157,158,159,161,163,164,165,166,168,170,172,173,174,175,177,183,185,186,191,192,195,196,197,198,199,201,202,204,205,215,216,217,218,220,221,232,235,237,239,241,246,253,258,265,291,294,343,426,516,537,628,637
32,3,74,78,80,83,84,85,87,88,91,94,96,97,98,100,101,102,104,105,106,107,109,110,111,112,113,114,115,116,117,118,120,121,122,123,124,125,126,127,128,129,130,131,132,133,134,136,137,138,139,140,141,143,145,146,147,148,149,150,151,152,153,156,157,158,159,161,162,163,165,167,168,172,182,184,186,188,189,191,192,195,196,197,204,205,206,207,210,212,213,215,216,218,228,230,231,232,233,234,235,237,239,240,243,247,253,262,263,264,267,275,278,282,289,291,303,308,394,454,543
33,85,86,87,88,89,90,91,92,95,96,97,98,100,104,105,106,107,108,109,110,112,113,114,115,116,117,118,119,120,121,122,123,125,126,127,128,129,130,131,132,133,134,135,136,137,138,139,140,141,142,143,144,145,146,147,148,151,152,153,154,156,157,158,159,160,162,163,164,168,171,173,174,175,180,181,183,184,190,191,192,194,195,201,203,204,205,206,207,212,214,216,219,223,225,226,227,228,230,232,233,234,237,238,240,241,242,244,245,247,248,252,256,258,259,264,267,271,272,273,275,277,288,290,294,295,301,320,340,524
34,79,87,88,89,91,92,93,94,95,98,100,101,102,105,106,109,111,112,113,115,116,117,118,120,121,122,123,124,125,126,127,129,130,131,132,133,134,135,136,137,138,139,141,142,143,145,146,147,148,149,150,151,152,153,154,155,156,157,158,159,160,161,162,163,164,166,168,169,170,171,175,182,184,190,193,196,201,203,204,207,209,210,212,213,214,216,217,218,221,224,229,230,231,240,249,256,262,263,264,269,281,293,298,305,308,318,340,342,349,395,420
35,22,85,86,90,91,92,94,95,97,98,99,100,101,102,103,104,105,106,107,108,109,110,111,113,114,115,116,117,118,119,120,121,123,124,126,127,128,130,131,132,133,134,135,136,137,138,139,140,141,142,143,144,147,148,149,150,152,153,154,156,157,158,159,160,161,162,163,164,166,167,169,173,174,175,176,177,182,184,185,186,188,189,195,196,198,199,203,204,212,214,217,219,222,223,224,226,228,230,231,233,238,239,240,246,247,248,252,263,267,270,277,278,282,285,287,290,301,315,318,325,335,346,351,363,403,512,576,583,696
36,83,90,92,95,96,97,99,100,102,104,105,106,107,108,109,110,111,112,114,115,116,117,118,119,120,121,122,123,124,125,126,128,130,132,133,134,136,137,138,139,140,141,145,147,148,149,150,152,153,154,156,158,159,160,162,164,165,166,168,170,173,175,176,177,178,181,183,185,186,195,196,197,198,199,200,202,203,204,206,207,211,212,215,217,222,224,227,233,235,236,238,239,240,241,242,246,247,248,251,261,281,308,309,325,364,373,554,695
37,18,61,73,79,83,93,94,103,104,106,107,109,110,112,113,114,115,116,117,118,119,120,121,123,124,125,127,128,129,130,131,132,133,134,137,138,139,140,141,142,143,144,145,146,147,148,149,150,151,154,155,158,160,161,162,163,165,167,169,170,172,174,178,179,183,187,188,193,195,196,198,200,205,207,209,213,214,215,216,219,221,222,228,231,234,235,236,239,242,243,247,251,266,267,273,292,293,294,304,306,310,355,367
38,87,88,93,95,97,98,100,101,102,103,105,107,110,111,112,113,114,115,117,118,120,121,123,124,126,128,130,131,132,133,134,135,136,137,138,141,143,144,145,146,147,148,149,150,151,153,154,155,156,157,158,159,160,161,162,164,167,168,169,170,171,173,175,183,191,192,196,197,198,199,201,203,207,210,212,216,219,221,223,225,230,232,233,234,237,238,245,247,256,257,262,264,273,274,280,283,293,309,326,332,344,347,350,355,374,411,582,590
39,47,89,91,92,95,99,100,101,102,104,105,106,107,108,109,110,111,112,113,114,115,116,117,118,119,121,122,126,127,129,130,131,132,134,135,137,138,139,140,141,143,144,145,146,147,149,150,154,155,158,160,161,163,166,167,168,169,171,172,173,177,178,179,181,185,187,188,189,195,197,198,201,202,203,204,205,207,211,213,214,216,217,219,221,222,224,226,234,236,241,242,245,246,252,253,255,259,260,262,272,274,278,289,299,335,356,357,384,448,643,685
40,94,95,96,97,99,101,104,105,107,108,109,110,111,112,114,115,116,118,119,120,121,122,123,124,125,126,127,128,129,130,131,133,134,135,136,139,140,141,142,143,144,145,146,149,150,151,154,155,157,159,160,162,163,165,166,167,170,171,172,173,174,175,176,179,183,191,192,196,197,199,200,203,204,206,207,208,209,213,219,221,223,230,233,237,238,241,244,247,249,252,253,255,256,260,267,271,277,282,283,284,289,291,297,298,301,360,531
41,8,92,94,97,99,100,101,102,103,106,107,108,109,110,111,112,114,115,117,119,121,122,125,126,127,128,131,132,133,135,136,137,138,139,140,141,142,143,145,146,147,148,149,150,151,152,153,154,155,158,159,161,162,163,164,165,166,167,168,169,173,175,182,187,189,190,192,198,200,203,206,209,214,216,217,220,222,224,226,231,236,237,240,241,242,243,245,248,259,260,261,265,276,281,284,301,303,306,314,316,324,347,375,420,642,647
42,84,97,98,100,103,104,105,106,107,108,109,110,112,113,115,116,117,118,119,120,121,122,123,124,129,130,131,132,133,134,135,139,140,141,143,144,146,147,148,149,151,152,156,157,158,159,160,162,163,166,167,169,170,175,177,178,181,187,191,192,193,194,197,199,200,201,202,204,205,206,209,210,211,212,216,218,219,220,221,225,227,229,230,231,236,237,240,242,243,247,255,269,273,278,279,290,299,310,315,323,329,334,336,337,347,425,439,465,537,546
43,101,105,106,111,114,115,116,117,122,124,125,126,127,128,129,132,133,134,137,138,139,140,141,143,144,145,146,147,148,150,154,156,157,159,160,163,168,172,173,174,175,178,179,180,183,195,197,198,199,206,208,212,216,221,223,224,225,236,239,241,250,254,255,256,257,258,270,271,275,281,284,305,312,323,336,343,353,417,594,639
44,25,108,109,110,111,112,114,115,117,118,119,120,121,122,123,124,126,130,133,134,135,136,140,141,142,143,144,145,146,150,156,160,161,162,163,165,166,167,168,170,171,173,176,180,181,182,183,184,187,188,192,193,195,196,199,201,202,203,204,205,206,209,211,212,213,214,215,219,221,223,226,227,230,237,240,241,247,250,255,257,267,271,272,275,282,285,286,296,306,314,404,589,625,689
45,96,102,105,109,110,111,114,119,120,121,123,124,125,126,127,129,130,131,132,133,134,135,136,137,138,139,140,141,142,144,145,147,148,150,151,152,154,156,158,160,161,162,164,165,166,168,169,170,171,173,175,176,178,180,181,185,194,199,200,201,203,204,205,210,211,213,215,217,218,219,221,222,223,225,232,233,236,239,240,243,247,248,250,252,257,260,261,265,270,271,273,283,303,304,305,330,331,342
46,106,107,109,113,114,115,118,119,121,122,123,124,125,127,129,130,131,133,135,137,138,143,144,147,148,150,151,152,153,154,156,157,158,159,160,162,163,165,167,168,169,170,171,177,178,180,181,184,185,186,187,188,190,193,194,196,198,199,206,209,212,213,214,217,218,220,221,222,223,238,248,251,259,260,263,274,284,290,298,305,318,365,404,509,631
47,28,101,109,115,116,120,121,124,125,127,128,129,130,131,132,133,134,135,138,139,140,141,142,143,144,147,149,150,152,154,155,156,157,158,159,160,162,167,168,170,173,180,181,182,190,193,196,197,202,203,222,223,225,226,231,234,239,246,250,253,254,256,260,266,269,272,277,280,286,293,326,330,336,351,499,632,679
48,115,118,119,121,124,125,127,129,131,132,134,137,138,141,145,146,147,150,151,153,156,157,158,159,161,162,165,166,167,171,175,176,181,182,184,186,188,193,198,202,210,214,215,217,222,223,225,229,233,235,236,237,251,252,260,261,270,271,281,334,355,614
49,117,118,119,122,123,125,129,131,132,133,134,135,137,138,139,141,142,143,144,145,146,149,151,152,153,154,157,158,160,161,162,163,164,165,167,169,170,171,172,177,179,181,185,187,191,194,195,199,201,207,213,227,235,246,250,256,269,275,279,283,292,314,356,364,479,510,524,535,599,645
50,118,125,126,131,135,136,137,139,141,143,144,145,146,147,148,149,150,151,153,155,156,157,160,162,163,164,173,174,180,183,189,193,194,201,208,217,223,225,227,231,234,243,244,253,273,303,308,337,341,350
51,122,123,126,134,136,138,142,143,146,147,148,149,150,151,156,157,158,159,162,163,166,167,170,172,173,177,178,180,181,182,183,184,186,187,188,192,194,199,200,202,203,204,209,211,214,218,219,222,224,225,237,248,251,252,262,269,274,292,301,309,343,376,432
52,7,47,125,132,135,141,147,152,153,156,157,161,162,170,172,175,176,187,193,198,202,204,212,213,219,232,241,249,255,260,269,285,303,321,333,455,540,541
53,72,125,128,131,139,143,161,162,165,172,174,176,178,186,190,195,196,208,213,214,217,220,228,239,241,250,299,311,536,664
54,20,58,156,177,199,262,315,696
55,38,389,499,509
56,36,407,511,615
57,54,311,424
58,57,335,365,591
59,21,85,384,455,515,600
60,95,446,485
61,314,397,471,585,614
62,60,207,424,474
63,147,358,402,453,497,550,625,647
64,307,550,616
65,95,402,604,643
66,229,248,406,439,488,512
67,429,499,557
68,18,106,189,351,599,625
69,214,320,570,574,677
70,27,229,329,428,504,634,650
71,39,312,495,696
72,
73,
74,
75,
76,
77,
78,
79,
80,
81,
82,
83,
84,
85,
86,
87,
88,
89,
90,
91,
92,
93,
94,
95,
96,
97,
98,
