14
0,356
1,93,134,171,292,370,458,670
2,8,121,172,184,188,222,261,471
3,64,117,320,335,351,364,529,619
4,1,97,250,371,402
5,9,70,374,455
6,34,118,217,228,237,307,449
7,27,537,582,624
8,334,442,548
9,31,64,85,135,204,250,350,380,508,635,639
10,19,20,58,106,147,184,192,259,415,442,472,645
11,12,110,134,147,172,208,293,297,443,475,553,680
12,202,239,334,503
13,30,104,216,223,448,553
14,56,139,175,196,201,203,326,418,455,544
15,41,91,178,187,189,190,191,221,223,227,265,441,469,655
16,43,53,59,94,124,177,233,246,273,281,447,453,623
17,21,32,35,36,37,39,42,47,49,50,55,108,134,277,412,415,440,481,524
18,28,29,30,31,32,33,35,37,38,39,40,41,42,44,45,46,47,49,50,51,52,53,54,56,59,61,63,64,69,73,78,83,84,95,153,273,277,359,401,476,527,638,639
19,16,25,29,30,31,32,33,34,35,36,37,38,39,40,41,42,43,44,45,46,47,48,49,50,51,52,53,54,55,56,57,58,59,60,61,62,63,64,65,66,67,68,69,70,71,72,74,76,77,78,80,81,84,85,86,87,88,90,92,94,131,267,532,590
20,22,24,25,26,27,28,29,30,31,32,33,34,35,36,37,38,39,40,41,42,43,44,45,46,47,48,49,50,51,52,53,54,55,56,57,58,59,60,61,62,63,64,65,66,67,68,69,70,71,72,73,74,75,76,77,78,79,80,81,82,83,84,85,86,87,88,89,90,91,92,93,94,95,96,97,98,99,100,101,102,103,104,105,106,107,108,109,111,112,113,114,126,128,129,131,132,133,134,135,136,138,139,141,142,145,147,162,282,441,511,649,651
21,27,28,29,30,31,32,33,34,35,36,37,38,39,40,41,42,43,44,45,46,47,48,49,50,51,52,53,54,55,56,57,58,59,60,61,62,63,64,65,66,67,68,69,70,71,72,73,74,75,76,77,78,79,80,81,82,83,84,85,86,87,88,89,90,91,92,93,94,95,96,97,98,99,100,101,102,103,104,105,106,107,108,109,110,111,112,113,114,115,116,117,118,119,120,121,122,123,124,125,126,127,128,129,130,131,132,133,134,135,136,137,138,139,140,141,142,143,144,145,146,147,148,149,150,151,152,153,154,155,156,157,158,159,160,161,162,163,164,165,166,167,168,169,170,171,172,173,174,175,176,177,178,179,180,181,182,183,184,185,186,187,188,189,190,191,192,193,194,195,196,197,198,199,200,202,203,204,205,206,207,208,209,210,211,213,214,215,216,217,218,219,220,221,222,223,224,228,229,230,234,235,236,238,239,241,242,249,254,255,417,433,443,446,450,536,571,638,662,693
22,10,22,24,26,27,29,30,31,32,33,34,35,36,37,38,39,41,42,43,44,45,46,47,48,49,50,51,52,53,54,55,56,57,58,59,60,61,62,63,64,65,66,67,68,69,70,71,72,73,74,75,76,77,79,80,81,82,83,84,85,86,87,88,89,90,91,92,93,94,95,97,98,99,100,101,102,103,104,105,106,107,108,109,110,111,112,113,114,115,117,118,119,120,121,122,123,124,125,126,127,128,129,130,131,132,133,134,135,136,137,138,139,140,141,142,143,144,145,146,147,148,149,150,151,152,153,154,155,156,157,158,159,160,161,162,163,164,165,166,167,168,169,170,171,172,173,174,175,176,177,178,179,180,181,182,183,184,185,186,187,188,189,190,191,192,193,194,195,196,197,198,199,201,202,203,204,205,206,207,209,210,211,212,213,214,215,216,217,218,219,220,221,222,223,224,225,226,227,228,229,230,232,233,234,235,236,237,238,239,241,242,243,244,245,246,247,248,249,250,251,252,253,254,255,256,257,258,259,260,261,262,263,264,265,266,267,268,269,271,272,273,274,275,277,278,279,281,282,283,284,285,286,287,288,289,291,292,294,295,296,298,300,304,305,307,308,309,310,311,314,316,318,319,326,327,329,332,336,340,352,353,354,366,384,398,569,646
23,24,25,26,27,28,29,30,31,32,33,34,35,36,37,38,39,40,41,42,43,44,45,46,47,48,49,50,51,52,53,54,55,56,57,58,59,60,61,62,63,64,65,66,67,68,69,70,71,72,73,74,75,76,77,78,79,80,81,82,83,84,85,86,87,88,89,90,91,92,93,94,95,96,98,99,100,101,102,104,105,107,108,109,111,112,113,114,117,118,119,120,121,122,123,124,125,126,127,129,130,131,132,133,134,135,136,137,138,139,141,142,143,144,145,146,147,148,149,150,151,152,153,154,155,156,158,159,160,161,162,163,164,165,166,167,168,169,170,171,172,173,174,176,177,178,179,180,181,182,183,184,185,186,187,188,189,190,191,192,193,194,195,196,197,198,199,200,201,202,203,204,205,206,207,208,209,210,211,212,213,214,215,216,217,218,219,220,221,222,223,224,225,226,227,228,229,230,231,232,233,234,235,236,237,238,239,240,241,242,243,245,246,247,248,249,250,251,252,253,254,256,258,259,260,261,262,263,264,265,266,267,269,270,271,272,277,278,279,283,286,288,290,292,295,297,298,301,303,308,309,310,313,315,318,328,329,330,334,337,338,344,348,404,430,462
24,23,24,27,28,29,30,31,32,33,34,35,36,37,38,39,40,41,42,43,44,45,46,47,48,49,50,51,52,53,54,55,56,57,58,59,60,61,62,63,64,65,66,67,68,69,70,71,72,73,74,75,76,77,78,79,80,81,82,83,84,85,86,87,88,89,90,91,92,93,94,95,97,99,100,101,102,103,104,105,106,107,108,109,110,111,112,113,114,116,117,118,119,120,121,122,123,124,125,126,127,128,129,130,131,132,133,134,135,136,137,138,139,140,141,142,143,144,145,146,147,148,149,150,151,152,155,156,157,158,159,160,162,163,164,165,166,167,168,169,170,171,172,173,174,175,176,177,178,180,181,183,184,185,186,187,188,189,190,191,192,193,194,195,196,197,198,199,201,203,204,205,207,208,209,210,211,212,213,215,216,217,218,219,220,222,224,226,227,228,229,231,232,234,235,236,237,239,242,243,244,245,246,247,248,249,250,251,254,255,258,259,262,263,264,266,267,268,271,274,275,276,277,281,283,286,288,290,291,293,294,297,299,300,301,304,306,310,314,315,319,322,324,326,335,339,343,364,368,381,392,406,407,450,484,530
25,1,6,20,23,25,26,27,28,29,30,32,33,34,36,37,38,39,40,41,42,43,44,45,46,47,48,49,50,51,52,53,54,55,56,57,58,59,60,61,62,63,64,65,66,67,68,69,70,71,72,73,74,75,76,77,78,79,80,81,82,83,84,85,86,87,88,89,90,91,92,93,94,96,97,98,99,100,101,102,103,104,105,106,110,111,112,113,114,115,116,117,118,119,120,121,122,123,124,127,128,129,130,131,132,133,134,135,136,138,139,141,142,143,144,145,146,147,149,150,151,152,153,155,156,157,158,159,160,161,162,163,164,165,166,167,168,169,170,171,173,174,175,177,179,180,181,183,184,185,186,187,188,189,190,191,192,193,194,195,196,197,198,199,200,201,202,203,204,205,207,208,209,210,211,212,213,214,215,217,218,220,222,223,224,225,226,227,228,229,230,231,232,233,234,235,236,237,239,240,241,242,243,245,247,248,250,251,252,253,254,255,258,259,260,261,264,265,266,267,268,270,273,275,278,281,282,283,290,292,295,296,298,300,302,310,313,333,340,353,355,366,369,374,484
26,19,22,24,25,26,27,28,29,30,32,33,34,35,36,37,38,39,40,41,42,43,44,45,46,47,48,49,50,51,52,53,54,55,56,57,59,60,61,62,63,64,65,66,67,68,69,70,72,73,74,75,76,77,78,79,80,81,82,83,84,85,86,87,88,89,90,91,92,93,94,95,96,97,98,99,100,101,102,103,104,106,107,109,110,111,112,113,114,115,116,117,118,119,120,121,122,123,124,125,126,127,128,129,131,132,133,134,135,136,137,138,139,140,141,142,143,144,145,147,148,150,152,154,157,158,159,160,162,163,164,165,166,167,168,169,170,171,173,174,175,176,177,178,179,180,181,182,183,184,185,186,187,188,190,191,193,195,196,197,198,199,200,202,203,205,207,208,209,210,212,213,214,215,216,218,219,220,221,224,225,226,229,230,232,234,235,238,240,243,244,246,249,250,251,252,253,254,256,262,265,266,268,269,270,271,272,273,276,281,283,290,292,293,296,297,299,303,306,309,313,317,323,326,330,338,353,355,358,361,376,425,449,451,452,453,455,457,460,461,462,464,465,474,484,489,490,507,516,640
27,28,29,30,31,32,34,35,36,37,38,39,40,41,43,44,45,46,47,48,49,50,51,52,53,54,55,56,57,58,59,60,61,62,63,64,65,66,68,69,70,71,72,73,74,75,76,77,78,79,80,81,83,84,85,86,87,88,89,90,91,92,93,94,95,96,97,98,99,100,101,102,103,104,105,107,108,109,110,111,112,113,114,115,117,118,119,121,122,123,124,125,127,128,129,130,131,132,134,135,136,137,138,139,140,141,142,143,145,146,147,148,149,150,151,152,153,154,155,157,158,159,160,161,162,163,164,165,167,168,169,170,172,173,174,175,176,177,178,180,181,182,183,184,186,187,188,189,190,191,192,193,194,198,199,200,201,202,203,205,206,207,209,210,211,213,214,215,216,217,218,220,221,222,224,226,229,230,231,232,234,236,237,238,239,240,241,243,245,247,248,251,253,255,256,258,263,265,266,267,268,270,273,282,288,293,297,298,302,309,310,316,319,331,348,352,380,450,469,474,486,487,507,666
28,31,33,34,35,36,37,38,39,40,41,42,43,44,45,46,47,48,49,50,51,52,53,54,55,56,57,59,60,61,62,63,64,65,66,68,69,70,71,72,73,74,75,76,77,78,79,80,81,82,83,84,85,86,87,88,89,90,91,92,93,94,95,96,97,98,99,100,101,102,103,104,105,106,107,108,109,110,111,112,113,114,115,116,117,118,119,120,121,122,123,124,125,126,127,128,129,130,131,132,134,135,136,137,138,139,140,142,143,144,145,146,149,151,152,154,155,156,157,158,159,160,161,162,163,164,165,167,169,170,171,172,173,174,175,176,177,178,180,181,183,184,185,186,187,189,191,192,193,194,195,196,197,198,199,201,202,203,205,207,210,211,212,213,214,215,217,218,220,221,222,223,224,225,226,227,228,229,230,231,233,234,236,238,239,242,243,244,246,247,251,252,253,255,256,257,259,260,262,265,266,268,269,271,278,279,281,283,286,287,288,290,292,296,297,298,304,308,311,313,314,315,323,324,328,331,346,347,348,353,361,372,381,382,405,480,609,650,671,692
29,19,28,29,31,34,35,36,40,41,42,45,46,47,48,49,50,51,52,53,54,55,56,57,58,61,62,63,64,65,66,67,68,69,70,71,72,73,76,77,78,79,80,81,82,85,86,87,88,89,93,94,95,96,97,98,99,100,101,102,103,104,105,106,107,108,111,112,113,118,119,120,121,122,123,126,127,129,130,131,133,134,135,136,137,140,141,142,143,144,145,146,147,148,149,150,151,153,154,155,156,157,158,160,161,162,164,165,166,167,168,169,171,172,173,174,176,177,178,179,180,181,182,183,185,187,188,189,190,191,192,193,194,198,199,200,201,203,204,205,207,208,211,213,215,217,219,221,223,225,228,232,233,235,236,241,242,245,247,249,251,253,256,264,269,277,278,282,287,292,301,303,328,341,351,360,469,528,615,653
30,32,33,34,35,36,37,38,39,40,41,42,43,44,45,46,47,48,49,50,51,52,53,54,55,56,57,58,60,61,62,63,64,66,68,69,70,71,72,73,74,75,76,77,78,80,81,82,83,84,85,86,87,88,89,91,92,93,94,96,97,98,99,100,101,103,104,105,106,107,108,109,110,111,113,114,115,116,117,118,119,120,122,123,124,125,126,127,128,129,130,131,134,135,136,137,138,141,142,143,145,146,147,148,149,151,152,153,154,155,156,157,158,159,160,161,162,163,164,165,167,170,171,172,175,178,179,180,181,182,183,184,185,187,188,189,190,193,194,195,196,197,198,204,205,207,208,209,210,212,213,215,216,217,218,220,221,223,225,227,228,229,230,231,232,235,237,238,239,242,244,246,247,249,250,251,253,255,257,259,260,261,263,264,266,267,268,271,272,273,276,277,278,281,282,283,285,288,292,295,296,298,301,304,305,310,313,315,316,318,321,329,330,343,344,354,355,360,370,383,392,399,429,510
31,30,35,39,40,41,42,43,45,46,48,49,50,51,52,53,54,55,56,57,58,59,60,61,62,63,64,65,66,67,68,69,70,72,73,74,75,77,78,79,80,82,83,85,86,87,88,89,90,91,92,94,95,97,98,99,100,102,103,104,105,107,108,110,111,112,113,114,115,117,118,121,122,125,126,127,132,134,135,136,137,138,139,140,141,142,143,144,145,146,147,148,149,150,151,152,153,154,155,156,157,158,159,160,161,162,163,164,165,166,167,170,172,173,174,175,177,178,179,180,181,182,183,184,185,186,187,190,191,194,195,196,197,198,199,200,201,202,203,205,207,208,211,212,213,214,216,217,220,222,223,229,231,232,233,234,235,236,238,239,240,244,246,248,249,252,254,258,259,260,261,263,264,267,268,271,272,273,274,276,277,278,282,284,288,290,291,293,296,299,304,305,308,312,322,323,328,332,342,345,347,350,363,399,406,411,416,437,502
32,2,21,26,32,38,39,41,42,43,45,46,47,50,51,52,53,54,55,56,57,58,59,60,62,63,64,65,66,67,68,69,71,72,73,74,75,76,77,78,79,80,81,82,83,84,85,86,87,89,90,91,92,93,94,95,96,97,98,99,100,101,102,103,104,105,106,108,109,110,111,112,113,114,115,116,117,118,119,120,121,123,124,125,126,129,130,131,132,133,134,135,136,137,138,139,140,142,144,145,146,147,148,149,150,151,152,154,155,156,157,158,159,160,161,162,163,164,165,166,167,168,169,170,171,172,173,175,176,177,179,180,181,182,184,185,186,187,188,189,191,192,193,194,195,196,197,198,199,202,203,205,207,208,209,210,211,212,213,214,215,216,218,219,220,221,222,223,224,225,226,227,229,230,231,232,234,235,236,237,238,239,241,242,243,244,248,249,250,251,252,253,254,256,257,258,259,260,261,262,264,265,266,267,268,270,271,272,273,274,275,277,281,282,283,284,285,286,287,289,292,293,295,296,297,298,299,302,303,304,306,307,310,311,315,318,325,329,330,332,333,334,340,343,344,347,352,354,362,371,379,399,436,490
33,25,37,40,44,45,46,47,48,49,50,51,52,53,54,55,56,57,58,59,60,61,62,63,64,65,66,67,69,70,71,72,73,74,75,76,79,80,82,83,85,86,87,89,90,91,93,94,95,96,97,98,99,101,102,103,106,108,109,110,111,112,117,118,119,121,125,128,131,132,133,137,138,139,141,142,143,144,145,146,147,148,149,150,151,152,153,154,155,156,157,158,159,160,161,163,165,167,169,170,171,172,174,175,177,178,179,180,181,182,183,184,185,186,187,188,189,190,191,192,193,194,195,196,197,198,199,200,202,203,204,205,206,208,209,211,212,214,215,216,218,219,221,222,223,224,225,226,228,229,231,232,233,235,236,237,240,242,243,245,246,247,249,250,251,253,254,256,257,258,260,261,262,263,266,269,272,273,274,275,277,278,280,281,282,283,287,290,297,305,306,308,309,314,315,319,326,327,328,346,361,364,365,385,397,425,453,456,460,651
34,4,17,38,41,42,44,46,48,49,50,51,52,53,54,59,62,63,64,65,66,67,68,69,71,72,74,76,77,78,79,80,81,82,83,84,86,87,88,89,90,92,93,94,95,96,97,98,99,100,101,102,103,104,105,106,107,108,109,110,111,112,113,114,115,116,118,119,121,126,127,128,131,132,134,135,136,137,139,140,141,142,143,144,145,146,147,148,149,151,152,153,157,159,160,161,162,163,169,170,172,173,174,175,176,179,180,181,182,184,185,186,187,188,189,192,193,196,197,198,200,202,204,205,207,208,209,210,211,213,214,215,216,217,218,219,220,221,222,224,225,226,227,228,229,230,231,232,233,234,235,236,237,238,239,240,241,242,243,244,247,248,249,251,252,254,256,257,258,259,260,262,263,264,265,267,268,269,270,271,272,274,275,276,277,278,279,280,281,282,285,286,287,288,289,290,292,293,296,297,298,300,301,303,304,305,306,307,310,311,312,314,316,317,318,319,323,324,325,327,328,329,330,331,333,334,335,336,341,342,345,347,348,349,350,355,356,358,362,364,365,366,379,380,381,391,421,428,443,448,453,460,466,471,481,483,485,523,611,635,642
35,34,45,50,51,53,54,55,56,57,58,59,60,61,62,63,65,66,67,69,70,72,73,74,75,76,77,78,79,81,82,83,84,87,88,91,93,94,95,96,97,98,99,101,102,105,112,116,117,129,130,136,137,138,140,141,142,143,145,147,148,150,152,153,154,155,156,157,159,161,162,164,165,166,167,168,169,170,171,173,174,175,176,177,178,179,180,181,182,183,184,185,186,187,188,189,190,191,192,193,194,195,196,197,199,201,202,203,204,205,206,207,208,209,210,211,212,213,214,216,218,219,220,222,223,224,226,227,228,229,231,232,235,236,237,238,239,240,243,244,245,246,247,248,249,251,252,253,254,255,258,259,260,261,263,265,266,267,268,269,270,271,272,274,275,276,277,278,279,280,281,283,284,286,289,292,293,296,297,298,299,300,302,303,306,307,310,312,314,317,319,323,324,325,326,327,329,330,331,332,336,337,339,340,341,342,351,354,356,361,364,365,370,392,401,408,410,425,426,434,439,440,446,452,453,458,461,470,478,480,493
36,40,43,45,47,48,49,50,52,53,54,55,56,57,58,59,60,61,62,63,64,66,68,69,70,73,74,78,79,80,81,82,83,84,85,87,89,90,94,95,96,98,100,101,102,103,104,105,107,108,109,110,111,112,113,114,115,118,121,123,124,127,128,130,131,136,138,140,146,148,149,151,153,154,155,157,158,159,160,161,164,165,167,168,169,170,171,175,177,178,184,185,186,187,188,190,193,194,195,196,200,202,204,205,206,207,208,210,211,212,213,214,216,217,221,223,225,226,228,229,230,232,233,234,235,236,237,238,239,241,243,247,248,249,250,251,252,253,254,256,257,258,259,260,261,262,264,265,266,267,269,270,271,272,273,274,275,276,277,280,281,282,283,284,288,289,290,292,293,294,295,296,298,299,300,302,306,307,308,312,313,314,315,316,317,319,320,322,323,325,327,329,335,337,343,348,350,351,352,359,361,362,364,365,370,374,375,377,378,380,381,389,392,395,396,399,400,401,402,406,412,415,417,418,419,423,427,429,436,438,442,453,455,457,461,464,465,468,472,473,475,476,477,479,480,485,486,500,533
37,26,30,36,43,48,51,52,53,55,56,57,58,59,61,62,63,65,66,67,68,69,70,71,72,73,74,75,77,78,79,80,81,82,84,85,88,89,90,91,92,93,94,95,96,99,100,101,103,105,106,108,115,118,120,121,122,124,128,129,134,136,141,143,144,146,147,150,151,152,156,158,160,161,163,167,171,172,173,175,176,177,179,181,182,184,190,191,192,194,195,196,197,198,199,200,203,204,205,206,208,209,210,211,214,215,216,219,220,222,223,227,228,230,232,233,234,235,236,237,239,240,244,247,248,249,250,251,253,255,258,259,260,264,266,268,269,271,275,278,279,280,282,284,287,289,290,294,297,299,300,301,305,307,312,315,318,325,328,329,333,335,336,337,340,342,345,348,356,358,360,370,377,380,381,385,389,390,391,396,398,405,406,407,409,410,411,415,420,422,427,429,430,431,433,435,447,449,450,456,459,463,468,470,477,478,631
38,44,47,48,50,51,52,53,54,55,57,58,59,60,61,62,63,65,66,67,68,69,70,71,73,75,76,77,78,79,82,83,84,85,86,87,88,89,90,91,92,93,94,95,97,99,100,101,102,103,105,106,107,108,109,110,112,113,114,115,116,118,119,121,122,123,125,127,129,130,136,140,145,149,150,151,152,153,154,155,157,158,159,162,164,165,166,167,168,171,173,174,175,177,179,180,181,183,184,185,186,187,189,190,191,194,196,197,198,199,201,202,203,204,205,207,208,209,212,213,214,218,219,221,222,223,225,226,227,228,229,230,231,232,233,234,235,237,238,239,240,241,242,244,245,251,254,256,257,258,259,262,267,268,270,271,273,277,278,280,281,282,283,288,289,299,302,304,305,307,308,318,321,322,324,327,329,334,342,349,371,374,375,385,394,397,398,404,405,409,415,417,419,421,424,426,429,433,437,442,445,450,454,458,460,463,465,469,475,476,481,484,490,500,510,517,522,533,583,586
39,39,40,46,47,49,50,51,52,54,55,56,59,60,61,62,63,64,67,68,69,70,71,72,73,74,75,76,77,78,79,81,82,83,84,85,87,88,89,90,91,92,93,94,95,96,97,98,99,100,103,104,105,106,107,109,111,114,118,119,124,138,143,146,148,152,155,156,158,163,164,167,168,172,175,176,178,180,181,183,184,187,189,190,194,195,196,197,199,200,201,202,203,204,205,206,207,208,209,210,211,212,214,215,217,218,219,220,223,225,226,227,228,229,230,231,233,234,238,239,242,243,244,245,246,251,252,253,255,256,258,259,260,261,264,266,267,268,270,275,280,281,282,290,291,292,294,296,297,299,301,303,306,309,313,314,315,318,332,333,334,340,343,347,348,349,351,361,363,365,366,369,376,381,385,388,392,396,404,413,415,422,423,436,439,443,460,464,468,510,533,565,574
40,48,52,53,54,55,56,57,58,59,62,64,65,66,68,69,70,71,72,73,74,76,77,79,80,82,83,84,85,86,87,88,89,90,91,93,94,95,96,99,100,102,105,106,107,108,109,111,114,117,118,120,121,125,126,127,128,129,130,131,145,148,150,151,152,154,157,160,161,162,165,168,169,170,173,174,175,177,181,183,186,187,188,190,191,192,193,195,196,197,198,199,200,205,207,208,209,210,212,213,216,217,218,219,220,223,224,225,226,227,228,229,233,234,235,237,238,240,243,246,247,248,249,250,251,252,253,255,256,257,258,260,262,263,266,269,271,273,275,276,283,285,286,291,296,299,301,302,304,306,309,310,313,315,316,317,318,322,342,345,349,351,355,358,359,361,368,371,376,378,407,414,434,441,456,494,610
41,42,49,52,53,54,55,56,57,58,59,60,61,62,63,64,65,66,71,74,75,76,77,80,81,82,85,88,89,90,91,93,94,95,96,97,98,99,100,101,102,103,104,106,107,109,110,112,113,114,115,117,118,122,123,125,126,129,131,132,134,144,149,151,153,156,159,165,170,171,172,180,182,187,188,193,194,196,200,204,206,207,208,210,211,213,214,216,219,222,223,224,229,230,231,232,233,234,235,236,240,241,243,247,249,250,252,253,254,255,256,257,258,261,262,263,265,266,267,269,270,273,275,277,279,280,283,285,288,289,290,294,299,303,308,309,311,319,321,323,325,326,327,328,329,331,332,333,334,335,336,337,339,341,344,350,357,360,362,371,372,378,382,383,384,386,388,389,399,400,405,412,413,419,450,471,485,511,582,655
42,43,47,49,50,51,53,54,57,58,59,60,62,63,64,65,66,67,69,70,72,73,74,75,76,77,78,79,80,81,82,83,84,86,88,89,90,91,92,93,94,95,97,98,99,100,101,102,103,105,106,107,109,110,111,113,116,117,118,121,122,124,126,128,131,132,134,136,142,146,151,152,164,169,176,178,180,181,185,188,190,194,195,197,200,201,202,204,205,206,207,209,210,211,212,220,221,222,226,228,230,231,232,234,237,239,241,243,249,250,253,254,256,257,259,262,264,266,269,270,271,274,276,283,286,289,295,298,301,306,308,310,312,314,317,319,320,328,329,332,335,338,344,347,348,352,353,354,356,357,366,418,570
43,38,51,52,54,56,57,59,60,61,62,65,66,67,68,69,71,72,73,74,75,77,78,79,81,84,86,88,89,90,91,92,93,95,96,98,100,102,103,104,107,108,109,111,112,113,114,115,116,117,118,121,122,127,128,129,130,131,134,136,140,141,149,152,155,167,176,179,180,181,182,185,188,191,193,195,197,199,200,201,203,205,206,208,213,214,216,217,222,224,226,227,232,237,238,243,247,258,259,260,263,267,271,273,279,281,287,290,301,302,307,308,312,316,318,322,327,348,351,353,373,376,381,398,408,412,433,434,436,623
44,22,28,50,51,52,56,57,58,60,61,62,63,64,65,66,67,70,71,72,73,74,76,78,79,81,82,83,84,87,88,89,90,91,92,94,96,97,98,99,100,101,102,103,104,105,106,107,108,109,111,112,113,114,115,116,117,118,119,120,121,123,124,125,127,128,129,130,131,134,135,136,144,146,148,152,153,154,160,162,163,165,167,190,195,199,203,206,209,217,219,220,224,228,238,243,244,245,247,248,249,250,252,255,257,261,265,272,274,278,279,283,285,289,299,307,309,316,323,324,329,340,346,348,353,364,376,393,416,437,476,499,601,604,653,657
45,46,56,63,64,67,69,70,71,72,73,76,77,78,79,80,81,82,83,84,85,86,87,89,90,91,92,93,94,95,96,97,98,99,101,102,103,104,105,108,109,110,111,113,114,115,116,117,119,120,123,126,135,138,139,145,147,151,153,158,163,164,166,169,174,175,179,182,185,186,188,196,199,200,201,202,204,206,209,210,211,212,213,214,215,217,222,223,225,226,233,234,235,236,237,238,240,242,247,249,251,253,254,256,257,259,261,262,265,267,269,273,274,278,286,290,294,297,300,311,315,316,345,351,355,357,398,439,660,678
46,55,56,57,59,60,61,62,63,64,65,66,67,69,70,71,72,73,74,75,76,77,78,79,80,81,83,84,85,86,88,90,92,94,96,98,101,102,104,107,108,111,112,113,115,117,118,119,120,121,122,123,124,125,126,127,128,129,130,131,132,135,139,140,143,151,152,159,161,162,167,169,170,171,172,173,175,176,177,178,181,182,183,184,191,192,196,202,203,205,206,207,208,209,210,214,216,217,223,231,232,236,239,241,245,246,247,251,253,254,262,269,280,286,290,308,311,315,343,351,359,396,402,403,415,485,503,563,699
47,6,26,52,54,56,57,58,59,61,62,63,65,66,67,68,69,70,71,72,74,75,77,78,79,80,81,82,85,86,87,89,90,91,92,94,95,97,98,99,100,102,103,104,106,107,108,109,111,112,113,114,116,117,118,119,120,122,123,124,126,128,130,132,134,136,138,139,140,141,146,154,155,156,157,159,160,161,162,164,165,166,167,169,170,171,174,177,179,180,181,182,184,186,187,189,190,191,193,194,209,210,215,216,225,226,227,228,234,240,242,246,249,251,252,253,255,258,259,261,262,265,266,270,272,273,275,277,279,280,282,283,284,285,287,289,290,292,296,297,298,300,302,303,304,306,307,309,312,316,317,319,322,341,343,346,347,352,354,382,399,518,528,575,669
48,53,56,57,58,61,62,63,64,66,70,71,73,74,75,76,77,78,79,80,81,83,84,85,86,87,90,91,92,93,94,95,96,97,98,99,100,101,102,104,105,106,107,109,110,111,112,113,115,116,117,118,120,121,123,127,129,130,131,133,143,145,146,150,151,155,156,157,159,164,175,176,177,179,181,182,183,184,185,186,188,190,193,195,196,197,199,200,202,204,212,214,215,216,217,221,223,224,226,229,235,246,248,249,251,252,256,260,264,267,271,272,280,283,288,289,294,298,299,301,303,315,327,329,333,336,351,365,389,459
49,37,50,52,57,58,61,62,63,64,66,67,69,70,71,72,73,74,75,76,78,79,82,83,84,85,86,87,88,89,90,91,92,93,95,96,97,98,99,101,102,103,104,107,109,110,111,112,115,118,119,121,124,125,126,127,129,130,133,135,136,137,138,139,140,150,159,163,164,166,167,168,172,173,175,177,180,181,184,185,187,190,192,193,194,202,203,209,211,214,216,217,219,220,223,224,230,238,239,242,246,250,252,254,255,262,268,269,284,285,286,288,290,294,295,296,297,304,305,308,310,317,322,327,338,503,582
50,10,50,53,55,58,59,60,61,62,63,64,65,66,68,70,71,72,74,75,76,78,79,80,81,82,83,84,85,86,88,89,90,94,95,96,97,98,100,101,103,104,105,106,107,110,116,117,118,119,120,121,122,123,124,125,126,127,129,130,135,139,149,155,156,166,167,169,170,173,175,177,179,183,186,189,191,197,198,199,202,204,209,215,218,221,222,227,231,232,233,235,243,246,247,248,258,260,267,273,280,669,679
51,24,51,52,53,54,55,57,58,59,60,62,63,65,66,67,69,70,71,72,73,77,78,80,83,85,86,89,90,91,92,93,95,96,99,100,101,102,103,104,105,106,107,108,110,112,113,114,115,117,118,119,120,121,122,123,124,126,128,133,134,135,138,139,140,141,142,152,155,159,163,166,171,175,176,177,179,180,181,191,195,251,254,261,268,270,279,285,295,303,349,364,366,375,423,534
52,8,46,47,48,49,50,51,52,53,54,55,56,57,59,60,62,64,66,67,68,70,71,73,76,77,79,80,81,82,84,85,86,88,90,91,94,95,96,97,99,100,101,103,104,105,107,108,109,111,112,114,115,116,117,118,122,124,126,127,129,132,133,136,138,139,151,175,188,192,196,200,206,208,210,211,213,222,223,224,228,230,238,240,264,268,269,272,283,318,454,577,672
53,47,50,52,54,55,56,57,58,60,61,62,63,64,65,66,67,68,69,70,71,73,75,76,78,80,82,83,84,86,87,89,93,94,96,99,102,104,109,110,111,112,114,116,117,118,119,120,123,125,126,127,128,129,131,135,140,141,142,143,144,157,163,170,173,179,187,190,195,197,203,209,215,217,219,221,222,277,509
54,5,51,53,54,56,58,59,63,65,66,68,69,71,72,73,74,75,76,79,80,82,86,87,91,93,94,97,98,101,102,106,108,111,112,118,120,122,123,130,131,135,136,137,138,141,145,148,154,175,219,222,268,446,544,563
55,51,55,58,59,71,72,74,75,77,79,81,82,83,84,85,86,87,90,91,92,93,94,95,97,98,99,100,103,109,111,112,114,117,119,121,122,123,124,126,130,150,159,211,218,251,604,691
56,38,43,51,70,73,75,76,78,82,84,87,88,89,90,91,94,100,103,104,105,107,111,119,124,126,127,129,130,134,174,179,320,365,424,519,525
57,22,78,107,123,124,125,126,140,151,164,179,338
58,29,177,300,453,502,614,685
59,16,531,559,656
60,210,551,671
61,138,306,346,362,502,586,623
62,401,471,584
63,75,161,249,292,586
64,41,68,304,407,413
65,17,343,371,480,617,636
66,19,342,350,358,395,405,474,507,530
67,34,55,60,226,401,502,504
68,11,35,502,507
69,45,222,420,472
70,166,609,624,653,688
71,356,465,538
72,151,284,424,694
73,45,133
74,10,291,363,611
75,92,105,456,483,504,611,666,677
76,
77,
78,
79,
80,
81,
82,
83,
84,
85,
86,
87,
88,
89,
90,
91,
92,
93,
94,
95,
96,
97,
98,
