0
0,101
1,39,48,107,129,152,456,491,531,581
2,80,232,461
3,7,82,83,277,289,505,621
4,67,69,70,73,74,75,76,77,80,82,83,84,85,86,87,89,90,91,95,96,97,98,99,100,103,104,105,109,114,118,130,172,500
5,66,67,68,69,70,71,72,73,74,75,76,78,79,80,81,82,83,84,85,86,88,89,91,92,93,94,95,96,98,99,100,101,102,103,104,106,107,108,109,110,112,113,114,115,116,118,119,120,121,123,125,126,129,131,134,135,136,137,145,150,157,180,213,331,396,406,509,571
6,22,58,60,64,67,68,70,71,72,75,77,79,81,82,83,84,85,86,87,88,89,91,92,93,94,95,96,98,99,100,101,102,103,104,105,109,110,111,112,113,114,115,116,117,118,119,121,122,123,124,125,127,128,130,131,132,133,134,136,142,144,145,146,148,149,152,155,156,157,159,161,163,164,165,171,178,180,181,183,190,194,223,238,259,355,400,440,569,576,581,582,594,600
7,66,67,70,71,73,74,75,76,77,78,79,80,81,82,83,84,85,87,88,89,90,92,93,94,95,96,97,98,99,100,102,105,106,107,108,109,110,114,115,118,119,120,124,125,126,127,128,129,131,132,135,136,140,141,144,146,148,149,150,151,154,161,162,163,165,169,171,174,185,192,194,199,200,210,239,261,267,272,289,304,515,547,575,576,580
8,62,65,67,68,72,73,74,75,76,78,79,80,81,82,83,85,86,87,88,89,90,91,92,93,94,95,96,97,99,100,102,103,104,105,106,107,109,111,112,113,114,115,116,118,120,121,123,124,125,126,131,132,134,136,137,139,140,141,142,149,151,152,154,156,159,173,174,176,177,184,188,197,198,217,220,224,228,237,239,256,258,275,403,417,473,478,600,601,622,627
9,5,13,61,67,69,70,71,73,74,75,76,77,80,81,82,83,84,85,86,87,88,89,91,92,93,96,97,100,101,102,103,104,105,109,110,111,112,115,118,119,123,124,127,128,129,131,132,133,137,139,141,142,143,144,145,146,151,153,155,157,159,163,173,174,178,181,184,185,189,190,193,198,202,213,231,232,251,254,271,274,295,304,594
10,58,67,69,72,74,76,77,78,79,80,81,83,84,85,86,87,88,90,91,92,93,96,97,98,101,105,108,109,112,113,115,116,117,120,123,124,125,126,127,131,132,133,134,137,138,141,143,145,146,152,154,157,160,169,171,172,173,176,177,178,181,182,185,188,200,215,216,221,229,238,257,278,282,309,329,434,574,581,587,591,613,629,638,685,693
11,64,67,69,70,71,73,74,75,76,78,79,80,81,82,83,84,85,86,87,88,89,90,92,93,94,95,96,97,101,102,103,104,105,106,107,108,109,110,112,115,118,119,120,121,122,125,126,127,131,132,134,136,139,140,141,144,148,150,154,162,163,168,170,180,184,190,198,202,206,213,231,249,279,288,449,469,564,581,586,595,599,617,620,624,637
12,70,73,74,75,78,79,80,81,82,83,84,85,86,87,88,89,90,95,96,97,99,100,101,102,103,104,105,107,108,109,111,113,114,115,116,117,118,119,122,124,125,126,128,129,130,131,132,133,134,135,137,138,139,140,142,147,148,153,155,165,166,168,172,188,189,194,196,206,208,220,221,243,245,251,305,350,479,537,594,612
13,40,53,62,71,72,73,74,75,76,77,78,79,81,84,86,87,89,90,91,92,93,94,95,97,98,99,100,101,102,103,105,106,113,115,116,117,118,120,121,122,127,128,130,131,133,134,135,144,145,146,148,149,151,156,163,171,174,179,184,187,190,194,197,201,206,208,213,219,242,256,258,260,575,582,600,602,608,628,631
14,56,67,75,76,77,78,79,80,86,87,89,91,94,96,99,100,101,102,103,104,107,110,111,112,113,115,116,119,121,122,125,126,127,129,133,135,144,152,153,158,161,167,177,181,187,188,195,202,203,205,209,238,241,246,327,501,593,609,614,635,652,667
15,40,71,73,74,75,78,79,80,83,84,85,86,90,91,92,93,94,95,97,100,102,103,106,107,108,110,111,112,114,115,116,117,119,120,122,125,126,127,128,130,134,139,141,142,148,149,151,154,158,167,170,173,181,182,185,194,205,219,240,244,279,324,333,337,385,607,626,639,642,666
16,75,76,78,80,82,83,84,85,89,91,92,94,95,96,97,98,99,100,101,102,104,106,107,110,111,112,113,114,115,117,118,119,121,123,124,125,128,129,130,131,133,134,135,136,138,143,144,148,151,153,154,155,157,161,172,173,174,196,201,206,219,221,225,236,339,364
17,64,71,75,81,83,84,85,89,91,93,95,96,97,98,99,100,101,102,103,104,105,107,108,109,110,111,112,114,115,117,119,121,122,124,126,127,135,136,140,143,153,161,182,184,186,190,203,206,208,209,218,225,229,243,257,401,447,610,651
18,75,79,80,81,90,91,93,94,95,96,98,100,101,102,104,105,107,108,109,110,111,113,114,115,116,118,121,123,125,126,130,135,140,143,144,145,146,152,153,158,166,185,198,199,207,209,215,218,229,245,262,272,367,392,575,596,648,676
19,3,61,73,78,83,84,86,87,89,90,92,93,100,101,103,104,105,107,108,110,113,117,119,120,121,122,123,124,125,126,128,129,132,133,136,137,138,141,144,148,149,153,156,162,164,165,169,172,173,179,189,198,199,205,217,226,231,239,247,251,294,355,508,563,576,581,604,612
20,88,90,91,94,97,99,100,105,107,108,110,111,112,113,114,115,116,117,122,124,125,126,128,130,131,132,133,136,138,139,143,145,148,149,152,154,157,159,161,165,168,170,176,189,195,214,224,241,273,317,363,365,556,570,608,616,622,629,696
21,65,85,89,92,93,94,96,97,98,99,100,101,103,106,107,108,111,112,113,114,117,118,119,121,122,125,126,127,128,129,130,132,135,136,137,139,140,145,152,155,157,158,160,162,178,184,187,224,235,311,379,452,455,587,589,598,606,608,615,620,645
22,84,91,92,93,94,95,97,98,101,103,104,105,106,107,108,109,110,111,112,113,115,116,117,119,122,128,130,131,136,137,141,142,143,151,154,165,171,177,178,181,184,186,193,196,208,211,216,268,573,606,609,623,630,633,637,647
23,46,88,92,93,94,96,97,99,100,101,103,106,109,110,113,114,115,118,119,120,121,122,125,126,127,128,129,130,131,132,135,136,137,142,143,144,152,153,157,158,161,167,168,170,173,176,191,201,209,213,221,225,236,247,272,313,357,374,385,472,608,610,612,646,679
24,18,82,87,88,91,92,94,96,97,99,100,101,104,105,106,107,108,109,110,113,114,115,117,119,120,121,122,123,124,129,133,134,137,138,139,143,144,146,148,149,154,158,159,160,161,163,171,172,175,177,178,179,188,198,201,208,226,260,262,350,408,451,590,594,682
25,48,94,95,97,98,99,100,101,102,103,104,105,106,107,108,109,110,111,112,113,114,115,116,117,118,119,120,122,123,125,126,127,129,130,131,132,133,136,137,138,142,144,145,146,148,149,151,152,153,154,155,156,161,162,163,164,168,171,175,182,184,185,187,190,204,213,220,232,325,326,379,427,483,487,558,565,567,577,581
26,89,97,100,103,104,105,106,107,108,109,110,111,112,113,114,115,116,117,118,119,120,121,122,124,125,126,127,128,129,130,131,132,133,134,135,136,137,138,139,140,142,143,145,147,148,149,150,152,154,155,156,158,159,160,161,162,163,166,167,170,172,173,174,176,177,178,179,180,181,183,186,187,190,191,193,194,195,196,197,199,200,201,205,207,209,211,212,216,219,224,227,231,238,241,286,301,459,523,572,574,580,583,674
27,100,102,103,104,105,106,107,108,109,111,112,113,114,115,116,117,118,119,120,121,122,123,124,125,126,127,128,129,130,131,132,133,134,135,136,137,138,139,140,141,142,143,144,145,146,147,148,149,150,151,152,153,154,155,156,157,158,159,160,161,162,163,164,165,166,167,168,169,170,171,172,173,174,176,177,178,179,180,181,182,183,184,185,186,187,188,189,190,192,193,194,195,196,198,199,200,202,204,205,206,207,208,209,210,211,212,214,215,216,217,218,220,221,222,223,224,225,226,227,228,229,230,231,236,237,238,240,241,243,244,245,248,249,251,252,253,254,256,259,261,262,265,267,271,274,277,284,286,300,308,319,379,494
28,102,104,109,110,111,112,113,114,115,116,118,119,120,121,122,123,124,125,126,127,128,129,130,131,132,133,134,135,137,138,139,140,141,142,143,144,145,146,147,148,149,150,151,152,153,154,155,156,157,158,159,160,161,162,163,164,165,166,167,168,169,170,171,172,173,174,175,176,177,178,179,181,182,183,184,185,186,187,188,189,190,191,192,193,194,195,196,197,198,199,201,202,203,204,205,206,207,208,209,210,211,212,213,214,215,216,217,218,219,220,222,224,225,226,227,228,229,230,231,232,233,234,235,237,238,239,240,241,242,243,246,247,248,249,251,253,254,255,256,257,261,262,263,264,266,267,268,269,271,272,273,274,275,277,279,281,282,289,294,295,299,300,305,310,311,315,323,327,334,340,346,347,354,364,370,382,385,640
29,104,108,112,113,116,117,118,119,120,121,122,123,124,125,126,127,128,129,130,131,132,133,135,136,137,138,139,140,141,142,143,144,145,146,147,148,149,150,151,152,153,154,155,156,157,158,159,160,161,162,163,164,165,166,167,169,170,171,172,173,174,175,176,177,178,179,180,181,182,183,184,185,186,187,188,190,191,192,193,194,195,196,197,199,200,201,202,203,204,206,207,208,209,210,211,212,213,214,215,216,217,218,219,220,221,222,223,224,225,226,227,228,229,230,231,232,233,234,235,236,237,238,239,240,241,242,243,244,245,246,247,248,249,250,251,252,253,254,255,256,257,258,259,261,262,263,264,265,266,268,269,270,271,272,274,275,276,277,280,281,282,283,284,285,287,288,289,290,291,292,293,294,295,298,301,303,304,306,307,308,309,310,311,315,316,317,318,321,322,323,324,329,331,332,334,335,339,343,351,355,362,366,373,374,382,396,417,426,448
30,108,111,112,113,115,118,120,121,122,123,124,125,126,127,128,129,130,132,133,134,135,136,137,138,139,140,142,143,144,145,147,148,149,150,152,153,154,155,156,157,158,159,160,161,162,163,164,165,166,167,168,169,170,171,172,173,174,175,176,177,178,179,180,181,182,183,184,185,186,187,188,189,190,191,192,193,194,195,196,197,198,199,200,201,202,204,205,206,207,208,209,210,211,212,213,214,215,216,217,218,219,220,221,222,223,224,225,226,227,228,229,230,231,232,233,234,235,236,238,239,240,241,242,243,244,245,247,248,249,250,252,253,254,255,256,257,258,259,260,261,263,264,265,266,267,269,270,271,272,273,275,276,277,278,280,281,282,285,289,290,291,292,293,294,299,305,306,307,308,310,313,314,319,320,321,322,335,340,343,345,346,349,369,375,380,386,405,423,460,505,516,596
31,4,27,108,112,116,117,118,119,120,121,122,123,124,125,127,128,129,130,131,132,133,134,135,136,137,141,142,143,145,146,147,148,149,150,151,152,153,154,155,156,157,158,159,160,161,163,164,166,167,168,169,170,171,172,173,174,175,177,178,179,180,181,182,183,184,185,186,187,188,189,190,191,192,193,194,195,196,197,198,199,200,202,203,204,205,206,207,208,209,210,211,212,213,214,215,216,218,220,223,224,225,226,231,232,233,234,235,236,237,239,241,243,244,245,246,247,251,252,254,255,256,257,258,259,261,262,263,264,266,267,268,269,273,274,275,277,279,280,281,284,285,287,288,289,291,292,293,295,296,297,298,300,301,303,306,307,310,312,314,318,319,320,325,331,333,334,336,341,344,347,351,369,373,378,395,396,400,409,479,486,510,571
32,79,104,105,110,111,112,114,115,116,117,118,119,120,121,122,123,124,125,126,128,129,130,132,134,135,136,137,138,140,141,143,144,145,146,147,148,149,150,151,152,153,154,155,156,157,158,159,160,161,162,163,164,165,166,167,168,169,170,172,173,174,175,176,178,179,180,181,182,185,186,187,188,191,192,193,194,195,196,198,201,203,204,205,206,207,208,209,211,213,214,216,217,218,219,220,221,222,223,224,225,226,227,228,229,230,231,232,233,235,236,237,238,239,240,241,244,245,246,248,249,250,251,252,253,254,256,257,258,259,260,262,263,264,265,266,267,268,270,271,275,276,277,278,279,281,282,283,284,285,286,287,288,290,291,292,296,297,298,299,300,301,302,304,306,307,308,311,313,314,315,320,322,328,332,338,341,343,347,356,362,363,371,381,383,463,470,474,508,552,686
33,24,114,119,120,121,122,124,127,128,129,130,131,133,134,135,136,138,139,140,141,142,143,144,145,146,147,148,149,150,151,152,153,154,156,158,159,160,161,162,166,167,169,170,171,172,173,175,176,177,178,179,180,181,182,183,184,186,187,188,189,190,191,193,194,195,196,197,198,201,202,203,204,205,206,210,212,213,214,217,218,219,220,221,222,223,224,225,226,227,228,229,230,231,232,233,234,235,236,237,238,239,240,241,242,244,245,246,248,250,251,253,255,257,258,259,260,262,264,265,266,267,268,269,271,272,274,275,276,277,278,280,284,287,296,304,305,307,313,318,322,323,324,326,328,331,335,341,346,352,354,355,360,362,366,370,384,422,443,529
34,113,115,116,121,122,123,124,125,126,127,128,130,131,132,133,134,136,137,138,139,140,141,142,143,144,145,146,148,149,150,151,152,153,154,155,156,157,158,159,160,161,162,164,165,166,167,168,170,171,172,173,174,175,177,178,179,180,181,182,184,185,186,189,191,193,194,195,196,197,198,199,201,203,205,207,208,209,210,211,212,216,217,219,221,222,223,225,226,227,228,229,230,231,232,233,234,236,237,238,239,240,241,247,249,250,251,252,254,255,256,257,259,261,262,264,266,267,270,271,272,274,275,276,281,284,290,294,296,297,298,300,305,306,309,312,314,315,318,321,323,328,329,335,340,341,345,346,348,349,369,413,432,437,455,459,499,556,585
35,115,117,118,119,120,122,123,124,125,127,128,132,133,134,135,136,137,138,140,141,143,144,146,147,149,151,152,153,154,155,156,159,160,161,163,164,165,166,167,170,171,173,174,176,177,178,179,181,182,183,184,185,186,187,188,189,190,191,192,193,194,197,198,199,201,205,206,207,208,209,210,213,214,215,216,217,218,219,220,222,223,224,225,228,229,230,231,232,235,237,238,239,241,243,245,250,251,252,255,257,259,260,261,264,265,267,268,270,271,272,274,278,279,280,284,285,287,288,289,290,293,295,297,298,301,304,305,308,310,312,322,330,335,338,345,347,359,368,369,380,424,438,445,447,449,451,469,472,475,478,525,554
36,52,120,122,123,124,125,126,127,128,129,130,132,133,134,135,136,138,139,140,141,142,143,144,145,146,147,149,150,151,153,155,157,158,159,161,162,163,165,166,168,170,171,172,173,174,175,176,177,178,179,180,181,182,183,185,187,189,193,196,197,201,203,205,210,212,213,216,218,219,220,221,222,223,224,227,228,229,232,233,234,236,237,238,239,240,241,242,243,244,245,247,248,249,251,252,253,254,255,256,257,258,259,262,263,269,270,271,274,275,280,283,284,285,286,290,294,297,300,301,302,305,306,307,309,310,312,315,318,319,320,325,326,331,340,344,348,358,370,396,414,425,440,445,474
37,51,112,117,119,121,125,126,127,128,130,132,133,134,136,137,138,140,141,142,144,145,148,151,152,153,155,156,159,162,163,164,165,167,169,170,171,172,175,177,180,182,185,192,194,195,199,200,201,203,206,207,208,210,211,213,214,215,216,218,219,222,223,224,226,227,228,229,230,231,232,233,234,235,236,237,238,240,241,243,244,245,246,247,249,252,255,256,257,258,261,262,263,264,265,266,267,269,272,274,280,283,284,285,286,287,290,291,295,301,304,306,307,311,313,314,315,318,320,323,327,350,382,399,408,418,424,441,555,665
38,16,121,123,124,125,127,128,133,134,136,137,138,140,141,142,143,144,145,146,148,149,150,153,154,155,156,160,162,163,165,166,167,168,173,177,179,181,182,184,189,194,195,196,197,202,208,211,213,215,216,217,219,220,221,222,223,228,229,230,233,235,236,237,238,239,241,243,244,247,248,251,252,253,254,255,256,260,261,262,263,264,265,266,268,269,271,281,288,292,295,300,302,303,304,306,309,310,316,317,320,321,330,332,345,347,350,354,366,370,374,392,395,413,430,466
39,16,19,104,114,118,119,121,123,124,126,127,128,129,130,131,133,134,135,136,137,138,139,141,142,144,145,146,149,152,153,156,159,162,166,168,169,170,171,173,174,175,176,177,178,179,181,183,184,189,193,194,196,198,199,204,208,209,210,216,217,218,219,220,222,223,224,225,229,230,231,237,238,240,241,244,246,247,248,249,250,251,253,254,255,256,257,258,259,260,262,263,264,265,266,267,268,269,277,280,281,282,283,288,291,294,309,312,336,337,341,365,379,383,402,415,425,437,669
40,108,110,113,117,118,122,123,125,128,129,131,132,133,135,137,138,144,145,146,149,150,154,155,156,157,158,160,166,168,169,170,171,175,176,177,178,180,181,183,184,186,187,190,191,195,197,200,201,205,208,210,211,212,216,217,219,222,223,224,227,228,230,233,234,236,237,238,239,242,243,245,251,255,256,257,258,263,266,270,273,282,292,294,296,300,302,304,305,312,318,321,322,324,327,330,339,371,403,424,439,450,484,512,609
41,118,122,123,124,126,128,129,130,131,132,133,142,143,144,152,153,154,155,157,158,159,161,165,166,167,168,171,172,177,179,182,184,185,186,187,189,192,193,194,196,197,204,205,210,211,213,215,219,220,223,225,227,228,230,231,232,235,238,241,245,246,247,248,250,252,253,254,255,256,257,260,262,263,264,265,266,268,269,270,271,272,273,274,276,277,279,281,283,284,286,291,292,293,296,298,299,301,302,303,309,310,311,313,315,326,333,350,354,384,487,529,681
42,111,115,117,118,119,120,122,123,124,125,126,131,132,133,134,136,138,140,141,145,147,148,149,154,155,157,159,164,167,169,173,175,180,181,183,184,185,186,188,189,190,194,198,200,203,204,206,207,210,212,213,215,218,220,221,224,225,229,230,232,233,235,237,238,239,240,242,243,249,251,252,253,257,259,260,263,264,269,270,271,273,280,282,285,288,289,290,300,307,308,311,318,324,326,329,334,351,358,361,366,371,476,602,654
43,48,112,117,118,119,125,126,127,132,134,135,139,140,142,147,148,149,150,153,154,156,162,163,165,168,170,171,173,174,175,178,179,180,183,184,196,197,200,207,210,212,214,215,216,217,218,219,220,221,222,223,224,225,228,230,233,234,236,237,238,240,241,242,243,246,247,248,250,252,255,256,257,259,262,265,266,267,270,271,272,274,277,278,279,281,282,298,300,304,306,311,315,317,318,333,336,340,353,368,373,389,401,468,482,601,627
44,114,115,118,120,122,124,125,126,128,129,130,131,132,134,135,136,138,140,141,143,144,147,148,149,151,153,154,155,158,161,162,167,168,171,173,174,178,183,184,187,188,190,203,205,206,208,210,216,218,219,221,223,226,228,229,230,232,233,235,236,237,238,239,240,242,243,244,245,247,248,250,251,253,256,257,259,260,261,264,265,267,271,272,273,276,280,282,283,284,286,288,299,302,306,322,333,342,343,348,519
45,4,113,116,119,120,121,122,123,126,129,130,131,132,134,137,138,140,142,143,145,150,151,157,159,161,162,164,168,170,172,173,176,177,179,181,182,184,185,187,189,191,193,196,197,198,202,203,211,213,214,215,217,219,221,223,224,225,226,228,230,232,234,236,237,239,240,241,244,249,254,257,261,262,264,265,266,267,270,277,282,284,291,292,293,294,297,298,301,302,304,323,331,333,334,336,338,344,348,353,361,365,367,372,377,379,382,487,532,593,646
46,109,116,117,119,121,123,126,127,129,130,132,135,136,137,139,141,143,144,149,151,152,153,154,155,157,159,161,164,166,169,173,174,178,179,180,183,186,188,191,193,200,204,209,214,215,218,219,223,224,226,232,233,234,237,238,244,245,246,248,258,261,262,264,266,273,274,279,281,282,288,290,291,293,310,313,317,322,325,327,335,341,342,346,351,354,382,391,413,579,630
47,113,114,120,121,126,127,128,130,131,133,137,140,141,143,144,145,146,148,149,150,152,155,157,159,161,165,167,168,172,174,175,176,178,180,183,184,186,188,193,194,203,214,217,219,222,223,226,229,231,232,235,236,242,245,247,250,251,255,256,257,258,260,261,263,265,266,269,270,272,273,275,276,280,282,285,288,290,293,294,295,298,299,302,303,310,315,316,320,322,323,325,326,335,336,337,343,369,385,386,388,397,403,409,422,447,540,678
48,103,114,116,117,122,127,128,133,134,135,136,137,138,144,145,146,149,150,151,153,155,157,159,162,164,165,166,167,168,171,174,175,180,190,191,192,193,195,196,197,206,211,212,217,219,223,224,225,227,228,229,231,233,234,235,236,238,240,241,247,248,249,250,251,253,255,256,257,259,261,262,266,268,269,270,276,277,284,287,288,290,294,300,310,319,322,325,326,330,333,343,354,356,369,375,420,424,431,463,482,636,676
49,113,115,118,119,124,125,126,127,129,130,131,132,134,136,138,139,141,143,144,146,148,149,154,156,157,159,164,166,169,171,173,176,179,180,184,187,191,193,194,206,213,216,217,218,220,221,223,225,226,229,232,233,235,236,241,243,244,251,252,254,256,258,263,269,273,276,278,279,281,284,291,292,296,297,300,303,305,306,312,313,315,327,330,335,342,348,360,367,386,393,394,396,404,475
50,30,49,86,118,119,120,123,125,127,129,141,142,145,146,147,148,149,151,152,153,164,174,176,177,178,179,184,188,189,190,193,197,205,206,214,215,216,219,222,223,225,226,227,228,234,240,241,242,243,245,246,248,249,250,254,255,256,257,260,262,263,266,270,271,272,273,277,279,282,285,288,290,291,292,293,298,299,304,308,309,312,317,326,328,330,334,338,350,356,359,364,366,370,376,385,388,394,472,479,577
51,66,107,121,123,124,127,129,131,132,134,135,141,142,144,148,151,152,154,155,156,157,159,161,162,163,164,165,168,169,172,173,180,183,184,189,190,191,199,209,210,211,212,216,217,218,220,223,225,226,230,236,239,240,243,244,248,253,257,259,260,261,263,268,272,276,277,283,284,288,289,293,295,300,303,304,306,308,316,319,320,325,327,329,331,333,337,340,342,343,347,348,350,353,363,364,384,390,391,393,405,522,575,619,699
52,32,117,122,123,124,125,130,131,133,135,139,140,150,154,157,159,161,162,165,168,169,170,171,172,175,176,182,185,187,189,190,194,198,211,212,215,218,221,222,223,224,225,226,227,229,230,231,235,236,238,239,247,249,251,253,256,257,258,261,262,265,266,267,268,270,271,274,275,276,277,278,282,283,284,286,288,289,290,291,293,294,296,298,301,302,304,305,306,307,309,314,318,323,324,327,329,330,336,339,341,343,344,345,346,349,358,365,369,373,381,384,388,390,422,431,441
53,120,121,124,131,133,134,136,139,140,142,143,146,147,148,149,150,153,155,157,158,160,161,165,168,169,170,172,179,186,189,194,196,200,201,203,209,210,217,218,219,230,236,238,239,241,244,246,249,255,258,259,260,261,263,265,266,270,273,274,275,276,280,282,283,284,285,287,289,290,291,292,293,294,296,297,298,300,302,305,308,309,310,311,312,314,317,319,320,322,325,328,332,336,339,344,347,352,358,360,368,369,370,386,388,391,398,411,416,439,482
54,79,110,114,117,125,127,132,134,135,136,137,138,139,144,145,151,152,155,156,157,160,161,162,163,176,177,180,182,186,191,196,201,205,206,207,210,214,216,217,218,220,223,225,227,229,231,232,241,247,250,254,255,256,260,261,263,266,267,268,270,271,274,277,279,284,286,287,290,291,294,296,297,300,301,303,304,306,309,310,311,312,314,316,319,323,325,327,328,329,336,337,339,341,347,349,350,360,363,364,365,366,367,380,381,401,402,413,414,418,425,507,684
55,51,121,123,124,125,127,128,131,134,135,140,141,142,143,145,149,152,154,155,164,185,186,192,193,195,196,197,208,209,210,214,215,220,221,229,230,232,234,239,241,243,244,245,251,252,258,260,263,265,266,270,273,275,278,279,281,282,283,284,292,300,302,305,306,307,308,312,313,315,316,321,323,326,327,329,332,342,346,350,359,363,370,374,375,380,403,416
56,20,115,119,120,125,128,129,130,131,132,134,138,139,141,144,145,150,151,154,155,157,160,167,169,170,174,180,189,194,201,205,207,208,214,217,220,224,225,226,228,229,231,234,235,236,238,242,244,246,254,256,260,261,262,263,265,268,269,271,272,275,276,278,281,284,286,287,291,292,300,302,306,311,313,314,315,320,324,328,331,344,355,361,370,387,403,417,560
57,29,97,105,122,123,124,126,127,128,130,132,134,135,136,153,157,158,174,178,184,185,187,191,195,197,199,207,210,215,220,222,229,231,232,233,234,240,241,247,250,251,252,254,258,267,268,273,275,279,280,284,288,290,295,297,301,303,305,308,313,314,321,322,323,328,331,333,344,355,356,359,360,367,368,370,409,458,465,687
58,23,112,113,114,119,121,125,127,128,131,135,137,139,141,142,145,149,150,151,153,154,156,157,158,163,164,167,168,169,172,174,175,176,178,181,189,191,198,199,200,210,215,216,219,220,223,224,232,240,242,243,245,246,247,253,258,262,263,264,265,271,272,279,286,288,290,298,301,309,312,316,317,321,346,354,361,364,386,389,402,415,420,430,466,512,572,636
59,60,117,122,123,124,128,133,134,138,139,140,143,144,145,146,148,149,153,155,161,162,166,168,171,173,179,180,181,183,194,196,198,199,210,213,217,222,225,229,234,235,237,239,241,247,248,249,252,253,264,269,272,273,279,280,282,284,288,292,294,298,307,308,322,331,333,336,340,343,345,349,350,353,354,361,384,395,404,409,422,430,492
60,100,116,117,118,119,121,123,124,127,130,132,133,134,139,140,142,143,145,146,148,150,151,152,155,157,158,159,163,168,170,172,175,185,186,187,189,190,192,193,194,197,199,200,201,204,205,206,211,215,216,218,222,223,227,228,229,230,233,237,238,240,241,244,247,251,253,254,255,259,260,267,269,270,275,283,285,286,287,289,300,304,309,313,314,319,323,324,325,326,342,343,346,375,377,379,391,393,416,418,592
61,68,110,115,119,122,124,125,127,129,132,133,135,137,138,141,144,149,152,153,156,157,158,159,162,164,167,168,177,187,190,192,194,195,197,199,206,208,212,220,226,235,237,238,242,243,251,252,254,257,259,264,266,267,268,271,275,279,280,286,288,301,307,308,310,311,316,321,325,331,336,342,352,358,366,374,379,391,463
62,115,117,118,121,122,125,126,128,132,134,141,142,144,146,147,149,151,152,153,154,155,156,163,167,174,177,180,182,183,190,196,197,200,203,205,206,208,213,217,220,224,226,233,234,242,243,244,245,248,250,251,252,254,258,266,270,274,277,278,282,283,284,292,306,308,311,316,320,324,326,332,364,365,369,370,378,390,421,429,432,525,608,625,667
63,102,112,113,115,119,124,125,127,128,129,130,132,133,134,135,136,138,146,150,155,161,162,165,167,170,174,176,178,179,182,184,186,192,196,198,199,202,204,208,216,218,224,225,227,233,238,240,241,242,245,247,248,255,259,267,268,270,276,278,291,293,296,297,300,304,307,308,310,312,314,316,318,319,323,324,354,374,385,408,411,430,434,458,491,520,693
64,34,115,117,119,121,122,124,126,127,128,130,131,132,135,137,141,145,149,150,152,153,155,160,161,162,163,164,165,169,170,171,173,180,181,186,187,190,195,196,200,204,209,218,235,238,242,244,247,258,260,261,263,266,267,272,275,278,281,282,283,284,285,286,289,290,293,298,299,300,307,315,318,319,321,323,339,348,352,354,389,414,430,488,620,648
65,114,115,122,129,131,133,134,136,137,138,141,143,145,147,148,149,150,151,155,158,159,161,163,170,175,189,193,195,196,200,201,207,211,212,217,218,221,230,231,234,236,243,248,249,250,252,253,255,257,258,259,260,264,267,268,273,274,276,289,291,294,296,299,303,305,307,310,312,313,318,324,325,326,327,335,338,344,348,351,359,365,366,425,430,433,454,481,532,546,547,558
66,107,112,122,126,127,128,130,131,133,134,136,138,140,142,146,148,150,154,156,160,161,164,166,167,171,175,187,189,200,203,205,207,209,215,216,218,220,223,226,239,241,246,248,250,258,261,263,266,273,283,285,294,296,302,305,306,309,310,312,315,316,320,321,326,334,338,342,346,353,365,366,450,526,567,685
67,115,118,122,123,124,125,126,127,128,129,130,131,134,135,136,137,139,144,148,152,157,159,166,168,176,177,179,180,181,183,186,188,190,192,193,195,197,198,199,202,207,208,211,215,220,227,228,231,235,236,238,241,242,245,247,249,251,259,262,267,269,271,272,273,274,283,286,287,293,295,300,303,308,310,313,315,316,325,339,347,356,360,363,365,406,410,488,551,607,659,674
68,4,51,118,121,123,124,125,126,130,131,133,137,140,142,145,147,160,163,165,168,173,175,186,195,207,210,214,215,218,225,226,227,228,231,235,236,237,238,239,241,242,244,246,249,252,257,262,267,274,284,292,294,295,302,303,304,312,313,323,325,327,351,352,356,357,358,363,369,370,374,382,390,418,535,568,661
69,114,119,120,122,125,127,130,134,137,138,146,147,149,153,159,160,161,168,169,170,184,190,191,198,199,200,201,202,203,208,209,213,214,219,220,224,226,227,228,230,235,241,242,245,249,255,256,261,262,281,282,286,288,292,293,295,300,301,313,318,329,347,354,358,367,375,380,388,392,407,426,525,665
70,17,82,107,119,121,128,131,133,134,135,136,137,138,139,140,144,145,146,148,150,156,158,162,164,165,167,170,171,175,178,181,186,187,188,190,191,195,197,202,203,206,212,215,230,231,238,240,242,243,246,249,253,254,255,262,267,268,275,278,283,288,291,294,304,315,332,333,335,343,355,358,368,482,626
71,63,87,104,110,115,116,120,122,123,126,127,128,129,130,131,132,134,135,138,140,142,143,145,147,152,155,157,167,170,171,177,182,184,186,188,189,190,201,220,225,230,236,237,238,240,253,254,255,262,263,264,265,266,268,270,271,276,277,278,280,282,283,287,291,292,298,310,318,326,331,332,335,336,344,345,356,362,410,520,526,534,553
72,40,114,117,119,126,129,130,133,134,135,136,138,139,140,141,143,144,145,146,149,152,153,154,159,160,161,162,164,172,173,174,183,185,191,194,197,198,209,220,224,225,226,228,229,231,239,240,242,247,254,258,264,269,273,282,284,288,290,297,300,311,313,332,340,341,350,354,360,363,371,379,388,486
73,77,113,116,117,119,121,122,124,125,127,128,129,132,137,140,142,145,147,149,152,157,159,164,166,167,168,169,177,179,180,181,189,193,194,206,215,222,227,229,230,233,234,237,238,243,247,248,252,253,255,266,268,293,313,330,332,338,348,351,367,368,370,373,427,431,496
74,116,119,122,124,125,127,129,131,132,134,136,138,139,141,147,148,156,161,169,171,172,175,177,181,182,184,198,199,200,226,228,236,238,240,252,253,262,276,304,316,325,332,337,355,357,366,389,398,407,417,425,517
75,40,82,117,120,128,129,134,135,139,141,145,148,153,156,164,166,168,170,171,174,175,179,181,183,189,192,214,219,241,248,286,292,307,332,351,360,361,459,553,588
76,117,123,127,128,129,137,142,150,151,155,156,157,158,162,165,168,170,177,186,190,192,193,194,201,203,217,228,235,239,250,253,279,280,293,294,310,324,326,327,340,356,468,591,616,639
77,51,117,129,130,131,133,135,137,138,139,142,144,146,148,150,152,153,161,167,173,174,178,179,182,187,194,195,199,200,233,290,299,364,400,452,462,504,514,547
78,18,129,130,131,133,136,137,138,139,140,141,142,145,150,152,154,156,158,159,160,166,167,169,173,174,177,187,191,197,201,202,245,299,597
79,81,85,112,130,132,133,136,137,138,139,140,141,146,149,157,158,162,163,164,165,171,172,173,175,176,182,185,188,207,221,242,266,285,446,675
80,44,130,136,137,140,144,145,150,151,152,153,155,159,160,165,174,176,179,180,181,182,183,192,193,195,206,296,381,428,642,694
81,88,124,128,129,131,141,142,145,147,148,149,153,160,165,167,173,175,176,179,180,183,185,192,195,211,216,219,226,254,267,304,347,393,665,694
82,121,182,188,190,198,202,203,204,225,255,298,417,522,647,681,687
83,165,193,198,215,355
84,55,382,470,543
85,337,571
86,58,431,450,500,536,539
87,269,424,491,514
88,412,430
89,65,420,446,640
90,78,408,514
91,121,160,585,588,592,618,668
92,34,35,130,359,387,523
93,13,58,117,197,305,566,686
94,13,382,655
95,304,463
96,154,240,397,567,590
97,117,193,437,527,568
98,416,690
