7
0,262
1,193,229,448,454,576,661,673,677
2,49,84,133,360,384,482,616
3,191,379,487,526
4,100,155,297,311,586
5,16,95,177,191,479,576
6,329,383,478,583,584
7,36,40,178,399,459,500,560,592
8,304,323,373,418,447,565,577,584,592,593,595,603,633
9,12,167,269,560,561,562,566,568,569,570,573,574,579,580,581,587,589,591,594,598,599,605,612,618,627,631,632,633,639,666,693
10,66,156,182,307,572,576,578,581,585,592,602,606,661
11,65,119,262,307,418,503,543,560,593,597,605,609,612,615
12,83,101,313,404,550,557,615,631,637,639
13,42,71,82,167,264,382,622
14,91,126,258,265,402,482,518,688
15,33,213,374,413,578
16,35,40,212,445,540,601
17,40,41,43,50,52,56,70,129,690
18,37,38,39,40,41,42,43,44,45,46,47,48,49,50,51,52,53,54,55,57,58,59,60,62,63,65,68,71,73,74,75,76,77,78,81,85,96,154,190,388
19,25,30,32,33,34,35,36,37,38,39,40,41,42,43,44,45,46,47,48,49,50,51,52,53,54,55,56,57,58,59,60,61,62,63,64,65,66,67,68,69,71,72,73,74,75,76,81,82,83,84,85,86,87,88,89,90,91,92,93,94,95,97,98,99,100,101,103,105,106,108,112,115,117,120,122,126,129,132,133,134,135,137,141,144,145,158,167,320,403,464,494,558,598,630
20,33,34,36,38,39,40,41,42,43,44,45,46,47,48,49,50,51,52,53,54,55,56,57,58,59,60,61,62,63,64,65,66,67,68,69,70,72,73,74,75,76,77,78,79,80,81,82,83,84,85,86,87,88,89,90,91,92,93,94,95,96,97,98,99,100,101,102,103,104,105,106,107,108,109,110,111,112,113,114,115,117,118,119,120,121,122,123,124,125,126,127,128,129,130,131,132,133,134,135,136,137,138,139,140,141,142,143,144,145,146,147,148,149,150,151,152,153,154,155,156,157,158,159,160,161,162,163,164,165,166,167,168,169,170,171,172,173,175,176,177,178,180,181,184,185,186,187,189,190,191,192,193,194,195,196,197,198,199,200,201,202,203,204,205,206,207,208,209,212,215,226,239,262,286,337,492,546
21,27,32,34,36,38,39,40,41,42,43,44,45,48,49,50,51,52,53,54,55,56,57,58,59,60,61,62,63,64,65,66,67,68,69,70,71,72,73,74,75,76,77,78,79,80,81,82,83,84,85,86,87,88,89,90,91,92,93,94,95,96,97,98,99,100,101,102,103,104,105,106,107,109,110,111,113,114,115,116,117,118,119,121,122,123,124,125,126,127,128,129,130,131,132,133,134,135,136,137,138,139,140,141,142,143,144,145,147,149,150,151,152,153,154,155,156,157,158,159,160,161,162,163,164,165,167,168,169,170,171,172,173,174,175,176,177,178,179,180,181,182,183,184,185,186,187,188,189,190,191,192,193,194,195,196,197,198,199,200,201,202,203,204,205,206,207,208,209,210,211,212,213,214,215,216,217,218,219,220,221,222,223,224,225,226,227,228,229,230,231,232,233,234,235,236,237,238,239,240,241,242,243,244,245,246,247,248,249,250,251,252,253,254,255,256,257,258,259,260,261,262,263,264,265,266,267,268,269,270,271,272,273,274,275,276,277,278,279,280,281,282,283,284,285,286,287,288,289,290,291,292,294,296,297,298,299,301,302,303,304,305,306,307,309,311,313,314,315,316,317,318,319,321,323,325,331,335,337,339,342,345,347,348,349,350,351,352,354,355,358,359,360,361,362,368,369,370,378,379,381,385,393,394,400,402,468,668,674
22,28,32,33,34,35,36,37,38,39,40,41,42,43,44,45,46,47,48,49,50,51,52,53,54,55,56,57,58,59,60,61,62,63,64,66,67,68,69,70,72,73,74,75,76,77,78,79,80,81,82,84,85,86,87,88,89,90,91,92,93,95,96,97,98,99,100,101,102,103,104,105,106,107,108,109,110,111,112,113,114,116,117,118,119,120,121,122,123,124,125,126,127,128,129,130,131,132,133,134,135,136,137,138,139,140,141,142,143,144,145,146,147,149,150,151,152,153,154,155,156,157,158,159,160,161,162,163,164,165,166,167,168,169,170,171,172,173,174,175,176,177,179,180,182,183,184,185,186,188,189,190,191,192,193,194,195,196,197,198,199,200,201,202,203,204,205,206,207,209,210,211,212,213,214,215,216,217,218,219,220,221,222,223,224,225,226,227,228,229,230,231,232,233,234,235,236,237,238,239,240,241,242,243,244,245,246,247,248,249,250,251,252,253,254,255,256,257,258,259,260,261,262,263,264,265,266,267,268,269,270,271,272,273,274,275,276,277,278,279,280,281,282,283,284,285,286,287,288,289,290,292,293,294,295,296,297,298,299,300,301,303,304,305,307,308,309,310,312,313,314,315,316,319,320,321,322,326,327,328,330,331,332,333,334,335,336,337,338,339,340,341,342,343,344,345,346,347,348,349,350,351,352,353,354,355,356,357,358,359,360,362,363,364,365,366,368,369,371,372,373,374,375,376,379,381,382,383,384,385,386,388,389,390,391,393,394,395,396,397,399,400,401,402,404,406,407,408,409,410,412,413,414,415,417,418,419,420,428,434,436,437,439,440,441,445,446,448,454,460,464,471,478,499,656
23,22,26,29,30,31,33,34,35,36,37,38,39,40,41,43,44,45,46,48,49,50,51,52,53,54,55,56,57,58,59,60,61,62,64,65,66,67,68,69,70,71,72,73,74,75,76,77,78,80,81,82,83,84,85,86,87,88,89,90,91,92,94,95,97,98,99,101,103,105,106,107,108,109,110,113,114,115,117,118,121,123,124,125,126,128,129,130,132,133,135,137,138,139,141,142,143,144,145,147,148,149,151,152,153,154,155,156,157,158,159,160,161,166,167,168,170,171,172,173,174,175,176,177,178,179,180,181,182,183,184,185,186,187,188,189,193,194,196,197,198,201,202,203,204,205,206,208,209,210,211,212,213,214,215,216,217,218,219,220,222,223,224,225,226,227,228,229,230,231,232,233,234,235,236,237,238,239,240,241,242,243,244,245,246,247,248,249,250,251,252,253,254,255,256,257,258,259,260,261,262,263,264,265,267,268,269,270,271,272,273,274,275,276,277,278,279,281,282,283,284,285,286,287,288,289,290,291,292,293,294,295,296,297,298,299,300,301,303,304,305,306,307,308,309,310,311,312,313,314,316,317,318,319,320,322,323,325,326,327,328,329,330,331,332,333,334,335,336,337,338,339,340,341,343,344,345,348,349,351,352,353,355,356,357,358,359,360,361,363,364,365,366,367,369,371,374,375,376,378,383,384,386,389,391,394,395,396,397,398,400,405,406,407,411,412,413,416,418,419,422,425,426,430,431,432,433,434,436,439,441,442,445,453,455,460,461,470,515
24,32,36,38,40,41,42,43,44,45,47,48,49,50,51,52,53,54,55,56,57,58,59,60,61,62,63,64,65,66,68,69,72,75,76,78,79,80,81,83,84,85,86,89,90,91,92,93,94,95,96,97,98,99,100,101,102,103,104,105,106,107,108,109,110,112,113,114,115,116,118,119,120,121,122,123,125,126,127,129,130,131,132,133,134,135,136,137,138,139,140,141,142,143,144,145,146,147,148,149,150,151,152,153,154,155,156,157,158,159,160,161,162,163,164,165,166,167,168,169,170,171,172,174,175,176,177,178,179,180,181,182,183,184,185,186,187,188,189,190,191,193,194,195,196,197,198,199,201,202,203,204,205,207,208,211,212,213,214,215,216,218,219,220,221,222,223,224,225,226,227,228,229,230,231,232,233,235,237,238,239,241,242,243,244,245,246,247,248,249,250,251,252,253,254,255,256,257,258,259,260,261,262,263,264,265,266,267,268,270,271,272,273,274,275,276,277,278,279,280,281,282,284,287,288,289,291,292,293,294,295,296,297,298,299,300,302,303,304,305,306,307,308,309,310,311,312,314,315,316,318,320,321,322,323,324,325,327,328,329,330,331,332,333,335,337,339,340,341,342,344,345,346,347,348,350,352,353,356,357,360,362,363,364,365,366,367,368,369,370,371,372,375,376,377,378,379,380,381,383,384,385,386,388,392,393,394,396,398,401,402,403,404,405,409,410,412,413,414,416,417,418,420,421,422,424,427,436,437,439,446,447,457,458,459,465,479,533,565
25,19,30,32,33,35,36,37,38,42,43,44,45,48,49,50,51,52,53,54,56,57,58,59,60,61,62,63,64,66,69,70,71,72,74,75,76,77,78,79,80,85,86,87,88,92,95,97,98,99,102,104,105,109,111,113,119,121,122,127,129,130,131,132,133,134,135,136,138,139,140,141,142,143,145,147,148,149,150,151,155,156,157,158,159,160,163,165,166,167,168,169,170,171,172,173,174,176,178,179,182,183,184,185,186,189,190,191,192,193,194,199,200,202,203,205,206,208,209,210,213,214,215,216,217,218,219,220,221,222,223,225,226,228,229,231,232,233,234,235,236,237,238,239,240,241,242,243,244,245,246,248,249,250,251,252,253,254,255,256,257,258,259,260,261,262,264,265,266,267,268,269,270,271,272,273,274,275,276,277,278,279,280,281,282,283,284,285,286,287,288,289,290,291,292,293,294,295,296,297,298,299,300,302,303,304,305,306,307,308,309,310,311,312,314,315,317,318,319,320,321,322,323,325,328,329,330,332,333,334,338,339,341,342,343,344,345,346,347,348,349,351,352,353,354,355,356,358,360,361,362,363,364,365,366,367,368,370,373,374,378,380,383,387,390,393,394,397,398,399,400,403,404,405,406,407,409,410,411,412,414,417,418,421,422,424,425,432,434,437,441,442,444,451,462,464,485,518,689
26,32,33,34,37,38,39,40,41,42,43,44,45,46,47,48,49,51,52,53,54,55,56,57,58,59,60,62,63,64,65,66,67,70,72,75,77,79,82,83,84,85,86,89,90,91,94,96,97,98,99,100,102,104,105,106,108,111,113,116,120,121,123,125,126,127,128,131,132,134,135,136,138,139,140,141,142,143,144,145,146,147,149,150,151,153,154,155,156,157,158,161,162,163,164,165,166,167,168,169,174,175,177,179,180,181,182,183,184,187,189,191,192,194,197,199,203,206,209,211,214,216,219,223,225,226,228,229,233,234,236,237,238,240,241,243,249,250,251,255,256,258,260,262,263,265,268,269,270,272,275,276,277,278,279,280,281,282,283,285,287,289,291,292,294,295,296,297,300,302,303,305,307,308,310,311,316,317,319,320,322,324,325,327,328,330,331,335,336,338,339,344,346,348,350,351,354,358,360,361,364,365,367,370,371,372,374,376,377,378,380,386,390,391,392,395,396,397,398,401,402,403,408,409,410,413,415,416,417,421,425,426,431,433,435,437,454,455,460,462,469,473,478,482,485,488,511,576
27,28,30,31,32,33,38,39,40,42,43,44,45,46,48,49,50,52,53,54,55,56,57,58,59,61,62,63,65,66,67,68,69,70,71,72,73,74,75,76,77,78,80,82,83,84,85,86,87,88,89,91,92,95,97,99,100,101,102,104,105,107,115,119,122,123,124,127,128,129,130,131,133,134,135,136,137,138,139,140,141,142,143,144,145,146,147,148,150,151,152,153,154,157,159,160,163,164,165,166,169,170,171,172,173,174,175,177,178,179,180,186,187,189,196,197,198,201,202,204,206,207,210,212,213,214,215,216,217,218,219,220,221,222,224,226,227,228,229,230,231,232,233,235,238,239,241,242,243,244,245,246,247,248,249,251,253,257,260,262,263,264,265,267,268,269,271,272,273,274,275,276,278,280,282,283,284,285,286,287,288,290,291,292,296,297,298,299,303,304,305,313,316,318,320,321,322,323,324,325,326,331,332,333,334,336,337,338,340,342,344,345,346,347,348,350,352,354,355,356,357,359,360,362,363,365,367,368,374,375,376,377,378,381,388,391,392,397,407,416,418,419,420,422,423,442,445,462,483,487,513,583,697
28,28,31,32,34,35,36,37,38,39,40,41,42,43,45,46,47,48,49,50,51,52,53,54,58,59,61,62,63,64,65,66,67,68,69,70,71,72,73,74,75,76,77,78,79,80,81,83,84,85,86,87,88,89,90,92,93,95,96,98,99,100,101,102,103,104,105,107,109,110,112,113,114,116,117,118,120,121,122,123,124,126,127,128,129,130,131,132,134,135,136,137,139,142,143,145,146,148,149,150,151,152,153,154,156,158,159,161,166,167,168,171,173,174,178,181,182,183,185,186,188,192,193,194,196,198,200,204,205,206,207,208,209,210,211,212,216,217,218,219,220,221,223,224,226,227,230,231,232,233,235,238,239,240,241,242,243,246,247,248,249,252,253,254,256,258,259,260,262,263,264,265,266,267,268,270,271,272,275,276,277,278,280,284,285,286,287,290,291,292,293,295,298,299,300,302,308,312,314,317,321,322,323,324,325,326,328,330,333,336,338,342,344,346,359,362,363,366,367,368,370,371,375,376,378,381,383,384,386,388,391,393,395,399,403,405,408,409,410,411,412,413,414,418,419,425,426,427,436,439,440,443,447,463,481,482,558,672,679
29,23,26,27,29,30,31,32,33,34,35,37,38,40,42,43,44,45,46,48,49,52,53,54,55,56,57,58,59,60,61,62,63,64,65,66,67,68,69,70,71,72,73,74,75,76,77,78,79,80,81,84,88,89,91,92,93,95,96,98,99,102,108,109,110,112,114,116,118,120,121,123,125,126,127,128,129,130,132,133,135,136,138,139,140,141,142,143,145,146,147,148,149,150,151,153,155,156,157,158,159,160,161,162,164,166,167,168,169,170,171,174,175,176,177,180,183,186,189,191,192,193,194,195,196,197,198,199,200,201,204,205,206,207,208,209,210,211,216,217,218,219,220,221,222,224,225,227,229,230,231,232,233,236,237,238,239,240,241,242,243,245,246,247,248,251,252,256,260,261,262,263,265,266,267,268,270,271,272,273,274,275,276,277,279,280,281,284,285,288,290,291,293,294,295,298,299,301,302,303,307,313,314,318,319,320,326,327,328,331,332,334,336,337,338,342,345,347,352,354,355,359,363,364,365,370,377,381,382,384,385,395,396,398,400,403,409,410,416,436,437,448,453,456,471,472,486,512,522,556,562,585,647
30,18,25,26,28,29,30,31,33,34,35,36,37,38,39,40,41,42,43,44,45,46,47,48,49,50,51,53,54,55,59,60,61,62,63,64,65,67,68,69,71,74,77,78,79,82,83,84,85,86,87,88,90,91,92,93,94,96,97,98,99,101,102,104,105,106,108,111,114,118,120,121,123,124,126,127,128,129,131,133,134,135,136,138,139,140,141,142,143,144,145,149,150,151,153,154,155,156,157,159,161,162,165,166,168,170,171,172,173,174,177,178,179,180,182,184,185,187,193,194,195,197,199,201,202,203,207,208,209,210,212,213,214,216,217,218,219,220,221,223,224,226,227,235,236,237,239,241,243,244,245,246,248,250,252,255,257,260,263,264,272,274,275,278,281,289,290,291,293,296,297,298,300,309,312,317,318,324,326,327,328,330,331,336,338,340,342,345,347,349,351,353,354,355,360,363,364,367,368,369,372,374,376,377,380,384,387,388,390,393,396,397,403,405,406,409,412,414,454,458,464,466,471,473,662
31,22,27,28,30,31,32,34,36,37,38,40,42,43,44,45,46,47,48,49,51,52,53,54,55,56,57,59,60,61,63,64,65,66,67,68,69,70,71,72,73,74,75,76,77,78,79,80,81,82,84,85,88,89,94,95,99,100,110,112,113,115,116,117,121,122,123,124,125,128,129,130,131,132,133,135,139,141,142,144,146,148,149,150,151,153,154,156,157,158,159,160,161,162,163,165,166,167,168,169,170,171,172,173,174,177,183,185,186,187,188,190,191,192,193,194,195,197,198,199,201,202,203,204,205,208,210,211,212,214,216,217,218,219,224,225,226,227,233,235,246,247,254,258,263,266,273,275,284,288,306,309,322,334,335,336,346,350,400,415
32,27,28,29,30,31,32,33,34,35,36,37,38,39,40,41,42,45,46,48,50,51,52,54,56,57,60,62,63,64,66,67,68,69,70,72,74,75,76,77,78,79,80,81,82,83,84,85,86,87,89,90,91,92,93,94,95,98,100,101,102,103,104,105,107,109,111,112,115,117,118,121,122,124,125,127,128,129,132,133,134,135,136,137,138,139,143,144,145,147,150,151,152,153,154,157,160,161,162,166,167,168,169,170,172,174,176,177,178,179,181,182,188,191,192,193,195,197,198,200,201,206,207,209,210,213,217,219,222,225,234,238,241,244,257,259,260,264,266,267,272,280,281,282,295,300,305,312,320,322,327,328,329,331,337,342,395,443,614
33,29,35,37,38,40,41,42,43,44,45,46,48,50,51,52,53,54,55,56,57,58,59,60,61,62,63,64,65,66,67,68,69,72,73,75,76,77,79,81,82,83,84,87,88,89,90,91,93,94,96,97,100,102,105,110,114,117,119,121,123,126,127,128,129,131,132,133,134,135,136,137,139,141,142,143,144,145,147,149,150,151,152,154,155,156,157,159,160,161,162,163,166,167,168,170,171,172,174,175,176,177,178,180,181,182,185,187,188,189,190,193,194,197,198,199,203,205,206,208,213,225,227,235,238,239,241,256,290,292,311,321,334,335,351,689
34,23,24,28,29,30,31,32,33,34,36,37,38,40,42,44,49,51,53,54,55,56,57,59,60,61,62,63,64,65,66,67,68,69,70,71,72,76,77,78,79,81,82,83,84,85,86,88,89,91,92,96,98,99,100,103,104,105,109,112,115,116,117,118,119,121,125,127,128,129,130,131,132,133,134,135,136,138,140,141,142,143,144,145,146,147,149,150,151,152,154,156,157,159,162,163,164,167,170,172,173,176,181,182,183,184,187,189,190,191,192,194,196,198,199,201,203,204,205,207,208,211,220,222,223,224,229,235,240,242,243,244,246,251,258,261,263,266,268,277,295,303,308,336,337,339,370,442
35,25,27,29,30,32,33,34,36,37,38,39,40,42,43,44,45,47,48,49,50,51,52,53,54,55,56,58,59,60,61,62,63,64,65,66,67,68,69,71,72,73,75,77,80,82,83,86,87,90,93,94,95,96,98,99,101,102,105,107,108,111,120,121,124,125,126,127,128,129,130,131,132,133,134,135,136,137,139,140,141,142,143,146,147,149,150,151,152,155,156,157,158,160,161,163,165,166,167,168,169,171,172,173,175,176,179,180,181,182,183,186,187,188,189,193,194,196,199,203,204,206,208,211,212,218,221,225,228,230,231,233,234,243,258,265,267,268,274,293,369
36,25,27,30,32,34,35,36,38,39,40,41,42,43,46,47,48,49,50,52,53,54,55,56,57,58,60,61,62,63,64,65,68,69,70,71,72,73,75,76,77,78,79,80,81,82,84,85,86,87,88,91,93,94,95,96,97,98,99,101,103,107,116,118,124,129,131,132,133,134,135,136,137,138,139,140,142,144,145,146,147,148,150,151,152,153,154,158,162,163,164,165,166,168,171,173,174,175,176,178,179,180,183,184,186,187,188,189,191,192,195,196,197,198,200,204,206,208,209,210,211,213,216,217,218,219,223,224,225,227,228,232,235,236,242,250,252,254,255,256,262,263,267,269,271,272,275,281,294,307,312,313,321,344,431,481,693
37,33,34,35,36,38,39,40,41,42,43,44,45,46,47,48,50,51,52,53,54,55,57,59,60,61,62,63,64,65,66,67,69,70,71,72,73,74,75,79,80,81,82,83,84,85,86,88,89,92,94,96,97,98,100,101,102,103,105,106,107,108,109,110,113,114,116,118,119,120,121,123,127,128,129,130,132,134,135,136,138,139,140,141,142,143,144,145,147,148,149,150,152,154,155,157,158,160,161,167,169,171,172,174,176,178,180,183,184,185,188,190,193,194,195,196,197,200,201,204,205,207,208,209,210,211,214,215,217,220,226,228,233,235,236,237,239,240,243,246,253,258,260,266,268,272,281,305,310,316,331,413,449,454,457
38,16,31,33,38,39,40,41,42,43,44,45,46,48,52,53,54,55,56,57,58,59,60,61,62,63,65,67,68,69,70,71,72,73,74,75,76,77,78,80,81,82,83,84,85,88,91,93,95,96,97,99,100,101,103,104,106,107,113,116,129,133,134,137,138,139,140,142,145,146,151,153,154,156,157,159,160,161,162,163,165,166,168,169,170,171,172,173,175,178,181,183,187,188,189,190,191,192,194,195,196,197,198,199,200,201,203,204,205,206,207,208,212,213,214,215,216,217,221,222,225,226,227,228,230,232,235,236,237,238,240,241,242,246,248,249,251,254,256,257,260,262,263,265,266,267,271,275,278,280,281,289,297,317,336,348,371,418,540,554,582,583
39,27,30,33,36,39,40,42,43,44,45,46,47,48,49,50,51,52,54,55,57,58,59,60,61,62,63,64,66,67,68,69,72,73,74,75,76,78,79,81,82,83,84,85,86,87,88,89,90,91,92,93,94,95,96,97,98,99,100,101,102,103,104,105,106,107,108,109,110,111,112,113,115,116,117,126,128,130,132,135,137,138,142,145,147,148,149,150,151,153,154,156,157,158,162,163,164,165,166,167,168,169,171,176,177,182,183,184,186,190,193,195,197,198,199,200,201,202,203,204,205,208,209,211,216,217,218,219,221,223,224,225,226,227,231,232,233,234,235,237,238,241,247,248,251,252,253,255,258,260,261,262,269,271,272,273,277,278,284,285,286,287,293,294,300,301,304,306,317,320,321,323,324,326,329,331,334,341,344,356,358,363,368,379,384,405,423,433,543
40,1,24,33,35,44,45,46,47,48,51,52,53,54,55,56,57,58,59,60,61,63,64,65,66,67,68,69,71,72,73,74,75,76,78,79,80,81,82,84,85,86,87,88,89,90,92,93,94,95,98,101,103,104,105,106,108,110,112,114,117,118,120,125,129,131,133,134,135,136,139,140,141,143,144,145,147,149,150,151,152,153,154,155,157,158,162,163,165,169,170,171,173,174,176,177,179,181,182,183,184,186,190,192,195,196,197,198,199,202,203,205,206,207,208,209,210,211,212,215,216,219,220,221,222,223,224,226,227,228,229,230,231,232,233,234,237,238,239,240,242,243,244,247,248,249,255,256,258,260,261,263,272,277,278,280,282,283,285,289,291,296,297,300,303,305,306,307,308,324,328,329,347,351,361,371,410,448,490,512,513,548
41,30,36,39,40,41,43,44,45,47,48,50,51,52,53,54,56,57,58,60,61,63,64,65,67,69,70,71,72,73,74,75,77,78,79,81,82,83,84,85,87,88,89,90,91,92,93,94,96,97,98,99,101,102,103,104,105,106,107,108,110,111,112,114,115,116,118,119,122,125,128,129,130,132,133,134,136,138,139,140,142,144,145,146,147,149,150,151,152,153,154,155,156,158,159,160,161,162,167,170,173,178,179,180,184,186,189,190,192,194,195,196,197,201,206,207,208,209,210,214,216,218,219,220,221,225,231,232,233,235,237,240,241,244,247,248,253,256,258,259,260,261,264,266,268,269,271,273,274,275,276,277,279,280,282,283,284,286,290,291,295,298,301,307,310,311,312,314,317,318,322,324,325,330,331,333,335,346,351,357,360,361,362,365,374,376,395,401
42,35,36,41,42,44,45,46,47,48,49,51,52,53,54,55,56,57,58,59,60,61,62,63,64,66,67,68,69,70,71,72,73,74,76,77,78,80,82,84,85,86,88,89,90,91,93,94,95,96,97,99,102,103,105,106,107,109,110,111,113,115,116,117,122,124,127,129,131,132,133,134,135,141,143,144,146,147,148,149,151,153,154,155,156,157,159,160,161,162,164,168,169,170,172,174,175,176,179,180,181,182,183,185,188,189,190,191,192,193,194,195,196,198,199,201,202,203,204,205,207,208,209,210,211,212,213,215,216,218,220,221,222,223,224,225,226,228,230,231,232,234,235,238,239,240,241,242,243,244,246,248,249,252,253,254,255,258,259,260,261,263,264,265,270,271,272,273,274,283,290,295,304,306,312,320,322,324,328,330,333,337,342,344,363,372,382,389,391,394,401,414,614
43,17,32,34,36,39,40,41,42,43,44,45,46,49,51,52,53,54,55,56,57,58,60,61,62,64,65,67,68,71,72,73,74,75,77,78,79,80,81,83,84,85,87,88,89,91,92,93,94,96,97,98,99,100,101,102,103,105,106,107,108,110,112,115,117,120,124,125,126,130,131,132,133,134,135,136,137,139,140,142,144,145,146,147,149,152,153,155,157,159,160,161,162,166,167,168,170,177,178,180,182,185,186,187,189,192,193,194,195,196,197,198,200,201,203,204,206,207,208,209,210,211,213,217,221,222,224,227,229,230,234,235,236,241,250,252,253,254,255,256,257,260,261,265,271,275,276,281,282,283,284,285,290,291,292,296,298,301,305,307,311,315,316,323,324,325,327,331,332,341,346,352,358,360,361,363,370,388,402,419,432,452,678
44,37,38,43,44,46,47,48,49,51,52,53,54,55,58,59,60,61,62,63,64,65,66,67,68,69,70,71,72,73,74,75,76,77,78,80,81,82,83,84,85,86,87,88,90,91,94,96,98,100,101,105,106,109,110,111,114,116,118,121,126,127,128,129,130,131,132,134,136,137,140,141,142,143,146,147,148,150,151,152,153,156,158,160,163,164,165,167,169,170,172,177,178,179,180,184,185,186,187,189,190,191,192,195,197,198,199,201,204,205,206,207,209,210,211,212,214,215,217,218,219,221,224,230,231,234,237,239,242,245,247,249,253,255,256,260,261,262,264,265,268,269,271,278,279,280,291,300,319,322,326,330,394,549,620,632
45,33,37,39,41,42,43,44,45,46,47,48,49,50,51,52,53,54,55,56,57,58,59,60,61,62,64,65,66,67,68,70,72,73,74,75,77,80,82,84,87,88,89,90,91,92,95,96,97,98,99,100,101,103,104,105,108,109,110,111,112,113,114,117,118,120,126,127,129,132,133,134,136,137,143,145,146,147,149,152,154,157,159,161,162,163,166,167,168,169,172,176,177,179,182,183,189,190,191,192,195,196,197,200,205,209,210,211,212,216,219,221,224,226,228,229,231,239,244,254,255,260,261,265,266,267,269,271,274,284,286,294,295,298,308,318,320,327,358,421,472
46,15,32,34,37,39,40,41,42,43,44,45,46,47,48,49,51,52,53,54,56,57,59,60,61,62,63,64,65,66,67,68,69,70,71,72,73,74,75,76,77,78,79,80,81,82,84,85,86,87,88,89,90,91,93,94,95,96,99,100,101,102,103,107,108,109,110,113,115,117,118,123,125,126,130,133,137,139,140,141,142,143,144,145,146,151,154,156,158,159,160,162,164,165,166,167,168,169,170,172,174,175,176,177,178,179,181,182,183,184,187,188,189,190,193,194,196,197,198,199,200,201,202,204,206,209,212,214,220,222,223,225,229,230,231,232,233,234,236,239,241,243,244,247,249,250,258,265,267,268,271,272,273,276,284,286,296,299,311,318,321,323,325,454
47,7,18,28,39,45,46,48,49,50,51,52,53,54,55,56,57,59,60,61,62,63,64,65,66,67,69,70,71,73,75,76,77,78,79,80,81,82,83,84,85,86,87,88,90,91,93,94,95,96,97,98,99,101,102,103,106,107,108,109,110,111,112,113,115,116,117,118,119,120,121,123,125,127,128,129,131,132,134,135,137,138,139,140,142,143,145,150,152,153,154,158,159,160,169,171,173,177,181,186,190,191,199,207,216,251,260,297,300,411,458,484,502,587
48,35,41,42,43,44,45,46,47,48,49,50,51,53,55,56,57,58,59,61,63,64,66,67,68,69,70,71,72,73,74,75,76,77,78,79,80,81,82,83,84,85,86,87,88,89,90,91,92,93,94,95,96,97,98,99,100,101,103,104,105,107,108,109,110,111,112,113,115,116,117,118,119,120,121,122,124,127,131,137,139,146,149,152,153,157,169,171,172,173,174,179,181,182,184,193,194,197,200,204,209,210,214,215,232,235,239,254,255,258,260,262,323,422,485,577
49,35,36,37,38,39,40,41,43,46,47,48,49,51,52,53,54,55,56,57,58,59,60,61,62,63,64,65,66,67,68,70,71,73,74,75,76,77,78,80,81,82,86,87,88,89,93,94,95,96,98,99,100,102,106,107,108,109,110,111,112,114,115,117,118,119,120,121,122,123,125,126,127,128,129,130,131,134,135,138,139,140,141,142,143,144,145,147,148,151,152,154,155,156,157,162,165,167,170,171,172,174,175,183,198,209,214,215,216,224,228,243,259,371,648
50,36,37,38,39,42,43,44,45,46,47,48,50,51,52,53,54,56,57,59,60,61,62,63,64,65,66,67,68,69,71,72,73,74,76,77,78,79,80,81,82,83,84,85,86,87,88,89,90,91,92,93,94,96,98,100,103,104,105,106,108,110,111,112,113,114,115,116,117,118,120,121,122,123,124,125,126,128,129,130,132,134,135,137,138,143,145,149,152,155,157,170,174,177,181,183,189,190,191,193,197,198,200,203,208,210,211,218,233,238,241,252,254,256,267,268,289,356,596
51,36,43,45,47,48,49,51,54,55,56,57,58,59,60,61,62,63,65,66,67,68,69,70,71,72,73,74,77,79,80,81,85,86,87,88,89,90,91,94,96,98,100,101,102,105,106,109,110,111,113,114,115,117,118,119,120,122,123,124,125,133,134,135,136,137,138,139,140,141,142,143,144,145,147,150,151,153,158,162,166,167,168,174,175,181,190,194,200,206,209,284,285,304,694
52,41,45,47,49,51,52,56,57,58,60,63,64,65,66,67,68,69,71,73,74,75,76,77,78,79,80,82,83,84,85,86,87,88,89,90,91,92,94,95,97,99,101,102,104,105,106,107,108,109,110,111,114,116,117,118,119,121,122,123,124,125,126,127,128,129,133,135,136,138,140,144,148,149,150,152,174,189,206,208,209,248,295,309,345,465,657
53,23,31,41,44,48,51,54,55,56,58,59,60,61,62,63,65,66,67,68,69,70,71,74,75,76,77,78,79,80,82,83,84,85,86,87,88,89,90,92,93,94,95,98,99,102,104,105,108,112,113,115,116,117,118,119,123,124,125,127,128,129,133,134,138,139,141,142,145,147,148,149,151,152,156,158,161,163,165,185,190,224,227,298,376,464,498,569,595,660
54,41,50,51,52,53,55,57,58,59,61,64,65,66,68,69,70,72,74,75,76,77,78,81,82,83,85,87,88,90,91,92,93,95,96,97,98,101,103,104,105,106,107,109,114,116,121,123,124,125,126,129,130,131,133,137,140,141,142,145,147,148,150,158,160,170,227,229,238,411,633,687,695
55,25,52,59,61,62,64,68,69,70,72,73,76,77,79,81,84,86,87,88,89,93,95,96,98,99,100,101,103,111,113,116,119,122,123,130,139,152,176,194,233,294,423,536
56,56,58,59,62,70,74,75,76,103,105,110,115,122,123,126,128,132,136,138,150,159,274,296,337,351,484,611,669
57,59,65,69,75,79,84,88,89,90,91,92,94,97,103,107,115,118,119,120,142,227,330,333,354,414
58,66,70,71,80,81,89,91,109,120,130,131,142,147,155,388,675
59,54,100,111,115,191,399
60,74,95,419,448,551,565,622,662
61,642
62,
63,291,508,552
64,372,404,439
65,123,231,480,522,586
66,514,668
67,46,241,519,588,594
68,248,274,287,373,685
69,44,161,259,351,446,512,532
70,258,370,371,394,596
71,18,384,510,622
72,1,214,519,628
73,64,179,492,608,647
74,440,592,636
75,120
76,222,290,502,562
77,
78,
79,
80,
81,
82,
83,
84,
85,
86,
87,
88,
89,
90,
91,
92,
93,
94,
95,
96,
97,
98,
