18
0,332
1,8,22,23,25,31,32,37,38,40,41,44,232,423,426,447,458,517,569,571,686
2,4,15,17,20,21,23,24,25,26,27,29,30,32,33,34,36,38,40,47,51,188,359,382,463
3,11,14,15,16,18,20,21,22,23,24,25,26,27,28,29,30,31,32,33,34,35,37,38,39,41,42,44,45,46,47,49,50,51,56,58,60,61,62,63,66,69,75,86,105,108,196,237,389,438
4,7,16,17,18,19,20,21,23,24,25,26,27,28,29,30,31,32,33,34,35,36,37,38,40,41,42,43,44,45,46,47,48,49,50,51,52,53,54,55,56,57,58,59,60,61,62,63,64,65,66,67,68,70,71,72,75,76,77,78,80,81,83,85,86,88,91,92,98,99,102,107,109,110,111,113,114,115,116,117,118,119,121,122,123,124,125,126,127,130,131,132,134,136,149,162,170,172,178,180,191,192,195,204,208,225,354,522,646
5,1,15,16,17,18,19,21,22,23,24,25,26,27,28,29,30,31,32,33,34,35,36,37,38,39,40,41,44,45,46,47,48,49,50,51,52,53,55,56,57,58,59,60,61,62,63,64,65,66,67,68,69,70,71,72,74,75,76,77,78,79,80,81,82,83,84,85,86,87,88,89,90,91,92,93,94,95,96,97,98,99,100,101,102,103,104,105,106,107,108,109,110,111,112,113,114,115,116,117,118,119,120,121,122,123,125,126,127,128,130,131,132,133,134,135,136,137,138,139,140,141,142,143,144,145,146,147,148,149,150,151,152,153,154,155,156,157,158,159,160,161,162,163,164,165,166,167,168,170,171,172,173,175,176,178,179,181,182,183,184,185,186,187,188,189,190,191,192,193,194,195,196,197,198,199,200,201,202,203,204,205,206,209,210,211,212,213,214,218,219,220,221,222,223,224,225,226,227,228,229,230,231,232,233,234,235,236,237,238,239,240,241,242,243,244,245,246,247,248,249,250,251,252,253,254,255,256,257,258,259,260,261,262,263,264,265,266,267,268,269,270,271,272,273,274,275,276,277,278,279,280,281,282,283,284,285,286,287,288,289,290,291,292,293,294,295,296,297,298,299,301,302,303,304,305,306,307,308,309,310,311,312,313,314,316,317,318,319,320,321,322,323,324,325,326,327,328,329,330,331,332,333,334,335,336,337,338,339,340,341,342,344,345,346,347,348,350,351,352,353,354,355,356,357,358,359,360,362,363,364,365,366,367,368,369,370,371,373,374,376,378,379,380,382,384,386,387,388,390,394,399,403,406,413,418,428,447,459,516,521
6,6,18,19,21,22,23,24,25,26,27,28,29,30,31,32,33,34,35,36,37,38,39,40,42,43,44,45,46,47,48,49,50,51,54,55,56,57,58,59,60,61,63,67,68,69,70,72,73,74,76,77,78,80,82,86,87,88,90,92,96,97,99,100,101,103,104,105,107,108,109,111,112,113,114,115,116,119,120,121,122,123,125,126,127,128,129,130,131,132,133,134,135,137,139,140,141,142,144,145,146,147,148,149,150,151,153,154,155,156,157,158,159,160,161,162,164,165,168,169,170,171,172,173,174,175,176,177,178,179,180,181,182,183,184,186,187,188,189,190,191,192,193,195,196,198,199,201,202,204,205,206,207,208,209,211,212,213,214,215,217,219,220,221,222,223,224,225,226,227,228,229,230,231,232,233,234,235,236,237,238,239,240,241,242,243,244,245,246,247,248,249,250,251,252,254,255,256,257,258,259,260,261,263,264,265,266,267,268,269,270,271,272,273,274,275,276,277,278,279,280,281,282,283,284,285,286,287,288,289,290,291,292,293,294,295,296,297,298,299,300,301,302,303,304,305,306,307,308,309,310,311,312,313,314,315,316,317,318,320,321,322,323,324,325,326,327,328,329,330,331,332,333,334,335,336,337,338,339,340,341,342,343,344,345,346,347,348,349,350,351,352,353,354,355,356,357,358,359,360,361,362,363,364,365,366,367,368,369,370,371,372,373,374,375,376,377,378,379,380,381,382,383,384,385,386,388,389,390,391,392,393,394,395,396,398,399,400,402,403,404,405,407,409,410,411,412,413,415,417,418,419,420,421,423,424,425,426,427,428,429,431,432,433,434,435,436,437,438,439,440,441,442,443,444,445,446,447,448,450,451,452,453,454,455,456,457,458,459,460,462,463,464,465,466,467,468,469,470,471,472,476,477,478,479,480,481,482,483,484,486,487,488,489,490,494,497,498,502,503,504,505,507,509,512,515,516,520,522,523,524,526,533,538,544,546,558,560,653
7,7,15,16,17,18,19,21,23,24,25,26,27,28,29,30,31,32,33,34,35,36,37,38,39,40,41,42,43,44,45,46,47,48,49,50,51,52,53,54,55,56,57,58,59,60,61,62,63,64,65,66,67,68,69,70,71,72,73,76,77,79,81,82,83,84,85,88,89,90,91,94,98,99,100,101,103,104,105,109,110,111,112,113,114,115,116,117,118,119,120,121,122,123,124,125,126,127,128,129,130,131,132,134,135,136,137,138,141,144,145,151,152,154,155,157,158,161,163,164,170,171,172,173,174,175,176,177,178,179,182,183,184,185,186,187,188,189,190,191,192,193,194,195,196,197,198,201,202,203,204,205,206,207,208,209,210,212,213,214,215,216,218,219,221,222,223,224,225,226,227,228,229,230,232,233,234,236,237,238,240,241,242,243,244,245,246,247,248,249,250,251,252,253,254,255,256,257,258,259,260,261,262,263,264,265,266,267,268,269,270,271,272,273,274,275,276,277,278,279,280,281,282,283,284,285,286,287,288,289,290,291,292,293,294,295,296,297,298,299,300,301,302,303,304,306,307,308,309,310,311,312,313,314,315,316,317,318,319,320,321,322,323,324,325,326,327,328,329,330,331,332,333,334,335,336,337,338,339,340,341,342,343,344,346,348,349,351,352,353,354,355,356,357,358,360,361,362,363,364,365,367,368,369,370,372,373,377,379,380,381,383,385,386,387,390,391,393,395,397,398,399,400,401,402,403,404,405,406,408,411,414,416,417,421,422,425,426,427,428,431,432,433,436,437,439,440,443,444,445,446,449,463,464,465,467,468,470,475,476,477,478,484,486,501,506,507,515,559
8,15,16,17,19,20,21,22,23,24,25,26,27,28,29,30,31,32,33,34,35,36,38,39,40,41,42,43,44,45,46,47,49,50,52,53,54,55,56,57,58,59,60,61,62,64,65,66,67,68,69,70,71,72,73,74,75,76,77,78,79,80,81,82,84,85,86,87,88,91,92,93,95,97,102,107,109,110,111,112,113,114,115,116,117,118,119,120,121,122,123,124,125,126,128,129,130,131,132,133,134,135,136,137,138,139,140,141,142,143,144,145,146,147,149,150,152,153,154,155,156,158,163,164,165,166,167,168,169,171,172,173,174,176,177,178,179,180,181,183,185,186,189,191,193,194,197,199,200,204,205,206,208,209,210,211,212,213,215,216,217,218,220,221,223,227,228,229,231,232,235,236,237,238,240,242,243,244,245,247,249,250,251,252,253,255,256,257,258,259,260,261,262,263,264,266,268,270,271,272,273,274,275,276,277,278,279,280,281,282,283,284,285,286,288,289,290,291,292,294,296,297,298,299,301,302,303,304,305,306,307,308,310,311,312,313,314,315,316,317,318,319,320,321,322,323,324,325,326,327,328,329,330,331,332,333,334,335,336,337,338,339,341,342,343,344,345,346,347,348,349,350,351,352,354,355,356,357,358,359,361,362,363,364,366,367,368,370,372,374,376,378,380,381,382,383,384,385,386,387,388,389,390,391,392,393,394,396,398,399,400,401,402,403,404,405,406,407,408,411,412,413,415,416,417,418,419,421,422,424,425,426,427,428,429,431,432,433,435,436,437,438,440,441,445,446,447,449,450,452,454,455,457,458,461,465,476,478,479,482,486,487,491,494,500,502,509,510,537,540,560,655
9,14,15,18,19,21,22,23,25,27,28,29,30,31,32,33,34,35,36,37,38,39,40,41,42,43,44,45,46,47,48,49,50,51,52,53,54,55,56,57,58,60,61,62,63,65,66,67,68,69,70,71,72,73,74,75,76,77,78,79,80,81,83,85,86,87,89,90,92,93,94,95,96,98,99,100,102,103,104,105,106,108,109,111,114,115,116,118,119,120,122,123,124,125,126,127,128,129,130,131,132,133,134,135,136,137,139,140,141,142,143,144,145,146,148,149,150,151,152,153,154,155,158,159,161,162,165,169,171,172,176,177,178,179,180,181,182,183,184,185,187,188,189,190,192,194,195,196,197,198,200,202,204,206,207,208,210,212,216,217,218,219,220,221,222,224,227,228,229,232,233,235,236,237,238,239,240,241,242,244,246,247,248,250,252,253,254,256,257,258,259,260,261,263,264,265,266,267,268,270,271,272,273,275,276,277,280,281,282,283,284,285,286,287,288,291,292,293,294,295,296,297,298,299,300,301,302,303,305,306,307,308,309,310,311,312,314,315,317,320,321,322,323,324,326,327,328,329,330,331,332,334,335,336,337,339,340,342,343,344,345,346,349,350,351,352,353,355,356,357,359,360,361,362,363,364,365,366,368,369,370,372,374,375,376,377,378,379,380,381,382,384,385,387,388,390,391,392,393,395,397,398,401,403,406,410,412,413,415,420,422,428,436,437,446,453,457,459,474,485,488,493,517,519,526,532,606,630
10,15,16,17,18,19,22,23,24,28,29,30,31,32,33,34,35,36,37,38,39,40,41,42,43,44,45,46,47,48,49,50,51,52,53,54,55,56,57,58,59,60,61,62,63,64,65,66,67,68,69,70,71,72,73,74,77,78,79,80,81,82,83,84,85,86,89,90,91,92,93,94,95,97,99,100,101,105,107,108,112,113,114,115,116,117,118,119,120,121,124,125,126,127,128,129,130,131,132,133,134,135,136,138,139,140,141,144,145,146,147,148,149,150,152,153,154,155,156,157,158,159,160,161,162,163,164,165,166,167,168,169,170,171,173,175,176,178,179,180,181,182,184,185,186,188,189,190,192,193,194,196,197,198,199,201,202,203,204,205,209,212,213,214,215,216,217,219,220,221,224,225,226,227,228,233,234,235,236,237,239,240,241,243,244,246,247,248,250,251,252,255,258,260,261,262,264,265,266,267,268,270,271,272,273,274,275,276,277,278,279,280,281,282,283,284,285,286,287,288,289,290,291,292,293,294,296,297,298,299,300,301,302,306,308,309,310,311,312,313,316,317,318,320,321,325,326,327,328,329,330,331,332,333,334,335,336,337,338,339,342,343,344,346,347,348,349,351,354,355,356,359,360,361,362,363,365,367,368,369,371,372,374,376,378,380,381,384,386,391,393,394,397,400,401,408,409,412,420,421,423,425,427,430,431,432,434,435,437,443,444,446,448,452,454,472,475,477,483,486,498,640
11,13,14,16,18,20,22,23,25,26,27,28,29,30,31,32,33,34,35,36,38,39,40,42,43,44,45,46,47,49,50,51,52,53,56,57,59,60,61,62,63,64,65,66,67,68,69,70,71,72,73,74,75,76,77,78,79,80,81,82,83,84,85,87,88,89,90,94,95,96,97,98,99,100,102,104,108,109,110,111,115,116,117,119,120,122,123,124,126,127,128,129,130,132,133,134,135,136,138,139,140,141,142,143,144,146,147,149,151,152,153,156,161,162,164,166,167,170,171,172,177,178,180,182,183,184,185,186,187,191,192,193,194,195,196,201,203,210,211,212,213,216,220,221,226,227,228,234,236,237,238,240,241,242,243,245,246,247,248,249,250,251,252,253,254,256,257,258,260,261,263,264,265,266,268,269,270,274,276,277,278,280,281,284,285,286,288,289,290,291,292,295,296,297,299,300,301,302,303,304,305,306,307,308,310,311,312,313,314,315,316,317,318,320,321,322,323,324,325,326,327,329,330,331,333,334,335,336,337,339,340,341,342,343,344,347,348,349,350,351,352,353,354,355,356,357,358,360,361,362,365,366,367,368,370,371,372,373,374,375,376,377,378,380,381,382,386,389,390,391,392,393,394,396,397,398,400,401,404,406,407,410,411,412,413,418,419,420,421,425,428,429,430,431,432,437,438,441,442,445,446,450,452,460,461,462,463,465,468,473,474,479,483,495
12,13,18,19,21,23,24,26,27,28,30,31,32,33,34,35,36,37,38,39,40,42,43,44,45,46,48,49,53,55,56,57,59,60,64,66,68,69,70,73,74,75,77,78,79,82,83,85,86,87,90,91,92,94,95,96,97,99,101,104,107,112,113,114,116,118,120,121,122,123,124,125,126,127,128,129,130,131,132,133,134,135,137,138,139,140,141,142,144,145,146,148,149,150,151,152,153,154,155,156,157,160,162,164,166,168,173,174,176,177,178,179,182,187,188,189,190,192,193,195,197,198,199,200,202,203,206,207,209,210,213,214,216,217,219,221,226,228,231,232,234,235,237,238,243,244,245,246,247,249,250,251,253,254,255,256,258,259,260,261,262,264,265,272,273,276,278,279,280,283,285,290,291,292,293,294,295,296,299,301,303,304,305,306,310,312,314,315,316,320,326,327,328,329,330,332,334,335,337,339,340,346,347,349,350,351,354,355,357,358,359,360,361,364,365,366,367,368,370,372,377,379,380,381,383,386,387,388,391,393,394,395,396,399,400,403,404,411,414,415,417,418,421,422,426,428,431,433,435,438,440,443,444,449,454,455,471,472,475,477,481,482,484,485,497,498,502,512,528,541,623
13,6,11,22,23,24,25,27,28,29,31,32,33,34,35,36,38,39,40,41,42,43,45,46,47,48,49,50,51,52,54,55,57,58,59,60,61,62,67,69,70,71,72,74,75,76,79,80,82,84,85,86,91,92,96,97,102,104,106,109,111,116,119,121,122,124,125,127,129,130,132,133,134,140,142,143,144,145,146,148,149,150,151,152,155,157,158,159,160,162,163,165,167,168,172,173,174,176,177,178,179,180,181,183,184,185,186,187,188,190,191,192,193,194,196,197,199,200,201,203,204,205,208,209,211,212,215,216,218,219,222,224,226,229,230,231,232,233,236,238,241,243,244,246,247,250,251,252,253,254,255,257,258,260,261,262,264,266,268,270,271,273,274,276,278,280,281,282,283,284,285,286,288,290,292,294,295,296,299,301,304,305,306,307,308,311,312,314,315,316,317,320,321,322,323,324,325,328,330,331,337,342,343,344,345,346,356,357,358,363,364,365,366,367,373,377,378,379,380,383,385,389,393,394,395,396,397,398,399,401,404,405,411,413,414,415,418,421,422,423,429,432,433,441,447,449,451,452,457,462,474,475,477,489,493,498,508,513,515,572,575
14,20,21,23,24,25,26,27,28,29,31,32,33,34,35,37,39,40,41,42,43,44,45,46,48,49,50,54,55,56,57,58,59,60,61,62,63,64,65,66,67,68,69,70,71,72,73,74,76,77,79,81,82,84,85,88,90,92,93,98,100,111,116,119,120,122,123,124,125,128,129,131,133,134,135,136,137,139,140,143,144,146,148,149,150,152,156,159,163,164,165,166,169,170,172,177,179,182,184,185,188,190,194,195,196,197,201,206,207,210,213,214,215,216,217,222,225,227,228,230,232,235,238,239,242,243,244,246,247,248,249,251,252,253,256,257,258,260,261,262,263,265,266,267,269,270,272,273,274,275,276,277,278,279,281,282,285,287,288,289,290,292,294,296,297,298,299,300,302,303,304,305,306,307,308,309,310,311,312,313,314,315,316,317,318,319,320,321,322,323,326,329,330,332,334,335,336,338,340,341,342,343,347,348,349,352,353,355,356,357,358,359,363,364,367,369,371,372,373,378,383,384,385,386,387,389,390,391,395,396,400,406,407,410,411,416,417,424,426,427,435,438,441,442,443,444,448,453,454,462,473,482,487,507,516,517,529,671
15,12,14,15,20,22,23,24,25,26,27,28,29,30,31,32,33,34,35,36,37,38,39,40,42,43,44,45,46,47,48,49,50,51,52,53,54,55,56,57,58,59,60,61,62,63,64,65,66,67,70,71,72,73,74,76,78,79,80,81,82,83,84,85,86,87,88,89,90,91,92,94,95,96,97,98,99,100,101,105,106,108,109,110,113,114,115,117,119,120,122,123,124,125,126,128,129,130,131,132,133,134,136,137,139,140,141,142,143,144,146,147,150,152,156,158,160,161,162,164,167,168,170,171,172,173,174,175,179,181,187,188,189,190,192,193,194,195,196,197,198,206,207,210,213,217,218,222,224,226,229,232,234,235,236,237,241,245,247,248,252,253,254,255,256,257,258,259,261,263,264,265,268,270,276,277,278,283,284,286,287,288,290,291,292,295,297,298,299,300,301,302,304,309,312,313,314,315,316,317,323,324,325,326,327,328,330,332,333,334,337,338,339,340,344,345,346,347,348,349,350,354,356,357,359,360,361,362,364,365,366,367,370,379,380,382,385,386,388,394,397,398,400,401,403,406,407,415,416,418,419,421,423,426,429,430,431,432,437,443,446,447,449,451,453,454,465,467,468,470,473,478,480,488,491,499,505,514,516,528,597,642
16,12,13,15,17,19,22,23,24,25,26,29,30,31,32,33,34,35,36,37,38,39,40,41,42,43,44,45,46,47,48,49,50,51,52,53,54,55,56,57,58,59,60,61,62,63,65,66,67,69,70,73,75,77,78,79,80,81,82,83,84,87,88,90,91,93,94,96,98,99,100,101,105,107,108,109,110,112,115,116,117,121,123,126,132,133,134,136,137,138,139,140,141,142,143,144,145,146,147,148,149,151,153,154,155,156,158,160,161,162,163,165,167,168,173,178,179,181,182,183,185,186,187,188,189,190,193,195,196,197,198,199,200,202,204,206,208,209,210,213,216,217,218,219,221,224,225,226,227,229,232,235,236,237,238,240,241,245,246,247,248,249,250,253,254,256,257,258,259,261,262,263,264,265,266,267,268,269,270,272,274,276,278,279,281,282,283,284,286,290,291,292,294,299,300,301,305,306,308,309,311,312,313,315,317,318,323,325,326,327,328,329,335,337,339,343,344,345,347,348,351,356,359,360,362,363,364,368,373,374,376,381,383,388,390,398,400,401,404,408,417,420,422,423,425,427,432,436,439,443,451,454,455,465,470,471,477,479,480,484,503,510,515,535,565,650
17,10,14,16,17,18,19,20,21,22,23,24,25,26,27,28,29,30,31,32,33,34,36,37,38,39,40,41,42,43,44,45,46,47,48,49,50,51,52,53,54,55,56,57,59,60,61,62,63,64,65,66,67,68,69,70,71,72,73,74,76,77,78,79,80,81,82,83,84,86,87,88,89,90,91,92,93,96,97,98,99,102,105,106,107,114,123,124,125,126,128,133,135,140,144,145,146,148,149,153,155,156,158,160,161,164,168,171,174,175,177,178,179,180,182,183,184,185,186,187,189,190,192,194,195,196,197,198,199,201,207,210,212,218,220,222,228,230,233,237,241,245,248,250,251,254,255,257,258,259,260,261,264,265,266,269,276,277,284,285,286,287,289,290,291,292,294,295,296,298,299,302,303,304,305,307,309,311,313,314,315,318,319,320,323,325,327,328,329,330,331,332,333,335,336,338,340,342,343,344,346,351,352,354,355,356,357,358,359,360,361,362,363,364,368,371,373,379,381,382,386,390,391,393,396,398,400,402,404,408,410,412,413,422,424,425,427,433,434,441,442,443,444,446,447,449,450,451,453,459,462,465,468,472,473,479,500,514,517,543,578,624
18,8,9,10,11,12,13,16,17,18,19,20,22,23,24,25,27,28,29,30,31,32,33,34,35,36,37,38,39,40,43,45,46,47,48,49,50,51,52,53,55,56,57,59,60,61,63,64,65,66,67,68,69,71,73,74,75,77,78,79,80,81,82,83,84,85,86,87,88,89,90,91,92,93,94,95,96,97,98,99,100,101,102,103,104,105,106,107,108,110,112,113,115,118,119,120,121,122,123,124,125,126,127,128,129,130,131,132,134,135,136,137,138,139,141,142,143,145,148,149,151,154,156,158,159,161,163,168,172,173,174,175,178,180,182,184,186,188,189,194,196,197,198,201,206,209,211,214,215,228,245,248,254,281,328,359,361,369,384,385,404,411,434,436,437,440,445,464,469,475,477,480,488,491,499,500,507
19,4,5,7,9,10,11,12,13,15,16,17,18,20,23,24,28,31,33,34,35,37,39,41,42,43,44,46,47,48,49,50,51,52,53,54,55,58,59,60,61,62,63,64,65,67,68,69,70,72,73,74,75,76,78,79,80,82,83,84,85,86,87,88,89,90,91,95,96,97,98,100,102,103,106,108,110,112,116,117,118,121,124,129,131,135,139,140,141,142,143,144,145,146,148,149,150,151,152,153,154,155,156,157,158,159,160,162,163,165,166,168,170,171,173,174,176,178,180,181,182,184,185,188,190,193,195,196,198,200,203,206,207,212,222,224,228,232,236,243,263,271,273,274,287,295,319,325,327,329,332,547,661
20,13,18,19,20,25,34,46,48,49,51,56,58,59,61,62,63,65,66,67,68,69,70,71,73,74,75,76,79,81,82,83,84,85,87,89,90,91,96,97,98,99,100,103,104,107,108,109,111,114,120,122,126,127,128,130,137,153,155,168,176,196,199,212,223,232,237,261,571,597,634
21,5,21,54,69,74,79,85,86,89,92,93,94,97,98,100,101,110,112,113,115,117,121,122,123,125,136,142,146,148,167,172,186,203,407
22,133,144,148,154,163,165,172,184,304
23,3,18,96,108,155,393,517
24,2,65,601,661,681
25,1,2,3,4,5,6,9,12,14,46,57,102,512,682
26,2,3,5,6,10,13,16,20,71,208,249,405,484,636
27,1,2,3,4,5,6,7,8,9,14,15,16,18,22,45,58,59,140,290,522,552
28,2,3,5,6,7,8,10,11,12,13,16,18,20,21,23,51,98,107,280
29,1,2,3,4,5,6,7,9,11,12,14,16,17,18,19,20,22,23,25,28,29,32,35,39,40,45,46,47,48,53,55,61,77,78,81,109,144,262,388,546,568,678
30,1,2,3,6,7,8,9,10,11,12,14,17,19,21,22,23,25,26,28,31,34,35,40,43,44,46,48,50,51,55,60,61,63,65,70,72,79,84,86,87,98,100,104,113,115,134,173,602
31,1,3,4,5,6,7,8,9,10,11,12,13,15,16,18,19,20,22,23,25,26,27,29,30,32,35,36,44,45,46,48,49,52,57,59,61,65,67,75,79,93,106,131,135,189,316,322,383,589
32,1,2,3,4,5,6,7,8,10,11,12,13,14,16,17,18,19,21,22,23,24,26,27,28,29,31,32,33,34,38,39,41,43,50,51,54,55,57,59,60,62,64,65,67,68,69,76,97,98,101,203,239,282,527,593
33,1,3,4,5,7,8,9,12,14,15,18,19,21,23,25,26,28,29,30,33,34,36,37,38,40,41,45,47,51,53,58,59,63,64,67,68,69,72,73,75,79,82,92,95,102,104,114,122,155,227,329,337,539
34,6,7,11,12,13,14,16,17,20,21,22,23,24,25,26,30,31,33,34,35,36,37,38,39,40,41,42,49,51,52,55,59,67,71,73,74,75,89,94,98,99,100,101,116,120,126,128,129,140,175,183,433
35,5,17,26,28,29,30,34,35,43,45,46,47,49,50,55,56,59,62,64,68,69,75,92,99,168,190,206,212,358,440,491,519,523
36,18,26,27,37,39,43,83,142,311,375,381,483
37,8,11,70,115,445,600,685
38,6,13,25,36,59,78,101,207,301,690
39,37,51,52,59,78,140,261,265,324,335,463,606
40,60,135,496,598
41,45,275,308,344,628
42,36,67,421,499,646
43,49,95,244,523,589
44,28,52,99,461,670
45,120,254,551,682
46,25,149,231,522,608,683
47,28,46,223,438,442,521
48,156
49,26,76,79,136,243,353
50,206,252,525,549
51,8,184,266,319,341
52,129,189,226,469,510,595
53,104,684
54,302,541,622,635
55,55,146,470,618,696
56,
57,231,487,573
58,105,277,525
59,36,96,184,237,286,636,678
60,99,128,277,375,570
61,390,406,634
62,513,693
63,50,150,167,203,217,328,411,671
64,121,150,270,336,638
65,89,193,231,636,641
66,598
67,158,218,274,294,322,333
68,131,238,259,329,414,507
69,7,27,398
70,617
71,
72,
73,
74,
75,
76,
77,
78,
79,
80,
81,
82,
83,
84,
85,
86,
87,
88,
89,
90,
91,
92,
93,
94,
95,
96,
97,
98,
