15
0,669
1,28,135,429,575,604,645,687,697
2,118,202,519
3,20,67,128,318,464,608
4,96,293,339,377,445,609
5,50,174,310,427,566,567,593
6,84,247,312,322,338,437,446,496,541,604,658
7,50,127,478,607,692
8,17,52,80,107,113,140,162,183,349,350,432,630,651
9,74,94,97,102,103,105,110,123,129,130,171,183,211,399,506,550,672
10,75,87,89,90,92,93,94,95,96,97,98,99,100,101,102,103,104,105,106,107,108,109,110,111,112,113,115,116,117,119,120,121,122,124,126,127,128,131,133,143,160,170,171,196,210,216,219,221,233,242,249,287,337,355,370,375,390,428,432,441,552,593
11,69,81,82,83,87,88,90,91,92,93,94,95,96,97,98,99,100,101,102,103,104,105,106,107,108,109,110,111,112,113,114,115,116,117,118,119,120,121,122,123,124,125,126,127,128,129,130,131,132,133,134,135,136,137,138,139,140,141,142,143,144,145,146,147,148,149,150,151,152,153,154,155,156,157,158,159,160,161,162,163,164,165,166,167,168,169,170,171,172,173,174,175,176,177,178,179,180,181,182,183,184,185,186,188,189,190,191,195,198,200,201,202,205,206,207,208,209,210,211,212,217,308,643,646
12,20,68,81,91,92,93,95,96,97,98,99,101,102,103,104,105,106,107,108,110,111,112,113,114,115,116,117,118,119,120,121,122,123,124,125,126,127,128,129,130,131,132,133,134,135,136,137,138,139,140,141,142,143,144,145,146,147,148,149,150,151,152,153,154,155,156,157,158,159,160,161,163,164,165,166,167,168,169,170,171,172,173,174,175,177,178,179,180,181,182,183,184,185,186,187,188,189,190,191,192,193,194,195,196,197,198,199,200,201,202,203,204,205,206,207,208,209,210,211,212,213,214,215,216,217,218,219,220,221,222,223,224,225,226,227,228,229,230,231,232,233,234,235,236,237,238,239,240,241,242,243,244,245,246,247,248,249,250,251,252,253,254,255,256,258,259,260,261,262,263,264,265,266,267,268,269,270,271,272,273,274,275,277,278,279,280,281,282,283,284,285,286,287,288,289,290,291,292,294,295,297,298,299,300,301,303,304,305,306,307,308,310,311,312,313,314,315,316,318,321,322,326,327,331,334,340,342,345,350,351,352,354,356,378,383,389,405,415,416,419,455,525,681
13,39,88,89,90,91,92,93,94,95,96,97,98,99,100,101,102,103,104,105,106,107,108,109,110,111,112,113,114,115,116,117,118,119,120,121,122,123,124,125,126,127,128,129,130,131,132,133,134,135,136,137,138,139,140,141,142,143,144,145,146,147,148,149,150,151,152,153,154,155,156,157,158,159,160,161,162,163,164,165,166,167,169,170,173,174,175,176,177,178,179,180,181,182,185,186,187,188,189,190,191,192,193,194,195,196,197,198,199,200,201,202,203,204,205,206,207,208,209,210,211,212,213,214,215,216,217,218,219,220,221,222,223,224,225,226,227,228,229,230,231,232,233,234,235,236,237,238,239,240,241,242,243,244,245,246,247,248,249,250,251,252,254,255,256,257,258,259,260,261,262,263,264,265,266,267,268,270,271,272,273,274,275,276,277,278,279,280,281,282,283,284,287,288,289,291,292,293,294,295,297,299,300,301,302,303,304,305,306,309,310,311,312,313,314,315,316,320,321,322,323,324,327,328,329,330,331,332,333,334,337,338,339,341,342,343,344,345,346,347,348,349,350,353,354,357,359,361,362,363,364,367,368,370,371,372,378,387,389,390,399,403,404,417,436,647,655,699
14,63,87,88,90,91,92,93,94,95,96,97,99,100,101,102,103,104,105,106,107,108,109,110,111,112,113,114,115,116,117,118,119,122,124,125,126,127,128,129,131,133,134,135,138,139,140,141,142,143,144,145,146,147,148,149,152,153,154,156,158,159,160,161,164,165,168,169,172,173,174,175,176,177,178,179,180,181,182,183,184,185,186,187,188,189,190,191,192,193,194,195,196,197,199,201,202,203,205,206,207,208,209,210,211,212,213,214,215,216,217,218,219,220,221,222,223,224,225,226,227,228,229,230,231,232,233,234,235,237,238,240,241,242,243,244,245,246,247,248,249,251,252,253,254,255,256,257,259,260,261,262,263,264,265,266,267,268,269,270,271,272,273,274,275,276,277,278,279,280,281,282,283,285,287,290,291,292,293,294,295,296,297,299,301,306,308,309,310,311,314,315,316,319,320,321,323,324,325,326,329,331,332,334,335,336,337,343,344,346,347,350,353,354,356,360,362,364,375,377,378,388,391,392,395,407,417,422,430,521,565,665,680
15,86,87,88,90,91,92,93,94,95,96,97,98,99,100,101,102,104,105,106,107,108,109,110,111,112,113,114,115,116,117,118,119,120,121,122,123,125,126,127,128,129,130,131,132,133,134,135,136,137,138,139,140,141,142,143,144,145,146,147,148,149,150,151,152,153,155,156,157,158,159,160,162,163,164,166,167,168,169,172,173,175,176,178,181,182,184,185,186,187,188,189,190,191,193,194,195,198,199,200,201,202,203,204,205,206,207,208,209,210,211,212,213,214,215,216,218,219,220,222,223,224,225,226,227,228,229,230,231,232,233,235,236,237,238,239,241,242,243,245,246,247,248,249,252,253,254,255,256,257,258,259,260,261,262,263,264,265,266,267,268,269,270,271,272,273,274,275,276,277,278,279,280,281,283,284,285,286,287,288,289,292,293,294,296,297,298,299,300,302,303,304,305,306,307,308,309,310,311,312,313,315,317,318,319,321,322,323,325,326,327,329,330,332,333,334,335,336,337,338,339,340,341,342,345,351,352,354,355,357,358,362,363,367,376,377,382,387,388,394,397,399,400,407,408,429,435,452,453,643
16,82,83,88,89,90,91,92,94,95,96,97,98,99,100,101,103,104,105,106,107,108,109,111,112,113,114,115,116,117,118,119,120,122,124,125,126,129,131,132,135,136,137,138,139,140,142,143,145,146,148,149,150,151,153,154,155,157,158,159,161,162,163,164,165,167,171,172,173,175,177,180,181,182,183,184,185,186,187,188,190,192,194,198,199,200,201,202,205,208,209,210,211,212,213,214,216,218,219,220,221,222,223,226,227,229,230,232,234,237,238,239,240,241,243,244,245,246,248,252,255,257,258,259,260,261,262,265,266,268,269,270,273,276,278,279,281,284,285,286,287,290,291,292,293,294,295,299,300,301,302,305,306,307,310,311,312,314,315,316,319,320,321,322,323,324,327,330,333,336,340,348,349,354,356,358,363,368,370,372,376,377,379,387,388,391,392,396,397,404,409,410,413,414,417,423,428,431,432,433,435,464,471,519,575,656,698
17,87,89,92,93,94,96,97,98,101,102,103,104,105,106,107,108,110,111,112,113,114,115,117,118,119,120,121,122,123,124,126,128,129,130,132,133,134,135,136,137,139,140,141,143,144,145,146,147,149,150,151,152,153,154,155,156,158,159,162,163,164,165,167,168,169,170,171,173,174,175,177,178,180,181,182,183,184,185,186,187,188,189,191,192,193,194,195,196,198,200,202,203,204,206,207,208,209,210,211,212,213,214,215,216,217,218,219,220,222,223,224,225,226,227,228,229,230,231,232,233,234,235,237,238,239,241,242,243,245,247,250,251,253,254,257,258,261,262,263,265,267,268,269,271,273,274,276,277,278,280,283,284,291,292,296,298,299,301,302,304,311,312,313,315,318,323,324,325,326,327,328,329,330,332,333,339,340,343,346,348,350,353,354,357,361,363,364,366,367,371,372,377,380,391,393,395,397,405,411,422,428,444,446,479,512,517
18,82,87,91,92,93,96,97,98,99,100,101,102,103,104,105,106,107,108,109,110,111,113,114,115,116,117,118,119,120,121,122,123,124,125,126,128,129,130,131,132,133,135,137,139,140,141,143,144,145,146,147,148,149,150,151,152,154,155,157,158,159,160,161,162,163,164,165,166,167,169,170,172,174,175,177,179,182,183,185,186,189,192,194,195,196,197,198,199,200,203,204,205,206,208,209,210,211,213,214,215,216,217,218,219,220,221,222,223,226,227,229,230,231,232,234,247,250,251,252,253,254,257,258,259,262,263,264,266,267,268,270,272,274,275,276,277,278,279,280,283,284,286,287,288,289,290,292,293,295,301,302,303,304,305,310,314,316,320,321,326,331,335,342,343,344,346,347,349,352,354,355,357,358,359,360,362,364,365,369,371,381,388,396,399,400,401,409,413,415,424,451,628
19,83,85,86,87,88,89,90,93,94,95,96,97,98,99,100,101,102,103,105,106,107,109,110,111,112,113,114,115,116,117,118,119,120,121,122,125,126,128,129,130,131,132,133,134,135,136,137,138,139,140,141,142,143,144,145,147,148,149,150,151,152,153,154,156,157,158,159,160,161,162,163,164,166,167,168,172,174,175,177,178,179,181,182,185,186,187,189,190,191,192,194,195,196,197,198,200,201,202,204,208,209,210,211,212,214,215,216,217,219,220,221,222,223,224,226,227,229,230,231,232,233,235,236,237,241,247,248,249,250,251,254,258,263,265,266,268,269,272,273,276,277,282,283,284,285,290,297,300,308,309,311,312,313,318,320,321,322,326,327,328,330,332,333,338,345,348,351,363,365,367,372,374,377,378,382,386,395,402,408,416,428,435,453,480,553,591
20,51,84,85,87,88,89,90,91,92,93,94,95,96,97,99,100,101,102,103,104,105,106,107,108,109,110,111,112,113,114,115,116,117,118,120,121,123,124,125,126,127,128,129,131,132,133,134,135,136,137,138,140,142,144,147,148,150,151,152,154,155,156,157,158,159,161,162,164,165,166,167,168,169,170,171,172,173,174,175,176,177,179,180,181,182,183,184,186,191,193,194,198,199,200,201,203,204,206,207,208,210,211,213,215,216,217,218,219,221,222,223,224,226,228,229,230,231,232,238,241,242,245,247,248,249,250,253,256,257,261,262,263,264,265,270,272,275,278,281,287,289,290,291,293,294,300,301,302,303,306,311,318,327,337,338,340,341,342,343,354,358,361,367,375,379,384,386,389,398,401,454,461,464,486,632,635
21,82,84,86,88,89,90,91,92,93,94,95,96,97,98,99,100,101,102,103,104,105,106,107,108,110,111,112,113,114,115,116,117,118,119,120,121,122,123,124,125,126,127,128,130,131,132,133,134,135,136,137,138,139,140,141,142,143,145,146,148,149,150,151,152,153,154,155,157,158,162,164,165,166,167,168,169,171,172,173,174,175,176,177,178,179,180,181,185,194,195,197,198,203,213,215,220,222,223,226,231,233,234,236,238,240,242,243,244,247,250,259,260,262,265,269,271,286,289,290,298,299,300,304,305,319,327,342,358,362,365,391,403,405,417,520,624
22,19,45,76,83,84,86,88,89,93,94,95,96,97,98,99,100,102,103,104,105,106,107,108,109,110,113,114,115,116,117,118,119,120,121,122,123,124,125,126,127,128,129,130,131,132,134,135,136,137,138,140,141,142,144,145,146,147,148,149,150,151,152,153,154,155,156,157,158,159,160,161,162,163,164,165,167,168,169,170,172,177,178,179,181,182,183,185,188,189,194,195,196,197,199,201,202,204,205,208,209,210,211,212,214,215,216,217,218,221,222,223,224,227,229,231,232,236,237,238,241,242,245,247,250,251,253,255,257,258,261,262,266,267,271,277,279,280,282,286,289,294,296,297,300,307,308,312,313,316,325,328,333,338,431,465,496,625
23,84,85,86,87,89,90,91,92,93,95,96,97,98,99,100,101,102,103,104,105,106,107,108,109,110,112,113,114,115,117,119,120,121,122,123,124,126,128,129,130,131,132,135,137,138,139,140,141,142,143,144,145,146,147,148,149,150,152,153,154,155,156,157,158,159,160,161,162,163,164,165,166,168,169,170,171,172,173,174,175,176,177,178,180,181,182,183,184,185,186,189,191,192,194,195,196,197,199,200,201,203,204,205,206,207,208,209,210,211,212,214,215,216,217,218,220,222,223,224,228,230,231,233,234,235,237,238,239,240,242,244,245,246,252,254,255,257,259,268,269,271,272,279,280,282,283,291,296,299,301,305,306,310,311,317,324,328,330,336,357,382,392,399,497,567
24,46,65,82,86,87,88,89,90,91,94,96,97,98,99,100,102,104,105,106,108,109,110,111,112,113,114,115,116,117,118,119,120,121,122,123,124,125,126,127,128,129,130,131,132,133,134,135,136,137,138,139,140,141,142,143,144,145,146,147,148,149,152,154,155,156,157,158,159,161,162,164,165,166,167,168,169,171,172,173,175,177,179,180,183,186,187,188,191,192,196,197,198,202,203,205,207,209,211,212,213,214,215,216,217,218,221,222,223,224,225,226,227,231,232,234,236,238,243,244,245,246,247,248,253,261,262,263,268,270,273,275,277,281,284,292,294,296,299,300,304,310,313,315,316,341,343,345,349,358,361,365,370,392,399,410,422
25,80,82,84,86,87,88,89,90,91,92,93,94,95,96,97,98,100,101,103,104,105,107,108,109,110,111,112,114,115,116,117,118,119,120,121,122,123,124,126,127,128,129,130,131,132,133,134,135,136,137,138,139,140,141,142,143,144,145,146,147,148,149,151,153,154,155,156,158,159,160,162,163,165,166,167,168,169,170,171,175,177,178,182,184,185,188,191,194,200,201,202,203,204,206,208,209,211,212,213,218,224,225,228,229,230,231,233,234,235,236,237,239,241,242,244,247,250,251,253,254,255,258,261,262,263,265,267,269,271,275,276,277,278,285,286,289,291,294,295,296,297,298,301,302,311,313,314,316,317,323,325,329,330,332,333,340,343,350,353,361,397,413,482
26,50,83,84,88,89,92,93,94,95,96,97,98,99,100,101,102,104,105,107,109,111,112,113,114,115,118,119,120,121,122,123,124,130,133,134,135,137,138,140,141,143,144,145,146,150,151,152,153,154,155,156,157,158,159,160,161,162,165,166,167,168,169,171,172,173,174,175,176,178,181,182,183,184,185,186,187,188,189,190,191,192,193,194,195,196,199,200,201,202,204,205,206,208,211,212,216,219,220,221,222,223,224,225,227,228,230,231,232,235,237,238,240,242,243,244,246,250,254,255,256,259,264,266,267,274,277,278,279,280,282,285,287,289,290,291,294,298,299,301,306,308,311,313,323,324,340,343,362,398,399,402,416,424,437,443,445,461
27,28,58,82,83,85,86,87,88,90,91,92,93,94,95,96,97,98,99,100,101,102,103,105,106,107,108,109,110,111,112,113,114,115,116,118,119,120,122,123,124,125,126,127,128,129,130,131,133,134,135,137,138,139,140,141,143,145,146,147,148,149,150,151,154,155,157,158,161,163,164,165,166,167,168,169,170,171,172,173,176,177,178,179,180,182,183,190,191,192,193,194,195,196,197,198,200,202,203,205,206,207,208,209,210,211,212,213,214,215,216,217,218,219,220,221,223,226,227,228,229,230,233,234,235,237,240,242,243,244,246,248,249,250,253,258,262,263,266,267,268,269,281,286,287,288,291,292,293,295,296,302,304,307,317,320,322,324,335,343,353,365,371,444,461,506
28,77,78,80,81,82,83,84,85,87,90,93,94,96,97,98,99,101,102,103,104,105,106,107,108,110,111,112,113,114,115,116,117,118,119,120,121,123,124,125,126,127,128,129,130,132,133,136,137,138,139,140,142,145,146,148,149,150,151,152,153,154,155,156,158,159,161,164,165,167,168,171,172,173,176,177,178,181,182,184,185,186,188,190,191,192,193,196,197,198,199,200,203,204,205,206,207,209,211,213,214,215,218,219,220,223,224,226,227,228,229,231,232,233,234,237,238,240,241,242,246,248,249,250,251,254,257,260,261,262,263,264,267,269,271,272,274,278,279,280,283,285,286,289,290,291,292,294,296,301,303,304,307,309,318,321,322,323,325,326,336,338,339,341,343,360,378,395,416,618
29,82,83,84,87,88,89,90,91,93,95,97,98,99,100,101,102,103,104,105,106,107,108,109,110,111,113,114,115,117,118,119,120,121,123,124,125,127,128,132,133,135,136,138,139,140,141,142,144,145,147,148,150,151,152,153,154,155,156,157,159,161,162,163,164,165,167,168,170,171,172,176,177,180,182,183,184,185,187,188,189,190,194,199,200,201,204,205,206,207,210,211,213,215,217,218,220,221,222,223,224,225,229,230,231,233,238,239,240,242,243,244,245,248,251,256,257,258,260,262,268,269,274,284,286,292,293,295,297,300,305,309,314,322,337,339,343,359,371,374,383,389,396,397,428,443
30,85,87,88,89,91,92,93,94,95,96,99,100,101,102,103,104,105,106,107,109,111,112,113,114,116,117,119,121,122,123,124,128,129,130,132,133,134,137,138,139,141,143,144,145,146,147,149,151,153,154,155,156,158,160,161,162,163,164,165,166,167,169,170,172,174,175,176,177,178,179,180,182,186,187,188,189,191,192,193,194,195,196,198,199,202,203,206,208,209,210,212,213,215,216,220,221,222,223,225,226,228,229,230,231,233,234,235,241,245,250,251,252,254,259,260,262,266,268,272,274,276,278,279,282,283,289,291,292,293,298,302,305,310,312,326,330,347,348,378,424,630
31,37,81,83,85,87,89,90,91,92,93,96,97,98,99,100,101,102,103,104,105,106,108,109,110,112,113,114,115,116,117,118,119,120,123,125,126,127,128,129,131,132,133,134,135,137,138,140,142,143,144,145,146,147,148,150,151,152,154,155,156,157,158,159,162,163,164,165,166,168,169,170,171,172,175,179,180,181,184,185,188,191,192,193,197,201,204,205,206,208,209,211,213,214,215,216,218,219,220,221,222,224,226,227,228,231,235,236,237,238,240,242,243,246,247,248,254,255,256,260,263,264,267,270,275,277,279,280,282,285,289,290,299,302,306,315,330,341,343,362,440,466,523,638
32,85,86,87,89,90,91,93,94,95,96,98,100,101,102,103,104,106,107,108,109,110,112,113,114,115,116,117,118,120,122,123,124,125,126,127,129,130,131,132,134,135,136,137,138,139,140,141,142,143,144,146,150,151,153,154,156,157,158,159,160,161,162,163,164,166,168,169,173,174,175,179,181,187,188,190,191,193,195,196,198,199,201,202,203,205,206,208,209,210,211,212,213,215,216,219,222,224,225,227,228,229,230,236,237,239,243,249,251,252,253,255,257,259,264,266,267,271,272,274,275,284,288,290,293,302,306,308,309,312,315,322,323,327,330,336,345,347,348,350,351,362,370,376,411,428,436,500,634,679
33,74,79,80,83,85,91,92,93,94,95,97,98,99,100,101,103,104,105,106,109,110,111,113,117,120,121,122,125,126,127,129,133,135,137,139,142,143,145,146,147,149,151,152,153,154,155,156,159,160,161,163,164,165,166,169,170,172,176,177,179,180,187,188,189,190,191,192,193,194,196,199,200,203,205,206,207,209,212,213,214,215,217,218,220,221,222,223,224,227,228,229,233,234,235,236,238,239,242,244,245,246,252,262,271,273,278,279,280,284,285,293,298,307,317,318,329,331,337,345,355,357,379,383,384,446,480,513,617
34,70,88,89,90,95,96,98,99,101,102,103,104,105,107,108,109,110,112,114,115,116,119,120,123,126,128,129,132,135,136,139,143,144,145,148,152,160,162,163,164,165,166,169,170,171,172,174,185,186,189,191,193,195,199,200,201,202,203,205,206,207,211,212,213,214,216,219,220,221,223,224,227,228,230,234,235,237,242,254,257,258,259,262,264,266,270,273,275,278,280,282,283,287,293,294,295,296,300,301,304,306,307,312,333,369,405,524,546,586
35,73,83,85,105,114,115,116,117,118,124,126,129,130,131,132,134,136,138,139,141,144,146,147,148,150,151,152,155,157,159,165,166,167,169,170,171,172,174,176,178,181,182,184,185,194,197,199,201,203,207,211,219,222,229,244,255,257,263,265,266,290,299,301,310,317,322,398,436,492,556
36,77,82,83,88,97,98,103,106,107,108,110,111,116,121,140,144,145,148,149,152,153,155,156,158,162,169,175,178,181,185,189,195,199,200,201,202,203,207,211,212,214,220,223,233,260,279,286,298,346,362,456,502
37,179,315,632,665,692
38,56,364,395,412,439,527,552,585,699
39,10,35,339,446,480
40,16,383,393,399,641,669
41,
42,439,521
43,455,640
44,136,610,664
45,68,380
46,26,233,380,488
47,383,453,458
48,257,687
49,107,115,320,527,665
50,444,448
51,50,69,274,520,544,594,677,687
52,17,167,333,422
53,161,185,245,410,478,581,658
54,60,191,223,291,420,550
55,51,165,437,625
56,5,353,674
57,18,190,236,258,322,404
58,216,295,446
59,196,670
60,412,536
61,96,642
62,604,638
63,
64,
65,
66,
67,
68,
69,
70,
71,
72,
73,
74,
75,
76,
77,
78,
79,
80,
81,
82,
83,
84,
85,
86,
87,
88,
89,
90,
91,
92,
93,
94,
95,
96,
97,
98,
