19
0,106
1,67,78,79,82,83,86,87,91,92,166,240,321,454
2,33,63,64,65,71,73,74,75,76,77,78,79,80,81,82,83,84,85,86,87,91,92,94,97,98,103,105,111,123,124,169,393,534
3,56,58,59,61,63,64,65,66,67,68,69,70,71,72,73,74,75,76,77,78,79,80,81,82,83,84,85,86,87,88,89,90,91,92,93,94,95,96,97,98,99,100,101,102,103,104,105,106,107,108,109,110,111,112,114,115,116,119,120,121,122,135,137,142,144,158,305,378,611
4,32,62,64,65,66,67,68,69,70,71,72,73,74,75,76,77,78,79,80,81,82,83,84,85,86,87,88,89,90,91,92,93,94,95,96,97,98,99,100,101,102,103,104,105,106,107,108,109,110,111,112,113,114,115,116,117,118,119,120,121,122,123,124,125,126,127,128,129,130,131,132,133,134,135,136,137,138,139,140,141,142,143,144,145,146,147,148,149,150,151,152,153,154,155,156,157,158,159,160,161,162,164,165,166,167,168,169,170,171,172,173,174,175,176,177,178,179,180,181,182,183,184,185,186,187,188,189,190,191,192,193,194,195,209,225,229,238,283,317,322,333,519,649
5,58,59,62,63,64,66,67,68,69,70,71,72,73,74,75,76,77,78,79,80,81,82,83,84,85,86,87,88,89,90,91,92,93,94,95,96,98,99,100,101,102,103,104,105,106,107,108,109,110,111,112,113,114,115,116,117,118,119,120,121,122,123,124,125,126,127,128,129,130,131,132,133,134,135,136,137,138,139,140,141,142,143,144,145,147,148,149,150,151,152,153,154,155,156,157,158,159,160,161,162,163,164,165,166,167,168,169,170,171,172,173,174,175,176,177,178,179,180,181,182,183,184,185,186,187,188,189,190,191,192,193,194,195,196,197,198,199,200,201,202,203,204,205,206,207,208,209,210,211,212,213,214,215,216,217,218,219,220,221,222,223,224,225,227,228,229,230,231,232,233,234,235,237,238,239,240,241,242,244,245,246,248,250,251,252,253,254,255,256,262,263,264,266,267,268,272,273,276,277,278,280,288,289,290,291,293,294,296,299,300,312,315,328,341,403,548
6,58,60,61,62,63,65,66,67,68,69,70,71,72,73,74,75,76,77,78,79,80,81,82,83,84,85,87,88,89,91,93,95,96,97,98,99,100,101,102,103,104,105,106,107,108,109,110,111,112,113,114,115,116,117,118,119,120,121,122,123,124,125,126,127,128,129,130,131,132,133,134,135,136,137,138,139,140,141,142,143,144,145,146,147,148,149,150,151,152,153,156,157,158,159,160,161,162,163,164,165,166,167,168,169,170,171,172,173,174,175,176,177,178,179,180,181,182,183,184,185,186,187,188,189,190,191,192,194,195,196,197,198,199,200,201,202,203,204,205,206,207,208,209,210,211,212,213,214,215,216,217,218,219,220,221,222,223,224,225,226,227,228,229,230,231,232,233,234,235,236,237,238,239,240,241,244,245,246,247,248,249,250,251,252,253,255,256,257,259,260,261,262,263,265,266,267,268,269,271,272,273,275,276,278,279,280,287,289,290,291,295,296,298,299,300,301,308,309,312,314,315,317,321,323,328,333,336,338,354,355,365,380,383,390,411,420,508
7,11,53,57,58,59,60,61,62,63,64,65,66,67,68,69,70,71,72,73,75,76,77,78,79,80,82,83,84,85,86,87,88,89,90,91,92,93,94,95,96,97,98,99,100,101,102,103,104,105,106,107,108,109,110,111,112,114,115,116,117,118,119,120,121,122,123,124,125,126,127,128,129,130,131,132,133,134,135,136,137,138,139,140,141,142,143,144,145,146,147,148,149,150,151,152,153,154,156,157,158,159,160,161,162,163,164,165,166,167,168,169,170,171,172,173,174,175,176,177,178,180,181,182,183,184,185,186,187,189,190,191,192,193,194,195,196,197,198,200,201,202,203,204,205,206,207,208,209,210,211,212,213,214,215,216,217,218,219,220,221,222,223,224,225,226,227,228,229,230,231,232,233,234,235,236,237,238,239,240,241,242,243,245,246,247,248,249,250,251,252,253,254,255,256,257,258,259,260,261,262,263,264,265,266,267,268,270,271,273,274,275,276,280,282,283,285,286,287,288,293,297,300,301,302,308,309,310,311,313,315,317,318,321,325,330,334,342,343,353,354,430,464,477,669,691
8,38,55,57,60,61,62,63,64,65,66,67,68,69,70,71,72,73,74,75,76,77,78,79,80,81,82,83,84,85,86,87,88,89,90,91,92,93,94,95,96,97,98,99,100,101,102,103,104,105,106,107,108,109,110,111,112,113,114,115,116,117,118,119,120,121,122,123,124,125,126,127,128,129,130,131,132,133,134,135,136,137,138,139,140,141,142,143,144,145,146,148,149,150,151,152,153,154,155,156,157,158,159,160,161,162,163,164,165,166,167,168,169,170,171,172,173,174,175,176,177,178,179,180,181,182,183,184,185,186,187,188,189,190,191,192,193,194,195,196,197,198,199,201,202,203,205,206,207,208,209,210,211,212,213,214,215,216,217,218,219,220,221,222,223,224,225,226,227,228,229,230,231,232,233,234,235,236,237,238,239,240,242,243,244,245,246,247,248,249,250,251,252,253,254,255,257,258,259,260,261,262,266,269,271,272,274,275,276,277,278,279,280,281,282,284,287,290,291,292,294,295,296,301,303,305,306,307,309,312,315,317,320,321,325,330,334,335,337,351,354,361,364,374,398,399,400,411,636
9,52,58,59,60,61,62,64,65,66,67,68,69,70,71,72,73,75,77,78,79,80,81,82,83,84,85,86,87,88,89,91,93,94,95,96,97,98,99,100,101,102,103,104,105,106,107,108,109,110,111,112,113,114,115,116,117,118,119,120,121,122,123,124,125,126,127,129,130,131,132,133,134,135,136,137,138,141,142,144,146,147,148,149,150,155,156,158,159,160,161,163,164,165,166,167,168,169,170,171,172,173,174,175,176,177,178,179,180,181,183,184,185,186,187,188,189,190,191,192,193,194,195,196,198,199,200,201,203,204,205,206,207,208,209,210,211,212,214,215,216,217,219,220,221,222,223,224,226,228,231,232,233,234,236,237,238,239,240,242,243,244,245,246,247,249,251,252,253,255,256,257,258,259,260,261,263,264,265,266,267,268,270,272,273,275,276,277,279,280,281,282,283,286,288,289,290,291,292,293,295,297,301,302,306,311,312,314,316,321,322,324,325,326,330,331,332,333,334,338,339,340,345,347,352,354,357,369,379,391,438,619
10,57,60,61,62,63,64,66,67,68,70,71,72,73,74,75,76,77,78,79,80,81,82,83,84,85,86,87,88,89,90,91,92,93,95,96,97,98,99,100,101,102,103,104,105,106,108,109,110,111,112,113,114,115,116,117,118,120,121,122,123,125,126,128,129,130,131,132,133,134,135,136,137,140,141,142,143,144,145,146,147,148,149,151,153,154,155,156,157,158,160,161,162,163,165,166,167,169,170,171,172,173,174,175,176,177,179,180,181,182,183,184,185,186,187,189,190,192,193,194,196,198,199,200,201,202,203,204,206,207,208,209,210,211,212,214,215,216,217,219,220,221,222,223,224,225,226,227,228,229,230,231,232,233,234,236,237,238,239,240,241,242,243,244,245,246,248,249,251,252,253,254,255,256,257,258,259,260,262,264,266,267,268,269,271,273,274,275,276,278,279,280,282,284,285,286,287,288,289,291,292,296,297,300,302,305,307,309,311,318,321,322,330,331,332,336,359,385,395,414,433,454,463,479,538,692,693
11,44,56,57,58,59,60,61,62,63,64,69,70,71,72,73,74,75,77,78,79,80,81,82,83,85,86,87,88,89,91,92,93,94,95,96,97,98,99,100,101,102,103,104,105,107,108,109,111,112,113,114,116,119,121,122,123,125,126,127,128,129,130,131,132,133,134,136,137,138,139,140,141,142,143,145,146,147,148,151,152,153,154,155,156,157,159,160,162,163,164,165,166,169,170,171,172,173,176,178,179,180,181,182,183,184,185,186,187,188,189,190,191,192,193,194,196,198,199,201,202,203,204,205,206,207,208,209,210,211,212,213,215,216,217,218,219,220,221,222,223,224,225,226,227,228,229,230,231,232,233,234,235,236,237,238,239,240,241,242,243,244,245,246,247,248,249,250,251,252,253,254,256,257,258,259,260,261,262,263,264,265,266,268,270,271,272,273,274,275,276,278,280,281,282,283,284,285,286,287,288,289,290,291,292,293,294,296,300,301,302,303,304,305,306,307,308,309,310,311,313,314,315,318,319,320,325,331,335,336,337,340,341,342,343,349,350,351,353,354,356,358,360,362,366,370,376,377,380,382,383,390,393,408,410,411,437,442,446,473
12,54,57,59,60,61,63,64,65,66,67,68,69,70,71,73,74,75,76,77,78,79,80,81,82,83,84,85,86,87,88,89,90,91,92,94,95,96,97,98,99,100,101,102,103,106,107,108,109,110,111,112,113,114,115,116,117,118,119,120,121,122,124,125,129,130,131,132,135,137,138,139,140,141,142,143,144,145,146,147,148,149,151,155,157,159,160,161,162,163,164,165,166,167,168,170,171,172,173,176,177,178,179,180,181,182,183,186,187,188,189,190,192,193,194,195,198,199,200,202,204,205,207,209,211,212,214,215,216,217,218,219,220,221,222,223,224,226,227,228,229,230,231,232,234,235,238,239,240,241,242,244,245,246,248,249,251,253,254,255,256,258,259,260,264,265,268,273,274,276,278,280,283,284,288,289,291,294,295,302,305,307,308,310,313,314,315,316,318,320,321,323,324,325,327,329,332,333,334,337,338,341,343,345,348,352,354,355,356,358,368,372,373,379,380,381,382,383,384,394,398,401,412,432,480,552,561,696
13,52,56,57,58,59,60,62,63,64,65,67,68,69,70,71,72,73,74,75,76,77,78,79,80,81,82,83,84,86,87,89,91,92,93,94,96,97,98,99,100,101,102,103,104,105,106,108,109,110,111,112,113,114,115,117,118,119,120,121,122,123,124,126,127,128,129,131,133,134,135,138,139,140,141,142,143,144,145,146,147,148,153,155,156,157,158,160,161,162,164,165,166,167,168,169,171,172,173,174,175,176,177,179,180,181,182,183,185,186,188,189,191,192,193,195,197,198,201,202,203,204,205,206,208,209,211,214,215,216,217,218,219,220,221,222,223,225,226,227,228,229,231,232,233,234,236,237,240,241,242,244,248,254,255,257,258,259,260,263,264,266,268,270,271,272,274,275,279,280,284,285,286,288,289,290,292,295,296,297,298,302,303,304,306,308,309,310,314,315,316,317,318,319,321,325,326,329,331,332,333,334,337,339,340,341,343,344,346,348,350,351,353,356,357,358,359,360,362,363,364,365,368,369,375,377,378,379,381,382,385,386,392,395,401,402,404,416,436,439,444,445,448,581,671
14,54,55,57,58,59,60,62,63,64,65,66,67,68,70,71,72,73,74,76,77,79,80,81,82,84,85,86,90,91,93,94,95,97,98,100,101,103,104,105,107,109,110,111,112,113,114,115,116,118,119,121,122,123,124,125,126,127,128,129,130,132,133,134,136,138,139,141,142,143,144,146,149,150,151,152,153,154,156,158,161,163,164,166,167,168,170,171,174,176,177,178,179,180,182,183,184,185,186,187,188,190,192,193,196,197,199,200,201,203,204,207,208,210,211,213,218,219,222,223,224,227,229,231,232,233,235,236,237,238,239,240,241,242,244,245,246,247,248,252,254,255,257,258,259,260,261,263,265,266,267,268,269,270,271,272,276,277,279,280,281,283,285,287,288,289,290,293,294,295,297,298,299,301,304,305,306,307,309,310,311,312,317,319,321,323,324,325,326,327,329,330,331,333,335,336,337,338,339,340,342,343,345,347,348,352,353,358,360,363,364,367,368,369,374,377,379,381,382,383,384,392,396,398,408,412,415,419,433,473,488,493,496,552,557
15,2,47,50,51,53,56,58,59,60,61,62,63,64,65,66,67,68,69,70,71,74,76,77,78,80,81,82,83,84,85,86,87,89,90,91,92,94,95,97,98,99,100,101,102,103,104,106,107,108,109,110,111,112,114,116,117,119,120,121,122,123,124,125,126,127,128,129,130,131,132,133,134,135,136,137,139,142,143,146,149,151,152,154,155,156,157,158,159,160,162,164,165,166,167,168,170,172,173,174,176,177,180,181,184,185,187,189,190,191,193,196,199,201,202,204,210,212,214,216,219,221,223,225,226,228,229,230,231,232,233,235,236,237,238,239,242,244,246,249,250,251,253,254,255,256,257,258,260,262,263,271,272,274,278,279,281,283,285,287,288,289,291,292,293,294,295,296,298,299,300,302,304,305,306,308,309,310,312,314,315,316,317,318,319,320,321,323,324,325,327,328,330,331,332,333,334,335,336,340,341,342,344,347,348,349,351,352,354,355,357,359,361,363,365,367,368,370,376,379,380,382,383,384,386,391,392,397,398,401,406,419,421,424,425,426,429,431,462,497,634,661
16,50,53,56,57,58,59,60,62,63,64,65,66,67,68,69,70,71,72,73,74,75,76,77,78,79,80,81,83,84,85,86,87,88,89,90,91,92,93,94,95,96,98,99,100,101,102,104,105,106,108,109,110,111,112,114,116,117,118,120,121,122,125,127,128,129,132,133,134,135,136,137,139,140,142,150,152,155,157,158,159,163,167,170,171,173,175,176,177,179,180,182,183,184,185,186,190,192,193,194,198,200,201,202,203,204,206,207,208,209,210,211,212,213,214,215,217,218,219,220,221,222,223,226,227,228,229,232,234,235,236,237,239,240,242,243,244,246,249,250,251,255,258,260,262,263,265,267,268,270,271,273,277,279,284,286,287,289,290,291,294,295,296,297,299,300,301,302,303,304,305,307,312,313,314,315,316,317,319,322,325,326,328,329,330,335,336,337,338,339,341,343,352,354,355,356,359,361,366,368,370,375,383,393,396,402,413,422,440,454,472,483,593
17,48,50,51,53,55,58,60,61,62,63,64,65,66,67,68,69,71,73,74,75,76,77,78,79,80,82,83,85,86,87,88,89,90,92,94,95,96,97,98,99,100,102,103,105,106,107,110,111,112,113,114,116,117,118,119,122,125,128,130,134,135,136,138,143,144,146,147,153,154,155,156,158,159,163,164,166,168,170,171,172,173,175,176,177,178,179,182,186,188,189,193,195,196,197,199,204,206,207,211,213,214,215,218,219,220,221,222,223,224,225,229,230,232,234,235,236,237,239,242,243,244,250,252,254,255,260,262,263,265,266,267,271,273,274,275,277,278,280,281,283,285,287,289,291,292,294,296,298,299,300,301,302,303,304,305,307,308,314,315,318,319,320,321,324,327,330,331,332,333,334,336,337,340,352,356,358,359,363,368,381,384,389,393,404,413,415,426,543,551,693
18,53,54,55,57,59,60,61,62,63,64,65,66,67,68,69,70,71,72,73,74,76,78,79,80,81,83,84,86,88,90,92,94,95,97,98,99,100,103,104,106,108,109,110,111,112,113,114,115,116,117,118,120,121,122,124,126,127,128,130,133,135,137,138,140,141,142,143,144,145,149,150,153,154,156,158,160,162,163,164,165,167,171,172,173,175,176,178,179,181,182,185,187,188,189,190,192,193,194,198,199,201,203,208,209,210,213,214,217,218,220,221,222,223,225,227,228,229,230,231,234,235,238,240,243,246,247,250,251,254,262,264,266,267,269,270,273,275,276,277,279,280,281,284,285,286,291,296,298,300,301,302,303,304,310,314,316,319,323,331,333,337,338,346,350,352,354,357,375,383,386,391,395,398,400,403,409,427,441,447,496,503,665,691,692
19,2,54,55,56,57,58,59,60,61,62,63,64,65,67,68,69,70,71,73,74,76,77,79,82,83,84,85,86,87,88,89,90,91,92,94,95,96,97,98,99,100,101,102,103,104,105,106,109,110,111,112,113,115,116,118,119,120,122,123,126,127,128,129,130,131,132,133,135,136,137,138,139,140,142,145,147,148,149,154,155,157,158,159,165,166,167,170,173,175,176,179,182,183,185,186,188,191,192,193,195,196,197,198,199,200,202,205,206,210,211,212,214,217,218,219,220,222,223,226,227,228,232,236,238,239,241,244,249,258,259,270,275,277,283,284,287,288,290,292,293,294,296,297,302,303,304,307,308,309,314,315,317,325,329,330,334,335,349,352,357,363,366,367,373,378,407,484,658,682
20,50,53,54,55,56,57,58,59,60,61,62,63,64,66,67,68,69,70,71,72,73,74,79,80,81,83,84,85,86,87,88,89,90,91,92,93,94,95,96,97,98,99,102,104,108,109,112,113,114,116,117,118,120,121,122,123,124,125,129,130,132,135,136,140,141,147,149,151,152,153,155,157,160,161,162,166,167,168,169,170,178,181,183,184,186,188,190,192,195,200,206,210,211,212,214,215,216,217,218,219,220,221,222,223,224,225,226,227,229,230,232,233,235,236,239,240,241,242,243,244,245,248,250,252,253,256,262,266,268,269,270,273,276,278,280,281,282,284,285,287,289,290,291,292,293,294,296,298,299,300,301,303,304,305,306,308,309,311,312,313,315,319,328,332,334,337,342,345,346,357,358,364,365,369,376,378,380,389,405,417,452
21,47,53,54,57,58,59,60,61,62,63,64,66,69,70,72,73,74,75,80,81,82,83,84,85,86,88,89,90,91,92,94,95,96,97,98,99,100,101,105,106,107,108,109,111,112,115,116,117,118,120,121,122,123,125,126,129,131,132,134,135,141,143,144,145,146,147,150,156,157,161,163,164,167,172,173,174,175,176,177,178,182,183,189,191,192,195,199,201,206,208,209,211,212,213,214,215,216,218,220,223,224,225,227,229,230,231,235,236,237,238,242,246,251,254,256,260,261,265,275,276,277,278,281,282,283,284,287,288,289,292,293,294,295,296,299,300,303,305,306,309,313,320,325,327,330,337,339,343,348,354,355,357,369,377,381,386,415,662
22,20,50,51,53,54,55,56,57,58,59,60,63,64,66,67,68,69,70,71,72,73,74,76,77,78,79,80,81,82,83,84,86,87,90,91,93,95,96,98,99,101,102,104,106,107,109,116,119,122,125,128,130,131,133,135,139,142,150,151,152,153,154,155,156,157,159,160,162,163,164,166,167,168,172,175,176,178,179,183,184,185,187,189,190,192,194,197,199,201,204,205,207,209,210,213,214,215,217,220,221,222,224,225,226,228,230,231,232,233,234,235,237,238,245,247,249,254,257,259,265,268,269,279,281,282,285,289,290,291,292,295,296,297,300,302,304,311,316,319,321,342,350,354,358,362,372,380,496,596,649,673
23,40,48,51,54,55,56,57,58,59,62,63,64,65,66,67,69,71,72,73,74,76,77,81,82,83,84,85,86,87,89,90,94,95,96,100,101,103,105,106,107,108,109,111,112,113,114,115,116,117,119,120,121,122,125,126,127,128,133,134,135,136,141,142,145,147,148,150,151,154,156,158,159,161,164,165,166,167,168,169,173,174,176,178,180,182,183,186,192,193,195,196,201,208,209,212,213,214,221,222,225,228,230,231,232,233,234,242,256,257,261,264,265,270,280,284,289,294,296,297,298,299,300,301,304,305,306,308,310,313,315,316,322,324,325,327,329,330,332,333,335,336,337,341,342,346,348,349,352,355,357,358,359,363,364,367,370,375,379,393,405,423,436,444,466,501,506
24,45,50,51,52,53,54,55,57,58,59,60,61,62,63,64,65,66,67,68,69,70,72,73,76,77,78,79,83,84,85,86,87,89,90,91,92,93,95,96,97,98,100,101,102,103,105,106,107,108,116,118,119,120,122,124,126,127,128,130,134,136,137,139,146,147,149,150,151,153,155,157,159,161,162,163,167,168,169,170,171,174,175,176,177,179,185,187,192,193,198,200,204,205,211,215,216,217,218,219,220,222,224,225,226,227,228,229,231,233,234,235,237,238,241,242,243,247,249,250,251,254,255,256,261,263,267,270,286,287,288,290,293,295,296,297,306,314,315,317,320,323,324,328,329,330,334,335,338,341,342,343,344,345,347,349,350,352,353,357,362,365,367,368,379,380,388,396,403,405,413,415,418,424,431,441,451,476
25,46,48,49,51,52,53,54,55,56,57,58,59,60,61,63,64,66,68,70,71,72,73,75,76,77,78,79,80,81,82,84,85,86,87,89,91,92,93,94,95,97,98,99,100,101,102,103,105,106,107,108,109,112,113,118,119,120,121,122,130,132,133,140,142,143,145,147,150,154,160,166,169,170,171,173,175,176,177,179,180,181,183,184,188,191,193,195,196,199,202,203,207,208,209,210,211,213,215,216,217,218,219,220,221,222,223,224,226,233,237,241,243,250,253,259,263,264,265,270,276,286,287,292,301,312,324,332,335,340,341,342,344,348,352,354,355,356,361,369,371,386,405,412,448,479,629,698
26,45,46,47,48,50,55,56,57,58,59,60,61,62,64,65,66,67,68,69,70,71,72,73,74,75,76,77,78,79,82,84,85,86,88,89,90,91,92,94,95,96,100,103,104,105,106,107,109,112,113,116,118,120,121,122,124,126,128,130,132,133,134,146,149,150,151,154,155,157,158,161,162,163,164,165,167,169,171,173,175,176,178,180,182,184,185,186,187,188,193,194,195,196,199,200,201,202,203,204,205,206,208,209,211,212,213,214,216,221,222,223,229,232,233,234,239,244,248,253,255,259,262,264,278,279,281,282,283,293,306,311,319,324,330,335,336,338,339,342,350,353,359,370,397,477,604,606,616,678
27,49,50,52,53,54,55,56,57,58,59,60,61,62,65,66,67,68,69,70,71,72,73,74,75,76,77,81,82,84,85,86,89,90,92,93,95,98,101,102,103,104,107,108,109,110,111,112,114,116,117,118,119,121,122,123,124,125,126,127,128,130,135,136,142,143,147,148,150,152,154,156,157,159,160,162,163,164,166,167,168,169,171,172,173,175,176,181,188,190,193,194,199,200,201,204,209,212,215,216,218,219,221,222,223,227,248,259,262,266,269,290,297,298,305,316,320,328,333,339,354,357,358,363,372,375,392,636,651,660,663
28,48,50,51,52,54,55,56,57,58,59,60,61,62,63,64,67,68,70,71,72,73,75,76,77,78,79,80,83,85,87,88,89,91,93,94,95,96,97,98,100,102,103,107,108,109,110,111,113,115,116,117,118,119,120,121,122,124,127,128,130,134,137,144,145,146,148,149,150,151,153,154,155,156,157,159,160,162,163,167,168,174,179,183,188,195,197,201,203,205,207,213,214,218,219,222,223,227,231,233,234,235,236,238,239,240,242,250,251,252,253,254,255,256,263,269,278,284,294,297,298,299,306,326,327,342,353,383,423
29,47,49,50,51,52,53,54,55,57,58,59,60,62,65,66,67,68,69,70,71,73,75,78,79,81,82,84,85,86,90,91,92,93,94,95,96,97,99,100,101,102,103,106,107,110,115,116,117,119,122,123,125,127,132,134,135,138,139,140,141,146,148,149,154,155,160,163,165,166,167,168,173,176,178,179,181,182,184,186,193,195,197,199,200,203,204,206,207,208,209,214,216,217,218,220,224,225,226,230,231,233,236,237,239,240,241,242,245,246,248,250,251,253,256,257,267,268,274,275,288,289,295,297,307,308,311,315,334,377,419
30,46,51,52,55,56,57,58,60,61,62,63,64,65,66,67,68,69,73,74,75,77,79,81,83,84,85,87,89,90,93,99,100,101,102,103,104,105,106,112,113,115,129,130,133,134,136,140,142,146,147,149,150,151,152,154,156,157,159,161,163,164,167,171,174,175,176,178,179,180,182,183,185,186,190,191,196,197,199,201,202,203,204,206,207,208,209,211,212,213,214,216,221,222,230,234,235,236,240,264,279,284,302,318,376,381,407,447,498,619
31,45,46,47,49,50,51,52,53,54,55,56,57,58,59,61,62,64,65,66,67,71,74,76,79,80,81,82,84,86,87,91,92,94,95,96,97,98,101,102,103,104,105,106,107,108,109,110,111,112,115,116,117,119,120,121,124,125,127,129,130,132,134,141,143,145,146,147,149,150,159,163,164,168,174,175,176,179,181,185,189,197,199,200,202,206,208,215,216,218,220,222,227,228,237,242,248,255,256,259,267,268,270,286,288,315,385,403,456,505,530,624,627
32,43,45,46,49,50,51,52,53,54,55,56,57,58,59,60,61,62,63,64,65,67,68,69,70,71,74,76,77,78,79,80,81,82,83,86,87,88,89,90,91,92,94,96,97,98,99,101,102,104,105,108,109,110,112,114,116,117,122,126,133,134,139,143,146,149,152,158,160,162,165,166,167,171,172,175,176,177,178,180,182,183,185,187,194,196,197,199,200,201,203,204,205,206,209,211,212,213,215,216,217,222,224,225,228,233,235,238,239,246,248,250,251,261,263,264,266,269,278,282,291,300,341,415,432,546
33,47,48,49,50,51,52,53,54,55,56,57,58,59,60,61,62,63,64,66,67,68,70,71,72,73,75,77,78,79,80,82,83,84,89,90,91,92,93,98,100,101,102,103,104,109,111,113,116,117,118,119,120,122,123,124,129,131,132,137,138,139,140,143,144,147,149,151,154,157,159,160,164,165,166,167,168,169,170,174,175,176,177,178,179,191,194,195,197,200,201,202,203,204,205,207,208,217,218,219,226,229,230,232,238,244,267,277,294,299,306,312,338,531
34,45,46,47,48,49,50,51,52,53,54,55,56,57,58,59,60,61,62,63,64,65,66,67,68,69,70,71,75,76,77,78,79,81,83,84,86,87,88,89,90,91,94,95,96,97,98,99,100,101,103,105,106,107,108,109,110,111,112,113,117,118,119,120,124,125,126,127,129,130,131,132,136,137,138,139,140,141,142,146,147,148,150,151,153,155,157,162,165,166,170,171,172,178,179,182,185,188,189,192,199,201,202,205,212,216,222,224,225,228,230,235,238,242,257,258,266,273,282,286,301,316,333,577,635
35,37,43,45,47,48,49,50,51,52,53,54,55,56,57,59,62,63,67,68,69,70,71,72,73,75,76,77,78,79,80,81,82,83,84,85,86,87,88,89,90,91,92,94,95,96,97,98,99,100,101,102,103,104,105,107,108,110,111,112,114,115,116,119,120,121,122,124,125,126,128,131,132,136,138,143,146,147,148,149,150,153,155,157,159,160,162,163,168,169,170,171,173,175,176,177,178,181,184,188,189,190,191,198,200,201,202,203,204,205,207,209,210,211,214,215,217,219,222,223,224,225,231,232,233,234,257,260,265,266,272,284,309,512
36,39,47,49,51,52,53,54,56,58,59,60,61,62,63,64,65,66,67,68,69,70,71,72,73,74,75,76,77,79,80,82,83,84,85,86,88,89,90,91,92,93,94,97,99,100,101,102,106,109,110,111,112,113,117,118,120,121,122,123,126,127,130,132,135,136,137,142,144,145,146,148,150,152,153,154,155,156,159,160,161,162,164,165,166,169,170,171,173,176,178,179,180,181,182,183,186,187,188,189,190,192,193,194,195,196,199,200,201,202,203,204,205,206,207,208,210,211,212,213,215,217,218,219,220,222,223,224,225,228,232,234,241,251,252,255,256,262,268,271,275,296,309,314,335,336,338,367,412,508
37,40,45,46,47,50,51,52,53,54,55,56,57,58,59,60,61,62,63,65,66,67,68,69,70,73,74,75,76,77,78,79,80,81,82,83,86,87,89,91,92,93,94,97,99,100,102,103,106,107,109,111,112,116,119,121,122,123,124,125,126,127,128,129,130,131,134,136,140,141,145,148,149,150,151,152,153,154,158,159,162,165,167,174,185,188,199,201,214,216,217,220,225,226,227,229,232,233,235,240,241,243,247,252,256,258,274,275,277,279,283,288,310,313,315,332,335,390,394,670,679,686
38,39,40,44,45,48,50,51,54,55,56,57,59,61,62,63,65,66,67,68,70,72,73,74,75,76,78,79,80,81,82,83,84,86,87,88,89,91,93,94,95,96,97,98,99,100,102,103,106,107,108,109,110,111,112,113,116,117,119,122,124,127,132,138,149,150,154,155,159,161,162,164,166,167,168,169,174,176,179,180,181,182,187,188,190,191,195,198,203,204,206,208,210,214,215,218,219,222,223,225,226,228,231,233,240,241,242,244,248,249,256,260,275,300,302,307,380,636
39,15,36,46,47,49,53,56,57,58,62,63,64,67,68,70,72,74,75,77,79,80,81,82,83,85,88,90,92,93,95,99,101,105,106,108,110,111,113,114,115,116,118,119,120,121,123,124,125,126,128,130,131,141,142,144,147,149,151,153,154,156,159,161,163,164,167,168,170,171,172,173,175,176,177,178,179,180,181,185,186,187,189,190,192,193,195,198,202,203,206,207,209,211,213,215,219,220,221,224,227,230,239,270,339,520,557
40,45,46,50,51,56,61,62,63,64,65,66,67,68,69,71,72,74,76,77,78,79,80,84,86,87,88,89,90,91,92,94,95,96,98,99,100,103,104,105,107,108,110,112,113,116,117,118,119,121,122,123,125,126,127,129,130,131,132,133,134,135,138,140,142,143,144,147,151,152,154,155,159,160,166,169,171,172,176,180,184,185,200,205,207,209,212,215,216,222,225,226,228,230,231,234,236,265,268,269,273,291,309,331,342
41,48,58,59,61,64,65,66,71,72,73,74,75,76,77,79,80,81,83,84,87,88,90,91,93,97,98,99,100,101,103,106,107,108,111,113,114,115,116,118,119,122,129,130,131,153,156,158,159,160,161,162,164,165,167,168,170,171,172,175,176,178,179,181,191,192,199,205,206,207,212,214,215,218,234,237,242,243,253,261,271,287,299,302,340,361,551,646
42,55,57,60,61,64,66,67,68,71,74,75,76,77,78,80,81,82,83,84,85,86,89,90,96,100,101,102,104,108,110,111,112,113,114,116,118,122,123,124,125,126,129,131,132,137,138,139,140,146,149,152,155,159,160,161,164,165,166,170,175,178,181,185,187,190,191,195,196,200,203,204,207,210,212,214,216,218,223,227,228,235,244,247,277,395,424,600
43,47,55,58,60,62,63,64,65,67,70,71,72,74,76,77,79,81,83,84,88,89,90,93,95,96,98,99,100,102,103,104,105,108,109,111,112,113,114,119,121,122,126,128,136,138,140,141,143,148,151,154,157,160,162,165,172,191,193,202,217,226,229,242,244,245,251,272,297,351,352,525,541
44,46,47,48,50,58,75,77,78,79,82,86,89,90,91,94,95,96,98,100,102,103,104,105,109,110,113,114,115,118,119,122,123,127,130,132,134,138,144,162,163,171,175,180,181,183,190,192,193,195,199,219,234,244,255,260,293,298,322,332,335
45,25,79,95,131,133,148,182,187,192,208,264,290,479,575
46,31,106,127,198,231,409,456,566,608,620
47,535,537,675
48,373,398,427,462,530,596,599,691
49,1,3,141,281,580
50,289,606
51,25,192,372,428,603,632
52,1,48,371,380,397,641
53,53,360,486
54,6,244,303,316,573,611,621
55,658
56,
57,
58,
59,
60,
61,
62,
63,
64,
65,
66,
67,
68,
69,
70,
71,
72,
73,
74,
75,
76,
77,
78,
79,
80,
81,
82,
83,
84,
85,
86,
87,
88,
89,
90,
91,
92,
93,
94,
95,
96,
97,
98,
