16
0,612
1,31,283,525,699
2,192,202,298,410,506,537,604
3,27,40,460
4,53,127,157,357
5,113,116,177,260,279,376,649
6,10,74,81,92,94,99,202,368,438,442,578,594,595,597,598
7,42,77,79,81,82,85,87,88,89,94,157,166,257,294,497,572,584,585,592,611,629,660,665
8,51,53,56,62,69,74,77,79,80,81,82,83,84,85,86,87,88,89,90,91,92,93,94,96,98,99,101,102,103,104,105,106,109,110,113,115,117,118,142,147,170,435,474
9,51,62,63,65,67,68,69,70,71,72,73,74,75,76,77,78,79,80,81,82,83,84,85,86,87,88,89,90,91,92,93,94,95,96,97,98,99,100,101,102,103,104,105,106,107,108,109,110,111,112,113,114,115,116,117,118,119,120,121,122,123,124,125,126,127,128,129,130,131,132,133,134,135,136,137,138,139,140,141,142,143,144,145,146,147,148,149,150,151,152,153,154,155,156,166,167,169,170,171,172,173,174,178,179,180,181,182,183,184,185,186,187,188,189,190,192,193,194,195,196,197,199,200,201,467,522,652
10,44,54,62,72,73,74,75,76,77,79,80,81,82,83,84,85,86,87,88,89,90,91,92,93,94,95,96,97,98,99,100,101,102,103,104,105,106,107,108,109,110,111,112,113,114,115,116,117,118,119,120,121,122,123,124,125,126,127,128,129,130,131,132,133,134,135,136,137,138,139,140,141,142,143,144,145,146,147,148,149,150,151,152,153,154,155,156,157,158,159,160,161,162,163,164,165,166,167,168,169,170,171,172,173,174,175,176,177,178,179,180,181,182,183,184,185,186,187,188,189,190,191,192,193,194,195,196,197,198,199,200,201,202,203,204,205,206,207,208,209,210,211,212,213,214,215,216,217,218,219,220,221,222,223,224,225,226,227,228,229,230,231,232,233,234,235,236,237,238,239,240,241,242,243,244,245,246,247,248,249,250,252,253,254,255,256,257,258,260,261,263,265,266,268,269,270,271,274,279,282,283,286,288,290,292,296,297,298,305,313,315,316,322,348,358,361,373,444,605,653
11,69,71,72,77,78,79,80,81,82,83,84,85,86,87,88,89,90,91,92,93,94,95,96,97,98,99,100,101,102,103,104,105,106,107,108,109,110,111,112,113,114,115,116,117,118,120,121,122,123,124,125,126,127,128,129,130,131,132,133,135,136,137,138,139,140,141,143,144,145,147,148,149,151,152,153,154,155,157,158,159,160,161,162,163,164,167,168,169,170,171,172,173,174,175,176,177,178,179,180,181,182,183,184,186,187,188,189,190,191,192,193,194,195,196,197,198,199,200,201,202,203,204,205,206,207,208,209,210,212,213,214,215,216,217,218,219,220,221,222,223,224,225,226,227,228,229,230,231,232,233,234,235,236,237,238,239,240,241,242,243,244,245,246,247,248,249,251,252,253,255,256,257,258,259,260,261,262,263,264,265,266,267,268,269,270,271,272,273,274,275,276,277,278,279,280,281,282,283,284,285,286,287,288,289,290,291,292,294,295,296,297,298,299,300,301,302,303,304,305,306,307,308,309,310,311,312,313,314,315,316,318,319,320,321,322,324,325,326,327,328,329,330,331,332,333,334,336,337,339,340,341,344,345,346,347,348,349,350,351,352,354,356,357,358,361,362,363,364,365,368,369,373,374,375,376,377,378,379,381,382,384,385,386,392,393,396,407,408,412,414,417,419,425,430,436,439,442,445,446,478,521,533,594,601,626
12,72,73,74,75,76,77,79,80,81,82,83,84,85,86,87,88,89,90,91,92,93,95,96,97,98,99,100,101,102,103,104,105,106,107,108,109,110,111,112,113,114,116,117,118,119,120,121,122,124,125,126,127,128,129,130,131,133,134,136,138,139,140,141,143,145,146,147,148,149,150,151,152,153,154,155,156,157,159,160,161,162,163,164,165,166,167,168,169,171,172,173,174,176,178,180,181,182,183,184,185,186,187,188,189,190,191,192,193,195,196,197,198,200,201,202,203,204,205,206,207,208,209,210,211,213,214,215,216,217,218,219,220,221,222,223,225,226,227,228,229,230,231,232,233,235,236,237,238,239,240,241,242,243,244,245,246,247,248,249,250,251,252,253,254,256,257,258,259,260,261,262,263,264,265,266,268,269,270,271,272,273,274,275,276,277,278,279,280,281,282,283,284,285,286,287,288,289,290,291,293,294,295,299,300,301,302,303,305,306,307,308,311,312,314,315,316,317,320,321,322,323,326,327,328,329,331,333,334,335,336,338,339,340,343,348,349,352,357,358,360,363,364,365,366,368,369,371,372,373,375,378,379,381,383,384,386,388,389,390,394,396,399,400,403,407,413,414,415,425,427,428,429,432,433,435,437,439,441,446,449,453,467,480,492,493,523,569
13,65,69,70,71,72,74,76,77,78,79,80,81,82,83,84,85,86,87,89,90,91,92,93,94,95,96,97,98,99,100,101,102,103,104,105,106,107,109,110,111,112,113,114,115,116,117,119,120,122,123,124,125,126,128,129,130,131,132,133,134,135,136,137,138,140,141,142,143,144,145,147,148,149,150,151,152,153,155,156,160,163,164,165,167,168,169,171,173,175,176,177,180,182,184,186,188,190,191,192,193,194,195,196,198,199,200,201,202,203,204,205,206,207,209,211,213,214,215,217,218,219,220,222,224,225,226,227,228,230,231,232,233,234,235,236,237,238,239,240,241,242,244,246,247,248,249,250,251,252,253,254,255,256,257,258,259,260,261,262,264,265,266,267,268,269,270,271,272,273,274,275,276,277,278,279,280,281,282,283,284,285,286,287,288,289,290,291,292,293,294,295,296,297,298,299,300,301,302,303,304,306,307,308,309,310,312,313,314,315,316,317,318,319,320,321,322,324,325,326,327,328,329,330,331,332,333,334,335,337,339,340,341,345,346,349,350,351,353,355,356,358,362,363,364,365,368,371,372,374,375,376,377,380,381,382,384,386,387,388,389,391,392,393,394,397,401,403,407,408,409,410,411,412,414,417,419,420,421,423,424,428,431,437,439,440,445,450,451,455,465,480,485,601
14,67,69,75,77,78,79,80,81,82,83,84,85,87,88,89,90,91,92,93,94,95,96,97,98,99,101,102,103,104,105,106,108,109,110,111,112,113,114,115,116,117,118,119,120,121,122,123,125,126,128,129,130,132,133,135,136,138,139,140,141,142,143,144,145,146,147,149,150,151,152,153,154,156,159,161,163,164,165,166,167,168,169,172,173,175,176,179,180,181,182,184,185,188,190,191,192,193,194,196,197,199,201,202,203,205,207,208,209,211,212,214,215,216,218,221,222,223,225,226,227,228,229,230,231,232,233,234,235,237,238,239,240,241,242,243,244,245,246,247,248,249,250,251,252,253,254,255,257,258,259,260,261,262,263,264,265,266,267,268,269,270,271,273,274,275,276,277,278,279,280,281,282,283,284,285,286,287,288,289,290,291,293,294,295,296,297,298,299,300,302,303,305,306,307,308,309,310,311,312,313,314,315,317,319,321,322,323,324,326,327,328,330,331,333,334,335,337,338,339,341,342,344,345,346,348,349,350,353,354,355,356,357,358,359,361,362,363,364,365,366,367,368,370,372,373,374,375,376,377,379,380,381,382,384,385,386,387,388,389,391,392,393,394,397,398,399,400,401,404,405,406,408,409,411,412,413,418,420,421,422,423,425,426,427,428,429,433,434,435,436,437,438,439,440,446,447,448,454,457,459,460,464,477,480,482,493,588,631
15,67,69,71,78,79,80,81,82,83,84,85,86,87,88,89,90,91,92,93,95,96,97,99,100,101,102,103,105,106,107,108,109,110,111,112,113,114,115,116,117,118,119,120,121,122,123,125,126,127,128,129,130,132,134,135,137,138,139,140,141,143,144,145,146,147,148,149,151,152,154,156,157,159,160,162,163,164,166,169,170,171,172,174,175,176,179,180,181,182,183,184,185,187,189,190,191,192,194,195,196,197,199,200,201,203,204,205,206,207,208,209,211,213,214,216,220,221,224,225,226,227,228,229,230,231,232,233,234,235,237,239,240,241,243,244,245,246,247,249,250,251,252,253,254,255,256,257,258,259,260,261,262,263,266,267,268,269,270,271,272,274,275,276,277,278,279,281,282,283,284,285,286,287,288,289,290,291,292,293,294,295,296,298,301,302,303,304,306,307,308,309,311,312,314,315,316,318,319,320,323,324,325,326,327,330,331,333,334,335,339,340,341,342,344,347,349,350,352,353,354,359,360,361,364,366,371,374,380,383,385,386,389,390,391,392,394,395,396,397,402,404,407,408,409,412,415,416,417,418,420,421,425,429,430,431,432,433,435,437,438,439,447,452,453,454,459,461,468,484,539,543,546,560,592,609,622
16,4,68,71,72,74,76,77,78,79,80,81,82,83,84,86,87,88,89,90,91,93,95,96,97,98,100,101,102,103,104,105,106,107,108,109,110,111,112,113,114,115,116,117,118,119,120,121,122,123,124,125,126,127,128,129,130,131,132,133,135,137,138,139,140,141,142,143,144,145,146,148,149,150,151,152,155,156,157,158,159,161,162,166,170,173,174,175,176,177,178,180,184,185,186,187,188,190,191,193,194,196,200,202,203,205,206,207,209,210,213,216,217,219,221,222,223,224,225,226,227,228,229,230,231,232,233,234,237,238,240,241,243,244,245,246,247,248,249,250,251,252,253,254,255,256,257,258,259,260,261,262,263,264,265,266,267,269,270,272,273,274,276,277,278,279,280,281,282,284,285,288,289,291,292,293,295,297,298,299,301,303,304,306,308,310,311,312,313,314,316,317,318,319,321,322,326,327,328,329,331,332,334,336,337,338,341,345,347,350,352,353,355,356,359,361,364,368,371,376,378,387,388,389,391,397,398,400,401,403,405,406,407,408,410,411,412,413,415,419,420,421,424,426,428,438,439,440,444,445,448,449,450,455,457,458,460,463,465,474,476,477,489,506,508,512,537,554
17,68,71,72,75,76,77,78,79,81,82,83,84,86,87,88,89,90,91,92,93,94,95,96,97,98,100,101,102,103,105,106,107,108,110,111,112,113,114,116,117,118,120,122,123,124,125,126,127,129,131,132,134,135,136,137,138,139,140,141,142,145,147,148,150,151,152,154,155,156,157,158,159,160,161,162,165,166,167,168,169,170,171,172,173,174,176,177,180,181,182,184,186,187,190,192,194,195,198,199,201,204,205,208,209,210,211,213,215,216,219,220,221,222,223,224,225,226,228,229,231,232,233,234,236,237,238,240,242,243,244,245,247,251,252,253,255,260,262,263,264,265,267,268,271,272,273,274,275,276,278,280,281,282,284,285,286,290,291,292,293,294,296,297,298,299,300,301,302,305,306,307,308,311,313,314,320,323,324,325,332,334,338,339,341,344,349,352,357,361,376,378,379,380,385,386,388,391,394,395,396,398,399,400,402,403,404,409,410,415,416,417,418,424,432,433,444,457,470,512,538
18,76,77,80,81,82,83,84,85,86,87,88,89,90,92,93,94,96,97,98,99,101,102,103,106,107,108,109,110,111,113,114,115,116,118,119,123,124,125,126,127,128,129,131,133,134,135,136,137,139,140,141,142,143,145,146,147,148,150,151,152,154,155,156,158,159,160,165,167,168,169,171,172,174,175,179,180,181,182,183,185,186,187,188,190,192,193,196,197,198,199,202,203,207,208,209,211,215,221,222,223,224,225,230,232,233,234,235,236,237,238,239,240,241,242,244,245,246,247,248,249,251,252,254,257,258,260,261,262,263,264,268,269,270,271,272,275,276,279,281,283,284,285,287,289,290,291,294,296,297,298,299,301,305,306,307,309,310,313,314,315,317,318,320,321,322,324,325,326,328,329,333,336,339,342,344,345,347,350,351,355,367,371,372,375,376,381,383,384,385,389,392,399,400,403,406,407,409,410,412,414,418,422,427,429,430,432,436,437,438,440,442,447,448,455,465,468,478,484,491,492,504,528,530
19,78,79,80,82,84,85,86,87,88,89,90,91,92,93,99,100,102,103,106,107,109,110,111,112,113,115,116,117,118,119,120,121,122,123,124,125,127,128,131,133,134,136,139,141,142,143,145,147,148,150,152,156,157,159,161,163,166,167,168,169,171,172,173,176,177,178,179,180,182,183,184,185,186,187,188,190,191,192,193,195,198,199,200,201,204,205,206,208,209,213,215,220,222,226,227,229,230,239,240,242,243,244,245,246,247,248,249,252,253,256,258,259,260,262,263,264,265,266,267,268,270,271,274,275,276,277,281,283,285,288,289,291,296,300,301,303,304,306,308,310,313,315,316,317,318,319,322,323,324,329,331,332,334,335,336,339,341,342,344,345,347,348,351,352,360,361,363,364,365,374,375,378,381,382,388,407,408,409,411,412,413,415,417,418,420,421,425,432,435,436,438,439,442,445,451,453,465,467,476,481,484,485,496,517,535,544,554,625,638,644
20,71,74,75,78,81,83,86,87,88,89,90,92,93,95,97,98,99,100,101,102,103,104,105,106,107,108,112,114,116,119,120,122,123,124,125,128,129,130,131,132,133,134,136,137,138,140,141,144,145,151,153,154,156,158,159,162,163,165,166,167,168,169,170,171,172,174,175,178,181,182,184,185,186,189,190,192,193,196,197,198,201,203,206,207,208,210,212,215,217,218,220,222,223,224,226,228,231,233,235,237,238,239,241,243,245,247,249,250,252,253,255,257,258,260,267,269,270,271,273,277,279,280,284,286,289,294,299,301,302,304,305,307,308,309,313,317,319,325,327,329,331,346,359,366,368,372,373,376,398,406,407,408,409,414,416,420,423,439,440,442,455,457,458,462,468,529
21,18,66,72,73,75,76,77,78,84,85,89,90,91,92,94,95,96,97,98,99,100,101,105,106,108,109,110,111,112,116,117,118,121,122,123,125,126,129,130,131,133,137,138,139,142,144,146,148,149,153,154,155,156,157,158,160,161,162,163,164,168,170,171,173,174,176,178,180,181,184,185,187,189,190,192,193,195,196,197,198,200,201,202,203,205,208,209,211,212,213,217,218,221,222,225,227,229,234,235,238,239,241,242,244,246,247,250,252,253,254,255,261,265,272,276,285,301,307,318,319,334,360,362,395,397,403,409,411,414,416,417,422,425,427,435,440,443,448,453,455,460,461,468,471,477,478,499,520,682,684
22,30,51,63,66,67,68,69,70,72,74,75,76,81,85,87,88,93,94,99,101,103,107,108,109,111,113,116,120,121,122,123,125,126,129,132,133,139,140,141,142,144,145,146,147,148,151,152,155,156,159,160,161,162,163,164,165,166,168,169,170,171,173,174,177,178,179,180,181,182,183,184,185,186,187,188,191,192,193,195,200,201,202,203,204,205,206,207,208,210,211,212,213,214,215,216,217,218,219,220,222,228,229,230,235,236,237,239,240,241,243,246,247,250,251,258,264,278,281,287,297,303,312,315,332,333,339,402,403,404,411,424,425,430,440,452,461,468,472,474,484,494,522,572,647,677
23,59,68,72,73,77,79,84,86,87,90,99,102,107,108,114,120,123,131,135,139,142,143,148,149,152,154,156,158,159,161,162,166,168,169,172,175,177,180,181,187,188,191,196,197,198,199,201,206,208,210,211,212,213,215,216,217,218,233,234,239,240,242,243,247,250,251,253,254,255,256,257,262,263,265,266,269,271,307,312,332,341,347,369,422,448,467,477,513,557,585,619
24,94,105,138,171,233,234,247,688,689
25,19,64,613,666
26,32,620
27,
28,561,642,670,671
29,20,49,358
30,15,489,640
31,7,17,58,106,537,610
32,197,198,221,224,233,236,276,326,337,340,342,344,345,349,350,353,356,357,369,372,373,374,375,385,388,399,449,581,684
33,347,386,591,699
34,47,405,582,593,594
35,570,602
36,8,145,313,432,470
37,570,618,637,678,684
38,164,269,517,531,571,610,613,638,675
39,279,399,625
40,80,84,624,640,660
41,132,479,601,625,648,653,658,666,667,696
42,80,132,241,495,682
43,394,580,586,603,605,629
44,318,358,606,622,633
45,60,110,232,487,535,600,613,625,673
46,39,234,571,576,579,580,581,582,583,584,587,589,590,592,597,598,601,602,604,618,632,659,684,692
47,337,410,513,568,578,582,584,588,591,594,598,599,611,636,679
48,521,571,573,576,578,582,583,594,595,603,622,628,634
49,72,220,429,568,570,582,604,609,626,632,679,687
50,137,339,543,553
51,75,119,142,152,242,477,548,555,566
52,85,274,291,302,389,461,552,559,577,587,645
53,128,190,225,380,395,546,552,599,605,625
54,17,20,58,399
55,38,91,95,143,168,201,225
56,132,205,344,453,526
57,8,139,145,278,679
58,31,137,148,154,356,581,638
59,160,374,381,431,432,571,660,670
60,106,187,457
61,43,198,203,263,278,374,386,392,431
62,22,47,52,292,346
63,139,216,314,467
64,19,122,231,657
65,
66,
67,
68,
69,
70,
71,
72,
73,
74,
75,
76,
77,
78,
79,
80,
81,
82,
83,
84,
85,
86,
87,
88,
89,
90,
91,
92,
93,
94,
95,
96,
97,
98,
