17
0,275
1,156,493
2,245
3,128,150,314,497,514,520,633,659
4,253,304,307,601,616,664
5,248,456,585,588,600,607,699
6,34,43,130,203,231,556,560,564,568,570,573,574,580,582,584,588,590,591,603,626,645,651
7,149,197,314,316,320,504,541,570,571,573,575,576,578,583,597,599,600,606,612,654
8,25,95,258,322,405,431,562,564,637,656
9,28,143,149,220,313,314,401,509,571,582,594,611,614,628,630,644,645,673,686
10,192,345,388,395,450,566,576,580,581,589,590,594,595,605,608,617,634,648
11,219,262,344,564,573,574,576,583,586,587,589,590,591,594,603,609,618,623,628,630,636,656,658,662,676,688
12,384,557,563,565,580,592,599,615,617,631,633,635
13,7,176,179,223,282,338,373,375,398,556,562,567,571,575,609,622,629,634,638,647,649,650
14,22,36,127,141,297,335,393,435,512,557,578,579,589,593,605,611,613,615,617,619,621,630,661,662,685
15,21,102,175,239,556,561,562,598,631,674
16,16,113,143,197,380,559,566,572,584,590,594,595,599,603,618,620,634,641,659,670,671
17,32,45,47,75,132,243,259,309,557,625,626,629,644,662
18,134,185,298,326,422,446,547,560,617,623,632,643,668,675,691
19,71,179,253,449,548,560,564,565,567,568,569,572,573,577,578,591,596,597,602,615,668
20,37,40,44,46,54,58,60,61,62,63,65,74,76,77,78,81,82,84,126,206,306,398,559,589
21,32,42,43,45,47,48,49,50,51,52,53,54,55,56,57,58,59,60,61,62,63,64,65,66,67,68,69,70,71,72,73,74,75,76,77,78,79,80,81,82,83,84,85,86,87,88,89,90,91,92,93,94,95,96,97,98,99,100,101,102,103,104,105,106,107,108,109,110,114,128,284,605,696
22,20,30,40,41,42,43,44,45,46,47,48,49,50,51,52,53,54,55,56,57,58,59,60,61,62,63,64,65,66,67,68,69,70,71,72,73,74,75,76,77,78,79,80,81,82,83,84,85,86,87,88,89,90,91,92,93,94,95,96,97,98,99,100,101,102,103,104,105,106,107,108,109,110,111,112,113,114,115,116,117,118,119,120,121,122,123,124,125,126,127,128,129,130,131,132,133,134,135,136,137,138,140,162,170,465
23,1,7,23,32,36,39,44,45,46,47,48,50,51,52,53,54,55,56,57,58,59,60,61,62,63,64,65,66,67,68,69,70,71,72,73,74,75,76,77,78,79,80,81,82,83,84,85,86,87,88,89,90,91,92,93,94,95,96,97,98,99,100,101,102,103,104,105,106,107,108,109,110,111,112,113,114,115,116,117,118,119,120,121,122,123,124,125,126,127,128,129,130,131,132,133,134,135,136,137,138,139,140,141,142,143,144,145,146,147,148,149,150,151,152,153,154,155,156,157,158,159,160,161,162,163,164,165,166,167,168,169,170,171,172,173,174,175,176,177,178,179,180,181,182,183,184,185,186,187,188,189,190,191,192,193,194,195,197,198,199,200,201,202,203,204,205,206,207,208,209,212,213,214,215,217,218,219,220,221,223,227,231,232,234,235,238,240,244,246,247,252,257,258,261,262,264,266,267,274,281,294,295,341,344,359,467
24,4,6,18,23,29,34,35,36,38,41,42,43,44,45,46,47,48,49,50,51,52,53,54,55,56,57,58,59,60,61,62,63,64,65,66,67,68,69,70,71,72,73,74,75,76,77,78,79,80,81,82,83,84,85,86,87,88,89,90,91,92,93,95,96,97,98,99,100,101,102,103,104,105,106,107,108,109,110,111,112,113,114,115,116,117,118,119,120,121,122,123,124,125,126,127,128,129,130,131,132,133,134,135,136,137,138,139,140,141,142,143,144,145,146,147,148,149,150,151,152,153,154,155,156,157,158,159,160,161,162,164,165,166,167,168,169,170,171,172,173,174,175,176,177,178,179,180,181,182,183,184,185,186,187,188,189,190,191,192,193,194,195,196,197,198,199,200,201,202,203,204,205,206,207,208,209,210,211,212,213,214,215,216,217,218,219,220,221,222,223,224,225,226,227,228,229,230,231,232,233,234,235,236,237,238,239,240,241,245,246,247,248,249,250,251,252,253,254,255,256,257,259,260,261,262,263,264,266,267,270,271,274,275,278,279,280,281,282,287,288,289,291,293,294,295,298,299,300,306,309,310,314,315,318,320,323,341,342,364,374,670
25,4,50,53,55,56,57,58,59,60,61,62,63,64,65,66,67,68,69,70,71,72,73,74,75,76,77,78,79,80,81,82,83,84,85,86,87,88,89,90,91,92,93,94,95,96,97,98,99,100,101,102,103,104,105,106,107,108,109,110,111,112,113,114,115,116,117,118,119,120,121,122,123,124,125,126,127,128,130,131,132,133,134,135,136,137,138,139,140,141,142,143,144,145,146,147,150,151,155,156,157,158,159,160,161,162,163,164,165,166,167,168,169,170,171,172,173,174,175,177,178,179,180,181,182,183,184,185,186,187,188,189,190,191,192,193,194,195,196,197,198,199,200,201,202,203,204,205,206,207,208,209,210,211,212,213,214,215,216,217,218,219,220,221,222,223,224,225,226,227,228,229,230,231,232,233,234,235,236,237,238,239,240,241,242,243,244,245,246,248,249,250,251,253,254,255,256,257,258,259,260,261,262,264,265,266,268,270,271,272,274,275,276,277,278,279,281,282,286,287,288,289,290,294,295,298,299,306,318,326,328,329,333,334,340,351,359,373,405,435
26,40,51,55,57,58,60,61,62,63,64,65,66,67,68,69,70,71,72,73,74,75,76,77,78,79,80,81,82,83,84,85,86,87,88,89,90,91,92,93,94,95,96,97,98,99,100,101,102,103,104,105,106,108,109,110,111,112,113,114,115,116,117,118,119,120,121,122,123,124,125,126,127,128,129,130,131,132,133,134,135,136,137,138,139,140,141,142,143,144,145,147,148,149,150,151,152,153,154,155,156,157,158,159,160,161,162,163,164,165,166,167,168,169,170,171,172,173,174,175,176,177,179,180,181,182,183,184,185,186,187,188,189,190,191,192,193,194,195,196,197,198,199,200,201,202,203,204,205,206,207,208,210,211,212,213,214,215,216,217,218,219,220,221,223,224,225,226,227,228,229,230,232,233,234,235,236,237,238,239,240,241,242,243,244,245,247,248,249,250,251,253,254,255,256,257,258,260,261,262,263,264,265,266,267,268,269,270,271,272,273,274,275,278,279,280,283,284,286,287,288,289,290,291,293,294,295,296,297,298,299,300,301,306,307,309,311,313,315,316,318,319,320,321,324,326,329,330,331,334,336,343,346,347,359,366,370,390,392,404,416,434,440,454,471,488,532
27,46,51,52,54,55,56,57,58,61,62,63,64,66,67,68,69,70,71,72,73,74,75,76,77,78,79,80,81,82,83,84,85,86,87,88,89,91,92,93,95,96,97,98,99,100,101,102,103,104,105,106,107,108,109,110,111,112,113,114,115,116,117,118,119,120,121,122,123,124,125,126,128,129,130,131,132,133,134,135,136,137,138,139,140,141,142,143,144,145,146,147,148,149,150,151,152,154,155,156,157,158,159,160,162,163,164,165,166,167,168,169,170,171,172,173,174,175,176,177,178,179,180,181,182,183,184,185,186,187,188,189,190,192,193,194,195,197,198,200,201,202,203,204,205,206,207,208,209,210,211,212,213,214,215,216,217,218,219,220,221,222,223,224,225,226,227,228,229,230,231,232,233,235,236,237,238,239,240,241,242,243,244,245,247,250,251,252,253,255,257,258,260,261,263,264,265,266,268,269,271,272,273,275,276,277,278,279,280,282,286,287,288,291,292,294,296,297,298,299,300,301,302,303,304,305,310,314,316,321,324,325,329,330,331,334,335,336,345,349,356,357,362,367,378,379,381,396,399,544,552,656,685
28,9,30,35,41,49,55,56,59,60,61,62,63,64,65,66,67,68,69,70,71,72,73,74,75,76,77,78,79,80,81,82,83,84,85,86,87,88,89,90,91,92,93,94,95,96,97,98,99,100,101,102,103,104,105,106,107,108,109,110,111,112,113,114,115,116,117,118,119,120,121,122,123,124,125,126,127,128,129,130,131,132,133,134,136,137,138,139,140,141,142,143,144,145,146,147,148,149,150,151,152,153,154,155,156,157,158,159,160,161,162,163,164,166,167,168,169,170,172,173,174,175,176,177,178,180,181,182,183,184,185,187,188,189,190,191,192,193,194,195,196,197,198,199,200,201,202,203,205,206,207,208,209,210,211,212,213,214,216,217,218,219,220,221,222,223,224,225,226,227,228,229,230,231,232,233,234,235,236,237,239,240,241,242,244,245,246,247,248,249,250,251,253,254,255,257,258,259,260,261,264,265,269,270,271,272,273,274,275,276,277,278,280,284,285,286,287,288,290,291,293,294,295,296,298,299,300,302,303,304,305,306,307,308,309,311,314,315,318,319,321,324,325,326,327,336,337,339,340,354,356,360,364,366,368,371,383,406,417,505
29,31,50,51,53,55,56,57,58,59,60,61,62,63,64,65,66,67,68,69,70,71,72,74,75,76,77,78,79,80,81,82,83,84,85,86,87,88,90,91,92,93,94,95,96,97,98,99,100,101,102,103,104,105,106,107,108,109,110,111,112,113,114,115,116,117,120,121,122,123,124,125,126,127,128,129,130,131,132,133,135,136,137,138,139,140,142,143,144,145,146,147,148,149,150,151,152,153,154,155,157,158,159,160,161,162,163,164,165,166,167,168,169,170,171,172,173,174,175,176,177,178,179,180,181,182,183,184,185,186,187,188,189,190,191,192,193,194,195,198,199,200,201,202,203,204,205,206,207,208,209,210,211,212,214,215,216,217,218,219,220,222,223,224,225,226,227,228,229,230,231,233,234,235,236,240,241,242,243,244,245,247,248,250,251,252,253,254,255,257,258,263,264,265,266,268,269,270,275,277,279,280,281,284,285,287,288,289,290,292,293,297,298,300,301,302,303,306,308,310,314,318,322,323,324,329,333,335,338,339,340,344,346,347,350,352,358,365,378,384,407,458,623,674
30,17,44,48,52,54,55,56,57,58,59,60,61,62,63,64,65,68,70,72,73,74,75,76,77,78,79,80,81,82,83,84,85,86,87,88,89,90,91,92,93,94,95,97,98,100,101,102,103,104,105,106,107,108,109,110,111,112,113,115,116,117,118,119,122,123,124,125,126,127,128,129,130,131,132,133,134,135,136,137,138,139,140,141,142,144,145,146,148,151,152,153,154,155,156,157,158,159,160,161,162,163,164,165,166,167,168,169,170,171,172,173,174,176,177,178,179,180,181,182,183,184,185,186,187,188,189,190,192,193,194,195,196,197,198,200,201,202,203,204,205,206,207,208,210,212,213,215,216,217,218,219,220,221,223,224,225,227,228,229,231,232,233,234,235,236,237,241,244,246,247,248,253,255,257,258,259,260,263,264,265,266,267,269,271,273,274,275,280,282,288,291,292,301,302,303,304,306,308,312,314,323,325,328,346,356,373,377,426,456
31,43,45,49,50,52,54,55,59,60,61,62,63,64,65,66,67,68,69,70,71,72,73,74,76,77,78,79,80,81,83,84,86,87,88,89,90,91,92,93,94,95,96,97,98,99,100,101,102,103,104,105,106,107,109,110,111,112,113,114,115,116,117,118,119,120,121,122,123,124,125,126,127,129,130,131,132,133,134,135,136,137,138,139,140,141,142,143,144,145,146,147,148,149,150,151,152,153,154,155,156,159,160,161,162,163,164,165,166,167,168,169,170,171,172,173,174,175,176,177,178,179,180,181,182,183,184,185,186,187,188,189,190,192,193,194,195,197,198,199,200,201,202,203,204,205,206,207,209,210,211,213,214,218,220,221,222,223,225,227,229,230,231,232,234,235,236,238,239,241,244,249,251,253,255,259,268,270,274,279,280,289,293,294,295,298,302,304,305,309,311,319,329,330,331,333,336,337,341,344,346,348,350,357,359,361,372,382,415,446,581
32,45,49,55,56,57,58,59,60,61,62,63,64,65,66,67,68,69,70,71,72,73,74,75,76,77,78,79,80,81,82,83,84,85,86,87,88,89,90,91,93,95,96,97,98,99,100,101,103,104,106,107,108,109,110,111,112,113,114,115,116,117,118,119,120,121,123,124,125,126,127,128,130,131,132,133,134,135,136,137,139,140,141,142,143,144,146,147,148,149,150,151,152,153,154,156,157,158,159,160,161,162,163,164,165,166,167,169,170,171,172,173,174,175,176,177,178,179,180,181,182,183,184,185,186,187,188,189,190,191,193,195,196,200,205,215,216,218,223,224,225,227,228,230,231,232,236,237,238,240,241,243,244,246,249,250,251,253,255,257,258,260,262,263,266,271,280,281,282,285,291,292,297,299,300,306,307,310,313,334,335,336,339,345,359,386,399,407,415,545,591
33,46,50,55,56,57,58,59,60,61,62,64,65,66,67,68,69,70,71,72,73,74,75,76,78,80,81,82,84,85,86,87,88,89,90,91,92,93,94,95,96,97,98,99,100,101,102,103,104,105,106,107,108,109,110,111,112,113,114,115,116,117,118,119,120,121,122,123,124,125,126,127,128,129,130,132,133,134,135,136,137,138,139,140,141,142,144,145,146,147,148,149,150,151,152,153,154,155,156,158,159,160,161,162,163,164,165,166,167,168,170,172,173,175,176,178,179,181,183,184,186,188,190,193,195,196,197,198,201,202,203,206,207,208,209,210,212,213,214,216,217,218,219,220,221,224,225,226,228,229,231,232,234,235,236,237,241,242,245,246,249,250,251,253,254,255,257,258,259,261,264,269,270,271,275,276,278,280,281,293,294,296,298,300,303,304,306,309,323,324,331,345,348,354,359,362,365,396,404,411,414,513,525,581
34,47,48,54,56,57,58,59,60,61,62,64,65,66,67,68,71,72,73,74,77,78,79,83,84,85,86,87,88,89,90,91,92,93,94,95,96,97,98,99,100,101,102,103,104,105,106,108,109,110,111,112,113,114,115,117,118,119,120,121,123,124,125,126,127,129,130,131,132,133,134,135,136,137,139,140,141,142,143,144,146,147,149,150,151,152,153,154,155,156,157,160,162,164,165,166,167,168,169,170,171,173,174,175,177,178,179,180,182,183,184,186,187,189,190,191,193,194,195,196,197,198,200,202,204,205,208,210,211,212,214,215,216,217,219,220,221,226,227,228,231,235,238,241,242,245,247,249,251,253,255,256,258,259,262,265,270,276,278,282,290,291,298,299,305,307,309,312,314,320,323,324,325,326,334,337,339,367,623
35,50,52,53,55,56,57,59,60,61,62,63,65,66,67,69,70,71,72,73,74,75,76,77,78,79,80,81,82,83,84,85,86,87,90,91,92,93,94,95,96,97,98,99,100,101,102,103,104,105,107,108,109,110,111,113,114,115,116,118,119,120,123,124,125,126,128,129,130,131,132,134,135,136,137,139,140,141,142,145,146,149,150,151,152,154,155,156,157,158,159,160,161,162,163,164,165,166,167,168,169,170,171,172,173,174,175,176,177,178,179,180,181,182,186,187,188,189,190,191,192,194,195,196,197,198,199,203,204,205,206,207,208,210,211,213,214,215,218,219,220,221,223,224,228,229,231,233,237,238,239,244,246,250,251,254,265,266,272,280,282,294,299,317,326,335,351,378,486,525,626
36,52,53,54,55,56,58,60,61,63,64,65,66,67,68,69,70,71,72,73,74,75,76,77,78,79,81,82,83,84,85,86,87,88,89,90,92,93,94,95,97,98,99,100,101,102,104,107,108,110,112,114,116,118,119,120,121,122,123,124,126,127,128,130,131,132,133,134,135,136,137,138,139,140,141,142,143,145,146,147,148,149,150,151,152,153,154,155,157,158,159,160,162,163,165,166,167,168,169,170,171,173,174,175,176,178,181,182,183,185,186,187,190,191,192,194,195,196,198,199,200,201,202,203,204,206,208,209,212,214,215,216,217,218,219,220,222,223,224,228,229,230,234,238,239,260,261,274,281,284,302,341,351,355,363,515,586,609
37,47,51,52,55,56,57,58,60,61,62,63,64,65,66,68,69,70,71,72,73,74,75,76,77,78,79,80,81,83,84,85,86,87,88,89,90,91,92,93,94,95,97,100,101,103,106,107,109,110,111,112,113,114,115,116,118,119,120,121,122,126,128,129,130,132,133,134,135,138,139,143,144,145,146,149,151,152,153,154,155,156,157,158,159,160,161,162,163,164,166,167,169,170,171,172,174,175,177,178,182,183,185,186,188,190,191,195,199,202,204,205,213,215,217,218,219,221,224,226,227,228,230,231,239,245,250,251,252,254,257,267,275,279,280,283,288,295,303,317,321,337,346,382,423,448,482,671
38,11,12,33,35,45,47,48,49,52,53,54,55,56,57,58,59,60,61,62,63,64,65,66,68,69,70,71,72,73,77,78,81,82,84,85,86,88,89,91,92,93,94,95,96,97,98,99,100,101,102,103,104,105,106,107,108,109,110,111,112,113,114,115,116,117,118,119,120,121,122,123,124,125,126,128,129,130,131,133,135,136,137,138,139,140,141,142,144,145,147,148,149,150,151,152,153,154,155,156,157,158,159,160,161,162,163,165,166,167,168,169,171,172,173,174,175,176,179,184,185,188,193,194,195,197,200,202,203,206,207,212,215,217,218,219,220,223,227,228,229,235,241,243,244,247,251,255,257,262,267,273,278,289,290,294,299,322,393,480,627
39,14,23,35,42,47,50,51,52,53,54,55,56,57,59,60,62,63,65,66,70,71,72,73,74,75,76,77,78,79,80,81,82,83,84,85,86,87,88,89,90,91,92,93,94,95,96,97,98,99,100,101,102,103,106,108,109,110,112,113,114,115,117,118,120,121,122,123,124,125,126,127,129,130,131,132,133,134,135,136,138,139,140,141,142,145,146,148,150,152,153,155,156,157,159,161,162,164,166,169,170,171,172,173,174,175,177,178,179,180,181,182,183,185,186,189,191,192,195,198,203,207,208,210,211,212,213,218,220,222,234,235,237,239,242,257,261,263,268,272,281,291,292,294,296,298,299,307,308,339,349,356,389,398,460,518,689
40,8,15,16,29,31,35,37,39,50,55,56,57,62,66,68,69,70,73,76,77,79,82,84,85,88,89,90,91,93,94,95,96,102,103,105,107,108,109,111,112,113,114,115,116,119,122,123,124,125,129,130,134,136,138,143,144,145,147,148,149,150,151,152,153,154,155,156,157,158,159,160,162,164,165,168,169,170,172,173,174,176,177,178,179,180,181,182,183,184,185,187,189,190,191,193,194,195,196,198,200,201,204,205,207,208,210,212,214,215,216,217,221,222,229,230,231,235,236,238,239,241,245,251,254,255,272,288,296,297,307,342,359,423
41,22,26,35,37,61,62,64,66,72,73,75,79,80,83,84,86,87,88,89,90,92,93,95,100,101,102,103,104,106,110,112,113,114,116,120,121,122,124,125,127,129,130,132,133,134,135,136,138,139,140,141,145,146,147,148,151,152,153,156,157,158,160,162,165,167,168,169,171,174,177,178,182,183,188,191,197,207,210,211,216,220,222,226,229,230,233,237,245,255,256,259,261,274,277,283,284,291,317,318,352,356,357,365,391,676
42,66,69,71,74,86,91,96,97,98,99,100,104,105,106,111,114,115,116,118,122,123,124,125,126,127,129,130,131,134,136,137,138,139,141,142,145,147,150,152,156,159,160,161,162,163,167,169,172,176,177,181,186,191,201,231,235,255,302,620,677
43,83,98,116,130,133,154,198,206,247,266,288,370,499,608
44,27,111,271,288,333,357,363,564,583
45,170,404,598,685
46,24,408,423,429,450,565,577
47,39,77,78,533,649,699
48,41,67,68,74,75,77,78,79,81,82,87,432
49,65,67,70,71,72,73,74,75,76,77,78,79,80,81,82,83,84,85,86,87,88,89,90,92,93,94,96,98,99,101,102,608
50,10,61,63,64,65,67,68,69,70,71,72,73,74,75,76,77,78,79,80,81,82,83,84,85,86,87,88,89,90,91,92,93,94,95,96,97,98,99,100,101,102,103,104,105,106,107,108,109,110,111,112,113,114,115,116,117,118,120,121,122,123,124,125,126,127,131,132,133,135,142,153,224,227,540
51,58,60,61,63,64,65,66,67,68,69,70,71,72,73,74,75,76,78,79,80,81,82,83,84,85,86,87,88,89,90,91,92,94,95,96,97,98,99,100,101,102,103,104,105,106,107,108,109,110,111,112,113,114,115,116,117,118,119,120,121,122,123,124,125,126,127,128,129,130,131,132,133,134,135,136,137,138,139,140,141,142,143,144,145,146,147,148,149,150,151,152,153,154,155,156,157,158,159,160,161,162,163,164,165,167,168,169,170,172,177,178,180,181,182,183,184,185,186,187,188,189,190,191,193,194,195,196,198,199,202,203,205,206,208,211,213,214,216,217,218,224,226,230,233,234,235,237,239,241,248,254,255,256,261,278,287,295,347,493,608,620,657
52,23,54,57,58,59,60,61,62,63,64,65,66,67,68,69,70,71,72,73,74,75,76,78,79,80,81,82,83,84,85,86,87,88,90,91,92,93,94,95,96,97,98,99,100,101,102,104,105,106,107,108,109,110,111,112,113,114,115,116,117,118,119,120,121,122,123,124,125,126,127,128,129,130,131,132,133,134,135,136,137,138,139,140,141,142,143,144,145,146,147,148,149,150,151,152,153,154,155,156,157,158,159,160,161,162,163,164,165,166,167,168,169,170,171,172,173,174,175,176,177,178,179,180,181,182,183,184,185,186,187,188,189,190,191,192,193,194,195,196,197,198,199,200,201,202,203,204,205,206,207,208,209,210,211,212,213,214,215,216,217,218,219,220,221,222,223,224,225,226,227,228,229,230,231,232,233,234,235,236,237,238,239,240,241,242,243,244,245,246,247,248,249,250,251,252,254,255,256,257,258,260,261,263,264,265,266,267,268,269,270,271,272,273,274,275,276,277,278,279,280,281,282,283,284,285,286,287,288,289,290,291,292,293,294,295,296,297,298,299,300,306,307,308,311,317,321,325,327,330,331,333,334,340,346,350,358,360,362,367,372,382,385,390,395,397,545
53,49,51,53,55,56,57,59,60,61,62,63,64,65,66,67,68,69,70,72,73,74,76,77,79,80,82,83,85,86,87,88,89,90,91,92,93,94,95,96,97,99,100,101,102,103,104,105,106,107,108,109,110,111,112,113,114,115,116,117,118,119,120,121,122,123,124,125,126,127,129,130,131,132,133,134,135,136,137,139,140,141,142,143,145,146,147,148,149,150,151,152,154,155,157,159,160,161,162,163,164,165,166,170,172,174,175,176,177,178,179,180,181,182,183,184,185,186,187,188,189,190,191,193,194,195,196,197,198,199,200,201,202,203,204,205,206,207,208,209,210,211,212,213,214,216,217,218,219,220,221,222,223,224,225,226,227,228,229,230,232,233,234,235,236,237,238,239,240,241,242,243,244,245,246,248,249,250,251,252,253,255,256,257,258,259,260,261,262,263,264,266,267,269,270,271,272,273,275,276,277,278,280,281,282,284,288,289,294,295,299,300,303,305,307,311,312,315,317,318,320,321,324,331,333,334,337,339,341,346,347,348,353,354,356,357,364,371,384,385,401,408,442,495,530,581
54,6,8,51,53,54,55,56,57,58,59,60,61,62,63,64,65,66,67,68,69,70,71,72,73,74,75,76,77,78,79,81,82,83,84,85,86,88,89,90,91,92,93,94,95,96,97,98,99,100,101,102,103,104,105,106,107,108,109,111,112,113,114,115,116,117,118,119,120,121,122,123,124,125,126,127,128,129,130,131,132,133,134,135,136,137,138,139,140,141,142,143,144,145,146,147,148,149,150,151,153,154,155,156,157,158,159,160,161,162,163,164,165,166,167,168,171,172,173,175,176,177,178,179,180,181,182,183,184,185,186,187,188,189,190,191,192,193,194,195,196,197,198,199,200,201,203,204,205,207,209,210,211,212,213,214,215,216,217,219,220,222,223,224,226,227,228,231,234,235,237,241,243,244,245,246,250,251,253,254,256,257,258,259,262,271,273,279,280,281,282,284,287,288,289,292,294,295,296,298,300,301,309,311,314,316,318,326,335,336,338,341,346,351,357,360,391,392,448,558,562,627,631,642
55,9,52,53,57,59,60,61,62,63,64,65,66,67,68,70,71,72,74,75,76,77,78,79,80,81,82,83,84,85,86,87,88,90,91,92,93,94,95,96,97,98,99,100,101,102,103,105,106,107,108,109,110,111,112,113,114,115,116,117,118,119,120,122,123,124,125,126,127,129,131,132,133,134,135,136,138,139,140,141,142,143,144,145,146,148,149,150,151,152,153,154,155,156,157,158,159,160,161,162,163,164,165,166,167,169,170,171,172,173,174,176,177,178,179,180,182,183,184,185,186,188,189,190,192,193,194,195,196,197,198,199,201,202,203,204,205,206,207,208,210,211,212,213,214,215,218,219,220,221,222,223,224,225,226,227,228,231,232,233,235,236,238,239,240,242,244,245,247,250,251,252,253,254,258,262,263,265,266,267,271,273,276,277,279,288,294,296,297,298,300,305,306,318,320,321,323,332,353,425,479,617
56,14,31,38,58,60,62,63,64,65,66,67,69,71,73,74,75,76,77,78,79,80,81,82,83,84,85,86,87,88,89,90,91,92,93,95,96,98,99,100,101,102,103,104,105,106,107,108,109,110,111,112,113,114,115,116,117,118,119,120,121,122,124,125,127,128,129,130,131,132,133,134,135,136,137,139,140,141,142,143,145,146,147,148,150,151,152,153,154,155,156,157,159,160,161,162,163,164,165,166,167,168,170,171,172,173,174,175,176,177,178,179,180,181,182,183,184,185,186,187,188,189,190,191,192,193,194,196,197,198,199,200,201,202,203,204,205,206,207,208,209,210,211,212,213,214,215,216,217,218,219,220,222,223,225,227,229,230,231,232,233,234,235,236,237,238,239,240,242,243,244,245,247,249,250,251,252,253,254,255,256,257,259,260,262,263,265,266,267,268,271,285,286,287,288,291,292,294,295,296,298,300,302,310,313,319,321,347,349,353,355,369,397,493,514,555,570
57,4,50,61,66,67,68,69,70,71,73,74,77,78,79,80,81,82,84,85,86,87,88,89,90,91,92,93,94,95,96,97,99,100,101,102,103,104,105,106,107,108,109,110,111,112,113,114,115,116,118,119,120,121,122,123,124,125,126,127,128,129,130,131,132,133,135,136,137,138,139,140,141,142,143,145,146,147,149,150,151,152,153,154,155,156,157,158,159,160,161,162,163,164,165,167,169,170,171,172,174,175,177,179,180,182,183,184,187,188,189,190,191,192,193,194,195,196,197,198,199,200,201,202,203,205,206,207,208,209,210,211,212,214,215,217,218,219,220,221,222,224,225,226,228,229,231,232,234,236,237,239,242,243,245,247,252,253,257,259,260,261,264,276,280,284,291,298,301,303,304,305,318,354,356,357,379,449,488,567,568
58,31,55,59,60,61,62,63,65,66,67,68,69,70,71,72,73,74,75,76,77,79,80,82,83,84,85,86,87,88,89,90,91,92,93,94,95,96,97,100,101,102,103,104,105,106,107,108,109,110,111,112,113,114,115,116,117,118,119,120,121,122,123,124,125,126,127,128,129,130,131,132,133,134,135,136,137,138,139,140,141,142,143,144,145,146,148,149,150,151,152,153,154,155,156,157,158,159,160,161,162,163,166,167,168,169,171,172,173,174,175,177,179,180,181,182,184,185,186,187,188,189,190,192,193,195,196,197,198,199,201,202,203,204,209,210,211,212,213,214,216,217,218,219,220,221,222,223,224,227,229,230,231,233,235,236,237,238,239,244,245,248,249,252,253,254,257,258,264,265,268,273,274,276,278,281,283,284,285,286,289,294,296,297,300,303,306,312,313,315,317,319,320,342,352,360,361,376,424,471
59,58,60,61,64,65,66,67,68,69,70,71,72,73,74,75,76,78,81,82,83,84,86,87,88,89,90,91,92,96,97,98,99,102,103,104,105,106,107,108,109,111,112,113,114,115,116,117,118,119,120,121,122,123,124,125,126,128,129,130,131,132,134,135,136,137,138,139,140,141,143,145,147,148,149,150,151,152,154,155,157,158,159,161,162,163,165,168,169,172,173,176,177,179,181,182,183,185,186,187,188,189,190,191,192,195,196,198,200,201,202,204,206,207,210,213,214,215,217,218,220,222,223,225,228,230,231,232,236,237,238,239,240,241,243,249,250,251,253,255,260,261,262,265,275,276,277,283,289,295,297,300,305,306,313,314,326,337,341,343,345,355,371,383,386,391,619
60,3,57,60,61,62,63,64,65,66,67,68,69,70,71,72,73,74,75,76,77,83,84,85,86,87,89,90,91,92,93,97,98,101,102,104,105,106,107,109,110,111,112,113,114,115,116,118,120,122,123,124,125,126,127,129,132,133,135,136,138,139,140,141,142,143,148,150,151,152,155,157,158,160,164,165,168,171,172,175,176,177,178,179,180,183,187,191,193,194,195,196,197,200,202,203,205,206,208,211,214,217,221,223,224,225,226,229,231,233,234,235,237,238,239,240,241,243,245,246,247,250,251,255,256,259,260,262,264,267,272,273,278,281,282,286,296,305,309,312,314,318,322,334,337,346,373,388,405,468,533,548
61,30,53,54,55,56,57,59,61,62,65,67,68,70,72,73,74,75,76,77,78,87,91,92,93,95,96,97,98,101,103,104,106,108,109,110,112,114,116,118,120,121,124,125,128,130,131,132,133,134,136,137,139,143,144,152,154,155,166,169,186,191,196,204,211,212,215,217,219,221,226,228,233,234,237,240,246,247,248,249,251,263,267,282,285,294,304,305,306,308,331,338,355,524,567,597
62,60,67,71,74,76,77,78,81,82,84,86,87,88,90,96,100,105,108,112,114,119,123,132,136,139,140,141,152,158,160,166,170,184,185,190,193,194,200,203,204,205,208,214,233,235,243,259,261,263,271,280,301,449,472,550,604,610,646,661
63,13,59,78,80,90,97,99,104,107,108,117,131,145,158,172,175,177,203,215,230,387,392,403
64,111,188,191,210,215,217,267,327,465
65,179,244,423,527,688
66,299,324,374,477,687
67,346,447,562
68,556,588
69,376
70,28,43,94,407,599
71,23,576
72,119,306,308,398,433,522
73,318,403,405,435,583,592
74,258,394,548,636
75,218,398
76,91,444,498,560
77,262,360,416,530
78,459,547
79,38
80,204,642,687
81,262,278,287,375,487
82,233,514,566,664
83,112,143,199,470,505,536,623,684
84,304,375,517,645
85,175,241,495,576
86,309,502,558
87,64,65,85,194,207,402,611,636,689
88,15,57,281,458,499,517,657
89,49,313,484,490,518
90,129,139,294,586
91,17,158,369,425,447,528,541,626
92,30,329,357,381,501,641
93,570
94,
95,
96,
97,
98,
