3
0,215
1,58,548,554
2,56,161,309,387,483,513,530,594,693
3,84,208,355,454,634,659,670,692
4,162,241,246,285,475,511
5,138,213,309,403,524,590,683
6,94,246,293,566
7,76,99,214,619
8,81,83,87,89,90,92,93,95,96,98,99,100,101,102,103,104,105,106,107,108,109,111,118,124,145,279,417,429,655
9,37,62,70,80,81,83,84,85,86,87,88,89,90,91,92,93,94,95,96,97,98,99,100,101,102,103,104,105,106,107,108,109,110,111,112,113,114,115,116,117,118,119,120,121,122,123,124,125,126,127,128,129,130,131,132,133,134,135,136,137,138,140,141,147,187,223,225,323,443,483,484,642
10,85,86,88,89,90,93,94,95,96,98,99,100,101,102,103,104,105,106,107,108,109,110,111,112,113,114,115,116,117,118,119,120,121,122,123,124,125,126,127,128,129,130,131,132,133,134,135,136,137,138,139,140,141,142,143,144,145,146,147,148,149,150,151,152,153,154,155,156,157,158,159,160,161,162,163,164,165,166,167,168,169,170,171,172,173,174,175,176,177,178,179,180,181,182,183,184,185,186,187,188,189,190,191,192,193,194,195,196,197,198,199,200,201,202,203,204,205,206,207,208,209,210,211,212,213,214,215,216,217,218,219,221,222,223,224,226,228,229,230,231,233,234,235,238,239,241,242,249,251,253,254,255,259,264,265,269,270,279,281,282,286,287,290,291,295,320,323,370,373,385,412,434,528
11,88,90,93,94,96,97,99,100,101,102,104,105,106,107,108,109,110,111,112,113,114,115,116,117,118,119,120,121,122,123,124,125,126,127,128,129,131,132,133,134,135,136,137,138,139,140,141,142,144,145,148,149,150,151,152,153,154,155,156,157,158,159,160,161,162,163,164,165,166,167,168,169,170,171,172,173,174,175,178,179,180,181,182,183,184,185,186,187,188,189,190,191,192,193,194,195,196,197,198,199,200,201,202,203,204,205,206,207,208,209,210,211,212,213,214,215,216,217,218,219,220,221,222,223,224,225,226,227,228,229,230,231,232,233,234,235,236,237,238,239,240,241,242,243,244,245,246,247,248,249,250,251,252,253,254,255,256,257,258,259,260,261,262,263,264,265,266,267,268,269,270,271,272,273,274,275,276,277,278,279,280,281,282,283,284,285,286,287,289,290,291,293,295,297,299,300,303,304,305,306,307,308,309,310,311,312,313,314,316,317,319,321,323,324,328,330,332,334,338,347,349,354,357,358,360,367,372,378,379,387,393,417,423,459,463,638
12,8,90,91,92,93,94,95,97,98,99,100,101,102,103,104,105,106,107,108,109,111,113,114,115,118,119,120,121,122,123,124,125,126,127,128,129,130,131,132,133,134,135,136,137,138,139,141,142,143,144,145,146,147,148,149,150,151,152,153,154,155,156,157,158,159,160,161,162,163,164,165,166,168,169,170,171,175,176,177,178,182,183,184,185,186,187,188,189,190,191,192,193,194,195,196,197,198,199,200,201,202,203,204,205,206,207,208,209,210,211,212,213,214,215,216,218,219,220,221,222,223,224,225,226,228,229,231,232,233,234,236,237,238,239,240,241,242,243,244,245,246,247,248,250,251,253,254,255,256,257,258,259,260,261,263,264,265,266,267,268,270,271,272,273,274,275,276,277,278,279,280,281,282,283,284,285,286,287,288,289,291,292,293,294,297,299,300,301,302,304,305,307,308,311,312,313,314,315,316,317,318,319,320,322,324,327,328,329,330,335,336,337,338,339,345,346,351,352,357,364,366,367,371,379,384,386,393,398,411,425,445,547
13,90,93,94,96,98,99,100,101,102,103,104,105,106,107,108,109,110,111,112,113,114,116,117,118,119,120,121,122,123,124,125,126,127,128,129,130,131,133,134,136,139,140,141,142,143,145,146,147,148,150,151,152,153,155,157,158,159,160,161,162,163,164,165,167,170,171,172,173,174,175,177,178,179,180,181,185,187,188,189,190,191,192,193,194,195,196,197,198,199,200,202,203,204,205,206,207,208,209,210,211,213,214,215,216,217,218,219,220,222,223,224,225,226,227,228,229,231,232,233,234,236,238,239,240,242,243,245,246,247,248,249,250,251,252,253,254,255,257,258,259,261,263,264,265,266,267,268,269,270,273,276,277,278,279,280,282,283,284,286,287,288,289,292,293,294,295,297,299,300,305,308,309,310,312,315,316,317,322,323,324,327,338,340,341,350,357,366,389,391,392,588,681
14,61,89,90,92,94,95,97,98,99,100,101,102,103,104,105,106,107,109,110,111,112,113,114,115,116,117,118,119,120,121,122,123,124,125,126,127,128,129,130,131,132,133,134,135,136,138,139,140,141,142,143,144,145,146,147,148,149,150,153,154,155,157,158,159,160,161,165,166,167,168,169,171,172,176,179,180,183,186,187,188,189,190,191,193,194,195,196,197,198,199,200,202,203,204,206,207,208,209,210,212,213,215,216,217,218,219,220,221,222,224,225,226,228,229,230,231,232,233,234,235,236,237,239,240,242,243,244,245,247,248,249,250,251,252,254,255,256,257,259,260,262,263,265,267,268,269,270,271,272,273,274,275,277,278,282,284,285,288,289,291,293,294,303,304,309,310,320,323,326,329,331,333,338,342,343,352,359,367,371,373,374,375,411,623
15,85,90,92,93,94,95,97,99,100,101,102,103,104,105,106,107,109,110,112,113,114,115,116,117,119,120,121,122,123,124,125,126,127,128,129,132,133,134,135,136,137,139,140,141,142,143,144,145,146,147,148,149,150,151,152,153,154,155,156,157,158,160,161,162,163,164,165,166,169,170,171,172,173,174,175,177,178,179,182,183,184,185,186,188,189,192,194,195,198,199,200,201,202,203,204,205,207,208,209,210,211,212,213,214,215,216,217,218,221,222,225,226,230,233,234,235,236,237,238,240,244,245,246,247,249,250,251,252,253,254,258,259,262,263,267,269,270,273,274,275,276,277,280,281,284,287,288,289,290,291,292,293,295,296,298,299,300,304,306,310,311,313,314,316,325,330,333,338,340,343,344,347,348,358,359,364,365,367,370,381,386,409,411,422,430,440,448,592
16,46,90,91,93,94,95,97,98,99,100,101,102,104,105,106,107,108,109,110,111,112,113,114,115,116,117,119,120,121,122,123,124,125,126,127,128,129,130,132,133,134,135,136,137,138,141,142,143,144,145,146,147,148,149,150,151,152,153,155,157,158,159,160,161,162,164,165,166,167,169,170,171,172,174,175,176,179,180,181,183,184,185,188,189,190,192,194,195,197,198,199,200,201,202,203,204,205,206,208,209,210,211,212,213,214,216,217,218,219,220,221,222,223,225,226,227,228,231,233,234,235,236,238,239,241,242,245,247,248,249,250,251,255,256,257,258,262,263,265,268,271,274,276,281,282,283,285,287,288,289,291,292,293,295,296,304,305,307,312,319,325,328,334,336,338,342,343,345,352,358,359,365,368,374,395,403,527,622
17,84,87,90,92,94,95,96,97,98,99,100,101,102,103,104,105,107,108,109,110,111,112,113,114,115,116,117,118,119,120,121,122,123,124,125,126,127,128,130,131,132,133,134,135,136,137,140,142,146,147,149,150,151,152,153,154,155,156,157,158,159,160,161,164,169,172,173,175,178,180,186,187,188,189,190,191,192,193,194,195,196,198,199,200,201,202,203,205,206,208,211,212,214,215,217,221,222,223,226,227,228,229,234,235,236,238,242,245,247,248,249,250,251,252,253,254,255,256,257,258,260,261,262,263,264,269,270,273,274,275,276,277,278,280,281,284,287,289,292,293,296,297,298,300,301,303,308,312,314,315,318,320,326,327,330,333,335,336,337,339,346,347,349,350,353,354,361,367,372,398,406,439,444,639
18,88,89,91,92,93,94,95,96,97,98,99,100,101,102,103,104,105,106,107,108,109,110,111,112,113,114,115,116,117,118,119,120,121,123,124,126,130,131,132,133,134,135,137,138,139,140,141,142,144,145,146,147,149,150,152,154,155,156,157,158,159,160,162,163,164,165,167,169,170,171,173,174,177,178,179,180,182,184,186,187,189,191,192,193,194,195,196,198,199,200,201,203,205,211,212,216,217,221,222,224,225,226,227,228,229,232,234,235,236,238,240,241,243,244,248,249,250,252,254,255,256,257,260,263,264,266,268,269,272,274,275,276,280,281,282,285,286,288,290,291,293,295,299,300,302,308,309,314,317,322,323,325,327,328,333,370,371,388,389,404,431,492
19,76,85,87,89,93,94,95,96,97,99,101,102,103,104,105,106,107,110,113,114,115,116,117,118,119,120,121,122,123,124,126,127,128,129,130,132,133,134,135,136,138,140,141,143,144,145,146,147,148,151,152,153,155,156,157,158,161,163,165,166,168,169,170,173,174,176,181,182,183,184,192,194,197,200,201,202,203,204,206,209,212,213,214,216,217,218,219,220,221,222,223,224,225,226,228,229,231,232,233,234,236,237,238,239,240,241,246,248,250,251,252,257,258,259,260,262,266,267,269,272,274,276,277,279,282,283,284,286,290,292,294,298,299,301,302,305,319,323,326,333,334,337,338,343,352,358,360,363,365,368,370,384,386,389,395,403,413,431,432,433,439,627
20,84,88,91,92,93,95,96,97,99,100,101,102,103,104,105,106,107,108,109,112,113,114,116,117,119,120,122,124,126,127,128,129,130,131,133,134,135,136,137,138,139,140,141,142,143,145,146,148,150,151,152,153,154,155,156,157,161,163,164,165,166,168,169,172,174,175,177,178,179,180,181,183,185,186,187,188,189,190,192,194,196,199,200,202,204,205,206,207,208,211,212,213,214,215,217,219,220,224,225,227,228,229,230,232,235,236,237,240,242,246,247,250,253,255,256,258,261,263,266,268,271,272,274,275,276,278,279,280,282,284,285,288,289,290,292,294,295,298,299,303,304,305,306,307,308,311,312,313,314,315,317,318,321,323,325,329,331,332,333,334,336,337,339,341,348,350,352,357,360,380,413,438,474,477,502
21,19,25,89,90,91,92,94,95,96,98,99,100,101,102,103,104,105,106,107,108,109,110,113,114,117,119,120,121,122,123,124,125,127,129,130,131,132,133,134,135,136,137,138,139,140,142,144,145,149,150,151,152,153,154,155,156,157,158,159,160,161,162,163,164,165,166,167,168,169,171,172,173,176,177,178,179,181,182,183,184,185,187,190,191,192,194,198,201,202,204,207,209,211,212,213,220,221,223,225,228,229,230,231,232,233,236,238,239,247,248,250,252,254,255,256,260,265,268,270,278,280,295,302,305,309,326,328,329,333,334,338,339,341,365,381,384,387,416,419,432,436,446,461,463,532,574,575,693
22,64,84,87,91,92,95,96,98,102,103,104,105,106,107,109,110,111,113,114,116,117,118,120,121,122,123,124,125,126,127,129,131,132,133,134,136,137,139,140,141,142,143,144,145,146,149,152,153,155,156,157,158,160,161,163,164,165,166,167,168,169,170,171,172,175,180,181,182,184,186,189,194,196,197,199,200,201,203,205,206,209,210,213,215,216,218,220,222,223,224,225,226,229,231,232,233,234,235,236,237,239,240,241,242,244,246,247,249,251,256,257,258,263,264,266,270,273,278,286,290,291,292,294,296,298,308,318,328,350,381,393,398,401,412,421,433,456,464,493,500,529
23,78,86,87,88,89,92,93,94,95,97,98,99,100,101,102,103,105,106,107,108,109,112,113,114,115,116,117,118,121,122,124,125,126,127,128,129,130,131,132,133,134,135,136,138,139,140,141,143,144,145,146,147,148,149,150,152,153,154,156,157,159,160,161,163,165,166,167,168,169,170,173,174,175,176,177,178,179,181,182,183,184,185,186,187,188,189,190,192,193,196,197,198,199,200,201,204,205,207,208,209,210,211,212,213,214,216,219,220,222,225,228,231,232,233,235,238,239,241,244,245,249,250,251,253,255,256,259,262,263,264,265,266,268,270,271,275,277,279,281,282,286,290,294,295,297,304,305,308,309,310,318,319,324,330,332,333,341,349,351,356,369,401,431,433,435,439,451,454,477,482,489,510,513,531,652,657
24,87,90,96,97,98,99,102,103,104,105,106,107,108,109,110,111,112,113,114,116,117,118,119,120,123,124,125,126,127,128,129,130,131,133,134,135,136,137,138,139,141,142,143,144,145,147,148,149,150,151,152,154,155,156,157,158,159,160,161,162,164,165,166,168,169,170,171,172,173,174,175,178,179,180,182,184,185,187,188,190,191,192,193,194,195,197,198,200,202,206,207,208,210,214,215,216,218,221,222,224,226,229,233,234,235,237,239,240,242,243,245,246,248,249,253,255,258,261,263,264,266,270,271,273,280,283,286,291,295,301,305,310,319,322,325,326,327,332,334,345,346,347,384,419,421,426,428,431,433,434,439,448,450,452,464,471,476,483,485,506,521,522,539,546,675
25,87,88,93,94,95,97,100,101,102,103,104,105,106,107,109,113,114,115,116,117,118,119,120,121,122,123,125,126,127,128,129,130,131,132,134,135,136,137,138,139,140,141,142,143,146,147,149,150,151,152,153,154,155,156,158,159,160,162,164,165,166,167,168,170,172,176,177,179,181,182,192,196,197,198,199,200,207,208,209,211,215,216,217,218,220,222,223,224,225,227,231,234,235,237,249,252,254,255,256,257,258,259,260,261,265,266,269,270,272,277,283,284,285,288,290,291,293,296,298,300,301,302,314,342,384,411,415,433,440,446,447,448,460,461,462,475,476,483,484,511,521,600,694
26,87,89,90,91,92,94,95,96,98,99,102,103,104,105,106,107,109,110,111,112,113,114,116,117,118,120,121,122,123,124,125,126,127,131,132,133,134,135,137,138,139,140,141,142,144,146,148,149,150,151,152,153,154,155,156,157,158,160,161,163,164,165,166,168,170,171,173,174,175,176,179,180,181,184,188,192,193,197,198,202,203,204,205,206,210,211,212,213,214,215,217,218,224,227,228,231,232,235,237,238,239,244,251,252,254,255,258,261,265,271,272,273,274,275,277,278,281,283,284,286,287,289,291,298,301,307,312,317,339,357,370,377,399,400,403,419,423,424,426,428,439,440,441,445,462,464,466,468,469,474,475,481,489,492,495,498,503,504,519,530,550,558
27,15,92,94,95,96,98,100,101,102,104,105,106,107,108,109,110,111,112,113,115,116,117,118,119,120,121,122,123,124,125,126,127,128,130,131,132,133,134,135,139,140,142,143,144,145,147,149,150,151,152,153,154,155,156,157,158,159,160,162,163,165,166,168,171,172,174,176,178,179,180,181,182,184,189,190,192,194,196,197,198,200,201,204,205,206,207,208,209,211,212,213,215,216,218,220,221,222,224,225,226,227,228,229,230,231,236,237,238,240,241,243,245,247,249,250,251,252,254,255,259,260,271,272,273,274,287,290,292,298,301,302,303,305,306,312,317,364,383,433,446,475,488,491,500,528,549,555
28,70,82,85,91,93,95,97,98,100,101,102,103,104,105,107,109,110,111,112,113,116,117,118,119,120,122,123,125,126,127,129,130,131,132,133,134,135,136,138,139,140,141,143,144,145,146,147,148,150,151,152,153,156,159,160,162,164,165,166,167,170,171,173,175,177,178,179,181,182,183,187,188,193,195,197,200,201,202,203,207,208,211,212,213,217,219,222,228,230,231,232,233,235,237,238,240,241,245,246,247,249,250,253,255,257,258,259,262,263,270,278,284,287,294,300,301,302,306,307,309,315,321,323,329,333,335,336,366,438,449,472,477,486,495,498,514,522,532,537,542,576
29,71,78,79,90,94,96,97,100,101,102,103,104,105,106,108,110,111,112,114,115,116,117,118,119,120,121,122,123,124,125,127,128,129,130,131,132,133,134,135,137,139,141,143,144,145,146,147,148,151,154,155,156,157,158,159,160,161,162,163,164,165,167,168,169,170,172,173,174,175,176,177,178,179,180,181,182,184,185,187,188,189,191,192,194,197,198,200,202,203,204,206,207,208,211,212,213,214,217,218,219,220,221,222,223,225,226,229,230,231,244,245,246,255,257,261,265,272,278,280,284,298,299,304,319,330,333,352,355,374,431,437,442,462,465,470,484,487,488,492,500,501,507,514,518,543,544,545,554,695
30,92,94,96,97,98,99,100,101,103,104,105,107,110,111,112,114,115,116,117,118,119,120,121,122,123,124,125,126,127,128,129,130,131,132,133,134,135,137,138,139,140,142,144,145,147,148,149,153,157,159,161,163,165,166,169,172,173,174,178,179,180,181,182,185,190,192,193,196,200,203,205,207,210,211,213,214,216,217,221,224,225,227,229,237,238,241,242,243,245,247,250,251,252,253,256,258,264,265,266,267,271,274,275,277,278,279,282,287,289,291,296,305,308,317,331,344,345,350,355,377,380,402,436,451,480,488,519,533,534,562,571
31,88,90,93,94,95,97,98,99,100,101,102,104,105,106,107,108,109,110,112,114,115,116,117,119,120,122,124,126,128,129,130,131,133,134,135,136,139,140,143,146,147,148,149,150,151,154,155,156,157,158,159,161,163,165,166,167,169,170,172,173,177,178,179,180,181,184,186,188,191,192,193,196,197,199,200,203,204,207,208,211,215,216,217,221,222,223,224,225,231,236,238,242,244,247,248,250,261,266,268,272,273,290,291,314,315,316,326,328,331,345,348,349,357,358,362,367,381,391,410,452,474,586,635,662,693
32,79,86,88,90,92,93,94,96,97,98,99,100,101,103,104,107,108,110,111,112,113,114,115,117,118,119,120,121,122,124,125,126,128,131,132,133,134,135,137,138,139,144,145,146,148,153,154,155,158,159,163,165,167,168,169,170,171,175,176,177,178,179,181,184,187,189,191,192,194,195,196,197,199,200,203,205,206,208,210,211,212,213,214,216,217,221,223,225,226,228,229,230,232,234,235,238,240,243,247,252,256,257,260,269,270,271,276,285,287,288,295,297,303,304,308,311,317,318,336,342,343,401,507,678,685
33,83,89,90,92,93,94,95,97,98,99,100,101,103,105,106,107,108,110,111,112,113,114,115,116,118,119,120,121,123,124,125,126,127,128,129,130,133,134,135,136,139,140,141,142,143,144,145,146,147,148,149,150,151,153,154,155,156,157,160,161,163,165,166,168,170,173,174,176,177,178,179,180,182,183,193,195,196,201,202,203,209,210,216,218,219,220,223,224,229,231,232,235,236,237,239,241,244,247,257,259,260,261,269,271,272,273,276,277,279,281,286,287,290,299,300,310,312,320,325,327,336,350,362,364,370,397,505,535,578,639
34,87,90,91,93,97,98,99,100,101,104,105,106,107,108,109,110,113,114,116,117,118,120,122,123,124,125,126,127,128,130,132,133,135,136,137,139,140,141,142,143,144,145,146,147,149,151,152,153,155,156,158,159,160,162,163,164,166,167,168,170,171,172,173,176,180,183,184,185,186,188,190,193,194,195,197,198,200,201,202,204,206,208,212,213,214,215,217,218,220,221,222,223,227,232,233,234,237,240,241,243,248,251,252,253,258,262,265,266,267,268,284,287,292,293,299,301,307,313,320,328,341,351,354,355,358,359,372,378,383,391,409,441,460,477,628
35,33,85,87,91,92,93,94,96,97,98,101,102,104,107,110,111,112,115,117,118,119,120,121,122,124,125,126,127,128,129,130,134,136,137,138,139,140,141,143,144,145,146,147,148,149,151,152,153,154,156,157,158,161,162,166,167,168,169,170,171,172,173,176,177,178,179,180,182,184,185,187,189,190,195,197,198,200,201,205,206,207,208,210,212,213,214,215,216,217,218,223,225,227,228,229,230,232,233,235,239,242,245,248,249,250,251,252,256,258,260,263,264,265,266,268,272,274,279,282,283,285,290,292,295,300,310,317,323,324,331,341,349,410,508,519,612,679
36,86,89,90,91,92,93,94,96,97,98,99,100,102,103,104,105,106,107,109,110,111,112,113,114,115,116,117,118,119,120,121,122,123,125,126,129,131,132,133,134,136,138,140,141,142,143,144,146,147,148,149,150,151,152,153,154,155,156,157,158,159,162,163,165,166,167,169,170,174,175,176,177,181,184,185,187,194,195,196,197,201,204,205,208,209,211,215,217,220,223,224,225,226,227,228,229,230,231,232,235,238,241,243,245,247,250,252,253,255,259,262,267,270,277,280,292,297,298,299,301,302,304,310,312,313,317,319,321,323,326,330,332,334,341,343,352,364,371,401,445,572
37,77,86,87,88,89,92,93,94,95,97,98,100,102,103,105,108,109,110,111,112,113,114,117,120,121,122,123,124,125,131,134,135,136,138,139,141,142,145,147,148,149,150,152,153,154,156,158,159,160,161,163,168,172,173,175,176,177,178,180,183,184,186,188,190,191,192,193,194,195,196,200,201,202,203,205,206,207,208,209,211,212,214,215,219,221,224,228,230,231,232,233,234,236,238,244,245,246,248,249,256,261,262,267,268,273,276,277,278,285,288,291,295,297,308,322,332,337,338,345,346,351,356,359,364,368,392,402,418,435,443,468,479,496,591
38,90,92,93,94,95,97,98,100,102,103,105,107,108,109,110,111,112,113,116,117,124,125,126,127,128,129,130,131,133,134,135,137,138,140,141,142,143,144,145,147,148,149,152,153,154,155,156,157,158,159,162,163,164,166,173,176,182,185,187,192,194,195,198,201,202,204,205,206,207,208,209,212,214,217,219,220,221,222,223,224,226,227,230,231,234,235,237,238,239,242,243,244,249,250,251,252,253,254,255,258,261,266,267,271,274,278,280,281,290,291,296,298,299,304,310,327,329,332,341,343,345,451,496,607,646,681
39,75,92,95,96,97,98,99,100,103,104,106,107,108,109,110,111,115,116,117,118,121,122,124,125,126,128,129,130,132,133,134,136,138,140,141,144,145,146,147,148,149,152,153,154,156,158,159,161,162,163,164,165,166,168,169,173,174,175,177,178,179,180,182,184,185,188,190,191,193,194,197,198,199,201,202,205,207,208,209,212,214,215,216,218,219,220,221,223,229,230,231,232,234,236,238,239,240,241,242,247,251,252,257,258,264,267,268,271,274,275,277,281,282,287,288,305,310,312,320,347,350,363,394,468,476,600
40,91,95,99,101,102,104,105,106,107,109,110,112,114,116,118,119,120,121,123,124,125,131,132,136,138,139,146,148,151,154,157,163,166,169,170,173,174,176,177,182,183,184,185,186,187,188,192,194,195,196,200,202,203,206,209,210,211,212,213,214,215,217,218,219,220,221,222,223,226,227,228,231,232,235,236,237,239,243,244,246,247,248,249,253,255,256,266,267,270,272,273,276,280,282,297,298,301,333,343,349,448,477,509
41,81,90,92,95,98,99,102,103,105,106,109,110,111,114,115,116,117,121,122,123,126,128,129,131,132,133,135,137,138,139,141,142,143,144,145,147,148,150,152,153,154,163,164,165,166,169,172,175,176,182,185,186,187,191,193,194,197,199,203,204,207,208,209,211,215,216,217,219,221,222,223,227,231,234,235,237,238,239,240,244,245,246,248,249,255,261,262,265,269,270,273,274,275,277,280,286,289,291,294,295,297,305,306,308,312,313,320,336,343,355,377,400,404,412,428,473,516
42,89,91,96,98,99,100,101,103,105,106,107,108,109,110,111,112,113,114,115,116,117,118,119,120,121,122,123,126,127,128,129,132,133,134,136,138,139,140,142,143,144,145,147,149,150,151,152,153,154,155,156,157,158,159,161,162,163,164,165,169,170,173,174,175,178,181,184,185,188,189,190,192,194,195,196,197,200,207,208,209,214,215,216,217,220,221,223,224,228,236,237,238,240,241,246,250,251,253,255,259,264,271,279,281,288,300,302,309,315,316,322,325,329,347,349,353,355,359,361,365,404,422,444,550
43,31,84,90,91,93,97,98,103,106,107,110,111,115,116,118,119,122,123,125,126,128,129,131,132,133,134,137,138,139,140,147,148,154,155,158,164,165,166,167,168,176,178,180,184,190,191,196,202,203,204,205,206,207,211,212,214,215,216,217,218,219,220,222,223,224,225,227,230,235,236,239,240,248,255,257,265,270,276,277,278,282,293,295,300,331,339,357,397,475,510
44,12,79,89,90,95,97,98,100,101,102,104,106,107,108,109,110,113,114,116,120,121,122,123,124,125,127,129,131,133,134,135,136,137,138,140,141,144,145,146,149,150,152,153,160,161,162,166,167,168,172,173,177,182,188,190,191,192,194,196,198,203,204,206,207,209,210,211,212,214,215,217,218,220,222,223,225,226,228,229,230,231,232,233,234,237,238,240,242,250,254,256,259,260,261,262,265,267,271,274,285,289,293,305,309,310,318,321,335,342,360,623,648
45,28,89,101,102,103,104,105,108,113,114,115,117,118,121,122,126,128,129,130,131,133,134,135,136,137,139,143,144,145,148,150,151,157,159,160,164,167,170,171,176,181,182,186,190,192,193,194,196,199,201,202,206,208,212,213,214,215,219,223,225,226,228,231,237,241,242,246,248,250,257,258,259,262,264,271,274,275,280,282,303,311,313,347,473,537,563,619,691
46,94,105,109,110,111,113,116,120,121,122,123,124,125,126,127,130,133,134,135,136,140,142,144,145,146,151,154,155,159,164,173,178,179,183,197,199,205,206,207,208,209,213,214,215,218,221,223,224,225,227,231,233,235,236,238,240,241,247,248,250,252,254,258,271,273,278,281,290,296,299,302,308,328,335,376,384,396,443,579
47,65,70,100,102,108,110,112,116,118,120,122,126,127,134,136,138,140,141,142,143,144,147,148,150,153,155,156,158,160,163,164,165,167,169,170,171,173,180,181,184,193,194,196,199,201,202,204,206,209,216,218,220,221,222,227,228,229,232,240,242,250,251,260,262,263,264,266,271,273,281,285,287,292,293,303,309,362,370,388,490,492
48,67,102,110,111,113,115,117,118,124,126,127,128,132,135,137,138,141,144,145,148,149,150,151,153,155,158,159,164,168,174,176,190,191,201,203,204,207,210,211,214,215,217,221,224,225,226,228,230,231,233,240,242,243,248,249,251,269,284,311,381,434
49,83,106,108,109,124,126,129,131,133,134,136,137,142,143,145,147,148,153,154,156,158,160,163,168,169,170,171,173,175,177,183,185,189,190,193,194,226,229,269,285,288,307,341,379,382,656,669
50,24,111,117,122,124,128,129,139,146,149,153,154,156,157,167,170,177,192,194,196,213,222,260,276,278,286,306,438,475,553,628
51,125,141,149,160,171,179,190,194,203,241,260,527,568,589
52,26,151,367
53,42
54,465,530,566,686
55,26,412,414,699
56,68,204
57,339
58,
59,41,472
60,197,438,529
61,353,399,613,625,641,683
62,68,147,693
63,500,595,638,694
64,178,287,509,547
65,13,211,264,506,581,645
66,514,596,691
67,78,218,269,369,625,653
68,284,590,650
69,24,106,382,396,403,601
70,
71,
72,
73,
74,
75,
76,
77,
78,
79,
80,
81,
82,
83,
84,
85,
86,
87,
88,
89,
90,
91,
92,
93,
94,
95,
96,
97,
98,
