15
0,597
1,127,228,344,360,397,428,455,457,651
2,32,144,183,457,547
3,71,261,533,590
4,23,376,418,441,461,513,626
5,89,329,403,405,575,606
6,499,564,620
7,287,410,447,548,551
8,73,270,461,553
9,140,142,207,593,622,626,683
10,13,79,87,133,136,152,155,177,194,199,579,616
11,52,64,79,80,82,83,84,85,86,88,89,90,91,92,93,94,95,98,99,102,103,106,107,109,110,114,118,119,231,234,257,275,308,337,355,379,547,629,637,644
12,45,52,70,71,72,73,76,77,78,79,80,81,83,84,85,86,87,88,89,90,91,92,93,94,95,96,97,98,99,100,101,102,103,104,105,106,107,108,109,110,111,112,113,114,115,116,117,118,119,120,121,122,123,124,125,127,128,130,131,132,133,134,135,136,137,141,143,144,145,148,151,152,165,168,172,185,186,189,191,204,210,212,215,259,353,629,653
13,2,35,54,78,80,81,82,83,84,85,86,87,88,89,90,91,92,93,94,95,96,98,99,100,101,102,103,104,105,106,107,108,109,111,112,113,114,115,116,117,118,119,120,121,122,123,124,125,126,127,128,129,130,131,132,133,134,135,136,137,138,139,140,141,142,143,144,145,146,147,148,149,150,151,152,153,154,155,156,157,158,159,160,161,162,163,164,166,167,168,169,170,171,172,173,174,175,176,177,178,179,180,181,182,183,184,185,186,187,188,189,190,191,192,193,194,195,196,197,198,199,200,201,202,203,204,205,206,207,208,209,210,211,212,213,214,215,216,217,218,219,220,221,222,223,224,225,226,227,228,229,230,232,233,235,236,237,238,239,240,241,242,244,245,246,248,272,281,333,342,357,372,570,604
14,76,79,80,81,82,83,84,85,86,87,88,89,90,91,92,93,94,95,96,97,98,99,100,101,102,103,104,105,106,107,108,109,110,111,112,113,114,115,116,117,118,119,120,121,122,123,124,125,126,127,128,129,130,131,132,133,134,135,136,137,138,139,140,141,142,143,145,146,147,148,149,151,152,154,155,156,157,158,160,161,162,163,164,165,167,169,170,171,172,173,174,175,176,177,178,179,180,181,182,183,184,185,186,187,188,189,190,191,192,193,194,195,196,197,198,199,200,201,202,203,204,205,206,207,208,209,210,211,212,213,214,215,216,217,218,219,220,221,222,223,224,225,226,227,228,229,230,231,232,233,234,235,236,237,238,239,240,241,242,243,244,245,246,247,248,249,250,251,252,253,254,255,256,257,258,259,260,261,262,263,264,265,266,267,268,269,270,271,272,273,274,275,276,277,278,279,280,281,282,283,285,286,287,288,289,290,291,292,293,294,295,296,297,298,299,300,301,302,303,304,305,306,307,308,310,311,312,315,316,319,320,321,322,323,325,326,327,328,331,332,333,334,335,336,338,339,340,342,344,345,346,347,348,350,351,352,354,356,357,358,359,360,362,363,364,365,366,369,372,374,375,376,378,383,391,397,408,460,470,489,557,585
15,47,72,75,77,78,81,82,84,85,86,87,89,90,91,92,93,94,95,96,97,98,99,100,101,102,103,104,105,106,107,108,109,110,111,112,113,114,115,116,117,118,119,120,121,123,124,125,126,127,128,129,130,131,132,133,134,135,136,137,139,140,141,142,143,144,145,146,147,149,150,151,152,153,154,155,156,157,158,160,161,162,164,165,166,168,169,170,171,172,173,174,175,176,177,178,179,180,181,182,183,184,186,187,188,189,190,191,192,193,194,195,196,198,199,200,201,202,203,204,205,206,207,208,209,210,211,212,213,214,215,216,217,218,219,220,221,222,223,224,225,226,227,228,230,231,232,233,234,235,236,237,238,239,240,241,242,243,244,245,247,248,249,251,252,253,254,255,256,257,258,259,260,261,262,263,264,265,266,267,268,269,270,271,273,274,275,276,277,278,280,281,282,283,284,285,286,287,288,289,291,292,293,294,295,296,297,298,299,301,302,304,305,307,309,310,312,313,314,315,316,317,319,322,325,327,329,332,333,335,337,338,339,340,341,342,344,345,346,348,349,350,351,352,353,355,356,357,358,360,361,363,364,365,366,367,368,369,370,372,377,379,380,381,382,383,384,388,389,390,393,395,402,404,408,410,413,421,422,434,481,579
16,24,45,78,80,82,83,84,85,86,87,88,89,90,91,92,93,94,95,97,98,99,100,101,102,103,104,105,106,107,108,109,110,111,112,113,114,115,116,118,119,120,121,122,123,124,125,126,127,128,129,130,131,132,134,135,136,137,138,139,140,141,143,145,146,148,149,152,153,155,156,157,158,160,162,163,164,165,166,167,168,169,170,171,173,174,175,176,177,178,179,180,182,183,184,185,186,187,188,189,190,191,192,193,194,195,196,197,198,199,200,201,202,203,204,205,206,207,208,209,210,211,212,213,214,215,216,217,219,220,221,222,223,224,225,226,227,229,230,231,233,234,235,236,237,239,240,241,242,243,244,245,246,247,248,249,250,251,252,253,254,255,256,257,258,259,260,261,262,263,265,266,267,269,271,274,275,276,277,278,279,280,281,283,285,286,287,288,290,291,292,293,294,296,297,298,299,301,302,304,305,306,308,309,313,314,315,318,320,321,322,323,326,328,329,330,332,333,334,337,338,339,340,341,342,344,348,351,357,358,359,363,364,365,371,372,375,376,377,378,381,384,385,386,390,391,393,394,395,397,400,411,412,415,419,422,423,425,433,435,440,441,446,455,468,469,471,497
17,79,81,82,83,84,85,87,89,90,91,92,93,94,97,98,99,100,101,102,103,104,105,106,107,109,110,111,112,113,114,116,117,118,119,120,121,122,123,124,125,130,131,133,134,135,137,139,140,141,142,143,144,145,146,147,148,149,150,151,152,153,154,158,163,164,165,166,167,169,170,171,172,174,175,176,178,179,180,181,182,183,185,186,187,188,190,191,192,193,194,196,198,199,200,201,202,203,204,207,208,210,212,213,214,215,217,218,219,220,221,222,223,224,225,227,228,230,231,232,233,234,236,237,238,239,240,241,242,243,244,245,247,248,249,250,252,253,254,255,256,257,258,259,260,261,262,263,264,265,266,267,268,269,270,271,275,276,280,282,283,284,285,286,287,288,290,294,295,296,298,300,302,303,307,308,309,311,312,313,314,315,316,320,322,323,325,328,331,335,336,337,339,340,347,350,351,352,355,358,369,379,387,391,397,406,414,420,428,435,451,582
18,50,78,79,80,81,82,83,84,85,86,87,89,90,91,92,93,94,95,96,97,98,99,100,101,102,103,104,105,106,107,108,109,110,111,112,113,114,115,116,117,119,120,121,122,123,124,125,126,127,128,129,130,131,133,134,135,137,138,139,140,141,142,143,144,145,146,148,149,150,151,152,153,154,155,156,158,159,160,161,162,163,165,166,167,168,169,170,171,172,173,178,179,182,184,186,187,188,189,190,191,192,194,195,196,197,198,199,202,204,205,206,207,208,210,211,215,216,218,220,221,222,223,225,226,227,228,229,230,231,232,233,234,235,237,238,239,240,241,242,243,244,245,246,247,248,249,251,252,253,254,255,256,257,258,260,261,262,263,264,265,266,268,272,273,274,276,278,279,280,281,286,289,290,291,292,293,294,295,296,298,299,300,301,303,304,306,308,310,313,319,320,325,328,330,331,334,335,337,338,339,342,343,355,356,358,362,368,370,374,378,380,383,388,391,393,394,403,414,415,440,446,447,453,494,519,537,588
19,13,76,79,80,81,82,85,86,88,90,91,92,93,94,95,96,97,98,99,100,101,102,103,104,106,107,108,109,111,112,113,114,115,116,117,118,120,121,122,123,124,126,128,130,131,133,134,136,137,139,140,141,142,143,144,145,146,147,148,150,151,152,154,156,157,159,160,163,164,166,167,168,169,170,171,173,174,175,176,178,179,180,181,182,183,184,185,186,187,188,189,190,191,193,194,195,196,197,198,201,202,203,205,207,208,209,210,211,212,213,214,216,219,220,221,223,225,227,228,229,230,231,233,234,235,236,237,239,240,241,242,243,244,245,247,248,249,250,252,255,256,257,259,260,261,262,263,264,265,266,267,268,270,271,272,274,275,277,278,279,280,281,283,284,285,286,287,288,289,290,291,293,294,297,300,304,306,307,310,311,313,316,317,319,322,328,329,331,333,334,338,339,343,345,351,357,359,362,364,366,368,370,375,376,377,381,410,418,424,429,430,434,439,464,477,496,594
20,4,9,73,78,79,81,82,83,84,85,86,87,88,89,90,91,92,93,94,95,96,97,98,100,101,102,103,104,106,107,108,109,110,111,112,113,114,115,116,117,118,119,120,121,122,124,125,128,129,130,131,132,133,134,136,137,139,140,141,142,145,146,147,148,149,151,152,153,154,155,156,157,158,159,160,164,166,167,168,169,170,171,172,173,174,175,176,177,178,179,180,181,182,183,185,186,187,189,191,195,196,197,198,200,203,204,205,206,208,209,211,212,213,217,219,220,221,222,223,225,227,228,229,231,232,234,235,236,238,239,242,243,245,247,248,249,250,251,252,253,254,255,256,257,258,259,260,262,264,265,267,268,269,270,272,273,274,275,279,280,283,286,287,290,293,294,295,298,303,304,305,307,311,313,320,322,324,333,340,341,342,344,345,346,349,356,363,365,367,369,373,374,377,378,381,382,384,389,395,397,399,412,428,435,445,454,470,523,585
21,74,75,78,79,80,81,82,83,84,85,86,87,88,89,90,91,92,93,94,96,97,98,99,100,102,104,106,107,108,110,111,113,114,115,116,117,119,120,121,122,123,124,125,126,127,128,129,130,131,132,133,134,135,136,137,138,140,141,143,145,146,147,150,151,153,154,157,158,160,161,162,163,164,165,166,167,168,169,170,173,174,176,177,178,180,182,183,186,187,189,190,191,192,194,195,196,197,198,199,200,201,204,205,206,207,209,212,213,214,215,216,218,220,224,227,229,230,231,232,233,235,236,237,238,239,240,241,242,243,244,245,246,247,248,249,251,254,257,259,260,261,262,263,267,268,271,272,273,274,275,276,277,278,279,280,281,290,291,293,294,295,296,299,300,301,302,303,304,305,307,310,311,314,316,318,326,329,331,334,335,343,345,351,356,362,363,365,371,379,380,384,388,391,393,394,395,396,407,429,442,444,457,467,484,613
22,33,69,70,72,76,77,78,79,80,81,82,83,84,85,86,87,88,89,90,91,92,93,95,96,97,98,99,100,101,102,103,104,105,106,107,108,109,110,111,112,113,114,115,116,117,118,119,120,121,122,123,124,125,126,127,128,129,130,131,132,133,134,135,136,137,138,140,141,143,145,147,148,152,153,154,155,157,159,160,161,162,163,164,165,166,167,168,169,170,171,173,174,177,178,180,184,185,186,193,194,195,200,202,203,206,207,209,210,211,215,217,218,219,221,224,225,227,228,230,231,232,233,234,235,236,237,238,239,240,243,244,245,246,248,250,251,254,255,259,261,262,263,264,268,273,274,276,278,281,284,285,286,287,291,292,294,296,297,298,300,302,307,314,316,320,325,329,330,332,333,334,336,348,351,355,361,362,364,370,372,377,386,394,397,403,412,414,423,426,429,434,438,440,449,511
23,32,70,72,73,74,75,76,77,78,79,80,81,82,83,84,85,86,87,88,89,90,91,92,93,94,95,96,97,99,100,101,102,103,104,105,106,107,108,109,110,111,112,113,114,115,116,118,119,120,121,122,123,124,125,126,127,128,129,130,131,132,133,134,135,136,137,138,139,140,141,142,143,144,145,147,148,149,150,151,152,153,154,155,156,158,159,160,161,162,163,164,165,166,167,170,171,175,178,181,188,191,192,196,198,199,200,201,202,204,206,208,210,215,219,238,245,246,247,250,254,257,262,263,264,266,270,277,279,283,298,308,325,332,352,396,415,567
24,65,72,73,76,77,78,79,80,81,82,83,84,86,87,88,89,90,91,92,93,94,95,96,97,98,99,100,102,103,105,106,107,108,109,110,111,113,115,116,117,118,119,120,121,122,123,124,126,127,128,129,130,131,132,133,134,135,137,138,139,141,142,143,144,145,146,147,148,149,150,151,152,153,154,155,156,158,159,160,161,162,164,165,166,167,168,170,172,173,176,179,180,181,188,192,195,196,198,199,200,201,202,206,208,210,212,213,214,215,217,218,223,229,231,232,236,237,239,242,245,247,248,252,259,260,261,268,271,273,274,276,279,282,287,293,296,298,299,315,316,326,331,332,340,346,364,384,543,622,651
25,68,71,72,75,76,78,79,80,82,83,84,85,86,87,88,89,90,91,92,93,94,95,96,97,98,99,100,101,102,103,105,106,107,109,110,111,112,113,114,115,116,117,118,120,122,123,124,125,126,127,128,130,131,132,133,134,135,136,137,138,139,140,141,142,143,144,145,146,147,148,149,150,151,152,153,154,155,156,157,159,160,161,162,163,164,165,166,167,168,172,174,175,177,178,179,180,182,184,186,188,189,190,194,195,198,200,201,202,206,207,209,211,212,213,216,217,218,220,222,223,225,226,230,233,234,237,243,248,249,250,253,254,255,256,257,259,263,266,267,271,279,281,282,285,291,301,305,307,312,327,345,679
26,60,65,68,70,74,75,76,77,78,79,80,81,82,83,84,85,86,87,88,89,90,91,92,93,94,95,96,97,98,100,101,102,103,104,105,106,107,108,109,110,112,113,114,115,117,118,119,120,121,122,124,125,126,127,128,129,130,131,132,133,134,135,137,139,140,141,142,143,144,145,146,147,150,151,152,153,154,155,156,157,158,159,160,161,162,163,164,168,169,171,173,174,175,176,177,178,179,180,183,184,185,187,189,190,191,193,194,195,196,197,198,200,201,203,206,210,213,215,216,220,222,226,227,230,231,232,235,236,238,239,241,242,243,247,251,252,253,255,257,258,259,260,261,264,266,273,277,280,282,284,285,291,294,297,301,303,304,305,308,313,314,324,326,327,341,345,347,361,362,406,445,547,592,638
27,66,70,72,74,75,76,77,78,79,80,82,83,84,87,88,89,90,91,92,93,94,95,96,98,99,100,101,102,103,104,106,107,108,109,110,111,112,113,114,115,116,117,118,120,121,122,123,124,125,126,127,128,129,130,131,132,133,135,136,137,138,139,140,141,143,144,145,146,147,148,149,150,152,153,155,156,157,160,162,163,165,167,168,169,171,174,175,179,180,181,182,183,185,186,187,188,190,192,193,196,197,198,200,201,202,203,204,205,206,211,212,214,215,216,217,218,219,221,222,224,227,228,229,231,236,238,244,248,249,250,255,256,258,264,267,268,271,276,277,278,279,280,282,283,285,288,289,292,293,294,295,296,297,303,307,311,312,322,332,333,336,338,339,340,341,347,352,379,432,523,686
28,60,70,76,77,78,79,80,82,83,84,85,88,89,90,91,92,93,94,96,98,99,100,103,104,105,106,107,108,109,110,111,112,113,114,115,116,117,118,119,120,121,124,125,126,127,128,129,130,132,133,134,135,136,137,138,139,140,141,143,144,145,147,148,149,151,152,153,154,155,156,159,160,161,162,163,165,166,167,168,169,170,171,177,178,179,181,184,186,187,188,189,193,195,197,198,199,200,201,203,204,205,207,208,209,210,214,215,219,220,222,223,224,225,226,228,230,232,233,237,238,239,242,243,244,245,246,247,248,250,251,252,256,263,264,265,267,270,276,277,278,281,285,287,291,296,298,302,305,309,315,319,321,323,329,330,331,339,341,349,364,376,452,547,565
29,70,74,75,76,77,78,79,80,82,83,84,85,86,87,90,91,92,94,95,96,97,98,99,100,101,102,104,105,106,107,108,109,110,111,112,113,114,115,116,117,118,119,121,122,123,124,125,126,127,129,130,131,133,135,136,137,138,139,140,141,142,143,144,146,147,148,150,151,152,153,154,155,156,157,158,159,161,162,164,165,166,172,173,175,176,178,179,180,181,183,185,186,188,190,191,192,193,194,196,200,201,202,203,204,205,206,208,210,211,212,213,214,215,216,217,218,219,220,222,223,224,228,229,231,232,233,234,239,241,243,244,248,250,251,252,253,254,257,260,263,264,265,266,267,270,271,273,274,279,281,283,286,288,290,293,296,301,305,306,313,322,327,343,346,347,356,402,450,454,581,680
30,66,68,69,71,72,73,74,75,76,78,79,80,81,82,83,84,86,87,88,89,90,91,92,95,96,98,99,100,101,103,104,105,106,107,108,109,110,111,112,113,114,115,117,118,119,120,121,122,123,125,126,127,128,129,130,131,132,133,134,136,137,138,139,140,141,142,143,144,145,146,149,150,151,152,153,154,155,157,158,160,161,162,164,165,166,172,174,176,177,178,179,182,183,184,186,187,190,191,192,195,196,199,200,201,203,206,207,208,212,213,215,217,221,223,225,231,233,234,235,236,237,238,240,247,252,253,254,257,258,259,260,261,263,264,265,266,270,275,279,284,285,286,289,290,291,292,293,294,295,296,297,302,304,307,312,316,320,321,326,330,333,334,340,346,361,362,363,367,432,439,694
31,63,70,71,72,73,74,76,77,78,79,80,81,82,85,87,88,89,90,91,92,94,95,96,99,100,101,102,103,104,106,107,108,110,112,113,114,115,116,117,119,120,121,122,123,125,126,128,129,130,131,134,137,138,140,141,142,143,144,146,147,148,149,150,151,152,153,154,156,157,158,159,161,162,164,165,166,171,172,173,175,176,178,182,183,184,185,186,188,190,193,194,195,197,199,201,203,204,205,207,208,210,214,216,222,223,224,225,229,230,234,235,237,238,240,242,243,244,246,247,249,251,253,257,259,263,264,267,268,274,276,282,285,288,289,290,291,292,293,297,298,302,304,305,308,309,313,314,318,320,321,325,334,335,344,348,352,363,384,395,416,464,574,627
32,58,69,71,72,73,74,75,77,79,80,82,84,85,87,88,89,90,91,92,93,94,95,97,98,99,100,101,102,103,104,105,106,107,108,109,110,112,113,114,115,117,118,119,120,122,125,126,127,129,130,131,133,134,136,137,138,139,140,141,142,143,145,148,149,151,152,153,155,156,158,159,160,162,163,164,166,168,169,171,172,177,178,179,180,181,183,184,185,186,187,188,191,192,193,194,195,197,198,199,200,201,202,203,204,205,207,208,209,210,212,213,215,218,220,221,223,225,226,228,232,234,236,237,238,240,241,242,244,246,249,250,256,257,262,263,264,266,267,268,276,279,289,290,295,296,297,306,311,312,319,321,323,332,333,334,338,353,397
33,6,68,70,71,72,74,75,76,77,78,79,81,82,85,86,88,89,94,95,96,97,98,100,102,103,104,105,106,109,110,113,114,115,117,118,120,121,122,123,124,125,126,127,128,129,130,131,132,133,134,135,136,137,138,141,142,144,146,147,148,151,152,153,154,156,159,160,161,164,169,171,172,173,175,176,177,178,179,181,182,183,187,191,193,194,197,199,200,203,204,205,206,207,209,212,214,216,217,218,219,221,222,223,224,225,227,229,234,236,237,239,240,245,247,248,249,250,256,257,260,261,262,263,265,266,267,270,281,283,285,290,291,293,295,301,302,309,315,316,326,329,331,332,338,354,378,379,394,402,451,508,615
34,1,59,68,69,70,71,77,79,80,82,83,84,86,87,88,91,92,93,94,95,96,97,99,100,101,102,104,105,106,107,110,112,114,115,116,117,118,119,120,121,123,124,126,128,129,130,131,132,133,134,136,137,138,141,142,145,147,148,149,150,152,154,155,158,159,161,164,166,170,171,172,173,174,175,177,181,182,183,186,187,188,189,191,192,193,194,195,196,198,204,205,206,208,209,211,212,213,215,216,217,220,223,224,226,227,230,236,238,239,241,244,248,250,254,259,263,267,268,272,278,280,284,285,300,302,304,310,312,332,335,338,342,375,378,380,453,459,539,547,566,573,642
35,63,65,69,70,73,74,75,76,78,79,80,81,82,83,84,86,87,88,90,91,92,95,96,97,98,99,101,102,104,105,106,107,108,109,111,112,114,118,119,120,121,122,123,124,125,126,127,128,129,130,131,134,136,137,138,139,140,141,142,143,144,146,147,148,150,151,152,153,155,156,158,161,162,164,166,167,168,171,172,173,174,176,179,180,181,183,184,185,189,190,191,192,193,198,199,200,205,207,209,210,211,212,214,216,218,220,222,223,225,226,228,229,232,239,240,245,252,255,260,264,267,269,271,272,278,280,282,285,292,294,301,303,305,309,311,325,365,469,526,537,617
36,60,69,72,73,76,77,78,79,81,86,88,91,92,93,96,97,98,99,102,103,106,109,111,112,113,114,117,118,121,123,125,126,129,130,131,132,133,134,137,141,142,143,144,146,147,149,151,152,154,157,159,163,164,165,167,171,173,175,176,177,179,183,185,186,187,188,194,196,198,199,201,206,208,209,211,212,213,214,215,220,223,224,226,228,229,230,231,232,235,242,245,251,252,254,257,264,268,271,275,277,299,304,316,349,364,386,409,423,479,558
37,16,29,60,63,72,73,90,93,98,99,103,105,110,112,113,114,115,116,117,118,120,123,125,127,129,131,132,134,140,141,142,146,148,149,152,157,158,161,162,165,166,170,178,181,185,187,189,190,196,197,199,202,203,206,209,210,217,219,227,229,243,248,249,259,260,263,266,276,282,284,286,333,355,384,471
38,108,112,119,136,186,194,197,203,218,233,264,286,298,352,380,460,488,504,656
39,381,415,446,448,557,640,668,691
40,16,41,300,608,674
41,190,482,491
42,495,663
43,290,405
44,503,552,627
45,665
46,67,162,512,660,667,669
47,25,29,572
48,505,640,664,668
49,33,395,519
50,360,492
51,199,269
52,429,430
53,
54,114,532,695
55,279,680
56,9,18,185,603
57,34,195,387,647,675
58,404,494,570,621
59,491,609
60,109,204,390,498
61,34,66,95,125,444,471,534,575,578,685
62,68,83,404
63,
64,
65,
66,
67,
68,
69,
70,
71,
72,
73,
74,
75,
76,
77,
78,
79,
80,
81,
82,
83,
84,
85,
86,
87,
88,
89,
90,
91,
92,
93,
94,
95,
96,
97,
98,
