8
0,144
1,15,30,50,59,144,261,293,548,602
2,6,14,29,30,31,33,34,35,36,37,38,39,41,44,53,150,387
3,19,21,26,33,34,35,36,37,38,39,40,41,42,43,44,45,46,47,48,49,50,51,52,53,54,56,58,59,62,65,71,87,90,93,95,102,110,114,117,120,122,123,127,130,131,133,135,168,175,211,474,500,538,616
4,3,7,30,31,32,33,34,35,36,38,39,41,42,43,44,45,46,47,48,49,50,51,52,53,55,56,57,58,59,60,61,62,63,64,65,66,67,68,69,70,71,72,73,74,75,76,77,78,79,80,81,82,84,86,87,93,104,105,107,108,110,112,114,115,116,117,118,119,121,122,123,124,125,126,127,128,129,130,131,132,133,134,135,136,137,138,139,140,141,142,143,144,145,146,147,148,149,150,152,153,154,155,156,157,158,159,160,161,162,163,165,166,167,168,169,170,171,172,173,174,175,176,177,178,179,180,181,182,183,184,185,186,187,188,189,190,191,192,193,194,195,196,197,198,199,200,201,202,203,204,205,206,207,208,211,216,492,636
5,26,29,31,32,33,37,38,39,40,41,42,43,44,45,46,47,48,49,50,51,52,53,54,55,56,57,58,59,60,61,62,63,65,66,67,68,69,70,71,72,73,74,75,76,77,78,79,80,82,83,84,85,86,89,90,91,92,94,95,96,97,98,99,100,102,103,104,105,107,108,109,110,111,112,114,116,118,119,120,121,122,123,124,125,126,127,128,129,130,131,132,133,134,135,136,137,138,139,140,141,142,143,144,145,146,147,148,149,150,151,152,153,154,155,156,157,158,159,160,161,162,163,164,165,166,169,170,171,172,173,174,175,177,178,179,180,181,182,183,184,185,186,187,188,189,190,191,192,193,194,195,196,197,198,199,200,201,202,203,204,205,206,207,208,209,210,211,212,213,214,215,216,217,218,219,220,221,222,223,224,225,226,227,228,229,230,231,232,233,234,235,236,237,238,239,240,241,242,243,244,245,246,247,248,249,250,251,252,253,254,255,256,257,258,259,260,261,262,263,264,265,266,267,268,269,271,272,273,274,275,276,277,278,279,280,281,282,283,284,285,286,287,288,290,291,292,293,294,295,296,297,298,299,300,301,302,303,304,305,307,308,309,310,314,316,319,320,322,328,329,331,332,336,342,344,345,357,358,361,365,371,372,373,377,379,380,381,382,384,386,388,389,390,392,393,394,396,398,400,401,402,403,404,407,408,410,411,412,413,414,415,416,417,418,420,422,423,424,425,426,427,428,431,432,434,435,436,437,438,439,440,441,444,445,446,448,449,450,451,452,453,454,457,458,459,460,461,462,463,465,466,468,473,474,475,476,485,490,492,504,513,518,526,531,550,581
6,2,22,28,29,30,31,32,33,34,35,36,37,38,39,40,41,42,43,44,45,46,47,48,49,50,51,52,53,54,55,56,57,59,60,61,62,63,64,65,66,69,70,71,72,73,74,75,76,77,78,79,80,81,82,83,84,85,86,88,91,92,93,94,96,98,103,107,109,110,112,114,117,119,120,121,122,125,126,127,128,129,130,131,132,133,134,135,136,137,138,139,140,141,142,143,144,145,146,147,148,149,150,151,153,154,155,157,158,159,160,161,164,165,166,167,168,170,171,174,175,176,177,178,179,180,181,182,183,184,185,186,187,189,190,192,193,194,195,196,197,198,200,201,202,203,204,205,206,207,208,209,210,211,212,213,214,215,216,217,218,219,220,221,222,223,224,225,226,227,228,229,230,231,232,233,234,235,236,237,238,239,240,241,242,243,244,245,246,247,248,249,250,251,252,253,254,255,257,258,259,260,261,262,264,265,266,267,268,269,270,271,272,273,274,275,276,279,280,283,284,285,287,289,290,292,293,294,295,296,297,300,301,302,303,304,305,307,308,309,310,311,312,313,318,319,328,329,330,331,332,333,337,344,352,356,357,359,360,365,366,367,374,379,384,387,388,390,391,392,393,394,395,399,403,408,410,414,417,418,419,422,423,425,426,428,429,430,431,432,433,434,435,440,441,442,444,445,448,449,452,453,455,459,460,468,470,473,495,589
7,30,33,34,35,36,37,38,39,40,41,42,43,44,45,46,47,48,49,50,51,52,53,55,56,57,60,62,63,64,65,66,68,69,70,71,72,74,77,78,79,80,81,83,84,87,88,89,90,91,92,93,94,95,96,97,98,99,100,101,102,103,104,105,106,107,108,109,110,111,112,113,114,115,116,117,118,119,120,121,122,123,125,126,127,129,130,131,132,133,134,135,136,138,139,140,141,142,143,144,145,146,147,148,149,150,151,154,155,156,157,158,159,160,161,162,163,164,166,167,168,169,170,171,172,173,174,175,176,177,178,179,180,181,182,183,184,185,186,187,188,189,190,191,192,193,194,195,198,199,200,201,202,203,204,205,206,207,208,209,210,212,213,214,215,216,218,219,221,222,223,224,225,226,227,228,229,230,231,232,234,236,237,238,240,242,243,246,247,248,249,250,251,252,253,254,256,257,258,259,260,261,262,263,264,265,266,267,268,269,270,271,272,274,276,278,280,281,282,284,286,287,288,289,292,294,296,300,301,302,305,306,307,308,309,311,312,313,314,315,316,320,322,323,325,331,334,335,336,337,338,340,346,361,362,363,365,383,384,387,389,412,413,422,432,439,443,445,447,457,463,465,466,474,475,476,477,480,481,487,491,499,500,503,515,523
8,25,26,30,32,34,35,36,39,40,41,42,43,44,45,46,48,51,52,53,54,55,56,57,58,59,60,61,62,63,64,65,66,68,69,70,71,72,73,74,75,76,77,78,79,80,81,83,84,85,86,87,88,91,92,93,94,95,97,99,100,104,106,107,110,111,114,115,117,119,120,121,122,123,124,125,126,127,129,130,131,132,133,134,135,136,138,139,140,141,142,143,144,146,147,149,150,151,152,153,154,155,157,158,159,160,161,162,163,164,166,168,170,172,174,175,176,177,178,179,180,181,182,183,184,185,186,187,188,189,190,191,192,193,194,195,196,197,198,199,200,201,202,203,204,205,206,207,208,209,211,212,213,214,215,216,217,218,220,221,222,223,224,225,226,227,228,229,230,231,232,234,235,236,237,238,241,242,243,245,246,247,248,249,250,251,252,253,254,255,256,257,258,259,260,261,263,264,265,266,267,269,270,271,272,273,274,275,276,277,278,283,284,285,287,288,289,290,291,294,297,298,300,302,304,305,306,308,309,310,311,321,323,326,328,333,342,355,361,374,377,383,384,385,387,388,389,390,393,394,395,396,397,399,404,405,406,407,408,409,412,415,416,417,418,420,421,422,423,425,426,427,428,429,430,431,432,433,434,435,436,437,439,440,442,444,445,448,449,453,456,457,460,462,464,465,466,469,472,476,480,483,486,487,493,494,497,508,511,530,536,541,603,698
9,27,28,29,30,32,33,34,35,36,37,38,39,40,41,42,43,44,45,46,47,48,49,50,51,52,53,54,55,56,57,58,59,61,63,64,65,66,67,68,69,70,71,72,73,75,76,77,78,79,80,81,82,83,84,85,86,88,90,91,92,93,96,97,98,99,100,101,102,103,104,105,106,107,109,110,111,112,113,114,116,118,119,120,121,122,123,125,126,127,128,129,130,131,132,133,134,135,136,137,138,139,140,141,142,143,144,145,146,147,151,152,153,154,155,156,157,161,162,164,165,166,167,168,170,171,172,173,174,175,176,177,178,179,180,181,182,183,184,185,186,187,188,190,192,193,194,195,196,197,198,199,200,201,202,203,204,205,208,209,210,211,212,213,218,220,221,222,223,224,225,226,227,228,229,231,233,234,236,239,240,241,242,245,246,248,249,250,254,255,258,259,260,261,263,264,265,266,267,268,271,272,273,274,275,276,279,280,281,282,284,286,288,289,290,293,295,298,299,300,301,306,308,309,311,314,315,318,319,320,321,322,324,325,327,328,329,331,332,336,341,345,346,347,348,351,353,360,375,378,380,381,383,385,386,389,390,392,393,394,396,397,398,399,400,401,403,404,405,408,409,410,411,412,413,414,415,416,417,420,421,422,423,424,425,426,427,429,430,431,432,433,434,435,436,437,438,439,440,441,442,443,444,445,446,447,448,449,450,451,452,453,454,457,458,459,460,461,463,464,465,466,467,468,470,471,472,473,474,476,477,478,480,481,482,483,484,485,486,487,488,489,491,494,499,500,501,502,503,504,509,515,517,518,519,520,521,522,525,526,527,528,529,530,535,541,549,553,554,558,567,595,608,625,633
10,23,24,25,26,27,30,31,32,33,34,37,38,39,40,41,42,43,44,45,46,47,48,49,50,51,52,53,54,55,56,57,58,59,60,61,62,63,65,66,67,68,69,70,72,73,74,75,76,78,80,82,84,88,91,92,93,94,96,98,100,102,103,105,106,107,108,110,111,112,115,116,117,118,119,120,121,123,124,125,126,127,128,129,130,131,132,133,134,135,136,137,138,139,140,141,142,143,144,147,148,149,150,151,152,153,154,155,156,157,158,159,160,161,162,163,164,165,167,169,170,171,172,173,174,176,177,178,179,180,181,182,183,184,185,186,187,188,190,191,192,193,194,195,196,198,199,200,201,203,205,206,207,208,209,210,211,212,214,215,216,217,218,219,220,221,222,223,224,226,227,228,230,231,232,234,236,237,238,239,240,242,243,244,245,246,248,249,250,251,252,255,256,260,261,262,263,264,265,266,267,269,270,272,273,274,275,276,277,278,279,280,281,282,283,285,288,290,293,294,297,298,299,300,305,308,313,315,317,319,320,321,327,328,329,330,331,332,335,337,339,341,346,347,348,349,355,359,369,374,375,381,383,384,388,390,393,394,395,396,398,400,404,406,408,409,410,411,412,415,416,420,421,422,423,424,425,427,430,431,432,436,438,439,440,441,442,443,444,447,451,455,456,460,463,467,471,473,475,476,478,479,486,487,488,489,490,493,494,496,512,518,520,529,535,545,572,573,633
11,24,26,27,28,29,30,31,32,33,34,35,36,37,38,39,40,41,42,44,45,46,47,48,50,51,52,53,54,55,56,57,58,59,60,61,63,64,65,66,67,68,69,70,71,72,73,74,75,76,77,78,79,80,82,83,84,85,87,88,89,90,92,93,94,95,96,97,99,100,102,103,104,105,111,113,114,115,117,118,119,120,121,122,123,124,125,126,127,128,130,133,135,137,138,139,140,141,142,143,144,145,146,148,149,150,151,152,153,154,156,157,159,160,161,163,164,168,169,170,171,172,173,174,175,177,178,179,180,181,182,183,184,185,186,187,188,189,191,192,193,195,197,199,200,201,202,203,205,207,208,210,211,212,213,215,216,217,218,219,220,221,223,225,226,227,228,229,230,232,234,235,236,238,239,240,241,242,244,245,246,247,249,250,251,252,253,254,255,256,257,259,260,261,262,263,264,265,266,267,268,269,270,271,272,273,275,276,278,279,280,282,283,284,285,287,288,289,290,293,294,296,297,298,299,300,301,302,303,307,309,310,312,314,315,316,317,320,322,329,330,331,335,339,340,346,347,348,350,352,353,355,357,358,361,370,371,372,374,375,376,378,379,381,386,387,389,392,393,397,400,401,403,405,407,410,411,412,414,415,416,417,418,419,420,421,422,424,425,427,428,429,430,431,432,434,435,436,437,439,440,441,442,443,448,450,457,459,460,461,462,463,465,466,467,468,469,470,471,473,477,480,483,484,486,487,489,491,497,498,502,504,505,507,518,519,529,530,551,553,559,564,589,600,616,626,696
12,11,22,23,25,26,27,28,30,31,32,33,34,35,36,37,38,39,40,41,42,43,44,45,46,47,48,49,50,51,52,53,54,55,56,57,58,60,61,62,63,64,65,66,67,69,71,72,73,75,76,77,81,82,84,86,87,88,89,91,95,96,97,98,107,108,110,111,112,114,115,116,117,118,119,120,121,122,123,126,127,128,129,130,131,132,133,134,135,136,137,138,139,140,141,142,143,144,145,146,147,148,149,150,151,153,155,156,158,161,164,165,166,167,168,169,170,171,172,173,174,175,176,177,178,179,180,182,184,185,186,187,188,189,191,194,196,197,199,200,202,204,207,208,210,211,212,213,214,215,216,217,218,219,220,223,225,226,227,228,229,232,233,235,236,237,238,239,240,245,247,248,249,252,253,254,255,257,258,259,260,262,265,267,269,270,271,275,276,278,279,280,281,282,284,285,287,288,289,293,297,298,299,301,303,305,312,313,316,318,319,320,325,326,343,346,347,350,353,366,372,374,375,378,381,394,398,399,403,407,412,415,416,417,419,423,425,426,427,430,431,433,434,435,436,437,441,446,447,450,451,454,457,465,468,473,474,477,479,482,486,495,500,521,559,569,629,677
13,19,20,22,23,24,25,26,27,28,29,30,31,32,33,34,35,36,37,38,41,42,43,44,45,48,49,52,53,54,55,57,58,59,60,61,62,63,64,66,67,68,69,70,71,72,73,74,75,77,78,79,80,82,83,84,86,88,89,90,93,94,96,97,98,99,100,103,104,105,107,108,110,112,113,114,115,118,119,120,121,122,123,124,125,126,127,129,130,131,132,133,134,135,136,138,140,141,142,143,147,149,150,152,153,155,157,158,160,162,163,165,166,167,170,171,172,173,174,175,176,177,178,180,181,182,183,184,188,189,191,192,193,196,197,198,200,203,204,205,206,208,209,210,214,215,216,217,218,219,221,222,223,224,225,226,227,229,230,231,232,234,237,238,240,241,242,243,244,245,246,252,253,254,255,257,258,259,261,262,263,264,267,268,269,272,273,275,276,278,279,280,282,283,284,285,287,288,294,295,296,297,299,300,301,304,305,306,309,311,312,313,314,315,317,319,324,325,328,330,332,335,336,344,345,349,350,351,364,366,372,379,385,389,395,397,399,401,402,403,409,410,411,413,417,420,422,423,425,426,427,429,431,432,433,434,437,438,439,441,442,443,448,451,459,460,461,462,466,468,473,475,477,479,480,481,482,483,484,490,494,496,502,506,514,517,527,532,533,604,638,667
14,18,19,20,22,23,24,25,27,28,29,30,31,32,33,34,35,36,37,38,39,40,41,42,43,44,46,47,50,51,53,56,57,59,61,62,63,64,65,68,69,70,71,72,73,74,75,77,78,79,81,82,84,85,86,87,88,89,90,91,93,94,95,96,97,98,100,101,102,103,104,106,108,109,110,111,112,113,114,115,117,118,119,120,121,122,123,124,125,127,128,129,130,132,133,135,136,137,138,139,140,141,142,143,144,145,146,147,148,149,150,152,153,155,156,157,158,159,160,162,163,164,165,166,167,168,169,170,171,173,174,175,177,178,179,180,182,183,184,186,187,188,189,193,194,195,197,201,202,204,205,206,207,209,210,211,212,214,215,216,219,220,222,223,224,225,227,231,232,233,239,240,242,243,244,245,246,247,248,251,252,253,256,257,258,259,260,262,264,268,271,275,278,279,280,284,288,290,292,293,294,296,298,300,307,314,316,318,319,320,321,326,327,329,330,334,335,337,341,343,344,346,350,357,365,368,373,375,376,390,398,404,405,406,407,411,415,418,421,423,425,426,432,436,440,441,444,445,447,449,450,451,452,453,454,455,456,457,461,464,467,468,476,477,478,479,480,497,500,502,503,507,509,511,516,519,523,531,532,540,576,607,634,686
15,15,17,18,19,20,22,23,24,25,26,27,28,29,30,31,32,33,35,37,38,39,40,41,42,43,44,45,46,47,48,49,50,51,52,53,54,55,56,57,58,59,61,62,64,65,68,69,70,71,73,74,75,76,77,79,80,82,85,86,87,89,90,92,93,97,99,100,101,105,107,108,109,110,111,112,113,114,115,116,117,118,119,120,121,122,123,124,125,126,127,128,129,130,131,132,133,134,135,138,139,140,142,143,144,145,146,147,148,149,151,152,153,154,155,156,157,158,159,160,161,162,163,164,165,166,167,168,169,170,171,172,173,174,175,176,177,182,183,184,187,188,189,190,191,193,194,195,196,199,200,201,202,203,205,210,211,212,214,215,216,221,222,223,226,231,234,240,243,244,245,248,251,254,255,256,261,262,264,271,272,283,291,295,299,305,307,310,325,327,328,335,352,355,396,399,400,404,413,422,427,431,434,438,439,441,442,451,453,456,459,460,464,466,470,473,480,496,502,506,524,525,549,569,659
16,14,16,17,19,20,21,22,23,24,25,26,27,28,29,30,31,32,33,34,35,36,37,39,40,42,43,44,46,47,48,49,50,52,53,55,56,57,58,60,61,62,64,65,66,67,68,69,70,71,72,73,74,75,76,77,78,79,80,81,83,84,85,86,87,88,89,90,91,93,96,98,99,100,103,105,107,108,109,111,112,113,114,115,116,117,118,119,120,121,122,123,126,127,128,129,130,131,132,133,134,135,137,138,140,141,143,144,145,146,147,148,149,153,154,155,157,158,159,160,162,163,164,165,167,168,169,171,173,174,175,177,178,181,183,185,186,188,189,191,193,196,198,203,206,207,208,209,210,211,212,213,214,215,217,218,219,220,221,222,223,224,225,226,227,228,229,230,231,234,236,239,244,246,247,251,252,253,255,268,270,271,272,273,275,276,279,280,281,284,287,288,289,295,296,299,305,306,307,321,323,325,327,328,330,332,336,346,349,356,359,361,362,370,377,379,387,392,408,409,410,414,415,418,419,420,423,424,425,428,429,430,431,433,434,435,436,441,443,444,445,452,453,454,455,456,459,460,468,470,472,473,476,478,480,481,489,491,513,514,527,533,542,554,637
17,12,13,15,16,18,19,20,21,22,23,24,25,26,27,28,29,30,31,32,33,34,35,36,37,39,40,41,42,43,44,45,46,47,48,49,50,51,52,54,55,56,58,60,61,62,65,66,67,69,70,71,72,73,74,75,77,78,80,81,82,83,84,85,87,88,90,91,92,93,95,96,98,100,102,103,104,105,106,107,108,109,110,111,112,113,114,115,116,117,118,119,120,122,123,124,125,126,127,128,129,130,131,132,135,136,138,140,142,143,144,146,147,149,150,151,152,153,154,156,157,159,160,161,162,164,165,166,167,168,170,174,177,178,180,181,183,184,190,195,196,200,203,205,209,214,216,217,220,222,226,230,231,233,234,235,240,241,246,247,248,251,253,260,261,274,284,296,299,300,306,324,353,357,409,416,422,429,433,435,436,437,440,449,455,461,469,475,480,483,490,493,499,504,517,552,582,611,683
18,11,12,15,17,18,19,20,21,22,23,24,26,27,28,29,30,31,32,33,34,35,36,38,39,40,41,42,43,44,45,46,47,48,49,50,51,52,53,54,55,56,57,58,59,60,61,62,63,69,70,75,77,78,80,84,87,91,92,97,98,102,103,104,105,106,107,108,109,110,111,112,114,115,116,117,118,119,121,122,123,124,125,127,128,130,132,135,137,138,139,141,142,144,145,147,148,149,150,151,152,154,156,157,160,161,162,163,164,165,166,168,169,170,171,173,174,175,176,180,181,182,185,186,187,188,189,190,191,193,195,198,200,201,203,205,206,213,214,215,217,218,220,221,225,226,227,228,229,230,233,235,244,247,249,250,256,262,263,268,275,276,283,284,295,308,311,330,342,359,379,419,426,431,436,452,455,457,466,484,515,562,588
19,8,10,11,12,14,15,16,17,18,20,21,22,23,24,25,26,27,28,29,30,31,33,34,35,36,37,38,44,45,48,50,51,52,53,54,58,59,60,61,62,63,64,65,66,67,68,69,70,71,72,73,74,75,76,79,80,81,82,84,85,86,87,89,90,91,94,99,100,101,102,103,104,105,106,107,108,109,110,111,112,113,114,115,116,117,119,121,123,124,125,126,129,130,131,132,133,134,135,136,137,139,141,142,143,144,145,146,147,148,149,150,151,153,154,156,157,159,160,161,162,164,166,168,169,170,171,172,174,175,176,179,180,181,183,190,194,196,197,202,203,204,205,208,210,212,214,220,221,222,225,226,227,230,232,235,238,240,242,244,246,247,250,252,254,255,259,261,264,272,275,278,282,285,286,288,289,295,297,298,299,303,304,306,308,317,323,334,343,364,372,403,415,428,443,450,456,474,494
20,8,9,10,11,12,13,14,15,16,17,18,19,20,21,22,23,24,25,26,27,28,29,32,33,34,35,36,38,39,40,41,42,44,45,46,47,50,51,52,53,54,55,56,57,58,61,62,65,66,68,71,72,73,74,75,76,80,82,85,87,88,89,91,92,94,95,98,99,100,101,102,103,104,105,106,107,108,109,110,111,113,114,115,116,117,118,119,120,121,122,123,124,126,129,130,135,136,138,139,141,142,144,145,146,149,150,151,153,155,157,158,161,162,163,164,166,167,170,171,172,174,176,180,181,184,185,187,191,194,198,200,205,207,208,210,211,216,220,221,223,227,229,230,239,245,246,248,251,254,255,266,267,270,274,294,299,311,338,340,350,379,419,443,445,447,459,467,474,475,478,480,482,489,506,511,656
21,8,9,10,11,13,14,15,16,17,18,19,20,21,22,23,24,25,26,27,29,30,31,32,33,35,36,37,38,40,42,44,45,48,49,50,51,52,53,54,55,57,58,59,60,61,62,63,64,65,66,67,68,73,74,76,81,82,84,85,91,93,95,96,98,99,100,101,103,104,105,106,107,108,109,110,111,112,114,115,116,117,119,120,121,123,124,125,127,130,131,132,133,134,135,136,137,138,139,140,142,144,145,146,147,148,149,150,151,152,153,154,155,156,157,158,160,161,163,164,165,168,169,171,172,178,179,180,183,188,190,193,198,203,206,207,209,211,212,218,219,221,226,230,231,235,236,238,241,245,251,258,271,279,288,435,453,463,465,487,547,574
22,1,2,4,5,6,8,9,10,11,12,13,14,15,16,17,19,20,21,22,23,24,25,26,27,28,29,32,34,36,37,38,39,40,41,44,45,46,47,48,49,50,51,52,53,54,55,56,58,59,60,61,67,68,69,70,73,76,78,79,81,83,92,94,95,96,98,99,100,101,102,103,104,105,106,107,108,109,110,111,112,113,114,115,117,118,119,120,121,123,124,126,127,128,130,135,136,140,141,145,147,148,152,154,155,156,157,159,160,161,162,163,164,165,166,167,168,169,172,173,174,176,177,180,181,183,187,189,191,193,195,197,198,200,201,203,205,208,209,211,217,219,223,225,227,232,234,236,254,264,268,287,291,307,323,326,362,451,489,585,606
23,3,5,6,8,9,10,11,12,13,14,15,16,17,18,19,20,21,22,24,25,26,28,29,30,31,32,33,34,36,37,38,39,41,44,45,46,49,50,52,54,55,57,58,59,60,61,65,66,68,69,70,73,77,78,80,81,84,85,86,87,88,91,92,94,95,96,97,98,99,100,101,103,104,105,106,107,108,109,110,111,112,113,114,116,117,118,119,120,121,122,123,124,128,132,133,134,135,136,138,139,141,146,147,148,149,150,153,154,155,157,158,159,160,161,162,163,165,166,167,168,170,171,176,177,178,181,182,185,193,195,197,199,200,201,204,205,206,207,210,211,214,218,220,229,230,236,238,240,244,246,249,251,255,256,257,259,268,272,274,276,283,290,304,305,337,352,364,367,428,441,448,449,476,478,481
24,3,5,6,8,10,11,13,14,15,16,17,18,19,20,21,22,23,24,25,26,27,28,30,31,32,33,34,35,36,37,39,40,42,43,44,45,47,48,50,51,53,55,57,58,59,61,62,63,64,68,75,77,79,80,83,84,85,91,93,94,95,97,98,99,100,101,102,103,104,105,106,107,108,109,110,111,112,113,114,116,117,118,119,120,121,122,125,126,128,129,132,135,137,140,142,144,145,146,148,150,151,152,153,154,155,156,157,158,159,160,161,163,165,166,167,169,171,172,173,176,177,180,181,184,185,186,187,189,190,191,194,204,209,212,223,226,230,234,235,243,253,256,295,297,303,306,307,311,367,393,410,446,471
25,4,6,7,8,9,13,14,15,16,17,18,20,21,22,23,24,25,26,28,29,30,32,34,35,36,40,41,43,44,45,46,51,52,54,56,57,59,60,62,66,68,69,76,79,88,91,92,93,94,95,96,97,98,99,100,105,106,107,108,109,110,111,112,113,114,115,116,117,118,119,120,121,123,124,125,127,131,135,136,137,139,142,145,146,147,149,151,154,156,158,159,160,161,162,163,164,165,167,168,169,171,172,173,175,176,177,180,188,189,191,194,197,198,203,206,210,211,213,214,216,234,237,240,254,255,262,265,272,276,318,456,528,609,639
26,3,5,7,9,11,12,13,14,15,16,17,18,19,20,21,22,23,24,25,26,27,29,30,31,32,33,34,35,38,39,40,42,43,44,45,46,51,54,55,61,63,67,71,78,81,89,91,95,96,97,98,100,102,104,105,107,109,111,113,114,115,116,117,122,123,124,127,129,130,131,133,134,135,136,138,139,140,143,144,145,148,149,150,152,153,154,155,156,161,162,163,164,165,166,167,172,175,176,178,179,181,183,188,189,191,193,195,206,209,211,225,231,243,261,262,277,285,286,290,291,306,351,353,362,369,458,578,605
27,5,6,7,8,9,11,12,13,14,15,16,17,19,21,22,23,24,25,26,27,29,30,32,33,34,36,37,39,40,41,42,45,46,48,50,51,52,54,55,57,59,60,61,62,63,64,67,68,71,76,77,78,80,84,89,90,92,93,94,95,97,99,101,103,105,106,107,109,110,112,113,114,116,117,119,120,121,122,126,127,132,133,136,137,138,141,142,145,148,149,151,153,154,156,157,158,159,160,161,162,163,164,166,167,168,169,173,174,176,178,179,181,182,184,185,186,187,189,193,194,195,199,200,205,211,223,235,243,249,258,263,266,272,288,330
28,2,4,5,6,7,8,9,11,13,14,16,17,18,19,20,22,23,24,25,26,27,28,29,30,32,33,34,35,37,38,41,42,44,45,47,48,49,50,51,52,53,55,56,57,58,61,62,63,64,66,67,72,74,75,80,85,87,90,91,92,95,96,97,98,99,102,104,105,106,107,108,109,110,113,115,118,121,122,123,124,125,126,130,132,135,136,139,142,143,144,146,148,149,150,151,152,153,154,157,160,161,164,166,167,175,176,178,179,180,183,184,186,187,192,196,197,198,199,200,205,208,209,210,212,214,216,217,218,219,222,226,228,229,237,242,247,249,250,288,291,304,339,343,563,566,665
29,2,3,5,6,7,8,9,10,11,12,13,14,15,16,17,18,19,21,22,23,24,25,26,28,29,30,31,33,34,36,38,39,40,42,43,44,45,46,49,51,53,54,55,57,59,61,62,63,65,66,67,68,69,73,74,77,78,79,81,84,85,87,88,89,90,92,93,95,98,99,101,102,103,104,106,107,108,109,110,111,113,116,119,120,121,122,125,127,129,130,131,132,133,135,136,137,138,140,141,144,145,146,147,149,150,151,152,153,154,155,156,158,162,163,168,169,170,171,173,175,178,188,190,191,192,194,196,202,204,205,209,210,211,212,218,224,232,235,238,246,247,252,254,261,263,269,271,284,298,303,319,328,333,349,551,653,682
30,1,2,4,5,7,9,10,11,12,13,14,15,16,17,18,19,20,21,22,23,24,25,26,27,28,30,31,32,33,36,37,38,39,40,41,42,43,44,45,47,48,49,51,52,53,54,56,57,58,60,64,65,66,67,68,69,72,73,75,76,77,79,80,85,86,88,89,90,91,92,93,94,95,96,97,98,99,100,101,102,104,106,107,108,109,110,111,112,113,115,116,117,118,120,121,127,128,129,130,133,134,135,137,139,143,145,146,149,150,151,152,156,157,159,160,162,163,164,165,167,168,172,174,176,177,178,180,181,185,187,188,189,192,193,194,196,197,198,201,202,207,209,210,211,218,220,222,223,225,226,233,246,261,273,280,283,307,310,320,449,450,460,466,493,504,534,539,554,563
31,3,4,6,8,9,11,12,14,15,16,17,19,20,21,22,23,24,25,29,30,31,32,33,34,36,39,40,41,42,43,44,45,46,47,48,49,50,51,52,53,54,55,56,58,61,62,67,68,69,70,71,72,73,74,75,76,78,81,83,87,91,93,94,95,96,97,100,101,103,105,107,108,109,110,111,112,113,115,116,118,119,120,121,123,125,126,128,131,132,135,136,137,138,139,140,144,145,146,149,150,151,153,154,155,156,157,158,162,163,164,165,166,167,168,169,170,171,173,175,176,177,178,181,184,188,189,190,191,193,199,200,201,203,205,206,208,209,211,213,216,218,220,221,222,227,229,234,236,237,249,250,251,252,268,278,279,283,292,294,302,305,316,468,491,502
32,3,4,5,9,10,11,12,13,15,16,17,18,19,20,21,22,24,25,26,27,28,29,31,32,33,34,35,36,37,38,39,40,41,42,43,44,45,46,47,48,49,50,53,56,57,59,61,62,63,64,67,69,70,71,72,74,75,76,77,80,81,82,83,88,90,91,92,93,94,95,97,99,100,101,103,105,106,107,109,110,111,113,114,115,116,117,118,119,120,121,123,124,127,128,129,130,131,132,133,135,136,137,138,140,141,142,143,144,145,146,147,148,149,150,151,152,153,154,155,156,157,158,159,160,161,163,164,166,169,172,173,174,175,177,178,179,180,190,191,193,194,195,196,197,198,199,200,202,207,209,210,211,213,214,216,221,228,231,238,239,243,247,250,256,264,268,269,271,272,277,279,280,284,287,289,298,299,312,313,326,338,342,344,386,574,693
33,1,4,5,7,8,12,16,18,19,20,23,26,27,28,29,30,31,32,33,34,36,37,39,40,41,42,43,44,45,46,49,50,51,52,53,54,55,56,58,59,61,62,63,65,66,68,69,70,71,72,73,74,75,76,77,78,80,81,82,83,84,85,86,87,89,90,91,95,96,97,98,99,100,101,102,106,108,109,110,112,113,114,118,119,120,121,123,126,128,130,132,135,138,140,141,142,143,144,145,146,148,150,151,152,153,155,156,157,159,161,162,163,164,165,166,167,168,169,171,172,173,174,176,178,179,181,183,188,189,197,198,199,200,201,205,214,215,216,219,223,226,227,228,231,236,239,244,258,276,277,294,347,353,475,626
34,4,5,7,16,18,20,24,26,29,30,31,32,38,53,54,56,57,58,59,60,61,62,64,65,66,67,69,73,74,77,79,81,82,83,84,90,91,92,93,94,95,96,97,103,105,110,116,117,118,121,131,132,137,143,145,146,147,151,153,154,155,156,158,160,162,163,168,170,175,178,179,185,187,193,197,199,205,209,222,224,239,249,266,271,272,284,290,302,319,334,459,555,580
35,13,21,45,70,72,77,80,83,87,90,98,119,124,160,301,312,335,338,346,390,615
36,213
37,290,502,525,603
38,266,642,659,695
39,459,500,523,548,626
40,114,523,658
41,24,368,665,692
42,337,482,579
43,53,325,482,528,607
44,299,358,392,470
45,356,564,593,599
46,193,470,487
47,9,208,529,675
48,405,408,424
49,17,24,314
50,21,101,505,596,628
51,253,340,514,600
52,117,516,622
53,219,285,375
54,525,573,590,687
55,10,404,444,458,685
56,381,439,660,672
57,87,295,332,419,659
58,196,232,238,347,487,493,579
59,7,331,510,521,533,637
60,125,151,544,558
61,100,143,324,465,591,637
62,451,472,521,543
63,23,117,201,288,690
64,160,449
65,
66,
67,
68,
69,
70,
71,
72,
73,
74,
75,
76,
77,
78,
79,
80,
81,
82,
83,
84,
85,
86,
87,
88,
89,
90,
91,
92,
93,
94,
95,
96,
97,
98,
