3
0,416
1,18,26,88,225,311
2,71,250,378,393,407,426,580,637,660,673,680
3,45,357,378,539
4,359,431,509,541,620,647
5,46,154,181,538
6,194,228,275,309,311,365
7,147,506,586,591,680
8,48,57,59,472
9,57,223,266,276,424,439,637
10,57,77,93,326,488,569,622,636
11,103,106,591,653
12,240,328,344,443,526,537,557,577
13,41,66,285,360
14,37,46,47,51,52,53,54,55,56,58,60,61,63,64,66,67,76,82,395,405,426,590,593,637
15,34,42,43,45,48,51,52,53,54,55,56,57,58,59,60,61,62,63,64,65,66,67,68,69,70,71,72,74,75,77,78,81,82,87,118,186,257,279,341,446
16,31,37,41,42,43,45,47,48,49,50,51,52,53,54,55,56,57,58,59,60,61,62,63,64,65,66,67,68,69,70,71,72,73,74,75,76,77,78,79,80,81,82,83,84,85,86,87,88,89,90,91,93,94,95,102,104,107,109,112,113,118,135,136,147,416,620
17,27,34,41,42,45,46,47,48,49,50,51,52,53,54,55,56,57,58,59,60,61,62,63,64,65,66,67,68,69,70,71,72,73,74,75,76,77,78,79,80,81,82,83,84,85,86,87,88,89,90,91,92,93,94,95,96,97,98,99,100,101,102,103,104,105,106,107,108,109,110,111,112,113,114,115,116,117,118,119,120,121,122,123,124,125,126,127,128,129,130,131,132,133,135,136,137,140,142,143,145,146,148,149,150,152,153,155,156,160,166,167,168,174,179,223,381,384,410,641
18,45,48,49,50,51,52,53,54,55,56,57,58,59,60,61,62,63,64,65,66,67,68,69,70,71,72,73,74,75,76,77,78,79,80,81,82,83,84,85,86,87,88,89,90,91,92,93,94,95,96,97,98,99,100,101,102,103,104,105,106,107,108,109,110,111,112,113,114,115,116,117,118,119,120,121,122,123,124,125,126,127,128,129,130,131,132,133,134,135,136,137,138,139,140,141,142,143,144,145,146,147,148,149,150,151,152,153,154,155,156,157,158,159,160,161,162,163,164,165,166,167,168,169,170,171,172,173,174,175,176,177,178,179,180,181,182,183,184,185,186,187,188,189,190,191,192,193,194,195,196,197,198,199,200,201,202,203,204,205,206,207,208,209,210,211,212,213,214,215,216,217,219,220,221,222,223,224,225,226,228,230,233,236,237,239,241,242,243,244,248,250,254,256,257,258,259,261,263,264,269,273,274,281,283,285,286,288,289,303,314,325,340,343,372,383,487,538,584
19,41,45,46,47,48,49,50,51,52,53,54,55,56,57,58,59,60,61,62,63,64,65,66,67,68,69,70,71,72,73,74,75,76,77,78,79,80,81,82,83,84,85,86,87,88,89,90,91,92,93,94,95,96,97,98,99,100,101,102,103,104,105,106,107,108,109,110,111,112,113,114,115,116,117,118,119,120,121,122,123,124,125,126,127,128,129,130,131,132,133,134,135,136,137,138,139,140,141,142,143,144,145,146,147,148,149,150,151,152,153,154,155,156,157,158,159,160,161,162,163,164,165,166,167,168,169,170,171,172,173,174,175,176,177,178,179,180,181,182,183,184,185,186,187,188,189,190,191,193,194,195,196,198,199,200,201,202,203,204,205,206,207,208,209,210,211,212,213,214,215,217,218,219,220,221,222,223,224,225,226,227,228,229,230,231,232,233,234,236,237,238,239,240,241,242,243,245,246,247,248,249,250,251,252,253,254,257,258,259,260,261,262,264,265,266,267,268,269,270,271,273,274,276,277,278,279,281,282,284,285,286,290,291,293,297,299,300,305,307,308,309,314,316,317,318,319,320,321,322,325,328,330,331,332,333,334,335,336,338,341,342,343,344,348,350,355,356,358,361,362,363,365,366,367,368,370,371,376,377,380,382,383,386,387,398,401,415,420,471
20,43,44,45,46,47,48,49,50,51,52,53,54,55,56,57,58,59,60,61,62,63,64,65,66,67,68,69,70,71,72,73,74,75,76,77,78,79,80,81,82,83,84,85,86,87,88,89,90,91,92,93,94,95,96,97,98,99,100,101,102,103,104,105,106,107,108,109,110,111,112,113,114,115,117,118,119,120,121,122,123,124,125,126,127,128,129,130,131,132,133,134,135,136,137,139,140,141,142,143,144,146,147,148,149,150,151,152,153,154,155,156,157,158,159,160,161,162,163,164,165,166,167,168,169,170,171,172,173,174,175,176,177,178,179,180,181,182,183,184,185,186,187,188,189,190,191,192,193,194,195,196,197,198,199,200,201,202,203,204,205,206,207,208,209,210,211,212,213,214,215,216,218,219,220,221,222,223,224,225,226,227,228,229,230,231,232,233,234,235,236,237,238,239,240,241,242,244,245,246,248,249,250,251,252,253,254,255,256,257,258,259,260,263,264,265,266,267,268,269,271,272,274,276,277,278,279,280,281,282,283,284,285,287,288,289,291,292,293,294,298,302,303,311,312,313,314,317,320,322,323,327,328,329,330,331,332,333,335,338,339,343,344,346,347,349,351,357,358,361,362,364,365,373,374,378,380,382,384,388,394,401,406,422,426,433,438,454,571,577,619
21,12,41,43,44,45,46,48,49,50,51,52,53,54,55,56,57,58,59,60,61,62,63,64,65,66,67,68,69,70,71,72,73,74,75,76,77,78,79,80,81,82,83,84,85,86,87,88,89,90,91,92,94,95,96,97,98,99,100,101,102,103,104,105,106,107,109,110,111,112,113,115,116,117,118,119,120,121,122,123,124,125,126,127,128,129,130,131,132,133,134,135,136,137,138,139,140,141,142,143,144,145,146,147,148,149,150,151,152,153,154,155,156,157,158,159,160,161,162,164,165,166,167,168,169,170,171,172,173,174,175,176,177,178,179,180,181,182,183,184,185,186,187,188,189,190,191,192,193,195,197,198,200,201,202,203,204,205,206,207,208,209,210,211,212,213,214,215,216,217,218,221,222,223,224,227,228,229,230,232,233,234,235,236,238,239,240,241,242,243,245,246,247,248,250,252,253,256,257,258,261,262,263,267,269,273,275,277,281,283,284,286,289,291,292,294,296,297,298,301,303,304,309,310,315,326,329,333,335,336,337,338,339,340,342,346,347,348,349,350,351,352,353,354,355,356,359,364,371,372,373,374,376,380,381,385,386,387,388,392,397,398,399,404,408,409,422,424,427,428,429,438,640
22,43,44,45,46,47,48,49,50,51,52,53,54,55,56,57,58,60,61,62,63,64,65,66,67,68,69,70,71,72,73,74,75,76,77,78,79,80,81,82,83,84,85,86,87,88,89,90,91,92,93,94,95,96,97,98,99,100,101,102,103,104,105,106,107,108,109,110,111,112,113,114,115,116,117,119,121,122,123,124,125,126,127,128,129,130,131,132,133,134,135,136,137,138,139,140,141,142,143,144,146,147,148,149,150,151,152,153,154,155,156,157,158,159,160,161,162,163,164,165,166,167,168,169,170,171,172,175,176,177,178,179,180,181,183,185,186,187,188,189,190,191,192,193,195,196,197,199,201,202,203,205,206,207,208,210,211,212,213,214,216,217,218,219,220,221,222,223,224,225,226,227,228,229,230,231,232,233,234,235,237,238,239,240,241,242,243,244,245,246,247,248,249,250,251,253,255,256,258,259,260,261,262,263,264,265,266,268,269,272,275,276,278,280,281,282,283,287,289,297,299,303,305,306,310,311,314,316,319,321,322,325,328,329,330,332,333,334,343,344,347,351,352,353,356,357,360,362,364,367,368,369,372,374,375,377,382,386,388,392,393,395,396,405,410,453,460,470,560,687
23,7,20,38,40,42,43,44,45,46,47,48,49,50,51,52,53,54,55,56,57,58,59,60,62,63,64,65,66,67,68,69,70,71,72,73,74,75,76,77,78,79,80,81,82,83,84,85,86,87,88,89,90,91,92,93,94,95,96,97,98,99,100,102,103,104,105,106,107,108,109,110,111,112,113,114,115,116,117,118,119,120,121,122,123,124,125,126,127,128,129,131,132,133,134,135,136,137,138,139,140,141,142,143,144,145,146,147,148,149,150,151,152,153,154,155,156,157,158,159,160,161,162,163,164,165,166,167,169,170,171,172,173,174,175,176,177,178,179,180,181,182,183,184,185,186,187,189,190,191,192,193,194,196,197,198,199,201,202,204,205,207,208,209,211,212,213,214,215,216,217,218,219,221,222,224,225,226,227,228,229,230,231,232,233,234,235,236,237,238,239,240,241,242,243,244,245,247,248,249,251,252,253,254,255,256,257,259,260,262,263,264,265,266,267,268,269,270,271,273,274,276,277,279,280,281,282,283,286,288,290,291,295,298,302,303,309,310,312,314,315,316,321,323,325,328,329,332,334,335,336,339,341,342,343,344,348,349,350,351,353,356,357,358,359,360,361,363,364,365,366,367,368,369,370,371,372,374,377,378,379,380,383,384,385,386,389,390,391,392,393,396,409,411,418,427,445,451,466,496,527
24,28,37,39,40,41,44,45,46,47,49,51,52,55,56,57,58,59,60,61,62,63,64,65,66,67,68,69,70,71,72,73,74,75,76,77,78,79,80,81,82,83,84,85,86,87,88,89,90,91,92,93,94,95,96,97,98,99,100,101,102,103,104,105,106,108,109,110,111,112,113,114,115,116,117,118,119,121,122,124,125,126,127,128,130,131,132,133,134,135,136,137,138,140,141,142,143,144,145,146,147,148,149,150,151,152,153,154,155,156,157,158,159,160,161,162,163,164,165,166,167,168,169,170,171,172,173,174,175,176,177,178,179,180,181,182,183,184,185,186,188,189,190,191,192,193,194,195,197,198,199,201,202,203,204,205,206,207,210,211,214,215,216,218,219,221,223,224,225,226,227,228,229,230,231,232,237,238,239,241,242,245,251,252,254,256,258,261,267,269,270,272,274,276,279,281,285,288,292,296,297,299,302,313,314,315,326,339,341,345,347,352,355,357,363,364,365,368,372,377,378,380,396,397,404,406,407,410,413,419,423,425,426,427,429,433,455,482,658
25,32,41,42,43,44,48,49,50,51,52,53,55,56,57,59,60,61,62,63,64,65,66,67,68,69,70,71,72,73,74,75,76,77,78,79,81,83,84,85,86,87,88,89,90,91,92,93,94,95,96,97,98,99,100,101,102,103,104,105,106,107,108,110,111,112,113,114,115,116,117,118,119,120,121,122,123,124,125,126,127,128,129,130,131,132,133,134,135,136,137,138,139,140,141,142,143,144,145,146,147,148,149,150,151,152,153,154,155,156,157,158,159,160,161,163,164,165,166,167,168,169,172,174,175,176,177,181,182,183,186,187,188,190,191,192,193,194,196,197,198,200,201,202,203,205,206,209,211,215,216,218,219,220,221,222,225,227,229,231,233,234,235,236,237,238,239,241,242,243,244,247,248,249,250,251,252,253,254,255,256,259,260,262,264,266,268,270,271,272,275,276,278,279,280,281,282,283,288,291,293,295,296,297,298,299,301,304,305,310,311,312,316,318,323,350,353,354,358,359,361,362,364,366,368,369,371,372,373,376,378,380,381,382,384,385,386,387,390,393,398,401,403,404,417,418,420,421,423,426,427,436,443,445,447,450,588,591,596,644
26,36,38,40,41,42,43,45,46,47,48,49,50,51,52,53,54,55,56,57,59,60,61,62,63,64,65,66,67,69,70,71,72,73,75,76,77,78,79,81,82,83,84,85,86,87,88,89,90,91,92,93,94,95,96,97,98,100,101,102,103,104,105,106,107,108,109,110,111,112,113,114,115,116,117,118,119,120,121,122,123,124,125,126,127,128,129,130,131,132,133,134,135,136,137,138,139,140,141,142,143,144,145,146,147,148,149,151,152,154,155,157,158,159,160,161,162,163,164,165,166,167,168,169,171,173,174,175,176,177,178,179,180,181,183,184,185,186,187,188,189,190,191,192,193,194,195,196,198,201,203,204,208,209,210,211,212,213,214,215,216,217,218,220,221,222,223,225,226,229,231,232,234,235,237,241,242,243,244,245,246,247,248,249,250,251,252,256,259,261,262,270,271,272,276,277,278,279,280,282,285,287,290,293,297,300,301,304,305,307,313,322,325,332,343,354,361,363,367,368,369,370,375,377,378,379,384,386,387,390,394,400,404,406,413,416,435,440,446,449,467,574
27,39,40,41,44,46,47,48,49,51,52,53,54,55,56,57,58,59,60,61,62,63,64,65,66,67,68,69,70,71,72,73,74,75,76,77,78,79,80,82,83,84,86,88,89,90,91,92,93,94,95,96,97,98,99,100,102,103,104,105,106,107,108,110,113,114,115,116,117,118,119,120,121,123,124,126,127,128,129,130,131,133,134,135,136,137,138,139,140,141,142,144,145,146,148,149,150,151,152,153,154,155,156,157,158,159,160,161,162,163,165,166,167,169,171,172,173,174,175,176,178,179,180,181,182,184,186,187,188,190,192,193,194,195,197,198,200,202,203,204,205,206,207,209,210,211,212,213,214,217,219,221,222,226,227,228,230,235,237,238,240,242,243,244,247,251,256,260,266,267,270,278,279,280,283,284,287,289,301,308,312,313,316,323,359,362,363,364,365,368,369,371,372,373,374,375,377,382,384,387,389,390,391,393,394,396,397,398,403,407,411,416,417,418,419,420,422,423,425,426,428,432,433,435,437,443,449,463,473,488,498,552,567,581
28,40,43,44,47,48,49,50,51,52,53,54,55,56,57,58,59,60,61,62,63,64,65,66,67,68,69,70,71,72,74,76,77,78,79,80,81,82,83,84,85,86,87,88,89,91,92,93,94,95,96,97,98,99,100,101,102,103,104,105,106,107,108,109,110,111,112,113,114,115,116,117,118,119,120,121,122,123,124,125,126,127,128,129,130,131,132,133,134,135,136,137,138,139,140,141,142,143,144,145,146,147,148,150,151,152,153,154,155,156,157,158,159,160,161,162,163,164,165,166,168,169,171,172,175,176,177,178,179,183,185,187,188,191,196,197,200,203,204,205,206,207,208,209,211,212,214,215,216,217,227,228,229,232,234,236,237,239,241,244,245,247,248,249,251,253,258,259,260,262,266,268,270,271,273,274,278,279,280,281,283,285,290,297,298,303,307,310,312,316,317,322,325,328,332,340,356,357,365,370,373,374,375,377,378,383,386,387,390,391,399,400,403,406,411,414,415,443,468,473,476,487,503,515,563
29,39,42,44,45,46,47,48,49,50,51,52,53,54,56,57,58,59,60,61,62,63,64,65,66,67,70,71,72,73,74,75,76,77,78,79,80,81,82,83,84,85,86,87,88,89,91,92,93,94,95,96,97,98,99,100,101,102,103,104,105,106,107,108,109,110,111,112,113,114,115,116,117,118,119,120,121,122,123,125,127,128,129,130,131,132,133,134,135,136,137,138,139,140,141,142,143,145,147,148,149,150,151,153,154,155,156,157,159,161,162,163,164,165,170,172,174,175,176,177,180,181,183,184,187,189,190,191,192,193,196,197,200,201,204,205,206,208,210,213,217,218,219,220,221,222,223,225,228,229,230,232,234,235,239,241,243,244,246,247,251,255,256,257,260,262,263,264,265,266,267,268,280,285,290,292,293,294,297,298,300,311,322,329,374,389,393,407,415,417,422,447,451,454,477,484,515,539,599,621
30,4,31,38,41,44,46,48,49,51,53,54,55,56,57,60,61,62,63,64,65,66,67,68,69,70,71,72,73,74,75,76,77,78,79,80,81,83,85,86,87,88,89,90,91,92,93,94,95,96,97,98,99,101,102,103,104,105,106,107,110,111,112,115,116,118,119,121,123,124,125,126,129,131,132,133,134,135,136,138,139,140,141,142,143,144,145,146,147,148,149,150,151,152,153,154,155,157,159,160,161,162,163,164,165,166,167,168,169,170,173,174,177,178,179,184,185,186,188,190,191,193,195,204,208,213,214,215,216,218,222,225,226,227,228,229,233,234,236,240,253,256,261,265,269,270,271,273,277,297,299,310,314,328,378,395,401,453,457,464,475,491,605,675
31,41,45,46,47,49,50,51,52,53,54,55,56,57,58,59,61,62,63,64,65,66,68,69,70,71,73,76,77,78,79,80,81,82,83,84,85,86,88,90,91,93,94,95,96,98,99,100,101,102,103,105,106,107,108,109,110,111,112,113,114,115,116,117,118,119,120,121,122,123,125,126,127,128,129,130,131,132,133,134,135,136,137,138,139,140,141,142,143,145,146,147,148,149,150,151,152,153,154,155,157,158,160,161,162,163,164,167,169,172,174,176,177,179,182,184,188,191,192,193,194,198,199,201,204,206,209,210,214,221,222,224,228,231,232,235,236,237,238,240,241,242,243,245,247,249,251,252,253,256,263,268,270,271,278,279,285,294,295,296,298,300,302,305,317,434,442,461,463,469,480,492,493,525,695
32,38,42,43,44,45,46,47,48,49,50,51,52,53,54,55,56,58,59,60,61,62,63,67,68,69,70,72,73,74,75,76,78,79,80,82,83,84,85,86,87,88,89,91,92,93,94,95,96,98,99,100,101,102,103,105,106,107,108,109,110,111,112,113,115,116,117,120,121,122,123,124,125,126,128,130,132,134,137,138,139,140,141,142,143,144,145,146,147,148,149,151,152,155,160,161,165,166,167,168,169,170,171,173,174,175,176,178,180,184,187,188,189,190,191,195,197,202,203,205,207,208,209,213,218,221,223,224,226,227,231,233,238,240,246,247,248,251,252,255,257,258,264,265,266,268,271,273,277,278,280,282,284,286,287,302,303,304,306,314,384,398,439,445,449,456,472,481,498,531,548
33,38,40,42,43,44,45,46,49,50,51,54,55,56,57,58,59,60,62,63,64,65,67,68,70,71,72,74,75,76,77,78,79,80,81,82,83,84,85,86,87,88,89,90,91,92,93,94,95,96,98,99,101,102,103,104,105,106,107,108,111,112,113,115,116,117,118,119,121,122,124,125,126,128,129,130,131,132,133,134,136,137,138,141,142,143,144,145,146,147,148,149,152,153,154,155,156,157,159,160,161,162,163,164,165,167,170,171,173,176,180,181,182,184,185,187,189,190,191,192,194,195,198,203,204,207,209,211,212,213,214,217,219,220,221,223,224,226,230,231,237,238,240,241,243,246,248,261,264,269,274,275,277,307,311,335,343,365,449,480,486
34,21,38,42,45,48,49,50,51,53,54,55,56,57,58,59,60,61,62,63,64,65,66,67,70,71,72,73,75,77,78,79,80,81,83,84,85,88,91,93,95,97,100,101,102,103,104,105,106,108,109,110,111,112,113,114,115,116,118,119,120,121,122,123,124,126,127,128,129,130,131,132,133,134,135,136,137,138,139,141,142,143,145,146,147,148,149,151,153,154,155,157,159,161,162,164,165,167,169,170,172,173,182,185,186,187,195,197,198,199,200,202,205,207,208,213,214,216,217,218,219,220,227,228,234,235,237,240,242,245,251,252,259,262,270,277,278,279,285,287,298,304,314,347,395,412,429,446,465,466,470,500,510,530
35,39,43,44,45,46,47,49,50,51,53,54,55,56,57,58,59,61,62,63,64,67,68,69,72,73,74,75,76,78,79,80,81,82,83,84,85,86,87,88,89,90,91,92,93,94,95,96,98,99,101,102,103,104,105,106,107,108,109,110,111,112,113,114,116,117,118,119,120,123,124,125,126,128,129,130,131,133,134,135,136,137,138,142,143,144,145,146,147,149,150,151,152,154,160,162,163,166,169,170,171,172,173,174,177,180,182,183,187,189,190,196,197,198,200,201,202,207,208,210,211,212,216,219,221,222,224,226,229,231,234,236,238,243,247,249,250,256,258,260,261,262,269,275,280,286,327,337,457,461,623
36,41,43,44,46,49,51,52,54,55,56,57,58,59,60,61,62,63,64,65,66,67,68,69,70,71,72,73,74,75,77,78,79,80,81,83,84,85,86,87,90,91,92,93,94,95,96,98,100,101,103,104,105,106,107,109,110,111,112,116,117,118,119,121,122,124,127,129,130,131,133,134,135,136,137,139,140,141,142,143,144,145,146,147,148,149,150,152,154,156,157,159,160,161,162,163,164,165,166,168,169,170,171,173,174,178,179,181,184,185,191,192,194,200,203,207,215,216,220,230,232,238,240,242,243,252,255,257,262,265,267,270,274,275,298,300,306,309,312,317,318,328
37,42,43,44,45,46,47,48,49,50,51,52,53,54,55,56,58,60,61,62,64,65,66,67,68,69,70,72,73,75,76,77,81,82,85,88,89,90,92,93,94,95,96,97,98,99,100,101,102,103,104,105,106,108,109,110,111,113,114,115,116,117,118,119,120,121,122,123,124,125,126,127,128,129,130,131,132,133,134,135,136,137,138,139,140,141,143,144,145,146,147,148,149,150,151,156,158,159,160,164,165,168,170,179,181,189,191,192,201,203,206,210,211,212,213,215,217,222,228,234,239,250,252,258,265,272,274,276,280,283,312,325,327,342,365,391,443,549,618
38,41,42,44,45,46,49,52,53,55,56,57,58,59,60,62,63,64,65,66,67,68,69,71,72,73,74,75,76,78,79,80,82,83,84,85,86,87,88,89,90,91,92,93,94,95,96,97,98,99,100,101,102,104,105,106,107,108,109,110,111,112,113,115,118,119,120,121,124,127,128,131,132,133,136,138,139,140,141,142,143,146,147,148,149,152,155,157,161,162,163,165,167,168,171,174,176,179,180,181,182,185,186,187,189,190,191,195,197,198,199,204,210,212,213,215,219,225,229,232,234,237,239,241,254,257,261,264,274,280,288,290,296,310,316,330,345,352,361,431,539,571,656
39,12,37,47,48,50,51,52,56,58,59,60,61,62,64,65,66,67,68,69,70,71,72,73,74,75,77,78,79,80,81,82,83,84,85,86,87,88,89,90,91,92,94,95,97,99,101,102,103,107,111,112,113,114,115,116,117,118,119,120,121,122,123,124,125,127,130,131,132,135,136,137,138,139,140,141,143,144,147,148,149,150,151,152,153,155,157,158,159,160,161,162,163,166,167,172,174,180,184,188,192,194,195,199,202,204,206,207,214,219,223,225,230,237,245,257,269,276,277,296,324,326,385,392,423,461,674
40,45,48,50,53,54,55,56,57,58,59,60,62,63,64,65,66,67,68,69,70,71,72,73,74,75,76,77,78,81,82,83,85,86,87,88,89,90,91,92,94,95,96,97,98,99,100,101,102,103,104,105,106,107,108,109,110,112,113,114,115,117,118,119,120,121,122,124,125,126,127,128,130,131,133,134,135,136,137,138,139,141,142,144,145,146,147,148,150,152,153,154,156,157,158,160,163,166,167,171,176,184,188,190,197,198,201,206,208,211,214,218,224,225,226,232,233,234,235,237,239,248,262,284,294,297,321,322,349,443,452,464,579,616,661
41,31,47,48,49,50,51,53,55,58,59,60,62,64,67,68,69,70,74,75,76,77,78,79,80,81,82,83,84,85,86,87,89,92,93,94,95,96,97,98,99,100,101,102,103,104,105,106,107,108,111,112,113,114,116,117,119,120,121,123,127,128,130,131,132,133,134,136,138,139,140,141,142,145,147,149,150,152,153,154,155,156,157,158,163,164,167,170,171,172,173,174,175,176,177,182,186,188,192,193,204,205,208,209,213,219,221,224,226,237,243,246,252,275,281,285,288,291,311,319,348,359,394,617,640,663
42,41,52,57,58,59,61,62,63,64,66,67,68,69,70,71,72,73,74,76,77,78,79,82,83,84,85,86,87,89,90,91,92,94,95,96,101,102,103,104,105,106,108,109,110,115,116,117,119,120,121,122,123,124,125,126,128,129,130,131,132,133,134,136,137,138,139,140,141,142,143,145,147,148,149,150,151,155,156,162,163,167,169,170,173,174,189,199,209,212,221,222,229,234,238,240,275,286,290,300,387,477,661
43,45,48,50,51,52,53,55,56,59,61,62,64,65,66,67,68,69,71,75,76,77,78,81,84,88,91,92,93,94,96,97,99,100,102,103,104,105,106,107,108,109,110,111,112,114,116,117,119,120,121,122,124,125,127,128,129,130,131,132,133,134,136,137,139,140,141,142,145,146,147,148,149,150,155,158,168,170,171,178,183,184,189,193,199,209,223,224,235,262,266,275,284,298,302,329,343,441,499,550
44,38,41,43,44,48,51,54,56,58,59,60,62,63,64,65,66,69,70,72,74,75,76,77,78,79,81,82,83,85,86,87,88,89,90,92,94,95,96,97,98,99,100,101,103,104,105,106,108,109,111,115,116,117,118,121,123,124,125,126,129,130,132,134,136,138,140,141,142,144,149,150,152,153,157,160,162,163,165,166,167,168,172,181,182,184,186,199,204,211,215,222,223,238,244,254,257,264,284,302,329,481,494
45,51,52,56,58,60,61,63,64,65,66,67,68,70,71,72,73,74,75,76,77,78,79,80,81,82,83,85,86,87,88,89,90,92,93,94,95,96,97,98,100,101,102,103,112,114,118,123,124,126,127,128,129,130,131,132,133,134,135,136,137,144,145,146,147,148,150,152,155,156,157,158,161,163,167,168,174,176,177,181,185,187,191,192,206,219,224,230,231,245,251,265,267,275,358,625
46,9,17,22,56,60,61,64,65,66,67,69,74,76,77,79,80,81,83,84,85,86,88,89,91,93,95,96,99,100,101,102,103,104,105,106,108,111,112,113,116,117,118,119,120,121,123,124,125,127,129,132,134,135,138,139,140,141,142,143,144,146,147,148,149,150,151,153,155,157,159,160,161,163,164,165,174,179,186,188,189,202,209,222,224,233,234,283,290,309,538,539,590,691
47,55,60,61,63,66,68,69,71,75,76,79,80,82,83,85,87,88,89,90,91,92,94,95,96,98,100,101,102,103,105,107,108,109,110,112,113,114,116,117,118,119,120,123,125,127,128,129,134,135,136,137,138,139,142,145,148,156,171,174,178,184,186,194,201,206,239,243,245,267,271,301,313,323
48,10,66,68,69,73,74,75,76,77,80,81,83,84,87,88,89,90,92,93,95,96,98,99,100,101,104,108,110,115,117,119,120,121,122,123,128,130,133,136,138,139,140,144,147,152,153,155,161,164,167,171,191,192,193,194,211,224,230,242,260,288,307,316,328,592,600
49,9,18,34,37,62,68,72,77,84,86,90,98,101,105,108,109,111,113,120,128,135,136,137,139,142,144,145,148,150,152,166,184,189,225,299
50,67,87,104,107,112,114,124,302,515,642
51,364
52,309,603
53,407,495
54,267,642
55,23,416
56,240,475,574,692
57,246,294,304,596
58,331,373,466,521,523,526,566,576,580,684
59,457,460,488,565
60,30,325,552
61,348,496,513,598
62,283,299,366,491
63,191,292,424,466,623
64,169,360,452,481,551
65,22,208,378,594,627
66,418
67,287,320,361,585,688
68,239,255,503,511,512,622,676
69,215,268,289
70,126,254
71,
72,
73,
74,
75,
76,
77,
78,
79,
80,
81,
82,
83,
84,
85,
86,
87,
88,
89,
90,
91,
92,
93,
94,
95,
96,
97,
98,
