16
0,631
1,15,17,19,20,21,24,30,33,34,36,60,65,92,203,317,479
2,12,17,19,20,21,22,23,24,26,27,28,29,32,33,34,35,36,37,38,40,41,44,55,62,63,67,71,76,92,170,389,551
3,12,13,15,16,19,20,21,22,23,24,25,26,27,28,29,30,31,32,33,34,35,36,38,39,40,41,43,44,45,46,47,48,49,50,51,52,53,54,56,57,58,59,60,61,62,63,64,65,66,67,68,69,71,72,73,76,77,78,81,82,83,85,88,97,108,111,149,167,193,234,445,447,502
4,6,12,13,14,15,16,17,18,19,20,21,22,23,24,25,26,27,28,29,30,31,32,33,34,35,36,37,38,39,40,41,42,43,44,45,46,47,48,49,50,51,52,53,54,55,56,57,58,59,60,61,62,63,65,66,67,68,69,70,71,72,73,74,75,76,77,78,79,80,81,82,83,84,85,86,87,88,89,90,92,93,94,95,96,97,98,99,100,101,102,103,104,105,106,107,108,109,110,111,112,113,114,125,131,133,135,138,142,146,176,227,240,254,524,547
5,8,10,12,13,14,15,16,17,18,19,20,21,22,23,24,25,26,27,28,29,30,31,32,33,34,35,36,37,38,39,40,41,42,43,44,45,46,47,48,49,50,51,52,53,54,55,56,57,58,59,60,61,62,63,64,65,66,67,68,69,70,71,72,74,75,76,77,78,79,80,81,82,83,84,85,86,87,88,89,90,91,92,93,95,96,97,99,100,101,103,105,108,109,110,111,112,113,114,115,116,117,118,119,120,121,122,123,124,125,126,127,128,129,130,131,132,133,134,135,136,137,138,139,140,141,142,143,144,145,146,147,148,150,151,152,153,154,155,156,157,158,159,160,161,163,164,165,166,167,168,169,170,171,172,173,174,175,176,177,178,179,180,181,182,183,184,185,186,187,188,189,190,191,192,193,194,195,196,197,200,201,202,203,204,205,207,208,209,210,211,212,213,214,217,219,220,222,223,230,232,233,316,352,409
6,8,11,12,13,14,15,16,17,18,19,20,21,22,23,24,25,26,27,28,29,30,31,32,33,34,35,36,37,38,39,40,41,42,43,44,45,46,48,49,50,51,52,53,54,56,57,58,59,60,61,62,64,65,66,68,69,70,71,72,73,74,75,76,77,78,79,80,81,82,84,85,86,87,88,89,90,91,92,93,94,95,96,97,99,100,101,102,103,104,105,106,107,108,109,110,111,112,113,114,115,116,117,118,119,120,121,122,123,124,125,126,127,128,129,130,131,132,133,134,135,136,137,138,139,140,141,142,143,144,145,147,148,149,150,151,152,154,155,156,157,158,159,160,161,162,163,164,165,166,167,168,169,170,171,172,173,174,175,176,177,178,179,180,181,182,183,184,185,186,187,188,189,190,191,192,193,194,196,197,198,199,200,201,202,203,204,205,206,207,208,209,210,211,212,213,214,215,216,217,219,220,221,222,225,226,227,228,230,231,232,233,234,235,237,238,239,240,243,244,245,246,247,249,251,252,253,254,255,256,258,259,260,263,265,266,268,269,272,274,275,280,283,292,295,299,303,307,318,330,364,679
7,5,8,10,12,13,14,15,16,17,18,19,20,21,22,23,24,25,27,28,29,30,31,32,33,34,35,36,37,38,39,40,41,42,43,44,45,46,47,48,49,50,51,52,53,55,56,57,59,60,61,62,63,65,66,67,68,69,70,71,72,73,74,75,76,78,79,80,81,82,83,84,85,86,87,88,89,90,91,92,93,94,95,96,99,100,101,102,103,104,105,106,107,108,109,110,111,112,113,115,116,117,118,119,120,121,123,124,125,126,127,128,129,130,131,132,133,134,135,136,137,138,139,140,141,142,144,145,146,147,148,149,150,152,153,154,155,156,157,158,159,161,162,163,164,165,168,169,170,172,173,174,175,176,177,178,179,180,181,182,183,184,185,186,187,188,189,190,191,192,193,194,195,196,197,199,200,201,203,204,205,206,207,208,209,210,212,213,214,215,216,217,218,219,220,221,222,223,224,225,226,227,228,230,231,233,235,236,238,239,240,241,242,244,245,246,247,248,249,251,252,255,256,257,258,259,261,262,264,265,267,269,271,273,277,279,280,281,282,283,288,293,294,309,315,333,347,369,409,536
8,2,4,5,6,7,8,9,10,11,12,13,14,15,16,17,18,19,20,22,23,24,25,26,27,28,29,30,31,32,33,34,35,37,38,39,40,41,42,43,44,45,46,47,48,49,50,51,52,53,54,55,56,57,58,59,60,61,62,63,64,65,66,67,68,69,70,71,72,73,74,75,76,77,78,80,81,82,84,85,87,88,89,90,91,92,93,94,95,98,100,101,102,103,104,105,106,107,108,109,110,111,112,113,114,115,116,117,118,119,120,121,122,123,124,125,126,127,129,130,131,132,133,134,135,136,137,138,139,140,141,142,143,144,146,147,148,149,150,151,153,154,155,156,157,158,159,160,161,162,163,164,165,166,167,168,169,170,171,172,173,174,175,176,177,178,179,180,181,182,183,184,185,186,187,188,189,191,192,193,197,198,199,201,202,204,205,206,207,211,212,213,214,216,217,219,220,221,223,225,226,227,228,229,231,233,234,235,236,237,238,239,240,244,246,247,251,256,260,261,266,269,271,273,274,277,281,287,306,311,334,336,340,354,429
9,2,3,4,5,6,7,8,9,10,11,12,13,14,15,16,17,18,19,20,21,22,23,24,25,26,27,28,29,30,33,34,35,36,37,38,39,40,41,42,43,44,45,46,47,48,49,50,51,52,54,55,56,57,58,59,60,61,62,63,64,65,66,67,68,69,70,71,72,73,74,75,76,77,78,79,80,81,82,83,85,86,87,92,93,95,96,98,99,100,101,102,103,104,105,106,107,108,109,111,112,113,114,115,116,117,118,119,120,121,122,123,124,125,126,128,129,130,132,133,134,135,136,138,139,140,141,142,143,145,149,150,151,152,153,154,155,156,157,158,159,160,161,162,163,164,165,167,168,169,171,172,173,176,177,178,179,180,181,182,184,185,186,187,188,189,190,191,192,194,195,196,197,198,200,201,202,203,204,205,207,208,210,211,212,213,215,216,217,218,220,221,222,223,224,225,227,228,231,232,233,234,235,237,239,242,244,245,246,247,250,251,253,256,257,259,260,262,265,267,275,282,283,284,286,292,295,300,318,319,345,368,643,678
10,1,3,4,5,6,7,8,9,10,11,12,13,14,15,16,17,18,19,20,21,22,24,25,26,27,28,29,30,31,32,33,34,35,36,37,38,39,41,42,43,44,45,46,47,48,49,50,51,52,53,54,56,57,58,59,60,61,62,63,64,65,66,67,68,69,70,71,72,73,74,75,76,77,78,79,80,81,82,83,84,85,87,88,89,90,91,92,93,94,95,96,97,98,99,100,101,102,103,104,105,106,107,108,109,110,111,113,115,116,117,118,119,120,121,122,123,124,126,127,129,130,131,132,133,134,136,137,138,139,141,143,144,145,146,147,148,149,150,151,152,153,154,156,157,158,159,160,161,162,163,164,165,166,167,168,169,170,171,172,173,174,175,176,177,178,179,180,182,183,185,186,187,188,189,190,193,194,195,196,197,198,199,200,201,202,203,204,206,207,208,210,211,212,214,215,219,220,222,223,226,227,228,230,233,234,236,240,241,247,248,252,254,255,257,260,262,264,265,270,271,274,279,281,282,283,285,286,289,291,304,305,309,311,318,320,321,325,328,336,342,399,411,504,552,613
11,1,2,3,4,5,6,7,8,9,10,11,12,14,15,16,17,18,19,20,21,22,23,24,25,26,27,29,30,31,32,33,34,35,37,38,39,40,41,42,43,44,45,46,47,48,49,50,51,52,53,54,55,56,57,58,60,61,64,65,68,69,70,71,72,74,75,76,78,79,80,81,85,86,88,90,91,92,93,94,95,96,97,99,100,102,103,104,106,107,108,109,110,111,112,113,114,115,116,118,119,120,121,122,124,125,127,129,130,133,134,135,136,137,140,141,142,143,146,147,148,149,150,151,152,153,154,155,156,157,159,160,161,162,164,165,167,168,169,171,172,173,174,175,178,179,182,184,185,186,187,188,189,191,193,194,195,197,198,201,204,207,209,211,212,213,215,216,217,220,221,226,229,230,231,232,235,237,238,239,240,241,243,244,245,246,247,255,260,263,266,267,282,284,301,303,314,324,336,338,351,363,399,537,609,671
12,2,4,5,6,7,9,10,11,12,13,14,15,16,17,18,19,21,23,24,25,26,27,28,29,30,31,32,33,34,35,36,37,38,39,40,41,42,43,44,45,46,47,48,50,51,52,53,54,55,56,57,58,59,62,63,64,65,66,67,68,69,70,71,72,73,74,75,76,77,78,79,81,83,85,86,87,88,89,90,91,92,93,94,95,96,97,98,99,100,101,102,103,105,106,107,108,109,110,111,112,113,114,115,116,117,118,119,121,122,123,124,125,126,128,129,130,131,132,133,134,135,137,139,140,141,142,143,144,145,146,147,148,149,150,151,152,153,154,155,156,158,159,160,161,163,164,165,166,167,168,169,170,171,172,173,174,175,177,178,179,180,182,183,184,185,187,188,189,191,192,197,198,199,200,201,202,205,206,207,208,209,215,217,219,225,227,229,230,243,248,250,252,257,258,261,262,265,274,275,277,284,286,287,288,299,306,368,504,664
13,1,2,3,4,5,6,7,8,9,10,11,12,13,14,15,16,17,18,19,20,21,22,23,24,25,26,27,29,30,31,32,33,34,35,36,37,38,39,40,41,42,43,44,45,46,47,48,49,50,51,52,53,54,55,56,57,58,59,60,61,62,63,64,65,66,67,68,69,70,71,73,74,75,76,78,80,82,84,85,86,87,88,89,90,92,93,94,95,96,98,99,100,102,103,105,106,108,109,110,111,112,113,115,116,117,119,120,121,123,124,125,126,127,129,130,132,134,136,137,140,141,142,143,144,145,146,147,148,150,151,152,153,154,155,156,157,158,159,160,161,162,163,164,165,166,167,168,169,170,171,173,174,175,180,181,182,184,185,186,189,190,191,192,193,195,196,197,198,199,200,201,202,203,204,205,206,207,210,211,213,214,215,216,218,222,223,224,226,227,231,232,233,234,235,237,243,245,249,252,256,261,272,278,279,284,292,296,314,335,620
14,1,2,3,4,5,6,7,8,9,10,12,13,14,15,16,17,18,19,20,22,23,24,25,26,27,28,29,30,31,32,33,34,35,36,37,38,39,40,41,42,43,44,45,46,49,50,51,52,53,54,55,56,57,58,59,60,61,62,63,64,65,66,67,68,69,70,71,72,73,74,75,77,78,79,80,81,82,83,84,85,86,87,88,90,91,92,93,95,97,99,100,101,102,103,104,105,106,107,108,110,111,112,113,114,115,117,118,119,122,126,127,128,129,131,132,133,140,141,143,144,145,146,148,149,150,151,153,154,155,156,157,158,160,163,164,166,167,168,169,170,173,175,176,177,178,179,180,182,183,184,185,187,188,189,190,191,192,193,194,195,197,198,200,202,203,205,206,208,209,211,212,213,214,216,217,219,221,223,229,248,249,253,254,265,268,270,278,284,287,292,307,317,368,426,467
15,1,3,4,6,7,8,9,10,11,12,13,14,16,17,18,19,20,21,22,23,24,25,26,27,28,29,30,31,32,33,35,36,37,38,40,41,43,44,45,46,47,48,49,50,51,52,53,54,55,56,57,58,59,61,62,63,64,65,66,67,68,69,70,71,72,73,74,75,76,78,79,81,82,83,84,85,86,87,88,89,90,91,92,93,94,95,96,97,98,99,100,101,102,103,104,105,107,108,109,110,111,112,113,114,115,116,117,118,119,120,121,122,125,126,127,128,130,131,132,133,135,136,139,140,144,145,146,147,148,149,150,152,153,154,155,156,157,158,160,161,162,164,165,166,168,172,173,174,177,178,179,181,183,184,186,187,188,189,190,198,199,200,201,202,205,207,208,209,210,211,212,213,214,215,217,218,221,224,226,227,230,233,234,235,237,238,239,244,245,247,249,255,257,270,275,278,286,300,309,311,320,324,358,537,633
16,1,2,3,7,8,10,11,12,13,14,15,16,17,18,19,20,21,22,23,24,25,26,28,29,31,32,33,34,35,36,37,38,39,40,43,44,46,47,48,49,51,52,53,54,55,56,57,58,59,60,61,62,63,65,66,67,68,69,70,71,72,73,74,75,76,77,78,79,80,81,82,83,84,86,87,89,90,91,92,93,94,95,97,98,99,100,101,102,103,104,105,106,107,108,109,110,112,113,114,115,116,117,118,119,121,122,123,124,125,126,127,128,129,130,131,133,134,135,138,139,140,142,143,144,146,148,149,150,151,152,153,154,155,156,158,159,161,162,163,164,166,167,169,170,173,174,175,180,184,185,188,190,191,193,194,195,197,198,200,202,203,205,206,207,209,212,213,214,218,219,220,221,223,227,228,232,233,236,237,239,240,248,251,253,258,263,264,271,273,283,285,287,288,295,297,298,299,301,312,313,332,335,380,446,482,488,566
17,2,4,7,8,10,11,12,14,15,16,18,19,20,21,22,23,24,25,26,27,28,29,31,32,33,34,35,36,37,38,39,40,41,42,43,44,45,46,47,48,49,50,51,52,53,54,55,56,57,58,59,60,61,62,63,64,66,67,68,69,70,72,73,74,75,77,78,79,80,81,83,88,89,91,93,94,95,97,99,100,101,102,103,104,105,106,107,108,109,110,111,112,113,114,115,116,117,118,119,120,121,122,123,124,125,126,127,128,130,132,133,134,135,137,138,139,140,141,142,143,144,145,146,147,148,150,153,154,155,156,158,159,160,161,162,163,166,167,168,171,173,174,175,176,177,178,180,181,184,186,187,189,191,192,193,194,195,196,198,199,200,204,205,206,207,208,210,213,216,221,222,223,224,226,232,233,239,240,241,243,246,250,252,254,257,263,264,274,275,280,293,294,299,318,325,330,450,585,617
18,4,8,11,12,15,16,18,20,22,23,24,25,26,27,28,29,30,31,32,33,34,35,36,37,38,39,40,41,42,43,44,45,46,47,48,49,50,51,52,54,56,57,58,59,60,61,62,64,66,67,68,69,70,72,73,74,75,76,77,78,79,81,82,83,84,85,86,87,88,89,90,91,93,94,96,97,98,100,101,103,105,106,107,108,109,110,111,112,113,114,115,116,117,118,119,120,121,122,123,124,125,126,127,128,129,130,131,132,133,134,135,136,137,138,139,140,141,142,143,144,145,146,147,148,149,150,151,152,153,154,155,156,157,158,159,160,162,163,165,169,170,171,172,177,178,181,182,183,184,186,188,189,190,191,192,193,195,196,199,200,201,203,204,206,207,210,211,212,213,217,218,219,220,224,225,226,227,228,230,231,232,238,239,243,245,252,254,258,262,263,265,268,278,279,288,291,293,300,304,310,316,357,376,571,624
19,1,10,11,16,17,18,20,22,24,25,26,27,28,29,30,31,32,33,34,35,36,37,38,39,40,41,42,43,44,45,46,47,48,49,50,51,53,54,55,56,57,58,59,60,61,62,63,64,65,66,67,68,69,70,71,72,73,74,75,76,78,79,80,81,82,84,85,86,87,88,89,90,91,92,93,95,96,98,99,102,103,105,106,107,111,112,113,114,115,117,118,119,120,121,123,124,125,126,127,129,130,131,132,133,134,135,136,137,138,140,141,143,144,146,147,149,151,152,153,155,156,157,158,159,160,161,162,163,164,165,166,167,169,170,172,174,175,176,177,178,179,180,182,183,184,185,187,192,193,194,195,196,197,198,200,201,203,204,205,206,207,208,211,213,214,217,219,220,224,225,226,227,230,233,235,238,239,240,241,242,243,244,245,247,249,257,261,263,266,268,270,271,277,279,280,281,287,290,296,297,299,305,307,312,316,318,320,322,339,340,351,368,427,429
20,12,13,16,18,20,21,22,23,26,27,28,29,30,31,32,33,34,35,36,37,38,39,40,42,43,44,45,46,47,48,49,50,51,52,53,54,55,56,57,58,59,60,61,62,63,64,65,66,67,68,69,71,72,73,74,75,76,77,78,79,80,81,83,84,85,86,87,88,89,90,93,95,97,99,100,102,104,107,109,111,113,114,115,116,117,118,119,120,121,122,123,124,125,126,127,128,129,130,131,132,133,134,135,136,137,138,139,140,142,143,144,145,146,147,148,149,150,151,152,153,154,156,157,159,160,161,163,164,165,169,170,172,173,174,176,177,178,180,181,182,183,184,185,186,187,188,189,190,191,192,194,195,196,197,198,199,200,201,202,203,204,205,206,207,208,210,211,212,213,215,216,217,218,219,221,222,224,225,226,227,228,230,231,232,233,234,235,237,238,239,240,241,242,243,244,245,248,252,256,257,258,259,260,261,262,264,265,266,267,268,269,270,271,273,275,279,282,283,291,296,302,317,318,326,329,330,339,341,344,354,358,367,445,531,538
21,10,19,24,26,28,32,33,34,35,36,37,38,39,40,41,42,43,44,46,47,49,50,51,52,53,54,55,56,57,58,59,60,61,62,63,64,65,66,67,68,69,70,71,72,73,74,75,76,77,78,79,80,81,82,83,84,85,86,87,88,89,90,91,92,93,94,95,96,97,98,99,101,102,104,107,109,110,112,113,114,115,116,117,118,119,120,121,122,123,124,126,128,129,130,131,132,133,134,135,136,137,138,139,140,141,142,143,144,145,146,148,149,150,151,152,153,154,155,157,158,159,161,162,163,164,166,168,169,170,171,172,173,175,176,177,178,179,180,181,182,183,184,185,186,187,188,189,190,191,192,193,194,195,196,197,199,200,201,202,203,204,206,208,211,213,214,215,217,218,219,220,221,223,226,227,228,229,230,231,233,234,235,236,237,238,239,240,241,242,243,244,245,246,247,248,249,250,251,252,253,254,255,256,257,258,261,262,263,264,265,266,267,271,272,273,277,278,279,280,282,283,284,285,286,287,289,290,293,294,296,297,298,301,302,305,307,308,309,311,314,316,317,321,324,325,326,328,332,338,340,341,342,343,345,347,350,351,356,357,361,365,376,378,381,382,428,432,461,549,559,576
22,31,33,35,38,39,40,41,42,43,44,45,46,47,48,49,50,51,52,53,54,55,56,57,58,59,61,62,63,64,65,66,67,68,69,70,71,72,73,74,75,76,77,78,79,80,81,82,83,84,85,86,87,88,89,91,92,93,94,95,96,97,98,99,100,101,102,103,104,105,107,109,112,119,120,121,123,124,125,126,127,128,129,130,131,132,133,134,135,136,137,138,139,140,141,142,143,144,145,146,147,148,149,150,151,152,153,154,155,156,157,158,159,160,161,162,163,164,165,166,167,168,170,171,172,173,174,177,178,180,181,182,184,186,187,188,189,191,192,193,194,195,196,197,198,199,200,201,203,204,206,207,208,209,210,211,212,213,214,216,217,218,219,220,221,223,226,227,228,229,230,231,232,234,235,237,238,239,240,241,242,244,245,246,247,248,249,250,251,252,253,255,256,257,258,259,260,261,262,263,264,265,266,267,268,269,271,272,273,274,275,276,277,278,279,280,281,282,283,285,287,289,291,293,295,296,298,299,301,302,303,305,306,309,310,313,315,320,324,325,326,327,328,331,332,334,335,341,343,344,345,355,357,358,361,364,365,375,379,384,386,389,392,410,418,421,585,649
23,20,26,28,34,37,38,39,40,42,43,44,46,47,48,50,51,52,54,55,56,57,58,59,60,61,62,63,64,65,66,67,68,69,70,71,72,73,74,75,76,77,78,79,80,82,83,85,86,87,88,90,92,93,94,95,96,97,98,99,102,104,105,106,107,108,109,110,112,113,114,115,116,121,127,128,129,130,131,132,133,134,138,142,143,146,147,151,152,153,155,156,157,158,159,160,161,162,163,164,165,166,168,169,170,171,172,173,174,175,176,177,179,180,181,182,183,185,187,188,189,190,191,192,193,194,195,196,197,198,199,200,201,202,203,204,205,206,207,208,209,210,211,212,213,214,215,216,217,218,219,220,221,222,223,224,225,226,227,228,229,230,231,232,233,234,235,236,237,238,239,240,241,242,243,244,245,246,247,248,249,250,251,252,253,254,255,256,258,259,261,262,263,264,265,266,268,269,270,271,272,273,274,275,277,278,279,280,281,282,283,284,285,286,287,288,289,290,292,294,295,296,297,298,300,301,302,303,304,305,306,307,308,309,310,312,314,315,316,317,319,320,323,325,330,332,334,335,337,338,340,341,342,343,344,345,346,352,353,359,360,362,363,364,367,368,370,371,372,373,375,376,378,379,380,382,383,386,388,392,393,394,395,402,404,407,411,412,414,424,425,430,431,439,445,465,485,533,554,557,559,619,688
24,10,13,20,30,31,32,33,34,37,38,39,40,41,42,43,44,45,46,47,48,49,50,52,53,54,55,56,57,58,60,61,63,64,65,66,67,68,69,70,71,72,73,74,76,77,78,79,80,81,82,83,84,85,86,87,88,89,90,91,92,93,94,95,96,97,98,99,100,101,102,103,104,105,106,107,108,109,110,111,112,113,114,116,117,118,120,124,126,128,133,137,138,139,142,150,151,152,155,157,158,159,161,162,163,164,168,169,170,171,176,177,178,179,181,183,184,185,187,190,191,192,193,194,195,196,197,198,199,200,201,202,203,205,206,207,208,209,210,211,212,213,214,215,216,217,219,220,222,223,224,225,228,229,230,231,232,233,234,235,236,237,238,239,240,241,242,243,244,245,246,247,249,250,252,253,254,255,256,257,258,259,260,261,262,263,264,265,266,267,268,269,270,271,272,273,274,275,276,278,279,280,281,282,283,284,285,286,287,288,289,290,291,292,293,294,295,297,298,300,301,302,303,304,305,306,307,308,309,310,311,312,313,314,315,316,317,318,319,321,323,324,325,326,328,329,330,331,332,333,334,335,336,337,338,339,340,341,342,343,345,346,347,348,349,350,352,353,354,355,356,357,359,361,363,364,366,367,368,369,375,378,380,381,382,383,384,385,386,387,388,389,390,391,395,396,402,403,405,406,407,413,419,422,427,428,429,430,432,434,436,437,441,444,445,446,447,449,454,455,458,465,468,471,477,478,485,493,513,543,575
25,33,34,42,43,44,46,47,48,50,51,52,53,54,55,56,57,58,59,60,61,62,63,64,65,66,68,69,70,71,72,73,74,75,76,77,78,79,80,82,84,85,86,87,89,90,91,94,95,99,101,102,104,105,106,108,109,111,114,115,118,119,126,127,128,129,132,133,135,138,140,141,142,143,144,145,146,147,148,149,150,151,153,154,155,156,157,159,160,161,162,163,164,166,167,168,169,174,175,176,178,179,183,185,189,190,191,192,195,196,197,199,200,201,205,206,208,209,211,213,214,215,216,217,219,220,221,222,223,224,225,227,228,229,230,231,232,233,234,235,237,238,239,241,242,244,246,247,248,250,252,253,254,255,256,257,258,259,260,261,262,264,265,266,267,268,269,270,271,272,274,276,277,278,279,280,281,282,283,284,285,286,287,289,290,291,293,294,297,298,299,300,301,302,303,305,306,308,312,313,314,315,316,317,318,319,320,321,322,324,326,327,328,329,331,332,333,336,337,338,339,340,342,344,345,347,348,349,350,351,352,355,357,358,359,361,362,370,373,374,377,378,379,385,387,388,391,392,393,395,396,398,405,410,413,415,416,421,424,426,427,428,431,432,434,435,437,442,448,450,452,455,457,463,465,477,485,489,536,561,581,696
26,20,24,33,34,37,38,39,40,41,42,43,44,45,46,47,48,50,51,53,54,55,56,57,58,59,60,62,66,67,69,70,71,72,73,74,75,77,78,79,80,81,82,83,84,85,86,87,88,89,90,91,92,93,94,95,96,97,98,100,103,105,106,108,110,112,115,117,118,121,123,124,127,130,135,137,138,142,143,144,146,147,149,150,151,153,155,156,158,160,161,163,164,165,166,168,171,172,173,174,176,181,182,183,185,186,187,188,190,192,193,195,196,198,201,203,204,205,207,208,209,210,212,214,215,216,217,218,219,220,222,223,224,225,226,227,228,229,231,232,233,234,235,236,237,238,239,240,241,242,243,244,245,246,247,248,249,250,251,252,253,256,257,258,259,260,262,263,264,265,266,267,268,270,271,272,274,275,276,277,278,281,282,284,286,287,288,289,290,291,293,294,295,296,297,299,301,302,303,304,306,307,308,309,310,312,313,314,315,316,317,318,319,320,321,322,323,324,325,326,327,328,329,330,331,336,337,339,340,343,344,345,348,349,350,351,352,355,356,357,358,359,360,361,362,363,364,365,366,367,368,369,371,372,373,374,375,376,377,378,379,380,381,382,383,384,385,386,387,388,389,391,392,393,394,395,396,398,400,402,403,405,406,407,408,409,410,411,413,414,415,418,419,420,421,422,424,425,426,427,428,429,431,433,434,435,436,437,439,440,441,442,443,444,445,446,447,448,449,450,452,453,455,456,458,459,460,461,462,463,464,466,467,468,469,473,476,482,487,490,494,499,501,503,507,519,528,533,539,541,575
27,35,38,39,41,42,43,45,46,48,49,50,51,53,54,55,56,57,58,59,60,61,62,64,66,67,68,69,70,71,73,75,76,78,79,81,82,83,84,86,88,89,90,93,94,103,104,105,106,107,109,121,127,131,134,136,139,140,141,143,144,145,147,149,150,151,153,155,157,158,160,161,162,163,164,165,166,169,171,172,174,181,184,185,186,187,189,190,191,192,194,195,196,197,198,201,203,204,206,207,208,210,212,213,214,215,217,219,220,221,223,224,225,228,229,230,231,232,233,234,236,237,239,240,241,242,244,245,246,247,248,249,250,251,252,255,257,259,260,261,262,263,264,266,267,268,269,271,272,274,275,276,278,280,281,283,284,285,286,287,288,289,290,291,293,294,296,298,299,300,303,304,305,306,308,309,310,311,312,314,315,316,318,319,322,324,325,327,328,329,330,332,333,338,339,341,342,343,344,346,348,349,350,352,353,354,360,361,362,365,367,368,369,370,371,372,373,374,375,376,377,378,380,381,382,383,384,385,386,387,388,389,390,391,392,393,394,395,396,397,398,399,400,401,402,403,404,406,407,408,411,413,415,416,417,418,419,420,421,422,423,424,425,427,428,429,430,431,432,433,434,435,436,438,439,440,442,444,446,448,449,451,452,453,454,456,457,458,460,461,463,465,467,469,470,471,472,473,474,475,476,477,478,481,482,483,484,486,488,489,490,491,493,496,497,500,501,502,504,505,506,507,509,511,514,530,535,539,540,548,573
28,31,41,42,44,45,48,49,50,51,52,53,54,55,56,57,58,59,60,61,62,64,65,66,68,69,70,71,72,74,75,76,77,78,79,80,81,82,83,84,85,86,87,88,90,92,93,94,95,96,97,98,99,100,101,103,104,112,113,119,121,128,135,137,140,142,144,149,153,154,156,159,161,162,163,167,169,175,176,179,180,181,184,186,188,191,194,196,199,200,203,207,208,211,215,216,217,218,220,221,222,224,225,226,228,229,230,231,232,234,235,236,237,238,239,240,241,242,244,245,246,247,248,250,251,253,254,257,259,260,261,263,265,267,269,271,273,274,278,281,283,284,285,286,287,289,290,291,293,294,295,296,297,298,299,301,302,303,304,305,306,309,310,311,314,315,317,318,319,320,321,323,326,327,329,330,332,333,334,335,336,337,338,339,340,341,342,343,345,346,349,350,354,356,357,359,360,363,364,365,366,367,369,370,372,373,375,377,378,379,381,383,384,386,388,390,391,392,393,394,395,396,397,399,400,401,402,403,404,406,408,409,410,411,412,413,414,415,416,418,420,421,423,424,427,429,430,431,435,436,439,442,443,444,445,446,447,448,449,450,451,452,453,454,455,456,458,460,461,463,464,465,466,467,470,471,474,475,476,477,479,480,481,485,489,491,492,493,497,498,501,502,507,509,513,515,529,541,552,555,556,565,566,576,579,585,620,686
29,24,44,45,50,53,54,55,56,57,58,59,60,61,62,63,64,65,66,68,69,72,73,74,75,76,77,78,79,81,82,83,85,86,88,89,90,91,92,93,94,95,96,97,98,99,100,101,102,103,105,107,111,112,114,115,118,120,121,122,123,124,125,128,132,133,134,137,139,143,144,145,147,149,150,151,152,153,154,155,157,159,163,164,167,168,171,172,174,175,176,182,188,190,191,195,198,199,200,204,205,206,207,208,209,211,212,213,214,215,217,218,219,220,221,222,223,224,226,227,228,229,231,234,236,237,238,239,240,242,244,245,246,247,249,255,256,260,263,265,266,267,270,274,283,285,288,291,294,296,297,298,300,301,303,304,307,308,312,314,317,318,319,320,324,326,328,329,331,334,337,339,342,344,346,347,352,355,357,360,363,371,373,382,383,384,386,387,389,394,395,397,401,404,407,408,410,411,414,415,418,420,422,423,425,427,429,430,435,437,438,439,441,442,443,448,449,450,451,452,453,454,457,458,464,468,469,470,471,477,478,486,490,494,499,501,509,518,520,527,529,531,545,558,569,598,603
30,36,46,49,50,54,55,57,58,60,61,62,63,64,65,66,67,68,69,70,71,72,73,74,75,76,77,78,79,80,81,82,83,84,85,87,88,89,90,91,92,93,94,95,96,97,98,99,100,101,102,103,104,105,106,107,108,109,110,111,114,117,118,119,121,124,127,133,142,143,144,148,149,151,155,159,161,163,167,171,172,173,174,175,178,179,183,190,192,193,197,201,202,204,207,209,210,212,214,215,217,219,220,221,222,223,224,226,227,230,231,232,233,234,235,236,237,238,239,240,242,243,246,249,252,253,254,256,257,258,260,261,262,263,265,266,268,275,276,278,280,281,282,283,287,290,291,292,293,304,306,307,310,313,317,318,321,322,323,324,325,327,329,331,335,339,344,346,347,349,350,353,355,360,361,363,371,375,377,379,380,381,384,385,388,389,390,391,392,393,398,400,406,407,409,410,413,414,416,418,420,421,423,424,426,427,429,430,434,435,437,438,439,440,441,442,444,446,448,449,450,451,453,454,456,457,459,460,461,462,467,470,474,475,479,480,482,483,496,497,499,506,511,516,529,553,554,565,568,572,577,661,664
31,31,36,49,53,54,55,57,58,59,61,62,63,65,66,68,69,71,72,73,75,76,77,78,79,80,81,82,83,84,87,90,91,93,95,96,97,99,101,102,104,107,109,111,115,116,117,121,122,126,127,129,133,137,138,139,140,141,143,145,147,148,152,153,156,157,158,159,162,163,165,168,169,171,172,174,180,181,182,183,185,186,187,188,189,191,192,198,199,200,202,203,204,205,206,207,208,209,214,217,218,220,222,223,224,225,226,227,228,231,232,233,235,237,239,240,243,244,245,246,247,248,249,253,262,264,265,267,273,274,280,285,291,298,310,319,329,339,345,353,371,372,373,377,384,385,386,387,389,395,397,400,401,403,404,405,406,410,414,415,417,419,420,422,424,427,428,433,434,435,436,437,441,442,448,449,450,451,452,457,463,464,465,468,469,477,479,480,481,487,489,492,495,497,498,505,507,517,522,535,538,553,560,607,650,688
32,40,51,53,54,56,61,62,64,65,67,69,71,78,79,80,82,84,85,86,87,88,89,91,93,94,95,96,97,98,99,100,101,102,103,104,105,106,107,108,109,112,113,118,120,121,123,130,134,141,146,150,151,152,153,156,157,158,159,164,167,168,170,171,173,174,175,176,177,178,180,181,182,190,192,194,197,201,206,209,215,216,217,218,225,227,228,229,230,232,236,240,245,249,252,254,255,258,259,261,265,268,270,276,281,286,293,300,308,309,315,317,319,321,327,328,329,333,342,347,360,362,363,364,367,377,388,389,390,391,393,395,399,401,403,404,405,406,411,412,414,418,419,420,422,424,425,428,429,430,433,434,435,440,443,445,447,448,450,451,452,454,455,456,463,478,481,482,483,490,494,496,500,502,505,508,519,555,558,630
33,61,63,64,76,81,84,91,94,97,105,106,107,114,122,132,133,140,143,150,173,175,177,184,189,190,201,204,207,211,214,226,275,288,314,332,417,418,421,436,441,450,461,465,479,529,590,650
34,165
35,
36,431,673,688,693
37,117
38,
39,623,685
40,33,530,556,635
41,35
42,311,537
43,115,562,620
44,103,374
45,497,587,670
46,72,94,380,511,662,691,698
47,25,89,428,475,535,546,575,578,589,596
48,83,88,283,297,309,558,596,677
49,62,232,388,605,673
50,506,563,571,576,583,584,619,687
51,3,168,245,624
52,228,454,556,585,674,690
53,272,389,522
54,35,194,290,362,363,592,609,658
55,82,91,121,139,338,340,356,506
56,262,380,430,458
57,27,168,367,533,661
58,24,76,85,299,318,362,502,557
59,7,119,278,482,604,698
60,214,671
61,148,296
62,14,293,365,514,523,555
63,4,282,366,491
64,12,60,91,166,245,348,441,530
65,138,189,267,302,308,428
66,334,345,523,580,645
67,176,212,228,422,459,476,528,618,646,659,665,680
68,48,399,566,575
69,120,322,402,641,667,673
70,409,466,478,674
71,50,219,375,403,409,503
72,80,208,279,593,611,644
73,32,150,282,418,424,549,630,651
74,146,220,529
75,14,70,86,115,267,335,445,476,618
76,27,54,149,193,230,454,641
77,27,265,408,517,689
78,63,226,253,393,572,648
79,90,143,159,241,351,532,569,611
80,186,333,354,382
81,240,298,441,532,664
82,136,266,424,648,654
83,103,157,202,237,494,592,603,664,688
84,115,167,308,357,392,396
85,27,86,251,329,330,536,690,699
86,323,491,550,641,696
87,118,156,233,448,645,693
88,97,189,662
89,27,397,678
90,16,25,75,207,380,453,518,553,646
91,3,210,251,276,313,334,346,348,414,423,473,593,657
92,239,486
93,6,21,280,298,491,566,605
94,139,190,224,243,298,393,694
95,54,226,421,497,646
96,115,488,516,517
97,170,228,512,574
98,558
