14
0,438
1,54,119,320,340
2,363,408,510
3,44,215,523,560,630
4,147,173,385,435,469,573,578
5,193,249,402,494,562,646
6,74,236
7,142,211,219,257,369,580,696
8,77,96,204,356,559,644
9,179,392,476
10,6,166,322,404,545,572,682
11,79,139,277,338,505,564,580,583,598
12,54,269,305,309,452,500,554,626
13,140,141,268,309,593,602,636
14,227,273,357,558,644
15,78,126,143,358,480,503
16,99,131,133,625
17,57,82,89,91,92,95,98,99,102,109,155,392,466,528,567
18,73,77,80,82,85,86,87,88,89,90,91,92,93,94,95,96,97,98,99,100,101,102,103,104,105,106,107,108,109,110,111,112,113,114,115,116,117,118,120,121,122,123,124,125,127,129,130,137,391,549,683
19,82,83,85,86,87,88,89,90,91,92,93,94,95,96,97,98,99,100,101,102,103,104,105,106,107,108,109,110,111,112,113,114,115,116,117,118,119,120,121,122,123,124,125,126,127,128,129,130,131,132,133,134,135,136,137,138,139,140,141,142,143,144,145,146,147,148,149,150,151,152,153,154,155,156,157,160,161,164,165,168,173,177,178,179,185,186,190,191,205,214,223,239,267
20,83,84,85,86,87,88,89,90,91,92,93,94,95,96,97,98,99,100,101,102,103,104,105,106,107,108,109,110,111,112,113,114,115,116,117,118,119,120,121,122,123,124,125,126,127,128,129,130,131,132,133,134,135,136,137,138,139,140,141,142,143,144,145,146,147,148,149,150,151,152,153,154,155,156,157,158,159,160,161,162,163,164,165,166,167,168,169,170,171,172,173,174,175,176,177,178,179,180,181,182,183,184,185,186,187,188,189,190,191,192,193,194,195,196,197,198,199,200,201,202,203,204,205,206,208,209,210,211,212,213,214,215,216,217,218,219,220,221,222,223,224,225,226,227,228,229,230,231,232,233,234,235,236,237,239,240,241,242,243,244,245,246,247,248,249,250,251,252,253,258,261,262,263,264,266,269,271,272,275,279,280,282,283,284,286,287,289,290,294,295,300,301,303,312,316,317,321,322,326,327,338,340,362,364,389,397,482,487,546,576
21,17,72,82,83,84,85,86,87,88,89,90,91,92,93,94,95,96,97,98,99,100,101,102,103,104,105,106,107,108,109,110,111,112,113,114,115,116,117,118,119,121,122,123,124,125,126,127,128,129,130,131,132,133,134,135,136,137,138,139,140,141,142,143,144,145,146,147,148,150,151,152,153,154,155,156,157,158,159,160,161,162,163,164,165,166,168,169,171,172,173,174,175,177,178,179,180,181,182,183,184,185,186,187,188,189,190,191,192,193,194,195,196,197,199,200,201,202,203,204,205,206,207,208,209,210,211,212,213,214,215,216,217,218,219,220,221,222,223,224,225,226,227,228,229,230,231,232,233,234,235,236,237,238,239,240,241,242,243,244,245,246,247,248,249,250,251,252,253,254,256,257,258,259,260,261,262,263,265,268,269,270,271,272,273,274,275,279,280,281,286,287,288,290,292,294,298,301,311,312,318,320,325,329,333,338,347,423,451,520,544
22,77,78,79,80,81,82,84,85,86,87,88,89,90,92,93,94,95,96,97,98,99,100,101,102,103,105,106,107,109,110,111,112,113,114,115,116,117,118,119,120,121,122,123,124,125,126,127,128,129,130,131,132,133,134,135,136,137,138,139,140,141,142,143,144,145,146,147,148,149,150,151,152,153,154,155,156,157,158,159,160,161,163,164,166,167,168,169,170,172,173,175,176,177,178,179,180,181,183,185,187,188,189,190,191,192,193,195,196,197,198,199,200,201,202,203,204,205,206,207,208,209,210,211,212,213,214,215,216,217,218,219,220,222,223,224,225,226,227,228,229,230,231,232,233,234,235,236,237,238,239,240,241,242,243,245,246,247,249,250,251,253,256,257,258,259,260,261,263,265,266,267,268,269,270,272,273,274,276,278,280,282,285,286,290,291,293,294,296,300,301,305,307,308,314,319,320,324,339,356,361,371,505,569,621,661
23,75,77,78,79,80,81,82,83,84,85,86,87,88,89,90,91,92,93,94,95,96,98,99,100,101,102,103,104,105,106,107,108,109,110,111,112,113,114,115,116,117,118,119,120,121,122,123,124,125,126,127,128,129,130,131,132,133,134,135,136,137,138,139,140,141,142,143,144,145,146,147,148,149,150,151,152,153,155,156,157,158,159,160,162,163,164,165,166,167,168,169,170,171,172,176,177,178,179,180,182,183,184,185,186,187,188,189,190,191,192,193,194,195,196,197,198,199,200,201,202,203,205,206,208,209,210,211,212,213,214,215,216,217,218,219,220,221,222,223,224,225,226,227,228,229,231,232,233,235,236,237,239,240,241,242,244,245,246,248,249,250,251,252,253,254,255,256,258,260,261,263,265,266,269,270,272,274,275,276,277,278,279,281,282,284,285,286,287,289,290,291,292,294,297,299,300,302,303,304,310,312,317,319,322,335,339,345,356,363,376,377,379,383,390,391,407,428,486,560,678
24,71,74,76,77,78,79,80,81,82,83,84,86,87,88,89,90,91,92,94,95,96,98,99,100,101,102,103,105,106,107,108,110,111,113,114,115,116,117,118,119,120,121,122,123,124,125,126,127,128,129,130,131,132,134,135,136,137,138,139,140,141,142,143,144,145,146,147,148,149,150,151,152,153,154,155,156,158,159,160,161,162,163,164,165,166,167,168,169,170,171,172,173,174,175,176,178,179,180,181,182,183,184,185,186,187,188,189,190,191,192,193,194,195,196,197,198,199,200,201,202,203,204,205,206,207,208,209,210,211,212,214,215,216,217,218,219,220,222,223,225,226,227,229,230,231,234,236,237,238,241,244,245,247,248,249,250,251,256,257,258,259,262,263,264,267,268,269,270,271,272,275,277,280,281,282,284,285,286,287,290,293,294,296,297,298,299,300,302,303,304,306,307,310,312,313,315,318,331,333,334,336,344,356,369,370,375,385,468,476,491
25,49,70,72,73,74,76,77,78,79,81,82,83,84,85,86,87,88,89,90,91,92,93,94,95,96,97,98,99,100,101,102,103,104,105,106,107,109,110,111,112,113,114,115,116,117,118,119,120,121,122,123,124,125,127,128,129,130,131,132,133,134,135,136,137,138,139,140,141,142,143,144,145,146,147,148,149,150,151,152,153,154,155,156,157,158,161,162,164,165,166,168,169,170,171,175,176,177,178,179,180,181,182,183,184,185,186,187,188,189,190,191,192,193,194,195,196,197,198,200,201,202,203,204,205,206,207,208,209,210,211,213,214,215,216,217,218,219,220,221,222,223,224,225,227,228,230,233,236,237,238,240,243,246,247,248,249,250,252,253,255,256,257,260,261,263,265,266,267,268,271,272,273,275,277,280,281,284,285,297,303,305,306,312,313,319,323,324,327,328,331,334,338,346,349,384,686
26,57,73,75,76,77,79,80,81,82,83,84,85,86,87,88,89,90,91,92,93,94,95,96,97,98,99,100,101,102,103,104,105,106,108,109,110,111,112,113,114,115,116,117,118,119,120,121,122,123,124,126,127,128,129,130,131,132,133,134,135,136,137,138,139,140,141,142,143,144,145,146,147,150,151,152,153,154,156,157,159,160,161,162,163,164,168,169,170,172,173,174,175,176,177,178,179,180,181,182,184,185,186,187,190,191,192,193,194,195,196,197,198,199,200,201,202,203,204,205,206,207,208,209,210,211,212,213,214,215,216,218,220,221,222,223,225,226,228,230,231,232,233,236,237,239,240,241,244,245,246,247,248,249,250,251,252,254,256,257,260,263,264,266,267,268,269,272,276,278,282,283,285,287,288,289,290,292,295,297,305,308,309,320,328,329,330,331,335,337,338,344,371,378,384,457,496,563,691
27,41,69,73,75,76,77,78,79,80,81,82,83,84,85,86,87,88,89,90,91,94,95,96,97,98,99,100,101,102,103,104,105,106,107,108,109,110,111,112,113,114,115,116,118,119,120,121,122,123,124,125,126,128,129,130,131,132,133,134,136,137,138,140,141,142,143,144,145,147,148,149,150,151,153,155,156,157,158,159,161,163,164,165,166,167,169,170,174,175,176,177,178,179,180,181,182,184,185,186,187,189,190,192,193,194,195,196,197,198,199,200,202,203,204,205,206,208,209,210,211,212,213,215,216,217,218,219,220,221,222,223,224,225,226,227,228,229,230,231,233,234,235,236,237,243,244,245,251,253,254,258,262,265,266,267,268,269,271,273,276,277,278,281,282,283,287,289,290,292,296,297,299,302,303,311,315,316,325,341,342,369,384,437,532
28,69,71,72,73,74,75,76,77,78,79,80,81,82,83,84,86,87,89,90,94,95,96,97,99,100,101,103,104,105,107,108,109,110,111,112,113,114,115,116,117,118,119,120,121,122,123,124,126,128,129,131,132,133,134,136,137,138,139,140,141,142,143,144,145,146,148,149,150,151,152,153,154,155,156,157,158,159,161,163,164,165,168,170,171,172,174,175,176,177,178,179,180,181,182,183,184,185,186,187,188,190,191,192,193,194,195,198,199,200,201,202,203,204,205,206,207,208,210,211,212,213,216,217,218,219,220,221,222,223,224,225,226,227,228,229,233,234,235,236,237,238,240,241,242,243,244,246,247,250,251,252,255,256,258,259,260,261,262,263,264,266,267,270,271,272,273,274,275,277,278,279,280,286,287,290,291,295,296,297,299,301,302,304,309,311,312,316,321,323,324,336,338,345,347,362,366,375,400,409,429,651
29,69,74,77,78,79,80,81,83,84,85,87,90,91,92,93,94,95,96,97,98,99,100,101,102,103,104,105,106,107,108,109,110,111,112,113,115,116,117,118,119,120,121,122,124,125,127,128,129,130,131,133,134,135,136,137,138,139,140,141,142,143,145,146,147,148,149,150,151,152,153,154,155,156,157,158,159,160,161,162,164,166,167,168,169,170,174,176,177,178,179,180,183,184,185,186,188,189,192,193,194,196,197,199,200,202,204,205,206,207,208,210,211,212,214,217,218,221,222,223,225,227,228,229,231,232,233,234,237,238,240,241,245,246,250,251,252,253,254,257,258,259,262,263,265,266,270,271,275,276,279,282,283,285,287,288,291,292,293,294,295,297,302,305,307,309,314,323,328,337,344,350,365,375,399,401,406,412,443,544
30,69,70,75,76,78,79,80,82,84,86,87,88,89,90,91,92,93,94,96,97,98,99,100,101,102,103,104,105,106,107,108,110,111,112,113,114,115,117,118,119,120,122,123,124,125,127,128,130,131,132,133,134,135,137,138,139,140,141,142,143,144,145,146,148,149,150,151,152,153,154,156,159,161,162,163,164,167,169,170,172,174,175,176,177,178,179,180,181,182,184,185,186,187,188,189,190,191,194,195,197,198,199,200,201,202,203,204,205,206,207,208,209,210,212,213,214,215,216,218,220,221,223,224,225,226,227,229,233,237,238,239,240,241,242,243,244,245,246,250,252,253,254,261,262,266,267,270,274,275,279,280,283,285,288,289,290,291,292,293,296,298,301,302,303,305,306,311,319,324,337,338,341,343,353,371,372,381,436,496,520,570,666
31,8,36,73,76,78,80,82,84,85,86,87,88,89,90,91,92,93,94,96,97,98,99,100,101,102,103,104,105,107,108,109,110,112,113,114,115,116,117,119,120,121,122,124,125,126,127,128,129,131,132,133,134,135,136,137,138,139,140,141,142,144,145,147,148,149,150,151,152,153,154,155,156,158,159,160,161,162,163,164,165,166,167,168,169,170,171,172,173,174,175,176,177,180,181,182,183,184,185,186,187,188,189,190,191,194,195,197,198,199,200,202,204,206,207,209,210,211,212,213,214,215,216,217,219,220,221,222,223,226,227,228,229,231,233,234,237,240,242,244,245,246,247,248,249,251,254,255,256,258,261,263,265,267,268,270,273,274,275,279,280,283,288,291,296,298,300,301,302,304,310,312,315,316,317,318,331,332,334,337,338,339,340,344,349,355,358,360,374,375,378,416,453,590
32,70,81,83,88,89,90,91,92,93,95,96,97,98,99,100,101,102,103,105,106,107,108,109,110,111,112,116,117,118,119,120,121,122,123,124,125,126,127,129,131,132,133,134,135,136,137,138,141,142,143,144,145,146,147,148,149,150,151,153,155,156,157,158,159,161,162,163,165,168,169,170,171,173,174,176,177,178,179,181,183,184,185,186,187,188,189,190,191,192,195,196,197,200,202,204,205,206,209,210,211,212,213,214,215,216,217,218,219,220,221,222,224,225,226,228,229,230,231,232,233,237,238,242,243,244,245,246,247,248,249,251,252,257,261,262,265,266,268,271,272,274,279,280,281,282,285,286,287,289,292,296,309,310,311,313,321,322,332,333,335,344,353,363,365,371,374,383,400,408,628,634
33,77,78,86,87,88,92,93,94,96,97,98,101,102,104,105,106,107,108,109,110,111,112,114,115,116,118,119,120,121,122,124,125,126,127,128,129,130,131,132,135,136,137,140,142,143,144,145,146,147,148,149,151,152,153,154,158,159,162,163,165,166,167,168,169,170,171,172,173,174,175,179,180,181,182,183,184,185,186,187,188,189,190,191,192,194,195,196,197,198,199,200,201,202,203,205,206,207,210,211,213,214,215,216,217,219,221,222,223,224,228,229,230,231,232,233,234,235,239,243,244,247,250,252,254,255,256,257,258,259,260,261,262,263,265,266,271,272,273,279,280,281,283,285,287,290,292,294,295,296,297,298,300,301,303,306,307,310,311,317,320,331,333,345,349,358,364,366,375,377,384,407,437,472,609
34,70,86,89,90,93,97,98,100,101,103,104,106,107,108,109,110,111,112,113,114,115,116,117,118,121,122,124,126,127,128,129,131,132,133,134,135,136,137,139,142,143,146,148,149,150,152,154,155,156,158,159,161,162,163,165,167,168,170,175,177,179,180,183,184,186,187,188,190,191,192,193,195,196,197,198,200,201,202,204,205,206,207,208,209,210,211,212,214,216,218,219,220,221,222,223,224,226,227,228,229,230,231,232,233,234,236,237,238,239,240,241,242,244,245,246,247,248,251,252,256,258,259,260,261,264,265,266,269,271,274,275,277,278,281,283,284,285,288,290,291,292,295,296,297,299,300,301,302,304,308,309,312,313,314,315,316,320,322,332,333,338,339,340,346,347,348,380,398,420,436,615
35,85,89,90,91,92,93,99,100,101,104,105,106,107,108,110,111,114,116,117,118,119,121,122,123,124,125,126,127,128,129,130,131,132,133,134,135,136,137,138,139,141,142,144,146,148,149,150,151,155,157,158,159,160,163,164,165,168,169,171,172,173,174,176,177,179,181,182,184,186,187,188,189,190,191,192,193,194,195,196,197,198,199,201,202,203,204,205,206,208,209,210,211,212,213,215,217,218,219,222,223,224,225,227,228,229,231,232,233,234,236,237,239,240,241,242,245,246,248,249,250,251,253,254,255,256,258,260,262,264,265,266,268,269,270,271,272,273,275,276,277,278,279,280,281,282,283,286,287,288,293,294,295,296,297,298,300,302,304,305,309,310,311,315,316,318,321,327,335,338,339,340,341,346,358,370,372,379,391,394,406,407,409,442,515,609
36,81,83,85,87,88,90,91,92,96,97,99,100,102,103,104,107,108,110,113,114,115,116,117,118,119,120,121,122,124,125,126,127,131,132,135,136,137,138,139,140,141,143,146,148,149,150,152,153,154,155,156,157,158,159,161,164,165,166,168,171,176,177,178,180,181,182,183,184,185,186,188,191,192,193,194,195,197,199,200,201,202,203,205,206,207,208,210,211,212,213,214,215,216,217,218,219,220,222,223,224,225,226,227,228,230,231,234,235,237,238,239,240,241,243,244,246,247,249,251,252,255,261,262,263,264,265,269,271,273,275,278,279,280,281,284,286,287,289,291,292,293,294,296,297,299,300,301,304,305,306,308,309,310,311,313,315,316,318,319,320,321,322,326,332,335,344,351,354,357,362,364,368,374,377,387,390,392,393,401,403,404,434,456,469,470,488,502,532,607,641
37,89,90,96,97,100,101,102,103,104,106,107,109,111,113,114,115,116,120,121,122,123,124,125,126,127,128,129,130,131,132,133,134,138,139,140,141,142,144,145,149,150,151,152,155,156,158,159,160,164,166,169,170,172,179,180,181,184,186,190,191,192,193,194,195,196,197,198,200,201,202,203,205,207,208,210,211,213,214,215,216,217,219,221,223,224,225,226,227,228,230,231,232,233,235,236,237,238,239,240,241,243,244,245,247,248,249,250,252,254,255,256,257,258,259,260,261,263,264,265,266,267,269,270,273,274,276,277,279,280,281,282,284,285,286,288,289,290,291,292,293,294,295,296,297,298,299,301,302,304,305,306,307,308,310,312,314,315,316,318,320,321,322,323,324,325,331,332,333,334,336,337,338,339,340,347,348,350,351,353,354,356,362,371,373,377,379,386,397,398,399,405,427,443,448,449,450,456,535,660
38,51,88,93,94,95,96,98,99,100,103,104,105,106,107,110,111,116,118,120,122,124,125,126,127,132,133,135,136,138,139,140,142,146,148,149,151,152,154,155,156,158,162,164,166,167,169,170,171,178,179,180,184,185,187,188,189,192,193,195,201,202,207,209,210,211,212,214,215,216,217,219,220,221,222,224,227,229,230,231,232,233,234,235,236,237,238,239,240,241,242,243,244,245,250,251,252,255,256,257,258,259,260,262,265,266,267,268,269,270,271,272,273,274,275,277,279,281,282,284,285,287,289,290,291,293,297,300,301,302,303,304,305,306,308,311,312,313,314,315,318,321,323,326,328,330,331,332,333,335,336,337,338,339,340,343,345,346,348,349,354,355,356,357,361,362,363,364,367,368,372,373,382,385,390,392,396,401,403,417,426,427,429,430,432,467,492,563
39,79,82,90,91,92,93,94,97,98,99,101,102,103,104,106,108,109,114,115,116,119,120,121,123,124,125,126,129,133,135,136,138,140,141,142,145,148,150,151,152,153,155,159,160,161,164,166,173,175,176,177,186,187,189,190,194,195,197,200,201,202,203,204,205,206,207,210,213,215,216,219,220,226,227,230,231,233,236,237,238,240,241,247,248,250,253,256,257,258,261,263,264,267,268,271,272,273,274,275,277,278,279,280,281,282,283,284,286,288,289,290,293,294,295,296,299,303,304,305,307,308,310,315,317,319,321,322,323,324,325,326,328,329,330,336,337,340,341,342,343,345,348,355,360,362,366,371,374,377,378,379,381,386,387,391,406,407,409,418,422,429,433,443,454,510
40,56,85,86,87,88,89,90,93,94,97,98,101,102,108,109,110,111,112,113,114,115,116,118,121,123,124,126,128,129,130,133,136,137,138,139,141,142,143,144,147,149,150,152,153,154,155,156,158,160,161,164,165,166,173,174,181,188,190,196,197,198,200,201,203,205,206,207,209,211,212,213,214,215,218,219,220,224,227,228,232,233,234,235,238,241,248,251,253,259,261,262,266,267,273,275,276,281,285,287,288,295,297,300,302,305,306,309,314,315,316,319,327,334,340,342,347,355,361,364,370,380,381,382,385,390,391,397,400,402,422,454,456,459,461,479,496,503,514
41,87,89,90,95,97,98,99,101,103,104,105,106,108,109,110,111,116,117,119,120,121,124,126,133,136,138,139,140,142,147,150,152,155,158,162,163,166,168,171,178,179,183,186,191,194,195,196,197,198,201,202,203,204,209,210,211,212,213,215,218,220,223,224,229,232,235,237,238,239,240,241,242,250,254,257,262,264,266,268,271,273,276,281,282,295,299,302,314,315,316,323,328,334,335,344,354,357,362,367,375,382,389,392,393,395,398,399,402,403,416,428,434,452
42,78,85,86,88,89,91,92,94,95,97,99,102,104,107,108,109,110,111,112,114,115,116,117,118,119,127,128,129,130,131,133,136,137,139,140,147,153,155,159,163,164,166,173,177,178,181,183,186,188,191,192,193,197,200,201,207,209,215,217,218,223,225,226,233,234,236,237,238,239,241,242,245,246,247,249,250,251,253,257,258,259,260,262,269,271,273,277,279,282,286,298,304,306,309,317,323,334,345,346,369,377,398,408,445,448,492,509,606
43,13,36,80,84,88,92,95,96,98,100,103,106,107,109,110,114,116,118,119,122,123,124,125,128,131,132,133,136,137,141,142,145,148,149,154,157,161,163,164,167,170,172,175,179,185,187,194,199,200,201,203,205,207,208,212,217,220,226,227,231,232,240,243,244,245,247,248,249,250,259,261,262,263,266,268,270,274,276,278,282,286,287,294,295,297,300,304,308,309,318,325,332,334,338,342,346,348,356,369,370,376,382,399,436,456,475,506
44,81,85,88,89,90,92,95,96,98,100,101,102,103,104,108,109,110,112,113,114,117,119,122,123,125,127,135,137,141,142,144,145,146,151,152,158,159,160,162,169,171,175,178,182,185,187,197,203,204,211,214,217,218,219,221,230,231,239,240,242,243,250,251,253,263,269,270,271,274,288,296,299,301,302,342,343,346,358,361,370,371,373,380,384,386,390,401,423,424,427,599
45,75,79,85,92,93,94,96,97,98,99,100,102,104,106,107,109,117,121,131,138,139,140,142,144,146,148,154,155,160,163,166,167,174,176,178,184,185,188,196,197,198,200,204,205,206,208,210,213,226,230,234,237,239,240,241,242,244,247,251,254,256,266,268,272,274,276,288,295,297,305,317,319,320,322,323,330,331,339,342,345,346,349,357,363,370,374,381,384,393,401,587,588,610
46,86,87,88,89,91,92,95,99,101,102,104,105,106,107,108,109,110,114,116,120,125,126,128,133,134,135,138,141,143,145,147,148,149,155,156,173,175,178,180,185,192,194,196,201,203,204,211,212,214,216,223,227,228,229,234,235,236,238,240,241,242,243,246,248,249,251,252,265,268,272,278,281,283,290,291,301,305,314,315,326,331,341,344,353,363,387,395,420,440,448,449,513,522,540,569,607
47,42,68,80,82,85,87,90,94,96,97,100,102,105,108,109,110,111,112,114,115,116,117,118,120,121,122,123,125,129,132,134,136,138,139,142,144,146,150,151,153,157,160,163,166,173,175,176,179,181,194,195,200,204,214,215,218,221,223,224,225,226,229,232,233,234,240,241,243,245,246,247,248,249,253,256,257,258,259,260,261,262,266,268,272,273,274,275,278,280,282,285,287,292,294,296,298,300,305,309,313,314,316,325,326,329,337,339,344,347,348,349,354,358,359,360,365,369,371,372,389,428,546
48,47,52,82,83,86,87,90,91,92,93,94,98,100,101,102,103,104,107,111,112,113,114,115,120,121,122,123,124,125,126,127,128,129,130,131,137,140,141,142,147,149,151,155,162,163,171,175,177,182,188,189,191,198,199,203,204,207,212,217,218,219,224,226,227,229,230,234,236,238,243,244,245,250,253,254,257,262,264,265,266,268,270,274,275,276,281,285,299,301,302,304,305,307,317,322,326,332,334,339,344,346,347,355,357,359,371,394,398,401,446,583
49,4,12,65,83,86,87,88,89,92,93,95,96,97,98,99,101,102,104,105,106,107,109,110,111,115,116,117,119,120,122,123,125,127,128,129,131,133,137,138,139,141,144,145,146,149,150,151,153,154,155,156,158,159,165,168,169,170,172,173,177,179,181,182,183,184,185,188,191,195,196,200,201,205,208,210,214,218,221,232,235,237,238,239,240,241,243,247,249,253,256,258,262,271,281,284,285,290,294,297,298,302,303,305,310,315,318,322,324,330,334,337,339,345,350,364,373,379,460,500,515
50,4,77,81,88,89,90,91,92,93,94,96,97,98,101,102,103,104,105,107,110,112,113,114,115,117,122,124,125,126,129,131,132,136,139,142,143,147,148,150,152,153,154,156,157,160,163,167,174,183,188,191,192,193,196,199,202,207,209,210,213,214,216,220,221,223,227,230,231,235,239,241,242,243,244,246,250,251,253,254,255,256,257,258,259,261,265,266,269,272,278,279,282,289,295,301,306,313,315,321,323,326,331,334,336,346,362,365,366,368,396,696
51,81,88,92,93,95,97,100,101,102,105,106,107,108,109,110,111,112,113,115,116,117,118,125,130,131,132,133,134,136,137,138,141,145,147,149,157,159,161,164,165,170,173,175,186,187,188,195,210,211,218,222,226,229,230,238,240,242,244,245,248,250,251,252,254,255,256,257,259,260,261,263,273,278,279,280,284,286,296,304,309,311,314,317,318,319,323,330,336,341,394,544,560,561,588,590
52,60,84,89,91,92,93,96,99,102,103,104,105,108,110,111,112,114,118,119,120,121,122,124,125,127,128,130,131,132,133,134,135,136,138,140,141,142,143,146,147,152,153,154,159,164,167,186,192,194,199,201,204,205,208,209,210,211,214,215,217,218,227,233,235,236,240,244,245,246,249,250,256,257,261,262,263,265,272,275,276,277,289,296,298,304,307,310,319,322,323,326,334,342,345,346,347,352,356,358,362,365,368,381,388,406,407
53,80,85,87,89,90,91,92,94,95,96,98,101,102,103,107,112,118,120,121,122,124,125,126,127,128,130,133,134,135,138,139,142,144,145,146,152,153,157,160,161,165,167,170,174,175,195,198,203,208,213,225,227,231,232,248,260,261,262,266,267,273,275,276,278,280,281,282,285,296,303,304,306,319,326,341,346,362,363,366,379,385,398,416,443,656
54,92,93,96,97,98,99,100,101,103,104,105,108,110,111,113,114,117,118,119,120,122,123,126,127,130,132,133,134,137,141,143,144,145,146,148,150,153,154,155,156,157,158,160,163,166,167,173,177,186,187,189,191,192,193,197,199,203,219,225,228,230,235,248,254,261,268,278,286,291,296,307,310,312,321,337,344,386
55,28,63,90,93,94,95,98,100,101,103,104,105,106,107,108,110,111,112,113,114,115,116,117,120,122,125,126,128,129,131,134,137,139,141,143,144,145,146,147,149,150,151,152,155,156,158,162,163,164,165,169,170,184,191,192,198,205,208,209,210,215,216,218,220,223,228,231,233,240,241,253,270,277,279,286,296,302,308,327,391,402,435,514,521,686
56,55,65,87,90,92,95,97,101,105,107,108,109,110,111,113,114,115,117,118,119,120,121,122,123,124,126,127,128,130,131,132,134,135,137,138,144,145,147,150,151,154,156,158,162,163,164,168,169,170,173,178,183,189,192,197,205,207,210,215,217,219,222,224,239,243,244,255,257,262,271,280,281,306,348,613
57,8,75,78,86,92,98,99,100,102,104,105,112,113,114,115,116,121,124,127,129,130,132,134,137,138,140,143,144,145,147,148,149,150,151,153,154,155,157,158,160,166,168,173,174,175,190,191,197,204,226,227,228,229,235,239,244,251,256,259,261,263,264,292,385,400,419,544
58,5,33,96,97,101,104,105,108,110,111,112,113,116,117,118,119,127,128,129,130,133,136,138,142,143,147,148,152,154,156,157,158,160,161,163,165,166,167,168,169,171,173,177,189,194,201,205,209,211,213,216,246,269,276,322,356,432,510,513,571,586,640
59,7,27,60,93,108,118,122,123,125,127,128,131,132,133,136,137,138,139,140,142,143,144,145,146,148,150,158,159,162,163,170,172,174,179,206,228,246,313,335,502,521,583
60,92,115,117,119,121,128,131,143,144,148,151,153,159,167,174,182,187,209,254,284,303,345,604,655
61,110,207,362,584
62,416,579,592
63,479
64,420,442,686
65,268
66,27,416,451,487,567
67,24,241,299,628,670,685
68,381,419,499,575,592,637,667
69,236
70,108,342,514
71,
72,
73,
74,
75,
76,
77,
78,
79,
80,
81,
82,
83,
84,
85,
86,
87,
88,
89,
90,
91,
92,
93,
94,
95,
96,
97,
98,
