3
0,586
1,82,255,335,534
2,66,85,237,363,389,486,622
3,41,71,74,75,82,83,84,85,86,88,89,90,93,95,96,97,103,105,106,107,148,172,229,284,563
4,69,71,74,75,77,78,80,81,82,83,84,85,86,87,88,89,90,91,92,93,94,95,96,97,98,99,100,101,102,103,104,105,106,107,108,109,110,111,112,114,115,116,117,118,119,120,121,122,123,124,125,126,127,128,129,130,131,132,133,134,135,136,137,138,141,144,145,150,159,172,174,176,178,184,185,187,191,193,196,197,200,207,211,537,580
5,1,82,83,85,86,87,88,89,90,91,92,93,94,95,96,97,98,99,100,101,102,103,104,105,106,107,108,109,110,111,112,113,114,115,116,117,118,119,120,121,122,123,124,125,126,127,128,129,130,131,132,133,134,135,136,137,138,139,140,141,142,143,144,145,146,147,148,149,150,151,152,153,154,155,156,157,158,159,160,161,162,163,164,165,166,167,168,169,170,171,172,173,174,175,176,177,178,179,180,181,182,183,184,185,186,187,188,189,190,191,192,193,194,195,196,197,198,199,200,201,202,203,204,205,206,207,208,209,210,211,212,213,214,215,216,217,218,219,220,221,222,223,224,225,226,227,228,229,230,231,232,233,234,235,236,238,239,240,243,244,245,246,247,248,249,252,253,254,256,257,258,259,261,263,265,266,267,269,270,271,274,275,278,282,283,285,288,295,301,304,305,307,308,310,314,322,323,325,328,339,340,345,360,361,364,418,426
6,76,77,80,81,82,84,87,88,89,90,91,92,94,95,96,97,98,99,100,101,102,103,105,106,108,109,110,111,112,113,114,115,116,117,119,120,121,125,126,127,128,129,130,131,132,133,134,135,136,137,138,139,140,141,142,143,144,145,146,147,148,150,151,152,154,155,157,158,159,160,162,163,165,167,168,169,170,171,172,173,174,175,176,177,178,179,180,181,182,183,184,185,187,188,189,190,191,192,193,194,195,196,197,198,199,200,201,202,203,204,205,206,207,208,209,210,211,212,213,214,215,216,217,218,219,220,221,222,223,224,225,226,227,228,229,230,231,232,233,234,235,236,237,238,239,240,241,242,243,244,245,246,247,248,249,250,251,252,253,254,255,256,257,258,259,260,261,262,263,264,266,267,268,269,270,271,273,274,275,276,277,278,279,280,282,283,284,285,286,287,288,289,290,291,292,293,294,295,296,297,298,299,300,301,302,303,304,308,309,310,312,313,317,318,319,320,322,324,326,327,329,330,331,332,333,335,336,337,338,339,340,342,343,344,345,346,347,349,350,352,353,355,359,361,362,364,371,372,379,380,390,391,403,472,524,548
7,79,80,81,82,83,85,86,87,88,89,90,91,92,93,94,96,97,98,99,100,101,102,103,104,105,106,107,109,110,111,112,113,114,115,116,117,118,119,120,121,122,123,124,125,126,128,129,130,131,132,134,135,136,138,139,140,142,143,145,146,149,150,156,158,159,160,161,162,163,164,166,167,169,170,171,172,173,174,175,176,177,178,179,180,182,183,185,186,187,188,189,190,191,192,193,194,195,196,197,198,199,200,201,202,203,204,205,206,207,208,209,210,211,212,213,214,215,216,217,218,219,220,221,222,223,224,225,226,227,228,229,231,232,233,235,236,237,238,240,241,242,243,245,246,247,248,249,250,251,252,253,254,255,256,258,259,260,262,263,264,265,266,267,268,269,271,272,273,274,275,276,277,279,280,282,283,284,285,286,287,289,290,291,292,293,294,295,296,297,298,299,300,301,302,303,304,305,306,308,310,312,313,314,316,317,320,325,326,332,334,335,336,337,341,342,346,349,351,356,358,362,363,364,365,366,369,381,383,387,389,415,441,459,499,526
8,79,81,83,84,85,86,87,89,90,91,92,93,94,95,96,97,98,99,100,102,104,105,106,108,109,110,111,112,113,114,115,116,117,118,119,120,121,122,123,125,128,129,130,131,132,133,135,137,138,139,140,141,142,143,144,146,147,149,150,151,156,161,162,165,166,167,168,169,170,171,172,173,174,175,176,177,178,179,180,181,182,183,184,185,186,187,188,189,190,193,194,195,196,197,198,199,202,203,204,206,207,208,209,210,211,212,213,214,215,216,217,218,219,220,221,223,224,225,226,227,228,229,230,232,233,234,235,236,237,239,240,241,242,243,244,245,246,247,248,249,250,251,252,253,254,255,256,257,259,260,261,262,263,264,265,266,268,269,270,272,273,274,275,276,278,279,280,281,282,283,284,287,289,290,292,295,296,297,299,300,303,304,305,306,308,309,310,311,313,319,320,322,323,324,326,333,334,342,343,347,348,349,351,352,354,355,356,357,360,361,362,363,366,368,372,374,382,398,416,422,428,429,430,493,585
9,41,50,61,75,79,82,84,86,87,88,91,92,93,94,96,97,98,99,100,102,103,104,105,106,107,108,109,111,114,115,116,117,118,119,120,121,122,123,125,126,127,128,129,130,131,132,133,134,135,136,138,142,143,145,146,148,151,152,154,155,156,159,160,161,165,167,169,172,173,175,177,178,179,180,181,182,184,185,186,188,189,190,191,192,193,194,195,196,197,198,200,201,202,203,204,205,206,207,208,209,211,213,215,217,221,223,228,229,230,232,234,235,237,238,239,240,242,243,244,245,248,250,252,254,255,256,259,261,262,264,265,266,267,268,269,270,271,272,273,274,276,277,278,279,281,283,284,285,286,289,294,295,297,298,300,301,302,303,304,305,308,310,311,312,314,315,316,317,325,326,328,329,330,331,332,334,345,346,347,349,351,353,356,357,358,359,361,362,368,369,371,372,373,374,375,378,385,386,387,389,391,392,404,406,410,414,416,423,448,454,461,473,475,530,552
10,18,75,78,80,82,83,84,85,87,89,90,91,92,93,94,95,96,98,99,100,102,103,104,105,106,107,108,109,110,111,112,113,114,115,116,117,118,119,120,121,124,125,126,127,128,129,130,131,132,133,134,135,137,138,139,140,141,142,143,144,145,146,149,150,152,154,155,156,159,162,163,164,166,170,171,172,173,175,176,177,179,180,182,183,184,185,186,187,188,189,190,191,192,193,194,197,198,199,200,202,203,205,207,208,210,212,213,214,215,216,217,218,220,222,223,224,225,226,227,228,229,230,232,234,235,236,237,239,240,241,243,245,246,247,248,253,254,255,257,258,261,264,265,266,267,268,271,272,273,275,277,278,281,282,283,284,293,296,297,299,300,302,303,306,311,312,313,314,315,316,319,321,322,323,324,325,326,330,332,333,335,339,341,342,345,346,354,358,363,366,379,383,386,387,397,399,403,405,407,415,448,452,476,477,598
11,8,77,79,80,81,82,83,84,85,86,88,90,91,92,93,94,98,99,100,101,102,105,106,108,109,110,111,112,113,114,115,116,117,119,120,121,122,123,124,127,128,129,130,131,132,133,134,135,136,137,138,139,141,143,144,146,147,148,149,150,151,152,154,155,156,157,162,164,166,167,173,174,175,176,177,178,179,180,181,183,184,186,187,188,189,190,191,192,193,194,195,199,201,202,203,204,205,206,207,208,209,211,214,215,216,217,218,219,220,221,223,225,226,227,228,229,230,232,234,235,236,238,239,240,242,243,244,245,246,247,248,249,250,251,252,253,254,256,257,258,259,260,262,263,264,266,267,269,271,275,276,279,283,285,286,287,288,289,290,292,293,294,297,302,304,305,307,311,312,313,315,316,318,328,329,330,333,338,340,342,347,359,363,372,378,379,381,389,394,418,420,427,435,444,483
12,75,78,80,81,82,83,84,87,88,89,90,91,92,93,94,95,96,97,98,99,100,101,102,103,104,105,106,107,108,111,112,113,115,116,118,119,120,121,122,123,124,125,126,127,128,130,131,132,133,134,136,137,138,139,140,141,142,143,144,145,147,149,150,151,152,153,155,156,158,159,160,161,162,174,175,177,180,181,182,183,184,186,187,189,190,191,192,198,200,201,202,207,209,210,212,213,215,216,217,218,219,221,222,223,224,225,227,229,230,232,234,235,236,239,242,243,244,247,249,251,252,255,256,257,258,261,264,271,272,273,277,280,282,285,287,289,292,293,295,296,297,299,302,303,307,310,311,314,320,321,324,331,333,336,344,350,357,363,380,394,410,414,416
13,73,75,76,78,80,81,82,84,85,86,87,88,89,90,91,92,93,94,95,96,97,98,99,100,101,102,103,104,105,107,109,110,111,112,113,114,115,116,117,118,119,120,122,123,124,125,126,127,128,129,130,132,135,138,139,140,142,143,144,145,146,147,148,149,151,152,153,154,155,156,157,158,159,160,161,164,165,166,168,171,172,173,176,183,185,186,187,188,189,191,192,193,195,196,197,198,202,203,204,208,209,214,215,216,217,220,221,223,224,225,226,227,228,229,232,233,235,236,237,239,240,244,253,254,255,257,258,263,264,266,267,269,275,278,285,289,291,292,300,301,303,313,318,321,322,323,337,341,346,348,357,381,382,387,391,403,407,419,449,451
14,69,78,80,81,84,85,86,87,88,90,91,92,93,94,95,96,97,98,99,100,101,102,103,104,105,106,107,108,109,110,111,112,113,114,116,117,119,120,122,123,124,125,126,127,128,129,130,131,132,133,134,135,136,138,142,143,144,145,146,147,148,149,150,151,153,154,155,156,159,160,161,162,164,166,168,174,175,176,177,178,180,181,183,184,186,187,188,189,190,192,193,194,195,197,199,200,201,202,203,205,206,207,208,210,212,214,215,217,218,220,223,225,226,227,229,230,234,235,238,241,245,248,253,256,257,260,261,262,266,267,271,274,278,279,280,281,295,296,297,298,300,302,304,307,316,323,327,335,338,342,350,357,368,378,394,401,410,420,422,440,500,594
15,69,79,80,81,82,83,85,87,88,89,90,91,93,94,95,96,98,100,101,102,103,104,105,106,107,108,109,110,111,112,113,114,115,116,117,118,119,120,121,122,123,124,125,126,127,128,129,130,131,132,133,134,135,136,137,138,139,140,141,142,143,144,145,146,148,151,152,154,155,156,157,159,160,161,162,164,166,168,172,174,175,177,180,182,183,187,188,190,191,192,196,197,198,199,203,208,212,213,216,218,220,223,224,227,229,230,232,233,235,236,237,238,239,240,244,246,248,249,250,251,252,254,255,260,264,269,271,272,275,276,279,280,282,283,285,287,288,290,291,299,301,305,307,309,316,317,327,336,337,340,351,392,405,422,460,503
16,73,76,79,80,81,82,83,84,85,87,88,90,91,92,93,94,95,96,97,98,99,100,103,104,106,107,108,110,111,112,113,114,115,116,117,119,120,121,122,123,125,127,128,129,130,131,133,134,135,136,137,138,141,142,144,145,148,149,150,153,155,156,157,158,159,160,162,164,165,166,168,172,174,175,177,179,182,183,184,185,189,192,193,197,199,203,206,208,213,217,220,224,225,228,230,231,232,234,235,238,239,243,244,245,246,248,250,252,254,256,257,263,264,265,266,267,268,270,279,287,290,291,293,298,299,305,306,309,313,317,324,327,333,336,339,353,367,416,428,429,430,445,456,460,462,472,492,497,502,534
17,18,74,78,79,80,81,82,83,84,85,86,87,88,89,90,92,93,94,95,96,97,98,99,100,101,102,103,104,105,106,107,108,109,110,111,113,114,115,116,117,118,120,121,122,124,125,126,128,129,130,131,132,134,135,136,138,139,140,141,142,144,145,146,147,148,149,150,152,153,154,155,156,157,159,161,163,164,165,168,170,171,173,176,177,179,180,181,191,193,196,198,199,202,203,204,205,207,213,216,221,222,223,224,225,230,231,232,233,236,237,241,242,244,247,249,252,255,260,261,267,268,275,280,281,282,283,286,287,293,294,297,306,327,346,348,361,374,414,423,425,426,427,433,440,441,445,461,467,487,494,509,512,515,527,562,567,603,605,646
18,35,80,81,82,83,85,86,87,88,89,90,91,92,93,94,95,96,97,98,100,102,103,104,106,107,108,109,110,111,113,114,115,116,117,118,120,121,122,123,124,125,127,128,129,130,131,133,135,136,137,139,140,141,142,143,144,145,146,147,148,149,150,151,154,155,158,159,161,162,163,164,165,166,168,169,170,172,174,175,176,178,179,180,181,182,183,184,185,186,187,191,195,196,197,198,204,206,208,209,210,220,222,226,228,231,232,233,237,238,243,246,254,257,260,266,271,279,285,286,288,295,296,303,306,319,342,360,363,396,402,422,424,432,439,448,452,472,474,517,609
19,73,75,78,82,83,84,85,86,87,88,90,91,92,93,94,95,96,97,98,99,101,102,103,104,105,108,109,111,113,114,115,116,117,118,119,120,121,123,124,125,127,129,130,133,135,136,137,142,143,144,146,148,149,150,151,152,153,155,156,157,158,159,160,162,165,167,171,172,175,183,186,187,189,190,192,194,195,196,198,205,212,216,217,219,226,230,237,238,239,240,244,248,252,253,259,263,264,266,273,275,279,280,286,288,290,293,307,313,314,315,323,324,335,340,342,343,352,392,398,433,438,441,456,460,468,481,485,503,604
20,6,38,39,74,76,78,80,81,82,83,84,85,87,88,89,90,91,92,93,95,96,97,98,99,100,101,102,103,104,106,107,108,109,110,111,112,113,114,116,118,120,121,122,123,124,125,126,127,128,129,130,132,133,134,135,136,137,138,140,141,142,144,145,147,148,151,152,153,154,156,157,158,159,160,161,162,164,166,168,174,176,178,181,182,184,185,186,187,188,189,193,196,198,199,200,201,202,203,205,206,207,209,211,212,213,214,217,220,221,222,225,226,227,230,232,234,237,248,253,254,258,259,262,267,268,273,275,277,289,290,296,305,307,310,311,315,338,350,384,428,446,453,461,485,486,526,552
21,70,75,77,78,79,80,81,82,83,85,86,87,89,90,91,92,93,94,95,96,97,98,99,100,101,103,104,105,106,109,110,111,112,113,114,115,116,117,118,119,120,123,124,125,126,127,131,132,133,134,136,137,138,139,140,141,142,143,145,146,147,150,151,152,153,156,158,159,161,162,163,166,167,171,175,176,181,182,185,186,188,189,191,195,196,198,201,202,204,206,207,208,209,210,211,213,215,217,218,219,222,225,226,227,228,231,236,237,239,241,242,244,249,250,252,262,263,268,269,270,275,277,279,283,285,299,309,320,335,339,345,352,370,377,380,396,432,469,630,632,642
22,71,73,75,76,77,80,82,83,87,88,89,90,92,93,95,96,98,99,100,101,102,103,104,105,108,109,110,111,113,114,118,119,120,121,122,124,125,126,127,128,129,130,132,134,135,137,138,139,140,141,143,144,146,147,149,150,152,153,155,157,158,160,162,163,165,167,168,169,171,172,175,178,179,180,181,183,185,187,188,190,191,192,194,195,197,198,199,200,203,204,205,207,208,209,211,214,216,218,222,223,224,226,227,228,229,233,234,238,241,248,249,253,257,259,260,263,266,267,268,274,275,281,287,292,293,294,305,308,332,376,382,415,438,530,532,613,626
23,72,73,78,80,81,82,83,85,86,87,88,90,91,92,93,94,95,96,97,98,99,100,101,102,103,104,105,106,107,109,110,111,113,116,117,119,121,122,123,124,125,126,128,129,130,131,132,133,134,136,137,138,139,141,142,143,144,145,146,147,148,150,151,152,153,155,156,157,158,159,160,163,164,165,166,168,169,170,171,173,174,177,178,181,183,185,186,187,188,196,197,199,200,201,202,203,204,207,210,211,214,215,216,218,219,222,223,224,225,228,234,236,237,241,242,245,247,248,250,253,256,259,261,263,266,269,270,275,277,284,287,289,294,304,308,309,311,313,315,318,323,329,330,340,343,347,350,379,506,511
24,73,78,81,83,84,85,86,87,88,89,91,92,93,94,98,101,102,103,105,106,107,108,109,110,113,114,115,116,117,118,120,122,123,124,125,127,128,129,130,131,133,134,136,137,138,139,140,142,143,144,146,147,148,149,150,151,152,153,154,155,156,158,159,160,161,163,169,170,172,173,175,177,178,180,181,183,184,186,189,191,192,194,196,199,201,202,203,204,205,206,208,209,210,211,212,213,215,219,220,221,222,224,226,227,232,233,234,240,241,247,250,254,256,261,262,263,264,270,272,274,290,294,298,304,307,308,314,316,320,326,330,337,359,393,397,513,553,574,676
25,47,75,76,79,81,82,83,84,86,87,88,89,90,92,93,94,95,96,97,98,99,101,102,103,104,105,107,108,109,110,111,112,113,114,115,116,117,118,119,120,121,122,123,124,125,126,127,130,131,132,136,137,138,139,141,142,143,144,145,146,148,149,150,152,153,155,156,158,159,160,161,162,163,164,165,168,176,178,179,180,181,183,184,190,191,193,194,196,197,198,199,200,201,202,203,205,206,207,208,209,210,212,213,216,220,221,224,225,230,232,235,236,240,244,246,254,255,257,260,267,269,271,272,273,277,280,281,288,290,291,292,298,303,305,317,321,336,348,365,429,441,444,538,653,686
26,71,73,75,77,78,79,82,83,86,87,88,89,92,93,94,96,97,98,99,100,101,103,104,105,106,107,108,109,110,111,113,114,115,116,117,119,120,121,122,123,124,125,126,127,129,130,132,133,134,135,137,138,139,140,141,142,143,144,145,146,147,148,153,154,155,156,158,159,160,161,164,165,167,168,169,170,173,175,177,178,179,180,182,184,185,186,187,188,190,191,192,194,195,196,197,198,199,201,202,203,204,205,206,212,213,214,218,219,225,228,234,235,245,246,247,251,266,270,278,280,283,287,288,294,299,305,311,312,313,317,326,345,382,403,415,605,688
27,69,71,77,80,82,83,84,85,86,89,90,92,93,94,95,97,99,100,101,102,103,105,106,107,108,110,111,112,113,115,116,117,119,124,125,126,129,130,131,132,134,135,136,137,139,141,144,145,147,149,150,153,156,159,162,164,166,167,173,175,178,182,183,184,186,187,188,190,193,195,196,197,198,201,202,203,205,208,209,210,211,213,214,215,216,217,218,219,220,223,227,230,234,236,238,240,243,246,248,257,261,262,270,276,277,278,283,285,286,304,330,336,349,368,371,463,510
28,77,81,82,83,87,89,91,94,95,96,98,99,100,101,103,104,105,107,108,109,110,111,112,113,114,116,118,119,120,123,125,127,128,129,130,131,132,135,137,139,140,143,144,145,146,148,149,150,162,164,172,176,177,180,182,184,185,186,191,192,194,195,197,198,199,200,201,202,203,205,206,208,209,211,214,217,218,220,221,222,223,225,226,228,232,233,236,238,240,244,245,246,247,253,259,264,266,273,275,278,279,282,287,292,293,294,299,304,309,314,318,330,331,332,336,347,352,353,368,374,376,408,442,527,675
29,73,76,77,78,79,80,82,83,84,85,86,87,88,89,90,92,93,94,97,99,100,101,102,103,104,105,106,110,111,112,113,114,118,120,121,122,123,126,127,128,129,130,131,133,134,135,137,138,139,140,142,145,147,148,151,152,154,155,156,157,158,159,160,161,163,166,167,169,171,173,174,175,176,177,178,180,181,182,183,186,187,188,190,193,194,195,196,197,198,200,201,203,205,210,216,220,222,226,228,229,230,244,248,252,254,257,258,261,262,265,266,270,271,274,276,278,282,283,287,288,291,292,294,297,300,306,308,311,314,315,317,322,329,343,348,359,608
30,76,77,78,79,81,83,84,85,86,88,89,90,91,92,93,94,95,96,97,99,100,101,102,103,105,109,110,112,113,114,115,116,117,119,120,121,123,124,125,126,127,128,129,131,132,133,134,135,136,137,139,141,142,143,145,147,148,149,151,153,156,157,158,161,162,164,165,166,169,173,174,176,177,178,181,184,189,191,192,193,196,197,198,199,200,201,202,207,209,211,214,217,219,220,221,224,226,231,233,235,240,246,247,254,256,260,271,272,273,275,276,283,284,285,299,302,309,321,328,329,335,347,448,479
31,70,72,73,78,80,81,83,84,85,86,87,89,90,91,92,93,94,95,96,98,99,100,101,102,103,105,106,107,108,112,113,114,115,117,123,124,125,127,128,129,130,131,132,134,135,136,137,138,140,142,144,145,146,147,149,152,153,154,156,157,158,161,162,165,166,168,169,171,172,174,175,176,179,181,184,185,186,193,194,196,205,206,209,210,213,216,220,223,225,227,229,231,233,234,236,237,245,247,255,263,268,269,270,272,284,288,302,303,314,338,341,351,352,358,370,407,431,458,482,666
32,74,75,77,79,81,82,83,85,87,90,91,92,93,94,95,96,97,98,99,100,101,102,103,104,105,106,108,109,111,112,113,114,115,116,118,119,121,122,123,125,126,128,129,130,131,132,133,134,136,140,141,142,143,144,146,149,151,152,157,162,166,167,168,170,171,172,173,174,176,177,179,180,181,182,183,184,186,187,188,191,192,196,199,200,201,202,207,210,211,214,216,219,221,223,224,231,232,237,240,242,249,251,252,256,261,263,264,265,267,270,275,277,279,281,286,287,290,291,304,305,308,313,316,338,343,351,367,368,379,672
33,68,76,81,84,85,91,92,93,94,95,96,97,98,100,103,105,106,107,108,109,110,111,112,113,114,116,117,118,119,121,122,123,124,126,127,128,130,132,133,134,136,137,139,141,142,144,145,146,149,150,152,157,158,160,164,166,170,171,173,174,175,176,178,179,180,181,185,186,188,189,190,191,192,197,201,206,207,209,210,211,213,216,217,219,220,228,229,233,237,246,254,255,257,263,266,267,270,271,274,276,288,307,312,317,319,325,334,354,378,404,407,445,451,553,699
34,77,78,83,85,88,90,91,92,93,94,95,96,99,100,102,103,104,105,106,110,111,113,114,118,121,122,123,124,126,128,129,130,131,133,134,139,140,141,142,144,146,148,151,152,153,154,155,156,157,159,163,165,169,170,172,177,178,180,181,186,188,189,192,194,195,200,201,204,207,210,212,214,215,217,219,222,224,233,234,237,238,240,242,254,255,256,267,268,270,271,275,284,292,296,301,304,306,311,320,343,350,355,383,401,647
35,30,78,79,80,82,86,89,91,93,94,95,97,99,102,103,104,107,108,109,113,115,117,122,124,127,128,130,132,134,136,137,138,140,142,144,145,146,149,151,152,154,161,164,169,170,173,179,180,184,186,189,190,195,201,205,208,210,214,215,216,217,218,219,220,221,222,224,226,227,230,233,234,236,237,239,242,244,246,256,259,262,265,269,277,280,285,301,303,311,317,326,331,354,366,395,448,554
36,27,37,77,83,87,88,89,91,92,96,97,98,99,101,102,103,104,107,108,109,110,112,113,114,115,116,117,120,121,122,124,125,127,128,135,139,141,147,149,150,153,154,166,167,171,174,180,183,185,191,193,194,195,196,197,202,203,206,207,209,213,216,219,222,225,227,232,234,235,240,241,243,246,250,252,268,271,274,275,278,280,284,319,329,443,486,616,649
37,54,84,89,91,93,94,95,98,99,100,102,103,104,105,106,108,109,112,114,115,116,117,118,119,120,124,125,126,127,132,134,137,139,141,142,144,145,146,147,149,150,154,156,158,162,165,166,170,183,186,189,191,196,200,203,205,211,212,213,214,215,218,222,226,227,230,232,236,244,248,254,261,265,270,271,276,277,284,285,290,303,308,311,315,332,367,389,392,406
38,53,78,82,95,96,97,98,101,102,103,104,108,109,110,112,113,115,116,120,121,123,125,126,132,133,135,138,139,141,142,144,147,149,152,155,163,166,169,171,182,186,187,200,203,204,211,217,221,223,224,227,232,235,248,249,251,255,267,270,281,288,297,300,333,342,345,348,386,446,469,607
39,92,94,97,99,100,103,104,106,109,111,114,117,125,126,128,131,133,135,137,138,139,140,141,143,148,149,150,151,153,154,155,157,158,159,161,162,163,164,165,166,167,168,183,188,191,193,198,201,203,204,210,214,222,242,306,307,326,347,413,445,636
40,100,101,102,103,106,108,109,111,112,113,116,118,119,133,134,135,138,139,140,141,142,147,154,157,168,185,188,195,207,211,237,339,611
41,120,124,128,129,136,165,189,237,239,270,392,455,481,530,571,608,636,641,668
42,22,139,314,346,419,497,595,626,660
43,175,535,686
44,170,329,331,449,452,461,492,534
45,406,679
46,31,386,405,560
47,34,36,220,363,378,428,472
48,327,488
49,238,431,597
50,373,392,396,461,591,625,652
51,462,474,491,532,633,699
52,329,563
53,13,44,297,392,395,414,688
54,20,450,534
55,206,398,451,455,582
56,394,451,458,535,674,675
57,56,237,464,646,660
58,28,62,188,312,370,471,475,543,691
59,43,161,554
60,
61,
62,
63,
64,
65,
66,
67,
68,
69,
70,
71,
72,
73,
74,
75,
76,
77,
78,
79,
80,
81,
82,
83,
84,
85,
86,
87,
88,
89,
90,
91,
92,
93,
94,
95,
96,
97,
98,
