15
0,679
1,35,119,190,505
2,42,112,114,226,333,351,496
3,8,213,478,686
4,252,379
5,65,200,211,305,330,369,421,470,547,574,616,643
6,15,144,186,189,406,445,578
7,70,218,220,239,381,385,497,536,647
8,131,150,287,362,425,452,453,472,504,511
9,116,130,227,239,267,520,546,590,613,622
10,59,127,170,291,497
11,110,134,248,420,550
12,117,255,447,499,527,617,673
13,188,215,316,582
14,116,234,328,448,532,583,639,641
15,16,158,262,559,572,609,627
16,8,106,118,407,501
17,49,123,164,172,274,325,411,457,480,558,582,675
18,23,42,43,44,45,46,47,50,51,52,53,59,60,62,66,72,73,77,118,119,265,271,439,442,526,649,664
19,8,37,41,42,44,45,46,47,48,49,50,51,52,53,54,55,56,57,58,59,60,61,62,63,64,65,66,67,68,69,70,71,72,73,75,77,78,79,82,84,85,87,91,456
20,34,36,37,38,39,40,41,42,43,44,45,46,47,48,49,50,51,52,53,54,55,56,57,58,59,60,61,62,63,64,65,66,67,68,69,70,71,72,73,74,75,76,77,78,79,80,81,82,83,84,85,86,87,88,89,90,91,92,93,94,95,96,97,98,99,101,102,108,109,110,111,117,119,139,150,197,286,518,659
21,4,19,32,33,35,38,40,41,43,44,45,46,47,48,49,50,51,52,53,54,55,56,57,58,59,60,61,62,63,64,65,66,67,68,69,70,71,72,73,74,75,76,77,78,79,80,81,82,83,84,85,86,87,88,89,90,91,92,93,94,95,96,97,98,99,100,101,102,103,104,105,106,107,108,109,110,111,112,113,114,115,116,117,118,119,120,121,122,123,124,125,126,127,128,129,130,131,132,133,134,135,136,137,138,139,140,141,142,143,144,145,146,147,148,149,151,152,155,156,157,158,159,160,161,162,163,164,165,166,167,168,169,171,172,173,174,176,177,178,179,180,184,185,189,195,196,245,270,294,298,411,493,640,698
22,35,38,40,41,42,44,45,47,48,49,50,51,52,53,54,55,56,57,58,59,60,61,62,63,64,65,66,67,68,69,70,71,72,73,74,75,76,77,78,79,80,81,82,83,84,85,86,87,88,89,90,91,92,93,94,95,96,97,98,99,100,101,102,103,104,105,106,107,108,109,110,111,112,113,114,115,116,117,118,119,120,121,122,123,124,125,126,127,128,129,130,131,132,133,134,135,136,137,138,139,140,141,142,143,144,145,146,147,148,149,150,151,152,153,154,155,156,157,158,159,160,161,162,163,164,165,166,167,168,169,170,171,172,173,174,175,176,177,178,179,180,181,182,183,184,185,186,187,188,189,190,191,192,193,194,195,196,197,198,199,200,201,202,203,204,205,206,207,208,209,210,211,212,213,214,215,216,217,218,219,220,221,222,223,224,225,226,227,228,229,230,231,232,233,234,235,236,237,238,239,240,241,242,243,244,245,246,247,248,249,250,251,252,253,254,255,256,257,258,259,260,261,262,263,264,265,266,267,269,270,271,272,273,274,275,276,277,278,279,280,281,283,286,287,288,289,290,291,293,294,296,298,299,300,301,302,303,304,305,306,307,308,310,311,316,317,319,320,321,322,323,326,328,329,330,331,332,334,337,338,340,342,344,346,348,349,350,351,353,355,358,361,362,365,373,381,383,387,389,394,412,416,469,595,655
23,33,36,37,38,41,45,46,47,50,51,52,53,54,55,56,57,58,59,60,61,62,63,64,65,66,67,68,69,70,71,72,73,74,75,76,77,78,79,80,81,82,83,84,85,86,87,88,89,90,91,92,93,94,95,96,97,98,99,100,101,102,103,104,105,106,107,108,109,110,111,112,113,115,116,117,118,119,120,121,122,123,124,125,126,127,128,129,130,131,132,133,134,135,136,137,138,139,140,141,142,143,144,145,146,147,149,150,151,152,153,154,155,156,157,158,159,160,161,162,163,164,165,166,167,168,169,170,171,172,173,174,175,176,177,178,179,180,181,182,183,184,185,186,187,188,189,190,191,192,193,194,195,196,197,198,199,200,201,202,203,204,205,206,207,208,209,210,211,212,213,214,215,216,217,218,219,220,221,222,223,224,225,226,227,228,229,230,231,232,233,234,235,236,237,238,239,240,241,242,243,244,245,246,247,248,249,250,251,252,253,254,255,256,257,258,259,260,261,262,263,264,265,266,267,268,269,270,271,272,273,274,276,277,278,279,280,281,282,283,284,285,286,287,289,290,291,293,294,295,296,297,298,299,300,301,302,303,304,306,307,308,310,311,312,313,314,315,316,318,321,324,325,326,328,330,332,335,339,340,344,352,355,356,359,369,374,375,384,389,391,403,404,468,512,542
24,4,42,43,44,45,46,47,48,49,50,51,52,53,54,55,56,57,58,59,60,61,62,63,64,65,66,67,68,69,70,71,72,73,74,75,76,77,78,79,80,81,82,83,84,85,86,87,88,89,91,92,93,94,95,96,97,98,100,101,102,103,104,105,106,107,108,109,110,111,112,113,114,115,116,117,118,119,120,121,122,123,124,125,126,127,128,129,130,131,132,133,134,135,136,137,138,139,140,141,142,143,144,145,146,147,148,149,150,151,152,153,154,155,156,157,158,159,160,161,162,163,164,165,166,167,168,169,170,171,172,173,174,175,177,178,179,180,181,182,183,184,185,186,187,189,190,191,192,193,194,195,196,197,198,199,200,202,203,204,205,206,207,208,209,210,211,212,213,214,215,216,217,218,219,220,221,222,223,224,225,226,227,228,229,230,231,232,233,234,235,236,237,238,239,240,241,242,243,244,245,246,247,248,249,250,251,252,253,255,256,257,258,259,260,261,262,263,264,266,267,268,269,270,271,272,273,274,275,276,277,278,279,280,281,282,283,284,285,286,287,288,289,290,291,292,293,294,295,296,297,298,300,301,302,303,304,305,306,308,309,310,311,313,314,315,316,317,318,319,320,321,322,323,325,326,330,332,333,334,335,337,338,341,342,344,346,347,348,350,351,352,353,354,356,360,362,364,367,368,369,370,371,375,385,396,402,406,409,410,440,458,489,492,494,521,616,641
25,41,44,47,48,49,50,51,52,53,54,55,56,57,58,59,60,61,62,63,64,65,66,67,68,69,70,71,72,73,74,75,76,77,78,79,80,81,82,83,84,85,86,87,88,89,90,91,92,93,94,95,96,97,98,99,100,101,102,103,104,105,106,107,108,109,110,111,112,113,115,116,117,118,119,121,122,123,124,125,126,127,128,129,130,131,132,133,134,135,137,138,139,140,141,142,143,144,145,147,148,149,150,151,152,153,154,155,156,157,158,159,160,161,164,165,166,167,168,169,170,171,172,173,174,177,180,181,182,183,184,185,186,187,188,189,190,191,192,193,194,195,196,197,198,199,200,201,202,203,204,205,206,207,208,209,210,211,212,213,214,215,216,217,218,219,220,221,222,223,224,225,226,227,228,229,230,231,233,234,235,236,237,238,239,240,242,243,244,245,246,248,251,252,253,254,255,256,261,264,265,267,270,271,272,275,277,279,280,281,282,283,284,285,286,287,288,289,290,291,292,293,294,295,296,299,301,302,303,304,306,308,310,311,312,313,314,315,316,319,320,321,322,323,324,327,328,329,330,332,340,341,342,344,345,349,351,354,358,359,360,362,363,366,370,376,377,382,395,401,411,429,495,551,617
26,11,37,44,47,48,49,50,52,53,54,55,56,57,58,59,60,61,62,63,64,65,66,67,68,69,70,71,72,73,74,75,76,77,78,79,80,81,82,83,84,85,86,87,88,89,90,91,92,93,94,95,96,97,98,99,100,101,102,103,104,105,106,107,108,109,110,113,114,116,117,118,119,120,123,124,125,126,127,128,130,131,132,133,134,135,136,137,138,139,140,141,142,143,144,145,146,147,148,149,150,151,153,154,155,156,157,159,160,161,162,163,164,165,166,167,168,169,170,171,172,173,174,175,176,177,178,179,180,181,182,183,185,186,187,188,189,190,191,192,193,194,195,196,197,198,199,200,201,202,204,205,206,207,209,210,211,212,213,214,215,216,217,218,219,220,221,222,223,224,225,226,227,228,229,230,231,232,233,234,235,236,237,238,240,241,242,243,244,246,247,248,249,250,251,252,253,254,255,256,257,259,260,261,262,264,265,266,267,268,269,270,272,274,280,282,283,284,285,288,289,290,291,292,293,294,296,297,299,300,301,302,303,305,307,308,309,311,314,316,319,322,324,327,328,329,331,333,334,335,336,337,338,339,345,346,347,348,350,351,352,362,363,365,366,367,379,384,393,408,409,413,421,426,427,460,471,541
27,36,44,47,49,50,51,52,53,54,55,56,57,58,59,60,61,62,63,64,65,66,67,68,69,70,71,72,73,74,75,76,79,80,81,82,83,84,85,86,87,88,90,91,92,93,94,95,96,97,98,99,100,101,102,103,104,105,106,107,108,109,110,111,112,113,114,115,116,117,118,119,120,121,122,123,124,125,126,127,128,129,130,131,132,133,134,135,136,137,139,141,144,145,146,147,148,149,150,151,152,153,154,155,156,157,158,159,161,162,163,164,165,166,167,168,169,171,172,173,174,175,176,177,178,179,180,181,182,183,185,186,187,188,189,190,192,193,194,195,196,198,199,200,201,202,203,204,206,207,208,209,211,212,215,216,219,220,221,222,223,225,227,229,230,232,233,234,236,237,238,239,240,242,243,244,245,246,247,249,250,251,252,253,254,255,256,257,258,259,260,261,262,263,264,265,266,268,269,270,271,272,273,274,275,276,277,278,279,280,281,282,283,284,285,287,289,290,291,293,294,295,296,298,300,302,304,306,307,308,309,311,312,313,314,315,318,319,322,323,324,325,328,330,331,332,333,334,335,336,337,338,344,345,348,354,357,363,365,366,368,371,372,379,383,393,397,400,408,422,465,487,529,544
28,44,46,47,48,49,50,51,52,53,54,55,56,57,58,59,60,61,62,63,64,65,66,67,68,69,70,71,72,74,75,76,77,78,79,80,81,83,84,86,87,88,89,90,92,93,94,95,96,97,98,99,100,101,102,103,104,105,106,107,108,109,110,111,113,114,115,117,118,119,120,121,122,123,124,125,126,127,128,129,131,132,133,134,135,136,138,139,140,141,142,143,144,145,146,147,149,151,152,153,155,158,159,160,161,162,163,164,165,166,167,169,170,171,172,174,175,176,177,178,179,180,181,182,184,185,186,187,188,189,190,191,192,193,194,195,196,197,198,199,200,201,202,203,204,205,206,207,208,209,210,211,212,213,214,215,216,217,218,219,220,221,222,223,224,225,226,227,228,229,230,231,232,233,234,235,236,237,238,239,240,241,242,243,245,247,248,249,250,251,253,254,255,256,257,258,259,261,262,263,265,267,268,270,272,275,276,277,278,279,281,282,283,284,286,287,291,292,293,295,296,298,299,300,301,302,303,304,305,306,307,309,312,316,318,324,325,334,336,338,341,343,347,351,354,355,360,363,366,369,371,375,378,395,397,403,404,405,409,412,417,434,450,454,467,468,480,555,652,678
29,30,41,42,43,47,49,50,52,53,54,56,57,58,59,60,61,62,63,64,65,66,67,68,69,70,71,72,73,74,75,76,77,78,79,80,81,82,83,84,85,86,87,88,89,90,91,92,93,94,96,97,98,99,100,102,103,105,106,107,108,109,110,111,113,115,116,117,118,119,120,122,123,124,127,128,130,131,132,134,136,137,138,139,141,143,145,146,147,148,149,150,151,152,153,154,155,157,158,159,160,161,163,164,165,166,167,168,169,170,171,172,173,174,175,176,178,179,180,181,182,184,186,187,189,190,191,192,193,194,195,196,197,198,199,200,201,202,203,204,205,206,207,208,209,210,211,212,213,214,215,216,217,218,219,220,221,222,223,224,225,226,228,229,230,231,233,234,235,236,237,238,241,242,243,244,245,246,247,249,250,251,252,253,254,255,257,258,262,263,264,266,267,268,269,270,273,274,275,276,278,279,280,281,284,285,286,287,289,290,291,292,295,296,299,300,303,304,310,312,316,317,320,326,327,328,329,331,333,336,342,354,359,364,367,370,373,374,379,381,382,394,408,419,420,423,440,450,460,467,495,576,617
30,41,45,46,47,48,49,50,51,52,53,54,55,56,57,58,59,60,61,62,63,64,65,66,67,68,69,70,72,73,74,75,76,77,78,80,81,82,83,84,85,86,88,89,90,91,92,94,95,96,97,98,99,100,101,102,103,104,106,107,108,109,110,111,113,115,116,117,118,119,120,121,122,124,125,126,127,128,129,130,131,132,133,134,136,138,139,140,141,142,143,144,145,147,148,149,150,152,153,154,155,156,158,159,161,163,164,165,166,167,169,170,171,172,173,174,175,176,177,178,179,181,182,183,184,185,186,187,188,189,190,191,192,193,194,195,196,197,198,199,201,202,203,204,205,206,207,208,209,211,212,213,215,216,217,218,219,220,221,222,224,225,226,227,228,231,232,234,235,239,240,241,242,243,244,246,248,249,250,251,252,253,255,256,257,259,261,262,263,264,266,267,268,269,270,272,273,274,276,278,281,282,283,286,287,289,290,291,293,298,301,304,305,306,308,309,310,312,315,316,317,318,319,320,321,324,325,327,328,329,333,334,336,338,343,348,352,353,354,358,360,361,363,365,368,373,374,383,385,386,387,389,393,398,401,404,408,411,414,415,419,433,437,439,473,476,477,478,482,483,488
31,19,37,38,39,40,41,42,43,44,45,46,47,49,50,51,53,54,55,56,57,59,60,62,64,65,66,68,69,71,72,73,74,75,76,77,78,79,81,82,83,84,85,86,87,88,89,90,91,92,93,94,95,96,97,98,99,100,101,102,103,105,106,107,108,109,110,111,113,114,115,116,117,118,119,120,121,123,124,125,126,129,132,135,136,137,138,139,140,141,142,144,145,146,148,149,150,151,152,154,156,157,158,159,160,161,163,164,165,166,167,169,172,173,175,176,178,179,180,181,182,185,190,191,192,193,194,195,196,197,198,200,201,203,204,205,206,207,208,209,210,211,213,214,215,216,217,218,219,221,222,224,225,226,227,228,229,231,233,234,235,236,238,240,241,242,243,244,246,247,248,249,251,252,254,255,256,257,259,260,262,264,265,266,268,269,271,272,275,276,277,278,280,281,283,287,288,291,294,296,299,300,302,303,305,307,308,310,312,313,315,318,319,320,321,326,332,333,334,335,336,338,339,347,354,367,368,376,381,382,387,397,410,442,451,468,484,495,496,668
32,10,31,42,43,45,47,48,49,51,52,53,54,56,57,58,59,60,61,62,64,65,66,67,68,69,70,71,72,73,74,75,76,77,78,79,80,81,82,83,84,85,87,88,90,91,94,96,97,98,99,100,101,105,109,110,111,112,115,116,117,120,123,124,125,126,127,128,130,131,132,133,134,136,137,139,141,144,145,148,149,151,152,154,155,156,157,158,159,162,163,165,167,169,171,174,175,177,178,180,182,183,184,185,186,188,190,192,194,195,196,197,198,199,201,202,203,205,207,210,211,212,214,215,216,218,220,222,223,225,226,231,232,233,234,235,237,238,239,244,245,246,250,251,252,254,256,257,258,259,260,261,262,264,267,268,269,271,275,276,279,286,288,292,293,295,298,308,309,310,316,318,320,324,333,334,336,339,345,347,348,349,363,369,381,387,389,391,407,435,447,496,591,596
33,40,42,44,45,46,47,48,49,50,51,52,53,54,55,56,57,58,59,61,62,63,64,65,66,67,68,69,70,71,72,73,75,76,77,78,79,80,81,82,83,84,85,86,87,88,89,90,91,92,93,94,95,96,97,98,99,100,101,102,103,104,105,106,107,108,109,110,111,112,113,114,115,116,117,118,119,121,122,123,125,126,127,130,134,136,137,140,142,145,146,147,153,155,156,157,160,161,162,170,172,179,184,187,191,195,206,237,243,244,257,269,270,271,272,282,283,287,293,298,303,304,307,318,326,333,372,375,410,423,469,571,586,681
34,17,34,37,38,40,41,43,44,45,46,47,48,50,51,52,54,55,56,57,58,59,60,61,62,63,64,65,66,67,69,70,71,72,73,74,75,76,77,78,80,81,82,83,84,85,86,87,88,89,90,91,92,93,94,95,96,97,98,99,100,101,102,103,104,105,106,107,109,110,111,112,113,114,115,116,117,118,119,121,122,123,124,125,128,129,130,135,139,141,143,144,145,148,149,150,152,154,156,158,159,161,162,164,166,167,168,169,170,171,172,173,174,175,176,177,178,179,180,181,182,183,184,185,186,187,188,189,190,192,193,196,197,198,200,201,204,205,209,213,214,215,216,219,220,221,222,223,224,227,230,231,232,233,235,239,240,241,243,245,248,256,258,261,266,267,271,272,279,281,286,291,292,296,298,304,306,308,309,311,316,323,324,328,330,354,373,374,597
35,16,35,37,38,41,46,47,49,50,51,52,53,54,55,56,57,58,59,61,62,63,64,65,66,67,68,69,70,71,72,73,74,75,76,77,78,79,80,81,82,83,84,85,86,87,88,89,90,91,92,93,94,95,98,101,105,106,107,108,109,110,112,113,114,115,117,119,120,121,122,123,124,125,127,128,130,131,133,134,137,138,139,140,141,142,143,145,146,148,149,151,152,153,156,157,158,159,160,161,162,163,164,166,167,168,169,170,171,172,173,174,177,178,179,180,181,183,184,185,186,187,188,189,191,192,194,195,196,197,199,201,203,204,206,207,208,210,212,214,215,216,217,218,220,221,222,223,227,228,234,235,236,237,241,243,245,246,260,261,264,273,279,285,286,293,296,297,298,299,300,304,306,310,316,318,335,339,343,376,377,408,409,510,570,594,630,667
36,31,33,40,41,42,44,45,47,48,49,50,52,53,54,55,56,57,58,59,60,61,63,65,66,67,68,70,71,72,74,76,78,79,80,82,83,84,85,86,87,88,89,90,91,92,93,94,95,96,98,99,100,101,102,103,104,106,107,109,110,111,112,114,115,116,118,119,120,121,122,123,124,126,127,129,130,132,133,134,135,138,141,142,143,144,145,147,148,149,150,151,152,153,155,156,158,160,161,162,164,168,169,172,173,176,177,178,179,181,182,184,186,190,192,194,196,197,200,202,203,204,209,213,215,216,217,219,220,221,224,228,230,231,232,235,236,237,241,242,247,249,250,252,253,254,255,257,258,260,261,262,265,266,268,269,271,275,277,278,282,283,284,289,291,293,294,295,304,311,314,322,326,334,337,339,340,347,356,357,358,360,372,397,469,656
37,42,46,48,49,50,51,52,55,56,59,61,62,63,64,65,66,68,69,70,71,72,73,74,75,76,77,78,79,80,81,82,83,84,85,86,88,89,90,93,95,96,97,99,100,104,105,106,108,109,110,111,112,113,115,116,117,118,119,121,122,126,128,134,139,140,143,144,145,147,148,149,150,151,154,155,156,157,158,160,162,164,166,171,175,176,177,178,179,183,185,186,187,189,191,192,199,205,206,207,209,214,217,220,222,224,227,228,229,230,231,233,235,238,239,240,241,243,244,245,246,247,248,251,252,254,255,257,260,263,266,267,270,271,274,276,279,281,285,287,288,290,294,296,298,309,311,313,315,326,355,359,543,653
38,45,46,48,51,52,53,54,56,57,58,59,60,61,63,64,65,66,67,68,70,71,72,73,75,76,77,78,79,80,81,83,84,85,87,88,89,90,92,93,94,96,99,100,101,102,103,105,108,109,110,111,112,113,114,115,116,117,119,120,121,122,124,125,126,127,128,129,130,132,135,138,142,144,145,146,147,149,152,154,155,157,158,160,161,163,165,167,169,171,172,173,174,175,177,179,180,182,189,192,193,194,195,198,199,202,204,211,212,215,216,218,221,222,227,230,231,238,239,241,244,245,246,256,258,262,268,271,274,278,284,286,288,294,299,300,302,303,305,310,313,315,318,330,332,342,351,354,363,390,479,497,523
39,38,47,48,50,54,55,57,58,59,60,61,62,65,67,68,70,71,73,75,76,77,78,79,80,81,82,83,84,85,86,87,88,89,90,91,92,93,94,95,96,97,99,101,103,105,106,107,108,109,110,111,112,113,114,115,116,119,120,122,123,125,128,130,136,139,143,144,147,148,150,152,154,161,162,166,167,169,171,172,173,178,181,182,183,184,186,188,192,193,194,195,197,198,200,202,203,206,208,215,217,220,222,223,224,226,227,231,232,235,237,238,239,241,248,252,253,256,257,259,263,271,272,273,274,277,278,282,284,286,290,291,294,298,301,302,314,316,325,330,345,352,358,362,393,405,415,420,492,566
40,47,51,52,55,56,57,58,60,62,64,65,66,67,68,69,70,71,72,73,74,75,76,77,78,79,80,81,82,83,84,85,86,87,89,90,91,92,93,94,95,97,98,100,102,105,106,108,109,110,112,113,114,115,117,120,123,124,125,126,128,129,130,132,133,134,137,140,144,147,149,151,154,156,157,158,160,162,163,164,165,166,168,169,170,171,173,175,176,178,179,180,181,184,185,186,187,189,191,192,194,196,197,198,199,201,202,203,206,210,214,215,216,217,219,221,226,227,228,233,234,235,236,243,244,249,253,255,257,258,260,265,266,267,268,274,277,291,297,298,306,332,345,348,356,459,589,592
41,49,53,54,56,57,58,59,60,61,62,63,64,65,66,67,69,71,72,73,74,75,77,79,81,82,83,84,85,86,87,88,89,91,92,94,95,96,97,99,100,101,103,104,105,106,107,108,109,110,111,112,113,114,115,117,118,119,120,121,122,123,124,125,126,128,129,130,131,132,133,136,139,143,147,150,152,153,156,157,159,161,162,163,164,166,171,172,173,174,175,176,177,181,185,188,193,196,202,203,204,205,207,216,218,220,221,223,226,230,237,242,244,246,248,253,257,260,261,266,269,277,281,285,291,293,296,297,301,318,325,327,333,334,337,349,369,375,394,414,646
42,34,52,53,57,59,60,61,62,63,64,68,75,76,77,78,79,80,81,82,83,85,86,87,88,89,90,91,92,93,94,95,96,97,98,99,100,101,102,104,105,106,107,108,109,112,113,116,117,118,119,120,121,122,123,124,126,127,130,131,132,134,141,151,152,154,155,156,157,158,160,167,168,169,170,174,175,176,183,184,185,188,191,193,195,196,200,201,203,205,209,210,215,216,217,218,219,220,221,222,223,224,226,230,233,235,239,243,244,246,247,248,255,259,265,272,279,280,281,282,298,320,327,355,365,383,391,422,611
43,28,44,46,47,48,51,53,54,55,56,57,58,59,60,63,64,65,66,67,68,70,71,72,74,75,76,77,78,79,81,82,83,84,86,87,88,89,90,93,94,95,96,97,100,101,102,103,105,107,108,109,112,113,114,115,116,118,119,120,121,124,126,127,133,135,138,141,148,150,154,156,161,162,163,166,167,168,169,170,171,173,176,179,182,183,184,185,186,189,190,192,193,195,196,200,201,203,204,209,211,215,216,218,220,223,226,231,235,237,240,245,251,253,254,259,264,266,267,283,284,286,289,295,312,318,319,329,331,360,599
44,44,45,46,47,48,49,50,52,53,54,55,56,57,58,60,61,62,64,66,68,70,71,72,73,75,76,79,81,82,83,86,87,94,96,97,98,99,100,102,103,105,106,108,109,110,111,113,114,115,118,119,120,121,123,124,126,127,129,130,131,135,143,145,150,151,153,155,156,162,163,164,165,167,169,172,173,174,175,179,181,184,187,190,192,196,201,208,212,218,220,221,225,226,231,236,258,262,266,275,277,285,292,298,301,327,333,349,502,517,610,648
45,23,35,39,40,41,42,43,45,47,48,49,50,51,54,55,57,60,61,62,65,67,68,70,71,75,77,79,80,81,82,83,85,89,90,91,92,94,96,97,102,104,105,106,107,108,109,111,113,116,117,119,122,123,124,128,131,135,139,140,149,150,154,157,158,162,171,174,175,179,181,192,193,194,205,209,211,212,213,214,223,224,226,232,242,244,247,248,254,261,266,273,276,278,281,287,303,325,328,370,479,483,521,686,695
46,34,36,41,43,44,46,49,50,51,53,54,58,60,62,67,69,74,78,79,80,81,83,84,88,91,93,96,98,104,105,111,116,118,125,129,136,137,152,158,161,164,165,166,177,183,184,198,199,206,213,220,228,232,250,266,269,315,341,528,553,632,640
47,42,45,54,75,96,98,103,107,116,122,127,128,136,166,175,177,180,186,218,300,323,338,393,401,646
48,253,329,674
49,14,15,277,573
50,257,391,548,627,664
51,166,253,271
52,398,448,514,666
53,323,460,624
54,16,383,609,620
55,
56,123,124,548,552,667
57,132,282,330,514
58,136,303,452,460,517,690
59,37,602
60,17,214,423,446,511,533
61,158,564
62,114,256,506
63,16,137,382,408,443,543,594
64,366,481,515,597,618
65,6,125,180,195,308,351,448,610
66,284,286,297,363,462,623
67,46,78,266,278,395,405,432,589,699
68,75,214,373
69,488,521
70,159,162,398
71,122
72,290,315,424,574,666
73,7,83,262,340
74,133,139,166,188,242,326,471,692
75,93,110,182,350,355,480,625
76,17,76,157,229,528
77,16,175,231,363,416,568
78,69,194,558
79,182,320,331,472,499
80,40,416,426,660
81,124,300,590,611
82,8,71,431,441,513
83,99,152,168,185,246,392,512,586
84,21,347,383,457,552
85,57,198,296,320,438,474,535
86,
87,
88,
89,
90,
91,
92,
93,
94,
95,
96,
97,
98,
