5
0,606
1,65,136,184,317,363,565,620,678
2,61,162,224,412
3,57,150,151
4,124,299,336
5,28,258,602,625
6,95,98,123,321,403,500,645
7,64,110,181,278,307,323,344,393,434,560,653
8,328,405,584,613
9,147,177,225,308,356,570,571,621,648,658
10,14
11,46,235,277,319,407,630
12,127,341,383,386
13,100,164,277,483,695
14,69,367,422,549
15,5,52,56,62,68,104,350,467,540,548
16,45,56,58,60,66,68,70,116,147,170,214,300,314,457,632,636,641,672
17,51,56,58,59,60,61,62,63,64,65,66,67,68,69,70,71,72,73,74,75,76,77,78,81,87,88,89,90,91,92,93,94,95,98,100,103,105,106,109,116,228,324,430,611
18,22,30,48,50,52,54,55,56,57,58,59,60,61,62,63,64,65,66,67,68,69,71,72,73,74,75,76,77,78,79,80,81,82,83,84,85,86,87,88,89,90,91,92,93,94,95,97,98,99,100,101,102,103,104,105,106,107,108,109,110,111,112,113,114,115,116,117,118,119,120,121,122,123,124,125,126,127,128,130,133,135,136,137,138,140,141,142,143,147,158,159,160,162,164,165,166,168,169,170,171,172,173,174,175,176,179,180,182,183,184,185,187,188,189,190,191,193,196,197,205,222,224,227,230,237,312,339,675
19,60,61,62,63,64,65,66,67,68,69,70,71,72,73,74,75,76,77,78,79,80,81,82,83,84,85,86,87,88,89,90,91,92,93,94,95,96,97,98,99,100,101,102,103,104,105,106,107,108,109,110,111,112,113,114,116,117,118,119,121,122,124,125,126,127,128,129,130,131,132,133,134,135,136,137,138,139,140,141,142,143,144,145,146,147,148,149,150,151,152,153,154,155,156,157,158,159,160,161,162,163,164,165,166,167,168,169,170,171,172,173,174,175,176,177,178,179,180,181,182,183,184,185,186,187,188,189,190,191,192,193,194,195,196,197,198,199,200,201,202,203,204,205,206,207,208,209,210,211,212,213,214,215,216,217,218,219,220,221,222,223,224,225,226,227,228,229,230,231,232,233,234,235,236,237,238,239,240,241,242,243,244,245,246,247,248,249,250,251,252,253,254,255,256,257,258,259,260,261,262,263,264,265,266,267,268,269,270,271,272,273,274,275,276,277,278,279,280,281,282,283,284,285,286,287,288,289,290,291,292,293,294,295,296,297,298,299,300,301,302,303,304,305,306,307,308,309,310,311,312,314,315,316,317,318,319,320,321,322,323,324,325,327,328,329,330,331,332,333,334,335,336,337,338,339,340,341,342,344,345,346,347,348,349,350,351,352,355,359,362,363,491,577,658,667
20,33,52,54,55,56,57,58,59,60,61,62,63,64,65,66,67,68,69,70,71,72,73,74,75,77,78,79,80,81,82,83,84,85,86,88,89,90,91,92,93,94,96,97,98,99,100,101,102,103,104,105,106,107,110,111,112,113,115,116,117,118,120,121,122,126,127,129,132,133,134,136,138,139,140,142,143,144,145,146,147,148,149,150,154,155,156,158,159,160,161,162,164,166,167,168,169,170,171,173,174,175,176,177,178,179,180,181,184,185,186,187,188,189,191,193,197,199,200,201,202,203,205,206,207,208,209,210,211,212,214,215,216,217,218,219,220,221,222,223,224,225,226,227,228,229,230,231,232,233,234,235,236,237,238,239,240,241,242,244,245,246,247,248,249,251,252,253,254,255,256,257,258,259,260,261,262,263,264,265,266,267,268,269,270,271,272,273,274,275,276,277,278,279,280,281,282,283,284,285,286,287,288,289,290,291,292,293,294,295,296,297,298,299,300,301,302,303,304,305,306,307,308,309,310,311,312,313,315,316,317,318,319,320,321,322,323,324,325,326,327,328,329,330,332,333,334,335,336,337,339,340,341,342,343,344,345,346,347,348,349,350,351,352,353,354,356,357,358,360,361,362,363,364,365,366,367,368,369,370,371,372,373,374,375,376,377,378,379,380,381,382,383,384,386,387,388,389,393,396,398,399,404,405,407,409,410,413,415,417,421,422,424,426,428,438,440,443,445,452,455,468,477,560,590,699
21,52,53,54,56,57,58,59,60,61,62,63,64,65,67,68,69,70,71,72,73,75,81,83,84,85,90,92,93,95,96,97,99,102,104,106,109,110,111,114,116,118,119,121,123,126,127,128,129,130,131,133,134,135,137,138,141,142,145,146,148,150,151,152,155,157,158,159,161,162,164,165,166,167,168,169,170,173,175,177,178,179,181,182,183,184,185,187,191,192,193,195,198,199,202,203,204,205,207,208,210,211,212,213,214,215,216,217,219,220,226,227,228,229,231,232,233,234,235,236,238,239,240,241,242,243,244,245,246,247,248,249,250,251,252,253,254,255,256,257,259,260,261,262,264,265,267,268,269,270,271,272,273,274,275,277,278,279,280,281,282,284,286,287,289,290,291,292,293,294,295,296,297,299,300,301,302,303,304,305,306,307,308,309,310,311,312,313,314,315,316,317,318,319,320,321,322,323,324,325,326,327,328,329,330,332,333,334,336,337,338,339,340,341,342,343,344,345,347,348,349,350,351,352,354,357,358,359,360,363,364,365,366,367,368,371,372,374,375,376,377,378,379,381,383,384,385,386,388,390,391,392,396,397,398,399,400,404,405,406,407,408,409,410,412,414,415,417,418,420,421,423,424,427,430,432,435,439,440,443,446,447,448,458,460,468,475,477,533,540,649,677,679
22,47,51,52,53,54,56,57,58,59,60,61,62,63,65,66,67,72,73,74,75,76,77,78,79,80,81,82,83,85,87,88,89,90,92,93,94,95,99,100,101,102,103,107,108,109,110,112,114,116,119,121,122,124,127,131,135,138,140,141,143,144,146,152,153,156,157,158,161,164,165,166,170,176,177,184,185,189,192,193,204,205,206,207,209,211,214,215,218,220,221,223,225,227,228,231,232,233,236,238,239,241,242,243,244,245,247,248,249,250,252,253,254,258,259,260,262,263,264,265,266,267,270,271,272,274,278,279,280,282,283,284,287,288,289,290,291,293,294,295,296,297,298,299,300,302,305,306,307,308,309,310,311,312,313,314,316,317,319,321,322,323,325,326,327,328,329,331,332,333,334,335,336,337,338,339,340,341,342,343,344,346,347,348,349,350,351,352,353,354,355,357,358,359,360,361,362,363,364,366,367,368,369,370,371,372,374,375,378,380,381,382,383,385,388,389,392,393,394,396,398,400,402,403,404,406,407,409,411,415,418,425,428,430,431,434,435,439,443,450,451,458,461,465,467,468,473,490,501,541,544
23,50,51,52,53,54,55,59,60,61,62,63,64,65,66,67,68,69,70,71,72,74,75,76,77,78,80,81,82,84,85,87,88,89,91,92,93,96,97,99,100,104,105,107,110,112,115,116,118,119,122,124,125,126,128,130,132,133,135,136,139,141,143,148,149,150,153,155,160,161,162,163,167,168,170,174,175,177,179,180,181,185,186,187,192,195,196,197,200,203,204,205,207,211,212,213,215,216,217,219,220,224,225,226,231,233,237,238,240,241,242,243,246,247,248,249,250,251,252,253,256,257,261,262,263,265,266,267,268,269,270,272,273,274,277,278,280,281,282,283,284,288,290,292,293,294,295,296,297,298,300,301,302,303,304,305,306,307,308,309,310,311,312,313,314,315,316,317,318,320,321,322,323,324,325,326,327,328,329,331,332,333,334,335,337,338,339,345,346,350,353,354,356,357,361,362,365,366,368,370,371,372,373,376,379,380,381,383,384,385,386,389,391,392,396,397,400,401,403,410,412,414,415,421,422,427,429,433,440,442,448,493,526,613,662,684,689
24,46,50,51,52,53,54,55,57,58,59,60,61,62,63,64,65,66,67,68,69,70,71,72,73,74,75,76,77,78,79,80,85,86,87,90,91,92,97,98,99,100,101,104,106,107,110,111,112,114,117,118,120,123,124,125,126,129,130,131,132,133,134,137,139,142,143,144,146,147,148,150,152,153,156,159,162,164,168,169,170,171,174,175,176,179,180,184,189,194,206,209,210,211,214,218,219,221,222,223,224,225,226,227,232,234,235,239,240,241,242,244,245,246,247,248,249,250,251,252,256,258,260,261,265,266,267,269,270,271,272,273,274,276,277,279,280,281,284,285,287,288,289,291,292,293,295,298,301,302,305,306,307,308,309,310,311,312,313,314,315,317,318,319,322,324,325,326,327,329,330,331,334,335,336,339,345,348,351,352,355,360,361,365,366,370,371,374,375,377,378,381,383,384,391,392,393,399,400,403,409,410,412,413,414,417,420,423,426,437,438,440,446,451,452,463,486,493,497,506,511,627,631
25,44,49,50,51,52,53,54,55,56,57,58,59,60,61,62,63,64,65,66,67,68,69,70,72,73,74,75,76,77,78,80,82,83,84,85,87,88,89,90,91,92,93,94,95,96,98,99,101,103,104,105,106,108,109,111,112,113,114,115,117,118,119,122,124,125,126,127,128,130,131,133,134,138,139,140,141,144,145,146,148,152,153,154,155,156,159,160,161,162,163,164,165,166,167,168,169,170,171,178,181,183,186,192,193,201,204,210,212,220,221,223,225,226,228,229,236,237,240,241,243,247,250,253,254,255,256,257,265,266,268,270,271,272,276,277,278,283,286,287,288,289,295,296,297,298,299,302,304,305,310,312,313,314,315,316,318,320,322,323,324,325,328,329,330,332,333,336,337,338,339,340,343,344,347,348,352,356,357,360,362,364,365,368,370,371,373,374,375,376,381,382,383,384,386,394,401,404,412,416,419,421,422,423,424,427,431,441,445,459,478,491,534,621
26,22,48,49,50,51,52,53,56,58,60,64,66,67,68,69,70,71,72,73,74,76,77,78,80,81,82,83,84,85,86,88,89,90,91,92,93,94,96,97,98,99,100,101,102,104,105,106,108,111,112,121,136,138,141,142,143,144,146,147,151,152,153,156,157,161,163,168,169,170,171,172,174,179,182,184,189,195,198,199,200,201,204,205,206,209,214,216,220,222,224,225,227,228,230,231,233,236,239,241,243,246,247,249,250,252,255,256,257,258,259,260,261,262,263,264,265,266,267,268,269,270,271,272,273,274,275,277,279,280,281,285,287,288,289,291,294,295,296,299,300,301,302,303,304,306,307,309,311,312,314,316,319,321,323,324,328,332,334,337,338,339,340,341,342,343,345,347,348,350,352,355,356,369,374,376,378,380,392,397,405,434,444,450,463,654
27,43,45,47,48,49,50,51,52,54,55,56,57,58,59,60,61,62,63,64,65,66,67,68,69,70,71,72,73,74,75,76,77,78,79,80,81,82,83,86,89,91,93,94,97,98,99,101,102,107,109,111,113,114,115,116,117,118,119,120,122,124,125,127,128,130,131,132,133,134,135,136,137,138,139,141,144,147,148,149,151,152,153,154,156,158,159,160,161,162,163,164,168,169,172,175,177,179,180,182,185,186,187,190,192,196,197,200,201,203,204,206,209,212,213,216,217,218,219,221,224,225,229,232,233,234,235,236,238,240,241,243,245,247,248,249,250,252,254,255,256,258,259,260,261,263,264,265,268,270,271,273,277,278,279,280,281,282,283,286,292,293,296,297,299,303,305,307,309,310,313,314,316,317,318,320,321,324,328,331,339,344,345,355,356,357,359,365,369,371,376,380,387,398,400,404,415,470,483,485
28,46,47,50,51,52,53,54,55,56,57,58,59,60,61,63,64,65,66,67,68,71,72,73,74,78,80,82,83,85,87,88,89,91,92,93,95,96,97,98,99,100,101,102,103,104,106,107,108,109,111,112,113,115,116,117,118,121,124,126,128,130,131,133,135,137,138,142,145,146,147,148,150,151,153,155,156,157,162,163,164,166,167,170,171,172,174,176,177,181,186,187,189,194,195,196,197,198,201,203,205,207,212,213,214,219,221,222,228,234,237,238,239,241,247,248,249,253,255,256,257,262,265,267,268,270,271,272,276,279,280,283,287,289,298,299,300,302,306,308,311,316,320,321,324,326,328,330,333,334,335,341,342,343,345,346,348,350,353,355,356,359,361,362,367,371,373,377,378,379,381,383,397,406,411,427,444,464,479,662
29,35,44,45,46,47,48,49,50,51,52,53,55,57,58,59,60,61,62,63,64,65,66,67,68,69,70,72,73,74,75,76,78,79,80,81,82,83,84,87,88,89,90,91,92,93,94,95,96,98,99,100,101,103,104,106,108,109,111,112,113,114,115,116,117,119,120,121,123,129,130,134,135,137,140,141,142,143,144,145,154,161,163,166,169,175,178,181,184,186,187,188,192,194,195,196,197,199,203,207,208,219,220,221,225,227,229,231,232,235,238,241,244,245,246,248,250,251,255,256,259,262,268,269,271,272,273,275,276,278,279,280,282,283,287,289,290,292,293,296,297,298,299,300,301,303,304,307,308,309,311,312,314,315,322,323,324,328,329,331,333,335,336,337,340,342,345,347,360,361,365,367,369,372,377,378,381,382,387,388,390,391,398,399,402,417,429,431,437,445,475,664,667
30,35,45,48,50,52,53,54,55,56,57,58,60,61,62,63,64,65,66,67,68,69,70,71,72,73,74,75,76,77,78,81,82,83,84,85,86,87,88,89,90,93,94,97,98,99,100,102,103,105,106,107,108,111,113,115,116,117,119,123,126,127,128,129,131,132,133,134,136,140,141,142,143,144,145,147,149,150,154,156,157,158,159,162,163,164,166,167,168,171,173,174,175,180,183,184,186,187,189,190,191,192,193,196,197,198,202,203,206,208,212,213,214,216,219,221,222,225,226,227,229,234,236,237,240,244,245,249,252,253,255,259,262,263,266,267,268,271,273,274,276,277,278,281,282,283,294,295,296,300,301,302,304,309,311,313,330,334,340,341,347,350,358,359,365,370,372,384,386,399,406,432,447,482,659
31,1,42,43,44,45,46,49,50,51,52,53,54,55,56,58,59,60,61,63,64,65,71,73,74,75,77,80,83,85,87,88,89,90,92,94,95,96,97,98,100,101,102,103,104,105,106,107,108,109,110,111,113,117,118,119,120,121,123,125,126,127,128,129,132,136,137,139,140,141,147,149,151,154,156,157,159,163,165,166,167,169,171,174,180,188,189,192,195,198,199,210,212,216,218,223,229,230,236,241,244,249,252,256,257,258,261,262,265,267,268,269,271,282,287,292,293,300,308,309,310,312,315,318,320,321,322,323,329,330,332,333,336,337,339,341,347,349,351,353,354,356,357,360,361,363,367,369,374,376,377,378,384,385,389,395,401,406,412,417,419,428,433,443,451,475,498,503,526,562,682
32,45,46,48,49,50,51,52,53,55,56,58,60,63,64,65,66,67,69,70,71,72,74,75,76,78,79,80,81,82,83,84,85,87,88,89,90,91,92,93,94,95,96,98,100,103,104,106,108,110,111,113,117,118,119,121,122,123,124,128,131,135,137,140,141,142,148,149,150,153,154,155,158,160,162,163,166,168,170,171,172,173,175,177,178,179,180,181,185,187,188,189,190,191,193,197,199,200,203,204,205,208,209,210,214,218,223,226,227,232,233,235,236,238,240,241,243,252,261,263,264,265,270,272,273,274,277,278,279,285,286,287,289,292,294,295,297,298,299,301,302,303,304,306,307,308,312,313,315,317,319,320,323,327,329,330,332,333,335,349,350,352,355,356,357,359,360,362,366,375,381,403,408,411,431,437,445,450,451,465,546,560,614,670
33,4,43,44,48,51,52,54,55,56,57,58,59,60,61,62,63,64,65,66,67,68,69,70,71,73,74,75,76,77,78,79,81,82,86,87,89,90,91,93,96,97,101,102,103,104,105,106,107,109,112,113,114,115,116,119,120,121,124,126,127,129,130,132,135,136,137,138,139,142,147,148,151,152,153,154,156,158,160,162,164,168,169,175,177,180,182,183,185,186,200,201,203,205,208,210,211,213,214,215,219,220,221,222,225,228,230,231,235,236,237,238,241,242,252,253,254,260,261,265,272,274,277,278,281,285,289,290,291,292,297,300,302,304,308,309,315,317,319,321,325,331,333,334,338,343,349,353,355,358,360,362,368,373,377,379,381,383,387,393,395,397,398,406,407,408,413,425,549,566
34,6,41,47,48,49,50,51,53,54,55,56,57,59,60,61,62,64,65,68,69,73,74,76,78,80,81,82,83,84,85,86,87,88,90,91,92,93,94,95,96,97,99,100,101,102,103,104,106,108,109,111,112,113,115,116,121,123,124,126,127,128,131,133,136,143,146,149,150,152,155,159,160,161,162,165,169,170,173,178,179,180,185,201,203,206,207,213,215,217,220,221,228,241,245,246,254,255,256,263,268,269,270,276,277,282,283,284,291,292,293,296,299,300,304,306,307,310,314,316,318,322,328,329,335,337,338,342,345,346,351,353,363,366,368,370,374,376,377,383,390,391,396,399,400,405,407,412,419,426,460,464,480,484,487,494,561,659
35,42,45,46,48,50,51,54,56,57,59,60,61,62,63,64,65,66,67,68,69,70,71,72,73,74,75,76,77,79,82,83,84,85,86,87,88,90,91,92,94,96,98,99,100,103,105,107,109,111,117,126,128,129,130,134,138,139,140,143,144,147,154,157,158,161,162,163,166,167,168,170,172,176,177,178,179,180,182,184,186,189,199,201,203,204,205,207,208,209,211,212,214,216,219,222,223,226,228,237,239,241,244,250,251,256,264,269,270,271,272,274,277,278,282,283,291,301,302,305,306,307,308,309,318,320,321,324,328,330,331,332,337,344,345,347,348,350,351,352,356,364,365,369,371,372,377,382,385,386,400,426,438,456,464,468,663,668
36,39,42,47,48,49,52,53,54,56,57,58,59,60,61,62,63,64,65,66,68,69,71,72,73,75,77,80,84,85,87,88,89,91,92,93,94,95,96,98,99,102,105,106,107,108,110,112,113,114,115,116,118,119,121,122,124,125,126,127,129,132,134,135,136,140,141,143,145,146,148,153,154,155,156,159,160,161,164,166,168,171,172,173,175,176,178,180,184,188,190,192,193,199,202,203,208,209,210,216,219,225,228,231,234,236,238,245,246,247,248,249,250,260,261,263,264,265,267,271,277,293,299,302,308,314,323,327,335,345,346,347,352,354,355,356,357,359,368,370,385,402,404,407,415,420,442,450,452,471,475,485,570,695
37,33,41,44,45,50,51,52,55,56,58,59,60,61,62,63,64,65,66,67,68,69,70,71,72,74,75,76,77,78,79,80,81,82,83,84,85,86,87,89,90,92,93,94,95,96,97,98,99,100,101,103,105,106,108,109,111,112,113,115,117,119,120,122,123,126,128,131,132,143,145,146,149,151,152,153,155,158,159,168,169,172,173,175,183,184,187,189,191,192,194,197,199,200,201,203,210,211,214,215,217,219,221,223,226,231,234,235,236,237,238,239,241,243,248,249,250,253,254,255,257,259,263,264,267,268,269,271,272,277,278,279,285,286,287,288,290,294,295,297,299,305,324,332,335,336,337,339,340,341,354,356,371,372,377,381,382,384,405,411,412,437,446,447
38,45,47,49,57,59,60,62,63,64,65,66,67,68,69,70,71,72,73,74,75,77,78,79,80,81,82,84,85,86,87,88,90,91,93,94,96,97,98,102,103,106,110,112,117,118,119,122,124,125,126,127,131,134,135,136,139,142,143,144,146,147,148,149,151,154,155,156,157,158,161,162,164,165,168,170,171,173,175,178,180,181,182,183,184,194,196,201,202,204,205,208,211,213,214,215,217,224,227,228,232,238,240,242,243,244,245,247,249,252,254,257,263,264,266,267,268,269,273,276,278,279,282,284,286,287,288,291,300,306,308,310,311,312,313,321,331,332,334,342,352,354,361,363,367,377,378,382,390,410,414,416,421,449,463,497,535,595
39,42,44,47,50,51,53,55,57,58,59,60,62,63,64,66,67,68,69,70,71,72,73,74,75,79,80,81,82,83,84,86,87,90,92,93,94,95,96,98,99,100,101,102,103,104,105,106,107,108,109,111,115,117,118,119,120,121,122,124,127,128,129,130,131,133,134,137,139,141,144,149,152,153,156,160,162,163,166,168,170,171,172,174,175,176,177,181,182,183,184,187,188,192,196,201,202,203,204,207,208,210,213,215,225,226,228,231,234,237,238,242,243,245,247,249,251,253,260,264,268,269,270,271,273,274,280,283,285,293,302,305,307,312,316,318,325,329,332,339,344,345,347,350,351,359,364,367,368,369,371,378,384,385,399,400,402,403,410,428,445,476,504,567
40,44,45,47,49,51,54,55,57,58,59,60,61,62,63,65,66,67,68,69,70,71,72,73,74,75,76,78,79,80,81,82,83,84,86,87,88,89,90,91,93,94,95,96,97,98,99,100,101,102,103,104,108,109,110,111,112,113,114,115,116,117,118,119,120,121,122,123,124,125,128,132,133,134,138,145,149,150,151,153,154,155,158,159,160,162,163,164,166,167,175,177,184,185,187,188,197,198,202,205,206,209,211,214,216,217,218,219,220,221,226,228,229,232,238,239,242,244,246,249,250,251,253,254,255,256,262,264,265,266,268,270,274,277,278,282,283,284,294,296,297,305,306,307,308,312,315,335,359,364,391,398,489,666
41,18,43,48,51,52,54,56,57,60,61,62,63,64,65,66,67,68,69,70,71,72,73,74,75,77,78,79,81,82,83,84,85,87,88,89,91,93,94,98,99,100,102,103,105,107,109,111,113,114,116,117,118,120,121,126,127,129,130,131,132,133,135,136,137,138,140,141,142,144,147,150,151,152,156,157,159,160,162,164,166,170,171,172,174,176,177,179,182,183,184,187,190,192,194,197,198,200,201,204,206,208,210,211,212,213,215,217,218,219,221,223,224,225,226,227,228,230,232,234,235,237,242,244,246,247,248,251,256,257,259,261,263,265,266,270,272,273,274,275,277,279,280,283,284,289,290,297,298,301,304,305,351,442,473,564,695
42,26,53,55,56,58,59,60,61,62,63,64,66,67,68,69,70,71,72,73,74,75,77,79,81,84,87,88,89,92,93,94,95,96,97,98,99,101,102,103,106,107,108,109,110,111,112,114,115,116,117,118,119,120,123,125,126,127,128,129,130,131,132,133,134,136,138,139,142,143,144,152,153,154,156,159,161,163,165,166,168,169,170,172,174,175,176,177,178,180,182,184,186,188,189,191,193,200,201,202,204,207,208,209,212,215,216,217,218,221,222,223,231,234,236,237,238,244,246,248,249,251,255,258,261,263,269,276,277,278,291,294,302,306,318,349,356,359,369,371,378,385,539,562
43,42,46,54,57,59,61,62,64,65,67,68,70,73,75,76,77,78,79,80,81,82,83,84,85,86,87,88,89,90,92,93,94,95,96,97,98,99,100,101,103,104,105,107,108,109,110,111,112,113,114,117,119,120,122,123,124,125,126,128,129,131,135,136,141,147,149,150,152,153,155,156,157,158,159,161,163,164,165,169,171,173,174,175,177,178,179,180,181,183,186,187,190,191,193,194,198,200,201,202,203,214,217,218,220,222,226,227,228,230,234,235,237,239,244,247,250,251,253,254,255,256,257,258,260,261,264,265,266,268,269,270,271,273,275,280,281,295,296,301,303,304,305,311,316,330,336,353,356,367,379,390,393,431,589,592,644
44,53,57,62,63,65,66,67,68,70,72,73,74,75,78,79,80,81,82,84,85,86,87,88,90,91,92,94,95,96,97,98,99,102,104,105,107,108,109,110,111,112,115,117,118,119,120,123,127,128,129,130,132,136,138,139,141,142,143,144,151,154,155,156,157,161,164,166,167,169,170,171,173,174,176,177,178,179,180,181,182,184,185,186,188,190,191,193,196,199,202,205,206,211,212,213,215,217,218,219,220,221,227,230,231,233,241,244,245,252,253,254,262,263,265,266,270,274,276,282,305,357,646,693
45,53,56,57,60,64,66,67,68,69,70,71,72,73,75,76,77,79,80,81,83,84,85,86,87,88,90,91,96,97,98,99,100,102,103,104,107,108,111,112,114,115,116,117,118,119,120,121,123,125,126,127,128,130,132,133,134,135,137,139,148,149,150,152,153,154,156,157,158,159,161,163,164,166,167,170,173,175,176,178,183,184,185,186,187,188,189,190,191,193,196,199,200,202,203,206,208,209,210,211,212,213,214,215,216,217,218,221,222,226,227,229,230,231,233,234,235,237,238,242,251,254,261,267,269,270,271,273,274,282,306,445,466,470,548,559
46,49,54,55,57,59,63,64,66,69,70,73,74,75,78,80,83,84,85,86,87,89,90,94,95,97,98,99,100,102,103,105,106,107,108,110,111,112,113,114,116,117,118,121,125,127,130,131,132,133,135,138,139,140,143,148,149,151,153,158,159,160,161,162,164,165,166,167,170,173,176,178,181,182,183,184,185,192,193,194,195,196,197,198,202,206,209,212,213,214,217,219,225,229,232,236,237,246,254,255,259,260,267,269,271,279,302,305,308,323,325,435
47,55,61,63,66,68,70,72,73,75,76,77,78,79,80,81,82,85,86,87,89,91,92,93,94,95,97,98,99,101,102,103,104,105,106,108,111,112,114,116,118,120,121,122,125,131,134,138,140,148,149,150,151,153,154,157,161,163,164,166,167,168,169,171,173,174,175,176,178,179,180,181,182,183,184,186,187,188,189,190,192,195,196,198,202,203,204,209,210,211,212,213,215,216,226,227,229,233,234,238,244,248,253,257,260,268,272,279,285,306,325,365,427,465
48,9,33,52,61,62,64,65,66,68,70,73,76,77,78,79,80,81,84,86,87,89,90,91,92,94,95,97,100,101,103,105,106,110,111,114,116,117,120,121,124,128,134,138,139,141,144,151,152,153,154,156,159,161,162,165,166,167,168,169,170,171,172,174,176,177,179,181,183,185,186,188,189,190,191,192,193,194,197,199,200,202,204,205,209,211,212,214,215,217,218,219,220,225,227,238,244,247,256,263,292,297,303,366,487,517,533
49,35,63,64,65,66,69,70,72,74,75,76,77,78,79,80,82,86,87,89,90,91,92,94,96,97,106,107,109,112,114,115,116,117,119,122,123,124,126,127,129,130,131,132,134,136,138,141,142,143,145,147,150,151,153,156,159,160,163,164,166,167,168,169,172,174,175,176,177,179,180,181,182,186,189,191,192,193,195,197,198,201,204,207,208,209,212,215,225,227,228,230,231,233,238,241,243,249,254,263,271,281,297,396
50,17,62,63,65,66,67,68,70,72,73,76,78,79,80,81,85,87,88,89,90,91,92,93,94,95,96,98,99,100,103,106,109,110,112,113,114,115,116,117,118,119,122,124,125,126,128,130,131,132,133,134,136,139,140,141,143,144,150,154,155,160,161,163,165,167,170,173,174,176,177,178,179,182,185,186,187,188,189,191,192,193,195,197,199,200,202,203,205,206,208,209,210,211,214,215,218,224,225,226,227,236,237,238,241,245,255,260,268,269,276,282,283,287,294,312,319,344,387,442,456,467,469,566,597,622,625
51,31,51,64,65,66,68,70,71,73,77,79,80,81,82,83,84,86,87,89,90,91,94,95,96,97,98,99,100,101,102,104,105,108,109,110,112,115,116,117,118,120,121,122,123,124,126,127,128,129,130,131,134,135,137,138,142,143,154,155,156,158,160,161,162,166,167,170,173,175,176,178,180,181,182,183,185,189,190,196,197,198,199,201,203,209,215,216,219,220,221,226,229,233,239,242,244,251,261,267,268,271,282,284,286,287,289,347,379,531,617,644,684
52,48,52,53,56,57,58,59,60,61,63,66,71,72,75,77,78,79,80,81,83,84,85,86,87,88,89,90,94,95,97,98,99,104,106,108,109,111,112,113,114,116,117,118,119,121,125,129,131,132,133,136,137,139,145,147,168,175,178,180,181,183,185,187,188,192,193,196,199,201,202,203,204,206,208,214,219,221,226,228,231,238,241,244,245,248,281,306,390,406,559
53,13,37,43,47,50,52,56,60,65,66,68,72,74,75,81,83,84,86,88,89,90,95,97,98,102,103,104,105,106,107,108,117,118,125,126,137,140,202,221,244,258,313,416,471,632
54,64,91,120,121,122,123,126,130,132,133,143,160,402,590,686,691
55,330,582,612
56,456
57,251,603,615,653
58,109,396,471,651,660
59,360,361,536,670
60,141,411,486,495,528
61,380,560
62,215,352,539
63,221,434,624,680
64,383,566,695
65,16,573
66,37,166,282,394,628,632,641,668
67,16,25,235,372,433,613,615
68,214,507,574,652,667
69,257,407,669
70,162,317,452,490,502,528,552
71,163,475,686
72,45,299,333,341,408,488
73,
74,
75,
76,
77,
78,
79,
80,
81,
82,
83,
84,
85,
86,
87,
88,
89,
90,
91,
92,
93,
94,
95,
96,
97,
98,
