19
0,249
1,103,188,231,332,376
2,80,89,90,94,101,105,349,405,663
3,73,81,83,85,86,87,88,89,90,91,94,95,96,98,99,101,102,104,116,117,189,298,325,331,413,504,629,649,650
4,42,71,73,75,76,77,78,79,80,81,82,84,85,86,87,88,89,90,91,92,93,94,95,96,97,98,99,100,101,102,103,104,105,106,107,108,109,110,111,112,113,114,115,116,117,118,119,120,121,123,124,125,126,127,128,130,131,132,134,135,136,137,141,143,145,146,152,158,161,216,401
5,80,81,82,83,84,85,86,87,88,89,90,91,92,93,94,95,96,97,98,99,100,101,102,103,104,105,106,107,108,109,110,111,112,113,114,115,116,117,118,119,120,121,122,123,124,125,126,127,128,129,130,131,132,133,134,135,136,137,138,139,140,141,142,143,144,145,146,147,148,149,150,151,152,153,154,155,156,157,158,159,160,161,162,163,164,165,166,167,168,169,170,172,173,174,175,177,178,179,181,182,184,185,186,187,188,190,191,192,194,197,198,199,200,201,203,204,205,206,207,208,209,211,212,213,214,215,216,217,218,219,220,222,223,227,228,229,231,233,235,236,238,239,241,242,244,247,250,255,256,260,268,271,274,275,276,277,285,300,395,596
6,8,75,79,80,81,82,83,84,85,86,87,88,89,90,91,92,93,94,95,96,97,98,99,100,101,102,103,104,105,106,107,108,109,110,111,112,113,114,115,116,117,118,119,120,121,122,123,124,125,126,127,128,129,130,131,132,133,134,135,136,137,138,139,140,141,142,143,144,145,146,147,148,149,150,151,152,153,154,155,156,157,159,161,162,163,164,165,166,167,168,169,170,171,172,173,174,175,176,177,178,179,181,182,183,184,185,186,187,188,189,191,192,193,195,197,198,199,200,201,202,203,204,205,206,207,208,209,210,211,212,213,214,215,216,217,218,219,220,221,222,223,224,225,226,227,228,229,230,231,232,233,234,235,238,239,240,243,244,245,248,249,252,254,256,257,260,262,263,264,265,268,269,273,283,284,286,288,293,294,295,300,301,303,304,306,310,313,325,327,331,334,340,360,384,391,463,480,698
7,15,37,75,79,80,81,82,83,84,85,86,87,88,89,90,91,92,93,94,95,96,97,98,99,100,101,102,103,104,105,106,107,108,109,110,111,112,113,114,115,116,117,118,119,120,121,122,123,125,126,127,129,130,131,132,133,134,135,136,137,138,139,140,141,142,143,144,145,146,147,148,149,150,151,152,154,155,156,157,158,159,160,161,162,163,165,166,167,168,169,170,171,172,174,175,176,177,178,179,180,181,182,183,184,185,186,187,189,190,191,192,193,194,195,196,197,198,199,200,201,202,203,204,205,206,207,208,209,210,211,214,217,219,220,221,222,223,224,226,227,228,229,230,234,235,236,237,238,239,241,242,243,245,247,248,249,250,251,254,255,258,262,263,266,268,270,275,277,278,280,284,286,291,297,299,304,314,315,320,322,335,337,353,357,359,395,534
8,48,70,76,77,78,80,81,82,83,84,85,86,87,88,89,90,91,92,93,94,95,96,97,98,99,100,102,103,104,105,106,107,108,109,110,111,112,113,114,115,116,117,118,119,120,121,122,123,124,125,126,127,128,129,130,131,132,133,134,135,136,137,138,139,140,141,142,143,145,146,147,148,149,150,151,153,154,155,156,157,158,159,161,162,163,164,165,167,168,169,170,171,173,174,175,176,177,178,179,180,181,182,183,184,185,186,187,189,190,191,192,193,194,195,196,197,198,199,200,201,202,203,204,205,206,207,208,209,210,212,213,214,215,216,217,218,220,221,222,223,224,226,227,228,229,230,231,232,234,235,236,237,238,239,240,241,242,244,245,246,247,249,250,251,252,256,257,258,259,260,262,263,265,267,268,269,271,272,278,282,298,302,304,308,313,315,331,375,388,389,577,619
9,26,48,77,78,79,80,82,83,84,85,86,87,88,90,91,92,94,95,96,97,98,99,100,101,102,103,105,106,107,108,109,110,111,112,113,114,115,116,117,118,119,120,121,122,123,124,125,127,128,129,130,131,132,133,134,135,137,139,140,141,142,143,144,145,146,147,148,149,150,151,152,154,155,156,157,158,159,160,161,162,163,164,165,166,167,169,170,171,172,174,175,176,177,178,179,180,181,182,183,184,185,186,187,188,189,190,191,192,193,195,196,197,198,199,200,201,202,203,204,205,206,207,208,209,210,211,212,213,214,215,216,217,218,219,220,221,222,223,225,227,229,230,231,232,233,234,236,238,239,240,241,244,245,247,249,250,251,252,254,257,258,260,263,266,267,268,269,273,276,279,280,281,282,284,285,286,287,292,294,296,298,300,305,309,310,316,319,324,330,331,333,338,339,340,344,353,356,357,358,364,377,383,516,538,605,689
10,3,59,66,72,75,76,77,78,79,81,82,83,85,86,87,88,89,90,91,92,93,94,95,96,97,98,99,100,101,102,103,104,105,106,107,108,109,110,111,112,113,114,115,116,117,118,119,120,121,122,123,124,125,126,127,128,129,130,131,132,133,134,135,136,137,138,139,140,141,142,143,144,146,147,149,150,151,152,153,154,155,156,157,158,159,160,161,164,165,166,167,168,169,170,171,172,173,174,175,176,177,178,179,180,181,183,184,185,186,187,188,189,190,191,192,193,194,195,197,198,200,201,202,203,205,207,208,210,212,213,214,215,216,217,218,219,220,221,222,223,224,225,226,227,228,229,230,231,232,233,234,235,236,237,238,239,240,241,243,244,246,247,248,249,251,252,253,254,255,257,258,259,261,262,263,264,272,274,276,277,278,279,280,283,284,287,289,291,294,295,299,300,308,310,314,315,317,319,320,322,327,332,340,347,351,352,366,370,392,398,450,523,666
11,14,57,69,71,72,74,76,77,78,79,80,81,82,83,84,85,86,87,89,90,91,92,93,94,95,96,97,98,99,100,101,102,103,104,105,106,107,108,109,111,112,113,114,115,116,117,118,119,120,121,122,123,124,125,126,127,128,129,130,131,132,133,135,137,138,139,140,141,142,143,144,145,146,148,149,150,151,152,153,154,155,156,158,159,160,161,162,164,165,166,167,169,171,172,174,176,177,178,180,181,182,183,184,185,187,188,189,190,191,192,193,194,195,196,197,198,199,200,202,203,204,205,206,207,208,209,210,211,212,213,214,215,216,217,218,219,220,221,222,223,224,225,227,228,229,230,231,232,233,234,235,236,237,238,239,240,241,242,244,245,246,247,248,249,250,251,252,254,256,257,260,263,265,266,267,269,270,272,273,274,275,278,279,280,281,282,284,288,289,290,291,294,297,298,307,312,313,315,317,318,320,324,330,331,343,346,348,366,369,370,398,613
12,57,58,66,69,70,73,74,78,79,80,82,83,84,85,86,88,89,90,91,92,93,94,95,96,97,98,99,100,101,102,103,104,105,106,107,108,109,111,112,113,115,116,117,118,119,120,121,122,123,124,125,127,128,129,130,131,132,133,135,136,137,138,139,140,141,143,144,145,146,147,148,149,150,151,152,153,154,155,156,157,158,159,160,161,163,164,165,166,169,170,172,174,175,176,178,179,180,181,182,183,184,185,186,187,188,189,190,192,193,194,195,196,197,198,199,200,201,202,203,204,205,207,208,209,211,212,213,214,215,216,218,219,220,221,222,223,224,226,227,228,229,230,233,234,235,237,238,239,240,244,245,246,249,250,251,252,254,256,257,259,262,267,268,269,271,272,273,274,277,279,280,281,282,284,288,294,295,300,302,311,324,325,337,347,349,355,384,439,442,554,582,651,672
13,60,78,82,83,85,86,87,89,91,92,94,95,96,99,100,101,102,103,104,105,106,107,108,109,110,111,112,113,114,115,116,117,118,119,120,121,123,124,125,127,128,130,132,133,134,135,136,137,138,139,140,141,142,143,144,145,146,147,148,149,150,151,152,153,154,155,156,157,158,159,160,161,162,163,164,165,166,167,168,169,171,173,174,176,177,178,179,180,182,184,185,186,187,188,189,190,191,192,193,194,195,196,197,198,199,200,201,202,203,204,205,207,208,210,211,212,213,214,215,216,217,218,219,220,221,222,223,225,226,227,228,229,230,233,234,235,236,238,240,241,242,244,245,247,248,249,250,251,252,253,256,257,259,260,261,262,263,266,267,268,269,270,272,275,277,278,279,280,283,285,286,287,289,291,293,296,298,307,309,312,315,318,325,326,327,339,342,348,361,362,378,409,432,436,449,547,695
14,79,80,81,83,84,86,87,88,89,90,91,92,93,94,97,98,99,100,101,103,107,108,110,111,114,115,116,118,119,121,122,124,125,126,127,128,130,131,132,134,135,136,138,139,140,141,142,143,144,145,146,148,149,150,151,153,155,156,158,160,161,162,163,164,165,166,167,168,169,170,171,173,174,175,176,177,178,179,181,182,183,184,185,186,187,188,189,190,191,192,194,195,196,197,199,200,201,202,203,204,205,206,207,208,209,210,211,212,213,214,215,216,217,218,219,220,221,222,223,224,225,226,227,228,229,230,232,233,234,235,236,237,238,239,240,241,242,243,246,247,248,249,250,252,253,254,255,256,257,258,259,260,261,263,264,266,267,268,270,271,272,273,275,276,277,278,279,282,284,285,287,289,290,291,292,294,296,297,298,299,302,303,305,312,316,317,326,327,331,332,340,345,348,353,356,358,370,375,389,402,405,412,415,419,441,459,485,489,495,581
15,26,70,76,77,78,79,81,82,83,84,85,86,88,89,91,92,93,94,95,96,97,99,101,102,104,105,107,108,111,112,113,115,116,117,121,122,123,124,125,126,132,133,135,136,138,141,142,143,144,145,146,147,148,150,151,152,153,155,156,158,160,163,164,166,168,171,172,176,177,178,179,180,181,183,186,187,188,189,190,191,192,193,194,195,197,198,199,200,201,202,203,204,205,206,207,208,209,210,211,212,213,214,215,216,217,218,219,220,221,222,223,224,225,226,227,229,230,231,232,233,234,236,237,238,239,240,241,243,244,245,246,247,248,249,250,251,252,254,255,256,257,258,259,260,261,263,264,265,266,267,268,269,270,271,272,273,274,275,276,277,278,280,281,282,283,284,285,286,287,288,289,290,291,293,295,296,298,299,300,301,302,303,304,305,306,307,308,309,310,312,315,317,318,320,322,323,324,325,327,328,329,330,331,332,333,336,339,341,342,343,344,345,346,349,351,353,354,355,356,357,358,360,361,365,369,371,373,374,375,377,379,382,384,385,394,397,398,414,445,562,563
16,15,68,78,79,80,81,82,83,84,85,86,87,88,89,91,92,94,95,96,99,100,102,103,104,106,107,108,109,110,111,112,114,116,117,118,119,120,121,122,124,125,126,129,132,133,136,137,138,139,140,143,146,147,148,149,152,153,156,158,159,161,162,163,165,167,170,171,172,174,176,179,181,182,184,185,186,187,189,190,191,192,194,198,200,202,203,204,207,209,210,212,214,215,216,217,218,221,223,224,225,226,227,228,229,231,232,233,236,237,238,239,240,242,243,245,246,249,251,253,254,257,258,259,260,261,262,266,267,268,269,271,272,273,275,278,279,283,285,286,288,290,291,292,293,296,297,298,299,303,304,307,308,312,313,317,321,322,324,328,329,330,333,335,337,340,346,348,349,350,351,352,355,359,361,362,383,385,388,437,567
17,72,74,77,80,81,82,83,84,85,86,87,89,90,91,93,94,95,96,102,103,104,105,106,107,109,110,111,112,113,114,115,117,118,122,124,125,126,127,129,130,132,133,135,141,145,146,148,150,152,153,155,157,159,166,167,168,169,172,173,174,176,177,178,179,180,181,182,183,185,187,188,191,195,199,201,203,205,206,207,209,211,212,213,214,217,219,221,223,224,225,227,230,231,232,233,235,237,238,239,241,242,243,247,248,249,250,251,252,254,255,256,257,259,260,261,262,263,264,266,268,269,271,272,273,274,277,280,282,283,284,285,288,290,291,292,293,294,295,298,301,304,305,309,310,311,313,316,319,323,328,333,335,336,344,345,347,348,350,353,354,360,361,364,372,376,388,391,504,663,664
18,1,14,74,75,77,78,83,84,86,88,89,90,91,92,93,94,96,97,98,100,101,102,103,104,105,106,107,110,113,114,115,117,118,119,120,121,122,124,125,126,127,128,129,136,138,140,141,144,146,147,149,151,152,154,155,157,158,159,161,162,166,168,171,172,173,174,175,176,178,179,180,182,185,186,189,190,193,194,195,198,201,206,210,211,212,213,214,215,216,217,219,221,222,223,224,226,227,229,232,234,235,236,237,239,240,243,246,248,250,252,255,258,259,261,262,264,268,269,271,273,274,275,276,277,279,281,282,284,286,287,289,290,291,292,294,295,296,297,298,300,302,303,304,305,308,309,310,311,316,319,320,321,323,325,326,328,332,333,336,337,338,339,341,342,343,344,345,346,347,350,354,356,358,359,361,367,368,379,381,383,392,395,414,417,426,436,440,485
19,12,74,76,77,79,80,81,82,83,85,86,87,89,90,91,92,93,95,96,97,99,100,101,102,104,105,106,109,112,114,115,116,117,118,119,120,121,124,125,127,128,131,132,133,134,136,137,140,142,143,144,148,150,153,155,156,157,158,160,161,162,166,168,173,174,177,179,181,183,185,187,188,189,191,192,193,194,195,198,199,206,207,209,210,214,216,218,219,220,228,229,230,234,236,238,239,242,243,244,245,246,247,249,250,251,252,253,254,255,256,257,259,262,264,268,269,271,274,275,276,278,280,283,285,288,289,290,296,298,299,300,301,303,304,307,309,310,311,312,313,314,316,319,320,322,325,331,333,334,337,338,339,340,345,349,352,356,359,360,362,364,365,366,368,372,375,376,381,391,405,420,424,640
20,62,74,77,80,81,82,83,84,86,87,88,89,90,91,92,94,95,98,100,101,102,104,105,106,108,109,110,111,112,113,114,116,117,118,119,120,123,125,126,127,128,131,132,133,135,136,137,140,141,143,146,147,148,153,158,159,160,162,164,166,169,170,171,173,176,179,181,189,190,191,193,194,195,196,197,199,201,206,207,209,212,213,214,217,218,219,222,223,225,231,236,238,240,246,248,249,253,254,255,256,257,258,259,260,261,263,264,267,270,273,274,275,277,278,279,280,281,284,285,286,289,292,295,296,299,301,302,303,304,308,309,313,314,315,316,318,320,324,325,326,328,330,331,334,335,336,337,339,349,354,356,357,360,367,370,373,377,379,386,391,392,415,430,436,440,508,677
21,73,75,76,77,78,81,82,83,85,86,87,88,89,90,91,92,93,95,97,100,101,102,103,104,106,107,108,110,111,112,115,117,118,120,121,122,123,125,126,127,128,131,133,137,139,140,146,147,151,153,154,155,156,158,162,163,165,166,167,168,170,171,172,178,180,181,182,185,186,187,190,193,195,197,198,202,203,204,205,206,207,208,209,213,217,224,225,226,227,228,229,238,245,247,248,255,257,259,261,262,263,264,265,266,271,273,274,276,277,279,280,283,284,288,289,292,293,295,298,300,301,302,303,305,306,308,309,312,314,315,317,318,320,321,322,323,326,328,329,331,332,334,335,336,337,340,341,342,344,350,352,353,355,357,361,363,374,384,393,396,404,409,411,413,419,421,427,441,464,488,522
22,35,66,70,73,74,75,76,77,78,80,81,82,83,84,85,86,88,89,90,91,92,93,94,96,98,99,100,102,103,104,106,107,108,109,110,112,113,115,117,118,119,122,124,125,126,127,128,129,131,132,133,134,135,140,145,147,148,149,150,151,152,153,154,155,157,159,160,163,164,167,172,173,174,176,178,180,181,184,186,189,190,193,196,197,200,204,206,209,211,213,214,217,218,219,221,223,225,226,227,228,233,234,235,236,237,238,240,244,249,250,251,254,257,258,260,263,265,271,272,274,275,276,277,278,279,280,281,283,284,286,288,289,290,291,292,293,296,299,301,305,306,310,314,317,327,328,329,330,331,334,335,338,342,343,347,348,351,362,368,371,375,377,381,385,388,390,391,398,407,416,447,515
23,71,72,73,74,75,76,77,78,79,80,81,82,83,87,88,89,90,93,94,96,97,98,99,100,101,103,104,105,106,107,111,112,114,116,117,118,119,120,121,122,123,124,126,129,130,131,132,133,134,135,136,138,140,142,146,147,150,151,153,154,156,157,158,159,160,161,163,164,165,168,171,174,175,176,178,183,186,187,188,193,194,195,200,202,203,204,205,210,211,212,215,219,221,223,224,225,226,235,236,237,238,239,240,245,246,247,248,252,253,254,255,259,260,264,266,268,272,275,277,278,281,282,285,288,289,291,292,293,295,296,297,298,301,302,303,307,309,314,315,316,318,325,330,334,337,339,341,345,349,352,354,359,360,361,363,364,368,369,370,378,379,380,383,384,414,450,466,478,481
24,45,65,71,72,74,77,78,79,81,82,83,85,86,88,89,91,93,94,95,96,97,98,101,102,103,104,106,107,108,110,111,113,116,117,118,121,125,127,129,130,132,133,134,135,136,139,140,143,145,146,147,149,153,156,161,162,164,165,167,168,171,177,178,182,184,185,186,187,188,190,192,198,199,202,204,205,208,210,212,213,218,219,222,226,227,228,231,232,234,236,237,240,241,244,247,248,249,251,252,255,258,261,263,266,267,269,273,277,280,282,283,284,285,286,287,290,294,295,296,298,300,301,306,312,317,328,330,332,335,337,344,345,346,351,354,356,359,364,365,383,391,394,397,400,429,436,444,453,614
25,75,76,77,78,80,81,82,84,85,86,87,89,90,92,93,95,98,100,104,105,106,107,111,112,113,115,117,118,120,121,122,123,124,125,127,128,131,132,134,138,141,143,144,145,146,148,151,152,156,158,160,162,166,168,173,174,175,177,179,180,181,182,184,185,186,187,190,193,194,196,201,203,207,208,209,210,211,213,216,217,219,220,225,226,228,230,231,232,234,236,237,240,242,243,245,247,249,250,252,254,255,257,264,265,269,270,273,276,277,278,279,285,287,294,295,297,300,302,304,307,309,316,319,321,324,326,330,331,336,337,340,341,343,346,347,348,359,361,383,386,391,399,414,429,430,433,435,458,484,486,490,570
26,74,75,76,77,78,79,80,81,82,84,86,89,90,91,94,97,98,101,103,105,106,107,110,111,113,115,118,119,120,121,123,124,125,126,127,130,131,132,133,134,135,136,137,139,140,142,143,146,147,149,150,152,154,155,156,157,158,161,164,166,167,168,171,178,179,180,182,184,187,188,190,198,199,203,204,205,208,209,212,215,217,219,225,228,230,232,234,235,238,239,241,242,243,244,246,248,249,250,253,263,268,272,275,276,277,283,284,285,288,289,292,295,297,298,299,301,302,303,305,307,308,310,313,315,319,321,323,325,331,333,334,338,341,344,349,352,355,356,369,376,377,388,391,397,456,464,472,538,556,637
27,68,71,73,74,75,76,77,78,79,80,81,82,83,84,85,86,88,90,91,92,93,94,96,98,99,100,103,104,106,107,109,112,114,115,116,118,120,123,124,125,126,127,128,129,131,134,135,136,138,139,142,143,145,147,152,157,162,164,172,173,175,176,178,179,180,181,183,186,187,188,189,190,191,192,193,194,196,197,199,200,201,208,213,218,220,221,224,229,230,235,236,241,242,247,249,250,252,257,261,263,274,276,277,282,283,286,289,293,294,296,299,300,301,302,303,306,307,309,313,314,315,316,318,324,325,327,328,329,331,333,337,338,340,342,343,353,354,356,361,362,363,366,369,370,376,377,385,387,390,392,395,404,411,415,416,439,447,465,494
28,41,65,67,69,70,71,72,73,74,75,76,77,78,80,81,82,83,84,85,86,88,89,90,91,92,94,96,97,98,99,100,101,103,104,105,106,108,109,110,111,114,115,116,117,118,120,121,123,124,126,127,134,136,138,139,141,147,148,150,151,156,157,158,159,160,162,164,166,167,170,171,177,179,181,182,183,188,189,195,196,197,199,201,202,203,205,207,229,230,232,234,236,238,239,241,242,243,249,251,252,253,254,256,258,260,265,280,281,283,284,285,286,289,292,297,301,302,308,313,315,317,318,320,322,325,327,328,330,333,340,341,345,349,356,357,362,363,367,368,391,396,406,410,411,424,436,477,480,556,599,617
29,44,63,65,66,67,68,69,70,71,73,75,76,79,81,83,84,85,90,91,93,95,96,97,98,99,100,101,102,103,105,106,112,113,115,117,120,121,122,124,125,127,129,131,133,134,139,140,144,147,150,151,152,155,158,168,170,171,177,178,181,182,185,189,190,191,192,197,200,201,204,207,213,215,218,231,232,233,235,236,240,242,243,246,248,249,251,252,253,262,273,283,284,285,286,287,291,299,309,311,313,320,322,327,329,336,338,341,343,348,354,355,357,360,364,376,383,387,391,393,404,406,419,421,690
30,2,60,63,66,67,68,69,70,71,72,74,75,77,78,79,81,82,83,84,85,86,87,88,89,90,92,97,98,99,100,101,102,104,105,106,107,108,110,113,114,116,118,119,121,125,129,130,131,133,135,136,140,141,145,146,147,150,151,152,153,154,159,161,165,166,167,169,178,185,186,189,193,195,199,201,204,207,216,220,227,230,231,232,233,235,236,243,247,249,250,265,268,269,272,277,278,288,289,290,301,303,305,311,313,322,326,330,335,341,342,343,345,351,352,355,366,376,387,406,408,417,431,457,464,479,534
31,54,61,63,64,65,66,68,69,70,71,72,73,74,75,76,77,78,79,80,81,83,84,85,87,88,89,91,92,94,97,98,100,102,103,104,105,109,110,111,112,113,114,116,117,118,119,123,124,125,126,127,128,129,131,132,137,138,140,141,143,146,147,148,149,155,160,164,165,168,170,171,172,173,176,177,182,183,186,187,188,191,193,198,200,202,208,209,210,212,215,217,220,222,224,225,227,231,232,233,235,254,256,265,269,270,274,276,281,285,289,290,291,292,295,296,299,305,306,315,322,333,342,346,349,350,355,361,373,379,389,391,397,401,415,490,698
32,60,61,65,66,67,69,70,71,72,73,74,75,76,77,78,79,80,81,83,85,87,89,91,92,93,94,95,97,99,100,102,103,106,107,110,111,112,113,114,115,116,117,120,122,124,126,127,128,130,131,133,135,137,138,139,140,141,142,145,151,152,155,156,158,163,169,170,172,175,176,181,186,188,189,190,191,192,193,196,197,202,205,209,214,215,220,226,227,231,232,237,238,239,240,247,248,251,254,265,268,269,270,273,278,280,282,285,287,289,303,310,313,316,363,368,377,389,406,472,662,693
33,20,56,61,62,63,64,65,66,67,68,69,70,71,74,75,76,77,78,79,80,81,82,83,84,86,87,88,90,92,94,95,96,97,101,103,104,105,107,108,109,111,112,113,119,120,121,123,124,125,127,132,133,136,137,139,141,142,144,146,150,161,164,165,166,171,173,174,176,177,187,188,190,191,199,200,201,204,205,206,209,211,213,215,221,223,225,226,227,228,231,233,234,235,236,237,238,239,240,241,243,244,246,249,252,253,254,259,260,265,270,276,285,286,288,289,293,297,304,311,313,314,324,337,338,345,375,380,389,408,409,414,437,445,484,571,697
34,61,64,65,66,67,68,69,70,71,73,74,75,78,79,82,83,84,85,86,87,89,91,92,93,94,97,101,102,104,105,106,107,109,110,111,115,118,120,121,123,124,125,127,132,135,142,145,147,148,153,155,159,160,161,164,168,169,170,172,173,175,177,178,182,184,188,189,191,194,198,199,208,209,211,212,218,219,220,222,223,225,226,227,228,229,232,234,236,237,239,245,248,278,288,290,293,307,309,312,339,378,382,395,396,477,483,487,595
35,58,59,60,61,62,64,66,67,68,69,71,72,73,74,75,76,78,80,81,82,84,85,86,87,89,93,94,95,96,99,100,101,106,107,112,113,114,119,120,127,132,133,141,149,150,154,157,159,165,166,171,172,173,176,178,180,181,184,185,186,191,193,196,197,202,203,204,214,215,218,219,221,226,227,228,230,233,234,236,237,239,270,302,304,305,314,359,365,405,459
36,38,58,59,62,63,64,65,66,67,68,69,70,71,72,73,74,75,76,78,79,80,81,82,84,86,87,88,93,94,95,98,100,102,103,105,107,116,122,123,124,126,127,129,130,132,138,139,141,150,152,154,155,158,159,161,162,163,164,168,169,170,172,175,178,180,194,196,197,202,205,220,224,228,232,233,236,237,238,239,244,245,247,252,258,268,274,290,297,299,312,320,347,409,559,571
37,53,54,56,62,63,64,65,66,67,68,69,70,72,73,74,75,77,79,80,81,82,83,84,85,87,88,90,91,94,103,106,107,113,115,118,119,122,126,129,131,136,145,148,149,151,157,158,159,162,163,164,165,166,169,172,174,176,177,181,187,190,194,202,205,214,219,222,223,225,230,231,233,235,238,241,255,258,274,283,290,301,380
38,23,56,57,58,59,61,62,63,64,65,66,67,68,69,70,71,72,74,75,77,79,80,81,82,84,85,86,89,90,94,96,97,99,100,102,106,107,109,112,116,120,122,125,139,143,145,147,149,150,153,154,157,158,159,160,161,165,167,168,170,172,174,175,178,180,183,190,195,209,214,221,223,226,238,240,244,247,254,255,286,291,387,664
39,17,33,54,55,56,57,58,59,60,61,62,63,64,65,66,67,68,69,70,73,75,76,78,79,82,83,84,85,87,88,89,90,91,92,93,94,97,99,100,101,102,105,107,108,109,110,111,112,114,118,120,121,123,125,126,127,129,131,132,133,134,136,139,150,155,156,157,159,160,162,164,166,169,170,172,179,180,186,191,194,197,199,205,215,216,221,224,225,226,229,232,233,238,240,242,246,248,258,264,283,344,350,357,510,538,555
40,19,52,55,56,57,58,59,61,62,63,64,65,66,67,68,70,74,76,79,80,82,83,85,86,87,91,92,93,95,96,98,99,100,101,102,103,104,105,107,108,109,112,113,114,115,117,118,120,121,122,124,125,126,127,128,132,137,140,141,142,144,153,163,166,167,169,171,172,173,175,177,179,181,182,185,186,189,190,192,194,196,197,199,210,212,218,221,226,232,238,242,243,244,246,250,255,257,273,284,286,386,626
41,53,54,55,56,57,58,60,62,63,64,65,68,69,70,71,72,73,75,77,78,79,80,82,83,84,85,87,88,89,90,91,92,94,97,98,99,100,101,102,103,104,107,109,111,118,122,127,128,132,136,137,139,140,150,153,154,155,156,157,159,160,161,162,164,165,171,172,173,176,177,179,183,184,185,190,191,193,195,202,207,211,221,222,228,230,231,241,249,254,265,267,276,296
42,48,50,52,53,55,57,59,60,61,62,63,64,65,66,67,68,69,70,71,72,73,74,75,76,77,78,79,80,81,82,83,85,86,89,90,91,93,95,96,100,101,107,108,110,111,113,115,117,119,120,121,123,124,125,127,130,131,133,135,136,137,142,144,146,148,150,151,152,153,154,158,160,161,162,167,168,169,170,171,172,174,175,176,177,180,184,191,194,196,201,202,203,205,210,216,219,222,236,238,242,246,264,292,296,300,306,318,329,390,590,666
43,50,52,53,55,56,57,59,60,61,62,63,64,65,66,67,69,70,71,72,73,74,75,76,78,79,82,84,86,88,90,91,93,94,95,97,98,100,101,102,103,105,106,107,108,109,112,113,115,116,117,119,120,121,122,123,126,131,134,135,139,145,146,148,149,151,152,154,155,156,158,159,161,164,167,169,171,173,175,184,216,222,224,225,236,238,241,242,243,245,259,260,272,273,285,334,338,370,387,612
44,8,47,48,53,54,55,56,57,58,59,60,61,63,64,65,66,67,69,70,71,72,73,74,75,76,78,79,80,81,83,84,85,86,88,89,91,92,93,94,95,96,97,98,99,100,101,102,103,104,105,106,107,108,110,111,113,115,116,119,120,122,124,128,131,138,143,144,145,146,148,151,155,158,159,162,166,170,180,182,188,190,194,195,196,197,203,205,207,213,214,216,220,225,227,235,238,243,257,259,262,269,282,296,300,341,353,369,379,397,453,492,569,655
45,28,40,46,47,48,49,51,53,54,56,58,62,63,65,66,67,68,69,70,71,72,74,75,77,78,79,80,82,83,84,85,86,87,88,89,91,93,94,95,97,98,99,101,102,104,109,110,111,113,114,116,119,124,125,129,130,133,137,140,141,142,147,148,150,151,152,157,158,159,161,162,163,164,166,167,168,169,171,172,174,175,177,178,179,181,182,183,185,186,187,190,191,192,194,197,203,207,209,210,212,213,218,223,225,228,231,232,238,240,241,250,252,257,259,277,284,338,358,359,478,533,594,596,610
46,44,46,50,51,53,54,55,56,57,58,59,60,62,63,64,66,69,70,71,72,73,74,75,77,80,83,86,87,90,95,99,100,101,102,103,105,106,110,112,113,114,115,119,122,128,129,132,137,139,142,143,144,146,148,149,150,151,154,155,156,157,159,160,162,163,164,165,167,168,170,172,174,176,177,179,184,188,193,199,201,202,203,205,208,211,212,216,222,229,233,248,260,273,278,296,502,588,617
47,11,42,46,49,50,51,52,53,54,55,56,57,59,60,61,63,64,65,66,69,70,72,73,75,77,79,82,83,84,85,86,88,89,91,92,93,94,95,96,99,101,102,104,105,108,110,111,113,114,115,116,117,118,119,121,124,128,130,135,136,138,139,144,145,148,150,152,153,155,157,159,160,161,163,165,167,171,174,177,180,181,183,184,191,211,217,218,219,222,225,226,231,233,245,255,259,271,299,308,315,329,342,350,357,400,589,623,643,665,687
48,27,41,43,44,47,50,51,52,55,60,65,66,67,68,69,71,72,73,74,75,81,82,83,85,86,87,89,90,92,93,94,97,98,99,100,101,102,103,104,107,110,111,112,113,115,116,117,118,119,126,127,144,146,150,158,161,163,164,171,173,176,180,181,183,190,191,193,196,200,230,231,253,256,257,260,283,312,324,340,443,659,677,680
49,52,56,66,69,74,89,96,108,115,120,122,126,132,135,136,138,140,144,151,152,155,158,168,176,177,178,183,184,186,187,192,199,204,206,213,221,227,255,263,269,341,371,471,550
50,102,105,128,232,260,293,398,470,478,527,565,582,615
51,176,435,576
52,317,369,501
53,37,39,277,324,407,549,610,618,628
54,212,272,372,399
55,167,347,375,472,517
56,630
57,44,137,530
58,5,36,183,266,351,367,436,478,550,633
59,263
60,
61,
62,
63,
64,
65,
66,
67,
68,
69,
70,
71,
72,
73,
74,
75,
76,
77,
78,
79,
80,
81,
82,
83,
84,
85,
86,
87,
88,
89,
90,
91,
92,
93,
94,
95,
96,
97,
98,
