11
0,189
1,142,181,417,502,578,683
2,119,197,418,660,666
3,89,93,449,591
4,8,30,38,42,69,70,71,219,297,312,334,516,618,695,699
5,24,56,65,71,72,74,76,77,78,79,80,81,83,85,87,89,91,92,93,94,95,98,99,103,140,184,296,312,313,317,328,329,334,335,337,339,340,341,342,343,344,345,346,347,348,350,351,352,353,354,355,356,357,358,359,361,362,363,364,365,366,367,368,369,370,371,372,374,375,376,377,378,380,381,383,385,388,390,391,393,394,398,400,402,405,412,414,419,420,427,441,462,468,605
6,12,18,28,58,66,72,73,74,75,77,78,79,80,81,82,83,84,85,86,87,88,89,90,91,92,93,94,95,96,97,98,99,100,101,102,103,104,105,106,107,109,110,111,112,113,114,115,116,117,118,119,121,122,123,124,125,126,127,128,132,135,139,155,156,157,158,161,163,164,165,166,167,168,169,170,171,172,175,178,179,180,181,182,192,255,273,278,293,299,301,304,305,311,315,316,323,325,326,328,336,338,339,341,342,343,344,345,347,348,349,351,352,353,354,355,356,357,358,361,362,363,365,366,367,368,369,370,371,372,373,374,375,377,378,379,381,382,383,386,390,394,398,409,413,414,416,424,425,429,432,449,483,500,633,646
7,76,80,81,82,84,86,87,88,89,90,91,92,93,94,95,96,97,98,99,100,101,102,103,104,105,106,107,108,109,110,111,113,114,115,116,117,118,119,120,121,122,123,124,125,126,127,128,129,130,131,132,133,134,135,138,140,141,142,143,144,145,148,151,152,153,154,155,156,157,158,160,161,162,163,165,168,171,172,173,174,175,176,177,178,179,180,181,182,183,184,185,186,190,191,192,193,194,195,196,197,199,200,201,202,203,204,205,206,207,208,209,210,211,212,213,214,215,217,218,220,222,223,224,225,226,227,228,230,231,233,234,235,236,238,239,240,241,243,244,245,246,248,249,250,253,254,256,257,259,260,261,262,264,265,266,268,269,270,272,273,274,275,277,278,279,280,281,283,284,285,286,287,288,289,291,292,293,294,295,297,298,299,300,301,302,303,304,305,306,307,308,309,310,312,313,314,315,316,317,318,319,321,322,323,324,325,326,327,328,329,330,331,332,333,334,335,336,337,338,339,340,341,342,343,344,345,346,347,348,349,350,351,352,353,354,355,356,358,359,360,362,363,364,365,367,368,369,370,371,372,373,375,376,377,378,379,381,382,383,384,385,386,388,389,390,391,392,394,396,397,398,399,400,402,404,407,409,415,416,418,425,429,434,436,443,452,481
8,32,77,78,80,81,82,83,84,85,86,87,88,89,90,91,92,93,94,95,96,97,98,99,100,101,102,103,104,105,106,107,108,109,110,112,113,114,115,116,118,119,120,121,122,123,124,125,126,127,128,129,130,131,132,134,135,136,138,140,141,142,143,144,145,147,148,150,152,153,155,156,157,161,165,167,169,170,171,174,175,176,177,178,179,180,181,182,183,184,185,186,187,188,189,190,191,193,194,195,196,197,198,199,200,201,202,203,204,205,206,207,208,209,210,211,212,213,214,215,216,218,219,222,224,225,227,228,230,231,232,233,234,235,237,238,239,240,241,242,245,246,247,249,253,255,257,258,261,263,264,265,266,268,271,272,273,274,275,276,278,279,280,281,282,283,285,286,287,290,291,293,294,295,297,298,299,300,301,305,306,311,312,315,318,319,320,321,322,323,324,325,327,328,329,330,331,332,334,335,336,337,338,341,343,344,345,346,348,349,351,352,355,356,357,358,360,361,363,364,365,366,368,369,370,373,374,375,377,378,379,380,381,384,385,386,387,388,389,392,393,394,396,399,400,401,403,405,406,408,411,413,414,416,417,419,420,421,422,423,425,428,430,432,433,435,436,438,439,440,441,442,444,445,447,448,449,451,462,471,472,473,480,482,486,488,499,543,658
9,75,77,80,81,82,83,84,85,86,87,88,89,90,91,92,93,94,95,96,97,98,99,100,101,102,103,104,105,106,107,108,109,110,111,112,113,114,115,117,118,119,120,121,122,123,124,125,126,129,130,131,132,133,134,135,136,137,138,140,142,143,144,145,149,150,151,152,153,155,156,159,160,161,163,164,165,167,168,173,174,176,177,178,179,180,183,184,185,186,187,189,190,191,192,193,195,197,198,199,202,203,206,207,208,209,210,211,212,214,215,216,217,218,219,221,222,223,225,229,230,231,232,233,234,236,239,240,244,245,246,247,248,249,250,252,255,260,261,262,264,265,266,268,270,272,273,274,275,276,279,280,282,283,284,285,286,288,289,291,294,295,296,297,298,299,300,301,302,303,306,307,308,309,310,311,312,313,314,315,316,317,318,319,320,322,323,324,326,327,328,329,332,334,335,336,338,339,341,342,343,344,345,346,347,348,349,350,351,352,353,354,355,357,358,360,362,363,365,366,367,368,369,370,371,372,373,374,375,376,377,378,379,382,383,384,385,386,387,389,390,391,392,395,399,400,401,402,404,406,408,410,411,412,414,415,417,418,419,420,421,422,423,425,426,427,429,432,433,437,441,443,453,454,461,471,473,491,514,662
10,75,76,77,79,81,82,83,84,85,86,87,88,89,90,91,92,93,94,95,96,97,98,99,100,101,102,103,104,105,106,107,108,109,110,111,112,113,114,115,116,117,119,120,122,123,124,125,126,127,129,130,131,133,134,136,138,140,141,142,143,144,146,147,148,149,151,152,153,154,155,157,158,159,160,162,165,167,168,169,173,174,176,178,179,180,181,182,183,184,185,186,188,190,191,192,194,195,196,197,198,200,201,202,204,205,206,207,208,209,211,212,213,214,215,216,217,218,219,220,221,223,225,226,228,229,232,234,235,236,238,239,240,242,243,244,245,246,247,248,249,251,252,253,255,256,258,259,265,267,269,275,276,277,278,283,284,285,286,288,291,292,295,298,300,303,306,307,308,309,311,312,314,315,318,319,320,322,323,329,330,332,334,336,339,340,341,342,346,348,350,351,352,353,354,355,357,358,359,362,363,366,367,368,369,371,372,374,375,376,377,378,379,380,381,382,383,388,389,390,391,392,393,395,397,402,403,406,408,409,410,411,412,415,416,419,423,426,427,431,432,437,443,457,465,469,490,627
11,29,49,74,76,77,78,79,80,81,82,83,84,85,86,87,88,89,90,91,92,93,94,95,96,97,98,99,100,101,102,103,104,105,106,107,108,112,113,114,115,116,117,118,119,120,122,123,124,125,126,127,128,129,130,133,134,136,137,138,139,140,141,142,143,144,145,147,148,150,154,155,156,157,158,159,160,161,162,168,170,172,173,174,175,176,179,180,181,184,185,186,187,188,189,190,191,192,193,194,195,196,197,198,200,203,204,205,207,208,209,210,212,213,215,216,219,222,235,236,237,238,240,241,242,243,244,246,251,252,254,256,258,259,261,262,265,270,271,272,273,274,276,277,279,280,281,283,286,289,290,294,295,298,302,303,304,311,312,313,315,316,317,318,320,321,323,324,326,328,330,331,332,333,334,335,336,338,340,342,343,344,346,347,348,349,350,351,352,353,354,356,357,358,359,360,361,362,363,364,365,366,367,368,369,370,371,372,373,374,375,377,378,380,381,383,385,386,387,388,390,391,393,394,396,397,398,400,401,402,403,404,407,409,413,414,416,417,425,426,427,429,435,436,438,439,443,444,445,451,456,462,464,471,490,524
12,74,75,76,77,81,83,84,85,88,90,91,92,93,94,95,96,97,98,99,100,101,103,104,105,106,107,108,109,110,111,112,113,114,115,118,119,121,122,124,125,126,127,128,129,130,131,132,133,135,136,137,138,140,143,144,145,147,148,149,150,151,152,154,158,159,160,161,163,164,165,166,169,170,172,174,176,180,181,182,183,184,185,187,188,189,190,192,194,196,199,200,201,202,203,204,205,207,208,209,210,211,212,213,217,218,220,221,222,223,226,229,231,232,233,235,236,238,241,242,243,244,246,247,248,249,250,252,253,254,258,260,262,263,266,268,269,270,274,276,277,279,283,285,287,288,289,293,304,305,306,308,309,310,311,312,314,318,320,321,322,323,324,326,328,329,331,332,333,335,336,338,339,341,342,344,345,346,349,352,353,356,357,358,361,362,363,364,365,366,369,371,373,374,376,378,380,381,386,388,390,391,394,395,396,400,403,404,406,408,410,413,414,415,416,418,421,426,428,430,431,434,439,444,445,453,454,456,460,463,476,477,478,484,498
13,75,76,78,79,80,81,82,83,85,86,90,91,92,95,96,97,98,99,100,101,102,103,104,105,106,107,108,110,112,113,114,115,116,117,118,119,120,121,124,125,126,127,128,132,133,134,137,138,142,144,145,147,148,149,151,152,153,154,156,157,158,159,161,162,164,165,166,167,168,170,172,173,175,177,183,186,188,191,192,193,198,199,201,202,203,204,205,206,207,208,209,210,211,213,214,215,218,219,222,223,224,230,231,234,235,237,238,239,240,244,245,250,252,255,256,259,263,264,265,269,273,275,278,279,282,288,292,295,296,297,298,300,302,306,313,314,318,319,320,322,325,327,329,330,334,335,339,340,344,346,347,356,357,358,360,361,362,363,365,367,369,371,372,375,376,377,380,381,382,383,385,388,390,391,394,396,397,398,399,401,403,404,405,406,409,410,413,417,419,421,422,423,426,427,429,431,434,435,436,438,452,463,475,488,516,526
14,73,75,76,77,78,80,83,84,85,86,87,89,90,91,92,93,94,95,97,98,99,100,101,102,103,104,105,106,108,110,111,113,115,116,117,120,122,124,127,129,130,131,132,133,135,136,137,138,141,142,143,146,147,148,149,150,153,154,156,159,162,165,166,168,172,173,174,176,177,178,179,181,182,186,187,188,189,190,191,192,194,195,197,198,199,201,202,204,206,207,208,209,210,211,212,213,214,215,216,219,220,221,222,223,224,225,226,227,230,232,234,237,240,241,243,245,247,248,250,252,253,254,255,256,257,258,260,262,270,274,275,276,277,279,280,282,283,285,286,288,289,299,301,303,306,307,308,309,310,311,315,316,317,318,319,320,324,326,327,328,329,332,334,335,336,337,339,341,344,345,346,348,349,350,352,353,354,355,356,357,359,364,366,367,368,369,370,371,372,374,376,381,382,383,384,387,389,390,391,398,401,410,412,420,427,430,431,435,438,439,440,441,445,448,458,464,472,481,483,491,515,529
15,30,72,77,78,79,80,81,82,84,85,86,88,89,90,91,92,93,94,96,97,98,100,101,102,104,106,107,108,109,110,111,113,114,115,117,119,120,121,123,124,125,127,129,130,131,132,135,136,137,138,139,140,142,143,144,145,147,148,149,150,151,153,154,156,157,159,160,163,164,165,167,169,170,172,173,175,176,180,181,182,183,185,187,189,190,193,195,196,197,198,199,200,203,204,205,206,208,209,216,217,221,222,223,224,227,228,233,236,237,241,243,244,250,252,256,258,264,267,269,271,272,274,281,282,283,284,285,286,293,295,297,299,303,304,316,318,322,326,330,337,340,341,342,349,351,352,353,355,357,358,361,362,363,365,367,372,373,375,376,377,379,380,385,386,387,389,391,392,397,398,399,401,402,404,407,411,412,414,417,419,435,436,437,440,448,456,458,467,468,470,481,485,500,504,505,645
16,38,76,77,80,83,84,85,87,88,91,92,93,94,96,98,99,100,102,103,104,105,106,107,108,109,110,111,112,113,114,115,116,117,118,119,120,121,122,123,125,126,127,129,131,132,134,135,139,141,142,146,147,148,149,152,153,155,156,159,160,162,168,171,172,174,178,179,180,181,182,184,186,187,189,193,194,199,200,205,207,211,212,214,215,218,219,221,231,236,237,238,240,243,246,247,248,254,256,257,258,259,260,261,262,264,270,271,275,276,278,282,283,286,288,296,302,306,309,313,315,319,320,322,324,327,329,331,335,337,340,343,349,352,353,356,362,365,368,370,379,380,383,388,392,394,399,403,405,407,413,414,418,430,431,433,434,435,437,438,443,444,452,454,459,466,467,469,470,471,485,486,487,490,493,510,533,537,543,672,686
17,4,68,71,73,74,75,76,77,78,80,81,82,84,85,86,88,89,91,92,93,94,96,97,99,101,104,105,106,108,109,110,112,113,115,116,117,119,120,121,123,124,125,126,127,131,133,134,135,138,141,144,145,146,147,148,149,150,151,152,155,158,159,160,162,163,165,166,170,172,175,176,181,186,187,188,192,195,196,197,203,204,207,208,209,213,215,218,219,222,226,227,228,229,231,233,234,236,243,253,255,263,266,269,270,274,276,282,287,288,290,292,294,301,302,303,307,311,314,315,317,318,323,325,327,331,332,334,335,336,337,339,340,344,345,346,348,349,350,353,357,359,363,373,379,380,387,391,392,395,398,399,401,404,406,410,418,422,429,432,443,444,445,446,453,457,463,469,470,483,498,686
18,73,75,76,77,78,79,80,81,82,83,84,85,87,88,90,91,93,94,95,96,97,98,99,101,102,103,104,105,107,108,109,110,113,114,115,116,119,120,122,123,124,125,127,129,130,131,132,133,134,135,137,138,139,140,141,144,148,151,155,156,157,159,164,168,169,171,172,173,174,176,177,181,182,183,184,187,188,189,190,193,196,197,201,202,203,204,206,209,210,211,212,220,224,226,227,228,229,235,236,239,241,242,243,246,247,254,255,261,264,268,269,271,272,274,277,278,282,285,290,291,296,297,304,305,309,311,314,317,318,322,324,328,338,340,344,346,355,356,358,362,368,371,372,373,374,378,379,380,385,386,390,392,393,394,395,397,401,404,408,409,411,412,413,414,418,426,428,431,440,446,450,451,457,461,479,512
19,69,71,72,73,74,75,76,77,78,79,80,81,83,84,85,86,87,88,89,90,91,93,95,96,97,98,99,100,102,103,104,105,107,108,109,110,111,112,113,114,116,118,119,120,121,122,123,124,125,126,127,129,131,136,137,140,142,144,145,146,147,148,150,152,157,160,161,162,163,166,170,172,174,175,179,180,184,186,187,189,192,193,194,196,198,199,200,201,202,205,206,207,210,212,213,214,215,218,221,222,224,227,228,229,231,232,233,234,235,237,241,244,247,248,249,253,258,260,261,263,267,269,273,274,275,276,280,281,282,283,285,293,294,295,299,309,312,313,314,320,341,356,357,363,366,368,373,379,382,383,389,392,393,394,395,397,398,400,404,405,408,409,410,417,421,433,438,440,441,452,471,474,501
20,67,69,71,73,74,75,76,77,78,79,80,81,82,83,84,85,87,89,90,91,92,93,94,95,97,98,99,100,101,102,103,104,105,106,107,108,110,111,112,114,116,117,118,119,120,121,123,125,128,129,130,131,132,133,134,136,137,138,139,141,142,143,144,146,147,149,150,151,153,154,155,157,158,159,164,165,166,167,169,170,171,172,176,178,179,180,182,184,185,186,188,189,192,194,195,196,201,202,203,204,205,206,208,211,212,213,214,216,218,220,226,230,233,234,235,241,243,244,246,247,248,252,253,255,257,259,260,262,265,269,272,278,279,281,283,285,287,288,294,300,301,302,311,323,336,338,345,346,350,353,378,380,384,385,387,390,403,409,413,415,417,421,424,432,442,449,455,463,466,468,479,485,510
21,12,68,71,72,73,74,75,76,77,78,81,82,83,85,86,87,88,89,90,91,93,94,95,97,98,99,100,101,102,103,104,106,108,109,110,111,112,114,116,117,118,119,120,122,123,124,126,128,130,131,132,133,134,135,136,137,138,139,140,141,143,144,145,148,152,154,155,158,159,160,162,163,164,165,166,167,168,170,172,174,175,176,177,178,179,180,182,185,187,188,189,192,193,194,197,201,202,203,207,209,210,211,212,213,219,221,229,233,234,237,238,239,240,241,242,243,244,245,247,250,251,252,254,257,258,264,265,268,270,272,274,276,279,283,284,285,287,291,294,297,301,309,310,312,316,318,325,326,327,328,329,342,358,366,375,379,380,385,388,393,394,397,399,402,403,404,410,411,417,430,456,458,478,480,518,547,552,642
22,68,69,70,71,72,73,75,76,77,78,79,80,81,82,83,84,86,88,89,90,91,92,93,94,95,96,97,99,100,101,102,105,106,108,109,110,111,112,113,115,116,117,119,120,122,123,124,125,127,129,130,133,136,139,140,141,143,145,146,149,150,151,152,154,155,156,158,160,161,162,163,164,165,166,168,169,170,172,174,175,177,178,181,183,185,186,187,189,192,195,196,197,200,201,202,203,205,206,209,210,212,213,215,217,224,227,228,231,233,234,235,236,237,238,242,243,244,245,248,254,256,257,258,259,260,261,264,266,268,270,273,274,278,280,281,283,285,286,297,298,300,301,303,309,311,315,322,324,325,327,331,346,351,361,363,394,398,407,413,415,420,426,428,432,433,452,453,461,462,486,498,512,581,630
23,60,65,67,68,69,70,71,72,73,75,76,77,78,79,81,82,84,85,86,88,89,90,91,93,94,95,96,97,98,100,102,103,104,105,106,107,108,109,110,111,112,114,118,121,122,124,126,128,129,130,131,132,133,135,136,137,138,140,141,144,145,146,147,149,150,151,152,153,154,157,159,161,162,163,164,165,170,171,172,173,174,175,178,180,181,182,183,186,188,189,191,192,193,196,204,205,206,207,213,214,223,224,225,227,228,229,233,235,237,239,240,241,244,246,248,249,250,252,254,255,256,261,262,263,265,266,269,270,272,273,275,277,278,280,281,282,285,295,296,297,298,299,300,309,314,315,316,322,323,326,327,335,340,359,396,408,415,418,425,437,446,449,457,473,500,599
24,61,64,66,69,70,71,72,73,74,75,76,77,78,79,80,81,82,83,84,85,86,87,88,89,90,91,92,93,95,97,98,99,100,102,103,104,105,107,108,109,111,112,113,115,116,117,120,121,122,123,124,125,126,128,129,130,131,132,133,134,135,136,137,139,140,143,146,148,149,150,155,156,157,158,162,163,165,166,167,172,174,176,178,182,183,184,187,188,191,193,194,196,198,199,202,203,204,211,212,213,215,217,218,220,221,224,226,229,230,231,232,233,234,236,237,238,240,241,243,244,246,247,248,249,251,253,254,255,256,257,261,262,263,266,267,270,274,275,278,279,281,286,287,290,293,298,300,302,303,307,314,317,319,345,389,392,399,402,405,408,409,418,421,439,451,465,472,540,557
25,61,62,63,66,67,68,69,70,72,73,74,75,76,77,78,79,81,82,83,84,85,88,89,92,93,94,95,96,97,98,99,100,102,103,105,106,108,109,110,111,113,116,117,118,119,120,121,122,123,124,125,126,128,129,130,131,132,133,134,135,136,137,138,139,140,143,145,146,148,150,151,152,153,155,156,157,158,160,161,162,166,167,168,169,170,171,172,173,175,176,180,183,187,188,190,193,194,196,200,201,202,203,204,206,207,208,209,210,211,214,215,216,218,219,220,221,222,223,225,226,227,228,229,230,231,232,233,236,237,238,240,243,245,246,247,248,249,250,254,256,257,258,261,264,265,266,268,270,275,277,278,279,280,284,285,288,291,294,298,300,307,312,313,314,320,326,353,368,411,443,449,456,469,472,486,521,533,599
26,65,66,67,68,69,70,72,73,74,75,76,77,78,79,80,81,82,83,84,85,86,87,88,89,90,91,94,96,97,98,99,100,101,102,103,105,107,108,110,111,112,113,115,117,118,119,120,121,123,124,125,126,127,129,130,131,133,134,136,137,140,144,145,146,147,148,151,154,155,156,157,158,161,163,166,167,168,169,170,171,173,174,178,180,181,182,184,185,186,188,189,193,195,196,198,199,200,201,204,206,207,210,212,214,215,216,218,221,224,226,228,229,230,231,232,233,234,235,237,238,240,242,243,244,245,246,247,248,249,252,255,256,257,260,262,263,264,265,267,269,272,275,277,278,279,280,283,285,303,315,329,342,346,355,389,450,464,468,511,541,550
27,14,45,64,65,66,68,69,70,71,72,74,75,76,77,78,79,80,81,82,83,84,85,86,87,88,89,90,91,92,93,95,96,97,98,101,104,106,107,108,109,110,112,113,115,117,119,120,122,123,124,125,126,127,128,129,131,132,133,138,140,141,142,145,147,148,149,150,151,152,153,155,158,159,161,162,163,164,165,166,168,169,170,173,174,175,176,177,181,182,184,186,187,189,190,191,193,194,195,196,197,198,199,200,202,203,205,208,210,212,213,214,215,217,220,222,223,224,225,227,228,229,230,231,232,236,238,240,241,242,252,255,257,269,274,275,276,277,279,282,284,287,288,291,292,294,295,298,307,310,313,314,320,322,323,334,345,347,361,366,424,452,476,591
28,63,64,67,68,69,70,71,72,74,76,77,78,79,80,82,83,84,85,87,88,90,91,92,93,94,96,98,99,100,101,102,104,105,106,107,108,111,112,113,114,115,116,117,118,119,120,122,123,124,126,127,129,130,131,132,134,135,136,139,140,141,143,145,146,147,148,149,150,153,154,155,157,160,161,162,165,166,168,169,172,173,175,176,177,178,179,181,182,183,184,186,188,189,191,192,194,196,197,198,200,202,203,204,207,208,209,210,211,214,215,217,220,221,222,223,224,226,228,229,230,231,232,233,234,235,237,238,240,241,242,243,244,246,248,250,253,255,258,260,262,270,272,273,274,275,279,280,281,284,285,286,288,289,290,291,298,299,300,316,337,345,402,406,407,441,459,480,489,559
29,51,61,62,64,65,66,67,68,69,71,72,73,74,76,77,78,79,80,81,83,84,85,86,88,90,92,93,94,95,97,99,100,101,102,103,105,106,107,109,110,113,114,115,116,117,119,120,121,122,125,127,129,130,135,136,137,138,140,142,143,146,148,149,156,157,159,160,161,162,164,166,167,168,170,171,173,174,176,177,179,182,184,185,188,189,191,192,193,194,196,197,198,200,201,202,203,204,205,211,212,215,216,217,218,219,221,224,226,228,231,232,237,238,239,240,241,242,245,246,251,252,255,256,257,261,263,265,268,270,274,275,276,277,279,280,284,286,288,295,309,314,317,325,329,333,334,341,374,377,395,448
30,23,59,63,64,65,66,67,68,70,71,72,73,74,75,76,77,82,83,84,86,90,91,92,94,96,100,101,103,105,110,111,113,114,117,118,119,120,121,122,124,125,126,127,128,130,132,133,134,135,138,140,142,143,145,149,150,153,154,156,157,158,160,161,163,164,165,166,167,169,171,172,173,174,176,178,179,180,181,183,184,186,188,191,196,197,200,201,205,214,215,216,218,222,224,225,226,228,230,231,234,237,238,240,242,243,245,246,247,249,256,257,259,261,262,264,265,266,267,268,271,278,280,281,282,283,285,287,288,298,310,321,328,338,348,364,449,483,539,622
31,56,62,63,64,65,66,68,69,70,72,74,76,78,80,83,85,86,87,88,89,90,91,92,93,95,96,99,100,101,102,103,104,105,107,108,109,110,111,112,115,116,118,120,121,122,123,125,127,130,132,136,139,140,142,144,145,147,151,152,154,156,157,158,160,162,163,164,165,167,168,170,177,181,183,184,187,190,193,194,195,196,199,200,201,202,203,205,206,209,210,211,213,214,216,217,218,220,222,226,227,228,229,230,231,233,235,237,238,239,240,241,242,243,244,248,249,252,253,254,255,256,257,259,260,261,263,268,270,273,274,276,277,278,280,285,291,295,313,315,327,329,337,362,392,398,399,420,451,551
32,61,62,63,64,65,66,67,69,70,71,72,73,74,75,78,79,81,82,83,84,85,86,87,88,89,92,94,97,98,100,102,104,107,108,111,112,113,114,115,118,119,120,121,125,127,128,129,130,132,135,139,140,142,143,144,150,151,152,153,154,155,156,157,158,160,161,163,164,167,173,175,176,180,182,183,186,187,188,190,193,194,195,196,200,201,202,203,205,207,209,212,213,214,217,219,220,221,222,223,224,227,229,233,234,238,239,241,244,246,249,250,253,254,255,256,259,260,261,264,267,268,271,272,278,288,290,291,292,294,295,300,313,331,345,355,359,363,364,569,640
33,56,62,64,65,66,67,68,69,70,71,72,73,74,75,76,77,78,79,80,81,82,83,84,85,86,87,88,89,90,91,94,95,96,97,99,100,101,103,105,107,109,110,111,112,113,115,117,118,122,123,131,133,135,137,138,141,146,157,162,165,168,170,172,175,177,179,180,181,183,186,187,188,193,197,198,200,206,208,212,214,220,221,223,224,229,230,235,237,239,240,241,242,243,252,254,257,258,259,262,266,272,274,275,278,279,283,285,286,297,301,320,342,343,345,348,349,365,366
34,58,61,62,64,66,69,70,71,72,73,75,76,77,78,80,81,82,83,84,85,86,87,88,89,92,93,94,96,97,98,99,100,101,102,103,105,106,108,109,110,112,114,115,116,124,126,128,129,131,132,133,135,137,138,143,149,150,152,156,157,159,162,166,167,168,172,177,180,181,185,186,187,202,204,208,211,215,224,225,227,234,239,243,251,253,254,262,266,269,281,292,293,324,352,395,500
35,53,54,58,59,60,61,63,64,65,66,68,69,70,72,73,74,75,79,80,81,82,83,84,85,86,87,88,89,90,95,96,97,98,99,101,102,104,105,107,108,109,110,111,117,118,122,123,125,126,127,128,129,130,131,132,133,134,135,136,139,140,141,143,144,148,149,150,154,155,156,158,160,162,163,164,166,169,173,174,175,176,178,179,180,182,184,186,188,189,194,196,209,210,218,221,222,225,228,232,234,239,244,245,249,253,270,274,286,327,386,504,529
36,13,19,50,57,58,60,61,62,63,64,65,66,67,69,70,72,75,76,77,78,79,82,83,84,85,86,88,90,91,92,93,95,97,98,101,102,103,104,105,108,111,114,115,117,118,119,120,121,122,124,125,126,130,131,132,133,134,135,136,137,138,139,143,145,147,150,151,152,154,155,156,157,160,162,164,166,172,173,174,176,177,179,180,181,184,185,186,189,190,192,193,197,201,205,213,216,221,222,223,224,225,228,237,239,253,270,285,289,312,313,314,339,458,516,574,607,648
37,24,44,59,60,61,63,64,65,67,68,69,70,71,72,73,74,75,76,79,84,87,90,93,95,96,98,99,101,102,103,104,105,111,112,115,116,118,119,120,121,123,124,125,127,128,131,133,134,135,136,138,140,141,144,147,148,151,152,154,156,160,161,162,164,165,167,170,173,174,175,177,179,180,181,183,186,187,189,191,203,207,209,210,219,221,225,228,229,230,232,234,237,239,240,241,246,250,252,253,258,263,269,280,301,324,343,350,353,360,380,394,405,508
38,9,40,56,59,60,61,63,64,65,66,67,68,69,71,72,74,75,76,77,81,85,88,89,90,92,93,95,98,100,101,104,105,106,107,109,110,112,115,116,117,120,122,123,125,131,133,134,136,137,139,145,149,152,155,156,158,159,160,161,164,166,168,169,171,174,177,181,183,184,185,187,195,201,202,205,208,211,214,215,217,220,221,222,223,225,243,250,251,256,259,260,262,272,276,279,281,299,305,314,385,394,441,452,518,571,645
39,5,53,54,55,56,57,58,59,60,61,62,63,65,67,72,74,76,77,79,80,81,82,83,84,88,93,94,95,97,99,100,102,103,106,108,109,110,112,113,116,119,120,121,126,127,135,140,144,146,149,150,152,157,158,162,167,168,171,172,174,176,177,178,180,185,186,187,189,190,191,192,196,198,199,202,203,209,213,218,224,227,230,240,242,244,248,252,255,257,258,261,273,281,288,438,555,618
40,28,46,48,50,54,55,57,60,63,64,65,66,68,69,71,74,75,77,79,81,83,84,85,86,88,89,90,91,92,94,95,97,99,100,101,106,107,108,109,110,116,118,120,123,124,128,132,136,138,148,151,152,153,156,158,166,167,168,169,177,178,180,181,187,188,190,195,196,203,204,213,219,224,226,228,230,232,238,239,244,246,250,252,253,255,256,303,308,312,313,380,385,443
41,31,47,48,49,52,57,60,61,64,65,66,67,68,70,71,72,74,75,76,77,78,80,81,85,94,96,97,101,102,104,108,109,111,112,114,116,117,118,119,120,121,125,126,127,129,130,134,135,139,146,148,149,153,155,157,161,162,165,168,169,170,171,172,174,175,176,177,178,184,191,192,193,194,200,206,241,243,252,256,258,269,271,327,424,662
42,23,50,54,56,58,68,70,72,77,85,86,87,88,89,93,94,96,101,103,105,107,108,110,115,116,131,133,135,142,143,149,150,152,159,170,175,176,179,185,214,216,218,220,221,222,224,248,261,271,281,305,405,459,582,626
43,60,66,77,78,83,99,104,105,110,111,118,127,129,199,208,251,329,559,628
44,136,149,168,240,554
45,156,357,582,659
46,19
47,319,513,554,573,579,582,590,604,623
48,566,571,607
49,16,549,587,593,632,683
50,324,329,457,554,571,588,591,593,595,597,610,613,615,644
51,527,585,622,688
52,27,112,149,431,666,680
53,297,412
54,44,47,165,355,582
55,40,57,193,412,552,563,568,572,577,598,626,630
56,199,321,335,379,600,631,694
57,46,619,622
58,63,354,373,402,416,585
59,220,316,429,568,572,573,575,581,585,587,591,597,618,625,668
60,41,255,302,490,567
61,42,105,136,258,442,504,554,619
62,271,548,570
63,363,447,487,622
64,62,551
65,41,269,357,439,664
66,70,138,320,611
67,116,406,596
68,117,212,320,695
69,218,376,457,535
70,9,58,302,345,378,456,586
71,
72,
73,
74,
75,
76,
77,
78,
79,
80,
81,
82,
83,
84,
85,
86,
87,
88,
89,
90,
91,
92,
93,
94,
95,
96,
97,
98,
