16
0,68
1,108,152,159,407,471,545,613,688,693
2,262
3,52,99,121,200,254,382,566,590
4,33,174,207,336,347,421,486,552,572,583,586,594,669
5,37,204,473,547,548,549,561,563
6,202,336,422,479,585,587,589,590,595,599,600,603,608,609,615,695
7,97,334,354,373,395,557,579,580,582,583,585,592,594,596,605,613,616,617,621,639,669
8,109,189,331,420,558,573
9,69,71,72,76,77,79,80,82,84,85,86,88,94,263,314,380,515,521,548,550,551,552,553,557,558,560,561,563,564,565,567,571,575,578,579,584,586,591,592,596,597,632
10,65,66,68,69,71,72,73,75,76,78,80,81,82,83,84,85,86,88,89,90,91,92,93,95,97,98,100,101,103,104,105,106,107,108,110,144,207,358,554,560,569,574,586,592,611,637,640,643
11,21,63,64,65,66,67,68,69,70,71,72,73,74,75,76,77,78,79,80,81,82,83,84,85,86,87,88,89,90,91,92,93,94,95,96,97,98,99,100,101,102,103,104,105,106,107,108,109,110,111,112,113,114,115,116,117,118,119,120,121,122,123,125,126,127,128,131,132,133,135,137,138,139,140,145,146,151,175,176,186,187,188,196,211,255,326,543,552,554,568,572,578,581,583,654,659,665
12,59,61,63,66,67,68,69,70,71,72,73,75,76,77,78,79,80,81,82,83,84,85,86,87,88,89,90,91,92,93,94,95,96,97,98,99,101,102,103,104,105,106,107,108,109,110,111,112,113,114,115,116,117,118,119,121,122,123,124,125,126,127,128,130,131,132,133,134,135,136,137,138,139,140,141,142,143,144,145,146,147,148,149,150,151,152,153,154,155,156,157,158,159,160,161,162,163,165,166,167,168,169,170,171,172,173,175,176,178,179,180,182,183,184,185,186,187,188,189,190,191,194,196,197,198,199,202,203,205,206,207,208,209,210,211,213,215,216,217,220,222,224,229,232,233,234,235,242,245,260,263,270,271,277,282,290,293,295,308,315,319,537,608
13,62,64,69,71,72,73,74,75,76,78,79,80,81,82,83,84,85,86,87,88,89,90,92,93,94,95,96,97,98,99,100,101,102,103,104,105,106,107,108,109,110,112,113,114,115,116,117,118,119,120,121,122,123,124,125,126,128,129,130,131,132,134,135,137,138,139,140,141,142,143,144,145,146,147,148,149,150,151,152,153,154,155,156,157,158,160,161,162,163,164,165,166,167,168,169,170,171,172,173,174,175,176,177,178,179,180,181,182,183,184,185,186,187,188,189,190,191,192,193,194,195,196,197,198,199,200,201,202,203,204,205,206,207,208,209,211,212,213,214,216,217,218,219,220,223,224,226,227,228,229,230,231,232,234,235,237,238,239,240,241,243,244,247,250,252,253,257,260,261,263,264,267,269,270,276,277,281,285,287,291,301,302,306,313,318,514,683
14,8,69,70,72,73,77,78,79,80,81,82,83,84,85,86,87,88,89,90,91,92,93,94,95,96,97,98,99,100,101,102,103,104,105,106,107,108,109,110,111,112,113,114,115,116,117,118,119,120,121,122,123,124,125,126,127,128,130,131,132,133,134,135,136,137,138,139,140,141,142,143,144,146,147,148,149,150,152,153,156,158,159,161,162,163,164,165,166,167,168,169,170,171,172,173,174,175,176,177,178,179,180,181,182,183,184,185,186,187,188,189,190,191,192,193,194,195,196,197,198,199,200,201,202,203,204,205,206,207,208,209,210,211,212,213,214,215,216,217,218,219,220,221,222,223,224,225,226,227,228,229,230,231,232,233,234,235,236,237,238,239,240,241,242,243,245,246,247,248,249,250,251,252,253,254,255,256,259,260,262,264,265,266,268,270,271,272,274,276,282,283,290,298,300,301,309,313,317,328,332,337,350,368,369,386,405,409,412,463,488,598
15,70,73,77,78,79,80,81,82,83,84,85,86,87,88,90,91,92,93,94,95,96,97,98,99,100,101,102,103,104,105,106,107,109,110,111,112,113,114,115,116,117,118,120,121,122,123,124,125,126,127,128,129,130,131,132,133,134,135,136,137,138,139,140,141,142,143,144,145,146,147,148,149,150,151,152,153,154,155,156,157,158,159,160,161,162,163,164,165,166,167,168,170,171,172,173,174,175,176,177,178,179,180,181,182,183,184,185,186,187,188,189,190,191,192,193,194,195,196,197,198,199,200,201,202,203,204,205,206,207,208,209,210,211,212,213,214,215,216,217,218,219,220,221,222,223,224,225,226,227,228,229,230,231,232,233,234,235,236,237,238,239,240,241,242,243,244,245,246,248,249,250,251,252,253,254,255,256,257,258,259,261,262,264,265,266,267,268,269,270,271,272,273,274,275,276,277,278,279,280,281,282,284,285,286,287,288,289,290,291,292,294,295,296,297,299,301,302,304,305,308,309,310,311,313,315,316,317,319,320,321,322,323,324,325,326,327,332,333,334,335,340,341,346,348,350,351,356,358,359,364,380,382,384,385,431,470
16,68,71,73,76,78,79,80,81,82,84,85,86,87,88,89,90,91,92,93,94,95,96,99,101,102,103,104,105,106,107,108,109,110,111,112,113,114,115,116,117,118,119,120,121,122,123,124,125,126,127,128,129,130,131,132,133,134,135,136,137,138,139,140,141,142,143,147,148,149,150,152,153,155,156,157,160,161,163,164,165,167,168,169,170,171,174,175,177,178,179,180,181,182,183,184,185,186,187,188,189,190,191,192,193,194,195,197,198,199,200,201,202,203,204,205,206,207,208,209,210,211,212,213,214,215,216,217,218,219,220,221,222,223,224,225,226,227,228,229,230,231,233,234,235,236,237,238,239,240,241,242,243,244,245,246,247,248,249,250,251,252,253,254,255,256,257,258,259,260,261,262,263,264,265,266,267,268,269,270,271,272,273,274,275,276,277,278,279,280,281,282,283,284,285,286,287,288,289,290,291,292,293,294,295,296,297,298,299,300,301,302,303,304,305,307,308,309,310,311,312,314,315,316,317,318,319,320,322,323,324,326,327,328,329,330,331,332,333,336,339,340,341,342,343,344,345,347,348,349,350,352,353,355,357,359,363,364,368,370,373,374,375,376,382,385,387,388,392,394,402,404,406,409,415,416,419,420,421,430,431,437,460,626
17,71,72,73,77,78,79,80,81,82,83,84,85,86,87,88,89,90,92,93,94,95,96,97,98,99,101,102,103,104,105,106,107,108,109,110,111,112,113,114,115,117,119,120,122,123,124,125,126,127,128,129,130,131,133,134,135,136,137,138,139,140,141,143,144,145,146,148,149,150,151,152,153,155,156,157,158,159,160,162,163,164,165,166,168,169,172,175,176,178,180,181,182,183,184,185,186,187,188,189,190,191,192,194,197,198,200,203,204,205,206,208,209,212,213,214,215,216,218,219,220,221,222,223,224,225,226,227,228,229,231,232,233,234,235,236,237,238,239,240,241,242,243,244,245,246,247,248,249,250,251,252,254,255,256,257,258,259,260,261,262,264,265,266,267,268,270,271,272,273,274,275,277,279,280,281,284,285,287,290,291,292,293,295,296,297,298,301,302,308,309,311,313,315,320,322,323,325,326,328,330,332,333,335,339,341,343,345,346,347,348,354,355,358,363,364,367,368,369,371,373,374,379,380,382,388,389,390,391,392,395,398,423,434,437,443,445,446,447,453,454,471,478,494,495,504,629
18,6,67,74,75,76,78,79,80,81,83,84,85,86,87,88,89,91,92,93,94,95,96,97,98,100,101,102,103,104,105,107,108,109,110,111,112,113,114,115,116,117,118,119,120,123,124,125,126,127,128,129,130,131,132,134,135,136,137,138,139,140,142,143,144,145,146,147,148,150,151,154,156,157,158,159,165,166,167,170,173,174,175,176,177,178,179,180,181,182,183,184,186,187,188,190,191,193,194,195,198,199,200,201,202,203,205,206,211,213,214,215,216,219,220,221,222,223,224,226,227,228,230,231,232,233,234,237,238,239,240,241,242,243,244,245,246,247,248,249,250,251,252,253,254,255,256,258,259,260,261,262,263,264,266,267,269,270,272,274,275,276,277,278,280,282,283,284,285,287,288,289,290,292,293,294,295,296,297,298,299,300,301,303,304,305,308,309,313,314,315,316,317,318,319,320,321,322,325,326,327,329,330,332,335,338,340,342,343,347,348,350,351,357,360,363,368,369,372,378,383,385,386,389,391,392,393,394,395,397,400,401,402,408,409,410,411,418,420,422,423,424,426,427,430,434,437,438,442,443,444,451,452,454,457,462,465,472,496,500
19,21,71,72,73,74,75,76,77,78,79,80,81,82,83,84,85,87,88,89,90,92,93,94,95,97,99,100,101,102,103,104,107,109,110,111,112,113,114,115,116,117,118,122,123,125,126,129,132,133,134,135,137,139,140,141,143,144,145,149,150,152,153,154,155,156,157,158,159,161,162,164,165,166,168,169,172,173,175,176,177,178,180,182,185,186,188,190,192,194,195,196,198,199,200,203,204,205,206,210,212,213,214,215,217,219,223,225,228,229,230,231,232,233,234,235,236,237,240,241,242,243,244,245,246,247,250,251,253,255,257,258,259,260,261,262,263,265,266,267,268,269,270,271,272,274,275,276,277,278,279,280,281,282,283,284,285,286,288,289,290,293,294,295,296,297,298,299,301,302,303,304,305,307,308,309,310,311,313,314,315,317,318,319,320,321,326,327,328,329,331,332,333,334,335,336,339,340,341,343,345,350,351,352,353,354,355,356,357,358,359,360,361,365,368,369,372,374,375,377,378,382,383,392,393,397,399,400,401,403,404,409,410,411,412,413,420,422,435,447,452,456,457,461,462,477,480,481,489,490,498,500,502,508,592
20,64,70,71,73,74,75,77,78,82,84,86,88,89,90,91,93,94,95,97,98,99,100,102,103,104,105,106,107,108,109,110,111,112,113,115,116,117,118,119,120,121,123,124,125,128,129,130,132,133,134,135,137,138,140,141,142,143,146,147,149,150,151,152,153,154,156,159,162,163,164,165,166,167,169,171,172,173,175,181,182,184,185,186,187,188,189,190,197,198,200,206,207,208,210,211,213,214,215,217,218,220,223,224,225,226,228,229,231,232,233,235,237,238,239,240,242,243,244,245,246,247,248,249,250,251,252,253,254,257,258,259,261,262,263,264,265,266,267,268,270,272,273,274,276,277,278,279,280,281,282,283,284,286,287,289,292,293,295,296,297,298,299,301,302,303,304,305,306,307,308,309,310,314,315,317,318,320,322,323,324,329,330,334,336,337,338,339,340,343,347,348,349,350,351,353,354,365,367,370,379,385,388,390,393,396,406,407,410,420,422,424,433,435,438,444,446,448,449,452,453,456,460,461,467,468,476,485,496,509,524,614,669
21,46,51,61,71,72,73,75,77,78,80,81,83,84,85,86,87,88,90,91,92,93,94,95,96,98,99,101,102,105,106,107,109,111,112,113,115,116,117,118,121,123,124,125,127,128,130,132,133,134,136,137,138,139,140,141,142,143,144,147,148,149,150,151,152,153,155,156,157,158,160,163,164,169,171,172,176,177,178,180,186,187,188,191,192,193,196,202,204,206,207,208,209,214,216,217,218,221,224,225,226,229,230,233,234,235,236,239,241,242,243,244,245,249,251,253,254,256,258,260,261,262,263,264,265,266,268,269,272,274,275,276,277,279,281,283,284,285,286,287,288,289,292,293,294,295,298,299,300,301,302,303,304,305,306,309,311,313,314,316,319,320,321,322,323,325,326,327,328,330,331,333,336,344,346,347,349,352,355,356,359,363,366,369,371,386,387,389,391,393,394,396,397,398,399,405,407,408,409,410,411,416,418,419,421,422,423,429,433,435,439,440,442,445,450,452,453,458,468,472,481,491,492,501,675
22,1,67,69,73,75,77,79,80,83,85,87,88,89,90,91,92,93,94,95,96,97,99,101,102,103,105,106,107,108,111,112,113,114,115,117,118,119,120,121,122,123,124,126,127,129,130,131,133,134,135,141,143,144,145,146,147,148,149,150,152,154,155,157,158,160,161,162,164,165,166,167,169,172,173,178,183,184,186,187,190,191,192,196,197,200,202,205,209,210,212,214,221,223,225,227,228,230,233,235,236,240,241,242,243,247,250,251,252,253,254,255,256,257,258,259,261,262,263,265,266,267,268,269,270,271,272,273,274,276,277,278,279,281,282,283,284,285,286,288,289,290,291,292,293,294,295,296,298,300,303,306,310,318,320,326,328,329,331,333,335,338,341,345,350,354,358,369,373,382,389,393,397,398,400,403,404,405,406,409,411,414,416,417,418,421,424,425,428,433,440,442,444,446,447,449,451,463,467,488,491,494,495,497,503,514,592
23,24,68,70,75,78,80,81,82,83,84,86,87,88,89,91,92,93,96,98,99,100,101,102,103,104,105,106,110,111,112,114,115,117,118,119,120,121,122,123,124,125,126,127,129,131,133,134,135,137,138,141,143,144,145,146,148,150,153,155,156,158,159,160,161,162,163,164,165,166,168,169,170,174,175,176,178,179,180,183,184,186,188,189,190,194,196,197,200,204,207,208,210,211,212,216,218,221,222,223,224,225,227,228,232,233,234,235,236,238,239,242,246,247,249,250,251,255,256,257,259,262,263,264,265,266,267,268,269,272,273,274,278,279,282,283,286,287,289,293,295,296,297,301,302,309,313,314,315,321,322,324,331,333,336,338,339,341,342,344,359,363,370,376,380,385,392,395,406,408,411,413,414,416,419,424,425,428,429,435,436,438,439,448,461,462,464,474,475,486,490,495,498,533,554
24,70,71,73,74,76,77,78,79,82,83,84,85,86,88,89,90,93,95,96,98,99,100,102,105,106,107,108,109,110,111,112,113,114,115,116,117,119,120,121,124,125,126,127,130,131,132,133,134,138,140,142,143,145,147,148,149,150,151,153,154,155,159,160,161,162,164,165,166,173,174,181,182,189,190,191,193,197,200,201,203,205,209,210,211,217,218,219,220,224,225,227,228,229,230,231,232,234,236,238,241,243,244,246,247,250,252,254,255,257,262,263,264,265,268,269,270,275,278,280,282,283,285,287,291,293,294,295,296,297,302,304,305,306,309,312,315,316,320,322,324,329,331,332,334,337,346,348,349,350,351,355,357,359,370,380,381,383,385,387,388,390,391,394,398,411,412,413,422,424,430,431,433,436,437,438,440,442,444,447,450,454,456,462,463,467,478,484,489,491,499,501,547,615
25,6,54,72,76,77,79,80,81,85,86,87,89,90,92,93,94,96,97,99,100,101,103,105,106,107,109,110,111,113,115,116,119,120,121,123,124,125,126,127,129,135,136,137,142,144,147,149,150,154,155,162,163,168,170,171,173,174,179,180,183,184,185,191,192,194,195,196,200,202,203,204,207,213,214,216,218,220,225,229,230,231,232,233,237,239,240,244,247,248,249,251,252,254,256,258,261,266,267,269,271,273,275,276,277,278,279,280,281,282,284,285,286,287,288,289,290,292,295,296,298,302,309,310,311,316,318,326,327,328,330,332,333,339,340,342,347,349,356,358,359,360,365,367,369,371,379,384,389,394,410,412,418,419,421,422,427,431,433,435,439,442,445,455,456,462,482,483,485,504,508,510,565
26,43,64,67,68,69,70,71,72,76,77,78,79,82,83,84,85,87,88,89,91,92,93,94,97,98,99,100,102,103,104,105,106,107,108,109,110,112,114,115,119,122,125,127,128,132,134,137,138,139,140,142,145,147,148,149,154,159,161,162,164,168,171,173,175,176,179,180,182,184,185,190,192,193,194,196,197,200,203,206,207,209,210,212,216,217,219,221,222,224,225,226,228,232,233,237,238,240,241,244,247,250,251,252,260,262,265,266,268,269,275,277,282,290,292,293,296,300,302,304,306,308,310,313,317,330,334,335,336,343,350,352,362,365,398,399,401,417,418,424,425,430,432,433,434,435,436,440,444,456,469,471,473,475,495,499,501,507,511,512,524,600,670
27,4,14,49,61,63,64,65,67,68,70,72,73,74,76,79,85,89,90,91,92,93,94,95,97,98,99,102,103,104,109,113,115,117,118,120,123,124,127,129,131,133,134,135,136,139,143,144,145,146,147,148,151,153,154,157,162,164,167,169,170,172,174,176,177,178,179,182,184,185,188,189,191,194,195,196,199,201,202,204,207,211,212,213,214,215,216,220,226,227,229,230,232,235,238,242,243,252,256,258,260,261,267,271,272,275,283,287,289,294,304,314,317,335,341,345,350,368,392,403,413,414,425,428,429,431,432,434,435,441,442,459,462,470,473,477,483,641,669
28,30,96,102,107,116,120,127,131,138,152,156,158,160,180,201,202,203,206,208,212,213,214,220,221,225,237,270,282,300,313,331,416,425,445,465,670,687
29,70,379,567,653,657
30,491,561,626,688
31,55,59
32,355,606
33,29
34,41,417,420
35,293,541,551,552
36,35,331,677
37,8,172,273,320,323,335,339,345,351,357,361,375,376,396,412
38,26,406,659,691
39,16,25,42,79,569,596,597,601,612
40,148,263,419,547,564,617
41,385,577,584,591,601,620,634,688
42,68,499,584,585,589,595,596,598,600,602,604,613,626,630,654
43,4,19,47,52,292,336,498,556,580,584,586,587,590,591,593,596,597,605,607,608,609,613,615,620,621,625,628
44,435,463,469,485,569,572,580,592,602,617,624,661
45,155,164,169,249,580,587,591,593,596,597,601,613,616,632,643,670,680
46,142,352,465,510,534,562,569,578,583,584,586,589,599,607,610,620,634,669
47,463,562,567,568,569,570,571,572,574,577,579,580,581,582,583,584,585,588,589,605,608,618,619,626,648
48,36,86,93,134,344,566,568,570,572,573,576,577,578,580,581,582,583,584,585,586,588,589,590,595,596,598,600,601,602,607,610,612,614,618,620,621,624,625,626,628,631,634,643,651,654,662,679
49,281,392,557,562,564,565,566,567,570,571,572,575,577,578,582,584,585,586,589,596,599,604,610,611,618,649,671
50,398,536,566,571,573,574,577,588,590,596,597,604,606,612,619,620,647,652
51,68,221,374,506,519,530,551,558,559,561,566,568,573,576,578,583,584,596,607,615,629,636,638,644,659
52,13,35,65,510,523,535,550,557,568,571
53,42,59,105,328,395,416,560,567,660
54,62,71,151,557
55,60,98,107,132,165,171,177,481,572,597,675
56,49,174,533
57,1,14,118,201,265,317
58,128,211,397,445,472,521,673
59,93,183,370,551,662
60,13,55,87,170,284,620,679
61,132,422,543
62,180,263,367,391
63,29,64,405,426,443,674
64,168,182,378
65,266,383,413,480
66,125,228
67,
68,
69,
70,
71,
72,
73,
74,
75,
76,
77,
78,
79,
80,
81,
82,
83,
84,
85,
86,
87,
88,
89,
90,
91,
92,
93,
94,
95,
96,
97,
98,
