12
0,401
1,28,45,483,513,534,541
2,37,231
3,99,132,141,260,394,461,495,601,661
4,390,679
5,103,223,416,443,539,551
6,47,240,320,337,429,547,550,563,584,592,625,642,644,698
7,3,225,262,537,543,556,557,558,559,560,561,562,568,569,572,577,578,580,583,584,588,590,591,593,600,608,609,610,611,614,620,625,626,628,631,635,636,659,669,676
8,38,86,211,273,350,436,548,552,553,576,583,595,597,605,609,610,612,621,627,631,634,639,643,649,650,662,678
9,121,253,300,516,519,530,541,542,544,551,552,554,557,558,563,565,569,571,573,574,576,582,583,584,588,590,595,597,601,609,610,614,620,621,625,627,631,638,642,663,671,694
10,9,531,532,533,539,540,542,543,545,548,549,552,555,556,560,569,572,573,574,577,586,587,597,599,600,602,610,620,622,624,627,630,631,638
11,212,251,300,308,506,528,529,531,532,535,536,538,542,543,544,547,548,549,550,551,552,554,558,559,561,562,563,565,566,567,570,573,574,579,580,581,582,584,590,596,597,604,606,608,614,618,642,659,673,674,681
12,112,146,184,437,452,477,522,524,526,527,529,532,533,535,543,546,549,552,554,562,565,569,572,573,578,580,590,598,610,621,644,648
13,23,67,184,436,520,524,526,531,551,577,589,593,598,612,621
14,73,291,334,397,510,511,512,513,514,515,516,517,518,519,520,521,522,523,524,525,526,527,528,529,530,531,532,533,534,535,536,537,538,539,540,541,546,547,548,549,550,552,553,554,557,561,571,575,576,587,595,613,619,636,639,650,657
15,7,50,96,410,479,484,491,492,493,496,498,500,501,502,505,506,507,508,509,510,511,512,513,514,515,537,544,563,566,577,612
16,85,101,189,422,471,488
17,34,66,91,292,334,488
18,67,69,76,78,79,80,85,86,89,92,100,107,110,117,119,150,159,413,453,695
19,65,67,69,70,71,72,73,74,75,76,77,79,80,81,82,83,84,86,87,88,90,91,92,93,94,96,97,98,99,100,101,102,103,104,105,106,107,108,109,110,111,112,113,114,115,116,117,118,119,120,122,123,124,125,126,127,129,130,131,133,135,136,137,138,142,146,147,148,198,592
20,24,38,65,69,70,71,72,73,74,75,78,80,81,82,83,84,85,86,87,88,89,90,91,92,93,94,95,96,97,98,99,100,101,102,103,104,105,106,107,108,109,110,111,112,113,114,115,116,117,118,119,120,121,122,123,124,125,126,127,128,129,130,131,132,133,134,135,136,137,138,139,140,141,142,143,144,145,146,147,148,149,150,151,152,153,154,155,156,157,158,159,160,161,162,163,164,165,166,167,168,169,170,171,172,173,174,175,176,177,178,179,180,181,182,183,184,185,186,187,188,189,190,191,192,193,194,196,197,198,199,200,201,202,204,205,206,207,208,209,211,212,213,214,215,216,217,218,219,220,221,222,223,224,225,226,227,228,229,230,231,232,233,234,235,236,237,238,239,240,241,242,243,244,245,246,247,248,249,250,251,252,253,255,261,265,266,269,271,274,276,277,278,280,396,479,649
21,18,62,64,65,66,68,70,71,72,73,74,75,76,77,78,79,80,81,82,83,84,85,86,87,88,89,90,91,92,93,94,95,96,97,98,99,100,101,102,103,104,105,106,107,109,111,112,113,114,115,116,117,118,119,120,121,122,123,124,125,126,127,128,129,131,132,133,134,136,138,139,140,141,142,143,145,146,147,148,149,150,151,152,153,156,158,159,160,161,162,163,164,165,166,167,168,169,170,171,172,173,174,175,176,177,178,179,180,181,182,183,184,185,186,187,188,189,190,191,192,193,194,195,196,197,198,199,200,201,202,203,204,205,206,207,208,210,211,212,213,214,215,216,217,218,219,220,221,222,223,224,225,226,227,228,229,230,231,232,233,234,235,236,237,238,239,240,241,242,243,244,245,246,247,248,249,250,251,252,253,254,255,256,257,258,259,260,261,262,263,264,265,266,267,268,269,270,271,272,273,274,275,276,277,278,279,280,281,282,283,284,285,286,287,288,289,290,291,292,293,294,295,296,297,298,299,300,301,302,303,304,305,306,307,308,309,310,311,312,313,314,315,316,317,318,319,320,321,322,323,324,325,326,327,328,329,330,331,332,333,334,335,337,338,339,340,341,342,344,345,347,348,349,350,351,352,353,354,355,356,357,358,359,362,363,364,365,370,371,372,373,374,379,380,381,382,386,388,389,390,393,399,401,404,417,433,447,465,477,522,572
22,53,63,64,65,67,68,69,70,71,72,73,75,76,77,78,79,80,81,82,83,84,85,86,87,88,89,90,91,92,93,94,95,96,97,98,99,100,101,102,103,104,105,106,107,108,109,110,111,112,116,117,120,121,122,123,125,126,127,128,129,132,134,135,137,139,140,142,143,145,147,150,151,152,153,154,155,158,159,160,161,162,164,165,167,168,169,170,171,172,173,174,175,176,177,178,179,181,182,183,184,185,187,188,190,191,192,193,194,195,196,197,198,199,200,201,203,205,206,207,208,209,210,211,212,213,214,215,217,218,220,221,222,223,224,225,226,229,230,231,232,233,234,235,236,237,238,239,240,241,242,243,244,245,246,248,249,250,251,252,253,254,255,256,257,258,259,260,261,263,264,266,267,268,269,270,271,272,273,274,275,276,277,278,279,280,282,283,284,285,286,287,288,289,290,291,292,293,294,295,296,297,298,301,302,303,304,305,306,307,308,309,310,311,312,313,314,315,322,323,325,328,330,331,332,333,334,335,336,337,338,339,341,342,343,344,345,346,347,348,349,353,354,355,356,357,358,359,360,361,362,364,366,367,368,369,370,371,373,374,375,376,381,382,388,390,391,395,396,397,401,402,406,407,408,410,412,418,419,436,437,443,451,465,466,498,501,507,638,680
23,10,40,56,58,59,62,64,66,67,68,69,70,71,73,74,75,76,77,78,79,80,81,82,83,84,85,86,87,88,89,90,91,92,93,94,95,96,98,99,100,102,103,104,105,106,107,108,110,111,112,113,115,116,117,120,121,122,123,124,126,127,129,134,137,141,143,144,145,148,149,152,153,155,156,157,158,160,162,163,166,167,168,169,170,171,172,173,174,175,178,179,180,181,182,183,184,185,187,188,189,190,192,193,195,196,197,200,201,207,212,214,215,216,217,219,220,221,223,225,226,227,228,230,231,232,233,234,235,236,237,238,239,240,242,245,246,254,255,256,257,259,260,261,262,263,264,266,267,268,270,271,272,273,274,276,278,280,281,282,283,284,286,288,289,292,293,294,295,296,298,299,300,301,302,304,305,307,308,309,314,315,316,317,318,319,321,322,324,325,327,329,330,331,332,334,335,338,339,341,342,343,345,348,350,351,352,353,355,356,359,360,361,366,367,368,369,371,372,373,376,377,378,379,381,383,385,387,388,389,393,397,399,400,403,406,408,414,417,418,419,421,431,437,440,442,444,447,448,454,464,541,659,664
24,57,65,66,67,68,69,70,71,72,73,74,75,76,77,78,79,80,81,82,83,84,85,86,87,88,89,91,92,93,95,96,99,100,101,102,103,104,106,107,108,109,110,111,112,113,117,119,121,122,124,125,127,129,134,135,136,137,138,142,145,146,148,151,152,153,155,156,160,162,165,167,170,171,172,173,174,177,180,181,182,185,187,188,189,191,193,195,197,198,200,202,204,205,206,207,208,209,211,212,219,220,223,225,228,229,230,235,239,240,241,242,245,247,249,252,254,255,256,260,261,263,264,265,267,269,270,271,272,273,275,277,278,281,282,283,284,286,289,290,294,296,297,300,301,302,303,304,305,306,307,308,309,310,311,312,313,314,315,317,318,319,320,321,322,324,325,326,327,328,330,332,333,337,339,340,341,342,343,344,346,347,352,353,354,355,361,362,366,370,375,376,377,379,380,384,390,391,395,396,397,398,399,400,402,403,407,410,422,425,432,443,454,460,480,544
25,22,61,62,63,64,66,67,68,69,70,72,74,75,76,77,78,79,80,81,82,83,84,85,86,87,88,89,90,92,93,94,96,97,101,103,104,106,107,108,110,113,114,118,119,120,121,122,124,125,127,128,129,131,132,133,135,136,138,140,141,145,146,147,148,150,151,152,160,162,164,168,169,170,171,172,173,174,176,177,178,179,180,183,186,187,188,189,190,194,196,199,201,202,204,205,208,210,216,217,223,224,226,229,230,233,234,235,236,237,239,240,244,247,250,251,255,256,257,258,259,260,262,264,265,266,267,269,272,273,274,275,278,282,283,284,285,286,287,288,289,290,291,292,293,294,302,303,304,305,307,313,314,316,317,319,320,322,323,326,328,329,330,331,332,333,335,339,341,342,345,346,347,348,350,351,353,354,355,357,359,362,363,369,370,374,377,379,382,384,386,387,392,397,398,401,402,404,408,411,415,423,446,464,478,494
26,62,63,67,69,71,72,73,74,75,76,77,78,79,80,81,82,83,84,85,86,87,88,89,90,91,92,96,97,98,99,100,101,102,103,104,105,107,109,111,112,113,114,115,116,117,118,120,122,124,126,128,130,131,132,133,134,135,136,138,140,141,144,146,148,149,150,151,152,153,155,156,159,160,163,164,166,168,170,171,172,173,174,176,178,179,181,182,185,186,187,188,189,191,194,195,196,197,198,199,201,207,210,211,212,217,218,220,223,224,225,227,229,231,233,234,235,239,240,243,250,251,254,255,256,260,261,263,264,266,274,275,276,279,284,285,287,288,289,291,293,294,295,298,299,300,301,303,306,307,310,311,312,313,315,317,318,319,320,321,323,325,326,327,328,329,331,332,334,336,339,340,343,344,346,348,349,350,351,353,355,356,357,358,360,363,364,365,366,367,370,371,373,374,375,376,378,379,382,384,385,388,390,392,395,396,403,413,417,418,419,420,421,424,425,426,434,449,473,480,511,644
27,54,59,60,62,63,64,65,66,67,68,69,70,72,73,74,75,76,77,78,79,80,82,83,85,86,87,88,89,91,92,93,94,95,96,97,100,101,102,103,104,105,106,107,108,109,110,111,112,114,115,116,118,119,120,121,122,123,125,126,127,128,130,131,132,133,135,137,138,140,141,143,145,152,155,160,161,162,167,168,170,171,175,177,179,180,181,182,183,185,186,187,188,192,193,194,195,196,197,205,207,208,222,223,232,239,242,243,244,245,246,247,248,249,252,257,258,267,268,270,272,273,275,276,277,278,279,280,281,282,283,285,286,287,291,294,296,297,298,301,302,304,305,309,310,311,313,314,315,318,319,321,322,324,326,327,328,329,330,332,335,336,337,338,340,341,342,343,344,345,346,347,348,351,352,354,356,359,361,363,368,370,371,372,374,375,376,381,383,385,389,391,393,394,396,397,399,401,402,403,405,408,409,410,421,428,430,434,435,449,451,464,494,495
28,60,66,67,68,69,70,73,74,75,76,77,78,80,82,83,84,86,87,88,89,92,94,95,96,98,99,100,101,102,103,105,106,107,108,109,110,114,115,116,117,118,119,121,122,123,124,125,126,127,128,129,130,131,132,134,135,137,138,139,140,144,145,146,147,157,158,159,160,161,163,167,168,169,170,173,174,178,179,180,186,187,188,191,193,194,198,206,207,209,211,215,216,219,220,225,227,228,229,231,237,238,240,242,249,250,251,253,254,256,257,259,260,261,263,267,268,269,270,273,274,275,276,277,278,279,284,285,288,291,292,293,294,296,298,299,303,304,305,306,308,311,314,315,316,318,319,321,325,326,327,328,333,334,337,339,345,346,350,351,352,354,355,356,357,359,360,363,364,367,372,376,377,378,382,383,386,389,393,399,401,406,407,409,410,413,418,423,428,435,438,439,445,447,450,456,457,476,490
29,63,68,69,71,72,73,75,78,79,80,82,83,84,85,86,87,88,89,90,91,92,93,94,95,97,100,101,102,104,105,106,107,108,111,112,113,115,116,117,120,122,123,125,127,128,129,130,131,133,134,136,138,139,143,144,146,148,149,151,153,154,156,158,159,160,161,163,165,166,167,169,177,178,179,180,183,184,185,186,188,190,191,195,198,204,205,208,212,216,219,224,225,227,229,230,231,233,236,240,243,249,255,257,259,260,262,263,264,266,271,272,275,277,278,279,280,282,284,286,287,289,292,293,294,295,296,298,299,300,303,305,307,309,310,311,312,313,314,316,319,322,323,324,330,332,333,334,336,337,340,343,344,346,347,348,349,350,351,352,355,356,357,358,361,362,363,364,366,367,369,371,373,375,376,378,381,383,386,387,388,389,393,398,401,402,403,405,406,411,418,420,446,456,457,462,488
30,5,25,62,68,70,72,73,74,76,78,80,82,83,84,86,87,89,90,91,92,93,94,95,96,97,98,99,100,105,106,107,108,109,110,111,112,113,114,115,116,117,118,119,121,122,125,126,127,128,129,130,133,136,137,141,142,145,150,152,153,158,161,164,166,167,169,170,171,173,174,175,177,178,180,185,186,189,190,191,192,193,194,195,198,199,200,204,207,209,211,214,215,218,222,223,225,229,231,234,237,238,239,240,241,242,243,244,248,250,258,259,261,265,268,269,270,272,276,277,282,283,285,287,288,289,293,294,296,298,299,301,303,304,305,306,308,310,311,313,314,315,318,319,320,321,323,332,335,336,338,339,340,341,343,344,345,346,348,350,352,353,354,358,359,362,364,369,372,373,374,375,377,378,396,400,401,402,403,404,411,412,415,444,447,509,608,660
31,63,68,71,72,74,77,78,79,80,81,82,83,84,85,86,87,89,90,91,92,93,95,96,97,98,99,102,104,105,106,107,108,109,110,111,112,113,114,115,121,122,124,129,132,133,135,137,138,141,145,146,148,149,150,151,155,156,164,166,167,169,170,171,172,173,176,178,181,184,185,186,188,189,190,191,193,194,195,196,198,200,202,203,204,208,209,212,217,221,223,224,226,227,229,230,232,233,235,236,239,241,242,243,244,247,248,251,256,260,263,265,267,268,269,270,271,274,279,281,283,286,289,290,292,294,295,296,297,298,307,308,310,315,320,323,324,326,328,330,331,333,336,341,343,344,346,352,353,355,357,359,363,366,367,368,374,375,376,377,381,382,384,386,387,388,391,392,395,402,433,436,448,452
32,64,71,72,75,76,78,80,81,82,83,84,85,86,87,88,89,90,91,92,93,94,95,96,97,98,99,101,103,104,105,106,107,108,109,110,111,112,114,115,116,118,119,120,123,124,131,132,134,136,140,143,146,147,148,152,153,164,166,171,174,178,179,180,183,186,188,189,191,193,194,198,202,205,206,211,213,214,215,225,229,230,232,237,238,240,244,246,247,248,249,250,251,255,262,264,265,266,275,282,283,286,287,288,291,294,295,296,299,300,302,304,311,315,317,322,325,326,329,334,335,337,340,342,343,345,346,347,350,353,367,369,371,374,378,380,381,384,392,394,407,408,410,412,419,424,431,435,457,487,579,648
33,64,66,70,75,76,78,79,80,81,82,83,85,87,88,89,90,91,92,93,94,96,97,98,99,102,103,105,107,109,110,111,113,114,115,116,120,121,123,126,127,128,129,131,132,136,137,138,139,140,141,142,146,149,150,164,167,174,178,180,183,195,196,197,199,200,203,204,210,214,224,231,236,247,250,256,259,261,263,264,265,267,272,279,283,286,290,293,294,296,299,301,302,304,305,307,308,310,312,313,316,317,318,320,321,322,325,329,331,333,335,343,347,349,350,351,365,366,368,370,377,378,379,383,386,393,397,410,411,414,416,427,432,436,439,461,483,494,514,690
34,72,76,78,79,80,82,83,84,85,86,87,88,89,90,92,93,94,95,96,97,101,102,106,107,110,111,112,113,115,116,117,119,120,122,125,129,130,131,132,133,135,136,137,142,143,147,152,155,158,169,170,174,175,182,183,185,187,193,198,205,210,211,220,222,234,235,236,237,238,240,241,242,248,249,250,255,258,259,261,262,264,268,269,272,274,276,277,278,291,294,295,297,298,300,302,305,313,318,320,322,324,325,329,330,334,336,342,348,350,351,356,360,361,371,377,379,383,393,396,410,413,414,416,418,423,425,432,511,520,649,670
35,73,76,77,78,79,81,82,83,84,85,86,87,88,89,90,91,92,93,94,95,96,97,99,100,102,103,104,105,106,107,109,114,116,117,118,121,123,125,126,127,128,130,131,133,134,135,136,137,139,140,142,146,148,149,150,151,154,159,160,162,164,168,173,175,177,179,180,182,183,187,190,194,195,196,200,202,203,204,206,207,210,211,217,222,229,231,232,233,243,244,246,250,255,260,262,264,270,274,276,277,278,286,290,291,292,295,303,307,313,314,315,316,318,320,322,327,330,331,333,335,338,345,346,349,354,360,362,371,376,377,380,392,397,411,455,460,521
36,66,68,69,70,71,72,73,75,78,79,81,82,83,84,86,88,89,91,92,94,96,99,101,102,103,106,110,111,112,113,114,115,116,118,119,120,121,122,123,124,126,128,129,133,135,136,138,140,145,146,147,149,150,151,153,156,162,163,164,175,176,178,179,180,182,187,188,192,195,196,199,201,204,206,210,212,214,225,239,240,241,244,245,246,247,251,252,257,261,265,267,282,294,295,296,298,299,307,308,312,315,318,319,321,322,327,340,349,352,354,363,365,369,373,374,379,383,384,386,387,390,393,395,408,411,425,426,427,438,470,521,615
37,44,67,71,74,75,76,77,78,81,82,83,84,85,86,89,90,92,93,94,96,97,98,99,100,101,104,105,106,107,109,111,113,114,115,118,119,121,122,123,124,125,126,127,129,130,131,133,135,136,137,139,140,141,144,146,149,154,155,158,159,160,161,170,171,172,174,175,176,177,180,182,188,189,190,192,195,200,207,208,211,214,224,225,230,231,236,240,241,246,248,249,254,256,257,258,259,260,262,268,275,277,278,282,284,289,291,297,306,307,310,313,316,317,320,321,324,331,338,343,352,358,363,367,370,387,392,405,406,429,437,462,466,602
38,42,46,68,69,70,72,75,76,78,79,80,81,82,84,85,87,89,90,91,92,94,95,96,101,102,105,107,108,109,110,115,117,118,122,124,125,126,127,128,129,130,132,133,134,137,138,139,142,144,145,146,147,148,151,152,153,155,158,159,164,166,170,172,175,176,179,186,188,190,196,197,202,203,204,210,212,213,214,217,222,228,229,231,235,240,245,246,249,250,253,255,262,266,271,276,280,282,285,288,290,313,317,327,328,329,340,346,375,386,397,402,416,459,560
39,69,71,72,75,78,79,82,84,85,86,87,88,89,90,91,93,94,96,100,101,103,104,106,107,108,111,112,114,116,117,121,122,123,124,125,127,128,129,130,131,133,135,141,142,148,152,154,158,159,160,166,175,177,182,183,184,186,188,189,190,191,192,194,196,200,201,204,206,207,216,217,222,227,228,229,236,237,239,245,246,249,253,258,262,264,265,266,269,270,281,292,295,297,298,314,323,331,333,337,342,354,357,369,375,382,383,387,398,401,402,403,421,423,428,436,438,443,483,493,651
40,37,66,70,71,74,75,77,78,81,82,83,84,85,86,88,90,91,92,93,96,98,100,104,107,108,109,110,112,114,115,116,118,119,120,121,123,124,126,127,129,130,131,132,133,134,135,136,137,138,140,141,142,148,152,162,168,170,171,174,176,178,184,185,187,194,196,200,201,205,206,207,208,210,211,214,223,226,227,233,237,239,240,241,244,249,251,257,259,268,271,272,273,275,279,282,288,290,291,293,314,322,324,336,340,342,348,365,366,374,389,405,419
41,64,68,70,71,72,73,74,75,76,77,78,79,80,82,83,84,85,86,87,88,89,90,92,93,94,95,99,100,101,102,103,104,105,108,110,111,112,113,115,116,118,120,123,124,125,126,127,128,130,131,133,135,136,138,140,143,145,146,148,149,154,156,162,166,167,168,170,172,179,182,184,186,187,188,189,191,192,194,195,196,198,203,207,212,218,230,232,236,238,239,240,242,243,246,247,262,263,264,267,268,279,282,290,297,315,324,328,361,376,378,380,388,413,435,439,444,493
42,55,65,70,74,75,79,80,81,82,83,84,85,86,87,88,89,90,91,92,93,95,96,97,99,100,101,103,105,107,110,111,112,114,115,116,117,118,119,120,121,123,124,129,130,131,132,133,134,135,137,138,139,140,141,142,143,144,145,148,149,151,152,153,157,158,159,171,174,177,180,183,185,188,193,194,195,197,198,199,201,203,204,206,207,211,212,216,224,229,230,231,234,235,236,241,243,252,254,262,273,277,320,323,331,337,364,375,380,428,445,456,502,615,693
43,40,43,69,70,71,73,75,76,77,78,80,82,83,85,86,87,88,90,91,92,94,95,96,99,100,101,103,106,107,108,109,110,111,112,115,116,117,118,119,120,121,122,123,124,129,131,132,136,137,139,140,141,142,143,148,149,150,151,152,153,157,170,172,173,174,178,179,185,187,188,189,194,197,204,207,208,209,211,213,219,221,222,226,230,231,232,239,244,247,248,253,254,257,259,263,268,283,290,315,386,526,616,627
44,37,67,73,74,75,77,80,82,83,84,85,86,87,88,90,93,95,96,98,99,100,101,102,103,105,106,107,108,109,111,113,114,115,116,117,119,120,121,122,123,125,126,128,129,131,132,135,137,139,140,141,142,143,147,148,150,152,154,155,156,157,158,162,163,166,169,170,173,176,181,182,183,184,185,187,189,190,192,193,194,195,200,201,202,203,205,208,209,210,212,213,216,225,227,228,231,233,237,238,239,241,242,247,249,251,253,256,257,258,259,263,269,271,275,280,304,325,333,356,590,597,676,685
45,43,68,69,74,76,77,79,80,81,82,85,86,87,88,89,90,91,92,94,95,96,97,98,99,100,101,102,103,104,105,106,107,109,110,111,112,113,115,116,117,119,120,121,123,124,125,126,127,130,131,133,135,136,137,138,144,145,146,147,152,154,157,160,164,166,167,168,169,170,172,176,178,179,180,182,183,187,188,189,190,191,193,195,197,199,200,202,203,206,209,210,215,216,218,226,228,233,237,238,240,241,242,243,246,251,254,255,257,259,261,262,264,265,267,268,271,272,274,278,280,282,295,308,318,323,336,337,344,387,396,454,530,647
46,63,65,69,75,77,78,79,80,83,84,85,86,87,88,89,90,91,93,94,95,96,97,101,103,104,105,106,107,108,109,110,111,113,115,116,118,119,121,122,123,124,125,126,128,129,130,131,132,133,134,135,136,137,138,139,140,143,144,145,146,147,148,149,152,155,156,161,163,164,165,168,170,174,176,179,182,187,189,191,193,195,196,197,199,200,201,207,209,211,214,215,217,220,231,232,235,237,238,240,241,242,243,244,245,246,247,249,254,256,259,262,263,265,271,272,274,275,278,280,282,293,295,302,304,306,308,336,412,429
47,20,69,70,72,73,75,77,78,80,81,83,85,86,87,89,90,91,92,93,94,95,96,98,99,100,101,102,103,107,108,109,110,111,113,116,117,120,121,122,123,125,126,127,128,129,130,131,132,133,134,135,137,139,142,144,150,151,152,155,156,157,158,163,177,178,179,183,184,185,186,187,188,189,190,191,193,194,196,199,200,201,202,203,205,207,212,220,224,228,230,232,234,235,239,240,241,242,243,244,247,248,250,251,254,261,263,264,268,269,270,275,281,282,283,285,292,294,295,298,299,301,309,312,317,327,352,356,363,381,457,534
48,4,66,74,75,76,77,79,80,81,82,84,86,87,90,92,94,97,100,101,102,104,105,106,107,109,111,112,114,116,118,119,120,122,126,127,129,130,131,132,133,134,136,138,139,140,142,143,146,148,150,151,153,154,155,156,157,158,159,170,174,176,177,180,183,184,186,187,188,189,192,193,194,195,199,202,204,205,206,207,209,213,217,222,224,225,226,228,229,230,231,233,234,235,236,237,238,240,242,244,246,248,249,250,251,262,264,266,271,276,279,280,281,293,301,302,307,328,329,343,353,367,373,375,477,535,536,621,623,675
49,37,71,72,76,77,78,80,81,82,83,85,86,87,89,91,93,95,96,98,99,100,101,102,103,104,105,107,108,109,110,111,112,114,115,116,119,121,123,124,125,127,128,129,133,134,135,137,139,141,142,143,144,145,146,147,151,152,153,158,159,162,163,166,170,175,176,177,178,183,187,190,191,193,194,196,197,198,200,201,202,203,205,206,210,211,212,213,216,217,219,223,225,228,231,233,235,240,243,246,248,249,252,259,265,270,272,274,277,282,284,285,287,308,316,348,416,440,451,538
50,71,79,83,85,86,87,89,90,91,94,95,96,97,98,99,100,101,102,103,104,105,106,107,108,109,111,115,117,118,119,120,122,123,125,126,128,129,130,131,132,133,134,136,137,138,139,140,142,143,144,148,150,152,156,160,163,164,172,175,178,179,180,181,182,185,186,187,190,193,196,197,198,202,208,209,210,211,215,216,218,219,221,224,226,230,232,233,235,237,238,241,243,245,256,257,265,268,307,373,444,447,552,653
51,72,80,83,84,85,89,92,93,95,97,98,99,102,104,107,108,110,111,114,115,116,121,124,127,128,134,135,137,140,141,148,150,153,155,156,158,160,166,168,171,174,179,180,181,182,184,192,193,195,196,200,201,203,204,206,209,211,220,224,226,227,228,229,230,231,232,235,238,242,245,248,249,252,254,275,276,280,282,287,340,355,357
52,8,78,81,83,84,90,92,96,98,102,103,104,105,106,107,108,109,111,112,113,114,115,116,121,122,125,127,130,132,133,140,142,144,145,150,151,154,157,158,162,168,171,184,187,194,198,201,203,209,210,211,213,219,234,256,273,298,302,308,387,686
53,12,46,65,76,80,85,88,90,91,95,98,100,101,103,104,105,109,110,113,115,116,118,119,123,124,128,129,138,141,143,147,149,150,153,154,162,164,194,204,207,209,211,214,216,218,219,220,261,265,321,349,548,580,624
54,73,83,91,93,97,99,100,104,105,106,111,113,116,117,118,121,123,125,129,130,131,133,135,136,138,140,141,144,145,158,202,216,230,241,249,418,560
55,98,108,119,120,122,127,132,143,148,149,154,355,544,580,640
56,14,42,182,290,311,561,569,625
57,43,48,220,456
58,434,598,699
59,646
60,79,97,343,423,430,606,662
61,50,300,457,496
62,283,354,404,572
63,27,61,373
64,39,274,435,520,664
65,
66,
67,
68,
69,
70,
71,
72,
73,
74,
75,
76,
77,
78,
79,
80,
81,
82,
83,
84,
85,
86,
87,
88,
89,
90,
91,
92,
93,
94,
95,
96,
97,
98,
