14
0,141
1,59,79,123,153,275,329,356,371
2,35,366,444,462,548,555
3,67,99,537
4,271,371,412,661
5,27,65,79,92,119,326,366,460,531,657
6,25,258,263,311,506,518,642
7,93,121,144,181,223,229,262,406,456
8,35,130,193,218,229,252,359,401,421,542
9,51,198
10,91,354,413,427,685
11,58,120,322,462,576,669
12,97,131,204,216,393,644,669
13,285,320,325,366,532,542,625,697
14,23,70,98,102,243,448,599
15,65,114,154,197,227,345,371,451,512,527
16,60,117,422,451,465,467,622,658
17,47,66,74,185,324,410,448,510,548,595
18,10,37,39,44,46,47,49,50,53,54,57,58,60,61,62,64,66,82,109,161,164,179,275,281,338,425,456,499,676,684
19,18,20,23,30,31,35,38,40,41,42,43,44,45,46,47,48,49,50,51,52,53,54,55,56,57,58,59,60,61,62,63,64,65,67,68,70,71,72,73,74,75,77,78,79,80,81,82,85,86,87,89,101,301,370,446,465,473,597,601,618,665
20,28,30,31,36,37,38,41,42,43,44,45,46,47,48,49,50,51,52,53,54,55,56,57,58,59,60,61,62,63,64,65,66,67,68,69,70,71,72,73,74,75,76,77,78,79,80,81,82,83,84,85,86,87,88,89,90,91,92,93,94,95,96,97,98,99,100,101,102,104,105,106,107,108,109,110,111,112,114,122,124,127,129,203,415,426,428,441,442,473,494,518
21,32,38,40,41,42,43,44,45,46,47,48,49,50,51,52,53,55,56,57,58,59,60,61,62,63,64,65,66,67,68,69,70,71,72,73,74,75,76,77,78,79,80,81,82,83,84,85,86,87,88,89,90,91,92,93,94,95,96,97,98,99,100,101,102,103,104,105,106,107,108,109,110,111,112,113,114,115,116,117,118,119,120,121,122,123,124,125,126,127,128,129,130,131,132,133,134,135,136,137,138,139,140,141,142,143,144,145,146,147,148,149,150,151,153,154,155,156,157,158,159,160,161,162,163,164,165,166,167,168,169,170,171,172,173,174,175,176,177,178,179,180,181,182,183,184,185,186,187,188,189,190,191,192,193,194,195,196,198,200,212,419,483,495,586,639
22,11,36,37,40,41,42,43,44,45,46,47,48,49,50,51,52,53,54,55,56,57,58,59,60,61,62,63,64,65,66,67,68,69,70,71,72,73,74,75,76,77,78,79,80,81,82,83,84,85,86,87,88,89,90,91,92,93,94,95,96,98,99,100,101,102,103,104,105,106,107,108,109,110,111,112,113,114,115,116,117,118,119,121,122,123,124,125,126,127,128,129,130,131,132,133,134,135,136,137,138,139,140,141,142,143,144,145,146,147,148,149,150,151,152,153,154,155,156,157,158,159,160,161,162,163,164,165,166,167,168,169,170,171,172,173,174,175,176,177,178,179,181,182,183,184,185,186,188,190,191,192,193,194,195,196,197,198,199,200,201,202,203,204,205,206,207,208,209,210,211,212,213,214,215,216,217,218,219,220,221,222,223,224,225,226,227,228,229,230,231,232,233,234,235,236,238,239,240,241,242,244,245,246,248,249,250,251,253,254,255,257,259,260,263,265,266,267,274,277,278,283,284,286,287,288,291,294,297,311,313,322,325,340,364,380,449,498
23,35,36,37,38,39,40,41,42,43,44,45,46,47,48,49,50,51,52,53,54,55,56,57,58,59,60,61,62,63,64,65,66,67,68,69,70,71,72,73,74,75,76,77,78,79,80,81,82,83,84,85,86,87,88,89,90,91,92,93,94,95,96,97,98,99,100,101,102,103,104,105,106,107,108,109,110,111,112,113,114,115,116,117,118,119,120,121,122,123,124,126,127,128,129,130,131,132,133,134,135,136,137,138,139,140,141,142,143,144,145,146,147,148,149,150,151,152,153,154,155,156,157,158,159,160,161,162,163,164,166,167,169,170,171,172,173,174,175,176,177,178,179,180,181,182,183,184,185,186,187,188,189,190,191,193,194,195,196,197,198,199,200,201,202,203,204,205,206,207,208,209,210,211,212,213,214,215,216,217,218,219,220,221,222,223,224,225,226,227,228,229,230,231,232,233,234,235,236,237,238,239,241,242,243,244,245,246,247,248,250,251,252,254,255,257,258,259,260,261,262,263,264,265,267,268,269,271,272,273,275,277,278,279,280,281,282,284,285,286,288,289,290,293,294,295,296,297,298,299,301,303,310,317,330,331,336,337,344,354,371,451,464,498,551,699
24,32,33,34,35,36,37,38,39,40,41,42,43,44,45,46,47,48,49,50,51,52,53,54,55,56,57,58,59,60,61,62,63,64,65,66,67,68,69,70,71,72,73,74,75,76,77,78,79,80,81,82,83,84,85,86,87,88,89,91,95,96,97,99,100,101,102,103,104,105,106,107,108,109,110,111,112,114,115,116,117,118,119,120,122,123,124,125,126,127,128,129,130,131,132,133,134,135,136,137,138,139,140,141,142,143,144,145,146,147,148,149,150,151,152,153,154,155,156,157,158,159,160,161,162,163,164,165,166,167,168,169,170,171,172,173,174,175,176,177,178,179,181,182,183,184,185,186,187,188,189,190,191,192,193,194,195,196,197,198,199,200,201,203,205,206,207,208,209,210,211,212,215,216,218,220,221,222,224,225,227,229,230,231,233,234,235,239,241,244,245,246,248,250,251,252,253,254,255,257,260,262,264,266,267,268,269,272,274,276,277,280,281,284,287,288,294,297,299,305,309,313,314,320,325,350,358,394,411,486,508,553
25,31,34,35,36,37,38,39,40,41,42,43,44,45,46,47,48,49,50,51,52,53,54,55,56,57,58,60,61,62,63,64,65,66,67,68,69,70,71,73,74,75,76,77,78,79,80,81,83,84,85,86,87,88,89,90,91,92,93,94,95,96,97,98,99,100,101,102,103,104,105,106,107,108,109,110,111,112,113,114,115,116,117,118,119,120,121,122,123,124,125,126,127,128,129,130,131,132,133,134,135,137,138,139,140,141,142,143,144,145,146,147,148,149,150,151,152,153,155,156,158,159,161,164,165,167,168,170,171,172,173,174,176,177,178,179,180,182,183,184,185,188,189,190,191,192,193,194,196,197,198,200,201,202,203,204,205,206,207,208,209,210,211,212,213,215,216,217,221,222,223,224,225,226,227,228,229,230,231,232,233,234,235,236,237,238,239,240,241,242,244,245,246,247,248,249,251,253,254,255,256,257,258,259,261,262,263,265,266,268,269,270,271,274,278,279,284,285,288,289,291,292,295,300,303,306,309,316,334,335,349,360,367,368,374,384,391,393,439,498,576,607
26,19,28,32,33,34,35,36,37,38,39,40,41,42,43,44,45,46,47,48,49,50,51,52,54,55,57,58,59,61,62,63,64,65,66,67,68,69,70,71,73,74,75,76,77,78,79,80,81,82,83,84,85,86,87,88,89,90,91,92,93,94,95,96,97,98,99,101,103,104,107,108,109,110,111,112,113,114,115,116,117,119,120,122,123,124,125,126,127,129,130,131,132,133,134,135,136,137,138,139,140,141,142,143,145,146,147,148,149,150,152,153,154,155,156,157,158,159,160,161,162,163,164,165,167,168,169,170,171,172,173,174,175,176,177,178,180,181,182,183,184,185,186,190,192,193,194,195,196,197,198,199,200,201,202,203,204,205,207,208,209,210,212,213,214,215,216,217,218,219,220,221,223,224,225,226,227,230,232,233,234,235,237,240,246,248,249,250,251,253,256,257,259,260,263,266,279,282,288,290,291,296,304,305,310,316,321,329,344,366,377,446,506,548
27,8,23,27,30,32,33,34,35,36,37,38,39,40,41,42,43,44,45,46,47,48,49,51,52,53,54,56,57,58,59,60,61,62,63,64,65,66,67,68,69,70,71,72,73,74,75,76,77,79,80,81,82,84,85,86,87,88,89,90,91,92,93,94,95,97,98,99,100,101,102,103,104,105,106,107,108,109,110,111,112,113,114,115,116,118,119,120,121,122,123,124,125,126,127,128,129,130,131,132,133,134,135,136,137,138,139,140,141,142,143,145,147,148,149,150,151,152,153,156,159,162,163,164,165,166,167,169,170,171,172,173,174,175,176,177,178,179,180,182,183,185,186,187,188,190,191,192,193,194,196,199,200,202,203,204,205,207,208,211,212,217,218,219,220,221,222,228,229,231,233,234,235,236,238,239,241,242,243,244,246,248,251,253,255,256,257,259,260,261,262,263,265,267,268,269,270,273,274,278,279,284,285,286,288,291,302,308,315,317,321,323,326,329,342,420,456,463,659
28,27,28,29,30,31,32,33,34,35,36,37,38,39,40,41,42,43,44,45,46,47,48,49,50,51,52,53,54,55,56,57,58,59,60,61,62,63,64,65,66,67,68,69,70,71,72,73,74,75,76,77,78,79,80,81,82,83,85,86,87,88,89,90,91,92,93,94,95,96,97,98,99,100,102,103,104,105,107,108,111,112,113,117,119,121,123,124,126,127,128,129,130,131,132,133,134,135,136,137,138,140,141,142,144,145,147,148,149,150,151,152,153,154,155,157,158,159,161,162,163,164,165,166,167,168,169,170,171,172,173,174,175,176,177,178,179,180,181,182,183,184,185,186,187,188,189,191,192,193,194,195,196,197,198,199,200,201,202,203,204,206,207,208,210,211,212,213,214,215,216,217,218,219,220,221,222,223,224,225,226,228,229,232,234,236,238,239,242,247,251,252,253,254,256,257,262,263,265,266,270,271,278,280,284,285,291,293,294,296,297,317,319,327,336,354,371,386,477,621,669,695
29,19,22,25,26,27,28,29,30,31,32,33,34,35,36,37,38,39,40,41,42,43,44,45,46,47,48,50,51,52,53,54,55,56,57,58,59,60,61,62,63,64,65,66,67,71,72,73,74,75,76,77,78,79,80,81,82,83,84,85,86,87,88,89,90,91,92,93,94,95,96,97,98,99,100,101,102,103,104,105,107,108,109,110,111,112,113,114,115,116,117,118,120,121,122,123,124,125,126,127,128,129,130,131,132,133,134,135,136,137,138,139,140,141,142,143,144,145,146,147,149,151,152,153,154,155,157,158,159,160,161,162,163,164,167,168,169,170,171,172,173,174,175,176,177,179,180,181,183,185,186,187,188,191,192,194,198,199,201,202,203,205,206,208,210,211,214,215,218,222,223,225,226,229,230,232,233,234,237,244,245,247,249,250,251,254,257,258,259,261,266,267,268,269,271,273,275,277,279,280,281,282,283,285,288,289,290,294,303,304,305,308,313,316,322,323,325,327
30,20,22,23,24,25,27,29,30,31,32,33,34,35,36,37,38,39,40,41,42,43,44,45,46,47,48,49,50,51,52,54,55,56,57,58,59,60,61,62,63,64,65,66,67,68,69,70,71,72,73,74,75,76,77,78,79,80,81,82,84,85,86,87,88,89,90,91,92,93,94,96,97,98,101,102,103,104,105,106,107,108,109,112,113,117,118,119,120,121,122,123,124,125,126,128,130,132,133,134,135,137,138,139,141,142,143,144,145,146,147,148,149,150,151,153,154,155,156,157,158,159,160,161,162,163,164,165,167,168,169,170,171,172,173,174,175,177,178,179,180,182,184,185,186,187,188,189,193,194,195,196,197,198,199,200,201,204,205,206,207,208,209,210,211,212,214,215,217,218,220,221,224,225,227,228,231,232,233,236,237,238,239,240,242,247,249,250,252,253,254,257,258,265,266,267,268,274,276,279,282,283,285,288,289,290,297,304,310,316,322,325,327,337,340,341,360,392,459,467,503,625,644
31,7,22,24,26,28,29,30,31,32,33,34,35,36,37,38,39,40,41,42,43,44,46,47,48,49,50,51,52,53,54,55,56,57,58,59,60,62,63,64,65,66,67,68,69,70,71,72,73,75,76,77,78,79,80,81,82,83,85,86,87,88,89,90,91,92,93,94,95,96,97,98,99,100,101,102,103,104,105,106,108,109,110,112,113,114,115,116,117,118,119,120,121,122,123,124,125,126,127,128,129,130,131,132,133,134,135,136,137,138,139,140,141,142,143,144,145,146,147,149,150,151,153,154,155,156,157,159,160,161,162,163,164,165,166,167,168,170,171,172,173,174,175,176,177,178,179,180,181,182,183,185,187,188,189,190,191,193,194,195,196,197,199,200,203,205,208,209,211,212,213,215,217,218,219,224,227,232,233,234,239,241,242,243,244,245,247,248,249,250,252,254,255,257,258,259,261,265,266,268,270,276,278,279,282,285,286,287,288,290,291,292,293,296,297,298,299,304,305,310,311,321,322,324,327,329,332,343,346,357,370,392,401,402,451,465,674
32,14,24,25,26,28,29,30,31,32,33,34,36,37,38,39,40,41,42,43,44,45,46,47,48,49,50,51,52,53,54,55,56,57,58,59,60,61,62,63,64,65,66,67,68,69,70,71,72,73,74,75,76,77,78,79,80,81,82,83,84,85,86,87,88,89,90,91,92,94,95,96,97,98,99,101,102,103,104,106,107,108,109,111,112,113,114,115,116,117,119,120,121,122,123,124,125,126,127,128,131,133,134,135,136,137,138,140,141,142,143,144,145,146,147,149,150,151,153,154,155,157,158,159,160,161,162,163,164,165,166,167,168,169,170,171,172,174,175,176,178,179,180,181,182,183,184,185,186,187,188,189,190,191,192,193,194,195,196,197,198,199,200,201,202,203,204,205,207,208,209,210,211,212,213,214,216,217,218,219,221,222,223,224,225,226,228,229,232,233,234,235,236,238,239,242,243,246,247,248,249,250,251,252,255,257,261,262,263,268,272,273,276,277,278,281,285,287,288,290,291,298,300,303,306,307,315,318,324,342,361,369,406,425,428,636,660
33,16,21,24,25,26,30,31,32,33,34,35,37,38,39,40,41,42,43,44,45,46,47,48,49,50,51,52,55,56,57,58,59,60,61,62,63,64,65,66,67,68,69,70,71,72,73,75,77,78,79,80,81,82,83,84,85,86,87,88,89,90,91,92,94,95,96,97,98,99,100,101,102,103,104,105,106,107,108,110,111,112,113,114,115,117,118,119,120,121,122,123,124,125,126,127,128,130,131,132,133,134,135,136,137,138,139,140,141,142,143,144,145,146,148,149,150,151,152,154,155,156,157,158,159,160,161,162,163,165,166,167,169,170,171,172,173,174,175,177,178,179,181,182,185,186,187,188,189,190,191,192,193,194,195,196,197,198,199,200,201,202,203,204,206,208,209,211,212,213,214,215,216,217,218,219,220,221,222,223,224,225,226,228,229,230,231,232,233,234,235,236,237,238,239,241,243,244,245,246,248,249,250,252,254,255,256,257,258,259,260,261,262,263,264,265,266,267,268,269,270,275,277,279,281,284,285,286,287,289,292,293,294,296,298,299,303,305,306,308,309,310,315,317,319,323,325,330,340,344,345,351,355,357,358,359,368,391,409,416,440,452,461,479,516,620,665
34,11,18,21,29,30,31,32,33,35,36,37,38,39,40,41,42,44,45,46,47,48,50,51,52,53,54,55,56,57,58,59,60,61,62,63,64,65,66,67,68,69,71,72,73,75,76,77,78,79,80,81,82,83,84,85,87,88,89,91,92,94,95,96,98,100,101,103,105,106,107,109,110,112,114,115,116,117,122,124,125,126,127,128,129,130,131,132,133,134,135,136,137,138,139,140,141,142,143,144,145,146,147,148,149,150,151,152,153,154,155,157,158,159,160,161,162,163,164,165,166,168,169,171,172,173,174,175,176,177,178,179,180,181,182,183,184,185,187,188,189,190,191,192,193,194,195,196,197,198,199,200,201,202,203,204,205,206,207,208,210,211,212,214,215,217,219,221,222,223,224,225,227,228,229,230,232,233,234,235,236,237,238,239,240,241,242,244,245,246,247,249,250,253,254,255,257,258,259,261,264,265,267,268,269,270,271,274,275,276,278,280,281,285,286,288,289,290,293,295,297,299,300,301,302,304,305,314,315,317,320,322,323,325,327,332,336,341,358,368,378,428,449,493,686
35,26,28,29,30,31,32,33,35,36,37,38,39,42,44,45,47,48,49,50,51,52,54,55,56,57,58,60,61,62,63,64,65,66,68,69,70,71,72,74,75,76,77,78,79,80,82,83,84,85,86,87,88,89,90,91,92,93,94,95,96,97,98,99,100,101,102,103,104,106,107,108,109,113,115,116,119,120,121,122,124,125,126,127,128,129,130,132,133,135,136,137,138,139,140,141,142,143,145,146,147,148,149,151,153,154,157,160,161,162,164,165,169,170,171,172,175,177,178,179,180,182,183,184,185,187,188,189,191,192,193,196,197,198,199,200,201,202,203,204,205,207,208,209,210,211,213,214,215,217,218,219,220,221,222,223,224,225,227,228,229,230,231,232,233,234,235,236,237,238,239,240,241,242,243,245,246,247,248,249,250,251,252,253,255,257,258,259,260,261,263,264,265,266,267,270,271,272,274,275,276,277,278,279,280,281,282,283,284,285,287,288,290,292,293,294,296,297,298,300,301,302,303,305,306,307,308,311,312,313,314,316,317,321,322,323,325,326,327,329,331,332,334,336,339,343,348,349,352,355,359,360,361,366,367,379,381,382,395,398,408,411,453,475,512,671
36,20,25,29,32,33,34,36,37,39,40,42,43,44,45,46,47,48,49,50,51,52,53,54,55,56,57,58,60,61,63,64,65,66,67,68,69,70,71,72,73,74,77,78,79,80,81,82,85,86,87,88,90,91,92,94,95,96,97,98,99,100,101,102,104,105,106,107,108,109,110,111,112,113,114,115,116,117,119,122,123,124,126,127,128,130,131,132,133,134,135,138,139,141,142,143,145,146,147,149,152,153,154,155,156,157,159,160,161,162,163,165,166,168,169,170,171,172,173,174,175,176,177,179,180,181,182,183,185,186,187,189,191,192,195,196,197,198,200,201,203,204,205,206,207,208,210,211,212,213,214,215,219,220,221,222,223,224,225,226,227,228,229,230,233,234,235,236,237,238,239,240,241,243,244,245,246,248,250,251,252,253,254,256,257,259,260,261,262,263,264,265,268,269,270,271,272,273,274,276,280,281,282,283,285,287,288,289,290,291,293,296,299,300,303,305,306,309,311,312,314,315,316,317,320,321,323,324,328,330,331,341,342,346,349,355,363,365,370,372,382,388,394,396,400,424,426,427,438
37,9,31,32,33,34,35,36,37,38,40,41,42,43,44,45,46,47,49,50,52,54,55,56,57,58,59,60,61,62,63,64,65,66,67,68,69,70,72,73,74,75,76,77,78,79,80,81,83,84,85,86,87,88,89,90,91,92,93,94,95,96,97,98,100,101,105,106,109,112,113,115,121,129,130,132,135,137,138,141,142,146,149,150,151,153,156,158,159,160,163,164,165,170,173,174,175,176,179,180,182,183,184,187,188,189,190,191,192,193,194,195,196,197,198,199,200,201,203,204,205,206,207,208,209,210,211,213,214,215,216,217,218,219,220,221,222,223,224,225,226,227,228,229,230,231,233,234,235,236,237,238,239,240,241,242,243,244,245,247,248,249,252,253,256,257,258,259,261,262,263,265,269,270,271,272,273,274,275,276,278,279,282,283,284,285,286,287,288,289,290,294,295,296,300,301,303,305,307,310,312,316,318,321,322,324,328,330,334,339,340,342,346,350,352,366,368,371,376,378,379,382,388,390,392,398,404,406,418,439,453,466,476,478,631
38,28,33,34,35,38,39,41,42,43,44,45,46,47,48,49,50,51,52,53,54,55,56,57,60,63,64,65,67,68,69,70,71,72,73,74,75,76,77,78,79,80,81,83,84,85,86,87,89,91,94,96,99,100,101,102,103,104,105,106,108,109,111,113,114,115,116,118,121,122,123,126,128,129,130,131,132,133,134,135,137,142,144,145,149,150,151,153,154,155,156,157,159,161,164,165,166,168,169,170,171,172,174,176,177,178,182,183,184,185,186,187,189,190,191,192,193,194,195,197,199,200,201,202,206,207,209,210,211,212,213,214,217,218,219,220,222,223,225,226,227,228,229,230,231,232,233,234,235,236,237,238,240,243,244,245,246,247,248,249,251,252,254,256,258,259,260,261,262,263,265,266,268,269,272,273,276,277,278,279,281,283,284,285,286,287,290,292,293,294,295,296,298,300,301,302,303,304,305,306,307,308,310,311,315,317,318,321,324,327,330,336,341,342,346,348,350,352,358,364,373,374,377,378,380,381,383,384,391,392,395,399,411,412,415,416,417,420,422,426,427,436,440,456,482,532,552,594
39,20,25,28,29,31,33,35,36,39,40,42,43,44,45,46,47,49,50,51,52,53,54,55,56,57,58,59,60,62,63,64,65,66,67,68,69,70,71,72,74,75,77,78,79,80,81,82,84,85,86,88,89,90,91,93,96,98,99,100,103,104,105,110,114,115,117,118,120,121,124,125,128,129,130,132,136,138,139,141,145,161,169,171,172,174,175,176,177,179,180,181,185,186,189,190,191,192,193,194,195,197,198,199,200,201,202,203,204,205,206,207,208,209,210,212,213,215,216,219,221,222,224,225,226,227,228,229,230,231,233,234,235,239,240,241,242,243,244,245,246,247,248,252,253,254,255,256,257,258,259,260,261,262,263,266,268,269,270,273,274,275,276,277,278,279,280,281,282,283,284,285,286,287,288,289,290,291,293,294,295,296,297,299,301,302,303,304,305,306,307,308,309,310,311,312,315,316,317,318,319,320,323,324,326,327,329,331,333,334,339,340,341,343,346,347,350,351,356,357,360,363,364,365,367,371,373,386,390,394,397,400,401,403,408,410,412,416,423,424,442,446,456,470,478,488,513,576,632,685
40,7,28,30,31,32,33,35,36,37,38,39,40,41,42,44,45,46,47,48,49,50,51,52,53,54,55,56,57,58,59,60,61,63,64,65,66,67,68,70,73,74,75,76,77,78,80,81,82,83,84,85,86,87,88,89,90,91,92,93,94,95,96,97,98,99,101,102,103,104,107,110,112,113,114,116,118,119,120,121,123,126,128,129,130,135,138,144,148,150,151,152,157,158,161,164,173,176,177,178,179,180,182,184,186,187,188,189,190,197,199,201,202,203,204,205,206,207,210,211,212,213,214,216,217,218,220,221,222,224,225,226,227,228,229,230,231,232,233,236,237,238,240,241,246,247,248,249,250,251,253,255,256,259,261,262,263,264,265,266,267,270,271,273,277,279,281,282,283,285,286,287,290,291,293,294,295,297,301,304,307,309,310,311,314,315,317,318,319,320,321,322,327,329,332,333,335,336,337,338,339,340,341,342,344,345,346,348,350,352,353,355,356,358,359,360,363,364,366,371,374,380,383,385,389,390,392,393,398,399,404,406,408,410,412,418,428,431,438,446,450,457,461,479,492,496,504,687
41,20,22,24,28,30,32,36,38,40,43,44,45,46,47,48,49,52,53,54,55,56,57,58,59,60,61,62,63,64,65,66,67,68,69,70,71,72,74,77,78,79,80,81,82,83,84,86,87,89,90,91,92,93,94,96,97,98,99,100,102,104,105,106,107,108,109,110,111,112,113,116,117,118,120,121,125,132,133,134,135,136,138,145,146,152,155,158,166,171,178,180,181,184,185,190,192,197,198,199,200,201,202,204,205,206,207,209,212,213,214,216,218,220,221,222,225,226,227,228,229,231,232,233,235,236,238,241,243,245,248,249,250,251,254,255,259,260,261,262,264,266,276,277,278,279,280,281,284,285,286,290,296,299,302,304,309,311,312,313,314,315,316,317,319,324,328,336,338,339,340,343,345,348,349,350,351,356,361,363,365,377,391,396,412,421,430,598
42,31,33,34,35,40,42,43,44,45,46,48,49,50,51,52,53,54,55,56,58,59,60,61,62,63,64,65,67,69,70,73,75,77,78,80,81,82,84,85,86,87,88,89,90,92,93,94,95,96,97,98,99,102,104,105,107,109,110,111,113,114,115,116,129,130,132,135,136,138,139,140,141,142,146,147,148,149,151,154,155,156,159,165,168,174,177,179,181,182,183,184,185,186,187,191,194,199,201,205,208,210,211,215,217,219,220,223,224,226,228,229,230,234,235,236,237,239,242,243,245,246,248,250,251,252,255,256,257,260,267,270,271,272,273,275,279,282,286,287,288,289,294,295,300,301,302,303,304,306,308,315,316,317,321,323,324,325,326,330,331,336,338,339,342,343,344,347,350,351,352,353,354,357,360,366,377,379,391,400,407,436,473,497,577,578
43,34,38,39,43,44,46,47,50,51,52,53,55,56,57,58,59,60,61,62,63,64,65,66,67,68,69,70,71,72,73,74,75,76,77,79,80,81,82,83,84,85,87,88,89,90,91,92,93,95,96,97,100,104,105,106,107,108,110,111,113,119,121,122,130,136,137,138,139,141,148,150,151,152,153,154,156,157,161,164,169,171,173,175,184,188,192,193,195,196,197,199,200,201,202,205,207,209,212,213,214,216,218,219,221,222,223,224,225,226,227,228,229,230,232,233,234,235,237,238,239,240,241,243,244,245,246,247,248,249,250,251,252,253,254,255,258,259,262,263,264,266,267,269,273,275,276,278,282,283,285,287,288,294,296,297,302,304,307,312,314,315,316,319,320,324,327,330,331,332,335,338,344,348,353,355,360,361,362,396,423,453,587
44,33,37,38,39,40,41,42,43,44,45,46,47,48,49,50,51,53,54,55,56,58,59,60,62,66,67,69,71,72,74,76,78,81,82,84,86,87,88,89,90,91,93,94,96,97,98,99,100,101,102,103,105,106,107,108,109,110,111,112,113,114,115,116,117,118,119,120,122,132,133,134,135,138,141,143,144,147,148,150,152,156,157,162,170,172,179,181,189,192,193,195,196,204,207,209,210,212,214,217,218,219,220,221,222,223,227,229,231,235,238,240,241,246,247,252,255,256,257,259,261,263,265,269,270,272,279,282,283,284,287,291,292,293,296,299,300,301,304,306,307,311,313,314,316,319,321,322,323,324,325,326,328,329,330,332,334,335,343,344,345,346,348,349,351,355,357,359,360,361,363,364,366,367,371,374,376,381,387,395,396,397,398,400,408,421,456,465,479,538,541
45,37,38,39,41,42,43,44,45,46,48,49,50,51,52,54,55,56,57,58,59,60,61,62,63,66,67,68,69,70,71,72,73,74,75,76,78,79,80,84,85,87,89,93,95,96,97,98,100,101,102,103,105,107,111,113,114,116,119,120,121,124,131,134,135,136,137,142,143,149,151,152,153,155,158,159,161,162,166,168,169,170,173,174,183,185,187,188,191,192,196,197,198,204,205,206,208,211,216,219,220,223,225,226,227,228,229,231,232,233,234,236,238,240,242,247,251,252,253,254,257,258,259,262,263,266,267,269,274,277,278,279,283,284,285,286,288,292,293,305,319,321,324,336,365,369,392,446,453,583
46,36,38,39,40,42,43,44,45,46,47,48,50,52,53,55,56,57,58,59,60,61,63,68,69,74,77,78,79,80,81,82,83,84,85,86,87,88,89,90,91,92,93,94,95,96,97,98,99,100,101,102,103,104,106,107,108,110,111,112,113,115,117,118,121,122,123,135,136,138,141,143,144,145,146,147,148,149,150,151,153,155,156,157,158,159,163,169,171,172,186,188,191,193,195,196,201,202,205,212,214,219,221,224,225,226,227,229,230,232,233,234,235,236,238,240,244,245,248,249,253,254,257,260,261,265,272,274,275,281,282,284,285,287,289,291,292,293,295,296,299,300,301,302,303,304,305,306,307,308,310,313,316,318,319,325,329,331,333,339,341,342,343,347,350,358,359,362,364,365,366,368,378,381,385,387,388,398,406,418,421,493
47,33,36,39,41,44,46,48,49,50,51,52,53,54,55,56,57,59,60,62,63,64,65,66,67,68,69,70,71,72,73,75,76,77,80,82,83,85,86,90,91,94,96,97,98,100,103,105,109,110,112,114,115,116,120,122,127,130,135,137,138,145,147,148,149,150,157,160,162,164,165,174,175,179,182,185,186,187,194,200,204,206,207,212,213,216,217,219,221,225,227,228,230,231,234,237,238,241,242,243,244,245,246,247,249,250,253,254,256,257,260,261,262,263,264,265,267,268,269,270,273,274,277,278,279,281,282,284,286,288,290,292,295,303,305,307,311,313,315,316,325,335,337,338,350,375,382,428,635
48,34,35,40,42,44,46,49,52,53,55,56,58,59,60,64,65,66,70,72,73,74,75,77,82,83,84,85,86,87,88,89,90,91,92,93,95,99,100,102,103,104,105,107,110,112,113,114,115,116,118,122,123,124,125,126,127,130,132,133,143,146,149,150,154,158,159,160,161,165,174,178,182,184,187,190,194,205,210,211,223,224,231,233,235,236,238,243,244,245,249,252,258,260,261,264,265,266,267,268,269,271,272,273,274,275,276,277,281,283,306,308,314,317,321,324,325,330,338,339,342,343,352,353,357,359,362,363,402,407,453
49,31,34,39,43,44,45,46,47,48,52,53,54,55,56,57,59,60,61,62,63,64,66,67,68,70,71,72,73,74,75,76,77,78,79,80,81,82,84,85,86,87,90,94,95,97,102,106,108,111,117,120,121,126,128,129,134,140,141,146,147,148,149,153,160,163,164,165,171,178,180,182,183,184,187,190,191,192,198,200,201,202,203,204,206,207,208,209,212,216,217,219,220,222,227,229,231,236,237,238,241,242,246,248,255,256,260,263,264,265,267,268,269,271,276,279,281,285,288,289,290,291,296,301,313,331,334,355,356,582
50,38,41,42,43,44,45,47,51,52,53,55,56,57,58,62,65,66,67,68,69,70,71,72,74,75,79,81,82,83,85,86,87,88,90,91,95,96,99,101,104,107,108,109,110,111,113,120,123,125,126,129,134,135,143,144,146,149,152,156,158,160,161,162,163,164,167,185,194,197,199,201,206,214,215,219,220,221,226,227,232,240,247,249,251,254,264,271,301,302,303,309,310,312,319,324,326,327,329,336,355,357,358,363,404,419,473,475,545,587
51,21,50,51,54,56,58,61,62,63,64,65,66,67,68,69,70,72,73,74,75,77,78,79,81,82,83,84,85,86,87,89,90,92,93,95,96,97,98,99,101,102,108,114,115,117,120,124,127,131,133,136,140,142,145,151,152,153,154,155,168,169,171,173,174,177,178,180,184,191,195,196,197,198,200,201,202,203,206,208,210,211,218,222,223,224,226,227,228,230,233,234,236,238,239,240,241,242,244,250,252,256,260,261,262,263,264,267,270,272,273,274,278,281,282,283,285,289,290,291,296,297,298,306,307,309,312,322,323,332,361,363,367
52,43,44,46,47,48,51,52,53,54,55,56,57,58,59,61,62,65,68,69,72,74,75,77,79,81,83,86,88,89,91,93,95,97,98,99,100,101,103,107,108,109,111,112,114,115,116,117,120,121,122,124,128,136,140,141,146,148,152,153,157,159,160,161,162,164,166,168,169,170,172,173,179,183,187,188,193,194,201,203,204,208,214,215,217,218,222,225,229,235,237,245,248,272,275,276,280,285,287,306,309,311,317,326,330,337,339,340,341,356,364,370,373,388,494,502,533,575,585
53,43,44,45,47,49,50,51,52,53,55,56,57,58,63,64,65,66,67,68,69,70,72,73,74,75,76,77,78,79,80,81,83,84,86,88,89,90,91,92,93,94,95,100,101,103,104,106,108,109,111,114,118,119,120,122,125,126,137,140,148,154,156,158,159,160,162,164,167,173,174,180,181,185,203,204,205,206,207,208,209,214,216,217,218,224,227,229,230,231,232,235,237,238,241,243,244,249,252,253,257,259,260,265,266,268,273,275,278,286,290,291,293,294,295,308,311,316,317,319,321,325,336,338,348,350,372,449,581,639
54,43,44,47,49,51,52,53,54,55,57,58,60,62,63,64,65,66,67,68,71,72,73,77,78,80,81,82,85,86,87,89,93,94,95,96,98,99,102,104,105,106,107,109,110,111,112,113,117,118,119,121,122,126,128,129,133,137,139,141,142,145,146,149,150,151,152,155,158,159,163,164,169,171,176,179,183,186,192,203,212,216,221,246,250,256,261,264,275,276,279,280,283,306,329
55,25,44,46,47,48,49,50,51,52,53,55,56,57,59,63,65,68,69,70,71,72,76,78,79,82,83,85,86,87,88,89,91,92,94,95,96,97,98,99,100,101,103,104,105,107,109,110,111,113,114,115,116,117,118,119,121,122,124,125,127,129,130,131,142,146,147,148,149,150,151,155,158,160,166,170,174,175,177,180,193,205,211,216,220,221,224,225,227,230,241,245,249,251,286,294,304,307,309,310,312,348,549,634,694,698
56,32,42,43,45,47,48,50,51,52,54,55,57,58,59,60,61,62,63,64,65,66,67,69,71,72,73,74,75,76,77,78,79,80,81,82,83,84,85,86,87,88,89,90,93,95,96,98,99,100,104,105,106,108,109,113,115,118,119,120,121,123,124,128,129,131,135,137,153,161,164,166,167,171,175,181,183,185,191,200,202,204,206,209,213,215,218,219,224,248,249,261,266,279,299,307,308,313,411,421
57,35,41,44,46,48,50,51,52,53,54,55,59,60,61,63,65,66,67,68,73,74,77,78,84,91,92,94,95,96,97,98,99,101,103,104,106,109,110,111,112,113,115,116,117,120,121,128,130,131,133,134,135,138,152,168,172,181,232,317,330,452
58,5,33,39,40,43,44,47,48,49,50,51,55,57,66,68,69,70,71,72,73,74,75,76,77,78,79,80,81,82,84,85,86,87,88,89,92,94,95,96,98,99,100,102,103,104,111,112,120,125,126,129,134,135,142,144,154,155,202,658
59,24,36,48,50,51,55,57,62,64,68,75,79,80,83,84,85,86,89,93,95,98,100,102,105,107,110,113,114,116,117,118,121,123,125,129,130,137,143,145,157,158,187,543
60,81,95,104,105,111,114,116,123,145,184,297,359,408
61,89,144,149,181,503,648
62,418
63,4,477
64,35,195,237,317,366,447,553,595
65,398
66,519,563
67,7,60,300,477,549,602
68,127,220,337,543,650,653
69,287,584,587,633
70,80,378,442
71,9,226,420,428,477,510,537,621
72,74,93,380,396,469,539,641
73,300,386
74,2,9,87,262,424
75,74,86,104,317,385,548,550,647
76,60,182,287,408,567,572
77,76,178,519,681
78,14,297,358,398,694
79,78,109,204,616,658
80,134,245,559,566
81,
82,
83,
84,
85,
86,
87,
88,
89,
90,
91,
92,
93,
94,
95,
96,
97,
98,
