19
0,420
1,26,69,74,83,282,290,391,415,568,576,600
2,59,60,66,70,71,73,74,75,77,78,80,87,95,217,247,309,576
3,59,62,63,65,66,67,68,69,70,71,72,73,74,75,76,77,78,79,80,81,82,83,84,85,86,87,88,89,90,91,92,93,94,95,96,97,98,99,100,101,102,103,106,107,108,189,240,266,398
4,55,56,60,61,62,63,64,65,66,67,68,69,70,71,72,73,74,75,76,77,78,79,80,81,82,83,84,85,86,87,88,89,90,91,92,93,94,95,96,97,98,99,100,101,102,103,104,105,106,107,108,109,110,111,112,113,114,115,116,117,118,119,120,121,122,123,124,125,126,127,128,129,130,131,132,133,134,135,136,137,139,141,144,159,165,167,170,171,176,183,577,609,657
5,20,41,59,61,62,63,64,65,66,67,68,69,71,72,73,74,75,76,77,78,79,80,81,82,83,84,85,86,87,88,89,90,91,92,93,94,95,96,97,98,99,100,101,102,103,104,105,106,107,108,109,110,111,112,113,114,115,116,117,118,119,120,121,122,123,124,125,126,127,128,129,130,131,132,133,134,135,136,137,138,139,140,141,142,143,144,145,146,147,148,149,150,151,152,153,154,155,156,157,158,159,160,161,162,163,164,165,166,167,168,169,170,171,172,173,174,175,176,177,178,179,180,181,182,183,184,185,186,187,188,189,190,191,192,193,194,195,196,197,198,199,200,201,202,203,204,205,206,208,209,210,211,212,213,214,215,216,217,218,219,220,221,222,223,224,225,226,227,228,229,232,233,234,235,238,239,240,241,242,243,244,245,247,248,249,252,260,261,270,272,273,274,275,279,281,288,289,291,292,294,297,300,301,316,328,340,353,360,383,395,403,438
6,39,52,54,55,56,57,59,60,62,63,64,65,66,67,68,69,70,71,72,73,74,75,76,77,78,79,80,81,82,83,84,85,86,87,88,89,90,91,92,93,94,95,96,97,98,99,100,101,102,103,104,105,106,107,108,109,110,111,112,113,114,115,116,117,118,119,120,121,122,123,124,125,126,127,128,129,130,131,132,133,134,135,136,137,138,139,140,141,143,144,145,146,147,148,149,150,151,152,153,154,155,157,158,159,160,162,163,164,165,166,167,168,169,170,171,172,173,174,175,176,177,178,179,180,181,182,183,184,185,186,187,188,189,190,191,192,193,194,195,196,197,198,199,200,201,202,203,204,205,206,207,208,209,210,211,212,213,215,216,217,218,219,220,221,222,223,224,225,226,227,228,229,230,231,232,233,234,235,236,237,238,240,241,243,244,245,246,247,249,250,251,253,254,255,256,257,258,259,260,261,262,263,264,265,266,268,269,270,271,272,273,274,275,276,277,278,282,283,284,286,287,289,290,291,292,294,295,296,297,298,302,303,304,306,307,308,310,312,314,318,320,321,322,326,329,330,332,334,335,339,343,352,399,412,424,425,434,698
7,41,62,65,66,67,68,70,71,72,73,74,75,76,77,78,79,80,81,82,83,84,85,86,87,88,89,90,91,92,93,94,95,96,97,98,99,100,101,102,103,104,106,107,108,109,110,111,112,114,115,116,117,118,119,120,121,122,123,124,125,126,127,128,129,130,131,132,133,134,135,136,138,139,140,141,142,143,144,145,146,147,148,149,150,151,152,154,156,159,160,161,162,163,164,165,166,167,168,169,170,171,172,173,174,175,176,177,178,179,180,181,182,183,184,185,186,187,188,189,190,191,192,193,194,195,196,197,198,199,200,201,202,203,204,205,206,207,208,209,210,211,212,213,214,215,216,217,218,219,220,221,222,223,224,225,226,228,229,230,231,232,233,234,235,236,237,239,240,241,242,243,244,245,246,247,248,249,250,251,252,254,255,256,257,258,259,260,261,263,264,265,266,267,268,269,270,271,272,273,275,276,278,279,280,281,282,284,287,289,290,292,296,298,304,306,307,308,310,311,313,314,322,323,327,341,342,346,348,356,361,371,372,398,456,611
8,54,58,61,62,63,64,65,66,67,68,69,70,71,73,74,75,76,77,78,79,80,81,82,83,84,85,86,87,88,89,90,91,92,93,94,95,96,97,98,99,100,101,102,103,104,105,106,107,108,109,110,111,112,113,114,116,117,118,119,120,121,122,123,125,127,129,130,132,133,134,135,136,137,138,139,140,141,143,144,145,146,147,148,149,150,151,152,154,155,156,158,159,160,161,162,164,165,166,167,168,169,170,171,172,173,174,175,176,177,178,179,180,181,182,183,184,185,186,187,188,189,190,192,193,194,195,196,197,198,199,200,201,202,203,204,205,206,207,208,209,210,211,212,213,214,215,216,217,218,219,220,221,222,224,225,226,227,228,229,230,231,232,233,234,235,236,237,238,239,241,242,243,244,245,246,247,248,249,250,251,253,254,255,256,257,258,259,260,261,262,263,264,265,266,267,268,269,270,271,274,275,277,278,279,281,282,283,286,287,288,289,290,292,293,294,295,296,298,299,300,303,304,305,307,308,310,312,315,321,323,325,326,327,332,333,334,336,338,349,356,358,359,364,369,379,385,492
9,55,57,59,60,61,62,63,64,65,67,68,69,71,72,73,74,75,76,77,78,79,80,81,82,83,84,85,86,87,88,89,90,91,92,93,94,95,96,98,99,101,102,103,104,105,106,107,108,109,111,112,113,114,115,116,117,119,120,121,122,123,124,125,129,130,132,133,134,135,136,137,138,139,140,141,143,144,146,147,148,149,150,151,152,154,158,159,160,161,162,163,164,165,166,167,168,169,170,171,172,173,174,175,176,177,178,179,180,181,182,183,185,187,188,189,190,192,193,194,195,196,198,201,202,203,204,205,206,208,210,211,212,213,214,215,216,217,218,219,221,222,223,224,225,226,227,230,231,232,233,234,235,236,237,238,239,241,242,243,244,245,246,247,248,249,250,252,253,255,257,258,261,262,263,264,265,266,267,268,269,270,272,273,274,275,276,277,278,279,281,282,283,285,286,287,291,292,294,295,296,297,298,300,301,302,304,305,306,309,310,311,312,313,316,318,319,320,321,322,324,326,327,328,329,330,331,332,334,335,336,337,341,344,345,348,349,350,352,353,354,355,356,357,359,363,364,365,366,367,368,369,370,375,376,377,378,382,383,391,402,406,410,429
10,61,63,64,65,66,67,69,70,71,72,73,74,75,76,78,79,80,81,82,84,85,86,87,88,89,90,91,92,93,94,95,96,97,98,99,100,101,102,104,105,107,108,109,111,112,114,115,116,118,120,121,122,123,124,127,128,129,130,131,132,133,134,135,136,137,138,139,140,141,142,143,144,147,148,149,150,151,152,153,155,156,157,159,160,161,162,163,164,165,166,167,168,169,171,172,173,174,175,176,177,178,179,180,181,183,184,185,187,188,194,195,197,198,199,200,201,202,203,206,207,208,210,211,213,214,216,217,218,219,220,221,222,223,224,225,226,227,228,229,230,231,232,233,234,235,236,237,238,239,241,242,243,245,246,247,249,250,251,252,253,254,255,257,258,260,261,262,263,264,266,267,268,269,270,272,274,277,278,280,281,282,283,284,287,288,289,290,291,293,295,296,297,299,302,303,306,311,313,314,315,318,322,324,325,326,328,331,333,343,345,346,349,350,351,352,353,354,356,358,360,368,375,378,384,385,386,389,395,398,407,417,422,427,428,436,469,491,528
11,54,60,64,66,67,68,69,70,71,72,73,74,75,76,77,78,79,80,81,82,83,84,85,86,87,88,89,90,91,92,93,94,95,96,97,98,101,103,104,105,106,107,110,111,112,114,115,116,117,118,119,120,121,122,123,124,125,126,127,128,129,130,131,132,133,135,136,138,139,140,141,142,143,144,145,146,147,148,149,150,151,152,153,155,156,157,159,160,161,162,163,164,165,166,167,168,171,172,173,175,176,177,178,179,180,181,182,183,185,187,188,190,192,193,194,195,196,197,198,200,201,203,204,205,206,207,208,209,210,211,212,213,214,215,216,220,222,224,225,226,228,229,230,231,232,233,234,235,236,237,238,239,240,241,243,244,247,251,252,253,256,257,261,262,266,267,268,270,273,274,278,279,280,282,283,287,288,293,296,297,300,303,304,307,308,309,310,312,313,314,316,319,321,322,324,326,329,330,333,335,339,340,343,346,350,354,355,356,358,360,361,362,367,368,369,370,372,374,381,382,387,393,396,399,431,470,471
12,47,54,58,59,60,63,64,65,66,67,68,69,70,71,72,73,74,75,76,77,78,79,80,81,82,83,84,85,86,87,89,90,91,92,94,96,97,100,101,102,103,104,105,106,107,108,109,110,111,112,113,114,115,116,117,118,119,120,121,122,123,125,126,127,128,129,130,131,132,133,134,135,136,139,140,141,142,144,146,147,148,149,150,152,153,154,155,157,161,162,164,165,167,168,169,170,171,172,174,176,177,178,179,181,182,184,185,186,187,188,190,191,192,193,194,196,197,198,199,200,201,202,203,204,206,207,208,209,210,211,212,213,214,215,216,217,218,220,221,223,224,225,226,227,228,229,231,233,235,236,237,239,240,243,246,248,250,252,258,264,269,270,271,272,273,274,275,277,278,279,280,283,285,286,287,289,290,292,294,297,298,301,305,306,307,308,310,311,312,314,315,316,317,318,319,320,321,322,323,325,327,328,329,330,331,332,334,335,336,337,338,339,340,342,343,345,346,347,348,350,351,352,355,356,359,360,365,372,373,375,385,388,391,396,399,405,410,417,420,433,442,447,570,634
13,60,61,62,63,64,65,66,67,68,69,70,71,73,74,75,76,77,78,79,80,81,83,84,85,86,87,88,89,91,92,93,95,96,97,98,99,100,101,102,103,104,105,106,107,108,109,110,111,112,113,114,115,116,117,119,120,121,123,124,127,128,129,130,134,135,136,137,138,139,140,141,142,143,144,145,149,151,152,153,154,155,156,157,160,162,163,164,165,167,168,170,171,172,174,175,177,178,179,180,183,185,187,188,190,191,192,194,197,198,200,201,202,204,207,208,209,211,213,215,216,217,219,220,221,223,224,225,226,227,228,229,230,231,232,233,234,235,236,238,239,240,241,242,243,245,246,248,249,250,259,260,261,263,264,265,266,267,268,269,270,271,272,273,274,275,276,279,280,281,282,283,284,285,286,287,288,289,292,293,294,296,297,298,301,302,303,305,306,307,308,309,310,311,312,313,316,317,318,319,320,321,322,324,326,327,329,330,331,332,335,342,345,347,348,349,351,353,354,355,357,358,363,364,365,369,372,375,376,382,385,390,391,430
14,6,57,60,61,62,63,64,65,66,67,68,69,70,71,72,73,74,75,77,79,80,81,82,85,86,88,90,91,92,93,94,95,96,97,98,99,100,101,102,103,104,105,106,107,108,109,110,111,112,113,114,115,117,118,120,121,122,123,128,131,132,137,138,139,140,141,142,143,144,146,147,149,150,153,154,155,158,160,162,164,165,166,167,168,169,170,171,173,175,176,177,178,179,182,183,184,185,187,188,189,192,196,197,198,199,201,204,205,207,209,211,213,214,216,217,218,219,221,223,227,228,229,230,231,232,233,236,237,238,239,241,242,243,244,245,246,247,251,252,253,255,257,259,260,262,263,266,268,271,273,276,277,278,279,281,282,283,285,286,287,288,289,290,291,292,293,294,295,296,297,298,299,301,302,303,304,305,307,310,311,312,314,315,316,317,320,321,322,324,326,327,328,329,331,332,333,336,339,340,342,343,344,348,351,352,354,356,363,365,368,374,376,381,383,384,389,390,394,396,398,403,419,420,430,450,471,484,525
15,2,54,55,58,60,62,63,64,65,66,67,68,69,71,72,73,74,77,78,79,80,81,82,83,84,85,86,87,88,90,92,93,94,95,96,97,98,99,100,101,102,103,105,106,107,108,109,110,111,112,114,115,116,117,118,119,120,121,123,124,125,127,128,129,133,134,135,137,138,140,141,142,143,144,146,154,159,160,162,163,164,165,167,168,174,175,176,177,182,184,185,187,188,189,192,193,194,198,199,200,201,202,203,204,206,208,210,211,212,213,214,215,216,217,218,219,220,223,225,228,229,230,231,234,235,236,237,238,239,240,241,242,243,244,247,248,249,252,253,255,256,258,259,260,261,263,264,265,266,269,270,271,272,273,274,277,279,280,281,282,283,287,288,289,295,297,298,300,302,304,305,307,308,309,313,314,316,319,320,324,327,333,335,338,343,345,349,350,353,355,358,361,364,372,374,376,381,404,408,415,423,425,427,453,458,460,535,582
16,56,61,62,63,65,66,67,68,69,70,71,73,74,75,76,77,78,79,80,81,82,83,84,86,87,88,89,90,91,92,93,94,95,96,97,98,99,100,101,103,104,108,109,110,112,115,116,117,118,119,120,121,123,124,125,126,127,128,130,132,137,141,143,144,147,148,149,151,152,153,155,156,157,159,160,165,166,167,168,172,174,176,177,179,180,182,183,185,187,188,189,190,191,192,196,198,199,200,202,203,204,205,207,209,210,212,214,215,216,217,218,219,220,221,222,223,225,227,228,229,230,231,232,235,236,238,239,240,242,244,245,247,251,253,255,256,260,262,265,268,269,270,272,273,274,275,276,277,279,280,281,282,283,284,285,287,288,289,290,292,293,294,296,298,299,300,301,302,303,304,307,308,309,310,311,312,313,316,317,318,319,324,328,329,333,335,338,339,340,344,346,347,349,353,363,371,376,380,382,388,389,392,408,409,411,414,670
17,20,58,59,61,62,63,64,65,66,68,69,70,71,72,73,74,75,77,78,79,80,81,82,83,85,86,87,88,89,90,91,94,96,97,98,99,101,102,104,106,107,108,109,110,111,114,115,117,118,119,122,123,124,125,126,127,128,130,131,134,135,138,139,140,141,142,143,145,147,148,150,153,155,157,159,160,161,162,164,165,166,167,170,171,172,174,179,180,182,185,186,187,189,190,191,192,193,197,200,201,206,207,208,209,210,213,215,217,218,219,220,221,224,225,226,227,229,230,231,232,233,234,235,237,239,241,242,245,246,247,248,250,255,257,258,260,261,264,265,268,271,274,275,277,278,279,282,284,285,286,287,290,291,292,295,296,299,300,301,303,305,307,309,310,311,312,320,321,325,327,333,335,339,340,342,343,345,346,347,349,354,357,360,369,374,375,377,379,380,381,384,393,394,401,404,418,613
18,52,59,60,61,65,67,69,70,71,72,73,74,75,76,77,78,79,80,81,83,84,85,86,87,89,90,92,93,94,95,98,99,100,103,104,108,109,110,111,115,116,117,119,121,123,124,126,129,130,131,132,134,135,136,137,139,141,142,143,148,149,150,153,157,158,166,167,169,170,171,172,173,174,175,176,177,178,180,182,183,184,185,186,189,190,191,192,194,196,197,199,200,202,203,204,207,209,212,214,216,217,218,220,221,222,223,224,225,226,227,228,229,234,235,236,237,238,242,248,249,250,252,258,260,262,264,268,271,274,275,280,291,293,294,295,298,300,303,306,307,314,318,322,329,343,347,359,361,362,366,368,370,371,372,381,388,401,405,415,456,531
19,53,59,60,61,62,65,66,67,68,69,71,72,73,74,75,77,78,79,80,81,82,83,84,88,90,92,93,94,97,98,99,101,102,103,104,105,106,109,110,111,113,114,115,117,118,119,120,122,123,126,127,129,130,131,132,133,135,136,138,139,140,141,142,143,144,147,148,149,150,151,154,155,159,160,161,162,165,167,172,173,174,176,182,183,184,186,188,190,194,195,196,198,201,202,203,204,205,207,210,211,212,215,216,218,219,220,221,223,226,228,230,231,232,233,236,237,242,245,248,250,251,254,256,261,263,264,266,267,272,275,277,278,286,287,290,296,297,300,302,312,313,315,318,319,320,321,322,326,327,333,338,339,340,351,357,360,367,368,382,383,384,392,394,401,408,411,412,459,499,633
20,57,59,61,62,63,65,66,67,69,70,71,72,74,75,76,77,79,80,81,82,83,84,85,86,87,88,89,91,92,93,94,96,97,98,99,100,101,102,103,104,105,106,107,108,109,110,111,113,114,117,118,119,120,121,122,123,125,126,127,128,129,130,131,132,133,134,135,136,137,138,139,142,144,145,146,149,150,152,154,155,156,160,162,163,166,167,171,172,175,176,177,179,180,183,184,185,187,189,190,191,192,198,200,201,203,205,206,207,212,214,219,220,229,234,236,238,239,242,243,244,248,249,251,256,257,258,260,261,264,265,266,267,271,272,273,277,279,282,283,284,285,289,290,294,299,300,301,302,303,305,306,311,312,315,318,319,326,330,332,335,338,340,343,344,345,348,350,355,359,361,363,367,369,371,378,381,385,386,394,396,398,477
21,29,49,55,57,58,60,62,63,65,66,67,69,71,72,74,80,81,82,83,84,85,86,87,89,90,91,92,93,94,95,96,98,99,100,102,103,104,105,106,107,110,111,112,114,115,116,118,120,121,123,124,125,126,127,128,129,130,131,134,135,136,137,138,140,141,142,146,151,154,155,157,158,159,160,161,162,163,164,168,170,171,172,174,180,195,197,199,201,205,206,208,209,210,211,212,213,215,220,221,222,223,226,230,233,234,235,236,237,241,245,247,249,250,254,257,259,260,264,266,267,268,269,270,272,281,284,285,286,287,288,293,294,296,297,300,301,303,305,308,310,311,313,314,315,316,321,323,324,330,331,333,337,343,347,348,349,352,357,358,364,365,370,379,381,383,392,401,403,404,411,439,468,506,645
22,56,57,58,60,61,62,64,65,66,67,68,69,70,73,74,75,76,77,78,79,80,81,82,84,86,87,88,89,90,91,92,93,94,95,96,97,98,100,101,102,103,104,105,107,108,109,111,113,114,115,117,118,119,120,121,122,123,125,126,129,131,132,133,134,135,136,138,141,143,144,149,159,160,161,162,164,166,169,172,173,175,176,177,178,181,183,184,188,192,194,195,196,197,198,200,202,208,211,212,213,218,219,220,221,222,223,225,227,228,231,233,234,235,236,239,241,243,244,245,246,249,250,251,252,255,258,260,261,262,264,267,269,270,271,274,275,276,279,285,291,293,295,297,298,300,301,302,304,306,307,309,311,312,316,317,322,326,329,331,334,336,337,339,341,343,344,345,350,352,355,365,368,369,392,396,398,399,403,410,566,591,677
23,54,55,57,58,59,60,62,63,64,65,67,68,70,71,72,73,74,75,76,77,78,79,80,81,82,83,84,85,86,87,88,89,91,92,93,94,95,96,97,98,99,100,101,102,103,104,105,106,107,109,110,115,116,117,118,121,122,125,127,128,130,133,134,135,136,137,138,139,140,143,144,156,158,160,161,162,164,169,170,172,174,175,177,178,179,180,181,182,184,186,187,190,192,193,196,199,200,203,204,210,211,212,216,217,218,220,223,224,225,226,227,229,230,231,232,236,237,238,240,241,249,250,253,260,267,271,276,280,281,284,287,288,289,293,298,300,305,308,309,310,311,313,314,315,316,318,322,324,326,331,333,334,337,338,339,340,351,353,366,375,382,391,408,595
24,50,54,55,56,58,60,61,62,63,64,66,67,68,69,70,71,74,75,78,79,81,82,85,86,88,89,90,92,93,95,96,97,98,100,101,102,105,106,108,109,112,114,119,120,122,124,126,127,128,131,132,135,136,137,138,140,142,144,145,146,147,148,150,152,157,159,163,164,165,166,167,168,169,171,172,174,179,182,183,186,187,193,195,198,201,204,205,208,209,212,213,217,218,220,222,223,225,227,228,230,231,232,233,235,238,240,243,244,248,250,251,256,258,260,263,266,270,278,281,287,305,306,307,308,309,311,313,317,339,344,345,348,355,367,368,374,376,389,409,417,429,466,472
25,20,51,53,54,56,57,58,59,60,61,62,64,65,66,67,68,69,70,71,72,74,76,77,78,79,80,81,82,83,84,86,87,89,90,91,92,96,98,99,100,101,102,104,105,107,108,109,110,111,112,115,116,117,118,119,121,123,124,126,129,134,136,139,141,142,143,144,146,149,150,151,152,153,154,156,157,158,160,162,165,168,169,173,176,178,185,189,190,199,201,203,205,206,209,210,213,214,215,217,218,219,220,222,223,224,225,227,234,235,249,255,266,268,269,271,296,300,307,317,324,343,344,349,352,357,358,361,391,427,476,565,641
26,48,50,51,53,54,55,56,57,58,59,60,61,62,63,64,65,66,67,68,69,71,72,73,74,76,81,82,83,84,86,87,89,90,91,92,93,94,95,96,97,98,99,100,101,102,103,104,106,107,108,110,111,114,115,117,118,119,120,122,123,129,130,131,134,135,136,137,138,139,140,141,145,147,148,149,151,152,153,154,155,157,158,161,162,163,166,167,174,176,182,184,189,195,200,206,207,209,210,211,212,213,214,215,216,217,218,225,229,230,231,232,233,235,237,238,239,249,253,254,257,261,263,267,277,281,285,291,297,298,301,308,318,326,330,335,336,347,350,357,358,374,375,384,397,407,431,552
27,7,51,52,53,54,55,56,57,58,59,60,61,62,63,64,65,66,67,70,72,73,74,75,77,79,80,81,82,83,84,85,86,87,89,90,91,92,93,94,95,97,98,99,101,102,103,104,107,110,111,113,114,115,116,117,118,121,122,123,126,128,136,139,141,144,148,149,150,152,153,154,155,156,158,159,161,166,169,170,172,173,176,179,180,182,185,186,188,190,191,192,194,195,196,200,201,205,208,209,211,212,213,214,217,218,219,220,221,222,223,226,227,228,229,234,235,237,238,244,255,260,265,266,272,274,275,277,291,294,299,300,305,316,317,320,327,338,348,353,359,368,379,403,518,525
28,33,44,48,51,54,55,57,59,60,61,62,64,65,66,67,68,69,70,71,72,73,74,75,77,79,81,82,83,84,85,86,87,88,91,92,93,94,95,96,98,99,100,101,102,103,104,107,109,110,118,119,121,123,124,125,126,128,136,139,140,143,144,145,146,147,148,150,151,153,155,156,157,159,160,163,164,165,166,169,171,172,174,175,177,178,179,180,181,182,184,188,189,192,194,195,196,197,202,203,205,207,209,210,211,212,215,216,217,220,222,223,225,226,227,233,234,238,240,241,243,245,253,257,258,259,265,267,275,276,279,280,284,295,297,302,311,313,322,329,338,342,453,646,652,692
29,48,54,55,56,57,58,59,60,61,62,63,64,65,66,67,68,70,72,73,74,75,76,77,78,79,81,82,83,85,86,88,89,90,92,93,94,95,96,97,98,101,102,106,108,110,111,112,114,115,116,118,121,122,123,124,126,127,128,131,132,133,135,137,139,143,145,147,149,151,153,156,159,160,165,166,172,173,174,175,178,179,180,181,184,185,186,188,189,190,192,193,196,200,202,203,205,206,207,208,212,213,214,216,217,221,223,225,229,231,255,259,267,278,282,297,300,324,396,401,407,424,429,452,458,590,605,628,662
30,3,26,41,50,51,52,54,55,56,57,58,59,60,61,62,63,64,65,66,67,69,70,71,73,74,75,77,80,81,83,85,86,90,92,93,94,95,96,97,98,99,103,104,105,106,107,109,111,112,113,116,120,121,123,125,126,127,128,132,133,134,135,137,139,142,145,147,151,154,156,158,159,163,168,171,173,174,175,176,177,178,181,189,194,196,206,212,216,223,224,227,229,231,234,235,237,238,247,253,259,274,278,282,287,303,314,316,319,331,588,591,599,661
31,16,46,48,49,50,51,53,54,55,56,57,58,60,62,64,65,67,68,69,71,74,75,76,77,79,80,81,84,85,86,87,88,89,90,91,93,94,95,97,98,99,102,103,104,105,106,108,111,112,113,116,117,119,120,121,123,124,128,132,138,139,140,142,146,148,149,152,156,157,164,165,168,172,176,179,183,184,186,189,190,194,195,196,197,198,199,200,201,203,205,206,207,210,211,212,215,217,218,222,223,224,225,226,228,231,233,235,236,238,239,249,253,255,266,268,272,274,275,276,302,304,306,309,312,389,420,483,533
32,11,22,44,46,48,49,50,52,53,54,55,56,57,58,59,60,61,62,63,64,65,66,67,68,69,70,71,72,73,74,75,76,77,78,80,82,85,86,87,88,89,90,91,92,93,94,95,96,97,102,104,105,106,108,109,112,114,116,117,118,119,120,121,122,125,126,128,129,131,132,137,139,143,144,149,150,155,157,159,162,163,165,166,167,168,172,175,180,181,182,187,188,191,192,193,194,199,200,201,202,203,204,205,207,210,211,212,213,214,215,222,223,228,229,231,233,237,244,246,250,255,256,259,267,282,331,358,464,474,521
33,47,49,50,51,52,53,54,55,56,57,58,59,60,61,62,63,64,65,66,67,68,69,71,72,73,74,76,79,80,82,85,88,90,91,93,94,96,97,98,100,101,102,103,105,106,107,109,110,111,112,113,117,118,119,121,124,125,127,128,129,131,135,136,140,143,144,145,146,147,149,151,152,154,156,157,159,164,165,167,168,171,172,173,180,183,185,187,189,193,194,200,201,213,217,219,223,231,249,250,254,266,270,278,280,284,287,296,301,305,308,327,400,503,601,681
34,45,47,48,50,51,52,53,54,55,56,57,58,59,60,61,62,63,66,67,68,70,71,72,73,74,75,76,77,79,80,81,82,83,84,85,86,87,88,89,90,91,92,93,94,95,96,97,98,99,100,101,102,103,104,105,106,107,109,110,111,112,113,114,116,118,119,120,122,123,124,129,130,131,134,138,142,144,145,146,150,151,153,157,158,159,160,161,162,163,167,169,170,172,174,175,176,177,178,180,181,182,183,186,188,189,193,195,196,197,198,199,200,201,202,203,205,206,208,209,215,216,220,228,231,234,239,241,251,252,253,254,265,268,297,310,326,356,536,557
35,8,43,45,46,48,49,51,53,54,56,57,59,62,63,64,65,66,67,68,69,70,71,73,74,75,78,79,80,81,82,83,84,85,86,87,88,91,92,94,95,97,100,101,102,103,104,106,110,111,113,114,116,118,120,121,126,127,128,129,131,132,134,135,136,137,140,141,142,143,144,146,147,148,151,152,154,156,157,158,159,161,162,163,164,166,167,168,169,171,172,175,176,177,178,179,182,183,185,186,188,189,190,191,192,196,199,200,201,202,205,206,208,210,211,215,216,219,220,222,223,224,226,227,228,229,233,236,239,242,249,251,256,261,263,267,273,276,285,430,485,613
36,43,49,50,52,54,55,57,58,59,60,61,62,63,64,65,66,67,68,69,70,71,72,73,74,75,76,78,80,82,85,86,87,88,89,94,96,99,102,103,104,105,106,107,108,109,112,113,114,116,117,119,121,124,125,128,129,130,131,133,138,139,141,142,143,144,145,148,150,151,152,153,154,155,156,158,159,160,161,162,163,164,165,166,170,173,175,176,177,182,185,187,189,192,194,198,203,208,213,218,219,225,232,233,235,240,243,251,252,254,261,275,286,287,292,294,335,342,353,606
37,45,48,49,54,55,56,57,58,59,60,61,63,64,65,68,69,70,71,73,74,75,77,78,80,81,82,83,84,85,86,87,88,89,90,91,92,93,94,95,97,99,101,102,103,104,105,106,107,109,110,111,114,115,118,120,121,122,125,126,127,128,129,134,136,138,144,146,150,153,154,155,156,157,160,161,163,176,177,178,180,183,186,188,192,194,195,197,198,199,200,202,203,204,207,209,210,212,214,216,217,218,220,222,224,225,226,227,229,242,246,253,260,263,264,265,269,271,279,282,284,295,300,339,403,422
38,49,50,52,54,56,59,60,61,64,66,67,68,69,70,72,73,74,75,76,77,78,79,80,81,84,85,86,87,89,90,91,92,93,94,95,96,97,98,100,102,103,106,108,109,111,114,116,124,127,128,135,137,140,143,147,151,152,153,154,156,157,158,161,162,167,168,172,173,174,175,176,178,179,182,185,191,193,199,203,204,207,209,214,222,224,231,232,234,236,240,243,254,267,286,289,298,299,311,320,468
39,48,52,53,54,55,57,58,61,63,64,65,66,67,69,70,71,72,73,74,76,77,78,79,83,85,86,90,91,92,93,95,96,97,98,100,101,102,103,106,108,109,110,111,112,118,120,121,123,124,125,126,127,128,129,131,132,134,136,140,144,145,147,148,151,152,153,156,158,160,162,167,171,172,173,174,175,178,179,184,186,193,202,208,217,221,222,226,228,248,249,251,258,268,270,277,302,305,306,368,500,582
40,42,47,49,51,52,56,59,61,63,64,65,67,68,69,70,71,76,77,78,79,81,85,86,87,88,89,90,91,92,93,95,96,98,99,100,101,105,109,112,113,114,116,117,119,120,121,122,123,124,125,126,129,131,132,133,135,137,139,141,146,147,148,151,156,157,160,163,168,169,170,171,174,176,178,184,194,208,210,214,218,221,222,225,232,243,251,254,257,261,262,271,306,357,364,525,548,559
41,51,58,61,62,64,66,68,70,71,72,73,74,76,77,78,79,80,81,82,83,84,85,89,91,92,93,94,95,96,98,99,100,102,103,104,105,107,108,109,114,115,116,117,121,122,127,132,145,147,149,152,159,160,161,163,167,170,171,172,176,178,179,181,185,189,193,194,196,207,211,212,215,217,219,228,232,244,246,262,286,287,299,318,341,361,495,584
42,50,51,57,66,67,68,75,77,79,80,82,86,87,88,89,91,92,94,96,100,102,105,106,107,112,113,114,115,117,119,122,124,125,126,129,132,136,137,139,140,144,148,159,162,163,164,168,174,181,184,187,188,191,192,194,195,198,210,212,214,215,221,225,226,230,245,250,251,296,315,331,447,493,527,582,585,603,662
43,46,54,59,61,63,66,68,90,91,100,103,104,106,107,108,110,116,121,122,126,127,128,136,137,145,160,168,171,183,188,190,222,228,234,259,264,281,285,298,303,315,349,432,510
44,24,81,92,111,147,205,243,316,340,383,453,494,589,630,688
45,436,572
46,5,448,478,696
47,125,220,418
48,25,214,674
49,127,149,469,496,549
50,405,517,672
51,533
52,91,194,377,504
53,79,251,307,444,478,601,671
54,
55,
56,
57,
58,
59,
60,
61,
62,
63,
64,
65,
66,
67,
68,
69,
70,
71,
72,
73,
74,
75,
76,
77,
78,
79,
80,
81,
82,
83,
84,
85,
86,
87,
88,
89,
90,
91,
92,
93,
94,
95,
96,
97,
98,
