2
0,463
1,38,186,373,643
2,56,90,213,280,473,531,581,648,649
3,214,335,421,511,578,585
4,14,149,170,181,182,682
5,105,116,129,130,144,150,154,157,158,159,160,161,162,163,164,165,166,167,168,169,170,171,172,173,174,175,176,177,178,179,180,181,182,183,184,185,186,187,188,189,191,192,194,195,198,199,200,201,202,203,204,205,206,207,209,210,211,212,213,215,216,217,219,224,228,229,231,232,233,250,252,264,265,414,422,427,432,433,434,435,436,437,438,439,440,445,446,447,448,449,450,451,452,453,454,458,461,463,465,467,474,482,485,486,489,503,506,536
6,40,127,173,184,190,221,222,226,227,228,229,233,236,237,239,240,241,248,249,250,251,257,260,262,266,268,270,271,278,299,303,330,427,460,466,472,477,513,544,550,551,555,574,598,601,615
7,3,101,111,304,381,459,462,467,496,500,509,539,541,574,576,586,589,595,597,602
8,82,497,513,537,552,562,597,695
9,5,6,178,206,461,553,559,560,652,680,694
10,6,15,20,164,254,258,481,501,690
11,7,8,17,25,357,406,423,630
12,5,6,7,8,9,10,11,13,14,15,16,18,20,22,23,24,25,27,75,109,189,235,313,500
13,3,7,8,9,10,11,12,13,14,15,16,17,18,19,20,21,22,23,24,25,26,27,28,29,30,31,32,33,34,41,43,50,63,289,522,655
14,2,3,5,6,7,8,9,11,12,13,14,15,16,17,18,19,20,21,22,23,24,25,26,27,28,29,30,31,32,33,34,35,36,37,38,39,40,41,42,43,46,48,49,50,52,59,70,191,327,443,458,565
15,1,4,5,6,7,8,9,10,11,12,13,14,15,16,17,18,19,20,21,22,23,24,25,26,27,28,29,30,31,32,33,34,35,36,37,38,39,40,41,42,43,44,45,46,47,48,49,50,51,52,53,54,55,56,57,58,59,60,61,62,63,64,95,105,110,116,117,133,502,666,680
16,2,3,4,5,6,7,8,9,10,11,12,13,14,15,16,17,18,19,20,21,22,23,24,25,26,27,28,29,30,31,32,33,34,35,36,37,38,39,40,41,42,43,44,45,46,47,48,49,50,51,52,53,54,55,56,57,58,59,60,61,62,63,64,65,66,67,68,69,70,71,73,74,75,76,77,78,79,80,81,82,83,84,85,86,87,88,89,90,91,92,93,94,95,96,97,100,102,103,104,105,106,107,108,109,110,111,112,113,114,115,116,117,118,119,120,121,122,123,124,125,126,127,130,131,132,135,136,140,141,142,144,145,146,148,149,150,151,152,154,155,159,178,190,363,372,617
17,1,4,6,7,8,9,10,11,12,13,14,15,16,17,18,19,20,21,22,23,24,25,26,27,28,29,30,31,32,33,34,35,36,37,38,39,40,41,42,43,44,45,46,47,48,49,50,51,52,53,54,55,56,57,58,59,60,61,62,63,64,65,66,67,68,69,70,71,72,73,74,75,76,77,78,79,80,81,82,83,84,85,86,87,88,89,90,91,92,93,94,95,96,97,98,99,100,101,102,103,104,105,106,107,108,109,110,111,112,113,114,115,116,117,118,119,120,121,122,123,124,125,126,127,128,129,130,131,132,133,134,135,136,137,138,139,140,141,142,143,144,145,146,147,148,149,150,151,152,153,154,155,156,157,158,159,160,161,162,163,164,165,166,167,168,169,170,171,172,173,174,175,176,177,178,180,181,182,183,184,185,186,187,188,189,190,192,193,194,195,196,197,198,199,201,202,203,204,205,206,207,209,210,213,214,216,217,219,221,225,226,227,228,230,231,232,236,245,246,261,264,273,291,299,305
18,3,5,6,7,8,9,10,11,12,13,14,15,16,17,18,19,20,21,22,23,24,25,26,27,28,29,30,31,32,33,34,35,36,37,38,39,40,41,42,43,44,46,47,48,49,50,51,52,53,54,55,56,57,58,59,60,61,62,63,64,65,66,67,68,69,70,71,72,73,74,75,76,77,78,79,80,81,82,83,84,85,86,87,88,89,90,91,92,93,94,95,96,97,98,99,100,101,102,103,104,105,106,107,108,109,110,111,112,113,114,115,116,117,118,119,120,121,122,123,124,125,126,127,128,129,130,131,132,133,134,135,136,137,139,140,141,142,143,144,145,146,147,148,149,150,151,152,153,154,155,156,157,158,159,160,161,162,163,164,165,166,167,168,169,170,171,172,173,174,175,176,177,178,179,180,181,182,183,184,185,186,187,188,189,190,191,192,193,194,195,196,197,198,199,200,201,202,203,204,205,206,207,208,209,210,211,212,213,214,215,216,217,218,219,220,221,222,223,224,225,226,227,228,229,230,232,233,234,235,237,238,239,240,241,242,243,244,245,247,248,249,251,252,253,254,256,257,260,262,264,266,268,273,274,275,277,278,279,281,283,286,287,288,289,290,306,318,323,343,344,359,379,383,588
19,3,4,5,6,7,8,9,10,11,12,13,14,15,16,17,18,19,20,21,22,23,24,25,26,27,28,29,30,31,32,33,34,35,36,37,38,39,40,41,42,43,44,45,46,47,48,49,50,52,53,54,55,56,57,58,59,60,61,62,63,64,65,66,67,68,69,70,71,72,73,74,75,76,77,78,79,80,81,82,83,84,85,86,87,88,89,90,91,92,93,94,95,96,97,98,99,100,101,102,103,104,105,106,107,108,109,110,111,112,113,114,115,116,117,118,119,120,121,122,123,124,125,126,127,128,129,130,131,132,133,134,136,137,138,139,141,142,143,144,145,146,147,148,149,150,151,152,153,154,155,157,158,159,160,161,162,163,164,165,167,168,169,170,171,172,173,174,175,176,177,178,179,180,181,182,183,184,185,186,187,189,190,191,192,193,194,195,196,197,198,199,200,201,202,203,204,205,206,207,209,210,211,212,213,214,215,216,217,218,219,220,221,223,224,225,227,228,229,230,231,232,233,234,235,236,237,238,239,240,241,242,243,244,245,246,247,248,249,250,252,253,254,255,256,257,258,259,260,261,262,264,265,267,268,269,271,272,273,274,275,277,278,279,280,281,282,284,288,291,293,294,295,296,297,299,300,308,310,311,314,316,317,327,331,332,334,335,336,337,341,349,354,357,362,363,364,369,371,372,374,375,376,379,380,388,390,393,401,409,410,412,428,445,447,459,606
20,3,5,6,7,8,9,10,11,12,13,14,15,16,17,18,19,20,21,22,23,24,25,26,27,28,29,30,31,32,33,34,35,36,37,38,39,40,41,42,43,44,45,46,47,48,49,50,51,53,54,55,56,57,58,59,60,61,62,63,64,65,66,67,68,69,70,71,72,73,74,75,76,77,78,79,80,81,82,83,84,85,86,87,88,89,90,91,92,93,94,95,96,97,98,99,100,101,102,103,104,105,106,107,108,109,110,111,112,113,114,115,116,117,118,119,120,121,122,123,124,125,127,128,129,130,131,132,133,134,135,137,138,139,140,141,142,143,144,145,146,147,148,149,150,151,152,153,154,155,156,157,158,159,160,161,162,163,164,165,166,167,168,169,170,171,172,173,175,176,177,178,179,180,181,182,183,184,185,187,189,190,191,192,193,194,195,196,197,198,199,200,201,202,203,206,207,209,210,211,212,213,214,215,217,219,220,221,222,224,225,226,227,228,229,230,231,232,234,237,238,239,241,243,244,245,246,247,248,249,251,252,253,255,257,258,259,260,262,263,264,265,266,267,268,269,270,273,274,280,283,285,286,289,290,291,297,301,303,306,308,310,314,320,321,336,348,361,362,365,367,372,374,380,394,404,431,433,451,461,473,534,632
21,1,3,4,5,7,8,9,10,11,12,14,15,16,17,18,19,20,21,22,23,24,25,26,27,28,29,30,31,32,33,34,35,36,37,38,39,40,41,42,43,44,45,46,47,48,49,50,51,52,53,55,56,57,58,59,60,61,62,63,64,65,66,67,68,69,70,71,73,75,76,77,78,79,80,81,82,83,84,85,86,87,88,89,90,92,94,95,96,97,98,99,100,101,102,103,104,105,106,107,109,110,112,113,114,115,116,117,118,119,120,121,122,123,124,125,126,127,128,129,130,131,132,133,134,135,136,137,138,139,140,141,142,143,144,145,146,147,148,149,150,151,152,153,154,155,156,157,158,159,160,161,162,163,164,165,166,167,168,169,170,171,172,173,174,175,176,177,178,179,180,181,182,183,184,185,186,187,188,190,191,192,193,194,195,196,197,198,199,200,201,202,203,204,205,206,208,209,210,211,212,213,215,219,220,221,222,223,225,226,227,228,231,232,233,234,235,236,239,240,241,242,243,244,246,247,249,255,256,258,259,261,262,263,264,266,267,268,270,271,273,275,276,278,279,280,282,284,287,289,290,292,293,297,298,300,301,302,303,308,309,311,314,315,318,319,320,322,340,356,361,374,379,385,424,452,462,587,601,668
22,2,3,4,5,6,7,8,9,10,11,12,14,15,16,17,18,19,20,22,23,24,25,26,27,28,30,31,32,33,34,35,36,37,38,39,41,42,44,45,46,47,48,49,50,51,52,53,54,55,56,57,58,59,60,61,62,63,65,66,67,69,70,71,72,74,75,77,78,79,81,82,83,84,85,87,89,90,91,92,93,94,95,96,97,98,99,100,101,102,103,104,105,106,107,108,109,110,111,112,113,114,115,116,117,118,119,120,122,123,124,127,128,129,130,131,132,133,134,135,136,137,138,141,142,143,145,146,147,148,149,150,151,152,153,154,155,156,157,158,159,160,161,162,163,164,165,166,167,168,169,170,171,172,173,174,175,176,177,178,179,180,181,182,184,185,186,187,188,189,190,191,192,194,195,197,198,199,200,201,202,203,204,205,206,208,210,211,212,213,214,216,217,218,219,220,221,222,223,224,225,226,227,228,229,230,231,232,233,234,236,237,240,242,245,246,247,249,250,253,254,255,257,258,261,263,264,265,266,267,268,269,270,272,274,276,277,279,281,282,283,284,287,291,292,295,296,299,300,303,304,305,306,309,316,321,325,326,329,333,337,342,348,351,359,363,366,372,374,375,377,382,399,400,403,417,419,422,438,439,445,603
23,1,2,3,4,5,6,7,8,9,10,11,12,13,14,15,17,18,19,20,21,22,23,24,25,26,27,28,30,31,32,33,34,35,36,37,39,40,41,42,43,44,45,46,47,49,51,52,53,54,55,56,58,59,60,61,62,63,65,66,67,68,69,70,71,72,73,74,75,76,77,78,79,80,83,84,85,87,88,89,90,93,94,95,96,97,98,99,100,101,102,103,104,105,106,107,108,109,110,111,112,113,114,115,116,117,118,119,120,121,123,124,125,126,127,128,129,130,131,132,133,134,136,138,139,141,142,143,144,145,146,147,148,149,150,151,152,153,155,156,157,158,159,160,161,162,163,165,166,167,168,169,170,171,172,173,176,177,178,179,180,181,182,183,184,185,186,187,188,189,190,191,192,193,194,195,196,197,198,199,200,201,202,203,204,205,206,207,208,209,211,212,213,214,215,216,217,218,219,220,221,222,223,224,225,226,227,228,229,231,232,233,234,235,236,237,238,239,240,241,243,246,247,248,249,254,258,259,261,262,263,265,266,268,269,270,271,272,275,277,278,279,281,282,284,286,289,293,294,295,297,300,306,311,312,317,323,330,348,350,353,357,362,369,372,373,378,381,394,396,405,408,409,413,415,431,652
24,1,2,3,4,5,6,7,8,9,10,11,12,13,14,15,16,17,18,19,20,21,22,23,25,26,27,28,29,30,31,32,33,34,35,36,37,38,39,40,41,42,43,46,49,50,51,53,54,55,56,57,58,59,60,61,62,63,64,65,66,68,69,70,71,72,73,74,75,76,77,78,79,80,81,82,83,84,85,86,87,88,89,90,91,92,93,94,95,96,97,98,100,102,103,104,105,107,108,109,110,111,112,113,114,115,116,117,118,119,120,121,122,123,124,125,126,127,129,130,132,133,135,136,137,138,139,140,141,143,144,145,146,147,148,149,150,151,152,153,154,155,156,158,159,160,161,162,165,167,168,169,170,171,172,173,174,176,178,179,180,181,182,183,186,187,188,189,190,192,193,195,196,197,198,199,201,203,204,205,206,207,208,209,210,211,212,213,214,216,217,218,219,224,225,226,227,228,229,230,231,232,233,234,235,236,237,238,239,240,242,244,245,246,247,248,249,250,251,254,255,256,257,259,260,261,262,263,264,265,268,269,270,272,276,277,279,281,282,285,286,287,288,291,293,294,296,297,298,300,301,303,304,305,306,308,311,316,317,322,323,325,326,328,330,331,335,336,340,341,350,354,355,362,364,365,366,367,368,370,372,375,380,384,385,392,396,407,412,421,429,436,451,501,528,575,691
25,1,2,3,4,5,6,7,8,9,10,11,12,13,14,15,16,17,18,19,20,21,23,24,25,26,27,28,29,30,31,33,34,35,36,37,38,39,40,41,42,43,44,45,46,47,48,50,52,53,54,55,56,57,58,59,60,61,62,63,64,66,67,68,70,72,73,74,75,76,77,79,80,82,83,84,85,86,87,89,90,91,92,93,94,95,96,97,98,99,101,102,103,104,105,106,107,108,109,110,111,112,113,114,115,116,117,118,119,120,122,123,124,126,127,128,129,130,133,134,135,136,137,139,140,141,142,143,144,145,146,147,148,149,150,151,152,153,154,155,157,158,159,161,162,163,164,165,166,167,168,169,170,171,172,173,176,178,180,181,182,183,184,185,186,187,188,189,190,191,192,193,194,195,196,197,198,199,200,201,202,203,204,205,206,207,208,209,211,212,213,215,216,219,220,223,225,226,227,229,230,231,232,233,234,235,237,239,240,242,247,251,253,255,256,257,259,260,261,263,264,266,267,269,271,272,273,274,276,277,278,287,288,289,295,296,301,302,303,305,307,309,311,317,336,338,348,355,365,369,370,373,374,378,380,386,387,389,395,403,404,416,426,432,447,454,460,461,464,554
26,1,2,3,4,5,6,7,8,9,10,11,12,13,14,15,16,17,18,19,20,21,22,23,24,25,26,27,28,29,30,31,32,33,34,35,36,37,38,39,40,41,42,43,45,47,48,49,51,52,53,54,57,58,59,60,61,62,63,64,65,66,67,68,69,71,72,73,76,77,78,81,82,84,85,86,88,89,90,91,92,93,94,95,96,97,98,99,102,103,104,105,106,107,108,109,110,111,112,113,114,115,116,117,118,119,120,121,122,124,125,126,127,129,131,132,134,135,136,137,138,139,140,141,142,143,144,145,146,147,148,149,150,151,152,153,154,155,156,157,159,160,161,163,164,166,170,171,172,175,176,177,178,179,180,181,183,184,185,186,187,189,190,191,192,194,195,196,198,199,200,203,204,205,207,211,213,215,216,217,218,219,220,221,223,224,225,227,229,230,232,233,234,235,238,244,245,246,249,250,251,252,253,255,257,258,259,261,262,263,264,266,268,269,270,273,275,276,277,281,282,285,288,289,295,296,298,305,316,318,319,324,326,332,337,340,344,351,354,363,368,373,378,382,392,398,420,425,442,459,462,556,685
27,1,2,3,4,5,6,7,8,9,10,11,12,13,14,15,16,17,18,19,20,21,22,23,24,25,26,27,28,29,30,31,32,33,34,35,36,37,38,39,40,41,42,43,44,45,46,47,48,50,51,52,54,55,56,57,58,59,61,62,64,65,68,70,71,74,75,77,79,80,81,82,83,84,85,86,87,88,89,90,91,92,93,94,95,96,97,98,99,102,103,104,105,106,107,108,109,112,113,114,116,117,118,119,120,121,122,124,125,126,127,128,129,130,131,132,133,134,135,136,137,138,139,140,141,142,143,144,145,146,147,148,149,150,152,153,154,155,156,157,159,160,161,162,163,164,165,167,171,172,173,174,175,176,177,180,181,182,184,186,188,190,191,192,194,195,196,197,198,200,201,202,203,204,205,206,207,208,209,211,212,214,216,218,221,224,228,230,231,234,235,237,238,239,243,244,245,247,249,251,252,253,254,258,260,261,263,264,265,267,268,271,272,273,285,287,291,299,301,312,313,315,320,324,327,333,336,338,346,347,351,355,358,367,378,388,389,391,397,398,399,428,461,488,609
28,1,2,3,4,5,6,7,8,9,10,11,12,13,14,15,16,17,18,19,20,21,22,23,24,25,26,27,28,29,30,31,32,33,34,35,36,37,38,39,40,41,42,43,44,47,48,49,50,51,52,53,54,55,56,58,59,60,62,63,64,65,66,67,68,69,71,73,74,76,77,78,79,80,83,84,85,87,88,89,90,91,92,93,94,95,96,97,98,99,100,101,102,103,104,105,106,107,108,110,111,112,113,114,115,117,118,121,123,124,125,126,127,128,129,130,131,133,135,136,137,138,139,140,141,142,143,144,145,146,147,148,149,150,151,154,156,157,158,159,163,165,166,167,168,169,170,173,175,176,178,179,181,182,183,184,185,186,187,190,193,194,196,197,199,201,204,207,208,209,212,214,215,216,218,220,222,223,224,225,227,228,229,232,234,236,238,240,241,242,245,247,249,252,257,258,259,261,262,264,266,273,274,280,281,282,288,293,294,297,298,301,305,308,311,333,342,343,346,349,352,377,386,394,471,479,501
29,1,3,4,5,6,8,9,10,11,12,13,14,15,16,17,18,19,21,22,23,24,25,26,27,28,29,30,31,32,33,35,36,37,38,39,40,41,43,45,46,48,50,51,52,53,54,55,56,57,59,60,61,63,67,69,70,71,72,73,74,75,76,77,78,79,80,81,82,83,84,85,86,87,88,90,91,92,93,94,95,96,97,98,100,101,102,104,105,107,110,111,112,114,116,117,118,119,120,122,123,125,126,127,128,130,132,133,134,135,136,137,138,139,140,141,142,143,144,145,146,148,149,151,153,154,155,156,157,158,159,160,164,166,167,168,169,171,172,173,174,175,179,180,183,188,189,191,192,195,196,197,198,200,202,204,205,206,207,209,210,211,213,214,215,217,218,221,223,224,226,228,233,234,235,238,240,241,244,251,252,254,258,261,267,272,273,274,276,280,281,283,285,286,288,289,290,293,295,296,303,304,313,314,315,340,431,444,463
30,1,2,3,4,5,6,7,8,9,10,11,12,13,14,15,16,17,19,20,21,22,23,24,25,26,29,30,31,32,33,34,35,36,37,38,39,40,41,42,44,45,46,47,48,49,50,51,52,53,54,55,56,57,59,60,63,64,66,67,68,69,70,74,76,77,78,79,80,81,82,83,84,85,86,87,88,89,91,92,93,94,95,96,97,98,99,100,101,102,103,105,106,107,108,110,111,112,113,114,115,116,117,119,120,121,122,123,124,125,126,127,128,129,131,134,135,136,137,138,140,141,142,143,144,145,146,147,148,149,150,152,155,156,157,159,161,162,165,167,170,171,172,173,174,176,177,178,179,180,181,182,183,184,185,186,187,188,190,191,193,196,197,198,199,200,206,208,209,210,212,214,215,216,217,218,219,220,221,224,225,226,229,231,232,237,238,241,244,245,246,249,250,252,255,259,261,262,263,265,267,268,269,275,277,280,284,287,289,294,296,301,302,309,312,313,318,320,325,333,338,339,340,350,352,355,359,368
31,2,3,4,5,6,7,8,9,10,11,13,14,15,16,17,18,19,20,21,22,23,24,25,26,27,28,29,30,31,32,33,34,37,38,39,40,42,44,45,46,47,48,49,50,51,52,53,54,55,56,57,58,59,61,62,63,64,65,66,67,68,69,70,71,72,73,74,75,76,77,78,79,80,81,82,83,84,86,87,89,90,92,93,94,95,96,97,98,99,100,101,102,103,104,105,107,108,109,112,113,114,115,116,117,118,119,120,121,122,123,124,125,126,128,129,130,132,133,134,135,137,138,139,140,141,142,143,144,145,146,148,149,153,155,157,158,159,160,162,164,165,166,167,168,170,171,172,173,174,176,177,178,179,182,183,184,185,186,187,189,190,191,192,193,194,197,198,199,201,202,203,205,206,207,208,209,212,213,214,215,218,219,220,221,222,223,228,229,230,231,232,234,238,240,241,245,246,247,248,254,258,259,264,271,273,275,279,280,284,286,291,296,297,301,305,306,310,321,327,331,343,344,348,360,372,390,395,417,424,465,488,627
32,2,3,5,7,8,9,10,11,12,13,15,16,17,18,19,20,21,22,23,24,25,26,27,28,30,31,32,33,34,36,37,38,39,40,41,42,45,46,47,49,50,51,52,53,54,55,56,57,58,59,60,61,62,63,66,67,69,70,71,75,77,78,79,80,81,82,83,84,85,86,87,88,89,90,91,92,93,94,95,96,97,98,99,102,103,105,106,107,108,110,111,112,114,116,117,119,122,123,124,127,128,129,130,131,132,133,134,135,138,139,140,141,144,145,146,147,150,153,155,157,158,160,161,162,163,164,166,168,169,170,172,173,174,175,176,177,180,184,186,187,188,190,196,199,202,203,205,206,209,210,212,215,216,217,225,227,228,230,235,236,238,239,240,241,242,244,245,246,249,250,251,252,261,262,263,264,266,277,281,283,285,287,305,307,314,329,340,342,352,366,376,385,390,393,396,397,534,570
33,1,2,3,4,5,6,7,8,9,10,11,12,13,14,15,16,17,18,19,20,21,22,23,25,27,28,29,30,31,32,34,35,37,38,40,41,42,43,44,45,47,48,49,50,51,52,53,54,55,56,57,58,59,61,62,64,65,66,67,68,69,70,71,72,73,74,75,76,77,78,79,80,81,82,83,85,86,87,88,89,90,91,92,93,94,95,96,98,99,100,101,102,103,106,108,109,110,111,113,115,116,117,119,120,121,122,123,124,125,126,127,128,129,130,131,132,134,135,138,139,141,142,143,144,147,148,149,150,151,155,156,158,160,161,164,165,166,167,168,169,173,174,176,179,183,184,186,187,188,189,193,194,196,197,198,202,204,206,213,216,218,220,223,225,226,227,230,233,237,238,241,242,244,249,250,252,258,260,273,276,278,281,283,287,291,292,301,303,307,313,316,320,323,333,342,345,419,432
34,1,2,4,5,6,8,10,11,12,13,14,15,16,17,18,19,20,21,22,23,24,26,27,28,29,30,31,32,33,34,35,36,37,38,39,40,41,42,43,44,45,46,47,49,51,52,54,55,57,58,59,60,61,62,66,67,69,70,71,73,74,75,76,77,78,80,83,85,88,89,90,91,92,93,94,95,96,97,98,99,100,101,102,103,104,106,107,108,109,110,111,113,114,115,116,117,118,119,120,121,122,123,125,126,127,128,130,133,134,135,136,137,138,139,140,141,142,143,144,145,146,147,148,149,150,151,152,156,159,161,162,164,165,166,168,170,171,173,174,175,176,181,182,184,185,186,188,190,191,192,193,194,197,198,202,203,204,206,207,208,212,213,215,217,221,222,223,224,226,228,230,232,236,243,244,249,259,266,268,273,274,281,284,290,295,299,305,306,308,318,328,332,340,341,362,435,451,487,508,511,523,550
35,1,3,5,8,11,12,13,14,15,18,19,20,21,22,23,24,25,26,27,28,29,30,31,32,33,34,35,36,37,39,40,42,43,44,45,46,52,53,55,56,57,58,59,60,63,64,65,66,68,69,70,71,72,73,74,76,77,79,81,82,84,85,86,87,88,89,90,91,92,93,94,95,96,97,98,99,100,102,103,105,106,107,108,110,111,112,113,114,115,116,117,118,119,123,127,128,130,132,134,135,136,140,143,144,146,149,150,153,154,155,156,158,161,163,165,167,168,169,170,174,175,177,179,182,183,184,185,188,190,191,192,193,196,197,199,200,201,202,203,205,206,207,211,212,214,215,217,222,224,228,229,230,236,238,239,240,241,242,243,247,248,251,252,256,257,263,264,271,275,276,277,279,281,282,287,293,294,298,299,303,304,318,321,322,330,331,414,426,451,454,501,674,699
36,7,8,10,11,12,13,14,15,16,17,18,19,20,21,22,23,24,26,27,28,29,30,31,32,33,34,37,38,39,40,41,42,43,44,45,47,48,49,50,51,52,54,55,57,58,59,60,61,62,63,65,66,67,68,69,70,73,74,75,76,77,78,79,80,81,83,84,85,87,88,89,90,91,92,93,94,96,99,100,101,103,104,105,106,107,108,109,110,111,112,114,115,116,117,118,119,120,121,122,123,125,126,127,128,129,130,132,133,134,136,137,138,139,140,141,142,143,144,145,146,148,149,151,153,155,156,159,160,161,162,163,164,166,168,169,171,173,174,175,176,177,178,179,183,184,185,187,191,192,193,195,200,202,203,207,210,212,213,216,220,221,222,226,228,231,232,233,236,241,244,247,248,252,254,255,258,260,264,267,270,277,281,284,287,289,292,296,297,300,305,312,313,314,324,331,336,337,350,394,421,436,484,683
37,2,7,10,12,14,15,17,18,20,22,23,24,25,28,29,30,31,32,33,34,35,36,37,38,39,40,41,42,43,44,45,46,48,49,50,52,53,54,55,56,57,59,60,61,62,63,64,65,66,67,68,70,71,72,73,74,76,77,79,80,81,82,84,87,88,90,93,95,97,99,100,102,104,105,106,107,108,109,110,113,114,115,117,118,119,120,121,123,124,125,126,127,128,129,130,131,132,133,135,136,137,138,139,142,143,144,145,146,147,149,150,151,152,153,154,157,158,159,160,161,162,163,164,167,168,169,170,173,174,175,176,180,182,184,185,187,189,190,191,193,194,204,205,206,207,208,211,214,216,218,219,220,225,228,229,230,231,232,234,235,236,237,240,241,244,245,247,250,253,257,259,261,264,265,266,268,271,273,277,281,282,284,293,297,300,304,309,311,314,316,320,321,322,331,340,343,349,380,388,395,401,415,443,480,489,502,532,613
38,6,20,21,22,23,25,26,27,28,29,31,32,33,34,35,36,37,38,39,40,41,42,43,44,45,46,47,48,49,50,51,52,53,55,56,57,58,59,60,61,62,63,64,65,66,67,68,70,71,72,73,75,76,77,78,80,81,82,83,85,86,88,89,92,94,95,96,97,99,100,101,103,104,105,106,107,108,109,110,112,113,115,117,118,119,121,122,123,125,127,128,129,130,132,134,136,137,138,139,140,141,142,144,145,146,151,152,157,158,161,162,163,164,165,168,172,174,175,176,178,180,181,184,186,188,193,195,196,200,201,202,203,204,206,207,211,214,215,219,220,230,232,233,235,237,240,241,242,245,248,255,257,258,259,261,264,267,269,274,282,284,291,293,294,295,299,301,306,315,330,332,334,347,349,396,398,404,417,427,433,537
39,14,18,24,27,28,29,31,32,33,34,35,36,37,38,40,41,42,43,44,45,46,47,48,49,50,52,53,54,55,56,57,58,59,61,62,63,64,65,66,67,68,69,70,71,72,73,74,75,76,77,78,79,80,82,83,84,85,86,87,89,93,98,100,101,102,103,104,107,108,111,113,114,116,117,119,120,122,125,126,127,128,130,131,132,133,134,141,142,144,146,147,149,151,157,162,163,165,169,171,173,174,176,177,178,179,181,183,185,187,188,189,190,192,193,196,197,198,199,201,202,203,206,207,209,210,211,212,214,215,217,225,227,231,232,234,235,237,238,240,242,246,248,257,260,274,283,285,286,293,295,300,310,319,333,338,340,370,460,481,690,691
40,23,26,28,29,30,31,32,33,34,35,36,37,38,39,40,41,42,43,44,45,46,47,48,50,51,52,53,54,55,57,58,59,61,62,64,66,67,68,69,73,75,77,78,79,80,81,82,83,84,85,86,87,88,89,90,91,92,94,98,100,101,104,105,106,107,108,109,110,111,112,114,115,117,118,119,124,126,129,130,131,132,134,135,137,139,140,141,142,143,145,149,150,151,152,157,183,185,189,194,215,217,221,222,224,226,230,236,242,246,251,257,258,260,266,270,278,285,286,287,293,294,332,353,359
41,19,31,32,33,36,37,38,39,40,41,42,43,44,45,46,47,48,49,50,51,52,53,54,56,57,58,59,60,62,63,64,65,66,68,69,72,73,74,75,76,77,78,81,82,83,84,85,86,87,88,90,91,92,93,95,97,99,100,102,107,109,117,118,119,120,121,122,123,124,125,126,127,128,129,130,132,133,134,135,136,137,138,139,140,141,142,143,145,148,149,151,152,162,174,176,182,185,188,191,218,229,241,254,261,353,443,450
42,14,20,30,35,37,39,41,42,43,45,47,48,49,50,51,52,54,55,56,57,58,59,60,61,62,63,64,65,66,67,68,69,70,71,72,73,74,75,76,77,78,79,80,81,83,84,85,86,87,89,94,98,99,101,103,105,110,111,115,116,122,127,129,130,132,133,134,136,138,139,140,141,142,145,146,147,148,149,152,153,156,157,160,161,166,167,169,174,176,178,180,181,182,183,185,193,196,201,217,252,258,349,353,520,645,663
43,35,36,38,42,43,45,46,47,49,50,51,53,54,55,56,57,59,60,61,63,64,65,66,70,71,72,74,75,76,77,79,80,81,82,83,84,86,87,88,89,90,91,92,93,94,96,97,99,100,102,103,104,105,107,108,109,111,112,114,115,116,117,119,120,121,122,124,127,128,129,130,131,135,140,141,142,146,147,150,151,154,155,159,162,163,164,172,180,182,210,218,359,487,638
44,37,46,48,49,50,51,52,53,54,56,57,58,59,60,61,62,63,64,66,67,68,69,70,72,74,75,77,78,79,80,81,83,86,88,90,91,93,94,97,100,101,107,114,120,121,122,125,126,128,131,132,134,136,138,139,140,142,143,144,145,146,147,148,152,154,155,157,159,162,163,176,180,185,186,187,189,190,193,202,207,210,231,240,249,301,535
45,40,44,45,46,47,49,54,55,56,64,65,68,72,74,75,76,77,79,80,81,84,85,86,87,88,89,90,91,94,95,96,101,103,104,106,107,109,110,111,116,117,119,120,121,122,126,127,131,136,137,139,144,145,146,160,180,187,194,196,198,199,268,333
46,29,44,45,47,48,54,55,57,58,60,61,63,65,66,67,68,71,72,73,76,78,79,84,87,90,98,107,108,114,117,118,130,132,134,136,140,141,144,145,149,152,153,171,173,175,177,185,205,209,337,349,401,486,498,524,624,631
47,42,55,80,82,84,85,86,87,92,94,96,99,100,101,110,113,122,138,140,146,177,186,202,306,333,600
48,49,50,62,68,71,83,86,95,98,107,108,118,131,133,141,386,431,465,487,568,679,683
49,93,108,398,442,574
50,28,335,447,606,646
51,511,513,557
52,307,426,619,622,644,653
53,196,362,387,426,507,611
54,272,441,681
55,331,501,506,560
56,254,256,596,662
57,191,447,468,546,565,584,610
58,2,386,409,461,506,567
59,309,548,633
60,248,254,285,698
61,237,480,569
62,74,430,473,607
63,123,178,416,552,619,630,662
64,97,114,155,255,309,634
65,145,162,249,280,317,512,623,693
66,29,62,119,176,364,578
67,
68,
69,
70,
71,
72,
73,
74,
75,
76,
77,
78,
79,
80,
81,
82,
83,
84,
85,
86,
87,
88,
89,
90,
91,
92,
93,
94,
95,
96,
97,
98,
