8
0,665
1,16,210,218,221,285,332,392,404,470,658
2,35,43,46,62,71,72,78,105,279,366,414,536,546,554,647
3,30,32,33,34,35,36,39,42,43,45,48,50,51,53,54,55,57,61,63,64,65,66,67,70,71,72,220,538,619
4,24,29,30,32,34,35,36,37,38,40,41,42,43,44,45,46,47,48,49,50,51,52,54,55,56,57,58,60,61,62,63,65,66,68,69,70,71,72,73,74,75,76,78,79,80,81,82,83,84,86,87,88,89,92,93,95,98,99,100,102,103,104,106,108,125,129,132,136,138,159,161,167,168,169,171,174,182,185,186,187,193,626,643,686
5,16,25,26,28,30,31,32,33,34,35,36,37,38,39,40,41,42,43,44,45,46,47,48,49,50,51,53,54,55,56,57,58,59,60,61,62,63,64,65,66,67,68,69,70,71,72,73,74,75,76,77,78,79,80,83,84,85,86,87,89,90,91,93,96,97,98,99,100,101,102,105,106,107,108,109,110,111,112,113,114,115,116,117,118,119,120,121,122,123,124,126,127,128,131,132,134,135,137,138,141,142,143,144,145,146,148,149,153,154,155,156,157,158,159,160,161,162,163,167,168,169,170,172,173,174,175,176,177,179,180,181,182,183,184,186,188,190,191,192,193,194,196,197,198,199,200,201,202,203,204,205,206,207,208,209,210,211,212,214,215,216,217,218,221,222,223,224,225,226,227,228,229,230,231,232,233,235,236,237,238,239,240,241,242,243,247,249,251,255,261,263,267,271,277,289,294,341,373,375,378,389,397,398,402,413,417,424,432,435,441,443,453,457,459,461,466,475,489,494,668
6,25,27,30,31,32,33,34,35,36,37,38,39,40,41,42,43,44,45,46,47,48,49,50,51,52,53,54,55,56,57,58,59,61,63,64,65,66,67,68,70,71,72,74,75,76,77,81,82,84,86,90,93,94,95,96,97,99,100,101,102,103,106,107,108,109,110,111,112,113,114,116,121,122,124,125,126,127,128,129,130,131,132,133,134,135,136,137,138,139,140,141,142,143,144,145,146,147,148,149,150,152,153,154,155,156,157,158,161,162,164,165,171,172,173,174,175,176,177,178,179,180,182,183,184,185,186,187,188,189,190,191,192,193,194,195,196,197,199,200,201,202,203,204,205,206,207,208,209,210,211,212,213,214,215,216,217,218,219,220,221,222,223,224,225,226,227,228,229,230,231,232,233,234,235,236,237,238,239,240,241,242,244,245,246,247,248,249,250,251,252,253,254,256,257,258,259,260,261,262,263,264,265,266,267,268,269,271,272,273,274,275,276,277,278,279,280,281,282,283,284,285,286,287,288,290,291,293,295,298,299,300,301,302,303,304,305,306,309,310,311,312,313,315,316,318,319,321,322,323,324,329,331,332,333,339,342,344,345,346,350,358,365,368,372,375,376,377,378,379,381,383,384,385,386,387,388,389,390,391,392,393,395,397,398,399,401,402,403,405,407,409,410,411,412,413,414,415,416,417,418,419,420,421,423,425,426,427,429,430,431,432,433,434,435,436,437,438,439,440,441,442,443,444,445,446,447,448,449,450,451,452,453,454,455,456,457,458,459,460,462,463,465,466,467,469,470,471,474,475,476,477,478,479,480,482,483,484,485,487,488,489,490,491,492,493,494,495,497,499,500,501,502,503,504,505,509,510,511,512,516,518,520,528,532,533,539,542,557,560,566,568,578,602,659
7,5,14,20,21,22,23,26,27,28,30,31,32,33,34,35,36,37,38,39,40,41,42,43,44,45,46,47,48,49,50,51,52,53,54,55,56,57,58,59,60,61,62,63,64,65,66,67,68,69,70,71,72,73,74,75,76,77,78,79,80,82,84,89,91,93,96,97,101,102,103,105,117,120,121,122,123,124,125,129,130,131,132,134,135,136,137,138,139,140,141,142,143,146,147,148,150,152,154,157,158,159,160,161,162,163,164,166,167,168,169,170,171,175,176,177,178,179,180,181,182,183,184,185,186,188,189,190,191,192,193,194,195,196,197,198,199,200,201,202,203,204,205,206,207,208,209,210,211,212,213,214,215,216,217,219,220,221,222,223,224,225,226,227,228,229,230,231,232,233,234,235,236,237,238,239,240,241,242,243,244,245,246,247,248,249,250,251,252,253,254,255,256,257,258,259,260,261,262,263,264,265,266,267,268,270,272,273,274,276,277,278,279,280,281,282,285,286,287,288,290,292,293,295,296,300,301,304,305,307,309,310,312,316,317,320,322,324,325,327,329,331,334,336,338,342,352,353,357,358,360,362,373,374,379,383,388,390,391,392,395,397,398,411,416,417,420,428,433,434,439,450,496,504,546
8,19,22,24,25,27,28,29,30,31,32,33,34,35,36,37,39,41,42,43,44,47,48,49,50,51,53,54,55,56,57,58,61,62,63,64,65,66,68,69,71,73,74,75,76,78,79,80,82,83,84,85,86,87,88,89,90,91,92,93,94,95,96,97,98,100,102,104,105,106,107,109,112,114,115,116,117,118,119,120,121,122,123,124,125,126,127,128,129,130,131,135,137,141,142,145,146,147,148,149,152,153,154,156,158,161,162,163,165,166,168,171,173,174,175,176,178,179,180,182,183,184,187,188,189,190,191,192,193,194,197,199,200,201,202,205,206,207,209,211,212,214,215,217,218,219,220,221,222,223,224,228,229,231,232,234,235,236,237,239,240,242,244,245,246,247,249,250,252,253,254,255,256,257,259,260,261,262,263,264,266,268,270,271,274,275,276,277,278,280,282,284,285,287,288,289,290,291,292,293,295,296,298,299,300,302,303,304,305,308,309,314,315,317,318,320,322,326,332,334,336,347,355,357,361,362,363,366,372,373,375,376,377,379,380,381,382,383,384,385,386,387,388,390,391,393,394,396,398,399,400,401,402,403,404,405,406,407,408,410,411,412,414,415,416,417,418,419,420,421,423,424,425,426,428,429,430,431,433,434,435,436,437,438,439,440,441,443,446,447,448,450,451,452,454,455,456,457,458,459,461,462,463,464,466,467,468,469,470,471,473,474,475,476,477,478,479,482,484,485,487,490,491,492,493,494,495,496,497,498,502,503,504,505,506,509,510,514,518,521,524,525,528,531,542,548,552,568,601,637
9,18,19,23,24,26,27,28,29,30,31,32,33,34,35,36,37,38,39,40,41,42,43,44,45,46,47,48,49,50,51,52,53,54,55,56,57,58,59,61,62,63,64,65,66,67,69,70,71,72,73,74,75,76,77,78,79,80,85,86,89,90,91,92,93,94,96,101,102,103,105,107,108,109,110,111,112,113,114,115,116,117,118,119,121,124,125,126,128,129,130,131,132,133,134,135,136,137,139,140,141,142,143,144,145,146,147,148,149,150,151,152,153,155,156,157,159,160,162,163,164,165,166,168,169,173,174,175,177,178,179,180,183,184,185,186,187,188,189,190,191,192,193,194,195,196,197,198,199,200,201,202,203,204,205,206,207,208,209,210,211,212,213,214,215,216,217,218,220,221,223,224,225,229,231,232,234,235,236,238,242,243,244,245,246,247,248,249,252,255,260,263,265,266,268,269,270,271,272,274,275,276,277,279,280,283,284,285,286,287,289,298,300,312,319,323,324,329,332,335,336,338,347,348,371,372,375,378,379,381,386,391,392,394,395,397,400,403,404,405,407,409,411,413,415,416,418,420,425,426,427,428,429,430,431,432,436,437,438,440,441,443,445,447,448,449,450,451,452,453,454,458,459,460,461,462,463,467,469,470,471,472,475,476,477,481,482,483,488,489,491,495,496,502,505,508,515,520,525,526,528,555,569,576,586,605,614
10,17,18,19,20,22,23,24,25,26,27,28,29,30,31,32,33,34,35,36,37,38,39,40,41,42,43,44,46,47,48,49,51,53,54,55,57,58,59,60,61,62,63,64,65,66,67,68,69,70,71,72,73,74,75,77,78,79,81,82,83,84,85,86,87,88,89,90,94,95,96,98,103,105,107,110,111,114,116,117,118,119,120,121,122,123,124,126,127,128,129,130,131,132,133,135,136,137,138,139,140,141,142,143,144,146,148,150,151,152,153,154,155,156,157,158,159,160,161,163,164,165,166,167,168,169,170,171,172,173,174,175,178,180,181,183,185,187,188,191,192,193,195,196,197,198,199,200,201,202,203,204,205,206,207,208,210,212,213,214,215,216,217,218,220,221,222,223,224,225,226,227,228,229,230,231,232,233,234,235,236,237,238,239,240,241,242,243,244,245,246,247,249,250,251,252,254,255,259,260,261,264,267,268,269,270,273,275,276,277,278,280,281,282,283,285,286,289,290,292,293,295,296,303,304,305,312,313,314,320,321,322,323,325,332,336,337,339,340,343,345,346,347,350,354,360,363,364,370,371,372,375,378,380,381,384,387,389,390,393,395,396,397,398,400,402,404,405,406,407,409,412,415,420,421,422,423,424,425,426,427,428,430,431,433,434,435,436,438,442,443,444,450,451,453,454,456,458,459,460,463,467,470,471,475,476,477,480,483,484,487,488,490,493,497,503,505,506,510,521,527,535,538,539,542,555,568,570,582
11,15,18,22,23,25,27,28,29,30,31,32,33,34,35,36,37,38,39,40,41,42,43,44,45,46,47,48,49,50,51,52,53,54,55,56,57,58,60,61,63,64,65,66,67,69,70,72,73,75,77,79,80,87,88,90,91,92,93,94,95,97,98,99,100,101,102,103,104,105,106,107,108,109,110,112,114,115,116,117,118,121,124,125,126,127,128,129,130,132,134,135,136,137,138,139,140,144,146,147,148,149,150,151,154,155,157,158,159,161,165,166,167,172,174,175,176,177,178,179,181,182,183,184,185,187,189,191,193,195,196,197,202,203,205,206,207,208,211,212,215,216,217,218,219,220,223,224,226,230,231,232,234,235,236,237,238,239,242,243,244,245,246,247,248,249,254,255,256,258,260,262,264,265,270,272,274,281,283,286,290,292,295,296,297,299,302,303,309,311,312,315,316,318,319,320,324,328,333,334,342,343,344,345,355,358,359,373,375,376,384,386,391,393,394,396,400,403,404,406,411,412,413,416,418,419,420,423,424,427,428,429,432,437,442,443,444,446,448,449,450,451,454,455,456,461,464,467,468,472,479,480,481,483,488,493,498,499,508,511,513,514,523,534,536,538,582,629
12,17,18,23,24,26,27,28,29,31,32,33,34,35,36,37,38,39,40,41,42,43,44,45,46,47,48,49,50,51,52,53,54,55,56,57,58,60,62,63,65,66,68,69,70,71,72,73,74,75,76,77,78,79,80,81,83,85,86,88,89,91,93,95,96,97,100,102,104,106,108,109,110,113,114,115,116,117,118,121,122,123,124,125,126,127,129,130,131,133,136,137,138,139,140,142,143,145,146,148,149,150,151,152,153,154,155,156,157,158,159,160,161,162,163,165,166,168,171,172,174,175,177,178,179,180,181,183,184,185,186,187,188,189,191,192,193,194,196,197,198,199,200,201,202,203,204,205,206,207,208,209,210,211,212,213,214,217,219,221,223,224,226,227,228,229,230,231,232,233,235,237,240,243,245,249,250,251,252,253,255,256,259,262,263,265,267,269,273,275,276,278,280,283,284,288,289,291,294,295,297,300,301,302,307,313,314,315,317,322,324,325,330,332,334,335,337,338,349,353,357,377,384,386,387,391,395,397,404,406,408,412,413,415,418,419,421,425,426,427,428,429,431,432,433,434,435,436,443,447,449,453,458,460,461,467,474,476,479,480,484,486,492,590,606
13,15,22,23,24,25,26,27,28,30,31,32,33,34,35,36,37,42,43,45,47,48,49,51,52,53,54,55,56,60,61,62,63,64,65,66,68,69,70,72,73,74,75,76,78,79,81,82,83,84,85,86,87,88,89,91,92,93,98,102,104,114,116,117,118,119,120,121,122,124,126,127,128,129,130,132,133,135,136,137,138,139,140,141,142,143,144,145,146,147,148,150,151,152,153,154,157,159,160,163,165,166,168,170,171,172,173,174,175,177,178,183,184,185,187,193,195,196,197,198,199,200,201,202,204,205,206,207,208,210,211,214,215,216,218,222,223,225,226,227,228,229,230,231,232,233,234,235,236,238,240,242,243,244,245,247,248,250,252,253,255,256,260,263,266,268,271,272,274,276,279,280,282,286,287,290,292,294,297,298,304,305,307,309,311,312,319,320,321,322,323,328,329,330,332,333,334,335,337,339,340,343,344,345,360,366,367,375,377,384,387,392,393,394,395,397,398,399,400,401,403,406,408,415,418,420,421,422,426,427,428,431,435,436,437,438,441,443,444,445,447,449,450,453,454,459,464,467,470,473,474,480,484,487,490,491,508
14,20,21,22,23,29,30,31,32,33,34,35,36,37,38,39,40,41,42,47,48,49,51,52,54,55,57,59,60,61,62,63,67,68,69,71,72,75,77,78,79,82,83,85,90,91,92,94,95,96,98,102,103,107,108,109,111,112,113,118,120,122,123,124,125,126,127,128,129,130,131,132,133,135,136,137,138,139,140,141,142,143,144,145,146,147,150,152,154,157,158,160,161,163,164,166,169,170,171,172,174,175,177,178,179,180,181,182,183,185,186,188,189,190,191,192,194,195,196,198,199,200,201,202,203,204,206,209,210,215,218,219,220,224,225,226,227,228,229,233,236,238,242,245,248,250,252,255,261,262,264,265,268,274,276,284,287,288,289,290,295,299,301,313,320,322,329,335,339,352,360,365,395,402,403,404,407,410,411,416,418,419,422,423,424,425,430,432,438,439,440,444,446,450,451,455,456,458,463,466,472,475,483,487,490,494,499,502,503,505,510,514,532,538,546,548,559,562,680
15,7,24,25,26,27,29,30,31,32,33,34,35,36,37,38,39,40,41,42,43,44,45,46,47,49,50,51,52,53,54,55,56,57,58,64,65,66,68,70,71,72,74,77,80,82,83,86,88,92,93,99,100,101,103,109,110,113,116,123,124,125,126,128,129,130,134,135,136,137,139,140,144,146,148,149,150,151,152,153,154,155,156,157,159,161,164,165,169,170,171,172,173,174,176,178,180,181,183,184,188,189,191,192,194,195,196,198,199,200,202,203,204,205,206,207,208,210,212,213,214,215,217,218,219,223,228,233,234,240,241,248,249,252,255,258,263,270,271,272,274,275,280,281,286,289,293,298,303,320,325,334,381,385,386,387,395,402,405,407,409,413,415,421,423,425,427,430,434,437,439,440,442,446,447,448,455,458,460,461,467,469,470,475,484,488,489,491,496,499,508,514,519,531,555,578,652,686
16,16,19,20,21,23,24,25,26,27,28,29,30,31,32,34,36,37,39,41,42,43,44,45,48,50,51,52,53,54,55,56,57,59,60,61,62,63,64,65,66,68,69,70,72,73,75,77,78,79,80,81,83,84,85,86,87,91,95,102,104,109,110,113,115,116,118,119,122,125,126,127,128,129,130,131,132,133,134,135,136,137,138,139,142,143,144,145,150,151,152,153,156,157,159,161,162,163,165,167,168,169,170,172,173,174,176,177,180,181,182,184,185,186,187,189,190,196,199,200,201,203,204,206,207,212,213,216,220,221,225,226,227,228,230,233,235,236,239,240,249,266,278,287,289,304,308,309,312,332,336,358,376,377,378,381,386,387,389,391,392,394,398,402,405,406,407,408,411,412,413,414,415,417,418,419,422,424,425,426,427,429,430,431,434,436,437,439,440,444,445,446,447,448,450,451,452,454,456,459,461,467,468,472,473,474,479,481,482,483,496,500,501,512,526,541,568
17,15,17,19,20,21,22,23,25,26,28,29,30,31,32,33,35,36,37,38,39,40,41,43,44,45,46,47,48,49,51,52,57,59,60,61,62,63,64,68,70,72,73,74,75,78,79,80,81,82,88,90,91,92,93,94,95,96,97,99,100,102,103,105,111,113,115,117,119,121,122,123,126,127,128,129,130,131,132,133,134,135,136,137,138,139,140,141,142,143,144,145,146,149,151,152,154,156,157,159,160,164,167,168,169,170,171,172,173,174,175,176,177,178,179,181,182,183,186,190,192,193,194,195,196,197,199,201,203,206,207,208,209,210,212,214,217,221,224,225,230,234,236,237,241,246,248,249,250,253,267,287,289,293,295,297,298,311,314,319,336,340,356,379,389,394,395,398,401,403,411,412,414,425,427,429,431,432,434,438,440,442,444,450,454,455,456,464,471,472,475,477,479,480,485,488,492,494,502,505,514,517,522,528,620
18,10,11,17,18,22,23,24,25,26,28,29,30,32,33,34,35,36,37,38,39,40,41,44,45,46,47,48,49,50,51,52,53,54,55,56,57,58,59,60,61,62,63,64,65,66,67,68,71,72,73,75,80,81,83,84,87,88,91,93,96,99,101,106,108,111,112,114,115,116,118,119,120,121,122,123,124,125,126,127,129,130,131,135,137,138,139,142,145,148,149,150,151,152,154,155,157,158,159,161,162,165,166,167,168,169,170,172,173,174,175,176,177,179,180,181,183,184,185,186,188,189,190,191,192,193,196,198,201,202,203,204,205,206,207,208,210,211,212,214,215,216,217,218,221,222,223,224,226,231,234,235,237,239,240,241,242,243,261,268,279,281,289,300,301,325,331,336,342,387,392,394,398,399,408,411,414,417,419,420,421,428,429,430,439,440,442,443,449,450,451,452,453,457,458,459,460,465,466,467,475,477,481,489,536,556,664
19,11,19,20,21,23,24,25,26,27,28,29,30,31,33,34,35,36,37,38,39,40,41,42,43,44,45,46,47,49,51,52,53,54,55,56,57,58,60,61,62,63,64,65,66,67,68,70,71,73,74,75,76,77,78,79,80,81,82,83,84,85,87,88,89,90,91,92,94,95,99,105,110,111,112,113,116,118,120,121,122,123,124,127,129,130,131,134,135,138,139,141,142,143,144,146,147,149,150,151,152,154,156,157,158,159,160,163,164,167,168,169,170,173,174,178,179,182,183,184,186,187,188,189,191,192,196,198,199,201,202,203,204,205,207,208,210,211,215,217,218,222,224,225,226,227,229,231,232,233,237,238,240,241,243,244,248,253,255,261,266,270,274,279,294,297,299,315,325,345,351,363,366,367,382,394,401,404,405,408,410,413,418,426,429,434,438,444,446,449,452,455,456,457,460,461,462,463,464,465,468,471,475,479,484,487,489,490,498,499,501,510,521,522,523,525,546,549,567,578,602,608,655
20,17,21,24,26,27,28,29,30,31,32,33,34,35,36,37,38,39,40,41,42,43,44,45,46,47,51,53,54,55,56,57,59,60,61,62,63,64,66,67,70,71,72,73,77,78,79,80,81,84,85,86,87,88,90,91,93,94,96,97,99,100,101,102,104,105,107,109,111,112,113,114,115,116,117,118,119,120,121,124,125,126,127,128,130,133,134,136,137,138,139,140,141,142,143,146,148,152,153,154,155,156,158,159,162,166,167,170,174,177,178,179,181,184,186,189,190,191,192,193,194,197,198,199,200,201,205,206,208,209,210,214,217,224,225,228,233,234,239,240,244,249,253,259,271,274,275,282,290,317,319,321,340,396,404,407,413,418,425,426,431,433,442,444,457,465,469,475,476,480,504,513,514,566,569,574,603
21,18,21,22,24,25,26,27,30,31,32,33,34,36,38,39,40,41,42,43,44,45,47,48,49,50,51,52,53,54,59,60,61,62,63,64,65,66,68,69,70,72,73,74,76,77,81,82,84,85,86,87,88,91,92,93,98,103,107,109,110,111,112,113,114,115,116,118,120,121,123,125,127,129,132,133,135,136,138,140,141,142,143,144,145,146,147,148,149,150,152,153,155,156,158,160,161,162,163,165,166,167,168,169,170,171,172,173,174,176,177,179,180,181,183,184,187,188,189,190,191,192,193,194,195,196,197,198,199,200,201,202,203,205,207,208,210,211,212,220,226,227,228,229,232,233,235,238,239,242,243,245,249,250,263,268,282,292,310,319,386,394,395,399,408,409,414,416,420,431,435,443,450,451,461,463,464,465,477,479,510,516,521,537,546,554
22,12,15,19,21,23,25,26,27,28,29,30,32,34,35,37,38,40,43,44,45,47,48,49,50,51,52,53,54,55,56,57,58,59,60,61,62,63,64,65,66,67,68,69,70,71,72,73,75,76,77,78,80,82,83,84,85,86,87,88,89,91,92,94,96,100,103,110,113,116,120,121,122,125,126,127,128,129,131,135,136,137,139,140,141,142,143,144,145,146,147,148,153,154,155,157,158,159,161,162,163,164,165,166,167,168,169,170,172,174,175,176,177,178,179,180,182,183,187,188,190,195,198,200,201,202,205,209,210,213,216,217,218,219,220,221,222,224,225,227,229,230,233,234,235,239,246,250,252,253,254,257,260,261,263,265,274,275,281,282,285,288,289,291,297,299,301,310,313,334,344,384,395,405,408,414,415,416,436,439,440,453,455,464,470,479,487,532,644,698
23,24,25,26,27,28,29,30,31,32,33,34,35,36,37,38,39,40,41,42,43,44,45,47,48,49,50,51,52,53,54,55,56,58,59,60,61,62,63,65,66,67,68,69,70,71,72,73,74,75,76,78,79,81,82,83,85,86,87,89,91,92,93,94,97,98,100,102,103,104,105,114,115,116,117,118,119,121,123,124,126,127,128,129,130,131,132,133,134,135,138,139,140,142,146,147,148,149,150,151,153,156,157,158,160,161,162,167,168,171,172,174,175,176,177,178,179,182,183,184,185,186,187,188,190,193,195,196,197,199,200,201,202,203,204,207,208,209,211,212,213,214,219,221,222,223,224,230,231,235,241,244,246,247,248,249,250,251,253,255,260,261,267,269,271,276,279,283,284,286,295,296,297,300,301,305,309,310,331,333,340,346,351,364,370,376,396,400,417,422,440,453,454,458,462,472,482,488,493,509,517,521,547
24,19,20,23,25,30,32,33,35,37,38,39,40,41,43,44,45,46,47,48,49,50,51,52,53,54,56,58,59,60,61,62,64,65,66,67,70,71,72,74,75,76,77,79,80,82,87,88,90,91,92,93,94,98,100,101,110,111,113,114,115,117,118,119,122,125,127,128,129,131,133,134,140,141,143,145,146,147,148,149,150,151,152,154,155,156,157,158,159,160,161,164,166,167,169,170,171,172,173,174,175,176,177,180,181,182,183,184,185,188,190,191,192,193,195,202,203,205,206,208,210,212,215,217,218,220,222,225,226,230,232,233,235,239,243,244,245,252,257,273,274,279,297,313,322,327,342,366
25,13,18,19,22,24,26,29,32,33,34,35,36,38,39,40,42,43,44,45,47,50,51,52,53,54,55,56,57,58,59,60,61,62,63,64,65,66,67,68,69,70,71,72,73,74,75,76,77,78,79,83,86,87,88,89,92,93,94,95,100,101,107,116,117,118,119,120,122,123,124,125,126,128,129,130,131,132,133,134,135,136,137,138,140,141,142,143,144,148,153,157,159,160,161,162,163,164,167,169,170,171,172,175,176,180,182,184,185,186,188,191,192,193,197,198,200,201,202,205,206,211,220,221,222,223,225,228,230,231,233,239,240,241,242,243,244,246,247,248,249,250,252,254,257,259,263,267,271,273,278,279,284,295,308,309,322,327,337,341,349,355,356,369
26,22,24,25,26,28,29,30,31,32,33,35,37,38,39,40,41,42,43,45,47,48,49,51,53,54,55,56,57,58,61,64,67,68,73,75,76,81,82,86,87,88,90,91,93,95,96,97,99,104,111,112,113,114,116,117,119,121,122,123,124,125,126,128,129,130,132,133,134,135,136,137,138,139,143,144,145,147,151,152,154,157,161,165,166,171,172,174,177,180,181,186,190,192,197,202,204,207,208,209,210,211,212,219,221,223,224,228,229,234,237,240,248,254,262,266,268,310,327,330,341,360,364,369,377,383,394,396,410,426,469,524,544,661,695
27,18,19,23,24,26,31,32,34,35,37,38,39,40,41,42,43,44,45,46,47,48,49,50,51,52,53,54,55,56,58,59,62,65,66,69,70,71,72,73,74,77,78,80,81,82,85,88,89,91,93,103,104,108,111,112,113,114,115,116,117,119,120,121,123,124,128,129,130,131,138,139,140,145,146,147,150,151,152,153,154,155,156,159,161,164,165,166,167,168,169,170,171,172,173,175,178,182,183,184,188,189,190,191,195,199,207,208,213,214,223,231,236,253,256,257,260,263,277,282,347,449,489,554
28,15,16,17,19,21,22,23,24,25,26,28,33,34,36,40,41,42,44,46,47,48,49,50,51,53,54,55,56,57,58,59,60,61,62,63,64,65,66,67,68,69,70,71,72,73,75,77,78,81,82,83,85,87,88,89,90,93,94,95,100,101,115,116,119,121,123,125,128,130,132,134,136,138,139,140,141,144,146,147,148,149,152,153,154,156,157,159,161,164,165,173,175,176,181,182,188,193,194,195,197,199,201,207,216,217,220,223,225,227,228,230,233,234,239,240,241,242,254,261,262,266,269,271,276,277,279,318,463,622
29,8,10,16,22,28,29,31,32,33,34,35,36,38,39,40,42,43,44,45,46,47,49,51,52,53,54,55,57,59,61,62,63,65,66,67,68,69,70,71,73,74,75,76,78,79,80,81,83,84,85,86,87,88,89,90,91,92,93,95,97,98,100,101,102,105,108,117,119,120,122,127,128,131,134,135,136,140,142,144,145,146,149,151,152,155,158,159,166,171,174,177,178,182,187,193,195,198,200,201,204,207,208,209,215,222,223,229,230,236,243,253,272,273,284,287,294,303,309,332,334,357,367,411,518
30,8,16,18,22,24,27,31,37,40,41,43,45,48,49,50,54,55,56,57,59,60,61,63,64,66,67,68,69,73,74,77,80,81,84,85,88,89,90,91,92,94,95,99,100,103,118,122,123,125,129,142,143,146,149,151,152,153,154,155,156,157,160,162,164,166,167,168,169,170,171,175,176,177,178,179,183,185,186,187,188,189,190,203,205,215,219,223,230,231,233,247,260,269,276,327,341,646
31,1,23,35,58,68,69,70,72,75,76,77,78,81,86,89,93,96,104,105,108,112,114,115,119,150,215,217,219,226,228,263,290,329
32,120,353,362,604,654
33,154,334
34,28,101,319,477,633,642
35,61
36,334,528
37,340,378,568
38,12,128,419,523,647,667
39,26,76,108,390,600,621,697
40,214,423
41,140,541
42,121,198,320,684
43,20,100,315,446,469,557,629
44,409,435
45,63,225,312,384,392,569
46,8,34,250
47,64,74,406,548,584,610,623,655
48,5,15,49,95,107,216,219,288,426,444
49,43,164,319
50,
51,
52,
53,
54,
55,
56,
57,
58,
59,
60,
61,
62,
63,
64,
65,
66,
67,
68,
69,
70,
71,
72,
73,
74,
75,
76,
77,
78,
79,
80,
81,
82,
83,
84,
85,
86,
87,
88,
89,
90,
91,
92,
93,
94,
95,
96,
97,
98,
