2
0,119
1,71,322
2,53,140,224,352,433,460,523,621
3,94,128,363,418,649,651
4,62,95,98,121,122,129,159,173,177,591,595,626
5,105,127,140,153,162,165,178,190,200,205,207,210,211,218,220,223,224,229,231,238,317,358,383,410,443,463,477,539,547
6,4,104,180,183,219,220,225,230,234,237,242,263,267,299,473,475,501,505,512,526,538,542,545,548,549,553,559,561,564,565,567,569,571,572,573,574,575,576,577,580,582,584,586,588,589,594,595,598,599,611,613,614,619,624,631,641,683,692
7,64,184,193,214,456,458,465,468,474,479,481,487,490,495,498,500,508,512,513,539,542,543,550,551,565,567,569,575,580,584,585,602
8,93,158,214,378,438,478,483,492,498,516,522,536,540,541,542,544,545,549,552,557,559,563,564,568,573,578,579,583,585,586,591,597,611,628,633,636,648,675,686
9,5,108,195,294,409,467,468,472,476,477,479,482,483,485,487,488,489,492,495,497,498,504,505,506,517,519,525,529,539,543,544,546,548,550,551,570,572,576,578,596,696
10,15,296,462,470,478,483,494,502,504,512,535,544,546,547,551,552,571,588,597,605,617,626,634,695
11,14,240,320,350,465,466,468,469,471,473,474,476,477,478,479,481,483,484,485,487,488,489,492,499,501,504,506,508,510,511,513,516,519,521,524,528,580
12,86,88,96,221,251,255,261,354,359,447,478,482,490,491,503,523,538,549,564,568,611
13,31,90,91,92,93,94,95,96,98,99,100,101,102,103,105,106,107,111,117,125,144,160,212,439,440,462,492,559,574,618,676,695
14,52,64,73,77,78,79,83,84,85,86,87,88,89,90,91,93,94,95,96,97,98,99,100,101,102,103,104,105,106,107,108,109,110,111,112,113,114,115,116,117,118,119,120,121,123,124,125,126,127,128,129,130,131,132,133,134,136,137,138,145,152,259,431,462,465,549,698
15,1,79,85,86,87,88,89,90,91,93,94,95,97,98,99,100,101,102,103,104,105,106,107,108,109,110,111,112,113,114,115,116,117,118,119,120,121,122,123,124,125,126,127,128,129,130,131,132,133,134,135,136,137,138,139,140,141,142,143,144,145,146,147,148,149,150,151,152,153,154,155,156,157,158,159,160,161,162,163,164,165,166,167,168,169,170,171,172,173,174,175,176,177,178,179,180,181,182,183,184,185,186,187,188,189,190,191,192,193,194,195,196,197,198,199,201,202,203,205,206,207,208,209,210,211,212,213,214,215,216,217,218,219,220,221,222,223,224,225,226,227,228,229,230,231,232,233,234,235,238,239,243,248,272,289,328,413,452,681
16,32,88,90,91,92,93,94,95,96,97,98,99,100,101,102,103,104,105,106,107,108,109,110,111,112,113,114,115,116,117,118,119,120,121,122,123,125,126,127,128,129,130,132,133,134,135,136,137,138,139,140,141,142,143,144,145,146,147,148,149,150,151,152,153,154,155,156,157,158,159,160,161,162,163,164,165,166,167,168,169,170,171,172,173,174,175,176,177,178,179,180,181,182,183,184,185,186,187,188,189,190,191,192,193,194,195,196,197,198,199,200,201,202,203,204,205,206,207,208,209,210,211,212,213,214,215,216,217,218,219,220,221,222,223,224,225,226,227,228,229,230,231,232,233,234,235,236,237,238,239,240,241,242,243,244,245,246,247,248,249,250,251,252,253,254,255,256,257,258,259,260,261,262,263,264,265,266,267,268,270,271,273,274,275,276,277,278,279,280,281,282,283,284,285,286,287,288,289,292,294,297,299,300,301,302,304,306,309,310,312,314,315,317,319,321,326,327,328,332,338,345,349,352,354,372,389,393,406,447
17,85,86,87,88,89,90,91,92,93,94,96,98,99,101,102,103,104,105,106,107,108,109,110,111,112,113,114,115,116,117,118,119,120,121,122,123,124,125,126,127,128,129,130,131,132,133,134,135,136,137,138,139,140,141,142,143,145,146,147,148,149,150,151,153,154,155,156,157,158,159,160,161,162,163,164,165,166,167,168,169,170,171,174,175,176,179,180,181,182,184,185,186,187,188,189,190,191,192,193,194,195,196,197,198,199,200,201,202,203,204,205,206,207,208,209,210,211,212,213,214,215,216,217,218,219,220,221,222,223,224,225,226,227,228,229,230,231,232,233,234,235,236,237,238,239,240,241,242,243,244,245,246,247,249,250,251,252,253,254,255,256,257,258,259,260,261,262,263,265,266,267,268,269,270,271,273,274,277,278,279,280,281,282,284,285,286,288,289,290,291,295,296,301,304,311,321,339,341,345,346,348,362,363,376,377,394,400,406,411,414,433,562,673
18,24,70,83,85,86,87,88,89,90,91,92,93,94,95,96,97,98,99,100,101,102,103,104,105,106,107,108,109,110,111,112,113,114,115,116,118,119,120,121,122,123,124,125,126,128,129,130,131,132,133,134,135,136,137,138,139,140,141,142,143,144,147,149,150,152,154,157,158,160,161,162,163,164,166,167,168,169,170,171,173,174,175,176,178,181,182,183,184,185,186,187,188,189,190,191,192,193,194,195,196,197,198,199,200,201,202,203,204,205,206,208,209,210,211,212,213,215,216,217,218,219,220,223,225,226,227,228,229,230,231,232,233,234,235,236,237,238,239,240,241,242,243,244,245,246,247,248,250,251,253,254,255,256,257,258,259,260,262,264,265,266,269,270,272,276,277,278,280,281,282,283,284,285,286,287,289,290,291,293,295,296,298,299,300,301,302,305,306,307,309,310,311,312,313,314,318,322,323,328,330,334,337,342,345,356,365,370,375,376,379,415,435,608
19,81,84,85,86,87,88,89,90,91,92,93,94,95,96,98,99,100,101,103,104,105,106,107,108,109,111,112,113,114,115,116,117,118,120,121,122,123,124,125,126,127,128,129,131,132,134,135,137,138,139,141,142,144,145,146,148,149,150,151,152,154,155,157,158,159,160,161,162,163,164,165,166,167,168,169,170,172,173,174,178,179,180,181,182,183,185,186,187,188,189,190,191,192,193,194,195,196,197,198,199,200,201,202,204,205,206,207,208,209,210,211,212,213,214,215,216,217,218,219,220,221,222,223,224,225,226,227,228,229,230,231,232,233,234,235,236,237,238,239,240,241,242,243,244,245,251,252,253,254,255,258,259,260,262,263,264,266,267,270,271,274,278,281,282,284,289,290,292,294,298,300,302,303,304,306,308,311,313,314,317,318,322,325,326,334,340,341,352,353,356,362,372,386,389,394,396,403,405,408,409,423,453,458,518,588,694
20,71,83,84,85,87,88,89,90,91,92,93,94,96,97,98,99,100,101,102,103,104,105,106,108,109,110,111,112,113,114,115,116,117,118,119,120,121,122,123,124,125,127,128,129,130,131,132,133,134,135,137,138,140,141,142,143,144,145,146,147,148,150,152,153,155,156,157,160,162,163,164,166,169,171,173,177,178,179,180,181,182,183,185,187,188,189,190,191,192,193,194,195,196,197,198,199,200,201,202,203,204,205,206,207,208,209,210,211,212,214,215,216,217,219,220,221,222,224,225,227,229,230,231,232,233,234,235,236,237,239,241,242,243,244,245,248,249,256,257,259,260,261,262,263,264,265,266,267,270,271,272,273,274,277,278,279,281,282,283,285,288,289,290,292,293,298,299,300,301,302,303,306,307,310,311,314,316,318,321,323,325,326,328,332,338,342,346,354,366,367,369,370,373,375,387,389,390,414,430,610,619
21,79,82,83,84,85,86,87,88,89,90,91,92,94,95,97,98,100,101,102,104,105,106,107,108,109,110,112,113,115,116,117,118,119,120,121,122,123,124,125,126,127,128,129,130,131,132,133,134,135,136,138,139,140,141,142,143,144,146,147,150,151,154,155,156,159,160,161,162,163,164,166,169,173,175,176,177,178,179,181,182,183,184,186,187,188,189,190,191,192,193,194,195,196,197,200,201,202,204,205,207,208,209,210,211,212,213,216,217,218,219,222,223,224,225,226,227,229,230,231,232,233,234,235,236,237,238,239,241,242,243,245,246,247,248,249,250,251,252,253,254,255,256,257,258,261,262,265,266,268,271,275,277,278,279,280,282,283,284,286,294,296,297,299,300,301,302,305,307,320,325,326,329,330,331,332,334,337,343,344,354,355,357,358,359,362,368,375,377,381,384,420,421,436,442,449,457
22,5,15,73,77,81,82,83,84,85,86,87,88,89,90,91,93,94,95,96,97,99,101,102,103,104,105,106,107,108,109,111,112,115,116,117,118,119,121,123,125,126,127,128,129,130,131,132,133,134,136,137,138,139,142,143,144,145,146,147,149,150,152,153,154,155,156,157,158,159,160,162,165,170,172,173,174,175,176,177,178,180,182,184,185,186,187,188,189,190,191,192,193,194,195,196,197,198,200,201,203,204,205,206,207,209,210,211,212,213,214,215,216,217,219,220,221,222,223,224,225,226,228,230,232,235,236,237,238,239,240,241,242,244,245,246,249,252,253,258,259,261,264,265,267,268,269,270,271,272,274,277,278,279,280,281,283,285,287,290,291,292,293,294,295,296,297,299,300,301,305,306,307,311,312,313,314,315,318,325,326,331,339,341,342,343,348,351,358,359,360,362,368,382,389,408,451,465,481,663
23,52,78,79,80,81,82,83,84,85,86,87,88,89,90,91,92,93,94,95,96,97,98,99,100,101,102,103,104,105,106,108,109,110,111,112,114,115,116,117,118,119,120,121,122,124,126,127,128,130,131,133,134,135,137,138,139,140,141,145,146,147,148,149,150,151,153,154,155,159,161,163,167,168,169,170,171,173,175,176,177,179,180,181,182,183,185,186,188,189,190,191,192,193,195,197,198,199,200,204,205,207,208,209,211,213,214,216,218,220,221,222,223,226,227,229,230,232,234,235,236,237,238,239,240,242,243,244,246,248,249,250,251,252,256,257,258,262,263,264,265,266,267,269,270,271,272,274,275,279,280,282,283,286,288,291,293,295,296,297,301,302,304,306,308,309,310,318,322,324,330,333,338,343,346,347,350,352,357,358,361,373,377,383,388,389,392,398,412,413,424,434,436,450
24,22,64,77,78,80,81,82,83,84,85,86,87,88,89,90,91,92,93,94,95,96,97,98,101,104,105,107,108,110,111,113,114,115,117,119,122,123,124,125,129,130,132,133,134,135,136,137,139,140,142,143,144,145,147,149,150,152,153,154,156,157,158,159,160,163,165,167,171,172,173,174,175,176,177,178,179,180,181,182,183,184,185,187,188,189,190,191,194,195,196,198,199,200,202,203,204,205,206,207,208,209,212,213,214,215,216,217,218,219,220,223,224,225,226,227,228,230,231,232,233,234,236,237,239,241,243,246,247,249,252,253,256,257,260,261,262,263,264,267,268,269,272,273,274,275,276,277,278,279,282,284,287,291,292,294,295,300,301,302,303,304,307,309,317,318,322,323,325,334,335,337,338,350,351,358,362,366,385,389,396,404,413,462,471
25,74,76,78,79,80,81,82,83,84,86,87,89,90,91,92,93,94,95,96,97,98,99,100,101,102,103,104,106,107,108,109,110,111,113,115,117,118,119,120,121,122,123,124,127,128,130,131,132,142,145,146,147,148,149,150,151,152,153,154,155,157,158,161,163,164,165,168,169,172,173,174,175,177,178,179,180,181,182,184,187,188,191,192,193,194,195,198,199,200,201,202,203,204,205,206,207,208,209,212,214,215,216,217,218,219,220,222,223,224,225,226,227,228,230,231,232,234,236,238,239,242,243,246,247,248,249,252,254,256,258,259,260,262,263,264,265,272,273,274,278,279,280,282,283,285,291,292,295,297,298,301,303,305,308,309,311,312,317,319,320,321,324,325,327,328,329,330,333,334,339,345,346,347,348,352,356,358,363,371,375,378,382,384,387,391,392,399,405,407,451,462,528,589,620,685
26,20,48,72,74,75,76,77,78,79,80,81,82,83,84,85,86,87,88,89,90,91,92,93,94,95,100,101,102,103,104,105,106,107,108,109,110,111,112,113,117,120,121,122,124,125,126,128,129,130,131,132,135,136,138,141,142,144,148,152,154,155,156,157,158,159,164,167,168,169,170,172,173,174,175,176,178,179,180,181,183,185,187,189,192,194,197,198,201,202,204,206,210,212,214,215,216,217,220,222,224,225,227,233,234,236,237,239,242,245,247,248,249,250,252,253,254,255,256,257,258,261,263,266,269,270,271,272,273,275,277,279,285,287,290,293,294,297,298,304,308,313,314,315,316,317,323,333,336,337,338,341,354,356,357,360,362,364,369,378,388,410,418,446,466,473,544
27,19,68,73,75,76,77,78,80,81,83,84,86,87,88,89,90,91,92,94,95,96,97,98,99,100,101,103,104,105,107,108,109,110,111,112,113,114,115,116,117,120,121,122,124,125,126,130,131,133,139,140,141,142,143,145,146,150,151,156,158,160,164,165,166,167,168,169,171,172,173,174,175,176,179,180,182,184,185,186,189,193,194,195,197,198,199,204,207,209,210,213,218,219,220,222,224,225,226,227,229,230,231,232,233,234,235,238,239,240,241,242,243,244,245,248,249,252,253,255,256,257,260,263,264,266,267,268,269,270,271,273,277,280,281,282,285,287,288,295,299,300,301,302,305,308,309,310,312,315,318,320,322,323,326,327,328,330,332,344,346,361,367,371,373,383,386,422,444,455
28,61,68,69,70,71,72,73,74,75,76,77,78,79,80,81,82,83,84,85,86,87,88,89,90,91,92,93,94,95,96,97,99,100,101,102,103,104,105,110,112,113,114,117,118,120,121,123,125,126,129,130,131,137,138,142,147,148,149,152,156,158,161,162,164,165,166,167,168,169,171,173,174,175,176,177,178,182,185,186,188,189,193,196,198,199,201,202,206,208,209,210,211,214,215,216,218,219,223,224,228,229,237,238,241,244,245,248,250,252,253,254,256,257,259,260,261,263,264,265,268,269,271,275,276,277,278,281,282,286,290,291,294,296,299,301,303,309,310,313,316,319,331,334,335,356,357,358,373,374,384,430,439,454,478,479,492
29,66,67,68,70,71,72,73,74,75,76,77,78,79,80,81,82,83,85,86,87,88,89,92,93,94,95,98,100,101,102,103,106,107,110,111,112,113,114,116,117,119,121,122,124,125,126,127,128,133,137,141,142,143,145,146,148,150,159,160,161,162,163,164,165,166,167,169,170,171,172,173,175,176,177,178,179,180,181,182,183,190,191,193,194,196,198,200,202,206,208,212,213,216,217,219,220,221,222,224,225,226,229,231,232,233,234,236,237,238,239,240,243,244,245,246,247,249,250,253,254,255,258,259,263,266,272,274,276,277,281,284,287,288,289,297,301,311,312,314,323,326,327,332,340,343,357,362,373,387,401,409,419,495,570
30,4,61,64,65,66,67,68,69,70,71,72,73,74,75,76,77,78,79,80,81,82,83,84,85,87,88,90,91,93,94,95,96,97,98,100,101,102,103,104,105,106,108,109,110,111,112,115,117,118,119,120,121,122,124,126,127,130,131,133,134,135,136,137,140,141,144,146,147,148,150,151,152,153,154,160,162,163,164,165,166,167,168,169,170,171,172,173,174,175,178,179,182,184,187,188,189,190,192,193,194,196,197,198,199,202,204,205,206,209,211,212,219,221,222,223,224,225,226,231,232,233,235,237,239,241,242,252,253,257,258,259,260,261,264,266,267,268,271,273,274,277,279,280,281,282,286,289,294,297,303,310,314,317,318,320,326,329,330,339,340,349,358,363,379,382,385,415,416,433,456,526,589,641,676
31,61,62,63,64,65,66,67,68,69,70,71,73,74,75,76,77,78,79,80,81,82,83,85,86,87,88,89,90,91,92,94,99,100,101,102,104,106,107,108,110,111,112,115,121,123,124,125,127,128,132,134,135,137,138,141,143,157,158,159,162,163,166,167,169,170,171,172,173,176,178,179,180,182,183,185,191,193,194,197,198,201,203,209,211,214,215,217,219,221,223,225,227,230,235,237,239,240,242,245,247,249,251,253,259,260,262,263,264,267,274,280,284,286,289,298,300,301,302,307,309,315,320,330,334,337,348,354,399,400,434,475,512,581,630
32,10,60,61,62,63,64,65,66,68,69,70,71,72,73,74,75,76,77,78,79,80,82,83,84,85,87,88,89,90,91,92,94,95,99,100,105,108,111,117,119,121,124,127,128,129,130,132,134,135,138,139,142,143,145,146,148,150,151,154,155,157,158,159,160,161,162,163,165,166,167,168,171,172,174,175,176,177,179,182,184,185,186,188,189,190,192,193,198,206,208,211,212,218,219,221,222,223,226,229,230,231,233,235,237,238,240,250,265,266,271,276,278,280,284,285,288,290,291,298,299,300,303,305,315,324,326,328,336,352,363,367,369,376,383,388,418,442,663
33,51,58,62,63,64,65,67,68,69,70,71,72,73,74,75,76,77,79,80,82,85,86,87,88,91,93,94,95,96,100,103,106,107,110,113,114,115,116,117,118,120,122,123,126,127,130,131,134,138,139,140,141,146,151,154,155,157,158,159,161,164,166,168,169,170,171,173,174,175,177,178,179,180,181,182,183,184,186,188,189,191,192,194,195,198,199,200,202,204,205,206,209,211,213,215,217,220,223,224,229,230,232,233,236,246,247,248,249,250,256,259,264,266,267,274,278,279,280,286,291,292,294,295,296,300,301,302,306,310,314,317,322,327,342,346,351,353,364,369,383,384,403,412,477,485,675
34,59,62,64,65,66,67,68,69,70,72,73,74,75,76,77,79,80,81,82,84,85,87,88,89,90,91,94,98,99,103,104,107,108,110,111,112,113,117,118,119,120,127,128,129,134,135,141,142,152,153,155,157,158,159,161,163,164,166,167,168,169,171,172,173,174,175,176,177,179,180,181,184,187,190,193,194,195,197,199,201,202,206,210,214,217,219,228,229,231,238,239,242,248,251,254,255,258,259,260,261,262,276,278,280,287,291,301,305,306,307,311,314,328,333,339,352,371,386,415,560,566
35,54,56,57,59,60,62,63,64,65,67,68,69,70,71,72,74,75,76,77,78,79,82,83,85,86,87,88,89,91,95,96,98,99,100,101,103,104,106,107,110,115,118,120,121,123,124,126,128,130,138,143,146,147,148,150,151,152,153,154,155,156,157,158,159,160,161,163,164,165,166,168,170,177,178,184,185,188,191,194,199,202,205,206,207,208,211,212,217,223,224,227,231,234,236,237,239,241,245,246,249,250,253,257,262,264,274,276,286,289,301,302,303,314,321,322,337,394,473,547,615,657
36,54,55,57,58,59,60,61,63,64,65,66,67,68,69,71,72,73,75,79,80,81,82,84,85,86,90,91,92,94,98,101,102,107,109,110,111,112,114,118,119,122,123,125,134,136,139,146,147,148,151,154,159,160,161,162,163,165,170,171,180,181,183,188,189,190,191,194,200,205,207,210,212,214,219,221,223,240,242,250,252,256,263,268,274,277,299,303,315,318,326,334,386,388,413,549,552,576
37,59,60,61,62,63,64,65,67,69,70,71,72,73,76,77,79,80,81,82,83,85,89,92,93,97,98,99,100,101,102,103,104,105,107,109,111,112,113,118,119,120,121,123,129,130,131,132,142,148,151,153,155,158,160,161,162,163,164,165,166,167,168,171,174,175,179,180,181,182,183,185,189,192,197,200,201,207,211,212,213,220,221,224,227,228,231,233,240,241,248,254,262,268,270,272,276,278,281,287,335,338,530,688
38,34,46,48,51,54,57,58,59,60,61,62,63,64,65,66,67,68,69,70,71,72,73,74,76,77,80,81,82,83,84,85,86,88,89,91,93,94,98,99,100,101,102,104,105,106,109,111,119,122,124,125,126,129,130,133,137,147,148,150,152,153,154,155,156,159,163,165,176,177,178,185,192,195,196,200,202,203,209,213,223,228,238,243,248,271,318,336
39,56,58,59,60,62,63,65,66,68,69,70,71,72,73,74,75,77,78,79,80,83,84,88,91,92,93,94,97,100,101,104,105,106,108,109,110,111,114,116,117,122,123,126,129,131,135,136,143,144,146,147,152,153,154,156,159,160,162,164,166,167,168,169,176,177,180,184,185,188,189,193,196,214,222,227,228,235,246,247,250,258,263,269,276,312,415,613
40,1,50,57,58,60,61,63,64,65,66,67,68,69,70,72,74,75,77,81,83,85,86,89,90,91,92,93,95,96,97,101,103,104,105,106,108,109,114,116,117,122,123,130,132,133,136,138,142,145,146,147,148,149,150,152,155,156,158,160,169,176,178,180,181,190,192,194,195,209,212,223,232,233,244,247,249,254,256,257,262,265,280,299,301,316,319,405,583,676
41,38,53,57,59,60,64,65,66,68,72,73,74,78,79,80,81,82,88,90,93,94,95,98,106,108,109,112,115,116,121,126,130,132,134,138,144,154,161,165,171,176,184,185,187,192,196,197,201,202,215,219,227,248,250,258,260,269,270,276,278,285,291,306,347,366,371,413,430,455,470,546
42,8,51,60,62,63,66,67,68,69,72,75,76,77,78,79,80,82,84,85,88,89,90,92,93,105,110,112,118,124,136,137,138,145,152,155,156,157,162,163,170,171,174,178,182,183,186,187,193,194,203,246,289,411,424,497,592,628
43,3,11,12,20,24,47,54,64,65,66,67,75,76,77,78,83,84,85,95,110,112,113,114,117,119,120,121,123,126,128,130,134,136,144,148,152,153,154,156,157,159,161,162,165,171,175,177,185,186,190,205,221,229,230,295,332,345,463
44,9,27,66,68,74,75,79,83,84,86,87,88,91,93,94,95,96,97,98,99,103,104,107,111,112,113,114,115,116,117,118,119,120,121,123,125,127,129,130,131,132,133,134,135,136,137,138,139,140,141,142,143,145,146,151,153,156,166,167,173,184,186,201,214,226,263,296,300,344,403,524,553
45,13,22,32,52,64,65,66,68,69,70,71,72,73,75,77,79,80,81,82,83,84,85,87,88,89,91,92,93,97,98,105,111,114,118,120,122,124,126,127,128,130,132,134,142,144,147,150,154,156,157,158,179,188,202,203,204,207,208,215,216,217,226,227,230,231,245,254,255,257,279,292,309,617,670
46,33,60,65,67,72,74,75,77,78,82,83,84,85,87,89,93,94,95,97,98,100,101,103,106,108,109,110,111,112,113,115,116,117,119,120,121,122,123,124,126,134,140,141,143,145,146,148,150,152,155,157,158,161,162,165,166,168,170,172,173,174,175,176,177,178,179,180,181,182,183,184,186,189,190,191,197,200,202,203,205,209,211,217,220,227,228,230,243,257,268,329,435,519
47,27,40,42,46,70,71,76,79,80,81,83,84,85,86,87,88,94,96,98,101,105,106,120,125,126,128,129,130,131,132,133,134,135,136,139,141,142,143,146,147,149,150,152,153,157,161,163,164,165,169,178,180,181,187,192,209,216,219,223,231,239,244,245,251,255,302,325,355,514,686
48,47,48,49,53,56,61,62,65,68,70,71,72,76,80,81,84,88,89,91,92,93,95,96,97,98,99,100,102,105,106,107,108,109,110,111,113,115,119,123,126,127,130,180,647
49,77,105,110,111,113,115,137,144,148,168,169,180,187,198,219,340,350,388,526,683
50,44,469
51,36,138,304,338,487,637
52,9,454,513,547
53,435,447,521,560,609
54,11,111,338,441,499,697
55,59,552,567
56,30,35,376,517,685
57,30,399,433,540,566
58,407,599,696
59,37,55,126,193,395,672,685,694
60,43,168,444,505,597,640,641
61,139,225,389,394,618
62,160
63,119,524,536,582,695
64,325,651
65,9,31,50,216,540
66,316,376,500
67,
68,
69,
70,
71,
72,
73,
74,
75,
76,
77,
78,
79,
80,
81,
82,
83,
84,
85,
86,
87,
88,
89,
90,
91,
92,
93,
94,
95,
96,
97,
98,
