11
0,491
1,39,47,433,678,693
2,5,14,15,19,23,25,27,28,51,87,497,541,549,672
3,1,10,13,16,18,20,21,23,24,25,26,27,28,29,30,31,34,36,37,40,41,42,46,48,55,56,71,86,270,346,398,626,644
4,16,18,19,20,22,23,24,25,26,28,29,30,31,32,33,34,35,36,37,38,39,40,41,42,43,44,45,46,47,48,49,53,54,56,59,60,61,62,63,64,66,69,70,72,75,76,79,81,120,122,124,127,129,132,143,278,283,380,452,453,482
5,16,19,20,22,23,24,25,26,27,28,29,30,31,32,33,34,35,36,37,38,39,40,41,42,43,44,45,46,47,48,49,50,51,52,53,54,55,56,57,58,59,60,61,62,63,64,65,66,67,68,69,70,71,72,73,74,75,76,77,78,79,80,81,82,83,84,85,86,87,88,91,93,94,95,96,97,98,99,100,101,102,103,104,105,107,108,109,110,111,112,113,114,115,117,118,119,120,121,124,125,126,128,129,131,133,135,136,138,139,140,141,142,143,144,145,146,147,148,149,151,152,153,154,155,156,157,158,159,160,161,162,165,166,167,170,172,174,176,177,178,180,181,185,186,187,190,192,193,194,196,197,198,199,200,205,210,212,213,214,216,217,218,219,220,221,222,223,224,225,226,227,228,229,230,231,232,233,234,235,236,237,238,239,240,241,242,243,244,247,248,250,251,253,254,255,256,257,258,259,261,263,264,265,269,270,271,272,273,274,275,276,277,279,280,282,283,284,285,286,287,288,289,292,293,310,313,315,325,328,334,337,353,405,423
6,19,21,22,23,24,25,26,27,28,29,30,31,32,33,34,35,36,37,38,39,40,41,42,43,44,45,46,47,48,49,50,52,53,54,55,56,57,58,59,60,61,62,63,64,65,66,67,68,69,70,71,72,73,74,75,76,77,78,79,80,81,82,83,84,85,87,88,89,90,91,92,93,95,97,98,99,100,102,103,104,105,106,109,112,114,115,116,117,118,119,120,121,122,123,124,125,126,127,128,129,130,131,132,133,134,135,136,137,138,139,140,141,142,143,144,145,146,147,148,149,150,151,152,154,155,156,158,159,160,162,163,167,169,170,171,172,173,174,175,177,178,180,181,182,183,184,185,187,188,189,191,192,193,195,196,197,198,199,200,201,202,203,204,206,207,208,209,210,211,212,213,214,215,216,217,218,219,220,222,223,224,226,227,228,231,232,233,234,236,237,238,239,240,241,242,243,244,245,246,247,248,249,250,251,252,253,254,255,256,257,258,259,260,261,262,263,264,265,266,267,268,269,270,271,272,273,275,276,277,278,279,280,281,282,283,284,285,286,287,288,289,290,291,292,293,294,295,296,297,298,299,300,301,302,303,304,305,306,307,308,309,310,311,312,313,314,315,316,317,318,319,320,321,322,323,324,325,326,327,328,329,330,331,332,333,334,335,336,337,338,339,340,341,342,343,344,345,346,347,348,349,350,351,352,353,354,355,356,357,358,359,360,361,362,363,364,365,366,367,368,369,370,371,372,373,374,375,376,377,378,379,380,381,382,383,384,385,386,387,388,389,390,391,392,393,394,395,396,397,398,399,400,401,402,403,404,405,407,409,410,411,412,413,414,415,416,417,418,419,421,422,423,424,425,428,431,432,433,434,436,437,438,440,441,442,443,444,447,448,450,452,454,455,456,461,463,470,471,478,481,492,504,517,524,534,555
7,20,22,24,25,27,28,29,32,34,35,36,37,38,39,40,42,43,44,45,46,47,48,49,50,51,52,56,57,58,59,60,61,62,63,66,67,70,73,74,75,76,77,78,79,80,81,85,86,87,89,90,91,92,93,95,96,97,98,99,100,101,102,107,108,111,112,113,114,115,116,117,118,119,120,121,122,123,124,125,126,127,128,129,130,131,132,133,134,135,136,137,138,139,140,141,142,143,144,145,147,148,149,150,152,153,155,157,158,159,160,161,165,166,168,169,170,171,172,173,174,175,176,177,178,179,181,182,183,184,185,186,187,188,190,191,192,193,194,196,197,198,199,200,202,203,204,205,206,207,208,210,212,213,214,215,216,217,218,219,220,221,224,226,227,228,229,231,232,234,235,236,237,238,239,240,241,243,245,247,248,249,250,253,254,255,256,258,259,260,261,262,263,264,265,266,267,268,269,270,271,272,273,274,275,276,277,278,279,280,281,282,283,284,285,286,287,288,289,290,291,292,293,294,295,296,297,298,300,301,302,303,304,305,306,307,308,309,310,312,313,314,315,316,321,323,324,327,328,329,330,331,332,333,334,336,337,338,339,341,342,344,345,346,347,348,350,351,352,353,354,355,358,360,361,362,363,364,365,366,367,368,369,370,371,372,374,375,376,379,380,382,383,384,386,389,390,392,393,396,398,399,402,403,404,408,411,413,414,416,417,419,422,423,424,425,426,429,434,435,436,437,439,440,443,444,445,447,448,451,452,453,454,455,456,458,461,464,467,471,475,478,479,494,522,525,529,554
8,5,19,22,24,25,26,27,28,29,30,31,32,33,34,35,37,38,39,40,41,42,43,44,45,46,47,48,49,50,51,52,53,54,55,56,57,58,59,60,61,62,63,64,65,66,68,69,71,72,73,74,75,77,78,79,80,81,83,84,86,87,88,89,90,93,95,96,98,99,108,109,110,111,112,113,115,116,117,118,119,120,121,122,126,127,128,129,130,131,132,133,134,135,136,137,138,139,140,142,143,144,145,146,147,148,149,150,151,152,153,154,155,156,157,158,159,160,161,162,163,165,166,169,170,171,172,173,175,177,178,179,180,181,182,183,184,185,190,192,193,194,196,197,198,199,200,204,205,206,207,208,210,212,213,216,217,221,222,223,224,225,226,229,232,233,234,236,237,239,240,241,242,243,245,246,247,249,250,251,252,253,255,256,257,258,259,260,262,263,264,265,266,267,268,269,270,272,273,274,275,276,277,279,280,281,282,283,284,285,287,288,289,290,291,292,293,294,295,296,297,298,299,300,301,302,303,308,309,310,311,312,313,314,315,316,317,318,319,320,321,322,324,325,327,328,329,330,331,332,334,335,336,337,340,341,342,343,344,345,346,348,349,350,351,352,353,354,355,356,357,358,359,360,361,362,363,364,365,368,369,370,371,373,374,375,376,377,378,379,381,382,383,384,385,386,387,388,389,390,391,392,393,394,395,396,398,399,400,402,404,405,406,407,408,409,410,411,414,415,416,417,418,419,422,423,425,426,427,430,431,432,433,434,436,437,439,445,446,447,448,449,450,451,452,454,458,459,461,463,465,466,469,474,475,478,480,484,486,487,490,491,492,493,496,500,502,504,505,506,510,543,557
9,15,20,21,23,25,27,28,29,30,31,32,33,34,35,36,37,38,39,40,41,42,43,45,46,47,48,49,50,51,52,53,55,57,58,59,60,61,62,63,65,66,67,68,69,70,71,72,73,74,75,76,77,78,79,80,81,82,84,85,86,88,89,90,91,92,95,98,99,100,103,104,107,108,109,113,114,117,119,121,122,123,124,125,127,128,130,131,132,133,134,136,138,139,140,142,143,145,146,147,149,151,153,155,156,158,173,174,175,177,178,179,180,181,182,183,185,190,191,192,196,198,200,203,206,207,209,210,211,212,214,215,216,217,218,219,220,221,222,224,226,227,228,229,230,231,232,235,236,238,239,240,241,242,243,244,245,246,247,248,249,250,251,252,254,255,256,257,258,259,260,261,262,263,264,265,266,267,268,269,271,272,273,274,275,276,277,278,279,280,281,282,283,284,285,286,287,288,289,290,291,292,293,294,295,296,297,298,299,300,301,302,303,304,305,306,307,308,309,310,311,312,313,314,315,316,317,318,319,322,323,324,325,326,327,328,329,330,331,332,333,334,335,336,337,338,339,340,341,342,343,344,345,347,348,349,350,351,352,353,354,355,356,357,358,359,360,361,362,365,366,367,368,369,370,371,373,374,375,376,377,378,379,380,381,382,383,384,385,386,387,388,389,390,391,393,394,396,397,398,399,402,405,408,409,410,411,412,413,414,415,417,418,419,420,422,423,424,425,428,430,431,432,433,434,438,439,441,445,446,448,449,450,452,459,460,462,464,467,470,472,494,496,517,519,523,524,527,567,595
10,14,19,23,26,27,28,29,30,31,32,33,34,35,36,37,38,39,40,41,42,43,44,45,46,47,49,50,51,52,53,54,55,56,57,58,59,60,61,62,63,65,66,67,68,69,70,72,73,74,75,76,77,78,79,80,81,82,83,86,88,89,90,92,93,94,95,96,97,98,99,100,101,102,104,105,106,107,108,110,112,114,116,117,119,120,121,122,123,124,125,126,127,128,129,130,131,132,133,135,136,137,138,139,140,141,146,147,149,151,153,155,159,160,161,162,163,164,166,167,168,170,172,173,175,177,178,179,182,183,186,187,188,191,192,193,195,196,197,198,200,202,203,205,206,207,208,209,210,212,213,215,216,217,218,219,220,222,225,226,228,232,233,234,235,236,237,239,240,241,243,244,247,248,249,250,251,252,254,255,256,257,258,259,260,261,262,263,264,266,267,268,269,270,271,273,274,275,278,279,280,281,282,283,287,288,289,290,292,293,294,295,296,297,299,300,301,303,304,305,306,307,308,310,311,312,313,314,315,316,317,318,319,320,321,322,323,324,325,327,328,331,333,334,335,336,339,341,342,345,346,347,348,349,351,352,353,354,355,357,358,359,360,361,362,364,367,368,369,370,371,372,373,374,375,376,377,378,379,380,381,382,384,386,387,389,392,393,394,395,396,397,398,399,401,402,403,404,405,406,407,408,410,411,412,414,415,417,418,419,421,422,424,425,426,427,428,432,433,434,435,437,439,440,443,444,445,446,447,448,450,451,453,455,456,460,462,466,467,469,471,476,484,496,498,506,510,514,517,539,550,592,593
11,22,24,25,28,29,32,33,34,35,36,37,38,39,40,41,42,43,44,45,46,47,48,49,50,51,52,53,54,55,56,57,58,59,60,61,63,64,65,67,68,69,71,72,74,75,76,77,78,79,80,81,82,83,88,89,90,91,94,96,97,101,103,104,105,107,110,114,115,117,118,120,121,125,126,127,128,129,135,136,138,139,141,142,143,144,145,146,147,148,150,151,152,153,154,155,156,157,158,160,162,164,165,167,168,169,170,171,172,174,175,177,178,179,180,181,182,183,184,185,186,187,188,189,191,192,193,194,196,197,198,199,200,201,202,204,205,206,207,208,210,213,215,216,217,219,220,221,222,225,227,228,229,234,235,236,237,239,240,241,242,244,246,247,248,250,252,254,255,256,257,259,260,261,262,263,264,265,266,267,268,269,273,274,276,279,280,281,282,283,284,285,286,288,290,291,292,293,294,298,300,301,302,303,304,305,306,307,308,309,310,311,312,315,316,317,318,319,321,322,323,325,328,329,330,332,336,337,341,342,344,346,351,352,353,354,355,356,357,358,361,362,365,366,367,368,372,375,376,377,378,379,380,381,382,383,384,388,389,393,394,395,401,402,406,408,411,414,415,416,417,418,422,425,427,430,432,433,436,438,441,445,451,452,454,455,461,477,481,506,520,616,659
12,23,24,28,31,32,34,35,36,37,38,40,42,43,44,45,46,47,48,49,50,51,53,54,55,56,57,58,59,60,61,62,63,64,65,66,67,68,69,70,71,72,73,74,75,76,77,78,79,81,82,83,84,85,86,87,88,90,91,92,96,97,98,99,100,103,104,106,112,114,117,118,119,120,121,125,128,129,131,135,137,139,140,142,144,147,150,151,152,154,155,156,158,159,160,163,165,166,169,170,171,172,176,177,178,180,182,185,189,190,191,192,194,195,197,198,199,204,205,206,207,208,211,213,215,219,221,223,225,226,229,230,233,234,235,236,237,240,241,242,243,245,247,248,249,250,251,252,253,254,255,257,259,260,261,262,263,265,266,268,269,270,271,272,273,274,275,276,277,278,279,280,283,284,285,286,287,288,289,290,291,293,294,295,296,297,298,299,300,302,303,304,305,306,308,309,312,313,314,315,316,317,320,321,322,323,324,325,326,327,328,329,331,332,334,336,337,338,340,341,343,344,345,346,347,348,350,351,352,354,355,357,358,359,360,361,362,364,367,368,369,370,371,372,373,374,375,376,377,378,379,380,381,382,383,384,385,386,387,389,390,393,394,395,396,399,403,404,407,409,411,414,415,416,417,420,422,423,425,426,427,428,429,430,435,436,437,438,439,440,441,444,446,450,461,465,480,484,491,525,535,546,560,565,621,634,636,640
13,12,27,29,30,31,32,33,34,35,36,37,38,39,40,41,42,43,46,47,49,50,51,52,54,55,56,57,58,60,61,63,64,65,67,68,69,71,72,73,74,75,76,78,79,81,84,85,86,87,88,89,90,91,93,94,95,97,98,99,100,101,102,103,105,106,107,108,109,110,111,113,114,118,120,121,122,123,124,126,127,128,129,130,132,133,134,135,136,137,138,139,140,141,142,144,145,146,147,149,150,152,154,156,157,160,161,162,163,164,166,168,169,170,172,173,178,180,181,182,183,184,186,188,189,191,192,197,198,199,200,206,207,210,212,213,217,219,221,224,226,227,228,229,232,233,237,240,241,243,244,247,248,249,250,251,258,259,261,262,264,265,266,268,269,270,273,274,275,277,278,279,281,288,289,291,292,293,295,296,300,302,303,304,306,307,311,312,315,318,320,321,322,326,328,329,331,332,334,335,340,342,343,345,346,347,348,349,350,351,353,354,355,357,359,360,361,362,363,364,365,366,368,369,372,375,378,381,383,384,386,388,390,395,396,398,399,403,404,405,408,410,412,417,421,422,425,429,430,434,435,438,439,443,444,447,450,452,456,462,464,471,472,505,523,563,593
14,22,25,28,29,31,32,33,35,36,37,38,39,40,41,42,43,44,45,46,47,48,49,50,51,52,53,54,55,56,57,58,59,60,61,62,63,64,65,67,68,69,70,71,72,74,75,76,78,79,81,84,85,87,88,89,90,93,95,96,97,98,99,100,101,102,104,105,107,109,110,111,112,113,115,117,118,123,124,125,126,128,129,134,135,137,138,139,140,142,145,146,147,149,150,151,152,153,155,156,157,158,160,161,163,165,166,167,174,175,176,177,178,179,183,184,185,186,189,190,191,192,194,195,196,197,198,199,201,202,204,205,207,208,209,210,214,217,218,220,224,225,227,228,229,232,233,234,235,237,241,242,244,245,246,247,248,250,251,252,253,254,255,256,257,258,259,261,262,264,265,266,267,268,269,270,271,273,275,276,277,278,281,283,284,286,289,290,294,295,296,297,298,301,303,304,307,308,310,311,312,313,314,318,320,322,324,327,328,329,336,337,338,339,340,341,343,347,348,349,350,352,353,354,357,359,360,361,362,363,364,365,366,369,372,373,374,378,386,389,390,391,397,398,399,400,407,412,413,414,417,418,420,421,424,425,426,427,428,436,440,441,456,457,459,474,476,477,483,484,493,498,506,528,531,545,611
15,15,27,28,29,30,31,32,33,34,35,36,37,38,39,40,41,42,43,44,46,47,48,49,50,51,52,53,54,55,57,58,59,60,61,63,64,65,66,67,68,70,71,72,73,74,75,76,77,78,80,81,82,83,84,85,86,87,88,89,90,91,92,93,94,96,97,98,100,103,106,109,113,115,116,118,119,121,122,123,125,127,128,131,132,134,135,136,138,139,140,142,144,145,147,149,150,151,152,153,154,155,156,157,160,161,166,167,170,171,176,179,181,183,184,187,191,192,195,197,199,200,201,210,212,214,216,222,224,226,228,233,234,238,240,241,243,244,246,247,248,250,254,255,256,258,259,260,261,263,264,266,267,268,269,270,271,273,274,275,276,277,279,280,281,282,283,288,290,291,292,293,294,295,296,297,300,302,303,304,305,306,307,309,310,313,314,317,319,321,323,324,326,328,329,332,333,335,337,338,339,343,344,345,346,348,350,351,352,353,354,355,356,357,359,360,361,364,365,366,367,369,370,371,373,374,375,376,377,378,379,380,381,383,384,387,388,389,390,391,393,395,396,398,399,401,402,403,404,406,407,408,410,411,413,415,416,418,419,422,423,424,425,426,427,428,430,431,432,433,434,436,437,438,440,442,444,445,450,454,460,462,464,468,480,483,487,493,506,517,577,664,677
16,20,22,24,26,28,31,32,33,34,35,36,37,39,40,42,43,44,45,46,47,48,49,50,51,52,53,54,55,56,57,59,61,62,63,64,65,66,67,68,70,71,72,73,74,75,76,77,79,81,82,83,84,86,87,89,90,91,92,93,94,95,97,98,99,101,102,103,105,106,107,108,109,110,111,112,113,114,116,119,121,124,129,130,131,132,133,135,136,137,138,139,140,141,142,143,145,147,148,149,150,151,153,154,155,157,158,159,160,161,162,164,165,166,167,168,173,174,176,178,179,182,183,184,185,186,187,188,189,190,191,192,193,197,198,199,200,201,203,204,208,209,210,211,212,214,215,216,218,219,221,225,226,228,229,230,232,233,238,239,241,243,244,245,247,249,253,255,256,257,258,259,262,263,266,267,268,270,274,275,277,281,282,286,287,288,291,297,300,301,302,305,308,313,314,315,319,321,327,330,331,332,336,337,343,347,348,359,360,361,366,371,374,375,377,378,381,383,387,388,390,392,393,397,399,401,405,406,410,412,414,417,435,444,448,455,457,477,479,484,489,504,530,545,566,599,656
17,30,33,34,35,36,37,38,39,40,41,42,43,45,46,47,49,50,51,52,53,54,55,56,57,58,59,60,61,62,63,64,65,66,67,68,69,70,71,73,75,76,77,78,79,80,81,82,83,84,85,86,87,90,91,93,94,95,96,97,99,101,102,103,104,106,107,110,113,116,119,120,122,124,125,126,127,128,129,130,131,132,133,137,138,139,140,141,142,143,144,145,146,147,148,149,150,151,153,154,156,157,158,160,162,164,165,169,174,175,177,179,180,181,182,183,184,185,186,188,189,190,192,193,194,195,197,198,199,201,202,204,207,209,214,216,217,218,219,220,221,222,223,226,227,228,229,231,233,234,238,239,240,241,242,243,244,245,246,247,248,249,250,252,253,255,256,257,259,260,261,262,263,266,267,268,269,270,271,272,274,275,277,280,282,283,284,285,286,287,288,289,291,292,294,295,296,297,298,300,301,302,303,304,305,307,310,311,312,313,315,318,319,320,321,322,323,324,325,328,329,335,336,337,338,339,340,341,343,345,347,348,350,352,353,354,356,357,359,360,362,364,365,367,372,377,383,384,386,388,389,391,400,403,404,410,413,415,419,421,427,429,434,436,441,448,454,456,469,480,494,516,531,538,619
18,24,28,30,34,35,36,37,38,39,40,41,43,44,45,46,47,49,50,52,53,54,55,57,58,59,60,61,62,63,64,65,66,67,68,69,70,71,72,73,74,78,80,81,82,84,85,86,87,88,89,90,91,92,93,94,95,96,97,98,99,100,101,102,103,104,105,106,107,108,109,110,111,112,113,115,117,119,122,124,125,126,129,131,132,133,134,135,136,137,138,139,140,141,142,143,144,145,146,147,149,151,152,153,154,155,156,158,160,161,162,163,164,165,167,168,169,171,172,173,174,176,178,179,180,181,182,183,184,187,188,189,190,191,194,195,196,198,199,200,201,202,203,209,212,217,218,220,221,222,224,225,226,231,233,237,238,240,241,243,244,247,248,250,251,253,254,256,258,260,262,263,265,266,268,269,270,271,272,273,274,275,277,278,279,280,281,283,285,288,292,293,294,296,297,300,302,312,313,314,316,317,319,325,336,344,346,347,349,357,360,361,363,366,373,374,379,382,383,385,387,389,390,392,393,394,395,398,399,400,402,406,408,409,410,411,416,421,423,424,425,426,427,432,438,439,440,441,451,453,458,459,467,468,470,480,490,492,495,506,516,525,567,583,631
19,12,23,32,36,39,40,41,42,43,44,45,46,47,48,49,50,51,52,53,54,55,56,57,58,59,60,61,62,64,65,66,67,68,69,71,72,73,74,75,76,77,78,80,83,85,86,87,88,89,90,91,94,95,96,97,99,100,101,102,103,104,105,106,107,109,111,112,114,119,121,124,125,126,127,128,129,130,131,133,134,136,137,138,139,140,142,144,145,147,148,149,150,151,153,154,155,156,157,158,160,162,163,165,167,169,172,176,177,178,182,184,185,186,187,188,189,190,191,192,193,194,196,197,198,199,200,201,203,204,205,206,207,208,210,211,212,214,216,217,218,219,221,222,223,224,226,228,230,231,233,234,235,236,237,238,239,240,241,243,244,245,246,247,249,251,252,253,254,255,256,257,258,259,260,262,263,264,265,266,267,268,270,272,274,277,280,282,283,288,289,295,296,299,300,303,307,310,311,312,313,315,317,320,321,323,327,339,344,349,375,383,388,392,396,406,415,416,418,442,444,450,453,472,495,542,549,696
20,29,30,32,34,35,37,38,39,40,41,42,43,45,46,48,49,50,51,52,53,54,55,56,57,60,61,62,63,64,65,66,67,68,69,70,71,72,73,74,75,76,77,78,79,80,81,82,83,84,85,86,87,88,89,91,92,93,95,96,97,99,100,101,102,103,104,105,106,107,109,111,115,116,119,125,127,128,129,130,131,132,133,134,136,138,139,141,142,145,149,150,152,154,155,156,157,159,160,161,163,166,167,169,170,174,175,177,179,180,181,182,183,184,185,186,187,189,190,191,192,195,196,197,198,200,201,205,207,209,211,212,214,220,221,227,228,229,230,232,236,238,239,242,243,248,249,250,253,254,255,256,258,260,261,262,268,269,270,271,272,273,274,275,276,277,278,279,280,281,283,284,285,287,289,290,291,292,293,295,297,298,300,303,306,308,309,310,311,312,313,315,317,318,321,326,327,330,334,339,340,342,346,347,366,367,368,372,378,379,384,387,399,400,401,411,415,418,419,426,430,446,449,451,458,471,472,486,493,495,501,642,692
21,30,33,35,36,37,39,40,41,42,43,44,45,46,47,48,49,50,51,52,53,54,55,56,57,58,59,60,61,62,63,64,65,67,68,69,70,72,73,75,77,78,79,80,81,82,83,84,85,87,89,91,92,93,95,96,97,99,101,103,104,107,108,109,110,111,112,115,116,117,121,131,133,134,135,136,138,139,140,141,142,143,144,145,146,147,148,149,150,152,153,154,155,156,157,159,160,161,162,163,164,165,166,167,168,169,170,172,173,177,179,180,182,183,186,188,189,190,191,192,193,194,195,196,197,198,199,200,203,205,207,210,211,213,214,215,216,218,222,224,225,226,227,228,230,235,237,238,240,243,244,245,246,251,252,253,255,256,261,262,263,265,267,268,269,270,271,272,280,281,282,283,285,287,288,293,295,296,298,301,311,313,316,318,319,346,377,379,381,391,417,418,425,429,443,444,445,453,455,466,485,486,495,499,508,674,699
22,32,33,36,38,39,41,42,43,44,47,48,49,50,51,52,53,54,55,56,58,59,61,62,63,64,65,66,67,68,70,71,72,73,74,75,76,77,78,79,80,81,82,83,84,85,86,87,88,89,90,91,92,93,94,95,96,97,98,99,102,103,107,108,109,110,111,113,116,123,125,128,129,131,133,134,137,138,139,142,143,145,147,151,155,156,157,159,161,162,163,167,172,175,176,179,181,182,186,187,188,190,192,194,195,196,197,198,201,203,204,205,206,207,208,211,220,222,224,226,227,228,231,232,233,234,235,236,237,239,240,241,242,243,244,245,246,247,249,251,252,253,254,255,256,257,258,259,260,261,262,263,264,266,267,268,270,271,272,277,279,280,283,284,288,290,291,294,295,297,298,300,301,305,306,309,310,311,314,318,319,320,321,323,325,331,340,342,345,346,347,349,350,352,358,367,369,374,381,385,388,390,392,393,394,404,411,413,414,415,416,420,428,431,432,433,434,437,439,440,443,444,446,450,451,458,460,462,467,468,476,480,485,494,498,500,530,535,538,550,652
23,35,40,41,42,43,44,45,46,47,48,49,50,51,52,53,54,55,56,57,58,59,60,61,62,63,65,66,67,68,70,71,72,73,74,76,83,85,86,87,90,91,93,96,97,98,99,100,101,102,104,106,108,109,110,113,116,118,119,122,123,124,125,126,127,128,129,130,131,133,134,135,138,139,140,142,144,145,146,148,150,151,152,153,155,156,157,158,160,162,164,165,166,167,168,170,172,173,175,177,179,180,183,186,187,188,189,190,191,193,194,195,196,199,200,202,205,207,210,211,212,213,214,215,221,223,224,225,227,228,230,232,233,236,237,239,241,242,245,247,248,251,252,256,257,258,264,266,271,276,277,281,284,287,288,290,291,298,299,306,307,320,322,372,390,486,515,628
24,15,24,31,32,33,34,35,37,38,39,40,45,46,48,49,50,51,52,53,54,55,56,58,59,60,62,63,64,65,66,67,68,69,71,72,73,74,75,76,77,78,79,80,81,82,83,84,85,86,87,88,89,90,91,92,93,94,95,98,99,100,101,103,104,106,107,108,112,121,123,124,125,127,129,130,131,134,139,142,143,144,146,147,148,149,150,152,154,155,156,157,158,160,162,163,164,165,166,168,169,170,172,173,177,178,179,180,181,183,184,185,189,190,191,192,194,196,197,198,200,201,202,203,205,206,207,208,209,211,212,214,215,218,219,220,221,223,224,225,226,228,230,231,232,234,235,236,237,238,239,240,242,245,246,247,248,249,250,251,252,256,260,261,264,265,267,268,269,270,271,272,273,276,277,279,280,281,284,289,290,291,299,301,302,309,313,314,317,318,320,323,332,345,362,424,427,434,516,546,564
25,29,30,36,39,40,41,42,43,44,45,46,47,48,49,50,51,52,54,55,56,57,58,61,63,64,66,67,68,69,71,74,75,76,77,78,79,80,81,82,85,86,87,88,89,90,91,93,94,96,97,99,100,101,103,104,105,106,109,110,111,112,113,114,115,116,118,119,120,121,123,124,129,131,134,135,136,139,140,142,144,145,147,148,149,150,151,152,153,154,155,157,158,160,164,165,166,168,169,170,172,173,174,176,179,180,181,182,183,184,186,189,190,192,193,194,196,197,198,199,200,204,208,209,210,211,213,214,215,219,220,221,222,224,225,226,228,229,232,234,236,238,241,243,245,249,256,258,263,265,268,277,278,284,286,287,289,294,299,301,305,320,327,383,387,461,466,488,650
26,25,33,36,37,38,39,40,42,43,45,47,49,51,52,53,54,55,56,57,58,59,60,62,63,64,65,66,67,68,69,70,71,72,73,74,75,76,77,78,79,80,81,82,83,84,86,87,88,89,90,91,92,94,95,96,97,98,100,101,104,105,106,107,108,109,110,111,112,113,114,122,123,126,128,129,133,134,136,138,139,142,143,148,151,152,153,154,155,157,159,160,163,166,176,177,181,182,186,187,188,189,190,191,193,194,195,196,198,200,202,204,205,206,207,208,209,210,211,212,213,214,215,216,218,219,220,221,222,225,226,227,229,231,232,233,234,236,238,240,241,242,243,247,249,250,253,255,257,258,259,260,261,263,264,265,266,267,269,274,277,278,280,281,284,285,300,301,302,303,308,310,312,315,320,326,339,343,344,367,410,459,532
27,35,37,40,41,42,43,44,45,46,47,49,50,51,52,53,54,55,57,58,59,60,61,62,64,65,66,67,70,71,72,73,74,75,76,77,78,79,80,81,82,83,84,86,87,90,92,93,94,95,96,97,99,100,101,102,103,104,106,107,110,112,113,114,116,117,118,121,125,131,132,133,134,135,136,137,138,139,140,141,142,144,145,146,148,150,151,152,155,156,157,158,160,162,163,165,166,167,170,171,172,173,175,176,178,182,184,185,186,188,190,191,193,197,198,200,201,204,205,206,210,212,214,215,220,223,226,229,233,234,235,236,239,240,244,247,249,250,252,261,266,267,268,273,274,278,281,283,288,290,295,299,300,301,311,324,330,362,407
28,35,41,42,43,44,46,47,48,50,51,52,54,55,56,58,59,60,62,63,64,65,66,67,68,69,70,71,72,73,74,75,76,77,78,80,81,82,83,84,85,86,87,88,89,90,91,93,94,99,101,102,105,107,108,109,110,112,113,115,116,117,120,125,126,128,130,132,135,136,137,141,142,144,149,150,152,153,156,158,159,160,161,163,165,167,168,170,171,172,173,174,176,177,178,179,181,183,185,186,188,189,190,191,193,195,196,197,199,200,201,202,203,204,205,206,207,208,209,213,214,215,218,219,220,224,225,228,229,233,234,235,236,237,238,239,240,241,242,244,248,249,251,254,256,257,262,263,265,270,272,274,276,280,281,283,284,287,290,293,294,299,308,309,312,316,319,320,373
29,8,13,36,40,43,44,46,48,49,50,51,52,53,54,55,56,57,58,59,62,63,64,66,68,69,71,73,74,76,79,80,81,82,83,84,85,86,87,88,91,93,94,95,96,97,100,101,102,103,104,105,106,108,109,111,112,115,116,117,118,119,120,121,122,125,132,134,135,136,137,138,139,140,141,144,145,146,148,149,150,151,152,153,154,155,156,157,158,159,162,163,164,166,168,169,172,176,177,178,179,180,182,183,184,185,187,189,193,197,198,204,225,231,234,247,253,258,264,268,272,282,286,288,300,336,474
30,28,32,39,42,43,45,47,48,49,50,51,52,53,54,55,56,57,58,59,60,61,63,64,65,66,67,68,69,70,71,72,73,74,76,77,78,79,80,81,83,85,86,87,89,90,93,96,97,98,99,100,101,102,103,107,109,112,113,114,127,133,135,136,137,139,141,146,147,148,150,155,156,158,161,163,164,165,168,169,170,171,173,174,175,176,177,178,180,183,184,188,189,190,192,195,199,202,203,204,205,206,208,210,211,214,215,216,220,223,224,225,226,227,234,235,236,239,240,241,252,256,266,276,277,278,279,327,328,329,333,361,373,462
31,50,51,52,53,54,55,56,58,59,60,61,62,63,64,65,66,67,68,69,70,76,77,78,79,80,82,86,87,88,90,92,93,94,95,97,98,99,101,103,104,106,107,108,110,111,112,113,115,117,118,120,122,123,127,133,134,138,139,141,142,143,144,145,146,147,148,149,150,152,154,155,156,157,158,159,160,161,162,166,168,176,178,179,182,183,184,186,187,188,190,195,201,203,204,205,206,208,211,212,214,215,217,219,221,224,230,231,237,244,248,249,251,254,261,272,274,276,281,282,286,287,305,325,330,352,424,613
32,43,44,47,48,49,52,54,55,56,57,58,59,60,61,62,63,64,65,66,67,68,69,70,71,72,73,74,75,76,77,78,79,80,81,82,83,84,85,86,87,88,90,91,92,93,94,95,96,98,100,101,102,103,104,105,106,108,109,111,117,121,122,134,143,144,145,146,147,148,149,150,152,153,154,155,157,158,160,165,166,169,170,174,175,177,178,179,180,182,183,184,185,187,188,190,192,193,194,195,196,197,198,199,200,201,203,204,210,212,215,216,218,219,220,227,231,233,236,238,239,241,243,245,253,262,265,270,271,272,273,274,299,308,345,620,661
33,43,44,45,46,48,50,54,55,56,57,58,59,60,61,62,63,64,65,67,68,69,71,72,74,75,77,78,79,82,83,84,85,86,87,90,91,94,97,100,102,103,104,105,107,108,109,111,112,113,114,117,119,121,122,125,127,137,141,143,147,148,151,153,154,156,159,160,162,164,165,166,169,171,173,174,176,178,182,186,187,188,189,190,191,193,194,195,196,198,199,200,201,202,203,204,207,209,210,211,212,213,215,217,220,221,225,227,234,237,245,257,268,276,279,289,303,363,497
34,39,41,42,43,44,45,46,47,48,49,51,52,53,54,55,59,61,64,65,66,67,71,73,74,76,77,78,79,81,82,83,84,85,86,88,89,90,91,92,93,94,96,97,98,99,100,101,103,104,105,106,107,108,109,110,111,112,113,114,115,116,117,123,124,133,134,136,138,139,142,144,146,147,149,151,153,155,157,159,160,162,164,166,170,174,175,176,178,180,182,188,190,193,200,202,203,207,208,209,211,216,217,218,219,223,224,226,227,229,234,241,243,244,245,246,252,255,256,257,260,271,272,273,275,277,278,283,287,289,292,301,302,322,325,332,334,344,422,525,599
35,3,32,38,39,44,48,52,53,54,55,56,57,58,61,63,64,65,66,67,68,69,72,74,75,76,77,79,80,81,82,83,85,86,88,89,91,93,95,96,100,101,111,112,115,119,122,127,138,143,145,151,158,161,163,165,167,168,169,171,175,182,183,187,189,190,192,194,195,199,201,204,205,208,210,217,218,224,246,257,263,267,272,283,338,343,364,494,547
36,19,34,41,43,44,45,46,48,49,50,51,52,53,56,57,59,62,64,65,67,68,69,71,72,75,79,81,83,84,87,89,90,93,94,95,98,100,101,104,105,107,109,111,114,115,117,119,121,122,126,130,133,143,149,151,152,155,157,167,176,189,201,210,214,215,219,227,315,316,343,432,458,488,562,637
37,37,38,46,54,63,65,69,70,72,73,75,78,79,80,82,84,87,88,92,93,96,97,99,106,108,114,117,133,140,169,182,196,209,221,311
38,45,79,89,91,94,97,98,99,103,104,105,112,113,123,125,139,143,160,191,267,545,571,596
39,15,344,552,657
40,381,534,637
41,468,562
42,386,471,524
43,323,520,550
44,378,446,640,688
45,337,407,473,601
46,195,241,381,402,448,457,544
47,398,622
48,192,318,360,422,426,586
49,255,586
50,319,601,648
51,334,371,459,564,607,645,686
52,145,177,368,372,431,442,456,533,547,617,670,679
53,84,286,573,638,642,664
54,480,629
55,329,559,676
56,6,356,425,647
57,24,348,385,413
58,41,87,231,462,527,585,657,659
59,69,229,342,412
60,92,359,661
61,142,163,590,668
62,74,154,393,637
63,186,191,236,361,529,637,668,692
64,142,156,166,315,329,600,647
65,541,545
66,14,34,454,556,628
67,160,406
68,386,595
69,49,146,181,261,307,403,436,507,514,519,665
70,144,443,589
71,66,117,237,398,458,547,671
72,279,343,488
73,104,349,449,481,670,684
74,94,224,259,270,574,663,688
75,28,300,389,408,421,626
76,49,538,549
77,86,264,268,510
78,137,176,314,619
79,23,89,234,321
80,
81,
82,
83,
84,
85,
86,
87,
88,
89,
90,
91,
92,
93,
94,
95,
96,
97,
98,
