2
0,32
1,21,32,36,38,42,48,55,113,176,386,434,480,481,694
2,5,15,18,19,20,21,22,23,24,25,27,28,29,30,31,32,33,37,39,40,41,42,43,44,45,46,47,50,52,55,61,71,430,524,685
3,5,6,14,17,20,21,22,23,24,25,27,28,29,30,31,32,33,34,35,36,37,38,39,40,41,42,43,45,46,47,48,49,50,51,52,53,54,55,56,57,58,59,60,61,62,63,64,65,66,67,68,69,70,71,74,75,77,91,135,139,431,505
4,1,5,8,9,10,11,12,13,14,16,17,19,21,22,23,24,25,26,27,28,29,30,31,32,33,34,35,36,37,38,39,40,41,42,43,44,45,46,47,48,49,50,51,52,53,54,55,56,57,58,59,60,61,62,63,64,65,66,67,68,69,70,71,72,73,74,75,76,77,78,79,80,81,82,83,84,85,86,87,89,90,91,93,97,98,99,100,101,103,105,106,107,108,109,110,112,118,120,121,129,130,131,134,140,143,190,224,384,564,611,664
5,1,3,5,7,8,10,11,12,13,15,16,17,18,19,20,22,23,24,25,26,27,28,32,33,34,35,36,39,40,41,42,43,44,45,46,47,50,51,53,54,56,57,59,60,62,63,65,66,67,68,69,70,71,72,73,74,75,76,77,78,79,80,81,82,83,84,85,86,87,88,89,90,91,92,93,94,95,96,97,98,99,100,101,102,103,104,105,106,107,108,109,110,111,112,113,114,115,116,117,118,119,120,121,122,123,124,125,126,127,128,129,130,131,132,133,134,135,136,137,138,139,140,141,142,143,144,145,146,147,148,149,150,151,152,155,156,157,160,162,165,167,169,172,173,174,177,178,196,200,203,206,229,230,231,258,261,265,266,267,280,312,362,386,537,660
6,4,5,6,7,10,11,14,15,16,17,18,19,21,22,23,24,25,26,27,29,30,32,33,34,35,37,38,39,42,43,44,46,48,49,50,52,53,56,57,58,59,62,65,66,67,68,69,72,73,74,76,78,79,81,83,84,85,86,91,92,93,94,95,96,97,98,99,100,101,102,103,104,105,107,108,109,110,111,112,113,115,116,118,119,120,121,122,123,124,125,126,127,130,133,136,137,138,139,144,146,147,152,155,156,157,160,161,164,171,177,178,179,181,182,184,187,195,207,217,226,233,235,236,251,307,329,601,630,684
7,5,6,7,15,19,21,24,26,28,29,33,34,38,39,41,43,45,49,51,52,53,55,56,57,61,62,64,65,69,70,71,72,73,74,79,80,83,85,87,95,103,104,107,110,113,116,117,118,120,126,127,129,130,133,134,150,166,170,174,175,188,198,202,209,270,279,498,509,534,556
8,30,37,39,46,51,52,54,57,66,75,93,103,108,116,121,138,142,153,173,184,185,190,199,208,221,223,226,255,260,330,457,503,520
9,7,110,163,194,201,268,316,405,577,627
10,37,374,403,433,555,566
11,121,156,292,388,523
12,39,144,156,222,487,682
13,157,294,300,371,570
14,96,197,544,648
15,10,213,218,281,366,402
16,20,306,346,395
17,38,415
18,107,154,195,198,224,239,261,272,366,502,537
19,43,63,129,146,244,270,297,338,512,523,688
20,78,283,322,332,359,423,469,476,484,513,516,559,572,620,627
21,75,89,199,258,271,326,478,493,524,551,555,566,627,637,648
22,131,155,366,423,545,633
23,38,59,260,352,393,478,556,561,570
24,71,83,123,491,500,526,648,656
25,46,52,56,57,58,61,63,64,65,68,75,138,239,306,399,406,502,630
26,38,42,49,52,53,54,55,56,57,58,59,60,61,62,64,65,66,67,68,69,70,71,72,73,75,76,77,78,79,80,82,88,90,94,101,102,136,176,248,669
27,24,27,48,49,50,51,52,53,54,55,56,57,58,59,60,61,62,63,64,65,66,67,68,69,70,71,72,73,74,75,76,77,78,79,80,81,82,83,84,85,86,87,88,89,90,91,92,94,95,96,97,98,99,100,101,102,103,105,106,107,108,109,110,111,112,113,114,115,116,121,124,145,519,563,609
28,46,48,50,53,54,55,56,57,58,59,60,61,62,63,64,65,66,67,68,69,70,71,72,73,74,75,76,77,78,79,80,81,82,83,84,85,86,87,88,89,90,91,92,93,94,95,96,97,98,99,100,101,102,103,104,105,106,107,108,109,110,111,112,113,114,115,116,117,118,119,120,121,122,123,124,125,126,127,128,129,130,131,132,133,134,135,136,137,138,139,140,141,142,143,144,145,146,147,148,149,150,151,152,153,156,158,159,160,162,163,164,165,166,167,168,169,170,171,172,173,174,175,178,179,180,185,190,199,404,477,569,633
29,16,47,51,52,53,55,56,57,58,59,60,61,62,63,64,65,66,67,68,69,70,71,72,73,74,75,76,77,78,79,80,81,82,83,84,85,86,87,88,89,90,91,92,93,94,95,96,97,98,99,100,101,102,103,104,105,106,107,108,109,110,111,112,113,114,115,116,117,118,119,120,121,122,124,125,126,127,128,129,130,131,132,133,134,135,136,137,138,139,140,141,142,143,144,145,146,147,148,149,150,151,152,153,154,155,156,157,158,159,160,161,162,163,164,165,166,167,168,169,170,171,172,173,174,175,176,177,178,179,180,181,182,183,184,185,186,187,188,189,190,191,192,193,194,195,196,197,198,199,200,201,202,203,204,205,206,207,208,209,210,211,212,213,214,215,216,217,218,219,220,221,222,223,224,225,226,227,228,229,230,231,232,233,234,235,236,237,238,239,240,241,242,243,244,245,246,247,248,249,250,251,252,253,254,255,256,258,259,260,261,262,263,264,265,266,269,270,271,272,273,275,276,281,282,283,285,286,287,288,291,292,294,295,296,297,298,300,316,318,319,323,326,331,333,337,341,343,349,351,354,356,357,363,374,382,410,449,461,471,657,661
30,18,36,52,56,57,59,62,63,64,65,66,67,68,69,70,71,72,73,74,75,76,77,78,79,80,81,82,83,84,85,86,87,88,89,90,91,92,93,94,95,96,97,98,99,100,101,102,103,104,105,106,107,108,110,111,112,113,114,115,116,117,119,120,122,123,124,126,127,130,131,132,133,134,135,136,137,138,139,140,141,142,143,144,145,146,147,148,149,150,151,152,153,154,155,156,157,158,159,160,161,162,163,164,165,166,167,168,169,170,171,172,173,174,175,176,177,178,179,180,181,182,183,184,185,186,187,188,189,190,191,192,193,194,195,196,197,198,199,200,201,202,203,204,205,206,207,208,209,210,211,212,213,214,215,216,217,218,219,220,221,222,223,224,225,226,227,228,229,230,231,232,233,234,235,236,237,238,239,240,241,242,243,244,245,246,247,248,249,250,251,252,253,254,255,256,257,258,259,260,261,262,263,264,265,266,267,268,269,270,271,272,273,274,275,276,277,278,279,280,281,282,283,284,285,286,287,288,289,291,293,294,297,298,299,300,301,302,303,304,305,306,307,308,309,310,311,313,314,316,317,318,319,320,321,322,323,324,325,326,327,328,329,330,332,334,335,336,338,339,340,341,342,344,346,351,352,354,355,356,357,359,360,361,363,364,365,367,369,370,373,375,377,378,381,386,387,389,390,391,392,396,400,403,415,416,443,444,449,457,489
31,53,54,55,56,57,58,59,60,61,62,63,64,65,66,67,68,69,70,71,72,73,74,75,76,77,78,79,81,82,83,84,85,86,87,88,89,91,92,93,94,95,96,98,100,101,102,104,105,106,107,108,109,110,113,115,116,120,122,123,124,125,126,127,128,129,131,132,134,135,136,137,138,139,141,142,143,144,145,146,147,148,149,150,151,152,153,154,155,156,157,158,159,160,161,162,163,165,166,167,168,169,170,171,172,173,174,175,176,177,178,179,180,181,182,183,184,185,186,187,188,189,190,191,192,193,194,195,197,198,199,200,201,202,203,204,205,206,207,208,209,210,211,212,213,214,215,216,217,218,219,220,221,223,224,225,226,227,228,229,230,231,232,233,234,235,236,237,238,239,240,241,242,243,245,246,247,248,249,250,251,252,253,254,255,256,257,258,259,260,261,262,263,264,265,268,269,270,271,272,273,274,275,277,279,280,281,282,283,284,285,287,289,290,291,292,293,295,296,297,299,300,302,305,306,307,308,311,312,313,315,316,317,321,323,326,328,329,330,334,337,338,343,347,348,355,357,359,385,404,428,433,447,489,555
32,42,49,52,53,54,55,56,57,58,59,60,61,62,63,64,65,66,67,68,69,70,71,72,73,76,77,78,79,80,81,82,84,85,86,87,88,90,92,93,95,96,97,98,99,101,102,103,104,105,106,107,109,110,111,112,113,114,115,116,118,119,120,121,122,123,124,125,126,127,129,130,131,132,133,134,135,137,138,139,140,141,142,143,144,145,146,147,148,149,150,153,154,155,156,157,158,159,160,161,162,163,164,165,166,167,168,169,170,171,172,173,174,175,176,177,178,179,180,181,182,183,184,185,186,187,188,189,190,191,192,194,195,196,197,198,199,200,201,202,203,204,205,206,207,208,209,210,211,212,213,214,215,216,217,218,219,220,221,223,225,226,227,228,229,230,231,232,233,234,235,237,238,239,240,243,244,245,249,250,252,253,255,258,259,261,263,264,266,267,269,271,272,273,275,277,278,280,281,283,284,285,286,287,288,289,290,291,294,295,296,297,299,300,302,303,304,305,306,307,308,309,310,311,312,313,314,317,319,320,322,323,327,328,329,330,331,332,334,335,338,339,342,343,346,347,348,350,354,357,361,369,376,390,404,424,458,463,498
33,49,51,52,53,54,55,56,57,58,59,60,61,63,64,65,66,67,68,69,72,73,74,75,76,77,78,79,80,81,82,83,84,85,86,87,88,89,90,91,92,93,94,95,96,97,99,100,101,102,103,104,105,106,107,108,109,110,111,112,113,114,116,117,119,120,121,122,124,125,126,127,129,130,131,132,134,137,138,139,141,142,144,145,146,147,148,149,150,151,152,153,154,155,156,157,158,159,160,161,162,163,164,165,166,167,168,169,170,171,172,173,174,175,176,177,178,179,180,181,182,183,184,185,186,187,188,189,190,191,193,194,195,196,198,199,201,202,203,204,205,206,207,208,209,210,211,212,213,214,215,216,217,218,219,220,221,223,224,225,226,227,228,229,230,231,232,233,234,235,236,237,239,240,242,243,244,245,246,247,248,249,250,251,253,254,255,256,257,258,259,260,261,263,264,265,267,269,270,271,272,275,276,277,278,279,281,283,286,288,289,290,291,292,293,295,296,297,298,299,307,314,317,318,319,321,323,324,326,327,328,329,332,333,335,343,349,350,355,359,362,367,379,389,395,396,403,446,491,496
34,45,50,51,53,54,55,56,57,58,59,60,61,63,64,65,66,67,68,69,70,71,72,73,74,75,76,77,78,80,82,84,85,86,87,88,89,90,91,92,93,94,95,96,97,98,99,100,101,102,103,104,106,108,109,110,111,112,116,117,118,119,120,121,123,124,127,130,132,133,134,135,137,138,139,140,141,144,145,146,147,148,149,150,151,152,153,154,155,157,158,159,160,161,162,164,166,167,169,170,171,172,173,174,177,178,179,180,181,182,183,184,185,186,187,188,189,190,191,192,193,196,197,198,199,200,201,202,203,204,205,206,207,208,209,210,213,214,215,216,217,218,219,224,225,226,227,229,230,231,232,233,234,236,238,241,242,244,245,246,247,248,249,251,253,255,256,257,258,259,261,263,266,267,268,269,270,271,274,275,276,278,281,284,285,287,289,290,291,292,293,294,295,296,298,299,300,301,306,309,310,311,312,315,318,320,322,323,326,329,330,331,337,341,342,344,352,353,354,357,361,362,363,366,375,378,398,400,426
35,26,36,42,47,49,51,52,53,55,57,58,59,60,61,62,63,64,65,66,67,68,69,70,71,72,74,76,77,78,79,80,81,82,83,84,85,86,87,90,91,93,94,96,98,99,100,101,103,105,108,109,110,111,112,113,114,115,116,117,118,120,122,123,124,125,126,127,130,132,133,135,137,138,140,142,143,144,145,147,148,149,150,151,152,153,154,155,156,157,158,159,160,161,162,164,166,167,168,170,171,172,173,174,175,176,177,179,180,181,183,186,187,188,189,190,191,193,194,195,196,198,199,200,201,202,203,204,205,206,208,209,210,213,214,215,216,218,219,220,221,222,223,224,225,226,227,228,229,230,232,233,234,235,236,237,238,239,240,241,242,243,244,247,248,252,253,254,255,256,257,259,260,261,262,263,264,266,267,268,270,271,276,278,280,282,283,286,290,291,292,294,303,307,309,311,312,315,316,324,326,328,333,335,337,338,341,364,366,387,394,396,399,410,423,429
36,45,46,47,48,49,50,51,52,53,54,55,56,57,58,60,61,62,63,64,65,66,67,68,70,71,72,73,74,75,76,77,78,79,80,81,82,86,88,89,90,91,92,93,94,95,96,97,98,101,102,103,104,105,106,107,108,109,111,112,113,114,115,116,117,119,120,121,122,123,124,125,126,127,130,132,134,135,136,137,138,139,140,141,142,144,145,146,147,148,149,150,151,152,153,155,156,157,158,159,160,161,162,163,164,166,167,169,170,171,172,173,174,175,176,177,178,179,180,181,182,183,184,187,188,189,190,191,192,195,197,198,199,203,204,207,209,211,212,213,215,216,219,221,222,223,224,228,229,231,232,234,237,238,242,243,244,245,246,247,248,251,252,253,254,255,256,257,258,260,261,263,264,265,266,267,272,273,274,275,277,278,281,283,284,285,286,287,288,291,292,293,298,300,301,304,307,308,309,311,317,329,330,331,336,340,343,344,351,355,356,365,370,371,379,380,384,396,402,405,408,409,410,412,431,452,533,536
37,44,45,46,47,48,49,50,51,52,53,54,55,56,57,58,59,61,62,63,64,65,66,68,69,70,72,73,74,75,76,77,78,79,80,81,83,85,86,87,89,90,93,94,95,96,97,98,99,103,104,105,106,107,108,110,112,113,115,116,117,120,122,123,125,126,132,133,135,139,140,141,143,144,146,147,148,149,150,151,154,155,156,157,158,159,161,162,163,168,169,170,175,177,178,179,183,184,185,187,189,191,192,193,194,196,197,199,200,201,204,205,206,208,210,211,213,215,216,217,218,219,221,222,223,224,226,227,228,229,230,231,232,233,234,236,237,238,239,240,242,243,244,245,246,247,248,249,250,251,252,253,254,255,256,257,258,261,262,263,266,267,268,270,271,272,276,282,286,288,291,292,294,296,301,302,303,305,308,309,312,319,328,331,339,343,344,348,358,362,384,394,397,399,423,424,425,428,449,512
38,42,43,45,46,47,50,51,54,56,57,58,59,60,61,62,64,65,66,67,68,69,70,71,72,73,74,75,76,77,78,79,80,81,82,83,84,85,86,87,88,89,91,92,95,97,98,99,101,102,103,104,105,107,108,109,110,111,113,116,117,119,120,121,124,125,127,130,131,132,133,134,136,137,138,139,142,143,144,145,146,147,148,149,152,153,154,155,156,158,159,160,161,162,163,164,166,168,169,170,171,172,173,174,175,178,179,180,181,182,183,184,186,187,189,190,191,192,193,194,195,196,197,199,200,201,202,203,204,205,206,207,208,209,210,212,213,214,216,219,220,221,223,224,226,227,229,233,235,236,237,239,240,241,244,248,251,252,253,254,256,258,260,261,263,272,274,279,280,281,283,285,289,290,291,294,295,298,302,303,306,307,308,310,317,328,329,330,334,338,341,357,367,373,375,386,393,444,536,590,632
39,43,44,45,46,49,50,51,52,53,54,55,56,57,58,60,61,62,63,64,65,67,68,70,71,73,74,78,80,81,83,84,86,87,89,90,94,96,97,98,100,101,102,104,105,106,107,108,109,112,114,116,117,118,120,121,122,123,128,130,131,135,136,137,138,139,140,142,143,145,147,148,149,150,151,152,153,155,156,157,158,159,161,162,165,168,170,171,172,173,174,175,176,177,178,179,181,182,183,185,186,187,189,191,192,193,194,196,198,199,200,201,203,204,205,207,209,212,215,216,221,224,227,228,232,233,234,235,236,238,239,240,242,243,244,246,248,252,253,256,257,260,261,263,265,266,268,269,273,274,275,276,278,280,283,284,285,288,289,294,302,303,304,305,306,308,311,322,331,335,338,341,369,399,408,424,425,528,644
40,34,41,44,46,47,49,50,51,53,54,55,56,58,59,60,61,65,66,67,68,69,70,71,72,73,74,75,76,77,78,79,80,81,82,83,84,85,86,87,88,89,90,91,92,93,95,96,98,99,100,101,103,104,105,106,107,108,109,110,112,113,115,116,119,120,121,123,124,125,128,135,138,139,140,141,142,143,144,145,147,148,149,150,151,152,153,155,156,157,158,160,161,162,163,164,165,166,167,168,169,170,171,174,176,177,179,180,181,183,184,185,186,187,188,189,190,191,201,202,203,205,206,207,208,209,211,212,215,216,218,219,222,223,224,225,227,228,229,235,236,237,239,241,245,246,249,250,252,256,258,262,263,264,265,268,270,271,272,277,279,286,289,293,295,296,297,299,300,303,308,311,317,328,338,347,353,357,375,378,388,403,407,412,413,419,472,481,492,670,683
41,25,44,46,47,51,52,56,57,58,59,60,62,63,64,66,67,68,69,70,71,72,73,74,75,77,78,79,81,82,83,84,85,86,87,89,90,91,93,95,97,99,101,102,104,105,106,107,108,110,113,114,115,117,119,122,124,125,126,128,129,131,132,133,134,136,137,142,144,145,147,148,149,150,154,159,161,163,169,171,173,174,176,182,183,184,185,186,188,189,190,191,192,193,194,196,197,198,199,203,204,205,206,208,209,210,212,214,215,216,219,223,226,228,229,230,231,235,236,238,239,240,241,244,246,249,250,251,252,254,255,256,257,259,260,262,265,266,273,275,277,279,281,283,287,289,291,292,294,296,302,306,311,319,321,333,338,346,353,356,369,370,373,381,390,445,479,671
42,41,44,45,47,49,50,52,55,56,58,60,61,62,63,64,66,67,68,71,72,73,74,75,76,77,78,79,80,81,82,83,84,85,86,87,88,89,90,91,92,93,94,95,96,97,98,101,103,104,105,106,109,110,112,113,114,116,117,118,119,122,123,125,126,129,130,131,132,133,135,138,144,145,146,147,148,149,150,151,152,153,154,155,158,159,160,162,163,164,165,166,167,168,170,171,172,173,174,175,177,179,180,181,183,184,185,186,188,191,194,198,205,206,208,210,212,213,217,219,222,225,226,227,228,229,230,234,240,241,242,243,245,248,249,250,251,254,256,257,261,262,263,264,266,275,278,279,282,286,293,296,300,303,305,306,313,314,334,346,349,352,361,366,373,378,395,415,444,449,531,565,638,670
43,45,48,49,50,51,53,54,56,57,58,59,61,63,64,65,66,67,70,71,72,73,74,75,76,77,78,79,80,81,82,83,84,85,86,87,88,89,90,92,93,94,95,96,98,99,100,101,102,103,104,105,106,107,110,111,115,117,120,121,126,137,138,139,140,142,143,145,146,147,148,151,153,154,155,156,157,159,160,162,169,171,172,173,174,176,177,178,183,184,185,191,192,193,195,197,198,199,201,203,204,205,206,207,209,210,211,213,214,216,218,219,221,222,223,224,226,229,232,234,245,247,249,251,256,260,262,263,266,267,268,270,272,273,274,275,277,284,286,287,289,291,301,335,339,340,341,342,346,349,350,356,366,376,377,397,405,458,482,507,668
44,52,56,57,59,60,61,62,63,64,65,66,67,68,69,71,72,73,74,75,76,77,78,79,80,81,82,85,86,87,88,89,91,92,94,95,96,97,99,101,106,109,110,113,115,116,118,120,122,123,128,129,133,135,137,139,141,144,145,146,153,154,156,157,158,159,161,162,166,167,168,169,171,172,173,174,175,176,179,180,181,182,183,184,185,186,187,191,192,193,195,196,197,200,201,202,203,208,209,211,212,213,214,215,217,218,219,220,222,223,224,225,226,227,228,233,234,237,238,241,243,244,245,246,247,248,250,255,256,257,258,259,267,273,283,285,288,300,302,305,309,316,318,320,334,343,348,349,366,376,390,395,396,397,473,505
45,43,45,48,49,51,52,53,56,57,58,59,61,62,63,65,66,67,68,69,70,71,74,75,77,81,83,84,85,87,88,89,91,92,93,94,99,100,101,103,104,105,106,107,108,111,113,114,115,121,122,126,128,131,135,140,141,142,143,145,146,147,148,149,150,151,155,156,157,158,159,160,161,163,164,165,166,170,171,172,173,174,177,178,179,182,188,192,195,196,200,201,202,204,205,206,207,209,210,215,217,219,220,221,222,223,224,228,231,232,234,239,245,248,251,252,254,260,263,265,266,270,271,274,277,279,281,282,283,284,285,287,308,309,329,337,340,342,351,362,367,387,390,405,433,435,450,563
46,46,47,48,50,53,55,57,58,59,61,62,63,64,66,68,71,73,74,76,77,78,80,81,83,84,85,86,87,88,90,92,93,94,95,96,97,98,99,100,101,102,104,105,106,107,108,109,110,111,112,114,116,117,118,119,120,121,122,123,124,125,126,127,128,129,131,132,135,137,145,147,148,149,150,151,153,154,158,159,166,167,170,171,172,173,174,175,176,177,178,181,184,186,188,189,191,192,194,195,198,199,200,201,203,204,206,207,208,209,210,213,214,220,221,222,223,225,227,229,232,235,237,239,241,242,244,246,250,252,257,258,260,261,262,263,266,275,280,283,287,288,291,293,296,313,314,315,317,319,320,321,322,324,359,367,389,451,466,480
47,57,62,63,65,66,68,69,72,73,74,75,76,77,78,79,80,82,83,85,86,87,88,89,90,92,94,96,97,98,100,102,103,104,105,106,108,109,112,114,116,118,120,121,133,146,147,148,149,152,153,155,157,160,162,164,165,166,167,168,170,171,172,173,175,176,179,180,181,182,183,184,186,187,188,190,191,193,194,195,198,200,202,203,205,206,207,208,209,211,218,220,221,223,226,228,231,232,235,237,239,241,242,243,244,246,248,249,251,256,257,259,261,263,264,265,266,267,268,270,272,273,276,289,297,301,306,315,366,373,377,384,387,407,415,422,439,453,539
48,53,57,58,59,60,62,63,64,65,66,67,69,70,71,72,73,74,75,76,77,78,80,81,83,85,87,89,90,92,93,94,97,98,99,101,102,103,104,106,108,109,110,112,113,114,116,118,119,120,121,122,124,128,130,140,147,157,159,161,162,167,169,171,172,173,174,175,176,178,179,180,182,183,184,185,188,190,191,192,195,197,199,200,204,205,206,209,214,219,220,221,223,225,226,231,233,235,239,246,250,256,257,258,260,263,280,288,289,291,293,298,302,304,305,322,331,367,377,378,398,462,518,625
49,43,52,56,58,61,62,64,65,67,70,72,73,74,76,78,79,80,82,83,84,85,86,87,88,89,90,91,92,93,94,95,97,99,100,101,102,103,105,106,107,108,109,112,113,116,117,118,119,120,122,123,124,125,126,127,129,133,140,142,145,146,150,156,159,161,163,164,166,168,169,172,173,179,183,185,188,190,193,194,196,202,203,204,206,209,210,212,213,214,216,217,218,219,220,221,222,224,225,226,230,231,232,233,237,239,241,249,251,252,253,255,256,257,258,259,264,267,268,271,272,276,284,287,289,297,308,314,318,319,326,340,344,350,352,361,371,376
50,51,53,54,58,60,63,65,66,67,69,70,71,72,73,74,75,76,78,79,80,81,82,83,84,85,86,88,89,90,92,94,96,98,99,100,102,103,105,106,107,110,111,112,113,114,116,117,119,120,121,122,123,124,126,127,141,142,143,152,157,159,161,162,163,164,165,166,167,168,169,171,175,176,177,179,180,183,185,186,187,189,191,192,193,194,196,197,198,199,201,202,208,213,214,218,219,224,226,230,233,238,239,242,243,244,248,250,252,257,258,259,265,268,269,275,278,287,299,302,303,318,320,323,324,325,342,354,358,370,371,373,406,431
51,61,64,65,68,69,72,73,75,76,77,78,79,80,82,83,84,85,86,87,88,89,90,91,92,93,94,95,97,98,101,102,104,107,109,112,115,116,117,118,119,121,122,124,126,129,130,133,135,137,139,146,148,149,151,155,159,162,164,165,167,168,169,170,171,175,178,180,182,183,185,186,187,188,190,193,195,196,197,200,201,202,203,204,205,209,212,214,215,217,218,219,220,225,226,228,232,234,235,241,242,245,249,250,253,255,256,261,266,267,270,274,285,287,288,290,298,299,301,312,313,315,329,378,380,407,619
52,28,56,57,60,63,65,66,68,69,70,71,72,74,75,78,80,81,82,83,84,85,86,87,88,90,92,93,94,95,96,97,98,100,101,103,104,105,106,107,108,109,111,116,117,118,119,122,123,126,127,128,130,132,133,135,136,142,155,156,158,161,163,164,166,168,171,172,173,178,179,180,181,184,185,186,190,193,194,196,199,200,203,205,206,207,211,213,214,215,216,223,224,228,230,231,238,239,243,244,245,246,249,252,255,256,258,261,262,263,269,277,279,282,284,299,307,312,318,320,324,327,328,329,339,351,356,372,374,427,431,454
53,58,60,61,66,67,68,69,71,72,73,74,76,77,78,79,80,81,82,83,85,86,87,89,90,91,92,94,95,96,97,98,99,100,101,102,104,105,106,107,108,111,112,113,115,116,117,118,122,123,126,127,129,131,133,135,138,140,150,151,152,157,165,169,175,176,179,181,184,185,187,190,200,203,206,209,210,211,212,215,220,221,222,226,230,234,235,236,243,246,247,252,255,256,257,258,261,262,266,273,286,290,295,303,306,308,315,317,322,336,337,368,632
54,46,53,57,58,60,65,66,68,70,72,74,75,77,80,82,83,85,87,88,89,91,92,93,94,96,97,98,99,101,103,104,106,109,110,111,113,115,116,117,118,121,122,123,124,126,127,128,130,132,139,143,153,155,156,161,163,165,172,175,178,179,180,182,183,184,187,188,189,190,191,193,194,197,199,200,202,204,206,208,209,210,211,213,216,218,219,222,224,225,227,230,232,234,235,237,238,239,243,244,246,251,255,257,258,262,265,266,278,280,285,286,287,289,292,301,303,307,309,319,322,326,329,330,333,343,344,346,353,370,375,395,399,410,423,436,503,687
55,55,57,58,60,61,64,65,67,72,73,74,75,76,77,79,80,81,82,83,84,85,86,87,88,89,90,91,93,97,98,99,100,102,103,104,105,106,109,112,113,114,115,116,117,118,121,127,128,132,134,136,138,139,143,149,153,155,158,161,163,166,168,169,170,172,173,176,177,178,179,181,185,188,191,193,194,201,202,203,205,206,209,215,219,222,225,227,228,232,239,242,243,247,248,249,251,252,257,259,261,263,267,280,281,285,289,290,299,300,303,308,338,358,360,364,525
56,57,61,62,63,67,68,69,70,71,72,73,74,75,76,77,78,79,80,81,82,83,84,85,86,88,89,90,92,93,94,95,96,98,99,100,102,107,112,113,114,116,117,118,119,121,122,123,125,126,127,129,132,133,134,137,138,139,140,141,147,150,153,157,158,159,161,162,163,164,165,171,173,174,176,179,185,186,188,191,193,199,202,204,207,208,210,212,215,217,218,222,226,229,234,235,237,240,245,248,251,262,275,278,280,285,289,303,312,317,329,338,364,386,407,461,564
57,56,63,64,68,69,70,71,72,73,74,75,76,78,79,80,81,82,83,84,85,86,87,88,92,93,95,97,98,99,101,102,105,106,107,110,111,112,113,116,117,118,120,123,124,125,126,128,131,133,136,138,140,143,144,149,151,152,154,155,158,159,160,162,164,165,168,169,171,172,173,176,177,181,185,186,187,188,189,192,194,196,197,200,202,215,217,221,222,223,225,229,230,232,235,241,246,251,265,266,267,269,284,285,305,308,315,321,354,355,359,372,375,698
58,53,61,63,66,67,69,70,72,73,74,75,76,77,78,79,80,82,83,84,86,87,91,92,94,95,96,97,98,99,100,101,102,103,104,105,106,107,109,110,111,112,113,115,116,120,121,122,125,126,127,128,129,131,133,137,138,141,144,150,158,159,161,162,166,168,169,173,174,178,179,180,181,186,187,190,191,192,195,198,200,210,215,216,218,221,223,224,228,229,235,237,240,243,250,252,254,258,259,261,262,266,292,298,299,338,369,371,425,429,464,524,586
59,45,62,63,66,67,69,72,73,75,76,79,80,82,87,88,89,90,92,93,94,96,97,99,101,102,103,104,106,109,110,112,115,116,118,119,120,121,123,124,125,126,128,132,135,136,137,139,140,141,142,143,151,160,162,166,173,175,176,183,188,191,195,196,197,202,204,207,210,211,212,213,214,215,217,218,220,221,222,224,228,232,236,242,250,255,257,261,265,270,274,276,278,280,287,293,294,296,297,299,300,301,314,331,348,420,554,634
60,20,63,69,70,71,73,74,77,78,80,81,82,83,85,86,87,88,89,90,92,94,95,96,97,98,99,102,103,104,105,106,107,108,113,114,117,119,120,123,124,125,126,127,129,131,136,137,139,142,147,150,153,154,155,163,164,169,172,175,177,178,180,186,190,195,196,197,200,203,205,210,212,214,218,222,224,225,232,233,238,242,248,253,254,256,263,272,275,278,279,286,294,298,306,313,328,412,413,468,558
61,41,52,67,70,75,76,77,78,79,80,82,83,84,85,86,87,88,89,90,92,93,94,95,97,98,99,100,102,105,106,109,110,111,112,113,114,115,116,117,119,120,122,123,124,125,126,127,129,133,134,155,160,164,166,168,170,173,175,179,189,191,193,197,201,203,205,206,208,215,220,226,231,236,237,240,241,250,251,255,263,269,270,276,290,291,294,305,310,315,333,339,525,689,691
62,72,73,74,77,80,81,82,83,84,85,87,88,90,91,92,93,95,96,97,100,101,102,103,104,105,106,109,110,111,112,113,114,116,118,119,121,122,123,129,131,132,134,135,136,139,140,144,145,147,152,160,164,166,172,173,174,175,180,181,186,191,196,197,198,201,206,213,214,228,232,234,237,249,252,253,257,259,281,349,417,587,621
63,70,77,78,79,80,81,82,83,84,85,86,88,90,93,95,101,103,105,106,108,109,110,112,113,115,119,120,121,124,125,126,127,128,129,130,131,132,134,135,136,137,139,142,143,145,147,149,155,185,198,200,201,205,208,211,218,224,225,229,230,234,240,257,260,303,331,561
64,9,74,75,78,79,83,86,88,89,93,94,95,96,99,101,103,104,106,108,110,111,112,114,115,116,117,118,119,121,122,123,124,125,128,129,131,133,135,144,146,151,166,178,181,185,197,199,211,212,213,261,266,269,293,300,305,405,514,580,597,681,688
65,65,74,76,77,78,81,85,86,90,91,93,94,95,96,97,99,105,106,111,116,118,120,121,122,123,125,129,134,136,137,141,143,151,153,160,175,186,194,205,218,284,328,494
66,35,55,66,67,68,69,72,80,81,82,83,86,88,91,93,97,105,106,107,109,112,116,119,124,129,130,131,168,178,257,383,473,569,658
67,67,69,70,73,76,79,81,85,93,99,100,104,105,106,110,111,117,120,121,122,123,124,126,129,132,135,143,169,195,245,247,281,333,399
68,64,95,96,97,99,101,127,140,157,364,454,594,654
69,121,369,505
70,632
71,144,281,299,373,479,559
72,55,58,359,610,634
73,21,419,465
74,280,598
75,68,186,190,354,398,630
76,399,425,456
77,107,451,570,576,639
78,31,50,288,440,628
79,173,372,427,440
80,308,351,492
81,88,89,256,479,573,580
82,60,352,467,469,494,556,674
83,18,218,382,393,441,553,585,648
84,46,114,131,352,364,464,576
85,518
86,
87,
88,
89,
90,
91,
92,
93,
94,
95,
96,
97,
98,
