15
0,516
1,270,299,331,357,488,527,543
2,169
3,371,545,584
4,63,256,326,400,431
5,20,132,173,180,187,414,518,628
6,202
7,54,226,322,623,696
8,236,324,349,685,688
9,272,348,507,519
10,38,50,151,199,230,275,314,353,367,396,435,517,520
11,181,191,194,197,201,210,237,346,349,564,613
12,324,398,400,491,636,640,663
13,36,47,90,194,575,582
14,5,45,57,74,78,98,244,495,592
15,35,80,86,88,90,92,97,99,100,101,102,103,104,105,106,107,108,110,111,112,114,115,119,120,160,166,191,200,217,226,276,343,355,401,405,449,505
16,77,78,82,83,86,87,88,89,90,91,92,93,94,95,96,97,98,99,100,101,102,103,104,105,106,107,108,109,110,111,112,113,114,115,116,117,118,119,120,121,122,123,124,125,126,127,128,129,130,131,132,133,134,137,140,142,144,146,148,157,351,527
17,42,81,87,92,94,95,96,97,98,99,100,101,102,103,104,105,106,107,108,109,110,111,112,113,114,115,116,117,118,119,120,121,122,123,124,125,126,127,128,129,130,131,132,133,134,135,136,137,138,139,140,141,142,143,144,145,146,147,148,149,150,151,152,153,154,155,156,157,158,159,160,161,162,163,164,165,166,167,168,169,170,171,172,173,174,175,176,177,178,179,180,181,182,183,184,185,186,187,188,189,190,191,192,193,194,195,196,197,198,199,200,201,202,203,204,205,206,207,208,209,210,212,213,214,216,217,218,219,221,222,223,224,227,228,229,231,232,235,236,237,240,241,244,246,249,250,251,254,257,275,300,305,314,327,333,555,561,631,686
18,90,91,93,94,95,96,97,98,99,100,101,102,103,104,105,106,107,108,109,110,111,112,113,114,115,116,117,118,119,120,121,122,123,124,125,126,127,128,129,130,131,132,133,134,135,136,137,138,139,140,141,142,143,144,145,146,149,150,151,152,153,154,155,156,157,158,159,160,161,162,163,164,165,166,167,168,169,170,171,172,173,174,175,176,177,178,179,180,181,183,184,185,186,187,188,189,190,191,192,193,194,195,196,197,198,199,200,201,202,203,204,205,206,207,208,209,210,211,212,213,214,215,216,217,218,219,220,221,222,223,224,225,226,227,228,229,230,231,232,233,234,235,236,237,238,239,240,241,242,243,244,245,246,247,248,249,250,251,252,253,254,255,256,257,258,259,260,261,262,263,264,265,267,268,269,270,271,272,273,274,275,276,277,278,279,280,281,282,283,284,285,286,287,288,289,290,291,292,293,294,295,296,297,298,299,300,301,302,304,305,306,307,308,309,310,311,312,313,316,317,318,319,320,321,322,323,324,326,327,328,329,330,332,333,334,336,337,338,339,340,342,344,346,347,348,349,350,353,354,357,358,359,362,363,365,367,375,376,392,401,419,621
19,80,91,92,93,94,95,96,97,98,99,100,101,102,103,104,105,107,108,110,111,112,113,114,115,116,117,118,119,120,121,122,123,124,126,127,128,129,130,131,132,133,134,135,136,137,138,139,140,141,142,143,144,145,146,147,148,149,150,151,153,154,155,156,157,158,159,161,162,163,164,165,166,167,168,170,171,172,173,174,175,176,177,178,179,180,181,182,183,184,185,187,188,189,190,191,192,193,194,195,196,197,198,199,200,201,202,203,204,205,206,207,208,209,210,211,213,214,215,217,218,219,220,221,222,223,224,225,226,227,228,229,230,231,232,233,234,235,236,237,238,239,240,241,242,243,244,245,246,247,248,249,250,251,252,254,255,256,257,258,259,260,261,262,263,264,265,266,267,268,269,270,271,272,273,274,275,276,277,278,279,280,281,282,283,284,285,286,287,288,289,290,291,292,294,295,296,297,298,299,300,301,303,304,305,306,307,308,309,310,311,312,313,314,315,316,317,319,320,321,322,323,324,325,326,327,329,330,331,332,333,334,336,337,338,339,340,341,342,343,344,345,346,347,348,350,353,354,355,359,360,361,362,363,364,368,369,370,373,377,381,383,385,386,394,395,396,400,403,617
20,72,89,90,91,92,94,96,97,98,99,100,101,102,103,104,105,106,107,108,109,110,111,112,113,114,115,116,117,119,120,121,122,123,124,125,126,127,129,131,132,133,134,135,136,137,138,139,140,141,142,144,145,146,147,148,149,150,151,153,154,156,157,158,159,160,161,162,163,165,166,167,168,169,171,172,173,174,175,176,177,179,180,181,183,184,185,186,187,188,189,190,191,192,193,194,195,196,197,198,199,200,201,202,203,204,205,206,207,208,209,210,211,212,213,214,216,217,219,220,221,222,223,224,225,226,228,229,230,231,232,233,235,236,237,241,242,243,244,246,247,248,249,252,254,255,256,257,258,259,261,262,263,264,266,267,268,269,270,271,272,273,274,275,276,278,279,280,281,282,283,284,285,286,290,291,292,298,299,301,302,303,304,306,310,311,312,313,314,315,316,317,318,319,320,323,324,325,326,327,328,333,334,335,343,344,345,346,347,348,349,351,352,355,356,358,362,363,365,366,367,368,370,373,375,385,388,390,393,395,399,403,405,406,428,468,508,572
21,18,76,82,85,88,90,91,92,93,94,95,96,97,98,99,100,101,102,103,104,105,106,111,112,113,114,115,116,117,118,119,120,121,122,123,124,125,126,127,128,130,131,132,133,134,135,136,137,138,139,140,142,143,144,145,146,147,148,150,151,152,155,156,157,159,160,161,163,164,165,168,171,172,173,174,175,176,177,179,180,182,183,185,186,187,188,189,190,191,192,193,195,196,197,198,199,200,202,203,204,205,206,207,209,212,214,215,216,217,218,219,220,221,222,223,224,225,226,227,228,229,230,231,232,233,234,236,237,238,239,240,241,242,244,245,246,247,249,250,251,252,253,254,255,257,258,259,260,261,262,263,264,265,266,267,268,269,271,272,274,277,280,281,282,283,284,285,287,288,289,290,292,293,297,298,299,300,301,302,304,305,309,310,312,313,314,315,317,319,321,322,324,328,329,330,331,333,334,336,337,339,341,343,344,345,347,348,349,350,353,355,356,358,359,360,362,363,365,366,371,374,375,376,378,380,384,385,394,395,406,407,408,411,415,421,424,432,436,437,500
22,11,85,90,91,92,93,94,95,96,97,98,99,100,101,102,103,104,105,107,108,109,110,111,112,113,114,115,116,117,118,119,120,121,122,124,125,126,127,128,129,130,131,132,134,135,136,137,138,139,140,141,142,143,144,145,147,148,149,150,151,152,153,154,155,156,157,158,160,161,162,164,165,166,167,169,170,172,174,175,177,178,179,180,181,182,183,184,187,188,190,191,193,194,196,197,198,199,200,201,202,203,205,206,207,208,209,210,212,213,214,216,217,218,220,221,222,223,224,225,226,227,228,230,232,233,234,235,237,240,241,243,244,245,246,247,249,250,251,252,253,254,255,257,258,260,261,262,263,267,270,271,272,273,274,275,278,281,283,284,285,287,288,290,292,293,294,295,296,297,298,299,300,302,303,304,306,307,308,309,310,311,312,313,314,316,317,321,324,325,326,327,328,329,332,333,336,337,345,349,351,354,355,356,358,359,360,361,362,363,365,367,368,370,371,378,384,391,392,398,413,415,429,432,433,436,460,467,483,488,489,490,507,508,545,556
23,70,72,85,87,89,92,93,94,95,96,97,98,99,100,101,102,103,104,105,106,107,108,109,110,111,112,113,114,115,116,117,118,119,121,122,123,126,127,128,129,130,131,133,134,135,136,137,138,139,140,141,142,144,145,146,147,148,149,150,151,153,154,155,157,158,159,161,162,163,164,165,166,167,168,169,170,171,173,174,175,176,177,180,181,183,184,185,186,190,191,192,193,194,195,197,198,199,200,201,202,203,204,205,206,207,208,209,211,212,213,214,215,217,218,220,222,223,224,225,226,228,229,230,231,232,234,235,236,238,239,240,242,244,245,246,247,249,252,253,254,257,258,260,261,262,266,267,270,271,272,273,274,276,277,278,279,280,282,283,284,288,289,293,294,296,297,298,300,301,304,305,306,307,308,310,311,314,315,316,317,318,321,325,327,328,329,331,333,337,338,341,348,360,365,367,368,369,374,393,408,418,425,447,451,473,522,598,638
24,1,72,84,88,91,92,93,94,96,97,98,100,102,103,104,105,106,107,109,110,111,112,113,115,116,117,118,119,120,121,122,123,124,125,126,127,128,129,130,131,132,133,134,135,138,139,140,141,142,143,144,146,147,149,150,151,152,153,156,157,158,159,160,161,162,163,164,165,166,168,169,170,171,172,173,176,178,185,188,189,190,192,193,195,196,198,199,201,202,204,205,206,207,208,209,211,213,214,216,217,218,219,220,221,223,225,227,229,230,231,232,233,234,235,236,237,238,239,241,242,243,244,246,248,250,251,252,253,255,256,257,258,259,260,261,262,263,264,265,269,270,272,273,275,279,280,282,284,285,286,287,290,291,292,293,294,295,298,299,300,301,302,304,305,307,308,309,310,311,312,313,315,316,317,318,320,323,324,325,327,332,334,337,338,339,340,342,345,349,354,356,373,380,382,385,395,402,403,412,457,476,517
25,43,90,91,94,95,96,97,98,101,102,103,104,105,106,108,109,110,111,112,113,115,116,117,118,119,120,121,122,123,124,125,127,128,129,130,131,133,135,136,137,138,139,140,141,142,143,144,145,146,147,148,149,150,151,153,154,155,156,157,158,159,160,161,162,164,165,167,168,169,170,172,174,175,177,178,181,183,184,185,187,188,191,192,195,196,199,200,201,205,206,207,208,209,210,211,212,214,215,216,217,218,219,220,221,222,224,226,228,229,230,233,234,235,239,240,247,248,249,250,251,255,257,261,263,264,265,266,267,268,269,270,271,272,274,275,276,277,278,279,280,281,282,283,284,286,288,290,292,294,296,297,299,300,301,313,314,319,322,326,328,329,331,332,334,336,338,339,340,343,347,350,351,357,358,359,362,363,365,367,369,371,372,374,383,391,395,399,418,419,440,456
26,15,82,90,91,94,97,98,99,100,103,105,106,107,108,109,110,111,112,113,114,115,116,117,118,119,120,121,123,124,125,126,127,128,129,130,132,133,134,135,136,137,138,139,142,143,144,145,146,147,148,150,151,153,155,156,157,158,159,163,164,165,166,167,168,169,170,171,172,175,176,177,178,180,181,182,183,184,185,189,190,191,193,196,197,198,199,200,201,202,204,205,206,207,208,209,210,211,214,217,218,219,221,222,224,225,227,228,230,231,232,233,236,238,240,242,244,245,246,248,252,253,254,255,257,258,261,262,263,264,265,266,267,268,269,270,271,272,273,274,275,276,278,279,280,281,282,283,284,285,286,287,289,293,294,295,296,297,298,299,301,303,305,306,309,310,312,314,317,323,324,327,332,334,336,338,350,355,356,367,387,389,430,459,498,573,597
27,38,79,84,86,87,88,89,90,91,92,93,94,95,96,97,98,99,101,102,103,104,105,106,107,108,109,110,111,114,115,116,117,118,119,120,121,122,123,125,126,127,128,129,130,131,132,133,134,135,136,137,138,139,140,141,142,143,144,146,147,148,150,151,152,154,155,156,157,158,159,160,161,162,163,164,166,167,168,169,173,174,175,176,177,179,181,186,187,192,195,196,199,202,203,205,210,212,214,217,219,224,226,227,228,229,234,235,237,238,241,242,243,245,247,248,249,250,253,254,256,257,258,259,260,262,264,265,267,270,271,274,275,276,277,278,280,281,282,283,284,285,286,287,290,294,300,302,304,306,309,310,312,313,314,315,316,317,319,320,322,323,335,337,341,342,347,348,352,354,355,359,361,367,373,376,388,392,498,635
28,79,84,85,86,89,91,92,93,94,95,96,98,99,100,101,102,103,104,105,106,107,108,109,110,111,112,113,114,115,116,117,118,119,121,122,123,125,129,130,132,133,134,135,136,137,138,139,140,141,142,143,144,145,146,147,148,149,150,151,152,153,154,155,156,157,158,159,160,161,162,163,165,166,167,168,170,171,172,173,174,176,177,179,182,185,186,187,188,191,192,196,198,199,200,204,206,207,210,211,212,213,216,217,223,226,232,233,235,239,245,246,247,248,259,263,268,270,272,276,281,283,285,286,287,292,293,306,307,308,311,312,321,326,331,332,333,338,358,368,371,386,411,422,429,438,459,506,558,579,688
29,82,84,91,94,95,96,97,98,99,100,101,102,103,104,105,106,107,108,109,110,111,112,113,114,115,116,117,118,119,120,121,122,123,125,126,127,128,129,130,131,133,134,135,136,137,138,139,140,141,142,143,144,145,146,147,149,150,152,153,154,155,156,158,159,160,161,162,163,164,165,166,167,168,169,170,171,172,173,174,175,176,177,179,180,181,182,184,186,187,188,189,193,194,195,196,197,199,200,201,203,206,207,208,209,210,211,213,214,215,217,218,219,220,221,224,225,226,228,231,232,233,238,242,245,246,247,249,252,254,256,259,262,268,270,272,276,288,299,301,304,310,339,343,426,433,595,670
30,83,84,85,86,87,89,90,91,92,93,95,96,97,98,100,101,102,103,104,108,109,110,112,113,114,115,116,117,118,119,121,122,123,126,127,128,129,132,133,134,135,136,137,138,139,140,141,143,145,146,147,148,149,150,151,152,153,154,155,157,158,159,160,161,162,164,165,166,167,169,171,172,173,177,178,179,180,181,182,183,184,186,190,191,192,193,194,196,200,203,205,207,208,209,210,213,214,215,216,220,222,223,224,225,226,228,230,231,232,233,236,237,240,245,248,249,252,254,255,257,258,259,261,262,263,265,266,269,271,272,274,278,283,284,285,286,289,291,294,297,299,301,310,313,314,315,318,321,328,329,330,331,338,347,350,351,355,360,366,375,377,404,428,451,605
31,81,86,87,89,91,92,94,95,96,97,98,99,100,102,103,104,105,106,107,108,109,110,111,112,113,114,115,116,117,118,120,121,124,125,126,127,128,129,130,131,133,135,136,137,138,139,142,144,145,146,149,150,151,152,153,155,156,157,158,159,160,161,163,164,166,167,169,170,172,173,174,176,178,179,183,186,187,188,190,193,195,197,198,199,200,202,203,204,205,206,207,211,215,216,217,218,222,224,226,227,228,229,233,234,235,236,237,238,240,241,242,244,245,250,251,253,254,255,257,258,259,262,264,268,270,272,273,280,283,291,293,294,296,299,300,302,305,330,344,349,371,372,389,416,445,454,481,504,555,561,689
32,81,82,83,85,87,88,90,91,92,93,94,95,96,97,99,100,101,102,103,104,105,106,107,108,110,111,112,113,114,115,116,119,120,121,122,123,124,125,126,127,128,129,130,131,132,133,134,136,137,139,141,143,144,147,148,149,150,151,152,153,154,157,160,161,162,164,165,166,167,169,170,171,172,174,176,179,182,183,184,185,186,187,189,193,194,196,197,198,199,200,201,202,203,204,205,206,208,209,210,211,212,213,214,215,217,218,220,221,222,223,225,227,228,229,232,233,235,236,237,238,245,246,249,250,251,254,256,257,260,261,262,264,265,266,267,268,275,278,279,284,292,301,305,312,323,334,349,353,361,365,377,378,386,391,407,449,539,563,612,618,644,690
33,74,76,78,86,87,88,89,90,92,93,94,95,96,97,98,99,100,101,102,104,105,106,107,108,109,111,112,114,115,116,117,118,119,120,121,122,123,124,125,126,127,128,129,130,131,132,133,134,135,136,138,140,141,142,143,144,146,147,148,150,151,152,153,154,155,156,157,159,160,161,162,165,166,167,168,169,171,172,174,175,177,179,180,186,188,196,197,198,199,202,203,206,207,208,210,211,212,214,215,216,217,218,219,220,222,225,226,228,230,231,234,235,237,239,241,243,244,245,247,248,249,250,255,256,259,260,261,262,263,267,268,273,282,283,285,286,287,289,290,294,296,298,299,303,304,307,312,314,316,318,320,321,325,333,334,341,348,363,377,436,446,447,448
34,76,85,87,88,89,90,93,94,95,97,98,99,100,101,103,106,108,109,110,112,114,115,116,117,119,120,121,122,123,125,126,129,130,131,132,134,135,136,137,138,139,140,141,143,144,145,146,148,149,150,151,152,153,154,155,156,157,158,159,161,162,163,164,165,168,169,170,171,172,173,174,175,177,178,180,184,185,189,191,192,193,194,195,196,197,198,199,200,202,204,205,213,216,217,221,224,226,228,229,230,234,238,243,247,248,250,251,252,253,254,257,259,262,266,270,272,277,280,282,283,284,285,290,292,293,295,298,300,304,316,318,324,325,344,355,378,379,420,443,496,553,562
35,79,80,84,86,87,88,90,91,92,93,95,96,98,100,101,103,104,106,107,108,109,110,113,115,116,117,118,119,120,123,124,126,127,128,129,130,131,133,134,136,137,138,140,141,142,144,145,147,148,149,150,152,153,154,156,157,158,160,163,164,166,167,168,170,173,174,175,176,177,178,180,181,182,184,185,187,191,192,193,194,198,202,203,204,205,206,207,209,210,211,212,215,216,219,220,221,222,224,225,226,227,228,229,230,231,232,233,234,238,239,241,242,244,246,247,249,250,251,256,257,258,259,260,263,264,265,273,276,278,282,286,289,297,299,300,306,307,308,315,318,320,321,327,333,341,344,350,363,371,397,406,408,472,510,566,582,624,673,681
36,37,73,88,89,90,92,93,94,95,96,97,98,99,101,102,103,104,106,108,112,113,114,115,116,119,120,121,122,123,124,125,126,127,128,130,131,132,134,135,136,137,138,139,140,141,142,143,144,145,146,147,148,149,150,151,155,157,159,160,161,162,164,165,167,169,171,173,175,176,178,179,181,182,183,185,188,189,190,193,194,195,198,199,202,203,205,207,208,212,215,218,220,221,222,224,225,227,228,229,231,232,234,236,237,241,242,249,252,254,256,258,260,262,264,266,268,269,271,272,274,275,280,283,287,288,291,294,295,303,304,308,309,310,313,322,329,331,333,334,336,337,338,373,377,381,383,398,399,411,472,503,680
37,17,92,93,95,97,99,101,102,103,105,106,107,109,110,111,112,115,117,118,120,121,122,123,124,127,129,130,132,134,135,136,137,141,142,144,145,146,147,148,151,152,154,155,156,158,159,160,161,162,163,164,165,166,167,171,172,173,175,176,177,178,180,182,184,185,187,190,191,192,195,196,197,198,199,200,202,204,205,206,209,210,214,216,218,219,220,225,227,228,229,230,231,235,237,240,243,244,250,251,253,254,255,259,263,264,265,266,269,270,272,274,276,277,278,280,281,293,295,297,309,313,314,317,318,325,326,328,331,332,333,354,363,364,376,397,435,477,478,492,594
38,87,88,90,91,93,94,95,97,99,100,101,103,106,107,108,109,111,113,114,115,116,117,118,119,120,121,122,123,124,125,126,127,128,129,130,131,132,133,135,136,137,138,139,140,141,142,145,146,147,152,153,155,157,158,159,160,162,168,170,171,172,174,175,176,178,179,181,186,190,193,199,200,203,204,205,207,209,210,211,213,214,216,218,219,221,223,224,226,227,228,232,233,234,235,236,237,238,239,240,241,242,246,250,252,253,257,259,260,261,264,265,266,268,275,276,277,279,281,282,288,295,298,299,306,318,323,334,336,337,341,361,362,367,372,379,542,582,667
39,62,82,86,88,92,93,94,95,96,97,98,99,104,106,108,110,111,112,113,114,116,118,122,123,124,125,126,127,129,131,132,133,134,135,137,138,139,140,141,142,143,144,145,147,148,149,150,151,154,155,156,157,158,161,162,164,165,166,168,175,176,177,181,182,186,189,190,191,192,194,195,196,198,199,202,203,207,208,211,212,213,215,216,219,220,221,222,224,228,229,231,232,235,236,241,251,252,256,257,260,262,264,265,269,274,275,276,278,279,280,281,282,284,290,292,294,297,300,303,309,313,314,346,367,370,378,394,438,462,518
40,12,43,83,85,87,88,90,91,93,94,95,97,99,100,101,104,105,106,107,108,109,111,112,113,119,120,121,122,123,124,126,127,128,129,130,136,137,139,140,141,143,144,145,147,151,152,153,155,156,157,158,159,163,164,166,169,170,175,177,179,180,183,185,189,190,191,197,198,199,200,203,204,205,206,207,209,212,213,214,215,217,218,219,220,222,227,229,230,231,232,233,235,236,238,240,241,245,253,254,256,261,267,270,271,287,291,292,293,300,301,304,306,308,310,314,321,333,353,377,401,476,671
41,37,80,84,85,88,94,96,98,104,106,108,109,110,111,112,113,114,117,118,121,122,123,124,127,129,131,133,134,136,137,138,139,141,144,149,150,152,153,159,162,164,166,168,169,172,176,177,182,184,186,188,194,196,198,203,204,205,206,208,212,216,219,220,221,223,225,226,227,240,241,242,244,245,247,251,253,264,265,266,267,268,272,274,275,278,281,288,295,309,313,336,343,359,367,395,421
42,30,85,87,100,107,115,119,121,129,132,135,136,138,141,145,155,157,158,160,171,175,177,181,184,189,198,200,201,202,204,205,210,216,223,227,230,231,237,239,243,272,275,279,281,284,303,304,324,330,344,355,444,585,618
43,90,164,174,186,190,202,205,207,214,270,303,309,544,555,685
44,31,634
45,19,486,495,527
46,409,416,594,625
47,306,376,533
48,23,43,224,684
49,54,64,295,367
50,53,592
51,49,366,368,463,596
52,17,69
53,1,37,523,640
54,494,532,569,594,603,633,669
55,351,438,555
56,39,96,422,463,577,665,698
57,310
58,19,77,154,368,432,464,621,689
59,22,70,101,110,178,244,433,536,648
60,28,85,104,186,252,605
61,80,254,509,519,588,611
62,111,179,248,370,478,613
63,150,378,501
64,148,294,381,443,606,659
65,12,276,687,695
66,23,135,285,361,386,463,577,623,690
67,29,273,283,325,385,439,458,588,603,640
68,1,204,254,336,479,686
69,27,73,491,543,639
70,625
71,
72,
73,
74,
75,
76,
77,
78,
79,
80,
81,
82,
83,
84,
85,
86,
87,
88,
89,
90,
91,
92,
93,
94,
95,
96,
97,
98,
