9
0,592
1,79,86,105,120,276,291,333,347,462
2,65,67,71,72,73,74,76,79,81,84,86,88,89,90,91,200,419,638
3,33,58,59,61,62,65,66,67,68,69,70,71,72,73,74,75,76,77,78,79,80,81,82,83,84,85,86,87,88,89,90,91,92,93,94,95,96,97,98,99,100,101,102,103,104,105,366,407,684
4,58,60,62,63,65,66,67,68,69,70,71,72,73,74,75,76,77,78,79,80,81,82,83,84,85,86,87,88,89,90,91,92,93,94,95,96,97,98,99,100,101,102,103,104,105,106,107,108,109,110,111,112,113,114,115,116,117,118,119,120,121,122,123,124,126,127,128,129,131,132,133,134,135,136,137,138,140,142,146,148,150,155,159,160,161,167,183,185,188,205,213,346,556,605
5,50,61,63,65,66,67,68,69,70,71,72,73,74,75,76,77,78,79,80,81,82,83,84,85,86,87,88,89,90,91,92,93,94,95,96,97,98,99,100,101,102,103,104,105,106,107,108,109,110,111,112,113,114,115,116,117,118,119,120,121,122,123,124,125,126,127,128,129,130,131,132,133,134,135,136,137,138,139,140,141,142,143,144,145,146,147,148,149,150,151,152,153,154,155,156,157,158,159,160,161,162,163,164,165,166,167,168,169,170,171,172,173,174,175,176,177,178,179,180,181,182,183,184,185,186,187,188,189,190,191,192,193,194,195,196,197,198,199,200,201,203,204,205,206,207,208,209,210,211,212,213,214,215,216,217,218,219,220,221,222,224,225,226,228,229,231,232,233,234,235,236,238,239,241,243,247,249,250,252,253,254,255,257,258,260,261,263,265,266,267,269,275,279,281,285,287,288,290,295,314,325,390,609
6,64,66,67,68,69,70,71,72,73,74,75,76,77,78,79,80,81,82,83,84,85,86,87,88,89,90,91,92,93,94,95,96,97,98,99,100,101,102,103,104,105,106,107,108,109,110,111,112,113,114,115,116,117,118,119,120,121,122,123,124,127,128,129,130,131,132,133,134,135,136,137,138,139,140,141,142,143,144,145,146,147,148,149,150,151,152,153,154,155,156,157,158,159,160,161,162,163,164,165,166,167,168,169,170,171,172,173,174,175,176,177,178,179,180,181,182,183,184,185,186,187,188,189,190,191,192,193,194,195,196,197,198,199,200,201,202,203,204,205,206,207,208,209,210,211,212,213,214,215,216,217,218,219,220,221,222,223,224,225,226,227,228,229,230,231,232,233,234,235,236,237,238,239,240,241,242,243,244,245,248,249,250,251,252,253,254,255,256,257,258,259,260,261,262,263,264,265,266,267,268,270,271,272,273,274,278,279,280,282,284,285,287,290,291,293,294,295,296,297,300,301,304,305,306,308,309,310,314,318,327,332,334,337,341,344,349,426,446,640
7,55,56,64,66,67,68,69,71,72,73,74,75,76,77,78,79,80,81,82,83,84,85,86,87,88,89,90,91,92,93,94,95,96,97,98,99,100,101,102,103,104,105,106,107,108,109,110,111,112,113,114,115,116,117,118,120,122,123,124,125,126,127,128,129,130,131,132,133,134,135,136,137,138,139,140,141,142,143,144,145,146,147,148,149,150,151,152,153,154,155,157,159,161,162,163,164,165,166,167,168,169,170,171,172,173,174,175,176,177,178,179,180,181,182,183,184,185,186,187,188,189,190,191,192,193,194,195,196,197,198,199,200,201,202,203,204,205,206,207,208,209,210,211,213,214,215,216,217,218,219,220,221,222,223,224,225,226,228,229,230,232,234,235,236,237,238,239,240,243,244,245,246,247,248,249,250,251,252,253,254,255,256,257,258,259,260,261,263,266,267,269,270,271,272,274,276,277,279,281,282,285,286,289,292,294,296,297,298,300,301,303,307,308,313,315,324,326,329,331,338,341,347,354,358,362,366,377,451,519,585
8,49,62,63,65,66,68,69,70,71,72,74,75,76,77,78,79,80,81,82,83,84,85,86,87,88,89,90,91,92,93,94,95,96,97,98,99,100,101,102,103,104,105,106,107,108,109,110,111,112,113,114,115,116,117,118,119,120,121,123,124,125,126,127,128,129,130,131,132,133,134,135,136,137,138,139,140,141,142,143,144,145,146,147,148,150,151,152,153,154,155,156,158,160,161,162,163,164,165,166,167,168,169,170,172,173,174,175,176,177,178,179,180,181,182,183,184,185,186,187,188,189,190,191,192,193,194,195,196,197,198,199,200,201,202,203,204,205,207,208,210,211,212,213,215,216,217,218,220,222,223,225,226,227,228,229,230,232,233,235,236,238,239,240,242,243,244,245,246,247,248,249,250,252,253,255,256,257,261,262,264,265,266,268,269,270,271,273,279,280,281,283,284,286,287,288,289,291,292,293,297,299,300,301,303,304,305,307,309,311,316,319,320,323,324,326,327,328,335,344,345,346,350,351,352,364,366,377,379,393,505,570,647
9,66,67,70,73,75,76,77,78,79,80,81,82,83,85,86,87,88,89,90,91,92,93,94,95,97,98,99,100,101,102,103,104,105,106,107,108,109,110,111,112,113,114,115,116,117,118,119,120,121,122,123,124,125,126,127,128,129,130,131,132,133,134,135,136,137,138,139,140,141,142,143,144,145,147,148,149,150,151,152,153,154,155,156,157,158,159,160,161,162,163,164,165,166,167,169,170,171,172,173,174,176,177,178,179,180,181,182,183,185,186,187,189,190,191,192,193,194,195,196,197,198,199,201,202,203,204,205,206,207,208,209,210,212,213,214,215,216,217,218,219,220,222,223,224,225,226,227,228,229,230,231,233,234,235,236,237,239,240,241,242,243,245,246,247,248,249,250,253,254,255,256,257,258,259,260,262,263,264,265,266,267,268,269,270,271,273,275,276,278,281,282,283,287,292,295,297,298,301,303,304,305,307,309,314,315,316,317,328,338,340,346,347,349,352,359,360,361,372,378,389,392,399,423,600
10,64,68,70,71,72,73,75,77,79,80,81,82,83,85,87,88,89,90,91,92,93,94,95,96,97,98,99,100,101,102,103,104,105,106,108,109,110,114,115,116,117,118,120,121,122,124,125,126,127,128,130,131,132,133,134,135,136,137,138,139,140,141,142,146,147,148,149,150,151,152,154,156,159,161,162,163,167,169,170,171,172,173,174,175,176,177,178,179,180,181,182,183,185,186,187,188,189,190,191,192,193,194,195,196,197,198,199,200,201,202,203,204,205,206,207,208,209,210,212,213,214,215,216,217,218,219,220,221,222,223,224,225,226,227,228,230,231,232,233,234,236,237,239,240,241,242,244,245,246,247,248,249,250,251,252,253,254,255,256,257,258,259,260,261,262,263,264,265,266,267,268,269,270,271,272,273,274,275,276,277,279,280,281,282,283,284,285,286,287,288,289,290,291,292,293,294,295,296,299,300,301,302,303,305,306,310,311,312,314,315,316,317,318,319,320,321,322,323,324,325,326,328,331,332,333,335,338,339,342,345,348,349,350,365,367,369,372,377,378,383,390,405,407,411,454,652
11,65,71,72,76,77,79,80,81,84,85,86,87,88,89,90,91,92,93,94,95,96,97,98,99,100,101,103,104,105,106,108,109,110,111,112,113,114,115,116,117,118,119,120,121,122,123,124,125,127,128,129,130,131,132,134,136,137,140,142,143,146,147,149,150,156,157,158,159,161,162,164,165,167,170,171,172,173,174,175,176,177,179,180,182,183,184,187,188,190,191,193,197,198,201,203,204,207,208,209,210,211,213,214,215,216,217,218,219,220,222,225,226,227,228,229,230,231,233,235,236,239,240,241,243,245,247,248,249,252,253,257,258,260,261,262,264,265,267,268,271,273,276,277,278,279,280,281,282,283,284,285,286,288,291,293,294,295,300,302,303,304,305,306,307,308,310,313,315,316,317,321,322,328,330,332,333,334,337,339,347,350,351,354,355,356,357,358,359,361,362,363,364,365,366,367,368,369,370,372,373,374,375,376,377,378,379,380,381,383,386,387,393,395,396,397,399,403,404,405,406,407,409,410,415,417,420,423,424,425,427,429,436,441,442,447,465,509,624
12,69,72,73,74,75,76,77,78,79,80,81,82,83,84,85,86,87,88,89,90,91,92,93,94,95,96,97,98,99,100,101,102,103,104,105,106,107,108,110,111,112,113,114,115,116,117,118,119,120,121,124,126,129,130,131,132,133,134,135,137,138,139,140,143,144,146,147,149,151,153,154,155,157,159,161,162,163,165,166,167,168,170,171,172,174,175,176,177,178,179,182,183,184,187,188,189,190,191,194,195,198,199,201,202,203,204,209,211,212,213,214,216,219,220,224,226,227,228,229,230,232,234,235,236,237,238,239,240,241,242,244,247,250,251,252,261,262,269,270,274,275,276,277,279,284,285,286,287,290,291,292,293,294,295,296,297,298,299,300,301,302,303,304,307,310,312,313,314,315,316,317,318,320,324,326,327,330,331,332,334,338,339,341,342,343,344,347,348,349,351,352,353,354,355,356,357,358,359,360,361,363,364,365,366,367,369,370,371,373,375,376,377,379,380,381,383,384,387,389,391,392,397,401,402,403,409,410,411,414,418,421,426,427,428,430,432,433,434,438,442,445,447,448,449,451,457,469,470,484,503,511
13,63,69,71,72,73,74,75,78,80,81,82,83,84,85,87,89,90,91,92,93,94,95,96,98,99,100,101,102,103,104,106,107,108,109,111,112,113,114,115,116,118,121,123,124,125,127,129,130,131,132,133,134,135,136,137,138,140,141,142,144,146,149,150,151,152,154,155,156,157,158,159,160,162,164,165,167,169,170,173,174,179,181,182,184,187,189,190,193,197,202,203,204,205,207,209,212,213,215,216,219,220,222,223,226,227,229,232,235,236,237,240,242,243,244,245,247,248,249,252,253,254,255,256,257,258,259,260,262,264,265,267,268,269,270,271,272,273,274,275,276,277,278,280,281,283,285,286,287,290,291,295,297,298,299,301,302,303,305,306,307,308,315,317,318,321,322,324,326,327,328,332,335,338,339,340,342,343,344,346,349,352,353,355,356,357,358,359,360,363,364,365,367,368,370,371,375,377,378,379,380,381,383,385,387,388,392,393,394,395,399,402,403,407,408,410,413,414,416,417,420,422,433,437,439,441,444,445,446,447,448,452,453,461,471,482,493,539,555,679
14,67,68,69,70,71,72,73,74,75,76,77,79,80,81,82,83,84,86,87,88,89,90,91,92,93,94,95,96,97,98,100,101,103,107,108,109,110,111,114,120,123,125,126,127,129,130,131,132,134,135,136,137,140,146,148,149,150,151,152,157,160,162,171,172,173,177,179,183,185,186,187,191,193,194,195,196,202,203,205,206,209,210,211,215,216,219,224,225,226,229,230,233,238,242,243,245,246,249,252,254,261,263,265,268,270,275,277,278,280,281,284,285,286,287,289,290,292,293,300,301,302,304,307,308,309,310,311,312,313,316,317,319,320,321,323,325,326,327,329,331,332,333,334,335,338,339,341,342,345,346,349,350,353,355,357,358,359,361,362,363,364,366,367,371,372,373,374,375,377,378,380,383,384,387,388,389,395,396,398,401,405,407,410,411,419,421,422,423,425,428,433,447,463,465,485,488,509,532,629,640
15,13,66,68,69,71,72,73,75,76,77,78,80,81,82,83,84,85,86,88,89,90,91,92,93,94,95,96,97,99,100,101,102,103,104,105,111,112,114,115,116,117,118,120,122,124,125,126,129,130,134,135,136,137,142,143,145,146,148,149,150,151,152,153,156,157,159,161,163,165,166,168,170,171,172,173,174,175,182,183,185,186,187,192,196,197,198,200,201,202,203,204,206,211,219,222,228,232,233,235,236,237,240,241,242,243,244,245,248,251,252,253,256,257,258,262,265,266,267,268,269,270,273,276,277,278,279,281,283,285,288,291,297,300,303,307,308,312,317,319,321,322,328,330,331,334,336,337,338,339,340,341,344,345,346,347,348,349,350,351,353,356,357,358,359,361,367,369,371,372,374,375,376,377,379,382,383,385,386,387,388,394,395,396,398,399,406,412,413,414,416,420,421,423,426,432,437,442,452,457,464,468,485,491,555,641,698
16,54,63,68,69,70,71,72,73,76,77,78,81,82,83,84,85,86,87,90,91,97,100,101,102,103,105,108,110,115,117,118,120,121,122,123,124,125,126,127,128,134,136,137,138,139,140,142,143,147,150,151,152,153,154,156,161,164,166,168,169,170,173,174,178,179,184,185,188,191,192,196,205,207,209,210,213,215,216,218,220,224,226,230,232,233,234,235,237,238,240,244,246,247,250,255,257,259,269,272,273,274,276,277,278,280,281,283,286,288,289,290,291,295,296,297,303,305,306,307,309,310,312,313,318,321,323,324,325,326,328,331,332,334,336,337,338,339,340,341,342,344,345,346,347,348,349,351,352,353,354,359,363,365,367,369,370,371,372,375,376,377,378,380,381,382,387,388,390,392,398,402,421,424,429,430,431,439,443,448,458,467,495,507,568
17,5,54,65,66,68,69,71,74,76,77,78,79,80,81,82,83,86,87,89,90,91,92,93,95,96,97,98,100,106,107,108,109,111,113,116,117,118,119,120,121,122,127,129,132,133,134,136,138,139,141,150,151,152,155,156,158,161,164,165,167,169,175,176,177,178,179,185,191,195,196,198,201,204,206,207,208,209,213,214,215,222,224,226,227,228,229,231,233,234,239,240,242,243,246,256,259,266,269,271,272,281,283,284,288,293,294,298,301,304,306,307,308,312,314,316,317,318,319,320,321,324,326,328,330,331,332,333,338,341,345,347,349,356,357,358,359,361,363,364,365,366,367,369,370,373,375,376,377,380,385,387,389,391,393,395,397,398,399,402,407,415,421,422,426,432,447,450,456,473,667
18,64,66,68,69,70,71,72,73,75,76,77,78,79,80,81,82,83,84,85,86,89,91,93,94,95,96,98,99,100,102,104,106,108,110,113,114,121,127,128,129,130,131,132,133,134,135,137,138,141,142,143,144,146,148,149,150,151,152,155,156,157,158,159,168,169,171,174,178,179,181,182,184,187,191,193,195,199,201,204,206,207,211,214,220,221,226,227,231,232,234,235,236,237,238,240,241,243,247,250,251,258,259,262,264,266,268,271,272,274,275,277,282,285,287,295,297,309,311,317,318,320,321,325,329,331,332,333,334,336,339,341,342,347,348,350,353,355,356,360,361,362,363,364,366,371,372,373,374,375,376,377,378,379,383,385,390,391,395,396,397,400,401,415,418,422,423,424,427,428,430,434,443,456,459,477,525,538,641
19,3,61,63,64,65,66,67,68,71,72,73,74,75,76,77,79,81,82,83,86,88,90,91,92,94,96,97,98,100,101,103,105,107,109,110,112,113,114,115,116,118,121,125,127,136,140,143,144,153,158,161,167,170,172,175,176,181,183,184,185,186,187,191,196,202,205,211,212,215,220,222,225,239,242,251,255,257,258,266,274,287,288,294,297,301,303,305,307,308,310,313,314,320,322,323,325,327,328,330,331,333,335,336,338,339,340,341,344,345,346,347,349,350,351,353,355,356,360,363,364,365,366,369,370,373,379,380,383,385,386,387,394,397,399,400,404,408,409,412,423,427,432,437,447,448,466,474,537,605,631
20,43,64,65,67,68,70,71,72,73,75,76,77,78,79,80,81,83,84,87,89,91,93,94,95,96,98,99,101,102,105,109,110,113,114,117,118,119,122,123,133,134,136,143,144,147,149,150,151,152,153,154,166,169,170,171,175,181,184,193,194,195,196,197,201,205,208,209,213,215,218,219,222,225,231,233,239,242,243,244,249,250,253,257,260,262,263,265,267,272,273,275,279,286,288,289,292,303,304,305,306,307,312,314,318,319,324,329,330,332,338,339,341,342,343,347,349,350,351,352,355,356,357,358,361,363,365,384,387,388,390,391,394,397,402,405,410,415,429,431,432,440,443,445,462,464,471,476,479,494,515,520
21,56,59,63,64,65,66,67,68,69,71,72,73,74,76,78,80,82,83,85,86,87,88,89,92,93,94,96,97,98,102,103,105,106,107,108,110,113,115,116,120,123,124,125,127,129,132,134,137,142,143,146,148,150,151,158,167,170,173,174,177,178,179,180,183,186,190,191,202,209,211,213,229,231,232,233,235,237,238,239,244,261,262,263,264,269,271,272,273,274,275,276,279,283,291,292,293,296,297,302,308,311,313,314,315,316,317,319,320,322,325,326,327,330,332,336,337,339,341,344,346,349,350,351,352,353,355,356,357,358,359,362,364,367,368,370,371,377,382,387,389,390,394,400,412,413,426,434,437,444,481,482,487,490,499,512,536
22,30,54,61,62,64,65,67,68,69,70,71,72,73,75,77,78,80,81,82,83,84,85,86,88,89,90,91,92,93,94,95,97,99,102,104,105,109,111,112,114,115,116,117,118,120,122,124,125,127,128,131,132,133,135,142,146,147,150,152,153,157,161,162,163,164,166,167,169,171,174,176,184,186,193,194,196,197,200,201,202,206,213,220,221,222,224,225,226,228,229,230,237,239,243,246,247,264,265,271,278,288,289,290,292,295,296,298,299,302,310,314,318,319,320,324,325,326,333,334,337,340,343,344,349,351,355,362,363,364,367,369,371,374,375,378,380,383,385,386,388,392,408,412,418,436,438,445,452,453,454,465,481,503,589,659,681
23,59,60,61,62,63,64,65,66,68,69,70,72,73,74,75,76,77,78,79,81,82,84,86,87,88,89,90,91,92,94,98,99,100,101,102,103,105,107,108,109,110,111,112,113,114,116,119,120,122,123,126,127,136,140,141,148,150,153,154,160,161,163,166,167,168,169,170,171,180,186,187,188,192,200,203,204,205,207,212,217,218,223,224,225,228,230,231,236,237,240,248,253,261,262,267,272,274,279,282,284,289,296,298,300,304,308,309,310,313,314,315,319,324,326,327,328,331,335,336,338,342,344,347,348,357,361,364,367,368,370,371,374,376,378,383,386,392,406,407,411,413,419,426,427,430,432,438,447,461,483,534
24,56,58,59,60,61,62,63,64,65,66,69,71,72,73,74,75,76,77,78,79,80,81,84,86,87,88,90,91,95,96,97,100,101,103,104,105,106,108,110,111,112,113,114,116,117,118,121,123,124,125,126,129,131,132,136,138,141,142,145,147,149,151,152,153,154,155,158,159,160,166,167,171,172,173,177,180,183,184,186,187,189,190,191,193,194,196,197,209,211,213,221,222,225,226,229,231,232,234,235,242,244,245,246,247,249,253,255,259,267,275,276,277,278,279,284,286,287,289,290,292,293,294,298,299,301,303,306,307,310,316,319,320,321,322,323,328,331,333,341,343,346,348,349,351,357,366,371,373,377,379,381,386,388,396,400,406,414,419,420,432,437,438,440,449,460,480
25,45,54,55,58,59,61,62,63,64,65,66,67,68,69,70,71,72,73,75,76,77,78,79,80,81,82,83,84,85,86,88,89,90,91,92,93,94,97,102,103,104,105,106,107,109,110,111,112,115,117,119,121,123,125,127,128,129,130,132,133,134,136,137,138,141,153,154,156,157,161,163,164,165,168,172,173,175,182,184,186,189,193,194,195,199,207,210,213,215,217,219,222,224,225,227,228,230,232,233,236,240,243,246,247,248,251,254,256,260,264,265,266,275,282,285,286,288,289,290,297,298,304,306,307,308,309,310,311,317,318,319,323,324,325,326,329,333,336,337,344,345,347,354,355,359,360,364,369,388,392,400,401,407,413,428,429,437,445,453,464,468,481,507,551
26,53,54,56,58,59,60,62,64,65,68,69,70,71,72,73,75,77,78,79,80,81,82,83,84,85,86,88,89,90,91,92,93,98,100,101,106,108,109,110,112,113,114,115,119,120,121,122,130,131,135,137,139,144,147,149,150,156,157,158,160,163,165,166,167,168,170,173,174,175,176,180,182,183,186,189,197,203,207,208,212,214,215,216,217,218,220,223,224,226,228,229,231,232,234,238,249,252,254,266,270,271,272,276,287,288,289,290,301,307,324,334,347,354,356,357,362,365,374,376,380,385,401,402,404,420,423,427,428,431,442,443,448,457,466,483,491,569,626
27,52,54,55,56,57,58,59,60,61,62,63,64,65,66,67,68,69,70,71,72,73,74,75,76,77,78,79,81,83,84,86,89,91,92,94,95,96,97,98,99,101,102,104,105,106,109,110,111,112,115,116,118,119,121,122,123,124,125,126,128,129,130,132,133,137,139,142,143,144,145,146,151,152,155,157,159,160,166,169,171,180,181,182,187,189,190,194,213,214,216,227,230,238,239,252,265,266,275,280,292,296,298,300,301,306,308,312,313,315,319,322,323,326,328,335,336,339,341,344,348,353,360,362,367,369,372,388,394,404,406,412,415,416,419,425,429,454,464,538,571
28,48,49,51,53,54,55,56,57,59,60,61,62,63,64,66,67,69,70,71,72,73,74,77,78,79,80,81,84,85,86,88,89,90,91,93,95,96,97,98,101,102,104,108,110,112,113,114,115,116,118,119,120,121,122,123,124,126,129,132,135,142,143,144,146,148,152,154,155,157,160,162,178,179,182,188,190,199,208,209,210,211,212,213,215,216,222,226,228,230,239,240,264,271,272,275,277,280,284,308,321,332,333,345,358,360,365,368,369,370,379,388,393,395,399,410,422,424,427,428,484,504,528,598
29,43,46,49,50,51,52,55,56,57,60,63,64,65,66,67,68,69,70,72,74,75,76,77,78,79,80,82,83,84,85,86,87,88,90,91,92,93,96,97,98,99,101,102,103,104,107,108,110,111,114,116,117,118,120,123,124,126,128,131,134,136,138,140,142,147,153,154,156,161,163,164,167,168,173,176,178,180,181,185,187,188,189,194,195,196,197,205,207,208,210,212,214,215,218,219,220,221,222,223,224,228,229,233,235,237,238,240,241,262,265,266,267,268,269,270,281,287,296,297,307,308,318,319,333,348,352,373,377,383,396,399,456,611
30,5,49,51,52,53,54,55,56,57,58,59,60,61,62,63,64,65,66,67,68,69,71,72,73,74,77,78,81,82,84,85,86,88,90,92,93,101,102,107,112,113,114,115,116,117,118,120,121,122,124,125,126,131,132,133,134,135,137,141,144,145,149,150,151,153,154,156,159,160,161,164,165,166,167,168,174,175,181,185,188,190,194,198,201,204,205,206,209,210,211,212,214,215,217,218,220,221,223,224,225,226,228,229,230,235,236,237,243,246,250,258,260,266,270,273,276,280,290,318,322,325,346,353,375,377,394,398,409,418,432,443,464,477,545,600
31,47,48,49,51,52,53,54,56,57,58,59,60,61,63,64,65,66,67,68,69,70,71,73,74,76,77,78,79,80,82,83,85,86,87,90,92,94,95,96,97,100,101,102,103,106,107,108,109,111,114,115,117,118,120,121,122,123,124,125,127,130,131,132,135,136,137,138,139,140,144,145,146,148,152,156,157,158,162,163,165,166,167,170,172,175,176,177,178,184,185,186,187,189,195,200,202,212,216,217,227,230,234,237,254,268,275,276,290,295,299,304,305,307,315,382,395,396,414,417,431,437,502,513,699
32,46,47,50,51,52,53,54,55,56,57,58,59,60,61,62,63,64,65,66,67,69,70,72,73,75,76,77,78,79,80,81,82,83,84,86,88,89,90,92,94,97,99,101,102,104,106,107,111,114,115,116,117,118,119,120,121,123,125,134,135,136,137,139,140,141,142,145,147,148,149,151,153,157,158,159,164,171,172,173,180,181,185,186,188,191,197,200,203,207,211,212,214,215,216,217,218,219,220,222,223,224,227,228,230,231,232,236,238,244,247,249,250,261,263,275,276,283,289,305,312,322,329,331,434,518,593
33,46,47,51,52,53,54,55,57,59,60,61,62,63,64,65,66,67,68,69,70,71,72,74,75,76,77,79,81,82,84,85,86,88,89,91,93,94,95,96,97,100,102,108,109,111,112,115,116,118,120,122,123,125,130,133,135,136,137,140,143,144,147,148,150,152,153,155,160,161,162,164,169,171,173,174,175,177,178,179,181,183,187,190,193,200,201,202,203,204,206,208,210,211,213,215,216,217,218,220,221,224,225,226,230,232,233,237,240,246,249,250,252,253,257,259,260,281,299,300,316,317,321,615
34,9,47,49,51,52,54,55,56,57,58,59,60,61,62,63,64,65,66,67,68,69,70,71,72,73,74,75,76,77,80,81,82,83,86,87,91,93,98,100,104,105,108,110,112,113,116,118,120,124,125,126,128,129,133,135,136,137,138,143,146,147,148,149,150,152,153,155,157,158,159,160,162,163,165,167,169,172,173,174,175,176,177,178,179,183,186,188,189,190,195,196,197,198,202,203,205,206,207,208,211,212,213,215,224,226,227,230,231,237,246,253,262,264,265,267,271,282,294,304,311,317,331,332,335,344,384,407,698
35,48,49,50,51,52,53,55,56,57,58,59,60,61,62,63,64,66,67,70,71,74,75,76,77,78,79,80,81,82,84,86,88,90,91,96,97,98,99,101,102,103,106,108,109,113,114,115,118,119,120,122,123,124,125,126,132,133,135,138,142,146,151,152,154,155,158,160,161,162,163,173,184,185,186,188,190,193,197,198,199,201,203,205,206,208,210,211,214,217,218,220,222,224,226,236,237,250,252,257,258,270,271,275,280,283,285,315,319,419,444,457,506,520,540,582
36,6,40,41,44,47,48,50,52,53,54,55,56,57,58,59,60,61,62,63,64,65,66,67,68,69,70,71,72,73,74,75,76,77,78,80,81,82,83,85,86,88,89,90,91,93,95,96,98,100,101,103,104,105,106,107,108,110,112,115,116,121,126,129,131,134,136,139,140,142,143,146,147,150,157,159,161,163,164,165,166,168,171,172,174,175,177,184,186,188,190,192,194,195,196,197,198,199,200,203,205,206,207,208,209,210,211,214,215,217,218,222,224,225,226,229,231,241,247,249,250,251,252,255,256,257,260,261,269,274,296,298,299,339,426,469,557,682
37,2,45,48,49,51,52,53,54,55,56,58,59,60,61,62,63,64,65,66,68,69,70,71,72,73,74,76,81,90,93,95,99,101,102,103,105,107,108,109,110,111,113,115,116,117,120,122,123,124,125,126,128,131,135,136,139,142,143,144,145,146,147,149,151,153,154,155,157,160,162,163,165,167,169,171,172,174,177,178,180,183,184,185,187,188,189,191,194,195,199,200,201,202,203,204,205,210,214,215,216,218,219,223,224,225,230,234,235,240,244,251,256,258,260,264,276,282,290,454,569,592
38,40,42,43,45,49,51,52,53,54,56,58,59,60,61,62,63,64,65,67,69,70,71,72,73,74,77,78,80,81,82,83,84,85,86,87,88,89,90,91,92,93,94,96,98,100,102,103,104,105,107,108,109,110,112,113,114,115,117,118,121,122,127,131,132,133,138,139,141,143,144,145,146,147,151,152,160,170,171,172,176,178,184,188,190,192,196,198,204,206,207,208,209,211,212,215,217,219,220,221,224,225,227,228,229,231,233,235,236,239,241,242,243,261,264,267,268,285,286,296,313
39,6,46,47,50,52,55,56,59,60,61,62,63,64,65,66,67,68,69,70,71,72,73,75,76,77,78,80,81,82,83,84,85,86,88,89,90,91,92,93,94,95,97,99,100,101,102,103,104,105,106,107,108,109,111,118,120,121,122,123,125,129,131,133,140,144,145,146,150,152,153,155,156,157,158,159,160,161,162,163,164,167,169,170,172,174,176,177,178,179,185,187,190,191,192,193,194,195,196,197,198,203,204,205,208,209,211,213,222,224,227,240,252,262,266,271,276,349
40,12,18,49,50,52,53,54,55,56,57,58,59,60,61,62,63,65,66,67,68,69,70,74,78,79,80,82,85,89,90,91,92,94,99,100,101,102,103,104,106,109,111,112,113,114,116,117,119,120,121,124,125,126,128,130,132,133,134,135,137,139,140,141,143,145,146,148,149,150,151,152,153,154,155,156,157,159,160,163,164,172,174,175,176,177,181,182,184,187,189,191,192,194,196,199,203,204,206,208,209,210,211,214,215,216,220,221,222,223,235,237,249,254,259,260,264,279,290,294,295,312,313,329,335
41,48,49,50,52,55,58,59,60,61,66,67,69,70,72,73,74,75,76,80,81,82,83,84,85,86,87,88,89,93,94,95,97,98,99,102,103,104,105,106,107,108,109,113,116,117,118,119,121,123,127,128,129,130,131,139,142,143,144,145,150,154,157,158,161,166,174,180,182,185,191,194,196,199,204,206,212,221,230,237,243,256,263,274,292,305,325,348
42,20,45,52,55,57,58,60,62,63,65,66,67,68,69,70,71,73,75,76,77,78,79,80,81,82,85,86,88,89,93,96,97,98,99,102,104,105,106,108,109,111,112,113,114,115,117,122,127,129,135,139,141,142,143,144,146,148,151,152,153,155,157,158,159,160,164,165,170,172,174,176,177,183,184,186,193,196,202,209,210,214,219,230,235,240,245,246,369,636
43,49,53,57,58,59,60,61,63,64,66,68,69,70,71,72,73,74,75,77,78,79,80,81,83,87,88,89,91,92,93,94,98,100,103,104,105,107,108,112,113,114,115,118,120,121,122,127,129,132,138,140,144,146,147,153,154,159,160,161,164,165,169,170,173,175,176,179,180,181,183,188,189,201,209,212,243,244,266,277,304,315,354,616
44,49,50,51,56,59,61,62,63,65,66,67,68,69,70,72,74,75,76,77,78,79,80,82,83,85,87,88,90,91,92,93,94,95,100,101,104,105,106,107,108,109,111,114,115,116,118,119,122,123,124,127,128,131,133,135,136,137,142,143,152,160,162,169,174,178,186,190,195,197,201,203,207,210,216,220,223,224,225,244,276,292,310,574,653
45,2,53,62,66,69,72,73,74,76,78,79,80,81,82,83,84,85,86,87,88,89,90,91,92,93,94,96,98,99,101,103,104,105,107,109,110,111,117,118,120,121,122,131,132,135,146,149,151,154,162,165,169,172,176,181,184,191,192,195,198,199,211,212,219,231,233,234,235,239,274,280,333,668
46,21,55,57,58,62,64,69,71,72,73,76,79,80,84,85,86,87,88,89,91,92,97,98,99,100,101,104,106,107,108,109,110,111,113,116,117,118,119,120,121,122,123,126,130,131,132,133,136,137,138,140,142,150,153,159,161,164,169,170,173,175,176,177,179,181,185,187,189,195,196,197,200,202,205,222,244,254,276,305,513,516
47,62,64,66,67,72,74,75,82,83,85,88,91,93,94,95,96,99,101,103,106,107,108,109,112,115,119,120,121,122,124,125,128,129,132,135,137,139,140,143,144,147,150,154,156,159,167,170,171,173,174,175,181,190,192,202,204,209,211,214,216,217,237,243,246,251,255,269,301,304,327,342,356,532,643
48,73,78,91,97,98,99,101,103,104,105,106,107,109,110,111,113,117,118,119,120,121,122,139,141,203,209,232,250,465,507,670,690
49,91,110,132,162,169,173,178,181,207,215,294,614
50,53,262,397,471,539,546
51,337,432,458,523,542,639
52,9,310,515,580,670
53,367,456,575
54,141,283,695
55,368,552,585
56,25,214,451
57,6,76,368,420,421,452
58,8,108,492
59,7,250,277,448,464
60,
61,
62,
63,
64,
65,
66,
67,
68,
69,
70,
71,
72,
73,
74,
75,
76,
77,
78,
79,
80,
81,
82,
83,
84,
85,
86,
87,
88,
89,
90,
91,
92,
93,
94,
95,
96,
97,
98,
