16
0,24
1,12,19,25,27,29,44,268,327,468
2,11,12,15,16,18,22,23,24,27,31,33,34,35,36,40,45,52,53,56,59,63,114,233,240,262,289,396,538,595,601
3,6,11,12,13,14,15,16,17,18,19,20,21,22,23,24,25,27,28,29,30,32,33,35,36,37,38,39,40,41,42,43,44,45,46,47,48,49,50,53,54,55,56,57,58,60,62,63,67,68,70,71,73,75,76,77,79,81,85,88,90,93,94,95,100,106,152,246,255,300,316,459
4,3,4,9,10,11,12,13,14,15,16,17,18,19,20,21,22,23,24,25,26,27,28,29,30,31,32,33,34,35,36,37,38,39,41,42,43,44,45,46,47,48,49,50,51,52,53,54,55,56,57,58,59,60,61,62,63,64,65,66,67,68,69,70,71,72,73,74,75,76,77,78,79,80,81,82,83,84,85,86,88,89,90,91,92,93,94,95,96,97,98,99,100,101,102,103,104,105,106,107,108,109,110,111,112,113,114,115,116,117,120,121,122,130,136,138,145,148,149,150,151,152,156,157,158,159,163,352,366,393,671
5,6,7,9,10,11,12,13,14,15,16,17,18,19,20,21,22,23,24,25,26,27,28,29,30,31,32,33,34,35,36,37,38,39,40,41,42,43,44,45,46,47,48,49,50,51,52,53,54,55,56,57,58,59,60,61,63,65,66,67,68,70,71,72,73,74,75,76,77,78,79,80,81,82,83,84,85,86,87,89,90,91,92,93,94,96,97,98,99,100,101,102,103,104,105,106,107,108,109,110,111,112,113,114,115,116,117,118,119,120,121,122,123,124,125,126,127,128,129,130,131,132,133,134,135,136,137,138,139,140,141,142,143,144,145,146,147,148,149,150,151,152,153,154,155,156,157,158,159,160,161,162,163,164,165,166,167,168,169,170,171,172,173,174,175,176,178,179,180,182,183,184,185,186,187,189,192,195,200,201,202,203,205,207,210,211,212,213,214,215,218,224,233,241,268,270,284,552,669
6,6,7,8,9,10,11,12,13,14,15,16,17,18,19,20,21,22,23,24,25,26,27,28,29,30,31,32,33,34,35,36,37,38,39,40,41,42,43,44,45,46,47,48,49,50,51,52,53,54,55,56,57,58,59,60,61,62,63,64,65,66,67,68,69,70,71,72,74,75,76,77,78,79,80,82,83,86,87,88,89,91,92,93,94,95,97,98,99,100,101,102,104,105,106,107,108,109,110,111,112,113,114,115,116,117,118,119,120,121,122,123,124,125,126,127,128,129,130,131,132,133,134,135,136,137,138,139,140,141,142,143,144,145,146,147,148,149,150,151,152,153,154,155,156,157,158,159,160,161,162,163,164,165,166,167,168,169,170,171,172,173,174,175,176,177,178,179,180,181,182,183,184,185,186,187,188,189,190,191,192,193,194,195,196,197,198,199,200,201,202,203,204,205,206,207,208,209,210,211,212,213,214,215,216,217,218,219,220,221,222,223,224,226,227,228,231,232,233,234,235,236,237,238,239,240,241,242,243,244,245,247,248,249,250,251,252,253,254,255,257,258,259,260,261,263,264,266,267,269,271,274,276,279,282,283,287,293,294,297,304,322,351,380,388
7,5,6,8,9,10,11,12,13,14,15,16,17,18,19,20,21,22,23,24,25,26,27,28,29,30,31,32,33,34,35,36,37,38,39,40,41,42,43,44,45,46,48,49,50,51,52,53,54,55,56,57,58,59,60,61,62,63,64,65,66,67,68,69,70,71,72,73,74,75,76,77,78,79,80,81,82,83,84,85,86,87,88,89,90,92,94,95,96,97,98,99,100,101,102,103,104,105,106,107,108,109,110,111,112,113,114,115,116,117,118,119,120,121,122,123,124,125,126,127,128,129,130,132,133,134,135,136,137,138,139,140,141,142,143,144,145,146,147,148,149,150,151,152,153,154,155,156,158,159,160,161,162,163,164,165,166,167,168,169,170,171,172,173,174,175,176,177,178,179,180,181,182,183,184,185,186,187,188,189,190,191,192,193,194,196,197,198,199,200,201,202,203,204,205,206,207,208,210,211,212,213,214,215,216,218,220,221,222,224,225,226,227,228,229,230,232,233,234,235,236,237,238,240,242,243,244,245,247,249,250,252,254,257,259,261,263,264,265,267,268,269,271,272,275,279,280,281,283,284,285,286,287,288,291,296,299,300,301,307,312,315,317,318,327,336,338,339,342,343,349,360,375,395,448
8,3,5,6,7,8,9,10,11,12,13,14,15,16,17,18,19,20,21,22,23,24,25,26,27,28,29,30,31,32,33,34,35,36,37,38,39,40,41,42,43,44,45,46,47,48,49,50,51,52,53,54,55,56,57,58,59,60,61,62,63,64,65,66,67,68,69,70,71,72,73,74,75,76,77,78,79,80,81,83,84,85,86,87,88,89,91,93,94,96,97,98,100,102,103,104,105,106,107,108,109,110,111,112,113,114,115,116,117,118,119,120,121,122,123,124,125,126,127,128,129,130,131,132,133,134,135,136,137,138,139,140,141,142,143,144,145,146,147,148,149,150,151,152,153,154,155,156,157,158,159,160,161,162,163,164,165,166,167,168,169,170,171,172,173,174,175,176,177,178,179,180,181,182,183,184,185,186,187,188,189,190,191,193,194,195,197,198,199,200,201,204,205,206,207,208,210,211,212,213,214,215,216,217,218,219,220,221,222,224,225,226,228,230,231,232,235,237,238,239,241,243,244,245,246,247,249,250,253,254,256,258,260,261,263,266,268,269,270,277,279,280,281,284,285,288,292,293,294,298,300,301,304,318,320,335,355,357,370,372,378,400,410,418,487,581,625
9,4,5,6,7,8,9,10,11,12,13,14,15,17,18,19,20,21,22,23,24,25,26,27,28,29,30,31,32,33,34,35,36,37,38,39,40,41,42,44,45,46,47,48,49,50,52,53,54,55,57,58,60,61,62,63,64,65,66,67,70,72,73,74,76,77,78,80,81,82,83,85,88,90,91,92,93,94,95,96,97,98,99,100,101,102,103,104,105,106,107,108,109,111,112,113,114,115,116,117,118,119,120,121,122,123,124,125,127,129,131,132,133,134,135,136,137,138,139,140,141,142,143,144,145,146,147,148,149,150,151,152,153,154,155,156,157,158,159,160,161,162,163,164,165,166,167,168,169,170,171,172,173,174,175,176,178,179,180,181,182,183,184,185,186,187,188,189,190,191,192,193,194,196,197,198,199,202,203,204,205,206,208,209,210,211,212,213,214,215,217,219,220,222,223,224,225,226,227,228,229,231,232,233,234,236,237,238,239,240,241,250,252,254,257,262,265,266,267,269,275,279,282,292,293,295,297,298,305,307,309,314,316,330,339,341,345,363,518,529,598,655
10,1,2,3,4,5,6,7,8,9,10,11,12,13,14,15,16,17,18,19,20,21,22,23,24,25,26,27,28,29,30,31,32,33,34,35,36,37,38,39,40,43,44,45,46,48,49,50,51,53,54,55,56,57,58,59,60,61,62,63,64,65,66,67,68,69,70,71,72,75,76,78,81,82,83,84,88,89,92,93,94,95,97,98,99,100,101,102,103,104,105,106,107,108,109,110,111,112,113,115,116,117,118,119,120,121,122,123,124,125,126,127,128,129,130,131,132,133,134,136,137,138,139,140,142,144,145,146,147,148,149,150,151,152,153,155,156,157,158,160,162,163,165,166,167,168,169,171,172,173,174,175,176,177,178,179,180,181,182,183,184,185,186,187,188,189,190,191,192,193,195,196,197,198,199,200,201,202,203,204,206,207,209,210,211,212,214,215,217,219,222,226,227,228,229,231,232,233,235,236,237,238,239,240,242,243,244,245,246,247,248,249,250,251,255,257,258,261,262,263,264,265,266,267,268,271,272,274,277,283,288,290,291,298,303,305,313,317,328,331,339,350,369,374,386,459,661
11,1,2,3,4,5,6,7,8,9,10,11,12,13,14,15,16,17,18,19,20,21,22,23,24,25,26,27,28,29,30,31,32,33,34,36,39,40,42,43,44,45,46,47,48,50,51,52,53,54,55,56,57,58,59,60,61,62,63,65,66,67,68,69,70,71,72,73,74,76,77,78,79,80,81,83,84,86,88,89,90,91,92,93,94,95,96,97,98,99,100,101,102,103,104,105,106,107,108,109,110,112,113,114,115,116,117,118,119,120,121,122,123,124,125,126,129,130,131,132,134,135,136,138,139,141,142,143,144,145,146,147,149,150,151,152,154,155,157,158,160,164,165,166,167,168,170,171,172,174,175,176,177,178,179,180,181,182,183,185,186,189,193,194,195,196,197,201,204,205,208,210,212,213,214,216,217,218,219,220,221,222,223,225,226,227,228,229,230,231,232,233,237,238,241,243,245,246,247,248,249,250,252,254,260,261,262,264,268,272,276,280,283,284,288,291,293,296,299,303,304,307,315,316,319,327,347,371,394,414
12,3,4,5,7,8,9,10,11,12,13,14,15,16,17,18,19,20,21,22,23,24,25,26,27,28,29,30,31,32,33,34,35,36,37,38,39,40,41,42,45,46,48,49,50,51,52,54,55,56,57,59,60,61,62,63,64,65,66,68,69,71,72,73,74,75,78,79,80,81,82,84,85,86,88,90,91,92,93,94,95,96,97,98,99,100,101,102,103,104,105,106,107,108,109,110,111,112,113,114,115,117,119,120,121,122,123,124,125,126,127,128,131,132,134,135,137,138,139,140,141,142,143,144,145,146,147,148,149,151,152,153,154,155,156,157,159,161,162,167,168,170,171,172,173,176,177,178,179,183,184,185,186,187,189,190,193,195,196,197,200,201,202,204,205,209,213,215,216,218,219,220,222,223,224,227,229,231,232,233,235,236,238,239,242,243,245,251,253,254,256,260,261,262,265,266,271,272,273,276,277,278,280,284,285,286,295,301,303,307,310,315,319,322,337,341,343,357,358,361,394,450,509,626,689
13,2,3,4,5,6,7,8,10,11,12,13,14,15,16,17,18,19,20,21,22,23,24,25,26,27,28,29,30,31,32,33,34,35,36,38,39,40,41,42,43,44,46,48,50,51,52,53,54,55,56,57,58,59,61,62,63,64,66,67,68,69,71,72,73,76,77,79,82,83,84,86,87,88,89,90,93,94,95,96,97,99,100,101,103,104,105,106,107,108,109,110,111,112,113,114,115,116,121,122,123,124,125,127,128,131,132,133,134,135,136,137,138,139,141,142,143,144,145,147,149,150,151,152,153,154,155,156,157,159,160,161,162,164,165,169,171,173,174,175,176,177,178,179,180,181,183,185,186,187,189,191,193,194,195,197,200,202,203,204,205,206,207,208,209,210,211,212,214,216,217,218,219,223,224,225,227,232,235,239,241,242,243,245,246,248,249,250,253,255,260,261,270,271,272,274,282,283,286,289,294,308,360,464,572,585,650
14,1,3,4,5,6,8,9,11,12,13,15,16,17,18,19,20,21,22,23,24,25,26,27,28,29,30,31,32,33,34,35,36,37,38,40,43,44,45,46,47,48,49,50,51,52,53,54,55,59,60,61,62,63,64,66,67,68,69,70,71,72,73,76,78,79,83,85,87,88,90,92,93,94,95,96,97,98,99,100,101,102,103,104,105,106,107,108,109,110,111,112,113,114,115,116,117,118,119,120,121,122,123,124,126,127,128,129,130,131,132,133,134,135,136,137,138,139,140,141,142,143,144,145,146,147,148,149,150,152,153,154,155,156,157,158,159,161,162,164,167,169,171,172,174,177,178,179,182,184,185,189,190,191,192,193,195,196,200,204,205,206,208,209,210,211,221,225,226,228,229,230,231,233,236,237,238,247,250,251,252,253,254,270,276,282,285,290,304,310,317,320,601
15,1,3,5,7,8,9,10,11,12,13,14,15,16,18,19,20,21,22,23,24,26,27,28,29,30,31,32,33,34,35,36,38,39,40,42,43,45,46,47,48,49,50,52,53,54,56,57,60,61,62,64,66,67,69,72,73,74,75,76,77,79,81,82,83,85,88,89,90,91,93,94,95,96,97,98,99,100,101,104,105,107,108,109,110,111,112,114,115,116,118,119,120,122,123,124,126,127,128,129,130,131,132,133,134,135,138,139,142,143,144,145,146,147,148,149,150,151,152,153,155,156,157,158,159,160,162,163,164,165,166,167,169,171,173,174,175,178,179,186,187,190,191,192,193,194,195,196,197,200,201,203,204,206,208,209,210,212,213,215,219,220,222,226,227,230,232,235,236,237,247,250,251,254,255,262,264,267,268,269,282,290,291,292,294,296,299,305,334,335,348,365,410,464
16,2,3,4,5,7,8,9,10,11,13,15,16,17,18,19,20,21,22,23,24,25,26,27,28,29,30,31,32,33,34,36,37,38,39,40,41,42,43,44,46,47,48,49,50,51,52,53,54,55,56,57,58,59,67,68,69,70,71,72,73,74,75,76,78,80,82,83,91,92,93,94,95,96,97,98,99,100,101,103,104,105,106,107,108,109,110,111,112,114,115,116,118,121,123,128,129,132,135,136,138,139,140,142,143,144,146,147,148,149,151,152,154,155,156,159,162,164,165,166,167,168,169,170,172,173,174,175,177,178,179,180,181,182,184,185,186,188,189,190,191,193,194,195,197,200,201,202,203,204,206,210,213,214,215,216,219,221,222,224,225,226,227,235,236,237,243,246,247,248,250,251,255,258,262,263,266,275,282,291,292,307,309,310,316,335,337,340,344,361,448,468,474,486,488,542,551
17,2,3,4,5,6,7,9,11,12,13,14,15,16,17,18,20,21,22,23,25,26,27,28,29,30,31,32,34,35,36,37,38,39,40,41,42,44,45,46,47,49,50,51,52,53,54,55,56,57,59,60,61,64,65,66,67,68,69,70,71,73,74,75,76,77,80,81,82,84,85,86,88,89,91,94,95,96,97,98,99,100,101,102,103,104,106,107,108,109,110,111,112,113,114,115,116,117,118,119,120,121,122,123,125,126,127,129,130,131,132,133,134,135,137,138,139,140,143,144,145,147,148,149,150,151,153,154,155,156,157,158,159,160,161,162,163,165,166,167,168,169,170,172,174,176,177,178,179,181,183,185,186,187,188,189,190,191,192,193,194,195,196,197,198,199,200,201,202,203,204,205,206,207,208,209,210,212,213,214,215,216,218,219,221,222,223,224,225,226,229,231,232,233,239,240,242,243,244,245,246,247,252,255,260,267,268,271,276,278,282,290,381,400,505,661
18,1,3,4,5,7,8,9,10,11,12,13,14,15,16,17,18,19,20,21,22,23,24,25,26,27,28,29,30,31,32,33,34,36,37,38,39,40,41,43,45,47,48,50,51,52,53,54,55,56,57,59,60,61,63,65,66,69,71,72,73,74,75,76,77,80,82,83,85,86,87,88,89,90,91,92,95,96,98,100,101,103,104,105,108,110,111,116,117,120,121,122,125,127,128,130,131,133,134,137,138,139,140,142,144,145,146,149,150,151,152,154,155,156,158,160,162,163,164,165,166,168,172,174,175,178,179,180,183,185,186,188,189,191,192,194,195,196,197,200,202,203,206,208,209,211,216,217,218,219,222,224,227,229,231,233,234,236,239,241,242,244,249,251,253,254,258,259,262,266,267,271,273,274,275,276,286,288,290,295,299,313,396,635
19,3,4,5,6,8,9,10,11,12,13,14,15,16,17,18,19,20,21,22,23,24,25,26,27,28,30,32,34,36,38,39,41,42,43,44,46,47,50,51,52,53,54,58,59,62,63,64,65,67,68,69,71,72,73,74,76,78,79,80,81,83,84,85,90,91,92,93,94,95,96,97,98,99,100,101,102,103,104,105,106,108,109,110,112,113,114,115,116,118,120,121,122,123,124,126,127,128,129,131,133,135,136,138,139,140,141,142,143,144,146,147,148,149,150,153,154,155,156,158,161,162,163,164,165,166,167,168,169,170,172,173,176,177,178,179,183,184,186,187,189,191,192,194,196,198,203,204,207,208,209,211,213,214,217,218,219,223,224,225,226,227,231,234,236,238,239,241,243,245,247,249,252,253,254,255,260,261,263,272,273,275,279,282,297,298,300,303,322,327,328,357,366,390,409,644
20,3,9,10,11,12,14,15,16,17,18,19,20,21,22,23,24,26,27,28,29,31,32,33,34,35,36,37,38,39,41,42,43,44,46,47,49,50,51,52,53,54,58,59,60,61,62,63,65,66,68,69,70,71,72,73,74,76,78,80,82,83,87,88,89,90,93,95,97,99,100,101,102,103,104,105,107,108,109,110,112,113,114,116,117,118,119,120,121,122,123,125,126,128,129,130,132,133,134,137,139,140,141,143,144,145,146,147,148,149,150,151,153,155,156,157,158,160,162,163,171,172,173,174,176,177,180,182,183,184,185,189,191,193,196,197,198,200,202,203,204,206,207,208,210,211,212,213,214,216,217,218,219,223,224,226,227,228,231,232,234,236,238,240,246,249,250,252,253,254,256,258,259,260,263,265,266,267,276,289,298,302,325,511,691
21,1,3,8,13,16,17,19,20,22,23,24,25,26,27,28,29,30,31,32,33,35,36,37,38,39,40,41,42,43,44,45,47,48,50,51,52,55,56,57,58,59,60,61,62,63,64,65,66,68,69,71,73,75,76,77,84,85,86,88,89,92,93,96,98,99,101,102,103,104,105,107,108,110,113,114,115,116,117,118,120,121,122,123,124,126,127,128,129,130,131,132,133,134,135,136,137,138,139,140,141,142,143,145,147,148,151,153,154,155,156,157,158,159,161,162,164,165,166,168,169,170,171,172,174,177,179,183,184,187,188,189,190,192,194,195,198,199,201,203,205,207,208,210,211,212,213,214,216,218,222,223,225,228,230,234,235,239,241,244,250,253,255,261,262,264,271,272,274,277,280,284,285,286,290,312,334,346,378,402,414,420,449,482,518
22,3,5,7,9,11,12,14,15,16,17,18,19,20,24,25,26,27,28,29,30,31,32,33,34,35,36,37,38,40,41,42,43,44,45,47,49,50,51,52,53,55,56,57,59,60,61,62,64,65,67,68,69,72,74,76,77,80,81,83,84,90,95,101,102,104,105,106,107,109,110,111,112,113,114,116,117,118,119,120,122,123,124,125,128,130,131,132,133,134,135,137,138,139,140,141,142,143,144,145,146,147,148,149,150,151,152,153,154,155,156,157,158,159,161,162,163,164,166,167,168,169,170,172,174,176,184,188,189,191,192,193,194,196,200,201,202,203,208,211,214,218,220,221,222,224,226,227,229,231,233,234,236,242,246,247,250,255,262,267,269,279,296,308,358,360,463,575,648
23,4,5,6,11,12,16,19,21,22,23,24,25,26,27,28,29,30,31,32,33,34,35,36,37,38,39,40,41,42,43,44,45,46,48,49,50,51,53,54,55,57,58,59,60,61,63,64,65,66,67,68,69,70,71,72,73,74,75,76,78,79,80,82,84,90,95,100,102,103,104,105,107,109,110,111,112,114,116,117,118,119,120,121,122,123,124,125,127,128,129,131,132,135,136,137,139,140,141,142,143,144,145,146,148,149,150,151,152,153,154,155,156,157,158,159,160,161,162,163,164,165,166,167,168,169,170,171,173,174,175,178,179,181,182,183,185,186,187,188,189,191,192,193,194,195,196,198,199,200,201,202,203,204,205,206,207,208,209,210,211,213,214,215,217,218,219,220,223,225,226,227,228,229,230,232,233,234,238,240,242,243,244,249,252,256,257,264,267,268,270,271,272,277,288,304,305,316,321,333,374,458,461,514,672
24,9,10,11,14,15,19,20,22,24,25,26,27,28,29,30,31,32,33,34,35,36,37,38,39,40,41,42,43,44,45,46,47,48,49,50,51,52,53,54,55,56,57,58,59,60,61,62,63,64,65,66,67,68,69,71,73,74,75,76,77,78,79,80,81,82,83,84,85,86,87,88,90,91,96,101,104,106,112,113,114,115,116,117,118,119,120,122,124,125,126,127,128,129,130,131,133,134,135,136,137,138,139,140,141,142,143,144,145,146,147,148,149,151,152,154,156,158,160,161,162,163,164,165,166,167,168,169,170,171,172,173,174,175,176,177,178,179,180,181,182,184,185,186,187,188,191,192,193,194,195,196,197,198,200,201,202,203,204,205,206,207,209,210,211,212,213,214,215,216,218,219,220,222,224,225,226,227,228,229,230,231,233,234,235,236,237,238,239,240,241,242,244,245,246,247,249,251,252,253,254,255,256,258,259,260,261,263,264,265,268,269,270,273,276,277,278,279,282,284,291,295,299,302,309,312,334,396,408,462
25,16,19,22,25,26,27,28,29,30,31,32,33,34,36,37,38,39,40,42,43,44,45,46,47,48,49,50,51,52,53,54,55,56,57,58,59,60,61,62,63,64,65,66,67,68,69,70,71,72,73,74,75,76,78,79,80,81,82,84,85,86,87,88,89,90,91,92,93,94,97,100,101,103,104,107,111,112,113,114,115,116,117,118,119,120,121,122,123,124,125,126,127,128,130,132,135,136,139,140,141,142,143,144,145,148,150,151,153,154,156,157,158,159,160,161,162,165,166,167,168,169,170,171,172,174,175,176,177,179,180,181,182,183,184,185,186,187,189,191,192,193,194,195,196,197,199,200,201,204,205,206,208,209,210,211,212,213,214,215,216,217,218,219,220,221,222,223,224,225,226,227,228,229,230,231,232,233,234,235,236,237,238,239,240,241,244,245,246,247,248,249,250,251,252,256,257,258,259,260,261,265,266,267,271,272,273,275,277,279,281,284,285,286,287,289,290,291,292,293,294,296,298,299,300,302,303,306,308,311,316,318,319,323,324,328,330,334,338,339,340,343,345,348,355,357,361,372,374,378,398,399,432,538
26,24,25,26,28,29,30,31,32,34,35,36,37,38,39,40,41,42,43,44,45,46,47,48,49,50,51,52,53,54,55,56,57,58,59,60,62,63,64,65,66,67,68,69,70,71,72,73,74,75,76,77,79,80,81,82,83,84,85,86,87,88,90,91,92,93,94,95,98,99,101,104,107,108,109,117,118,119,120,121,122,124,125,126,127,129,131,132,133,134,135,136,137,138,139,140,141,142,143,144,145,146,147,148,149,150,151,152,153,154,155,156,157,158,160,161,162,163,164,166,167,169,170,171,173,174,175,176,178,180,181,182,183,184,185,186,188,190,191,192,193,194,195,197,198,199,200,201,202,203,204,205,206,207,208,209,210,211,212,213,214,215,217,219,220,221,223,224,225,226,227,230,231,232,233,234,235,236,237,238,239,240,241,242,243,244,245,246,248,250,251,252,253,254,255,256,257,258,259,262,263,264,265,266,267,268,269,270,271,272,273,274,278,280,282,284,285,288,289,290,297,299,300,301,302,304,305,306,307,308,309,311,312,313,315,316,320,321,323,326,328,329,330,332,333,334,336,342,345,346,348,354,355,356,358,361,362,363,364,365,366,367,370,383,388,400,403,418,427,440,474,479,544,692
27,20,22,23,25,26,27,28,29,30,31,32,33,34,35,36,37,38,39,40,41,42,43,44,45,47,48,49,50,51,52,53,54,55,56,57,58,59,60,61,62,63,64,65,66,67,68,69,70,71,72,73,74,75,76,77,78,79,80,81,82,83,84,85,86,87,88,89,90,94,95,96,97,101,102,103,105,106,107,108,117,119,120,121,123,127,128,129,130,131,132,134,136,138,143,144,145,146,148,149,153,155,156,158,159,163,164,165,167,170,172,173,176,177,180,181,182,183,184,185,188,189,190,191,192,193,195,196,197,198,199,200,201,202,203,204,205,206,207,208,209,210,211,212,213,214,215,216,217,218,219,220,221,222,223,224,225,226,227,228,229,230,231,232,233,234,235,236,237,238,239,240,241,242,243,244,245,246,247,248,249,250,252,253,254,255,256,257,258,259,260,261,262,263,264,265,266,267,268,269,270,271,272,273,274,275,276,277,279,280,282,283,284,285,286,287,288,289,290,291,293,294,295,296,297,298,300,301,302,303,305,306,308,310,312,313,314,315,316,319,321,322,323,324,326,328,329,330,332,333,337,338,339,340,342,345,346,347,350,351,356,358,361,362,365,368,371,374,375,376,378,379,382,391,401,411,416,417,418,425,431,432,457,575
28,16,21,24,25,26,27,30,31,32,33,34,35,36,38,39,40,41,42,43,47,49,50,52,54,55,56,57,59,61,62,63,64,65,68,69,70,71,72,73,74,75,76,77,78,79,80,81,82,83,84,85,86,87,88,89,90,91,92,93,95,96,98,101,103,104,107,108,112,114,117,118,119,121,122,123,125,127,128,129,130,131,132,133,134,135,136,137,139,140,141,142,143,144,145,146,148,149,150,152,153,157,158,159,160,162,165,168,171,172,176,177,178,179,180,181,182,184,185,186,187,188,189,190,191,192,194,195,196,198,199,200,201,202,203,204,205,206,210,211,213,214,215,217,218,220,221,222,223,224,225,226,227,228,229,230,231,233,234,235,236,237,238,239,241,242,243,244,245,246,247,248,249,251,252,253,254,255,256,257,258,259,260,261,262,263,264,265,266,267,268,269,270,271,273,275,276,277,278,280,281,282,283,284,285,286,287,288,289,290,291,292,293,294,295,296,297,298,299,300,302,304,305,306,307,308,309,310,311,312,313,314,315,316,317,318,319,320,321,323,324,325,326,327,328,329,330,331,332,333,334,335,336,337,340,341,342,344,345,348,350,351,352,353,354,356,357,358,360,361,362,363,364,365,366,367,369,370,371,372,373,374,375,376,377,378,380,381,382,383,385,386,387,389,391,392,393,394,395,396,398,399,400,401,404,407,409,411,412,413,414,415,416,417,419,420,421,423,424,425,427,428,429,431,432,433,434,435,436,437,438,440,443,444,445,446,447,452,453,458,463,469,470,473,476,477,483,487,494,500,609
29,25,26,27,34,36,38,39,40,41,42,43,44,45,46,47,48,49,50,51,53,54,57,58,59,61,62,63,64,65,66,67,68,69,71,72,73,75,76,78,79,80,82,83,84,85,86,88,89,91,93,94,97,99,103,105,106,107,108,116,118,125,128,129,130,131,132,133,135,139,140,141,142,143,144,145,146,147,148,149,151,152,153,154,155,156,157,158,159,160,161,163,168,169,170,171,174,175,181,182,183,184,185,186,189,191,192,195,196,198,199,201,203,205,206,207,208,209,210,211,213,214,215,217,218,220,221,223,224,226,228,229,230,233,234,235,237,238,239,240,241,242,243,244,245,246,247,248,249,250,251,252,253,255,256,257,260,261,262,263,264,265,267,268,269,270,272,273,274,275,276,277,278,279,280,281,283,284,286,287,289,290,291,292,293,294,295,296,298,299,302,303,304,305,306,307,308,309,310,311,312,314,315,316,317,318,319,320,322,323,325,328,329,330,331,332,333,334,335,336,338,339,340,343,344,345,346,347,350,352,356,357,358,359,360,361,362,365,366,367,369,370,371,372,374,375,376,377,378,379,380,381,382,383,384,387,388,391,392,393,394,398,400,401,402,405,406,407,408,409,410,411,414,415,416,420,423,425,426,428,429,430,432,434,438,444,445,446,450,451,453,454,455,462,463,464,465,466,469,486,500,506,512,513,519,521,522,525,528,556,592
30,25,27,31,32,34,37,38,39,40,41,42,43,44,45,47,48,52,55,56,57,58,59,60,61,62,63,64,65,66,67,68,69,70,71,72,73,74,75,76,77,78,79,80,81,82,85,87,88,89,90,92,93,94,96,97,99,100,101,102,103,107,108,112,117,118,119,120,122,125,127,130,131,133,135,136,140,144,145,146,148,151,152,153,154,155,158,159,162,163,165,166,169,170,171,173,175,176,181,184,193,195,196,197,199,200,202,203,204,205,206,207,209,210,211,213,214,215,216,218,219,220,221,222,223,224,225,226,227,228,229,231,232,233,234,236,237,238,239,240,241,242,243,244,245,246,247,248,249,250,251,252,253,255,256,257,258,259,260,261,262,263,264,266,268,269,270,271,273,274,275,277,278,279,280,281,282,283,284,285,287,288,290,291,292,293,294,295,296,297,298,299,300,301,302,303,304,305,306,307,308,309,310,312,313,314,315,316,318,319,320,322,323,324,326,328,329,332,333,334,336,337,338,339,340,341,342,343,344,347,348,350,351,352,353,354,355,356,357,358,360,361,363,364,365,367,368,369,370,373,374,375,376,378,379,381,382,383,384,385,386,388,389,390,392,393,395,396,397,398,401,402,403,404,406,408,410,411,413,414,415,417,419,421,422,423,425,426,427,428,429,430,432,434,435,437,439,440,441,442,443,444,445,446,447,449,450,452,453,454,455,457,458,460,461,463,464,468,470,473,481,483,494,501,502,503,505,521,527,534,557,567,588
31,31,33,34,35,36,37,38,39,41,45,46,47,48,49,53,54,56,57,58,59,60,61,62,63,66,67,70,71,74,75,76,77,78,79,80,81,82,83,84,85,86,87,88,89,90,91,92,94,95,96,97,99,103,104,110,112,116,119,121,122,123,124,126,127,128,129,131,132,133,134,136,137,138,140,142,143,144,145,148,149,150,153,154,155,156,158,171,177,178,180,181,182,183,184,186,188,190,191,192,193,194,197,199,200,203,204,205,206,207,208,210,214,215,216,217,218,222,223,225,227,228,230,233,234,235,236,238,241,242,243,245,246,247,248,251,253,256,257,258,259,260,261,262,265,266,267,268,271,272,273,275,276,277,279,280,282,284,285,286,288,289,291,292,294,296,297,300,301,302,307,308,309,310,311,313,315,316,318,321,322,324,326,328,334,338,340,341,343,344,347,348,351,354,358,360,361,363,364,366,368,369,370,371,372,373,374,375,378,379,381,382,383,384,386,389,390,391,392,393,394,395,396,402,403,404,405,407,410,411,412,413,414,415,416,417,418,419,420,422,423,424,425,426,431,433,434,435,436,437,438,439,442,444,445,447,449,450,451,452,455,456,457,459,461,462,464,466,467,469,471,472,474,475,476,477,478,481,482,483,484,485,486,487,488,489,493,496,497,500,508,511,514,516,521,523,525,531,532,533,541,543,559,560,571,608,641
32,30,33,35,36,38,39,40,41,43,44,45,46,47,48,49,50,51,52,53,54,55,56,57,58,59,61,62,64,65,66,67,68,69,70,72,73,76,77,79,80,84,85,86,89,90,92,94,95,98,100,104,111,113,114,119,123,124,125,128,130,133,136,138,139,141,143,144,145,146,147,151,153,155,157,159,162,165,168,169,170,172,173,174,175,176,177,178,181,183,184,185,186,187,188,189,191,192,193,194,196,198,199,202,203,204,205,206,208,212,213,215,218,219,221,222,224,226,227,233,234,236,238,239,240,241,242,244,248,249,250,251,253,254,255,256,258,259,260,263,264,267,268,271,279,280,283,284,285,286,287,288,289,290,293,294,296,297,298,300,303,305,307,310,311,312,313,315,316,317,320,321,324,325,329,330,331,333,334,335,336,338,344,345,348,352,356,360,366,368,369,371,373,374,375,376,378,379,380,381,383,385,386,387,388,389,390,391,393,394,397,399,402,404,405,407,408,409,411,412,413,415,416,417,418,420,422,424,425,426,430,431,432,436,437,439,442,444,447,448,450,453,457,458,460,461,464,465,469,473,474,477,479,483,484,486,487,490,492,496,501,504,509,511,513,525,527,528,544,548,551,552,576,592
33,28,30,34,36,37,41,42,43,45,48,49,50,52,54,55,57,58,60,61,62,63,64,65,66,67,68,70,71,72,73,74,75,76,77,78,80,81,84,86,87,88,90,91,92,93,94,95,96,99,100,102,105,106,107,121,123,128,129,132,135,136,137,138,139,141,144,145,147,148,149,152,153,157,158,159,160,165,166,167,171,172,174,178,179,180,181,182,186,187,189,191,192,194,197,199,203,204,206,207,208,209,214,216,218,219,220,221,225,228,229,230,233,235,237,239,242,243,245,248,249,251,252,253,254,255,256,259,260,262,265,266,270,271,273,274,276,277,278,280,283,284,286,288,292,294,296,298,299,302,305,308,309,314,316,321,327,328,337,338,341,343,348,350,358,361,363,365,368,370,372,374,375,376,378,382,383,384,385,386,389,390,391,392,393,395,396,398,399,400,401,403,404,405,406,408,410,411,412,413,414,415,416,417,419,420,421,422,423,424,425,426,427,429,431,432,433,434,435,436,439,440,442,443,444,445,446,450,452,453,454,455,457,459,460,461,462,463,464,465,469,470,471,472,473,474,475,476,477,479,480,483,485,486,490,491,493,494,495,497,504,506,507,509,514,516,523,545,574,576,579,660
34,1,26,29,33,34,35,38,39,40,41,42,43,45,46,47,48,49,50,52,54,55,56,57,58,59,60,61,62,63,64,65,67,68,69,73,74,75,76,77,78,80,81,85,87,88,89,90,92,94,95,96,97,99,105,106,107,108,111,112,113,114,116,117,118,124,125,134,135,136,138,139,140,143,144,145,147,148,150,153,154,155,156,157,158,160,163,166,167,168,172,174,177,182,183,186,188,191,194,195,196,201,202,209,210,211,212,213,214,215,218,219,220,221,224,225,226,233,237,238,240,259,261,267,275,279,280,286,294,299,302,309,311,313,314,319,320,321,333,337,339,340,345,350,375,377,383,384,388,393,395,396,399,401,403,406,407,409,410,412,413,415,416,421,422,426,427,430,431,432,433,437,440,441,443,444,445,446,449,450,451,452,453,456,457,458,459,460,461,462,464,466,468,469,471,480,481,483,484,486,488,489,499,501,504,506,512,520,533,536,552,568,598,634,696
35,23,27,28,31,32,35,41,45,46,47,52,53,54,56,59,60,62,63,64,65,66,67,68,69,70,72,73,74,75,77,78,79,81,82,83,84,85,86,87,90,92,94,96,105,106,107,109,111,112,115,119,123,127,138,140,141,147,150,152,154,155,157,158,163,166,167,168,171,172,174,175,176,183,184,185,186,202,203,208,210,211,213,218,219,220,221,223,224,225,228,229,230,231,234,235,236,239,240,242,243,244,245,259,268,273,275,276,285,292,295,297,298,311,316,319,324,334,337,346,348,351,357,378,379,383,384,386,388,389,391,392,399,401,403,404,405,406,407,408,409,412,415,416,418,419,420,421,422,423,424,425,429,430,432,433,436,438,440,442,443,455,459,463,464,466,467,468,472,474,478,480,482,484,485,493,498,510,520,527,528,535,561,566,569,572,603
36,17,23,28,34,37,39,44,56,57,58,63,70,71,72,76,78,80,81,82,87,94,96,97,99,101,103,105,107,108,111,112,139,142,144,146,147,148,151,153,154,155,156,158,159,161,168,173,180,184,187,193,194,196,199,216,221,222,224,227,236,238,239,249,250,255,259,264,265,270,271,277,280,284,294,301,317,386,389,391,395,399,403,406,408,409,414,416,417,418,419,420,421,422,423,424,426,427,428,429,430,432,433,434,435,436,437,438,439,441,442,447,448,449,450,451,455,458,462,463,466,467,471,474,478,479,490,492,494,495,500,501,502,507,510,513,514,515,516,523,537,548,565,583,617,652
37,58,74,96,97,99,105,111,137,171,195,203,216,224,245,260,264,287,300,305,595
38,99,537,637,671
39,4,543,687
40,
41,372,676,685
42,10,362,587
43,44,503,557,685
44,654
45,135,195,262,470,505
46,363
47,526,654
48,44,118,345,365,404,440,694
49,204,528
50,79,155,216,372,418,482
51,70,119,341,561,581,648
52,28,230,247,437,443,478,525,536,602,603,676
53,518,550
54,348
55,521,577,578,648
56,59,377,386,559,570
57,599,624
58,3,100,567,586
59,25,80,198,342,532,593,608,609
60,78,447,479,498,593,653
61,19,131,363,587,661,694
62,143,235,318,466,573,637,660,686
63,28,245,302,351
64,13,24,27,66,88,124,192,360,605,643,674
65,26,386,528,585,588
66,648
67,605
68,73,548,692
69,98,170,258,365,393,458,630
70,195,231,402,547,663
71,36,103,120,534,602
72,71,147,303,370,391,603
73,280,377,473
74,9,63,75,269,502,656
75,209,211,261,277,371,696
76,189,277,491,589,625
77,4,98,377,624
78,46,193,408,554,622
79,22,64,75,85,214,309,668
80,112,146,399,666,674
81,19,31,32,96,522,637,685
82,12,631
83,23,612
84,73,121,134,320,441,595,669
85,38,184,315,354,360,383,414,666
86,190,247,348,475,597,639
87,356,367
88,32,34,68,270,286,614
89,275,368,518,566
90,438,548,574
91,413,418,550,557,624
92,51,101,256,417,451,510,541,542,646,685
93,26,142,363,585,589,679
94,
95,
96,
97,
98,
