0
0,692
1,330,386,525
2,8,73,284,465,525,664,667
3,101,139,236,275,307,434,541,605,641
4,268,284,325,511,591,603,695
5,3,178,319,607,616
6,72,77,84,99,152,260,320,418,554,609,669
7,73,78,81,88,89,108,111,118,193,514,526,678
8,26,80,81,83,85,91,96,121,125,137,142,150,155,198,224,332,447,565,625,644,692
9,80,81,82,86,88,91,113,114,116,119,130,132,136,142,148,200,325,370,439,489,572,679
10,83,84,85,90,92,102,106,108,111,126,146,259,262,335,547,606,611,624,626,662
11,78,81,85,86,87,88,90,92,99,107,112,117,127,220,222,282,589,590,593,602,642,648
12,75,76,77,79,80,82,83,84,85,86,87,88,89,90,91,92,93,95,96,97,100,101,102,107,108,113,115,116,118,119,123,127,133,139,161,176,345,381,424,570,574,585,586,587,592,613,616,627,631,637,649,651,664,669
13,71,74,76,77,78,79,80,81,82,83,84,85,86,87,88,89,90,91,92,93,94,95,96,97,98,99,100,101,102,103,104,105,106,107,108,109,110,111,112,113,114,115,116,117,118,119,120,121,122,123,124,125,126,127,128,129,130,131,132,133,134,135,136,137,138,141,143,144,145,146,147,148,149,150,151,153,155,156,157,158,160,162,164,165,166,167,168,171,172,173,190,219,230,352,361,572,599,605,625,642
14,68,69,71,74,75,76,77,78,79,80,81,82,83,84,85,86,87,88,89,90,91,92,93,94,95,96,97,98,99,100,101,102,103,104,105,106,107,108,109,110,111,112,113,114,115,116,117,118,119,120,121,122,123,124,125,126,127,128,129,130,131,132,133,134,135,136,137,138,139,140,141,142,143,144,145,146,148,149,150,151,152,153,154,155,156,158,160,162,164,165,166,167,168,170,171,173,174,175,176,177,178,179,183,186,187,188,189,190,193,194,195,198,200,201,202,203,206,207,208,210,212,213,214,216,217,218,220,224,225,227,228,231,235,243,244,264,266,269,288,297,381,388,563,573,617
15,41,54,73,74,76,77,78,79,80,81,82,83,84,86,87,88,89,90,91,92,93,94,95,96,97,98,99,100,101,102,103,104,105,106,107,108,109,110,111,112,113,114,115,116,117,118,119,120,121,122,123,124,125,126,127,128,129,130,131,132,133,134,135,136,137,138,139,140,141,142,143,144,145,146,147,148,149,150,151,152,153,154,155,156,157,158,159,160,161,162,163,164,165,166,167,169,170,171,172,175,178,179,180,181,182,184,185,186,187,188,189,190,191,193,194,195,196,197,198,199,200,201,203,204,206,207,208,210,211,213,214,215,216,217,218,221,222,223,224,226,229,232,233,235,241,243,246,251,252,253,260,263,264,266,271,280,283,296,305,306,312,373,446,563,564,567,572,575,585,586,588,593,597,678
16,6,12,24,68,70,71,76,78,79,80,81,82,83,84,85,86,87,88,89,90,91,92,93,94,95,96,97,98,99,100,101,102,103,104,105,106,107,108,109,110,111,113,114,115,116,117,118,119,120,121,122,123,124,125,126,127,128,129,130,131,132,133,134,135,136,137,138,139,140,141,142,143,144,145,146,147,148,149,150,151,152,153,154,155,156,157,158,159,161,162,164,165,166,167,168,169,170,172,173,175,176,177,178,179,180,182,183,184,186,187,188,189,190,191,192,193,194,196,198,200,201,202,203,204,205,206,207,208,209,210,211,212,213,214,215,217,218,220,222,223,224,225,226,227,228,229,232,234,235,236,237,238,239,242,243,244,245,247,248,253,254,256,257,258,259,263,264,268,269,274,276,281,284,290,310,318,325,539,566,567
17,26,72,77,81,82,83,84,85,86,87,88,89,90,91,92,93,94,95,96,97,98,99,100,101,102,103,104,105,106,107,108,109,110,111,112,113,114,115,116,117,118,119,120,121,122,123,124,125,126,127,128,129,130,131,132,133,134,135,136,137,138,139,140,141,142,143,144,145,146,148,149,150,151,152,153,154,155,156,158,160,161,162,163,164,165,166,167,168,171,172,173,174,175,176,178,179,180,181,182,183,184,185,186,187,188,189,190,191,192,193,194,195,196,197,198,199,200,201,202,203,204,205,206,207,208,209,210,211,212,213,214,215,216,217,218,220,221,222,223,224,225,226,228,230,232,234,235,236,237,240,241,242,244,245,246,247,248,250,252,253,254,255,256,257,258,260,262,263,264,265,266,267,269,270,271,274,276,277,281,283,287,292,300,301,305,319,340,364,390,410,458,495,539
18,39,41,76,77,78,79,81,82,83,84,85,86,87,89,90,91,92,93,94,95,96,97,98,99,100,101,102,103,104,105,106,107,109,110,111,112,113,114,115,116,117,118,119,120,121,122,123,124,125,126,127,128,129,130,131,132,133,134,135,136,137,138,139,140,141,142,143,144,145,147,148,149,150,151,152,153,154,155,156,158,159,160,161,162,163,165,167,168,169,170,171,172,174,175,177,178,180,181,182,183,184,185,186,187,188,189,190,191,192,193,194,195,196,197,198,199,200,202,203,204,205,207,208,209,210,211,212,213,214,215,216,217,218,219,220,221,222,223,224,225,226,227,228,229,230,232,233,234,235,236,237,238,239,240,241,245,246,247,248,250,252,255,256,257,258,259,260,261,262,263,264,265,266,267,268,271,272,276,277,281,292,296,297,298,299,300,301,302,305,310,311,319,321,322,323,342,389,433,463,476,545,620,622,695
19,75,79,80,82,83,84,85,86,87,88,89,90,91,92,93,94,96,97,98,99,100,101,102,103,104,105,106,107,108,109,110,111,112,113,114,115,116,117,118,119,120,121,122,123,124,125,126,127,128,129,130,131,132,133,134,135,136,137,138,139,140,141,142,143,144,145,146,147,148,150,151,152,153,154,155,156,157,158,159,160,161,162,163,164,165,166,167,168,169,170,174,175,176,178,179,180,181,182,183,184,185,187,188,189,190,192,193,194,195,196,197,198,199,200,201,202,203,204,205,206,207,208,209,210,211,212,213,214,215,216,217,218,220,221,222,223,224,225,226,227,228,229,234,237,241,242,243,244,245,248,250,251,254,255,256,258,261,264,265,266,267,268,270,271,273,274,275,276,277,279,281,282,283,286,288,291,293,295,296,297,298,301,302,304,309,310,323,330,332,350,385,437
20,77,78,79,82,83,84,85,87,88,89,90,91,92,93,94,95,96,97,98,99,100,101,102,103,104,105,107,108,110,111,112,113,114,115,116,117,118,119,120,121,122,123,124,125,126,127,128,129,130,131,132,133,134,135,136,137,138,139,140,142,143,144,145,146,147,148,149,150,151,152,153,154,155,156,157,158,159,160,161,163,164,165,167,168,169,170,171,173,174,175,176,177,178,180,181,182,183,184,185,186,187,188,189,190,191,192,193,194,195,196,198,199,200,201,203,204,205,206,207,208,209,210,211,212,213,214,215,216,217,219,220,222,223,224,225,226,227,228,229,230,234,236,237,238,239,241,242,243,244,245,247,250,252,253,255,256,258,260,262,268,269,271,272,276,278,280,281,284,287,291,293,294,298,301,303,307,315,320,327,329,333,340,342,350,355,408,441,475,521,525,623
21,80,83,84,85,89,90,91,93,95,96,97,98,99,100,101,102,103,104,105,106,107,108,109,110,112,113,114,115,116,117,118,119,120,122,123,124,125,126,127,128,129,130,131,132,133,134,135,136,138,139,140,141,142,143,145,146,147,148,150,151,152,153,155,157,158,159,160,161,162,163,164,165,166,167,168,169,171,172,173,175,177,178,179,180,181,182,183,184,185,186,187,188,189,190,191,192,193,194,195,196,197,199,200,201,202,203,204,205,206,207,208,209,210,214,215,216,217,218,219,220,222,223,224,225,226,227,228,229,230,231,232,233,234,235,237,238,239,242,243,245,246,247,248,251,252,254,255,259,260,263,266,271,272,277,279,280,288,290,291,294,296,301,303,307,309,314,319,324,347,354,356,360,367,369,375,394,432,533,607,631,672
22,36,39,65,80,87,88,89,90,94,95,97,98,99,100,101,102,103,104,105,106,107,108,109,110,111,112,113,114,116,117,118,119,120,121,122,123,124,125,126,127,128,129,130,131,132,133,134,135,136,138,140,141,142,143,145,146,147,148,149,150,151,153,154,155,156,157,158,159,160,161,162,163,164,166,167,168,169,170,171,172,173,174,175,176,177,178,179,180,181,183,184,185,186,187,188,190,191,192,193,194,195,196,197,199,200,201,202,203,204,205,206,207,208,209,210,212,213,214,215,216,217,218,219,220,221,223,224,225,226,227,228,229,231,232,233,234,235,236,237,239,240,241,242,244,245,246,248,249,250,251,252,253,254,255,256,257,258,260,261,262,263,265,267,268,269,270,271,272,274,276,279,280,290,293,296,297,299,306,317,323,324,326,347,353,359,395,470
23,80,81,84,90,91,92,93,94,96,97,98,100,101,102,104,105,106,107,108,109,110,111,112,113,114,115,116,117,119,120,121,122,123,124,125,126,127,128,129,130,131,132,133,134,135,136,137,138,139,140,141,143,144,145,146,147,148,149,150,151,152,153,154,155,157,158,160,161,162,163,164,165,166,167,168,170,171,173,174,175,178,179,180,181,182,183,184,185,186,187,189,190,191,192,193,196,197,198,199,200,202,203,204,205,206,208,209,210,211,212,213,214,215,216,217,218,219,220,221,222,223,224,225,226,228,229,230,232,233,234,235,237,238,240,241,242,243,244,245,246,247,249,250,251,252,253,254,255,256,258,262,264,266,268,269,270,272,273,274,276,277,278,279,281,282,283,284,286,287,288,289,290,292,293,294,296,298,299,301,302,303,306,309,311,316,317,322,323,324,327,329,330,331,333,334,345,347,354,358,363,369,399,418,453,608
24,90,94,95,96,97,99,100,101,102,103,104,105,106,108,109,110,111,112,113,114,115,116,117,118,119,120,122,124,125,126,127,128,129,130,131,132,133,134,135,136,137,138,139,140,141,142,143,144,145,146,147,148,149,150,151,152,153,154,155,156,157,158,159,160,161,162,163,164,166,167,168,169,170,171,172,173,174,175,177,178,179,180,181,182,184,185,186,187,190,191,192,193,194,195,196,197,198,199,200,201,202,204,205,206,207,208,209,210,211,212,213,214,215,216,217,218,219,220,221,222,223,224,225,226,227,228,229,230,231,232,234,235,236,237,239,240,241,244,245,247,248,249,250,251,252,253,254,255,256,258,259,260,261,262,263,264,265,266,268,269,272,273,274,275,276,277,279,282,283,287,288,289,290,291,295,298,299,300,301,304,308,309,311,313,315,318,320,321,323,326,332,334,340,341,343,348,353,390,394,395,455,466,471,494,512,519,621
25,66,97,99,100,101,104,106,107,108,109,110,111,112,113,114,115,117,118,119,120,121,122,123,124,125,126,127,128,129,130,131,132,134,135,136,137,138,140,141,142,144,146,147,148,149,150,151,152,153,154,155,156,157,158,159,160,162,164,165,167,168,169,170,172,174,176,178,179,180,181,186,187,188,189,190,192,193,194,195,197,198,199,200,201,202,203,204,205,206,207,208,209,210,211,212,213,214,215,216,217,218,219,220,221,222,223,224,225,226,227,228,229,230,231,232,233,234,235,236,238,240,241,243,245,246,247,248,249,250,251,252,253,254,257,260,261,263,265,266,267,268,269,270,271,272,273,274,275,277,279,280,282,283,285,286,287,290,294,296,298,300,303,307,308,309,312,313,315,319,320,322,323,326,328,329,331,345,355,360,384,389,392,393,405,411,445,470,485,501,550,629,652,661
26,93,96,97,98,99,100,101,102,104,105,106,109,110,111,112,114,115,116,119,122,123,124,125,126,127,128,129,130,131,132,134,136,137,138,139,140,142,143,144,145,146,147,148,149,150,151,152,153,155,156,157,158,160,161,162,163,164,165,166,167,170,171,172,173,174,175,176,177,178,179,181,183,185,186,187,188,189,190,191,192,193,194,195,196,199,200,201,203,204,205,206,207,208,209,210,211,212,213,214,215,216,217,220,221,222,223,225,226,227,231,232,233,234,235,236,237,238,239,240,241,243,244,245,246,247,248,249,250,251,252,253,254,255,256,257,258,259,260,262,264,265,266,267,268,269,270,271,272,273,274,275,276,277,279,280,281,282,283,284,287,288,289,290,291,293,297,298,299,300,301,302,304,305,307,308,309,313,315,316,317,319,323,325,326,332,333,337,340,341,343,344,346,348,352,353,358,360,372,374,389,393,418,427,435,442,454,459,470,487,567
27,35,84,92,94,95,98,99,102,103,104,105,110,111,112,113,114,115,116,117,118,119,120,121,122,123,124,127,129,130,131,132,133,134,135,137,138,139,140,143,145,147,148,149,151,152,153,157,158,159,160,161,162,165,166,168,169,170,171,172,173,174,175,176,179,180,182,183,184,185,186,188,189,190,191,193,194,195,196,197,198,199,200,201,202,203,204,206,207,208,209,210,211,212,213,214,217,220,221,223,224,226,227,228,230,231,232,233,234,235,237,238,239,241,242,243,244,245,246,247,249,250,251,252,253,254,256,257,258,259,260,261,264,265,267,269,270,272,273,276,277,278,279,284,286,287,290,291,292,296,297,299,300,307,311,314,319,323,325,327,330,334,341,344,348,349,362,363,364,367,368,379,400,408,411,429,447,462,480,530,626,633
28,89,90,94,95,96,97,99,100,102,103,105,106,107,110,111,112,113,115,116,117,118,120,121,122,123,124,125,126,127,130,131,132,133,134,135,136,137,138,139,140,141,143,144,146,147,148,149,150,151,152,156,157,159,160,161,162,163,165,166,167,168,174,175,179,180,183,184,187,188,191,192,194,195,197,199,200,201,202,204,205,208,209,210,211,212,213,214,215,216,217,219,220,221,222,223,224,225,226,229,230,231,233,234,235,236,237,238,239,240,241,242,243,244,245,246,247,248,249,250,251,252,253,254,255,256,260,261,262,263,264,265,266,268,269,270,273,274,276,277,278,283,284,286,287,290,291,292,293,294,296,297,298,299,302,303,304,306,307,309,310,311,316,317,328,330,333,337,338,340,342,347,358,393,395,396,400,405,410,414,416,430,438,443,483
29,39,44,51,58,91,92,93,94,95,96,98,99,100,101,102,104,105,108,109,110,111,113,114,123,124,126,127,130,131,132,137,138,141,142,143,144,146,147,149,152,153,154,155,159,160,161,162,163,164,166,167,168,170,171,172,173,175,176,177,180,181,182,184,187,189,191,192,193,194,195,196,197,198,200,201,202,203,204,205,206,207,208,209,210,211,212,213,214,217,219,220,221,222,223,224,225,226,227,228,229,230,231,234,236,237,239,240,241,243,244,246,247,248,249,250,251,252,254,255,256,257,258,259,260,261,263,265,266,268,269,270,271,273,274,276,277,278,279,280,281,282,283,286,287,288,289,293,295,297,299,300,302,303,308,310,315,320,321,323,325,326,328,332,335,340,341,342,348,349,353,355,356,357,367,374,377,379,382,383,387,392,400,403,404,410,417,423,427,484,572,590,660
30,60,87,88,90,92,93,94,95,97,98,102,103,104,105,107,108,110,112,113,114,115,116,117,118,119,120,122,124,126,127,128,132,135,136,137,140,143,146,147,150,153,154,155,156,159,160,165,167,168,169,170,175,179,180,183,184,187,188,190,191,192,193,194,195,196,197,198,199,200,202,204,205,206,207,208,209,210,211,212,213,214,215,216,217,218,219,220,222,223,224,226,227,229,230,231,234,235,236,237,238,239,240,242,244,245,247,248,249,251,252,253,254,256,257,258,259,261,262,263,265,266,268,269,270,271,273,274,275,276,277,278,279,280,281,283,285,287,288,289,290,291,292,293,294,295,296,297,299,300,302,303,306,307,308,309,310,311,312,314,317,319,321,322,326,327,328,331,333,334,337,340,342,343,348,349,353,356,374,380,382,383,386,387,389,406,408,429,440,446,452,494,617,644
31,84,86,87,89,90,91,92,93,94,95,96,97,98,101,103,106,110,111,115,117,118,119,120,121,123,124,125,126,129,130,131,134,135,136,139,140,142,143,145,149,150,152,154,155,158,164,166,169,170,171,174,175,177,181,185,186,187,190,191,192,194,195,196,197,198,199,200,202,203,204,207,208,210,211,212,213,214,215,218,219,220,221,222,223,224,226,228,231,232,233,237,238,240,242,244,245,248,249,250,252,254,256,257,260,262,263,264,265,267,269,270,271,272,273,274,275,277,278,279,280,281,283,284,285,286,287,288,289,290,292,294,295,296,297,298,304,305,308,310,312,314,315,316,318,319,320,321,323,325,326,328,329,331,333,336,337,339,342,346,347,359,362,363,366,367,370,371,382,387,395,411,412,415,430,468,470,472,492,673
32,85,86,88,89,90,91,92,93,94,96,97,98,99,100,101,102,103,104,108,109,110,111,112,113,114,116,117,120,122,123,125,126,127,131,132,133,134,136,137,141,144,147,149,150,151,155,157,160,161,162,170,176,178,179,181,183,185,186,187,188,189,190,191,192,196,197,198,199,201,202,203,205,206,209,210,211,212,213,216,217,220,224,225,227,229,230,232,233,237,238,239,240,242,243,244,246,249,250,251,255,257,260,261,262,263,264,267,268,269,271,272,273,281,282,285,290,291,292,293,295,296,300,301,304,305,306,308,316,318,319,321,327,333,337,345,348,350,357,366,369,370,400,401,431,531
33,73,83,85,86,87,88,89,90,91,92,93,94,98,99,100,101,102,103,105,106,107,109,110,111,112,113,114,115,116,118,119,120,121,122,123,126,127,130,133,134,135,137,138,149,151,153,162,166,169,172,180,184,185,187,190,191,192,194,195,196,199,201,203,204,206,207,209,210,216,217,218,219,220,221,223,225,226,227,231,232,233,235,236,237,238,239,240,241,242,243,245,246,247,248,250,251,254,255,256,257,259,260,262,263,264,269,270,272,276,277,282,283,284,286,287,291,294,296,298,299,304,305,306,314,319,323,326,333,339,340,342,343,350,354,359,361,362,371,375,376,436,459,509
34,32,79,80,82,83,85,86,87,88,89,91,92,93,94,97,98,99,101,102,103,106,107,113,115,116,118,120,122,123,127,128,130,132,139,140,145,146,147,149,152,155,157,159,163,164,165,166,169,177,178,180,182,183,184,189,190,191,192,194,195,199,200,202,204,205,212,213,215,216,217,220,223,226,231,232,233,236,240,245,249,252,254,255,259,261,265,266,268,270,272,275,276,277,280,281,285,288,289,290,295,296,299,300,301,302,304,306,308,309,312,313,316,319,328,329,330,331,334,335,336,339,342,347,351,365,370,373,407
35,75,77,78,79,80,81,82,84,85,86,87,89,91,92,93,94,95,96,97,98,99,101,102,103,105,106,107,111,112,113,115,117,119,121,123,124,128,131,132,135,136,137,138,139,141,142,143,145,148,149,150,152,153,154,155,158,160,164,168,170,173,174,175,176,177,178,179,180,181,182,183,185,188,190,192,193,194,195,197,199,200,201,202,204,206,208,210,215,224,225,227,232,233,236,238,248,251,254,255,268,269,270,271,272,275,278,279,282,283,290,294,301,302,303,305,306,307,309,317,324,327,331,333,335,336,339,340,347,348,350,353,354,359,360,366,371,372,379,382,394,398,400,401,402,454,603,678
36,77,79,80,81,82,83,84,85,86,87,88,91,94,95,97,100,101,106,107,108,111,112,116,117,122,131,133,138,139,144,146,147,148,150,152,154,160,161,162,164,171,172,174,175,179,183,186,187,188,189,190,192,193,194,195,197,198,199,203,204,207,208,209,210,213,214,216,219,220,223,226,228,229,231,233,234,237,240,246,250,252,254,256,258,261,269,272,274,275,277,278,281,283,288,291,304,305,306,311,312,315,318,324,327,329,331,333,334,336,343,345,347,349,350,352,354,359,360,361,362,380,387,390,415,419,439,664
37,69,70,72,73,74,75,76,77,78,79,80,81,82,83,84,86,87,88,90,91,92,93,94,96,99,100,101,102,103,104,105,106,111,114,115,116,117,118,121,122,123,124,129,130,132,133,134,136,140,145,146,150,153,166,169,170,171,172,173,174,176,177,179,181,185,187,191,192,194,198,199,200,201,202,208,210,211,213,214,215,217,221,222,223,224,226,228,231,232,233,235,237,238,242,243,244,245,247,249,252,254,256,263,271,277,309,311,314,318,321,324,327,329,331,335,340,342,355,356,365,368,372,374,375,381,388,393,415,442,479,659
38,20,71,72,73,74,75,76,77,78,80,81,82,83,84,85,87,88,89,91,92,93,94,97,98,99,101,103,105,108,111,112,115,116,117,118,119,120,121,122,124,127,129,137,138,139,141,144,145,150,152,155,157,160,163,164,165,166,168,170,173,174,177,178,179,182,183,184,185,187,192,194,195,197,199,205,207,211,215,220,224,225,226,228,231,232,237,242,248,250,253,254,255,256,271,274,275,277,278,286,292,298,303,309,310,312,316,323,324,326,334,347,350,362,364,366,382,401,415,428,502
39,68,70,71,72,73,74,75,76,77,78,79,80,81,82,83,84,85,86,87,89,90,91,92,93,95,97,98,99,100,101,102,103,104,105,110,111,115,116,117,118,120,122,124,125,126,130,131,133,141,142,143,145,146,147,148,155,156,158,160,161,162,165,171,176,180,181,184,185,187,188,189,190,193,195,198,199,200,201,202,203,220,222,224,226,227,228,229,230,231,234,236,239,240,242,246,251,255,258,261,263,270,273,274,275,276,277,281,283,285,287,288,291,293,295,296,297,298,301,307,310,312,315,319,326,332,340,343,346,354,357,361,387,393,404,475,513
40,21,65,66,67,68,69,70,71,72,73,74,75,76,77,78,79,80,81,82,83,85,86,87,88,89,90,92,93,94,97,100,101,102,103,104,107,108,109,114,116,118,120,121,123,126,130,131,136,141,142,146,147,149,150,152,153,154,156,157,158,160,161,162,165,166,167,168,169,170,171,172,173,174,175,180,189,190,195,199,200,202,203,206,207,211,213,214,215,222,224,225,226,228,231,233,236,237,238,241,242,243,247,249,253,256,259,260,261,262,263,265,269,270,275,278,282,284,286,288,289,293,299,301,303,305,310,316,326,329,332,343,344,346,361,367,368,371,373,377,403,408,494,502
41,60,63,64,65,66,67,69,70,71,72,73,74,75,76,77,78,79,80,81,82,83,84,87,88,89,94,95,100,101,103,105,106,108,110,111,112,113,115,118,119,120,124,126,127,130,131,133,134,135,138,140,144,146,147,150,154,157,158,159,160,161,165,168,172,175,177,178,181,183,188,191,195,196,197,199,201,205,210,214,216,219,220,222,223,224,225,226,227,228,229,231,233,237,238,240,242,243,244,248,249,250,252,254,255,258,259,260,262,263,264,267,268,269,273,277,279,281,282,283,284,285,286,287,288,291,298,299,301,302,305,308,312,315,317,321,323,324,329,334,342,348,349,365,367,374,400,464,469
42,11,38,59,60,61,62,63,64,65,66,67,68,69,70,71,72,73,74,75,76,77,79,80,81,82,83,84,86,88,90,91,92,93,94,96,100,101,106,107,108,110,112,113,114,117,118,119,120,121,131,136,138,142,143,144,145,150,151,155,161,162,166,167,168,173,176,181,184,185,186,187,189,191,194,198,211,213,217,218,219,220,221,224,225,229,233,234,236,239,240,243,244,245,246,248,249,250,251,252,253,256,258,263,269,272,275,277,278,279,280,282,283,287,290,291,293,295,298,302,308,309,310,312,313,320,323,328,332,334,338,340,349,352,353,371,375,386,391,420,424,464,470,540,620
43,8,58,59,60,61,63,64,65,66,67,70,71,73,74,75,76,77,78,79,80,81,82,85,86,87,90,91,95,96,98,101,102,105,107,110,115,117,118,119,120,121,124,130,131,142,143,146,148,151,157,160,162,163,171,174,178,196,211,212,215,218,220,222,223,226,227,229,231,233,234,239,241,244,247,248,250,251,257,258,265,267,268,270,274,275,278,281,283,287,288,290,295,297,300,302,304,306,307,314,317,325,333,341,343,346,349,355,357,362,375,376,377,382,387,389,400,406,411,420,543,635,665
44,56,58,59,61,62,63,64,65,66,67,68,69,70,71,72,73,74,75,76,78,79,80,82,83,84,85,86,87,88,89,90,91,97,101,104,107,108,110,112,116,125,130,131,132,134,138,140,149,152,155,159,161,165,168,169,171,176,183,188,198,199,205,210,211,217,220,222,224,228,233,236,237,240,243,249,250,253,257,266,272,274,277,279,280,283,285,290,293,294,295,296,301,302,306,310,312,320,325,332,336,338,341,349,351,352,354,355,361,365,370,371,375,380,381,386,397,421,429
45,57,58,61,64,65,66,67,68,69,70,71,72,75,76,78,80,81,82,83,84,88,89,90,91,92,93,94,97,98,99,101,102,104,106,107,108,111,112,113,116,117,118,123,130,132,135,138,142,149,150,154,155,156,158,159,161,164,169,170,174,179,181,184,188,201,205,210,213,218,224,225,228,233,234,236,240,241,242,246,248,250,251,257,260,262,264,268,273,276,277,278,285,293,294,299,300,310,314,315,323,327,330,333,334,335,346,350,352,361,362,367,373,383,393,397,423,425,572
46,30,56,58,60,63,64,65,66,67,68,69,70,71,74,75,76,77,78,79,80,81,84,87,89,91,93,94,100,103,104,107,121,130,131,132,135,136,139,140,142,145,150,151,161,162,165,167,169,173,188,194,197,208,223,224,232,235,237,238,239,240,245,247,250,251,252,255,261,264,266,267,272,274,277,281,282,284,287,292,298,300,305,307,314,316,318,321,324,336,346,348,352,359,368,370,376,388
47,46,54,55,56,58,59,61,62,63,64,65,66,67,68,69,70,71,72,74,75,77,78,79,81,82,83,84,85,87,88,89,91,93,94,96,97,99,101,103,104,108,109,112,116,118,119,124,128,140,144,148,151,153,154,158,159,161,163,164,167,174,175,176,186,199,203,206,207,213,215,218,219,220,222,223,224,225,226,227,230,239,242,250,252,254,255,259,263,271,273,279,289,291,298,300,312,322,385,535
48,54,55,56,58,59,60,61,62,63,64,65,66,67,68,69,72,73,75,76,77,78,80,82,83,84,86,87,88,92,94,96,100,101,102,105,106,108,109,110,112,113,118,122,124,126,129,130,131,133,134,135,136,138,145,146,148,149,158,160,169,171,175,178,179,180,182,184,185,187,191,204,205,207,220,223,228,233,236,242,265,269,270,271,276,277,278,288,289,296,298,301,308,309,322,375,429,646
49,44,48,51,53,54,55,56,57,58,59,60,61,62,63,64,65,66,67,70,71,72,74,75,76,78,79,80,81,82,83,86,87,88,90,91,94,95,96,102,103,104,106,108,109,110,111,113,115,118,120,122,123,129,132,143,152,153,154,155,156,157,159,162,165,166,167,168,196,197,203,206,212,214,221,226,227,228,230,231,232,248,251,259,266,275,280,284,288,291,306,312,314,321,326,333,336,345,348,382,590,593,623
50,14,49,51,52,53,54,55,56,57,58,60,61,65,66,67,68,69,70,72,73,74,75,76,78,81,83,84,88,90,93,101,106,107,110,112,114,120,123,124,127,129,132,134,136,143,151,162,164,177,178,181,198,200,202,203,204,205,206,207,210,213,214,215,217,218,226,227,229,236,237,239,245,247,249,250,256,257,261,265,273,274,282,291,292,295,307,319,334,339,354,373,404,493,666,693
51,48,55,57,58,59,60,61,62,63,65,66,67,68,69,70,71,72,73,74,75,76,77,78,79,80,81,82,83,84,85,87,88,93,95,102,105,107,118,121,127,128,130,132,135,144,151,157,160,164,170,171,179,187,200,202,203,206,207,211,215,218,220,222,224,230,235,236,240,243,244,255,257,262,265,286,299,323,338,358,401,692
52,52,54,55,56,57,58,59,60,61,62,63,64,65,66,69,70,72,73,74,75,82,84,87,88,89,90,91,92,93,94,96,98,99,104,105,106,108,111,112,114,116,124,129,132,135,139,140,149,157,158,161,162,163,166,172,177,178,181,191,200,201,203,205,210,215,217,227,230,233,235,238,247,250,257,266,268,269,273,277,284,293,294,313,316,319,334,373,678
53,41,50,52,56,58,59,60,62,63,64,65,67,68,69,70,71,72,73,74,75,76,77,79,80,81,82,83,84,85,90,93,95,96,99,100,101,104,106,107,108,109,110,115,119,121,124,135,144,147,152,153,156,159,161,165,177,178,191,201,203,205,208,209,216,221,222,226,227,229,230,233,235,236,239,240,242,243,244,248,251,253,255,258,261,265,267,268,270,278,294,295,304,317,320,324,331,407,553,558
54,51,55,57,60,62,64,65,66,67,68,70,71,72,73,75,76,77,78,79,80,81,82,83,85,86,87,88,89,91,92,93,95,97,99,104,108,109,116,123,124,126,130,131,134,141,143,154,160,168,175,176,184,188,189,197,198,199,204,205,207,218,219,221,222,224,228,233,234,235,238,240,242,243,246,253,255,259,260,265,266,271,283,315,338,384,424,426,529,554,566,570,630,640,649,662,676,685
55,40,52,53,54,56,57,58,59,60,61,62,63,64,65,66,67,68,70,71,73,74,76,78,79,80,81,83,84,85,86,88,89,90,91,92,93,94,101,102,103,104,105,107,108,109,110,112,113,115,121,122,125,126,128,133,134,135,138,142,143,147,148,149,151,153,156,159,160,161,162,163,164,165,168,169,172,180,182,183,184,185,190,191,195,197,199,200,202,203,204,208,209,213,221,222,223,225,227,231,236,251,263,271,276,280,284,300,303,311,338,348,485,494,648,685
56,49,53,54,55,56,57,58,59,60,61,62,64,65,66,67,68,69,71,72,74,75,76,81,82,83,84,85,86,87,88,89,90,91,92,94,95,96,98,99,100,102,103,104,109,111,112,116,119,120,121,122,127,134,138,145,149,152,153,164,166,168,170,171,173,174,181,182,185,186,193,194,196,203,207,208,211,212,224,235,237,239,240,245,247,251,262,268,273,279,284,286,291,305,307,505,540,567,636,646,668
57,53,56,57,58,59,62,63,64,66,69,71,72,73,74,76,77,78,79,80,81,82,84,85,86,87,88,92,94,95,98,99,100,101,102,104,107,108,109,112,114,118,119,121,125,128,136,139,143,151,154,157,166,170,171,172,175,176,177,183,187,188,189,190,192,193,194,195,196,197,201,202,203,207,221,229,251,261,273,288,291,303,305,367,368,395
58,47,50,57,60,61,62,63,64,65,66,68,69,70,72,73,74,75,76,77,79,80,82,84,86,88,89,91,93,95,98,105,107,108,115,123,126,129,134,135,137,139,143,149,153,154,156,157,159,163,164,166,167,169,170,173,184,186,189,190,192,193,197,206,207,230,240,273,288,310,379,445,447,448,587
59,17,54,55,57,59,60,61,62,63,64,67,69,70,71,72,73,74,75,77,79,81,82,89,92,94,97,98,100,102,104,105,106,109,110,111,113,114,118,119,120,121,122,123,124,125,127,139,141,155,158,160,165,166,170,172,173,174,181,186,187,191,192,195,216,225,226,233,268,275,279,317,320,337,417,473,492
60,1,53,55,56,57,59,60,61,64,66,68,70,72,74,75,76,78,79,80,82,84,85,87,88,90,91,92,93,94,96,97,99,101,104,105,107,108,109,110,114,115,118,120,121,123,125,126,127,130,131,138,161,163,164,167,169,177,179,191,204,249,299,326,347,474,621
61,54,64,70,75,77,78,79,80,81,82,83,85,86,87,88,89,91,92,96,97,98,99,101,105,106,107,108,110,111,112,114,117,131,138,141,152,158,165,170,174,177,187,191,196,197,198,202,203,208,219,259,528,532,562,571,629,650
62,65,68,73,78,81,84,87,90,91,93,98,99,101,103,111,112,117,118,119,120,122,125,128,130,133,135,139,141,175,187,198,249,287,422,437,471,680
63,65,83,95,104,107,134,136,140,168,208,424,518,576,595
64,556
65,200,356,507,553
66,308,690
67,588
68,49,145,375,521
69,91,562
70,329,364,610,695
71,407,530,599,660
72,76,258,405,419,491,640
73,302,571,678
74,458,551
75,15,45,108,359,375
76,109,190,232,255,345,437,559,599
77,11,16,17,682
78,338,402,638
79,69,409,431,601,687
80,24,46,546
81,320
82,
83,
84,
85,
86,
87,
88,
89,
90,
91,
92,
93,
94,
95,
96,
97,
98,
