2
0,311
1,88,123,173,369,370,440,568,585,611
2,62,101,196,234,331,400,448,584
3,51,169,297,550,583
4,15,356,399,497,598,609,625,699
5,109,150,185,207,303,333,404,483,490,548,656
6,61,105,134,243,260,286,461,466,548,605
7,110,174,224,326,474,480,531,562,568,638
8,4,30,97,150,158,166,282,404,434,451,453,454,462,466,467,519,540,573,574,580
9,106,120,125,131,132,135,136,137,138,139,141,142,143,145,146,147,149,150,151,152,153,154,155,156,157,158,159,160,161,162,163,164,165,166,167,168,169,170,171,189,284
10,7,58,121,137,140,142,143,144,145,146,147,148,149,150,151,152,153,154,155,156,157,158,159,160,161,162,163,164,165,166,167,168,169,170,171,172,173,174,175,176,177,178,179,180,181,182,183,184,185,186,187,188,189,190,191,192,193,194,195,196,197,198,199,200,201,202,203,204,205,206,207,208,209,210,211,212,213,214,215,216,217,218,219,220,221,222,223,224,225,226,227,228,229,230,231,232,233,235,236,237,238,239,240,242,244,246,247,248,249,250,251,252,254,255,257,258,263,264,266,267,269,270,273,280,283,289,291,292,293,300,304,306,307,309,318,344,360,381,429
11,150,152,155,157,158,159,160,161,162,163,164,165,166,167,168,169,170,171,172,173,174,175,176,177,178,179,180,181,182,183,184,185,186,187,188,189,190,191,192,193,194,195,196,197,198,199,200,201,202,203,204,205,206,207,208,209,210,211,212,213,214,215,216,217,218,219,220,221,222,223,224,225,226,227,228,229,230,231,232,233,234,235,236,237,238,239,240,241,242,243,244,245,246,247,248,249,250,251,252,253,254,255,256,257,258,259,260,261,262,263,264,265,266,267,268,269,270,271,272,274,275,276,277,278,279,280,281,282,284,285,286,287,288,289,290,291,292,293,294,295,296,297,298,299,300,301,303,304,305,306,307,308,309,310,311,312,313,314,316,318,320,321,322,325,326,327,331,333,334,335,338,342,343,344,345,347,353,355,357,359,362,371,380,381,395,419,433,583
12,26,35,155,156,159,160,161,163,164,165,166,167,168,169,170,171,172,173,174,175,176,177,178,179,180,181,183,184,185,186,187,188,189,190,191,192,193,194,195,197,198,199,200,201,202,203,204,205,206,207,208,209,210,211,212,213,214,215,216,217,218,219,220,221,222,223,224,225,226,227,228,229,230,231,232,233,234,235,236,237,238,239,240,241,242,244,245,246,247,248,249,250,251,252,253,254,255,256,257,259,260,261,262,263,264,266,267,268,269,270,271,272,273,274,275,276,277,278,279,280,281,282,283,284,287,290,291,293,294,296,298,301,302,303,304,305,306,308,310,314,315,317,319,320,321,325,326,328,330,336,340,341,343,344,345,350,351,356,364,366,367,368,369,374,375,377,378,383,388,395,410,415,424,443,447,455,478,591,598,685
13,122,155,156,158,161,162,163,164,166,167,168,169,170,171,172,174,175,176,177,178,179,180,181,182,183,184,185,186,187,189,190,191,192,193,194,196,197,198,199,200,201,202,203,204,205,206,207,208,209,210,211,212,213,214,215,216,217,218,219,220,221,222,223,224,225,226,228,229,230,231,232,233,234,235,236,237,238,239,240,241,242,243,245,246,247,249,250,251,252,254,256,257,258,259,260,262,263,265,266,268,269,271,272,273,274,275,277,281,282,283,284,285,287,289,291,292,294,295,296,298,299,300,303,304,305,307,308,309,311,312,313,314,316,318,320,321,322,323,325,327,330,332,333,335,337,339,347,355,356,357,358,359,361,362,367,377,378,381,383,386,398,399,402,404,450,497,499,596
14,148,155,159,160,162,163,164,165,167,170,171,172,173,174,175,176,177,178,179,180,181,182,183,184,185,186,187,188,190,191,192,193,194,195,196,197,198,199,200,201,202,203,204,205,206,207,208,209,210,211,212,213,215,216,217,218,219,220,221,222,223,224,225,226,227,228,229,230,231,232,233,234,235,236,239,240,241,243,244,245,246,247,248,250,253,254,255,257,258,259,260,261,262,263,264,265,266,267,269,271,273,276,279,280,281,282,283,284,286,287,290,291,292,295,297,301,302,304,306,307,308,309,311,312,315,316,320,321,322,323,324,326,328,330,335,336,337,338,343,345,346,349,351,353,354,365,370,374,376,379,383,388,389,393,396,400,405,411,414,422,436,438,439,449,460,471
15,150,155,156,159,160,161,162,163,164,165,166,167,168,169,170,173,174,175,176,177,178,180,181,182,183,184,186,188,189,190,191,192,193,194,195,196,197,198,199,200,201,202,203,204,205,206,207,208,209,211,212,213,214,215,216,218,219,220,221,223,224,225,226,227,228,231,233,235,236,237,238,239,240,241,242,243,244,246,247,248,249,250,252,254,256,258,259,261,262,263,264,265,266,268,269,270,271,272,274,275,277,278,281,286,287,289,290,292,293,296,297,300,301,302,303,307,309,310,311,312,314,318,319,320,322,329,330,331,332,334,336,339,341,344,346,347,350,353,356,357,358,364,365,370,371,372,377,381,385,386,388,389,407,410,429,455,473,487,488,645
16,92,119,152,155,157,159,160,161,162,163,164,165,166,168,171,172,173,174,175,176,177,178,179,180,181,182,183,184,185,186,187,188,189,190,191,192,193,194,195,196,198,199,200,201,202,203,204,205,206,207,208,209,210,211,214,215,216,217,219,220,221,222,223,224,226,228,229,230,232,234,235,236,237,238,241,242,244,245,247,249,250,251,253,257,259,261,262,266,267,268,269,270,271,274,275,277,278,279,281,283,284,285,286,287,289,295,299,302,303,308,309,310,311,315,316,318,319,320,322,324,326,334,336,338,339,342,347,349,359,370,371,374,384,407,416,423,480,491,496,523,623,682
17,9,152,153,154,155,156,157,158,160,161,162,166,169,170,172,180,181,182,183,184,185,186,187,188,189,190,192,193,194,197,199,200,201,204,205,206,208,209,212,214,215,217,218,220,222,224,225,226,227,228,230,231,232,233,236,237,238,240,241,242,243,244,245,246,247,248,249,252,255,256,257,258,261,263,264,267,268,270,271,273,274,275,276,277,279,282,283,285,286,288,290,291,292,294,297,298,300,301,302,305,306,308,309,310,311,315,318,319,320,323,327,333,348,357,358,359,361,363,366,376,378,381,391,405,468,474,562
18,149,151,152,153,154,155,157,159,160,161,162,163,164,165,166,167,168,169,171,172,173,174,176,177,178,180,181,182,183,184,186,187,188,191,192,193,194,196,197,198,199,200,201,202,204,205,206,207,208,210,211,212,213,214,215,217,218,219,220,221,223,224,225,226,229,232,236,237,239,241,243,245,247,250,252,253,255,256,259,260,265,267,270,272,273,274,277,278,283,284,288,294,297,298,300,301,305,306,307,311,313,317,318,319,320,325,331,333,338,342,343,350,351,356,357,386,404,418,421,614,639,676
19,113,144,146,147,149,150,151,152,153,154,155,156,157,158,159,160,161,162,163,164,166,168,170,172,174,175,176,177,178,179,180,182,184,185,187,190,191,192,193,194,197,198,199,200,201,202,203,205,207,208,209,210,212,214,215,216,217,218,219,222,223,224,226,227,229,230,231,232,233,234,235,236,237,239,240,241,244,245,246,247,248,249,251,252,259,260,262,263,264,265,267,268,269,271,274,275,276,277,278,279,280,281,282,283,284,285,286,288,289,295,296,301,302,305,307,308,309,312,313,314,315,321,322,323,324,329,335,341,348,359,361,366,368,370,376,384,400,413,434,445
20,34,144,145,146,148,149,150,151,152,153,154,155,156,157,158,161,162,164,165,167,168,169,170,175,177,180,181,183,185,186,187,193,194,197,198,199,202,205,207,209,210,211,212,213,214,215,218,221,222,223,224,225,226,227,228,229,231,234,235,236,243,244,247,248,249,250,252,254,255,256,258,260,263,267,269,270,271,272,274,275,276,277,280,283,284,285,289,290,292,294,295,296,298,311,312,316,317,318,321,324,326,330,336,340,341,343,351,354,362,379,394,407,467,486,524,538,539
21,73,99,131,136,140,141,142,143,144,145,146,147,148,149,150,152,153,154,155,156,158,159,160,164,165,166,167,168,169,171,172,173,174,175,177,178,181,184,185,188,189,192,194,196,198,199,201,205,207,209,211,214,217,219,220,221,223,225,226,227,228,235,236,239,241,242,245,247,248,249,250,253,255,256,257,258,263,267,268,275,277,278,279,282,290,292,294,296,299,302,303,308,309,313,314,315,319,321,328,332,337,347,350,355,386,404,431,459,499,556,583
22,126,130,132,134,135,136,137,138,139,140,141,142,143,144,145,146,147,148,151,152,153,155,156,157,159,160,163,164,167,168,172,173,175,177,180,181,182,187,188,189,190,195,202,209,211,212,219,221,222,224,225,226,230,231,234,235,237,240,244,245,246,247,248,251,253,254,257,261,262,266,272,277,278,282,284,287,289,292,293,294,299,300,301,304,310,313,318,344,354,371,467,530,607,652
23,125,128,129,130,131,132,133,134,135,136,137,138,139,140,141,142,143,144,145,146,147,148,149,152,153,154,155,156,157,159,161,162,171,173,177,178,179,180,182,183,187,193,194,195,200,201,202,205,207,208,210,211,212,214,220,221,227,231,237,243,245,250,264,265,266,267,269,286,296,305,314,315,329,375,398,400,544
24,113,116,117,118,120,121,123,124,125,126,127,128,129,130,131,132,133,134,135,136,137,138,139,140,141,142,143,144,145,146,147,149,150,151,152,153,154,156,157,158,160,168,172,182,184,189,190,192,195,197,204,208,232,237,238,240,243,244,247,248,252,253,254,255,261,270,273,280,286,293,297,301,323,371,417,429,445,528,651
25,106,109,110,112,113,114,115,116,117,118,119,120,121,122,123,124,125,126,127,128,129,130,131,133,134,135,136,137,138,139,140,141,144,145,146,148,150,151,152,154,155,156,159,163,169,172,173,179,182,184,188,191,201,206,207,217,222,223,224,225,227,229,232,235,238,239,243,245,247,254,260,262,263,269,272,280,298,302,303,307,310,319,341
26,106,107,108,109,110,111,112,113,114,115,116,117,118,119,120,121,122,123,124,125,126,127,128,130,131,132,133,134,135,136,137,138,139,142,143,146,147,148,151,152,153,155,159,164,168,170,171,172,174,176,178,179,181,183,196,197,202,207,209,213,216,218,221,227,230,231,233,236,240,242,277,282,284,287,294,300,319,344,351,363,370,489,533
27,48,97,100,102,103,104,105,106,107,108,109,110,111,112,113,114,115,116,117,118,119,120,121,122,123,124,125,126,127,128,129,131,134,137,138,140,145,147,149,151,152,161,166,173,175,181,182,190,192,200,207,209,214,217,224,228,229,234,237,238,240,244,246,252,260,264,276,293,297,300,325,368,372,436,572,655
28,63,91,93,95,96,97,98,101,103,104,105,106,108,109,110,111,112,113,114,115,116,117,118,119,120,121,122,123,124,126,127,128,129,130,133,134,137,138,141,142,147,154,161,172,182,200,207,208,211,213,217,220,224,225,227,229,230,236,239,244,247,249,250,253,255,257,261,284,290,298,303,316,327,341,350,358,432,467,603,665
29,92,93,94,96,97,99,100,101,102,103,104,105,106,107,108,109,110,111,112,113,114,116,118,122,123,124,125,127,132,133,138,140,141,145,146,151,152,156,158,172,175,177,186,192,194,195,199,200,201,204,206,212,213,214,215,222,225,226,234,239,240,254,255,259,268,278,283,285,288,300,307,467,583
30,19,22,87,88,91,93,95,98,99,101,103,104,105,107,108,109,111,112,113,114,117,118,119,120,121,122,123,124,125,126,130,131,132,133,134,135,136,137,139,144,146,148,151,161,162,165,167,179,187,188,193,196,197,200,208,211,213,216,218,223,235,249,251,252,272,279,313,364,461
31,75,80,85,88,90,91,93,94,95,96,97,98,100,102,103,104,105,106,108,112,113,115,119,126,129,141,143,148,153,154,158,179,186,189,190,191,193,194,198,199,200,203,205,210,215,216,221,223,225,226,233,249,250,260
32,85,89,94,95,96,98,99,100,102,103,104,105,106,108,114,116,118,127,132,156,178,181,187,189,193,194,196,203,204,205,207,209,210,211,216,229,238,278,370,454,457,615,624,625,654
33,88,90,91,96,98,101,102,105,106,109,110,111,114,115,118,121,130,135,142,158,176,187,193,195,197,202,207,208,222,224,226,234,244,253,256,263,304,326,347,655
34,2,89,91,93,94,100,103,105,106,110,120,122,127,128,129,141,154,172,184,187,194,210,256,342,425,558,592,619,685
35,81,86,89,97,101,112,121,127,225,235,330,418
36,28,31,87,100,116,153,187,472,558
37,13,21,68,83,93,95,102,121,134,205,414,481
38,75,94,102,120,126,146,563
39,125,686,694
40,5,9,79,440,448,537,615
41,351,587,699
42,79,555,591
43,296,365,572,645
44,218,438,470,566,698
45,73,285,544,604,657
46,130,396,421,673,697
47,417,524
48,28,77,134,145,167,429,565
49,52,116,146,456,571
50,61,490
51,
52,
53,
54,
55,
56,
57,
58,
59,
60,
61,
62,
63,
64,
65,
66,
67,
68,
69,
70,
71,
72,
73,
74,
75,
76,
77,
78,
79,
80,
81,
82,
83,
84,
85,
86,
87,
88,
89,
90,
91,
92,
93,
94,
95,
96,
97,
98,
