12
0,299
1,141,449,565
2,102,219,291,467,521,698
3,201,259,296,352,374,414,514
4,140,453,464
5,117,145,193,386,520,600,624
6,18,51,178,396
7,177,224,244,281,547,559,562
8,126,133,170,267,586,650,677
9,55,130,135,178,273,331,500,564,568,575,613,683,686
10,80,177,210,221,270,475,562,576,578,579,586,590,598,623,659
11,132,191,219,251,427,531,545,558,560,563,572,573,581,582,584,589,598,605,608,609,614,633,666,679
12,163,300,324,353,400,550,555,557,558,560,561,566,569,570,571,572,574,576,577,581,583,585,593,600,601,604,608,612,621,623,624,626,627,659,672
13,103,372,410,458,515,547,553,557,558,561,562,571,572,573,575,576,580,582,583,587,590,591,592,596,597,598,601,604,605,607,613,623,625,627,631,634,644,658,664,691,696
14,89,91,336,508,522,540,541,544,546,547,548,550,551,552,553,554,555,557,559,560,561,563,564,565,566,567,568,569,570,571,572,574,576,579,580,581,582,583,584,585,587,588,589,591,592,594,596,597,598,599,601,602,603,605,606,607,609,610,612,616,620,622,623,624,633,634,640,645,646,651,661,663,669,678,689
15,195,196,368,527,536,538,545,546,552,554,556,558,560,562,563,564,569,570,572,574,578,581,582,585,609,619,620,622,628,629,631
16,207,473,521,556,565,568,571,572,586,590,665
17,69,152,250,300,528,539,540,541,543,545,553,557,560,572,597
18,73,167,346,488,534,542,550,551,555,556,558,574,575,583,595,603,624,643,651,674
19,59,90,173,447,477,480,488,497,501,504,507,516,526
20,81,111,113,287,563
21,64,73,77,79,80,82,83,85,89,92,93,100,101,106,107,108,118,185,198,199,279,309,440
22,48,61,63,66,68,69,70,71,72,73,74,75,76,77,78,79,80,81,82,83,84,85,86,87,88,89,90,92,93,95,96,97,98,99,100,101,102,103,104,105,106,107,108,109,110,111,112,113,114,115,116,118,119,120,121,122,123,124,125,126,127,130,131,132,154,161,171,180,185,190,203,222,398,662
23,36,49,53,64,65,68,70,71,72,73,74,75,76,77,78,79,80,81,82,83,84,85,86,87,89,90,91,92,93,94,95,96,97,98,99,100,101,102,103,104,105,106,107,108,109,110,111,112,113,114,115,116,117,118,119,120,121,122,123,124,125,126,127,128,129,130,131,132,133,134,135,136,137,138,139,140,141,142,143,144,145,146,147,148,149,150,151,152,153,154,155,156,157,158,159,160,161,162,163,164,165,166,167,168,169,170,171,172,173,174,175,176,177,178,179,180,181,182,183,184,185,186,187,188,189,190,191,192,193,194,196,197,198,199,200,201,202,203,204,207,209,210,211,212,215,216,217,218,220,221,222,224,225,226,229,232,233,239,244,258,262,265,276,290,295,321,516,631,653
24,29,57,63,66,67,68,70,71,72,73,74,75,76,77,78,79,80,81,82,83,84,86,87,88,89,90,91,92,93,94,95,96,97,98,99,100,101,102,103,104,105,106,107,108,109,110,111,112,113,114,115,116,117,118,120,121,122,123,124,125,126,128,129,130,131,132,133,134,136,137,138,139,140,142,145,146,147,148,149,150,151,152,153,156,157,159,161,162,163,164,165,166,167,168,170,171,172,173,174,175,176,177,178,179,180,181,182,183,184,185,186,187,188,189,190,191,192,193,194,195,196,197,198,199,200,201,202,203,204,205,206,207,208,209,210,211,212,213,214,215,216,217,218,219,221,222,223,224,225,226,227,228,229,230,231,232,233,234,235,236,237,238,239,240,241,242,243,244,245,246,247,248,249,250,251,252,253,254,255,256,257,258,259,260,261,262,263,264,265,266,267,268,269,270,271,272,273,274,275,276,277,278,279,280,281,282,283,284,285,286,287,288,289,290,291,292,293,294,295,296,297,298,299,301,302,303,304,305,306,307,308,309,310,311,312,313,314,315,316,317,318,319,320,321,323,324,325,326,327,328,329,330,331,332,333,334,335,337,338,339,341,342,343,344,345,350,352,353,359,360,364,365,369,370,378,389,392,398,403,422,497,500
25,46,63,65,66,67,68,69,70,71,72,74,75,76,77,78,79,80,81,83,84,85,87,89,90,91,92,93,94,95,96,97,98,99,100,101,102,103,104,106,108,110,112,113,114,115,116,117,119,120,121,122,125,126,127,129,130,132,133,134,135,136,137,140,141,147,148,150,154,156,157,160,161,162,164,165,167,168,169,170,171,172,174,175,177,179,180,181,183,184,185,186,187,189,192,193,194,195,197,198,199,200,203,204,206,207,209,211,212,213,214,215,216,217,218,220,221,222,223,225,226,227,228,229,230,231,232,233,234,235,236,237,238,239,240,241,242,243,244,245,246,247,248,249,250,251,252,253,254,255,256,257,258,259,260,261,262,263,264,265,266,267,268,269,270,271,272,273,274,275,276,277,278,279,280,281,282,283,284,285,286,287,288,289,290,291,292,293,294,295,296,297,298,299,300,301,302,303,304,305,306,307,308,309,310,311,312,313,314,315,316,317,318,319,320,321,322,323,324,325,326,327,328,329,330,331,332,333,334,335,336,337,339,340,341,342,343,344,345,346,347,348,349,350,351,352,353,354,355,356,357,358,359,360,361,362,363,364,365,366,367,368,369,370,371,372,373,374,376,377,378,379,380,381,382,383,385,388,389,390,391,399,400,401,404,407,408,411,412,414,415,419,420,422,428,432,434,435,441,455,462,472,501,506,622
26,53,61,62,64,66,67,68,69,70,72,73,74,75,77,78,79,80,82,83,84,85,86,87,88,89,90,92,93,94,95,96,97,98,99,100,102,103,105,106,107,110,111,112,113,114,117,118,119,120,121,122,123,124,125,129,130,131,133,136,137,140,141,142,144,146,149,150,151,154,155,157,161,162,164,165,166,168,169,170,172,176,177,178,184,185,187,188,189,193,195,196,197,198,200,203,204,205,207,209,210,211,214,215,217,218,223,227,228,230,231,233,234,236,237,239,242,244,247,248,250,251,252,253,254,255,256,257,258,259,261,262,263,264,265,266,267,268,269,270,271,272,273,274,275,276,277,278,279,281,282,283,284,285,286,287,288,289,290,291,292,293,294,295,296,297,298,299,300,302,303,304,305,306,307,308,309,310,311,312,313,314,315,317,318,319,320,322,323,324,325,326,327,328,329,330,331,332,333,334,335,336,339,340,342,344,345,346,347,348,349,350,351,353,354,355,356,357,358,359,360,361,364,365,366,367,368,370,371,372,373,375,376,377,378,379,380,383,384,386,387,388,391,392,393,394,400,402,404,405,406,407,408,412,416,417,418,420,421,424,432,439,450
27,58,61,62,66,69,70,71,73,74,75,76,77,78,79,80,81,82,83,84,85,86,87,88,89,90,91,92,94,95,96,97,98,99,100,102,103,104,105,107,108,109,110,111,112,114,116,118,119,122,123,124,129,133,134,135,139,140,141,142,145,152,153,162,170,172,173,174,175,176,177,179,180,182,183,185,188,190,192,193,196,197,198,199,200,203,207,209,218,221,225,227,229,235,238,239,240,244,247,250,251,252,253,254,255,256,257,259,260,261,262,264,266,267,268,269,272,273,274,276,277,278,280,281,282,283,284,285,286,287,288,289,290,291,292,293,294,295,296,297,298,299,300,302,303,304,305,306,307,308,309,310,311,312,313,314,315,316,318,319,320,321,322,323,324,325,326,327,328,330,331,332,333,335,336,337,339,340,341,342,343,344,345,346,347,348,349,350,351,352,353,354,355,356,357,358,362,363,365,366,367,369,370,371,373,375,376,378,379,380,381,382,383,384,388,389,390,391,395,396,399,400,401,403,406,408,412,414,417,418,419,420,422,424,431,433,442,443,451,476,481,482,487,493,670
28,55,58,60,64,65,66,67,68,69,70,71,73,74,75,76,77,78,79,80,81,82,83,84,87,88,89,90,91,93,94,96,97,98,100,101,102,105,106,107,108,109,110,111,112,113,114,115,116,118,119,120,122,127,128,129,130,131,132,133,136,137,138,139,140,145,147,149,152,154,155,156,157,163,164,165,166,167,168,169,172,175,176,180,182,183,185,186,187,189,192,198,199,209,219,220,223,228,229,231,232,234,236,242,245,251,255,256,263,264,266,267,273,274,275,276,277,278,279,281,282,283,284,285,286,289,290,292,293,294,295,297,298,300,303,304,305,306,307,308,310,312,313,314,315,317,319,321,322,323,324,325,326,327,329,330,331,332,334,335,337,338,339,340,341,343,344,345,346,347,348,350,351,352,353,355,357,359,360,361,365,366,369,370,371,373,374,375,376,378,382,386,387,390,392,393,394,398,402,403,409,414,415,416,418,421,423,426,430,432,433,435,436,443,448,451,461,471,472,491,526
29,56,60,62,66,67,68,69,70,71,73,74,75,76,77,78,79,81,82,83,84,85,86,87,88,89,90,92,93,94,96,97,98,99,100,102,103,107,109,110,113,116,118,119,120,122,123,124,125,127,129,130,131,133,134,136,137,140,145,146,149,150,153,156,158,159,163,165,166,171,174,175,180,183,184,187,188,190,192,193,194,196,204,207,210,212,213,214,218,226,229,232,234,235,237,238,240,246,249,250,252,253,254,255,263,265,266,268,271,275,277,278,279,280,281,285,286,287,288,290,292,293,294,298,299,300,301,302,303,304,305,308,310,311,314,315,317,318,320,321,322,324,325,326,328,329,332,334,336,339,340,345,346,349,353,354,356,358,359,360,363,364,366,367,369,370,372,373,375,376,377,379,380,381,386,387,388,389,394,396,398,399,400,401,402,403,405,410,412,413,415,416,418,419,421,424,430,435,438,439,444,447,465,478,493,497,500,549,601
30,2,56,58,60,61,64,65,66,67,68,71,72,73,74,76,77,78,79,80,81,82,83,85,86,87,88,89,90,91,92,95,96,99,100,101,102,103,104,106,107,108,109,112,113,114,115,116,118,120,121,122,124,125,126,127,130,131,132,133,134,135,139,140,143,146,147,148,149,150,152,155,156,158,159,161,163,164,165,173,174,176,177,180,182,185,187,192,193,195,199,200,203,212,215,218,220,226,232,234,236,238,239,249,253,254,255,256,258,259,261,262,265,269,271,272,273,274,275,277,278,279,280,281,282,283,287,291,292,294,296,297,299,300,302,305,306,307,309,311,312,313,315,316,319,322,325,327,328,330,334,337,338,341,342,343,344,345,346,349,352,353,356,357,359,361,363,365,366,367,368,371,372,373,374,375,376,377,378,380,381,382,385,386,389,390,395,396,397,398,403,409,410,413,416,417,421,422,424,426,428,430,431,442,444,450,453,481,498,504,601
31,59,60,61,63,64,65,67,68,69,70,71,72,73,74,75,76,77,78,79,80,81,83,84,85,89,90,91,93,94,95,96,97,98,99,100,101,102,103,104,105,106,107,108,109,110,111,112,113,114,115,116,117,118,119,120,121,123,126,127,128,130,132,134,135,136,139,142,143,144,145,148,151,158,161,162,165,168,169,170,171,173,174,175,176,178,181,183,184,187,191,192,197,199,201,210,213,219,222,225,226,228,232,249,254,255,259,260,264,267,270,272,274,276,277,281,282,283,284,286,287,288,291,292,293,294,295,296,297,298,301,303,305,307,309,313,315,317,318,319,320,321,323,324,325,326,327,329,332,333,334,336,342,343,346,348,351,355,357,359,362,363,365,366,368,369,370,372,373,375,376,377,378,383,385,386,388,392,397,399,404,407,409,411,413,414,417,418,419,420,422,427,435,437,442,488,498,510,568,653,656
32,5,61,62,64,65,66,67,69,70,71,72,73,74,75,76,77,78,83,85,86,87,88,89,90,91,92,93,94,95,96,97,98,99,100,101,102,106,107,108,109,110,112,113,114,115,116,118,120,121,124,126,127,128,129,130,131,132,133,135,137,138,140,142,144,146,148,149,154,162,164,167,169,170,174,175,177,179,183,184,185,186,191,192,194,200,202,204,205,209,213,215,217,220,227,229,230,231,232,234,235,238,239,241,242,243,246,247,250,252,255,258,260,261,262,263,269,271,272,274,275,276,278,280,287,290,291,292,293,295,296,301,305,309,310,314,315,316,319,320,321,323,326,331,333,334,343,344,345,350,351,352,356,357,363,366,368,369,370,372,373,378,379,381,384,389,390,396,398,404,407,412,421,424,425,434,437,445,450,477,485,490,491,498,509,683
33,61,63,64,65,66,67,68,69,70,71,73,74,76,77,78,79,80,81,82,84,85,86,87,88,89,90,92,93,94,95,96,97,98,99,100,101,103,104,108,109,110,114,115,116,117,118,119,120,121,124,126,127,128,129,130,131,135,137,138,139,140,141,144,146,148,152,155,159,162,163,164,168,171,175,181,182,184,187,191,192,193,195,196,198,199,204,209,214,221,230,232,233,235,236,238,242,248,254,256,257,260,261,262,263,266,273,275,277,279,281,282,284,286,287,288,296,298,299,301,302,305,307,308,310,313,315,316,317,319,325,326,327,328,332,333,334,335,336,338,339,340,341,342,343,344,347,348,349,352,353,356,357,359,362,363,364,365,367,368,369,370,373,374,384,386,387,389,400,409,413,414,420,425,429,434,437,439,446,451,458,460
34,53,59,61,63,65,66,67,68,69,72,73,75,77,78,79,80,81,82,84,86,87,89,90,91,94,95,105,106,107,108,109,110,115,116,117,119,120,121,122,123,127,128,129,133,134,138,139,147,148,149,150,151,152,153,158,159,160,162,163,168,172,173,174,176,177,184,185,186,188,189,190,192,193,194,196,197,198,202,203,205,206,208,209,210,214,220,222,223,229,237,238,240,242,245,249,250,251,253,256,259,261,262,263,265,267,270,273,274,277,278,280,281,282,283,288,289,294,301,302,303,305,306,307,309,312,313,316,317,318,319,321,324,325,327,329,335,338,341,342,346,349,352,353,354,355,359,361,365,372,373,379,383,384,387,389,390,391,392,393,394,399,402,404,405,406,408,416,419,422,437,440,441,462,468,498,509,542,580
35,57,58,60,65,70,71,72,73,74,76,79,81,82,84,85,86,87,88,89,90,91,92,95,96,97,98,99,100,101,103,104,105,107,110,112,113,114,115,116,117,118,122,128,129,135,137,138,139,146,148,152,154,159,160,161,165,166,167,168,171,175,176,182,184,187,189,191,192,194,200,202,208,209,217,218,227,234,237,250,251,252,258,259,267,269,270,271,273,275,277,278,280,282,284,286,287,289,295,296,297,298,302,304,309,310,311,312,314,316,319,322,323,327,332,334,335,338,342,344,346,349,354,355,360,362,364,366,370,371,372,373,375,379,381,385,389,390,394,397,401,430,433,435,464,479,487,541
36,23,51,58,59,60,65,66,67,68,69,70,71,72,73,74,76,77,78,80,81,82,83,84,87,88,89,90,91,93,94,95,96,97,98,99,100,101,103,104,105,106,108,110,111,112,119,121,122,125,126,127,128,129,131,132,133,134,135,136,141,147,148,153,156,157,159,162,163,164,166,167,168,169,171,174,177,182,185,186,191,194,197,201,203,206,213,218,219,223,226,233,234,236,237,243,244,248,255,258,265,267,268,272,273,278,281,282,284,287,291,293,296,297,303,304,307,313,314,315,321,324,327,330,337,338,343,352,354,356,358,362,366,378,384,386,408,410,411,424,439,450,458,495,514,625,634,650
37,52,62,63,65,66,67,69,70,71,72,73,74,76,78,79,82,83,84,88,90,92,93,94,95,96,97,98,100,101,104,105,106,107,108,112,113,114,116,119,120,121,122,124,127,128,129,131,133,135,136,140,145,146,147,153,157,158,163,164,165,166,170,172,175,176,179,181,183,188,190,191,193,196,198,199,202,216,218,219,221,222,225,228,230,233,236,237,238,239,254,256,258,262,266,267,269,271,272,273,274,275,276,279,280,281,283,292,299,304,305,307,309,311,316,320,324,334,338,339,340,342,344,347,351,352,353,354,355,356,361,362,367,368,370,376,380,384,388,390,392,393,395,412,416,435,437,584
38,51,54,57,60,61,65,66,69,70,71,72,73,74,75,76,77,78,82,83,84,85,87,88,91,92,95,96,97,99,100,102,103,107,108,109,110,111,113,114,123,124,125,126,130,132,133,135,136,140,143,144,149,154,155,158,165,166,173,174,175,179,182,188,189,192,195,196,199,202,203,209,210,216,219,226,230,240,242,248,249,262,266,272,273,280,281,282,284,288,292,294,295,296,298,305,308,309,311,312,313,314,316,318,324,331,332,333,335,347,357,364,365,370,379,380,384,385,388,414,415,420,421,426,442,449,477,519,613
39,56,58,61,62,63,64,66,67,68,69,70,72,74,75,76,78,79,80,82,83,84,85,86,87,89,90,92,93,94,95,96,97,98,99,100,101,102,104,105,110,111,113,114,115,116,117,119,121,123,124,125,127,133,134,135,136,137,144,145,146,150,151,153,154,158,159,160,161,162,163,167,168,172,174,176,201,203,209,216,219,222,231,243,244,247,248,249,250,251,253,257,258,261,262,263,266,267,274,275,279,280,284,285,286,289,298,299,302,309,315,318,321,323,325,336,341,345,359,361,362,364,365,373,380,386,389,396,397,398,399,408,413,419,423,427,440,464,466,512,549
40,55,56,57,58,59,62,63,64,65,66,68,71,72,73,75,76,77,78,79,80,81,82,85,86,87,88,89,91,92,93,94,96,97,100,101,102,104,105,106,107,109,113,114,120,129,130,132,134,136,140,142,147,149,151,152,155,159,165,167,171,172,174,180,181,182,183,188,189,191,193,194,197,202,203,204,211,218,224,226,227,228,232,233,235,236,238,248,252,255,256,259,260,264,268,276,277,279,282,283,284,285,290,292,294,297,298,301,305,307,309,310,312,321,323,329,332,335,341,343,345,361,366,371,380,392,396,401,403,405,409,441,482,484,509,608,678
41,56,57,59,60,62,63,65,66,68,69,70,71,72,73,74,75,76,77,78,79,80,81,82,83,85,86,88,89,90,92,93,94,95,96,98,100,102,103,104,105,106,107,109,111,114,115,116,118,122,125,126,127,130,131,133,134,135,137,138,140,141,144,148,149,152,153,154,155,158,162,163,165,168,169,172,173,175,176,181,185,187,189,190,195,196,197,199,200,207,209,214,217,219,222,229,231,236,238,240,241,242,246,248,249,251,252,254,262,263,265,266,268,273,274,277,279,280,283,288,293,294,302,303,309,316,322,323,331,339,353,356,367,375,388,389,403,407,413,663,673
42,59,60,61,63,64,65,66,67,68,69,70,71,72,74,75,76,77,78,79,81,82,84,85,87,88,89,90,91,92,93,95,96,97,98,99,100,104,105,106,108,109,111,112,114,116,117,118,119,123,128,131,132,134,135,136,137,139,140,142,143,144,145,147,156,157,158,159,162,163,164,170,171,172,175,176,178,180,182,184,185,186,194,196,199,201,202,207,208,210,215,219,220,221,222,226,227,228,229,233,234,236,238,240,243,245,247,249,250,251,253,255,256,260,262,264,269,271,273,275,278,281,286,288,326,341,345,368,376,383,392,396,403,406,411,442,545
43,56,58,59,60,61,62,63,64,65,66,68,69,70,71,72,73,74,75,76,77,78,79,80,81,82,83,84,85,87,89,90,92,93,95,96,99,100,101,103,104,107,108,109,111,112,113,114,115,116,117,119,120,121,122,123,124,125,126,128,130,131,134,135,136,137,138,140,141,143,144,146,148,149,151,153,154,156,158,160,162,168,171,172,173,174,176,177,178,179,183,188,190,193,195,196,200,201,205,207,209,210,214,216,217,219,221,222,224,225,226,228,229,230,234,243,244,248,252,254,258,261,265,271,272,274,275,276,279,283,295,296,297,298,299,306,307,323,325,333,340,344,353,365,368,383,408,473,478,599,600
44,54,55,58,59,60,61,62,63,65,66,67,68,69,71,75,78,80,81,83,84,85,86,87,89,90,91,92,93,94,96,97,98,99,100,101,102,103,104,106,110,111,113,114,115,116,117,118,119,120,121,122,123,124,126,127,128,130,132,135,136,141,143,151,156,157,158,159,160,164,166,167,168,169,170,171,172,175,176,181,182,183,185,194,196,198,203,205,213,218,219,220,224,225,226,227,228,230,234,236,238,239,241,244,245,246,248,249,252,258,263,276,277,278,282,291,293,296,297,298,301,310,314,322,323,331,352,356,360,372,439,465
45,52,54,56,58,59,61,62,63,64,65,66,67,70,71,73,74,76,77,78,79,80,82,83,84,85,87,88,89,93,94,95,96,98,104,106,107,110,113,116,117,118,119,121,122,123,124,126,129,132,133,136,145,150,151,154,157,158,160,162,164,166,167,168,171,172,176,177,178,179,184,185,186,188,189,191,192,193,194,197,199,201,202,205,207,208,209,210,212,213,216,222,223,224,228,229,230,232,233,234,235,238,239,240,241,242,245,246,247,249,253,257,259,261,264,275,303,304,308,312,325,362,378,388,475,526,697
46,50,56,57,58,59,60,61,63,68,69,73,74,75,76,77,78,79,81,82,83,84,85,86,87,90,91,92,94,96,97,99,101,103,104,105,106,108,113,116,117,120,121,123,124,128,129,130,132,133,134,136,142,143,145,149,159,160,165,166,168,171,173,178,180,181,182,183,184,187,189,190,192,198,203,207,211,213,216,217,218,219,220,221,224,225,226,229,230,231,233,235,236,237,240,241,242,247,248,249,250,251,252,253,255,257,268,270,275,280,283,293,302,303,311,315,482,533,602
47,55,60,62,63,64,65,66,67,69,70,71,72,73,75,76,77,78,79,80,81,82,83,85,86,87,90,92,94,97,100,102,104,107,108,109,115,116,117,118,120,123,124,125,126,127,128,129,131,133,134,135,136,137,138,140,141,144,145,149,151,154,155,156,158,159,163,165,167,169,172,173,176,178,179,180,188,189,193,205,208,209,210,211,212,217,218,221,227,230,238,239,240,243,245,247,249,253,260,280,320,420,542
48,14,55,57,61,65,66,67,68,74,75,76,77,79,81,85,86,88,89,90,91,94,95,97,99,101,102,103,105,106,108,109,110,111,112,114,117,118,120,121,122,123,124,125,126,127,128,131,135,136,139,143,145,146,150,151,152,153,154,155,160,162,164,166,167,173,175,183,184,190,193,194,195,201,202,210,213,222,223,225,231,234,236,237,238,240,241,247,249,250,251,257,259,264,270,272,278,279,280,285,286,287,293,304,309,328,352,389,524,543
49,2,7,37,54,57,61,62,66,68,72,74,75,76,79,81,82,83,84,86,88,91,94,97,98,100,101,102,103,106,108,109,110,112,113,117,118,124,127,134,135,139,140,146,147,151,154,156,158,163,165,166,167,169,184,185,187,204,205,206,207,208,211,216,217,219,220,222,223,224,227,231,232,234,235,237,242,245,246,249,253,259,262,265,285,288,290,383,598
50,56,59,62,64,66,68,71,73,75,77,79,80,81,82,87,88,89,92,94,95,96,97,98,101,102,103,104,105,106,110,111,117,121,123,134,138,139,141,144,157,162,163,166,168,171,172,174,175,180,184,185,188,189,191,192,198,202,207,208,211,212,213,214,215,216,217,219,225,231,234,235,238,240,241,245,248,258,267,275,291,292,301,337,490,673
51,53,64,66,67,68,70,73,74,75,76,77,78,79,83,85,86,87,89,91,105,107,108,110,113,115,117,123,124,126,127,129,130,136,138,140,144,146,149,156,157,160,163,164,166,168,169,170,171,177,180,190,191,201,205,210,230,231,263,310,329,513,561,698
52,21,53,55,57,59,60,63,64,66,67,68,69,71,75,76,77,78,79,83,84,85,90,93,97,100,102,104,105,106,111,120,123,126,134,135,179,202,223,234,255,259,264,291,374,407,460
53,33,46,49,50,51,53,55,60,64,68,73,81,84,86,87,88,89,90,92,93,94,97,99,101,102,103,105,107,108,109,111,113,114,118,119,122,125,126,127,136,137,138,142,149,151,162,168,175,179,192,199,214,438
54,76,78,84,88,99,104,114,129,130,138,150,179,185,522,613
55,566,673
56,2,636
57,323,584,604
58,452,541,608
59,581
60,431,569
61,329
62,50,124,414,469,480,616,655
63,16
64,
65,
66,
67,
68,
69,
70,
71,
72,
73,
74,
75,
76,
77,
78,
79,
80,
81,
82,
83,
84,
85,
86,
87,
88,
89,
90,
91,
92,
93,
94,
95,
96,
97,
98,
