4
0,198
1,39,45,203,344,438,494
2,11,132,190,321,443,445,688
3,44,60,234,343
4,166,175,181,186,196,269,572,598
5,4,125,151,157,470
6,57,91,211,285,412,443,449,571,631
7,127,282,368,385,669
8,6,101,156,453,534,535,612
9,6,105,340,516,612
10,69,325,631,680,688
11,436,469
12,52,334,342,348,368,386,574,576,600,645,660
13,169,260,458,486,539,603
14,43,212,265,461,534,614,622
15,217,276,287,561
16,254,281,609
17,48,257,345,462,629,699
18,84,85,89,517,545
19,8,11,71,77,78,79,80,82,84,85,86,88,90,91,92,94,96,97,101,104,112,119,133,231,258,271,341,462,612
20,35,58,59,64,70,74,75,77,78,80,81,82,83,84,85,86,87,88,89,90,91,92,93,94,95,96,97,98,99,100,101,102,103,104,105,106,107,108,109,110,111,112,113,114,115,116,117,118,119,120,121,122,123,124,125,128,129,133,193,277,417
21,56,66,71,73,74,75,76,77,78,79,80,81,82,83,84,85,86,87,88,89,90,91,92,93,94,95,96,97,98,99,100,101,102,103,104,105,106,107,108,109,110,111,112,113,114,115,116,117,118,119,120,121,122,123,124,125,126,127,128,129,130,131,132,133,134,135,136,137,138,139,140,141,142,143,144,145,146,147,148,149,150,151,152,153,154,155,156,157,158,159,160,161,162,163,164,165,166,167,168,169,170,171,172,173,174,175,176,177,178,179,180,181,182,183,184,185,186,187,188,189,190,191,193,194,195,196,197,199,200,201,202,203,204,206,207,209,210,211,212,213,214,215,216,226,232,234,235,236,241,249,266,268,560
22,64,72,78,79,80,81,82,83,84,85,86,87,88,89,90,91,92,93,94,95,96,97,98,99,100,101,102,103,104,105,106,107,108,109,110,111,112,113,114,115,116,117,118,119,120,121,122,123,124,125,126,127,128,129,130,131,132,133,134,135,136,137,138,139,140,141,142,143,144,145,146,147,148,149,150,151,152,153,154,155,156,157,158,159,160,161,163,164,165,166,167,168,169,170,171,172,173,174,175,176,177,178,179,180,181,182,183,184,185,186,187,188,189,190,191,192,193,194,195,196,197,198,199,200,201,202,203,204,205,206,207,208,209,210,211,212,213,214,215,216,217,218,219,220,221,222,223,224,225,226,227,228,229,230,231,232,233,234,235,236,237,238,239,240,241,242,243,244,245,246,247,248,249,250,251,252,253,254,255,256,257,258,259,260,261,262,263,264,265,266,267,268,269,270,271,272,273,274,275,276,277,278,279,280,281,282,283,284,285,286,287,288,289,290,291,292,293,294,295,297,298,299,300,301,302,304,306,307,308,309,315,316,317,318,319,323,324,325,328,329,331,332,333,335,337,338,339,340,343,346,349,351,363,368,372,375,377,380,406,548,597
23,72,74,75,76,78,79,80,81,82,83,84,85,86,87,88,89,90,91,92,93,94,95,97,98,99,100,101,102,103,104,105,106,107,108,109,110,111,112,113,114,115,116,117,118,119,120,121,122,123,124,125,126,127,128,129,130,131,132,133,134,135,136,137,138,139,140,141,142,143,144,145,146,147,148,149,150,151,152,153,154,155,156,157,158,159,161,162,163,165,166,167,168,169,170,171,172,173,174,175,176,177,178,179,180,181,182,183,184,185,186,187,188,189,190,191,192,193,194,195,196,197,198,199,200,201,202,203,204,206,207,208,209,210,211,212,213,214,215,216,217,218,219,220,221,222,223,224,225,226,227,228,229,230,231,232,233,234,235,236,237,238,239,240,241,242,243,244,245,246,247,248,249,250,251,252,253,254,255,256,257,258,259,260,261,262,263,264,265,266,267,268,269,270,271,272,273,274,275,276,277,278,279,280,281,282,283,284,285,286,287,288,289,290,291,292,293,294,295,296,297,298,299,300,301,302,303,304,305,306,307,308,309,310,311,312,313,314,315,316,317,318,319,320,321,322,325,327,328,329,330,331,332,333,335,338,342,346,347,349,351,352,353,354,355,356,360,361,363,364,366,367,369,371,373,380,383,404,408,419,420,424,425,433,439,488,572
24,1,11,22,27,29,70,72,74,75,76,77,78,79,80,81,82,83,84,85,86,87,88,89,90,91,92,93,94,95,96,97,98,99,100,101,102,103,104,105,106,107,108,109,110,111,112,113,114,115,116,117,118,119,120,121,122,123,124,125,126,127,128,129,130,131,132,133,134,135,136,137,138,139,140,141,142,143,144,145,146,147,148,149,150,151,152,153,155,156,157,158,159,160,161,163,164,165,166,167,168,170,171,172,173,174,175,176,177,178,179,180,181,182,183,184,185,186,188,190,193,194,195,196,197,198,199,200,201,202,204,205,206,207,208,209,210,211,212,213,214,215,217,218,219,220,221,222,223,224,225,226,227,228,229,230,231,232,233,234,235,236,237,238,239,240,241,242,243,244,245,246,247,248,249,250,251,252,253,254,255,256,257,258,260,261,262,263,264,265,266,267,268,269,270,271,272,273,274,275,276,277,278,279,280,281,282,283,284,286,287,288,289,290,291,292,293,294,295,296,297,298,299,300,301,302,303,305,306,307,309,310,311,313,315,316,317,318,319,320,321,322,323,324,325,326,327,328,329,330,331,332,334,338,340,342,343,346,351,352,357,358,359,360,364,365,377,378,380,381,383,386,389,392,396,406,414,421,433,439,443,455,457,462,536
25,71,72,74,75,76,77,78,79,80,81,82,83,84,85,86,87,88,89,90,91,92,93,94,95,96,97,98,99,100,101,102,103,104,105,106,107,108,109,110,111,112,113,114,116,117,118,119,120,121,122,123,124,125,126,127,128,129,130,131,132,133,134,135,136,137,138,140,141,142,143,144,145,146,147,148,149,150,151,152,153,154,155,156,157,158,159,161,162,163,164,166,169,170,171,173,174,176,177,178,179,180,181,182,183,184,185,186,187,188,189,190,191,192,193,194,195,196,197,198,199,200,201,202,203,204,206,207,208,209,210,211,212,213,214,215,216,217,218,219,220,221,222,224,225,226,227,228,229,231,232,233,234,235,236,237,238,240,241,242,243,244,246,247,248,249,250,251,252,253,254,255,256,257,258,259,260,261,262,263,264,265,266,267,269,270,271,272,273,274,275,277,278,279,281,282,283,284,285,286,287,288,289,290,291,293,294,295,297,298,299,300,303,304,305,308,309,310,311,313,315,317,318,319,320,321,323,324,325,326,327,328,329,330,331,333,334,335,336,341,342,345,346,348,349,351,352,354,357,358,370,371,372,375,376,388,397,403,407,411,414,425,430,485,530,596
26,69,75,76,77,78,79,80,81,82,83,84,85,86,87,88,89,90,91,92,93,94,95,96,97,98,99,100,101,102,103,104,105,107,108,109,110,111,112,113,114,115,116,117,119,120,121,122,123,124,126,127,128,129,130,131,132,133,134,135,136,138,139,140,141,142,143,144,146,147,148,149,150,151,152,153,154,155,156,157,158,159,160,161,162,163,165,166,167,168,169,172,173,174,175,176,177,178,179,180,181,182,183,184,185,186,188,189,190,191,192,193,194,195,196,197,198,199,201,202,203,204,205,206,207,208,210,211,212,213,214,215,216,218,219,220,221,222,223,224,225,226,227,228,229,230,232,233,234,235,236,237,238,239,240,241,242,243,244,245,246,247,249,250,251,252,254,255,256,257,258,259,260,261,262,263,264,265,266,267,268,269,270,271,272,273,274,275,276,277,279,280,281,282,283,284,285,286,287,288,289,290,291,292,293,294,296,297,298,300,301,302,305,306,307,308,310,312,313,314,316,317,319,320,321,322,325,326,327,328,329,330,332,336,338,346,347,353,355,362,370,371,376,391,396,399,401,410,425,429,432,488,525,694
27,70,73,74,76,77,78,79,80,81,82,83,84,85,86,87,88,89,90,91,92,93,95,96,97,98,99,100,101,102,103,105,106,107,108,109,110,111,112,113,114,115,116,117,118,119,120,122,123,124,125,126,127,128,130,131,132,133,134,135,137,138,139,140,141,142,143,144,145,146,147,148,149,150,151,152,153,154,156,157,159,160,161,163,164,165,168,169,170,172,175,176,178,179,182,183,184,185,186,187,188,189,190,191,192,193,194,195,197,198,199,201,202,203,204,205,206,207,208,209,210,213,214,215,216,217,218,219,220,221,227,228,229,231,232,233,234,235,236,237,238,239,241,243,244,245,246,248,249,251,252,253,254,255,256,257,258,259,261,263,264,265,266,267,269,270,272,274,275,276,277,278,279,281,282,283,284,286,287,291,292,293,296,297,298,299,300,301,304,305,306,309,310,311,312,313,315,317,318,320,321,323,324,325,327,328,329,331,332,335,336,337,338,339,340,342,345,349,350,352,355,356,360,361,363,364,367,368,369,372,376,377,383,385,390,393,401,410,412,413,414,418,419,425,427,434,437,457,540
28,65,73,76,77,78,79,80,81,82,83,84,85,86,87,88,89,90,91,92,93,94,95,96,97,98,99,100,101,102,103,104,106,107,108,109,110,111,112,113,114,115,116,117,118,120,121,122,123,124,126,127,128,129,130,131,132,133,134,136,140,141,142,143,144,145,146,147,148,149,150,151,152,153,154,155,156,157,158,159,160,161,162,163,164,165,167,168,169,170,171,172,173,174,175,178,179,180,181,183,184,186,187,190,191,193,194,195,196,197,198,199,202,203,204,205,206,208,209,210,211,212,216,217,218,219,220,222,224,225,226,227,228,229,230,231,232,233,235,236,238,240,241,242,243,245,246,247,248,249,251,252,253,256,257,258,259,262,264,265,267,268,269,272,274,277,278,279,281,282,284,286,287,288,289,290,291,296,299,303,304,305,306,309,311,312,317,319,320,321,322,323,324,326,327,330,334,335,337,338,341,342,343,346,357,358,369,373,375,376,380,382,383,385,388,390,394,395,397,400,407
29,65,70,73,74,75,77,78,79,80,81,82,83,84,85,86,87,88,89,90,91,92,93,94,95,96,97,98,99,100,101,102,104,105,106,107,108,109,110,111,112,113,114,115,116,118,120,121,122,123,124,125,129,130,131,132,133,134,135,136,137,139,140,141,142,143,144,145,146,147,148,149,150,151,152,153,154,155,156,157,159,160,162,163,164,165,167,168,171,172,173,174,175,177,178,179,180,182,183,184,185,186,187,188,191,192,194,195,197,198,199,200,201,202,203,205,206,208,209,210,211,212,213,217,218,219,220,221,223,224,225,226,227,228,229,230,231,232,233,234,235,236,237,238,239,241,242,243,245,246,247,248,249,250,251,253,254,255,257,258,260,261,262,264,269,270,271,274,275,276,277,278,279,280,281,282,283,285,286,288,290,291,292,295,296,299,302,304,306,308,309,312,315,316,317,318,319,323,324,325,326,327,329,330,332,336,339,343,344,346,348,351,354,355,357,359,361,363,367,368,370,373,374,381,384,389,392,393,396,401,403,404,429,439,445,462,464,486,552,575,603
30,68,69,72,74,76,77,78,79,80,81,82,83,84,85,86,88,89,90,91,92,93,94,95,96,97,98,99,100,101,102,103,104,105,106,107,108,109,110,112,113,114,115,116,118,119,121,122,123,124,125,126,127,128,129,130,131,132,134,135,136,137,138,139,140,141,142,143,144,145,147,148,149,151,152,153,154,155,158,159,160,161,163,165,167,172,175,176,177,178,179,180,181,183,186,187,190,191,192,193,194,195,196,197,198,199,200,201,202,203,204,205,206,207,208,209,211,212,213,214,215,216,217,218,219,220,221,223,225,227,232,234,235,237,239,240,242,245,246,247,248,249,250,251,252,253,254,255,257,259,260,261,262,264,265,268,269,270,271,273,275,276,277,278,280,284,285,286,288,289,290,291,292,293,297,298,299,300,301,302,304,305,309,311,313,316,317,319,321,322,323,324,325,327,329,330,331,333,334,342,348,350,354,363,371,378,381,398,407,416,439,444,449,468,471,473,479,562,591,675
31,64,66,69,72,74,75,76,77,79,80,81,82,83,85,86,87,88,89,91,92,93,94,95,96,98,99,100,102,103,105,106,107,108,109,111,112,113,115,116,117,118,119,120,121,122,124,125,126,127,128,129,130,131,132,133,134,135,136,137,138,139,140,141,142,143,144,145,146,147,148,150,151,152,153,154,156,157,158,159,161,163,165,166,167,169,170,172,173,175,177,179,181,183,184,186,187,188,189,190,191,192,193,195,197,198,200,201,202,203,204,207,208,211,213,214,217,218,219,220,221,223,225,226,227,228,229,230,231,232,233,235,237,239,241,243,246,248,249,250,251,253,254,255,257,260,263,264,265,266,267,268,269,270,271,272,274,276,277,279,281,283,284,285,286,287,289,292,293,295,298,299,300,301,303,308,311,313,320,323,324,337,338,340,343,352,354,355,357,366,369,376,380,383,387,410,419,574
32,69,72,73,74,76,77,78,79,80,81,82,83,84,85,86,87,88,89,90,92,93,94,95,97,98,99,100,102,103,104,106,107,108,109,110,111,112,113,114,115,116,117,118,119,120,121,122,123,124,125,127,128,129,130,131,132,134,135,136,137,138,139,143,144,145,148,150,151,154,155,156,158,160,161,165,168,169,170,171,174,175,176,177,178,179,180,181,183,184,186,187,190,191,192,194,195,196,197,199,200,202,204,206,207,208,209,210,211,212,213,216,217,218,224,225,226,227,228,229,230,233,234,235,236,237,240,241,242,244,245,246,247,248,250,251,253,254,256,257,258,260,261,264,265,266,267,268,270,272,274,275,276,277,278,279,280,281,286,287,288,289,293,294,295,299,300,301,302,303,307,308,309,311,314,315,321,322,323,330,334,335,336,339,340,342,345,346,347,348,352,353,358,361,363,364,370,371,378,393,406,409,450,472,582,682
33,65,67,68,70,73,74,75,76,77,78,79,80,81,82,83,85,86,87,92,93,94,95,97,98,99,100,101,102,103,104,105,106,107,108,109,110,112,114,115,116,117,118,119,120,121,124,132,134,135,136,137,138,139,141,142,143,144,145,146,148,149,151,153,154,155,156,157,159,162,163,164,166,167,168,170,172,174,175,177,178,179,183,186,188,189,190,191,192,195,196,197,199,200,201,202,203,204,205,207,211,212,213,217,218,219,220,222,224,227,228,229,230,231,232,233,234,236,237,238,239,240,242,243,244,245,246,247,249,253,255,258,261,262,263,265,266,268,270,271,273,274,276,277,279,280,283,284,286,287,289,291,292,293,294,295,298,301,302,304,305,307,309,315,317,318,320,323,328,331,335,336,341,342,349,351,352,356,366,368,377,378,379,384,395,403,422,543
34,72,74,76,77,78,82,83,84,85,87,88,89,90,91,92,93,94,95,96,97,99,100,101,102,103,104,105,107,109,110,111,113,114,116,117,118,119,120,121,122,123,124,125,126,128,129,130,131,134,135,137,138,141,142,143,145,146,147,148,150,152,154,155,156,158,159,161,162,164,165,166,167,169,171,172,174,175,176,177,178,179,182,183,188,189,190,193,197,202,203,204,205,207,212,213,215,217,218,219,222,223,225,226,227,228,229,230,231,233,234,235,237,239,240,242,244,245,250,251,254,255,256,257,258,259,261,262,265,266,267,269,270,274,276,278,279,286,287,289,290,292,294,295,296,299,300,303,304,305,306,309,315,317,323,326,329,330,331,332,336,341,347,348,349,354,355,360,366,378,381,389,392,399,401,422,458,575,580,588,597,673
35,55,67,69,70,71,73,74,75,76,77,78,79,80,82,84,85,86,87,88,89,90,91,93,95,96,97,98,99,100,101,103,104,105,106,107,109,110,112,113,114,115,116,117,118,119,120,121,122,123,124,126,128,130,131,132,133,134,135,136,137,139,140,141,143,144,146,147,148,149,150,152,153,155,156,158,160,161,163,165,166,167,168,169,170,173,174,175,176,180,182,187,188,189,191,192,194,197,198,199,200,201,203,204,205,206,208,211,212,214,215,218,223,224,225,228,229,232,233,234,235,236,240,242,243,245,246,247,249,250,252,255,260,263,264,265,267,269,270,271,272,273,274,275,276,278,279,280,281,282,283,285,288,289,290,291,292,296,297,299,300,301,303,309,311,313,315,319,320,326,336,344,345,348,350,351,353,358,363,367,369,377,383,390,399,421,655
36,65,68,70,71,72,73,74,76,77,78,79,80,81,83,85,88,89,90,91,92,93,94,96,97,98,99,100,102,103,104,105,106,107,108,109,110,111,112,113,114,115,117,118,120,121,122,124,125,126,127,128,129,130,131,132,133,134,135,136,137,138,140,141,142,144,146,147,148,149,151,152,153,155,156,160,161,163,165,166,168,169,170,174,175,176,177,179,181,183,185,186,187,188,189,190,191,194,195,196,198,199,200,201,202,203,206,207,208,209,210,212,213,214,217,218,219,220,224,226,228,230,232,233,236,237,241,242,243,244,245,249,252,255,257,258,259,262,263,266,268,269,270,272,274,276,279,280,281,284,286,287,288,293,296,297,298,299,301,302,304,306,309,310,313,315,319,322,324,326,334,338,341,342,343,346,350,354,356,368,383,401,469,680
37,69,71,72,73,75,76,77,78,79,80,81,82,83,84,85,87,88,89,90,91,92,94,95,96,97,98,99,100,101,102,103,104,105,106,107,109,111,112,113,115,116,117,118,119,120,121,123,124,126,127,128,129,130,131,132,133,138,139,140,143,146,148,149,151,152,154,156,157,158,159,160,161,162,163,165,172,173,175,176,177,179,181,187,190,192,194,195,196,199,200,202,203,207,208,210,211,212,215,216,218,219,220,221,223,225,229,230,231,233,234,237,241,242,243,246,250,251,253,255,260,261,263,265,266,267,269,270,271,273,274,276,278,279,280,281,283,284,285,286,287,291,293,294,295,296,297,299,300,302,303,305,306,307,310,311,312,313,314,315,317,318,324,325,328,329,330,331,337,343,346,350,352,353,368,374,376,380,390,395,406,429,453,465,629
38,66,69,70,71,72,74,75,76,78,79,80,81,82,83,84,86,89,90,92,93,94,95,96,97,99,100,101,102,103,105,106,107,108,109,110,111,112,114,115,116,118,119,120,121,122,123,124,125,126,127,128,130,131,132,133,135,136,137,138,139,143,144,145,146,147,148,149,152,153,154,155,157,158,159,161,164,168,171,172,173,174,175,177,178,179,180,185,186,187,194,195,197,198,199,200,202,203,204,205,206,207,208,209,210,216,219,224,226,227,229,231,233,234,235,236,239,243,244,250,251,252,253,257,258,259,262,263,264,265,267,269,270,272,273,283,284,285,286,288,289,290,292,293,294,296,297,298,302,306,307,309,314,315,319,320,321,322,323,324,326,339,346,354,355,357,363,365,369,380,389,394,398,409,429,434,576,632
39,41,63,64,69,70,72,73,74,75,76,77,79,80,81,83,84,85,86,87,88,90,91,92,93,95,96,97,99,100,101,103,104,105,106,109,110,111,112,114,115,116,117,118,119,120,121,122,123,125,127,128,129,130,131,132,133,134,136,137,138,139,140,143,144,146,147,148,149,150,151,152,153,154,156,157,159,160,164,166,167,169,170,171,173,175,176,177,181,187,188,189,191,193,196,197,198,199,200,201,203,204,205,206,207,211,217,224,225,227,228,231,234,235,236,239,241,248,254,256,258,259,260,262,266,268,270,271,274,275,277,278,279,280,283,285,287,288,290,292,296,297,298,300,302,303,304,309,314,315,316,317,319,322,323,325,329,330,332,333,334,335,337,341,342,348,350,351,357,361,363,372,374,386,396,425,447,477,587,631
40,10,67,68,70,71,72,74,75,77,78,79,81,82,83,84,85,86,89,90,91,93,94,95,96,97,98,99,100,101,102,103,104,106,107,110,111,114,115,116,117,118,119,120,121,123,125,126,127,128,131,132,133,137,138,139,141,144,145,146,147,148,149,150,152,154,155,156,157,160,161,162,168,169,170,171,172,173,176,177,178,181,182,183,184,185,186,188,190,191,194,195,196,199,200,203,208,210,215,219,224,225,226,229,230,232,237,238,240,241,243,246,249,251,253,256,265,266,267,268,278,279,281,283,285,293,295,297,299,304,305,306,307,308,310,315,319,323,324,327,328,329,330,335,337,343,352,359,360,361,363,365,369,377,380,387,390,434,446,477,479,651
41,61,67,68,69,72,73,74,77,78,79,80,81,82,85,86,87,89,90,91,92,93,94,95,96,97,98,100,101,102,103,105,106,107,108,109,110,111,112,114,115,117,118,120,121,122,124,125,126,128,129,130,132,133,134,137,138,141,142,144,145,146,147,148,149,150,151,153,156,157,162,163,164,165,166,170,171,173,174,175,178,179,180,181,182,186,187,188,190,193,194,196,198,199,200,201,204,209,213,214,216,217,221,222,224,228,229,231,235,237,238,239,242,247,250,251,255,258,260,269,272,273,274,275,277,278,280,281,283,288,290,291,294,295,301,303,305,309,311,313,314,317,318,325,327,328,329,331,335,337,344,347,351,352,355,361,383,386,391,405,408,409,416,444,447,483,501,528,623,685
42,64,71,72,73,74,75,76,77,78,79,80,81,82,83,84,85,86,87,88,90,91,92,93,95,96,97,98,99,100,102,104,105,106,108,110,111,112,115,116,117,118,123,124,126,129,131,134,135,136,138,139,141,143,144,145,147,148,150,151,152,157,158,159,161,163,164,166,170,171,172,173,174,175,176,181,183,185,186,188,190,192,193,198,204,205,208,209,210,211,217,218,222,223,225,226,227,228,229,231,234,235,237,238,239,240,241,242,245,247,248,250,252,255,257,259,270,271,274,278,280,281,288,289,292,294,296,298,300,301,303,304,305,309,311,315,319,321,324,326,330,334,335,338,343,357,364,369,396,400,404,430,460,553
43,49,66,69,70,71,73,74,75,77,78,80,81,82,84,85,86,88,89,91,92,93,94,95,96,97,99,100,101,102,103,105,106,109,110,111,112,113,115,116,117,119,121,122,123,124,125,126,128,129,130,131,132,133,134,136,137,139,140,141,142,144,146,148,149,151,152,153,154,157,158,159,161,163,164,167,168,169,170,171,173,174,176,178,180,182,185,187,189,191,194,196,197,198,203,205,206,207,208,209,211,214,218,220,224,225,226,227,231,232,234,236,238,241,242,243,245,246,248,249,250,254,255,257,265,267,270,271,275,281,283,284,285,286,288,292,293,298,299,300,301,328,330,336,337,342,344,369,376,385,430,481,579
44,23,65,68,70,72,73,74,77,78,79,81,82,83,85,86,87,88,89,90,91,92,93,94,98,99,100,101,102,104,105,106,107,109,110,111,112,113,114,115,116,117,119,122,124,125,126,127,129,130,133,135,137,138,139,140,142,143,144,145,146,147,151,153,154,156,157,159,161,162,166,170,171,177,181,183,185,186,189,190,191,192,193,195,201,202,205,209,210,212,215,219,222,223,225,229,230,231,237,239,240,242,245,246,247,248,250,255,257,260,261,263,264,266,268,277,281,282,283,284,292,294,298,300,303,305,306,307,310,312,315,318,320,326,330,334,340,341,346,353,363,367,384,404,420,619
45,15,54,64,65,67,68,70,71,72,74,75,76,77,79,80,81,82,83,85,86,87,88,89,90,91,92,93,95,96,97,98,99,101,103,104,105,107,109,110,112,113,114,115,116,117,118,120,122,123,127,130,131,132,133,134,137,138,139,142,143,144,145,147,148,149,150,151,153,154,161,164,165,167,168,169,170,173,178,181,183,184,188,191,195,196,197,198,201,202,203,206,208,209,216,218,223,229,231,233,234,236,237,239,240,244,246,247,256,266,267,271,272,276,277,281,282,283,285,289,290,310,311,312,315,316,317,318,319,323,338,340,353,382,398,633,685
46,66,70,72,73,74,76,77,79,80,81,82,83,84,86,87,89,90,91,92,93,94,95,96,98,99,100,101,102,103,104,106,108,109,110,111,114,116,117,118,119,120,122,123,124,125,128,129,130,131,133,138,139,140,141,143,144,145,148,150,151,157,158,160,162,163,164,166,167,169,170,171,172,173,174,175,176,177,178,182,186,189,192,194,195,196,198,199,200,204,208,209,211,213,215,220,221,227,233,235,238,240,241,242,248,255,259,260,261,267,269,272,277,278,279,281,284,286,297,298,299,302,306,307,319,320,322,329,345,350,381,400,429,481,518,594,668
47,64,67,70,71,72,74,75,76,78,79,80,81,82,83,84,86,88,89,91,92,93,94,95,96,97,98,100,101,102,103,104,105,106,109,112,113,114,115,116,118,119,120,122,123,124,125,126,128,131,135,137,139,144,145,146,147,149,153,156,157,158,159,160,161,164,167,168,169,171,172,173,175,178,179,180,181,182,183,184,185,186,191,194,198,201,203,208,209,210,214,215,216,217,219,221,231,234,236,237,246,254,257,266,267,273,278,283,294,296,297,300,307,310,313,326,329,332,336,338,346,348,367,374,388,416,465
48,58,63,66,67,68,69,70,71,72,73,74,75,76,77,79,80,81,82,85,86,92,93,94,95,96,97,100,101,102,104,105,107,108,109,110,111,112,115,116,117,119,121,123,124,125,126,128,129,132,133,134,136,138,140,141,143,145,146,148,149,150,151,152,153,154,155,156,157,160,161,162,164,166,167,168,170,172,173,174,177,178,179,181,185,188,189,190,192,194,195,196,198,199,202,205,209,212,220,223,228,230,231,234,237,239,241,246,247,248,249,252,260,261,262,271,273,277,280,283,284,285,286,289,312,316,329,337,359,367,448,689,694
49,52,63,65,66,68,69,70,71,72,73,74,75,76,78,80,81,82,83,84,85,88,89,90,91,92,93,94,95,96,99,100,101,102,103,104,106,107,110,114,115,117,120,121,123,125,126,127,130,133,134,135,136,139,140,142,143,144,146,147,148,149,150,154,157,162,164,166,168,170,171,175,176,180,182,185,187,190,191,192,198,199,206,209,211,216,219,224,225,228,229,232,235,238,244,248,250,251,255,270,274,276,281,287,293,299,308,311,315,318,323,327,330,341,364
50,9,59,64,66,67,68,69,71,72,73,74,75,77,79,80,81,82,83,84,85,86,88,90,93,95,96,97,98,100,101,104,105,106,107,109,110,112,113,114,115,116,117,118,119,125,127,128,131,132,133,135,136,139,140,143,145,146,147,148,150,151,155,156,160,163,166,168,169,170,171,172,173,174,176,177,179,181,183,185,187,188,190,191,192,194,197,198,199,200,202,204,205,206,207,208,217,220,225,227,233,234,243,244,246,254,264,265,268,277,279,286,291,294,296,316,319,322,326,330,352,368,383,385,454,496,545,674
51,64,66,73,74,75,76,77,78,80,81,82,84,88,90,91,93,94,95,96,97,99,100,102,103,106,109,110,112,113,115,118,119,120,121,122,123,124,125,126,131,132,134,135,137,138,139,143,144,147,149,150,151,154,159,161,163,165,168,169,171,172,174,178,179,182,183,184,186,187,192,193,194,200,203,204,205,208,209,210,214,216,225,239,240,243,251,256,260,261,263,268,275,276,288,292,294,295,301,303,316,317,355,376,414,492,650,673
52,26,51,63,67,69,70,71,72,73,74,75,76,80,81,82,83,84,85,88,89,90,91,93,94,95,96,98,99,100,101,102,103,104,105,106,107,108,110,111,113,117,118,120,121,122,123,124,125,126,128,130,131,134,135,136,138,139,140,144,145,146,148,149,152,153,155,156,158,163,166,169,170,171,172,173,175,178,183,184,189,190,191,193,194,196,198,200,202,205,210,214,215,223,229,234,236,237,243,255,257,260,261,263,275,276,278,283,289,296,300,305,313,322,325,345,360,366,576,624,637,662
53,57,67,71,73,75,76,77,78,79,80,81,82,84,85,86,87,88,90,92,94,95,96,97,99,101,103,104,105,106,107,108,109,110,111,112,113,114,115,116,117,118,119,120,121,123,126,127,130,131,136,138,139,140,143,148,149,151,152,154,156,161,166,168,169,171,172,173,174,175,177,183,184,186,191,195,196,197,201,203,209,213,216,223,225,226,230,232,238,239,241,247,248,255,256,262,264,265,269,270,275,283,294,297,314,325,339,369,692
54,63,65,66,68,70,73,74,75,76,77,78,79,82,83,84,85,86,88,89,91,92,94,95,99,100,101,102,103,107,108,109,110,112,114,116,117,118,119,120,121,123,124,125,126,127,128,129,131,132,133,135,138,141,146,150,152,159,161,163,166,167,168,169,170,172,173,175,178,181,182,185,186,187,189,190,194,196,197,198,204,207,212,232,246,248,254,257,260,266,276,277,279,355,371,373,475,607,659
55,11,18,67,71,74,78,79,80,81,82,83,84,85,88,89,90,92,93,94,95,96,98,99,104,106,108,111,112,114,116,117,119,120,127,129,130,131,133,135,138,140,141,142,144,146,147,153,154,162,163,164,165,166,167,169,172,175,177,181,185,186,187,188,194,195,196,198,202,203,204,208,211,215,218,219,221,222,225,228,234,235,239,249,260,267,295,301,303,308,462,667
56,5,6,54,57,69,70,73,74,78,81,82,83,85,87,88,89,90,91,92,96,97,99,100,103,104,105,108,110,111,112,113,114,115,116,118,121,126,127,129,131,133,134,135,136,137,139,141,142,145,146,153,154,156,157,158,160,162,163,164,165,172,173,175,176,177,183,185,186,189,190,191,193,194,195,202,203,207,211,212,213,218,226,231,237,261,273,289,290,294,295,315,336,339,343,587
57,47,73,77,78,79,83,84,85,87,88,89,91,92,93,95,96,97,99,101,102,104,106,107,108,110,111,112,113,114,115,116,117,119,120,121,123,124,125,126,128,129,130,134,135,136,137,141,142,143,147,151,152,155,156,161,164,165,167,170,171,173,175,178,179,181,186,188,190,199,201,204,206,219,222,262,264,279,287,294,296,298,301,305,318,330,561,664
58,20,37,74,78,79,80,82,83,84,85,86,87,88,89,91,93,94,95,97,98,99,102,103,104,105,107,109,111,112,113,115,116,118,119,120,121,122,123,124,125,126,127,128,129,131,133,134,135,136,137,138,139,141,142,143,144,146,147,149,150,152,153,154,155,159,160,161,163,164,167,168,170,172,174,182,186,188,190,192,193,194,199,200,201,203,206,207,214,215,229,241,243,244,252,266,292,299,325,427,450,643,686
59,6,7,10,29,76,78,79,80,81,82,83,84,85,87,91,94,95,96,97,99,100,101,102,103,106,108,110,112,114,115,116,117,118,119,120,132,133,134,135,136,137,140,141,142,144,145,146,148,149,151,153,154,155,157,159,160,161,162,165,166,167,168,170,171,175,176,178,184,185,190,191,192,196,199,202,208,213,214,217,218,219,224,229,235,241,246,248,270,303,407,427,641
60,4,10,14,17,18,19,34,36,73,74,78,82,85,86,88,89,91,92,93,95,96,97,98,99,100,101,102,103,104,108,109,110,113,114,117,118,119,120,121,122,123,126,127,130,131,133,135,136,138,139,140,141,142,143,144,145,146,147,148,149,150,151,153,155,157,158,159,160,164,168,169,170,171,175,177,183,184,186,187,188,189,192,194,196,197,204,206,210,211,212,213,217,223,225,237,240,248,269,287,297,308,384,389,412,446,589
61,34,35,44,46,75,80,82,83,85,88,89,91,92,93,95,97,98,99,100,101,102,104,105,107,108,110,111,112,114,116,117,118,119,121,122,126,127,128,130,131,135,140,141,142,143,144,145,146,151,152,153,154,156,157,158,160,164,165,166,168,172,176,184,185,187,189,197,207,213,219,221,223,224,226,232,235,250,256,266,325,366,475
62,6,13,46,48,54,74,75,78,81,82,84,85,86,88,89,91,92,93,94,96,97,99,101,102,107,108,109,110,111,112,113,114,115,116,118,120,121,123,124,127,128,129,130,131,132,133,134,135,137,139,140,141,142,143,147,149,151,152,153,154,155,156,159,161,162,163,168,170,171,174,175,176,179,182,185,188,189,192,196,197,201,215,220,232,236,243,260,262,274,294,297,314,347,417,450,471
63,9,50,81,85,86,87,88,90,91,92,93,94,95,97,98,100,101,102,103,104,105,106,107,108,109,110,114,115,116,118,120,121,123,124,125,126,127,129,130,132,133,134,135,136,137,138,139,140,141,142,143,145,147,148,150,152,153,154,155,158,159,162,165,166,167,173,176,177,178,180,183,185,187,188,189,190,191,193,195,197,200,202,209,213,214,218,222,238,249,250,260,265,266,271,291,304,367,386,463
64,67,80,83,85,86,91,92,93,95,96,98,99,100,101,102,103,105,106,107,108,109,110,111,112,113,115,116,117,118,119,120,121,122,123,124,125,127,128,129,130,131,132,133,134,135,137,138,140,142,143,144,146,147,148,149,150,151,153,154,155,156,158,159,162,163,165,166,171,172,174,178,180,182,183,187,190,191,192,193,194,195,196,197,200,201,203,204,210,215,216,217,218,220,222,226,230,232,234,235,240,246,253,259,264,271,275,279,286,287,291,305,307,311,316,330,346,351,394,462,566,578
65,84,85,86,89,90,92,93,95,96,97,98,99,100,102,103,107,109,110,112,113,114,115,117,118,119,120,121,122,123,124,125,126,127,128,131,133,134,135,136,137,138,141,142,143,145,146,152,154,155,158,160,163,164,166,168,169,172,177,182,183,184,187,189,196,213,215,216,217,220,226,229,234,235,237,247,249,252,272,276,306,307,317,329,339,473,532,618,619
66,74,80,83,84,85,86,87,89,90,92,93,94,95,98,103,104,105,106,107,108,110,111,112,113,114,115,116,119,120,122,123,125,126,131,132,134,137,139,140,141,143,144,146,152,155,163,165,171,172,173,174,175,180,183,184,185,188,189,195,197,198,208,210,212,218,220,227,229,236,239,241,242,263,271,275,278,287,411,514,634,649
67,75,79,81,85,86,87,88,89,91,93,95,96,97,98,99,100,101,102,103,108,111,112,114,115,116,119,120,121,122,125,128,131,133,134,137,138,139,140,143,145,148,149,153,159,162,170,174,185,186,188,196,200,202,222,223,225,248,256,257,277,285,296,345,363,415,499
68,3,76,79,80,83,88,90,91,100,102,106,110,112,114,117,120,121,125,128,129,130,131,132,133,135,136,137,138,139,140,145,146,167,203,209,222,265,269,298,324,526,532,583,693
69,12,66,73,79,80,81,82,83,85,89,96,103,108,110,112,113,118,119,120,124,126,147,149,158,160,164,166,204,216,226,252,274,357,374,422,471,563,629
70,71,75,89,94,98,107,134,144,159,183,184,187,271,277,324,334,384,576,660
71,33,53,102,113,125,170,191,541
72,79,128,273,366,394,639
73,313,499,513
74,340,356,520,537
75,61,275,396,449
76,9,33,451,573,612,668
77,348,405
78,28,163,292,515,611
79,338,367,421,578,637,680
80,225,241,314,366,523,567,621
81,177,274,339,512,581
82,55,67,636
83,7,31,78,82,129,456,612,685
84,96,339,469,537,569,650,651
85,33,292,448,462,536,615,667,674
86,13,47,57,75,220,300,335,342,358,406,531,578
87,23,39,408,489,505
88,18,267,439,488,600
89,232,464,607
90,49,82,182,414,426
91,23,159,252,253,380,634
92,11,68,130,355,493,631,638
93,38,333,405,418,479,545,610
94,
95,
96,
97,
98,
