18
0,679
1,31,116,150,204,220,388,538,558,677
2,22,50,363,381,479,663
3,4,490
4,197,326,563,587,599
5,23,40,45,50,58,151,164,249,498,677
6,27,31,33,34,35,38,39,41,63,103,266,384,519,548,581,603,658
7,33,35,36,37,38,39,40,41,42,43,44,45,46,47,48,49,51,52,53,54,55,56,57,58,60,61,64,67,68,71,76,80,85,87,88,89,92,96,99,104,109,122,131,167,170,184,206,256,280,296,304,313,328,334,335,340,344,347,371,479,594
8,28,29,33,34,35,36,37,38,40,42,43,44,45,46,47,49,50,53,54,55,56,61,62,64,65,66,67,68,69,70,71,72,73,74,75,76,77,78,80,81,82,84,85,87,89,90,93,95,96,97,99,100,102,106,110,111,112,114,116,119,122,123,124,126,127,129,130,132,134,135,147,150,151,162,164,169,170,171,172,173,174,176,180,181,185,189,207,211,220,221,223,227,229,230,233,243,250,251,254,256,257,258,261,266,267,270,271,274,276,278,284,285,286,288,289,291,292,296,300,301,302,303,305,308,314,315,316,317,318,322,324,325,326,329,330,331,332,333,334,338,340,342,346,347,348,354,363,369,372,374,381,385,396,444,601,697
9,23,31,32,34,35,37,38,39,40,41,42,43,44,46,47,48,49,50,51,52,53,54,56,57,58,59,60,61,63,65,66,67,68,71,72,73,74,75,78,79,81,82,83,85,86,87,89,92,94,97,99,104,105,106,107,110,112,113,116,118,119,120,122,123,126,127,128,129,130,131,132,133,136,137,138,139,140,141,142,143,144,145,146,147,148,149,150,151,152,153,155,157,159,160,161,162,163,164,165,166,168,169,170,171,175,178,184,185,187,188,189,190,191,194,195,196,197,198,200,202,203,204,207,212,214,217,220,222,224,225,227,228,229,230,231,232,233,234,235,238,239,240,242,244,245,246,247,248,249,250,251,252,253,255,256,257,258,259,260,261,262,263,264,265,266,267,268,269,270,271,272,273,274,275,276,277,278,279,280,281,282,283,284,285,286,287,288,289,290,291,292,293,294,295,296,297,298,299,300,301,302,303,304,305,306,307,308,309,310,311,312,313,314,315,316,317,318,319,320,321,322,323,324,325,326,327,328,329,330,331,332,333,334,335,336,337,338,339,340,341,342,343,344,345,346,347,348,349,350,351,352,353,354,355,356,357,358,359,360,361,362,363,364,365,366,367,368,369,370,371,372,373,374,375,376,377,378,379,380,381,382,383,384,385,387,388,389,390,391,392,393,394,395,396,397,398,399,400,401,402,403,404,406,407,410,412,414,415,416,417,418,419,420,424,425,428,429,430,431,437,439,440,443,444,445,446,447,448,449,450,452,455,456,459,460,462,463,465,466,467,469,471,472,473,474,476,478,479,486,489,491,496,498,501,504,520,525,527
10,22,26,27,28,29,30,31,32,34,35,36,38,40,41,42,45,47,48,50,51,52,55,56,57,58,60,61,63,64,66,67,69,70,72,73,75,76,77,82,83,85,86,88,98,102,103,106,113,116,120,121,123,125,126,129,130,131,134,135,136,137,140,141,143,144,146,147,148,149,150,152,156,158,159,161,163,164,166,167,171,174,180,181,183,184,185,188,193,197,199,200,201,203,205,206,207,208,210,212,216,217,221,222,224,225,226,229,231,232,233,235,237,238,239,240,241,243,244,245,246,247,248,249,250,251,253,255,256,257,258,259,261,262,263,265,266,267,268,269,270,271,272,273,274,275,276,277,278,279,280,281,282,283,284,285,286,287,288,289,290,291,292,293,294,295,296,297,298,299,300,301,302,303,304,305,306,307,308,309,310,311,312,313,314,315,316,317,318,319,320,321,322,323,324,325,326,327,328,329,330,331,332,333,334,335,336,337,338,339,340,341,342,343,344,345,346,347,348,349,350,351,352,353,354,356,357,358,359,360,361,362,363,364,365,366,367,368,370,371,372,374,375,376,377,379,380,381,382,385,386,387,388,389,390,391,393,394,395,396,397,398,400,401,402,404,405,406,407,408,409,410,412,413,414,415,416,417,418,419,420,423,425,427,428,430,432,433,434,435,436,438,439,440,441,442,444,445,446,447,449,450,452,454,455,458,459,460,463,464,465,480,497,501,506,511,536,576,679
11,6,21,22,23,27,29,31,32,33,34,36,38,39,40,42,43,46,47,48,49,50,53,54,56,59,63,68,72,73,82,83,85,86,87,95,97,103,107,108,114,115,117,122,123,125,128,129,132,135,136,138,140,141,142,143,144,145,147,155,157,161,175,184,187,194,202,204,206,210,215,218,229,232,236,238,239,241,243,248,255,259,260,266,267,270,275,277,279,280,281,286,288,289,290,292,293,294,295,296,301,302,304,305,306,307,310,311,312,314,315,317,319,320,325,326,327,328,330,331,334,339,342,344,346,347,349,352,353,354,355,356,358,359,361,363,365,366,367,368,369,370,372,373,374,375,377,378,381,383,384,385,386,387,388,389,391,392,393,395,398,400,401,402,403,407,408,409,411,412,415,416,417,418,420,422,423,424,426,428,431,432,433,434,435,436,437,438,439,440,441,442,443,444,445,446,447,448,449,450,451,452,453,454,455,456,457,458,459,460,461,462,464,465,466,467,468,469,470,471,472,473,474,475,476,477,478,479,480,481,482,483,484,485,486,487,488,489,490,491,493,494,495,498,500,502,503,504,505,506,507,508,509,510,512,516,517,529,531,532,533,540,541,543,545,546,547,555,556,562,564,567,575,595,615,654
12,17,23,29,30,36,38,40,41,42,43,44,45,46,47,49,50,51,52,53,54,55,56,57,59,60,61,62,64,65,68,71,74,75,76,79,84,85,87,94,107,108,115,116,122,125,127,128,131,134,142,144,146,149,150,152,153,161,163,169,171,176,177,178,179,180,184,187,190,192,194,196,199,201,202,205,208,212,213,217,222,231,232,237,243,244,245,246,247,250,251,253,254,255,256,257,258,259,262,263,264,265,266,269,270,272,273,274,275,276,277,278,279,281,282,283,284,285,286,288,289,290,292,293,294,296,297,301,303,304,305,306,307,308,310,311,312,313,315,316,317,318,319,320,321,322,323,324,325,326,327,328,329,331,332,335,336,338,340,341,343,344,345,346,348,350,352,354,355,356,357,358,363,365,367,368,370,371,373,374,375,376,378,381,383,385,389,390,391,394,395,396,397,401,402,406,413,415,420,423,424,425,427,428,429,431,432,433,434,435,437,438,440,441,442,443,444,445,447,448,449,450,453,454,455,458,459,460,461,463,464,466,467,472,475,476,479,480,481,482,484,485,489,491,492,493,506,508,510,512,518,520,522,524,526,527,534,536,539,544,548,551,577,582,593,614,624,675
13,24,28,31,32,33,34,35,36,37,39,40,41,42,43,47,49,50,52,54,55,56,57,59,61,62,63,65,66,67,69,70,71,72,73,74,75,76,77,78,79,80,81,82,83,85,88,90,93,97,99,103,105,106,111,112,119,121,123,124,127,128,132,135,136,139,142,144,149,152,154,155,156,161,167,168,175,178,181,182,183,186,187,190,196,203,207,209,212,221,231,234,235,238,239,240,241,253,256,257,260,262,263,264,265,266,268,269,270,272,273,274,275,276,277,278,279,280,281,282,283,284,286,287,288,289,290,291,292,293,294,295,296,297,298,299,300,301,302,304,305,306,307,308,309,313,314,315,316,320,322,323,325,327,328,329,330,331,332,333,334,335,337,338,339,340,341,342,343,345,346,347,348,349,350,351,352,354,355,356,357,358,360,361,363,365,366,368,369,370,371,372,373,375,376,377,378,379,380,381,382,383,384,385,386,387,390,393,394,395,396,397,398,399,401,402,404,406,410,412,413,416,417,419,420,421,422,423,427,430,431,433,437,438,439,440,441,443,444,445,446,447,448,449,450,454,455,456,458,461,462,464,465,467,468,469,470,471,473,474,475,476,478,480,485,488,489,492,495,504,505,510,519,521,522,524,525,545,574,597,699
14,29,31,32,33,34,35,36,37,38,39,40,41,42,43,44,45,46,47,51,53,56,59,60,61,64,67,68,70,72,77,78,80,83,84,86,87,89,91,93,94,95,97,99,103,104,107,111,122,125,126,128,129,130,133,134,135,136,139,140,142,143,144,145,149,151,153,154,155,156,157,160,161,173,176,179,180,181,182,183,185,187,188,191,199,203,207,210,211,212,213,217,219,221,223,227,230,233,235,237,240,241,242,243,245,246,251,252,253,256,258,259,260,261,263,264,266,268,269,270,271,273,276,277,278,279,280,282,283,284,286,287,288,290,291,294,295,297,299,300,301,302,306,307,308,309,310,311,312,314,315,316,318,319,322,323,324,325,328,329,330,331,333,334,335,336,338,342,344,345,346,347,348,349,351,352,355,356,357,358,361,362,363,364,367,368,369,370,371,373,374,377,380,381,382,384,385,387,388,389,390,391,393,394,396,397,398,403,404,408,409,417,419,420,422,423,424,425,431,434,435,436,440,441,445,447,448,449,452,456,457,458,459,460,461,462,463,464,465,469,471,473,477,481,486,487,495,500,509,514,518,520,529,533,535,594,613,619
15,20,28,35,36,37,38,40,41,43,44,48,49,50,52,53,54,55,56,57,59,60,61,62,63,64,65,67,70,71,74,76,79,80,81,83,86,96,97,102,103,104,106,108,115,121,123,127,128,129,131,137,138,141,142,143,148,156,157,161,162,168,174,179,184,185,191,199,201,205,210,215,218,225,228,232,235,239,244,246,248,249,250,251,252,253,254,255,257,258,261,264,267,271,272,273,274,276,278,279,280,282,284,285,286,287,288,289,290,291,292,293,294,295,296,297,298,299,302,303,305,307,312,313,315,316,318,320,322,323,324,325,326,328,329,330,332,333,334,336,337,338,339,340,342,345,346,349,353,354,355,356,357,358,359,361,365,366,367,373,379,380,381,382,386,389,390,392,395,396,400,402,403,410,411,412,413,414,420,422,423,424,426,427,428,429,430,432,433,434,441,443,444,445,448,449,450,451,452,453,454,458,462,465,468,470,471,478,482,500,506,517,537,546,562,572,581,624,666
16,32,33,34,35,36,37,38,39,41,42,43,44,45,46,47,48,49,51,52,56,57,60,61,62,64,65,66,67,69,70,72,73,74,75,76,78,79,80,81,83,84,86,88,89,95,97,102,108,112,116,120,121,124,125,126,128,130,131,132,133,135,136,137,138,139,142,145,146,157,158,159,162,164,167,168,171,172,178,188,190,196,200,203,218,225,228,230,232,242,243,250,253,254,255,257,260,262,263,266,271,273,277,279,292,295,296,299,300,301,305,306,307,310,316,319,326,327,328,330,331,335,336,337,338,339,344,346,347,348,349,351,352,353,355,356,359,360,363,364,365,368,370,372,373,375,378,379,380,382,383,384,386,387,389,390,392,394,399,400,401,404,407,408,409,411,413,414,415,416,417,418,420,421,423,426,427,428,430,431,433,435,436,438,439,440,441,444,445,446,447,449,451,453,454,456,457,459,462,463,467,469,470,472,473,475,477,478,482,485,492,494,495,502,516,532,539,583,591,597,624,638
17,36,39,41,42,43,44,45,46,47,48,49,50,51,52,53,54,55,56,57,58,59,61,62,64,65,66,68,70,73,75,77,78,79,82,85,86,87,88,91,92,95,96,102,103,106,110,111,114,115,127,128,129,130,132,133,135,137,145,146,147,149,150,152,155,158,162,163,164,165,167,168,169,170,174,177,183,184,188,191,193,195,197,198,200,213,220,221,222,223,225,235,238,242,245,248,251,253,257,258,259,261,262,263,266,267,268,271,272,273,278,279,281,288,291,293,297,298,299,300,301,304,309,311,313,318,319,320,321,330,331,332,337,341,343,344,349,350,351,357,358,362,363,367,368,369,370,373,375,376,378,379,380,388,389,390,391,393,396,398,402,405,407,414,419,421,424,427,432,433,437,439,449,451,452,455,456,459,462,467,472,478,488,489,491,492,497,507,508,511,520,521,617,652
18,27,31,33,35,36,37,38,39,40,41,42,43,44,45,46,47,48,50,51,52,53,54,55,57,58,60,61,62,63,64,66,67,68,69,70,71,73,74,75,76,77,78,79,80,81,82,83,84,85,86,88,90,91,92,98,99,101,102,103,104,105,107,112,118,119,129,130,131,134,136,137,138,139,142,146,148,149,150,151,152,157,165,166,170,171,172,179,182,188,190,191,193,197,199,200,202,204,205,211,218,230,236,239,242,245,248,256,257,258,260,261,266,269,270,271,273,275,276,285,286,287,290,293,294,295,296,300,301,302,303,304,305,306,307,308,309,310,312,314,316,317,321,323,324,327,328,330,331,334,335,336,337,338,339,340,341,342,344,347,348,350,353,355,357,359,361,362,363,367,368,371,372,373,374,375,376,379,380,381,382,385,386,387,388,389,392,394,395,397,399,400,401,402,404,405,406,408,410,411,412,416,417,419,424,426,427,428,429,431,434,436,437,438,439,440,442,443,444,445,447,449,450,451,452,454,457,459,461,466,469,473,476,478,479,481,483,488,489,498,501,508,521,537,565,580
19,35,42,43,44,46,47,48,49,50,51,52,53,54,55,56,57,58,59,60,61,62,63,64,65,66,68,69,70,71,72,73,76,78,79,80,81,82,84,85,87,95,98,99,102,104,105,107,109,110,113,114,120,122,130,132,133,135,137,138,139,140,141,142,143,145,146,147,150,151,152,153,154,155,156,157,158,159,162,163,164,165,166,168,170,173,177,180,184,185,187,188,190,191,194,196,197,200,201,202,204,206,207,208,209,213,215,216,217,219,221,225,228,229,236,239,243,246,248,251,253,254,258,259,261,263,265,266,267,270,277,280,281,285,292,293,297,314,319,320,325,327,328,331,334,335,336,338,339,340,343,352,355,356,357,367,370,376,378,380,381,383,385,387,392,395,398,404,405,407,415,418,422,424,427,428,429,430,439,441,445,448,450,456,460,465,468,473,475,477,482,488,494,501,502,510,515,518,524,610
20,28,33,35,36,37,38,39,41,42,43,44,45,46,48,49,51,53,56,58,59,60,61,63,64,65,66,67,68,69,70,71,72,73,74,75,76,77,78,79,80,81,82,83,84,85,86,87,88,89,90,91,92,93,94,95,96,97,98,99,100,101,103,104,106,108,111,114,115,119,124,126,130,131,135,137,138,139,140,142,145,147,148,155,159,162,163,166,167,174,175,178,181,186,188,194,196,198,199,200,202,203,208,211,213,227,230,242,253,255,256,263,264,266,267,274,275,276,278,279,282,283,286,289,292,295,298,304,307,310,312,313,314,316,320,323,324,327,334,335,336,337,339,340,341,342,345,346,347,349,350,352,353,354,355,356,359,360,363,365,367,368,375,379,381,384,388,391,392,400,402,410,411,416,417,421,426,434,441,444,448,462,463,466,471,485,503,515,531,577,621,631,659,676
21,10,25,29,31,33,36,37,40,41,43,44,45,46,47,48,49,51,52,53,55,56,57,58,59,61,62,68,69,71,72,73,74,76,77,78,79,80,81,84,85,87,88,89,90,91,93,94,95,96,97,99,100,101,105,106,107,108,110,111,112,113,115,116,117,120,123,125,127,130,132,133,134,137,142,143,145,146,148,151,155,156,157,158,159,161,162,166,167,176,179,180,181,182,187,189,190,192,194,198,200,203,206,218,229,233,242,257,264,272,288,291,308,318,356,370,385,611,647,696
22,4,14,28,32,37,39,43,44,45,47,51,54,57,59,60,62,63,64,66,67,68,70,71,72,74,75,77,79,82,83,84,85,86,88,89,90,91,92,93,94,97,98,100,103,104,107,109,111,112,113,114,118,119,128,132,134,148,150,155,156,162,163,164,167,170,171,180,182,187,188,189,195,199,202,204,205,209,267,275
23,18,31,38,46,56,61,74,75,77,80,85,95,106,110,111,112,113,116,123,128,129,130,140,145,167,170,171,175,245,692
24,2,30,82,95,103,120,184,581,630
25,104,550
26,12,175,207,277,484
27,2,19,32
28,7,20,50,674
29,51,512,574,575
30,37,300,485,570
31,71,117,170,396,647
32,28,80,95,102
33,29,39,98,112,150,564,608
34,45,85,156,158,201,392,394
35,433,530,587,656,695
36,323,386,534,585
37,100,171,172,351,443,506,583,626
38,34,138,430,555
39,38,537,588,641
40,160,175,205,242,265,423,584,608
41,85,143,224,274,345,350,417,636
42,218,250,438,618
43,384
44,202,269,307,379,413,433,454,488
45,13,98,475,581,671,678
46,116,130,246,323,519,533,647,669
47,6,281,316,381,536,584,589
48,417,450,454,534
49,52,53,77,133,177,296,639
50,79,212,248,338,527,660
51,109,176,191,378,394,535,663
52,53,127,167,232,283,678
53,
54,
55,
56,
57,
58,
59,
60,
61,
62,
63,
64,
65,
66,
67,
68,
69,
70,
71,
72,
73,
74,
75,
76,
77,
78,
79,
80,
81,
82,
83,
84,
85,
86,
87,
88,
89,
90,
91,
92,
93,
94,
95,
96,
97,
98,
