2
0,373
1,71,251,346,353,456,630,632
2,279,313,437,472,582
3,75,161,188,213,226,291,328,513
4,88,171,192,197,200,352,498,509,559,567,602,694
5,153,454,483,484,487,494,501,504,506,509,516,526,531,542,544,545,555,558,560,569,576,579,581,583,590,595,597,601,606,607
6,14,55,287,476,478,479,480,484,486,488,495,496,497,498,499,500,501,502,503,505,508,509,510,512,516,518,521,525,526,527,534,535,538,539,542,545,550,551,553,558,562,563,565,567,568,572,576,577,584,585,590,593,595,598,606,612,619,622,624,668
7,175,224,262,355,418,442,474,480,482,484,485,486,493,497,500,501,503,505,506,511,516,529,551,557,561,563,570,575,583,584,601,609,631
8,10,84,140,224,290,415,485,504,515,521,656
9,52,98,100,101,102,104,105,106,108,110,111,112,243,433,469,600
10,89,90,91,92,93,94,96,98,99,100,101,102,103,104,105,106,107,108,109,110,111,112,113,114,115,116,117,118,119,120,121,122,123,124,125,126,127,128,129,130,131,132,135,137,140,141,149,459,507,646
11,48,67,93,94,96,97,99,100,101,102,103,104,105,106,107,108,109,110,111,112,113,114,115,116,117,118,119,120,121,122,123,124,125,126,127,128,129,130,131,132,133,134,135,136,137,138,139,140,141,142,143,144,145,146,147,148,149,150,151,152,153,154,155,156,157,158,159,160,161,162,163,164,165,166,167,168,169,170,171,172,173,174,175,176,177,178,179,180,181,182,183,184,185,186,187,188,189,190,191,193,194,195,196,197,198,199,200,201,202,203,206,210,211,212,215,217,218,219,221,222,224,232,234,235,239,242,252,263,265,302,314,319,394,397,404,422
12,94,95,96,97,98,99,100,102,103,104,106,108,109,110,111,112,113,114,115,116,117,118,119,120,121,122,123,124,125,126,127,128,129,130,131,132,133,134,135,136,137,138,139,140,141,142,143,144,145,146,147,148,149,150,151,152,153,154,155,156,157,158,159,160,161,162,163,164,165,166,167,168,169,170,171,172,173,174,175,176,177,178,179,180,181,182,183,184,185,186,187,188,189,190,191,192,193,194,195,196,197,198,199,200,201,202,203,204,205,206,207,208,209,210,211,212,213,214,215,216,217,218,219,220,221,222,223,224,225,226,227,228,229,230,231,232,233,234,235,236,237,238,239,240,241,243,244,245,246,247,248,249,250,251,252,253,254,256,257,258,259,260,261,262,263,264,265,266,267,268,269,270,271,273,274,275,276,277,279,283,284,285,287,290,292,293,295,296,297,300,302,304,307,309,311,316,318,320,323,332,338,340,343,645
13,93,94,95,96,97,99,100,101,102,103,104,105,106,107,108,109,110,111,112,113,114,115,117,118,119,120,121,122,123,124,125,126,127,128,129,130,131,132,133,135,136,137,139,140,141,142,143,144,145,146,147,148,149,150,151,152,153,154,155,156,157,158,159,160,161,162,163,164,165,166,167,168,169,170,171,172,173,174,175,176,177,178,179,180,181,182,183,184,185,186,187,188,189,190,191,192,193,194,195,196,197,198,199,200,201,204,205,206,207,208,209,210,211,212,213,214,215,216,217,218,219,220,221,222,223,224,226,227,228,229,230,231,232,234,235,236,237,238,240,241,243,244,245,247,249,250,251,252,253,254,256,257,258,260,261,262,263,264,265,267,268,270,271,272,273,274,278,280,281,284,286,287,289,292,293,294,296,297,299,303,304,305,306,307,309,310,311,312,313,315,316,317,319,322,323,326,329,330,333,335,338,339,340,344,351,353,355,378,386,394,406,412,419,431,438,443,452,454,459
14,91,92,95,96,97,98,99,100,101,103,104,105,106,107,108,110,111,112,113,114,115,116,117,118,119,120,121,122,123,124,125,126,127,128,129,130,131,132,133,134,135,136,138,139,140,141,142,143,144,145,146,147,149,150,151,152,153,154,155,156,157,158,159,160,161,162,163,164,165,167,168,170,172,173,174,178,179,180,181,182,183,184,187,188,190,191,192,193,194,196,197,198,199,200,202,203,204,205,206,207,208,209,210,211,212,213,214,215,216,217,218,220,221,222,223,224,225,226,227,228,229,230,231,232,233,234,235,236,237,239,240,241,242,243,244,245,247,248,249,251,252,253,254,257,258,259,261,262,263,265,266,267,271,272,275,277,282,284,286,291,293,298,308,309,312,314,320,329,331,342,351,357,362,395,403,405,411,414,436,438,441,442,501,549
15,1,67,93,94,95,96,98,101,102,103,104,106,107,108,109,110,111,112,113,114,115,116,118,119,120,121,122,123,125,126,127,128,130,131,132,133,134,135,136,137,139,140,141,142,143,144,145,146,147,148,149,150,152,153,154,155,156,157,158,159,160,161,162,163,164,165,166,167,168,169,171,172,175,176,177,178,179,181,182,183,185,188,189,190,191,192,193,194,195,197,198,199,200,201,202,204,207,208,209,211,213,214,215,216,218,221,222,223,224,226,227,228,230,231,233,235,237,238,239,240,241,242,243,244,247,248,250,253,255,256,258,265,267,268,269,270,271,272,273,274,275,276,277,278,281,286,288,289,295,296,299,300,301,303,304,306,307,309,311,312,318,322,323,330,331,333,338,341,345,357,398,401,405,409,416,420,434,463,465,503,571,651,680
16,94,96,98,100,101,103,104,105,106,107,108,109,110,111,112,113,114,115,116,117,118,119,120,121,122,123,124,125,126,127,128,129,130,132,133,134,135,136,137,138,139,140,141,142,143,144,146,147,148,150,152,153,155,156,157,158,159,162,163,165,166,167,168,169,170,171,172,173,174,175,176,177,178,179,183,184,185,187,189,193,194,195,196,197,199,200,201,202,204,206,207,208,209,212,213,214,215,216,217,218,219,222,223,224,225,226,228,229,230,231,233,236,237,238,240,241,245,246,247,248,251,252,253,254,255,257,261,262,263,266,269,270,276,281,282,285,287,289,291,292,301,307,309,310,315,325,333,337,340,349,367,393,403,408,417,475,481,640,642
17,97,98,101,103,105,106,107,108,109,110,111,112,113,114,115,117,118,119,120,123,124,125,126,127,128,129,130,131,132,134,135,136,137,138,139,140,141,142,143,144,145,146,148,149,150,151,152,153,154,155,156,157,158,159,160,161,163,164,165,166,167,168,169,170,171,172,173,174,176,182,183,184,185,186,188,189,190,194,199,200,202,203,204,207,209,211,213,215,218,219,220,221,222,225,226,227,228,230,233,234,235,236,237,238,239,240,241,243,244,245,246,247,248,249,252,253,254,255,256,258,260,261,263,266,267,268,271,272,273,277,279,280,282,283,289,290,291,292,293,297,299,303,308,309,313,314,316,341,343,361,364,377,385,386,392,395,401,416,428,433,443,458,471,579
18,3,94,95,102,103,104,105,106,107,108,109,110,111,112,114,115,116,117,118,119,120,121,123,125,126,127,128,129,130,131,132,133,134,135,137,138,139,140,141,142,143,144,145,146,147,149,150,151,152,153,154,155,156,158,159,160,162,164,165,168,170,171,172,173,174,176,179,180,181,183,185,186,187,188,189,190,191,193,194,195,197,198,199,201,202,203,205,207,209,210,211,212,213,215,217,218,219,220,221,222,223,224,225,226,227,228,229,231,233,234,236,237,238,240,241,242,246,249,250,251,255,256,258,261,262,263,264,265,266,271,273,275,280,288,291,295,296,297,305,306,313,320,324,358,410,445,477,556,579
19,40,92,93,99,103,104,105,106,107,108,109,110,111,112,113,116,117,118,119,121,122,123,124,125,126,127,128,129,130,131,132,133,134,135,136,137,138,139,141,142,144,145,146,147,148,149,150,151,152,153,154,155,156,157,158,159,161,162,163,164,165,167,169,171,172,173,174,175,176,177,178,180,181,182,183,184,191,192,193,196,197,199,201,202,203,204,206,209,211,212,213,214,216,218,219,224,225,229,231,235,238,240,245,247,248,249,250,251,252,254,257,258,260,261,263,264,266,267,275,280,282,286,289,298,299,301,303,312,313,314,320,329,331,335,337,346,347,348,352,390,445,448,461,514,523,645
20,19,100,102,103,108,109,110,111,112,113,114,115,116,117,118,119,120,122,123,125,126,128,129,130,131,132,133,134,135,136,137,138,139,141,142,143,144,145,147,148,149,150,152,153,154,155,156,157,158,160,162,164,165,166,167,168,170,171,173,174,177,179,181,182,183,184,185,186,188,189,190,193,194,195,196,198,199,200,203,205,206,207,209,210,211,213,214,216,217,219,221,223,224,225,226,227,228,229,231,233,235,237,238,241,242,243,245,246,248,250,255,256,258,264,266,269,270,271,277,285,287,288,289,292,295,300,302,313,318,320,322,332,351,353,371,382,446,464,552,627
21,103,104,106,108,109,110,111,112,113,114,115,117,118,119,120,121,122,123,124,125,126,127,128,129,130,131,132,133,134,135,136,137,139,140,141,142,143,144,145,147,148,150,151,152,153,154,155,156,157,158,160,161,162,163,164,166,167,169,170,171,172,174,175,176,178,181,182,183,184,187,190,191,192,198,199,200,202,203,204,207,208,209,210,211,215,216,217,219,220,221,224,225,226,229,231,232,233,234,237,238,239,240,241,244,245,246,250,252,253,254,257,259,264,265,266,268,269,270,271,273,275,277,278,279,283,284,285,287,290,300,301,304,309,310,313,318,322,330,332,337,351,353,380,401,456,633
22,22,95,103,105,109,110,111,113,114,115,117,118,119,121,122,123,125,126,127,128,129,131,132,133,134,135,136,137,138,139,140,142,143,145,146,147,148,151,152,156,157,158,159,161,162,163,164,165,166,167,168,172,174,175,177,180,181,182,183,184,185,186,187,191,192,194,195,196,199,200,201,202,203,205,206,207,208,209,210,211,212,213,214,215,216,217,218,219,220,221,222,223,224,225,227,228,229,230,231,232,233,234,235,236,237,238,239,240,242,243,244,245,249,251,253,254,256,259,260,261,262,263,271,274,280,282,283,286,292,306,307,309,327,338,348,349,356,373,411,426,436
23,98,102,104,105,107,108,112,113,114,115,116,117,118,120,121,122,123,125,127,128,129,130,132,136,137,138,139,140,141,142,143,144,145,147,148,149,150,152,153,154,155,156,157,158,159,160,166,167,168,169,170,172,173,175,176,177,178,179,180,181,183,186,187,188,190,192,194,196,197,198,199,201,202,204,205,206,207,208,209,211,214,215,217,218,219,220,222,223,224,225,226,228,229,236,238,239,240,251,252,257,258,261,273,275,282,283,284,291,295,306,331,334,335,356,359,369,380,386,394,425,657
24,99,103,106,107,108,109,111,113,117,118,119,120,121,122,123,124,125,126,127,128,129,130,131,132,133,134,135,136,137,139,140,142,143,145,146,147,148,149,150,151,152,155,156,157,158,159,160,162,163,165,166,167,168,169,170,171,173,176,177,178,179,180,181,183,185,186,189,191,192,193,194,196,197,199,200,201,203,204,205,206,208,213,214,215,218,220,221,222,224,225,227,228,231,232,234,235,236,237,238,241,244,247,250,253,255,256,257,258,259,260,261,265,268,275,278,283,285,287,288,290,292,293,294,297,302,306,307,310,312,318,325,344,361,382,450,589,631,648
25,94,107,108,109,110,111,113,114,115,116,117,119,121,123,124,125,127,128,129,130,131,132,133,134,135,136,137,138,139,140,143,144,145,146,147,148,150,151,152,154,156,158,159,160,162,164,165,166,167,168,170,171,172,174,175,176,177,179,180,181,182,183,185,187,188,189,190,194,195,197,199,200,201,202,204,205,209,210,211,212,214,215,216,217,218,219,221,222,223,224,227,231,232,233,238,239,241,242,243,245,246,247,248,252,253,255,256,258,259,261,270,276,277,286,287,298,303,310,316,330,337,349,351,352,373,491,616,667
26,99,107,111,113,114,115,116,118,120,121,122,124,125,126,127,128,130,131,132,133,134,135,136,137,138,139,143,144,145,146,147,148,149,150,151,152,153,154,156,158,159,161,162,163,164,165,166,167,168,169,170,171,173,174,175,176,177,181,182,183,185,188,191,192,193,195,197,199,201,206,207,209,210,211,213,215,219,220,221,223,224,225,226,227,228,229,232,234,237,238,241,242,246,251,252,254,255,257,262,263,264,265,266,269,271,272,277,278,283,284,285,286,287,288,289,290,291,297,317,323,335,346,351,360,380,383,390,434,506,507
27,83,103,105,108,112,113,114,116,117,118,120,121,122,123,124,125,126,127,129,130,131,132,133,134,136,137,138,139,140,141,142,144,145,146,148,152,154,156,157,158,159,160,161,163,164,165,166,167,168,172,173,174,177,178,180,181,182,183,184,185,186,188,190,191,192,193,194,195,196,197,199,200,202,204,205,206,211,215,216,217,219,220,222,223,224,226,227,228,231,232,233,234,236,240,241,243,246,251,254,255,264,280,282,285,289,295,301,306,314,337,348,447,470,681
28,91,105,108,110,112,113,114,115,116,117,118,119,120,121,122,123,126,128,129,130,132,133,135,138,139,141,143,145,149,150,151,152,153,154,155,156,157,158,159,160,162,163,164,165,166,167,169,170,172,173,174,175,176,177,179,180,182,183,185,186,187,188,189,190,192,193,194,197,198,199,200,201,204,205,207,208,210,211,213,214,216,221,224,225,226,228,231,232,233,234,236,237,239,242,245,247,248,251,256,260,262,266,269,274,275,282,283,286,291,296,297,299,300,316,317,325,343,344,346,371,372,405,435,495,527
29,101,103,106,112,114,116,120,123,125,126,127,131,133,134,135,136,137,139,141,143,144,145,147,148,149,150,151,152,153,154,156,157,158,160,161,164,166,167,168,170,171,172,173,174,176,177,179,184,187,188,192,193,194,195,200,202,203,204,208,210,214,215,217,218,219,221,224,226,227,230,231,232,233,235,236,238,240,244,248,249,254,255,258,262,266,268,271,275,276,277,279,280,281,282,286,287,295,296,299,300,302,307,309,312,335,347,353,356,364,368,416,572,684
30,4,100,111,113,117,119,120,127,128,129,130,131,132,134,137,144,145,148,149,150,156,157,159,163,164,165,166,167,173,174,179,180,182,189,190,195,197,198,200,206,207,208,211,214,215,217,224,225,230,231,232,235,238,239,244,245,246,250,253,259,262,265,267,274,276,279,283,284,315,326,343,350,448,489,520,544,588
31,21,151,166,178,180,203,207,252,260,268,291
32,62,72,652,685
33,
34,
35,
36,
37,
38,
39,
40,
41,
42,
43,
44,
45,
46,
47,
48,
49,
50,
51,
52,
53,
54,
55,
56,
57,
58,
59,
60,
61,
62,
63,
64,
65,
66,
67,
68,
69,
70,
71,
72,
73,
74,
75,
76,
77,
78,
79,
80,
81,
82,
83,
84,
85,
86,
87,
88,
89,
90,
91,
92,
93,
94,
95,
96,
97,
98,
