15
0,28
1,36,38,42,94,122,161,349,493,668
2,37,45,50,55,60,69,79,88,98,139,182,199,201,366,381,500,516,617
3,9,19,25,34,50,59,60,75,80,81,98,102,111,112,126,141,142,167,225,511
4,25,26,29,31,40,49,83,123,128,239,404,475,480,516
5,31,38,42,62,199,407,459,473,589,593,625
6,1,67,493,515,591
7,157,269,320,545,580,662
8,87,136,268,280,475,489,562
9,97,236,394,451,669
10,147,316,362
11,61,660
12,159,237,299,322,588
13,1,177,262,312,321
14,30,253,387,440,464,527,614,659
15,86,496,505,573,615
16,64,452
17,93,281,438,655,670
18,35,38,41,47,71,270,359,402,664
19,51,54,55,64,69,293,537,659
20,34,36,39,44,46,47,48,49,50,51,52,53,54,55,56,57,62,63,64,67,161,167,304
21,34,37,38,39,40,41,42,43,44,45,46,47,48,49,50,51,52,53,54,55,57,58,59,60,61,62,63,64,65,66,67,68,69,70,71,72,76,79,81,82,83,84,85,86,87,88,91,94,132,300,468,516,602,614,681
22,22,32,34,36,37,38,39,40,41,42,43,44,45,46,47,48,49,50,51,52,53,54,55,56,57,58,59,60,61,62,63,64,65,66,67,68,69,70,71,72,73,74,75,76,77,78,79,80,81,82,83,84,85,86,87,88,89,90,91,92,93,94,95,96,97,98,99,100,101,102,103,104,105,106,107,108,111,114,136,176,303,324,632
23,30,34,35,36,37,38,39,40,41,42,43,44,45,46,47,48,49,50,51,52,53,54,55,56,57,58,59,60,61,62,63,64,65,66,67,68,69,70,71,72,73,74,75,76,77,78,79,80,81,82,83,84,85,86,87,88,89,90,91,92,93,94,95,96,97,98,99,100,101,102,103,104,105,106,107,108,109,110,111,112,113,114,115,116,117,118,119,120,121,122,123,124,125,126,127,129,130,131,132,133,134,135,136,137,138,139,140,141,142,143,144,145,146,147,148,149,150,151,152,153,154,155,156,157,158,159,160,161,162,163,164,165,166,167,168,169,170,171,172,173,174,175,176,178,180,182,184,185,186,187,188,189,190,192,193,195,196,197,198,199,201,202,203,204,205,207,208,251,431,460,611,626,631
24,32,34,35,36,38,39,40,41,44,46,47,48,49,50,51,52,53,54,55,56,57,58,59,60,61,62,63,64,65,66,67,68,69,70,71,72,73,74,75,76,77,78,79,80,81,82,83,84,85,86,87,88,89,90,93,94,95,96,97,98,99,100,101,102,104,105,106,107,108,109,110,111,112,113,114,115,116,117,118,119,120,121,122,123,124,125,126,127,128,129,130,131,132,133,134,135,136,137,138,139,140,141,142,143,144,145,146,147,148,149,150,151,152,153,154,155,156,157,158,159,160,161,162,163,164,165,166,167,168,169,170,171,172,173,174,175,176,177,178,179,180,181,182,183,184,185,186,187,188,189,190,191,192,193,194,195,196,197,198,199,200,201,202,203,204,205,206,207,208,209,210,211,212,213,214,215,216,217,218,219,220,221,222,223,224,225,226,227,228,229,230,231,232,233,234,235,236,237,238,239,240,241,242,243,244,245,246,247,248,249,251,252,253,254,255,256,257,258,260,261,263,264,265,266,267,268,269,270,271,272,273,274,275,276,277,278,280,282,284,286,288,289,291,292,295,296,297,306,317,318,320,324,325,328,330,333,334,335,340,353,356,372,374,381,408,427,532,590,650
25,35,38,39,40,41,42,43,44,46,47,48,49,50,51,52,53,54,55,56,57,58,59,60,61,62,63,64,65,66,67,68,69,70,71,72,73,74,75,76,77,78,79,80,81,82,83,84,85,86,87,88,89,90,91,92,93,94,95,96,97,98,99,100,101,102,103,104,105,106,107,108,109,110,111,112,113,114,115,116,117,118,119,120,121,123,124,125,126,127,128,130,132,133,134,135,136,137,138,139,140,141,142,143,144,145,146,147,148,149,150,151,152,153,154,155,156,157,158,159,160,161,162,164,165,166,167,168,169,170,171,172,173,174,175,176,177,178,180,181,182,183,184,185,186,187,188,189,190,191,192,193,194,195,196,197,198,199,200,201,202,203,204,205,206,207,208,209,210,211,212,213,214,215,216,217,218,219,220,221,222,223,224,225,226,227,228,229,230,231,232,233,234,235,236,237,238,239,240,241,242,243,244,245,246,247,248,249,250,251,252,253,254,255,256,257,258,259,260,261,262,263,264,265,266,267,268,269,270,271,272,273,274,276,277,278,280,281,282,283,284,285,286,288,289,290,291,292,293,294,295,296,297,298,299,300,301,302,303,304,305,306,307,308,309,310,311,312,313,314,315,316,317,318,319,320,321,323,324,326,327,329,330,331,332,333,334,335,337,338,339,340,342,343,344,345,346,347,348,350,352,353,355,356,358,360,362,363,365,366,367,369,374,381,387,393,394,397,401,411,418,456,460,463,478,488,601,638
26,40,42,43,44,46,47,49,50,51,52,53,54,55,56,57,58,59,60,61,62,63,64,65,66,67,68,69,70,71,72,73,74,75,76,77,78,79,80,81,82,83,84,85,86,87,88,89,90,91,92,93,94,95,96,97,98,99,100,101,102,103,104,105,106,107,108,109,110,111,112,113,114,115,118,119,120,121,122,123,124,125,126,127,129,130,132,133,134,136,137,138,139,140,141,142,143,145,146,147,148,149,150,151,152,153,154,155,156,157,158,159,160,161,162,163,164,165,166,167,168,169,170,171,172,173,174,175,176,177,178,179,180,181,182,183,184,185,186,187,188,189,190,191,192,193,194,195,196,197,198,199,200,201,202,203,204,205,206,207,208,209,210,211,213,214,215,216,217,218,219,220,221,222,223,224,225,226,227,228,229,230,231,232,233,234,235,236,237,238,239,240,242,243,244,245,246,247,248,249,250,251,252,253,254,255,256,257,258,259,260,263,264,265,266,267,269,270,271,272,273,274,276,277,278,279,280,282,283,284,285,286,288,289,290,291,292,293,294,298,299,305,306,307,309,310,311,312,313,315,316,317,319,320,322,323,325,329,332,336,338,340,345,346,350,351,355,357,360,361,362,363,364,372,374,378,386,389,398,405,406,414
27,20,45,47,48,49,50,51,52,53,54,55,56,57,58,59,60,61,62,63,64,65,66,67,68,69,70,71,72,73,74,75,76,77,78,79,80,81,82,85,86,87,88,89,90,91,92,93,95,96,97,98,99,100,101,102,103,104,105,106,107,108,109,110,111,112,113,114,115,116,117,118,119,120,121,122,123,124,125,126,127,128,129,131,132,133,134,135,136,137,138,139,140,141,142,143,144,145,146,147,148,149,150,152,153,154,155,156,157,158,159,161,162,163,164,165,166,168,169,170,171,172,173,174,175,176,177,178,179,180,181,182,183,184,185,186,187,188,189,190,191,192,193,194,195,196,197,198,199,200,201,202,203,204,205,206,209,210,211,213,214,215,216,217,218,219,220,221,223,224,225,226,228,230,231,232,233,234,235,236,237,238,239,240,241,242,243,246,247,248,249,251,252,253,254,255,256,257,259,260,261,263,264,265,266,267,269,270,271,272,275,276,277,278,279,280,283,284,285,286,287,290,294,295,296,297,298,300,301,302,305,306,307,311,312,313,314,316,318,319,320,321,324,325,326,330,334,335,336,342,343,346,351,352,353,355,357,358,360,364,365,367,371,380,384,385,391,392,393,394,398,400,405,422,426,469,484,610,672
28,38,40,43,44,46,47,48,50,51,52,53,55,56,57,58,60,61,63,64,65,66,67,68,69,70,73,74,75,76,77,78,79,80,81,82,83,84,85,86,87,88,89,90,91,92,93,94,95,96,97,99,100,101,102,103,104,105,106,107,108,109,110,111,112,113,114,115,116,117,118,119,120,121,123,125,126,127,128,129,130,131,132,133,134,136,138,139,140,141,142,143,144,145,146,147,148,149,150,153,154,155,157,158,159,160,161,163,164,165,166,167,168,169,171,172,173,174,175,176,177,178,179,180,181,182,183,184,185,186,187,188,189,190,191,192,195,196,197,198,199,200,201,202,203,204,205,206,207,208,209,210,212,213,214,215,216,217,218,220,221,222,223,224,225,226,227,228,229,230,231,232,233,234,236,237,238,239,243,244,245,246,248,249,251,252,254,255,256,258,261,262,263,265,266,267,268,270,271,272,273,276,277,278,280,281,282,287,290,291,294,295,296,299,302,303,304,305,306,314,318,322,325,327,328,332,333,334,338,346,348,349,358,363,367,370,374,376,377,380,381,389,391,397,400,402,408,418,419,446,449,452,455,475,514
29,39,43,46,47,48,49,50,53,54,56,57,58,59,60,61,62,63,64,65,66,67,68,69,70,71,72,73,74,75,76,77,78,79,80,81,83,85,86,87,88,89,90,91,92,93,94,95,96,97,98,99,100,101,102,103,104,105,106,107,108,109,110,111,112,113,114,115,116,117,118,119,120,121,122,123,124,125,126,128,129,130,131,132,133,134,135,136,137,138,139,141,142,143,145,147,148,149,150,151,152,153,154,155,157,158,159,160,161,162,163,164,165,166,167,169,170,171,172,173,174,175,176,178,179,180,181,183,184,186,187,188,190,191,192,193,194,195,196,197,198,199,200,201,202,203,204,205,206,207,208,209,210,211,215,217,218,219,220,221,222,223,224,225,226,227,228,229,230,231,232,233,235,236,237,238,240,241,242,243,244,245,246,247,248,249,250,251,252,253,254,256,257,258,259,260,261,262,263,264,265,266,267,268,269,270,271,272,273,275,276,279,280,281,282,283,284,285,287,288,290,291,292,293,295,296,300,301,309,310,311,312,314,320,322,325,326,327,333,335,339,341,343,346,348,350,351,353,357,358,361,364,365,367,369,371,372,378,379,387,388,391,407,438,445,447,461,483,496,497,507,520
30,39,43,46,50,51,52,53,54,55,56,57,59,60,61,62,63,64,65,66,67,68,69,70,71,72,73,74,75,76,77,78,79,80,81,82,83,84,85,86,87,88,89,91,92,93,94,95,96,97,98,99,100,101,102,103,104,105,106,107,108,109,110,111,112,113,114,115,116,117,118,119,120,121,122,123,125,126,128,129,130,131,132,133,134,136,137,138,139,140,141,142,143,144,145,146,147,148,149,150,151,152,154,155,156,157,158,159,160,161,162,163,164,165,166,167,168,169,170,171,172,173,174,175,176,177,178,179,181,182,184,185,186,187,189,190,191,192,193,194,195,196,197,198,199,200,201,203,204,206,208,209,210,211,212,213,214,215,216,217,218,219,220,221,223,224,225,226,227,229,230,231,232,233,235,237,238,239,240,241,242,244,245,246,247,249,250,252,254,255,256,257,258,259,261,262,263,264,266,267,268,269,270,272,273,277,278,279,281,282,283,285,288,292,294,295,296,297,299,300,301,302,303,304,306,307,311,312,314,315,316,321,324,325,326,328,329,330,331,332,335,340,341,342,343,344,346,348,359,362,363,364,376,378,381,382,383,384,389,400,403,410,411,414,416,417,432,445,458,497,529,538,619,644
31,36,38,43,44,45,46,47,49,50,51,52,53,54,55,58,59,62,63,64,65,66,67,68,69,71,72,73,74,75,76,77,78,80,81,82,83,85,86,87,88,89,90,91,92,93,94,95,97,98,99,100,101,102,103,104,105,106,107,108,109,110,111,112,113,115,116,117,118,119,120,121,122,123,124,126,127,128,129,130,131,132,135,137,138,139,140,141,142,144,145,146,147,149,151,152,153,154,155,156,157,158,160,163,164,166,169,170,171,172,173,175,177,179,181,182,183,184,185,186,187,189,191,194,195,196,197,198,199,200,201,202,203,204,205,206,207,208,209,211,213,214,215,216,217,218,219,220,222,223,224,225,226,227,228,229,230,231,232,233,234,235,236,237,239,240,241,242,243,244,245,246,251,252,254,255,256,257,258,259,260,261,262,263,264,265,269,271,273,274,275,276,277,278,279,283,284,285,286,288,289,290,291,292,293,294,295,296,298,299,300,302,303,305,307,308,310,311,312,314,315,316,318,322,323,326,328,329,330,331,332,333,334,335,336,339,345,354,358,360,361,362,363,371,375,381,389,392,400,401,403,412,427,464,465,472,518,541,551,668,680
32,43,46,49,50,51,52,54,55,56,57,58,59,60,61,62,63,64,65,66,67,68,69,70,71,72,73,74,75,76,77,78,79,81,82,83,84,85,86,87,89,90,91,92,93,94,96,97,98,99,100,101,104,105,106,107,109,110,112,113,114,115,116,117,118,120,121,122,123,124,125,126,127,128,129,131,132,134,135,137,138,140,141,143,144,145,146,148,149,152,153,154,155,156,157,158,159,160,162,163,164,165,166,167,168,169,170,171,172,173,174,175,176,178,179,180,181,182,183,184,187,188,189,190,192,193,194,195,197,198,199,200,201,202,203,204,205,206,207,208,209,210,211,213,214,215,216,217,219,220,221,222,223,224,225,226,227,228,229,231,232,234,235,236,237,238,239,240,241,242,243,244,245,246,249,253,255,256,257,260,261,262,264,265,266,267,268,269,270,271,274,275,278,279,281,282,284,285,286,288,293,294,295,298,301,302,303,304,307,311,312,314,319,320,321,322,332,341,345,347,356,369,377,389,393,411,445,553,566
33,50,53,54,55,57,58,59,61,62,63,64,66,67,68,69,70,71,72,73,74,75,76,77,78,79,80,81,82,83,84,85,87,88,90,92,93,94,95,96,97,98,99,100,101,104,105,106,108,109,110,111,112,113,114,115,116,117,118,119,120,121,122,123,124,126,127,128,129,130,132,133,134,135,137,139,140,141,142,143,144,145,149,150,153,154,155,156,157,158,159,160,161,162,164,170,171,172,173,174,175,177,178,179,180,181,182,183,184,185,187,188,189,190,191,194,196,197,198,199,200,202,205,208,209,210,211,212,213,214,215,217,218,221,222,223,224,226,227,228,229,231,233,235,238,239,240,241,242,243,244,245,246,247,248,249,250,254,255,258,259,261,262,264,265,266,267,272,273,275,276,278,279,280,281,283,284,287,291,292,293,295,296,299,301,310,313,315,317,319,320,321,324,325,330,335,337,342,345,346,347,351,352,356,359,366,367,374,376,380,384,393,394,400,421,429,446,482,680
34,55,57,60,63,64,66,68,69,70,72,73,74,75,76,77,78,79,80,81,82,83,84,85,86,87,88,89,90,91,92,93,94,95,96,97,98,99,100,101,102,103,104,105,106,107,108,109,110,111,112,113,114,115,116,117,118,119,120,121,122,125,126,127,128,129,131,133,134,140,141,142,143,144,145,147,148,150,151,152,153,154,155,156,157,158,159,160,161,162,165,166,167,168,169,173,175,176,177,178,179,181,183,184,185,189,190,191,192,193,194,195,196,197,200,201,202,203,204,205,206,207,208,209,212,213,214,217,218,220,221,222,223,224,225,226,227,228,231,232,233,234,235,236,237,238,239,241,243,244,245,246,247,248,249,250,252,255,256,257,259,260,261,262,263,265,266,267,268,271,274,276,277,278,279,280,281,282,283,284,286,287,288,289,290,292,295,296,299,300,303,304,305,308,309,314,315,318,323,326,329,330,335,337,338,339,347,350,354,356,357,365,371,372,374,382,386,389,390,395,407,411,414,417,418,421,437,467,564
35,43,51,56,57,58,60,61,62,63,64,65,66,67,68,69,70,71,72,73,74,75,76,77,78,80,82,83,85,86,87,88,89,90,91,92,93,94,95,96,97,98,99,100,102,104,105,108,109,112,113,118,119,120,122,126,127,129,130,131,132,133,136,137,142,144,145,146,149,150,152,157,158,159,160,163,164,168,170,171,172,173,174,176,177,178,179,180,181,182,183,184,185,186,188,191,192,193,195,198,199,200,201,202,203,204,206,207,208,209,210,211,212,215,217,218,219,220,221,222,223,226,227,228,229,230,233,235,237,240,243,244,245,246,247,248,250,253,254,255,258,259,260,261,262,263,266,267,268,269,276,278,279,280,281,283,284,292,293,295,299,300,301,303,306,308,311,318,319,321,322,334,336,337,342,354,361,400,420,423,450,452,600,671
36,22,53,54,55,56,58,62,63,64,65,66,67,68,70,71,72,73,74,75,76,77,78,80,81,82,83,84,85,86,87,89,90,91,93,94,95,97,99,100,101,102,103,104,105,106,107,108,109,110,111,112,113,114,115,116,117,119,120,121,122,123,124,125,126,127,128,129,131,132,133,135,136,139,140,149,152,156,159,162,168,169,174,175,176,184,185,187,188,189,190,194,197,198,199,202,205,208,209,210,220,222,228,229,232,235,239,247,251,252,253,255,261,264,268,269,273,286,294,295,299,305,310,315,318,321,323,325,335,336,351,352,381,438,498,517,568
37,46,52,54,55,56,57,58,59,60,61,62,64,65,66,67,69,71,73,74,75,76,77,79,81,82,83,86,87,88,89,90,91,92,93,94,95,97,98,99,101,102,103,104,105,106,107,108,109,110,111,112,113,114,115,116,118,119,120,121,122,123,124,126,127,128,129,130,133,135,138,141,144,148,150,157,162,163,164,165,166,168,170,172,173,175,179,180,181,184,189,192,196,199,200,204,207,208,211,213,215,220,221,229,230,231,234,237,242,246,248,249,251,270,271,287,288,316,317,335,340,369,402,407,431,459,669
38,51,52,53,54,56,57,59,60,64,65,66,69,70,71,72,73,74,75,76,77,78,79,80,82,84,85,86,87,88,89,90,91,92,93,94,95,96,97,98,99,100,104,105,106,107,108,109,110,111,112,113,114,115,117,118,119,121,122,124,125,126,127,128,129,130,132,135,137,139,140,141,146,152,160,162,163,164,166,170,173,174,177,178,179,180,181,182,183,185,189,190,191,193,194,195,196,197,205,209,210,214,217,218,220,222,223,225,230,235,236,237,240,243,258,259,260,269,272,274,276,285,288,291,293,296,312,314,320,344,378,385,391,428,491
39,52,53,55,57,58,60,61,62,63,64,65,66,67,68,69,71,72,73,74,75,76,77,78,79,80,81,82,83,84,85,86,87,88,89,90,91,93,94,95,97,98,99,100,103,105,106,107,109,110,111,112,114,115,117,118,120,121,122,123,124,127,128,129,130,131,132,133,134,135,136,137,138,139,140,143,144,147,149,150,151,154,156,157,158,159,160,161,162,163,164,165,167,168,170,171,172,177,178,179,180,183,185,188,196,197,198,202,205,206,209,214,216,222,226,229,231,232,234,237,242,247,250,255,259,260,261,264,266,267,269,278,284,288,292,309,310,313,318,342,372,450,469,644
40,49,54,56,57,58,59,60,61,62,64,65,66,67,68,69,70,71,72,73,74,75,76,77,78,79,80,84,85,86,90,93,94,98,100,101,102,103,104,106,107,108,109,110,111,113,114,115,116,117,119,120,122,123,125,127,128,129,130,131,132,133,134,135,136,137,138,139,142,149,150,151,152,154,156,157,158,159,165,169,171,172,173,176,177,179,183,185,187,195,196,198,199,202,203,204,205,207,208,214,216,217,220,223,224,228,229,230,231,250,260,280,281,285,290,295,296,298,299,301,312,324,333,353,369,371,377,444,449,516,562,638,676
41,45,47,53,54,55,58,59,62,63,64,65,66,67,68,71,72,73,74,75,76,78,81,82,84,85,86,88,89,90,91,92,94,95,96,97,98,99,100,101,102,103,104,105,106,107,108,109,110,111,112,113,114,116,117,119,120,121,122,123,124,125,126,127,129,130,131,132,133,134,135,136,138,139,141,142,146,152,153,154,156,158,159,160,162,164,166,169,171,172,173,174,176,177,178,180,181,182,183,184,188,190,197,198,202,204,213,217,219,220,224,225,226,227,230,232,234,239,240,243,246,247,251,252,262,264,265,266,268,272,274,277,279,286,294,301,325,332,344,348,350,410,425,511,542,681
42,45,50,54,56,57,60,62,63,64,65,67,68,69,70,71,72,73,75,77,78,79,80,82,83,84,85,86,88,89,90,91,92,93,94,95,96,97,99,102,103,104,105,106,107,108,109,110,112,114,115,116,117,119,120,121,123,124,125,126,127,133,134,137,140,152,154,161,165,167,170,174,175,176,177,183,185,186,187,188,189,190,191,192,193,196,199,200,201,202,203,204,205,208,209,210,211,212,213,215,216,218,221,222,223,224,226,234,235,238,240,244,247,248,255,262,266,268,275,291,305,313,320,331,332,336,337,389,397,487,530,633,638,654
43,22,46,58,63,64,65,67,68,69,70,71,72,73,74,75,76,78,79,80,81,82,83,84,85,87,88,89,91,93,95,96,97,98,99,100,101,102,103,106,107,109,110,111,112,114,115,117,118,119,120,126,129,130,131,132,133,134,135,136,137,138,140,141,142,144,146,148,149,152,154,158,160,161,162,164,167,169,171,172,173,174,175,176,177,179,180,182,183,186,187,188,189,190,194,195,198,199,200,201,204,208,209,210,212,216,219,221,224,225,226,228,231,239,242,256,258,260,265,266,270,275,276,280,288,293,337,368,456,504
44,42,56,59,62,64,66,67,68,69,71,72,73,74,75,76,77,79,80,82,83,84,85,86,87,88,89,90,91,93,94,95,96,98,99,101,103,104,106,108,109,111,112,113,114,116,117,118,119,120,124,126,127,128,129,130,132,134,135,136,141,142,143,144,147,150,154,155,157,161,162,163,165,166,167,170,171,172,173,174,175,176,181,182,184,186,187,192,193,199,200,202,205,208,209,210,211,217,219,220,222,223,226,231,236,250,258,266,281,285,288,292,293,297,304,318,323,330,333,391,450,452,456,502
45,57,61,62,68,69,70,71,72,76,77,78,79,81,82,85,88,91,92,93,94,95,96,97,98,99,101,102,103,104,106,107,108,109,111,112,113,116,117,118,119,120,121,124,125,126,129,130,131,132,133,134,136,138,139,142,145,148,154,155,159,162,165,167,168,169,170,171,172,173,174,175,181,182,183,186,192,193,195,202,205,209,210,216,218,219,221,222,235,238,240,245,248,254,256,280,282,289,290,292,302,315,518
46,28,55,56,58,59,63,64,66,67,74,75,76,78,81,82,83,84,85,86,87,90,91,92,93,94,95,96,97,98,99,100,101,104,105,107,110,111,112,113,115,116,117,118,119,120,121,122,123,125,127,128,130,132,137,139,140,143,144,158,163,168,172,178,179,184,186,187,189,190,194,195,198,199,200,203,210,212,217,218,219,224,226,228,235,256,264,272,284,337,346,415,600
47,18,48,53,56,58,60,61,62,63,64,65,66,72,74,76,77,79,82,83,85,86,87,88,90,91,92,93,99,101,102,103,104,105,106,107,108,109,110,111,113,114,120,122,129,133,134,138,143,145,148,150,160,162,167,169,170,173,174,176,177,179,180,183,184,186,188,191,192,195,202,217,224,230,243,256,262,263,270,276,277,291
48,42,43,45,46,48,49,51,57,64,65,68,71,72,73,74,75,78,79,80,82,83,84,85,86,88,89,90,92,94,96,99,100,105,106,108,113,124,125,126,128,131,133,135,139,141,146,149,150,153,161,167,168,169,175,195,197,202,225,227,231,233,234,239,254,309,472,490,530,696
49,17,38,52,56,59,60,61,66,69,71,73,78,80,81,82,84,85,87,96,99,101,104,114,115,116,118,122,124,131,139,144,148,153,171,209,235,288,331,350,351,423,545
50,38,74,108,109,113,135,136,137,138,142,149,174,179,304,364,417,527
51,105,355,490,623
52,22,352,427,654
53,45,521,542,684
54,300,367,468,475
55,8,14,417,418,497,581
56,220,314,343,652
57,197,234,307,361
58,25,206,400,442,630,634,635
59,117,430,521
60,295,537,576
61,197,247,248,297
62,196,425,640
63,262,337,415,431,661
64,244,566,587,605
65,253,405,659
66,41,74,94,168,272,296,421,530,532,658
67,164,252,351,405,572,609
68,435,475,634
69,147,192,523,655
70,14,208,244,256,321,344,492,557
71,140,249,654
72,96,129,254,364,368
73,63,69
74,
75,
76,
77,
78,
79,
80,
81,
82,
83,
84,
85,
86,
87,
88,
89,
90,
91,
92,
93,
94,
95,
96,
97,
98,
