10
0,331
1,23,31,36,67,168,196,208,244,264,589,666
2,15,19,22,27,30,31,32,34,35,37,39,42,50,51,56,60,66,73,78,90,117,244,246,352,491,520
3,15,16,18,19,20,22,23,24,25,26,27,28,30,31,32,33,34,35,36,37,38,40,41,42,43,44,45,46,47,48,49,51,52,53,54,55,56,57,59,61,64,65,66,69,71,73,74,78,82,83,84,85,90,95,131,182,226,398
4,7,14,15,16,18,19,20,22,23,24,25,26,27,28,29,30,31,32,33,34,35,36,37,38,39,40,41,42,43,44,45,46,47,48,49,50,51,52,53,54,55,56,57,58,59,60,61,62,63,64,66,67,68,69,70,71,72,73,74,75,76,77,78,79,80,81,82,83,84,85,86,87,88,89,91,92,93,95,96,97,98,100,101,102,105,106,112,113,119,125,127,130,131,134,135,145,150,158,435
5,11,12,13,14,15,16,17,18,20,21,22,23,24,25,26,27,28,29,30,31,32,33,34,35,36,37,38,39,40,41,42,43,44,45,46,47,48,49,50,51,52,53,54,55,56,57,58,59,60,61,62,63,64,65,66,67,68,69,71,72,73,75,77,78,79,81,84,87,88,89,90,91,92,94,95,97,98,99,100,101,102,103,104,105,106,107,108,109,110,111,112,113,114,115,116,117,118,119,120,121,122,123,124,125,126,127,128,129,130,131,132,133,134,135,136,137,138,139,140,141,142,143,144,145,146,147,148,149,150,151,152,153,154,155,156,157,158,159,160,161,162,163,164,166,167,168,169,170,172,174,175,176,177,178,184,187,188,198,200,203,208,209,210,232,235,246,285,315,371,546,548,600,631
6,11,12,15,16,17,18,19,20,21,22,23,24,25,26,27,28,29,30,31,32,33,34,35,36,37,38,39,40,41,42,43,44,45,46,47,48,49,50,51,52,53,54,55,56,57,58,59,60,61,62,63,64,65,66,67,68,69,70,71,72,73,74,75,76,77,78,79,80,81,82,83,84,85,86,87,88,90,91,92,93,94,95,96,97,100,101,103,105,106,107,108,109,110,111,112,113,114,115,116,117,118,119,120,121,123,125,126,127,128,129,130,131,132,133,135,136,137,138,139,140,141,142,143,144,145,146,147,148,149,150,151,152,153,154,155,156,157,158,159,160,161,162,163,164,165,167,168,170,171,172,173,174,175,176,177,178,179,181,182,183,184,185,186,187,188,189,190,191,192,193,194,195,196,199,201,203,205,206,209,213,214,216,220,222,223,227,231,234,235,237,238,244,258,261,266,268,278,282,283,293,297,402
7,8,9,12,13,14,15,16,17,18,19,20,21,22,23,24,25,26,27,28,29,30,31,32,33,34,35,36,37,38,39,40,42,43,44,45,46,47,48,49,50,51,52,53,54,55,56,57,58,59,60,61,62,63,64,65,66,67,69,70,71,74,75,76,77,78,79,80,81,82,84,85,86,87,88,89,90,91,92,93,94,95,96,97,98,99,100,101,102,103,104,105,106,107,108,109,110,111,112,113,114,115,116,117,118,119,120,121,122,123,124,125,126,127,128,129,130,131,132,133,134,135,136,137,138,139,140,141,142,143,144,145,146,147,148,149,150,151,152,153,154,156,157,158,159,160,161,162,164,165,166,167,168,169,170,171,172,173,175,176,177,178,179,180,181,182,184,185,186,187,188,190,191,192,193,194,195,197,198,199,200,201,204,205,206,207,208,210,212,214,215,216,217,220,221,225,227,229,232,234,237,240,242,244,245,246,260,262,263,266,269,271,272,277,283,284,290,320,488,644
8,7,9,12,14,17,18,19,20,21,23,24,25,26,27,28,29,30,31,32,33,34,35,36,37,38,39,40,41,42,43,44,45,46,47,49,50,51,52,53,54,55,56,57,58,59,60,61,62,63,64,65,66,67,68,69,70,71,72,73,74,75,76,78,79,80,81,82,83,86,87,88,90,93,95,96,98,99,100,102,104,105,106,108,109,110,111,112,113,114,115,117,118,119,120,121,122,123,124,125,127,128,129,130,131,132,133,134,135,136,137,138,139,140,141,142,143,144,145,146,147,148,149,150,151,152,153,154,155,156,157,158,159,160,161,162,163,164,165,166,167,168,169,170,171,172,173,174,175,176,177,178,179,181,183,184,188,190,192,195,196,197,199,200,202,204,205,208,209,212,215,217,224,226,227,229,231,233,235,237,240,244,250,254,255,270,271,278,279,282,287,290,298,308,315,323,350,356,438,499
9,11,12,13,14,15,16,18,19,20,21,22,23,24,26,27,28,29,30,31,32,33,34,35,36,37,38,39,40,41,42,43,44,45,46,47,48,49,50,51,52,53,54,55,56,57,58,59,60,61,62,63,64,65,66,67,68,69,70,71,72,73,74,75,76,77,78,79,80,81,82,83,84,86,87,88,89,90,93,95,96,97,98,99,101,102,103,104,105,107,108,109,110,111,112,113,114,115,116,117,118,119,120,121,122,124,125,127,128,129,130,131,132,133,134,135,136,137,138,139,140,141,142,144,146,147,148,149,152,153,154,155,156,157,160,161,162,163,164,166,167,168,169,170,171,172,173,174,176,177,178,179,180,181,182,183,184,185,186,187,188,190,191,192,193,194,195,196,197,199,200,201,203,204,205,206,207,208,209,210,211,212,213,214,215,216,218,219,220,221,223,224,225,226,227,228,230,231,232,233,234,235,239,241,245,250,254,257,258,261,264,265,266,275,297,298,308,319,327,354,371,430,556
10,10,12,14,15,16,18,19,22,23,24,25,26,27,28,29,30,31,32,33,34,35,36,37,38,39,40,41,42,43,45,46,47,48,49,50,51,52,53,54,55,56,57,59,60,61,62,63,64,65,66,67,68,69,70,71,72,73,74,75,76,77,78,79,80,81,82,83,84,85,86,87,88,89,91,92,93,94,95,96,97,98,99,100,101,102,103,104,105,106,107,108,109,110,111,112,113,114,115,116,117,118,119,120,121,122,123,124,125,126,127,128,129,130,131,132,133,134,135,136,138,139,140,142,143,144,145,146,147,148,149,150,151,152,153,154,155,156,157,158,159,160,161,162,163,164,165,166,167,168,170,171,172,173,174,175,176,177,178,179,180,181,182,183,184,185,186,187,188,189,191,193,194,197,198,201,202,203,204,205,206,209,211,212,214,216,217,218,219,220,221,222,223,227,228,229,231,234,237,246,247,250,251,254,260,261,263,264,270,272,279,281,285,295,299,312,313,315,318,322,337,353,375,398,516,632,648
11,6,12,14,17,18,19,20,21,24,25,26,27,28,30,31,32,33,34,35,36,37,38,39,40,41,42,43,44,45,46,47,48,49,50,51,52,53,55,56,57,58,59,60,62,64,66,67,68,69,70,71,72,73,74,75,76,77,78,79,80,81,82,83,85,86,88,89,90,91,92,94,95,96,97,98,99,100,101,102,103,104,105,106,107,108,110,111,112,113,115,116,117,118,119,120,121,122,123,124,125,126,127,128,129,130,131,132,133,134,135,136,137,138,139,141,142,143,144,145,146,147,148,149,150,151,152,153,154,155,156,157,158,160,162,163,164,165,166,167,168,169,170,171,172,174,175,177,178,180,181,183,184,186,187,188,190,195,199,200,202,203,205,206,208,212,215,217,219,220,222,223,224,225,231,233,234,235,236,239,242,243,244,247,249,250,253,258,259,261,265,266,275,278,280,281,286,300,304,351,478,592,637
12,12,13,18,19,20,21,22,23,24,25,26,27,28,29,30,31,32,33,34,36,37,38,39,40,41,42,43,44,45,46,47,48,49,50,51,52,53,54,55,56,57,58,59,60,61,62,63,64,66,67,68,69,70,71,72,73,74,75,76,77,78,79,80,81,82,84,85,86,89,90,93,95,96,97,98,99,100,101,102,105,106,107,108,109,110,111,112,114,115,116,117,118,119,120,121,122,123,124,125,127,128,129,130,131,132,133,135,137,138,139,140,141,142,143,144,146,147,148,150,151,152,153,154,155,156,159,160,161,162,164,165,166,167,168,169,170,171,172,173,174,176,177,178,179,180,181,182,183,184,185,187,188,189,190,192,193,196,197,198,199,200,201,202,203,204,205,206,207,208,210,211,212,213,214,216,217,218,219,225,227,228,230,233,234,235,242,243,247,250,253,271,272,287,295,309,321,367,645,661
13,4,11,12,14,15,16,17,18,19,21,22,23,24,25,26,27,28,29,30,31,32,33,35,37,38,39,40,41,42,43,44,45,46,47,48,49,50,51,53,54,55,56,57,58,59,60,61,62,63,64,66,67,68,69,70,71,72,73,74,76,77,78,79,80,81,82,84,85,86,88,89,90,91,92,93,94,95,96,98,99,100,101,102,103,104,105,107,108,109,110,113,114,115,116,117,118,119,120,121,122,123,124,125,126,127,128,129,130,132,133,134,135,138,139,140,141,142,143,144,145,147,148,149,150,151,153,154,158,159,160,162,163,164,166,167,168,171,172,173,174,175,176,177,178,179,180,182,184,185,186,188,189,190,193,194,196,197,199,200,201,202,204,205,206,208,209,210,211,213,214,215,216,217,218,219,220,221,222,226,227,228,229,230,231,234,237,238,239,242,244,248,249,252,255,256,260,263,270,273,279,284,285,286,291,293,307,345,432,442,557,572,681
14,2,10,15,16,17,18,19,20,22,23,24,25,26,27,28,29,30,31,32,33,34,35,36,37,38,39,40,41,42,43,44,45,46,47,48,49,50,51,52,53,56,57,58,59,60,61,62,63,64,65,66,68,69,71,72,73,74,76,78,79,80,81,82,83,84,86,89,90,91,93,94,95,96,97,98,99,100,102,103,104,105,106,107,108,109,110,111,113,114,115,116,117,118,119,120,121,122,123,124,125,126,127,128,129,130,133,134,135,136,139,140,141,142,143,144,146,147,148,149,151,152,153,158,159,160,162,164,165,166,167,168,169,170,171,172,173,174,175,176,177,178,179,181,183,184,185,188,190,191,194,195,196,200,201,203,204,205,209,212,213,215,217,218,219,220,222,224,226,227,230,232,233,235,237,239,242,244,245,247,249,254,257,263,265,271,286,299,300,310,321,324,325,344,374,387,388,407,466,474,562
15,7,13,17,18,19,20,22,24,26,27,28,29,30,31,32,33,34,35,36,38,39,40,41,42,43,44,45,46,47,48,49,50,51,52,53,54,55,56,57,58,59,61,62,63,65,66,67,68,69,70,71,74,75,76,77,78,81,82,83,84,85,86,87,88,89,92,93,95,96,98,99,102,104,105,108,109,110,112,113,114,115,116,117,118,119,120,122,123,124,125,126,127,128,129,130,131,132,133,134,135,136,137,138,139,140,141,142,143,144,145,146,147,148,149,150,151,153,155,156,157,158,159,160,161,162,163,164,165,166,168,169,170,171,172,173,175,176,177,178,179,181,182,183,184,186,188,189,190,192,193,194,196,197,198,200,202,206,207,208,211,213,215,225,229,231,232,234,236,237,241,249,250,255,256,261,264,267,279,294,302,313,315,324,369,454,492
16,10,14,15,18,20,21,22,23,25,26,27,28,29,30,31,32,34,36,37,38,41,42,43,47,48,49,50,51,52,53,54,55,56,57,58,59,60,61,62,63,64,65,68,69,70,71,72,73,74,75,76,77,78,79,80,81,82,83,85,86,87,89,90,92,93,94,95,96,98,99,100,101,102,103,104,106,107,108,109,111,112,113,114,115,116,117,118,120,121,122,123,124,126,127,128,129,130,131,132,133,134,135,136,137,138,139,140,141,142,143,144,145,146,147,150,151,152,154,155,156,157,158,159,160,161,162,163,164,166,167,168,169,170,172,173,174,175,177,179,180,182,183,184,187,188,189,190,191,192,193,194,195,197,199,202,203,204,205,206,207,209,210,211,212,213,214,215,216,217,219,220,221,222,223,224,227,229,230,233,235,237,238,239,240,243,244,245,247,248,250,251,254,256,258,262,264,265,266,269,271,272,273,274,276,278,280,281,283,288,289,295,297,302,303,307,319,321,324,332,350,363,393,610,687
17,12,22,23,24,26,27,28,29,30,31,32,33,34,35,36,37,38,39,40,41,42,43,44,45,46,47,49,50,51,52,53,54,55,56,57,59,60,61,62,63,64,65,66,67,68,70,71,72,74,75,76,77,78,79,80,81,82,83,84,85,87,88,89,91,92,93,94,95,96,97,98,99,100,101,102,103,104,105,106,107,108,109,110,111,112,113,114,115,116,117,118,119,120,121,122,123,124,125,126,127,128,130,132,133,134,135,136,137,138,141,142,143,145,146,147,148,150,151,152,153,154,155,157,158,159,161,162,163,164,165,166,167,168,169,170,171,172,173,174,175,177,178,179,180,181,183,184,185,187,188,189,190,191,192,195,196,198,199,200,202,204,205,206,208,209,213,215,218,219,220,222,224,225,227,229,232,235,236,239,240,241,244,245,246,251,256,257,266,269,272,274,278,293,297,301,303,309,320,330,334,340,445
18,24,25,27,28,29,30,31,32,33,34,35,36,38,39,40,41,42,43,44,45,46,47,48,49,50,51,52,53,54,55,56,57,58,59,60,61,62,67,68,69,70,73,74,75,76,77,78,79,80,81,82,83,84,86,87,88,89,90,91,92,93,94,95,96,97,98,99,100,101,102,104,105,106,108,109,111,112,114,115,117,121,123,124,125,127,128,129,130,131,132,133,134,135,136,137,138,139,140,141,142,143,144,145,146,147,148,149,150,152,153,155,156,159,161,162,163,169,170,171,173,174,175,177,178,179,181,182,183,184,186,188,189,190,191,192,193,196,197,200,201,206,207,208,209,211,212,214,217,219,221,223,225,226,228,232,233,237,239,242,243,244,248,249,251,255,256,259,261,265,266,269,270,275,277,281,283,305,306,309,322,346,353,389,433,531,574
19,21,22,24,25,26,28,29,30,31,33,36,38,39,40,41,44,45,46,47,48,49,50,51,52,53,54,55,56,58,59,60,61,62,63,64,65,66,68,69,71,72,73,74,75,76,77,78,79,80,81,82,83,84,85,86,87,88,89,90,91,92,93,94,95,96,97,98,99,100,101,102,105,108,112,118,120,123,124,125,128,130,131,132,133,134,135,136,137,138,139,140,141,143,144,146,147,148,149,150,151,152,153,154,155,156,157,158,159,160,161,162,163,164,165,166,167,168,169,170,171,172,173,174,175,176,177,178,179,180,182,183,184,185,186,187,188,189,190,191,192,193,194,195,196,197,198,199,200,201,202,203,204,205,206,207,208,209,210,211,214,215,216,217,218,221,222,223,224,225,226,227,228,229,230,231,232,234,235,236,238,239,240,241,242,243,244,246,247,249,251,252,253,254,255,256,257,258,259,260,262,263,264,265,268,270,272,274,276,277,278,281,287,288,290,291,301,304,329,340,347,371,415,428,699
20,24,25,29,31,32,33,34,35,36,37,38,39,40,41,42,43,44,45,46,47,48,49,50,51,53,54,55,56,57,59,60,62,63,64,65,66,67,68,69,70,71,72,73,74,76,78,79,80,81,83,84,85,86,87,88,89,90,91,92,93,94,95,96,97,98,99,100,101,102,103,104,105,106,108,109,112,113,115,116,121,122,123,124,125,126,127,128,130,133,134,135,136,137,138,139,140,141,142,143,144,147,148,150,151,154,155,157,158,159,160,161,162,164,165,166,167,169,171,172,173,174,175,176,177,178,179,180,182,183,184,185,186,187,188,189,190,191,192,193,194,195,196,197,198,200,201,202,203,204,205,206,207,208,209,210,211,212,213,215,217,218,219,220,221,223,224,225,227,228,230,232,233,235,236,237,238,239,240,243,244,247,248,249,252,253,254,255,258,259,261,264,265,266,268,272,273,275,276,277,280,281,282,284,285,286,287,289,290,291,292,293,294,295,296,297,298,299,300,301,302,303,304,305,306,308,310,311,312,314,315,316,319,322,323,324,327,331,333,334,335,340,341,343,348,352,358,360,367,380,381,383,385,390,394,401,472,524
21,33,34,36,41,42,44,45,46,47,48,49,50,51,52,53,54,55,57,58,59,60,61,62,63,64,65,66,67,68,70,71,72,73,74,75,76,77,78,79,80,81,82,83,84,85,86,88,89,91,92,93,94,95,96,97,98,99,101,102,103,105,109,110,111,113,119,120,121,123,127,129,130,131,132,133,134,135,136,137,139,140,141,142,144,145,146,148,149,150,151,154,156,157,159,160,161,162,163,164,165,167,168,171,172,174,175,176,177,178,179,180,181,182,183,184,185,186,187,188,189,190,191,192,193,194,195,196,197,198,199,200,201,202,203,204,205,206,207,208,209,210,211,212,214,215,216,217,218,219,220,221,223,224,225,226,227,228,229,230,231,233,234,235,237,238,239,240,241,242,243,244,245,246,250,251,253,254,257,259,260,261,263,266,268,269,272,277,280,281,285,288,291,295,296,297,299,300,303,305,309,310,311,313,314,316,317,318,320,321,322,323,334,335,341,347,348,351,352,353,357,364,369,377,380,382,386,392,413,414,420,617
22,37,38,39,40,43,44,45,46,48,49,50,52,54,56,57,58,59,60,62,63,64,65,66,67,69,70,71,72,73,74,75,76,77,78,80,81,82,83,85,86,87,88,89,90,91,93,94,95,96,97,98,99,100,101,102,103,104,105,107,108,109,110,112,113,115,118,121,122,123,130,132,133,134,135,136,137,138,139,140,141,143,144,145,146,147,148,149,150,151,153,154,155,157,158,159,160,161,163,165,166,167,169,170,172,173,174,175,176,177,178,180,181,182,183,184,186,187,188,189,190,191,192,193,194,195,196,197,198,200,201,202,203,204,205,206,208,209,210,212,213,214,215,216,219,220,221,222,225,226,227,228,229,232,235,238,239,240,241,242,245,246,247,250,251,252,255,256,257,258,259,260,261,262,263,264,265,266,267,268,270,271,272,273,274,275,276,278,280,281,283,284,285,286,287,289,290,291,292,293,296,297,298,299,300,303,306,307,309,310,311,313,314,315,316,317,318,319,320,322,325,326,328,329,330,333,334,338,344,346,348,349,362,363,364,381,384,389,393,468
23,30,40,41,44,45,47,48,49,50,51,52,53,54,55,56,57,58,59,60,61,62,63,64,65,66,67,68,69,70,72,73,76,78,79,80,83,86,87,88,89,90,91,92,93,94,95,97,98,100,101,102,103,104,107,108,109,110,111,112,113,116,117,119,124,125,126,127,128,129,133,134,135,136,138,139,140,142,143,145,146,147,148,149,150,151,152,153,154,155,157,158,159,160,161,162,164,166,167,168,169,170,171,174,175,176,177,178,179,180,181,183,184,185,187,188,189,190,191,192,193,194,195,196,197,198,199,200,201,202,203,205,206,207,208,210,212,213,214,217,218,220,221,223,225,227,228,230,231,233,234,235,241,242,243,246,249,250,251,252,253,254,255,256,259,260,261,262,265,266,267,269,270,272,273,275,277,278,279,281,282,283,284,286,287,292,294,299,306,312,314,317,320,321,329,340,341,358,360,366,368,377,379,389,534,660
24,39,41,43,44,45,46,49,51,52,53,55,56,57,58,59,60,62,64,65,66,67,68,69,70,71,72,74,76,77,78,79,80,81,82,83,84,85,86,87,88,90,91,92,93,94,95,96,97,98,99,100,101,102,104,105,107,108,109,110,112,113,114,120,124,127,128,129,131,137,141,143,144,145,146,148,150,152,153,154,155,156,157,159,160,162,163,165,166,167,168,169,171,172,174,175,179,181,182,183,184,185,186,187,188,189,193,194,195,196,199,202,203,204,205,206,207,208,209,210,211,212,213,215,216,217,219,220,221,222,223,224,226,227,228,229,230,231,233,234,235,236,237,238,240,241,242,243,244,245,246,249,250,251,252,253,256,258,262,265,266,271,272,274,276,278,281,282,283,286,289,291,292,293,294,295,297,298,299,301,302,303,305,307,309,311,312,314,315,316,323,325,326,328,330,337,339,341,343,347,348,349,354,355,369,378,379,388,396,409,430,446
25,44,45,47,49,50,51,52,53,54,55,56,57,58,59,60,61,62,63,64,65,66,67,68,69,70,72,73,74,75,77,78,79,81,82,83,84,85,86,87,88,89,90,91,94,95,98,100,102,103,104,105,106,108,112,113,115,122,124,129,138,139,140,141,142,143,146,147,150,151,152,153,154,155,156,157,158,159,160,162,165,166,167,168,169,170,171,172,173,174,175,176,177,178,179,180,181,182,183,184,185,186,187,189,190,191,192,193,194,196,197,198,199,201,202,203,204,205,206,207,208,210,211,212,213,215,219,220,221,222,223,224,228,231,232,236,237,238,239,240,241,242,243,244,245,246,247,248,250,251,252,253,254,261,262,264,267,269,275,280,281,282,286,289,295,296,300,301,309,310,327,329,334,347,402,405,413,619
26,43,46,47,48,49,53,54,58,61,62,63,64,67,68,69,71,72,73,75,76,77,78,79,80,81,82,83,84,85,86,87,88,89,90,91,92,93,94,95,97,98,99,100,101,102,103,104,105,106,109,110,112,113,114,116,117,118,119,122,124,125,127,136,141,142,143,145,146,147,148,151,154,156,157,158,159,160,161,162,164,165,167,168,169,170,171,172,173,174,175,176,178,179,180,181,182,185,186,187,189,190,191,194,197,199,200,201,202,205,206,207,209,210,211,212,213,214,215,216,218,219,222,223,226,227,229,231,232,233,236,237,239,242,244,246,248,250,251,252,254,255,257,258,259,261,263,265,266,267,268,269,271,272,275,276,277,279,280,281,283,290,293,294,295,296,300,306,308,310,312,316,317,320,325,327,330,332,333,334,336,337,338,342,347,349,351,352,356,357,362,366,380,386,397,414,468,494,526,632,695
27,5,12,55,57,60,61,62,63,64,65,66,68,69,70,71,72,73,74,75,76,77,78,79,80,82,83,84,85,87,88,89,90,91,92,93,95,96,97,99,100,101,102,106,111,112,113,114,115,117,118,121,133,135,138,141,147,148,149,150,151,152,153,155,156,158,159,160,161,162,163,164,165,166,167,168,169,170,171,173,175,176,177,178,179,180,181,182,183,184,185,187,189,190,192,193,194,195,196,197,198,200,201,202,203,205,206,207,208,209,210,211,212,213,214,215,216,217,218,220,222,223,224,225,226,227,228,230,231,233,234,236,237,240,242,252,253,255,257,259,260,261,263,266,267,269,271,272,274,276,278,280,281,283,287,293,294,300,303,307,309,312,314,318,319,326,327,335,338,339,359,365,367,376,378,384,389,429,470,538,561,574,633,678
28,47,53,54,56,61,62,63,64,65,66,67,68,69,71,73,75,76,78,79,82,85,86,87,89,90,91,92,93,94,95,96,97,98,99,100,101,103,104,106,107,109,110,111,113,114,115,116,119,121,123,124,126,131,132,134,139,141,143,145,147,153,154,157,158,159,160,161,163,164,165,166,167,168,169,170,171,172,173,174,175,177,178,179,180,182,183,184,185,186,187,189,193,194,195,196,197,199,200,202,203,205,210,213,218,221,223,228,230,233,234,236,237,239,240,242,243,244,245,246,247,250,251,252,255,259,260,263,270,275,276,277,279,283,284,286,287,290,291,292,293,294,297,298,301,303,304,309,310,313,314,315,317,318,319,322,323,325,328,329,332,334,336,337,339,342,343,344,346,349,357,358,361,363,365,368,370,375,381,382,420,608
29,65,69,72,74,75,76,77,78,79,80,81,82,83,84,85,86,87,88,89,90,91,92,94,95,96,97,98,100,101,102,103,104,105,106,107,108,109,110,112,113,114,115,116,121,122,123,125,127,129,133,134,136,143,148,149,151,153,154,155,156,158,160,162,163,164,165,166,167,168,169,170,172,174,175,177,179,180,182,184,186,189,190,191,192,193,194,195,197,198,199,200,202,203,204,207,208,209,210,211,212,213,214,215,217,218,219,220,221,223,224,225,226,228,230,231,232,234,236,238,239,240,243,244,245,247,249,250,251,252,253,254,255,256,257,258,262,264,265,269,273,276,277,278,280,282,283,284,286,288,290,291,292,293,294,297,298,300,306,310,312,313,314,320,324,327,329,330,333,337,340,345,348,366,368,369,374,382,383,386,391,398,428,433,465,513,632
30,61,66,68,70,71,72,73,74,75,76,77,78,79,80,81,82,83,84,85,86,87,88,89,90,91,92,93,94,95,96,97,98,99,100,101,102,105,106,107,108,111,112,113,114,115,117,119,121,122,126,129,130,137,139,149,151,155,156,158,159,162,163,165,166,169,170,171,172,175,176,177,178,181,182,183,184,185,186,187,191,192,193,195,196,197,199,200,201,202,203,205,206,207,208,210,212,213,214,215,216,217,218,220,223,226,228,229,230,231,232,233,234,235,236,237,238,240,243,245,247,249,251,253,256,257,258,259,260,262,263,264,265,266,267,270,271,272,273,275,276,277,278,279,280,281,282,285,286,288,290,291,292,293,295,297,299,301,302,303,305,306,307,309,310,311,314,315,317,318,319,320,321,322,323,324,325,328,330,331,332,334,341,343,346,347,351,357,361,362,363,368,371,373,374,376,381,382,384,385,387,393,394,399,400,403,408,413,448,470,620,665
31,63,70,71,72,73,75,76,77,78,79,80,81,82,83,84,85,86,87,89,90,91,92,93,94,95,96,97,99,102,104,105,106,107,108,109,110,111,113,114,116,117,118,120,121,122,127,129,131,153,155,158,161,162,163,164,165,166,167,168,169,170,173,176,177,179,180,181,183,184,187,188,189,190,193,194,195,196,197,198,199,201,202,203,205,206,208,209,211,212,214,215,216,217,218,219,220,221,222,223,225,226,227,230,231,232,234,235,237,238,240,241,243,244,245,246,247,249,250,251,252,253,254,256,258,259,261,262,264,265,266,267,268,269,273,274,276,277,280,281,283,284,285,288,289,290,291,293,297,302,303,304,313,315,323,326,327,330,338,342,343,344,347,348,350,353,366,369,370,371,383,389,393,396,399,413,420,443,451,497
32,69,71,73,75,78,79,81,83,84,85,86,87,88,89,90,91,92,93,96,98,99,100,102,103,105,106,107,108,109,110,111,112,115,116,117,118,119,121,123,124,125,126,128,131,136,142,143,146,154,157,158,159,163,164,169,172,173,176,177,178,179,180,181,182,184,185,186,187,188,189,192,193,194,195,197,198,199,200,201,202,206,207,208,209,211,212,213,216,217,219,222,223,224,226,227,229,230,231,232,234,236,237,239,242,244,245,246,247,250,256,257,258,260,261,262,263,264,265,266,267,268,270,272,273,274,277,278,279,280,281,285,286,288,290,293,294,295,297,298,300,302,303,308,310,313,315,316,320,322,324,325,329,330,334,336,337,338,340,342,343,346,349,351,353,354,355,362,365,366,369,373,374,375,377,389,390,391,396,397,407,408,439,461,480,495,500,529,562,563,565,592,661,689,693
33,58,66,70,73,76,77,80,82,83,84,89,93,94,95,96,99,100,101,102,103,104,105,106,110,111,112,114,115,116,119,120,121,122,123,127,128,129,130,131,132,133,134,136,141,142,144,164,165,166,167,169,171,173,174,175,176,178,179,180,181,182,183,184,187,188,191,192,197,198,202,203,204,205,208,210,215,217,219,221,222,225,229,230,233,234,235,237,238,239,241,242,244,247,249,252,253,254,255,256,258,260,261,263,266,267,268,273,274,275,276,277,280,281,282,289,291,293,296,303,309,310,313,321,322,326,336,338,339,348,350,354,364,370,372,373,377,384,404,417,422,459,520,570
34,66,69,75,76,77,78,79,80,81,83,85,86,87,90,91,92,93,94,95,97,98,99,100,103,104,105,106,107,108,109,110,111,112,113,114,117,118,119,120,121,124,125,126,127,128,129,130,131,132,134,138,139,145,149,152,159,160,167,168,170,174,175,178,182,184,185,186,187,189,191,192,194,195,197,199,200,201,206,209,210,212,215,217,223,224,228,230,231,233,234,235,236,244,249,254,259,268,269,270,282,285,289,295,303,304,306,308,317,318,332,343,347,376,383,394,400,413,477,497,652
35,75,78,79,80,82,83,84,85,86,87,88,89,91,92,94,95,97,98,99,100,101,102,103,104,105,106,107,108,110,111,113,114,115,116,118,119,120,121,122,123,124,125,131,132,133,134,135,138,139,142,143,144,146,148,151,156,160,168,169,170,171,175,177,178,180,185,189,190,191,194,195,201,205,206,207,208,209,210,212,213,218,221,223,224,228,229,231,232,233,234,235,236,239,240,242,244,245,246,248,250,252,256,257,258,260,261,263,266,268,270,273,284,285,288,295,300,302,310,314,331,332,336,337,346,356,364,383,386,400,434,494,542,551,568,614
36,13,66,81,84,87,90,91,92,93,94,95,98,99,100,101,102,104,105,108,109,110,112,114,115,116,117,118,119,120,123,124,127,128,129,131,132,133,136,138,140,141,144,163,172,175,176,179,180,181,182,183,185,187,189,190,191,193,196,200,204,205,206,207,208,209,210,211,213,214,215,218,219,221,222,226,229,231,235,238,240,241,242,245,246,247,250,254,256,258,259,260,262,263,268,269,277,279,281,282,283,287,290,292,293,294,300,302,307,308,315,317,318,320,335,343,347,356,382,412,468,628,637
37,76,79,89,91,92,93,94,95,96,97,98,99,100,101,102,103,105,107,108,110,111,112,114,115,116,117,118,120,121,122,123,124,125,126,127,129,130,131,133,135,136,137,140,141,142,143,148,149,151,152,171,175,177,182,184,185,186,188,189,190,196,197,201,203,204,205,208,216,217,218,221,222,224,229,235,236,240,248,250,251,252,253,256,259,269,273,276,277,279,287,288,291,297,303,304,305,307,309,313,320,326,329,331,335,349,364,365,370,374,388,389,424,456,464
38,84,85,87,88,89,92,93,94,96,97,98,99,100,101,102,103,104,105,106,107,108,109,110,112,113,114,115,117,118,119,121,122,125,127,130,131,135,139,142,143,144,149,152,153,167,180,181,184,189,191,198,199,200,206,207,208,213,215,217,218,219,220,223,236,238,240,241,245,251,254,259,261,265,266,273,277,280,284,295,311,316,330,336,339,347,354,356,371,398,416,428,445,448
39,89,91,92,93,96,97,98,99,100,102,103,104,106,107,108,109,110,112,113,115,116,117,118,119,121,122,125,126,127,129,132,133,136,137,138,139,141,142,143,144,145,146,152,154,158,159,165,180,182,183,189,191,194,197,200,202,210,211,214,220,221,223,224,227,229,230,231,235,237,238,239,240,256,261,264,265,276,284,301,310,331,362,363,370,378,381,449,459,461,475,487,489,493,600,691
40,88,89,97,98,100,101,103,106,107,109,112,113,114,117,118,119,120,121,122,123,124,126,127,130,131,133,134,135,138,140,145,150,151,152,156,172,173,184,190,196,197,199,202,206,207,209,210,211,216,217,222,224,226,230,240,241,242,245,246,252,258,259,262,279,284,289,293,296,315,316,348,360,365,371,389,452,465,497,531,605,680
41,88,92,97,102,104,107,109,111,112,113,115,116,117,118,119,120,121,122,123,124,126,127,128,129,130,131,132,133,134,135,138,139,140,141,144,146,147,148,151,153,154,156,159,161,162,174,197,200,203,207,217,222,234,245,248,255,259,279,294,311,322,419,501,529,699
42,92,93,96,97,98,100,101,103,104,105,106,107,108,111,112,114,117,119,120,121,123,125,126,133,134,136,137,138,139,140,142,147,149,150,151,152,154,158,161,162,163,165,171,188,191,193,195,199,201,205,207,211,212,213,214,215,217,224,226,228,235,240,256,257,268,269,276,280,287,304,473,477,505,595,626,633,668,696
43,93,100,102,105,106,107,108,110,111,112,113,114,116,117,121,123,126,130,132,138,139,144,145,148,151,161,163,166,193,199,207,208,209,211,219,220,240,242,251,252,253,254,258,280,288,312,347,356,488,547,612
44,101,103,104,105,106,108,111,113,114,115,116,118,120,121,122,123,125,127,129,130,131,134,137,140,143,145,153,162,170,187,196,198,201,202,207,208,216,217,218,219,222,237,238,241,242,248,279,297,299,305,318,329,439,585
45,94,105,106,109,110,111,115,116,117,118,120,121,123,125,126,129,130,132,133,136,137,139,141,145,148,150,151,152,153,154,155,156,157,161,162,165,167,169,170,171,180,211,214,223,236,242,244,257,278,285,287,296,311,326,349,455,636
46,107,109,111,119,120,121,123,125,127,128,131,136,137,138,139,140,141,144,145,146,150,151,152,153,155,156,162,171,172,179,181,213,215,223,226,230,231,250,252,258,416,575
47,99,100,102,103,108,109,111,112,113,117,119,120,122,126,127,128,129,134,135,136,137,143,146,150,152,153,155,165,172,173,174,258,513,534,566,582
48,38,101,105,109,110,112,113,116,120,122,125,127,132,139,141,143,144,164,172,174,178,208,211,221,226,243,273,302,442,505,538,663
49,16,20,86,103,104,106,110,114,125,127,128,130,131,137,138,144,146,149,151,152,170,173,216,225,315,345,485,511
50,108,109,128,137,150,168,169,184,188,209,436,519,558
51,137,154,240,259,468,576,600
52,38,158,323,336,616,684
53,56,497,597
54,616,693
55,103,501,629,695,697
56,80,374,440,481
57,231,457,492,522,667
58,37,65,350,384,480,561
59,8,169,430,470
60,487,541,547
61,308,398,569,598
62,48,60,83,246,473,477
63,151,223,581
64,157,536
65,181,652,663,677,687
66,49,94,234,657
67,19,68,312,510
68,192,411,493,503,518,664
69,12,17,164,213,306,334,431,660
70,101,328
71,29,82,357,609
72,
73,
74,
75,
76,
77,
78,
79,
80,
81,
82,
83,
84,
85,
86,
87,
88,
89,
90,
91,
92,
93,
94,
95,
96,
97,
98,
