0
0,463
1,95,100,147,184,506,527,570,654,679
2,157,251,335,399,456,489,619
3,68,78,81,82,93,136,248,471,595,604,621,673,686
4,74,75,79,86,87,89,120,124,135,137,144,183,545
5,65,67,68,71,72,73,74,75,76,77,78,80,81,82,83,84,85,87,88,89,90,92,93,94,96,97,98,99,102,103,107,111,115,120,143,149,186,284,307,486,507,551,622,648
6,62,65,67,70,71,72,73,74,75,77,78,79,80,82,83,84,85,86,87,88,89,90,91,92,93,94,95,96,97,98,99,100,101,102,103,104,106,107,108,109,110,111,112,113,114,115,117,118,119,120,121,122,123,124,125,126,127,128,129,130,131,132,133,135,136,137,138,139,140,141,142,156,166,171,179,207,315,474,496,576
7,5,21,60,63,65,67,68,69,71,72,73,74,75,76,77,78,79,80,81,82,83,84,85,86,87,88,89,90,91,92,93,94,95,96,97,98,99,100,101,102,103,104,105,106,107,108,109,110,111,112,113,114,116,117,119,123,124,125,126,127,128,129,130,131,132,133,134,135,136,137,138,139,141,142,143,145,148,151,152,155,158,160,162,164,170,171,172,173,174,175,177,178,184,186,190,195,197,200,207,208,214,220,222,225,227,231,233,237,288,319,558,699
8,67,68,69,70,72,73,74,75,76,77,78,79,80,81,82,83,84,85,86,87,88,89,90,91,92,93,94,95,96,97,99,100,102,103,104,105,106,107,108,109,110,111,113,114,115,117,119,120,121,122,123,124,125,126,128,129,130,132,136,140,142,148,154,156,157,160,163,164,166,167,168,169,173,174,176,178,184,187,188,191,192,196,197,200,204,205,206,210,211,221,223,224,226,240,249,265,267,268,278,299,318,363,370,457,470,490,633
9,63,65,67,68,69,70,71,72,73,74,75,76,78,79,80,81,82,83,84,86,87,88,89,91,93,94,95,96,97,98,99,100,101,102,103,104,105,106,107,108,109,110,111,113,115,118,119,120,122,126,127,128,130,131,132,133,135,136,137,138,139,140,142,144,145,146,147,150,151,153,154,156,158,162,165,167,168,169,171,172,177,179,183,184,185,188,190,191,192,193,194,195,196,197,198,199,207,210,211,212,219,224,230,232,259,289,375,404,409,422,547,683
10,62,66,67,68,69,70,71,72,73,74,75,76,77,78,79,80,81,82,83,84,85,87,88,90,91,92,93,94,95,96,97,98,100,102,103,105,106,107,108,109,110,111,112,115,118,119,120,122,123,124,125,126,128,129,130,131,133,134,136,137,139,140,141,142,144,145,146,147,150,151,153,155,157,161,162,163,164,166,167,172,173,175,184,186,188,189,190,191,192,197,198,201,204,205,213,214,217,219,231,242,243,249,252,257,261,276,296,300,365,452,481,528,551,557,564,565,566,572,579,580,581,584,586,587,589,591,595,599,620,623,626,637,641,645,665
11,62,64,66,67,68,69,70,71,72,73,74,75,76,77,78,79,80,81,82,83,84,85,86,87,88,89,90,91,92,93,94,96,97,98,99,100,101,102,103,104,106,107,108,109,110,111,112,113,114,115,116,117,118,119,120,123,126,127,129,130,131,132,133,135,137,138,139,140,143,144,145,146,149,152,153,154,159,160,164,166,167,168,169,171,174,175,178,179,180,181,182,184,185,186,189,191,192,194,202,203,209,210,217,225,227,231,235,236,238,242,256,258,357,566,568,573,574,576,577,578,579,582,583,585,589,593,595,602,612,615,640,668,686
12,63,64,65,68,69,70,71,72,73,76,78,80,81,84,85,86,87,88,89,90,91,92,93,94,95,96,97,98,100,101,103,104,105,106,108,109,110,111,112,113,114,115,117,118,119,120,121,122,123,124,125,126,127,128,132,135,136,138,144,147,148,149,150,151,152,156,157,160,161,165,168,169,171,173,178,179,181,183,184,185,189,190,191,193,195,196,200,209,210,211,213,214,217,222,286,291,303,315,349,426
13,64,74,75,76,79,80,81,82,83,85,86,87,88,89,90,91,92,93,94,95,96,97,98,99,100,101,102,104,105,107,108,109,110,111,112,113,114,115,118,119,120,121,122,123,124,125,126,127,129,130,131,132,133,134,135,136,138,139,145,146,147,148,149,150,152,154,155,156,157,159,162,163,164,165,166,167,168,169,172,173,174,175,176,177,179,180,181,182,183,184,185,186,187,188,189,190,191,192,193,194,195,196,197,198,200,201,203,205,207,208,209,211,212,213,214,219,220,229,243,259,263,267,275,283,320,368,548,589,595
14,58,64,78,82,84,86,87,88,89,90,91,92,93,94,95,96,97,98,99,100,101,102,103,104,105,106,107,108,109,110,111,112,113,114,115,116,117,118,119,120,121,122,123,124,125,126,127,128,129,130,131,133,134,135,136,137,138,139,140,141,142,143,144,145,146,147,148,150,151,153,155,156,157,163,164,166,170,171,172,173,174,175,177,178,179,180,181,182,183,184,185,186,187,188,189,190,191,192,193,194,195,196,197,198,200,201,203,204,205,206,208,210,213,215,219,220,221,222,223,226,227,228,230,234,241,243,244,247,248,249,253,254,255,257,258,260,263,264,272,274,277,288,291,300,303,337,349,351,375,455,529,553,557,558,560,562,567,568,569,570,576,577,584,593,606,619,626,646,658
15,83,84,86,88,89,90,91,92,93,94,95,96,97,98,99,100,101,102,103,104,105,106,107,108,109,110,111,112,113,114,115,116,117,118,119,120,121,122,123,124,125,126,127,128,129,130,131,132,133,134,135,136,137,138,139,140,141,142,143,144,145,146,147,148,149,150,151,152,153,154,155,156,157,158,160,161,162,163,164,165,166,167,168,170,171,172,173,174,175,177,180,181,182,183,184,185,187,188,189,190,191,192,193,194,195,196,197,198,199,200,201,202,203,204,205,206,207,208,209,210,211,212,213,214,215,216,217,218,219,220,221,222,223,224,225,226,228,229,231,232,233,234,235,236,237,238,239,240,241,242,243,244,248,250,251,252,254,257,259,260,262,263,265,266,267,268,271,272,273,274,276,277,278,279,282,283,284,288,294,295,298,299,304,305,307,317,323,326,331,347,355,678
16,89,91,92,93,94,95,96,98,99,100,101,102,103,104,105,106,107,108,110,111,112,113,114,115,116,117,118,119,120,121,122,123,124,125,126,127,128,129,130,131,132,133,134,135,136,137,138,139,140,141,142,143,144,145,146,147,148,149,150,151,152,153,154,155,156,157,158,159,160,161,162,163,164,165,166,167,168,169,170,171,172,173,174,175,176,177,178,179,180,181,183,184,185,186,188,189,190,191,192,193,194,195,196,197,198,199,200,201,202,203,205,206,207,208,209,210,211,212,215,216,217,218,220,221,222,223,224,225,226,227,228,229,230,231,232,233,235,237,238,240,242,243,244,245,246,247,248,249,250,251,253,255,256,257,258,259,260,261,262,264,265,266,267,268,269,270,271,272,273,274,277,278,279,280,281,283,284,286,287,289,290,292,294,296,301,303,312,321,335,338,341,391,591,655,672
17,41,84,86,87,88,89,90,91,92,93,94,95,96,97,98,99,100,101,102,103,104,105,106,107,108,109,110,111,112,113,114,115,116,117,118,119,120,121,122,123,124,125,126,127,128,129,130,131,132,133,134,135,136,137,138,140,141,142,143,144,145,146,147,149,151,152,153,154,155,156,157,158,160,161,163,164,165,166,167,168,169,170,171,173,174,175,176,178,180,181,182,183,184,185,186,187,188,189,190,192,193,194,196,197,198,199,200,201,202,203,204,205,206,207,209,210,212,213,214,215,216,217,218,219,220,221,222,223,225,226,227,230,231,232,233,234,236,237,240,241,242,243,244,248,249,251,252,253,254,256,261,262,266,267,270,271,277,278,280,282,283,284,285,288,289,291,293,294,300,302,303,304,305,306,310,317,320,332,345,349,383,385,419,437,636
18,83,87,88,90,91,92,93,94,95,96,97,98,99,100,101,102,103,104,105,106,108,109,110,111,112,113,114,115,116,117,119,120,121,122,124,125,126,127,128,129,130,131,132,133,134,135,136,138,139,140,141,143,144,145,147,148,149,150,152,153,154,155,156,157,158,159,160,161,162,163,164,165,166,167,168,169,170,171,172,173,174,175,177,180,181,182,183,184,185,186,187,188,189,190,192,193,194,195,196,197,198,199,200,201,202,203,204,205,206,207,208,209,210,212,213,214,215,216,218,221,222,223,224,225,226,227,229,230,234,237,239,240,243,244,246,249,250,252,254,256,257,259,260,262,263,265,266,267,268,269,271,272,274,277,279,281,282,284,285,289,295,298,314,321,322,327,330,354,367,370,373,407,413,417,418,579,666
19,86,89,92,93,96,97,98,100,101,102,103,104,105,106,107,108,109,110,111,112,113,115,117,118,119,120,121,123,124,125,126,127,128,129,130,131,132,134,135,136,137,139,140,141,142,143,144,145,147,150,151,152,153,154,155,156,159,160,161,162,164,165,166,168,169,171,172,175,176,177,178,180,181,183,185,187,189,190,191,192,193,194,195,196,197,198,199,200,201,202,203,204,205,206,207,208,209,210,211,212,214,215,216,217,218,219,220,221,223,224,225,226,228,229,231,232,235,237,238,240,241,242,243,244,246,247,249,250,252,259,260,261,263,264,267,268,269,271,273,278,279,280,281,283,284,285,286,290,298,302,307,310,322,358,361,368,378,384,426,429,593
20,77,87,92,94,95,96,97,98,99,100,101,102,105,106,107,108,109,110,112,113,114,115,116,117,118,119,121,122,123,124,125,126,127,128,129,131,132,134,135,136,137,138,139,140,141,142,143,144,145,146,147,148,149,150,151,153,154,155,156,157,158,162,163,164,166,167,169,170,171,172,173,174,175,176,177,178,179,180,183,184,185,186,187,189,190,191,194,197,198,199,200,201,203,204,205,207,209,210,212,213,214,217,218,219,220,221,222,223,224,225,226,227,228,229,231,232,233,234,235,238,239,240,241,242,243,244,245,246,247,250,252,253,255,256,259,260,262,263,265,267,268,271,273,275,276,277,278,280,289,290,292,293,294,300,304,307,311,313,315,317,325,337,338,362,367,369,425,453,483,490,498,500
21,82,85,86,88,89,90,91,92,93,94,96,97,98,99,100,101,102,103,104,106,107,108,110,112,113,114,116,117,118,121,122,123,124,125,126,127,128,129,130,132,133,134,135,136,137,139,140,141,142,143,145,147,148,149,150,151,153,154,155,156,157,158,159,160,161,162,163,164,165,166,167,169,170,173,175,176,178,184,185,187,188,189,190,191,193,194,195,197,198,199,200,202,203,204,206,208,210,211,214,215,219,220,222,223,225,226,227,228,229,230,234,235,237,238,239,241,244,245,246,247,249,250,252,253,256,257,258,259,261,262,264,266,267,268,269,272,276,277,279,280,282,283,284,288,289,293,298,301,303,304,309,312,313,321,323,324,325,326,329,336,337,341,353,359,365,367,380,385,403,414
22,88,89,93,96,97,98,99,101,102,104,105,107,108,110,111,113,115,116,117,118,120,121,122,123,125,126,127,129,130,132,133,135,136,137,139,141,142,143,144,145,146,148,149,150,151,152,153,154,156,157,158,159,161,162,164,167,168,169,170,171,173,174,176,177,178,179,180,181,182,184,185,186,187,188,189,190,192,193,194,196,197,198,199,201,202,203,204,205,206,207,208,209,210,211,212,213,215,216,217,218,219,221,222,223,224,225,226,227,229,230,231,235,236,237,238,241,243,245,246,248,251,252,253,255,258,259,261,266,267,268,269,272,273,274,276,277,278,281,282,283,288,292,299,300,301,303,304,306,307,312,316,338,346,347,349,368,373,380,397,407,421,456,477,498,549
23,4,26,83,87,90,91,95,97,100,101,103,104,106,107,108,109,110,111,112,113,114,115,116,117,118,119,120,121,123,124,125,126,127,131,132,133,134,136,140,141,143,145,148,149,151,152,154,155,156,157,158,160,162,163,164,165,167,168,171,172,174,175,176,179,182,184,185,186,188,189,190,191,193,194,195,197,198,199,201,202,203,204,205,206,207,208,209,210,211,212,213,214,215,218,219,220,225,226,227,228,229,230,231,233,235,236,237,239,243,245,246,247,248,249,250,251,252,253,254,255,258,260,261,268,269,271,275,279,288,298,299,301,320,325,345,357,359,440,444,458,490,507
24,75,82,85,94,95,96,97,99,102,104,105,106,108,109,110,111,112,113,114,116,117,118,119,121,122,123,124,125,127,130,131,132,136,137,138,141,142,144,146,147,148,149,150,151,153,155,156,157,159,160,161,162,163,164,166,167,168,169,170,175,179,182,184,187,191,192,194,195,196,197,198,199,200,202,203,207,208,210,212,214,216,217,222,225,226,227,228,229,234,235,236,237,238,239,240,241,242,243,244,245,248,249,250,251,253,254,256,257,259,260,261,264,267,268,269,271,273,274,277,279,280,283,287,288,289,290,291,292,294,296,297,303,306,313,314,315,316,320,323,324,325,335,343,373,375,380,396,405,407,409,432,436,442,443,448,481,492,568,638
25,13,89,92,93,95,96,97,99,100,102,103,104,105,107,108,109,110,111,112,113,115,116,117,118,119,120,121,126,128,130,131,133,135,136,137,140,141,142,143,145,146,148,151,152,153,155,156,157,158,159,160,163,165,168,169,171,181,182,183,184,185,186,187,188,189,190,191,192,195,196,197,199,200,201,202,204,206,207,208,209,210,211,212,213,214,215,217,218,219,220,222,223,224,225,227,228,229,230,231,232,235,241,242,243,244,245,246,248,249,250,252,254,255,258,259,260,261,263,264,267,268,269,270,273,277,278,280,281,283,284,285,286,287,288,290,291,294,298,301,307,312,314,319,321,323,329,334,338,346,348,355,357,361,363,365,378,380,390,397,409,419,420,421,424,425,427,428,430,537,606,673
26,74,97,98,100,101,102,103,104,106,107,110,113,114,117,118,119,121,124,125,127,129,130,131,139,140,141,142,143,146,147,148,150,151,153,157,158,159,160,161,162,165,166,167,173,175,178,180,183,184,188,189,190,193,194,195,196,197,198,201,202,203,204,205,206,207,210,211,212,213,214,215,216,217,218,219,221,222,224,225,226,227,228,231,234,236,238,239,240,241,242,243,244,245,246,247,248,252,253,255,256,257,259,260,261,262,263,264,265,266,267,269,271,273,278,279,280,281,282,284,285,287,289,290,292,293,294,297,298,299,300,301,302,308,310,317,318,325,328,331,332,335,337,341,342,343,344,347,352,353,355,356,358,360,364,365,367,384,386,389,390,396,397,402,406,409,438,442
27,85,86,87,91,95,97,99,101,102,103,104,105,106,109,111,113,116,117,119,122,123,124,125,126,128,129,130,132,133,135,136,137,139,141,142,143,145,147,150,151,154,159,162,163,164,168,178,180,181,183,184,187,188,190,191,192,193,194,195,196,197,198,202,204,205,206,207,208,209,210,212,213,214,215,217,219,220,221,222,224,226,227,228,229,230,231,232,233,234,236,237,238,239,240,241,242,243,245,246,248,249,250,251,252,253,255,256,257,258,259,260,261,262,264,265,267,269,270,271,272,273,274,276,277,280,281,283,284,285,287,289,290,292,293,294,295,298,299,300,301,302,303,304,306,307,308,310,311,312,313,314,315,318,320,321,322,325,326,327,331,332,333,337,339,340,349,351,354,355,359,363,371,374,375,376,377,383,387,401,402,414,424,430,461,482,496,630,671,675
28,87,90,93,95,96,99,100,101,105,113,115,116,118,120,123,124,125,127,130,131,132,136,143,146,148,149,151,155,157,160,161,163,165,166,167,169,170,172,176,179,182,185,186,187,188,189,190,191,192,193,196,199,200,201,202,203,206,207,208,209,211,212,213,214,215,216,217,218,220,221,222,224,226,231,233,234,235,236,237,239,240,241,242,243,244,245,248,249,250,252,255,256,257,260,262,264,265,267,269,271,272,273,275,280,282,283,284,287,288,293,296,300,303,305,306,307,308,309,311,312,314,315,316,317,321,323,324,325,326,328,329,336,338,340,342,344,346,349,351,355,356,357,364,366,367,368,370,375,376,380,381,383,385,387,402,408,419,423,437,473,540,604
29,89,90,91,92,93,95,96,97,99,100,101,102,104,105,106,108,110,111,112,114,116,117,120,121,123,125,126,127,133,134,138,142,146,148,150,152,153,157,160,161,162,167,168,174,178,179,182,184,188,194,195,196,197,199,201,202,203,204,206,207,208,209,210,214,215,217,218,219,220,222,223,224,226,230,232,233,236,238,239,243,248,251,253,254,255,259,260,262,263,265,269,270,275,279,283,284,285,287,288,292,293,295,296,297,299,300,302,303,304,305,306,309,312,314,315,317,318,319,322,327,330,333,334,335,337,339,341,344,345,349,358,360,361,362,366,367,370,372,378,384,386,387,391,414,439,455,500,551,580,641
30,82,85,87,89,90,91,92,93,95,97,98,99,101,104,106,107,108,110,114,116,117,119,120,121,122,123,126,127,128,129,131,132,134,137,139,141,144,145,149,150,151,152,153,154,158,165,180,183,184,186,188,189,190,191,192,193,195,196,197,198,200,203,204,205,206,207,209,212,214,218,220,221,222,224,225,227,228,229,230,234,235,236,238,239,240,241,242,243,244,247,249,252,255,256,258,259,260,262,263,264,266,267,268,269,272,273,277,279,282,287,289,290,291,293,295,298,299,304,312,318,319,320,323,324,326,328,329,333,339,341,343,344,345,349,355,358,360,363,364,366,372,373,374,380,383,388,390,403,405,406,408,568,647,677
31,87,88,89,91,93,94,95,97,98,100,104,105,106,107,108,111,114,117,119,122,125,127,132,133,135,136,140,141,142,145,146,147,148,152,155,177,180,181,184,187,192,193,195,196,197,198,199,202,203,204,207,208,211,217,218,219,221,222,224,225,226,228,231,232,236,237,239,240,242,244,246,251,252,254,255,257,259,267,269,271,272,276,277,279,283,284,287,290,291,292,294,300,306,311,314,324,327,333,339,341,346,348,350,352,359,364,367,377,383,393,394,403,429,462,480,625
32,87,89,90,92,95,96,97,98,99,100,101,102,103,105,106,107,108,111,113,115,117,120,121,122,127,132,133,135,137,139,140,141,144,149,150,153,155,159,160,164,165,166,168,176,178,179,180,181,183,185,186,187,192,193,194,195,198,204,205,206,207,209,210,214,219,221,222,225,226,229,232,233,234,238,239,241,242,243,244,245,255,257,259,260,261,268,270,276,278,279,280,281,291,292,299,302,303,305,307,311,316,334,337,341,347,350,351,366,375,377,381,386,406,421,478,607,620,635
33,84,94,95,96,97,98,99,100,101,102,104,105,106,110,111,112,113,116,117,118,119,121,122,125,126,128,129,131,134,143,144,145,147,148,149,152,153,157,158,160,162,163,164,165,167,171,173,174,175,178,181,183,184,185,186,187,188,189,191,193,194,196,198,200,201,204,205,208,211,212,214,215,222,223,226,231,233,234,235,236,237,240,241,242,243,244,245,246,247,249,250,253,257,258,259,261,262,264,276,278,279,281,282,291,294,299,309,312,319,324,325,326,327,329,331,334,336,343,346,348,350,353,371,380,394,445,516
34,31,56,82,86,89,92,94,96,98,100,101,102,103,105,106,109,110,112,113,114,115,117,119,120,124,125,126,127,128,130,132,133,136,138,145,148,150,152,154,156,158,160,162,163,165,179,181,182,184,186,187,190,192,194,195,196,198,199,202,204,205,207,208,209,211,212,213,216,220,223,236,238,239,240,244,249,250,254,255,257,258,259,266,268,269,270,271,272,274,276,278,279,280,281,284,285,286,287,288,294,295,298,301,302,309,312,314,315,316,317,322,323,326,327,328,331,333,335,342,343,349,353,373,464,639
35,86,90,92,95,98,102,104,106,107,110,111,112,113,115,117,118,119,120,126,127,129,132,136,137,138,140,141,143,144,145,150,157,158,159,163,164,177,180,183,185,187,188,189,191,203,209,212,213,218,219,220,223,224,225,227,229,230,233,234,235,237,239,240,242,243,244,246,251,252,253,261,265,266,268,272,275,279,286,294,299,300,301,303,305,307,310,313,314,315,316,320,321,327,328,331,332,339,341,353,355,376,381,382,408,422,484,492,526,658
36,83,89,95,96,97,98,100,101,102,103,106,108,109,110,111,113,114,115,116,117,120,122,126,127,129,130,134,135,138,139,142,146,149,153,156,157,158,159,160,165,166,167,170,171,176,182,190,191,197,198,199,201,205,209,212,219,220,226,229,232,238,240,243,244,248,252,257,259,260,263,267,269,273,276,277,278,280,287,288,290,291,295,298,303,306,310,316,324,329,331,332,336,340,344,354,359,360,366,380,385,390,399,462,689
37,64,81,88,90,94,97,98,102,103,106,107,109,113,114,116,120,121,123,126,127,129,130,133,134,137,139,143,148,149,151,154,156,157,158,163,164,169,170,172,180,183,189,192,200,203,207,208,214,215,219,222,226,228,231,239,240,241,243,247,249,250,251,252,253,255,256,257,259,273,274,276,282,283,284,287,290,295,299,303,309,314,315,321,322,323,330,332,336,342,343,347,354,356,360,375,401,415,434,438,480,484
38,46,84,87,88,93,94,96,102,103,104,105,106,107,108,112,113,116,117,119,123,124,126,127,128,129,131,132,135,136,142,143,146,148,151,152,155,158,159,162,163,164,167,171,174,175,178,179,181,186,192,193,196,207,208,210,214,215,217,222,223,228,230,231,233,240,242,244,249,250,256,269,278,281,290,292,293,295,298,302,306,307,310,311,316,317,324,331,333,335,345,346,359,368,400,588,621,648
39,79,92,93,94,95,96,99,100,101,102,104,106,107,110,111,115,116,119,121,123,124,125,126,129,137,138,139,141,142,144,148,149,150,151,152,153,159,160,161,162,164,166,168,171,174,175,178,182,183,186,189,190,193,194,196,207,209,236,237,239,243,244,245,247,250,258,260,266,267,269,276,280,286,287,289,292,298,301,302,306,307,316,321,325,337,346,349,356,378,379,388,589,642
40,9,61,83,92,96,97,98,99,101,103,104,105,106,107,108,112,115,118,119,120,121,123,135,137,138,143,144,145,146,148,151,155,157,161,162,163,173,174,184,186,188,190,200,201,205,207,217,221,225,226,227,228,236,238,243,245,247,248,250,251,256,257,259,261,270,271,287,288,290,301,304,309,312,329,335,344,359,362,366,392,421,459,473,475,591
41,32,50,87,94,97,98,100,101,107,108,110,112,115,118,119,121,122,128,129,135,145,146,147,148,151,153,154,156,159,161,163,164,165,168,183,186,189,191,195,196,198,200,204,205,206,210,212,217,221,222,229,233,234,241,242,245,246,249,251,255,257,258,265,268,271,272,274,283,292,298,307,309,324,344,347,377,457,487
42,89,90,93,98,100,102,104,106,111,112,113,114,116,117,118,119,120,122,123,124,126,127,129,130,131,132,137,138,139,142,143,145,147,148,156,160,164,165,167,171,172,176,177,181,185,189,190,192,193,196,197,199,200,202,207,213,214,216,219,221,230,235,239,242,243,247,248,251,253,254,255,257,258,259,271,275,279,293,296,297,312,324,344,354,356,364,387,471,525
43,94,95,96,98,99,101,102,104,105,106,107,108,110,112,113,114,115,116,119,120,131,134,136,137,139,140,148,149,157,158,161,162,164,167,169,170,171,177,184,193,199,209,210,215,221,228,233,236,240,244,246,248,252,254,255,257,258,261,268,271,273,277,295,309,322,325,328,351,369,392,396,438,526,646
44,85,90,93,95,97,99,100,101,102,105,106,107,108,109,110,111,112,114,117,118,119,120,121,122,123,126,127,128,129,131,133,135,137,138,139,142,143,145,151,153,154,155,165,175,176,177,179,184,185,191,194,195,197,198,209,211,222,223,226,233,237,240,243,246,247,249,252,254,266,268,270,271,275,280,285,286,290,293,300,302,304,309,312,319,331,333,379,398,444,491,499,620
45,88,93,96,102,104,105,108,109,110,111,116,119,120,123,124,125,128,130,131,134,135,136,137,143,144,145,147,149,150,156,161,165,174,180,184,194,197,202,205,211,212,213,215,217,218,219,225,227,231,235,239,241,244,249,254,257,259,260,262,269,271,281,286,300,304,308,315,318,329,335,341,346,355,360,366,377,382,391,429,484,497,527,557
46,63,66,86,89,90,94,95,97,100,102,105,108,109,110,111,112,114,115,116,118,120,124,125,128,131,132,136,139,142,145,146,151,152,156,159,160,161,164,166,167,169,172,173,177,178,180,183,184,186,191,195,200,204,207,208,209,212,213,216,221,238,240,241,242,243,248,251,253,257,258,259,263,268,271,291,295,299,315,318,325,326,331,340,351,358,360,379,400,403
47,69,90,92,94,95,97,99,101,105,107,108,109,110,111,112,113,114,116,117,118,120,121,122,123,124,125,126,129,130,132,133,135,139,140,147,155,161,163,164,168,171,175,178,179,180,182,186,187,189,190,191,202,203,213,220,223,233,241,244,245,247,249,251,256,284,288,313,323,362,365,382,391,394,460,534,547
48,80,90,94,97,98,100,103,104,105,106,109,110,114,115,116,117,120,122,124,125,126,129,131,137,143,145,146,153,163,166,170,174,175,178,182,184,190,194,197,198,200,206,207,209,212,215,220,225,229,237,240,242,244,249,250,251,254,255,258,263,266,277,278,279,288,290,294,320,321,327,342,359,396,405,685
49,33,76,92,94,96,98,99,102,103,105,107,108,109,112,115,116,117,120,122,125,127,128,131,132,133,137,138,140,144,149,151,152,153,154,156,157,158,162,163,165,166,174,177,178,189,193,196,197,198,201,203,205,206,208,209,210,214,217,219,226,228,229,230,231,233,234,238,239,240,243,259,260,261,267,270,273,280,282,283,290,291,297,299,301,304,306,312,317,324,395,414,447,514,549,561,658
50,32,78,83,92,97,98,99,101,105,107,108,109,110,111,112,113,114,115,120,122,123,126,127,129,134,135,136,137,139,144,145,158,160,161,166,168,169,172,175,178,184,185,189,191,192,195,197,198,199,202,206,210,211,212,216,217,218,219,226,227,228,230,233,237,239,246,251,252,253,257,262,263,264,266,268,269,274,275,279,282,290,291,301,311,315,320,324,350,367,392,583,636
51,17,88,91,93,96,100,101,102,105,108,112,115,117,118,124,126,127,129,130,131,132,133,134,135,137,138,141,142,143,146,147,160,167,168,176,179,183,191,193,197,198,199,207,208,212,213,221,222,226,232,234,239,241,243,245,247,248,253,256,262,270,272,278,285,296,301,304,306,309,319,333,337,345,350,357,369,458,469,580,606,641,682
52,89,94,95,99,100,101,102,103,106,107,108,111,113,116,119,120,122,123,127,128,129,137,138,139,140,142,144,145,148,151,154,160,161,162,163,167,168,169,176,178,190,191,192,199,205,208,209,215,218,219,223,231,233,236,237,240,241,243,245,246,249,251,253,254,261,263,271,272,273,274,280,304,308,315,321,323,391,446,455
53,94,96,97,99,103,104,106,107,108,109,110,112,114,121,124,126,127,132,134,136,137,139,145,147,149,150,151,155,159,160,161,163,165,167,168,169,173,175,181,188,194,198,202,203,207,216,218,219,220,221,222,224,225,226,228,231,233,236,240,245,250,258,267,268,270,279,281,286,288,291,295,299,300,302,312,313,330,337,372,385,400,489,647,681,692
54,83,89,98,99,100,103,105,107,109,110,111,114,118,119,120,121,122,126,128,129,134,138,140,142,145,146,147,149,151,154,155,158,160,164,168,171,175,182,188,193,195,200,201,203,204,206,209,213,217,218,222,223,226,230,233,234,235,236,241,242,247,250,252,255,256,257,258,264,266,273,275,282,283,288,296,297,299,305,311,315,321,322,327,343,344,375,392,399,414,479,528,534
55,85,87,101,103,108,111,114,115,120,123,124,126,128,130,137,139,142,145,148,151,152,153,156,157,158,164,169,181,184,199,200,204,205,207,208,209,210,212,215,217,219,220,231,232,237,249,259,260,267,270,275,276,278,280,298,318,323,339,346,355,390,409,461,687
56,86,89,100,101,102,103,104,108,109,111,112,113,115,121,123,125,132,137,138,143,146,151,159,161,175,178,186,192,195,196,199,201,202,203,204,205,207,210,212,215,219,231,232,233,236,242,252,253,259,260,268,274,276,282,284,288,310,319,323,326,339,388,399,433,610
57,5,8,97,100,105,106,107,108,111,115,117,119,120,123,126,130,135,137,138,139,142,146,147,150,152,154,159,160,168,169,174,198,208,213,216,221,228,241,243,244,250,252,255,271,275,283,299,301,308,316,341,349,356,427,558,566,645,648
58,95,99,102,103,104,106,107,109,115,116,117,120,124,127,130,132,138,139,140,143,144,148,151,153,154,155,158,161,167,169,189,190,202,204,210,224,227,229,239,252,256,262,269,277,286,291,293,296,298,342,377,441,553,587,646
59,98,105,106,107,108,109,112,115,117,120,121,123,124,126,127,128,132,133,135,137,139,145,147,152,154,162,167,170,171,172,173,176,191,201,204,226,235,237,240,282,306,449,482,524,596
60,85,97,107,113,117,119,127,131,132,133,136,141,146,148,150,152,156,159,161,162,172,175,423,430,614,657
61,112,117,118,121,123,125,126,128,129,130,131,132,134,136,137,142,153,154,156,169,173,363,397,575,684
62,9,117,119,122,127,128,129,130,133,134,135,136,138,141,144,147,148,158,159,162,172,176,183,198,250,268,274,487,496,535,653
63,125,131,134,136,148,156,164,166,168,171,194,197,366,418,483,530
64,132,134,137,138,143,145,150,151,169,449,649,679
65,40,50,138,241,312,473
66,37,168,463,514
67,46,663
68,
69,37,162,336,373,459,465,519
70,26,32,432
71,287,345,451,645
72,69,374,417,624,653
73,62,248,401,543,642
74,17,174,238,337,367,589,600,634
75,88,537,632,683
76,51,386,395,599,605
77,42,427,459,512,586,628
78,3,12,280,656
79,35,417
80,
81,
82,
83,
84,
85,
86,
87,
88,
89,
90,
91,
92,
93,
94,
95,
96,
97,
98,
