19
0,100
1,83,221,258,291,340,356
2,68,69,71,73,74,75,76,77,78,79,80,81,84,85,86,87,88,89,90,93,94,219,507,637
3,24,30,60,63,64,67,68,69,70,71,72,73,74,75,76,77,78,79,80,81,82,83,84,85,86,87,88,89,90,91,92,93,94,95,96,97,98,99,100,101,102,103,104,105,106,107,108,112,113,129,391,557
4,15,62,65,66,67,68,69,70,71,72,73,74,75,76,77,78,79,80,81,82,83,84,85,86,87,88,89,90,91,92,93,94,95,96,97,98,99,100,101,102,103,104,105,106,107,108,109,110,111,112,113,114,115,116,117,118,119,120,121,122,123,124,125,126,127,128,129,130,131,132,133,135,136,137,139,141,142,143,144,145,146,148,149,150,151,152,156,171,173,174,175,177,182,183,186,188,194,202,205,225,253,260,299,311,391,441,556,633
5,63,66,67,68,70,71,72,73,74,75,76,77,78,79,80,81,82,83,84,85,86,87,88,89,90,91,92,93,94,95,96,97,98,99,100,101,102,103,104,105,106,107,108,109,110,111,112,113,114,115,116,117,118,119,120,121,122,123,124,125,126,127,128,129,130,131,132,133,134,135,136,137,138,139,140,141,142,143,144,145,146,147,148,149,150,151,152,153,154,155,156,157,158,159,160,161,162,163,164,165,166,167,168,169,170,171,172,173,174,175,176,177,178,179,180,181,182,183,184,185,186,187,188,189,190,191,192,193,194,195,196,197,198,199,200,201,202,203,204,205,206,207,208,209,210,211,212,213,214,215,216,217,218,219,220,221,222,223,224,225,226,227,228,229,230,231,232,233,234,236,237,238,239,240,241,242,243,244,245,246,247,248,251,252,253,254,256,259,260,262,264,267,268,274,276,277,278,279,280,287,293,294,295,296,298,304,306,345,369,445,620,648,688
6,62,64,67,68,69,70,71,72,73,74,75,76,77,78,79,80,81,82,83,84,85,86,87,88,89,90,91,92,93,94,95,96,97,98,99,100,101,102,103,104,105,106,107,108,109,110,111,112,113,114,115,116,117,118,119,120,121,122,124,125,126,127,128,129,130,131,132,133,134,135,136,137,138,139,140,141,142,143,144,145,146,147,148,149,150,151,152,153,154,155,156,157,158,159,160,161,162,163,164,165,166,167,168,169,170,171,172,173,174,175,176,177,178,179,180,181,182,183,184,185,186,187,188,189,190,191,192,193,194,195,196,197,198,199,200,201,202,203,204,205,206,207,208,209,210,211,212,213,214,215,216,217,218,219,220,221,222,223,224,225,226,227,228,229,231,232,234,235,236,238,239,240,241,244,245,247,248,249,250,251,252,253,254,255,256,257,258,260,261,262,263,264,265,266,267,268,269,270,271,273,274,275,276,277,278,279,282,284,285,287,288,289,290,291,292,293,295,297,299,300,302,303,304,306,307,310,311,313,317,323,328,329,330,331,334,336,350,351,356,361,367,395,403,405,409,467,636
7,40,56,59,61,63,64,66,67,69,70,71,72,73,74,75,76,77,78,79,80,81,82,83,84,85,86,87,88,89,90,91,92,93,94,95,96,97,98,99,100,101,102,104,105,106,107,108,109,110,112,113,114,115,116,117,118,119,120,121,122,123,124,125,126,127,128,129,130,131,132,133,135,136,137,138,139,140,141,142,143,144,145,146,147,148,149,150,151,152,153,154,155,156,157,158,159,160,161,162,164,165,166,167,168,169,170,171,172,173,174,175,176,177,178,179,180,181,182,183,184,185,186,187,188,189,190,191,192,193,194,196,197,198,199,200,201,202,203,205,206,207,208,209,210,211,212,213,214,215,216,217,218,219,220,221,222,223,224,225,226,227,228,229,230,231,232,233,234,235,236,237,238,240,241,242,243,244,245,246,247,248,249,251,252,253,254,255,256,257,258,260,261,262,263,264,265,266,268,270,271,272,274,275,277,280,281,282,283,286,287,288,292,293,297,304,308,310,312,316,317,318,320,321,322,330,332,334,337,339,356,359,360,365,495,507,610
8,65,68,70,71,72,73,74,75,76,77,78,79,80,81,82,83,84,85,86,87,88,90,91,92,93,94,95,96,97,98,99,100,101,102,103,104,105,106,107,108,109,110,111,112,113,114,115,116,117,118,119,120,121,123,124,125,126,127,128,129,130,131,132,133,134,135,136,137,138,139,140,141,142,143,144,146,147,148,149,150,151,152,153,155,156,157,158,161,163,164,165,166,167,168,169,170,171,172,173,174,175,176,177,178,179,180,181,182,183,185,186,187,188,189,190,191,192,193,194,195,196,198,199,200,201,202,203,205,206,207,208,209,210,211,213,215,216,217,218,219,220,221,222,223,224,225,226,227,228,229,230,231,232,233,234,235,236,237,239,240,241,242,243,244,247,248,249,250,251,252,253,254,256,257,258,259,260,261,265,266,270,271,275,277,278,280,281,284,285,286,288,291,292,294,295,296,297,299,300,307,310,311,316,324,327,330,339,341,348,354,355,375,380,396,417,459,498,626
9,66,67,70,71,72,73,74,75,76,77,78,79,80,81,82,83,84,85,86,87,88,89,90,91,92,93,94,95,96,97,99,100,101,102,103,104,105,106,107,108,109,110,111,112,114,115,116,117,118,119,120,121,122,123,124,125,127,128,129,130,131,132,133,134,135,136,137,138,139,140,141,142,143,144,145,146,147,148,149,150,151,152,153,154,155,156,157,158,159,160,161,162,164,165,167,168,169,170,171,172,173,174,175,176,177,178,179,181,182,183,184,185,186,187,188,189,190,191,192,193,194,195,196,197,198,199,200,201,202,203,204,205,206,207,208,209,210,211,212,213,214,215,216,217,218,219,220,221,222,223,224,225,226,227,228,229,230,231,232,233,236,237,238,239,240,241,242,243,244,245,246,247,248,249,250,251,253,255,256,257,258,259,260,261,263,264,265,267,268,269,270,271,274,278,279,280,282,283,284,285,287,288,293,294,295,298,299,300,303,304,306,307,311,312,313,321,322,323,326,342,344,347,362,363,413,416,424
10,65,68,69,70,71,72,74,75,76,77,78,79,80,81,82,83,84,86,87,88,89,90,91,92,93,94,95,96,97,98,99,100,101,102,103,104,105,106,107,108,109,110,111,112,113,114,116,117,119,120,121,122,124,125,126,127,128,129,130,131,132,134,135,136,138,139,140,141,142,143,144,145,146,147,148,149,150,152,153,154,155,156,157,161,162,163,166,167,169,170,171,172,174,175,176,177,178,179,180,181,182,183,184,185,186,187,188,189,190,191,192,193,194,195,196,197,198,199,200,201,202,203,204,205,206,207,209,210,211,212,213,214,215,216,217,218,219,220,221,222,223,224,225,226,227,228,229,230,231,232,233,235,236,237,238,239,240,241,242,243,244,245,246,248,249,250,251,252,253,254,255,256,258,259,260,261,263,264,265,266,267,268,270,271,272,274,275,276,277,278,279,280,281,282,283,284,285,286,289,290,292,294,295,296,297,298,301,302,303,307,309,311,313,314,323,325,326,329,330,336,341,352,354,358,364,367,382,404,406,425,441,457,543,644,676,677
11,58,67,68,69,70,71,73,74,75,76,77,78,80,81,82,83,84,85,86,87,88,89,91,92,93,94,95,96,98,99,100,102,103,104,105,106,108,109,110,111,112,113,114,115,116,117,118,119,120,121,122,123,125,126,127,128,129,130,131,134,135,136,137,138,139,140,141,142,144,145,146,148,149,150,151,152,153,155,156,157,158,160,161,162,163,164,165,166,167,168,169,170,171,173,174,176,177,178,180,181,182,183,184,185,186,187,188,189,190,191,192,193,194,195,197,198,199,200,201,202,203,204,206,208,210,211,212,213,215,217,218,219,220,221,222,223,224,225,226,227,228,229,230,231,232,233,234,235,236,237,238,240,241,242,244,245,246,247,249,251,252,253,255,257,258,259,262,263,264,266,267,268,269,270,271,272,273,274,275,276,279,281,282,284,286,287,288,290,291,292,294,295,297,298,299,300,302,304,305,306,309,311,315,317,318,319,320,321,322,323,324,326,327,328,330,332,334,339,341,342,343,344,347,354,357,360,361,364,375,379,386,400,405,410,415,428,554,594
12,38,65,68,69,71,72,73,74,75,76,77,78,79,80,81,83,84,85,86,87,88,89,90,91,93,94,95,97,98,99,100,101,102,103,104,105,107,108,109,110,111,113,114,115,116,117,118,120,121,122,123,124,126,127,129,130,131,132,133,134,135,136,137,139,140,141,142,143,144,145,147,148,150,152,153,154,155,156,157,160,162,164,165,166,170,171,172,173,174,175,176,177,178,179,180,181,182,185,186,187,188,190,191,192,196,197,198,199,200,201,203,204,205,206,207,210,212,213,214,215,217,218,222,223,224,225,226,227,228,229,230,231,232,234,235,236,237,238,239,240,241,243,244,245,246,248,250,251,252,256,257,259,260,262,264,265,266,267,269,273,274,276,278,279,280,284,285,286,287,291,292,293,296,297,298,304,305,306,309,310,311,312,313,315,316,317,318,320,321,322,323,324,325,326,327,328,329,331,333,335,336,338,340,341,343,345,349,354,358,359,360,361,368,369,373,393,394,400,410,434,453
13,64,67,70,72,73,74,75,76,77,78,79,80,81,82,83,84,85,87,88,89,90,91,92,93,94,95,97,98,100,102,103,104,105,106,107,108,109,110,111,112,113,114,115,116,117,118,119,120,123,124,125,126,127,128,129,130,131,133,134,135,136,137,138,140,141,142,143,144,145,147,148,149,150,152,155,156,158,159,160,161,162,163,167,169,170,172,173,174,175,176,177,179,180,181,182,183,185,187,189,190,194,195,196,199,202,203,206,207,208,210,211,213,214,215,216,219,220,221,222,223,224,226,227,228,229,230,231,233,234,235,236,237,239,240,241,243,244,245,246,247,248,249,252,253,254,255,256,257,258,261,263,264,265,266,270,271,276,278,279,281,283,284,286,287,288,289,291,292,293,294,297,299,300,303,309,310,313,315,316,317,319,320,321,322,323,324,325,326,327,332,334,335,336,338,340,341,342,344,349,351,352,354,355,356,357,358,359,360,361,362,363,364,367,369,370,373,374,375,378,383,384,390,397,398,400,402,409,447,460,507,516,594,595,627,682
14,66,68,71,73,74,75,77,78,80,81,82,84,86,87,88,89,90,91,93,94,95,96,97,98,99,101,102,106,108,109,110,114,115,116,117,118,119,120,121,122,125,126,127,128,130,131,133,134,135,136,137,138,139,142,143,144,145,146,148,149,150,152,153,154,155,157,158,164,165,169,171,172,178,181,183,184,186,187,188,189,190,191,193,196,197,198,199,201,202,203,204,205,207,208,210,211,213,214,218,219,221,222,224,227,228,231,232,233,235,236,237,238,239,241,243,244,246,247,248,249,250,251,252,253,254,255,256,258,259,260,261,262,264,266,268,269,272,274,277,278,280,282,285,286,287,289,291,292,294,296,297,300,301,302,303,304,308,311,314,315,316,318,319,320,321,325,326,327,328,331,334,337,338,339,340,341,343,345,346,347,349,350,351,352,353,361,364,365,368,370,372,375,381,393,404,407,416,418,419,653,660,678
15,58,63,64,66,67,69,70,71,72,74,75,76,78,79,80,81,82,83,85,86,87,88,89,90,91,92,94,95,96,97,99,100,102,103,104,106,108,110,112,114,116,118,119,120,124,125,126,127,129,130,131,134,135,136,138,139,141,142,143,144,145,146,148,149,151,153,155,158,164,167,169,170,173,174,175,176,177,180,181,183,184,185,188,189,192,193,197,199,200,201,203,205,207,208,209,210,212,215,216,218,220,221,222,223,224,225,226,227,229,232,234,235,236,237,239,240,241,242,245,247,248,251,252,256,257,258,259,260,263,264,266,268,269,270,272,273,275,276,278,279,280,281,282,284,285,290,291,298,302,304,307,308,309,311,313,315,316,318,320,321,322,325,326,327,328,329,330,333,335,336,337,338,341,342,343,344,345,346,347,348,349,352,354,356,359,360,361,362,364,366,367,369,377,379,382,385,387,390,397,402,410,416,421,433,441,489,508,546
16,62,68,70,71,72,74,75,76,77,78,80,81,83,85,86,87,88,90,91,93,94,95,96,97,98,99,101,102,103,104,105,106,107,108,109,111,112,114,117,119,120,121,123,124,125,126,127,128,129,130,131,132,133,134,137,138,139,140,141,142,143,144,145,146,148,149,150,151,153,154,155,159,163,164,165,166,168,169,170,171,172,173,174,179,182,189,190,191,194,196,197,198,199,201,202,203,205,213,214,215,216,221,222,223,224,225,228,229,230,231,233,234,235,237,239,240,242,245,246,247,253,255,260,262,264,265,266,267,268,269,272,274,276,279,287,288,289,292,294,298,299,304,305,307,308,311,312,315,316,317,318,319,321,322,323,325,328,330,332,334,335,336,338,340,342,344,347,350,354,356,357,359,361,362,365,368,369,370,372,377,379,381,383,387,388,393,396,400,406,407,410,412,415,421,426,438,440,441,445,689
17,27,68,69,70,71,72,73,74,77,78,79,82,83,86,88,89,90,91,92,93,94,95,98,99,101,103,104,106,107,108,110,111,112,113,114,115,117,118,119,120,121,123,124,125,126,127,128,129,131,133,134,135,138,139,140,141,143,145,146,147,149,151,153,154,156,158,166,168,171,172,177,180,181,182,183,184,187,191,192,194,200,201,202,204,205,207,208,211,212,213,214,217,218,219,222,223,224,225,226,227,230,231,232,234,235,236,237,238,242,245,247,250,251,252,257,258,260,265,268,273,276,277,278,280,282,283,285,286,287,288,289,291,293,294,296,297,298,299,302,303,307,308,310,311,313,321,322,327,329,334,335,337,342,350,351,352,353,357,360,361,364,368,371,372,377,379,383,386,387,393,396,406,416,419,431,505,557,646,697
18,68,69,70,71,72,73,75,76,77,78,79,81,82,83,87,88,90,91,92,93,94,95,96,97,98,100,101,102,103,106,107,108,109,110,111,112,113,114,115,116,118,119,120,121,122,125,127,129,130,131,132,133,134,137,138,141,142,143,144,145,146,148,149,150,151,152,154,156,157,159,161,162,167,171,172,175,176,178,179,180,181,182,186,187,189,190,191,193,194,204,208,209,211,214,215,218,219,220,221,223,224,225,226,228,229,230,231,233,234,235,236,237,239,240,241,242,243,245,246,248,255,259,264,265,268,270,271,272,275,276,279,281,282,284,287,288,289,292,293,295,296,297,298,299,300,301,304,307,309,310,319,329,340,351,355,360,361,366,368,370,372,393,402,627
19,69,70,71,73,75,77,79,80,81,82,83,85,86,87,88,89,90,92,93,96,97,98,99,100,101,102,103,105,107,108,109,110,111,112,114,115,116,117,120,121,122,124,125,130,132,134,135,136,142,145,147,149,150,151,154,157,161,162,165,170,173,175,176,177,178,179,180,183,184,186,189,191,192,193,195,196,199,200,202,203,204,209,210,211,215,216,217,226,230,234,236,237,239,241,243,245,246,248,249,250,251,253,254,256,259,261,262,263,264,265,274,275,276,277,280,283,284,285,288,289,291,293,294,295,297,298,300,301,304,305,306,308,309,311,315,319,320,321,322,323,328,330,336,347,349,355,357,358,359,365,372,373,381,386,395,400,416
20,10,65,71,72,73,74,77,78,79,80,81,82,84,85,86,87,88,89,90,91,93,94,95,96,97,98,99,100,102,103,106,107,108,109,110,111,112,113,114,115,116,117,118,119,121,122,123,124,126,127,128,129,130,131,132,133,136,137,138,139,140,142,143,144,146,148,150,151,152,154,155,156,160,164,165,167,169,171,173,174,177,178,180,181,182,183,185,186,188,189,192,193,194,195,196,197,201,202,203,205,206,207,208,213,215,218,223,225,227,230,231,234,235,238,240,241,242,244,246,247,248,249,253,254,257,262,263,265,267,268,272,274,276,277,279,282,284,288,289,297,298,299,301,302,303,304,305,306,307,308,309,310,312,313,318,319,334,335,338,344,345,350,351,352,357,359,362,373,375,402,405,420,434,463,526,696
21,20,62,63,66,67,68,69,70,71,72,73,74,75,76,77,78,79,80,82,83,85,86,88,89,90,92,94,95,96,98,99,100,101,102,103,104,105,106,108,109,110,111,114,115,116,119,121,122,123,125,126,127,128,129,130,131,132,134,137,139,140,141,143,144,145,146,148,150,153,155,156,157,159,160,162,163,164,166,167,169,171,174,175,177,182,183,185,187,189,194,196,200,201,202,204,207,208,221,222,223,225,227,228,231,232,234,235,237,238,239,240,242,245,246,247,248,249,251,255,268,269,270,271,272,273,274,276,278,279,283,286,287,292,293,297,299,300,301,305,306,307,308,313,316,321,322,323,353,357,358,360,362,369,372,379,381,392,398,442,455,485,634,677,687
22,61,63,64,67,68,69,70,71,73,76,77,78,79,80,82,83,85,86,87,90,92,93,94,95,96,97,98,99,100,101,102,105,106,108,109,110,111,112,115,116,117,118,120,121,123,124,125,126,131,133,134,135,136,137,138,140,143,145,146,147,149,150,152,154,155,157,158,159,162,163,167,168,173,174,181,185,188,190,196,197,200,201,207,209,210,211,217,225,226,227,229,230,232,236,238,239,240,241,244,245,246,247,248,249,254,255,258,260,263,264,266,268,270,273,275,277,281,286,287,289,294,298,299,301,302,305,308,309,310,312,313,314,317,321,331,340,343,348,354,366,368,371,372,409,447,622
23,59,65,66,69,70,71,72,73,74,75,76,78,79,80,82,83,84,86,87,89,90,91,92,93,95,97,99,100,102,103,104,105,108,109,110,114,115,116,117,119,121,127,128,129,132,133,134,135,138,140,141,142,143,144,147,148,152,153,161,162,166,168,172,173,174,175,178,182,183,184,185,186,188,193,194,197,199,206,212,213,217,218,219,220,222,223,224,229,233,234,236,239,241,243,245,248,249,250,252,254,255,260,261,263,265,268,269,279,280,282,291,292,293,296,298,306,310,314,318,323,332,335,338,352,355,358,366,367,374,379,414,632,659
24,54,65,66,67,68,69,71,72,73,76,77,80,81,82,83,84,85,87,88,89,90,91,92,94,95,96,97,100,103,104,105,106,107,112,113,114,116,117,119,120,121,125,126,127,128,129,132,133,134,135,136,137,138,144,148,149,154,156,158,163,164,165,167,171,179,180,184,187,188,189,191,192,194,196,198,199,201,207,209,212,213,215,216,217,218,219,222,225,228,230,233,235,238,239,240,241,242,243,244,246,249,250,251,252,253,256,259,261,262,263,265,268,269,271,272,273,278,280,284,289,291,296,297,301,303,306,309,313,314,322,326,327,332,336,337,338,348,349,350,352,367,398,411,453,488,597
25,28,64,66,67,68,69,70,71,74,75,76,78,79,81,82,83,84,86,87,89,92,93,94,95,97,99,100,101,103,105,106,107,109,110,111,114,115,116,119,121,125,126,128,132,133,134,136,137,138,141,144,146,148,150,152,155,158,159,163,164,165,166,171,172,173,176,177,181,184,185,187,189,192,194,195,196,198,199,200,202,204,209,212,213,215,216,219,220,223,224,226,227,229,236,239,240,242,243,244,245,248,249,251,254,257,258,263,270,271,272,276,282,283,291,292,293,296,301,302,304,307,313,314,315,317,329,330,331,332,334,335,337,341,352,362,368,369,370,377,380,385,386,416,441,464,466,504
26,61,64,65,66,68,69,70,71,72,73,75,76,77,78,80,81,83,84,85,86,88,90,91,92,93,94,95,96,97,98,103,104,105,108,112,115,116,118,119,121,122,123,124,125,126,127,128,130,131,132,133,135,138,139,141,147,148,149,153,156,159,162,163,164,168,169,173,175,177,181,183,184,185,187,188,190,191,197,198,203,206,207,212,218,219,220,221,222,223,224,226,228,229,231,232,233,234,235,239,240,241,243,246,248,252,253,258,262,265,267,268,271,272,274,275,276,277,279,291,297,299,301,303,305,306,313,325,332,333,334,335,336,342,344,345,348,349,352,358,359,373,382,393,403,426,431,435,515
27,58,60,61,64,67,69,70,71,72,77,79,81,82,84,85,86,88,90,91,92,93,94,95,96,97,98,99,100,101,102,104,105,107,109,110,111,112,113,114,115,118,123,124,126,128,133,134,139,142,143,145,147,148,150,151,152,153,154,159,161,163,168,173,175,176,179,180,184,185,192,195,199,201,204,205,212,213,222,223,225,230,232,234,235,236,238,239,241,244,246,250,251,253,262,266,270,298,305,311,328,329,332,333,334,343,351,352,359,360,364,365,367,369,374,377,378,385,394,402,515
28,62,64,65,66,67,68,69,70,71,72,73,75,76,77,78,79,81,82,83,84,85,86,87,89,90,91,92,93,94,95,96,97,99,100,101,102,103,104,105,106,108,109,110,112,113,114,115,116,117,118,120,122,123,125,126,130,131,135,136,137,138,142,145,146,147,149,150,152,153,154,155,163,164,167,168,170,171,176,178,180,181,185,188,192,193,197,200,203,206,207,211,212,213,216,221,222,223,228,230,231,232,233,234,239,241,242,243,244,249,250,254,258,261,264,265,268,272,275,278,284,286,298,303,311,333,344,348,349,351,352,389,401,407,443,510
29,55,61,62,64,65,66,67,68,69,71,72,73,74,75,76,77,78,79,80,82,83,84,85,87,88,89,90,92,93,94,96,97,99,100,102,103,104,105,106,107,108,109,110,111,112,113,115,117,118,119,121,122,124,130,131,135,136,137,139,142,143,147,149,151,152,154,155,157,158,163,165,173,175,176,179,180,181,184,185,190,192,194,196,197,203,205,206,207,208,210,216,217,220,225,227,232,233,235,236,237,238,239,240,244,250,251,254,258,260,262,264,267,268,272,279,294,298,311,328,366,379,386,462,601,606,699
30,62,63,65,66,67,68,69,70,72,73,74,75,76,77,78,79,80,81,82,83,84,85,86,87,88,89,90,91,94,95,96,97,99,100,102,104,105,106,107,108,109,110,111,114,115,116,117,118,123,125,126,127,128,131,132,133,134,135,138,139,141,142,146,147,148,149,150,151,152,153,156,158,159,162,163,164,167,168,169,172,173,174,178,179,180,181,182,183,184,190,194,195,196,200,202,204,209,210,211,216,217,218,219,221,223,226,227,231,232,234,237,238,239,245,258,265,267,269,271,279,300,301,302,314,318,323,367,400,555,615
31,61,64,65,66,67,68,69,70,71,72,73,74,76,78,80,81,82,84,85,86,88,89,90,92,95,96,98,99,102,103,104,105,107,110,111,112,114,116,117,119,120,121,122,125,126,127,129,130,131,132,134,137,139,140,141,142,144,145,146,148,150,151,152,153,158,159,160,161,163,164,166,168,176,177,178,179,182,183,184,186,187,188,189,190,191,192,194,195,198,199,203,204,206,209,211,218,219,220,221,222,223,225,228,230,234,235,240,242,244,248,249,252,259,260,262,264,265,267,268,275,284,297,344,647,655,691
32,58,59,60,61,62,63,64,65,66,67,68,69,70,71,72,73,74,75,76,77,78,79,80,82,83,84,85,86,87,90,93,94,95,98,99,100,102,103,104,106,107,108,110,112,115,118,119,121,122,124,127,128,131,135,137,139,140,146,147,148,149,155,160,163,164,165,166,170,175,177,180,181,184,185,186,188,189,191,193,195,200,201,202,205,207,210,213,216,217,218,220,222,223,225,226,228,232,233,237,239,241,242,256,263,265,271,272,283,285,311,373,401,505
33,6,53,55,57,58,61,62,63,64,65,66,67,68,69,70,71,72,73,74,76,77,78,79,81,82,83,85,87,88,89,90,91,93,94,95,97,98,99,100,101,102,103,108,110,111,112,113,116,117,119,120,121,122,123,125,126,127,129,130,133,136,137,138,139,142,143,144,149,150,151,153,154,155,158,159,165,166,168,169,170,177,178,182,183,184,186,187,192,194,196,197,200,203,204,205,206,209,210,215,217,218,219,220,222,223,225,228,229,236,243,244,245,247,250,256,257,267,268,279,282,285,299,303,312,321,333,341,353,366,388,406,420,499,638,673
34,55,56,57,59,60,61,62,63,65,66,67,68,70,72,73,74,76,77,78,79,80,82,83,84,87,90,92,93,95,96,100,101,102,103,106,107,108,109,110,111,114,115,116,118,120,121,123,125,126,128,131,132,133,134,136,141,143,144,149,154,156,161,162,163,166,168,170,171,175,176,177,179,180,181,182,184,185,188,191,192,193,197,199,201,202,213,217,218,221,222,223,224,225,226,227,228,229,230,232,234,236,238,242,245,246,249,251,254,255,256,258,260,266,281,282,285,286,294,295,299,300,304,306,319,331,363,393,394,420,437,535,559,621
35,56,57,59,60,61,62,63,64,65,66,67,68,69,70,71,72,73,74,75,76,77,79,80,81,82,83,84,85,86,87,89,90,91,92,93,94,96,97,98,103,106,108,109,110,113,114,115,116,117,122,123,125,127,129,131,133,135,136,137,138,139,140,141,145,146,149,150,151,152,153,154,155,157,158,159,160,173,181,185,186,190,194,195,196,199,201,206,207,209,214,217,219,222,223,227,228,233,235,236,237,241,242,243,247,248,250,254,256,259,260,267,275,279,284,291,300,302,303,313,328,337,361,362,404,420,686
36,51,54,57,58,59,62,63,64,65,66,67,68,69,70,71,72,73,75,76,77,79,80,81,82,83,84,85,86,87,88,90,91,92,93,94,95,96,97,98,99,101,102,103,104,105,106,107,108,109,110,111,112,113,114,115,116,117,118,120,121,122,125,130,132,133,134,136,138,139,140,142,143,152,153,154,155,160,164,165,166,169,170,171,172,176,177,179,182,185,186,188,190,193,197,198,199,204,206,207,209,210,213,216,217,218,219,220,221,223,229,232,234,235,237,242,243,246,247,248,249,251,259,260,261,269,290,298,320,329,333,663
37,10,15,19,50,52,53,58,59,61,62,63,64,65,66,67,68,69,70,71,72,73,74,75,76,77,78,79,80,81,82,83,84,88,89,90,91,93,94,96,97,98,100,101,102,104,106,108,109,111,112,113,114,115,118,119,120,121,122,123,124,125,126,127,128,129,130,131,132,133,135,136,138,139,140,141,142,143,148,154,155,156,157,158,160,161,162,163,164,166,167,170,172,174,175,176,177,179,180,185,187,188,189,190,192,193,197,198,201,202,203,208,209,210,214,216,218,219,220,221,223,225,228,229,230,231,233,236,238,239,242,245,247,248,250,252,259,263,265,267,273,277,279,280,285,286,287,299,303,305,306,322,329,377
38,9,30,57,58,59,60,61,65,66,67,68,69,70,71,72,73,74,75,76,78,79,80,81,83,85,86,87,89,90,93,94,95,97,102,107,108,109,110,112,113,114,116,117,118,120,121,122,123,124,125,126,127,128,129,130,131,134,135,136,137,139,141,145,146,150,156,158,159,160,161,162,168,170,171,173,174,177,179,180,182,183,185,186,187,189,190,194,197,198,202,206,207,208,216,217,221,224,231,247,249,252,256,257,266,269,278,286,299,309,318,342,362,416
39,6,30,47,55,56,60,61,62,63,64,65,66,67,68,70,71,72,74,75,76,81,82,85,86,87,88,91,92,93,95,98,99,100,101,102,105,106,109,110,111,112,113,116,117,118,119,120,121,122,123,124,125,126,128,129,131,132,135,136,139,143,144,145,146,147,148,149,150,152,153,154,157,159,162,163,164,166,167,168,169,172,173,176,177,178,179,180,181,185,193,196,198,203,204,205,210,215,220,227,229,231,234,239,243,244,246,248,252,256,259,260,262,267,271,272,273,277,279,284,290,297,301,310,311,313,321,340,346,353,377,446,466,634
40,48,54,58,61,62,63,65,66,68,69,71,72,73,74,75,77,78,81,82,84,85,86,88,89,90,91,94,96,98,99,101,105,106,107,109,110,111,112,113,118,119,120,122,123,133,134,135,142,144,147,148,153,154,155,158,166,167,172,175,186,193,194,196,197,198,199,200,202,203,206,207,209,212,216,218,219,222,225,228,229,233,252,255,261,263,285,288,291,292,298,308,314,423,462,524,542,687
41,53,55,56,57,61,62,64,67,68,70,71,73,74,75,76,77,78,79,83,85,86,87,89,90,92,93,94,95,97,98,100,103,104,106,108,109,112,113,121,122,124,126,128,133,136,138,139,140,143,146,151,158,159,160,165,167,168,170,171,172,176,178,180,183,184,187,189,190,192,194,196,197,199,202,203,205,206,211,217,218,225,239,255,259,261,262,266,270,280,284,291,299,310,326,332,360,376,610
42,58,61,65,66,67,69,71,72,74,75,76,77,78,79,80,81,82,84,85,87,88,90,92,93,95,96,99,100,101,103,104,105,106,111,112,116,117,124,127,130,133,136,137,139,145,146,147,150,152,153,154,159,163,168,171,173,174,177,178,179,182,184,186,187,189,194,196,208,210,212,217,219,220,223,226,227,229,232,235,238,239,240,244,246,247,248,259,263,267,270,275,276,301,317,352,354,405,592
43,59,62,65,67,69,71,72,74,75,76,77,78,79,80,83,84,86,87,89,90,91,92,93,94,97,98,99,100,102,104,105,107,108,112,114,115,116,117,118,122,123,126,127,128,133,134,135,136,138,139,140,141,143,144,145,157,159,161,165,174,176,177,180,182,183,184,186,187,189,194,195,199,200,201,202,216,217,218,219,224,227,238,244,252,281,285,298,316,318,334,389,439,525
44,64,72,74,76,77,78,79,82,83,84,85,86,87,88,89,91,92,93,94,95,96,97,99,100,101,102,103,104,105,106,107,109,111,112,113,114,115,116,119,120,121,122,124,126,128,129,133,134,135,136,137,138,139,143,152,153,155,157,158,162,163,166,167,168,174,177,178,188,189,194,202,204,207,209,212,218,220,221,229,237,261,265,268,279,288,292,294,297,324,334,601,621,655
45,6,55,59,60,65,71,72,73,75,76,77,78,79,81,83,84,85,87,88,89,90,91,95,97,98,100,101,103,104,106,107,109,110,111,112,113,114,116,117,118,119,121,122,123,124,125,126,127,128,129,130,131,132,133,135,136,137,138,140,141,142,143,145,146,148,151,152,153,155,156,158,163,166,172,175,177,180,182,187,193,196,205,216,220,227,240,250,260,272,277,278,284,297,306,316,361,458,482,512,528
46,37,42,70,80,85,86,90,92,101,102,103,106,111,115,119,122,123,124,125,127,128,129,130,131,132,133,134,135,136,137,138,139,141,142,143,144,145,147,151,152,174,182,183,184,205,218,236,243,259,263,354,387,400,625
47,15,85,122,162,202,216,269,330,432,496,530,542,639
48,210,266,419,431,554,654
49,458,467,563
50,151,560
51,309,385,395,432,492,669
52,43,56,61,303,545,665
53,619,651
54,62,130,134,240,578
55,136,675,683
56,42,227,369,554,633
57,18,61
58,
59,
60,
61,
62,
63,
64,
65,
66,
67,
68,
69,
70,
71,
72,
73,
74,
75,
76,
77,
78,
79,
80,
81,
82,
83,
84,
85,
86,
87,
88,
89,
90,
91,
92,
93,
94,
95,
96,
97,
98,
