7
0,123
1,37,221,247,522,630
2,191,333,522
3,64,132,213,245,367,396,549,585,617,651,656
4,4,102,293,569,570,584,686
5,144,341,373,470,473,582,595,597,599,602,603,605,622,624,634,644,652
6,85,263,397,443,465,548,569,612
7,332,538,557,578,596,597,609,623,630,633
8,27,73,87,123,138,144,297,387,578,584,606,615,620,627,634,637,671
9,75,76,78,79,80,81,82,84,86,89,90,91,92,94,96,98,100,101,103,104,106,113,114,118,122,123,129,132,133,137,141,156,216,220,281,344,375,490,519,523,553
10,71,77,79,80,81,82,83,84,85,86,87,89,90,91,92,93,94,96,97,98,100,101,102,103,104,105,106,108,109,110,111,112,116,117,118,119,120,121,122,123,124,125,127,128,129,130,132,133,134,135,136,137,138,139,140,142,143,145,146,148,149,150,151,152,153,154,155,156,157,158,159,160,161,162,163,164,165,166,167,168,169,170,171,172,173,174,175,176,177,178,179,181,182,183,184,185,187,188,190,191,192,193,195,197,198,199,200,201,202,203,205,206,207,209,211,212,213,214,215,216,217,219,220,221,222,223,224,225,226,227,228,229,230,231,232,234,236,237,239,240,242,244,245,246,256,317,389,480,483,529,549
11,53,76,77,79,80,81,82,83,84,85,86,88,89,90,91,92,93,94,95,96,97,98,99,100,101,104,105,106,107,108,109,110,111,112,114,115,116,117,118,119,120,121,123,124,125,127,128,129,130,132,141,142,147,148,161,164,166,167,168,170,171,172,173,174,175,176,177,178,180,181,182,183,184,185,186,187,188,189,190,191,192,193,194,195,196,197,198,199,200,201,202,203,204,205,206,207,208,209,210,211,212,214,215,216,217,218,219,220,221,222,223,224,225,226,227,228,229,230,231,232,234,235,237,238,239,240,241,242,243,245,246,247,248,249,250,251,252,253,255,256,257,258,259,260,261,262,263,264,265,266,267,268,269,270,271,272,273,275,276,277,278,279,280,281,282,283,285,287,288,289,291,292,294,295,297,298,299,302,303,305,308,313,315,318,322,325,326,348,350,358,365,371,426,589,590
12,34,45,78,79,80,83,84,85,86,87,88,89,91,92,96,98,100,101,102,103,106,107,108,109,112,116,117,118,119,120,122,123,124,125,128,130,131,133,138,139,141,145,146,148,150,153,158,159,163,164,165,168,169,170,172,173,174,175,176,177,178,179,181,182,183,184,185,186,187,194,195,196,198,199,202,204,206,207,208,214,216,218,219,221,226,227,228,229,230,231,232,233,234,235,236,238,239,241,243,244,246,247,248,249,250,252,253,254,256,257,258,259,260,261,262,263,264,265,266,268,269,271,273,274,275,277,280,281,282,284,285,286,287,294,295,297,298,299,300,303,304,310,311,318,322,323,337,338,347,366,373,379,387,414
13,40,71,78,80,82,84,85,86,87,89,91,93,94,95,96,97,98,99,100,101,102,103,104,105,106,107,108,110,111,112,114,115,116,117,118,121,122,123,125,126,127,128,129,130,139,140,142,143,144,145,149,152,154,156,170,177,178,181,186,189,191,193,197,198,202,204,205,216,220,221,222,223,224,226,227,228,229,230,231,232,233,234,235,236,239,240,241,242,243,244,245,246,247,248,249,250,251,253,254,255,256,257,258,259,261,262,263,264,265,266,267,268,269,270,271,272,273,274,275,276,277,278,279,280,282,283,284,285,286,287,288,289,290,291,292,293,294,296,297,298,299,300,302,303,304,305,306,307,308,309,312,313,314,316,317,319,321,322,324,325,327,328,329,330,331,334,335,336,337,339,340,341,343,345,348,351,355,357,362,371,372,374,376,391,392,399,408,419,483,574,600,657
14,63,74,76,78,80,81,82,83,84,85,88,89,90,91,92,93,94,95,96,98,99,100,101,102,103,104,105,106,109,110,112,114,115,116,117,118,119,121,123,125,126,128,130,131,133,134,135,136,137,138,139,143,144,145,146,148,149,150,152,155,156,157,158,160,162,165,166,172,174,175,181,184,186,189,191,195,202,207,208,209,214,216,217,218,220,221,223,226,227,228,229,230,231,233,234,235,238,239,240,241,242,243,244,245,246,247,248,249,250,251,252,253,254,255,256,257,258,260,261,262,263,265,267,268,269,270,272,273,274,275,276,277,278,279,280,281,283,284,285,286,287,289,290,291,292,293,294,295,296,297,298,299,300,301,303,304,305,306,307,308,311,312,313,314,315,316,317,318,319,321,322,323,324,325,327,328,330,331,332,333,334,337,338,341,342,343,345,346,347,349,351,354,357,360,363,364,365,367,369,370,372,373,374,375,377,378,379,381,385,386,387,390,393,395,396,397,400,402,403,412,413,414,418,424,425,429,433,436,442,443,447,448,455,464,509
15,74,75,78,79,81,82,83,84,85,87,88,89,90,91,92,93,94,95,96,97,98,99,100,101,102,103,105,106,107,109,110,111,112,113,114,115,116,117,118,119,120,123,125,126,127,128,129,131,133,135,137,140,143,145,146,150,151,152,153,154,162,166,169,170,171,172,175,177,180,181,182,183,186,189,190,193,197,199,202,203,205,211,213,214,220,221,222,223,225,229,230,231,232,234,235,236,238,239,240,243,244,246,247,248,249,253,254,256,257,262,263,264,265,266,267,268,269,270,271,272,274,278,281,283,285,286,287,289,290,292,294,295,296,298,299,300,302,303,304,306,308,311,314,316,317,318,319,320,321,323,324,326,327,330,336,339,340,343,347,348,351,356,357,359,360,363,366,368,369,370,371,373,375,376,379,381,383,385,386,389,390,392,394,396,397,398,399,400,404,405,408,409,411,413,419,420,425,428,429,433,435,443,444,448,453,456,465,509,544,673
16,6,75,77,78,83,86,87,88,89,91,92,94,96,98,99,100,101,108,109,111,112,113,114,116,120,121,122,123,130,131,132,133,135,136,139,141,144,145,148,150,151,154,159,162,164,167,168,171,175,177,178,181,186,187,189,192,193,195,197,201,204,208,211,214,215,216,218,219,220,221,225,227,229,230,231,235,236,238,242,243,245,246,247,249,250,252,253,255,256,257,258,260,261,263,264,265,266,267,268,269,270,271,272,273,274,275,276,277,279,280,281,282,283,284,286,287,289,290,292,294,295,296,297,301,303,304,305,309,310,311,314,318,320,321,324,330,332,334,335,342,343,344,351,352,354,356,357,358,360,361,366,369,370,371,374,375,380,382,384,386,393,403,406,418,421,423,430,436,437,443,450,481,694,697
17,12,80,81,82,83,87,88,90,91,92,93,94,95,96,97,98,100,101,103,105,106,107,108,109,112,115,118,120,122,123,124,125,131,140,141,142,144,147,149,158,161,164,167,169,171,173,184,185,193,195,196,198,210,211,219,223,225,226,230,233,234,241,246,250,251,256,257,258,260,261,264,265,267,269,270,271,273,274,275,276,280,281,282,285,287,288,292,293,294,295,296,297,299,302,303,306,307,308,313,314,316,318,319,323,326,329,334,336,352,361,364,365,375,379,380,382,383,387,390,391,397,400,403,407,412,414,416,421,423,427,450,459,468,477,483,499,511,515,566,567,695
18,83,84,85,86,88,89,92,94,96,97,98,99,100,101,102,104,105,106,107,108,109,111,112,114,115,117,118,119,120,122,123,124,125,126,128,130,131,132,135,136,137,138,139,140,141,142,143,144,146,148,153,154,157,160,161,165,166,167,172,174,175,182,183,184,186,192,194,195,196,199,200,202,205,207,210,213,215,216,220,224,227,231,232,234,236,237,238,243,244,245,247,250,251,254,255,257,258,266,267,268,269,271,272,273,274,277,279,280,283,284,288,289,290,291,292,293,295,297,298,299,302,303,304,311,314,315,316,317,319,320,321,323,326,331,332,337,342,343,346,350,354,361,362,363,366,368,370,374,375,376,377,381,383,385,387,388,391,394,396,399,401,406,407,408,409,413,419,422,424,426,429,431,438,439,441,445,447,461,462,465,503,519
19,34,76,83,85,86,88,89,91,93,95,96,98,100,101,102,103,104,105,106,107,108,109,112,113,114,115,118,119,120,122,123,124,127,131,132,134,135,137,139,140,142,143,144,145,146,147,149,155,158,159,160,162,171,174,176,178,179,184,185,189,190,193,197,202,204,205,206,210,214,217,226,228,229,230,231,233,235,237,238,239,240,242,244,245,246,247,248,249,251,252,253,254,255,256,257,258,259,261,263,264,265,266,267,271,272,273,274,275,276,277,278,279,280,281,282,283,286,287,288,289,292,293,296,297,298,299,300,301,303,304,305,306,307,312,314,316,318,319,320,322,323,324,328,334,335,337,339,343,347,348,349,350,352,354,356,360,363,366,368,369,370,373,374,378,381,383,384,385,388,389,410,415,423,429,433,451,457,462,471,480,481,555,688
20,76,80,87,89,90,91,93,94,95,96,97,98,99,100,102,103,104,105,106,107,109,111,112,113,116,119,121,122,123,125,127,128,131,132,133,134,135,137,138,140,141,142,143,144,145,147,148,149,150,151,152,158,159,162,163,169,171,176,178,180,182,183,184,185,193,196,197,199,200,205,206,209,213,215,218,219,222,230,237,238,239,240,241,247,249,250,251,253,254,255,260,262,263,264,265,266,268,269,270,271,272,273,275,276,277,278,279,280,282,283,284,285,288,289,291,292,294,296,299,303,304,306,310,311,317,318,319,323,326,327,328,329,330,331,333,335,342,346,348,350,351,354,356,358,361,364,365,366,370,371,374,376,377,378,379,380,381,384,386,387,389,392,395,396,400,403,405,410,411,422,429,430,431,435,446,451,454,455,460,469,472,476,662
21,83,84,85,88,90,91,92,95,96,97,99,101,102,103,104,105,106,107,110,111,112,113,114,117,119,121,122,125,127,128,129,130,131,133,134,135,136,137,140,144,145,146,147,149,153,154,158,159,160,161,162,165,166,167,168,169,183,185,186,187,188,189,190,192,195,196,198,200,202,204,205,207,209,212,216,219,227,229,233,234,235,238,239,242,243,244,245,249,251,255,256,258,259,262,264,265,267,270,272,273,274,275,278,281,282,284,288,289,293,294,295,296,298,299,300,301,303,304,305,307,310,311,312,314,316,320,321,322,323,327,328,329,330,332,335,336,337,338,342,344,345,347,351,354,356,359,360,363,364,366,369,370,371,373,375,378,379,381,383,388,390,392,395,397,398,404,406,410,412,414,415,420,421,426,433,446,450,462,487,492,499,502,561,682
22,1,92,93,96,97,98,99,100,101,102,103,104,106,107,108,109,110,111,112,113,114,115,116,117,119,120,122,124,125,126,127,130,131,132,133,135,137,141,143,144,145,146,148,149,150,152,154,156,158,159,160,162,163,164,167,172,176,185,187,189,190,192,193,198,200,202,203,204,208,210,211,217,220,228,229,230,233,235,238,240,245,246,247,248,249,252,254,255,256,258,259,260,261,263,265,267,268,270,273,274,275,277,279,280,281,282,283,284,285,288,289,290,291,292,293,294,295,296,297,302,304,306,311,313,318,321,322,324,327,328,329,334,336,337,342,345,346,347,349,350,352,353,355,357,358,359,362,364,365,366,369,371,373,374,375,376,377,380,381,385,386,389,393,394,395,397,398,399,400,401,403,404,405,410,411,418,421,430,452,453,459,463,469,503,523,672
23,88,92,93,94,96,97,98,99,100,101,103,104,105,106,107,108,109,110,112,114,115,116,117,118,119,120,121,123,124,125,127,129,130,131,133,135,136,137,138,139,140,141,142,143,144,146,148,150,152,154,158,159,160,163,166,170,172,176,180,184,186,188,189,190,191,192,193,195,197,199,201,204,205,206,208,209,210,212,215,218,219,224,229,232,236,237,239,242,244,250,251,252,253,254,256,260,261,263,266,267,269,271,272,273,274,275,278,279,280,282,283,284,287,291,292,293,296,298,299,301,303,304,305,306,307,308,309,311,313,318,319,320,321,322,326,329,330,331,333,336,337,338,339,342,343,344,345,347,350,356,357,358,359,361,364,366,374,375,376,387,389,391,392,393,394,398,403,409,414,415,416,417,420,421,425,428,431,457,458,462,468,471,495,567
24,83,93,94,95,99,100,101,102,103,104,105,107,109,110,111,113,115,116,117,118,119,120,122,123,126,127,128,129,130,131,132,135,136,141,142,143,144,145,147,151,152,153,155,156,158,159,160,161,164,167,169,171,174,176,179,187,188,190,193,194,196,197,198,200,202,204,207,209,210,211,212,215,216,217,218,219,220,221,223,229,231,232,236,243,245,246,247,248,250,254,256,257,258,259,260,261,264,265,268,269,272,273,274,275,276,280,283,285,286,287,288,289,292,293,295,297,298,299,300,301,304,312,313,314,315,316,323,324,327,329,333,339,344,347,349,350,352,353,354,357,365,367,372,373,375,377,378,379,381,384,386,387,389,391,399,402,405,406,411,419,428,429,431,433,434,436,446,465,468,470,487,492,501,514,528,533,541
25,85,90,92,97,98,99,103,104,106,107,109,110,111,112,113,114,115,116,117,119,120,121,122,123,124,126,129,130,131,132,135,136,138,139,140,144,146,147,151,153,156,162,164,168,169,170,177,180,182,186,188,189,190,193,194,195,198,200,201,203,206,208,210,211,213,217,219,220,226,227,234,235,237,238,242,244,246,248,251,255,257,258,259,260,261,265,266,273,275,276,277,279,280,285,286,287,289,290,291,293,294,295,296,298,300,301,302,303,304,305,307,310,312,314,315,316,317,318,319,320,321,325,327,331,332,334,337,339,343,347,350,352,353,354,356,357,358,359,360,365,367,368,370,371,372,374,379,381,383,388,406,407,408,409,411,418,421,424,425,427,429,432,435,441,442,445,458,461,472,498,502,510,580
26,88,92,94,95,97,98,102,103,109,110,114,117,120,123,124,125,126,130,131,132,133,135,136,138,140,141,143,144,145,147,148,152,154,155,160,162,165,166,170,171,172,173,174,175,176,179,180,186,187,192,195,196,206,208,210,213,214,217,219,221,222,224,225,231,241,245,251,252,255,256,257,262,264,267,269,271,272,275,279,280,281,282,285,289,290,295,298,299,300,301,304,307,309,313,314,317,319,320,324,326,327,331,332,333,334,340,343,344,346,348,350,351,354,356,360,363,364,366,371,379,381,383,385,386,389,390,393,396,397,402,405,408,411,412,415,426,427,430,452,463,467,468,469,480,496,529,556
27,30,87,89,90,93,97,99,100,102,103,106,109,110,113,114,115,118,119,122,126,127,130,132,136,138,139,142,144,145,146,147,148,149,150,153,154,157,162,167,169,171,175,176,182,189,190,191,192,199,202,215,218,219,224,243,250,251,254,259,261,263,272,283,287,297,305,329,341,426,427
28,82,88,90,95,97,98,99,105,107,108,109,114,117,120,122,124,127,131,134,135,143,144,151,158,160,163,167,172,177,206,220,288,363,487,523,565,656
29,79,84,89,94,99,101,102,105,106,107,108,109,111,117,118,119,121,122,123,124,126,128,129,131,132,135,136,137,140,145,148,153,154,157,158,159,202,595,697
30,93,94,103,104,106,107,108,109,110,111,112,113,115,117,118,120,121,122,127,128,129,131,133,135,136,137,138,139,140,142,144,146,148,150,152,154,155,156,157,158,159,160,161,163,165,169,171,172,183,189,209,481,521,579,589
31,92,95,99,100,105,106,107,108,109,110,111,112,114,116,119,120,121,122,123,124,126,127,130,131,132,133,134,136,137,139,141,142,143,145,146,148,149,151,152,154,155,156,159,161,163,165,166,170,175,176,180,214,216,231,234,252,552,685
32,78,89,94,97,100,103,104,106,107,109,110,111,113,114,115,116,117,118,119,120,121,122,123,124,125,126,127,128,131,132,133,135,136,137,138,139,140,142,143,145,150,151,153,154,155,156,159,160,162,164,171,172,178,182,185,190,197,202,206,221,226,231,233,237,267,272,332,513,640
33,25,108,109,110,111,112,113,116,119,120,121,122,124,126,128,129,133,135,137,139,140,141,142,143,144,147,148,149,150,151,153,154,155,157,158,159,160,161,162,163,164,166,167,169,170,172,175,177,178,179,183,189,192,193,195,210,212,213,221,239,269,288,362,486,531,641,654,688
34,78,104,112,113,114,115,116,117,119,120,121,122,123,124,125,126,127,128,129,130,131,132,133,135,137,138,139,140,142,143,144,145,146,147,148,149,150,151,153,154,155,156,157,161,162,164,165,166,167,169,170,172,173,174,175,176,177,179,183,186,189,192,196,199,201,202,204,205,207,210,212,215,217,219,220,221,223,224,225,228,229,242,244,250,252,254,255,258,262,263,264,265,266,267,276,278,282,283,288,303,304,314,320,327,328,389,554,653,697
35,52,84,101,102,108,110,111,114,115,116,117,118,119,120,122,123,124,125,126,127,128,129,131,133,134,137,138,139,141,142,145,146,147,149,150,151,152,155,156,157,159,160,161,162,163,166,169,170,171,173,174,175,176,178,179,180,181,182,183,184,185,188,191,192,193,199,205,207,213,214,215,224,225,234,238,239,241,242,249,252,253,254,255,259,263,265,267,268,271,272,273,274,275,277,278,279,280,283,284,285,289,290,291,293,294,295,296,297,299,301,302,306,308,311,312,313,314,319,324,326,329,331,333,334,342,347,349,355,371,376,396,409,417,508,509
36,112,113,114,117,119,120,121,122,123,124,125,126,127,128,129,130,131,132,134,135,136,137,139,140,141,143,144,145,147,149,150,152,153,155,156,158,159,162,163,164,165,167,168,169,171,172,177,178,179,180,182,183,189,192,193,194,197,200,202,204,206,207,210,216,217,219,221,223,229,230,234,247,259,261,262,263,264,265,267,268,270,272,274,276,277,279,280,283,286,291,292,295,297,298,300,301,302,303,306,310,314,316,317,318,328,330,331,336,337,339,341,343,345,351,355,356,357,359,360,361,362,364,368,373,375,376,380,384,387,389,396,400,410,448,495,503,687
37,104,107,108,109,113,115,116,117,118,119,120,121,122,124,126,127,128,129,131,134,135,136,137,138,141,144,145,146,147,148,149,150,151,153,155,156,158,159,160,161,162,164,165,166,168,169,170,171,172,174,176,178,179,180,181,183,184,186,191,192,194,195,198,203,207,210,211,213,216,227,232,235,249,250,257,260,269,275,282,283,284,286,288,291,292,294,297,303,306,307,309,312,313,315,316,317,328,334,335,340,347,348,353,354,355,357,363,366,368,371,390,393,394,410,432,455,566
38,111,112,113,115,117,118,120,121,123,124,125,126,127,128,129,130,132,133,134,135,137,138,139,140,141,143,145,147,148,149,150,151,152,154,155,156,157,158,159,160,161,162,163,164,165,166,169,171,173,174,181,182,185,191,192,195,196,201,211,219,220,228,229,244,259,260,261,266,269,275,282,283,284,285,294,308,310,312,314,316,318,322,323,325,335,336,337,351,357,362,367,372,385,396,419,429,470
39,14,106,113,115,119,120,121,122,124,125,126,127,128,129,130,132,133,134,135,136,137,138,140,142,143,144,145,147,149,150,151,152,154,155,156,158,159,161,162,164,168,169,170,172,173,174,179,180,181,182,184,185,186,187,191,192,194,195,198,203,204,208,210,211,214,217,220,242,259,260,265,271,287,288,291,298,301,304,309,313,320,325,328,334,337,344,358,369,411
40,3,4,20,105,108,109,111,112,113,114,115,116,117,121,122,124,125,126,127,128,131,132,133,134,135,137,139,140,141,142,143,145,146,147,148,149,150,151,153,154,155,157,158,159,161,162,163,165,168,169,171,172,173,176,177,178,179,180,181,184,189,190,192,193,194,196,210,211,215,241,248,259,260,269,280,291,295,298,305,312,323,326,339,342,350,360,363,376,383,416,419,427,497
41,34,96,104,105,108,109,110,114,115,116,117,118,119,121,123,124,125,127,128,129,130,132,133,134,136,139,140,144,146,147,148,149,150,152,153,154,155,156,162,164,165,166,167,169,170,171,172,173,174,175,177,179,182,185,191,196,202,204,205,206,209,212,213,215,225,226,231,232,234,235,242,250,265,268,276,278,280,285,288,290,292,295,311,313,328,329,335,339,344,345,368,376,394,415,491,631
42,107,111,112,114,115,116,117,118,120,121,122,123,124,125,126,127,128,129,130,131,133,134,135,136,137,138,140,141,142,143,144,146,147,148,149,151,152,153,156,157,158,161,162,165,166,167,168,172,173,175,178,181,189,192,193,194,195,197,200,201,204,207,211,224,242,243,300,330,464,475
43,46,108,117,118,119,127,129,130,131,133,134,135,136,137,138,139,140,141,142,143,145,146,147,148,149,150,151,152,153,154,155,156,157,158,159,161,162,163,164,165,167,168,169,170,171,172,178,180,182,184,185,187,188,189,190,191,192,193,195,196,198,200,202,205,206,209,214,222,223,224,225,244,246,308,504
44,113,118,119,120,121,123,124,127,128,129,130,131,132,133,134,135,136,137,138,139,140,141,143,144,145,147,148,149,150,151,152,154,156,157,158,159,160,161,162,164,165,166,167,169,171,172,173,176,182,185,186,188,189,190,191,196,198,199,200,201,202,204,205,207,208,217,219,221,229,232,238,239,249,251,258,272,275,447
45,84,110,112,116,117,120,121,122,124,125,126,127,128,129,130,132,133,137,138,139,141,143,145,146,150,151,152,153,155,157,158,161,162,163,164,165,166,167,168,169,170,171,173,174,175,177,178,179,181,186,189,190,191,192,193,194,196,198,199,201,202,204,205,212,213,217,218,220,232,233,247,248,252,317,344,553,697
46,69,94,105,110,111,114,117,118,119,120,121,122,123,124,125,127,128,129,130,132,133,134,135,136,139,141,142,143,144,147,148,150,151,152,153,154,155,158,160,162,163,165,166,168,172,173,174,176,177,178,179,182,184,186,187,188,193,194,195,200,202,203,204,208,209,211,214,216,217,222,223,224,255,280,299,334,575,631,656
47,98,104,115,117,119,120,121,124,125,127,129,131,132,133,135,137,138,140,142,143,144,148,149,151,152,154,155,156,157,158,162,163,164,166,167,170,172,173,174,176,177,178,179,180,181,182,185,186,193,202,207,211,212,213,218,229,241,247,252,258,259,272,310,427,624
48,25,109,120,121,122,124,125,126,131,132,136,137,140,141,143,145,146,147,148,150,151,153,158,163,165,166,167,168,169,170,171,174,175,177,178,180,181,182,184,185,186,188,189,194,195,196,198,202,205,206,207,208,210,211,215,219,225,234,237,238,258,394,499
49,109,113,122,125,126,130,132,133,135,136,141,145,149,150,154,155,156,157,159,160,169,172,173,175,176,179,181,184,185,186,187,188,190,192,196,197,199,202,203,205,206,207,209,213,215,218,263,285
50,13,117,123,125,131,133,135,137,138,141,142,143,144,145,146,147,150,152,154,157,160,163,169,174,175,176,177,180,182,183,187,195,196,199,200,201,204,208,212,225,229,267,648
51,37,47,118,119,125,130,132,134,136,137,139,141,143,148,149,150,151,156,157,158,159,160,161,163,165,170,178,180,181,184,186,187,199,207,208,210,212,213,219,231,249,402,570,624
52,119,122,126,127,128,130,131,132,134,137,138,141,142,144,147,149,151,153,154,155,157,158,160,163,165,166,168,172,177,180,186,189,190,191,194,195,196,197,200,203,204,207,218,226,234,239,338
53,9,14,64,94,124,127,130,131,133,135,136,141,142,145,150,151,152,159,161,162,163,167,168,170,180,183,184,187,202,207,210,211,225,243,249,665
54,121,122,124,131,135,136,138,141,145,146,147,148,150,155,157,159,164,165,170,173,175,177,181,184,188,190,191,203,204,209,221,227,261,294,306,492,599
55,80,121,133,138,139,141,146,154,156,162,163,165,169,172,173,183,187,188,194,196,203,489,672
56,75,121,132,145,148,151,154,158,162,164,171,184,188,207,218,236,265,294,298,328,350,385,506,508,541,571,578,627,639
57,9,133,134,145,153,157,169,211,242,413,440
58,105,205,217,522,531,656,680
59,50,112,303,618
60,39,520,551,594,689
61,2,21,38,119
62,18,62,75,596,689
63,34,45,285
64,35,389,408,446,644
65,533
66,8,208,633
67,
68,
69,
70,
71,
72,
73,
74,
75,
76,
77,
78,
79,
80,
81,
82,
83,
84,
85,
86,
87,
88,
89,
90,
91,
92,
93,
94,
95,
96,
97,
98,
