14
0,584
1,14,58,95,245,270,299,386,401
2,25,123,148,224,228,238,362,406,471,495
3,48,297,394,422,551,590
4,224,554
5,144,176,408,482
6,10,362,544,686
7,22,42,213,334,423,447,452,561,669
8,59,201,553,560,611,632
9,108,309,346,373,575,685
10,65,91,216,356,412,477
11,152,176,189,374
12,228,279,490,687
13,20,61,210,256
14,119,161,179,182,204,258,377,406,450,490,506,649
15,120,181,293,543,598
16,107,248,459,490,530
17,36,51,82,97,112,176,310,338,404,439,478,615
18,14,30,224,269,291,329,334,443,462,471,483,522
19,127,179,254,437,456,472,495,550
20,215,304,358,381,442,482,513,599,645
21,62,169,345,550,631
22,40,43,45,241,481,670
23,25,27,28,29,30,32,33,34,35,39,40,42,43,44,45,47,48,49,50,51,52,55,60,61,68,70,80,82,90,177,186,260,427,435,438,439,445,455
24,27,30,32,33,34,35,36,37,38,39,40,41,43,44,45,46,47,48,49,50,51,52,53,54,55,56,57,58,59,60,61,62,63,64,65,66,67,68,69,70,71,72,73,74,75,76,77,78,80,82,84,86,87,88,89,90,91,92,93,94,97,99,101,103,124,128,130,131,132,138,156,157,188,218,344,352,441,580
25,30,31,33,34,35,36,37,38,39,40,41,42,43,44,45,46,47,48,49,50,51,52,53,54,55,56,57,58,59,60,61,62,63,64,65,66,67,68,69,71,72,73,74,75,76,77,78,79,80,81,82,83,84,85,86,87,88,89,90,91,92,93,94,95,96,97,98,99,100,102,103,104,106,107,108,109,110,111,112,113,114,115,116,117,118,119,120,121,122,126,127,128,129,130,131,132,133,134,135,136,137,138,139,140,141,142,143,144,145,146,148,149,151,152,153,154,155,156,159,161,163,165,169,175,196,201,210,680,681,691,697
26,24,25,26,27,28,29,30,32,33,34,35,36,37,38,39,42,43,44,45,46,47,48,49,50,51,52,53,54,55,56,57,58,59,60,61,62,63,64,65,66,67,68,69,70,71,72,73,74,75,76,77,78,79,80,81,82,83,84,86,87,88,89,90,91,92,93,94,95,97,100,101,102,103,107,108,111,112,113,116,117,119,120,122,123,124,125,126,127,128,129,130,131,132,133,134,135,136,137,138,139,140,141,142,143,144,145,146,147,148,149,150,151,152,153,154,155,156,157,158,159,160,161,162,163,164,165,166,167,168,169,170,171,172,173,174,175,176,177,178,179,180,181,182,183,184,185,186,187,188,189,190,191,192,193,194,195,196,197,198,199,200,201,202,203,204,205,206,207,208,209,210,211,212,213,214,215,216,217,218,219,220,221,222,223,224,225,226,227,228,229,230,232,233,234,235,236,237,238,239,240,241,243,244,245,247,249,250,251,252,257,260,280,294,352,426,488,546,685
27,21,22,24,26,27,28,29,30,31,32,33,34,35,36,37,38,39,40,41,42,43,44,45,46,47,48,49,50,51,52,53,54,55,56,57,58,59,60,62,63,64,65,66,67,68,69,71,72,73,74,75,77,78,79,80,81,82,83,84,85,86,87,88,89,90,91,92,93,94,95,96,97,98,99,100,101,102,103,104,105,106,107,108,109,110,111,112,113,114,115,116,117,118,119,120,121,122,123,124,125,126,127,128,129,130,131,132,133,134,135,136,137,138,139,140,141,142,143,144,145,146,147,148,149,150,151,152,153,154,155,156,157,158,159,160,161,162,163,164,165,166,167,168,169,170,171,172,173,174,175,176,177,178,179,180,181,182,183,184,185,186,187,188,189,190,191,192,193,194,195,196,197,198,199,200,201,202,203,204,205,206,207,208,209,211,212,213,215,216,217,218,219,220,221,222,224,225,226,227,228,229,230,233,234,235,237,238,239,241,243,244,245,246,247,248,251,255,256,257,258,259,263,264,265,266,268,270,271,274,275,276,277,279,280,281,284,285,288,291,292,293,294,296,300,305,308,314,315,324,350,385,407,438,452,456,465,489,496
28,20,22,23,24,25,26,27,28,29,30,31,32,33,34,35,36,37,38,39,40,41,42,43,44,45,46,47,48,49,50,51,52,53,54,55,56,57,58,59,60,61,62,63,64,65,66,67,68,69,70,71,72,73,74,75,76,77,78,79,80,81,82,83,84,85,86,87,88,89,90,91,92,93,94,95,96,97,98,99,100,101,102,103,104,105,107,108,110,114,116,117,118,119,121,122,123,124,125,126,127,128,129,130,131,132,133,134,135,136,137,138,139,140,141,142,143,144,145,146,147,148,149,150,151,152,153,154,155,156,157,158,159,160,161,162,163,164,165,166,167,168,169,170,171,172,173,174,175,176,177,178,179,180,181,182,183,184,185,186,187,188,190,191,192,193,194,195,196,197,198,199,200,201,202,203,204,205,206,207,208,209,210,211,212,213,214,215,216,217,218,219,220,221,222,223,224,226,228,230,231,233,234,235,237,238,239,241,242,243,245,246,248,250,251,252,253,256,257,258,260,261,262,270,272,275,276,280,282,283,286,289,291,292,294,295,298,304,305,308,311,316,317,326,338,380,428,439,442,443,445,448,459,462,464,478,482,483,487,503,508,520,541,696
29,21,22,23,24,25,26,27,28,29,30,31,32,33,34,35,36,37,38,39,40,41,42,43,44,45,46,47,48,49,50,51,52,53,54,55,56,57,58,59,60,61,62,63,64,65,66,67,68,69,70,72,73,75,76,77,78,79,80,81,82,83,84,85,86,87,88,89,90,91,92,93,94,95,96,98,99,100,101,102,103,104,106,107,108,109,110,111,112,113,114,116,117,118,119,120,121,122,123,124,125,126,127,128,129,130,131,132,133,134,135,136,137,138,139,140,141,142,143,144,145,146,147,148,149,150,151,152,153,154,155,156,157,158,159,160,161,162,163,164,165,166,167,168,169,171,173,174,175,177,178,179,180,181,182,183,184,186,187,188,189,190,191,192,193,194,196,197,198,199,200,201,203,204,205,206,207,208,210,213,215,216,217,219,220,221,223,224,225,227,228,229,230,231,232,234,236,237,238,240,241,243,245,246,248,249,251,253,254,255,256,257,258,261,263,264,266,267,268,271,273,274,275,276,279,280,284,285,286,296,298,300,309,311,314,319,320,323,330,336,346,347,351,358,365,372,374,387,406,415,421,428,435,450,451,468,473,476
30,22,23,24,25,26,27,28,29,30,31,32,33,34,35,36,37,38,39,40,41,42,43,44,45,46,47,48,49,50,51,52,53,54,55,56,57,58,59,60,61,62,63,64,66,67,68,69,70,71,72,74,76,77,79,80,81,83,84,85,87,88,89,90,91,92,93,96,97,100,101,102,103,105,107,108,110,111,112,114,115,116,117,118,119,120,121,122,123,125,126,127,128,129,130,131,132,133,134,135,136,137,138,139,140,141,142,143,144,145,146,147,148,149,150,151,152,153,154,155,156,157,158,159,160,161,162,163,164,165,166,167,168,169,170,171,172,173,174,175,176,177,178,179,180,181,182,183,184,186,188,189,190,191,192,193,194,195,196,197,198,199,200,201,202,204,205,208,209,210,211,212,214,215,216,217,218,219,220,221,222,223,225,226,229,232,236,239,240,241,248,250,252,253,254,255,259,260,262,272,276,281,287,289,292,298,303,304,305,312,329,331,332,340,400,447,448,460,470,498,502,517,679
31,16,19,21,22,26,27,28,29,30,31,32,33,34,35,36,37,38,39,40,41,42,43,44,45,46,47,48,49,50,51,52,53,54,55,56,57,58,59,60,62,63,64,65,66,67,68,69,71,72,73,74,75,76,78,79,80,81,82,83,84,85,86,87,88,89,91,92,93,94,95,96,97,99,101,102,104,106,108,109,110,111,112,113,114,115,116,117,118,119,120,121,122,123,124,125,126,127,128,130,131,132,133,135,136,137,138,139,140,141,142,143,144,145,146,147,148,149,150,152,153,154,155,157,160,163,164,165,166,167,168,169,171,173,175,176,177,178,179,180,182,183,184,185,186,187,190,191,192,193,195,196,197,198,199,201,202,203,205,206,207,208,209,210,212,213,214,216,217,218,219,220,221,223,224,225,226,227,228,229,231,232,233,234,235,236,237,239,241,243,244,245,246,248,249,250,252,254,255,256,257,258,261,262,265,266,267,268,271,276,277,278,279,280,283,284,286,288,291,295,302,306,308,309,312,315,316,323,329,333,340,343,349,350,353,372,442,463,477,508,532,661,673
32,22,25,26,28,30,31,33,34,35,36,37,38,39,40,41,42,43,44,45,46,47,48,49,50,51,52,53,54,55,56,57,58,59,60,61,62,63,64,66,68,69,70,71,72,73,74,76,78,79,80,83,84,85,86,87,88,89,90,91,94,95,96,98,99,100,101,102,103,104,106,107,108,109,110,112,113,114,115,117,118,119,120,121,122,123,124,125,126,127,128,129,130,131,132,133,134,136,137,140,141,142,143,144,146,147,148,149,150,151,152,153,154,155,157,158,159,160,161,162,164,165,166,167,169,170,171,172,173,175,176,177,179,180,181,182,183,184,186,187,188,189,191,192,193,196,197,198,199,203,204,205,208,209,211,214,215,216,217,221,222,223,226,227,229,230,232,233,235,238,239,240,243,244,246,247,248,249,251,254,258,260,261,264,265,270,271,273,274,276,278,283,285,286,288,289,290,294,295,297,303,313,320,330,335,353,354,367,409,414,419,448,459,478,524
33,20,22,24,25,27,28,29,30,31,32,33,34,35,36,37,38,39,40,41,42,43,45,46,47,48,50,51,52,53,54,55,56,57,59,60,61,62,63,64,65,66,67,69,70,71,72,73,74,75,76,77,78,79,80,81,82,83,86,87,88,89,90,91,93,94,96,97,98,101,102,104,106,109,110,111,112,113,114,115,116,117,118,119,120,121,122,123,124,126,127,128,129,130,131,132,134,136,137,139,140,141,142,144,145,146,147,148,149,151,152,153,154,155,156,157,158,160,161,162,163,164,165,166,167,168,169,170,171,172,173,174,176,177,178,179,180,181,182,183,184,185,186,187,188,189,190,191,193,194,195,196,197,198,199,201,202,203,204,205,206,208,210,212,215,216,217,220,222,224,225,226,227,228,230,231,232,233,235,237,239,245,248,254,255,257,258,261,262,263,268,271,272,274,278,279,287,288,289,293,296,297,298,302,305,324,356,377,378,396,416,431,463,470,552,577
34,1,16,19,21,22,23,24,26,27,28,29,30,31,32,33,34,35,36,39,41,42,43,44,45,46,47,48,49,50,51,52,53,54,55,56,58,60,61,62,63,64,65,66,67,68,69,70,71,72,74,75,76,77,78,79,80,81,82,83,84,85,86,87,88,89,90,91,92,93,94,96,97,100,101,102,103,104,105,106,108,110,112,113,114,115,116,117,118,119,120,121,122,123,124,125,126,128,129,130,131,132,133,134,135,136,137,138,139,140,142,144,146,147,149,150,151,152,153,154,155,156,157,159,160,162,163,164,165,167,169,170,176,177,178,179,180,181,182,183,185,186,187,189,190,192,196,199,200,201,204,205,206,207,208,209,210,211,212,215,218,219,220,221,222,225,227,228,229,230,231,232,233,235,236,237,238,240,242,248,249,250,252,253,255,256,257,258,260,263,264,266,271,275,280,284,285,292,296,299,302,303,306,312,315,317,319,320,323,343,360,367,370,379,404,441,452,470,493
35,22,23,24,25,27,31,32,33,34,35,36,37,38,39,40,41,42,43,44,45,46,47,48,49,50,52,53,54,55,56,57,58,59,60,62,63,64,66,67,69,70,71,72,73,74,75,76,77,78,79,80,81,82,83,84,85,86,87,88,89,90,91,92,94,95,97,98,100,102,107,108,111,112,116,118,119,121,122,123,124,125,126,127,128,129,130,132,133,134,135,136,137,138,139,140,141,142,143,144,145,146,147,148,149,150,151,152,153,155,156,157,159,160,161,162,163,164,165,166,167,168,169,171,172,173,174,175,176,179,180,181,182,184,185,186,188,189,190,191,192,193,194,195,196,197,199,202,204,206,207,208,209,211,212,213,214,215,216,217,218,219,220,221,223,224,225,226,229,233,234,236,239,245,246,248,251,252,253,254,255,256,257,258,261,262,263,264,267,270,272,273,274,275,279,280,285,287,288,299,305,309,310,313,316,317,321,328,367,376,395,437,465,466
36,23,27,28,30,31,32,33,37,39,40,41,43,44,45,46,47,48,49,50,51,52,53,54,55,56,57,58,59,60,61,62,63,64,65,66,67,68,69,70,72,73,74,76,77,78,81,82,83,84,85,86,88,89,90,91,92,93,94,95,96,99,100,102,103,105,107,108,110,111,112,113,114,116,117,118,119,120,121,122,123,124,125,126,127,128,130,131,132,133,134,135,136,137,139,140,141,142,143,144,145,146,147,149,150,151,152,153,154,156,157,158,159,160,162,164,166,167,168,170,171,172,173,174,175,176,177,178,179,180,181,182,183,184,185,186,187,188,189,191,192,193,194,196,197,198,199,200,201,203,204,205,207,209,211,212,213,214,215,217,218,219,220,221,222,223,224,225,226,227,228,232,233,235,236,237,238,239,240,241,242,243,244,245,246,248,250,252,253,255,256,257,258,260,261,263,265,267,275,276,280,283,293,295,298,300,301,302,307,311,315,325,330,335,350,351,357,362,364,377,379,412,437,451,454,476,488,497,507
37,22,26,27,28,32,33,34,35,36,37,38,40,41,42,43,44,45,46,47,48,49,51,52,53,54,55,56,58,60,61,62,63,64,65,66,68,70,71,74,75,77,78,79,80,81,82,84,85,86,87,88,89,90,91,92,93,94,95,96,97,98,99,101,102,103,106,107,108,110,111,113,114,115,116,117,120,121,122,123,129,130,131,132,133,134,136,137,138,139,141,143,144,145,146,147,148,151,152,153,155,157,158,159,160,161,162,163,164,165,166,167,169,170,172,174,175,176,177,179,182,183,184,185,187,188,189,190,191,192,193,194,195,197,198,199,200,201,202,203,204,205,207,209,211,212,213,216,217,218,219,220,221,223,224,227,228,230,231,232,233,236,237,238,240,242,243,244,245,248,249,250,253,255,256,257,258,260,261,262,263,264,265,267,268,269,271,272,273,274,275,277,278,280,281,282,283,286,289,290,292,294,295,301,302,304,307,308,309,314,318,321,324,326,328,331,333,334,336,338,339,341,342,343,344,345,347,356,359,362,367,369,370,371,373,383,400,402,414,444,446,451,464,465,496,550,630,647
38,17,18,31,32,35,36,37,38,39,41,42,43,44,45,46,47,48,49,50,51,52,53,54,55,56,57,58,60,61,62,63,64,65,66,67,68,69,70,72,73,74,75,76,77,78,79,81,82,83,84,85,88,90,91,92,93,94,95,97,98,100,101,105,106,107,108,110,117,118,120,122,123,125,126,127,129,131,132,133,134,135,136,137,139,140,141,142,143,144,145,146,148,149,150,151,152,153,154,156,157,158,159,160,161,162,163,164,165,166,167,169,171,173,174,175,177,178,179,180,181,182,183,185,186,188,189,191,192,193,194,196,200,201,203,204,208,209,210,213,214,216,217,218,219,220,221,223,224,227,228,229,230,231,233,234,236,237,238,239,240,242,244,245,246,247,248,249,250,251,252,253,254,255,257,258,259,260,261,262,264,265,266,268,269,270,272,273,274,275,276,277,279,280,281,282,287,290,291,292,294,297,298,300,308,309,316,321,325,328,334,336,338,339,340,346,347,348,353,355,358,362,364,372,374,375,378,385,398,399,406,421,434,460,520,532,536
39,16,18,30,32,33,34,35,36,37,38,39,40,44,46,47,48,49,50,51,52,53,54,56,58,59,60,61,62,63,64,65,66,67,68,69,70,71,72,73,74,75,76,77,78,79,80,81,82,83,84,85,86,87,88,89,91,93,94,95,96,97,98,102,103,104,106,107,108,109,110,112,115,122,123,124,127,129,130,131,132,134,135,137,138,139,140,141,142,144,145,146,148,149,151,153,155,156,157,159,160,162,164,165,166,169,170,173,174,178,180,181,182,183,184,185,187,188,189,191,192,193,194,195,196,197,198,200,201,202,203,205,207,208,209,210,211,212,213,214,215,217,218,219,220,221,222,223,226,227,228,229,230,231,233,235,236,237,238,239,240,241,242,244,246,247,249,250,251,252,253,254,256,257,262,264,265,266,267,271,272,273,274,275,276,277,278,279,280,281,282,285,289,290,291,292,294,295,296,298,300,302,303,304,305,307,308,311,314,315,316,320,322,328,329,331,332,342,353,357,359,363,372,374,389,400,407,426,427,433,437,442,448,457,460,461,463,465,467,468,473,481,483,487,503,526,530,588
40,31,32,35,36,37,38,39,40,41,42,43,44,45,46,47,48,49,50,51,52,54,55,56,57,60,61,63,64,65,66,67,68,69,70,71,72,73,75,77,78,79,80,81,82,83,87,88,89,90,93,95,96,98,99,100,102,104,105,106,107,108,109,110,112,114,117,121,125,127,128,129,131,132,133,134,136,138,139,140,141,142,143,144,145,146,147,148,149,150,152,154,155,156,158,159,160,161,162,163,164,165,166,167,168,169,170,173,174,175,176,177,178,180,181,183,184,186,187,188,190,191,192,193,194,195,197,198,199,200,201,202,205,206,207,210,211,213,215,216,217,218,219,220,222,225,226,227,228,229,231,232,233,234,235,236,237,239,241,242,244,245,246,247,248,250,251,255,257,258,259,260,261,262,263,266,267,269,271,272,273,274,275,276,278,281,283,285,287,288,289,293,294,295,299,300,301,304,307,310,311,314,316,322,323,328,331,332,334,336,337,338,341,349,359,362,370,376,377,384,391,396,409,416,434,463,467,471,481,482,603,645,657
41,29,30,34,35,36,38,39,40,42,43,45,46,48,49,50,51,52,53,54,57,58,59,60,61,62,63,64,65,66,67,68,69,70,72,73,74,75,76,78,79,80,81,82,83,84,85,86,89,90,91,92,93,94,95,96,98,99,100,101,102,103,104,105,107,108,112,113,116,120,123,126,130,131,133,134,135,139,140,143,146,147,150,152,153,154,157,161,162,163,164,167,169,175,176,180,181,182,183,184,185,186,187,188,189,190,191,192,193,194,197,198,199,200,201,202,203,204,205,206,207,209,210,211,212,213,215,216,217,218,220,221,222,223,225,228,230,231,232,234,235,236,237,238,239,240,242,243,244,245,246,247,248,249,250,251,252,254,255,256,257,258,259,260,261,262,263,264,266,268,269,270,272,273,275,276,277,278,279,280,281,282,283,284,286,287,288,289,290,291,292,293,294,296,298,299,300,301,302,303,304,307,309,310,311,313,314,322,324,327,329,332,339,343,348,351,354,355,356,362,363,368,371,373,376,377,378,379,380,382,386,389,391,392,393,394,397,399,402,403,406,409,411,414,415,417,419,425,426,427,428,429,431,433,435,436,451,461,501,532,622,639,676
42,26,29,31,33,35,36,37,38,39,40,41,42,43,44,45,46,47,48,49,50,51,52,53,54,56,57,58,59,60,61,64,65,67,68,69,70,72,73,74,78,80,81,82,83,84,85,87,88,89,90,92,93,94,96,97,98,99,100,101,102,103,104,105,106,107,108,109,110,112,113,115,117,121,125,126,127,128,131,132,133,142,148,153,156,157,158,159,162,163,165,166,170,171,173,174,175,176,177,178,179,180,181,182,183,185,186,189,192,194,195,196,197,198,199,200,201,204,205,206,207,208,209,212,213,215,216,217,218,219,220,221,222,224,225,226,227,228,229,232,233,235,237,238,239,241,242,243,244,245,246,247,249,250,251,255,256,257,259,260,262,263,264,265,267,268,269,272,273,275,276,277,278,279,280,281,282,283,284,286,287,288,289,291,292,293,294,295,296,297,298,300,301,302,303,304,306,307,308,309,310,314,315,316,317,318,319,321,322,323,324,325,326,327,330,331,332,333,334,339,341,342,344,345,346,348,349,350,354,355,356,358,359,361,363,364,366,367,368,369,370,372,374,376,379,380,381,382,383,387,388,391,395,396,398,400,405,407,408,410,411,412,413,414,416,417,419,421,424,425,427,428,430,431,432,433,435,438,439,441,443,446,448,450,452,453,455,456,457,458,460,461,462,465,466,468,469,470,471,472,474,477,480,481,483,484,485,486,487,488,490,494,499,501,502,505,507,527,538,560,564,584,646
43,19,22,28,32,34,36,37,38,41,43,44,47,48,49,50,52,53,54,55,56,57,58,59,60,61,62,63,64,65,66,68,70,71,72,73,75,76,77,78,79,80,81,82,83,85,86,87,88,89,91,93,94,96,98,102,103,106,107,108,110,112,113,118,122,123,125,127,128,129,130,131,137,143,146,150,153,154,155,156,157,165,166,177,180,181,182,184,185,186,187,189,193,194,196,197,201,203,204,205,206,207,209,210,211,213,214,215,216,217,218,223,224,225,226,227,228,229,230,231,232,233,234,236,237,238,239,241,242,243,244,245,246,248,249,250,251,252,253,254,255,256,257,258,259,260,261,262,263,264,265,266,267,268,270,271,272,273,274,275,276,277,278,279,280,281,282,283,284,285,286,287,289,290,291,292,293,296,298,299,300,301,302,304,305,306,308,309,310,312,313,314,318,320,322,324,326,327,328,330,331,333,334,337,340,341,344,345,346,347,349,350,354,355,358,359,360,362,363,365,369,370,372,373,374,375,379,380,381,383,387,394,403,404,409,410,417,419,425,426,428,429,431,433,436,439,441,446,447,449,450,452,454,457,469,472,474,479,480,488,491,492,495,510,512,516,523,531,538,546,598,652
44,24,27,31,34,35,36,37,38,39,40,41,42,43,44,47,48,49,50,52,53,54,56,57,58,59,60,61,62,63,64,65,67,68,69,72,73,74,75,77,79,80,81,82,84,85,86,87,89,90,91,92,93,94,95,96,97,98,101,102,103,105,106,108,109,113,117,119,122,126,127,129,131,132,136,138,139,142,143,145,147,149,150,153,157,159,161,164,167,169,170,175,177,178,179,181,185,187,188,189,199,200,201,205,209,211,212,216,217,218,219,220,221,222,224,225,226,230,232,233,235,236,238,240,242,243,247,248,249,251,252,253,254,256,257,258,260,263,264,265,267,268,272,273,275,279,281,282,284,286,287,289,291,292,295,298,299,301,304,305,309,311,314,317,318,321,323,326,327,329,330,331,333,335,343,346,350,351,352,357,359,360,362,364,365,367,369,370,371,373,375,376,378,379,381,383,384,385,386,387,391,399,400,403,404,407,408,409,410,418,423,427,434,436,455,457,464,469,475,484,528,568
45,30,31,33,35,36,37,40,42,43,45,46,47,48,49,50,51,52,53,54,55,56,57,58,59,60,61,62,63,64,65,66,67,69,74,76,77,81,83,85,86,89,90,94,97,99,101,102,104,105,107,108,112,117,123,127,129,132,136,138,139,143,145,146,147,152,153,154,156,157,158,159,162,163,165,174,179,184,185,187,189,190,192,195,197,199,202,203,204,205,206,207,208,211,212,214,215,216,217,218,219,221,222,223,225,226,227,229,230,231,232,234,235,236,237,238,240,242,243,244,245,246,249,251,252,255,256,257,258,260,262,263,264,268,271,272,273,274,275,276,278,280,281,282,283,284,286,287,288,295,297,298,301,303,304,307,309,311,314,315,319,322,325,326,327,335,339,340,344,350,351,353,355,357,358,359,361,362,376,378,381,385,388,393,408,410,416,418,421,422,429,434,443,457,469,471,473,483,496,507,634,698
46,26,28,31,32,33,35,36,37,38,39,40,42,43,44,45,46,47,49,50,51,55,56,58,60,63,66,67,68,69,71,72,73,75,76,77,78,79,81,82,84,86,87,88,90,91,92,93,94,95,96,97,98,99,100,101,102,103,104,105,107,109,110,122,126,127,129,133,135,136,152,159,160,162,167,169,173,175,177,179,183,184,194,195,199,212,213,214,216,217,218,221,222,223,224,226,227,229,230,233,235,236,237,239,241,242,243,244,245,248,249,250,251,252,254,255,256,259,262,263,264,265,266,268,271,272,274,277,278,279,280,282,283,284,285,286,289,291,292,293,295,296,297,298,301,303,305,306,307,308,313,314,315,321,322,325,326,327,329,332,333,334,335,337,338,339,340,341,343,345,346,347,349,350,351,352,353,354,355,356,357,359,360,361,362,364,368,369,370,371,373,374,377,378,379,381,382,384,385,386,388,395,397,400,401,402,403,404,405,407,408,409,410,413,414,418,422,423,424,425,428,430,432,433,435,436,437,438,439,440,441,443,445,447,448,451,452,454,455,456,457,458,461,462,463,464,469,472,474,475,476,477,481,484,487,498,499,500,504,506,515,521,536,546,550,581,590
47,28,31,32,33,34,36,37,40,42,45,47,49,50,51,52,54,55,56,57,58,59,60,61,62,63,64,65,67,68,69,70,72,74,77,78,79,80,81,82,83,84,86,87,88,90,94,95,98,99,100,101,102,103,105,106,107,109,110,112,119,120,121,124,129,130,136,137,139,140,141,143,144,146,147,149,151,152,153,155,156,158,159,160,168,170,174,176,190,191,193,200,201,202,206,208,210,212,213,214,215,216,219,220,223,224,226,227,229,231,232,233,234,236,237,238,239,241,242,243,244,245,249,250,251,252,253,254,256,257,259,260,261,262,269,270,271,274,276,277,283,284,285,287,288,289,290,294,296,299,301,302,303,304,308,309,310,311,312,313,315,316,317,318,320,323,325,326,328,329,330,334,336,337,339,341,343,344,345,346,347,350,355,357,359,360,361,362,365,367,368,370,372,375,376,378,379,380,382,384,387,393,394,403,406,410,412,416,417,420,425,430,434,444,448,462,464,479,485,487,528,530,633
48,4,21,27,28,29,30,32,34,35,36,37,39,40,41,42,43,45,46,47,51,53,54,55,57,58,59,60,61,63,65,67,68,69,70,71,72,73,74,75,76,77,78,79,80,81,82,84,85,87,88,89,90,91,92,93,94,96,97,98,100,101,103,105,113,117,118,119,121,123,126,127,130,133,134,135,136,137,138,140,141,143,144,150,151,156,164,166,167,172,174,175,177,178,179,186,191,193,196,197,198,200,201,212,216,217,220,229,235,236,238,239,241,245,247,252,253,254,255,256,257,258,259,260,261,262,263,267,269,270,271,272,273,274,275,276,277,279,280,282,283,284,288,289,290,291,292,293,295,296,297,299,300,301,303,305,307,309,314,315,316,318,320,323,325,326,328,329,330,331,332,333,334,344,345,346,347,348,351,357,359,360,361,362,364,366,367,368,378,380,382,395,396,398,400,412,414,423,426,428,432,437,440,443,444,446,452,456,464,467,472,473,478,498,505,516,527,552
49,21,25,29,30,34,35,36,37,38,39,40,42,43,44,45,46,47,48,49,50,51,52,53,54,55,56,57,58,59,60,62,65,67,68,69,71,72,73,77,78,80,81,83,87,88,89,90,92,93,94,95,98,101,103,106,107,109,111,113,115,117,118,119,120,122,127,130,132,134,135,136,137,138,139,141,143,144,145,147,151,152,155,156,157,159,164,167,171,177,182,183,184,188,192,193,200,204,205,207,211,212,213,214,217,218,221,222,223,225,226,229,233,234,235,237,251,253,257,260,263,267,268,272,274,277,278,279,281,286,287,292,296,299,301,302,314,317,318,320,324,328,332,333,334,336,337,339,355,363,364,367,368,372,383,385,398,400,402,408,417,431,434,446,449,451,466,471,476,500,610
50,18,25,26,28,29,30,31,33,34,35,36,38,40,42,43,44,45,48,49,50,51,53,54,55,57,58,59,60,63,64,65,66,67,68,69,70,71,72,73,74,75,76,77,78,80,82,83,84,85,86,87,88,89,90,91,93,94,98,100,101,105,108,111,125,129,130,131,132,133,137,139,141,146,150,151,152,157,158,165,166,167,169,184,191,193,196,197,202,203,205,213,215,217,224,226,227,228,233,241,242,245,246,252,253,255,256,257,258,261,262,263,264,270,271,273,274,275,277,278,279,282,283,286,288,291,292,293,299,302,303,306,308,313,317,318,319,320,328,329,335,336,338,340,353,354,359,362,365,372,373,376,379,386,387,390,400,415,416,425,427,436,445,446,449,453,491,498,538
51,28,30,31,34,35,36,37,38,39,40,41,42,43,44,45,46,47,48,50,51,52,53,54,55,56,57,58,59,60,61,63,64,65,68,69,70,71,72,73,74,75,77,78,80,81,83,84,87,88,89,90,92,93,95,96,97,98,100,102,103,104,105,109,110,111,112,113,114,118,124,127,128,130,131,133,134,135,139,140,142,143,144,145,146,148,152,153,154,157,159,160,165,166,177,179,185,187,188,196,197,198,202,211,212,215,218,222,224,230,238,240,242,247,250,252,255,256,258,262,266,285,286,300,301,302,303,304,305,308,314,317,319,321,323,326,327,331,332,336,339,343,348,349,356,366,373,374,401,406,408,491,510
52,27,30,34,35,36,38,40,41,42,44,46,47,49,50,51,52,54,55,56,57,58,59,60,61,62,63,64,65,66,67,68,69,70,71,72,74,76,77,78,79,80,82,84,85,92,96,97,98,99,101,107,109,110,111,118,122,124,128,131,132,133,135,136,138,143,144,145,146,153,154,158,159,161,162,163,164,165,167,173,178,179,183,184,185,187,188,190,191,192,193,196,197,198,205,210,214,217,222,227,230,234,238,239,240,241,245,247,250,257,260,261,262,263,266,270,273,275,276,279,282,283,288,289,291,294,296,302,307,309,311,312,315,317,327,328,332,334,335,346,349,353,365,366,368,378,383,385,387,398,452,550,678
53,27,28,30,32,36,37,38,39,40,41,42,43,44,45,46,47,48,49,51,52,53,55,56,57,58,59,61,62,63,64,65,67,68,69,71,72,74,75,76,80,82,83,84,87,88,89,90,91,92,93,94,95,96,99,100,101,104,105,106,108,114,119,126,130,132,133,136,138,141,142,143,146,149,150,151,153,156,157,160,163,164,167,172,173,174,178,187,188,189,194,201,207,209,212,216,218,219,221,225,228,235,237,240,241,244,250,254,260,261,264,273,281,283,285,288,295,296,297,298,300,302,308,310,311,312,315,321,335,344,346,348,354,356,363,371,375,401
54,30,32,35,37,40,44,45,46,47,48,49,50,52,53,54,55,56,57,58,59,60,61,62,63,65,68,69,73,74,77,80,81,82,83,84,86,87,88,89,90,92,93,94,96,97,98,100,102,104,105,107,108,112,115,116,121,122,123,134,135,136,137,138,140,142,143,145,146,148,149,150,151,152,153,154,157,159,160,161,162,163,166,167,168,169,170,171,173,178,182,183,186,187,189,190,192,193,194,195,196,197,198,199,200,201,202,203,204,205,206,210,212,214,215,217,218,220,222,229,230,232,234,235,236,239,241,242,243,245,249,250,254,256,258,267,268,272,286,289,294,307,323,325,330,335,357,380,427,449,486,503,567,583,608,640,680
55,22,27,29,38,39,41,42,43,44,46,47,49,50,52,53,54,55,56,57,58,61,62,64,65,66,67,68,69,70,71,72,73,74,75,76,77,78,79,80,81,82,83,84,85,86,87,88,89,90,92,93,94,96,99,101,103,104,105,106,108,111,112,113,115,117,123,129,130,131,138,139,145,147,149,150,152,153,156,160,162,165,166,168,170,173,177,182,184,185,190,193,194,195,200,205,224,225,226,230,232,237,238,239,241,243,248,254,255,259,262,265,267,268,269,270,271,273,275,276,278,279,282,283,292,293,294,295,297,298,300,307,314,316,317,322,324,325,327,333,334,335,338,339,340,342,346,353,362,396,572,609
56,25,38,39,42,44,45,46,47,48,50,52,54,56,57,58,60,61,62,63,64,65,66,67,68,70,71,74,75,77,78,79,80,81,82,84,85,86,88,89,90,92,93,95,97,98,99,100,101,102,103,105,106,109,110,111,113,114,117,118,120,130,132,133,135,136,138,144,146,147,149,151,152,156,157,160,162,163,167,168,169,178,182,183,184,187,188,191,192,193,195,196,197,198,199,203,204,205,206,211,212,216,218,220,221,223,226,233,237,239,242,245,246,247,248,250,253,254,276,278,280,288,289,337,340,349,355,377,389,482,560,648
57,36,39,40,41,42,44,45,46,52,53,57,61,63,64,65,66,67,70,71,72,73,74,75,76,77,78,79,81,82,83,84,85,86,88,89,90,91,92,94,95,96,97,98,99,102,103,105,107,109,111,112,114,116,117,149,157,161,162,163,169,171,173,179,185,192,197,200,204,205,206,208,212,214,219,224,229,231,235,236,237,238,240,242,243,244,248,251,252,257,258,259,261,265,266,271,272,273,274,283,287,288,289,293,297,298,301,307,308,313,317,324,344,345,364,389,464
58,29,34,35,36,37,38,39,40,43,44,45,46,47,48,49,50,51,52,53,54,55,56,57,58,59,60,61,62,63,64,65,66,67,68,69,70,71,73,74,75,77,79,80,83,86,88,89,91,92,93,95,96,97,99,101,102,103,105,106,110,111,113,114,115,118,120,121,126,127,130,137,138,142,144,146,148,155,156,157,159,160,161,165,168,169,170,172,173,174,178,180,181,185,187,190,191,192,200,211,214,217,225,234,247,257,264,280,326,448,468,590
59,28,29,30,31,33,34,36,37,38,39,40,41,42,43,44,46,47,49,51,52,54,55,56,57,59,60,61,62,63,64,65,66,67,69,70,71,72,75,76,77,78,79,80,81,82,83,84,85,86,87,89,90,91,92,94,95,96,97,99,102,103,105,107,108,109,110,114,115,116,117,118,119,121,124,132,136,137,146,147,148,152,154,160,164,165,167,169,170,172,174,176,177,191,192,209,211,212,217,218,219,228,229,231,232,236,238,241,242,246,252,258,259,270,277,306,307,310,312,346,665
60,17,24,31,32,35,36,37,38,40,41,42,46,47,48,49,50,51,53,55,56,57,58,59,60,61,62,63,64,66,70,71,72,75,76,78,79,80,81,82,83,84,85,87,89,91,92,93,94,96,97,98,99,100,101,102,103,106,107,108,111,119,121,126,128,139,140,148,153,157,162,172,173,180,185,187,188,190,192,193,196,200,203,210,223,224,234,244,253,255,277,301,316,528,636,647
61,20,22,25,26,28,31,33,35,37,38,39,41,43,47,51,52,54,56,58,61,62,63,65,66,67,68,71,72,73,74,76,78,79,83,85,87,88,89,93,94,97,98,100,101,102,103,104,105,107,108,109,113,114,115,116,117,118,119,120,122,125,126,134,141,143,153,170,181,224,279,337,544
62,3,31,48,49,51,55,56,61,66,68,72,75,79,82,83,84,87,96,97,99,100,102,104,106,112,115,116,119,128,129,130,136,137,142,144,163,164,169,185
63,66,89,104,106,609,612,624
64,17,191,297,347,447
65,306,520,572,664,690
66,244,361,645,678
67,93,404,677
68,168,550
69,241,509
70,370,498,566,568,582
71,308,416,445,559,629
72,381,451,505,554,603
73,262,405,643
74,80,90,316,511
75,386,481,515
76,557,577,611,633
77,8,213,391,460,548,669
78,97,258,588
79,176,205,307,384,394
80,21,93,657
81,18,339,387,499,535,547
82,49,66,331
83,132,189,221,408
84,
85,
86,
87,
88,
89,
90,
91,
92,
93,
94,
95,
96,
97,
98,
