16
0,83
1,82,84,86,93,94,102,134,457,603,641
2,68,76,79,82,83,84,85,87,88,89,90,91,92,93,94,95,97,98,99,101,102,104,158,174,526
3,25,73,74,76,80,81,82,84,86,87,88,89,90,91,92,93,94,97,99,100,101,102,103,104,105,106,107,108,109,110,111,112,113,114,117,120,121,123,125,126,127,132,133,135,136,138,145,147,148,151,156,190,210,216,288,337,411,663
4,29,72,74,76,77,78,79,80,83,84,85,86,88,89,90,91,92,94,95,97,98,99,100,101,103,104,105,106,107,108,109,110,111,112,114,115,116,117,118,122,123,124,125,126,129,130,131,132,133,137,138,139,140,141,142,144,145,146,147,149,151,152,155,156,157,160,161,163,166,169,180,181,182,185,195,206,221,233,254,284,301,311,412,482,495,624,652
5,70,71,72,73,75,76,77,78,79,80,81,83,84,86,87,88,89,90,91,92,93,94,96,97,98,100,101,102,103,104,105,107,108,109,111,112,113,115,117,118,119,120,121,122,123,124,125,126,129,130,133,134,135,137,138,139,140,141,142,144,146,147,150,151,154,158,160,172,176,178,179,182,183,187,189,197,201,203,206,211,212,233,235,255,438,465,525,541,606,618,676
6,33,41,63,69,70,71,72,75,76,78,79,80,81,82,83,84,85,86,87,89,90,91,92,94,95,96,99,101,102,104,105,106,109,110,111,112,114,116,118,119,120,121,123,125,127,128,130,131,133,134,136,138,141,142,145,146,147,148,151,152,154,155,163,164,174,176,177,178,179,180,185,186,191,192,194,196,198,213,214,216,267,291,293,532,612,632
7,14,61,71,72,73,75,76,77,78,80,81,82,83,84,85,86,87,88,89,90,92,93,94,95,96,98,99,100,101,102,103,104,105,106,107,108,109,110,111,112,113,114,116,118,119,120,122,123,124,125,126,129,132,133,135,136,137,138,141,144,145,148,150,151,153,156,157,161,167,169,170,171,172,173,174,178,185,186,187,189,190,202,207,208,210,218,221,245,259,269,280,385,427,440,525,568
8,58,65,68,70,71,72,73,74,75,76,77,78,79,80,82,83,84,85,86,87,88,89,90,91,92,93,94,95,96,97,100,101,102,103,104,105,106,108,109,110,111,112,113,115,116,117,118,119,120,121,122,124,125,126,127,129,130,131,132,133,136,138,139,140,143,144,145,147,148,150,151,153,154,155,160,161,163,167,168,169,175,176,178,179,180,182,183,186,191,193,194,196,197,201,203,205,212,213,224,228,231,234,237,242,248,255,258,286,352,399,566
9,63,64,67,68,69,70,73,75,76,77,78,79,80,81,82,83,84,85,86,87,88,89,90,92,93,94,95,96,97,98,99,102,103,104,105,106,107,108,109,110,111,112,113,115,116,117,118,119,120,121,122,123,124,125,126,127,128,129,130,131,132,133,135,136,138,139,140,143,144,147,148,149,151,152,155,156,160,165,166,168,171,173,174,177,179,180,181,182,183,184,186,187,188,190,191,192,193,195,196,197,206,207,213,216,220,226,229,238,243,245,251,255,270,271,293,295,380,463,549,580,596,598,608,691
10,20,48,61,66,67,68,70,73,74,75,76,77,78,79,80,81,82,83,85,86,88,89,92,93,94,96,98,99,100,101,102,103,104,105,108,109,110,111,112,113,114,115,116,117,118,119,120,121,122,123,124,125,126,127,128,130,132,133,134,136,138,139,141,144,145,147,150,151,152,156,162,163,164,165,167,169,171,172,176,180,187,190,194,195,197,199,201,203,204,206,208,209,210,211,223,224,228,231,233,235,240,244,246,247,289,311,331,684
11,62,67,70,73,75,76,77,78,80,81,82,83,84,85,86,87,88,89,91,92,93,94,95,96,97,98,99,100,104,106,107,108,109,110,112,113,114,115,117,119,121,124,125,126,127,129,131,134,135,137,138,139,141,142,143,144,147,148,149,150,152,153,156,159,160,162,165,168,170,173,174,176,177,181,182,183,184,186,188,189,191,192,197,198,199,204,205,206,207,210,213,216,220,221,224,225,240,243,245,257,266,272,273,324,535,580
12,60,69,75,76,77,81,82,83,84,85,87,88,90,91,92,93,94,95,96,97,100,101,102,103,104,105,107,108,109,110,111,112,113,114,116,117,120,122,123,124,125,126,127,128,129,131,134,135,140,143,145,147,148,149,150,151,159,165,166,169,171,172,174,175,176,177,179,183,185,187,188,189,191,195,196,199,203,204,208,209,210,212,215,227,230,231,239,264,265,269,282,290,297,537,565
13,67,72,76,78,82,83,86,87,88,89,91,92,93,94,95,96,97,98,99,100,101,102,103,104,106,107,108,109,110,111,112,114,115,118,119,120,121,122,123,124,125,128,129,131,132,133,134,135,138,139,140,141,143,144,145,146,147,148,150,153,155,159,160,165,168,172,173,178,179,180,181,182,183,184,185,187,188,189,190,193,196,197,198,199,200,201,202,204,211,215,216,217,218,219,220,221,222,224,227,229,230,231,236,237,248,255,262,269,288,289,304,316,322,427,477,549,557,576,577,584,586,592
14,73,75,77,78,79,82,83,84,85,86,87,88,89,90,91,92,93,94,95,96,97,98,99,100,101,102,103,105,106,107,108,109,110,111,112,113,114,115,116,117,118,119,120,121,122,123,125,126,127,128,129,130,131,132,134,135,136,137,139,140,142,143,145,146,147,148,153,154,155,157,158,161,162,166,167,170,171,172,173,174,175,176,177,178,179,180,181,182,183,184,185,186,187,188,189,190,191,192,193,194,195,196,197,198,199,200,201,203,204,205,206,207,208,211,213,214,215,216,218,223,224,226,227,230,234,235,237,239,241,242,243,244,252,256,260,263,265,268,271,272,275,280,289,309,322,324,440,455,491
15,58,59,68,75,79,82,83,84,85,88,89,90,91,92,93,94,95,96,97,98,99,100,101,102,103,105,106,107,108,109,110,111,112,113,114,115,116,117,118,119,120,121,122,123,124,125,126,127,128,129,130,131,132,133,134,135,136,137,138,139,140,141,142,143,144,145,146,148,149,150,151,152,153,156,157,158,159,160,161,163,164,167,168,169,172,173,174,176,177,178,179,180,181,182,183,184,185,186,187,188,189,190,191,192,193,194,195,196,197,198,199,200,201,202,203,204,205,206,207,208,209,210,211,212,213,214,215,216,217,218,219,220,221,222,223,224,225,226,227,228,229,230,231,232,233,234,235,236,237,238,239,240,241,242,243,244,245,246,247,248,249,251,253,254,255,256,257,258,259,262,264,265,266,267,268,270,271,275,277,278,279,281,282,285,286,287,290,297,299,303,304,310,311,315,319,323,330,351,355,367,374,428,497,662,665,695
16,22,37,79,81,82,83,84,85,86,88,89,90,91,92,93,94,96,98,99,100,101,102,103,104,106,107,108,109,110,111,113,114,115,116,117,118,119,120,122,123,124,125,128,129,130,131,132,133,134,135,136,137,138,139,142,145,146,147,148,149,150,151,152,153,155,159,160,161,162,163,164,165,168,169,171,172,173,176,177,178,179,180,181,182,183,184,185,186,187,188,189,190,191,192,193,194,195,196,197,198,199,200,201,202,203,204,205,206,207,208,209,210,211,212,213,214,215,216,217,218,219,220,221,222,223,224,225,226,227,228,229,230,231,232,233,234,235,236,237,238,239,240,241,242,243,244,245,246,247,248,249,250,251,252,253,254,255,256,257,258,259,260,261,262,263,264,265,266,267,268,269,270,271,272,273,274,275,276,277,278,279,280,281,282,283,284,285,286,287,288,289,290,291,292,293,294,295,296,297,298,299,300,301,302,303,304,305,306,307,308,309,310,311,312,313,314,318,319,320,321,322,324,325,326,327,328,329,330,332,333,334,336,337,338,342,343,348,351,352,353,354,356,359,361,362,363,364,367,371,374,375,376,378,381,387,388,393,394,398,401,405,407,409,410,411,414,431,459,464,476,577,596
17,77,78,79,80,81,83,84,85,86,87,88,90,91,92,93,94,95,96,98,100,101,102,103,104,105,108,109,110,111,112,113,114,115,116,117,118,119,120,121,122,123,124,125,126,127,129,130,131,132,133,134,135,136,137,138,139,140,141,142,143,144,145,146,147,148,149,151,152,155,156,157,158,159,161,162,163,165,166,167,169,170,171,172,173,174,176,178,179,181,182,183,185,186,187,188,190,191,192,194,195,196,198,199,200,201,202,204,205,206,207,208,210,211,212,213,214,215,216,217,218,219,220,221,223,224,225,226,227,228,229,230,231,232,233,234,235,236,238,239,240,241,242,243,244,245,246,247,248,249,250,251,252,254,255,256,257,258,259,260,261,262,265,266,267,268,269,270,271,272,273,274,275,278,279,280,281,282,283,284,286,287,288,289,291,292,294,295,297,298,300,301,302,303,304,306,307,309,310,311,312,313,314,316,317,318,319,320,322,324,328,329,330,335,336,337,339,340,341,342,343,344,345,347,348,352,354,360,361,365,366,374,375,379,380,381,383,385,386,387,394,395,399,406,409,413,414,419,423,427,435,437,440,454,461,483,510,596,650,665,689
18,47,66,72,73,79,81,83,84,86,87,88,89,90,92,93,94,95,96,97,98,99,100,101,102,103,105,106,108,109,110,111,112,113,115,116,117,118,119,122,124,125,127,129,131,132,133,134,135,137,138,139,140,141,142,143,144,145,146,147,148,149,150,151,152,153,155,156,157,158,159,160,161,163,167,171,172,176,177,178,179,181,182,183,186,187,188,190,191,192,193,194,195,198,200,201,202,205,207,208,210,211,212,215,216,217,218,219,220,221,223,224,225,226,227,229,230,231,232,233,234,236,237,238,240,241,242,243,244,245,246,247,248,249,251,252,253,254,255,256,257,258,259,260,261,262,263,265,267,269,270,272,273,275,276,277,278,280,281,282,285,286,287,288,289,290,291,293,295,296,297,298,300,302,304,308,309,310,314,316,317,319,321,323,324,325,326,327,328,331,334,335,337,338,339,341,348,349,355,359,361,370,373,377,379,382,383,384,385,386,391,394,397,400,404,405,406,408,410,411,414,418,424,425,428,432,434,437,438,441,442,449,475,480,559,612
19,22,38,60,65,76,77,78,79,80,82,83,84,85,86,89,90,91,92,94,95,96,97,98,99,100,101,102,103,104,105,106,108,109,110,111,112,114,115,116,119,120,121,122,125,127,128,133,134,136,138,139,140,142,143,145,148,149,150,152,153,154,155,156,157,160,161,164,165,167,170,172,174,176,177,179,180,181,183,184,185,186,189,190,191,192,193,194,200,201,202,203,206,207,209,210,214,217,219,220,221,222,223,224,225,226,227,228,230,231,232,233,234,235,236,237,238,239,240,242,243,244,245,246,247,248,249,250,251,252,254,255,259,260,261,262,263,264,265,266,267,268,269,270,271,272,273,274,275,276,277,278,279,281,282,284,285,286,287,288,289,290,292,293,294,297,298,299,300,301,302,303,304,306,307,308,309,310,311,312,314,317,319,320,321,322,323,324,328,329,335,336,337,338,339,340,342,344,346,350,351,352,354,357,359,362,364,365,366,367,368,372,375,378,380,382,386,389,390,394,396,397,402,404,405,407,409,411,414,415,417,420,422,425,435,438,440,441,442,450,455,460,468,475,478,488,515,589
20,73,77,79,80,81,82,83,84,85,86,87,88,89,92,93,94,95,96,97,98,99,101,102,103,104,105,106,107,108,109,110,111,112,113,115,116,118,119,120,121,122,123,124,125,126,127,128,130,131,132,133,135,136,137,139,140,143,144,146,147,148,149,151,152,153,154,159,161,162,163,167,168,169,170,172,175,178,180,185,189,190,191,194,198,199,204,205,210,212,213,214,217,218,220,221,222,224,226,227,228,229,231,232,233,234,235,236,237,238,239,240,241,242,245,246,247,249,250,251,252,253,254,255,256,258,259,260,261,263,265,267,268,269,270,272,273,275,276,277,278,279,280,282,283,285,286,287,288,289,290,291,292,293,294,295,296,297,298,300,301,302,303,304,305,306,307,309,310,311,312,313,315,316,317,318,320,321,323,324,325,326,327,329,330,331,332,333,335,336,337,338,340,341,342,344,346,349,350,352,355,356,357,358,360,361,362,364,365,366,367,370,371,373,378,380,383,385,386,388,390,391,393,394,398,399,403,410,411,413,416,417,418,419,423,428,431,432,433,434,435,439,440,442,454,460,471,477,484,485,487,500,505,508,523,650,672
21,72,75,79,81,82,84,87,89,90,92,94,96,97,100,101,104,105,106,107,108,110,111,112,114,115,116,117,118,119,120,121,122,123,125,126,127,128,131,135,136,137,138,141,142,144,145,146,147,149,154,155,158,159,160,161,163,164,166,167,168,169,171,174,175,176,180,181,182,183,186,187,188,189,191,193,194,195,200,203,204,205,207,209,212,215,218,220,222,224,226,227,228,229,233,235,236,237,238,239,242,243,244,245,246,247,248,250,251,252,253,254,256,257,258,259,262,264,265,266,267,268,269,273,274,275,276,277,278,279,280,281,282,283,285,286,287,288,289,290,291,293,294,295,296,297,298,299,300,301,302,305,306,309,310,311,312,313,314,315,316,318,320,322,323,324,326,327,329,330,331,332,334,336,337,338,341,342,344,345,346,347,348,349,353,356,357,358,360,362,363,365,366,369,370,371,372,378,383,386,387,389,391,392,398,399,400,403,404,408,409,411,412,413,414,415,417,419,424,425,427,429,430,431,436,438,440,441,444,446,448,450,454,457,458,463,465,470,480,481,483,489,498,503,525,679
22,64,70,73,77,78,79,80,81,82,83,84,85,86,87,90,91,92,93,94,95,96,97,98,99,100,103,104,105,107,108,109,110,111,112,114,117,118,119,120,121,122,124,125,127,129,130,131,132,133,137,138,139,140,141,142,144,145,147,149,155,156,157,159,160,161,163,165,180,181,182,184,186,188,192,193,195,196,197,200,201,202,206,214,220,222,224,225,226,227,229,230,231,232,233,234,237,238,239,241,242,244,245,246,247,250,254,255,257,258,259,261,262,263,264,266,267,268,270,272,276,277,278,280,281,283,284,285,286,287,288,293,294,295,301,303,304,305,306,307,308,309,310,311,313,326,332,337,338,341,343,344,346,347,348,354,355,358,361,362,369,370,371,372,379,382,383,389,393,394,396,397,401,407,412,413,421,427,435,440,441,442,443,444,457,458,464,471,473,474,479,485,503,513,541,548,594,659
23,78,80,82,83,85,86,87,88,89,90,91,92,95,96,98,99,101,102,104,105,106,107,108,111,114,115,116,117,119,121,124,127,128,134,135,139,142,143,144,145,147,149,151,152,154,155,156,157,160,162,164,166,167,168,170,171,172,173,178,179,180,181,185,187,188,190,191,192,193,195,196,200,204,206,207,215,217,218,219,221,223,224,226,227,228,230,231,232,233,234,236,237,238,239,240,241,243,244,245,246,248,249,250,251,255,256,258,260,261,264,265,267,269,270,271,272,273,274,275,276,277,279,281,282,283,285,286,289,291,292,293,297,298,299,300,301,304,305,306,310,312,314,315,316,321,322,323,325,333,334,336,337,340,343,344,347,351,352,355,356,358,364,367,369,377,385,386,389,390,393,397,398,407,408,412,413,414,415,418,421,426,427,429,431,434,449,452,456,459,467,472,473,478,483,493,496,499,500,502,516
24,68,70,71,73,76,79,81,83,86,87,89,90,91,92,93,94,95,96,97,98,99,100,101,102,103,104,105,106,107,110,112,113,114,115,116,118,120,121,122,127,129,130,131,136,137,139,141,143,144,145,150,152,153,154,155,156,159,161,162,164,166,173,174,176,177,182,183,184,187,192,194,196,199,200,201,204,206,208,209,210,211,213,219,220,223,225,227,230,234,235,239,242,243,245,246,247,248,249,250,253,254,255,256,258,259,260,261,263,265,266,267,270,273,274,275,276,277,278,281,283,284,289,290,291,295,296,297,298,300,301,302,303,304,305,309,310,313,317,318,324,325,326,328,329,335,340,342,343,344,351,352,353,355,356,357,358,359,361,362,364,373,374,377,381,384,387,396,403,408,428,431,432,435,436,438,439,440,444,450,461,463,464,465,475,490,499,500,518,529,620,664
25,14,74,76,79,81,82,83,84,85,87,90,91,93,96,97,98,99,100,101,104,105,106,107,108,109,110,112,113,115,117,118,119,120,121,122,123,125,126,128,129,130,131,135,136,140,141,145,146,147,149,153,156,159,160,161,163,173,174,175,180,181,182,183,184,185,186,187,188,190,193,194,195,197,198,199,200,202,204,205,209,211,214,219,220,221,222,223,224,225,231,232,233,236,237,238,239,240,241,242,243,244,246,247,248,252,255,256,257,259,263,265,266,268,269,270,272,274,276,278,280,283,284,285,286,287,290,291,292,293,294,296,297,298,299,300,301,305,307,308,311,313,314,316,317,319,320,321,322,324,325,328,329,337,338,343,344,345,349,351,353,354,358,361,362,363,365,367,371,372,373,378,381,408,412,415,422,425,426,427,436,438,440,444,452,462,473,476,477,480,481,492,530,543,566,596,600
26,46,59,71,73,77,78,79,80,82,84,86,88,89,91,92,94,95,97,98,99,100,101,102,103,104,108,113,115,117,121,122,123,124,127,129,130,132,133,134,135,136,138,140,142,144,148,149,151,155,159,161,162,163,164,166,169,170,173,177,178,179,180,181,185,186,187,188,189,190,191,193,195,197,199,200,201,202,203,205,207,211,212,213,214,215,221,226,228,230,233,234,236,237,239,242,243,244,247,248,249,250,251,252,253,255,256,257,259,261,262,265,268,273,277,278,283,285,290,292,295,297,302,303,305,306,307,308,311,320,321,326,334,335,339,343,344,346,350,351,354,356,358,360,361,364,373,392,405,432,435,452,453,456,460,466,469,474,485,531,551
27,60,71,73,74,75,76,78,79,80,82,83,85,86,87,89,90,91,92,93,94,95,97,99,100,101,103,104,105,106,107,108,109,112,113,115,117,118,120,123,124,125,131,133,134,135,136,138,139,143,146,153,155,156,158,160,161,163,166,167,168,169,171,172,173,174,176,177,179,182,185,186,187,190,191,192,193,194,196,197,198,199,200,201,202,203,205,207,208,213,214,219,220,223,225,227,230,234,239,240,242,243,244,245,246,248,249,251,253,263,267,279,280,281,283,284,291,294,296,298,300,310,312,314,316,319,326,331,332,334,335,355,357,368,381,393,394,414,415,424,426,438,448,449,456,621,662
28,55,69,70,71,73,75,77,79,80,81,82,83,89,94,95,96,97,99,100,101,102,103,104,105,107,108,109,110,111,113,114,115,117,119,120,123,124,125,126,129,130,131,132,137,138,139,140,141,142,144,145,151,153,155,157,158,160,162,163,164,165,166,169,172,173,174,177,180,184,185,186,187,188,190,192,194,197,198,199,200,203,204,207,208,209,210,212,214,215,217,218,219,220,226,228,229,232,237,246,250,257,260,262,264,266,270,276,278,284,290,291,297,299,302,305,309,311,321,354,356,365,371,404,408,409,410,412,427,430,433,438,442,444,449,452,453,467,486,558,675,680
29,67,68,69,72,73,93,94,100,101,102,103,104,106,110,113,114,115,116,119,120,121,122,126,127,129,130,132,133,135,137,138,139,143,144,145,151,153,156,158,159,165,166,172,174,177,179,181,182,183,184,192,202,204,205,206,207,208,210,211,214,215,218,221,223,224,226,227,228,232,234,236,240,245,250,251,255,268,276,278,293,299,337,386,402,416,419,423,431,434,451
30,41,65,68,99,103,118,135,137,155,159,163,175,196,216,238,240,244,245,251,259,263,299,345,398,418,678
31,
32,21,427,614
33,167,456,674
34,550
35,186,463,488,508,684
36,12,33,136,269,557,631,632,644
37,394,461,480,647
38,72,149,325,346,351,356,363,373,434,556,595,653,670
39,67,278,349,362,371,372,380,388,390,391,396,398,399,410,422,461,683
40,315,322,543
41,402,442,505,636
42,18,24,32,134,137,583,594,595,604
43,549,554,571,646,678
44,288,483,553,571,600,655,663,671,683
45,36,234,397,436,534,564,588,600,608,617,631,644,650
46,61,65,550,555,561,563,565,567,569,570,571,572,574,578,579,585,589,594,595,600,601,607,619,639,641,645
47,40,241,390,443,528,557,560,563,566,569,585,586,591,595,597,601,612,614,616,617,619,621,632,643,645,653,659,682,687
48,42,107,459,462,563,569,577,591,598,601,610,611,613,616,618,627,632,643,657,666,687
49,38,82,123,318,395,410,505,543,548,552,553,564,573,574,586,622
50,122,308,380,514,546,555,561,563,564,595,634,699
51,117,163,274,297,318,338,392,425,443,514,548,550,551,554,556,557,559,569,578,616,651,653
52,1,461,541,543,544,545,554,555,564,573,574,575,578,580,586,590,594,595,599,618,620,625
53,33,318,546,550,568,576,580,581,594,606,612,621,623,636,638,658,684,687
54,353,424,483,515,544,546,547,550,553,555,557,558,561,562,563,568,571,574,579,580,582,583,587,590,593,599,614,644
55,198,208,385,481,558,565,571,574,577,578,580,583,586,588,590,591,598,600,601,606,609,610,612,619,621,622,625,626,629,638,640,642,679,683,689,697,698,699
56,4,33,325,368,549,559,569,572,578,582,587,588,590,591,596,628,636,694
57,69,81,113,158,182,216,222,285,567,569,571,575,577,579,587,597,600,615,620,622,623,625,626,627,629,630,631,644,661,672
58,24,74,153,380,400,487,556,595,616,639
59,155,254,432,548,551
60,31,76,110,118,445
61,54,68,69,88,92,134,154,216,376,396,519,542,690
62,46,90,111,189,278,301,487
63,77,117,342,369,434,443,528
64,39,66,198,220
65,55,259,316,348,352,388,404,438,468,484,487,517
66,78,97,203,230,302,676
67,85,227,369,522
68,34,118,161,190,275,300,386
69,83,321,345
70,131,414,600,633
71,
72,
73,
74,
75,
76,
77,
78,
79,
80,
81,
82,
83,
84,
85,
86,
87,
88,
89,
90,
91,
92,
93,
94,
95,
96,
97,
98,
