18
0,208
1,73,246,304,377,434,525
2,54,193
3,34,76,267,320,514,541
4,13,24,29,37,40,41,45,57,58,60,62,63,65,67,70,71,72,73,74,77,78,79,80,93,123,153,154,155,172,310,429
5,19,29,41,50,51,53,55,56,58,62,63,64,65,66,67,68,69,70,71,72,73,74,75,76,77,78,79,80,82,84,85,86,87,88,89,93,95,96,97,101,105,106,109,110,112,114,116,118,119,122,124,126,131,138,139,141,146,151,152,153,154,155,158,161,162,163,165,171,201,283,285,286,287,291,292,295,297,299,300,301,302,306,307,308,309,310,314,316,317,319,320,321,322,323,324,325,327,328,329,330,331,332,333,335,337,338,339,340,341,342,343,344,345,346,347,348,349,350,351,352,353,354,355,356,357,358,359,360,361,362,363,364,365,366,367,368,369,370,371,372,373,374,375,377,378,379,381,382,383,384,385,386,387,389,390,391,392,393,396,397,398,399,400,401,402,405,407,409,410,411,416,419,420,428,433,438,439,441,442,444,453,455,471,475,483,492,500,516,531,579,609
6,22,64,65,67,68,69,70,71,72,73,74,75,76,77,78,79,81,82,83,84,85,86,87,88,89,90,91,92,93,94,95,96,97,98,99,100,101,102,103,104,105,106,107,108,109,110,111,112,113,114,115,116,117,118,120,121,122,123,124,125,128,129,131,132,133,134,136,138,142,144,145,146,148,150,151,153,154,155,156,157,158,159,160,161,162,163,164,165,166,168,169,170,171,172,173,174,175,176,177,178,179,180,181,182,184,186,187,189,190,191,192,194,196,197,198,202,203,204,206,207,208,209,210,211,212,213,214,215,216,218,219,220,221,222,223,224,225,226,227,228,229,230,233,234,235,236,238,239,240,242,243,245,246,247,248,249,250,251,253,254,255,256,257,258,259,260,261,262,263,264,265,266,267,268,269,270,272,273,274,275,276,277,278,279,280,281,282,283,284,285,286,287,288,289,290,291,292,293,295,296,297,299,300,301,302,303,304,305,306,307,308,309,310,311,312,314,315,316,317,318,319,320,321,322,323,324,325,326,327,328,329,330,331,332,333,334,335,336,337,338,339,340,341,342,343,344,345,346,347,348,349,350,351,352,353,354,355,356,357,358,359,360,361,362,363,364,365,366,367,368,369,370,371,372,373,374,375,376,377,379,380,381,382,383,384,385,386,387,389,390,391,392,393,394,395,396,397,398,399,400,401,402,403,404,406,407,408,409,410,412,413,415,416,417,419,421,422,423,424,425,426,430,431,432,434,435,437,439,441,446,447,448,450,452,455,458,463,464,465,466,468,469,481,484,487,505,510
7,63,64,66,68,70,71,73,74,75,77,79,80,81,82,83,84,85,86,87,88,89,90,91,92,93,94,95,96,97,98,99,100,101,102,103,105,106,107,108,109,110,111,112,113,114,115,116,117,118,119,121,122,124,125,127,128,129,130,131,132,134,135,136,138,139,140,141,142,145,146,148,150,152,153,154,155,156,158,160,161,162,163,165,166,167,168,169,170,171,172,173,174,175,176,177,178,179,180,181,182,183,184,185,186,187,188,189,190,191,192,193,194,195,196,197,198,199,200,201,202,203,205,206,207,208,209,210,212,214,217,218,219,220,221,222,223,225,226,227,228,229,230,231,232,234,235,236,239,240,241,243,245,246,248,249,250,251,252,253,255,256,257,258,259,260,261,262,263,264,265,266,267,268,269,270,271,273,274,275,276,277,279,280,281,282,283,284,285,286,287,288,289,290,291,292,293,294,295,296,297,298,299,300,301,304,305,306,307,308,309,310,311,312,313,314,315,316,317,318,319,320,321,322,323,324,325,326,327,328,329,330,331,332,333,334,335,336,337,338,339,340,341,342,343,344,345,346,347,348,349,350,351,352,353,354,355,357,358,359,361,362,363,365,366,369,370,371,372,373,374,376,377,378,380,381,382,383,384,386,388,390,391,393,394,396,397,402,405,407,410,415,416,417,419,420,423,424,425,426,427,439,440,447,448,451,452,455,459,469,474,479,482,488
8,30,60,64,65,67,68,69,70,71,73,74,75,76,77,78,79,82,83,84,85,86,87,88,89,90,91,92,93,94,95,96,97,98,99,100,101,102,103,104,105,106,107,109,110,111,112,113,114,115,116,117,118,119,120,122,123,124,125,126,127,128,129,130,132,134,135,136,139,140,142,143,146,149,150,152,153,154,157,161,162,164,166,167,168,170,172,173,174,175,176,177,180,181,182,183,184,185,186,187,188,191,192,193,195,197,198,199,201,202,203,204,205,206,207,208,209,210,211,212,213,214,215,216,218,219,220,221,223,224,225,226,227,229,230,231,232,233,234,235,236,237,238,239,240,241,242,245,246,247,248,249,253,254,255,256,259,260,261,263,264,265,267,268,269,271,272,273,274,276,278,279,280,283,284,285,286,287,288,289,290,291,292,293,294,295,296,297,298,299,300,301,302,304,305,306,307,308,309,310,311,312,313,314,315,317,318,319,321,322,324,326,327,328,329,330,331,332,333,335,336,337,338,340,342,343,344,345,347,348,350,351,352,354,357,358,359,360,361,362,367,369,370,371,373,374,375,377,378,379,380,384,385,386,388,392,395,397,399,400,405,406,407,408,409,411,414,416,419,421,423,425,428,430,432,443,447,448,450,455,460,461,464,473,480,486,488,496,504,650
9,67,70,71,72,74,75,76,77,78,79,80,81,82,83,84,85,87,88,89,90,91,92,93,94,95,96,97,98,99,101,102,103,105,106,107,108,109,110,111,112,113,115,116,118,119,120,121,122,124,126,127,129,130,131,132,133,134,135,138,139,140,141,142,144,146,147,149,150,154,155,156,157,160,162,163,165,166,167,168,169,170,171,174,177,178,179,183,184,185,186,187,188,189,190,191,192,193,195,196,197,198,199,202,203,204,207,208,210,211,212,214,219,220,221,222,223,226,227,228,229,230,231,233,235,237,238,240,242,246,248,249,250,253,255,257,258,259,262,263,264,265,268,270,273,274,275,277,278,279,281,282,284,285,287,288,290,291,292,293,295,298,299,301,302,303,305,306,307,308,309,310,311,312,315,317,319,322,323,325,326,330,331,332,333,334,337,342,343,345,346,347,349,350,352,353,354,355,357,358,362,363,365,366,367,368,369,370,371,372,374,376,377,378,379,380,382,383,384,387,388,391,394,398,399,400,401,403,406,410,412,413,414,415,425,429,432,433,435,438,441,442,456,471,478,479,480,485,491,680
10,37,66,67,69,70,71,72,73,74,75,76,77,78,79,80,81,82,83,84,85,86,87,88,89,90,91,92,93,94,95,96,97,98,99,100,101,102,103,104,105,106,107,108,109,110,111,112,113,114,115,116,117,118,120,121,122,123,124,125,127,128,129,130,131,132,133,135,136,137,138,139,143,145,146,147,150,152,153,154,155,156,160,161,162,164,166,167,168,170,171,174,175,176,177,178,179,180,181,183,184,185,186,187,188,189,190,191,193,195,197,199,201,204,205,206,208,210,211,212,215,218,219,220,223,225,226,227,230,231,234,235,236,237,238,240,241,249,250,251,253,254,255,257,258,259,260,263,265,266,267,268,270,271,272,276,278,279,280,282,283,285,287,288,289,290,291,292,294,295,296,302,303,306,307,308,309,310,311,312,313,315,316,317,318,321,322,323,325,326,327,329,331,332,333,335,336,337,338,341,343,344,345,346,347,351,352,353,354,355,356,358,359,360,361,363,364,365,366,367,368,369,372,373,376,377,378,381,382,383,384,385,388,389,390,391,392,393,397,398,400,404,405,406,410,411,412,413,416,417,418,419,422,425,426,428,430,431,432,433,434,436,437,440,442,443,449,451,465,466,476,479,488,500,594,606,627,676
11,62,63,65,66,68,69,70,71,72,73,74,75,76,77,78,80,81,82,84,85,86,87,88,89,90,92,93,94,95,96,97,98,99,100,101,102,104,106,107,108,109,110,111,112,113,114,116,117,118,119,120,121,123,124,125,127,129,131,132,133,134,135,136,137,138,139,140,142,143,144,145,146,147,150,151,152,153,154,155,162,163,166,167,168,172,173,174,175,176,180,181,183,186,187,188,190,191,194,195,196,198,199,200,202,204,205,207,213,214,216,218,219,220,222,224,228,229,232,233,235,237,240,245,248,249,250,251,254,255,257,258,260,262,268,270,271,273,274,281,282,284,286,288,289,290,292,293,294,295,296,297,298,299,300,302,304,305,306,307,308,309,310,311,313,314,318,320,324,325,326,327,328,331,332,334,335,337,338,339,340,341,343,345,347,349,350,352,355,356,358,360,362,364,367,368,369,370,371,372,373,374,375,376,377,379,380,384,385,387,389,390,392,393,394,396,398,400,401,402,404,406,407,409,410,415,419,421,425,427,430,432,435,437,443,446,448,456,459,461,490,494,529
12,64,65,67,68,69,70,71,72,73,74,75,76,77,78,79,81,83,84,85,86,87,88,89,92,93,94,95,96,97,98,99,100,101,103,104,105,107,108,109,110,111,112,113,114,116,118,119,120,121,123,125,126,127,128,130,131,132,133,134,136,137,139,140,142,146,147,148,149,150,151,152,153,154,156,160,161,165,167,169,170,171,174,176,177,178,179,180,181,183,185,186,187,190,191,192,194,195,196,199,200,202,204,208,209,210,211,213,216,224,225,226,227,229,230,234,235,236,239,240,241,242,243,246,248,249,251,254,257,258,260,261,263,270,271,272,273,274,275,278,279,280,283,284,285,287,289,292,294,300,303,304,305,306,307,308,309,310,311,312,314,315,318,319,321,322,323,324,329,330,333,335,337,338,340,341,342,344,347,348,349,350,351,352,353,354,356,357,358,359,360,361,362,364,365,367,368,369,370,371,373,374,375,376,378,379,380,386,388,389,391,392,394,395,396,398,399,400,402,405,406,411,413,414,415,420,422,426,427,430,434,435,440,443,447,449,458,460,462,469,474,476,477,480,482,487,490,497,498,500,527,550
13,59,65,66,67,68,71,72,75,76,77,78,79,80,81,82,83,84,85,86,87,88,89,90,91,92,93,94,95,96,98,99,100,101,102,103,104,106,107,110,111,112,113,114,115,117,118,119,120,121,124,125,126,127,128,129,130,131,133,137,140,141,144,145,146,148,161,162,171,172,174,175,176,177,179,181,183,184,185,190,192,193,197,198,200,204,208,211,218,219,226,228,230,232,233,235,236,237,239,240,241,248,250,252,254,255,256,257,261,262,264,265,266,273,274,278,280,284,285,286,288,290,291,292,293,295,296,297,298,301,302,304,306,307,308,310,311,312,313,315,316,319,322,323,324,325,329,332,337,338,339,340,342,343,344,346,347,348,351,352,353,354,356,358,359,360,361,363,366,367,368,369,370,372,374,375,376,377,378,379,380,381,382,384,385,386,387,388,389,391,393,395,399,401,405,406,407,408,409,411,416,417,420,421,422,428,430,436,439,441,453,463,468,476,478,479,491,494,511,530,605
14,56,60,63,65,66,68,69,70,71,73,74,75,76,78,79,81,82,83,84,86,87,88,89,90,91,93,94,96,97,98,99,100,101,102,104,105,107,108,109,110,112,113,114,116,118,120,121,122,123,124,126,128,129,130,131,133,135,136,137,139,141,143,148,149,150,151,152,159,160,161,162,163,164,167,169,172,175,176,178,179,180,184,185,186,189,190,194,198,199,200,204,205,207,208,209,213,217,220,222,224,226,229,231,232,234,237,242,244,245,246,249,250,254,256,257,259,264,265,268,271,272,276,278,279,280,281,283,287,288,289,291,294,295,296,299,300,302,305,306,309,310,313,314,319,322,324,326,329,330,331,333,335,337,340,341,342,343,344,345,347,348,349,350,351,352,354,356,357,358,360,362,364,365,366,368,369,371,372,373,375,376,378,379,380,381,382,383,384,385,386,387,393,396,398,399,407,413,415,416,417,418,420,422,424,430,431,436,438,441,442,447,449,451,452,456,457,475,484,495,497,516
15,61,64,68,69,70,72,73,74,76,78,79,81,82,83,84,85,86,87,88,89,91,92,93,94,95,96,98,99,100,101,102,104,107,108,109,110,111,112,113,116,118,120,121,122,123,125,127,129,132,134,135,136,137,138,139,141,143,146,153,161,166,168,170,181,182,184,185,187,188,189,191,193,198,201,203,204,205,206,211,212,213,215,218,223,224,226,227,228,230,232,234,235,236,237,238,244,247,255,261,262,264,265,269,270,271,273,277,281,282,293,298,302,305,307,310,311,312,313,315,316,317,318,321,324,325,326,328,329,331,333,337,338,339,342,344,346,354,355,356,357,358,361,363,367,368,369,370,371,372,373,377,378,379,380,382,384,387,393,394,397,398,401,403,405,407,408,409,410,416,427,432,438,440,443,444,446,447,448,473,485,517,522,671
16,5,58,64,66,67,68,69,70,71,72,76,77,79,80,81,82,84,86,87,88,89,90,91,92,94,95,97,100,101,102,104,105,107,108,109,112,113,116,118,119,121,122,123,124,125,126,127,128,130,131,133,144,145,148,149,150,151,152,154,160,165,167,175,178,183,184,185,188,189,190,191,192,193,197,199,201,202,205,207,208,211,213,214,219,224,225,231,234,238,248,250,251,253,255,258,259,268,270,274,279,280,281,283,285,286,288,290,291,293,295,296,297,299,300,301,303,305,307,308,309,313,314,327,329,330,331,332,333,337,338,344,345,346,347,348,350,355,359,360,363,364,367,368,369,370,372,374,375,376,378,380,383,388,390,393,394,397,398,399,402,405,407,409,412,419,421,422,423,424,426,428,432,439,441,443,450,451,458,460,461,463,465,493,503,516,524,543,609,644
17,64,66,68,69,70,71,74,76,77,79,80,81,82,83,84,85,86,87,88,89,90,92,93,94,96,97,98,99,100,101,102,103,104,106,108,109,110,111,112,113,114,116,117,119,123,124,125,126,128,139,143,144,146,150,151,153,155,157,170,175,179,187,189,190,195,196,199,210,220,221,223,225,228,231,233,236,242,245,246,247,253,254,256,258,259,261,265,266,269,271,273,274,282,284,290,291,293,297,299,300,303,305,309,310,312,313,314,324,325,326,328,329,331,333,334,335,336,339,341,342,343,345,346,349,351,353,358,359,360,363,365,366,367,368,370,371,372,374,375,382,383,384,385,387,390,391,393,394,397,398,399,405,406,407,408,411,412,414,417,421,423,429,431,434,443,460,474,483,499,519,613,620
18,61,64,65,66,67,68,69,70,71,72,73,74,75,76,77,78,79,80,81,82,83,84,85,86,89,90,91,92,93,94,98,99,102,103,104,105,106,107,109,110,111,112,113,114,116,117,118,120,121,126,127,128,129,131,132,133,137,138,140,142,145,149,153,155,159,160,165,169,170,176,180,181,183,184,185,187,193,195,196,199,201,204,207,209,211,213,220,222,225,226,227,230,231,237,240,241,242,249,252,254,256,258,263,264,270,273,281,282,287,297,298,300,301,302,303,304,306,308,310,312,313,314,315,316,317,319,321,322,323,325,326,329,331,332,333,334,336,337,339,343,347,349,350,352,357,358,364,365,371,375,383,390,392,394,400,405,407,408,415,421,432,435,436,440,447,448,455,457,460,463,464,489,499,500,503,549
19,53,57,61,62,63,65,66,67,68,71,72,73,74,75,77,78,79,80,81,82,83,84,85,86,88,91,92,93,94,95,96,97,98,99,100,101,102,103,104,106,107,108,109,112,114,115,117,119,120,122,124,125,128,131,134,137,138,141,142,145,146,147,151,153,155,156,157,161,166,171,173,174,178,180,181,183,184,185,187,189,191,193,198,199,202,203,204,212,214,221,222,227,231,234,235,237,241,243,247,257,260,262,264,266,268,269,270,273,274,280,284,285,294,297,300,308,310,312,313,317,318,319,321,324,326,327,330,332,333,334,335,337,339,344,349,350,351,354,365,369,370,371,372,377,382,385,388,389,395,400,404,405,407,410,415,417,418,423,425,426,427,428,429,432,436,441,454,458,463,469,489,499,502,516,517,543,566,576,644,675
20,49,57,60,63,64,65,66,68,69,70,71,73,74,75,76,77,78,80,81,82,83,84,86,87,88,89,90,92,93,95,96,99,100,101,105,106,108,109,110,111,112,113,114,115,116,117,118,119,120,121,122,125,126,127,128,130,131,133,134,135,136,137,138,139,140,141,142,144,145,147,148,152,154,159,165,166,168,171,173,174,177,178,179,180,182,183,184,186,187,188,191,192,194,195,197,198,199,210,213,216,224,227,230,232,233,234,237,242,243,244,251,252,257,260,262,263,265,268,270,273,275,276,279,281,282,286,288,291,292,295,298,301,302,306,307,311,317,320,321,324,325,326,327,329,331,332,333,336,337,339,341,344,345,352,358,360,361,362,364,366,371,373,374,378,380,381,385,391,392,396,398,401,402,404,409,416,420,421,422,432,433,438,443,477,500,509,520,522,531,580,591
21,51,52,54,57,58,59,60,61,62,63,64,65,66,67,68,71,72,73,74,75,76,77,78,79,80,81,82,85,87,88,92,94,96,97,98,99,101,102,103,104,105,106,107,108,109,110,111,112,113,114,115,118,119,120,121,122,124,125,126,128,129,130,131,132,133,137,138,140,142,143,146,147,151,152,154,158,160,162,171,175,179,181,184,187,194,201,202,204,209,218,220,227,228,258,270,272,274,297,303,310,312,324,327,329,330,333,339,341,344,347,349,350,353,354,357,358,361,364,365,368,381,383,384,391,392,403,405,418,427,428,432,433,434,435,436,449,454,458,476,528,647
22,51,53,55,56,60,61,64,65,67,68,69,71,75,76,78,80,81,83,84,85,88,95,96,97,98,99,100,102,103,104,105,106,108,109,110,111,112,113,114,115,116,117,118,120,121,122,123,124,127,128,129,130,131,135,137,138,139,140,142,143,144,146,147,149,152,153,158,160,161,170,173,174,191,193,198,200,204,220,222,236,238
23,51,96,97,99,119,120,123,135,136,142,154,173,190,204,260,331,361
24,3,43,121,170,177,199,431,564,616
25,49
26,229,471,506,526,569
27,3,4,13,14,19,26,27,30,35,168,192,259,407,576
28,1,3,20,32,63,370,424,494,496,512,517,567,603,650
29,23,36,180,475,550,565,593,603,649
30,40,195,327,398,493,511,531,605,607,621,670
31,2,15,550,594,596,655
32,21,25,321,326,570,621
33,136,290,355,568,634,644
34,363,364,370,383,541,594,645
35,36,106,466,674,680
36,22,25,30,333,431,462,474
37,75,467,486,488
38,15,130,204,244,505
39,25,44,624
40,119,450
41,137,538
42,141,291,320,437,613
43,70,245,416,525,592
44,17,27,156,377,384,396,405,487,492,495,496,504,509,511,512,547
45,4,13,22,104,475,484,485,486,487,488,495,498,500,501,506,509,513,514,529,530,533,535,536,547,550,551,564,565,570,571,615,618,622
46,191,203,231,468,474,480,495,499,501,506,507,509,513,515,517,520,523,524,526,527,529,535,537,540,543,545,546,549,550,554,570,574,581,600,616,632
47,20,131,241,574,615
48,12,110,570,628,690
49,107,150,428,475,481,529,579
50,17,181,189,300,500,564,658
51,63,293,314,399,439,450
52,117,141,270,320,326,474,656
53,32,176,228,259,400,463,580,587
54,161,253,369,462,503,662
55,173,285,392,453
56,85,169,658,685
57,32,285,293,384,612
58,12,132,628,678
59,144,196,219,430,600
60,157,278,387,558,674
61,117,129,183,406,571,597
62,
63,
64,
65,
66,
67,
68,
69,
70,
71,
72,
73,
74,
75,
76,
77,
78,
79,
80,
81,
82,
83,
84,
85,
86,
87,
88,
89,
90,
91,
92,
93,
94,
95,
96,
97,
98,
