11
0,359
1,271,457,495,528,699
2,123,155,193,197,244,306
3,69,248,355,405,599
4,60,489,621
5,11,40,75,181,208,226,233,239,253,255,257,264,265,266,267,268,270,271,272,273,274,275,276,277,278,280,281,282,283,284,285,286,287,288,289,290,292,293,294,295,296,299,300,301,302,303,304,305,306,307,308,309,310,311,312,313,314,315,316,317,318,319,320,322,323,324,325,326,328,329,331,333,335,339,340,341,342,345,346,347,348,349,350,351,352,353,354,355,356,358,359,361,364,366,368,369,370,371,373,374,377,378,379,380,381,382,383,384,385,394,397,404,407,408,412,417,423,436,454,457,463,464,472,500,593
6,30,179,332,395,414
7,11,26,31,34,36,43,44,45,46,48,68,103,118,119,123,125,128,142,149,153,155,159,185,226,291,520,571
8,18,77,93,127,129,133,144,145,154,160,171,173,178,179,182,183,186,189,196,198,204,257,258,262,264,265,268,269,270,271,272,273,274,275,276,277,278,279,280,282,283,284,285,286,288,289,290,291,292,293,295,297,298,299,301,302,304,305,306,307,310,313,316,318,320,323,330,331,332,333,335,336,338,340,344,346,348,350,351,353,354,358,359,360,361,362,363,365,366,368,370,371,372,376,379,382,385,389,395,399,401,403,404,405,413,426,438,460
9,111,139,161,170,244,280,296,299,302,309,315,323,329,331,332,335,337,339,353,372,379,382,410,417,432,468,481,635
10,82,201,221,390
11,33,98,120,171,652
12,96,150,391,404,463
13,11,70,74,77,83,87,88,99,161,174,188,211,436
14,54,62,66,67,68,69,70,71,72,73,74,75,76,77,78,79,80,81,82,83,85,87,88,89,90,91,92,96,100,101,108,109,110,148,189,344,361,520,535,603
15,5,20,43,47,49,52,56,57,59,60,61,62,63,64,65,66,67,68,69,70,71,72,73,74,75,76,77,78,79,80,81,82,83,84,85,86,87,88,89,90,91,92,93,94,95,96,97,98,99,100,103,105,106,108,109,110,112,113,114,115,118,124,138,280,382,391,526,646
16,20,55,58,60,61,63,64,65,66,67,68,69,70,71,72,73,74,75,76,77,78,79,80,81,82,83,84,85,86,87,88,89,90,91,92,93,94,95,96,97,98,99,100,101,102,103,104,105,106,107,108,109,110,111,112,113,114,115,116,117,118,119,120,121,122,123,124,125,126,127,128,129,130,131,132,133,134,135,136,137,138,139,140,141,142,143,145,146,147,149,151,154,156,157,168,175,179,192,238,241,325,405,551
17,4,62,63,64,65,66,67,68,69,70,71,72,73,74,75,76,77,78,79,80,81,82,83,84,85,86,87,88,89,90,91,92,93,94,95,96,97,98,99,100,101,102,103,104,105,106,107,108,109,110,111,112,113,114,115,116,117,118,119,120,121,122,123,124,125,126,127,128,129,130,131,132,133,134,135,136,137,138,139,140,141,142,143,144,145,146,147,148,149,150,151,152,153,154,155,156,157,158,159,160,161,162,163,164,165,166,167,168,169,170,171,172,173,174,175,176,177,178,179,180,181,182,183,184,185,186,187,188,189,190,191,192,193,194,195,196,197,198,199,200,201,202,203,204,205,206,207,208,209,210,211,212,213,214,215,216,217,218,219,220,221,222,223,224,225,226,227,228,229,230,231,232,233,234,235,236,237,239,240,241,242,243,244,245,246,247,248,249,250,251,252,253,254,255,256,257,258,259,260,261,262,263,264,265,266,267,268,269,270,271,272,273,274,275,276,277,278,279,280,281,282,283,284,285,286,287,288,289,290,291,292,293,294,295,296,297,299,300,303,304,306,307,308,309,310,311,313,314,315,316,317,320,321,326,327,328,339,387,410,423,435,642,678
18,60,61,63,64,65,66,67,68,69,70,71,72,73,74,75,76,77,78,79,80,81,82,83,84,85,86,87,88,89,90,91,92,93,94,95,96,97,98,99,100,101,102,103,104,105,106,107,108,109,110,111,112,113,114,115,116,117,118,119,120,121,122,123,124,125,126,127,128,129,130,131,132,133,134,135,136,137,138,139,140,141,142,143,144,145,146,147,148,149,150,151,152,153,154,155,156,157,158,159,160,161,162,163,164,165,166,167,168,169,170,171,172,173,174,175,176,177,178,179,180,181,182,183,184,185,186,187,188,189,190,191,192,193,194,195,196,197,198,199,200,201,202,203,204,205,206,207,208,209,210,211,212,213,214,215,216,217,218,219,220,221,222,224,225,226,227,228,229,230,231,232,233,234,235,236,237,240,241,242,243,245,246,247,248,249,250,252,253,254,255,256,257,258,259,260,262,263,264,265,266,267,268,269,270,271,272,273,274,275,276,277,278,279,280,281,282,283,284,285,286,287,288,291,292,293,294,295,296,297,298,299,300,302,304,305,310,311,312,313,314,315,317,318,320,322,323,324,325,329,330,331,332,335,337,338,341,342,343,344,345,346,350,351,353,358,361,362,370,381,387,391,418,433,443,448,565
19,16,32,39,41,59,62,63,64,65,66,67,68,69,70,71,72,73,74,75,76,77,78,79,80,81,82,83,84,85,86,88,89,90,91,92,93,94,95,96,97,98,99,100,101,102,103,104,105,106,107,108,109,110,111,112,113,114,115,116,117,118,119,120,121,122,123,124,125,126,127,128,129,130,131,132,133,134,135,136,137,138,139,140,141,142,144,145,146,147,148,149,150,151,152,153,154,156,157,159,160,161,162,163,164,165,166,167,168,169,170,171,172,173,174,175,176,177,178,179,180,181,182,183,184,185,186,187,188,189,190,191,192,194,195,196,197,198,199,200,201,202,203,204,205,206,207,208,209,210,211,212,213,214,215,216,218,219,220,221,222,223,224,225,226,228,229,230,231,232,233,234,235,236,237,238,239,240,242,243,244,245,246,247,248,249,250,251,252,253,254,256,258,260,261,263,264,265,266,267,268,269,270,271,272,273,275,276,277,278,279,280,281,282,283,284,285,286,287,288,289,290,291,292,293,295,296,297,299,302,305,306,307,308,309,310,312,313,314,315,317,319,320,322,324,329,330,332,334,335,337,339,344,346,351,352,353,354,361,376,377,384,402,419,428,429,458,464,476,520,638
20,7,58,59,61,62,63,64,65,66,67,68,69,70,71,72,73,74,75,76,77,78,79,80,81,82,83,84,85,86,87,88,89,90,91,92,93,94,95,96,97,98,99,100,101,102,103,104,105,106,107,108,109,110,111,112,113,114,115,116,117,118,119,120,121,122,123,124,125,126,127,129,130,131,132,133,134,135,136,137,138,139,140,141,142,143,144,145,146,147,148,149,150,151,152,153,154,155,157,158,159,160,161,162,163,164,165,166,167,168,169,170,171,172,173,174,175,176,177,178,179,180,181,182,183,184,185,186,187,188,189,190,191,192,193,194,195,196,197,198,199,200,201,202,203,204,205,206,207,208,209,210,211,212,213,214,216,217,218,219,220,221,222,223,225,226,227,229,230,231,232,233,235,236,237,238,239,240,241,242,243,244,245,246,247,248,249,250,252,253,254,255,257,258,259,260,261,263,264,271,273,274,275,280,281,282,283,289,290,292,294,295,298,300,304,306,307,310,312,313,315,316,317,318,319,320,321,322,323,324,325,327,328,330,338,340,341,343,347,351,357,361,364,365,371,374,383,390,391,396,400,403,404,405,408,419,434,438,440,448,456,457,469,470,487,491,547,587,660,664
21,58,60,62,63,64,65,66,67,68,69,70,71,72,73,74,75,76,77,78,79,80,81,82,83,84,86,87,88,89,90,91,92,93,94,95,96,97,98,99,100,101,102,103,104,105,106,107,108,110,111,112,113,114,115,116,117,118,119,120,121,122,123,124,125,126,127,128,129,130,131,132,133,134,135,136,137,138,139,140,141,142,143,144,145,146,147,148,149,150,151,152,153,154,155,156,157,158,159,160,161,162,164,165,166,167,168,169,170,171,172,173,174,175,176,177,178,179,180,181,182,183,184,185,186,187,188,189,190,191,192,193,194,195,196,197,198,199,200,201,202,203,204,205,206,207,208,209,210,211,212,213,214,215,216,217,218,219,220,221,222,223,224,226,227,228,229,230,231,232,233,234,235,236,237,238,239,240,241,242,243,244,245,246,247,248,249,250,251,252,254,255,256,257,258,259,260,261,262,263,264,265,266,268,271,272,273,276,279,280,281,283,288,289,292,293,295,296,297,301,302,303,304,306,307,311,313,319,323,324,327,328,331,334,343,362,371,382,394,398,404,411,426,428,531,631
22,53,56,57,58,59,60,62,63,64,65,66,67,68,69,70,71,72,73,74,75,76,77,78,79,80,81,82,83,84,85,86,87,88,89,90,91,92,93,94,95,96,97,98,99,100,101,102,103,104,105,107,108,109,110,111,112,113,114,115,117,118,119,120,121,122,123,124,125,126,127,128,129,130,131,132,133,134,135,136,137,138,139,140,141,142,143,144,145,146,147,148,149,150,151,153,154,155,156,157,159,160,161,162,163,164,166,167,168,170,171,172,173,174,175,176,177,178,179,180,181,182,183,184,185,186,187,188,189,190,191,192,193,194,195,196,197,198,199,200,201,202,203,204,205,206,207,208,209,210,211,212,213,214,215,216,217,218,219,220,221,222,223,224,226,228,231,232,234,236,237,239,240,241,242,243,245,246,249,250,251,252,253,255,256,257,258,260,261,262,263,264,265,266,267,268,269,270,271,272,273,274,275,276,277,278,279,280,281,282,283,284,285,286,287,288,289,290,291,293,295,296,297,298,299,302,303,305,306,309,310,311,313,314,315,317,318,319,321,322,326,331,332,336,338,339,341,342,347,348,349,355,356,360,362,366,373,375,381,382,395,396,401,412,414,417,457,489,523
23,55,57,58,59,61,63,64,65,66,67,69,70,71,72,73,74,75,76,77,78,79,80,81,83,84,85,86,87,88,89,90,91,92,93,94,95,96,97,101,102,103,104,105,106,107,108,109,110,111,112,113,114,115,116,117,118,119,120,121,122,123,124,125,126,127,128,130,131,132,133,134,135,136,137,138,139,140,141,142,143,144,145,146,147,148,149,150,151,152,153,154,155,156,157,158,159,160,163,164,165,167,168,169,170,171,172,173,174,175,176,177,178,179,180,181,182,183,184,185,186,187,188,189,190,191,192,193,194,195,196,197,198,199,200,201,202,203,204,205,207,208,209,210,213,215,216,218,219,220,221,224,225,226,227,228,229,230,231,232,233,234,235,236,237,238,239,240,241,242,244,247,248,249,250,251,252,254,255,257,258,260,261,266,267,268,269,270,271,272,275,276,278,279,280,281,282,283,286,287,288,289,290,293,294,295,296,297,299,300,301,302,303,304,309,310,312,313,314,316,317,318,320,321,328,332,335,337,338,342,343,346,348,349,355,356,358,361,366,382,385,395,397,407,411,412,414,449,467,516,553
24,52,53,54,55,57,58,59,60,61,62,63,64,65,66,67,68,69,70,71,72,73,74,75,76,77,78,79,80,81,82,83,84,85,87,88,90,91,92,94,95,96,98,99,100,101,102,103,104,105,106,107,108,109,110,111,112,113,114,116,117,119,120,121,122,123,124,125,127,128,129,130,131,132,134,135,136,137,138,139,140,141,142,143,144,145,146,147,148,149,150,151,152,153,154,155,156,157,158,159,160,161,162,163,164,165,166,167,169,170,171,172,173,174,175,176,177,178,179,180,181,182,183,184,185,186,187,188,189,190,191,192,193,194,195,196,197,198,199,200,201,202,203,204,205,206,207,208,209,210,211,212,213,214,215,216,218,219,220,221,222,223,224,225,226,227,228,229,230,231,232,233,234,235,236,239,240,241,242,243,244,246,247,248,249,250,251,252,253,254,256,257,258,261,264,265,266,269,271,272,273,274,275,278,279,281,282,283,284,285,286,287,291,292,295,296,298,299,301,302,307,308,309,310,311,312,313,315,316,317,318,319,324,326,328,332,334,335,341,345,346,350,352,353,357,360,361,363,364,381,382,394,399,408,411,417
25,53,55,58,60,61,62,63,64,65,66,67,68,69,70,71,72,73,74,75,76,77,78,79,80,81,82,83,84,85,86,87,88,89,90,91,92,93,94,95,96,97,98,99,100,101,102,103,104,105,106,107,108,109,110,112,113,114,115,116,117,118,119,120,121,122,123,124,125,126,127,128,129,130,131,132,133,134,135,136,137,138,139,140,141,142,144,146,148,149,152,153,155,156,157,158,159,160,161,162,163,164,165,166,167,168,169,170,171,172,173,174,175,176,178,179,180,181,182,183,184,185,186,187,188,189,190,191,192,193,194,195,196,197,198,199,200,201,202,203,204,206,207,208,209,214,215,216,217,218,219,221,222,224,225,226,227,228,229,230,231,232,233,234,235,236,237,238,240,242,243,244,245,247,248,249,250,251,252,253,254,255,256,257,258,259,260,263,264,266,268,269,271,272,273,274,275,276,278,280,282,283,286,288,290,292,293,294,297,298,300,301,302,305,310,311,312,313,315,316,317,320,321,323,326,327,329,330,331,333,336,341,342,344,349,358,362,365,366,370,374,378,392,401,405,421,429,435,454,473,649
26,36,55,58,62,63,64,65,66,67,68,69,70,72,73,74,75,76,77,78,79,81,82,83,84,85,88,89,90,92,93,94,95,96,97,98,100,101,102,103,104,105,107,109,110,111,112,114,115,117,118,119,120,121,122,123,124,125,126,127,128,129,130,131,133,135,136,137,138,139,140,141,142,145,146,147,148,150,151,153,154,155,156,157,158,159,160,161,162,163,164,165,166,167,168,169,170,171,172,173,175,176,177,178,179,181,183,184,185,189,190,192,193,194,195,196,197,198,199,200,201,202,203,204,205,206,207,209,210,211,212,213,214,215,216,217,218,219,220,221,223,224,225,226,227,228,229,230,231,232,233,234,235,236,237,238,239,240,241,242,243,244,245,246,247,248,251,252,253,254,255,256,258,261,263,265,267,268,271,273,274,275,279,281,282,283,286,287,289,291,293,295,296,301,302,304,305,306,309,310,312,314,316,318,319,323,324,332,334,335,336,338,341,348,349,355,356,357,362,365,369,373,374,382,427,435,438,455,478,563,604,657,672
27,56,61,62,63,64,66,67,68,69,71,72,73,74,75,76,77,78,79,81,82,83,84,85,86,87,88,89,90,91,92,93,94,95,96,97,98,99,100,101,102,103,104,105,106,107,108,109,110,111,112,113,114,115,116,118,119,120,121,122,125,126,127,128,129,130,131,132,133,135,136,137,138,139,140,141,142,143,145,146,147,148,149,150,151,152,153,155,158,160,161,164,165,166,167,168,169,170,171,172,173,176,177,179,180,181,183,184,185,186,187,188,189,190,191,192,193,194,195,196,197,198,199,200,201,202,203,204,205,206,207,208,209,210,211,212,213,216,217,220,223,225,226,227,229,230,232,233,235,236,237,239,240,241,242,243,244,245,246,247,248,249,250,251,252,253,254,255,256,257,259,260,262,263,267,269,271,272,273,275,276,280,281,284,285,286,287,288,289,291,295,298,299,300,301,304,307,308,310,312,313,315,321,322,323,325,326,328,336,337,343,346,351,352,357,359,366,367,391,394,404,417,492,501,607
28,52,60,61,63,65,66,67,68,69,70,71,73,74,75,76,77,78,79,80,81,82,84,85,86,87,88,89,90,91,92,93,94,95,96,97,98,99,100,101,102,103,104,105,106,107,108,109,110,111,112,113,114,115,116,117,118,119,120,121,122,123,124,125,126,127,128,129,130,131,133,134,135,136,137,138,139,140,141,142,143,144,145,146,147,148,150,151,153,154,155,156,158,159,160,161,162,163,165,166,167,168,169,170,171,173,174,175,176,177,178,179,180,181,182,183,184,185,186,187,188,190,191,192,193,195,196,197,198,199,200,201,202,203,204,205,206,208,209,210,211,212,213,214,215,216,217,218,219,220,223,225,226,227,228,229,230,231,232,233,235,236,237,238,239,240,242,243,244,245,247,248,249,251,252,253,255,257,258,259,260,262,263,264,265,267,268,269,270,271,273,279,280,281,282,283,284,288,292,295,296,298,299,301,302,303,306,307,308,310,313,316,324,328,329,330,336,337,338,347,350,355,356,359,362,366,368,370,371,373,374,378,384,406,411,415,488
29,46,54,56,59,60,62,63,64,65,66,69,70,71,72,73,74,75,76,77,78,79,80,81,82,83,84,85,86,87,88,89,91,92,93,94,95,96,97,98,99,100,101,102,103,104,105,107,108,109,110,111,112,113,114,115,116,117,118,120,121,122,123,124,125,126,127,128,129,130,132,133,134,135,136,137,138,140,141,142,143,144,145,146,147,148,150,151,154,155,157,158,160,161,162,163,164,165,166,167,168,169,171,172,173,175,176,177,178,179,180,181,182,183,184,185,186,187,188,189,190,191,194,195,197,198,199,200,201,202,203,204,205,206,207,208,209,210,211,212,213,215,216,217,218,219,220,222,223,224,225,226,229,230,231,234,235,236,237,238,240,241,242,243,244,245,246,247,248,249,250,253,254,256,257,261,262,264,265,266,267,269,270,271,274,275,276,282,283,284,285,286,289,290,291,293,294,297,298,299,301,302,303,304,306,307,308,310,312,314,317,319,322,324,327,328,329,330,331,332,335,339,343,345,346,347,360,365,381,395,431,502,686
30,50,51,52,53,55,58,59,60,61,62,63,64,65,66,67,68,69,70,72,73,75,76,77,78,79,80,81,82,83,84,85,86,87,89,90,91,93,94,95,96,97,98,99,100,102,103,104,105,106,107,109,110,111,112,113,114,115,116,117,118,119,120,122,123,124,125,126,127,130,131,132,133,134,135,136,137,138,139,140,141,142,143,144,145,146,147,148,149,150,153,156,160,162,163,164,165,166,167,169,170,171,172,173,174,175,176,178,179,180,181,183,184,185,186,187,188,189,191,192,193,194,195,196,197,198,199,200,201,202,203,204,205,206,207,208,209,212,214,215,216,217,218,219,220,223,225,226,227,228,229,230,231,232,233,234,235,236,237,238,239,241,242,244,246,247,248,249,250,251,252,253,254,263,265,270,271,274,275,278,279,280,281,284,288,291,293,294,295,296,297,298,299,301,302,303,308,310,311,313,314,317,319,320,321,322,323,327,331,333,335,337,341,342,346,347,350,351,353,359,363,371,375,383,398,405,489,504,598,632
31,49,55,60,61,63,64,65,67,71,72,73,74,75,76,77,78,79,80,81,82,83,84,85,86,87,88,89,91,92,93,94,95,97,98,99,100,101,102,103,104,105,106,107,108,109,110,111,112,113,114,115,117,118,119,120,122,123,124,125,126,127,128,129,130,131,132,133,134,135,136,137,138,139,140,143,144,145,146,147,148,149,150,151,152,153,156,157,158,159,160,161,162,163,164,165,166,167,168,169,170,171,172,173,174,175,176,177,178,179,180,181,182,183,184,185,186,187,188,189,190,191,192,193,194,195,196,197,199,201,202,203,205,206,207,208,210,211,212,215,217,218,219,220,221,222,225,226,227,228,229,230,231,232,234,236,237,238,239,241,243,246,247,248,249,252,254,255,256,257,258,259,260,263,264,265,267,269,271,272,273,276,277,279,280,282,286,289,293,294,299,302,303,304,306,308,311,321,326,327,328,330,337,339,346,367,368,375,377,392,401,470
32,7,61,65,66,68,69,70,71,72,73,74,75,76,77,78,79,80,81,82,83,84,85,86,87,88,89,90,92,93,94,95,96,97,98,99,100,101,103,104,105,107,109,110,111,112,113,114,115,116,117,119,122,123,124,125,126,127,128,129,130,131,132,133,134,135,136,137,138,139,140,141,142,143,144,146,147,148,149,150,151,152,153,154,155,156,158,159,160,161,163,164,166,167,168,169,170,171,172,173,174,175,176,177,178,179,180,181,182,183,184,185,186,188,189,190,191,192,193,194,196,197,198,199,200,201,202,203,204,205,206,209,210,211,212,214,215,216,217,218,219,220,221,223,224,225,226,228,229,230,231,232,233,235,236,237,238,240,242,243,244,245,250,251,252,253,255,256,258,259,260,261,263,265,266,267,268,269,271,273,274,278,283,284,290,291,293,295,300,302,305,306,312,313,314,319,324,329,330,335,338,344,345,352,365,376,389,390,393,399,406,408,412,441,468,476,483,521
33,50,57,59,61,63,65,66,67,69,71,72,73,74,75,76,77,78,79,80,81,82,83,85,86,87,89,90,91,92,93,95,96,97,98,99,100,101,103,104,107,108,110,111,112,113,114,115,117,119,120,122,123,124,125,126,127,128,129,130,131,132,133,134,135,136,138,139,141,142,143,144,145,146,147,148,149,150,151,152,153,154,155,156,158,159,160,161,162,163,164,165,166,167,168,169,170,171,172,173,174,176,177,178,179,180,181,182,183,184,185,186,187,188,189,190,191,192,193,194,195,196,197,198,199,200,202,204,205,206,207,208,209,211,212,214,215,216,217,218,219,220,221,222,223,224,225,226,228,229,230,231,235,236,237,239,242,244,245,247,248,249,250,251,252,254,255,256,257,259,260,263,264,270,273,276,281,284,286,287,288,289,292,303,304,305,308,309,310,312,314,316,317,324,326,327,333,335,336,343,344,345,349,352,358,361,362,369,374,384,390,402,473,606
34,5,66,67,68,69,70,71,72,73,74,77,78,79,81,82,83,84,85,86,87,88,89,90,91,92,93,94,96,97,98,99,100,102,103,104,105,106,107,108,109,110,111,112,113,114,115,116,117,118,119,120,121,122,125,126,127,128,129,130,131,132,133,134,135,136,138,140,141,142,144,145,146,147,149,150,152,153,154,157,158,159,160,161,162,163,164,165,167,168,169,170,171,172,173,174,175,176,177,178,179,181,182,183,184,185,186,187,188,189,190,191,192,194,195,196,197,198,199,200,201,202,203,205,206,208,209,210,211,212,213,215,217,219,220,223,224,225,226,227,228,229,230,231,232,233,235,236,237,238,240,242,244,246,249,250,253,256,258,259,264,266,267,268,270,272,274,275,276,278,280,281,284,285,286,287,289,290,295,296,298,300,301,303,304,305,308,309,312,313,320,321,324,325,329,334,338,339,344,349,353,363,369,393,405,408,424,435,563,642
35,60,63,66,69,74,75,77,78,79,80,81,82,83,84,86,87,88,89,90,91,93,94,95,96,97,98,99,100,101,102,103,104,105,106,107,108,110,111,113,114,115,116,118,119,120,121,122,124,125,126,127,128,129,130,133,135,136,137,138,140,141,142,143,144,145,146,147,148,149,150,151,152,153,154,155,156,157,158,159,160,161,162,163,164,165,166,167,168,169,171,172,173,174,175,176,177,178,180,181,182,183,184,185,186,187,188,189,190,192,193,194,195,196,197,198,199,201,202,203,204,205,206,210,211,213,215,216,217,220,221,222,223,224,226,228,230,233,234,235,237,238,239,240,242,244,247,248,250,251,254,255,258,261,262,263,266,268,269,274,275,277,279,281,285,286,289,290,291,292,293,297,298,299,308,311,314,317,322,323,326,334,342,348,350,361,369,375,381,414,445,546,566,583
36,14,49,57,59,65,66,67,68,69,71,72,74,75,78,79,80,81,82,83,84,86,87,88,89,90,91,92,93,94,95,96,97,98,99,100,101,102,103,106,107,108,109,110,111,113,114,115,116,117,118,119,120,121,124,125,127,128,130,131,132,134,135,136,137,138,139,140,141,142,143,144,145,146,147,148,149,150,151,152,153,156,159,160,161,162,164,165,166,167,168,169,171,172,173,174,175,176,178,179,181,182,183,184,185,186,187,190,191,192,193,195,196,197,198,199,200,201,202,204,206,207,208,209,210,211,212,216,218,220,221,222,223,224,227,228,230,232,233,234,235,237,241,243,245,246,247,249,250,253,254,255,256,257,258,260,267,270,272,276,277,279,282,285,288,292,293,295,302,308,312,313,315,320,324,330,342,353,356,359,363,366,379,386,400,423,425,454,601
37,17,65,67,74,75,76,77,78,79,80,81,84,85,86,87,88,89,90,92,94,95,96,97,98,99,100,101,102,103,104,105,106,107,108,109,111,112,114,115,118,119,120,121,122,123,124,125,127,128,129,130,131,132,133,134,135,136,137,138,139,140,141,143,144,146,148,150,151,152,153,154,155,158,159,160,161,162,163,164,166,167,168,169,170,172,174,175,179,181,182,183,184,185,186,188,189,190,191,193,194,196,197,199,202,203,204,205,206,207,208,209,212,213,215,217,218,219,220,222,226,227,228,231,232,234,237,239,240,241,242,243,245,247,254,255,256,260,262,263,265,266,267,268,270,274,283,284,285,289,290,292,294,296,297,302,303,310,314,327,330,331,332,336,341,347,350,360,372,375,390,426
38,56,59,75,78,79,80,81,82,83,85,86,87,88,89,90,92,93,94,95,96,97,99,100,101,104,105,106,107,108,109,110,111,112,113,114,115,116,119,123,125,126,127,128,129,130,131,132,133,134,135,136,137,138,139,140,144,145,146,147,149,150,154,155,156,157,160,161,162,164,165,166,167,169,170,172,173,174,175,176,177,178,179,180,181,184,185,186,187,190,191,192,193,195,196,197,198,200,203,204,205,206,207,213,215,216,220,222,223,224,227,228,235,236,237,242,244,245,246,247,251,253,254,255,257,262,263,265,270,274,275,276,281,283,285,286,289,295,296,301,306,307,315,322,325,333,337,339,345,357,363,369,370,388,393,396,411,425
39,26,73,74,75,78,80,84,85,86,90,91,92,94,95,96,97,98,99,100,101,104,105,106,107,109,110,111,112,113,115,116,117,119,120,121,122,123,125,126,127,128,130,131,132,133,134,136,137,138,140,141,144,145,146,149,150,151,152,153,154,155,157,158,159,160,162,164,165,168,169,170,171,172,173,175,176,177,179,180,181,184,185,187,188,190,191,193,194,196,197,198,200,203,204,205,206,207,208,209,214,217,219,220,221,222,223,224,225,226,227,228,229,230,231,232,233,235,236,238,239,240,241,244,246,247,249,250,251,253,255,256,261,264,265,267,269,273,274,275,277,278,279,280,282,288,289,290,296,297,301,307,316,329,339,340,342,349,354,359,384,405,426,437,561,579,588
40,73,74,75,76,79,85,89,91,92,93,94,95,97,99,100,101,103,104,105,106,107,108,110,111,112,113,114,117,118,121,122,123,124,125,126,127,128,130,131,132,133,134,135,136,137,138,139,140,141,144,145,146,147,148,150,151,152,153,154,155,156,157,158,159,160,165,166,169,170,171,172,173,174,175,177,178,179,183,186,187,188,189,190,191,194,196,197,198,199,200,202,203,205,208,209,210,211,212,214,215,216,219,222,223,224,225,229,232,233,235,236,237,238,239,241,242,243,244,245,247,249,250,251,252,253,255,257,259,264,265,266,267,268,271,276,278,282,286,291,295,299,309,311,314,315,333,337,341,345,348,360,369,378,386,569,665
41,64,66,75,83,87,89,103,104,107,108,109,112,113,114,115,116,117,122,124,126,130,131,132,137,138,139,140,141,142,143,145,146,147,148,149,151,154,155,157,162,167,172,174,175,191,192,194,195,196,198,202,206,211,215,219,221,222,224,230,232,235,236,241,242,244,246,257,260,261,262,263,270,273,277,278,281,288,296,297,301,305,311,317,395,596
42,110,115,120,126,147,158,161,179,196,208,223,234,235,385,539,556,579
43,385,679
44,29,233,676,679,681
45,1,480,629,637
46,423,431,465,530,570,601
47,175,220,285,304,309,423,665
48,76,297,307,365,393,477
49,278,328,381,444,577,583
50,191,385,437,617,618
51,29,393,518,556,584
52,2,17,24,38,473,502,646
53,25,479
54,271,642
55,421,438,461,493,656,670,681
56,17,154,331,427,697
57,255,594,613,623
58,360,570
59,347,525
60,245,330,584,595,698
61,267,340,533,553,598,630
62,228,255,261,474,657
63,78,302,457,521,541,604,664
64,271,376,514,619,625
65,8,153,260,618,623
66,300,430,532,563
67,36,156,310,695
68,1,383,461,588
69,16,645
70,243,290,293,374,421,448
71,27,122,321,378,507,635
72,131,172,191,303,569,657
73,222
74,51,339,501,662,668
75,110,118,197,421,453,475
76,106,160,356,491,550,672
77,74,393,408,411,450,530,651
78,85,100,274,521,528,668,679,686
79,75,80,255,476,514,581,584
80,52,236,439,481,504
81,3,48,53,296,427
82,176,243,252,422,523
83,83,163,251,312,616
84,580,592,661
85,64,101,328,484,637,665
86,11,84,109,250,612
87,39,71,317
88,94,176,179,463,555,577,632
89,4,18,351,411,455,464
90,263,403,526
91,79,277,320,552,598
92,64,169,180,314,340,343,365,406,437,674
93,70,672
94,82,192,198,237,372,432,495
95,118,308,333,360
96,38,49,271,395,523
97,314,413,471
98,138,168,182,315,400,471,548,674
