10
0,144
1,72,82,101,624,669
2,74,78,79,80,85,91,128
3,38,52,57,71,73,78,79,80,81,82,83,84,85,86,87,88,89,90,91,92,93,94,95,96,97,98,99,100,101,102,103,109,346,499,576
4,41,64,67,70,71,72,75,76,77,78,79,80,81,82,83,84,85,86,87,88,89,90,91,92,93,94,95,96,97,98,99,100,101,102,103,104,105,106,107,108,109,110,111,112,113,114,115,116,117,118,119,120,121,122,123,126,128,130,131,132,134,139,141,147,149,168,180,599,656
5,25,37,72,74,75,76,77,78,79,80,81,82,83,84,85,86,87,88,89,90,91,92,93,94,95,96,97,98,99,100,101,102,103,104,105,106,107,108,109,110,111,112,113,114,115,116,117,118,119,120,121,122,123,124,125,126,127,128,129,130,131,132,133,134,135,136,137,138,139,140,141,142,143,144,145,146,147,148,149,150,151,152,153,154,155,156,157,158,159,160,161,162,163,164,165,166,167,168,169,170,171,172,173,174,175,176,177,178,179,180,181,183,184,185,186,187,188,189,190,191,192,193,194,195,197,198,199,200,201,203,204,205,206,207,208,209,211,212,213,215,217,219,220,221,222,224,225,226,227,229,230,231,232,233,238,242,243,247,249,251,255,272,304,313,319,484,497,501,578
6,24,28,72,75,76,77,78,79,80,81,82,83,84,85,86,87,88,89,90,91,92,93,94,95,96,97,98,99,100,101,102,103,104,105,106,107,108,109,110,111,112,113,114,115,116,117,118,119,120,121,122,123,124,125,126,127,128,129,130,131,132,133,134,135,136,137,138,139,140,141,142,143,144,145,146,147,148,149,150,151,152,153,154,155,156,157,158,159,160,161,162,163,165,166,167,168,169,170,171,172,173,174,175,176,177,178,179,180,182,183,184,185,186,187,188,189,190,191,192,193,194,195,196,197,198,199,200,201,202,203,204,205,206,207,208,210,211,212,213,214,215,216,217,218,219,220,221,222,223,224,225,226,228,229,230,231,233,234,236,238,239,240,241,246,247,248,249,252,254,258,259,260,262,263,265,266,267,268,273,274,277,284,285,287,290,295,297,301,308,310,311,312,313,327,331,332,339,367,368
7,67,75,76,77,79,80,81,82,83,84,85,86,87,88,89,90,91,92,93,94,95,96,97,98,99,100,101,102,103,104,105,106,107,108,109,110,111,112,113,114,115,116,117,118,119,121,122,123,124,125,126,127,128,129,130,131,132,133,134,135,136,137,138,139,140,141,142,143,144,145,146,147,148,149,150,151,152,153,154,155,156,157,158,159,160,161,162,163,165,166,167,168,169,171,176,178,179,181,182,183,184,186,187,188,189,190,191,192,193,194,195,196,197,198,199,200,201,202,203,204,205,207,208,210,211,212,213,215,216,217,218,219,220,221,222,223,224,226,227,228,229,230,231,232,233,234,235,238,239,240,243,244,245,246,247,248,250,251,253,254,255,256,259,260,263,264,266,268,269,270,271,273,279,284,286,289,291,293,305,308,314,327,328,337,348,379,410
8,51,71,75,76,77,78,79,82,85,86,87,88,89,90,91,92,93,94,95,96,97,98,99,100,101,102,103,105,106,107,108,109,110,111,112,113,114,115,116,117,118,119,120,121,122,123,124,125,126,127,128,129,130,131,132,133,134,135,136,137,138,139,140,141,142,143,144,145,146,147,148,149,150,151,152,153,154,157,158,159,160,161,162,163,164,165,166,167,168,169,170,171,172,173,174,176,177,179,181,182,183,184,185,186,187,188,189,190,191,192,193,194,195,196,198,199,200,201,202,203,206,207,208,209,210,211,213,214,215,216,217,219,220,221,223,226,228,230,231,232,233,234,235,237,238,239,240,241,242,243,244,246,247,248,249,251,253,254,255,256,257,260,261,266,270,273,274,279,282,285,286,292,295,297,299,301,302,303,307,310,315,318,319,320,326,333,336,344,352,362,365,370,661
9,42,75,80,81,82,83,84,85,86,87,88,89,90,91,92,93,94,95,96,97,98,99,100,101,102,103,104,105,106,107,108,109,110,111,113,114,115,116,117,118,119,120,121,122,123,124,125,126,127,128,129,130,131,132,133,134,135,136,137,139,140,141,142,143,144,146,147,148,149,150,151,152,153,154,155,156,157,158,159,160,161,162,163,164,165,166,167,168,169,170,171,172,173,174,175,176,177,178,179,180,181,182,184,185,186,187,188,189,190,191,193,194,195,196,197,198,199,200,201,202,203,204,205,206,207,208,209,210,211,212,213,214,215,216,217,218,219,220,221,222,223,224,225,226,227,228,229,230,231,232,233,234,235,237,239,240,241,242,243,244,245,247,248,249,252,255,256,257,258,259,260,261,262,263,266,267,269,270,272,273,275,278,279,285,286,291,295,301,306,313,324,327,331,344,351,358,360,368,396,417,458,498,548,590,597,647
10,70,71,75,76,79,80,81,82,83,84,85,86,87,88,89,90,91,92,93,94,95,96,97,98,99,100,101,103,104,105,106,107,108,109,110,111,112,113,114,115,116,117,118,119,120,121,122,123,125,126,127,128,129,130,131,132,133,134,135,136,137,138,139,140,141,142,143,144,145,146,147,148,149,150,151,152,154,155,156,157,158,159,160,161,162,163,164,165,166,167,168,169,170,171,172,173,175,176,177,178,179,180,181,182,183,184,185,186,188,189,190,191,192,193,194,195,196,198,199,200,201,202,203,204,205,206,207,208,209,210,212,213,214,215,216,217,218,219,220,221,222,223,225,226,227,228,229,230,231,233,235,236,238,239,240,241,244,245,246,247,248,249,250,251,252,253,256,258,259,262,264,265,266,267,268,269,270,272,277,278,284,293,296,299,300,302,304,307,310,311,312,323,324,345,643,695
11,6,72,73,75,79,80,81,82,83,85,86,87,89,90,91,92,93,94,95,96,97,98,99,100,101,102,103,104,105,106,107,108,109,110,111,112,114,115,116,117,118,119,120,121,122,123,124,125,126,127,128,129,130,131,133,134,135,137,138,139,140,141,142,143,144,145,146,147,148,149,150,151,152,153,154,155,156,157,158,159,160,162,163,164,165,166,167,168,170,171,172,173,174,175,178,179,180,182,183,184,185,186,188,189,191,192,193,194,195,196,197,198,199,200,201,202,203,204,205,206,207,209,210,212,213,214,215,216,217,218,219,220,222,223,224,225,226,227,229,230,232,233,234,235,236,237,238,240,242,245,246,247,250,252,255,257,258,259,261,262,264,266,267,269,272,275,276,280,281,282,283,284,290,294,295,296,297,298,305,306,316,317,319,323,329,331,333,334,346,357,386,402,427,490,573,622
12,71,73,74,75,76,79,83,85,87,88,90,91,92,94,96,97,98,99,100,101,102,103,104,105,106,107,108,109,110,111,112,113,114,115,116,117,118,119,120,121,122,123,124,125,126,127,128,129,130,131,132,133,134,135,136,137,138,139,140,141,142,143,144,145,146,147,149,150,151,153,156,157,159,161,162,163,164,165,167,168,169,170,172,173,174,175,177,178,179,181,183,184,185,186,190,191,192,193,194,195,196,197,198,199,200,201,202,203,204,205,206,207,208,209,210,211,212,213,214,215,216,217,218,219,220,221,222,223,224,225,226,227,228,229,230,231,232,233,234,236,238,239,241,242,243,244,245,246,247,248,249,251,253,254,256,257,258,261,263,264,267,268,270,272,273,281,283,285,286,287,290,291,294,298,303,306,307,309,310,311,314,317,323,325,327,332,333,338,341,342,352,354,355,356,359,373,393,401,429,439,522,672
13,85,88,91,92,93,95,96,97,98,99,100,102,103,104,105,107,108,109,110,111,112,113,114,115,116,118,119,120,121,122,123,124,125,126,127,130,131,132,134,137,138,140,141,142,143,144,145,146,147,148,149,150,151,152,153,154,155,156,157,158,159,160,161,162,164,165,166,167,168,171,172,174,177,178,179,180,182,183,184,185,186,187,188,189,190,191,192,193,194,195,196,197,198,199,200,201,202,203,204,205,206,207,208,209,210,211,212,213,214,215,216,217,218,220,221,222,223,224,225,226,227,228,229,230,231,232,235,236,237,238,239,241,242,243,246,247,248,250,251,252,253,255,257,258,259,260,261,263,264,265,266,267,270,273,274,275,277,278,279,282,284,285,286,287,288,289,291,292,293,296,297,299,302,304,305,306,307,308,309,311,312,314,315,317,318,320,321,322,323,324,330,332,334,340,346,347,350,381,398,434,442,482,535,599
14,84,88,89,90,91,92,93,94,95,96,97,99,100,101,102,103,104,106,107,108,109,110,111,112,113,114,115,116,117,118,119,120,121,122,123,124,125,127,128,129,130,132,133,134,135,136,137,138,139,140,141,142,143,144,146,147,148,149,150,151,153,154,155,156,157,158,159,161,162,163,164,165,166,167,168,170,171,173,176,177,180,181,184,185,186,187,189,190,192,193,194,196,197,199,200,201,202,203,204,205,206,207,208,209,210,211,212,213,214,215,216,217,218,219,220,221,222,223,224,225,226,228,229,231,232,234,235,238,239,240,241,242,246,247,248,249,250,251,252,253,254,256,257,260,262,265,266,267,269,270,272,274,275,277,279,281,282,283,284,286,289,292,294,296,297,298,299,300,307,308,309,311,313,316,321,324,325,329,334,335,337,339,346,348,349,351,359,373,390,406,426,430,431,577,630,674
15,69,90,92,93,95,96,97,98,99,100,101,102,103,104,105,106,107,108,109,110,111,112,113,114,115,116,119,120,121,122,123,124,125,126,127,128,129,131,132,133,134,136,137,139,140,141,142,143,144,145,147,148,150,151,153,155,156,157,158,159,160,161,162,163,164,165,166,168,170,171,172,173,175,176,178,180,181,183,184,185,187,188,189,190,191,192,193,194,195,197,198,199,200,201,202,203,204,205,206,207,208,209,210,212,213,214,215,216,217,218,219,220,221,222,225,226,227,228,229,230,231,232,233,234,235,236,237,238,239,242,245,246,247,249,252,253,255,257,258,259,260,261,262,263,264,265,266,267,269,270,271,272,275,277,281,282,283,284,285,286,288,289,291,292,296,298,299,301,302,304,305,307,308,309,310,311,312,313,316,319,322,323,325,326,328,333,337,339,346,350,353,361,362,369,382,412,423,570,666
16,91,94,98,99,100,101,102,103,104,105,106,107,108,109,110,111,112,113,114,115,116,117,118,119,120,121,122,123,124,125,126,127,129,130,131,132,133,134,135,136,137,138,139,140,141,142,144,145,146,147,148,149,151,152,153,154,156,157,158,159,160,162,163,164,167,168,169,170,172,174,175,178,179,183,185,187,188,189,191,192,194,196,198,200,201,202,204,205,206,207,208,209,210,211,212,213,214,215,216,217,218,219,221,222,225,226,227,228,229,231,232,234,235,236,237,239,240,241,242,243,244,245,247,248,249,250,251,252,257,258,259,260,261,262,263,264,265,266,268,271,272,274,275,276,277,278,279,280,282,283,284,287,289,291,293,294,295,296,297,298,299,300,305,307,310,314,320,323,328,330,334,337,352,368,370,380,386,397,423
17,83,91,93,96,98,99,100,101,102,103,104,108,109,110,111,112,114,116,117,119,120,121,122,124,125,126,127,128,129,130,132,133,136,137,138,139,140,141,142,143,144,145,147,148,150,151,156,157,158,159,160,164,166,168,169,170,177,179,181,182,184,185,187,188,190,197,198,201,202,203,206,210,211,212,213,214,217,220,221,222,224,225,226,227,228,229,230,231,233,235,236,238,239,240,241,242,244,245,246,247,248,249,252,254,255,258,259,260,261,262,263,265,266,267,269,270,271,272,273,274,275,276,277,278,285,287,288,291,292,293,294,298,300,301,302,303,305,307,308,309,314,320,321,326,330,333,340,344,350,354,363,366,393,419,463,471,504,638,652
18,3,23,90,97,98,99,100,101,102,103,105,106,107,108,109,111,112,113,114,116,119,122,123,125,129,131,132,133,135,136,138,139,140,141,142,146,147,148,149,150,151,152,153,155,156,157,159,160,162,167,169,170,171,172,175,176,177,179,180,184,185,188,191,192,193,194,195,196,197,200,201,202,203,204,206,207,208,211,212,213,214,215,217,218,219,220,221,225,226,228,229,230,233,234,236,238,240,241,242,243,244,245,246,248,250,252,253,254,256,257,258,259,264,265,267,268,271,272,273,274,275,277,279,280,281,282,283,284,285,289,291,296,299,301,308,310,323,337,344,345,356,389,396,400,414,483,652
19,5,99,101,103,104,106,107,108,109,110,111,112,113,114,118,119,120,122,123,124,126,127,129,131,132,134,135,136,137,139,140,141,142,143,144,145,146,149,151,152,153,154,156,157,158,159,160,161,163,164,166,167,169,171,172,173,175,177,179,181,182,188,190,191,192,194,195,196,198,199,200,201,202,203,204,205,207,208,210,211,212,213,214,215,216,218,220,222,223,224,225,226,229,230,231,232,234,236,237,242,244,246,247,248,250,251,253,254,258,259,260,261,264,266,267,268,270,272,276,277,278,279,280,283,284,285,286,288,290,292,293,296,301,304,305,306,308,310,314,315,316,317,319,322,324,330,332,336,339,354,363,385,391,406,615
20,92,95,100,101,102,104,105,106,107,108,109,110,111,112,115,118,119,120,122,123,124,126,127,128,129,130,131,132,133,134,135,137,138,139,141,142,144,145,146,147,149,150,151,152,153,154,155,159,160,162,163,164,166,168,170,171,172,173,174,175,177,179,183,190,191,192,193,199,202,203,204,206,208,209,210,211,212,213,214,215,217,218,219,220,221,224,225,226,228,229,230,231,233,234,235,237,238,240,241,243,244,246,247,249,253,254,257,259,260,261,262,263,264,265,266,268,270,271,272,276,277,279,281,284,285,290,292,293,295,296,302,303,304,310,312,314,315,319,325,327,330,336,337,341,342,346,349,353,358,366,371,373,374,380,390,398,410,446,458,459,517,625
21,93,95,99,100,103,104,106,107,108,109,110,112,115,116,117,119,121,122,125,127,128,131,133,134,135,138,139,141,142,143,144,145,148,149,150,152,154,155,157,158,159,160,161,162,166,167,168,170,171,172,173,177,178,181,182,186,187,189,190,191,192,195,197,199,200,203,207,208,209,210,214,217,219,220,221,222,227,228,230,231,232,233,234,235,238,239,242,243,244,245,248,251,252,254,255,256,257,262,263,266,268,269,271,273,277,279,280,281,282,284,286,287,289,290,291,293,297,298,308,309,310,311,312,318,324,326,331,333,335,337,339,345,347,348,349,359,366,369,371,374,382,385,386,422,466,532
22,7,96,100,101,102,103,104,105,106,107,108,110,114,115,116,118,119,120,121,122,123,124,126,127,128,130,134,135,136,137,139,140,141,144,150,151,152,154,155,158,162,163,165,169,171,173,178,183,185,186,187,190,192,195,196,198,199,200,202,205,209,210,211,212,213,214,216,217,218,225,226,227,228,230,231,232,233,234,235,236,237,238,239,240,241,244,245,247,248,249,252,255,256,258,259,261,262,263,264,267,269,270,272,275,278,279,280,281,282,284,285,286,287,289,290,293,294,296,299,300,301,306,307,309,310,311,312,313,318,324,326,332,336,345,346,353,354,355,360,365,381,389,395,424
23,83,89,95,96,102,103,104,105,106,108,109,110,113,114,115,117,118,119,120,121,122,124,125,126,128,129,130,131,133,134,135,136,138,140,141,142,143,145,146,147,148,149,150,152,153,154,155,156,157,158,159,160,161,162,163,164,166,167,171,173,175,176,177,178,183,184,185,187,189,195,196,197,198,199,200,201,203,204,206,207,208,211,214,216,219,220,221,222,224,226,227,230,231,239,240,245,246,251,252,253,255,259,261,262,265,266,268,272,273,274,278,279,281,282,284,285,286,290,291,294,298,299,302,303,306,307,308,309,312,314,315,316,319,321,325,326,328,330,334,335,337,339,342,343,344,346,353,356,358,362,363,370,381,383,424,438,456
24,102,103,105,106,107,108,111,112,113,114,115,116,117,118,119,120,123,124,125,126,127,128,129,130,131,132,133,135,137,138,139,140,141,142,143,146,148,151,154,157,162,165,166,167,168,173,176,184,185,186,192,193,195,200,202,203,204,206,207,209,210,212,213,214,216,217,218,221,223,224,228,230,232,233,235,236,237,239,240,244,245,246,247,249,252,255,256,257,258,259,260,261,262,266,267,268,269,274,276,282,285,286,287,288,293,294,301,302,310,313,318,329,331,339,341,343,349,356,358,374,402,424,486,494,596
25,97,100,101,103,104,106,107,108,111,112,113,114,116,117,118,119,120,124,126,127,128,129,130,131,132,135,137,138,140,141,142,143,144,145,146,147,148,149,152,153,154,155,156,157,158,159,160,161,163,164,168,170,174,177,178,180,181,182,186,195,197,201,202,205,209,210,211,212,215,216,217,219,222,227,228,229,232,233,245,246,248,254,255,256,257,258,259,263,264,266,268,269,272,276,283,286,291,295,296,299,302,305,308,309,311,316,317,319,325,326,334,336,337,339,341,343,344,346,348,351,352,353,354,366,370,371,372,376,383,397,406,644
26,103,106,107,108,109,110,113,115,117,118,119,120,121,122,123,124,125,128,129,130,131,132,133,134,138,139,140,141,142,143,145,147,148,150,152,154,155,156,159,161,163,167,168,169,170,171,172,173,175,176,178,180,181,182,184,186,187,192,193,195,202,205,211,212,214,216,218,219,220,222,225,227,229,231,232,234,238,240,241,242,244,247,259,260,261,263,264,266,267,268,269,273,277,279,283,284,285,287,292,304,305,310,314,316,317,321,323,327,328,329,332,334,338,339,342,351,356,361,363,370,382,385,388,396,407,474,478,533,628,629
27,53,102,106,108,109,111,114,115,117,118,122,126,127,129,130,132,133,135,136,137,138,140,141,143,144,145,147,148,149,153,156,157,158,160,162,163,164,166,168,174,176,179,183,191,201,209,216,219,220,221,231,233,235,236,237,238,239,240,241,244,246,248,249,255,256,257,258,259,260,261,267,271,272,273,276,279,280,282,288,289,291,292,294,297,299,301,323,340,344,347,357,360,369,372,373,382,384,386,392,404,406,407,414,435,440,454,476,681,698
28,10,31,103,109,111,112,113,115,116,117,118,120,121,122,123,124,125,128,129,131,132,133,135,136,137,139,142,143,144,145,148,150,151,152,153,158,160,161,162,165,166,171,172,173,174,177,181,182,184,185,187,200,202,203,207,208,209,211,212,213,215,216,217,218,219,220,224,226,227,228,229,231,232,233,234,236,266,267,269,271,274,279,280,281,282,287,288,296,300,304,308,326,349,357,359,368,369,371,375,380,381,382,385,400,409,420,425,429,433,435,465,488,606,608,642
29,40,99,101,105,106,107,108,109,112,115,118,120,121,122,123,124,127,128,129,132,134,135,137,140,143,144,145,146,147,148,150,154,155,157,158,159,161,162,164,165,166,169,170,173,174,175,176,178,179,188,192,193,196,209,210,211,212,214,215,217,227,228,229,230,231,236,240,242,251,258,260,261,262,263,274,276,278,283,285,287,294,297,301,304,305,310,311,315,321,324,327,338,343,352,371,377,383,384,398,403,421,448,504,612
30,37,101,106,109,110,111,114,115,117,118,120,121,123,124,125,129,130,131,132,133,134,136,138,141,143,144,145,149,151,153,154,155,157,158,159,160,161,164,168,169,172,173,175,176,177,178,184,187,202,203,204,206,207,208,209,210,211,215,217,220,221,224,226,228,231,236,237,238,239,243,246,247,249,251,254,256,257,259,262,263,266,267,268,269,271,272,277,278,286,287,290,292,295,298,299,311,315,319,323,332,337,339,357,371,372,382,383,385,386,394,397,402,403,417,535,671
31,100,101,103,106,107,108,110,111,112,113,114,115,117,118,119,120,126,127,129,131,134,135,136,137,138,139,140,141,142,144,145,146,147,148,149,150,152,158,160,161,163,164,168,170,171,173,176,178,179,182,183,184,186,188,191,195,200,202,205,209,210,213,216,217,219,220,221,225,230,233,235,237,245,247,248,253,257,264,265,272,273,276,278,287,289,294,301,302,303,305,309,312,318,332,346,353,362,368,376,381,385,396,401,402,405,418,419,465,483
32,26,81,98,106,109,111,114,115,118,119,120,121,123,125,126,127,128,131,132,133,134,138,139,140,141,143,145,148,150,151,152,156,157,160,167,170,171,176,177,178,185,188,190,193,198,201,202,203,206,207,208,210,211,213,214,215,218,220,221,222,226,227,230,234,237,240,243,244,246,247,248,249,254,255,257,267,268,269,270,272,278,284,288,290,295,296,297,303,307,308,309,319,343,344,347,350,382,498,500,636,658
33,97,106,109,112,113,116,118,119,120,121,124,125,126,129,130,132,137,139,141,142,146,147,150,151,152,154,155,158,160,161,163,164,166,167,168,178,179,180,183,184,186,194,200,202,203,205,208,209,216,217,224,231,233,234,235,237,239,244,246,251,253,258,264,265,266,267,268,275,280,285,291,293,296,312,313,325,327,331,353,354,358,364,380,419,463
34,47,93,107,112,113,114,115,117,118,119,121,122,123,124,125,126,127,128,130,131,132,134,135,137,138,139,140,141,142,143,144,147,150,151,154,156,159,163,164,165,167,168,171,172,177,179,181,187,188,201,202,206,207,209,210,211,212,213,214,218,222,224,229,235,236,237,238,241,244,246,248,251,258,260,261,262,264,265,266,267,269,275,278,280,286,289,291,293,296,301,303,307,308,310,321,324,336,338,404,651
35,5,101,102,108,111,112,114,116,117,118,119,120,121,122,124,125,127,128,129,132,133,134,135,140,146,148,149,150,151,152,154,155,156,157,158,159,160,166,169,173,175,176,178,181,182,183,188,190,195,202,212,214,217,218,220,221,224,228,229,230,234,236,244,247,262,263,268,269,270,272,277,281,294,296,298,301,308,316,325,327,333,338,369,375,381,537
36,104,109,115,119,121,124,126,128,129,130,132,133,134,135,136,137,139,140,141,143,144,145,146,148,152,153,154,159,160,162,163,164,166,169,172,173,174,175,180,181,193,194,198,201,203,204,205,207,209,210,212,213,215,218,219,223,235,237,239,245,248,252,253,254,258,262,269,280,281,300,310,338,347,350,363,381,431,440,595,625,670
37,111,112,113,114,115,116,117,119,120,123,124,125,128,130,132,134,137,139,140,142,145,146,148,150,151,152,153,155,157,158,159,161,164,165,168,170,171,172,175,176,180,183,184,185,187,188,190,206,207,208,212,214,216,224,225,226,232,233,234,240,241,244,245,247,248,250,251,253,258,259,264,274,276,284,288,296,297,298,304,319,327,339,352,381,410,597
38,40,89,105,109,113,114,119,120,121,124,128,132,134,136,140,141,142,144,151,155,157,160,166,167,168,170,174,179,184,186,188,189,190,191,201,207,221,223,235,237,241,248,250,254,260,267,268,273,274,275,277,283,284,287,307,308,312,318,333,345,350,363,372,389,391,403,442,450,516,643
39,52,110,111,114,115,117,119,124,125,127,128,133,136,137,138,143,146,153,154,158,161,164,165,169,172,173,178,183,187,191,201,208,209,211,214,218,222,229,233,234,235,238,239,240,241,243,251,253,263,270,275,278,296,303,307,308,316,318,327,361,406,440,591
40,103,109,116,118,119,120,122,123,125,128,131,132,134,136,138,139,144,147,152,154,155,157,160,163,164,169,170,172,176,179,180,183,185,188,193,198,211,217,218,220,224,226,232,233,236,237,239,242,244,245,255,259,267,268,293,298,308,323,324,332,403,433,456,604
41,102,115,117,125,128,131,133,134,135,137,141,143,144,146,148,149,150,151,153,155,160,161,162,165,171,173,175,177,194,216,233,243,247,252,256,257,259,263,268,273,299,305,325,328,386,423,440,467,561
42,106,111,112,115,119,120,122,123,126,130,131,135,138,140,142,143,155,157,158,161,163,164,169,170,172,180,184,185,191,195,214,239,244,261,299,377,611,646
43,114,115,122,123,124,128,129,132,136,139,143,144,145,146,149,151,159,161,166,167,169,179,184,192,195,214,226,244,299,308,333,611,665
44,25,120,121,129,131,132,135,136,141,143,148,149,152,153,155,157,158,159,163,173,174,175,178,182,198,239,245,267,583,666
45,128,130,131,133,134,135,138,139,141,142,144,149,151,152,154,155,160,161,166,168,169,171,178,186,221,605,612
46,123,130,144,146,154,155,156,157,162,169,173,177,183,185,189,423,435,482,558
47,37,95,129,141,150,156,158,159,184,379,420,431,540
48,116,133,149,403,424,432,440
49,87,394,449,458,519,532,657
50,100,363,531,621,625
51,40,181,336,498,678
52,21,302
53,422,476,513,515
54,73,642,687
55,400,433,485,562
56,494,534
57,192,365,515,525
58,8,30,340,345
59,
60,
61,
62,
63,
64,
65,
66,
67,
68,
69,
70,
71,
72,
73,
74,
75,
76,
77,
78,
79,
80,
81,
82,
83,
84,
85,
86,
87,
88,
89,
90,
91,
92,
93,
94,
95,
96,
97,
98,
