12
0,585
1,13,283,294,307,544,586,622,657,676
2,98,112,625,648
3,157,581,585,662
4,26,35,151,394,496,652
5,54,85,103,290,302,457
6,1,333,431,551
7,10,306,309
8,10,237,288,334,572,588,658
9,147,292,438,584,631,671
10,321,351,408,474,518,585,618,694
11,45,74,215,228,398,400,474,557,581,618
12,344,415,515,610
13,23,30,276,581,643
14,185,261,348,468,552,560
15,45,47,48,73,189,555,616
16,32,36,39,50,68,103,140,272,283,289,380,412,527,546,619
17,31,32,35,36,37,39,40,42,46,47,50,51,59,62,64,71,74,75,79,80,100,516,637
18,25,30,31,33,35,39,41,44,45,46,48,50,51,53,54,56,59,61,62,63,64,65,69,70,71,74,76,78,79,81,83,84,87,88,90,91,95,102,111,120,123,135,159,166,190,501,573,635,648,689
19,24,28,29,30,31,32,33,34,35,36,37,38,39,40,41,42,43,44,45,46,48,51,55,56,59,60,65,66,67,75,82,85,89,91,92,93,96,97,98,101,102,105,109,110,112,114,115,121,124,126,127,132,133,136,137,143,144,146,147,148,149,155,162,163,183,193,195,211,244,321,382,685
20,27,28,29,30,33,34,35,38,40,42,43,44,46,47,48,49,50,51,52,53,54,55,56,57,58,59,60,62,63,64,65,66,71,75,76,77,80,81,89,94,115,117,119,120,121,122,123,124,125,127,128,131,132,134,136,137,138,142,145,147,148,149,150,152,153,154,157,166,171,173,191,194,203,215,366,485,488
21,21,26,27,29,32,33,34,35,36,37,38,39,40,41,44,45,46,48,50,51,52,54,55,56,58,59,60,67,68,70,74,77,78,80,88,90,94,96,97,99,100,106,110,112,116,118,119,121,124,125,126,129,130,133,134,137,139,140,146,147,150,151,155,158,162,163,164,165,166,169,171,172,200,209,217,230,247,258,292,461,604,626,673,695,698
22,21,22,24,25,29,30,32,34,37,38,39,40,41,43,45,46,47,48,49,50,51,52,53,54,55,58,60,61,63,64,69,71,73,74,77,78,79,91,95,101,102,107,109,118,119,123,124,125,127,128,129,130,131,132,133,134,135,136,137,139,141,142,143,144,145,149,150,151,155,159,161,164,165,166,168,171,189,194,195,197,202,203,206,208,214,221,322,503,535
23,19,25,28,30,31,33,34,35,36,38,39,41,42,43,44,45,46,47,48,50,51,52,53,54,55,56,57,58,59,60,62,63,64,65,66,67,68,70,71,73,74,75,76,77,79,82,83,84,88,90,91,92,95,96,101,104,121,124,126,128,129,130,131,132,133,134,135,136,138,143,144,145,147,148,150,151,153,154,156,157,158,160,161,163,164,166,167,168,169,170,173,174,176,177,178,180,181,182,183,186,188,189,190,191,193,194,197,198,199,201,203,206,208,211,216,218,219,223,226,228,232,235,237,238,239,250,252,257,283,301,319,337,379,505,683
24,26,27,29,30,31,32,33,34,37,38,39,40,41,42,43,44,45,46,47,48,49,50,51,52,53,55,56,57,58,59,61,62,63,64,65,66,68,69,71,72,73,74,75,76,78,79,80,81,82,83,84,85,86,88,89,90,91,92,93,94,95,96,98,99,100,103,104,105,106,109,110,121,122,123,124,126,127,128,129,130,131,132,134,135,136,137,138,139,140,141,143,146,147,148,149,150,152,153,154,156,157,158,159,160,163,164,165,166,167,168,169,170,173,179,180,181,182,183,185,186,187,188,189,190,191,192,193,194,195,196,197,198,199,200,201,202,203,204,205,206,208,209,210,211,212,213,216,217,219,221,222,223,224,225,226,227,229,230,238,246,248,252,253,262,263,270,277,282,285,296,299,301,307,308,319,321,322,323,325,326,330,331,335,336,353,369,514,590
25,26,28,32,33,36,37,38,41,42,43,44,45,46,47,48,49,50,51,52,53,54,55,56,57,58,59,60,61,62,63,64,65,66,67,68,69,70,71,72,74,76,77,78,79,80,82,83,87,88,90,91,94,95,97,98,100,105,107,109,113,115,116,118,122,123,125,126,127,128,129,130,132,133,135,136,137,138,139,140,141,142,143,144,145,146,147,148,149,150,152,153,154,156,157,158,159,160,161,162,163,164,165,166,167,168,169,170,171,172,176,178,179,180,181,182,183,184,185,186,187,188,189,190,191,192,193,195,196,197,198,199,200,201,202,203,206,208,209,211,212,213,214,215,216,217,218,219,220,221,222,223,224,225,226,227,228,229,230,231,232,233,234,235,236,237,238,239,240,241,242,243,244,245,246,247,248,249,250,251,252,253,254,255,256,257,258,259,260,262,263,264,265,266,267,268,269,270,271,275,277,278,280,282,283,284,285,286,287,288,289,290,291,296,297,298,299,300,301,302,303,304,305,307,308,309,311,313,314,315,316,317,318,319,320,321,323,325,326,328,329,330,331,332,333,336,337,340,346,349,353,354,359,362,364,365,366,374,398,452
26,14,23,27,28,29,30,32,33,34,35,36,37,38,39,40,41,42,43,44,45,46,50,51,52,53,54,57,59,61,62,64,65,66,68,69,70,72,73,74,75,76,77,78,79,80,81,82,83,84,85,86,87,88,89,90,91,94,96,97,98,100,101,103,105,110,111,114,115,117,119,122,123,127,129,133,134,136,138,140,142,144,147,149,154,155,156,157,158,161,162,163,164,170,172,173,174,176,177,183,186,187,191,192,196,197,199,202,205,209,210,211,212,213,214,215,216,217,218,219,220,221,222,223,225,227,228,229,230,231,232,233,234,235,236,237,238,239,240,241,242,243,244,245,246,247,248,249,250,251,252,253,254,255,256,257,258,259,260,261,262,263,264,265,266,267,268,269,270,271,272,273,274,275,276,277,278,279,280,281,282,283,284,285,286,287,288,289,290,291,292,293,294,295,296,297,298,299,300,301,302,303,304,305,306,307,308,309,310,311,312,313,314,315,316,317,318,319,320,321,322,323,324,325,326,327,328,329,330,331,332,333,334,335,336,337,338,339,341,342,343,344,345,346,347,348,349,350,351,352,353,354,355,356,357,358,360,361,362,363,364,365,366,368,370,371,373,374,375,376,377,378,379,381,382,384,386,388,389,390,391,392,393,394,395,396,397,398,400,401,403,406,407,412,413,416,417,418,419,421,422,423,424,425,430,432,433,434,436,439,440,442,443,446,453,454,455,459,467,475,485,493,695
27,23,25,28,29,30,33,35,36,37,38,39,40,41,42,43,44,46,47,48,49,50,51,52,53,54,56,59,61,62,63,65,66,67,70,76,80,86,88,94,96,104,105,107,108,111,112,114,116,117,119,120,121,122,127,128,129,135,136,137,138,143,144,145,146,150,151,152,153,154,155,156,159,161,162,167,168,174,179,183,186,191,192,194,195,197,198,200,202,203,206,209,210,211,213,215,217,219,220,221,222,223,224,226,227,228,229,230,231,233,234,235,236,237,238,239,240,242,243,244,245,246,247,248,249,250,251,252,253,254,255,256,257,258,259,260,261,262,263,264,265,266,267,268,269,270,271,272,273,274,275,276,277,278,279,282,283,284,285,286,288,289,290,291,292,293,294,295,296,299,300,302,303,304,306,307,308,310,311,312,313,314,315,316,317,318,319,320,321,322,323,324,325,326,327,328,329,330,332,335,336,337,338,339,340,341,342,343,344,345,346,347,348,349,351,354,355,357,358,359,360,362,364,365,366,368,369,370,372,373,374,375,378,379,380,383,385,386,387,389,391,392,393,394,397,398,400,401,403,404,407,412,414,416,417,418,420,422,423,425,426,429,432,436,437,441,442,444,446,447,453,459,460,476,479,483,577
28,18,21,23,24,25,26,27,28,30,31,32,33,36,39,40,43,45,47,52,53,54,55,56,57,58,59,60,61,62,63,64,65,66,67,68,69,70,71,72,73,74,75,78,83,84,86,92,93,96,97,100,105,107,116,119,122,123,130,132,133,136,137,141,142,145,146,147,149,150,151,152,157,159,164,167,169,170,171,180,188,189,190,204,205,214,215,220,221,222,223,224,227,228,231,234,237,239,240,241,242,243,244,246,248,249,250,251,253,255,256,257,258,259,261,262,263,264,266,267,268,269,270,271,272,273,274,275,276,277,278,279,280,281,283,284,285,286,287,288,289,290,291,292,294,295,296,297,298,299,300,301,302,303,304,306,307,308,309,310,311,312,313,314,315,316,318,319,321,322,323,324,325,326,328,329,330,332,334,335,337,338,340,341,342,343,344,345,347,348,349,350,351,352,353,354,355,356,357,358,359,360,361,362,363,367,369,370,371,372,373,378,379,380,383,384,385,386,388,389,391,395,396,397,399,400,401,402,404,405,407,409,411,413,415,417,422,423,425,427,429,431,432,433,438,440,453,454,467,475,477,480,487,525,533,597
29,25,29,30,31,32,33,34,37,38,42,43,44,45,46,47,49,50,51,53,54,56,57,58,60,63,65,66,69,71,72,76,79,80,81,82,83,86,87,88,90,91,93,98,99,102,106,108,116,119,120,123,124,126,127,128,130,133,135,136,137,138,139,140,141,142,147,149,150,154,158,160,161,162,165,168,169,171,178,186,188,190,196,198,199,204,211,216,218,220,222,223,225,226,229,232,233,235,238,240,241,244,247,248,249,250,252,253,257,259,260,261,263,264,266,267,268,270,271,272,273,274,276,277,278,279,280,281,282,283,284,285,286,288,290,291,294,295,296,297,300,301,302,303,304,305,306,307,308,309,310,314,315,317,318,320,321,322,323,324,327,328,330,332,333,334,336,337,338,339,340,341,344,345,346,347,349,350,352,355,356,361,363,364,365,366,367,368,370,371,372,373,375,378,379,381,382,384,387,390,391,393,394,396,397,398,399,400,401,406,408,410,411,412,413,414,415,417,418,419,420,421,424,425,426,427,429,431,434,437,438,441,442,444,445,449,451,453,454,456,459,462,463,464,465,474,475,481,482,486,522,523,697
30,22,28,31,33,36,37,39,40,42,43,44,45,46,47,48,49,50,51,52,53,54,56,57,58,59,60,61,64,66,69,71,74,75,76,77,78,79,81,83,86,91,92,93,95,96,101,104,108,111,112,115,116,117,118,119,121,122,123,124,125,126,127,128,129,130,131,134,135,136,137,141,142,143,144,145,146,148,149,150,151,152,154,156,158,159,161,162,165,167,168,170,171,172,173,177,179,180,186,188,198,199,201,204,205,206,209,212,217,218,219,233,234,235,237,238,239,241,243,244,245,246,247,249,250,251,253,254,255,256,257,259,260,263,264,265,266,267,268,269,270,271,273,274,275,276,277,280,281,282,284,285,287,291,292,293,294,297,298,300,301,302,303,304,305,307,308,310,313,314,317,318,319,322,324,325,326,330,332,334,336,338,343,345,347,348,349,351,354,355,356,357,359,361,365,367,369,370,373,381,385,386,388,394,396,398,405,408,414,420,427,428,429,432,435,437,439,440,442,449,459,462,471,472,474
31,19,21,23,24,25,26,27,28,29,30,31,32,33,34,35,36,37,38,39,40,41,43,46,47,48,49,50,51,52,53,55,57,58,60,61,62,63,64,65,66,67,68,69,71,72,73,74,75,76,79,80,81,84,86,89,91,92,93,95,100,101,103,106,110,111,113,115,127,128,129,130,132,134,136,138,139,141,148,149,150,151,152,154,158,159,160,163,170,171,173,178,179,182,184,189,190,193,197,204,207,210,212,213,214,215,220,229,232,233,234,237,240,245,247,249,250,251,252,255,262,263,266,267,268,269,271,272,273,274,275,277,278,279,280,281,283,284,286,287,290,291,292,293,295,296,297,298,299,300,301,302,303,304,305,306,307,308,309,310,311,312,313,314,315,317,318,319,320,322,323,324,325,326,327,328,330,331,332,333,334,335,336,337,339,340,341,343,345,346,350,351,353,354,355,357,358,362,365,367,369,372,373,374,376,378,379,381,382,383,384,387,390,397,398,399,402,404,412,415,417,424,426,428,429,430,432,434,437,438,440,441,442,443,446,449,452,453,455,462,466,472,553,600,665
32,18,29,34,35,36,37,38,39,40,41,42,43,44,45,49,50,54,55,56,57,59,60,61,62,67,68,69,70,72,73,74,76,78,80,81,83,87,91,92,93,97,99,100,102,103,105,106,108,119,120,121,124,125,126,128,129,130,131,134,138,139,140,141,144,149,151,154,155,158,160,162,174,178,181,182,184,185,190,197,207,208,210,215,220,221,224,228,229,232,233,234,236,238,240,241,245,249,254,255,256,259,262,263,265,267,270,271,277,278,279,280,281,282,288,290,293,295,297,299,300,301,305,306,307,309,312,313,315,316,317,319,322,323,324,327,328,331,334,335,338,339,340,341,343,345,346,347,352,353,355,356,357,359,360,361,362,364,368,371,372,374,379,381,383,384,394,395,410,413,415,416,420,421,423,426,427,430,431,432,434,435,437,439,442,450,455,459,463,465,477,502,570,585,668
33,24,25,26,27,28,29,30,32,33,34,35,36,37,38,39,40,41,43,44,45,46,47,48,49,50,51,52,53,54,55,56,57,58,59,60,62,63,65,67,69,72,76,84,87,88,99,106,110,113,117,118,121,122,123,125,126,127,128,131,132,133,134,135,141,142,144,147,151,153,155,157,159,160,162,163,173,175,176,177,179,183,184,186,189,190,192,195,196,201,208,210,217,218,219,221,225,226,227,240,242,244,246,247,251,252,253,254,255,256,257,258,259,260,261,262,264,266,272,273,275,278,284,285,286,287,290,292,303,308,309,310,311,312,313,314,315,317,318,319,320,321,323,329,333,334,339,340,341,342,344,345,346,347,348,349,353,354,355,357,359,360,361,363,364,367,371,373,374,376,377,379,384,385,388,390,391,394,398,400,401,404,405,409,413,414,416,423,425,429,430,432,434,437,438,443,450,452,456,459,461,462,500,501,538,676
34,25,26,27,29,30,31,32,33,34,37,38,39,40,42,43,44,45,47,48,49,52,53,55,56,58,60,61,62,65,66,67,69,70,71,72,73,74,75,76,78,81,82,83,84,86,87,88,89,90,91,93,95,96,99,101,102,104,111,113,118,120,126,128,130,131,132,133,134,136,137,138,139,140,142,144,146,148,150,161,166,170,174,178,179,181,185,189,191,192,193,195,206,207,212,213,214,216,219,225,228,230,231,237,240,241,244,249,251,252,253,254,255,256,258,260,261,262,263,264,265,266,267,268,276,281,282,284,286,288,289,291,292,293,294,296,297,298,299,302,304,305,306,307,308,310,311,312,313,315,316,317,319,320,322,324,325,326,328,329,330,331,332,334,336,342,343,344,345,346,347,348,349,351,352,353,354,356,357,358,359,360,361,362,369,371,373,376,379,386,392,395,396,397,400,401,406,407,408,410,412,416,417,418,421,423,424,425,426,428,429,439,440,443,446,449,454,455,456,460,461,463,467,468,477,481,482,506,524,535,573,587
35,28,31,32,33,34,35,36,37,38,39,40,41,43,44,45,46,47,48,49,50,53,55,58,60,61,63,64,66,68,69,70,71,72,79,83,84,88,91,99,100,103,106,107,111,119,120,121,122,123,125,127,128,129,130,131,132,133,134,135,136,140,141,142,143,144,146,148,150,152,154,155,158,159,160,161,169,170,174,177,186,196,198,201,210,212,217,218,222,223,224,225,230,231,232,234,238,239,241,242,244,245,248,254,255,261,263,265,270,272,273,280,284,285,292,295,296,297,299,300,301,302,308,310,311,312,313,318,319,320,322,323,324,327,328,329,331,332,333,334,340,345,352,353,354,356,361,362,364,371,374,375,376,377,380,385,386,388,393,398,403,410,413,414,416,421,425,426,438,442,448,473,476,485,490,492,566,572
36,20,25,28,29,31,33,36,37,38,42,43,44,45,47,49,50,51,52,53,54,55,56,57,58,59,60,61,62,63,64,66,67,68,69,70,72,73,74,76,79,84,85,86,87,89,90,93,94,96,98,99,105,117,118,120,124,127,130,133,135,136,142,144,145,147,149,151,152,153,156,157,161,165,169,172,174,177,179,182,184,186,187,189,191,192,193,202,203,205,210,218,219,220,222,223,227,230,231,235,238,239,242,244,246,247,248,250,253,254,256,258,259,260,261,264,267,268,270,271,275,277,278,281,282,283,284,285,289,290,293,294,300,304,305,309,311,312,313,320,321,326,328,330,331,332,334,335,336,337,343,344,346,347,350,352,355,358,367,371,373,374,379,382,385,387,389,390,397,400,406,407,412,413,414,415,420,421,425,443,452,465,487
37,23,25,26,27,28,30,31,33,34,35,36,37,38,39,40,41,42,43,45,46,47,48,49,51,53,54,55,56,57,61,66,68,72,73,74,76,77,78,79,80,81,82,83,84,85,86,87,89,91,92,93,94,95,96,98,99,101,107,111,112,114,115,118,120,123,125,127,128,129,131,132,139,142,144,145,154,161,164,167,168,180,183,185,186,187,188,190,192,193,194,195,198,199,200,208,210,212,213,216,217,221,224,234,236,239,251,256,257,258,259,266,268,271,272,274,275,278,286,288,289,294,297,300,310,312,313,316,317,318,324,328,331,332,333,334,336,338,339,340,344,348,351,352,353,354,356,357,358,359,360,362,363,371,372,373,374,375,377,379,382,386,389,396,398,405,406,408,412,416,418,419,422,423,426,427,428,431,432,434,435,449,451,453,458,460,467,473,510,605
38,27,28,30,33,34,36,37,38,39,40,41,42,43,44,45,46,47,48,49,50,51,53,54,55,56,57,59,60,61,62,65,68,70,75,78,80,81,82,86,94,99,101,111,113,115,118,120,121,123,125,126,127,132,135,136,137,138,143,144,145,147,148,151,152,153,154,157,159,160,166,167,168,171,173,175,176,183,188,190,191,197,205,206,208,211,214,217,220,230,235,239,240,244,245,248,249,254,256,258,260,262,263,266,272,273,275,276,277,280,282,284,287,288,291,296,298,300,301,302,304,308,309,317,318,319,325,326,327,328,330,332,340,341,347,348,350,352,353,365,366,369,373,374,378,382,387,388,391,393,395,398,411,415,418,426,434,438,442,444,460,480,502,551,555,690
39,23,26,28,29,31,32,33,35,37,38,39,41,42,43,44,45,46,48,49,50,52,53,54,55,56,57,58,59,61,62,63,64,65,66,67,68,69,70,72,73,74,75,76,77,81,83,84,85,88,89,96,97,98,99,102,111,125,126,128,129,130,133,135,136,137,139,142,143,146,152,154,157,158,159,162,163,166,169,173,181,182,185,187,188,191,196,198,204,206,207,210,214,217,219,222,224,226,227,228,233,234,236,238,239,242,243,245,248,249,256,257,259,260,261,267,268,270,271,272,273,274,275,276,277,279,283,286,290,291,293,294,295,296,297,300,309,310,312,313,319,320,323,325,326,328,333,334,335,339,344,355,356,357,362,363,365,366,369,373,374,379,381,382,385,386,387,392,402,407,417,423,429,435,446,459,463,465,468,478,576,695
40,23,25,29,30,32,34,35,36,38,39,40,41,42,43,44,45,46,47,50,51,53,54,55,56,58,59,62,63,67,69,71,74,75,76,77,78,79,80,81,82,83,84,85,86,88,90,92,94,95,96,97,99,100,101,104,106,107,112,122,123,124,126,127,128,129,130,131,134,136,138,139,140,142,144,145,147,148,150,152,156,157,158,164,166,168,176,177,181,182,184,187,188,189,190,192,193,194,199,202,206,207,212,215,222,224,229,236,238,243,244,245,248,250,251,255,258,262,264,266,267,268,270,271,274,275,280,281,285,286,289,290,292,294,296,297,300,302,308,311,314,336,341,342,345,351,354,361,370,376,379,385,391,394,399,401,402,417,418,426,442,443,463
41,20,25,26,27,28,36,37,38,41,42,43,44,45,47,48,49,50,51,52,53,54,55,56,58,59,60,61,62,63,64,65,66,68,69,70,71,73,74,77,78,79,80,81,82,83,84,87,88,91,92,93,97,100,101,104,109,110,113,119,125,126,130,131,132,134,136,137,138,140,143,144,145,146,148,149,150,151,153,156,157,160,161,164,167,168,170,172,176,177,178,179,180,181,182,184,185,187,189,190,192,193,196,197,198,200,204,205,208,212,213,215,216,217,218,219,223,224,226,228,231,233,235,236,237,238,241,243,244,245,249,250,251,252,258,264,265,266,267,272,273,274,279,282,283,293,294,295,296,307,317,320,347,358,366,372,373,375,378,379,389,398,408,419,434,442,449,504,560,685,697
42,17,18,22,23,27,30,31,32,33,37,39,40,41,42,43,44,45,46,47,48,50,52,53,54,55,57,58,59,60,61,63,64,65,66,67,69,70,71,72,73,74,75,76,77,78,79,80,81,82,84,85,86,87,90,91,92,93,94,95,97,98,99,100,101,102,103,105,107,108,113,118,119,122,123,125,127,128,129,130,131,132,134,137,138,140,142,143,144,145,146,149,153,154,155,157,158,162,163,171,172,173,174,176,177,178,180,182,184,187,188,191,192,195,197,198,199,202,205,207,209,210,217,219,222,223,226,228,231,236,238,240,241,242,248,249,250,251,253,257,258,259,262,265,266,269,270,272,274,281,282,285,287,288,289,290,291,295,298,303,308,311,314,316,320,322,329,330,332,340,343,347,348,349,351,356,360,362,368,375,376,377,378,384,392,395,396,401,407,412,416,426,430,431,432,442,483,579,613
43,20,27,34,35,36,37,38,39,40,41,42,43,44,45,46,47,48,49,50,52,53,54,55,56,57,58,59,60,61,63,65,66,68,69,70,71,72,73,74,75,76,77,80,81,82,84,85,86,89,91,93,94,95,96,98,100,101,102,103,104,105,106,108,121,122,125,126,128,129,130,131,132,133,134,135,136,137,138,139,140,141,142,143,144,145,146,147,148,149,151,152,153,154,156,158,162,164,165,171,172,176,177,180,182,183,184,185,186,189,190,191,196,198,207,208,209,210,212,213,214,215,216,217,218,221,223,225,227,229,230,232,233,234,236,237,238,239,242,243,245,246,249,251,252,253,256,263,271,272,274,286,287,290,294,298,300,311,319,321,324,347,356,364,377,379,381,389,391,394,395,397,407,408,409,423,424,429,436,437,439,454,468,496,498,568,632,677
44,22,25,29,33,34,36,37,38,39,41,42,43,44,46,48,49,50,51,52,53,54,55,56,57,58,59,60,61,62,63,64,65,66,67,68,69,70,71,72,73,75,76,77,78,79,80,81,83,84,87,88,90,92,94,95,96,98,100,101,102,104,107,109,110,111,113,116,118,119,121,122,123,129,130,131,132,133,134,135,136,137,139,140,141,142,143,144,145,146,147,149,150,151,153,155,156,161,163,164,166,173,174,178,182,183,184,186,189,190,191,192,194,196,199,203,204,205,206,207,209,210,212,213,219,221,222,224,225,226,227,230,231,232,233,234,235,236,237,239,240,242,244,246,247,248,249,252,253,254,255,256,257,260,262,264,266,268,270,271,272,273,274,277,279,281,282,284,287,289,292,293,294,295,298,306,307,318,354,374,377,383,392,393,408,421,423,432,436,437,448,461,511,512,628,664
45,27,29,30,31,32,33,34,35,36,37,39,40,41,42,43,44,45,48,49,50,51,52,55,56,57,58,60,61,62,64,65,69,74,76,77,79,82,83,84,85,86,90,91,95,96,97,98,99,100,101,102,103,104,105,107,108,110,111,113,115,117,119,121,123,124,125,126,127,128,129,130,132,135,136,138,139,141,143,144,145,146,147,154,155,157,158,163,165,167,174,176,177,178,179,180,181,182,183,184,189,190,191,192,193,196,197,198,200,202,203,204,206,207,210,211,212,213,217,219,220,221,222,224,225,226,227,228,229,232,233,234,235,236,238,240,242,243,244,248,252,253,256,258,260,261,262,264,265,271,273,274,275,277,283,288,299,300,304,309,311,312,320,325,330,334,346,352,366,369,376,379,385,394,395,396,398,399,406,407,408,409,413,417,419,422,423,427,431,432,433,434,435,436,439,441,442,444,447,450,452,468,473,474,485,488,489,494,509,517,531,603
46,22,32,33,37,39,40,41,42,43,44,45,46,47,48,49,50,51,52,53,54,55,56,57,58,59,60,62,64,65,67,69,71,72,73,74,75,76,80,86,87,88,89,93,94,95,102,104,107,109,110,120,122,123,124,127,128,130,135,136,137,138,139,141,144,145,146,147,148,149,150,151,152,153,154,157,159,161,162,163,164,165,167,168,172,173,174,175,177,179,180,181,182,183,184,185,187,188,189,191,192,193,194,196,197,198,199,200,201,202,203,204,205,206,207,209,210,212,217,219,221,224,225,228,230,231,232,234,235,237,240,244,246,248,252,256,258,263,266,267,269,271,274,280,281,283,285,287,297,305,313,333,367,410,418,421,432,443,449,454,456,461,473,483
47,24,32,33,35,36,37,39,40,41,45,47,48,49,50,51,52,53,56,59,62,63,64,65,66,67,68,69,70,71,72,73,78,79,80,81,84,87,90,91,92,93,94,95,96,97,98,99,102,103,104,112,113,116,120,125,128,129,131,132,133,135,136,137,138,139,143,144,145,148,150,151,152,153,155,156,158,159,161,162,164,168,170,173,175,179,180,181,182,183,184,185,188,190,191,192,194,195,197,199,200,201,204,206,208,209,210,211,212,213,218,221,223,224,225,226,229,232,233,235,237,240,241,244,249,250,251,255,257,258,267,268,272,274,276,278,285,293,294,295,300,315,317,382,386,387,394,399,414,437,439,443,478,548
48,32,34,36,37,39,40,41,42,43,44,45,46,48,49,50,51,52,53,54,55,58,59,60,61,62,63,64,66,67,68,69,70,71,72,74,77,78,80,81,85,87,88,91,93,97,99,100,101,102,104,106,107,111,114,115,119,122,126,127,128,129,131,132,134,135,138,139,140,141,142,143,144,145,146,147,148,149,151,155,157,158,160,163,164,168,173,174,175,176,177,178,179,180,181,182,183,184,185,188,189,190,192,195,196,197,199,200,201,204,205,206,208,210,218,222,228,231,233,240,247,252,256,259,262,272,285,287,292,297,301,302,316,325,334,355,402,416,686
49,28,29,30,32,33,36,37,41,43,45,46,49,50,51,52,53,54,55,56,57,58,59,60,62,63,64,66,67,68,69,70,71,72,73,75,76,78,79,80,81,82,83,85,86,87,88,89,90,98,100,101,102,103,106,109,110,111,113,115,117,118,120,122,124,125,126,127,128,129,130,133,134,136,140,142,144,146,147,149,150,151,154,156,157,158,159,160,162,164,166,167,169,170,175,180,181,182,183,185,186,187,188,189,190,191,192,193,194,195,196,197,198,199,201,202,203,204,205,206,207,208,209,210,211,213,214,216,218,219,220,222,226,228,230,231,232,233,235,236,241,244,246,249,252,257,258,262,268,271,273,274,281,283,293,306,509,545,696
50,25,27,28,29,32,33,34,35,36,37,38,41,42,43,44,45,46,47,48,49,52,53,55,56,57,59,61,65,67,68,69,71,74,75,76,77,78,80,81,82,83,84,85,86,88,89,91,92,94,95,96,97,98,100,101,102,104,106,108,109,110,111,112,113,114,115,116,118,122,124,125,126,129,131,132,133,134,135,136,140,141,142,143,146,147,149,151,152,154,155,156,157,158,159,160,163,164,166,167,169,170,171,173,174,175,176,177,178,179,180,181,183,186,187,189,190,191,192,194,195,196,197,199,200,201,202,203,205,206,207,209,210,211,212,213,214,215,216,220,221,223,224,225,227,230,231,232,235,237,238,239,241,243,244,249,251,252,255,260,265,266,274,278,284,290,292,294,297,302,306,309,310,312,315,319,325,326,337,429,431,441,471,639
51,30,31,34,35,36,37,38,42,43,45,47,48,49,50,51,53,54,55,57,58,59,60,61,62,64,65,66,67,68,69,70,71,72,74,75,77,79,83,84,85,89,90,91,93,98,99,101,102,103,106,108,110,118,119,120,121,122,124,125,127,128,129,133,135,139,140,141,143,144,147,149,150,151,152,153,155,156,157,158,159,160,162,164,165,166,169,171,172,173,174,176,177,178,179,181,182,183,186,188,189,190,191,192,193,194,196,197,198,199,201,203,204,206,207,209,212,213,215,216,217,218,220,221,222,224,226,229,231,235,237,239,240,242,244,253,257,259,266,272,276,285,287,291,293,296,303,308,313,329,330,334,337,364,376,431,440,443,461,611,651
52,23,24,25,27,28,29,31,32,33,34,35,36,37,38,39,40,43,44,45,46,47,50,51,52,54,55,56,57,58,59,62,63,65,66,67,68,70,71,72,73,74,75,76,77,78,79,81,83,85,86,87,88,89,91,93,94,95,96,97,98,100,103,106,111,116,117,118,120,121,123,124,126,127,128,129,130,131,133,134,135,136,138,139,140,141,142,143,145,146,149,150,152,153,155,156,157,159,160,162,164,167,169,172,174,175,178,182,183,184,186,188,189,190,193,195,197,199,200,206,208,209,210,214,219,227,228,229,231,233,234,235,236,244,248,249,253,254,255,256,257,260,271,276,277,279,280,285,294,312,314,318,321,332,336,341,342,362,367,397,405,409,432,438,445,448,450,452,463,693
53,21,22,27,28,32,33,34,36,37,38,39,40,41,43,44,45,46,49,50,51,52,53,54,55,56,57,58,59,61,62,63,64,65,66,69,70,71,72,73,81,83,87,88,89,90,91,92,94,97,99,104,106,107,108,113,114,116,118,121,123,134,135,136,137,138,140,141,142,146,147,148,150,151,153,155,156,157,159,160,161,162,163,164,165,166,167,168,169,170,171,172,173,174,175,176,177,178,181,184,185,187,189,190,191,195,198,202,207,208,210,213,217,220,223,225,228,232,234,235,236,237,239,248,250,255,277,278,279,280,282,288,297,304,309,310,340,397,417,422,437,482,508,520,539,624
54,14,25,26,27,29,30,31,33,35,36,37,38,40,42,44,45,46,47,49,56,58,59,60,61,62,63,65,67,68,69,70,71,72,73,74,75,77,78,79,80,81,82,83,84,85,86,87,89,90,91,93,94,96,97,98,99,105,106,111,117,119,120,122,123,124,125,128,129,130,131,133,134,135,138,141,143,146,147,149,151,153,155,164,180,181,182,185,188,189,190,191,192,193,194,196,197,199,200,201,202,203,204,205,207,209,210,214,215,219,221,225,226,230,233,234,236,237,244,252,253,259,260,270,273,275,291,292,304,305,309,318,323,330,397,398,431,433,447,519
55,26,28,29,32,34,35,36,37,38,39,40,41,42,43,44,45,46,47,49,50,51,52,57,59,60,62,63,67,69,70,71,72,74,77,78,80,81,88,89,90,92,93,94,95,96,97,98,99,100,102,103,104,105,106,108,110,114,116,117,123,125,126,127,128,129,131,133,134,135,136,138,139,141,142,143,144,145,146,147,148,149,150,152,154,159,169,171,174,175,177,180,183,184,187,188,189,190,194,195,201,202,203,215,216,218,219,221,223,229,230,231,233,240,242,247,250,251,253,259,262,272,283,287,429,436,477,481,514,698
56,25,27,31,33,34,35,38,41,42,43,44,45,46,47,48,49,50,51,52,53,54,55,56,58,59,60,61,62,63,64,65,66,67,68,69,71,72,73,74,75,77,80,84,85,90,92,94,95,96,97,109,110,112,113,114,115,120,122,126,127,132,133,134,135,136,138,139,141,142,143,144,155,156,157,158,159,160,162,167,170,171,172,175,177,178,179,180,181,182,183,186,187,188,190,191,192,193,196,198,201,203,205,207,209,210,212,215,216,220,221,229,230,234,235,236,237,241,247,248,258,265,275,281,313,320,330,351,438,466,487,675
57,25,26,27,28,31,33,34,35,36,37,38,41,43,44,45,50,52,56,57,58,59,60,61,62,63,65,66,67,72,73,75,77,79,81,82,83,84,86,87,88,89,91,92,93,96,98,99,103,106,110,111,112,121,128,137,140,142,143,147,149,151,153,155,157,159,160,161,165,166,168,170,171,175,180,182,186,187,197,199,212,213,214,217,218,223,224,227,228,232,237,239,244,249,252,255,256,257,267,269,271,283,284,290,292,295,317,321,333,355,419,432,473,518,593
58,30,32,33,36,37,38,39,40,41,42,43,46,47,48,49,50,51,53,54,55,57,58,60,61,62,63,67,68,73,74,76,79,80,83,84,88,90,92,94,95,97,100,106,113,118,121,126,127,128,129,130,131,132,133,134,136,137,141,143,145,146,147,148,149,151,153,154,155,156,157,159,162,163,164,168,169,170,172,173,174,179,182,183,184,185,187,191,192,197,198,210,211,216,222,225,235,241,270,275,277,300,302,363
59,25,28,33,34,35,38,39,41,43,44,45,46,47,49,50,51,53,54,55,56,59,60,61,64,66,68,69,70,71,74,75,76,77,78,80,81,82,83,85,87,88,89,90,92,93,94,100,101,102,104,108,111,114,121,123,132,134,136,138,139,145,148,152,155,156,157,159,162,163,165,168,172,187,191,192,196,199,200,203,206,209,212,214,221,234,237,240,247,248,252,255,265,267,270,271,273,278,486,488,597
60,32,35,38,41,42,43,44,45,46,47,48,49,50,51,53,54,57,58,59,60,61,64,65,66,68,73,74,75,78,79,80,84,85,87,88,90,91,92,95,97,98,99,100,103,106,107,109,111,118,125,131,133,136,140,149,150,153,154,155,156,157,163,166,167,168,170,172,178,182,183,185,190,192,196,199,205,206,209,213,214,218,226,233,242,244,248,254,265,394,600,628,657
61,25,31,37,40,42,45,48,51,52,53,54,55,56,57,59,60,62,68,69,71,75,77,79,82,84,88,91,95,96,108,116,132,135,141,144,150,151,168,181,183,184,188,191,195,199,200,204,205,206,214,216,222,224,249,310,390,691
62,34,35,39,43,45,47,49,53,55,59,61,64,65,66,72,73,78,83,87,88,92,94,95,96,97,98,106,108,141,161,215,239,339,621
63,33,35,38,49,51,56,63,77,78,87,92,102,103,108,110,136,142,144,170,272,335,541,615
64,18,57,66,69,73,83,84,85,87,88,89,101,108,109,111,117,122,671
65,28,81,133,450,640
66,260,334,487
67,13,374,519
68,91,564
69,319,539
70,8,68,312,404,553
71,97,302,307,437
72,41,194,315,515,561,617,666
73,495
74,279,333,577,616,679
75,135,500,678
76,417,426,467,587
77,248,264,320,548,639
78,495,513,546
79,382,421,470
80,70,78,357,391,606
81,306,620,633
82,200,299,546,563,638
83,66,151,247,297,604,649
84,
85,
86,
87,
88,
89,
90,
91,
92,
93,
94,
95,
96,
97,
98,
