0
0,332
1,11,145,240,308,314,315,428,482,584,596,623
2,219,309,482,490,674
3,
4,153,317
5,103,139,236,270,311,419,473,543,590
6,118,230,313,448,556,565,576,578,579,580,582,585,597,660
7,12,70,79,115,200,474,581,583,588,589,612,613,623
8,12,71,72,77,79,100,146,294,382,440,513,579,580,589,594,603,605,608,610,611,615,622,636
9,63,65,66,67,68,71,72,73,74,75,76,84,88,89,95,97,104,223,229,356,364,376,489,587,593,598,602,605,609,613,615,617,632,633,639
10,62,66,67,68,70,71,74,76,77,78,79,80,81,82,83,84,87,88,89,90,91,92,93,94,95,96,98,99,100,103,104,105,106,107,108,112,114,115,117,137,140,232,271,332,584,595,601,604,608,622
11,62,64,66,67,68,69,70,71,72,73,74,75,76,77,78,79,80,81,82,83,84,85,86,87,88,89,90,91,92,93,94,96,97,98,99,100,101,102,104,106,107,109,110,112,115,116,118,119,129,130,131,132,136,138,140,151,166,171,180,208,282,283,574,660
12,33,59,60,63,65,67,70,71,72,73,74,75,76,77,78,79,80,81,82,83,84,85,86,87,88,89,90,91,92,93,94,95,96,97,98,99,100,101,102,103,104,105,107,108,109,110,111,112,113,114,115,116,118,119,120,122,123,124,127,131,132,137,138,141,143,146,149,151,155,156,158,161,162,164,165,166,167,173,178,179,180,190,191,226,234,237,254,268,407,417,522,562,564,573,577,588,590,650
13,58,61,62,63,64,66,67,68,69,70,71,72,73,74,76,77,78,79,80,81,82,83,84,85,86,87,88,89,90,91,92,93,94,95,96,97,98,99,102,103,104,105,106,107,108,109,111,112,113,114,115,116,117,118,119,120,121,123,124,125,126,127,128,129,130,131,134,135,136,137,138,139,140,145,147,148,150,152,153,154,157,159,160,161,165,166,168,171,172,174,178,179,180,185,192,193,195,211,384,407,457,526,558,579,604,624,628,647
14,49,59,61,62,63,65,66,67,68,69,70,71,72,73,74,75,76,77,78,79,80,81,82,83,85,86,87,88,89,90,91,92,93,94,95,96,97,98,99,100,101,102,103,107,108,109,110,111,112,113,114,116,117,119,120,121,122,124,125,127,128,130,131,132,133,135,136,137,139,140,142,143,144,145,147,150,152,156,159,161,164,168,169,171,174,178,184,185,186,192,195,196,198,200,213,217,220,223,237,243,282,444,540,542,555,557,560,571,580,585,587,588,590,599,605,624,634,638,666,669,679
15,60,61,62,63,64,65,66,69,70,71,72,73,74,75,76,77,78,79,80,81,82,83,84,85,86,87,88,89,90,91,92,93,94,95,96,97,98,99,100,101,102,103,104,105,106,107,108,109,110,111,112,113,115,118,119,120,121,122,123,125,126,127,128,129,130,131,132,133,134,135,137,138,139,141,142,144,145,147,148,149,150,152,153,154,159,160,162,163,164,165,167,169,170,172,173,174,175,177,179,181,182,183,185,187,191,192,193,196,198,209,211,212,239,240,275,276,295,305,325,341,344,537,565
16,60,63,64,67,68,69,70,71,72,73,74,75,76,77,78,79,80,81,82,83,84,85,86,87,88,89,90,91,92,93,94,95,96,97,98,99,100,102,103,104,106,107,108,109,110,111,112,113,114,115,116,117,118,119,120,121,122,123,124,126,127,128,129,130,131,134,135,136,137,138,140,141,143,144,145,148,149,154,155,157,158,159,160,161,162,164,165,166,167,168,170,171,172,173,174,176,177,178,181,182,184,185,188,198,199,200,202,204,205,206,210,211,212,213,214,216,218,219,231,237,239,241,255,261,275,283,290,410,426,693
17,32,58,59,60,64,70,72,74,75,76,78,79,80,81,82,83,84,85,86,87,88,89,90,91,92,93,94,95,96,97,98,99,100,101,102,103,104,106,107,108,109,110,111,112,113,114,115,116,117,118,119,120,122,123,124,126,127,128,129,130,131,132,133,134,135,136,137,138,140,141,142,144,145,146,148,152,153,155,159,161,162,165,166,167,168,169,170,174,175,176,177,178,181,182,184,185,186,187,188,189,190,191,193,194,195,196,197,198,199,202,203,204,205,207,208,211,214,216,222,224,227,229,230,234,239,246,248,250,251,252,256,259,260,263,267,286,288,315,324,333,496,499,520,522,533,538,540,544,561,602,639
18,62,67,68,69,70,72,73,75,76,77,78,79,80,81,82,83,84,85,86,87,88,89,90,91,92,93,94,95,96,97,98,99,100,101,102,103,104,105,107,108,109,110,111,112,114,115,116,117,118,119,120,121,122,123,124,125,126,127,128,129,130,131,132,134,135,136,137,139,140,142,143,144,145,146,147,148,149,150,152,156,157,158,162,165,167,168,169,170,171,172,173,174,175,176,177,178,179,180,181,182,183,184,185,186,187,188,189,190,191,192,193,194,195,196,197,198,199,200,201,202,203,204,205,206,207,208,209,210,211,212,214,215,216,217,218,219,220,221,222,223,224,225,226,227,228,229,230,231,232,235,237,238,239,243,244,247,248,249,251,257,258,262,263,265,267,269,275,278,279,285,287,297,300,313,320,357,364,375,428,467,494,637
19,66,71,72,74,75,76,77,78,79,80,81,82,83,84,85,86,87,88,89,90,91,92,93,94,95,96,97,98,99,100,101,102,103,104,105,106,107,108,109,110,111,112,113,114,115,116,117,118,119,120,121,122,123,124,125,126,127,128,129,130,131,132,133,134,135,136,137,138,139,140,141,143,144,145,146,148,149,150,151,153,154,155,156,157,158,159,161,162,165,166,167,168,169,170,171,172,173,174,175,176,177,178,179,180,181,182,183,184,185,186,187,188,189,190,191,192,193,194,195,196,197,198,199,200,201,202,203,204,205,206,207,208,209,211,212,213,214,215,216,217,218,219,220,222,223,224,225,226,227,228,229,230,234,235,236,238,239,240,241,242,244,245,246,247,248,249,250,252,254,255,257,258,259,261,262,263,264,266,267,269,270,271,275,280,283,284,286,288,289,294,295,298,299,301,304,305,314,316,323,339,340,360,362,363,364,421,509,529
20,60,68,71,72,73,76,78,79,80,81,82,83,84,85,86,87,88,89,90,91,92,93,94,96,97,98,99,100,101,102,103,105,106,107,108,109,110,111,112,113,114,116,117,118,119,120,121,122,123,124,125,126,127,129,130,131,132,133,134,135,136,137,138,139,140,141,142,143,144,145,146,147,148,149,150,151,152,153,154,155,156,157,158,159,160,161,162,163,164,165,166,168,169,170,171,172,173,174,175,176,177,178,179,180,181,182,183,184,185,186,187,188,190,191,192,193,194,195,196,197,198,199,200,201,202,203,204,205,206,208,210,211,212,213,214,215,216,217,218,219,220,222,224,226,227,229,230,234,235,236,237,239,240,241,242,243,244,246,247,248,251,252,253,254,256,259,261,262,263,265,267,268,269,274,277,278,285,286,287,291,294,297,298,299,300,301,306,318,332,344,346,347,350,390,515
21,68,70,73,75,76,77,78,80,81,82,83,84,85,86,87,88,90,91,92,93,94,96,97,98,99,100,101,102,103,104,105,106,107,108,109,110,111,112,113,114,115,116,117,118,119,120,121,122,123,124,125,126,127,128,129,130,131,132,133,134,135,136,137,138,139,140,143,144,146,147,148,149,150,151,152,153,154,155,156,157,158,159,160,161,162,163,164,165,166,167,168,169,170,171,172,173,174,175,176,178,179,180,184,185,186,187,189,190,191,192,193,194,195,197,199,200,201,202,203,204,205,206,207,208,209,210,211,212,213,214,215,216,217,218,219,220,221,222,223,224,225,226,227,229,230,231,235,236,237,239,242,243,245,247,249,250,252,254,255,256,257,258,259,260,261,264,266,268,271,275,276,277,280,281,282,284,285,288,293,296,297,300,301,309,311,315,322,325,331,332,347,373,374,541,689
22,68,69,70,73,74,75,78,79,81,82,83,85,86,87,88,89,90,91,92,93,94,95,96,97,98,99,100,101,102,103,104,105,106,107,108,109,110,111,112,113,114,115,116,117,118,119,120,121,122,123,124,125,126,127,128,129,130,131,132,133,134,136,137,138,139,140,141,142,145,147,148,149,150,151,152,153,154,155,156,157,158,159,160,161,162,163,164,165,166,167,168,169,170,172,173,174,175,176,177,179,180,181,182,183,184,185,186,188,189,190,191,192,193,194,195,197,199,200,201,202,203,204,205,206,207,208,209,210,211,212,213,214,215,217,218,219,220,221,222,223,225,226,227,228,229,233,235,236,238,242,243,245,246,248,249,251,252,254,255,256,258,259,261,263,264,265,266,269,270,272,275,276,277,279,280,283,286,289,297,300,304,311,313,314,318,321,326,337,344,348,351,353,356,360,366,380,385,613
23,16,30,70,76,79,80,81,82,84,85,86,87,88,89,91,92,93,94,95,96,97,98,99,100,101,104,105,106,107,108,109,110,111,112,113,114,116,117,119,120,121,122,123,124,125,126,127,128,129,130,131,132,133,135,136,137,138,139,140,141,143,144,145,146,148,149,150,151,152,153,154,155,156,157,158,159,160,162,168,169,170,171,172,173,174,175,176,177,178,179,180,181,183,184,185,186,187,188,189,190,191,192,193,195,196,197,198,199,201,202,203,204,205,206,207,208,209,210,211,213,214,215,216,217,219,220,221,222,224,225,226,228,229,230,232,233,236,237,239,240,241,242,243,244,245,247,248,249,250,251,253,254,255,256,257,259,260,262,265,266,267,270,275,278,279,280,283,286,289,292,293,300,304,310,312,314,323,334,340,358,425,456
24,7,69,77,79,80,81,83,85,87,91,92,93,94,95,96,98,99,100,101,102,103,104,106,107,108,109,110,111,112,113,114,115,116,117,119,120,121,123,124,125,126,127,128,129,130,132,133,134,135,137,138,139,140,141,142,143,144,146,147,148,149,150,151,153,155,156,157,158,160,161,162,163,164,166,167,168,169,170,171,173,174,176,177,178,180,181,182,183,184,185,186,187,188,189,190,191,192,193,194,195,196,197,198,199,201,202,203,204,205,207,210,212,213,214,215,216,217,218,219,221,222,224,225,226,227,230,231,232,233,235,239,241,242,243,244,246,248,250,251,253,255,256,257,258,259,264,266,267,270,271,272,277,278,280,283,284,288,302,303,305,307,309,313,316,321,327,329,333,340,347,353,364,390,405,454,466,678
25,65,71,82,85,87,88,89,90,91,92,94,95,96,97,98,99,100,101,102,105,106,107,108,109,110,111,112,113,114,115,116,117,118,119,120,121,122,123,124,125,126,127,128,129,130,131,134,135,136,137,139,140,141,143,144,145,146,147,148,149,150,151,152,154,156,157,158,159,161,162,164,166,167,169,170,171,172,173,174,175,176,177,178,180,181,182,183,184,185,186,188,189,190,191,192,193,194,195,196,197,198,199,200,201,202,203,204,205,206,207,208,209,210,211,212,213,214,215,216,217,218,219,220,221,225,226,227,228,230,233,236,239,241,242,244,245,246,247,250,252,255,256,259,260,263,265,266,267,268,269,272,273,276,281,282,287,289,292,306,308,309,312,322,335,340,344,359,360,374,375,433,541,587,632
26,78,83,85,87,88,90,91,92,93,94,95,96,97,98,100,101,102,103,104,105,106,107,108,109,110,111,112,113,114,115,116,118,119,120,121,122,123,124,125,127,128,129,130,131,133,134,135,136,137,138,139,140,142,143,144,145,146,147,148,149,150,151,152,155,156,157,158,160,161,162,164,165,166,167,168,169,170,172,173,174,175,176,177,179,180,181,182,183,184,185,186,187,188,189,190,191,192,193,194,195,196,197,198,199,200,201,202,203,204,206,207,210,211,212,214,215,217,218,220,221,222,223,224,225,226,227,228,229,231,232,233,234,235,239,247,248,250,251,253,257,258,260,261,262,266,267,270,271,272,273,281,285,288,289,296,300,303,305,309,312,322,323,325,326,328,330,343,348,349,390,416,691
27,78,79,81,86,88,89,90,91,92,93,94,95,97,98,99,101,103,104,105,106,107,108,109,110,111,112,113,114,115,116,117,118,119,120,121,122,124,127,128,130,131,132,133,134,135,136,138,139,140,141,142,143,144,145,146,147,148,149,151,152,153,154,155,156,158,159,160,161,162,164,165,166,167,168,169,171,174,176,177,178,179,180,181,182,184,185,186,187,188,190,191,192,193,194,195,196,197,198,199,200,201,202,203,205,209,210,214,215,216,217,218,219,222,223,224,225,226,227,229,230,231,233,234,235,236,237,238,239,240,242,246,247,250,251,252,255,257,259,265,267,268,269,273,276,280,291,292,294,295,298,299,301,302,303,310,313,315,316,318,326,328,330,337,339,348,351,359,364,366,372,379,442,450,548,696
28,87,89,91,92,94,96,97,99,100,101,103,104,105,107,108,109,110,111,112,113,114,115,116,117,118,119,120,121,122,123,124,125,126,127,128,129,130,131,133,134,135,137,138,139,141,142,143,144,145,147,148,149,150,151,152,153,154,155,157,158,161,162,163,165,166,167,168,169,170,171,173,175,176,177,178,179,180,181,182,184,185,186,187,188,190,191,192,193,194,195,196,197,199,200,201,203,204,205,207,208,209,210,211,212,213,214,216,218,220,221,222,223,224,225,226,227,228,229,230,231,232,233,234,235,236,238,239,240,243,245,246,248,250,252,254,256,257,258,259,260,262,268,269,270,272,273,274,276,277,278,286,287,288,293,299,301,303,309,311,312,316,322,324,330,332,334,342,356,366,367,376,387,396,403,425,444,544
29,77,82,83,91,96,97,100,101,102,103,104,105,106,107,108,109,111,113,114,115,116,117,118,121,122,124,125,126,127,128,129,132,134,135,136,137,138,140,142,143,144,145,146,147,148,150,151,152,153,155,157,158,162,163,164,165,166,167,168,169,179,180,181,182,184,185,186,187,188,189,190,192,194,195,196,197,198,199,200,201,203,206,207,208,210,211,213,214,215,216,217,218,219,220,221,222,223,224,226,227,228,229,230,231,233,234,235,236,237,238,240,241,242,243,244,246,248,249,251,254,255,256,257,258,259,261,262,263,264,266,267,268,274,275,276,277,278,279,280,281,282,283,284,285,286,287,288,290,292,295,297,300,307,308,310,314,318,319,324,326,327,332,349,356,362,367,372,397,417,435
30,85,86,87,88,91,92,94,95,96,97,98,99,100,101,102,105,106,107,109,110,111,113,114,118,119,120,123,126,128,129,130,131,132,135,137,138,139,140,141,142,144,145,147,149,150,153,155,159,160,161,163,164,166,172,174,175,177,178,179,180,182,184,185,188,189,190,191,192,194,195,196,197,198,199,200,201,202,203,204,205,207,208,209,212,213,215,218,220,221,222,223,224,226,227,228,229,231,232,233,234,235,236,237,238,241,242,243,245,246,248,249,250,251,252,253,256,257,260,261,262,263,264,265,267,269,270,273,274,275,279,281,283,285,290,291,293,294,295,299,306,307,308,309,310,311,314,316,318,320,322,324,325,330,332,337,340,349,352,353,355,356,361,366,385,386,389,419,469,557
31,79,85,87,90,93,94,96,97,98,99,100,101,102,103,104,105,106,107,108,112,113,114,115,116,117,118,120,121,123,124,125,126,127,128,129,130,133,134,135,137,138,141,142,143,144,146,149,150,151,154,155,156,157,158,159,160,162,164,165,166,168,173,174,175,176,181,182,183,184,185,186,187,188,189,191,192,196,197,198,199,200,202,203,205,207,208,209,210,211,212,213,214,215,216,219,220,222,223,224,230,231,232,233,236,237,238,241,245,246,247,248,249,252,253,260,261,262,263,265,266,267,268,271,272,273,275,276,278,281,282,284,289,290,292,293,295,297,305,307,308,310,312,326,328,329,332,334,337,342,344,347,350,355,358,359,366,370,373,382,383,402,406,420,426,445,451,474,499,502,507,562
32,11,20,80,84,87,88,91,92,96,97,98,99,100,101,102,103,104,106,108,109,111,112,115,119,121,124,125,126,127,129,130,131,132,137,138,139,140,141,144,146,149,151,153,155,160,161,163,167,169,170,185,187,189,190,191,192,193,195,196,197,198,202,204,205,206,207,208,209,211,212,214,215,217,218,219,220,223,224,225,226,227,229,231,232,235,237,239,240,241,243,245,247,248,249,251,253,254,255,256,257,260,262,264,265,267,269,270,273,277,278,279,280,281,282,283,284,289,292,295,296,298,299,301,302,305,309,311,315,316,317,319,320,321,323,328,334,340,341,344,348,350,359,364,377,381,386,397,407,414,416,454,524
33,74,81,83,85,86,87,88,90,91,92,93,95,96,100,101,103,104,105,106,107,109,112,113,114,115,116,117,118,119,120,123,124,125,129,130,131,132,133,135,137,138,139,142,144,150,159,162,165,169,172,173,175,178,184,185,189,190,193,197,199,201,202,206,207,209,211,212,214,215,216,218,220,221,222,223,224,226,228,229,233,237,238,240,244,246,249,252,253,254,257,259,261,265,268,269,272,273,276,277,279,281,283,284,285,287,288,290,294,302,309,311,312,313,316,317,322,324,325,326,338,344,346,347,351,354,355,358,362,368,370,372,376,388,415,587,623
34,81,83,84,85,88,89,90,91,92,93,95,97,98,100,101,102,104,105,106,109,110,111,112,113,114,115,117,118,119,122,124,125,126,127,128,130,131,135,137,139,140,144,148,149,154,155,156,162,163,167,169,172,173,175,177,179,180,181,184,186,187,188,193,195,196,197,198,199,203,204,205,206,207,208,209,212,213,219,220,221,223,226,227,229,230,239,241,244,246,247,248,253,256,257,258,259,264,265,266,267,268,269,271,272,275,277,280,286,291,292,313,316,317,318,320,324,330,343,351,360,365,392,401,421,466
35,63,78,82,83,89,91,92,93,95,96,98,99,100,104,105,106,109,112,114,116,117,118,119,121,122,123,125,133,134,136,137,139,140,145,146,147,151,154,159,165,170,171,174,175,176,177,180,181,183,184,185,188,189,190,192,193,194,197,199,200,202,205,206,207,208,209,210,213,216,219,222,225,227,228,229,233,234,235,238,239,242,244,246,247,249,252,253,258,259,263,265,266,268,269,273,274,275,278,284,285,291,303,306,316,330,332,338,341,346,358,367,696
36,82,87,89,91,92,94,98,99,101,103,105,107,108,113,114,115,116,119,120,122,124,128,129,132,135,136,137,139,140,141,142,143,144,145,146,147,148,150,151,152,154,158,159,160,161,167,169,172,174,177,178,179,180,182,185,186,187,188,191,194,197,198,199,200,202,204,206,209,212,214,215,218,221,223,224,225,227,237,244,245,247,250,251,252,253,255,257,258,260,261,262,268,269,271,272,278,279,280,281,284,286,289,291,296,297,307,321,327,341,347,354,356,361,362,364,365,367,370,374,382,414,513
37,83,85,86,87,89,91,93,95,99,100,101,102,103,104,107,110,111,112,113,114,116,117,118,119,123,125,126,128,129,131,132,133,135,138,139,141,142,144,146,148,149,151,154,155,157,158,163,172,179,181,182,186,187,188,190,191,193,194,195,196,197,198,200,201,202,205,206,207,209,210,211,212,213,215,216,218,219,222,224,226,227,228,229,231,232,234,235,237,240,241,242,250,253,254,255,264,267,269,272,273,274,282,287,289,290,292,298,300,301,307,309,316,320,329,335,338,339,340,345,349,354,368,399,403,408,529,637
38,92,93,94,95,97,98,101,102,103,104,105,107,108,109,110,111,112,113,115,117,118,119,120,123,124,129,131,132,133,134,139,140,141,143,144,145,146,148,149,150,151,152,153,158,162,170,171,172,173,177,180,181,185,191,193,197,198,199,201,203,204,206,207,208,210,211,213,214,217,218,219,221,222,225,226,227,228,229,230,231,232,236,240,245,246,247,248,250,251,254,258,259,260,261,263,265,270,271,272,276,277,282,283,284,285,287,294,297,301,302,303,304,305,313,315,318,320,322,324,326,328,331,336,337,340,343,359,383,444
39,97,100,102,105,106,108,111,114,115,116,117,118,119,120,121,122,123,124,125,129,131,133,134,135,137,138,140,141,146,149,151,152,154,155,159,162,164,165,170,178,184,187,190,191,192,197,204,205,210,211,213,214,215,220,221,222,224,226,227,228,230,231,234,236,237,238,239,241,242,244,246,248,250,251,252,254,255,256,257,259,262,263,266,267,268,271,272,273,274,275,278,279,280,282,284,288,289,294,296,298,301,303,307,310,314,323,327,331,333,351,365,369,377,398,403,408,429,438,461,476,478,613,643,699
40,10,27,37,83,88,92,95,97,100,105,106,107,109,110,111,114,115,116,117,120,122,123,125,126,127,128,129,130,132,135,136,138,139,141,142,144,145,147,149,150,152,156,159,161,162,163,165,167,169,173,174,175,177,181,182,183,184,190,192,196,198,199,202,203,204,208,211,216,218,221,222,223,224,226,228,231,232,233,234,237,240,243,245,246,251,253,254,255,256,258,259,260,262,263,265,267,271,273,276,277,278,283,286,288,290,292,296,298,300,301,302,304,306,309,310,315,317,318,320,321,322,323,329,336,344,345,357,361,371,382,390,399,403,418,437,438,460,579,666
41,91,93,95,97,98,99,101,104,107,108,109,110,111,112,116,118,120,122,123,124,125,126,128,129,131,132,134,135,136,138,139,142,143,144,145,146,147,148,150,151,154,155,156,157,158,161,162,165,168,170,172,173,181,184,185,186,195,197,198,199,201,204,207,212,216,217,218,219,228,231,232,236,239,245,248,250,257,261,263,266,273,274,276,277,281,283,286,289,291,292,295,297,300,302,307,309,312,316,330,335,337,338,345,358,366,377,379,401,403,417,419,425,428,462,493,537,683
42,91,94,100,102,103,104,105,106,107,108,109,111,113,114,117,118,119,120,126,127,128,130,135,138,141,143,147,148,151,154,156,157,158,161,169,171,181,186,187,192,195,196,197,199,202,203,206,210,213,215,218,219,220,221,222,225,226,230,231,232,235,236,241,245,246,247,248,250,253,256,259,261,262,263,264,265,266,268,271,274,279,285,290,293,303,304,311,312,313,316,322,326,334,338,343,347,354,358,362,370,375,384,394,398,430
43,20,95,99,103,104,105,106,108,109,110,111,112,113,114,115,116,117,118,120,121,122,123,126,127,129,131,132,133,134,136,137,139,142,144,146,147,153,154,160,161,166,170,173,178,179,188,189,191,192,195,197,198,203,207,209,212,213,214,216,218,223,225,226,230,241,244,248,254,262,263,265,267,269,271,272,273,276,278,281,285,289,290,293,297,302,304,314,315,327,333,334,338,341,347,349,369,403,417,420,656
44,94,97,98,101,104,106,107,108,111,112,115,116,118,119,120,121,123,125,129,133,134,136,137,139,140,141,143,144,146,148,149,151,152,154,155,156,159,162,163,165,166,168,170,176,178,180,187,198,200,202,205,211,218,221,223,230,233,234,236,239,240,245,249,251,253,259,263,268,273,275,278,282,285,292,294,297,299,304,306,307,309,310,312,336,342,349,351,357,367,372,379,397,399,408,422,427,436,437,452,455,482
45,1,89,99,100,101,104,105,106,107,108,110,112,113,114,115,118,119,121,125,128,130,131,132,133,136,138,139,141,143,145,146,148,157,161,163,164,166,168,174,176,178,179,185,191,192,198,201,203,210,213,215,216,217,225,227,230,233,237,242,244,245,247,249,252,253,254,255,257,260,261,264,265,266,268,269,272,273,278,279,285,288,291,296,300,302,306,310,315,318,320,326,330,332,335,336,343,347,350,353,360,386,403,409,410,426,427,455,643,678
46,92,95,96,97,99,101,102,106,107,108,109,116,117,118,119,120,121,122,124,125,126,127,128,129,130,131,132,135,136,137,139,140,141,143,144,145,148,149,151,152,153,154,157,158,159,160,164,166,169,181,185,190,193,194,195,196,197,200,201,202,203,214,215,216,218,219,220,222,227,241,242,247,248,249,251,255,258,262,264,265,268,270,273,277,278,279,280,282,284,285,289,290,295,302,305,307,311,312,319,320,330,333,335,337,341,360,362,370,379,386,397,450
47,95,96,98,101,102,105,107,108,110,111,113,115,116,117,119,121,122,124,125,126,127,128,130,134,135,136,138,139,140,141,142,145,146,147,150,151,152,154,155,156,158,160,161,162,164,168,169,172,177,178,180,186,187,201,205,212,215,216,226,230,235,236,239,241,242,248,256,258,259,260,263,264,265,268,272,276,277,286,287,288,296,297,302,309,310,319,322,327,329,338,346,348,351,358,380,381,382,383,396,406,440,449,530,613
48,99,100,101,105,106,108,109,110,111,112,113,114,115,116,120,121,122,124,125,126,127,128,130,131,137,140,143,144,148,149,152,156,157,159,160,161,167,170,171,172,179,180,181,190,196,201,205,206,207,215,220,224,225,228,230,234,235,240,244,247,248,249,251,252,256,257,258,261,262,264,265,266,269,276,281,285,291,295,301,310,311,321,324,327,330,331,332,345,350,360,361,362,380,386,388,480,589
49,90,103,104,105,107,109,110,111,112,113,115,116,118,119,120,121,123,124,126,129,130,132,133,134,135,136,137,138,139,140,141,142,143,144,145,147,148,149,150,153,154,155,156,157,159,162,164,165,166,168,171,173,175,178,179,180,191,192,198,202,203,204,206,208,210,212,215,219,220,221,226,227,231,232,239,243,244,245,246,248,250,253,256,257,259,261,267,271,273,274,276,277,278,283,288,290,291,292,294,299,300,301,306,308,310,312,318,321,323,335,336,339,341,346,347,350,354,366,369,371,376,385,409,418,423,457,586,606
50,96,99,103,104,105,107,110,111,112,113,114,115,116,117,120,121,122,123,124,126,128,130,132,133,135,136,137,138,140,143,146,147,148,149,151,153,157,158,159,160,161,162,166,167,168,169,170,171,176,179,181,183,185,188,192,197,202,205,206,209,211,212,213,214,217,221,222,225,226,229,233,239,244,245,247,251,252,253,255,256,257,258,259,260,265,267,268,269,273,276,277,282,284,286,292,293,294,299,304,306,309,315,322,323,328,331,334,339,340,353,359,377,405,409,422,472,477,579,601,606
51,91,94,96,105,107,109,110,111,112,113,114,115,118,119,120,123,124,126,127,128,129,130,131,133,134,135,137,138,139,141,142,144,148,149,150,152,153,154,156,160,161,165,166,168,169,170,171,172,173,176,179,181,182,190,195,199,204,205,207,211,212,214,215,216,218,219,221,224,232,233,240,243,248,249,252,260,261,264,265,266,268,270,277,278,279,281,283,286,289,293,294,297,298,299,301,307,314,316,322,328,329,331,338,339,344,349,350,364,384,402,469,480,491,495,627
52,66,103,105,106,107,108,109,110,111,112,113,114,115,116,117,118,122,123,125,128,129,130,132,133,137,138,140,141,145,146,147,148,149,151,153,154,156,157,158,160,162,163,164,165,166,167,174,176,177,178,180,183,188,189,192,194,195,197,198,204,205,206,207,210,216,217,218,220,221,225,226,233,240,242,245,250,252,255,256,259,261,262,264,266,267,268,270,271,272,274,275,291,295,296,298,301,303,305,307,318,319,332,334,340,346,352,355,356,364,365,367,370,371,373,417,470,649,668
53,11,102,105,106,107,108,112,114,116,117,118,119,120,121,125,126,128,129,130,131,133,134,136,137,138,140,141,142,143,144,145,146,148,153,155,156,157,158,159,161,164,165,167,168,171,172,173,178,179,181,199,202,208,215,219,222,225,227,229,230,232,235,237,239,240,241,244,245,249,256,257,258,259,260,261,262,264,266,267,270,273,274,275,276,278,279,280,283,284,286,287,288,289,292,293,296,298,304,310,313,314,316,318,320,321,322,323,326,328,344,377,378,392,421,438,632,638,682,695
54,45,95,98,102,103,105,106,107,111,113,114,115,116,117,118,120,123,125,126,127,128,130,131,135,136,137,138,142,143,144,146,147,148,150,151,152,153,154,155,156,157,158,159,160,163,165,168,170,172,173,176,177,179,180,181,184,187,193,196,201,204,209,210,211,214,217,218,220,221,222,223,225,228,231,232,235,238,241,242,243,244,246,251,258,259,261,263,265,266,268,269,273,278,286,288,289,294,297,299,300,310,311,314,318,319,337,339,340,345,352,354,355,357,366,376,385,387,393,397,404,405,547,663
55,108,110,111,112,115,116,117,118,119,121,122,124,125,126,127,128,129,132,133,134,135,136,138,142,143,144,148,156,157,160,162,164,165,166,167,168,170,171,172,175,178,185,195,196,198,204,205,206,208,215,217,218,219,220,222,227,228,229,231,232,234,235,236,237,241,242,243,244,246,248,250,251,254,255,258,259,262,267,268,271,277,282,287,291,292,293,294,296,302,305,310,312,315,316,317,340,345,350,352,362,363,375,380,431,459
56,49,97,101,106,107,108,109,110,111,113,115,116,117,118,119,120,121,125,129,130,131,132,133,136,137,139,140,141,142,143,145,149,150,151,152,153,154,157,159,160,163,164,165,166,168,169,170,171,172,173,174,175,176,177,178,179,181,182,183,186,197,199,202,205,207,211,214,216,217,218,219,221,223,225,226,228,229,230,233,234,236,239,241,248,249,251,252,253,257,258,259,268,271,274,276,277,282,286,293,296,299,300,302,309,314,316,317,329,333,337,338,340,342,366,390,391,399,429,449,453,492,664
57,100,103,105,112,113,114,116,117,119,121,124,126,127,128,130,131,132,133,134,135,137,138,139,141,142,144,145,146,147,148,150,153,154,155,156,157,160,161,162,163,166,168,170,174,175,176,177,184,187,196,199,203,210,212,215,217,219,221,222,227,228,229,230,231,234,235,245,247,251,252,253,255,256,258,260,261,266,267,268,269,271,275,278,281,285,291,293,296,300,307,319,322,323,325,334,341,351,353,373,388,398,400,407,480
58,7,61,106,109,110,113,114,115,116,119,120,121,123,125,127,129,131,134,135,136,138,140,141,142,144,146,148,149,150,151,152,154,156,157,158,159,160,162,164,165,166,167,169,171,173,174,176,179,180,181,184,185,186,189,191,195,196,207,208,216,217,219,223,225,226,228,229,230,231,233,235,240,241,242,243,245,249,253,258,260,264,265,273,274,275,278,280,285,295,297,299,300,301,303,307,313,321,326,351,352,353,376,377,407,456
59,99,102,104,106,108,110,111,112,115,116,118,119,124,125,126,128,129,131,133,134,135,136,137,138,139,140,142,143,144,145,147,148,149,150,152,155,160,165,167,168,169,170,173,174,177,178,184,191,210,224,229,230,237,240,245,247,252,258,260,262,264,268,269,275,276,279,284,285,286,293,296,297,300,304,307,309,315,324,325,331,332,333,334,335,338,341,401,409,473,512,650
60,52,99,101,105,106,108,109,110,113,114,115,116,117,119,120,121,122,123,126,127,130,132,133,134,136,137,138,142,147,149,150,151,152,153,156,158,160,161,163,164,165,166,167,168,169,170,172,173,174,176,177,178,179,181,182,185,192,197,202,207,208,213,215,216,221,225,226,227,229,233,242,247,251,258,279,311,312,317,334,346,365,453,558,594
61,109,111,113,115,118,119,121,122,123,125,127,130,131,136,138,139,140,141,142,143,145,147,152,153,154,155,157,158,159,160,164,167,168,169,172,179,180,184,186,190,192,196,201,205,221,232,236,241,246,248,252,256,257,268,276,277,282,295,300,302,311,317,322,327,332,349,370,440,545
62,16,39,56,67,107,111,112,115,117,118,119,120,121,122,124,125,128,130,134,135,136,137,139,140,141,142,143,145,146,147,148,152,153,154,156,157,159,160,161,163,164,168,169,170,172,174,177,179,183,184,187,191,204,217,219,220,228,229,233,234,239,254,256,268,303,316,381
63,23,37,101,105,110,111,113,114,117,118,119,122,123,124,125,130,132,133,134,138,141,146,147,148,149,150,152,153,155,157,159,160,162,166,167,168,170,173,174,176,177,180,182,193,208,220,226,233,239,247,253,273,274,285,427,465,496,549,681
64,115,116,117,119,120,122,124,125,129,131,137,138,139,140,142,145,147,152,155,156,158,159,162,163,165,166,167,168,171,173,178,183,184,196,197,209,225,229,242,261,276,288,307,308,360,460,616
65,113,115,117,118,122,123,125,126,130,131,133,134,135,136,137,138,139,140,142,143,147,148,150,154,155,159,160,161,163,165,166,169,172,173,175,176,178,179,181,182,184,198,199,206,213,221,222,226,231,239,244,395,473,493,646
66,25,118,120,123,128,129,130,131,132,133,135,136,139,140,141,142,143,150,151,152,153,155,156,157,159,160,161,162,165,166,168,170,171,174,175,178,186,191,209,224,230,235,244,255,256,352
67,121,133,134,137,138,141,144,146,147,153,154,157,159,161,162,168,172,179,247,377,379,563
68,133,138,143,144,176,178,180,184,193,289,332
69,148,174,338,458,480
70,139,179,368,480
71,49,52,596,613
72,17,85,294,595
73,154,641
74,345,670
75,
76,248,262,317,684
77,58,331,421
78,67,322,473,503,566
79,67,410,579
80,65,179,425,430
81,409
82,76,321,374,569
83,14,43,46,77,116,125,378,527,629
84,31,495,604,663,679
85,139,253,647
86,136,237,263,346
87,
88,
89,
90,
91,
92,
93,
94,
95,
96,
97,
98,
