15
0,658
1,182,339,470,694
2,46,245,376,464,490,500,511,628,640
3,135,186,274,286,306
4,99,151,309,315,499,544,638,658
5,7,114,168,225,330,585,605
6,54,347,503,567,601,645
7,39,108,239,346,420,576,587,672,687,694
8,67,86,88,91,94,134,152,462,559
9,22,75,76,77,78,79,80,81,82,83,84,85,86,88,89,90,91,92,93,94,95,96,97,98,99,100,101,102,103,105,106,107,109,110,112,113,114,115,118,123,130,166,327,376,404,474
10,66,74,76,78,79,80,81,82,83,84,85,86,87,88,89,90,91,92,93,94,95,96,97,98,99,100,101,102,103,104,105,106,107,108,109,110,111,112,113,114,115,116,117,118,119,120,121,122,123,124,125,126,127,128,129,130,131,132,133,134,135,136,137,138,139,140,141,142,143,144,145,146,147,148,149,150,151,152,153,154,155,156,157,158,160,163,173,177,179,182,183,184,185,186,187,188,189,190,194,196,197,198,199,201,202,205,414,566,685
11,20,36,79,81,82,83,84,85,86,87,88,89,90,91,92,93,94,95,96,97,98,99,100,101,102,103,104,105,106,107,108,109,110,111,112,113,114,115,116,117,118,119,120,121,122,123,124,125,126,127,128,129,130,131,132,133,134,135,136,137,138,139,140,141,142,143,144,145,146,147,148,149,150,151,152,153,154,155,156,157,158,159,160,161,162,163,164,165,166,167,168,169,170,171,172,173,174,175,176,177,178,179,180,181,182,183,184,185,186,187,188,189,190,191,192,193,194,195,196,197,198,199,200,201,202,203,204,205,206,207,208,209,210,211,212,213,214,215,216,217,218,219,220,221,222,223,224,225,226,227,228,229,230,231,232,233,234,235,236,237,238,239,240,241,242,243,244,245,246,247,248,249,250,251,252,253,254,255,256,257,258,259,260,261,263,264,265,266,267,268,269,270,271,273,275,277,278,280,281,282,283,285,286,292,294,296,298,301,304,311,312,315,322,323,324,325,326,328,335,336,340,342,348,349,350,356,357,386,503,504
12,12,76,77,78,80,81,82,83,84,85,86,87,88,90,91,92,93,94,95,96,97,98,99,100,101,102,103,104,106,107,108,109,110,111,112,113,114,115,116,117,118,119,120,121,122,123,124,125,126,127,128,129,130,131,132,133,134,135,136,137,138,140,141,142,143,144,145,146,147,148,149,150,151,152,153,154,155,156,157,158,159,160,161,163,164,165,166,167,169,170,171,172,173,174,175,177,178,179,180,181,182,184,185,186,187,188,189,190,191,192,193,194,195,196,197,198,199,200,201,202,203,204,205,206,207,208,209,210,211,212,213,214,215,216,217,218,219,220,221,222,223,224,225,226,227,228,229,230,231,232,233,234,235,236,237,238,239,240,241,242,244,245,246,247,248,249,250,251,252,253,254,255,256,257,258,259,260,261,262,263,264,265,266,267,268,269,270,272,273,274,275,276,277,278,279,280,281,282,283,284,285,286,287,288,289,291,292,293,294,295,296,297,298,299,301,302,304,305,306,308,309,310,311,312,313,314,315,316,318,319,320,321,322,323,324,325,327,328,329,330,331,332,334,335,336,337,338,339,340,341,342,345,346,347,348,349,350,351,352,353,355,356,357,358,361,362,363,364,365,366,368,369,370,371,373,374,375,376,378,379,380,382,384,387,388,393,408,418,423,432,440,446,460,474,524
13,77,80,81,82,83,84,85,86,87,88,90,91,92,93,94,95,96,97,98,99,101,102,103,104,105,106,107,108,109,110,111,112,113,114,115,116,117,118,119,120,121,122,123,124,125,126,127,128,129,130,131,132,134,135,136,137,139,140,142,143,144,145,146,147,148,149,150,151,152,153,154,155,156,157,158,159,160,162,163,164,165,166,167,168,170,172,173,174,175,176,177,178,179,180,181,182,183,184,185,186,187,188,189,191,192,193,194,195,196,197,198,199,200,201,202,203,204,205,206,207,209,210,211,212,213,214,215,216,217,218,219,220,221,222,223,224,225,226,229,230,231,232,233,234,235,236,237,238,239,240,241,242,243,244,245,246,248,249,250,251,252,253,254,256,257,258,259,260,261,262,263,264,265,266,267,268,269,270,271,272,273,274,275,276,277,278,279,280,281,282,283,284,285,286,287,288,289,290,292,293,294,295,296,297,298,299,302,306,307,308,309,310,311,313,315,316,317,318,320,321,322,323,324,326,327,330,331,333,334,336,337,338,339,340,341,343,344,345,346,347,348,349,350,351,352,354,357,360,361,362,364,367,369,370,373,374,376,377,378,379,382,383,384,386,388,389,390,393,394,397,403,405,407,408,410,412,413,416,417,419,420,425,426,431,433,434,436,437,440,442,443,447,451,454,473,491,497,514,552,614
14,82,83,85,86,87,88,89,90,91,92,93,94,95,96,97,98,99,100,101,102,103,104,105,106,107,108,109,110,111,112,113,116,117,118,119,120,121,122,123,124,125,126,127,128,129,130,131,132,133,134,135,137,138,139,140,141,142,143,144,145,146,147,149,150,151,152,153,154,155,156,157,158,159,161,162,163,164,166,167,168,169,170,172,173,174,176,177,178,179,180,181,182,183,184,185,186,187,188,189,190,191,192,193,194,195,196,198,199,201,202,204,205,207,208,209,212,213,214,215,216,217,218,220,221,222,223,224,225,226,227,228,229,230,231,232,233,234,235,236,237,238,239,240,241,242,243,244,246,247,248,249,250,251,252,253,255,257,258,259,261,262,263,264,265,266,267,268,269,270,271,273,274,275,277,278,280,281,282,283,284,285,286,287,288,291,293,295,296,297,299,301,303,305,306,307,310,311,312,313,315,316,317,319,321,323,325,328,329,330,333,334,336,337,338,339,340,347,349,350,351,354,356,359,360,361,363,364,366,367,369,370,371,375,379,381,392,393,396,403,415,418,424,439,448,466,529,665
15,41,71,82,84,85,87,90,91,92,93,94,96,97,98,99,100,101,102,103,104,105,106,108,109,110,111,112,113,114,115,116,117,118,119,120,121,122,123,124,125,126,127,128,129,130,131,132,134,135,136,137,138,139,140,141,142,143,144,146,147,148,149,151,152,153,154,155,156,158,159,160,162,163,164,165,167,169,170,172,173,174,175,177,178,180,181,182,183,184,185,186,187,188,189,190,191,192,193,194,195,196,198,199,202,203,204,205,206,207,208,209,210,212,213,214,215,216,217,218,219,221,222,223,224,225,227,228,229,230,231,233,234,235,236,238,239,241,242,243,245,247,248,249,250,252,253,255,256,257,258,259,260,261,263,264,266,267,269,271,273,274,276,277,279,280,281,282,285,286,288,293,294,295,297,303,304,307,311,312,313,314,315,316,317,318,319,320,322,323,325,329,330,332,333,334,336,338,339,345,348,350,352,358,367,373,377,379,380,382,383,390,394,395,420,429,430,455,458,559,625
16,79,80,81,84,85,86,87,88,89,90,91,92,93,94,95,96,97,99,100,101,102,103,104,105,106,107,108,109,110,111,112,113,114,115,116,118,119,120,121,122,123,124,125,126,127,128,129,130,131,132,133,134,135,136,137,139,140,141,142,143,144,145,146,147,148,149,150,151,152,153,155,156,157,159,160,161,164,165,166,167,168,169,170,171,172,173,176,177,178,180,181,182,184,185,186,187,188,189,191,192,193,194,196,197,198,199,201,202,203,204,205,206,207,208,209,210,212,213,214,216,217,218,219,221,222,223,224,225,226,227,229,230,231,232,233,234,235,236,238,239,240,241,243,244,245,247,248,249,250,251,252,253,254,256,257,258,259,260,261,263,264,265,266,267,268,269,270,271,272,273,274,277,278,279,281,282,283,284,285,286,287,288,289,290,291,292,293,294,295,296,298,299,302,304,305,306,307,308,310,312,314,315,316,320,322,327,329,332,335,339,343,345,346,347,349,351,358,364,366,367,369,373,378,379,380,382,393,396,404,409,417,433,442,469,480,507,631,677,685
17,65,77,80,84,85,86,87,88,89,90,91,92,93,95,96,97,100,101,102,103,104,106,107,108,109,110,111,112,114,115,116,117,118,119,120,121,122,124,125,126,127,128,129,131,132,133,134,135,136,137,138,139,140,141,143,144,145,146,147,148,150,151,152,153,154,155,157,160,161,162,163,164,165,166,167,170,171,174,175,178,180,181,182,183,184,185,186,188,189,190,191,192,193,194,197,198,201,203,204,205,206,207,208,209,210,211,212,214,215,216,217,220,221,222,223,224,225,228,231,232,233,234,235,236,237,239,240,241,242,243,244,245,247,248,250,251,252,253,254,255,258,259,260,261,262,264,266,270,271,272,274,275,276,277,278,279,280,281,283,284,285,286,287,289,293,294,298,300,303,304,305,306,307,308,309,313,315,318,324,325,328,329,330,331,333,334,341,342,351,358,360,365,367,368,369,372,373,376,377,378,382,383,387,389,394,401,402,414,417,420,421,436,455,480,483,550
18,65,74,76,77,80,81,82,83,85,86,87,88,89,90,92,93,94,95,96,97,98,99,100,101,102,103,104,105,106,107,108,109,110,112,113,114,115,116,117,118,119,120,121,122,123,124,126,127,128,129,130,131,132,133,134,135,136,137,138,139,140,141,142,143,144,145,146,147,148,149,150,151,152,154,155,156,157,158,159,160,161,163,164,165,166,170,172,177,178,179,180,181,185,186,188,189,190,191,193,195,197,199,200,201,204,205,206,209,210,212,213,214,215,219,221,223,224,226,227,231,233,234,235,236,238,239,241,243,245,246,247,248,250,253,254,256,259,260,261,262,264,266,268,269,271,272,274,275,276,277,278,279,280,282,283,286,289,290,292,293,294,295,298,300,301,303,304,305,307,308,309,310,311,315,316,323,324,325,327,329,333,335,338,340,345,346,347,348,350,354,356,362,364,367,368,370,371,376,378,380,384,385,388,391,394,399,403,407,415,419,434,441,443,451,456,474,475,477,592,693
19,75,77,78,79,81,83,84,85,86,87,88,89,90,91,92,93,94,95,96,97,98,99,100,101,102,103,104,105,106,107,108,110,111,112,113,114,115,116,118,119,120,121,123,124,125,126,128,129,130,131,132,133,134,135,136,137,138,139,140,141,142,143,144,145,146,147,148,149,150,151,152,153,154,155,156,157,159,161,162,163,164,165,166,167,170,171,172,173,175,178,180,182,185,192,195,196,198,200,203,205,207,209,213,216,217,218,220,224,231,232,233,235,237,239,242,244,246,249,252,253,258,260,262,266,268,272,281,291,299,303,312,314,316,319,322,338,346,350,354,365,382,403,418,434,436,454,470,569
20,70,71,77,78,79,82,84,85,86,87,88,89,90,91,92,93,95,96,97,98,100,101,102,103,104,105,106,107,108,109,110,111,112,113,114,115,116,118,119,120,121,122,123,124,126,127,128,129,130,132,133,134,135,136,137,138,139,140,141,142,144,145,146,147,148,149,150,151,152,153,154,155,156,157,158,159,160,161,162,163,164,165,166,167,168,169,170,171,172,173,174,175,176,180,181,184,185,186,187,188,189,190,191,192,193,194,195,198,200,201,202,203,205,207,208,209,213,215,216,217,218,219,220,226,228,229,230,233,235,236,237,238,240,241,242,245,250,252,254,257,261,262,263,267,268,270,272,278,279,281,282,284,287,289,290,292,294,303,305,306,309,320,321,326,330,331,340,342,345,350,366,379,614
21,30,73,77,79,80,82,83,84,85,86,87,88,89,90,91,92,93,94,95,96,97,98,99,100,101,103,104,105,106,107,108,109,110,111,113,114,115,116,117,118,119,120,121,122,123,124,125,126,127,128,129,130,131,132,134,135,136,137,138,139,140,141,142,143,144,145,146,147,148,150,151,152,153,154,155,156,157,158,159,160,161,162,163,164,165,166,171,172,173,176,179,182,184,185,186,188,189,190,192,193,194,196,197,198,199,200,202,204,205,206,207,208,209,210,211,215,217,218,219,220,222,223,224,225,226,227,228,231,232,233,234,235,236,238,242,244,245,246,247,248,249,250,251,252,254,256,258,259,260,264,265,266,268,270,271,273,274,276,280,282,288,289,290,291,293,298,303,308,309,316,319,324,329,332,338,342,351,374,378,420,423,432,437,442,444
22,74,78,79,80,82,85,86,87,88,89,90,91,92,93,94,96,99,100,101,102,103,104,105,106,108,109,110,111,112,113,114,115,117,118,119,120,121,122,123,124,125,126,127,128,130,131,132,133,135,137,138,140,141,142,144,147,148,149,150,151,152,154,155,156,158,160,161,162,163,164,165,166,167,168,172,173,175,176,180,184,185,187,188,189,190,191,192,193,195,198,199,200,203,205,206,207,208,211,212,215,216,217,218,219,220,221,222,223,224,225,227,228,229,230,231,233,234,235,236,237,238,239,240,241,242,244,245,246,248,249,250,251,254,255,256,258,260,261,262,263,268,269,274,275,276,277,280,283,287,289,295,296,297,298,299,301,310,312,323,325,332,333,350,372,389,412,443,535,647
23,69,70,71,74,75,79,80,81,82,83,84,85,86,87,88,89,90,91,92,93,95,97,98,99,100,101,102,103,104,105,106,107,110,111,113,114,115,116,117,118,119,120,121,122,123,124,126,127,128,129,130,131,132,133,135,137,138,139,140,142,143,144,145,146,147,148,149,151,152,153,154,155,156,157,158,159,160,161,163,164,165,166,167,168,169,172,173,176,177,178,181,182,183,186,187,189,191,192,194,195,196,197,198,200,201,202,203,204,206,207,208,209,210,211,212,213,214,215,216,218,219,221,222,223,225,229,232,236,237,238,240,242,247,250,251,252,254,256,258,259,260,261,262,263,264,265,267,268,269,270,271,273,274,275,276,278,279,280,281,284,285,286,287,288,289,291,292,294,295,307,309,310,311,313,315,323,324,326,327,328,336,349,359,374,377,409,413,448,461,484
24,45,55,74,76,78,79,80,81,82,83,84,85,86,87,88,89,90,91,92,93,94,95,98,99,101,102,103,104,106,108,109,110,111,112,114,115,116,117,118,119,120,122,123,124,125,126,127,128,129,130,131,132,133,135,136,137,138,139,140,141,142,145,146,147,148,150,151,152,153,154,155,156,157,158,160,161,162,163,166,167,168,170,171,172,173,176,179,180,181,183,185,186,187,188,189,190,191,192,196,198,199,200,202,204,205,206,209,210,212,213,215,218,219,220,221,222,223,224,227,228,229,230,232,235,237,239,242,244,245,246,247,249,251,253,257,259,260,262,265,271,272,277,280,282,284,285,286,287,288,289,292,295,300,301,302,304,305,308,312,315,317,321,323,324,326,327,329,330,332,336,338,339,341,344,346,348,350,357,382,389,411,419,431,468,493,581,647
25,46,77,79,80,84,85,86,87,88,90,92,93,94,96,97,98,99,100,101,102,103,105,106,107,108,110,111,116,117,118,120,122,123,124,125,126,127,128,129,131,132,133,134,136,137,139,140,141,142,144,146,148,149,151,152,153,154,156,157,159,160,161,162,163,164,165,168,169,171,172,173,175,177,178,179,180,181,182,183,184,185,186,187,188,189,190,191,192,195,196,198,199,200,201,202,206,208,213,214,215,216,217,218,220,222,225,226,228,230,231,235,237,239,240,242,243,244,245,247,248,249,250,252,253,256,260,261,262,263,266,268,269,271,273,276,277,278,283,284,287,294,299,309,312,314,315,319,321,322,324,329,332,341,344,345,353,381,508,519,584
26,42,70,76,78,79,82,83,84,90,93,94,95,96,97,98,99,100,101,102,104,105,106,107,108,109,110,111,112,114,115,116,117,118,119,120,121,123,124,125,127,128,129,130,131,132,134,135,136,137,138,139,140,142,145,146,148,149,152,153,154,155,157,158,160,163,164,166,167,169,171,172,174,182,183,185,187,189,190,191,192,193,194,195,196,197,198,199,201,202,203,204,205,206,207,208,209,210,212,213,214,216,217,218,219,222,223,226,227,228,229,231,234,235,236,237,240,241,242,243,245,246,247,248,252,253,255,256,257,258,260,261,263,270,271,276,277,279,285,286,290,292,295,296,299,304,305,312,314,316,324,326,330,331,336,347,349,362,458,500,545
27,10,78,79,81,82,83,84,85,88,90,92,93,94,95,97,98,99,100,102,103,104,105,106,107,108,109,110,113,114,115,118,119,120,121,122,123,124,125,126,127,129,131,132,133,134,135,137,138,139,140,141,143,144,146,147,148,149,150,151,152,153,154,155,157,159,160,161,162,163,164,166,167,168,169,170,172,174,175,176,178,179,181,182,183,184,186,187,188,190,191,193,195,197,202,203,205,206,207,208,210,211,212,214,215,216,223,224,226,229,231,232,233,234,236,237,238,240,242,243,245,246,247,249,251,253,256,257,258,261,262,263,264,268,269,271,272,273,275,276,278,279,280,281,283,286,287,288,289,290,295,298,302,304,306,309,312,315,322,324,325,342,349,404,453,541,626,693
28,69,74,75,77,79,81,82,83,84,85,88,90,91,92,94,96,97,98,99,102,103,104,105,108,109,110,111,113,116,117,118,119,120,121,122,123,124,125,126,127,128,129,130,131,132,133,134,135,136,137,138,139,140,141,146,150,151,152,153,156,158,159,161,162,163,164,166,167,168,171,172,180,182,185,186,190,191,194,195,196,197,199,200,201,202,203,206,208,209,210,211,212,213,216,218,219,221,224,225,226,229,230,231,238,239,240,241,243,244,248,249,250,251,252,253,254,255,260,262,264,265,267,268,270,273,274,275,277,278,279,284,286,288,289,292,293,294,299,307,309,311,316,319,322,327,330,335,350,356,358,495,588,671
29,77,78,83,84,87,89,90,91,93,94,98,99,101,102,103,105,110,111,113,114,116,117,118,119,121,122,126,127,130,131,134,135,136,137,139,140,141,142,143,145,146,147,149,150,151,152,153,155,156,157,158,159,161,163,164,170,172,174,181,182,183,185,187,190,193,194,198,200,201,203,205,206,207,209,210,211,215,221,222,226,227,233,235,237,239,242,243,248,254,260,262,271,273,274,292,294,296,304,308,310,313,323,330,346,641
30,35,36,81,82,86,97,99,100,102,103,105,106,109,111,112,113,116,117,120,122,128,132,137,140,145,147,148,150,151,152,153,154,157,158,159,160,161,163,165,169,170,180,181,183,193,197,198,201,202,203,204,217,219,264,308,319,336,363,411,562
31,115,135,139,143,182,184,187,190,200,214,266,296,435,436,491,532,549
32,405,693,696
33,34,447,532,544,585
34,38,389,633
35,512,623
36,43,113,405,493
37,22
38,248
39,31,40,156,273,336,452,502,565
40,419,532,554
41,23,43,415,528
42,267,308
43,9,29,118,272,274,639
44,416,504,520,541,614
45,115,431,527
46,419,685
47,30,448,503,507
48,378,501,570
49,59,134,277,335,389,450,534
50,22,24,37,122,127,194,304,338,432,510
51,4,81,128,389,563,649
52,24,348,407,420,428,438,485,558,682
53,48,120,314,358,381,694
54,
55,203
56,
57,
58,
59,
60,
61,
62,
63,
64,
65,
66,
67,
68,
69,
70,
71,
72,
73,
74,
75,
76,
77,
78,
79,
80,
81,
82,
83,
84,
85,
86,
87,
88,
89,
90,
91,
92,
93,
94,
95,
96,
97,
98,
