0
0,256
1,2,3,72,90,385,478,583
2,69,72,79,83,91,130,173,683
3,44,61,65,66,67,68,69,70,71,72,73,74,76,77,78,79,80,81,82,83,84,87,89,90,91,92,93,94,95,97,99,100,101,107,109,110,111,117,119,141,190,194,509,524,699
4,4,64,65,66,67,69,70,71,72,73,74,75,76,77,78,79,80,81,82,83,84,85,86,87,88,89,90,91,92,93,94,95,96,97,98,99,100,101,102,103,104,105,106,107,109,111,112,113,114,115,116,117,118,119,120,121,123,124,125,128,130,131,132,133,135,136,139,140,141,143,149,153,159,165,166,167,178,184,200,204,207,214,262,302,387
5,62,64,66,67,68,69,70,71,72,73,74,75,76,77,78,79,80,81,82,83,84,85,86,87,88,89,90,91,92,93,94,95,96,97,98,99,100,101,102,103,104,105,107,108,109,110,111,112,114,115,116,117,118,119,120,121,122,123,124,125,126,127,128,129,130,132,133,134,135,137,139,140,143,144,145,146,147,148,149,150,151,152,153,154,157,162,165,168,169,170,173,174,177,181,184,189,190,193,197,201,210,212,220,222,228,229,243,249,253,255,282,284,289,308,323,410,412,468,697
6,30,55,58,59,63,64,65,66,67,68,69,70,71,72,73,74,75,77,78,79,80,81,82,83,84,85,86,88,89,90,91,92,93,94,95,96,97,98,99,100,103,104,105,106,107,108,109,110,111,112,113,114,115,116,117,118,119,120,121,122,123,124,125,126,127,129,130,131,132,133,134,135,136,137,138,139,141,142,143,144,145,147,148,149,150,151,153,154,155,158,163,164,167,169,170,171,174,175,176,180,182,183,185,188,189,191,193,197,200,204,207,212,214,217,234,257,267,288,304,341,359,461,698
7,57,59,61,62,63,64,65,66,67,68,69,70,71,72,73,75,76,77,78,79,80,81,82,83,84,85,86,87,89,90,91,92,93,96,97,98,99,100,101,102,103,104,105,106,107,108,109,111,112,113,114,115,116,117,118,119,120,121,122,123,124,125,126,127,128,129,130,132,135,136,138,139,140,143,144,145,147,149,152,153,155,158,163,164,165,166,167,168,169,170,174,175,176,177,179,181,182,184,187,188,189,190,194,195,196,197,198,200,201,202,203,204,206,208,209,213,215,222,223,236,243,256,270,284,294,295,300,450,518
8,61,62,65,66,67,68,69,70,71,72,73,74,75,76,77,78,79,81,82,85,86,87,88,89,90,91,92,93,94,95,96,97,98,99,100,101,105,106,107,109,110,111,112,114,115,119,123,124,125,126,127,129,130,131,133,134,135,136,140,141,142,143,144,148,149,153,154,157,159,165,166,167,169,170,172,174,175,179,182,183,187,189,192,193,196,197,198,199,203,210,211,214,223,236,239,241,249,250,256,262,265,270,289,316,326,327,546,609,640
9,1,57,59,62,63,64,65,66,68,69,70,71,72,74,75,76,78,79,80,81,82,83,84,85,86,87,88,89,90,91,92,93,94,95,96,97,99,100,101,102,103,104,106,107,108,109,110,111,112,113,115,116,117,118,120,121,122,123,124,125,127,128,130,131,132,133,134,135,137,138,139,140,141,145,147,148,149,150,152,154,156,158,161,165,169,171,172,173,174,178,179,181,185,188,189,191,194,198,199,200,203,204,207,210,212,214,216,217,218,219,221,222,224,228,231,235,237,249,259,267,269,274,276,288,295,336,346,348,556,560
10,23,56,58,60,61,63,64,67,71,72,74,75,76,77,78,79,80,81,82,83,84,85,86,87,88,90,91,92,94,96,97,98,99,100,101,103,104,105,106,107,109,111,112,113,114,115,116,117,118,119,120,122,123,126,127,129,132,136,143,145,146,157,158,159,160,162,166,167,168,170,172,174,175,176,180,181,182,183,184,188,189,190,194,195,196,201,204,206,207,209,210,220,228,231,235,247,251,260,271,291,292,303,322,374,381,402,403,417,424,476,554
11,53,60,65,68,69,70,71,72,73,74,75,76,77,78,79,80,82,83,85,87,88,89,91,92,93,95,96,97,98,99,100,101,102,103,104,105,106,109,110,111,112,114,115,117,119,121,122,125,126,128,129,130,131,133,134,137,139,140,142,144,146,147,149,152,156,159,160,164,165,166,172,173,174,175,176,177,178,180,183,185,188,189,191,192,193,196,199,200,204,207,208,209,214,217,225,232,239,252,253,283,284,301,332,350,423,575,586
12,58,62,63,64,65,67,68,69,70,71,72,73,74,75,78,79,80,81,82,83,85,86,88,91,92,93,95,96,97,98,100,103,104,106,108,109,110,111,112,113,115,116,118,119,120,121,122,123,124,126,127,129,130,131,132,134,135,136,137,138,139,140,141,144,146,148,153,155,157,159,160,161,162,165,166,168,170,171,175,176,179,183,184,185,187,188,191,192,193,199,202,205,209,218,224,228,235,240,242,244,257,385,419,493,538,562,567,609,621,636,644
13,57,61,64,66,67,68,69,70,71,72,73,74,75,76,78,79,80,81,82,84,85,87,88,94,96,98,99,100,101,102,103,104,105,107,108,109,110,113,115,116,117,118,119,120,122,123,125,126,127,129,131,132,133,134,135,137,138,140,144,145,148,151,153,159,163,166,170,172,173,175,176,179,180,181,182,185,186,187,189,191,193,194,197,200,205,209,210,213,236,250,266,274,283,288,291,293,298,367,376,577,606
14,52,56,64,65,66,68,70,71,74,75,76,77,79,81,82,83,86,87,88,89,90,91,92,93,95,96,97,98,99,100,101,103,104,105,106,107,110,111,112,114,116,117,118,120,121,122,123,124,126,127,128,129,130,131,134,136,138,139,140,142,143,145,146,147,150,152,153,154,156,158,160,165,167,168,171,176,179,182,186,195,199,203,206,215,220,230,232,234,244,246,248,279,296,346,574,578,586,591,612,616,642,671
15,64,72,73,76,78,79,81,84,85,86,87,88,89,90,91,92,93,94,95,96,97,98,99,100,101,102,104,106,107,108,109,110,111,112,113,114,115,116,117,118,119,121,124,127,128,130,131,132,134,136,138,139,142,145,150,154,157,159,160,163,167,169,170,173,175,177,178,181,182,184,185,186,190,195,201,205,208,212,224,227,230,236,249,260,276,281,290,303,354,551,573,574,584,592,598,609,610,611,614,615,617,618,619,620,622,623,624,625,627,630,639,684
16,74,79,80,82,83,84,85,86,87,88,89,90,91,92,93,94,95,96,97,98,99,100,101,102,103,104,105,106,107,108,109,110,111,113,114,116,117,118,120,121,123,125,126,128,129,130,131,132,134,136,139,140,141,143,144,146,147,148,153,157,158,159,163,164,168,169,170,174,175,176,177,178,179,180,182,184,185,186,188,189,191,192,193,196,198,199,200,201,203,212,213,216,219,229,230,233,234,236,237,246,253,266,272,292,474,490,577,586
17,60,83,87,88,89,90,91,93,95,96,97,98,99,100,101,102,103,104,105,107,108,109,110,111,112,113,114,115,116,117,118,119,120,121,122,123,124,125,126,127,128,129,130,131,132,133,134,135,136,137,138,139,140,141,142,143,144,145,147,148,149,150,151,152,154,155,156,160,161,162,163,164,165,167,168,169,171,172,174,175,176,178,179,180,181,182,183,185,186,187,188,189,190,191,192,193,194,195,196,197,198,199,200,201,203,204,205,207,209,211,213,216,217,218,219,221,222,226,235,241,250,251,255,272,273,280,281,287,299,308,326,399,419,446,527,567,573,574,575,596,599,622,639,681
18,84,86,91,92,94,95,96,97,98,99,100,101,102,103,104,105,107,108,109,110,111,112,113,114,115,116,117,118,119,120,121,122,123,124,125,126,127,128,129,130,131,132,133,134,135,137,138,139,140,141,142,143,144,145,146,147,148,149,150,151,152,153,154,155,156,157,158,159,160,161,162,163,164,166,167,169,170,172,173,174,175,176,177,178,180,182,183,185,186,187,188,189,190,191,192,193,194,195,196,197,198,199,200,201,202,203,204,205,206,207,208,209,210,211,212,213,214,215,216,217,218,219,220,221,222,223,225,226,227,228,229,230,231,233,234,236,237,238,240,241,242,243,246,247,249,250,251,253,254,255,256,257,263,266,267,268,270,271,273,276,277,285,286,288,299,303,310,337,340,353,374,385,524
19,90,94,95,96,97,98,99,100,101,102,103,104,105,106,107,108,109,110,111,112,113,114,115,116,117,118,119,120,121,122,123,124,125,126,127,128,129,130,131,132,133,134,135,136,137,139,140,141,142,143,144,145,147,148,149,150,151,152,153,154,155,156,157,158,159,160,161,162,163,164,165,166,167,168,169,170,171,172,174,176,177,178,179,181,182,183,184,185,186,187,188,189,190,191,192,193,194,195,196,197,198,199,200,201,202,203,204,205,206,207,208,209,210,211,212,213,214,215,216,217,218,220,221,222,223,224,225,226,227,228,229,230,231,232,233,234,235,237,238,239,240,242,243,244,245,246,247,248,249,250,252,254,255,256,258,260,261,262,263,264,265,266,267,268,271,274,278,280,281,285,286,293,295,297,299,302,303,308,309,310,315,319,320,321,347,351,379,380,404,428,681
20,92,93,95,98,100,101,102,104,105,107,108,109,110,111,112,113,114,115,116,117,118,119,120,121,122,123,126,127,128,129,131,132,133,134,135,136,137,138,139,140,141,142,143,144,145,146,147,148,149,150,151,152,153,154,155,156,157,158,159,160,161,162,164,165,166,167,168,169,170,171,173,174,175,176,177,178,179,180,181,182,183,184,185,188,189,190,191,192,193,195,196,197,198,199,200,201,202,203,204,205,206,207,208,209,210,211,212,213,214,215,216,217,218,219,221,222,223,224,225,226,227,228,229,230,231,232,233,235,236,237,238,240,241,243,244,245,246,247,248,249,250,252,253,254,255,259,260,261,263,264,265,266,267,268,269,270,271,272,275,276,277,279,280,281,282,283,284,285,286,287,291,296,299,301,306,309,315,317,324,328,335,336,341,346,353,387,458,583,623
21,51,89,91,92,93,94,96,97,98,99,100,101,103,104,106,107,108,109,110,111,112,114,115,116,117,118,119,120,121,122,123,124,125,126,127,128,129,130,131,132,133,134,135,136,137,138,139,140,141,142,143,144,145,146,147,148,151,152,153,154,155,156,157,158,159,160,161,162,163,164,165,166,167,168,169,170,172,173,174,175,176,177,178,179,180,182,183,184,185,186,188,189,190,191,192,193,194,195,196,197,198,199,200,201,202,203,204,205,206,207,208,209,210,211,212,213,214,215,216,217,218,220,221,222,223,224,225,226,227,228,229,230,231,232,234,236,237,238,239,242,243,246,247,248,249,251,253,255,256,257,258,260,261,263,264,265,266,267,268,270,272,273,275,276,277,279,281,282,283,284,286,287,288,289,291,293,294,295,297,298,299,300,302,303,304,306,307,309,310,313,315,323,325,326,327,333,346,350,369,385,401,442,541,564,608
22,89,95,96,98,99,100,101,102,103,105,106,107,108,109,110,112,113,115,116,117,118,119,120,121,123,125,126,127,128,129,130,131,132,133,135,137,138,139,140,141,142,143,144,145,146,147,148,149,150,151,152,153,154,155,156,157,158,159,160,161,162,163,164,165,166,167,168,169,170,171,172,173,174,175,176,177,178,179,180,181,182,183,184,186,187,188,189,190,191,192,194,195,196,197,198,199,200,201,202,203,205,206,207,209,210,211,212,213,215,217,218,219,220,221,222,223,225,226,227,228,229,231,234,235,238,239,240,241,242,243,245,246,247,248,249,250,251,253,255,257,258,259,261,262,266,268,272,273,274,275,276,278,279,282,287,290,291,293,295,298,299,305,307,308,311,312,317,321,324,328,329,334,348,356,358,360,364,367,368,405,408,420,436,437,469,470,542,614
23,93,94,95,98,99,100,101,102,103,105,106,107,108,109,110,111,112,113,114,115,117,118,119,120,121,122,123,124,125,126,127,128,129,130,131,132,134,135,137,138,140,141,142,143,144,145,146,147,148,149,150,151,152,153,155,156,157,158,159,160,164,165,166,167,168,169,170,171,173,174,175,178,179,180,181,183,184,185,187,188,190,192,193,194,195,196,197,198,199,200,201,202,203,204,205,206,207,208,210,211,212,213,214,215,216,217,218,219,220,223,224,225,226,227,228,230,231,232,233,234,235,236,237,238,239,241,242,243,244,245,246,247,248,249,252,253,254,255,256,257,258,259,260,266,267,268,269,271,272,276,278,279,280,283,287,293,294,295,297,298,305,308,310,311,315,316,334,342,346,351,355,368,374,414,422,431,441,636
24,51,84,91,94,96,97,98,99,100,101,102,103,104,105,106,107,108,109,110,111,112,113,114,115,117,118,119,120,121,123,124,125,126,127,128,129,130,131,132,133,134,135,136,137,139,140,141,142,144,145,146,147,148,149,151,152,153,154,155,156,157,158,159,160,162,163,164,165,167,168,169,170,171,172,174,175,176,177,178,182,183,184,189,190,191,192,193,194,195,196,197,198,199,201,202,203,205,206,207,209,210,211,212,213,214,215,216,217,218,221,222,223,224,225,227,230,233,234,235,238,239,240,244,248,249,252,253,256,259,261,262,264,265,266,267,270,272,273,276,278,280,282,283,284,286,288,290,291,293,294,295,296,298,299,303,312,315,317,319,323,339,343,346,351,354,374,390,410,414,451,460,475,492,537,570
25,26,91,92,94,95,96,97,100,101,102,103,104,105,106,107,108,109,110,111,112,113,114,115,116,117,118,119,120,122,124,125,127,128,129,130,131,132,135,137,138,139,142,143,144,146,148,149,152,155,157,158,159,160,161,162,164,166,167,168,171,176,179,180,181,183,185,186,187,188,189,190,191,192,193,194,195,196,197,199,200,201,202,203,204,205,206,207,208,209,211,212,213,214,215,216,217,218,220,221,222,223,224,225,226,227,228,229,230,231,232,233,234,235,238,239,240,242,243,244,245,246,247,249,250,252,253,255,256,257,258,259,260,263,265,266,267,268,269,271,272,273,276,279,280,283,284,285,286,287,291,292,293,294,304,305,307,316,321,322,325,330,333,345,347,372,374,388,421,439,442,443,487,539,555,698
26,22,90,92,94,95,96,97,99,101,104,105,107,109,110,111,112,113,114,115,116,118,119,120,121,122,123,124,125,127,128,129,130,131,132,133,135,137,138,139,140,141,142,143,144,145,146,147,148,149,150,151,152,153,155,158,159,163,164,165,166,167,168,169,173,177,178,180,181,182,183,185,186,188,190,191,192,193,194,196,199,202,204,205,206,207,208,209,210,211,212,215,219,220,222,223,224,226,227,228,229,231,233,234,235,236,238,239,240,241,244,245,248,251,252,253,254,255,256,257,258,259,260,261,263,264,265,267,271,273,274,275,278,279,280,281,282,283,285,286,288,289,290,293,294,296,298,299,305,306,309,310,313,315,316,318,319,322,325,326,327,328,331,337,338,340,343,353,361,362,366,367,378,390,423,441
27,93,95,99,100,101,103,104,105,106,107,108,109,110,111,114,115,117,118,119,120,122,123,129,130,131,135,136,137,138,141,142,143,144,145,146,147,149,151,152,155,156,157,159,160,161,162,165,166,167,168,169,170,172,175,179,181,182,184,185,186,187,188,189,190,191,194,195,196,197,198,199,200,202,203,204,205,207,208,209,210,211,212,213,214,216,217,218,219,220,222,223,225,227,228,229,230,232,233,235,236,237,238,239,240,244,245,247,250,253,254,257,259,260,262,264,265,266,267,270,271,272,273,274,275,276,279,283,284,286,288,289,294,304,305,316,319,323,324,331,342,346,350,355,364,370,383,415,418,420,427,428,444,447,448
28,90,94,96,98,99,101,102,105,106,107,109,113,114,115,117,118,120,121,124,126,127,128,130,132,136,138,140,144,145,150,151,154,156,157,158,161,162,163,166,168,169,170,172,177,180,181,187,189,190,191,196,197,198,199,200,202,204,205,206,207,208,209,210,211,212,213,215,216,218,219,220,221,223,224,225,226,227,228,229,231,232,233,234,235,236,237,238,240,241,243,244,245,246,248,254,255,256,259,260,261,262,263,265,268,269,270,272,274,275,279,284,287,288,291,295,297,302,303,304,309,310,312,313,316,319,328,338,343,344,351,386,405,420,421,422,438,460,489,636,672
29,62,88,90,91,97,99,101,102,103,104,107,112,113,117,122,123,124,125,126,128,129,130,131,133,134,135,136,137,140,146,147,150,151,152,153,154,159,166,167,168,171,173,174,175,176,177,182,183,185,186,187,188,189,190,192,193,195,197,198,199,200,201,202,203,204,205,206,207,209,210,211,212,213,214,215,216,219,220,221,222,223,224,225,226,227,228,229,230,231,232,234,236,237,239,240,241,242,243,244,245,246,248,249,251,253,254,255,256,257,258,259,260,266,267,269,270,271,272,273,276,277,278,281,284,285,286,287,290,293,294,296,298,301,303,304,306,309,311,315,317,319,320,322,331,333,334,336,342,345,346,347,350,351,355,356,363,367,375,381,388,393,395,397,402,403,411,422,423,427,430,439,447,454,470,629,662
30,52,86,89,91,96,99,101,103,106,108,111,113,114,115,120,121,123,127,128,131,132,137,140,141,144,146,148,156,158,160,161,162,165,167,168,172,173,175,176,178,179,181,182,183,184,185,186,187,190,191,192,194,195,196,197,198,199,200,201,202,203,205,206,207,208,210,211,212,214,216,217,218,220,221,222,223,224,226,227,228,229,230,232,233,234,235,236,237,238,239,240,241,243,245,246,248,249,251,252,254,255,256,257,260,261,262,263,265,266,269,270,271,272,273,274,279,280,281,283,284,285,286,289,290,292,293,295,296,299,300,301,303,304,306,310,312,313,314,315,316,320,321,324,326,332,334,335,336,337,345,346,350,353,375,379,381,387,398,399,402,405,415,433,435,445,470
31,85,86,90,93,98,100,101,102,103,104,106,108,110,111,113,114,116,117,118,119,120,121,122,123,124,129,130,131,133,134,136,138,142,143,146,148,151,153,155,157,162,167,174,178,179,181,182,184,185,186,187,188,189,191,192,193,196,197,198,200,202,204,206,208,210,212,213,214,216,217,219,220,221,222,223,224,225,227,228,229,230,231,232,233,234,235,236,237,239,240,241,242,243,244,245,246,247,248,249,250,251,252,253,254,255,256,257,259,261,262,263,264,265,266,267,268,269,270,272,273,274,275,276,277,280,281,282,283,285,286,287,289,291,292,295,296,298,300,301,302,304,306,308,309,310,311,312,313,320,321,323,326,327,330,335,336,337,338,339,341,342,343,348,351,353,355,357,361,362,363,366,369,381,393,399,402,426,450,485,488,627
32,65,83,84,88,89,90,91,92,94,96,97,98,99,101,102,104,105,107,108,111,112,113,114,116,117,119,120,124,125,126,127,128,129,131,133,134,135,142,148,155,158,159,160,164,169,173,175,176,177,181,182,186,187,188,189,190,192,193,195,196,198,199,201,202,203,204,205,207,208,210,211,213,218,219,220,222,223,224,225,228,231,232,234,235,236,238,240,241,243,244,245,246,247,248,249,250,251,255,256,258,260,262,264,271,272,275,277,279,280,281,284,285,286,287,288,289,291,292,293,294,296,298,299,302,303,304,307,309,310,311,312,313,314,315,317,320,322,323,326,327,328,331,333,334,337,338,341,345,346,347,349,350,352,353,355,357,358,359,360,361,364,368,369,370,371,375,384,388,393,397,443,480,556,584
33,88,89,90,92,93,94,95,97,98,99,100,101,102,104,106,108,110,114,116,117,118,119,122,123,126,128,129,130,137,139,142,144,151,153,158,159,162,163,168,169,173,175,178,180,181,183,185,186,187,188,190,191,193,195,196,197,199,203,205,207,211,214,215,217,218,221,223,224,227,228,229,231,232,237,238,241,243,244,245,247,248,250,253,254,255,259,260,263,264,266,271,275,281,283,285,286,287,292,296,297,298,299,304,306,307,314,315,318,320,321,324,328,331,334,338,339,343,348,349,352,353,354,355,357,358,365,366,370,371,374,375,379,380,384,387,390,392,393,447,466,547,593
34,86,87,88,90,92,93,94,95,99,101,102,104,105,106,108,109,110,112,113,114,117,118,121,127,137,139,147,148,150,151,153,154,159,161,163,174,176,178,179,180,181,182,184,186,187,188,189,192,193,194,196,197,198,199,200,201,202,203,204,206,207,208,209,211,212,213,215,218,220,221,222,223,224,225,227,228,232,234,238,239,240,241,242,246,248,250,251,252,254,255,256,257,261,262,265,266,267,269,271,272,275,276,279,280,281,285,288,292,293,295,297,299,306,312,313,315,319,320,321,324,325,327,335,339,348,349,351,359,365,371,378,385,398,423,424,473,549
35,82,84,85,86,87,89,90,92,93,95,96,100,101,102,103,104,105,107,108,110,113,114,115,116,117,118,119,121,122,124,125,128,132,135,144,146,148,155,156,161,162,178,179,180,181,183,186,187,188,189,191,194,196,197,200,201,205,209,210,212,217,218,220,222,223,225,228,229,230,232,236,238,239,240,241,242,245,247,250,252,254,255,256,258,260,261,262,264,265,266,267,268,270,272,273,274,276,279,280,283,286,287,288,289,291,294,296,298,301,304,307,309,310,314,315,320,321,323,327,328,329,331,338,348,350,351,355,369,376,377,460,547,550,551,607
36,67,82,83,84,85,86,87,88,89,91,93,94,98,99,102,104,105,106,108,109,110,111,115,116,121,123,124,125,130,131,133,135,137,140,142,143,144,146,147,148,149,153,154,155,161,169,174,175,177,178,180,182,186,187,188,193,202,203,213,214,217,220,221,224,225,226,227,228,230,231,232,233,235,238,240,241,242,245,246,248,251,257,260,263,265,270,271,276,278,280,284,286,289,290,298,301,305,309,318,319,320,322,326,328,337,342,348,350,356,357,364,369,372,376,379,386,483,509
37,77,79,80,81,85,86,87,89,90,91,92,93,94,95,96,98,99,102,106,109,111,112,113,114,115,118,120,121,126,127,132,133,134,136,138,140,142,147,148,151,153,156,157,158,160,163,171,172,174,177,180,183,184,185,186,188,190,191,192,194,196,197,198,199,201,203,204,206,207,208,211,212,214,216,218,219,221,223,225,228,229,230,232,234,235,238,239,241,242,245,248,249,251,253,259,261,262,263,266,277,280,282,289,290,292,302,304,313,315,316,320,321,332,336,339,340,348,371,372,382,414,428
38,77,79,82,83,84,85,86,87,90,93,94,95,96,97,98,101,102,104,107,109,112,113,115,120,122,124,126,129,135,137,147,149,151,152,157,161,162,166,168,172,174,175,176,180,181,182,184,185,188,190,191,192,193,194,196,199,200,202,203,208,209,210,212,213,215,217,218,221,222,224,226,227,229,230,234,235,239,240,242,243,247,252,253,254,256,258,260,263,269,272,274,275,276,281,282,284,293,294,295,296,298,309,310,311,312,315,316,321,329,333,335,340,342,343,347,349,351,352,353,360,362,478,510
39,75,80,81,83,84,87,88,89,90,91,92,93,94,95,96,98,99,100,101,102,104,105,106,107,108,109,110,111,113,114,116,117,123,126,128,129,131,137,138,142,149,151,162,165,167,168,169,171,173,174,175,176,177,179,184,187,188,189,190,193,195,198,201,206,211,212,216,217,219,221,227,231,232,233,234,236,239,240,245,248,250,251,252,253,254,255,259,261,262,265,267,268,269,270,273,274,275,276,281,284,286,291,299,301,303,304,305,307,312,316,318,319,320,322,325,327,329,330,335,344,345,346,351,373,395,410,424,481,494,532
40,73,78,79,80,81,82,85,88,89,90,91,93,94,95,99,103,104,106,107,110,112,113,114,116,119,120,122,125,126,131,133,134,144,145,152,159,165,168,170,173,174,179,182,185,187,193,194,197,199,200,202,207,209,212,213,214,215,217,218,220,228,230,233,234,237,241,248,253,258,263,266,267,271,273,275,276,278,283,284,286,293,297,300,307,309,313,318,320,322,334,340,361,397,410,453,464,508,569,627
41,44,69,75,76,77,78,79,80,81,82,84,85,86,88,90,92,93,96,97,99,100,104,106,107,108,109,114,115,118,119,121,123,126,128,130,132,134,135,137,142,144,159,162,165,166,167,168,170,172,174,176,185,186,188,189,190,195,196,198,205,212,214,215,216,219,221,227,230,231,232,233,235,237,241,244,247,250,251,252,266,273,277,281,286,289,291,293,296,303,304,308,309,314,315,321,327,338,341,343,352,356,360,361,369,392,443,445,495
42,70,72,76,77,80,83,84,86,87,93,95,96,97,98,99,101,102,106,111,112,115,118,122,123,124,125,127,130,131,135,137,138,139,144,145,146,147,148,152,153,158,161,162,165,166,170,171,173,180,182,184,185,186,188,190,192,201,202,203,204,206,208,209,211,212,215,228,230,233,235,240,247,250,251,255,257,264,271,272,287,288,300,302,315,316,317,320,323,325,327,333,335,338,345,358,360,367,373,403,411,428,520
43,3,65,71,72,73,74,75,77,78,79,80,81,82,83,84,86,87,88,89,91,95,97,99,100,101,102,104,105,107,109,114,116,117,121,122,123,126,129,133,134,136,137,140,142,144,145,147,160,163,168,171,172,174,175,180,183,193,196,200,202,210,220,221,225,226,229,230,231,233,237,240,241,242,243,248,253,254,255,256,257,265,267,271,274,278,284,285,295,298,319,323,325,328,330,332,335,336,341,343,352,353,356,363,366,371,377,408,425,428,431,455,558,599,618
44,71,72,74,75,76,77,80,82,83,85,87,88,89,90,91,92,97,100,101,102,106,107,108,109,111,116,117,119,121,127,138,144,152,156,159,160,161,163,164,169,170,173,196,197,198,200,203,211,224,225,227,230,231,237,239,243,244,247,249,252,253,254,255,256,257,259,261,264,266,268,273,274,276,278,282,285,288,291,294,295,296,300,308,312,320,322,330,333,338,339,343,386,401,417,435,436,454,460,658
45,64,66,69,70,71,73,76,77,78,81,83,86,87,88,89,92,95,96,101,114,126,128,131,141,150,152,158,166,167,170,173,177,178,179,180,181,182,195,202,207,214,215,216,218,220,221,222,224,226,228,229,230,233,235,236,238,240,243,244,245,248,249,251,253,255,256,260,263,264,265,266,267,268,269,272,274,279,280,281,283,285,286,288,289,296,297,299,301,303,306,313,314,316,321,322,323,325,327,333,334,340,357,365,378,421,434,442
46,27,39,66,68,69,70,71,74,75,76,77,78,79,81,83,84,86,88,89,91,93,94,96,97,98,103,105,106,113,114,119,137,141,150,153,155,156,157,159,160,164,168,171,172,174,178,186,187,212,213,215,217,218,219,220,221,222,223,225,232,237,239,243,244,246,255,256,257,261,265,266,270,271,274,276,278,279,281,282,283,285,287,290,291,293,295,302,304,305,309,316,317,319,322,339,342,351,356,365,379,380,406,409,414,417
47,48,60,61,63,64,66,67,69,70,74,75,76,77,79,80,81,82,84,85,86,92,95,96,97,101,104,105,107,110,116,117,122,127,131,133,148,149,153,155,158,163,166,173,175,179,181,184,194,203,204,213,220,222,223,226,227,229,231,232,235,237,238,240,243,246,249,250,254,261,264,265,270,280,283,284,287,289,293,294,297,298,299,300,302,303,306,309,315,319,320,322,325,327,328,330,336,345,350,393,467,555
48,59,63,65,66,68,71,72,74,75,77,78,80,81,82,83,84,86,88,89,90,91,92,94,98,101,109,110,127,128,132,134,136,140,141,142,146,147,149,156,161,163,165,168,169,171,172,174,176,178,181,184,185,186,193,210,211,218,222,223,224,226,227,231,233,241,242,244,247,248,251,253,254,258,260,263,266,267,269,270,273,274,279,287,290,292,296,301,306,308,309,314,321,325,338,342,357,363,366,369,370,377,392,402,404,428,433,443,672
49,62,64,65,67,68,69,70,71,72,73,75,78,79,80,81,82,83,84,85,87,88,90,93,94,96,101,103,106,107,108,117,118,119,120,121,123,131,155,161,165,170,173,177,179,181,183,197,206,209,212,213,215,217,219,220,223,226,234,238,245,247,248,249,254,260,262,263,265,271,273,275,277,281,283,285,286,289,295,300,302,305,315,354,357,358,362,369,380,401,446,496
50,56,62,63,64,65,66,67,68,69,72,73,74,75,76,77,78,80,81,84,85,87,89,91,93,95,97,115,123,126,128,129,130,131,133,142,144,150,152,157,161,164,169,172,176,178,185,192,200,204,206,208,211,212,222,224,226,227,230,231,233,234,237,240,246,249,261,262,269,271,278,281,284,293,303,310,315,322,339,343,364,374,397,404,485
51,3,59,62,64,66,67,68,69,70,71,72,73,74,75,76,77,78,79,83,85,86,87,88,89,91,94,98,106,112,117,119,120,123,125,126,132,144,148,150,159,162,166,170,171,174,178,179,187,188,197,199,204,205,207,212,215,216,219,220,221,226,231,239,250,252,253,259,264,268,269,274,276,280,289,293,295,311,315,324,325,361,364,388,466,562,585,642
52,5,58,59,60,62,63,65,66,67,68,69,72,73,78,79,80,86,87,88,89,90,93,95,98,100,103,105,106,108,109,111,124,131,134,140,142,144,145,158,159,160,162,163,170,171,179,180,182,190,192,194,198,200,205,206,207,208,213,216,221,224,229,231,233,234,236,237,240,243,246,249,258,260,261,270,278,279,280,283,288,290,295,302,309,310,317,319,330,335,351,364,416
53,57,58,59,60,62,63,64,66,68,69,70,71,74,75,79,80,82,84,85,88,89,91,94,102,104,106,108,122,130,132,138,155,164,169,170,176,178,185,190,191,197,202,206,213,216,219,220,222,226,229,230,231,233,242,243,253,256,257,264,265,266,268,273,276,279,292,293,297,307,309,315,321,322,323,324,333,338,360,369,377,434,455,693,698
54,55,56,59,60,62,63,64,66,74,75,77,83,85,89,90,92,95,96,97,98,100,113,114,122,129,131,132,133,136,145,168,172,177,194,195,197,198,199,200,206,211,214,221,222,225,232,234,236,239,243,246,251,254,255,261,295,296,320,348,353,365,410,446,498,604
55,62,63,64,66,69,71,73,74,75,76,77,80,81,85,88,89,93,103,108,111,118,119,124,133,138,146,154,156,159,166,168,170,181,188,197,198,201,202,203,207,208,209,210,216,221,235,236,241,246,250,257,260,280,298,303,377,399,467,688
56,53,55,56,57,58,60,62,63,64,65,69,72,76,79,81,85,86,87,88,93,95,101,102,105,109,110,115,116,128,151,155,156,173,176,188,193,199,201,205,211,213,214,221,250,257,263,264,268,281,301,310,311,316,328,365,480
57,52,60,61,62,64,65,67,68,72,73,74,81,83,84,85,91,94,96,98,99,100,104,105,106,107,108,110,114,119,126,129,130,147,150,153,154,173,176,199,200,219,223,224,248,271,275,284,308,354,372,402
58,56,59,65,66,68,71,74,75,77,79,81,83,84,86,88,94,97,104,105,108,111,113,116,120,122,126,127,150,152,166,173,174,182,183,184,209,215,220,240,248,258,282,576
59,54,55,58,59,62,63,64,65,66,67,68,69,70,71,73,74,75,76,78,79,81,85,86,87,88,90,92,93,94,97,98,112,122,150,152,157,161,162,170,189,192,195,225,226,252,260,347,517,530
60,56,59,60,63,64,66,67,69,70,71,73,74,76,77,78,79,81,82,83,84,94,97,98,102,103,104,105,106,107,109,110,111,113,115,120,122,125,149,155,160,177,187,191,193,271,383,470,475,589,605
61,58,59,60,62,63,64,69,70,71,72,75,79,80,81,82,84,88,89,92,94,96,97,102,106,107,110,112,113,117,119,120,130,131,133,136,137,142,145,153,169,178,222,509,538
62,56,60,61,64,66,67,70,71,72,74,75,76,77,78,80,81,82,83,84,85,88,89,90,91,93,94,95,97,98,99,100,101,102,105,107,112,116,118,121,122,127,132,138,140,141,143,144,166,168,191,192,198,201,203,206,221,227,238,241,260,270
63,49,65,69,70,73,74,75,76,77,78,79,81,82,83,84,85,87,89,90,91,92,93,94,95,97,99,102,103,104,106,110,114,115,119,125,126,129,130,133,134,135,136,140,142,143,144,146,152,154,156,163,164,168,178,181,183,185,186,190,231,237,244,252
64,25,62,63,65,66,72,74,77,78,79,80,82,83,84,85,86,87,88,89,90,93,94,96,97,98,100,101,102,103,104,105,107,108,109,117,119,121,122,123,124,125,126,129,131,133,134,136,137,138,140,142,143,148,177,179,181,192,369,436,576
65,18,58,66,71,78,79,85,86,97,99,108,109,111,112,113,115,116,117,119,120,122,123,125,126,127,132,134,136,137,139,141,142,147,187,274,411,539,600,622
66,63,75,92,97,101,103,125,133,194,667
67,53,118,120,122,152,413,449,611,646
68,624
69,49,332,368,505,606,628
70,38,560,690
71,453,476,504,612,674
72,146,301,390,444
73,44,478,640,684
74,363,626
75,434,511,537,577,625
76,51,372,530,552,573
77,4,475,603
78,24,375,545,679
79,12,16,579
80,24,122,200,379,693
81,166,330
82,274,690
83,
84,
85,
86,
87,
88,
89,
90,
91,
92,
93,
94,
95,
96,
97,
98,
