2
0,623
1,211,227
2,44,189,208,237,354,487
3,44,388
4,128,162,263,467,540
5,76,90,181,229,260,350,399,437,455,456,458,465,472,477,484,485,488,504,515,522,542,672
6,80,82,137,160,332,392,430,454,463,470,480,481,482,488,489,491,493,494,495,496,498,503,504,510,513,517,519,521,523,524,526,533,535,543,546,548,549,550,551,557,558,559,560,561,562,567,568,569,570,571,572,573,576,579,581,586,587,601,603,616,622,667
7,9,32,71,155,207,221,251,254,258,359,467,472,474,486,487,489,496,499,500,502,505,515,516,517,520,537,540,551,552,554,555,556,557,559,560,562,563,565,567,568,570,571,575,576,577,579,580,581,582,584,586,588,591,592,593,594,598,603,605,608,611,612,613,614,615,621,622,626,628,632,636,637,646,648,663,669
8,11,24,60,93,158,174,208,214,240,242,287,290,481,488,491,492,497,501,505,524,532,570,594,599,607,619
9,119,429,439,477,487,493,506,539,545,546,555,556,558,559,560,563,564,567,571,573,578,582,583,587,590,597,599,608,610,612,616,627,635,639,652
10,36,62,261,467,471,475,477,488,532,543,548,549,551,552,554,556,558,559,560,562,563,571,572,576,577,588,591,593,600,609,625,629,630,646
11,76,86,91,111,138,205,454,492,499,514,517,567,573,577,579,582,595,610,619,623,626
12,90,119,173,259,270,542,549,671
13,22,87,98,108,238,289,364,384,396,423,449,474,475,483,484,494,500,506,512,534,618,665
14,15,54,75,78,82,83,85,86,87,88,89,90,91,92,93,95,96,97,98,99,100,101,102,103,104,105,106,108,109,110,111,114,116,130,270,467
15,76,79,82,83,84,85,86,87,88,90,91,92,93,94,95,96,97,98,99,100,101,102,103,104,105,106,107,108,109,110,111,112,113,114,115,116,117,118,119,120,121,122,123,124,125,126,127,128,129,130,131,132,133,135,136,137,138,189,230,299,369
16,65,75,80,82,86,87,88,89,90,91,92,93,94,95,96,97,98,99,100,101,102,103,104,105,106,107,108,109,110,111,112,113,114,115,116,117,118,119,120,121,122,123,124,125,126,127,128,129,130,131,132,133,134,135,136,137,138,139,140,141,142,143,144,145,146,147,148,149,150,151,152,153,154,155,156,157,158,159,160,161,162,163,164,165,166,167,168,169,170,171,172,173,174,175,176,177,178,179,180,181,182,183,184,185,186,187,188,189,190,191,192,193,194,195,196,197,198,200,201,202,204,205,206,208,209,210,211,212,213,215,217,220,222,224,226,227,229,235,236,241,242,248,258,261,264,266,269,271,289,365,417,595,603
17,16,67,83,90,91,92,93,95,96,97,98,99,100,101,102,103,104,105,106,107,108,109,110,111,112,113,114,115,116,117,118,119,120,121,122,123,124,125,126,127,128,129,130,131,132,133,134,135,136,137,138,139,140,141,142,143,144,145,146,147,148,149,150,151,152,153,154,155,156,157,158,159,160,161,162,163,164,165,166,167,168,169,170,171,172,173,174,175,176,177,178,179,180,181,182,183,184,185,186,187,188,189,190,191,192,193,194,195,196,197,198,199,200,201,202,203,204,205,206,207,208,209,210,211,212,213,214,215,216,217,218,219,220,221,222,223,224,225,226,227,228,229,230,231,232,233,234,235,236,237,238,239,240,241,242,243,244,245,246,247,248,249,250,251,252,253,254,255,257,259,262,263,264,265,266,267,268,269,276,279,280,281,284,285,286,289,290,291,292,293,294,295,299,302,303,304,305,308,313,317,329,332,333,334,336,340,344,347,351,352,354,356,369,379,428
18,89,90,91,92,93,94,95,96,97,98,99,100,101,102,103,104,105,106,107,108,109,110,111,112,113,114,115,116,117,118,119,120,121,122,123,124,125,126,127,128,129,130,131,132,133,134,135,136,137,138,139,140,141,142,143,144,145,146,147,148,149,150,151,152,153,154,155,156,157,158,159,160,161,162,163,164,165,166,167,168,169,170,171,172,173,174,175,176,177,178,179,180,181,182,183,184,185,186,187,188,189,190,191,192,193,194,195,196,197,198,199,200,201,202,203,204,205,206,207,208,209,210,211,212,213,215,216,217,218,219,220,221,222,223,224,225,226,227,228,229,230,231,232,233,234,235,236,237,238,239,240,242,243,244,245,246,248,249,250,251,253,254,255,257,258,259,260,261,262,263,264,265,266,267,268,269,270,274,276,277,278,279,280,282,283,286,287,288,289,290,293,294,296,297,299,300,301,303,304,305,306,307,308,312,317,320,321,326,328,333,337,339,341,342,346,347,370,375,399,401,414,434,614
19,83,87,88,89,90,92,93,94,95,96,97,98,99,100,101,102,103,104,105,106,107,108,109,111,112,113,114,115,116,117,119,120,121,122,123,124,125,126,127,128,129,130,131,132,133,135,136,137,138,139,140,141,142,143,144,145,146,147,148,149,150,151,152,153,154,155,156,157,158,159,160,161,162,163,164,165,166,167,168,169,170,171,172,173,174,175,176,177,178,179,180,181,182,183,184,185,186,187,188,189,190,191,192,193,194,195,196,197,198,199,200,201,202,203,204,205,207,208,209,210,211,212,213,214,215,216,217,218,220,221,222,223,224,225,227,228,229,230,231,232,233,235,236,237,238,239,240,241,242,243,244,247,248,250,251,252,253,255,256,258,259,262,264,265,266,268,269,270,271,273,274,275,276,277,278,280,282,285,286,291,293,295,296,297,298,299,303,308,310,311,316,318,324,328,330,331,332,333,337,340,341,344,356,358,372,375,385,423,449
20,71,84,86,89,90,91,92,93,94,95,96,97,98,99,100,101,102,103,104,105,106,107,108,109,110,111,112,114,115,116,117,118,119,120,121,122,123,124,125,126,127,128,129,130,131,132,133,134,135,136,137,139,140,141,142,144,145,146,147,148,149,150,151,153,154,155,156,157,158,160,161,162,163,164,165,166,167,168,169,170,171,172,173,174,175,176,177,178,179,180,181,183,184,185,186,187,188,189,190,191,192,193,195,197,198,199,200,201,202,203,204,205,206,207,208,209,210,211,212,213,214,215,216,217,218,219,220,221,222,223,225,226,227,228,229,230,231,233,234,235,236,237,238,240,241,242,243,245,246,247,248,249,250,251,252,253,254,255,256,257,258,261,262,263,264,266,268,269,271,272,273,274,275,278,281,284,288,289,294,295,300,306,307,308,319,325,326,328,337,338,347,374,382,388,422,459
21,85,87,88,89,90,91,92,93,94,95,96,97,98,99,101,102,103,105,106,107,108,109,110,111,112,113,114,115,116,117,118,119,120,121,122,123,124,125,126,127,128,129,130,131,132,133,135,136,137,138,139,140,141,142,143,144,145,146,148,149,150,151,152,153,154,155,157,158,159,160,161,162,163,164,165,166,167,168,169,170,171,172,173,174,175,176,177,180,181,182,183,185,186,188,189,190,192,194,195,196,197,198,199,200,202,203,204,205,206,207,208,209,210,211,212,213,214,215,216,218,221,222,223,224,225,226,227,228,229,231,232,233,236,237,239,240,242,243,244,245,248,251,252,254,255,257,258,259,260,261,262,263,264,265,267,268,269,273,274,276,277,278,279,283,285,286,287,291,292,295,297,298,299,300,301,304,307,311,312,316,317,319,321,322,323,325,326,334,348,349,382,413,421,422,425,431,444,446,695
22,60,79,83,85,86,88,89,90,92,93,94,95,96,97,98,99,100,102,103,104,105,106,107,108,109,110,111,112,114,115,116,117,118,120,121,122,123,124,125,126,127,128,129,130,131,132,133,134,136,137,138,139,140,141,142,143,144,145,146,147,148,149,150,151,152,153,154,155,156,157,158,159,160,161,162,163,164,165,166,167,168,169,170,171,172,173,174,175,176,177,178,179,180,181,182,183,184,185,186,187,189,190,191,192,193,194,195,196,197,199,200,201,202,203,204,205,207,208,209,211,212,213,214,215,216,217,218,219,220,221,222,223,225,226,227,228,229,230,231,232,234,238,239,240,241,242,243,245,246,247,248,250,251,253,254,256,257,259,261,262,266,269,274,275,278,279,280,281,288,290,292,300,301,305,315,317,321,335,336,340,343,346,361,369,377,386,387,390,391,409,416,562
23,82,84,85,86,87,88,89,90,91,92,93,94,95,96,97,98,99,100,103,104,106,107,108,109,110,111,112,113,114,115,116,117,118,119,120,121,122,123,124,125,126,127,128,129,130,131,133,134,135,136,137,138,139,140,141,142,143,145,146,147,149,152,154,155,158,159,160,161,162,164,166,167,168,170,171,172,173,174,175,176,177,178,179,180,181,182,183,186,187,188,189,190,191,192,193,194,195,197,199,200,202,203,204,206,207,208,209,210,211,212,213,215,216,217,218,220,221,222,223,225,226,228,229,233,234,235,236,238,239,241,242,244,246,248,249,255,256,257,258,259,264,265,267,272,273,276,277,279,280,282,285,286,289,292,294,296,297,305,313,320,325,329,333,347,396,403,404,565,575,679
24,52,80,81,82,87,88,89,90,91,92,93,94,95,97,98,99,100,101,102,103,104,105,107,108,109,110,111,112,114,115,116,117,118,119,120,121,122,123,124,125,126,127,128,129,130,131,132,133,134,135,137,138,139,140,141,142,143,145,146,147,148,149,150,151,152,154,155,157,158,163,165,166,168,169,170,171,172,173,174,176,177,179,180,184,185,186,187,188,190,191,192,193,194,195,196,197,198,199,200,202,203,204,205,206,207,208,209,210,212,214,215,216,217,218,219,220,221,222,223,224,225,227,228,229,230,231,232,234,235,236,237,238,239,240,241,242,243,244,245,247,248,249,250,251,252,253,255,256,257,258,259,260,261,262,265,266,267,268,269,272,273,274,275,276,277,278,279,285,286,287,291,292,296,298,303,304,308,311,315,319,322,323,328,331,332,341,343,352,358,365,382,386,391,428,435,439,691
25,84,87,88,90,91,94,95,96,97,98,99,100,102,103,104,105,107,108,109,110,113,114,115,116,117,118,119,120,121,122,123,124,125,126,127,129,130,131,132,133,134,135,136,137,139,140,142,143,145,146,147,148,149,150,152,153,154,155,156,157,158,159,160,161,162,163,164,165,166,167,168,169,170,171,172,173,175,176,177,179,181,183,184,185,186,187,188,189,190,191,192,195,196,197,198,199,200,201,203,204,205,208,209,211,212,213,214,215,217,218,219,222,223,225,226,227,230,232,235,236,238,240,241,243,244,247,248,250,251,253,255,256,257,258,259,261,262,263,265,266,269,274,276,278,280,281,282,283,292,294,295,297,298,300,303,307,316,319,321,322,330,348,350,360,369,375,593
26,81,83,84,85,87,89,90,91,92,93,94,95,96,97,98,101,102,103,104,105,106,107,108,109,110,111,112,113,114,115,116,117,118,119,120,121,122,123,124,125,126,128,129,130,131,132,133,134,136,138,140,141,142,143,145,146,149,150,151,152,154,155,156,157,158,159,161,162,163,165,167,168,169,170,171,174,175,177,180,183,184,185,186,187,188,189,190,191,192,193,194,195,196,198,199,200,201,202,203,204,206,207,208,209,210,211,212,213,214,215,216,217,218,219,221,223,224,225,226,227,229,230,231,233,234,240,242,244,247,248,252,253,254,255,256,257,258,264,266,273,274,275,276,278,281,287,288,291,294,295,296,299,300,302,303,305,308,322,340,343,360,400,471
27,9,47,83,84,85,87,89,90,91,93,95,96,97,100,102,104,108,110,111,112,113,115,117,118,119,120,121,123,125,126,127,128,129,130,131,132,133,134,135,136,137,139,140,141,142,143,145,147,149,151,152,154,155,157,158,159,160,161,162,163,164,165,166,167,168,169,171,172,173,174,176,177,179,181,182,183,184,185,186,187,188,189,190,191,192,193,194,195,196,197,199,200,201,202,203,204,205,206,207,209,210,211,213,214,215,217,219,220,221,222,224,225,227,228,229,230,231,232,233,234,237,239,241,242,243,246,248,250,251,253,254,256,257,259,260,261,262,264,265,266,267,269,270,271,272,273,274,275,277,278,280,282,284,288,292,294,295,303,304,307,310,323,326,327,336,345,359,363,370,408,415,416,419,422,440,457,525,602,606
28,81,85,86,87,88,89,90,92,93,94,95,96,97,98,100,102,103,104,105,106,107,108,109,110,111,112,113,114,115,116,118,119,120,121,122,123,124,125,126,127,128,130,131,132,134,135,136,137,141,142,143,144,145,146,147,148,149,150,151,153,155,156,157,160,161,163,164,165,166,167,168,169,170,171,172,173,174,176,177,178,179,182,183,184,185,188,189,190,191,192,193,194,195,196,197,200,202,203,205,206,208,209,210,211,212,214,216,217,219,221,223,224,225,226,227,228,231,233,235,236,238,241,242,243,244,245,248,249,250,251,252,253,255,258,259,260,261,267,271,275,276,281,283,284,285,291,292,294,302,303,304,310,314,316,321,322,323,325,329,338,339,341,342,347,372,400,403,405,407,448,539,649,653
29,78,88,89,91,93,94,95,96,97,98,99,100,101,102,103,105,106,107,108,109,110,111,112,114,115,116,117,118,119,120,122,123,124,126,127,128,130,131,132,133,134,135,137,139,140,141,144,145,146,147,148,149,150,151,153,154,156,157,158,160,161,162,164,165,167,168,169,170,171,172,173,174,175,176,177,178,179,181,182,183,185,186,189,190,191,192,194,195,196,198,199,200,203,206,207,213,215,216,217,219,220,221,223,225,228,232,234,236,237,242,243,244,246,251,253,255,256,257,258,260,261,262,263,264,265,268,269,273,276,277,278,279,281,282,284,285,286,287,288,292,298,300,304,308,313,314,315,329,336,337,340,360,374,398,421,433,639
30,1,76,80,82,89,91,92,93,96,97,99,101,102,103,104,105,106,107,109,110,111,112,113,114,116,117,118,120,121,122,124,125,127,128,130,131,132,133,134,135,136,137,138,139,140,144,145,147,148,149,150,151,152,153,154,155,156,159,160,161,162,163,164,165,166,168,169,170,173,175,178,180,182,183,186,187,188,190,191,193,194,196,200,202,203,204,205,206,207,209,210,212,213,214,218,221,222,223,224,225,226,228,230,231,235,237,238,239,240,241,243,245,246,248,249,250,252,255,256,262,263,265,266,271,276,277,280,282,286,298,299,306,308,310,320,327,331,339,350,358,397,483,512
31,77,86,89,90,92,94,95,96,98,101,103,104,105,106,109,110,111,112,114,116,117,119,121,122,124,125,126,128,129,130,131,132,134,135,136,138,140,141,142,144,146,147,148,149,151,152,153,155,157,158,159,160,161,162,164,165,166,167,169,171,174,175,179,182,183,185,186,188,189,190,191,192,193,194,196,197,198,199,200,203,213,214,217,220,221,224,225,226,227,228,230,231,236,239,244,246,247,249,252,253,254,256,258,259,260,261,262,263,267,268,269,270,272,276,277,280,281,283,284,286,292,300,302,303,304,305,308,311,314,316,320,323,375,407
32,2,47,82,84,88,89,90,92,93,94,97,98,99,100,102,103,105,107,108,110,111,112,113,114,116,118,120,121,122,123,125,126,128,129,130,131,132,134,136,137,138,140,141,143,145,147,148,150,154,155,156,157,158,159,160,161,162,163,166,168,169,170,171,172,173,174,175,176,179,180,181,182,183,184,186,187,191,192,193,195,196,198,199,200,201,202,203,204,205,207,208,209,211,212,214,217,218,219,220,221,225,226,228,230,231,232,233,234,235,236,237,238,240,241,245,247,253,255,257,258,262,263,264,269,274,276,277,279,283,285,287,288,293,294,309,316,324,325,326,327,331,337,342,347,355,389,410,418,436,582,653,696
33,38,90,91,92,93,95,96,98,99,103,104,106,107,108,109,110,111,112,113,114,115,116,117,118,119,120,121,122,123,124,125,126,127,128,129,130,132,134,135,137,138,139,142,143,144,145,146,147,149,150,151,152,153,154,155,156,161,164,165,166,168,169,170,172,174,175,176,177,178,179,180,182,183,184,185,186,187,188,189,190,191,192,193,194,195,196,198,200,201,202,203,204,205,206,207,208,209,210,211,212,213,214,215,216,217,219,220,221,222,223,224,229,232,235,236,237,240,246,250,255,257,259,260,264,266,267,272,277,281,283,284,288,290,300,303,304,305,307,310,318,319,320,323,327,330,342,403,427,435,438
34,7,74,80,85,92,94,96,97,99,100,101,104,105,106,108,109,111,112,113,114,115,116,117,118,119,120,121,122,123,124,125,126,127,128,129,130,131,132,133,134,135,136,137,138,139,140,141,142,143,144,145,147,148,149,151,152,154,155,156,158,159,160,161,162,163,164,166,168,171,172,173,174,175,177,178,181,182,185,186,187,188,189,190,192,193,194,195,196,197,200,204,205,206,207,211,212,214,217,218,219,221,222,225,227,228,229,230,233,236,238,239,242,244,245,246,247,248,249,250,252,253,254,256,257,258,265,266,267,270,273,274,277,282,283,284,285,286,290,292,293,297,311,312,335,336,342,345,358,370,381,394,437,484
35,78,93,95,96,98,100,101,102,103,104,106,109,110,111,114,115,116,117,118,119,120,123,124,125,126,127,128,130,133,134,135,136,138,140,141,142,144,146,148,149,150,152,154,155,156,157,158,159,160,161,163,164,165,167,168,170,171,172,173,175,177,178,180,181,183,184,185,186,187,188,190,192,193,194,195,197,201,202,207,209,210,211,212,216,217,218,220,221,223,224,225,227,228,230,232,233,236,237,238,241,242,243,253,255,256,262,272,278,279,283,285,289,290,292,296,298,303,307,311,313,317,319,324,367,390,406,443,447,565,649,687,693
36,17,40,86,95,97,99,100,101,103,104,105,106,107,108,109,110,111,112,113,114,115,116,117,119,120,121,122,124,125,126,128,133,137,141,144,145,146,148,150,151,152,157,158,159,160,161,162,163,164,165,166,167,168,169,170,173,174,175,176,178,179,180,181,182,183,184,187,188,190,193,195,196,197,198,199,200,201,202,203,204,206,210,211,212,213,214,216,217,220,221,224,225,226,227,228,229,232,234,235,239,240,241,242,244,247,248,249,254,257,259,265,274,282,290,292,295,297,301,308,316,317,320,326,354,362,496
37,72,83,95,96,97,98,99,100,102,103,105,107,108,109,110,111,114,116,117,120,121,122,123,124,125,126,129,130,133,134,135,136,137,138,139,140,141,142,143,144,146,147,148,149,150,152,153,154,155,156,157,158,159,161,162,163,167,170,171,172,173,176,177,179,180,181,182,183,185,187,189,190,191,192,193,194,197,198,199,202,203,204,205,206,208,213,216,217,218,222,224,225,227,228,230,231,237,240,242,245,247,250,252,253,254,260,262,264,267,270,271,275,276,277,279,280,283,284,286,288,289,292,298,300,302,313,318,325,333,334,336,338,348,352,367,404,449,470,664
38,95,97,99,101,104,105,106,108,109,110,112,113,114,115,116,117,118,119,123,124,125,126,127,129,131,132,133,134,136,137,138,139,141,142,144,145,147,148,149,152,153,154,155,156,157,158,159,160,161,163,164,165,166,168,169,171,172,173,174,177,180,182,183,184,185,188,189,190,191,193,194,195,196,197,198,202,203,204,207,208,209,210,211,212,213,216,217,218,220,224,226,229,230,231,232,233,235,236,237,243,244,249,250,251,255,257,259,260,265,270,274,281,282,288,300,301,314,350,380,385,434,647
39,94,98,102,104,105,106,108,109,111,113,115,116,117,118,119,120,121,122,123,125,126,128,129,130,132,138,139,140,141,142,143,145,146,147,148,149,154,157,160,161,162,163,164,170,174,175,177,187,188,190,191,193,194,196,197,199,201,202,205,206,208,210,211,215,216,217,218,219,220,221,223,225,226,230,234,235,236,238,239,242,243,244,245,246,247,250,252,255,257,259,264,268,270,277,278,280,281,285,288,289,290,291,297,307,310,311,324,332,356,371,380,382,394,467,481,495,655
40,41,100,105,107,108,109,111,112,113,115,116,117,121,122,125,127,128,129,132,133,135,136,137,138,139,141,142,143,144,145,146,151,152,153,154,156,157,158,159,160,161,163,164,166,167,169,171,173,174,176,179,180,182,183,187,189,194,196,198,200,202,211,214,217,218,220,222,228,229,230,231,234,241,243,251,254,256,267,276,278,279,281,282,288,289,293,298,301,303,308,310,313,314,317,323,329,338,341,343,344,351,366,368,370,376,515
41,47,98,104,108,110,111,112,113,116,117,119,120,121,122,123,125,127,128,131,132,133,135,136,140,144,145,146,150,151,153,155,156,157,160,162,163,165,167,171,172,174,175,178,179,181,182,183,185,186,188,189,191,194,196,198,199,200,201,203,204,205,206,207,208,209,210,211,212,213,214,215,217,218,219,221,223,228,229,230,231,232,233,235,236,238,239,241,242,244,246,248,249,251,257,260,263,267,271,278,279,280,282,285,286,305,311,314,326,328,337,339,438,559,615,629,637,673
42,103,104,106,111,112,114,115,116,117,119,121,123,124,126,127,128,129,132,133,134,135,137,138,139,140,141,142,143,144,148,149,150,151,152,153,154,155,156,157,158,159,160,161,163,166,168,169,170,172,173,174,176,178,179,180,184,188,195,197,198,199,200,202,205,207,208,209,214,216,219,220,221,223,236,237,246,247,250,251,257,259,260,264,269,273,275,286,289,294,300,303,305,308,311,321,322,323,337,348,354,357,359,369,373,403,462,512
43,108,110,111,112,115,116,117,118,119,121,122,125,128,129,130,131,132,134,135,136,137,138,139,140,141,142,144,145,147,150,152,157,158,159,160,161,164,165,167,172,173,177,178,179,180,184,185,186,187,192,194,196,197,198,200,204,205,208,209,210,211,213,215,217,218,220,224,225,226,227,230,231,232,244,245,249,251,252,253,255,256,259,262,268,270,271,276,282,285,292,296,313,323,345,350,353,380,500,636
44,53,59,69,79,105,110,112,113,114,115,119,120,121,124,127,128,129,131,132,134,135,139,140,143,144,145,146,147,149,151,152,153,154,155,157,158,159,163,164,165,166,167,168,173,176,177,178,179,180,183,189,190,193,194,196,198,199,200,202,206,207,208,209,215,221,233,251,267,278,288,289,304,306,317,332,334,338,350,373,504
45,58,99,108,114,115,117,119,122,123,124,125,127,130,131,132,134,137,139,140,141,142,145,149,150,151,152,154,155,156,158,159,160,161,162,163,164,166,167,168,171,173,175,180,191,192,195,198,199,200,202,205,206,207,224,227,228,229,234,236,240,243,252,256,260,261,270,272,289,290,294,298,301,309,319,375,447,580,694
46,101,116,120,122,131,141,144,147,148,153,156,158,160,161,162,165,167,169,170,172,174,177,178,180,181,184,185,187,188,191,195,197,198,199,202,203,206,211,212,213,219,223,224,226,237,243,249,250,251,258,260,271,272,273,279,284,290,294,327,345,533,623
47,137,146,150,162,172,180,182,186,191,226,257,339,369,375,435,456,469,593
48,71,230,398,442,522,606,672
49,558,559
50,92,375,468,491,522
51,426,514,562,605,643,699
52,357,362,595,660
53,43,174,219,322,335,337
54,28,56,446,498,577
55,199,303,317,517,571,593
56,153,404,559,679
57,356,374
58,15,61,341,384,532
59,79,84,497,682,684
60,72,82,199,311,339,499,559,673
61,82,109,116,241,246,384,537,698
62,113,223,239,462,507,515
63,369
64,215,221,290,574,596,605,633
65,255
66,
67,
68,
69,
70,
71,
72,
73,
74,
75,
76,
77,
78,
79,
80,
81,
82,
83,
84,
85,
86,
87,
88,
89,
90,
91,
92,
93,
94,
95,
96,
97,
98,
