14
0,304
1,257,275,390
2,23,124,649
3,156,248,287,545,644
4,45,247,265,267,462,484,590,694
5,7,413,498,524,602
6,145,170,178,192,498,696
7,105,584
8,29,89,262,416,493,511,614,647
9,174,308,358,467,485,602,616
10,29,113,184,277,380,385,531,561,612,627
11,44,277,282,344,434,520,569
12,24,160,188,196,300,433,481,586,627
13,97,243,464,489
14,560,611
15,1,31,65,77,84,85,87,90,91,93,94,96,97,98,100,105,258,340,354,380,393,428,609
16,2,33,60,74,76,78,80,82,83,84,85,86,87,88,89,90,91,92,93,94,95,96,97,98,99,100,101,102,104,105,106,107,108,109,110,111,112,114,115,116,121,123,128,179,215,386,424,428,436,451,456,495,496,572
17,52,77,78,79,81,82,83,84,85,86,87,88,89,90,91,92,93,94,95,96,97,98,99,100,101,102,103,104,105,106,107,108,109,110,111,112,113,114,115,116,117,118,119,120,121,122,123,124,125,126,127,128,129,130,131,132,133,134,135,136,137,138,139,140,141,142,143,144,145,146,147,148,149,150,151,153,154,176,282,296,482,493,516
18,46,76,79,82,83,84,85,86,87,88,89,90,91,92,93,94,95,97,98,99,100,101,102,103,104,105,106,107,108,109,110,111,112,113,114,115,116,117,118,119,120,121,122,123,124,125,126,127,128,129,130,131,132,133,134,135,136,137,138,139,140,141,142,143,144,145,146,147,148,149,150,151,152,153,154,155,156,157,158,159,160,161,162,163,164,165,166,167,168,169,170,171,172,173,174,175,176,177,178,179,180,181,182,183,184,185,186,187,188,189,190,191,192,193,194,195,196,197,198,199,200,201,202,203,204,205,206,207,208,209,210,211,212,213,214,215,216,217,218,219,220,221,222,223,224,225,226,227,229,230,231,232,233,235,236,239,240,241,242,243,244,245,247,248,250,251,253,254,256,259,260,263,264,265,266,267,269,273,276,281,284,285,287,289,292,294,295,300,301,306,318,329,334,356,438,575,632,633
19,50,76,79,80,81,82,83,84,85,86,87,88,89,90,91,92,93,94,95,96,97,98,99,100,101,102,103,104,105,106,107,108,109,110,111,112,113,114,115,116,117,118,119,120,121,122,123,124,125,126,128,129,130,131,132,133,134,135,136,137,138,139,140,141,142,143,144,145,146,147,148,149,150,151,152,153,154,155,156,157,158,159,160,161,162,163,164,165,167,168,169,170,171,172,173,174,175,177,178,179,180,181,182,184,185,186,187,188,189,190,191,192,193,194,195,196,197,198,199,200,201,202,203,204,205,206,207,208,209,210,211,212,213,214,215,216,217,218,219,220,221,222,223,224,225,226,227,228,229,230,231,232,233,234,235,236,237,238,239,240,241,242,243,244,245,246,247,248,249,250,251,252,253,254,256,258,260,261,264,267,268,269,270,275,276,278,280,281,282,283,284,285,287,288,291,292,294,298,299,301,306,310,311,312,316,318,321,327,331,336,338,350,351,358,363,373,383,436,443,444,556
20,77,78,79,80,81,82,83,84,85,86,88,89,90,91,92,93,94,95,96,97,98,99,100,101,102,103,104,105,106,107,108,109,110,111,112,113,114,115,116,117,118,119,120,121,122,123,124,125,126,127,128,129,130,131,132,133,134,135,136,137,138,139,140,141,142,143,144,145,147,148,149,150,151,152,153,154,155,156,157,158,159,160,161,162,163,164,166,167,169,170,171,173,174,175,176,177,179,180,181,182,183,184,185,186,187,188,189,190,192,193,194,195,196,197,198,199,200,201,202,203,204,205,206,207,208,209,210,213,214,215,216,217,220,222,223,224,226,227,228,229,230,231,232,233,234,235,236,237,239,240,243,244,245,246,247,248,249,250,251,252,253,254,255,256,257,258,259,260,261,262,263,264,265,266,267,268,271,274,275,276,277,278,281,282,283,284,285,286,287,290,291,293,294,298,299,300,301,302,304,305,306,308,311,312,314,318,321,324,327,328,340,345,350,353,356,360,369,390,391,422,442,557,610,687
21,76,77,78,79,80,81,82,83,84,85,86,87,88,89,90,91,92,93,94,95,96,97,98,99,100,102,103,104,105,106,107,108,109,110,111,112,113,114,115,116,117,118,119,120,121,122,123,124,125,126,127,128,129,130,131,132,133,134,135,136,137,138,139,140,141,142,143,144,145,146,147,148,149,150,151,153,154,155,156,157,158,159,160,161,162,163,164,165,166,167,168,169,171,172,173,174,175,177,178,180,181,183,184,185,186,187,188,189,190,191,192,193,194,195,196,197,198,199,200,202,203,204,205,206,207,209,210,211,212,213,214,215,217,219,220,221,222,223,225,226,227,228,230,231,232,233,234,235,236,238,240,241,242,243,244,246,247,249,250,253,255,257,258,259,260,261,265,266,267,269,272,273,276,277,278,283,284,285,289,290,291,292,295,297,298,302,303,304,307,308,309,310,311,317,318,320,322,324,328,336,337,338,339,343,348,360,362,368,374,389,391,392,394,396,402,466
22,38,72,73,75,76,77,78,79,80,81,82,83,84,85,86,87,88,89,90,91,92,93,94,95,96,97,98,99,100,101,103,104,105,106,107,108,109,110,111,112,113,114,115,116,117,118,119,120,121,122,123,124,125,126,127,128,129,130,131,132,133,134,135,137,138,139,140,141,142,143,144,145,146,147,148,149,150,151,152,153,154,155,156,158,159,160,161,162,163,164,165,166,167,168,169,170,171,172,173,174,175,176,177,178,180,181,183,184,185,186,187,188,190,191,192,193,194,195,196,197,198,199,201,202,204,205,206,207,209,211,212,213,214,215,216,217,218,219,220,221,222,223,224,225,226,227,229,230,231,232,233,236,237,238,239,240,242,244,248,249,250,252,253,255,260,261,262,265,266,268,269,270,272,275,277,278,279,281,282,284,285,287,290,294,296,298,299,300,301,304,305,312,313,315,318,324,325,328,331,333,339,353,354,365,367,375,384,407,488,493,523,530,562
23,70,72,73,74,75,76,77,78,79,80,81,82,83,84,85,87,89,90,91,92,93,94,95,96,97,98,99,100,101,102,103,104,105,106,107,109,110,111,112,113,115,116,117,118,119,120,121,122,124,125,126,127,128,129,130,131,132,133,134,136,138,139,140,141,142,143,144,145,146,147,149,150,151,153,154,155,156,157,158,159,160,161,162,163,164,165,166,167,168,169,170,173,174,175,176,178,179,180,182,183,184,185,186,187,188,189,190,191,192,193,194,195,196,197,198,200,201,202,203,204,205,206,207,208,209,211,212,213,214,215,217,218,219,220,221,222,223,224,225,226,227,228,229,230,231,232,233,234,235,236,238,239,240,241,242,244,245,246,247,250,251,253,254,255,256,259,261,262,264,265,267,268,269,270,271,273,274,280,283,285,289,291,298,299,301,302,305,306,310,319,326,329,330,331,332,340,341,343,344,347,350,354,361,363,367,375,384,402,461
24,57,73,74,75,76,77,78,79,80,81,82,83,84,85,86,87,88,89,90,91,92,93,94,96,97,98,99,100,101,102,103,104,105,106,107,108,109,110,111,112,113,114,115,116,117,118,119,121,122,123,124,125,126,127,128,129,130,131,132,133,134,135,136,137,138,139,140,141,146,147,149,151,152,153,155,156,157,158,159,160,161,162,163,164,165,166,168,169,170,171,172,173,174,175,176,177,178,179,182,183,184,185,186,187,188,189,190,191,192,193,194,195,196,197,198,199,200,202,203,204,205,206,207,208,209,210,211,212,213,214,215,216,217,218,219,220,221,222,223,224,225,226,227,228,230,232,233,234,235,236,237,239,240,241,242,243,245,246,247,248,249,250,251,252,253,254,255,257,259,260,261,262,263,264,266,267,268,270,273,274,277,278,279,280,281,282,285,286,295,298,299,303,305,306,310,314,318,321,328,339,342,364,370,372,374,376,400,441
25,75,76,77,78,80,81,82,83,84,85,86,88,89,90,91,92,93,95,96,97,98,99,100,101,102,103,104,105,106,107,108,109,110,111,112,113,114,115,116,117,118,119,120,121,122,123,124,125,126,127,128,129,130,131,132,133,134,135,136,137,138,140,141,142,143,144,145,146,148,149,150,152,153,154,156,157,158,159,161,162,163,165,166,167,168,169,170,171,172,174,175,176,177,178,179,180,181,182,185,187,188,189,190,192,193,194,195,196,197,198,199,200,201,203,205,207,208,209,210,211,212,213,214,215,217,218,219,220,221,223,224,226,227,228,230,231,232,233,234,235,236,237,239,240,243,244,245,246,248,249,254,255,256,257,259,264,265,266,269,272,273,275,277,282,285,287,290,292,296,298,299,301,306,312,314,342,381,389,408,415,664,697
26,63,69,71,73,75,77,78,79,81,83,84,85,86,87,88,89,90,92,93,94,95,96,97,98,99,100,101,103,104,105,106,107,109,110,111,112,113,114,115,116,117,118,119,120,121,122,123,124,125,126,127,128,129,132,133,134,135,136,137,138,139,140,141,142,143,144,145,147,148,149,150,151,152,153,155,156,157,162,163,164,165,170,171,172,173,175,177,178,179,180,181,182,183,184,185,186,187,188,189,190,192,193,194,195,196,197,198,199,200,201,202,204,205,206,207,208,210,211,213,214,215,216,219,222,223,225,227,229,230,235,238,239,241,243,244,249,250,251,254,255,257,258,259,261,262,263,264,265,267,269,270,274,277,278,279,281,292,294,297,304,305,306,310,315,319,320,322,323,325,330,331,337,346,347,348,353,395,404,405,417,444,452,475,525,586
27,74,75,76,77,78,80,81,83,84,85,86,87,88,89,90,91,92,93,94,95,96,97,98,99,100,101,102,103,104,105,106,107,108,109,110,111,112,113,114,117,118,121,122,123,124,125,127,128,129,130,131,132,133,134,135,136,138,139,140,141,142,143,144,145,148,149,151,152,153,154,155,158,159,160,162,163,164,165,166,167,170,171,174,175,177,178,179,180,182,183,184,185,186,187,188,189,190,192,193,195,196,197,198,199,200,201,202,203,204,205,206,207,208,209,210,211,212,213,214,215,217,218,219,221,222,223,225,227,228,229,230,232,233,234,236,239,240,241,246,250,251,252,253,258,259,261,264,265,267,268,271,273,274,275,277,278,282,284,290,295,301,302,304,306,312,313,314,317,318,319,320,331,333,334,335,336,342,344,360,361,367,386,391,427,546,577,667,696
28,80,83,84,86,87,88,90,94,95,96,97,98,99,100,101,102,104,105,106,107,108,109,110,112,115,116,117,118,119,120,121,123,124,125,126,127,128,129,130,131,132,133,134,135,137,138,139,140,143,144,145,146,147,148,149,150,151,153,154,155,156,157,158,159,160,161,162,163,166,167,168,171,172,173,175,176,177,178,179,180,181,182,183,184,185,186,187,188,189,190,191,192,194,195,196,197,198,199,200,201,202,203,204,206,207,208,209,211,212,213,214,216,217,218,219,222,223,225,228,230,231,235,236,238,240,242,244,245,246,248,249,253,254,256,258,259,261,264,273,274,278,280,281,282,283,284,286,289,292,294,295,297,300,301,302,311,312,314,322,324,329,331,336,337,338,370,387,397,412,416,424,457
29,9,69,74,75,77,78,80,81,83,85,87,88,89,91,93,94,95,96,97,98,99,100,101,102,103,104,105,106,107,108,110,111,112,113,114,115,117,118,119,120,121,123,127,129,130,131,132,133,135,136,137,139,141,142,143,144,145,146,147,149,151,152,153,154,156,159,161,162,163,164,166,167,168,169,170,172,173,174,175,176,177,178,179,180,181,182,183,184,186,187,188,189,191,192,195,196,197,198,199,200,201,202,204,205,206,207,211,214,215,216,217,218,220,221,222,223,224,226,227,230,232,234,235,236,237,240,241,242,246,248,249,250,254,255,256,260,261,263,265,266,269,270,277,278,285,286,288,290,295,298,300,304,308,320,321,326,329,334,338,359,362,382,395,505
30,79,80,83,85,86,89,91,92,94,95,96,97,98,99,100,101,103,104,105,106,107,108,109,110,111,112,113,115,116,117,118,120,121,123,126,127,128,129,130,133,134,135,138,139,140,141,142,143,145,146,147,148,149,150,151,152,153,154,155,156,157,158,160,162,163,170,171,173,174,175,176,180,181,182,183,184,185,186,187,188,189,190,192,193,194,196,197,198,199,200,201,202,203,204,205,206,207,208,209,211,212,213,214,215,216,217,219,220,221,222,223,224,225,226,227,228,229,230,231,233,234,238,241,242,243,244,245,246,248,249,251,252,253,254,255,256,257,259,261,262,263,264,266,267,268,269,270,271,272,273,276,277,279,281,284,286,287,291,292,294,302,306,307,311,312,315,320,321,331,338,349,377,381,382,385,387,389,407,448,491,582,644
31,32,43,74,87,88,90,92,95,96,97,99,100,101,105,106,107,108,109,110,111,112,113,114,115,116,117,119,121,122,123,124,125,126,127,128,129,130,131,133,134,135,137,138,139,142,143,146,147,148,149,150,151,152,153,154,155,156,158,159,160,166,171,172,173,176,181,182,183,184,185,186,187,188,189,190,191,192,194,195,196,197,198,199,200,202,203,204,205,206,207,208,209,210,211,212,214,215,216,217,219,220,221,222,224,225,227,228,229,231,232,233,235,236,238,239,240,241,242,244,246,248,251,252,253,254,255,256,258,262,263,268,269,273,276,277,278,279,281,283,284,289,292,297,299,306,309,310,311,314,322,323,331,335,340,344,351,355,356,360,362,401,669
32,15,22,82,86,88,89,90,93,94,95,96,97,98,99,100,102,103,104,106,107,108,109,111,112,113,114,115,117,118,119,120,121,123,124,125,126,127,128,131,132,133,134,135,136,138,139,140,142,144,145,147,149,150,151,152,153,154,155,157,161,164,166,171,172,174,175,177,179,180,181,183,185,186,188,189,190,191,195,196,197,198,199,201,202,203,204,206,207,208,209,210,212,213,215,216,219,220,222,223,224,225,226,228,229,232,234,235,236,238,239,240,243,244,245,246,247,248,249,251,252,253,254,256,257,258,259,260,261,262,264,265,266,267,268,269,270,271,272,273,274,275,278,279,280,281,282,283,285,287,289,290,293,295,296,297,298,299,300,301,304,305,306,307,308,312,313,314,315,316,317,318,319,321,325,327,330,332,333,336,337,342,347,349,353,385,403,434,461,466,494
33,6,80,85,86,88,91,92,93,95,96,97,98,99,100,101,103,104,105,106,108,109,112,113,115,116,118,119,120,122,126,127,132,134,135,136,137,138,141,142,144,145,146,148,149,150,152,153,155,156,157,159,162,163,166,167,168,169,171,172,173,176,177,179,180,181,184,185,186,187,189,190,191,192,193,195,196,198,200,201,204,205,206,207,209,210,211,212,213,214,215,216,217,218,219,220,221,222,223,224,225,226,228,230,231,232,233,234,235,237,239,240,241,244,245,246,247,251,252,253,254,255,256,257,258,259,261,263,264,265,266,268,269,270,271,272,273,276,277,278,279,280,281,282,283,284,285,286,289,290,291,293,294,297,299,300,301,302,303,304,309,310,311,312,313,314,315,316,317,322,323,326,328,329,332,336,337,338,340,343,345,346,347,350,351,353,356,357,361,366,368,377,382,389,397,410,416,420,424,426,480,484,578
34,3,88,89,90,92,94,97,98,102,103,104,105,108,110,112,113,114,115,117,119,120,121,124,126,128,130,131,132,135,138,139,141,142,145,147,153,155,156,157,160,161,164,176,180,182,183,185,186,187,190,191,192,193,194,195,196,197,198,199,200,201,202,203,204,205,206,207,209,210,211,212,214,215,216,219,220,221,222,223,224,226,227,228,229,230,231,232,233,235,236,238,239,240,241,242,247,249,250,252,253,254,255,257,258,259,261,263,264,266,267,268,269,270,271,272,273,274,275,281,282,283,284,285,286,287,290,291,292,293,295,298,299,300,301,302,303,304,306,307,309,310,311,315,317,318,319,320,321,323,324,325,326,327,330,331,332,333,334,335,337,341,342,346,351,352,354,356,357,363,364,366,367,369,371,373,376,377,378,383,388,391,395,397,398,399,402,404,405,410,412,422,426,443,445,452,464,469,555
35,20,31,80,82,83,84,86,87,89,90,91,92,94,95,97,99,100,102,103,104,106,108,109,110,112,114,115,116,117,118,119,120,121,122,123,124,126,127,128,132,134,135,140,144,146,148,154,155,162,164,166,168,171,174,175,176,180,182,183,184,187,188,189,192,194,195,196,197,198,199,200,201,202,205,206,209,210,213,214,215,216,218,220,222,224,226,227,228,229,230,231,233,234,235,236,237,238,239,241,242,243,244,246,247,248,249,250,251,252,253,254,255,256,257,259,260,261,262,263,264,265,266,267,268,270,271,272,273,274,275,276,278,279,281,283,285,287,288,290,293,294,296,299,301,303,304,307,308,309,311,312,315,316,317,319,320,321,325,326,328,329,331,333,334,335,338,339,342,347,353,354,356,357,364,366,373,381,383,386,387,392,393,395,399,400,406,407,417,427,428,434,443,466,467,473
36,79,82,83,85,86,88,91,94,97,98,99,100,102,103,105,106,107,108,109,111,112,114,116,122,124,125,128,129,130,132,135,136,137,140,142,143,144,148,150,155,158,162,163,164,168,169,174,175,179,181,183,184,185,186,187,190,191,193,195,196,197,198,199,201,204,205,206,207,216,218,219,220,223,227,228,229,233,234,235,237,239,241,242,243,247,249,250,251,252,253,254,255,257,265,267,268,269,271,274,275,276,277,282,283,286,288,289,290,295,296,297,298,306,307,308,309,311,314,315,317,318,319,320,322,323,326,329,333,334,338,341,343,345,346,354,356,365,372,374,382,387,390,406,411,412,418,443,542,548,624
37,32,80,81,82,83,85,88,90,92,97,98,101,102,105,106,108,109,110,111,112,113,114,117,121,123,124,128,129,130,131,133,134,135,136,137,139,143,146,147,148,149,153,157,158,159,163,171,173,174,175,178,183,185,187,189,190,193,194,198,209,210,215,219,221,225,226,229,230,232,233,235,236,237,239,244,248,250,255,257,264,266,268,271,276,280,281,286,287,292,298,300,301,303,315,318,324,329,333,336,367,373,378,379,385,386,388,389,393,395,396,399,402,405,407,408,410,411,412,414,419,420,421,426,427,439,441,485
38,67,77,80,82,86,90,93,95,96,97,98,100,104,105,107,108,109,110,111,112,113,115,119,125,126,127,129,133,134,135,138,139,140,141,145,146,147,148,149,150,151,153,154,159,161,162,164,167,171,174,175,178,180,186,187,188,189,190,192,193,196,198,199,200,201,202,203,204,206,208,210,213,215,217,218,221,222,223,224,229,232,235,240,241,247,248,251,261,264,265,266,268,269,270,272,278,282,283,284,285,289,292,294,304,330,334,351,354,357,358,361,362,363,370,371,376,379,384,385,390,399,400,406,409,468,476,511
39,82,84,86,87,88,90,92,94,95,96,98,99,102,104,105,106,107,109,111,113,114,116,117,118,119,120,121,122,126,131,133,135,136,138,139,142,144,147,148,152,153,154,155,157,159,160,163,166,167,168,169,171,172,174,175,176,177,181,182,183,184,188,190,197,198,206,207,208,209,214,216,218,220,221,225,228,230,232,233,234,237,238,239,240,243,244,249,251,252,256,259,265,266,268,269,275,276,280,282,283,285,286,287,288,292,302,303,323,337,347,348,365,369,370,371,372,373,378,388,394,396,398,401,406,419,420,425,444,558,589
40,79,83,84,85,86,87,88,89,91,94,95,96,97,99,100,101,104,105,106,107,108,109,110,111,112,114,119,120,125,126,127,128,129,130,132,133,137,139,141,146,147,152,155,158,160,161,163,166,175,177,179,185,186,190,191,192,193,194,195,196,199,203,204,205,210,215,217,221,223,225,226,229,231,233,239,240,242,244,245,246,248,249,251,256,257,258,259,262,264,268,269,274,275,279,281,282,285,288,290,292,294,295,299,305,306,312,314,316,317,325,326,328,339,351,353,354,359,360,370,372,373,385,391,409,419,424,428,458,480,559,584
41,75,81,84,96,98,100,101,103,104,105,106,107,109,112,114,115,117,118,119,120,121,123,124,127,128,129,130,131,135,136,137,138,142,147,148,149,151,156,157,161,162,163,164,165,172,173,174,177,185,186,196,198,203,204,207,208,219,223,227,228,231,232,234,240,242,249,250,255,256,257,258,260,264,265,266,269,272,273,276,277,278,283,287,288,289,294,295,297,298,299,307,308,309,310,315,317,321,326,327,330,335,339,342,345,354,374,390,406,422,496,657,676
42,88,90,91,95,96,97,99,103,104,105,106,107,109,110,112,113,116,117,119,120,121,122,123,124,125,126,130,131,132,134,135,137,140,141,142,143,146,151,152,153,154,156,157,158,164,168,173,175,176,177,178,179,182,189,193,195,200,206,208,210,211,212,217,219,222,223,226,227,233,234,236,237,239,240,241,242,243,250,254,256,258,260,263,265,271,272,278,281,285,288,289,291,293,297,310,319,320,322,332,333,335,340,342,349,356,369,376,378,382,393,402,430,443,480,552,570,609,615
43,88,90,93,95,96,97,99,100,101,102,103,104,106,107,110,111,115,117,118,120,121,125,127,129,132,133,134,137,139,141,142,148,150,156,158,160,162,163,164,165,168,174,176,179,180,181,185,189,191,196,197,199,202,206,207,209,222,224,234,238,240,241,243,245,248,255,262,263,269,270,271,272,282,283,284,287,288,291,292,293,295,299,303,308,311,316,328,331,335,338,341,343,344,350,354,356,363,371,377,384,388,395,400,447,570,595
44,73,77,87,88,89,90,91,93,94,97,100,101,102,104,105,106,107,110,111,113,114,116,117,118,119,120,122,123,124,127,128,129,130,133,135,136,138,139,140,142,145,147,149,153,154,155,162,170,171,173,174,175,178,181,183,185,189,191,194,201,203,205,207,210,212,214,218,219,220,221,222,225,228,233,235,237,239,240,241,242,243,244,245,246,247,250,251,253,259,260,261,263,264,266,273,278,281,283,287,290,292,303,305,320,332,348,349,350,361,381,390,391,406,446,452,605
45,81,83,84,86,89,90,91,92,93,94,100,101,102,103,104,106,109,110,111,113,114,115,116,117,119,120,122,124,125,128,131,135,136,140,141,143,145,146,150,151,154,158,165,166,167,168,171,172,176,177,187,190,192,194,196,197,198,199,200,202,205,212,216,220,221,223,225,227,228,234,236,240,242,243,244,245,249,250,252,253,254,255,259,261,262,263,264,268,269,270,272,278,283,304,318,321,326,337,375,389,398,418,493,548
46,6,17,84,85,86,90,91,92,96,97,98,99,100,102,108,113,114,115,117,118,119,120,121,123,124,125,127,131,133,134,136,137,139,141,146,147,149,151,154,158,160,164,169,171,172,174,175,176,177,179,180,183,185,187,190,193,194,199,201,203,213,218,220,222,226,229,230,235,237,238,241,243,244,248,250,252,253,256,257,261,264,265,268,273,276,280,284,290,294,295,296,300,302,307,314,315,317,323,335,336,337,339,340,342,361,365,397,589,652
47,9,83,87,90,94,95,98,100,101,102,103,104,105,108,109,110,112,116,118,119,122,124,125,128,129,130,133,134,136,137,138,142,143,145,146,147,148,149,150,151,152,154,155,159,160,165,169,173,175,177,178,181,183,187,188,194,195,199,203,204,209,212,215,218,219,220,223,224,225,230,233,234,238,245,247,248,249,250,258,260,262,265,267,270,273,275,279,287,299,305,320,324,329,336,348,359,405,440,513
48,79,85,90,92,96,97,98,99,100,101,102,103,104,105,106,109,110,111,112,115,116,117,119,122,123,124,125,126,128,129,130,131,135,138,140,142,144,145,146,147,151,152,154,155,157,158,160,161,163,164,173,186,193,194,204,206,208,209,210,212,213,223,229,231,232,236,238,246,247,248,251,253,258,266,268,273,276,282,290,300,302,303,318,320,336,344,352,420,435,584,597,635
49,82,86,91,93,96,97,99,101,102,103,104,106,107,108,109,112,113,114,116,119,122,123,126,129,135,137,138,141,143,144,145,146,149,153,155,160,164,170,175,186,189,193,194,197,198,201,206,208,214,216,218,234,246,254,257,267,283,289,292,468,522,651,653
50,98,101,102,104,107,108,109,111,114,115,116,117,118,119,120,123,124,125,126,131,135,136,137,138,139,141,142,143,144,145,146,151,153,154,155,156,157,158,162,167,170,196,204,205,207,215,216,237,243,247,249,254,265,269,279,285,308,313,315,329,330,534
51,87,98,107,108,110,113,114,119,121,124,125,127,128,129,131,133,134,136,137,140,141,142,143,144,145,146,150,151,152,154,157,158,161,173,175,197,206,213,223,256,259,305,319,395,657
52,105,113,121,127,133,136,137,151,155,162,165,171,300,446,623
53,159,237,503,545,656,669
54,256
55,488,615,661,664,676
56,441,525,543
57,505
58,55,433,595,649,692
59,365,489
60,137,330,336,596,600,687
61,4,40,296,533
62,613
63,258,435,623
64,
65,
66,
67,
68,
69,
70,
71,
72,
73,
74,
75,
76,
77,
78,
79,
80,
81,
82,
83,
84,
85,
86,
87,
88,
89,
90,
91,
92,
93,
94,
95,
96,
97,
98,
