15
0,464
1,83,230,487,539,678
2,64,346,473,543,631
3,154,190,194,291,570,576,656
4,13,36,123,128,220,424
5,328,402,635,638,660
6,44,271,296,515,605
7,120,402,426,434,570,585
8,43,291,294,442,560,644
9,63,249,302,314,527,586,596,657,673
10,94,108,157,218,278,433,461,578,581
11,33,437,502,509,570,593,603,659,691
12,53,62,67,72,74,84,85,87,89,90,92,93,96,98,100,102,110,114,169,184,254,351,360,365,380,392,400,424,466,517,556,575,594
13,56,65,72,74,76,79,80,81,83,84,85,86,87,88,89,90,91,92,93,94,95,96,97,98,99,100,101,102,103,105,106,107,108,109,110,111,112,113,115,116,117,118,120,121,132,134,164,270,278,386,418,488,503,560
14,8,22,34,64,78,81,82,83,84,85,86,87,88,89,90,91,92,93,94,95,96,97,98,99,100,101,102,103,104,105,106,107,108,109,110,111,112,113,114,115,116,117,118,119,120,121,122,123,124,125,126,127,128,129,130,131,132,133,134,135,136,137,138,139,140,141,142,144,145,146,147,148,149,150,151,152,153,154,155,157,158,159,160,161,162,163,164,166,167,168,172,173,174,175,176,177,178,179,180,181,182,183,184,185,186,187,188,189,190,191,192,193,194,195,196,197,199,200,201,202,203,204,205,206,209,212,215,221,456,522
15,10,77,78,82,83,84,85,86,87,88,89,90,91,92,93,94,95,96,97,98,99,100,101,102,103,104,105,106,107,108,109,110,111,112,113,115,116,117,118,119,120,121,122,123,124,125,126,127,128,129,130,131,132,133,134,135,136,137,138,139,140,141,142,143,144,145,146,147,148,149,150,151,152,153,154,155,156,157,158,159,160,161,162,163,164,165,166,167,168,169,170,171,172,173,174,175,176,177,178,179,180,181,182,183,184,185,186,187,188,189,190,191,192,193,194,195,196,197,198,199,200,201,202,203,204,205,206,207,208,209,210,211,212,213,214,215,216,217,218,219,220,221,222,223,224,225,226,227,228,229,230,231,232,233,234,235,236,237,238,239,240,241,242,243,244,245,246,247,248,249,250,251,252,253,254,255,256,257,258,259,260,261,262,263,264,265,266,267,268,269,270,271,272,273,274,275,276,277,278,279,280,281,282,283,284,285,286,287,288,289,290,291,292,293,294,295,296,297,298,301,302,304,306,308,309,310,312,313,314,316,317,318,321,322,323,324,325,326,327,328,329,330,331,332,333,334,338,339,340,342,343,344,347,349,351,353,354,355,357,359,360,364,365,366,372,379,387,394,400,402,426,453,574,624
16,77,78,79,80,82,83,84,85,86,87,88,89,90,91,92,93,94,95,96,97,98,99,100,101,102,103,104,105,106,107,108,109,110,111,112,114,115,116,117,119,120,121,122,123,124,125,126,127,128,129,130,131,132,133,134,135,136,137,138,139,140,141,142,143,146,147,148,149,150,151,152,153,154,155,156,157,158,159,160,161,162,163,165,166,167,168,169,170,171,172,173,175,176,177,178,179,180,181,182,183,184,185,186,187,188,189,190,191,192,193,194,195,196,197,198,199,200,201,202,203,204,205,206,207,208,209,210,211,212,213,214,215,216,217,218,219,220,221,222,223,224,225,226,227,228,229,230,231,232,233,234,235,236,237,238,239,240,241,242,243,244,245,246,247,248,249,250,251,252,253,254,255,256,257,258,259,260,261,262,263,264,265,266,267,268,269,270,271,272,273,274,275,276,277,278,280,281,282,283,284,285,286,287,288,289,290,291,292,293,294,295,296,297,299,300,302,303,304,305,306,307,308,309,310,312,313,314,317,318,320,322,323,324,325,326,327,328,331,335,336,338,339,340,341,342,343,344,345,347,348,349,351,352,353,357,358,360,362,365,367,374,376,380,384,386,388,390,392,399,400,404,415,416,436,480,509,626
17,21,77,78,80,81,82,83,84,85,86,87,88,89,90,91,92,93,94,95,96,97,98,99,100,101,102,103,104,105,106,107,108,109,110,111,112,114,115,116,117,118,119,120,121,122,124,125,126,127,128,129,131,132,133,134,135,136,138,139,140,142,143,145,146,147,148,149,151,152,153,157,158,159,160,161,162,163,164,165,166,167,169,170,171,172,173,174,175,176,177,179,180,181,183,184,185,187,188,189,191,192,193,194,195,196,197,198,199,200,201,202,203,204,205,207,208,209,210,211,212,213,214,215,216,217,218,219,220,221,222,223,224,225,226,227,228,229,230,231,233,234,235,236,237,238,239,240,241,242,243,245,246,247,248,249,250,251,252,253,254,255,256,258,259,260,261,262,263,264,265,266,267,268,269,270,271,272,273,275,276,277,278,279,282,283,284,286,287,288,289,290,291,292,293,294,295,296,297,298,299,300,301,302,305,306,307,308,309,311,312,314,315,317,318,319,322,324,326,327,328,331,332,333,337,338,339,343,354,361,367,368,370,371,373,380,381,382,389,400,403,405,408,436,438,439,443,469,510,559,569,667
18,63,75,77,79,81,82,84,85,86,87,88,89,90,91,92,93,94,95,96,97,98,99,100,101,102,103,104,106,107,108,109,110,111,112,113,114,115,116,117,118,119,120,121,122,123,124,125,126,127,130,131,133,134,135,136,137,138,139,140,141,142,143,144,145,146,149,151,152,153,154,155,156,157,158,159,160,161,162,163,164,165,166,167,168,169,170,171,172,173,174,175,176,177,178,179,180,181,182,183,184,185,188,189,190,191,192,194,195,196,197,198,199,200,201,202,203,204,205,206,207,208,210,211,212,213,215,216,217,218,219,220,221,222,223,224,225,226,227,228,229,230,232,233,234,235,236,237,238,239,240,241,242,243,244,245,246,247,248,249,250,251,252,253,254,255,256,257,258,259,260,261,262,263,264,265,266,267,268,270,273,274,275,276,277,279,280,281,283,285,286,287,290,291,292,293,298,299,300,303,307,309,310,311,312,313,314,315,316,317,318,319,320,322,323,324,325,326,327,328,330,333,335,342,351,352,355,356,358,360,362,364,366,371,372,373,377,379,391,404,417,419,425,433,508,522,662
19,72,73,75,78,79,80,81,82,84,85,86,87,89,90,91,92,93,94,95,96,97,98,99,100,101,102,103,104,105,106,107,108,109,110,111,112,113,114,115,116,117,118,120,121,122,123,124,125,126,127,128,129,130,131,132,133,134,135,136,137,140,141,142,143,144,145,146,147,148,149,150,153,154,157,158,159,160,162,163,164,166,167,168,169,170,171,172,173,174,175,176,177,178,180,182,183,184,185,186,187,188,189,190,191,193,194,195,196,197,198,199,200,201,202,203,204,206,207,208,209,211,212,213,214,215,216,217,218,219,220,221,222,223,224,226,227,228,229,230,231,232,233,234,235,236,237,239,240,241,242,243,244,245,246,247,249,250,251,252,254,255,256,257,258,260,261,262,264,265,266,267,268,269,270,272,273,274,275,277,278,280,281,282,283,286,287,289,290,291,296,297,299,300,301,302,303,304,306,308,309,310,311,312,313,314,315,317,318,319,320,322,324,325,326,327,332,333,335,342,343,345,346,352,354,357,359,363,368,374,379,381,382,384,395,397,403,409,411,415,423,433,451,458,489,547
20,53,60,71,75,76,77,78,79,80,81,82,83,84,85,86,87,88,89,90,91,92,93,94,95,96,97,98,99,100,101,102,103,104,105,107,108,109,110,111,112,113,114,115,117,118,119,120,121,122,123,124,125,126,127,128,129,130,131,132,133,134,136,137,138,139,140,141,142,143,144,145,148,149,150,151,153,154,155,156,157,158,159,161,162,163,164,166,167,168,169,170,171,173,174,176,177,178,179,181,182,183,184,185,186,188,190,191,193,194,195,196,197,199,201,202,203,204,205,206,207,208,210,211,212,213,214,215,216,217,218,219,220,221,223,224,225,226,227,228,229,233,235,236,238,241,242,243,246,247,248,250,252,253,254,255,256,257,258,259,261,262,263,265,266,267,268,270,272,273,275,276,277,278,279,282,283,284,285,286,288,289,290,292,293,294,295,296,297,299,300,302,305,306,307,308,309,311,312,314,315,316,317,318,320,321,324,325,326,327,328,329,333,334,339,340,342,344,345,346,348,350,353,354,355,359,360,361,363,365,366,376,378,383,385,387,394,418,419,441,448,452,459,460,692
21,60,78,80,82,83,84,85,86,87,88,89,90,91,92,93,94,95,96,97,98,99,100,101,102,103,104,105,106,107,108,109,110,111,112,113,115,116,117,118,119,120,122,123,124,125,126,127,128,129,130,131,132,134,135,136,137,138,139,140,141,142,143,144,145,146,147,148,149,150,152,153,154,155,156,157,158,159,160,163,165,166,167,169,171,173,179,182,185,186,188,192,193,194,195,196,197,199,204,205,206,207,208,209,212,213,214,215,217,218,219,220,222,223,225,226,227,229,230,231,232,233,234,235,236,238,239,240,242,243,244,246,247,249,253,254,256,257,258,260,263,264,265,266,267,268,270,272,274,276,278,279,280,281,286,291,294,295,296,298,299,301,303,306,308,310,314,315,321,327,330,334,335,336,337,344,346,347,350,351,355,358,363,364,366,367,368,369,370,372,374,376,382,383,389,392,393,395,400,408,418,441,450,460,532,563,641
22,12,46,76,77,78,82,83,84,86,88,89,90,91,92,93,94,95,96,97,98,99,100,101,102,103,104,105,108,109,110,111,112,113,114,115,116,117,118,119,120,121,122,124,125,126,127,128,129,130,131,132,133,135,136,137,138,140,141,142,143,144,145,146,147,148,149,150,151,152,153,154,155,157,158,159,161,163,165,166,167,170,171,172,173,174,175,176,179,180,181,182,183,184,185,186,187,188,190,193,195,196,198,200,202,203,205,206,207,208,210,211,212,213,214,216,218,221,223,224,230,231,232,233,234,236,237,239,241,242,243,244,246,247,248,249,250,251,253,254,255,256,257,258,261,262,263,265,266,267,268,269,271,272,273,276,277,278,280,281,282,284,285,286,288,293,294,295,296,298,299,300,301,302,303,304,305,309,311,313,319,321,325,328,330,332,334,335,336,337,343,344,351,356,361,362,364,367,370,371,373,374,376,396,399,403,419,427,429,449,467
23,64,73,78,79,80,81,82,83,84,85,86,87,88,89,90,91,92,93,94,95,96,97,98,99,100,101,102,103,104,105,106,107,108,109,110,111,112,113,114,115,117,118,119,120,121,122,123,125,126,127,128,129,131,132,133,134,135,137,138,139,142,143,144,145,146,148,149,150,151,152,154,155,156,157,158,159,160,161,162,163,164,166,167,168,169,170,171,173,178,180,181,184,185,186,187,190,192,193,195,196,197,198,200,201,203,204,206,207,209,210,211,212,215,216,217,218,219,220,221,222,223,224,225,227,228,229,230,231,232,233,234,235,236,238,239,240,241,242,243,246,248,249,251,252,253,256,257,259,260,261,262,263,269,271,272,274,278,281,283,284,285,288,289,291,292,294,295,298,301,303,305,306,307,309,310,315,320,324,328,329,332,333,339,341,342,344,350,358,361,366,368,369,374,377,383,384,388,393,406,407,409,426,434,445,452,562,618
24,52,54,75,78,79,81,82,83,84,85,87,88,89,90,92,93,94,95,97,98,99,100,101,102,103,104,105,106,107,108,109,110,111,112,113,114,115,116,117,118,119,120,121,122,123,124,125,126,127,128,129,130,131,132,133,134,135,137,138,139,140,141,142,143,144,145,146,147,148,149,150,151,152,153,154,155,156,157,159,160,161,162,163,164,165,166,167,168,169,170,173,174,178,181,186,189,194,195,196,198,199,200,201,203,205,206,207,208,209,213,214,218,220,221,222,226,227,228,229,230,234,237,248,249,253,256,257,258,264,265,269,271,281,282,297,312,317,322,323,329,330,331,334,338,361,370,381,488,648
25,16,73,77,79,80,81,82,85,86,87,88,89,90,91,93,94,95,96,97,98,99,101,102,103,104,107,108,109,110,111,112,113,114,115,116,117,118,119,120,121,122,123,125,126,127,129,130,131,132,133,134,135,136,137,138,139,140,141,142,143,144,146,147,148,149,152,153,154,156,157,158,160,162,163,164,165,167,170,172,176,178,180,182,185,186,187,188,192,193,194,198,199,200,201,202,203,206,207,208,209,210,214,215,216,217,218,219,222,223,224,229,230,233,234,235,237,239,241,242,243,246,247,248,252,254,256,259,264,265,266,269,272,274,277,278,280,285,287,290,291,292,295,296,305,306,307,318,320,325,332,334,384,425,439,467,483
26,21,25,73,74,75,76,77,78,79,80,81,83,84,85,86,87,89,90,91,92,93,94,95,96,97,98,99,100,101,102,103,104,105,106,107,110,112,113,114,115,116,117,119,120,121,122,123,124,125,126,127,128,129,130,131,132,133,136,138,139,140,141,142,143,144,145,146,147,148,149,150,151,152,153,155,158,159,161,162,165,166,167,168,169,170,171,172,178,179,180,181,184,187,189,191,192,193,194,195,196,197,198,201,202,203,204,205,207,208,209,210,211,212,213,214,216,218,219,221,222,224,225,226,228,229,233,240,242,243,244,245,246,247,248,251,255,256,257,259,260,262,263,265,268,273,275,278,280,281,285,287,293,299,300,303,309,313,314,315,319,322,326,334,337,345,349,502
27,77,78,79,80,81,82,83,84,85,86,88,89,91,93,94,95,96,97,98,99,100,101,102,103,104,105,106,107,108,109,110,111,112,113,114,115,116,117,118,119,120,121,122,123,124,125,126,127,129,130,132,134,135,136,137,138,139,140,141,142,144,145,147,149,150,151,152,154,155,156,158,159,160,162,163,164,168,169,171,173,174,177,178,181,183,185,187,188,189,190,191,192,194,195,198,199,200,201,203,206,207,209,211,212,214,215,216,218,219,220,222,223,224,225,226,228,229,231,235,237,240,242,243,244,245,247,248,250,252,254,256,259,261,263,265,267,270,271,272,273,274,278,280,284,288,289,293,295,296,297,310,313,318,320,328,329,335,336,344,360,363,369,386,387,439,499,501
28,76,79,81,82,83,85,87,88,89,90,91,93,95,98,99,100,101,102,103,104,105,106,107,108,109,110,111,112,113,114,116,117,118,119,121,122,123,124,125,126,127,129,130,131,132,133,136,137,138,140,141,142,143,144,145,146,147,148,149,150,151,152,153,154,155,156,157,158,159,160,161,162,163,164,166,168,169,170,171,172,174,175,176,180,182,185,190,191,192,193,194,195,197,198,199,202,204,205,206,207,209,210,211,212,214,217,219,223,225,227,230,235,236,237,239,241,242,243,244,248,251,253,255,257,264,267,269,270,272,274,275,281,284,291,303,304,306,316,319,352,354,366,384,400,563,567,627
29,71,78,80,83,84,87,88,89,90,91,92,93,94,95,96,97,98,99,100,101,102,103,104,105,106,107,109,110,111,112,113,114,115,116,118,119,120,121,123,130,131,132,133,137,138,140,141,142,143,144,145,146,147,148,149,150,151,152,153,154,155,156,157,158,159,160,161,162,164,165,168,169,170,172,175,176,179,180,181,183,184,185,186,187,189,190,191,193,194,195,197,198,199,200,201,202,204,206,209,214,215,217,218,219,220,221,222,226,227,228,229,232,233,235,237,238,241,244,246,247,248,249,254,259,261,262,264,265,267,271,274,277,285,286,287,292,294,295,297,298,299,311,314,316,317,319,324,327,330,336,345,347,356,358,413,416,453,457
30,14,70,71,79,81,82,83,84,85,86,87,89,90,91,92,93,94,95,96,97,100,101,102,103,104,105,106,107,109,111,112,113,115,117,118,119,120,121,122,124,125,126,129,130,131,132,133,134,135,136,137,138,139,140,142,143,144,145,148,149,150,152,153,154,155,156,157,158,159,160,162,163,164,168,169,170,171,176,180,181,182,184,186,187,189,192,194,195,196,197,198,199,200,205,206,207,209,211,212,213,214,217,218,220,222,226,227,228,230,232,233,234,235,241,242,245,248,249,251,253,254,261,265,266,268,270,276,279,280,282,293,294,296,299,300,301,306,308,309,317,319,320,321,325,326,329,331,333,335,340,349,361,486,618
31,70,79,80,81,89,90,91,92,93,95,96,97,99,100,101,102,103,104,105,106,107,108,109,110,111,112,113,114,115,116,117,118,119,120,121,122,123,124,125,126,127,128,131,133,134,135,136,137,138,139,140,141,143,144,145,146,147,148,149,150,151,153,154,156,157,158,159,161,162,165,166,167,168,169,177,178,181,182,183,184,185,186,187,188,189,190,194,195,198,199,202,203,207,208,209,210,211,212,213,215,217,218,220,221,222,223,225,226,228,230,231,232,234,235,236,237,238,240,241,242,245,246,247,249,254,255,257,258,259,260,262,266,269,271,274,275,276,277,283,284,285,288,289,290,291,305,313,316,326,332,342,359,362,372,402,425,440
32,70,75,78,81,82,83,84,85,86,87,88,89,90,91,92,93,94,95,98,101,102,103,104,105,106,107,108,109,110,111,114,115,116,117,118,119,120,121,122,123,124,125,127,129,130,132,133,134,135,136,137,138,139,140,141,143,146,147,148,149,150,151,152,153,154,155,156,157,160,161,162,163,167,168,169,170,172,173,176,180,182,183,185,186,187,189,190,191,192,194,196,197,199,200,201,202,203,207,210,211,214,215,221,223,224,225,227,232,235,241,243,245,248,249,250,251,255,258,263,266,268,271,275,283,288,294,295,297,305,310,311,320,333,341,353,366
33,75,78,80,81,85,86,87,88,89,90,91,92,93,95,96,97,98,99,100,101,102,103,104,106,107,108,110,111,112,114,115,116,117,118,119,120,122,123,124,125,126,127,128,130,131,132,134,135,136,137,138,139,140,142,143,144,145,146,147,148,149,150,151,152,153,154,155,156,158,159,160,162,163,166,169,171,172,175,179,181,184,186,187,188,190,191,193,194,198,200,202,203,204,205,208,209,210,211,212,214,216,219,221,225,226,228,230,231,233,234,235,239,241,242,243,245,248,249,250,251,252,256,257,265,267,270,275,276,281,286,287,289,291,292,293,294,298,299,315,319,321,322,330,332,334,341,344,359,374,394,466,518,620
34,83,85,86,87,92,94,95,96,97,98,99,100,101,108,109,113,114,115,116,118,119,120,121,123,124,125,126,127,128,130,131,132,133,134,135,136,137,138,140,141,142,144,145,146,147,148,149,150,151,153,156,157,158,159,160,161,162,164,166,167,168,169,173,174,175,177,178,180,184,185,187,191,193,194,195,196,197,198,199,201,206,207,208,209,210,211,212,213,214,216,217,218,219,222,223,224,236,238,240,245,249,250,251,253,258,260,261,266,274,275,277,278,280,282,283,291,293,294,298,306,313,314,323,329,331,344,351,373,375,424,428,448,672
35,17,60,79,80,81,82,84,85,86,89,90,91,92,93,94,95,96,97,98,99,100,101,102,103,104,105,106,107,108,109,110,112,116,118,119,120,122,123,124,125,127,129,131,132,133,134,135,136,137,138,139,140,142,143,144,149,150,151,152,153,155,156,157,158,161,162,163,166,167,168,169,175,176,178,179,180,181,183,184,185,186,187,189,190,191,192,194,195,196,197,198,199,200,201,202,203,204,205,206,208,209,214,215,217,219,221,223,225,226,227,228,229,231,238,239,244,245,252,253,255,256,257,260,262,266,274,285,289,296,297,301,323,332,344,346,349,354,363,364,504,609
36,74,75,76,79,80,81,82,83,87,88,90,91,95,97,98,101,102,103,106,108,110,111,112,113,115,117,118,119,120,121,122,123,125,127,128,130,133,137,138,139,140,143,144,145,146,147,148,151,152,154,160,164,167,169,171,172,174,180,181,184,185,186,187,190,192,194,196,197,198,199,203,204,205,210,212,213,217,218,219,221,222,223,224,225,226,228,229,231,233,235,238,241,242,243,252,253,255,259,263,268,271,276,289,300,301,303,304,305,307,309,315,316,319,322,334,356,382,405,410,660
37,71,77,82,87,91,92,94,95,96,99,102,104,108,110,112,114,116,118,120,121,122,124,125,130,131,133,135,136,138,139,143,146,147,152,153,161,162,164,169,170,176,182,185,186,187,192,203,213,228,229,244,254,266,274,282,290,294,301,315,324,371,509,541,616,624,671
38,16,91,92,119,124,135,157,161,164,165,170,171,177,181,203,243,261,267,359,389
39,20,147,349,557
40,11,415
41,317,462
42,9,489,674,685,690
43,8,432,471,515,600,689
44,364,405,554,608,615,633,683
45,181,212,457,458,480,630
46,172,346,352,585,612
47,57,129,524,574,695
48,118,338,354,456,564,576
49,99,148,152,463,533
50,458,503,670,671
51,33,555,681
52,372,590,640,671
53,9,11,57,62,438,443,597,622,629
54,36,64,69,87,158,209,212,233,417,431,565,628
55,53,104,110,158,201,205,255,370,382,400,534,566
56,236,278,314,455,490,507,687
57,257,309,543,699
58,127,439,459,461,467
59,69,339,353
60,166,219,234,570,577,632,644
61,24,168,319,330,591
62,106,428,443,448,689
63,57,199,292,519
64,9,214,247,539,640
65,
66,
67,
68,
69,
70,
71,
72,
73,
74,
75,
76,
77,
78,
79,
80,
81,
82,
83,
84,
85,
86,
87,
88,
89,
90,
91,
92,
93,
94,
95,
96,
97,
98,
