1
0,137
1,90,91,176,293,415,443,596
2,73,78,83,84,87,88,89,90,91,93,95,97,98,101,103,104,106,107,111,113,530
3,48,72,73,74,76,77,78,80,81,82,83,84,85,86,87,88,89,90,91,92,93,94,95,96,97,98,99,100,101,102,103,104,105,106,107,108,109,111,112,113,114,116,117,118,120,121,122,124,125,126,127,129,130,131,132,133,135,137,138,140,141,142,143,144,146,151,152,154,158,163,168,175,177,178,181,195,332,391,418
4,6,64,65,72,73,75,76,77,78,79,81,82,83,84,85,86,87,88,89,90,91,92,93,94,95,96,97,98,99,100,101,103,104,105,106,107,108,109,110,111,112,113,114,115,116,117,119,120,121,122,123,124,125,126,127,128,129,130,131,132,133,135,136,137,138,139,140,141,142,143,144,145,146,147,149,150,151,152,153,154,155,156,157,159,160,161,162,163,164,165,167,168,169,170,171,173,174,175,177,178,179,180,182,185,188,191,192,193,194,195,197,198,199,200,201,202,203,206,207,211,213,218,228,230,240,248,253,258,268,277,662
5,71,72,76,78,80,81,82,83,84,85,86,87,88,89,90,91,92,93,94,95,96,97,98,99,100,101,102,103,104,105,107,108,109,110,111,113,114,115,116,117,118,119,120,121,122,123,124,126,127,128,129,130,131,132,133,134,135,136,139,140,145,146,147,148,149,155,156,158,159,160,162,163,164,167,168,169,170,171,173,174,175,176,177,178,180,181,182,184,185,186,187,188,189,191,192,194,195,196,197,199,200,202,203,205,206,207,208,211,212,213,216,217,218,219,220,222,223,224,226,228,230,231,234,235,237,238,241,249,254,271,276,279,286,289,294,302,303,314,323,467,473,673
6,73,76,77,79,80,82,83,84,85,86,87,88,89,90,91,93,94,95,96,97,98,99,100,101,102,103,104,105,106,107,108,109,110,111,112,113,114,115,117,118,119,120,121,122,123,124,125,126,127,128,129,130,131,132,133,134,135,136,138,139,140,141,142,143,144,145,146,148,149,150,151,153,154,155,156,157,158,159,161,162,166,167,170,173,174,176,177,178,179,180,181,182,183,184,185,186,187,188,191,192,193,194,195,196,197,198,199,200,201,202,203,206,207,208,210,211,213,214,215,216,219,220,223,224,225,226,227,228,229,231,232,233,234,236,237,238,241,242,244,245,250,252,257,258,261,262,265,267,270,272,273,276,289,309,311,317,355,382,387,448,607
7,32,77,79,80,81,82,83,84,86,87,88,89,90,91,92,93,94,95,96,97,98,99,100,102,103,104,105,106,107,108,109,110,112,113,114,115,116,117,118,119,120,121,122,123,124,125,126,127,128,129,131,132,133,134,135,136,137,138,139,140,142,143,144,145,146,147,148,149,150,151,152,154,155,157,158,159,160,162,165,167,169,170,173,174,176,177,178,179,180,182,183,184,185,186,188,189,190,191,192,193,194,195,196,197,198,199,200,201,202,203,204,205,206,208,209,210,212,213,214,215,216,217,218,220,221,222,223,224,225,227,229,231,232,233,234,238,239,240,242,245,246,247,249,250,251,253,254,255,257,261,271,272,274,277,279,280,287,289,291,296,300,318,322,326,336,350,375,381,386,414,466,602
8,81,82,83,84,85,86,87,88,89,91,92,93,94,96,97,98,99,100,101,102,103,104,105,106,107,108,109,110,111,112,113,114,116,117,118,119,120,121,122,123,125,127,128,129,130,131,132,133,134,135,136,137,138,139,140,141,142,143,144,145,147,148,149,150,152,153,154,155,156,158,159,160,161,163,164,165,169,170,171,172,174,175,176,177,178,179,181,182,183,184,185,186,187,188,189,190,192,193,195,196,197,198,199,200,201,202,203,204,205,206,207,208,209,210,211,212,213,214,216,218,219,220,223,224,225,227,228,229,230,232,233,234,235,236,237,238,239,241,244,245,246,247,248,250,252,253,254,255,257,259,262,263,264,265,266,267,268,272,274,275,276,280,281,284,287,288,291,298,302,336,337,339,354,366,387,562,606,619
9,71,77,80,81,82,85,86,87,88,89,90,91,92,93,94,95,96,97,98,99,100,101,102,103,104,105,106,107,108,109,110,111,112,114,115,116,117,118,120,121,122,125,126,128,129,131,132,133,134,135,136,137,138,139,140,141,142,143,144,145,147,149,150,152,153,154,155,156,157,158,159,161,162,163,164,165,167,168,170,174,175,176,177,178,179,180,181,182,183,184,185,186,187,188,189,190,191,192,193,194,195,196,197,198,199,200,201,202,203,204,205,206,207,208,209,210,211,212,213,214,215,216,217,218,219,220,222,223,224,225,227,228,230,231,232,233,234,235,236,237,239,240,242,243,244,245,246,248,249,250,252,253,254,255,256,258,261,262,263,264,266,267,268,270,271,273,274,275,276,277,279,283,290,292,293,294,295,296,297,299,301,303,304,308,313,314,315,316,324,331,333,344,345,355,363,367,427,430,445,556,566,664,685
10,8,81,82,84,85,88,89,90,91,92,93,94,95,96,97,98,99,100,101,102,103,104,105,106,107,108,109,110,111,113,114,115,116,117,118,119,120,121,122,123,124,125,126,127,128,129,130,131,132,133,134,135,136,137,138,139,140,142,143,145,146,149,150,151,153,154,155,156,157,158,159,160,161,163,164,165,166,167,170,171,172,175,176,178,179,180,181,182,183,184,185,187,189,190,191,192,193,194,195,196,197,198,199,200,201,202,203,204,205,206,207,208,209,210,211,212,213,214,215,216,217,218,219,220,221,222,223,224,225,226,227,228,230,231,232,233,234,236,237,238,239,240,242,244,245,246,248,249,250,251,253,254,255,256,257,258,259,260,261,262,263,264,265,266,268,269,270,271,272,273,274,276,277,279,280,281,283,284,285,286,287,288,290,291,292,295,296,297,298,299,301,302,303,304,305,306,307,309,310,312,315,316,317,319,320,322,323,324,326,331,332,336,337,338,339,340,342,343,345,347,349,351,354,355,356,359,362,368,390,506,582
11,80,81,83,84,85,86,87,88,89,90,94,95,97,98,99,100,101,102,103,104,105,107,108,109,110,112,113,114,115,116,117,118,119,120,121,122,123,124,125,126,127,128,129,132,133,134,135,136,137,138,140,141,142,143,144,145,147,148,149,150,152,153,154,155,156,157,158,159,162,163,165,166,169,170,172,173,175,177,178,179,181,182,183,184,185,186,187,189,190,191,192,193,195,197,198,199,200,201,202,204,205,207,208,209,210,211,212,213,214,215,216,217,218,219,220,221,222,223,224,225,226,227,228,229,230,231,232,233,234,236,237,238,239,240,241,242,243,244,245,247,248,249,250,251,252,253,254,255,258,259,260,261,263,264,265,266,267,268,269,270,271,272,273,275,276,277,278,279,280,283,284,285,286,287,288,289,290,291,292,293,294,295,296,298,299,301,304,305,306,307,308,309,310,311,313,314,316,317,318,319,320,321,324,325,326,328,329,330,331,335,336,338,339,344,348,349,350,355,357,370,378,387,391,406,422,450,582,643,676
12,27,75,82,85,86,88,89,90,91,92,93,94,95,96,98,99,100,101,102,103,104,105,106,107,109,110,111,112,113,114,115,116,117,120,121,122,123,124,125,126,127,128,129,130,132,133,134,135,136,137,139,140,143,144,145,148,150,153,157,159,162,163,164,165,166,167,170,173,174,175,180,181,182,183,186,187,188,189,193,194,195,196,197,198,200,201,202,204,205,207,208,209,210,211,212,214,216,217,218,219,220,223,224,226,228,230,232,235,236,237,238,239,240,241,242,243,244,245,246,247,248,249,250,252,253,254,255,256,257,258,260,261,262,263,264,266,267,268,269,270,272,273,275,277,278,282,284,287,288,289,290,291,292,293,295,296,297,298,299,300,301,303,304,305,306,310,311,313,314,317,318,320,321,322,323,324,326,328,329,330,331,332,333,337,338,344,345,346,347,349,350,351,352,353,354,357,358,359,360,368,372,375,376,377,387,408,409,410,417,430,491,502,652
13,14,42,83,84,85,86,88,89,90,91,93,95,96,98,99,100,101,103,105,106,110,112,113,114,115,116,119,120,121,122,123,124,126,127,128,129,130,131,132,133,134,135,136,137,139,140,141,142,143,144,145,146,148,149,150,151,152,153,155,157,158,159,161,165,166,167,168,170,171,173,174,175,176,177,179,180,184,187,189,191,192,193,195,196,197,198,199,201,202,203,204,205,206,208,209,211,215,216,217,219,221,222,224,225,226,228,229,233,234,235,236,238,239,240,242,243,244,246,247,249,251,252,253,254,256,257,258,259,260,261,262,263,264,265,266,267,268,269,271,272,273,274,276,277,278,279,280,281,284,286,288,289,292,293,294,296,297,298,299,301,302,304,306,310,311,313,314,315,317,320,321,322,323,326,329,331,332,333,334,335,336,338,342,347,349,352,354,360,361,367,370,375,379,381,389,391,393,410,413,430,451,511,518
14,64,81,84,87,88,89,91,92,93,94,95,96,97,98,99,100,102,105,106,107,108,109,110,111,113,114,115,116,117,120,122,123,124,125,126,127,129,130,131,134,138,139,140,142,144,145,146,147,148,150,151,153,154,156,160,162,163,165,166,167,169,170,175,185,186,187,189,190,191,192,194,195,196,198,199,200,202,203,205,207,208,211,212,213,214,215,216,217,218,219,220,222,224,225,228,230,233,236,237,238,239,240,241,242,243,245,249,250,251,253,254,255,256,257,258,259,261,263,264,265,267,268,269,271,272,274,275,276,278,279,280,281,283,284,285,286,287,288,289,290,291,292,293,294,295,296,300,301,302,303,304,305,306,307,308,309,312,313,315,316,319,320,323,324,329,331,336,339,344,351,352,356,362,366,368,391,404,426,457,508,579,648
15,60,84,85,86,92,93,94,95,96,97,98,99,100,102,103,104,105,107,108,109,110,111,112,113,115,117,119,120,121,124,125,127,129,130,132,133,134,136,138,139,140,141,143,145,146,148,150,153,155,156,157,158,160,163,164,165,166,168,169,170,171,173,174,175,176,177,180,181,182,184,195,196,197,200,201,202,203,204,205,206,207,210,211,213,214,215,216,218,220,222,224,225,228,230,231,232,233,238,239,242,243,244,248,249,250,252,253,254,255,256,257,261,262,263,267,268,269,270,271,272,274,275,276,277,278,280,281,283,284,285,286,288,289,290,292,293,294,295,296,297,298,302,303,304,305,306,308,309,310,311,313,314,315,316,317,318,319,322,323,326,328,329,332,335,336,338,339,343,344,345,347,348,352,353,363,368,371,374,377,381,391,393,400,401,416,423,442,512,597,603,605
16,56,83,90,91,92,93,95,97,98,99,100,101,103,104,106,107,108,109,110,111,112,113,114,115,116,117,118,119,121,125,126,127,128,129,130,131,133,136,137,139,140,141,142,143,145,147,151,154,155,157,158,159,165,167,168,170,173,177,178,183,184,188,191,192,193,195,196,197,198,199,200,204,205,207,213,214,215,216,219,220,221,223,224,228,229,230,233,234,235,236,239,240,243,244,245,246,249,250,251,254,255,256,257,258,259,260,262,263,265,266,269,270,271,272,273,274,275,276,277,279,280,281,282,283,284,285,286,287,289,290,292,293,294,295,296,298,301,303,304,305,306,307,308,309,310,311,312,314,316,317,318,320,321,322,324,325,326,327,328,331,333,336,337,339,341,342,344,345,346,349,351,353,357,358,359,363,365,366,369,370,371,373,378,382,385,395,402,405,423,424,464,500,552,680
17,32,84,90,91,93,94,96,97,98,99,100,101,102,103,104,105,106,107,108,111,112,113,114,115,116,117,118,120,121,122,124,125,126,127,130,132,133,134,135,137,138,141,143,145,146,147,148,149,153,154,155,160,161,162,163,167,171,172,176,183,186,187,188,190,194,200,201,205,207,208,210,211,212,213,214,215,218,224,228,233,237,238,241,242,246,247,248,250,252,253,254,259,261,263,266,267,269,271,273,277,278,279,280,283,285,286,287,288,289,290,291,292,293,295,296,297,298,299,300,301,302,303,304,305,306,307,309,312,313,314,315,316,318,319,320,321,322,323,325,327,328,329,331,332,335,337,338,339,340,343,347,348,349,352,353,355,356,357,358,359,360,362,364,365,366,367,368,369,370,372,375,377,378,386,389,392,394,395,402,406,411,412,426,453,462,592,654
18,71,80,85,86,89,90,91,92,93,95,96,97,98,99,102,103,104,105,106,107,108,109,110,111,112,113,114,115,117,121,122,124,126,127,128,129,132,136,137,140,141,142,144,145,148,149,150,151,152,154,155,156,159,161,163,164,167,169,171,172,173,175,176,178,179,181,186,189,193,196,198,204,210,212,213,214,217,218,221,222,223,224,225,228,233,234,237,239,240,242,243,244,245,252,256,257,260,263,267,269,271,273,275,276,277,278,283,284,285,286,287,288,291,292,293,294,296,298,299,300,303,304,305,308,309,311,312,314,315,316,318,319,320,321,323,324,327,330,333,334,335,337,343,344,346,347,349,350,355,357,360,362,363,365,369,370,371,374,378,382,386,396,397,404,417,421,427,430,431,452,463,474,560,594,681
19,1,59,87,88,92,94,95,96,97,99,101,102,103,108,110,111,112,113,114,115,117,118,119,120,122,123,124,126,127,128,130,131,132,133,135,136,138,140,143,151,153,154,155,157,158,160,161,163,164,166,167,168,169,172,173,180,182,183,188,189,190,193,196,197,201,202,206,207,215,216,217,218,219,223,225,228,230,238,240,243,246,248,254,255,257,260,261,262,264,266,268,271,274,275,281,282,285,286,287,289,293,294,298,299,300,301,303,304,306,307,310,312,313,314,315,316,317,321,322,323,324,327,328,330,331,332,333,337,338,340,343,345,347,348,349,352,354,361,362,368,370,371,372,373,374,376,378,379,386,391,393,396,402,403,409,414,418,420,425,427,430,436,445,461,462,468,496,497,502,612
20,44,47,80,82,86,87,90,91,94,95,96,98,102,103,104,105,106,107,108,111,112,114,115,116,120,122,123,124,125,126,127,130,133,135,139,140,141,142,145,147,149,153,161,162,163,164,167,168,171,173,175,176,177,180,183,187,189,191,192,193,196,199,201,206,209,210,212,213,214,216,217,220,221,223,224,226,228,232,239,242,247,252,254,258,259,260,261,262,266,268,270,272,273,275,279,280,285,286,287,291,293,294,295,298,301,302,303,304,305,306,308,310,312,313,314,315,319,321,322,324,326,329,330,333,338,341,342,343,344,350,352,354,356,360,368,370,371,373,374,376,378,379,380,381,384,389,392,394,404,409,410,411,421,431,442,445,476,493,543,693
21,56,58,82,86,90,92,93,95,96,97,98,99,101,102,103,104,105,106,107,109,110,112,114,115,116,119,120,121,123,125,126,127,129,131,132,133,134,135,137,138,139,140,142,147,154,156,159,160,161,166,167,169,179,181,182,184,185,189,190,192,194,195,196,197,199,201,204,206,214,217,219,220,221,222,224,226,227,228,232,239,242,249,250,252,254,255,260,264,265,267,269,270,271,272,276,278,280,281,290,291,292,295,298,299,301,304,305,306,307,308,309,311,312,314,315,317,319,320,321,323,324,326,327,330,334,335,336,339,340,344,347,349,350,355,356,357,358,360,361,368,370,375,377,380,381,383,387,388,391,392,395,397,402,409,414,417,419,421,428,437,441,445,460
22,85,87,88,90,97,98,99,103,104,107,109,110,111,112,113,114,115,116,118,122,124,125,127,128,129,135,137,138,140,141,142,143,144,145,146,147,152,153,154,155,157,159,165,169,170,171,175,178,183,184,185,187,188,191,193,199,200,204,205,207,208,209,210,211,213,215,224,225,226,228,229,234,235,236,240,242,245,248,250,252,256,259,268,272,281,283,284,287,295,296,298,301,304,305,308,309,310,311,313,314,315,316,318,319,320,322,325,326,329,331,333,336,337,339,341,345,346,348,350,351,352,353,354,356,357,358,360,361,363,372,373,381,383,384,385,387,388,391,395,399,406,407,411,414,420,426,450,462,465,479,496,653,676
23,44,84,89,92,93,94,95,97,98,99,100,101,103,106,107,112,114,116,118,120,122,123,124,126,127,128,130,132,133,134,136,137,138,139,140,141,143,145,146,148,149,150,151,153,156,157,159,161,162,163,164,165,167,168,169,170,174,189,197,198,200,203,204,207,209,211,212,213,214,218,226,230,231,232,234,236,237,241,242,246,252,254,259,262,264,265,266,270,271,274,281,283,285,286,293,304,305,306,309,310,311,313,317,319,321,326,329,331,334,343,355,365,368,369,372,373,375,390,397,399,405,409,415,418,426,428,430,432,458,461,501,684
24,82,84,86,88,90,91,92,93,95,96,99,100,101,102,103,104,105,110,111,112,113,116,118,120,122,123,125,127,128,129,130,132,133,134,136,137,139,144,145,146,148,149,150,152,153,154,161,162,163,165,168,169,170,171,175,178,179,183,184,187,189,191,194,196,197,199,201,203,204,207,208,209,210,212,213,215,218,219,226,231,233,236,243,244,253,256,260,264,266,268,270,275,276,278,289,294,299,300,302,306,310,312,317,328,332,333,337,340,341,349,358,360,362,365,369,370,386,390,396,399,417,440,444,453,585,586,639,674
25,81,82,87,88,89,90,91,92,93,94,95,97,98,100,101,104,105,107,110,111,112,115,116,117,118,119,120,121,122,124,126,127,128,129,130,131,132,134,136,137,140,141,144,145,147,148,149,152,153,154,156,158,159,161,162,168,170,171,173,175,178,179,180,182,186,187,191,197,199,200,201,205,206,208,209,211,216,219,221,222,223,225,227,228,231,232,233,234,235,237,238,239,242,243,244,248,252,254,255,263,265,266,268,270,272,274,279,284,297,302,307,309,317,324,330,331,333,336,341,344,350,361,362,371,372,386,391,400,405,422,448,476,486,526,536
26,23,78,79,80,81,82,83,84,86,87,88,89,90,91,92,93,94,96,97,98,99,100,102,103,104,105,106,107,110,111,112,113,114,116,117,118,119,124,125,126,127,128,129,130,131,132,133,134,136,138,139,140,141,146,147,150,151,153,159,160,161,163,165,167,168,170,171,172,173,176,178,180,181,182,183,186,187,188,190,191,192,193,197,198,202,203,204,205,208,209,210,217,223,224,226,228,233,244,247,249,251,252,255,261,263,269,270,277,281,282,284,285,291,294,297,303,316,318,322,326,327,328,334,335,336,337,351,353,362,365,369,383,522,595,628
27,69,82,84,85,87,88,90,91,92,93,94,95,98,99,100,101,102,103,104,105,106,107,108,109,112,114,115,116,117,118,119,120,122,123,124,125,126,127,128,129,130,132,133,135,137,138,139,140,141,142,143,144,145,146,147,148,150,153,156,160,161,163,165,168,171,172,174,175,178,182,184,188,192,197,199,200,201,204,208,211,212,214,219,220,225,229,233,234,246,247,252,257,267,272,274,295,298,316,328,402,525,569,676
28,12,58,81,82,88,89,90,91,92,93,94,95,96,97,98,99,100,101,103,104,105,106,107,108,109,110,111,112,114,116,117,118,119,120,121,122,123,124,125,126,127,128,130,131,132,133,134,135,136,137,138,141,142,143,144,145,146,148,149,150,151,152,153,154,155,157,158,159,160,161,162,163,164,165,166,167,168,169,171,174,175,176,177,182,183,186,191,193,195,197,198,202,204,205,208,215,220,225,227,233,234,238,244,252,254,257,262,280,282,296,388,465,632,646
29,81,82,84,85,88,89,91,94,95,96,97,98,99,100,101,103,104,105,106,107,108,110,112,113,114,115,116,117,118,119,121,122,124,125,126,127,128,130,131,132,133,135,136,137,138,139,141,142,143,144,145,146,147,148,150,153,154,155,160,161,162,163,165,167,168,169,171,172,173,174,181,182,187,189,190,191,194,195,198,199,203,204,206,208,209,210,211,212,214,216,219,220,224,225,229,236,239,246,266,268,272,279,285,288,328,331,340,375,386,387,551
30,79,80,82,87,88,89,90,92,93,94,95,96,97,98,99,100,101,102,103,105,106,107,108,109,110,111,112,113,114,115,116,117,118,120,121,122,123,125,127,130,131,132,133,134,135,136,138,139,140,142,143,146,147,148,150,153,154,155,156,157,158,159,160,161,164,165,167,168,171,172,173,178,179,181,186,189,190,192,193,196,198,199,205,206,209,210,211,216,217,218,220,222,226,230,231,234,235,236,238,241,242,243,245,246,248,253,258,261,266,269,270,299,305,323,329,336,338,343,354,357,400,429,541,568
31,34,71,76,82,84,85,86,87,89,91,92,93,95,96,97,102,103,104,105,106,107,108,109,110,111,112,113,114,115,116,117,118,119,120,121,122,123,124,125,126,127,128,129,130,131,132,133,134,135,136,137,138,139,142,143,144,145,146,147,148,150,151,153,155,156,157,159,161,162,163,164,165,167,168,169,170,171,173,180,182,183,188,191,194,195,197,198,201,202,203,204,206,208,211,212,213,214,216,217,222,231,233,234,238,240,248,252,255,262,266,268,287,289,290,305,311,320,325,348,355,389,438,442,463,521
32,61,81,82,86,87,89,90,93,94,95,96,97,98,99,100,102,103,104,105,106,107,108,109,111,112,113,114,115,116,117,118,119,120,121,124,126,127,128,129,130,132,133,134,135,138,139,140,141,142,144,145,146,147,149,151,152,153,154,155,156,157,158,159,160,161,162,163,165,166,167,168,169,170,171,172,175,176,177,180,181,184,189,191,192,194,196,197,198,199,208,209,210,213,215,217,218,219,222,224,228,229,230,235,240,244,247,261,263,270,271,272,274,279,284,304,310,311,318,328,382,386,408,413,609
33,18,80,81,86,90,91,92,93,94,95,97,98,99,100,101,102,103,104,105,107,109,110,112,114,116,117,118,121,124,125,127,128,130,131,132,133,135,136,137,138,139,141,144,145,146,148,149,150,153,154,155,156,157,159,163,164,165,167,168,170,171,174,186,188,189,191,193,195,198,199,201,203,204,206,207,209,210,212,213,215,220,222,225,227,228,231,238,240,241,246,247,251,252,256,257,259,270,274,280,281,285,286,287,288,293,297,299,312,313,316,319,336,348,365,381,614,688
34,24,64,75,81,82,84,87,88,89,91,92,94,95,96,100,101,103,104,105,106,108,110,112,113,114,115,116,117,118,120,122,123,124,126,130,131,132,134,135,136,137,138,139,140,141,144,146,147,152,155,156,157,158,161,163,164,165,169,170,173,179,186,187,190,191,193,194,197,198,200,201,202,204,207,208,209,211,215,216,217,218,220,224,227,229,231,234,235,236,239,240,241,248,249,250,251,255,258,261,262,265,267,268,294,299,302,309,378,389,399,440,588
35,75,77,81,82,83,84,85,86,87,88,89,91,92,94,95,96,97,98,101,102,103,104,107,108,112,113,114,115,117,118,119,120,121,122,123,124,125,126,127,128,129,130,131,132,133,134,135,137,138,139,140,141,142,143,144,145,146,156,157,159,160,161,162,163,164,165,168,169,170,171,172,174,180,185,187,191,192,193,194,195,196,197,201,205,206,207,208,212,213,214,216,218,219,222,223,224,225,226,228,229,231,240,244,246,248,256,258,260,261,263,264,265,268,271,276,279,280,282,292,299,304,318,333,347,373
36,77,80,82,84,85,86,87,88,90,91,92,93,94,95,96,97,99,100,104,106,107,108,109,111,114,115,117,120,121,122,125,126,127,128,129,130,131,133,134,136,137,138,139,140,141,142,143,144,145,146,148,149,150,151,152,153,155,156,157,158,160,161,162,163,164,165,167,168,171,175,179,181,183,184,186,191,192,193,194,197,198,202,209,211,215,217,218,220,221,223,224,226,227,230,231,234,236,239,240,253,255,265,267,272,279,287,288,289,297,300,311,352,360,367,391,442,668
37,80,81,84,86,87,88,91,92,94,95,96,97,98,99,100,102,104,105,106,107,108,109,112,113,114,115,117,118,119,122,124,125,126,127,128,129,130,131,132,135,136,138,140,143,147,151,153,156,157,158,159,164,166,168,169,171,173,175,180,182,183,184,186,188,189,190,191,193,194,195,199,205,206,207,208,210,212,215,219,221,223,225,228,231,232,234,235,242,244,247,248,251,254,255,258,261,263,268,272,280,286,287,291,293,294,296,306,332,364,392,413,456,518,567
38,70,76,80,86,88,89,90,91,92,93,94,97,99,100,101,102,103,104,106,107,108,110,112,113,114,115,116,117,118,119,120,123,124,125,127,128,130,133,135,136,137,138,139,141,142,143,144,145,147,148,151,153,154,155,158,160,162,166,168,169,170,171,175,179,181,192,194,196,198,199,200,201,202,204,206,207,208,209,211,214,221,222,223,224,232,233,236,241,244,249,250,254,256,258,260,263,278,279,282,291,313,344,347,359,361,410,464
39,75,84,85,86,87,88,90,91,92,93,94,95,96,97,100,101,105,106,107,108,109,111,112,114,115,116,117,118,119,121,122,123,127,128,135,138,140,142,144,146,147,149,151,152,153,154,155,156,157,158,159,163,166,167,170,171,173,179,180,182,183,186,192,193,194,195,200,202,206,207,208,211,212,213,214,215,219,220,224,225,227,228,231,232,234,235,236,237,238,241,242,245,248,252,255,257,258,262,265,273,310,335,358,388,602,682
40,76,78,81,83,84,85,86,90,92,93,95,98,99,101,103,104,105,107,109,110,112,115,116,118,119,120,121,123,124,125,127,128,129,130,131,133,134,135,136,137,138,139,140,141,143,144,145,146,148,149,150,153,158,159,160,161,163,164,165,167,168,174,177,179,182,183,185,187,188,192,194,195,196,199,201,203,205,207,208,214,216,217,218,221,222,224,225,234,235,239,242,243,246,247,248,256,258,259,264,265,266,267,271,272,280,288,306,307,311,323,340,361,386,400,419,440,445,606
41,9,80,83,87,88,89,92,94,95,96,97,98,99,100,101,102,103,104,105,108,109,111,112,113,115,119,121,123,125,126,127,128,129,131,133,134,135,136,138,139,143,145,146,147,149,151,152,153,155,156,158,160,161,163,164,165,166,167,168,169,170,175,176,178,181,184,186,190,191,192,193,196,198,200,201,202,204,205,206,207,212,213,220,221,223,227,229,236,238,244,245,247,248,254,255,256,258,282,288,289,292,295,310,316,359,436,482,526,536,541
42,85,88,89,90,92,94,95,96,98,100,102,103,104,105,106,107,108,109,110,111,114,117,119,121,125,126,127,130,131,132,134,135,136,139,140,141,142,143,144,147,148,149,150,153,154,163,164,168,171,172,173,174,176,179,181,184,185,187,190,195,199,200,203,214,215,217,222,226,229,230,233,234,240,251,254,255,267,274,280,285,288,290,292,297,298,313,316,332,355,410,685
43,80,87,89,90,91,92,93,94,95,96,97,101,102,103,107,108,109,110,111,112,113,114,115,118,120,123,124,129,131,132,133,136,137,138,143,145,146,147,149,151,152,155,156,157,158,160,164,166,169,172,174,180,187,188,191,194,195,196,197,198,199,200,202,204,206,207,208,209,212,214,215,216,217,219,220,222,223,224,229,230,242,254,258,267,283,285,296,300,322,357,498,548
44,11,84,87,92,93,94,95,98,100,101,102,103,104,105,108,109,111,113,115,117,118,119,120,121,124,125,126,128,131,133,137,138,139,140,141,142,143,147,149,154,156,157,162,164,166,168,169,174,186,187,188,193,202,203,204,212,215,216,221,224,239,240,241,243,244,252,262,270,274,275,280,282,284,285,287,305,306,350,372,375,424,574,582,587
45,6,16,63,81,84,86,89,90,93,94,95,96,98,101,104,109,110,113,114,116,117,118,120,121,123,128,129,132,133,134,135,136,137,141,143,146,147,149,151,153,154,158,161,167,168,186,191,192,195,198,205,208,211,213,217,221,222,225,230,232,249,269,275,277,284,287,300,322,460
46,35,92,96,97,99,101,104,105,106,109,110,111,113,115,117,119,120,122,123,125,128,129,131,132,135,137,139,140,143,145,150,153,158,159,161,164,165,166,168,171,172,173,176,180,181,183,206,208,215,216,218,223,227,228,233,236,238,244,255,258,271,295,335,345,369,388,596,618
47,92,98,103,104,106,108,111,113,114,115,116,120,124,128,129,141,143,144,154,156,157,161,163,174,177,182,188,197,199,203,211,212,214,239,244,257,316,329,488,575,638,672
48,86,123,126,127,128,137,138,150,153,155,167,191,204,216,281,296,353,401,677
49,83,123,164,195,310
50,21,281,408,632
51,484,603
52,336,442,482,483,689
53,25,530,587
54,28,38,49,361,456,472,529,617
55,35,102,419,506
56,31,191,498,551,597
57,21,42,43,210,267,333,495,608
58,174,473,504,641
59,56,64,421,469
60,246,258,325,403,537
61,30,71,503,514
62,73,126,325,350,387,406,506,565,657
63,385,392,689,693
64,6,370
65,18,261,372,611,675
66,
67,
68,
69,
70,
71,
72,
73,
74,
75,
76,
77,
78,
79,
80,
81,
82,
83,
84,
85,
86,
87,
88,
89,
90,
91,
92,
93,
94,
95,
96,
97,
98,
