15
0,675
1,100,213,490,540,664
2,1,179,267,305,468,671
3,128,189,344,507,518,538,591
4,218,494,584,643
5,17,258,457,509,617
6,61,151,525,596,604
7,41,42,110,373
8,129,215,339,375,524
9,45,185,243,264,280,329,351,390,400,499,560,597
10,86,143,164,214,357,371,498,692
11,592,596,597,608,644
12,40,45,150,168,216,242,283,343,609,641
13,23,25,38,39,48,53,182,254
14,27,29,30,32,33,34,35,36,38,40,41,43,44,45,46,47,48,49,50,51,52,54,55,56,57,59,60,63,65,75,182,212,263,300,474,503,549,620
15,27,29,30,31,32,33,34,35,36,37,38,39,40,41,42,43,44,45,46,47,49,50,51,53,54,55,56,57,58,59,60,61,62,63,64,65,66,67,68,69,71,73,76,78,79,82,83,84,88,95,97,122,144,151,155,469,540,555
16,21,22,25,28,29,30,31,32,33,35,36,37,38,39,40,41,42,43,44,45,46,47,48,49,50,51,52,53,54,55,56,57,58,59,60,61,62,63,64,65,66,67,68,69,70,71,72,73,74,75,76,77,78,79,80,81,82,83,84,85,86,87,88,89,90,91,92,93,95,96,97,98,99,100,101,102,103,104,106,108,109,111,114,117,119,120,123,124,125,127,128,130,132,141,143,149,153,163,167,273,474,597
17,10,26,27,28,31,32,33,34,35,36,37,38,39,40,41,42,43,44,45,46,47,48,49,50,51,52,53,54,55,56,57,58,59,60,61,62,63,64,65,66,67,68,69,70,71,72,73,74,75,76,77,78,79,80,81,82,83,84,85,86,87,88,89,90,91,92,93,94,95,96,97,98,99,100,101,102,103,104,105,106,107,108,109,110,111,112,113,114,115,116,117,118,119,120,121,122,123,124,125,126,127,128,129,130,131,132,133,134,135,136,137,138,139,140,141,142,143,144,145,146,147,148,149,150,151,152,153,154,155,156,157,158,159,160,161,162,163,164,165,166,167,168,169,170,171,172,173,174,175,176,177,178,179,180,181,182,183,184,185,186,187,188,189,190,191,192,193,194,195,196,197,198,199,200,201,202,203,204,205,206,208,209,210,212,213,214,215,218,220,221,222,223,224,225,226,229,231,232,233,237,243,497,569,650
18,30,31,32,33,34,35,36,37,38,39,40,41,42,43,44,45,46,47,48,49,50,51,52,53,54,55,56,57,58,59,60,61,62,63,64,65,66,67,68,69,70,71,72,73,74,75,76,77,78,79,80,81,82,83,84,85,86,87,88,90,91,92,93,95,96,97,99,100,101,102,103,104,105,106,107,108,109,110,111,112,113,114,115,116,117,118,119,120,121,122,123,124,125,126,127,128,129,130,131,132,133,134,135,136,137,138,139,140,141,142,143,144,145,146,147,148,149,150,151,152,153,154,155,156,157,158,159,160,161,162,163,164,165,166,167,168,169,170,171,172,173,174,175,176,177,178,179,180,181,182,183,184,185,186,187,188,189,190,191,192,193,194,195,196,197,198,199,200,201,202,203,204,205,206,207,208,209,210,211,212,213,214,215,216,217,218,219,220,221,222,223,224,225,226,227,228,229,230,231,232,233,234,235,236,237,238,239,240,241,242,243,244,245,246,247,248,249,250,251,252,253,254,255,256,257,258,259,260,261,262,263,264,265,268,269,270,272,273,274,275,276,278,279,280,281,282,285,286,289,290,291,292,293,294,295,296,297,298,300,302,303,306,307,308,311,317,318,319,324,328,331,332,336,338,344,351,352,357,364,365,372,374,384,396,397,404,439,441,447,497,512,598,599,634
19,23,24,25,26,27,28,29,30,31,32,33,34,35,36,37,38,39,40,41,42,44,45,46,47,48,49,50,51,52,53,54,55,56,57,58,59,60,61,62,63,64,65,66,67,68,69,70,71,72,73,74,75,76,77,78,79,80,81,82,83,84,85,86,87,88,89,90,91,92,93,94,95,96,97,98,99,100,101,102,103,104,105,106,107,108,109,110,111,112,113,114,115,116,118,119,120,122,123,124,125,126,127,128,129,132,133,134,135,136,137,138,139,140,141,142,143,144,145,146,147,148,149,150,151,152,153,154,155,156,157,158,159,160,161,162,163,164,165,166,167,169,170,171,172,173,174,175,176,177,178,179,180,181,182,183,184,185,186,187,188,189,190,191,192,193,194,195,196,197,198,199,200,201,202,203,204,205,206,207,208,209,210,211,212,213,214,215,216,217,218,219,220,221,222,223,224,225,226,227,228,229,230,231,232,233,234,235,236,237,238,239,240,241,242,243,244,245,246,247,248,249,250,251,252,253,254,255,256,257,258,259,260,261,262,263,264,265,266,267,268,269,270,271,272,273,274,275,276,277,278,279,280,281,282,283,284,285,286,287,288,289,290,291,292,293,294,295,296,297,298,299,300,301,302,303,304,305,306,307,308,309,310,311,312,313,314,315,316,317,319,320,321,322,323,324,326,327,328,329,330,333,334,336,337,338,340,341,342,343,344,346,347,349,351,353,354,355,356,357,359,361,362,366,367,370,374,377,378,379,380,386,387,394,398,402,405,407,410,411,423,424,452,494,506
20,21,23,24,25,26,27,28,29,30,31,32,33,34,35,36,37,38,40,41,42,43,44,45,46,47,48,49,50,51,52,53,54,55,56,57,58,59,60,61,62,63,64,65,66,67,68,69,70,71,72,73,74,75,76,77,78,79,80,81,82,83,84,85,86,87,88,89,90,91,92,93,94,95,97,98,99,100,102,103,105,107,108,109,110,111,112,113,114,115,116,117,118,119,120,121,122,123,124,126,127,128,129,130,131,132,133,134,135,136,137,138,139,140,142,143,144,145,146,147,148,149,150,151,152,153,154,155,156,157,158,159,160,161,162,163,164,165,166,167,168,169,170,171,172,173,174,175,176,177,178,179,180,181,182,183,184,185,186,187,189,190,191,192,193,194,195,196,197,199,200,201,202,203,205,206,207,208,209,210,211,212,213,214,215,216,217,218,219,220,221,222,223,224,225,226,227,228,229,230,231,232,233,234,235,236,237,238,239,241,242,243,244,245,246,247,248,249,250,251,252,253,254,255,256,257,258,259,260,261,262,263,264,265,266,267,268,269,270,271,272,273,274,275,277,278,279,280,281,282,283,284,285,286,287,288,289,290,291,292,293,294,295,296,297,300,301,302,303,304,305,307,310,311,312,315,316,317,319,320,322,323,324,325,326,327,328,329,330,331,332,333,334,335,336,338,341,343,345,348,349,351,353,354,357,358,362,363,365,368,369,373,376,377,380,385,387,389,396,400,405,414,416,418,427,445,448,462,506,638,691
21,22,23,24,25,26,27,28,29,30,31,32,33,34,35,36,37,38,39,40,41,42,43,44,45,46,47,48,49,50,51,52,53,54,55,56,57,58,59,60,61,62,63,64,65,66,67,68,69,70,71,72,73,74,75,76,77,78,79,80,81,82,83,84,85,86,87,88,89,90,91,92,93,94,95,96,97,98,99,100,101,102,103,105,106,107,108,109,110,111,114,115,116,118,119,120,121,122,123,124,125,126,127,128,129,130,132,133,135,138,139,140,141,142,143,144,146,147,148,149,150,151,152,153,154,155,156,158,159,160,161,162,163,164,165,166,167,168,169,170,171,172,173,174,175,176,177,178,179,180,181,182,183,184,186,187,188,189,190,191,192,193,194,195,196,197,198,199,200,201,202,204,205,206,207,208,209,210,211,212,213,214,215,216,217,218,219,220,221,222,224,225,226,227,228,229,230,231,232,233,234,235,237,239,240,241,242,243,244,245,246,247,248,249,250,251,252,253,254,255,256,257,258,259,260,261,262,263,264,265,266,267,268,269,271,272,273,274,275,276,277,278,279,280,281,283,284,285,286,287,288,289,290,291,292,293,294,295,298,300,301,302,305,308,309,310,311,312,315,316,319,320,322,327,328,330,332,335,336,339,342,344,351,353,354,355,358,363,365,366,372,382,386,388,396,405,406,409,422,427,428,430,443,508,547,586
22,17,19,20,21,22,23,24,25,26,27,28,29,30,31,32,33,34,35,36,37,38,39,40,41,42,43,44,45,46,47,48,49,51,52,53,54,55,56,57,58,59,60,61,62,63,64,65,66,67,68,69,70,71,73,74,75,76,77,78,79,80,81,82,83,84,85,86,88,89,90,91,93,94,95,96,97,98,99,100,101,102,103,104,105,106,107,108,109,110,111,112,113,114,115,116,118,119,120,121,122,123,124,125,126,127,128,129,130,131,132,133,134,135,136,137,138,139,140,141,142,143,144,145,146,147,148,149,150,151,152,153,154,155,156,157,158,159,160,161,162,163,164,165,166,167,168,169,170,171,172,173,174,175,176,177,178,180,181,182,183,184,185,187,188,189,190,191,192,193,194,195,196,197,198,199,200,201,202,203,204,205,206,207,208,209,210,211,212,213,214,215,216,217,219,220,221,222,223,224,225,226,227,228,229,230,231,233,234,237,238,239,241,242,243,244,245,246,247,248,250,251,252,253,254,255,256,257,258,259,260,261,262,263,266,267,269,271,272,273,274,275,277,278,279,280,282,283,284,287,288,289,290,291,292,297,298,299,302,306,307,308,311,312,314,315,317,318,319,322,324,325,327,328,331,332,333,334,335,336,337,341,342,343,344,345,346,347,348,349,356,357,358,359,362,366,374,379,381,383,385,391,393,401,402,403,416,417,428,438,446,461,481,490,543,569,608
23,14,15,18,19,20,21,22,23,24,25,27,28,29,30,31,32,33,34,35,36,37,38,39,40,41,42,43,44,45,46,47,48,49,50,51,52,53,54,55,56,57,58,59,60,61,62,63,64,65,66,67,68,69,70,71,72,73,74,75,76,77,79,80,82,83,85,87,88,90,92,93,94,95,96,97,98,99,100,101,102,103,104,106,107,108,109,113,114,116,117,118,119,120,121,122,123,124,125,126,128,129,130,131,132,133,134,135,137,139,140,141,142,143,144,145,146,147,148,150,152,153,154,156,157,158,159,160,161,162,163,164,165,166,167,168,169,170,171,172,173,174,175,176,178,179,180,181,182,183,184,185,186,188,189,190,191,192,193,194,195,196,197,198,199,200,201,202,203,204,205,206,207,208,210,212,213,214,215,216,217,218,219,220,221,222,223,225,226,227,228,229,230,231,232,234,235,236,237,238,239,240,241,242,243,244,245,246,247,248,249,251,253,255,256,257,258,259,261,262,265,266,268,269,271,273,274,276,278,283,284,285,286,288,294,296,298,299,301,304,305,306,308,310,311,314,320,321,323,325,326,329,331,332,337,338,341,342,343,346,347,348,350,352,355,356,357,358,364,366,367,368,370,374,378,379,386,395,404,406,407,423,439,456,473,591
24,16,19,20,21,22,23,24,25,26,27,28,29,30,31,32,33,34,35,36,37,38,39,40,41,42,43,45,46,47,48,49,50,51,53,54,55,56,59,60,61,62,63,64,65,66,67,68,69,70,71,72,73,74,75,76,77,78,79,80,81,82,83,84,85,86,87,88,89,90,91,92,93,94,95,96,97,98,99,100,101,102,103,104,105,106,108,109,110,111,112,113,114,115,116,117,119,121,122,123,124,125,126,127,128,129,130,133,134,135,136,137,138,139,140,141,142,143,144,145,146,147,148,151,152,153,154,155,156,157,158,159,162,163,164,165,166,167,168,169,170,171,172,174,175,176,178,179,180,181,182,184,186,187,188,189,190,191,192,194,195,197,198,200,201,203,204,205,206,208,209,210,213,214,215,216,217,218,219,220,221,222,223,228,229,230,231,232,233,234,235,236,237,238,239,241,242,243,244,245,247,248,249,250,251,253,254,255,256,259,261,263,264,265,266,267,268,270,273,274,275,276,277,278,279,280,283,284,285,286,287,288,293,294,295,297,299,301,302,303,304,306,308,309,310,311,313,314,315,316,319,321,322,323,325,326,328,331,335,337,338,340,352,356,359,364,369,371,372,375,379,380,406,429,509,598,609
25,12,14,16,17,18,20,21,22,23,24,25,26,27,28,29,30,31,32,33,34,35,36,37,38,39,40,41,42,43,44,45,46,47,48,49,50,51,52,57,58,59,60,61,63,64,66,67,68,69,70,71,72,73,74,75,76,77,78,79,80,81,82,83,85,86,88,89,90,91,92,93,94,95,96,97,98,99,100,101,102,104,105,106,107,108,109,111,112,113,114,115,116,117,119,120,123,124,125,126,127,128,130,131,132,133,135,136,137,138,139,140,141,142,143,144,145,146,148,149,150,152,153,154,155,156,157,158,159,160,161,162,163,164,166,167,168,169,170,171,172,173,174,175,178,180,181,182,183,184,186,187,188,189,190,191,192,193,194,196,198,200,202,205,207,209,211,212,213,214,215,216,217,219,220,223,224,228,229,231,232,235,236,238,239,240,242,243,245,247,248,249,250,252,253,254,255,256,258,259,261,264,265,266,270,271,272,276,278,279,280,281,283,284,285,286,288,291,292,294,297,301,303,304,305,308,309,310,311,312,317,318,321,322,329,330,333,338,339,350,352,353,355,359,360,363,364,369,370,377,381,398,400,418,419,432,439,456,481,500,506,517,529
26,12,15,16,17,18,19,20,21,22,23,24,25,26,27,28,29,30,31,32,33,34,35,36,37,38,39,40,41,42,43,44,45,46,47,48,49,50,51,52,53,54,55,56,57,58,59,60,61,62,63,64,65,66,67,68,69,70,71,72,73,75,76,77,78,79,80,81,82,83,84,86,87,88,89,90,91,93,96,100,102,104,105,106,107,108,110,111,112,113,116,117,118,119,121,123,124,125,126,127,129,130,131,132,133,134,136,138,139,140,141,142,144,145,146,147,148,149,150,152,153,156,158,159,160,161,163,166,167,168,169,170,171,173,174,175,176,177,178,179,180,181,182,183,184,185,187,188,189,192,194,195,196,198,199,200,201,202,204,205,207,210,212,214,215,216,217,219,220,221,222,224,226,227,228,229,230,231,232,234,235,236,237,238,240,241,243,244,248,249,250,251,253,254,256,258,259,262,269,277,281,283,284,285,288,289,290,293,299,304,305,308,311,314,317,321,327,331,335,345,349,351,356,357,358,365,382,388,392
27,10,15,16,17,18,19,20,21,22,23,24,25,26,27,28,29,30,31,32,33,34,35,36,37,38,39,41,42,43,46,47,48,50,51,52,53,54,55,56,57,58,59,60,61,62,63,64,65,66,67,68,70,71,72,73,74,75,76,77,78,79,80,82,83,84,85,86,87,88,89,90,91,92,93,94,95,96,97,98,100,101,102,103,104,105,107,108,109,110,111,112,113,114,115,116,117,118,119,121,122,123,124,125,127,128,129,130,131,133,134,137,138,139,140,141,142,143,144,145,146,147,148,149,150,151,152,153,154,155,156,157,158,159,160,162,163,164,165,166,168,169,170,171,172,173,176,177,178,181,182,184,189,191,192,193,195,198,200,202,203,207,208,219,220,221,224,230,232,240,261,264,266,268,270,276,292,293,297,304,315,316,317,320,323,328,331,338,344,356,363,381,428,454,482,593,661
28,12,13,14,15,16,17,18,19,20,21,22,23,24,25,26,27,28,29,30,31,32,33,34,35,36,37,38,39,40,41,42,43,44,45,46,47,48,49,50,51,52,53,54,55,56,57,59,60,61,65,66,67,69,70,72,73,74,75,76,77,79,80,81,82,83,84,88,89,90,91,92,93,95,99,100,103,105,107,109,111,112,113,114,115,116,117,118,119,120,121,122,123,124,125,126,127,128,129,130,131,132,133,134,135,136,137,138,139,140,141,142,143,144,145,146,147,148,149,150,152,153,154,155,156,158,159,160,161,162,163,164,166,167,169,171,172,173,174,175,176,177,179,180,181,182,184,186,188,189,191,194,195,197,199,200,204,208,212,213,214,217,218,219,221,222,226,227,228,230,233,234,237,241,242,243,246,248,253,255,256,257,258,259,260,266,267,269,270,273,275,279,280,281,282,283,293,295,297,312,316,324,340,416,473,541,589,634
29,9,11,13,14,15,16,17,18,19,20,21,22,23,24,25,26,27,28,29,30,31,32,33,34,35,37,38,39,41,42,44,45,46,47,48,51,52,53,54,55,56,57,58,59,61,62,63,64,65,66,67,68,69,70,71,72,73,74,75,77,78,79,80,81,82,83,84,85,86,87,88,89,90,91,92,93,94,95,97,98,99,100,103,104,105,106,107,108,109,110,111,112,113,114,115,116,119,120,122,123,124,126,127,128,129,130,131,133,134,136,138,140,141,142,144,145,150,151,153,155,156,157,158,160,161,162,163,164,165,166,167,168,169,171,172,173,174,176,177,178,179,180,181,182,183,184,185,186,189,190,191,192,193,194,196,197,198,199,200,201,202,203,204,206,207,209,210,212,213,214,217,220,221,222,223,228,231,232,233,234,235,236,237,238,239,241,243,244,245,246,247,248,249,252,253,258,260,262,263,266,267,270,271,280,284,286,287,293,302,303,307,309,311,320,323,330,335,341,360,373,377,395,399,410,433,623
30,15,16,17,18,19,20,21,22,23,24,25,26,27,28,29,30,31,32,33,34,35,36,37,40,41,42,43,44,45,47,48,49,50,51,53,54,55,56,57,58,59,60,62,63,64,65,66,67,68,69,70,72,73,74,75,76,77,78,79,80,81,82,83,84,86,87,88,89,90,91,92,93,94,95,97,100,101,102,103,104,105,106,107,108,109,110,111,112,113,114,115,116,117,118,120,121,122,123,124,125,126,127,128,129,130,131,132,135,137,139,140,141,143,144,145,146,147,148,150,152,153,154,155,156,157,159,160,161,162,163,164,165,167,169,170,171,172,173,174,176,177,178,180,184,185,186,187,189,191,192,195,196,203,204,205,206,209,212,216,218,220,221,222,223,224,225,227,228,229,230,231,237,238,244,245,249,250,252,257,258,260,262,267,268,270,271,272,275,278,279,282,284,286,287,290,292,293,296,301,303,306,316,319,320,322,330,331,334,338,340,345,351,361,365,369,370,376,377,378,382,388,405,431,603,631,699
31,10,13,14,15,16,17,18,19,20,21,22,25,26,27,28,29,30,31,32,33,34,35,36,37,38,41,42,43,44,45,46,47,48,49,50,51,52,53,54,55,56,58,59,60,61,62,63,64,65,66,69,70,72,73,74,75,76,77,79,81,82,84,85,86,87,89,90,92,93,94,95,97,103,104,105,111,112,113,114,115,116,117,119,120,121,122,123,125,126,127,128,129,130,131,132,133,134,135,136,137,138,139,140,142,143,144,145,147,151,153,155,156,158,159,161,162,163,165,167,168,169,170,171,173,175,178,179,180,181,182,183,184,185,186,191,192,193,195,197,199,201,202,208,210,213,220,221,226,227,229,230,238,246,247,248,264,266,267,273,274,275,281,289,290,292,300,305,307,311,327,329,333,378,398,415,455,501,611
32,12,15,17,18,19,20,21,22,23,24,25,26,27,28,30,31,32,33,35,36,37,38,39,41,42,43,44,46,47,49,50,51,52,53,54,55,56,57,58,59,60,61,62,63,64,66,67,68,69,71,72,75,76,77,78,79,80,81,82,83,84,85,86,88,89,90,91,92,93,94,95,96,97,99,100,101,102,103,105,107,109,112,113,114,117,118,119,121,122,123,125,126,127,130,134,136,137,138,139,140,143,146,147,148,149,150,151,152,153,154,155,156,157,158,159,160,161,162,163,164,165,166,167,168,169,170,172,174,175,176,177,178,179,180,182,183,184,185,186,188,190,193,194,195,196,197,198,200,203,204,205,206,207,209,210,211,212,213,214,215,216,218,219,222,223,226,227,228,231,232,234,237,238,241,245,247,249,250,254,255,261,268,269,275,290,293,297,311,313,314,358,415,554,561,652
33,3,6,10,13,14,15,16,17,18,19,20,21,22,23,24,25,26,27,28,29,30,31,33,34,35,36,37,38,40,41,42,43,46,48,49,50,51,52,54,55,56,57,58,59,61,62,63,64,66,68,69,70,71,72,74,75,76,77,78,79,80,81,82,83,84,85,87,88,89,91,93,94,95,97,98,99,100,101,102,103,104,105,106,107,108,109,110,111,112,113,116,117,118,119,121,122,123,124,125,126,127,128,129,132,133,134,136,138,140,141,142,143,144,145,146,150,151,156,158,159,160,163,164,165,166,167,169,170,171,172,173,174,175,176,177,179,180,181,182,183,184,185,187,189,190,191,194,196,197,198,199,202,203,205,206,209,210,213,218,220,222,224,225,226,228,232,234,237,240,242,243,244,245,246,247,248,250,253,254,256,258,259,261,262,263,264,265,266,268,269,270,271,275,276,277,278,281,283,284,287,289,290,295,296,301,309,310,311,314,318,363,375,376,416,462,528,601,612
34,8,10,16,18,21,22,24,26,27,28,29,30,31,33,34,35,36,37,38,39,40,41,43,44,45,46,47,49,54,56,57,58,59,60,62,63,64,65,66,67,69,71,72,73,74,75,76,77,79,80,85,86,87,88,89,90,91,92,97,99,100,101,102,104,105,106,107,110,111,112,113,114,115,116,117,118,119,120,121,122,123,124,125,126,128,129,130,131,133,135,137,138,140,143,146,147,148,150,151,152,153,156,161,162,163,164,165,168,171,173,174,176,178,180,181,182,184,185,186,188,190,192,194,202,205,207,209,210,211,215,219,220,222,225,229,231,232,239,240,241,242,250,252,253,257,258,261,263,270,274,276,280,282,284,287,291,293,299,302,303,309,333,335,347,355,403,442,444,498,529,531
35,16,19,27,28,31,32,36,37,38,39,41,42,43,44,45,46,47,48,49,51,52,53,55,57,59,60,61,62,63,64,65,68,69,72,73,74,75,76,77,80,81,83,85,86,88,90,91,92,95,99,100,102,103,105,109,111,112,113,114,118,119,123,124,126,127,128,129,130,132,133,134,135,136,137,139,140,141,143,144,145,146,147,148,149,150,151,152,153,158,159,160,161,163,164,165,166,167,168,170,171,172,173,175,176,177,178,180,181,184,185,191,193,194,195,197,202,203,204,205,208,210,211,212,213,218,219,221,222,223,226,230,234,238,240,257,270,279,280,282,293,295,296,299,302,306,310,319,322,330,343,361,536,676
36,22,26,27,29,30,32,33,35,37,38,39,40,41,44,45,47,48,49,50,51,52,53,55,56,57,58,59,60,61,62,63,64,65,66,67,68,69,71,72,73,75,76,77,79,80,81,82,83,84,87,91,92,95,98,103,107,108,114,115,116,118,121,122,123,124,125,126,127,128,129,131,132,133,134,135,136,137,144,145,147,153,154,155,156,159,160,161,165,167,168,170,172,173,174,175,176,177,179,181,185,186,187,189,191,192,196,197,198,199,200,201,202,204,205,206,207,208,209,212,215,216,218,219,220,222,223,224,226,227,229,230,232,233,235,236,239,240,241,242,243,244,246,248,251,252,253,254,259,260,268,270,271,274,276,278,285,286,287,289,299,300,316,319,329,362,366,377,415,555,656
37,22,25,26,28,30,31,34,35,36,37,39,40,41,42,44,47,48,50,52,53,54,57,59,60,61,62,64,67,68,69,70,71,73,74,75,76,77,78,79,80,82,83,84,85,86,88,89,95,96,97,98,99,100,102,104,108,109,111,113,114,115,116,118,121,122,123,124,125,126,127,128,129,131,133,136,137,138,139,140,141,142,146,149,150,152,161,163,164,170,171,174,177,180,181,184,186,187,189,191,198,203,210,211,212,217,219,220,221,223,224,239,240,249,250,256,260,272,281,284,286,299,309,314,332,336,360,366,429,430,434
38,11,15,20,22,23,25,28,29,34,35,37,38,39,40,41,42,43,44,45,46,47,48,50,51,53,54,55,56,58,59,60,63,64,65,67,68,69,71,72,73,74,77,78,79,81,84,85,86,87,89,92,94,98,99,101,106,109,116,117,119,122,124,130,131,134,136,138,139,141,142,143,149,150,152,153,154,157,158,160,161,162,163,165,166,168,170,171,176,179,181,182,183,185,186,191,192,193,198,201,202,203,208,215,216,218,225,235,238,240,245,251,254,261,265,287,289,304,311,396,423,629
39,4,5,7,14,17,19,26,32,39,51,56,57,60,62,63,64,65,66,68,69,70,73,75,77,78,79,80,81,82,83,84,85,86,88,92,94,100,101,103,106,109,114,115,116,119,121,124,130,140,177,178,181,191,216,224,226,249,252,274,275,426,626
40,18,19,24,25,26,34,38,51,57,60,61,68,75,78,79,85,89,97,104,109,122,130,216,682
41,71,88,187,370,576,653
42,351,412,538
43,648
44,357
45,72,520
46,37,38,167,447,658
47,173,322,533
48,157,513,687
49,96,368,467,538,564
50,443,643
51,386
52,40,103,448,478,496
53,288,319,384,417,473,618
54,198,435,645,672
55,421,631
56,4,372,526
57,102,378,424,569,573,574
58,26,42,292,442,687
59,392,538,613
60,2,171,245,370,524,574,617
61,184,200,532,684
62,71,78,217,307,567,612,619,656
63,47,244,456,631
64,42,537,635,699
65,131,252,319,326,341,443,649
66,81,246,526,527
67,
68,
69,
70,
71,
72,
73,
74,
75,
76,
77,
78,
79,
80,
81,
82,
83,
84,
85,
86,
87,
88,
89,
90,
91,
92,
93,
94,
95,
96,
97,
98,
