12
0,41
1,25,26,177,231,311
2,252,289,373,505,609
3,139,199
4,158,246,259,479,483,487
5,150,248,395,416,609,663,692
6,107,408,501,585,632
7,113,591,598,601,603,604,608,609,613,614,618,623,628,629,631,642
8,105,112,224,551,571,572,597,600,602,603,606,608,610,616,622,623
9,13,127,141,484,535,553,555,562,572,577,584,588,590,617,649
10,17,89,201,219,549,550,558,560,561,562,563,565,569,570,572,574,582,584,586,587,589,592,599,604,610,612,616,617,619,628,629,630,633,646,659,674
11,450,526,538,543,548,552,556,557,562,563,571,572,576,577,579,580,582,583,584,585,587,588,589,594,606,607,610,613,614,616,618,619,621,624,630,634,643,647,654,667,680,692
12,26,69,183,442,521,535,549,562,565,571,572,573,574,575,577,578,580,581,583,587,590,591,595,602,605,607,611,615,616,633,652
13,95,150,202,218,363,486,523,532,550,563,573,574,577,585,587,590,596,601,605,636
14,20,23,64,78,178,336,479,549,572,576,579,586,613,654
15,6,17,33,45,69,90,93,154,304,316,436,523,525,538,539,544,548,550,554,555,556,557,559,565,585,596,601,640
16,68,75,78,106,108,130,134,144,208,216,228,387,435,521,534,559,561,683
17,13,91,202,277,282,381,387,522,523
18,57,76,156,205,302,360,526
19,89,166,349,490
20,72,73,74,75,76,77,78,79,80,81,82,83,84,85,86,87,88,90,91,92,95,96,98,99,100,102,104,131,209,218,413,498,648
21,65,66,67,69,70,72,73,74,75,76,77,78,79,80,81,82,83,84,85,86,87,88,89,90,91,92,93,94,95,96,97,98,99,100,101,102,103,104,105,106,107,108,109,110,111,112,113,114,115,116,117,118,119,120,121,122,123,124,125,126,127,128,129,130,131,135,136,154,165,167,168,169,170,171,173,174,178,179,180,181,182,191,192,199,276,284,308,472,575
22,68,69,70,71,72,73,74,76,77,78,79,80,81,82,83,84,85,86,87,88,89,90,91,92,93,94,95,96,97,98,99,100,101,102,103,104,105,106,107,108,109,110,111,112,113,114,115,116,117,118,119,120,121,122,123,125,126,127,128,129,130,131,132,133,134,135,136,137,138,139,140,141,142,143,144,145,146,147,149,151,152,153,154,155,156,157,158,159,160,161,162,163,164,165,166,167,168,169,170,171,172,173,174,175,176,177,178,179,180,181,182,183,185,186,187,188,189,190,191,192,193,194,195,196,197,198,199,200,201,202,203,204,205,206,207,208,209,210,211,212,213,214,215,216,217,218,219,220,221,222,223,224,225,226,227,228,229,230,231,232,233,234,235,236,237,238,240,241,242,243,244,245,246,247,248,249,250,251,252,253,254,255,256,257,258,259,260,262,263,264,266,267,269,270,271,272,273,274,275,277,281,284,285,286,287,289,291,292,297,298,299,301,304,305,306,307,308,311,312,315,317,318,320,323,324,326,328,330,332,338,358,391,393,430
23,38,46,64,65,67,68,69,70,71,73,74,75,76,78,81,82,83,84,85,86,87,88,89,90,91,92,93,94,95,96,97,98,99,100,101,102,103,104,105,106,107,108,109,110,111,112,113,114,115,116,117,118,119,120,121,122,123,124,125,126,127,128,129,130,131,133,134,135,138,139,140,141,142,144,145,148,150,151,152,153,154,155,157,159,160,161,162,163,165,166,167,168,171,172,173,174,175,176,177,178,179,180,181,182,183,184,185,186,187,188,189,190,191,192,193,194,196,197,198,199,200,201,202,203,204,205,206,207,208,209,210,211,212,214,215,216,217,218,219,220,221,222,223,224,225,226,227,228,229,230,231,232,233,234,235,236,237,238,239,240,241,242,243,244,245,246,247,248,249,250,251,252,253,254,255,256,257,258,259,260,261,262,263,264,265,266,267,268,269,270,271,272,273,274,275,276,277,278,279,280,281,282,283,285,286,287,288,289,291,292,293,295,296,297,298,299,300,301,302,303,304,305,306,308,309,310,311,312,313,314,315,316,317,318,320,321,322,323,324,325,326,327,328,329,330,332,333,334,337,338,339,340,344,345,346,350,351,352,353,354,355,358,360,361,362,363,364,365,367,369,382,383,387,394,398,402,403,406,412,414,415,430,433,435,451,465,470
24,58,63,64,67,68,69,70,71,72,75,76,77,79,80,81,82,83,84,85,86,87,88,89,90,91,93,94,95,96,97,98,99,100,101,102,103,104,105,106,107,108,109,110,111,112,113,114,115,116,117,118,121,124,125,126,129,131,134,135,136,137,138,141,143,144,146,148,149,150,151,152,154,157,158,159,160,161,162,164,165,166,167,168,171,175,177,179,181,182,183,186,187,188,190,191,192,194,195,197,198,199,201,204,206,208,210,211,213,216,218,219,220,222,224,225,226,227,228,229,231,232,233,235,236,237,238,239,240,241,243,244,245,246,247,248,250,251,252,253,254,255,256,257,258,259,260,261,262,263,264,265,266,267,268,269,270,271,272,273,274,276,277,278,279,280,281,282,283,284,285,286,287,288,289,290,291,293,294,296,297,298,299,300,301,302,303,304,305,306,307,309,310,311,312,313,314,315,316,317,318,319,320,321,322,323,324,327,328,329,330,331,333,334,335,336,337,339,341,342,344,345,346,347,348,350,351,352,353,354,355,356,357,360,361,362,363,365,367,368,371,372,373,374,376,377,378,384,385,387,389,390,391,395,396,397,399,400,407,412,417,421,429,433,452,458,476,538
25,56,59,63,65,67,68,69,71,72,73,74,75,76,77,78,79,80,82,83,84,85,86,87,88,89,90,91,93,94,95,96,98,99,100,102,103,104,106,107,108,109,112,113,114,115,121,122,123,124,127,128,129,132,137,138,140,144,146,147,148,152,153,156,158,159,160,163,166,167,168,169,170,171,174,175,178,180,182,183,185,188,189,190,191,192,193,194,198,200,203,204,205,208,209,212,213,217,218,219,233,236,237,238,240,241,242,243,250,251,252,253,255,256,259,260,263,264,266,267,269,270,271,272,273,275,276,277,279,282,283,284,285,286,287,288,289,290,291,292,293,294,295,297,298,299,301,302,303,304,307,308,309,310,311,313,314,315,316,317,318,319,320,321,322,323,324,325,326,327,328,329,331,333,334,335,336,337,338,340,341,342,343,344,345,346,347,348,349,350,351,352,353,355,356,357,358,359,360,361,362,363,367,368,369,370,372,373,374,375,376,377,378,379,381,382,383,384,385,386,387,388,391,393,397,398,399,401,402,404,405,407,409,410,411,413,417,418,419,424,432,435,437,443,449,450,463,467,473,510,530,614,660
26,57,63,67,68,69,70,71,72,73,74,75,76,77,78,79,80,81,83,84,85,87,88,89,90,92,93,94,95,96,98,99,100,101,102,103,104,105,106,107,108,109,110,111,112,114,115,116,117,119,120,121,124,126,132,133,134,135,136,138,139,140,141,142,143,144,146,147,148,149,150,151,154,155,157,159,161,163,167,168,170,172,173,174,176,179,180,183,185,187,189,193,194,195,197,198,200,205,206,210,212,213,216,218,223,228,229,230,231,232,237,241,245,247,252,253,257,258,259,261,262,263,264,265,266,269,270,271,272,273,276,278,280,282,284,286,289,290,291,292,293,294,296,297,298,301,302,303,304,305,306,307,309,310,311,312,313,314,315,316,317,318,320,321,322,323,324,327,329,331,333,334,336,338,339,340,342,345,346,348,349,351,352,353,354,355,356,357,361,362,363,364,366,368,369,370,371,372,374,376,377,378,379,381,382,383,385,386,387,389,391,392,396,397,398,399,400,403,406,407,411,413,415,418,421,424,430,432,435,438,442,444,460,464,472,476,485,491,501
27,11,65,67,70,71,73,74,75,76,77,78,79,80,81,82,83,84,86,87,88,89,90,91,92,93,94,95,96,97,98,99,100,101,102,104,105,106,107,108,109,111,112,113,114,115,116,117,118,119,122,124,125,126,127,128,129,130,131,132,133,134,135,136,137,138,140,141,142,143,145,146,148,150,151,152,155,158,162,165,166,167,170,171,172,174,175,176,177,178,181,186,187,189,190,194,195,196,198,199,200,204,206,214,219,220,222,225,226,230,232,234,235,237,241,245,247,248,251,253,258,259,260,261,262,265,266,267,269,270,272,275,280,281,283,285,287,288,289,291,292,293,294,296,298,300,301,302,303,304,306,307,308,310,312,313,314,316,317,318,319,320,323,324,325,326,328,329,331,332,333,336,340,341,342,343,344,349,350,351,353,354,355,356,358,359,360,362,364,365,366,368,369,371,374,377,378,379,381,382,387,389,393,394,395,396,400,403,404,405,406,408,413,415,416,423,431,432,433,437,442,443,445,447,451,456,465,474,476,483,488,512,651,660
28,62,64,66,68,69,71,72,73,74,75,76,77,78,79,80,81,82,84,85,86,87,88,89,91,93,94,96,97,98,99,101,102,103,104,105,106,107,110,111,115,116,117,118,119,120,121,122,123,127,128,129,131,132,134,135,136,139,140,141,142,143,145,146,147,149,152,166,169,172,173,174,175,176,177,178,179,180,182,187,188,189,192,194,195,198,199,200,202,205,210,212,215,220,221,223,228,229,231,232,233,242,249,251,254,257,262,264,265,266,267,273,276,277,282,285,286,287,289,290,291,292,294,296,297,300,301,305,306,310,312,320,322,323,326,330,331,333,334,335,336,337,338,341,347,348,350,352,355,357,358,359,360,361,362,364,366,367,369,372,373,378,379,382,383,385,390,394,403,410,411,412,414,418,422,425,426,428,436,438,444,454,462,470,472,476,489,593
29,60,63,64,65,66,68,69,72,74,75,76,77,78,79,80,81,82,83,84,85,86,87,88,90,91,92,93,94,96,97,98,103,104,105,106,107,108,110,111,112,113,114,115,116,118,120,121,122,123,124,126,127,128,129,130,132,133,135,137,138,139,140,141,142,144,147,150,153,154,157,158,159,163,164,165,166,167,168,169,170,171,172,175,176,179,180,181,183,185,186,188,189,193,197,199,200,201,202,205,208,215,228,230,232,233,235,240,247,250,252,254,255,256,261,262,265,269,271,272,275,287,288,289,290,291,292,293,296,298,299,301,302,303,304,309,310,311,312,313,314,315,317,322,323,324,325,326,329,331,332,333,334,337,338,339,340,342,343,344,345,346,349,350,352,354,356,358,360,361,367,368,371,372,374,376,377,378,379,380,383,385,386,388,390,393,399,400,404,406,408,411,413,414,415,419,422,427,429,434,435,453,465,495,670
30,60,65,66,68,71,72,73,75,76,77,78,79,80,81,82,83,84,85,86,87,88,89,90,91,93,94,96,97,98,100,101,102,103,106,107,109,110,112,113,114,115,116,117,118,119,120,122,123,124,125,126,127,128,129,130,132,133,134,136,137,139,140,142,143,144,145,146,147,148,152,154,155,159,160,161,163,165,166,171,175,177,178,180,183,189,191,192,194,196,197,198,200,202,203,204,208,212,213,221,225,227,229,230,235,239,245,261,266,268,270,272,273,275,278,279,281,285,286,290,291,292,296,297,298,300,304,306,307,309,310,312,313,314,316,317,319,320,323,326,327,329,335,336,338,339,341,343,344,348,349,350,353,356,358,359,361,363,365,366,368,369,370,371,372,373,374,377,382,383,384,386,387,389,390,391,392,394,395,397,399,403,411,412,413,418,424,425,427,429,437,462,475,477,519,529,655,678
31,64,66,67,70,71,74,75,77,78,79,80,81,83,84,85,86,87,89,90,91,92,93,94,95,96,97,98,99,100,102,103,104,105,106,107,108,109,110,111,112,113,114,116,117,118,119,120,121,123,124,125,126,127,128,129,130,133,134,135,136,137,138,141,142,144,146,147,148,154,156,158,168,171,172,173,178,182,183,185,186,190,194,195,199,200,202,204,208,209,214,219,221,228,235,241,244,245,255,261,264,266,269,270,272,274,277,281,282,284,287,288,289,290,293,296,297,298,299,300,302,303,304,305,308,310,312,313,314,315,316,318,319,321,324,336,337,341,342,343,346,349,350,353,354,359,362,363,364,365,366,368,369,371,373,376,377,383,384,387,389,393,396,397,399,400,403,416,424,427,432,440,444,446,462,477,611,682
32,15,59,66,70,71,74,75,76,77,79,80,82,83,84,85,89,90,92,93,94,95,96,97,99,100,101,103,104,105,106,107,108,111,112,113,114,115,116,117,118,119,120,121,122,123,124,125,126,129,130,131,133,136,137,138,139,140,141,142,145,146,147,148,150,151,163,165,169,172,175,178,179,180,181,183,184,185,187,188,191,197,198,201,203,204,206,225,228,231,232,235,237,238,239,240,241,246,249,255,262,269,272,275,277,278,284,288,290,291,294,298,299,300,301,302,304,308,310,311,312,313,315,316,317,319,320,324,325,328,330,336,339,343,346,347,348,349,350,352,355,357,358,359,362,363,368,369,370,372,373,374,377,379,380,382,383,387,388,394,396,399,400,404,405,406,412,415,421,425,426,428,440,445,463,474,552,656
33,65,71,72,74,75,77,78,81,82,83,85,86,87,88,90,91,93,95,96,97,98,99,100,101,102,103,104,105,107,108,109,110,111,112,115,117,120,121,123,124,125,126,129,134,135,139,140,141,142,143,144,145,146,147,153,155,158,163,165,168,172,173,176,179,182,185,186,187,188,192,193,196,198,199,204,205,207,212,214,215,218,219,223,230,233,236,237,241,244,247,248,252,253,256,258,261,262,263,264,265,270,272,273,276,287,295,297,300,302,303,305,306,307,312,314,315,316,317,318,319,321,322,323,324,332,335,336,342,344,347,348,351,352,353,355,359,360,361,377,378,381,383,385,389,391,392,393,394,397,398,399,400,401,407,408,409,417,423,427,439,442,443,444,456,459,460,494,545,555,625
34,71,76,77,78,81,82,83,84,85,87,88,89,91,93,94,95,96,97,99,100,101,102,104,106,107,108,109,110,111,112,113,114,115,117,118,120,121,123,126,127,128,129,130,132,133,134,136,138,139,141,144,147,148,149,150,151,152,154,155,156,159,160,162,163,170,172,173,174,176,179,180,181,182,186,188,190,193,194,201,202,206,207,209,210,211,213,216,225,226,232,233,238,240,244,245,253,254,255,257,259,264,270,271,273,274,276,281,282,284,285,287,288,291,295,298,301,305,308,309,311,312,318,321,322,323,329,331,332,333,335,337,338,340,344,345,362,363,364,366,367,368,373,377,385,389,390,395,396,416,417,430,432,444,445,451,453,458,459,475,480,504
35,53,73,74,77,78,79,80,81,82,83,84,85,86,88,91,92,93,94,98,99,100,101,102,104,106,107,108,109,110,111,112,113,115,116,117,118,120,121,122,125,127,131,132,134,138,140,141,144,145,146,147,148,150,151,154,163,169,170,172,174,180,182,184,187,188,192,194,196,199,205,207,209,210,213,214,215,225,232,235,236,237,238,239,244,254,257,258,259,263,264,266,268,269,271,272,275,277,281,283,287,289,291,298,299,303,305,308,309,310,316,317,318,319,322,323,324,326,327,328,331,332,333,334,335,336,337,342,344,345,347,348,349,351,352,353,354,355,361,364,368,370,377,378,380,381,382,383,384,389,391,399,408,416,420,421,444,460,463,472
36,71,75,77,79,80,81,82,83,84,85,86,87,88,89,90,91,92,93,95,96,97,98,99,100,103,104,105,107,108,109,110,111,112,113,114,115,118,119,120,121,123,124,125,127,128,130,131,132,133,134,137,138,140,142,143,145,146,147,149,150,151,158,160,164,176,177,179,185,191,193,194,195,196,198,200,202,203,206,207,208,210,211,214,217,223,227,232,234,243,246,247,252,256,260,261,262,264,271,273,277,279,280,282,286,287,288,289,290,293,295,296,307,309,310,322,324,326,332,333,340,348,352,355,359,360,364,365,366,370,372,373,375,376,381,384,385,388,392,395,412,417,420,429,434,437,448,450,457,458,461,492,618,680
37,67,74,76,77,78,79,82,83,84,86,87,89,90,92,93,94,95,97,99,100,101,102,103,104,105,106,108,109,110,114,115,116,118,119,121,122,124,125,127,128,132,134,137,141,144,145,146,147,149,150,152,154,155,157,160,164,166,171,175,177,180,181,182,186,189,190,191,192,197,202,203,205,209,211,212,213,214,219,223,228,233,234,237,238,239,240,241,242,244,251,252,256,257,260,261,262,266,268,271,274,279,280,282,285,292,294,296,297,300,303,304,309,320,325,327,333,340,344,346,351,357,364,366,374,377,379,382,383,387,392,398,399,400,408,429,430,431,437,448,461,484,492,610,676
38,76,77,78,83,84,86,87,88,89,90,91,92,93,94,95,96,97,98,99,100,101,102,103,104,105,106,108,109,110,111,113,114,116,117,118,119,121,123,125,126,127,129,130,133,134,137,139,140,141,143,144,146,147,148,149,151,152,154,155,156,159,163,164,165,169,174,177,180,182,183,185,187,188,190,193,194,195,197,198,199,200,201,202,204,205,206,207,209,212,213,224,227,228,231,238,245,246,248,250,251,260,261,264,267,271,272,274,275,277,278,279,287,289,290,291,297,300,303,306,310,311,324,325,327,330,333,334,335,337,339,344,345,352,353,354,357,358,360,366,373,383,391,393,401,404,408,412,420,422,461,538,647
39,74,76,77,79,83,84,85,87,88,89,90,91,92,93,94,95,97,98,99,100,101,102,103,104,105,106,107,108,109,110,111,112,113,114,115,116,117,118,119,121,122,123,124,125,126,127,129,131,132,136,138,139,140,141,142,144,146,147,149,150,153,154,158,161,164,165,170,174,178,179,181,182,186,190,194,195,199,200,204,205,208,209,215,220,221,224,227,230,237,243,244,246,247,251,253,259,260,263,264,269,276,280,284,285,286,287,289,301,309,315,322,329,330,334,342,351,367,370,373,381,382,394,395,410,415,419,423,441,444,569,637,694
40,74,80,81,82,83,85,87,88,89,90,91,92,93,94,95,96,97,98,99,100,101,102,103,106,107,109,110,111,112,114,115,117,119,120,121,122,124,125,126,127,133,136,137,138,142,143,144,149,151,152,155,157,160,165,173,174,177,180,181,184,186,187,188,189,190,193,194,197,198,200,201,205,210,215,227,228,229,230,233,235,236,237,238,245,247,248,250,252,253,257,262,264,270,274,277,281,282,283,284,290,292,295,304,306,361,367,373,375,380,384,393,394,404,415,422,423
41,28,69,77,78,80,81,82,83,86,87,88,90,92,93,94,95,96,97,99,100,101,102,105,106,107,108,110,111,112,113,114,115,116,117,119,120,124,125,126,127,128,129,131,132,133,134,135,136,137,138,139,140,141,142,144,149,150,151,153,154,157,158,159,162,163,177,182,187,188,189,191,192,193,197,200,201,202,203,204,209,212,216,218,220,221,223,226,227,230,231,233,234,235,238,240,241,244,245,248,251,253,255,257,259,261,263,264,266,272,274,284,285,294,295,299,303,314,325,340,346,364,366,368,413,414,416,421,434,438,441
42,43,78,82,85,86,87,88,89,90,92,93,94,95,98,99,101,102,103,106,107,108,111,112,114,115,116,118,119,122,123,124,125,126,127,129,130,131,132,133,134,137,138,139,142,143,144,145,146,147,148,149,153,154,155,156,157,158,159,162,163,164,171,174,175,178,180,181,183,186,187,188,189,190,192,194,197,200,204,208,210,212,214,220,221,222,223,225,227,228,230,231,233,237,240,242,244,245,246,248,256,257,258,264,265,266,268,269,270,272,273,274,275,276,277,280,282,289,296,298,301,313,332,344,346,353,361,370,389,391,412,427,459,674
43,67,75,81,84,85,86,88,89,91,92,93,94,95,96,97,98,99,100,103,104,106,107,110,111,112,113,114,116,117,118,119,120,121,122,123,125,126,127,128,129,130,135,136,139,140,142,143,144,145,146,147,148,149,151,152,154,155,156,158,161,169,180,182,183,185,187,189,191,192,193,194,196,198,199,203,212,213,216,223,224,227,230,234,235,236,237,238,239,240,241,242,246,247,249,251,255,260,261,265,266,269,270,273,279,280,281,283,285,288,289,290,291,294,296,298,299,300,301,304,305,314,316,328,330,342,373,385,416,423,440,447,453,473,681
44,52,76,80,82,84,85,92,93,95,97,98,99,100,101,102,103,105,106,108,109,110,111,112,113,114,115,119,120,121,123,124,125,126,127,128,130,131,132,133,134,135,136,137,138,139,140,141,142,143,144,147,149,151,153,154,156,158,159,160,161,162,164,167,168,171,174,177,181,185,186,188,189,190,192,193,194,199,202,203,206,207,216,217,218,219,227,228,230,231,233,234,235,236,237,239,240,242,243,244,245,247,251,252,255,256,257,260,263,265,268,269,270,274,275,276,277,280,284,289,290,293,297,303,309,312,313,317,319,321,330,331,338,343,362,404,423,466,652,687
45,2,79,83,86,89,91,92,94,96,97,98,99,100,101,102,103,104,106,107,108,109,112,114,115,116,117,118,119,121,123,124,125,126,127,130,131,132,133,134,138,139,140,143,144,145,147,148,149,150,151,153,154,158,159,161,162,163,165,170,175,182,183,186,189,190,191,192,195,196,197,198,199,200,201,202,203,208,210,211,212,213,215,216,219,222,224,225,226,227,231,232,233,236,237,239,240,241,244,248,249,251,253,255,262,264,271,273,275,276,278,289,293,303,304,307,314,322,324,328,333,348,354,359,388,393,402,423,499,631,659,695
46,76,77,80,84,86,89,90,91,92,93,94,95,96,98,99,100,102,103,104,105,106,107,109,110,111,112,113,115,116,117,118,119,120,124,125,126,127,128,130,132,133,134,135,136,138,139,140,141,142,143,144,146,147,148,149,150,151,152,153,155,160,162,163,164,165,166,172,174,181,183,184,187,189,190,191,192,195,197,198,199,202,205,209,210,211,212,214,215,216,219,227,229,230,233,235,236,237,238,239,245,258,263,277,284,308,315,338,354,365,409,419,467,470,481
47,48,64,87,91,93,94,95,96,97,98,99,100,104,105,106,108,111,113,114,116,120,121,122,123,124,125,126,127,128,129,130,131,134,135,138,140,142,143,144,145,146,148,150,152,153,155,158,161,163,164,166,169,171,173,175,177,182,184,185,186,188,189,190,191,192,193,194,195,196,198,199,200,201,202,203,208,210,213,214,218,223,224,228,231,234,235,236,238,239,242,243,246,250,254,259,260,292,300,309,394,400,449,649
48,89,90,92,93,95,97,99,100,101,102,104,105,106,107,110,112,113,114,115,117,118,119,122,123,124,126,127,128,131,133,134,135,136,137,140,142,144,145,146,147,148,149,150,151,154,162,164,165,167,171,173,179,180,183,186,192,194,195,197,198,199,200,201,205,206,207,208,209,210,211,212,213,214,217,218,220,221,222,223,224,225,227,229,231,234,236,237,238,239,242,244,246,247,248,249,251,253,256,257,259,262,268,281,287,338,339,382,385,394,409
49,73,88,92,94,95,96,99,100,102,103,106,108,109,110,111,112,113,114,115,117,118,119,120,121,122,124,125,126,127,128,129,130,133,134,136,138,139,140,142,143,144,145,146,148,149,152,154,159,161,162,163,168,171,182,184,188,189,190,191,192,193,194,196,198,201,203,205,206,209,211,212,215,217,218,219,220,221,222,223,225,231,238,239,245,250,251,252,253,255,256,259,262,263,265,266,269,275,287,288,295,299,373,375,435
50,86,91,93,95,96,97,98,99,100,102,103,105,106,107,108,111,114,115,116,117,118,119,120,121,123,125,126,128,130,134,135,136,137,138,139,140,142,144,145,146,147,148,149,151,153,154,155,157,158,159,161,162,163,164,177,178,183,186,187,188,189,191,193,194,195,196,199,201,203,206,207,208,209,210,211,212,214,215,216,218,222,228,230,231,234,236,237,242,246,247,250,252,254,256,258,262,265,268,278,279,281,286,295,299,314,320,334,433,596
51,46,87,91,93,95,97,99,100,102,104,111,113,115,117,118,121,123,124,128,135,136,137,138,144,146,147,148,149,150,151,152,153,154,156,157,159,161,162,163,169,171,172,184,185,190,192,193,195,196,197,198,201,202,204,205,208,209,211,212,213,214,215,221,223,227,229,231,236,238,240,241,243,245,249,251,253,255,257,258,264,270,272,276,279,284,286,288,295,296,309,313,322,357,370,389,395,457,459,460,530,669
52,39,95,96,97,100,103,105,106,108,109,110,111,112,113,115,117,123,127,128,129,130,131,139,140,141,143,144,149,150,154,158,160,161,162,176,184,189,191,192,196,199,200,202,204,206,207,209,210,211,217,218,219,220,222,224,225,229,233,237,243,244,245,247,250,254,257,260,266,268,271,276,277,278,279,315,318,357,434,602,616
53,52,94,96,97,98,103,105,106,107,108,109,110,111,113,114,116,118,120,121,123,124,127,131,132,133,136,137,138,139,142,147,148,150,152,155,157,161,165,167,173,175,181,187,188,191,192,198,201,203,205,207,209,210,213,215,218,219,220,224,227,232,238,246,271,277,303,313,340
54,34,95,96,99,102,103,108,112,113,114,117,121,125,126,127,129,131,132,133,137,140,141,142,143,144,145,147,149,151,152,154,155,157,159,160,161,167,169,171,172,179,185,202,209,213,240,243,245,253,255,264,351,459,501,526,538,595
55,88,90,101,107,109,112,114,118,123,124,125,127,130,132,136,137,141,144,145,147,148,150,153,155,160,161,162,163,165,178,201,204,210,211,213,214,219,229,257,266,269,309,325,327,531,605,606,639
56,100,101,103,107,108,113,114,116,117,118,119,120,125,128,129,130,134,136,137,139,140,145,146,147,150,151,152,153,158,160,170,171,172,187,193,195,207,217,280,304,359,453
57,48,102,113,115,116,118,119,120,123,125,126,133,137,139,146,147,153,156,158,159,160,162,171,174,176,181,184,186,204,416
58,118,121,122,147,159,171,172,176,179,288,431,583,611
59,151,155,157,158,179,235,331,544
60,173,288,356,603,667,687
61,264,289,316,400,560,640,641,670
62,551
63,368,465,667
64,64,333,358,375,452
65,5,75,188,376,559,649,656,661,699
66,99,169,318,521,536
67,295,421
68,9,239,575
69,
70,
71,
72,
73,
74,
75,
76,
77,
78,
79,
80,
81,
82,
83,
84,
85,
86,
87,
88,
89,
90,
91,
92,
93,
94,
95,
96,
97,
98,
