6
0,108
1,45,286,316,448,452,575,608
2,611
3,54,104,347,519,542,553,558,567,576,660
4,327,451,485
5,39,247,256,294,505,590
6,226,466,544,557,581,629,664
7,6,152,163,335,648
8,53,117,160,412,537,597,617,648
9,21,216,558,578,579,583
10,293,380,567,600,628
11,18,174,432,440,544,564,578
12,103,214,282,485,524,543,556,571,572,578,600,688
13,5,46,56,190,219,226,392,429,554,577,584,594,612,667,685
14,20,48,52,55,59,71,76,502,545,546,563,571,578,585,589,621,623
15,28,44,45,47,48,49,50,51,52,53,54,55,56,57,58,62,63,64,65,66,69,70,71,72,78,79,88,117,210,232,344,476,484,519,533,548,554,564,566,571,575,580,586,595,598,641,649,652
16,29,35,38,39,40,41,43,47,48,50,51,52,53,54,55,56,57,58,59,60,61,62,63,64,65,66,67,68,69,70,71,72,73,74,75,76,77,78,79,81,82,83,84,85,86,87,88,89,90,91,93,94,95,96,97,98,99,100,102,103,105,107,109,111,113,114,121,124,127,133,142,144,476,523,535,548,551,566,610,612,629,645,663,683
17,34,40,42,43,44,45,46,47,48,49,51,52,53,54,55,56,57,58,59,60,61,62,63,64,65,66,67,68,69,70,71,72,73,74,75,76,77,78,79,80,81,82,83,84,85,86,87,88,89,90,91,92,93,94,95,96,97,98,99,100,101,102,103,104,105,106,107,108,109,110,111,112,113,114,115,116,117,118,119,120,121,122,123,124,125,126,127,128,129,130,131,132,133,134,135,136,137,138,139,140,141,142,143,144,145,146,147,148,149,150,151,152,153,154,155,156,158,163,165,167,168,169,170,171,172,173,174,176,179,180,182,184,185,187,190,191,192,195,196,201,204,249,262,482,520,522,524,537,540,590,608,651
18,37,42,45,46,49,50,51,52,53,54,55,56,57,58,59,60,61,62,63,64,65,66,67,68,69,70,71,72,73,74,75,76,77,78,79,80,81,82,83,84,85,86,87,88,89,90,91,92,93,94,95,96,97,98,99,100,101,102,103,104,105,106,107,108,109,110,111,112,113,114,115,116,117,118,119,120,121,122,123,124,125,126,127,128,129,130,131,132,133,134,135,136,137,138,139,140,141,142,143,144,145,146,147,148,149,150,151,152,153,154,155,156,157,158,159,160,161,162,163,164,165,166,167,168,169,170,171,172,173,174,175,176,177,178,179,180,181,182,183,184,185,186,187,188,189,190,191,192,193,194,195,196,197,198,199,200,201,202,203,204,205,206,207,208,209,210,211,212,213,214,215,216,217,218,219,220,221,222,223,224,225,226,227,228,229,230,231,232,233,234,235,236,237,238,239,240,241,242,243,244,245,246,247,248,249,250,251,253,254,255,256,257,258,259,260,261,262,263,265,266,268,269,270,271,272,276,277,279,280,282,287,288,289,291,295,306,314,318,321,327,346,369,404,426,522,637
19,26,48,49,50,51,52,53,54,55,56,57,58,59,60,61,62,63,64,65,66,67,68,69,70,71,72,73,74,75,77,78,79,80,81,82,83,84,85,86,87,88,90,91,92,93,94,95,96,97,98,99,100,101,103,104,105,106,107,108,109,110,111,112,113,114,115,116,117,118,119,120,121,122,123,124,125,126,128,129,130,131,132,133,134,135,136,137,138,139,140,141,142,143,144,145,146,147,148,149,150,151,152,153,154,155,156,157,158,159,160,161,162,163,164,165,166,167,168,169,170,171,172,173,174,175,176,177,178,179,180,181,182,183,184,185,186,187,188,189,190,191,192,193,194,195,196,197,198,199,200,201,202,203,204,205,206,207,208,209,210,211,212,213,214,215,216,217,218,219,220,221,222,223,224,225,226,227,228,229,230,231,232,233,234,235,236,237,238,239,240,241,242,243,244,245,246,247,248,249,250,251,252,253,254,255,256,257,258,259,260,261,262,263,264,265,266,267,268,269,270,271,272,273,274,275,276,277,278,279,280,281,282,283,284,285,286,287,288,289,290,291,292,293,294,295,296,297,298,299,300,301,302,303,304,305,306,307,308,309,310,311,312,313,315,316,317,318,319,320,321,322,323,324,325,326,327,328,330,332,333,334,335,336,337,340,341,342,343,344,345,348,349,350,351,352,353,354,357,358,361,362,364,365,369,370,372,374,375,377,380,381,382,384,385,387,388,393,394,397,398,400,402,408,421,424,425,428,429,431,436,455,457,464,475,492,509,662
20,36,42,44,46,47,48,49,50,51,52,53,54,55,56,57,58,59,60,61,62,63,64,65,66,67,68,69,70,71,72,73,75,76,77,78,79,80,82,83,84,85,86,87,88,89,90,91,92,93,95,97,98,99,100,101,102,103,104,105,106,107,108,110,111,112,113,114,115,116,117,118,119,121,122,123,124,126,127,128,129,132,133,134,135,136,138,139,140,141,142,143,144,145,147,148,149,150,151,152,153,154,155,156,157,158,159,160,161,162,163,164,165,166,167,168,169,170,171,172,173,174,175,176,177,178,179,180,181,182,183,185,186,187,188,189,190,191,192,193,194,195,196,197,198,199,200,201,202,203,204,205,206,207,208,209,210,211,212,214,215,216,217,218,219,220,221,222,223,224,225,226,227,229,230,231,232,233,234,235,236,237,238,239,240,241,242,243,244,245,246,247,248,249,250,251,252,253,254,255,256,257,258,259,260,261,262,263,264,265,266,267,268,269,270,271,272,273,274,275,276,277,278,279,280,281,282,283,284,285,286,287,288,290,291,292,293,294,295,296,297,298,299,302,305,306,308,309,310,311,312,313,314,315,316,317,318,319,320,321,322,323,324,325,326,327,329,330,331,332,333,334,335,336,337,338,339,340,341,342,343,344,345,346,347,351,352,353,354,356,357,358,359,360,362,367,368,369,374,375,376,377,378,379,380,381,382,384,386,387,388,389,390,391,392,393,394,395,396,397,399,400,401,402,403,405,407,408,409,410,411,412,413,417,419,420,421,422,423,424,425,426,427,428,430,433,434,436,437,438,439,440,442,443,444,445,446,447,448,449,450,454,455,456,459,460,461,462,464,465,467,468,469,471,472,473,479,482,483,485,486,489,491,502,507,510,514,524,551,574
21,18,40,42,43,44,48,49,50,51,52,53,54,56,57,58,59,62,63,64,65,66,67,68,69,70,71,72,73,74,75,76,77,78,79,80,81,82,83,84,85,86,87,88,89,90,91,92,93,94,95,96,97,98,99,100,101,102,104,105,108,109,111,112,113,115,116,117,118,119,120,121,122,124,125,126,127,128,129,130,131,132,133,134,135,136,137,138,140,141,144,145,146,147,149,150,151,153,154,155,156,157,158,159,160,161,162,163,164,165,166,167,168,169,170,171,172,173,174,175,176,177,178,179,181,182,183,184,185,186,187,188,189,190,191,192,193,194,196,197,198,199,200,201,202,203,204,205,206,207,208,209,210,211,212,213,214,215,216,217,218,219,220,221,222,223,224,225,226,227,229,230,231,232,233,234,236,237,238,240,241,242,243,244,245,246,247,249,251,253,254,255,256,257,258,259,260,261,262,263,265,267,268,269,270,271,272,273,274,275,276,277,278,279,280,281,282,283,284,285,286,288,289,290,291,292,293,296,297,298,299,300,302,303,304,305,306,308,309,310,313,314,315,316,320,321,322,323,326,327,328,329,330,331,332,334,336,337,339,342,343,345,346,347,349,351,352,353,355,356,357,358,363,365,366,368,373,376,377,378,379,380,381,382,384,386,387,388,389,390,391,392,393,394,395,396,397,398,399,400,401,402,403,404,405,406,407,408,409,410,414,415,416,417,418,419,423,424,425,426,428,429,430,431,432,433,434,436,437,439,440,441,442,443,444,445,446,447,448,449,450,451,452,453,454,455,456,457,458,459,460,461,462,463,465,467,468,469,470,472,473,474,475,476,477,478,479,481,482,483,486,487,489,490,493,494,496,498,499,501,503,504,505,508,511,512,513,524,525,530,539,541,542,546,547,591
22,44,45,47,48,49,50,51,52,53,54,55,56,57,60,61,62,63,64,65,66,67,68,69,70,71,72,73,74,76,77,78,79,81,82,84,86,88,89,90,91,94,95,97,99,100,101,102,104,105,106,107,108,109,110,111,112,113,115,116,117,118,119,120,122,123,124,125,126,127,128,129,130,131,132,133,134,135,136,137,138,139,140,141,142,143,144,145,146,147,148,149,150,152,153,154,155,156,157,158,159,160,161,162,163,164,165,166,167,168,169,170,172,173,174,175,176,177,178,179,180,181,182,183,184,185,187,188,189,190,191,192,193,194,195,196,197,198,199,200,201,202,203,204,205,206,207,208,209,210,211,212,213,214,215,217,218,219,220,221,222,223,224,225,226,227,228,230,231,232,233,234,235,236,237,238,239,240,241,242,244,245,246,248,251,252,257,258,259,260,262,263,264,265,266,267,268,270,271,272,274,275,276,277,278,283,287,289,290,291,292,294,295,297,298,306,310,312,313,314,317,318,320,322,324,326,330,331,332,333,334,335,337,338,339,340,344,346,353,356,359,365,366,367,369,374,377,379,380,381,382,387,388,389,392,394,396,397,398,399,400,401,402,403,404,406,407,409,410,411,412,413,416,417,418,419,420,421,425,426,427,428,429,430,431,432,433,435,436,437,438,439,442,444,445,446,447,448,449,450,451,452,454,455,456,458,459,460,462,463,464,465,466,467,468,469,470,472,474,475,476,477,479,480,481,482,484,485,486,487,488,489,490,491,492,494,495,497,499,500,502,503,504,505,506,507,508,509,510,511,513,515,517,519,521,522,523,531,535,541,542,544,545,549,551,555,557,560,561,563,575,582,590,607,623,659
23,2,47,48,49,50,51,53,54,55,56,58,59,60,61,62,63,64,67,68,69,70,71,72,73,74,76,77,79,80,81,82,83,84,86,87,88,90,91,92,93,94,95,96,97,98,99,100,101,103,106,107,109,110,111,113,114,115,117,118,120,121,122,123,124,126,127,134,137,138,139,140,141,142,143,144,146,147,148,149,150,151,152,153,154,155,156,157,158,159,160,161,162,164,165,166,167,168,169,172,173,176,178,179,180,181,182,183,184,185,186,187,188,189,190,191,195,196,199,200,202,203,205,206,207,208,209,210,211,212,213,214,215,216,217,218,219,220,221,222,223,225,226,227,228,229,230,231,232,233,234,235,237,239,240,241,244,245,246,247,248,249,251,252,253,254,255,257,258,259,260,261,262,265,266,267,268,269,271,272,273,275,276,277,278,279,280,281,282,283,284,285,286,288,289,292,294,295,297,298,300,302,304,308,309,310,311,313,314,315,317,320,321,322,323,325,332,333,336,337,339,342,344,346,347,352,359,360,362,372,374,377,383,387,388,390,391,396,397,399,401,402,403,407,411,412,413,414,415,416,424,425,426,428,429,430,431,432,433,434,435,436,437,438,439,440,441,442,443,445,446,447,448,449,450,451,452,453,454,455,456,458,459,460,461,463,464,465,466,468,469,470,471,473,474,475,476,477,478,479,480,481,483,485,486,489,490,491,493,494,495,498,499,500,503,504,507,509,510,511,513,514,515,516,517,518,523,524,527,531,533,534,536,540,563,573,577,591,596,609,627,632
24,37,40,42,44,45,46,48,49,50,51,52,53,54,56,57,58,60,61,62,63,64,65,66,67,68,70,71,72,73,74,75,76,77,78,79,81,82,84,85,86,87,88,90,91,92,93,98,99,102,103,104,105,107,108,110,111,114,115,117,119,122,123,124,125,126,127,128,129,130,131,132,133,134,135,136,138,140,144,146,147,148,151,152,153,154,155,157,158,160,161,163,164,165,166,167,168,169,170,171,172,174,175,176,177,178,179,181,182,183,184,185,186,187,189,191,192,193,194,195,196,197,198,199,200,201,202,203,204,205,206,207,208,209,210,211,212,213,214,215,216,217,218,219,220,222,224,225,226,227,229,230,231,234,235,237,238,239,240,241,242,243,245,246,247,249,250,251,252,253,254,256,257,258,261,262,264,265,266,267,268,269,270,272,273,274,279,282,284,285,286,287,288,289,290,291,293,295,297,299,300,304,305,310,312,314,315,320,321,323,326,329,330,337,340,345,351,364,379,388,392,393,394,395,396,408,409,410,415,417,419,420,424,425,426,427,429,430,431,432,433,434,436,438,439,441,443,444,445,447,451,452,459,463,464,468,470,477,480,481,488,498,512,514,524,526,531,532,568,574,584
25,34,36,38,40,42,43,45,46,47,49,50,52,53,54,56,58,59,61,62,63,65,66,67,68,69,71,72,73,74,76,79,80,82,83,85,86,88,89,90,94,96,97,98,100,101,102,103,104,107,108,109,110,111,113,114,115,117,119,120,122,123,124,126,127,128,129,130,131,132,133,135,136,137,138,139,140,141,143,145,146,148,150,151,152,153,157,158,159,160,161,162,163,164,165,167,168,169,170,171,172,173,174,175,176,177,179,180,183,184,185,186,188,189,190,191,192,193,194,195,196,198,199,200,201,202,203,204,205,206,207,208,209,210,212,214,215,216,219,220,222,224,225,226,227,228,229,231,234,235,236,239,240,241,242,252,253,254,258,259,261,264,267,270,276,284,290,292,298,301,303,309,311,318,326,333,335,336,344,345,355,356,358,386,390,392,404,405,411,414,415,417,419,420,421,423,425,426,432,433,434,435,436,437,442,444,445,446,447,448,449,451,452,453,454,456,457,458,462,463,465,466,468,471,472,473,474,478,481,483,487,491,492,495,497,503,510,511,514,515,517,520,523,530,533,547,552,559,599,638,639,667
26,18,27,28,35,36,40,42,43,44,45,47,48,50,52,53,55,56,59,61,62,63,70,71,73,75,76,77,79,80,81,82,84,86,89,90,91,92,93,94,95,96,97,98,99,100,102,103,104,105,106,111,112,117,119,125,127,128,130,132,133,134,136,138,139,140,142,143,144,145,148,149,153,155,157,160,161,162,163,164,166,168,170,172,173,176,179,180,181,183,184,185,186,187,188,189,192,193,195,196,197,207,209,210,212,213,214,215,216,217,218,221,222,223,225,227,230,231,232,234,236,237,239,240,241,244,246,252,253,254,255,259,260,262,264,265,268,269,270,272,273,275,281,282,286,287,291,292,296,309,312,336,337,341,342,351,378,397,410,412,420,421,422,423,424,429,434,438,439,443,448,450,455,461,468,477,478,487,496,530,534
27,33,45,47,49,50,53,56,64,65,68,72,76,78,84,100,117,123,124,125,128,133,135,136,144,159,160,162,163,166,170,171,175,177,179,180,181,184,187,189,192,196,201,205,206,207,209,213,214,218,220,225,232,243,244,252,256,259,277,280,298,317,330,389,506
28,20,88,287,624
29,22
30,423,613,698
31,31
32,116,439
33,5,537,641,699
34,33,378
35,628,682
36,9,28,257,666
37,166,205
38,49,250,387,402,476,554,561
39,73,108,228,292,408,575
40,56,70,141,289,488,519,531,559,564,566,577,580,589,602,607,679,695
41,31,34,165,369,412,577,636
42,141,250,466,504,534,539,558,573,579
43,444,539,544,566,571,576,698
44,283,476,557,583,676
45,331,577,643,671
46,438
47,3,112,205,220,490,595,656
48,122,163,287,319,458,573,671,695
49,598,640,665
50,591,695
51,16,58,284,286,422
52,28,157,212,299,376,526
53,20,128,396,547,554
54,675
55,33,251,264,265,279,332,399,543,612,614
56,12,121,222,325,509,635
57,195,201
58,177,298
59,274,281,313,358,456,496,509
60,73,214,465,650,651,695
61,87,239,241,290,374,447,452,470
62,190,248,355,435,619
63,138,301,511
64,78,237,262,402,426
65,74,104,113,327,437,443
66,70,229,265,430,646,674
67,37,48,88,117,164,307,429,502,553
68,
69,
70,
71,
72,
73,
74,
75,
76,
77,
78,
79,
80,
81,
82,
83,
84,
85,
86,
87,
88,
89,
90,
91,
92,
93,
94,
95,
96,
97,
98,
