14
0,641
1,110,113,219,274,305,362,403,518,658
2,444,487,593
3,70,130,428,433,611,690
4,122,415,430,470,598
5,27,144,190,274,498,543
6,202,310,340,565,584
7,11,49,114,198,405,536
8,209,332,405,580
9,145,224,304,396,546,659,673,687
10,15,63,267,582,634,650
11,548
12,28,401,424,435
13,87,150,169,181,281,322,457,515,648,654
14,194,218,304,379,632,645
15,76,259,294,390,454
16,76,81,84,86,87,88,89,90,91,92,93,94,95,96,97,98,100,103,107,110,309,367,436,530,644
17,67,68,74,75,80,81,83,84,85,86,87,88,89,90,91,92,93,94,95,96,97,98,99,100,101,102,103,104,105,106,107,108,109,110,111,112,113,114,115,116,117,118,120,123,124,125,126,128,130,135,157,271,286,520
18,28,37,66,74,78,80,81,82,83,84,85,86,87,88,89,90,91,92,93,94,95,96,97,98,99,100,101,102,103,104,105,106,107,108,109,110,111,112,113,114,115,116,117,118,119,120,121,122,123,124,125,126,127,128,129,130,131,132,133,134,135,136,137,138,139,140,141,142,143,144,145,146,147,149,150,151,152,153,154,156,157,158,159,160,161,162,163,165,166,167,168,169,170,171,172,173,174,175,176,179,180,181,182,183,184,185,186,187,188,189,190,191,192,194,197,198,199,200,201,203,205,214,215,223,312,575,653
19,62,76,80,81,82,83,84,85,86,87,88,89,90,91,92,93,94,95,96,97,98,99,100,101,102,103,104,105,107,108,109,110,111,112,113,114,115,116,118,119,120,121,122,123,124,125,126,127,128,129,130,131,132,133,134,135,136,137,138,139,140,141,142,143,144,145,146,147,148,149,150,151,152,153,154,155,156,157,158,159,160,161,162,163,164,165,166,167,168,169,170,171,172,173,174,175,176,177,178,179,180,181,182,183,184,185,186,187,188,189,190,191,192,193,194,195,196,197,198,199,200,201,202,203,204,205,206,207,208,209,210,211,212,213,214,215,216,217,218,219,220,221,222,223,224,225,226,227,228,229,230,231,232,233,234,235,236,237,238,239,240,241,242,243,244,245,246,247,248,249,250,251,252,253,254,255,256,257,258,260,261,262,264,265,266,269,270,271,272,273,274,275,276,277,278,279,281,282,285,286,287,288,290,291,292,294,295,296,298,299,301,302,303,305,313,314,315,319,320,322,325,328,330,367,488,556,610
20,68,77,80,81,82,83,84,85,87,88,89,91,92,93,94,95,96,97,98,99,100,101,102,103,104,105,106,107,108,109,110,111,112,113,114,115,116,117,118,119,120,121,122,123,124,125,126,127,128,129,131,132,133,134,135,136,137,138,139,141,142,143,144,145,146,147,148,149,150,151,152,153,154,155,156,157,158,159,160,161,162,163,164,165,166,167,168,169,170,171,172,173,174,175,176,177,178,179,180,181,182,183,184,185,186,187,188,189,190,191,192,193,194,195,196,197,198,199,200,201,202,203,204,205,206,207,208,209,210,211,212,213,214,216,217,218,219,220,221,222,223,224,225,226,227,228,229,230,231,232,233,234,235,236,237,238,240,241,242,243,245,246,247,248,249,250,251,252,253,254,255,256,257,258,259,261,262,263,264,265,266,267,269,271,272,277,278,281,282,284,285,287,289,290,292,293,294,295,297,298,302,305,310,314,319,336,337,345,346,350,362,380,390,394,402,410,479,589,600,612
21,9,44,66,79,80,81,82,83,84,85,86,87,88,89,90,91,92,93,94,95,96,97,98,99,100,101,102,103,104,105,106,107,108,109,110,111,112,113,114,115,116,117,118,119,120,121,122,123,124,125,126,127,128,129,130,131,132,133,134,135,137,138,139,140,141,142,143,144,146,147,148,149,150,151,152,153,154,155,156,157,158,159,160,161,162,163,164,165,166,167,168,169,170,171,172,173,174,175,176,177,178,179,180,181,182,183,184,185,186,187,188,189,190,191,192,193,194,195,196,197,198,199,200,201,202,203,204,205,206,207,208,209,210,211,212,213,214,215,216,217,218,219,220,221,222,224,225,226,227,228,229,230,231,232,233,235,237,238,239,240,242,243,245,246,247,248,249,251,252,253,254,257,260,261,262,264,272,273,274,275,277,278,281,282,288,290,291,295,302,306,307,313,325,326,329,330,336,348,353,357,366,420,450,554,626
22,48,79,80,81,82,83,84,85,86,87,88,89,90,91,92,93,94,95,96,97,98,99,101,102,103,104,105,106,107,108,109,110,111,112,113,114,115,116,117,118,119,120,121,122,123,124,125,126,127,128,129,130,131,132,133,134,136,137,138,139,140,141,142,143,144,145,146,149,150,152,153,154,155,156,157,158,159,160,161,163,164,165,166,167,168,169,170,171,172,173,174,175,176,178,179,181,182,183,184,186,187,188,189,190,191,192,193,194,195,196,198,199,200,201,202,203,204,205,206,207,208,209,210,211,212,213,214,215,216,217,218,219,220,221,222,223,224,225,227,229,230,231,232,234,235,236,237,238,239,240,241,242,243,244,245,246,249,250,254,255,256,257,258,259,261,262,264,265,267,268,269,270,274,275,277,278,279,280,285,287,288,290,293,296,299,300,301,304,305,310,312,313,321,322,351,352,366,367,394,460,489,510,582,621
23,73,75,76,77,78,79,80,81,82,83,84,85,86,87,88,89,90,91,92,93,94,95,96,97,98,99,100,103,104,105,106,107,108,109,110,111,112,113,114,115,116,117,118,120,121,122,123,124,126,127,128,129,130,131,132,133,134,135,136,137,138,139,140,141,142,143,144,145,146,147,148,149,150,151,152,153,156,157,158,159,160,162,163,165,166,167,168,169,170,171,172,173,174,175,176,177,178,179,180,181,182,183,184,185,186,187,188,189,190,191,192,193,194,195,196,197,198,199,200,201,202,203,204,205,206,207,208,209,210,211,212,213,214,215,216,217,219,220,221,222,223,224,225,226,227,228,229,230,232,233,234,235,237,240,241,244,246,247,249,251,253,254,255,256,257,260,262,263,264,265,267,268,269,271,273,274,275,277,278,279,280,281,283,284,287,290,292,294,296,298,301,306,307,308,310,311,313,315,319,323,328,329,339,351,368,369,382,385,394,396,489
24,25,40,49,65,71,73,76,81,82,83,84,85,86,87,88,89,90,91,92,93,94,95,96,97,99,100,101,102,103,104,105,106,107,108,109,110,111,112,113,114,116,117,118,119,120,121,122,123,124,125,126,127,128,129,130,131,132,133,134,135,136,137,138,139,140,141,142,143,144,145,146,148,149,150,151,152,153,155,157,158,159,160,161,162,163,164,165,166,169,170,172,173,177,178,179,180,181,183,184,185,186,187,188,189,190,191,192,193,194,195,196,197,198,199,200,201,202,203,204,205,207,209,211,212,214,218,219,221,222,223,225,226,227,229,231,232,233,234,235,236,238,239,241,242,243,246,249,250,251,254,255,256,257,259,260,261,262,263,264,265,266,269,270,271,274,275,276,278,280,283,284,285,286,287,288,297,303,304,306,309,310,313,315,316,318,321,322,323,324,325,328,332,333,334,337,338,339,343,344,346,350,359,372,383,393,400,410,422,447,459,532,564,623,660
25,69,75,76,78,79,80,82,83,84,86,87,88,89,90,91,92,93,94,95,96,97,98,99,100,101,102,103,104,105,107,109,110,111,112,113,114,116,117,118,119,121,122,123,124,125,126,127,129,130,132,134,135,136,137,138,139,140,141,142,143,144,145,146,147,148,149,150,151,152,153,154,156,157,158,159,161,162,163,164,165,166,167,168,169,170,171,172,173,174,175,176,178,179,180,181,182,183,184,185,186,187,188,189,190,191,192,193,194,196,197,198,200,201,202,203,204,205,206,207,208,209,210,211,212,213,214,215,217,221,222,223,224,225,226,227,228,229,230,231,232,233,234,235,236,237,238,239,240,242,243,244,245,246,249,250,252,253,254,257,259,262,264,266,267,268,269,272,274,277,279,281,282,283,286,288,289,290,291,295,297,300,304,307,310,312,314,315,316,318,329,332,339,348,365,381,383,385,394,408,441,454,602
26,17,70,71,79,80,81,82,83,84,85,86,87,88,89,90,91,92,93,94,95,96,97,98,99,100,101,103,104,105,106,107,108,109,110,111,112,113,115,116,117,118,120,121,123,124,125,126,127,128,129,131,132,133,136,137,138,139,140,141,142,143,144,145,147,148,149,150,152,153,154,155,156,157,159,160,161,162,163,164,165,166,167,168,169,171,172,174,175,176,177,178,179,180,181,182,183,184,186,187,188,189,190,191,193,194,195,197,198,199,200,201,202,203,204,205,206,207,208,209,210,212,213,214,216,218,219,220,221,223,225,226,227,228,229,231,233,234,235,238,239,241,242,243,244,245,247,249,250,252,253,258,259,260,261,263,267,271,272,274,275,276,280,281,282,283,286,287,289,293,294,295,296,301,305,307,310,311,312,316,319,323,326,327,340,356,357,372,392,404,430,432,508,626
27,68,71,75,78,80,81,82,83,84,86,87,88,89,90,91,92,93,94,95,96,97,98,99,100,101,102,105,106,107,108,109,110,112,114,115,116,117,119,120,122,123,124,125,126,127,128,130,131,132,133,134,135,136,137,138,139,140,142,143,145,146,147,148,149,150,151,152,153,154,155,156,157,158,160,161,162,163,164,167,169,170,172,174,176,177,178,180,181,182,183,184,185,186,187,188,189,190,191,192,193,194,196,197,198,199,200,201,202,203,204,205,206,207,208,209,210,213,214,215,216,217,218,219,220,221,223,224,228,232,234,237,239,240,241,242,248,249,251,257,258,260,261,263,264,265,266,267,269,273,274,276,278,279,280,284,285,288,294,296,297,299,300,308,309,319,330,333,336,344,354,356,360,364,402,417,502
28,70,74,75,79,82,83,84,85,86,87,88,89,90,91,92,93,94,95,96,98,99,100,101,102,103,104,105,106,107,108,109,110,111,112,113,114,115,116,117,118,119,120,121,122,123,124,125,126,127,128,131,132,133,134,135,137,138,139,140,141,142,144,145,146,148,149,151,152,153,154,155,157,159,161,162,163,164,166,167,169,171,172,173,174,175,176,177,178,179,180,181,183,184,185,186,187,188,190,192,193,194,195,196,197,198,199,200,202,205,206,207,208,209,210,211,212,213,214,215,216,217,219,220,221,222,224,226,227,228,230,232,233,234,235,236,238,241,244,245,246,247,248,250,252,253,254,255,256,257,261,262,264,265,268,269,272,274,276,277,283,288,289,291,293,294,295,306,307,308,312,319,321,322,324,339,357,399,492,692
29,67,74,77,78,79,82,83,85,86,87,89,90,91,92,93,94,95,97,100,102,103,104,105,106,107,108,109,110,111,112,113,114,115,116,117,119,120,121,123,124,125,126,128,130,131,134,137,139,140,141,143,144,145,146,147,149,150,151,152,153,154,155,156,158,159,160,162,163,164,165,167,168,170,171,173,174,175,177,178,179,180,181,182,183,184,185,187,188,189,191,193,195,197,198,199,200,201,203,204,205,206,207,213,214,217,218,219,220,221,223,225,226,227,229,230,232,233,234,236,237,238,239,241,243,244,246,247,248,249,252,255,257,258,259,261,262,266,267,268,270,271,272,273,276,277,278,279,282,283,284,285,286,291,294,297,300,313,314,315,320,324,327,329,332,339,348,359,368,374,377,670,685
30,55,69,71,72,74,78,79,81,82,84,85,86,88,89,90,91,92,93,94,95,96,97,98,99,100,101,103,104,105,106,107,108,109,110,111,114,115,116,117,118,119,121,122,123,124,125,126,127,128,129,130,131,132,133,134,135,136,137,138,139,141,143,144,145,146,147,148,149,150,151,152,153,156,158,161,163,164,166,168,169,170,171,172,173,174,176,177,180,182,183,184,186,187,188,189,190,191,192,193,194,195,196,197,198,199,201,202,203,204,205,207,208,209,210,212,213,214,215,216,217,218,220,222,224,225,228,229,231,232,233,234,235,236,237,238,239,240,242,243,244,246,248,249,251,252,255,257,259,261,263,264,265,269,270,271,273,279,280,281,285,286,289,292,293,294,298,300,302,306,307,314,315,318,320,324,325,326,327,330,335,337,341,342,346,349,357,358,362,363,375,378,430,449,632,669
31,86,87,88,89,90,94,95,97,98,99,100,101,102,105,106,107,108,109,110,112,113,114,115,116,117,118,119,122,123,125,126,127,128,129,130,131,132,135,136,138,139,141,142,143,144,145,146,147,148,149,150,152,154,155,156,157,158,160,162,163,164,166,167,169,170,171,172,173,174,175,176,177,178,179,180,181,182,184,185,186,187,188,189,191,192,194,196,197,198,199,200,201,202,203,204,205,206,207,208,210,211,214,215,218,220,221,222,223,224,225,226,227,228,229,231,234,238,239,243,246,247,248,251,252,253,255,256,257,259,261,263,265,266,268,274,275,276,277,280,286,287,288,289,290,291,293,294,297,300,302,303,304,310,313,316,321,324,331,335,336,338,346,348,352,359,362,381,670,679
32,37,81,86,90,91,93,94,95,96,97,98,99,100,101,102,103,104,106,107,108,109,111,112,113,114,115,116,118,119,120,121,122,123,124,126,127,128,130,131,133,134,136,137,138,140,141,142,146,148,150,152,154,155,156,158,159,161,162,163,164,166,170,171,172,173,175,177,179,181,182,183,184,185,186,189,190,191,192,193,194,195,196,200,201,202,203,204,205,206,207,208,210,211,213,214,215,217,219,220,221,222,223,225,226,227,228,229,230,231,232,233,234,235,236,237,238,239,240,241,242,243,244,245,246,247,249,250,251,254,258,260,261,263,265,267,268,269,271,272,273,275,278,283,286,289,294,296,297,299,300,302,308,309,311,314,317,318,322,326,327,338,348,357,384,391,409,450,549,590
33,14,74,77,85,87,89,90,91,92,95,96,97,98,99,100,101,102,103,104,105,106,107,109,110,112,113,114,115,116,118,119,120,122,123,124,125,126,128,129,130,131,132,133,135,136,137,140,141,143,145,146,147,152,153,154,157,158,159,161,162,163,165,167,169,170,171,174,178,180,182,184,185,186,187,188,189,190,191,192,193,196,197,198,199,200,201,202,203,204,205,206,207,208,209,210,211,212,213,214,215,216,217,218,219,220,221,222,223,224,225,226,227,228,229,230,231,236,237,238,239,242,243,244,245,246,247,249,250,252,253,254,255,256,259,260,261,263,264,265,266,267,269,270,271,273,278,279,281,282,283,284,285,287,289,291,292,293,294,295,296,297,299,300,304,305,307,308,309,314,317,321,325,327,328,331,332,336,338,344,350,351,352,353,362,382,386,391,392,398,401,403,412,419,441,453,454,463,514,536
34,79,80,86,90,91,92,94,97,98,99,100,101,102,105,110,111,114,116,117,118,119,120,121,122,124,127,128,129,130,132,134,135,136,139,142,146,148,153,155,157,159,162,165,166,168,170,175,176,178,180,182,184,185,186,187,188,189,190,191,194,196,198,199,200,202,203,205,207,208,209,210,211,212,213,214,215,216,217,218,220,221,222,223,224,225,226,227,228,229,230,231,232,233,235,236,237,238,241,242,244,245,246,247,248,249,250,251,253,254,255,256,257,258,259,260,262,263,264,265,267,268,270,271,272,273,275,276,278,279,280,282,283,285,286,287,288,289,290,291,292,294,296,297,298,299,301,302,303,304,305,310,311,312,313,315,316,317,318,319,320,321,324,327,330,331,332,334,336,337,338,341,344,347,348,354,358,362,366,375,378,381,383,386,399,403,427,432,450,458,563
35,75,82,84,86,88,89,91,92,93,96,98,102,103,104,105,106,107,108,109,114,117,118,120,121,122,129,131,132,134,135,136,137,138,139,140,141,143,144,145,146,147,148,151,152,153,155,156,157,160,161,162,167,168,172,173,180,181,182,183,184,185,186,188,190,191,192,193,194,195,196,197,199,201,202,203,204,205,206,207,208,209,210,212,213,214,215,216,218,219,220,222,223,225,226,227,228,230,231,233,234,235,237,238,239,241,242,243,244,246,247,248,249,250,252,253,254,255,256,257,258,260,261,262,263,264,265,266,267,268,269,271,275,277,278,284,285,286,287,288,289,290,291,293,295,296,297,299,300,301,302,303,304,305,306,307,308,309,310,312,313,314,315,317,318,319,320,322,323,324,326,327,328,333,334,336,338,339,340,345,346,347,349,350,351,352,353,354,356,357,358,360,361,366,370,373,375,376,377,379,382,383,386,387,388,392,393,394,401,404,406,409,415,417,434,435,436,440,456,511,532,608,636
36,17,80,86,87,88,89,90,93,94,96,99,100,101,102,104,105,107,111,113,116,118,119,120,121,124,125,132,133,135,137,138,139,141,142,148,149,155,156,158,160,162,165,168,169,171,175,176,178,184,186,187,191,192,193,194,195,196,197,198,200,203,204,206,207,209,213,214,215,216,219,220,221,223,224,225,227,228,231,233,234,235,238,240,246,248,249,250,254,255,257,258,259,260,264,266,269,270,271,272,273,274,275,276,278,279,281,283,284,288,291,292,293,296,297,298,299,304,305,306,307,308,309,310,311,312,313,315,319,323,324,326,327,328,329,330,331,332,334,338,346,347,348,349,351,359,364,365,366,372,375,378,379,384,386,395,396,402,405,410,411,416,417,418,423,438,455,468,479,505,517,636,647
37,79,81,82,83,86,88,91,94,96,97,99,101,102,103,106,107,108,109,110,111,112,117,118,120,125,126,127,131,133,135,137,138,139,140,141,142,145,146,149,151,158,159,160,161,167,172,173,174,175,176,177,178,179,181,182,183,184,185,188,194,197,202,204,205,212,213,214,215,216,218,219,221,223,225,226,227,228,229,239,240,242,243,244,246,247,248,249,250,253,255,257,258,259,262,272,281,282,286,287,288,294,298,306,307,308,312,313,318,320,323,331,335,357,365,368,373,375,384,389,396,408,411,419,430,439,440,481,539,547
38,35,77,81,82,83,85,86,87,88,91,94,95,98,99,101,102,103,104,106,107,108,109,110,111,112,114,118,119,122,123,124,125,131,135,138,140,141,144,148,149,153,154,160,162,166,174,179,180,184,186,188,189,193,198,199,201,202,205,206,216,218,221,224,227,228,232,234,240,243,250,253,255,256,257,259,260,262,264,265,268,269,270,271,272,273,279,283,287,294,295,299,305,306,307,311,312,325,331,336,356,361,365,368,381,386,387,391,393,394,398,400,401,402,409,410,413,417,420,437,446,450,490
39,16,52,77,81,84,86,87,88,89,90,91,92,93,94,95,96,97,98,102,103,105,106,107,109,110,111,114,115,116,117,124,127,128,130,131,134,135,136,141,142,144,146,150,151,160,168,170,174,177,179,182,184,185,186,187,189,190,192,195,196,198,200,204,205,215,216,218,219,221,222,228,230,232,234,236,237,241,242,244,246,250,251,254,255,259,267,268,280,281,282,290,291,296,316,317,323,326,327,328,329,341,349,353,356,357,362,364,368,372,377,388,393,398,406,409,412,413,415,424,435,454,548
40,60,81,83,84,85,86,87,88,90,91,92,95,98,99,101,102,104,105,107,108,109,110,111,116,117,118,121,122,127,128,129,130,131,132,133,135,137,138,139,140,141,143,145,148,158,159,160,162,165,169,173,174,175,176,178,183,187,191,195,197,202,204,210,216,219,223,224,225,227,228,229,230,231,235,236,237,241,242,243,245,251,256,259,264,267,271,273,281,282,289,295,300,306,309,315,320,326,333,345,353,356,362,368,374,379,380,397,400,401,421,428
41,30,78,82,83,86,88,89,90,91,92,93,95,96,97,98,100,103,105,106,108,111,112,113,117,119,122,124,125,130,131,133,134,137,138,139,140,141,142,143,146,148,149,151,152,153,155,158,162,163,166,171,173,176,180,183,184,185,187,188,189,194,197,198,201,203,204,205,207,208,212,218,220,224,229,232,233,234,237,239,242,244,246,250,251,255,259,262,266,269,271,273,274,277,279,281,285,290,291,292,296,304,305,308,320,323,324,343,345,352,366,367,369,372,373,378,386,387,394,395,396,404,406,409,411,460,626
42,27,76,81,82,84,86,88,90,91,93,94,95,97,98,99,100,101,102,103,105,108,109,111,114,115,116,125,126,127,130,132,133,135,137,139,140,145,146,148,151,154,155,157,160,168,170,183,185,187,191,196,201,202,204,206,208,209,211,212,217,219,220,221,222,225,226,228,229,231,232,235,236,238,239,240,242,243,247,255,257,259,262,263,264,267,268,271,272,275,280,283,284,287,289,290,292,293,296,297,302,305,306,307,308,320,340,342,348,349,353,354,355,357,359,361,363,364,368,372,375,382,383,571,674
43,11,63,77,80,83,84,86,89,90,91,94,96,98,100,102,104,105,106,108,110,111,113,114,115,116,117,120,121,122,123,124,125,127,128,129,131,132,137,138,139,149,150,151,153,156,158,164,171,175,176,177,181,183,188,192,193,196,198,199,200,203,208,209,210,215,217,218,223,226,230,231,232,233,234,236,238,239,240,243,244,246,247,248,249,250,251,252,253,255,256,258,259,260,261,262,263,264,265,267,270,271,295,297,298,300,305,306,308,326,329,330,332,334,341,344,350,355,361,363,368,393,401,410,423,608
44,83,84,86,87,89,90,92,93,96,97,98,99,101,102,103,104,105,106,108,109,110,111,113,114,115,117,119,120,121,122,123,125,128,129,132,133,136,142,143,144,146,147,150,152,154,156,161,162,165,166,169,170,171,176,185,187,188,189,198,201,202,204,205,206,216,217,218,222,223,234,235,236,237,238,239,245,246,248,249,252,253,255,256,257,260,262,263,264,267,271,272,274,277,280,281,285,286,288,293,294,295,296,299,306,312,319,321,323,325,338,339,340,341,347,348,358,362,363,374,380,389,414,423,525,640
45,73,75,77,81,84,87,88,89,91,92,93,94,95,96,98,99,100,101,103,104,105,106,107,110,111,112,113,114,115,116,117,118,119,120,121,123,124,125,129,132,133,134,138,140,141,142,143,146,147,150,155,157,158,159,160,162,163,166,168,170,175,182,184,191,192,193,195,196,198,199,200,204,206,210,212,213,222,223,225,233,240,242,245,247,248,251,253,255,257,260,261,266,271,276,277,278,279,282,286,292,293,295,298,299,305,308,310,312,315,317,327,328,336,337,341,342,344,345,352,355,357,359,362,412,553,640
46,50,76,81,84,87,89,90,91,92,93,94,95,97,98,99,100,101,102,103,104,106,108,110,111,113,116,119,121,122,123,124,126,128,129,130,134,135,138,140,141,142,144,145,147,148,149,153,156,157,158,161,162,163,166,168,169,183,185,186,187,188,189,193,203,205,207,208,209,210,213,214,215,218,219,232,233,235,236,239,242,246,251,254,255,264,265,271,272,274,275,276,278,290,295,296,302,308,322,333,335,337,348,356,359,365,397,398,445,455,610
47,24,71,79,81,86,89,90,91,92,93,94,95,96,97,99,100,101,105,106,108,109,110,111,114,115,116,117,118,119,120,121,122,123,124,125,130,131,134,135,136,138,143,145,151,152,154,156,158,159,161,162,163,166,167,170,181,184,187,188,192,194,195,196,200,202,203,204,206,219,224,226,229,238,247,252,254,256,257,258,262,263,267,268,277,281,282,285,294,297,302,304,313,318,331,336,355,370,451,480,498,556,606
48,84,87,90,92,93,94,95,98,104,107,109,110,111,113,114,115,116,117,118,119,120,121,123,125,126,127,129,134,137,140,141,143,146,153,154,156,161,162,163,164,167,171,175,179,183,185,190,192,208,212,213,216,226,228,233,248,252,253,254,256,264,265,275,276,277,279,280,296,311,314,341,358,365,427,630
49,10,84,85,89,92,95,97,98,99,102,103,104,106,109,111,112,113,114,115,117,118,121,122,123,124,125,126,128,129,130,131,133,134,136,137,144,145,147,150,155,156,158,161,167,169,188,190,196,197,198,199,203,204,210,221,224,227,231,233,238,241,251,253,263,264,267,272,274,292,294,303,304,307,318,321,323,327,329,332,339,369,374,417,474,536
50,68,90,94,96,97,100,101,103,108,109,111,112,113,115,119,120,121,122,123,124,125,126,127,128,131,134,137,139,143,144,151,152,153,155,158,160,161,163,165,166,167,170,182,183,192,198,200,205,211,222,227,229,230,233,235,236,240,241,250,263,266,275,284,295,299,300,314,322,334,393,463,501,537
51,97,98,99,102,105,107,113,116,117,118,121,122,123,125,127,128,129,131,135,137,139,144,145,146,149,153,154,155,156,158,159,160,161,164,167,171,196,209,218,223,229,231,244,247,295,296,344,352,372,469,539,565,614,645
52,89,93,94,103,112,113,116,118,119,120,125,136,137,140,141,142,145,153,157,166,169,170,172,173,174,175,177,194,199,212,219,220,227,235,297,459,609,619,664
53,28,121,124,130,142,151,157,165,237,414,547
54,25,83,546,579,671,678,691
55,63,375
56,103,367,556,653
57,52,503,596,676
58,3,53,370,418,471,531,603,681
59,329,398,403,499
60,7,159,501
61,
62,6,46,443,464,538
63,
64,
65,
66,
67,
68,
69,
70,
71,
72,
73,
74,
75,
76,
77,
78,
79,
80,
81,
82,
83,
84,
85,
86,
87,
88,
89,
90,
91,
92,
93,
94,
95,
96,
97,
98,
