10
0,12
1,58,75,178,341,494,536,558,598
2,54,67,69,71,72,73,74,75,77,78,80,81,83,84,86,88,89,92,105,179,306,525,600,610
3,66,68,70,71,72,73,74,75,76,77,78,79,80,81,82,84,85,86,87,88,89,90,91,92,93,94,96,97,98,99,106,154,242,272,394,684
4,49,59,63,65,67,68,69,70,71,72,73,74,75,76,77,78,79,80,81,82,83,84,85,86,87,88,89,90,91,92,93,94,95,96,97,98,99,100,101,102,103,104,105,106,107,108,109,110,111,112,113,114,115,116,117,118,119,121,124,127,128,131,134,135,151,161,175,211,225,262,504,644,671,699
5,12,62,64,65,66,68,69,70,71,72,73,74,75,76,77,78,79,80,81,82,83,84,85,86,87,88,89,90,91,92,93,94,95,96,97,98,99,100,101,102,103,104,105,106,107,108,109,110,111,113,114,115,116,117,118,119,120,121,122,123,124,125,126,127,128,129,130,131,132,133,134,135,136,137,138,139,140,141,142,143,144,145,146,147,148,149,150,151,152,153,154,155,156,157,158,159,160,161,162,163,164,165,166,167,168,169,170,171,172,173,174,175,176,177,178,179,180,181,182,183,184,185,186,187,188,189,190,191,192,193,196,197,198,199,201,202,203,204,205,206,208,209,212,213,215,217,218,219,220,221,222,226,227,229,230,231,232,235,237,240,249,251,253,254,255,258,259,260,263,265,266,396,628
6,49,63,66,67,68,69,71,72,73,74,75,76,77,78,79,80,81,82,83,84,85,86,87,88,89,90,91,92,93,94,95,96,97,98,99,100,101,102,103,104,105,106,107,108,109,110,111,112,113,114,115,116,117,118,119,120,121,122,123,124,125,126,127,128,129,130,131,132,133,134,135,136,137,138,139,140,141,142,144,145,146,147,148,150,151,152,153,155,156,157,158,159,160,161,162,163,164,165,166,167,168,169,170,171,172,173,174,175,176,177,178,179,180,181,182,183,184,185,186,187,188,189,190,191,192,193,194,195,196,197,198,199,200,201,202,203,204,205,206,207,208,209,210,211,212,213,214,217,218,219,220,221,222,224,226,229,230,231,232,234,236,238,239,241,243,245,246,247,248,249,251,253,254,255,259,260,263,264,265,266,273,275,279,286,295,297,315,330,419,669
7,61,62,63,65,66,67,68,69,70,71,72,73,74,75,76,77,78,79,80,81,82,83,84,85,86,87,88,89,90,91,92,93,94,95,96,97,98,99,100,101,102,103,104,105,106,107,108,109,110,111,112,113,114,115,116,117,118,119,120,121,122,123,124,125,126,127,128,129,130,131,132,133,134,135,136,137,138,140,141,142,143,144,145,146,147,148,149,150,151,152,153,154,155,156,157,158,160,161,163,164,165,166,167,168,169,170,171,172,173,174,175,176,177,178,179,181,182,183,184,185,186,187,188,189,190,191,192,193,194,195,196,197,200,201,202,203,204,206,207,208,209,210,211,212,213,214,215,216,217,218,221,222,224,225,226,227,228,229,230,231,232,233,234,235,236,237,238,239,240,243,244,245,247,248,250,251,253,255,256,257,258,259,261,263,265,266,271,272,278,282,284,285,286,288,289,292,309,335,342,347,348,363,366,390,412,450,494,510,612,633,682
8,63,66,67,68,69,70,71,72,73,74,75,76,77,78,79,80,81,82,83,84,85,86,87,88,89,90,91,92,93,94,95,96,97,98,99,100,101,102,103,104,105,106,107,108,109,110,111,112,113,114,115,116,117,118,119,120,121,122,123,124,125,126,127,128,129,130,131,132,133,134,135,136,137,138,139,140,141,142,143,144,145,146,147,148,149,150,152,153,154,155,156,157,158,159,160,161,162,163,164,165,166,167,168,169,170,171,172,173,174,175,176,177,178,179,180,181,182,183,184,185,186,187,188,189,190,191,192,193,194,195,196,197,198,199,200,201,202,203,204,205,206,207,208,209,210,211,212,213,214,215,217,218,219,220,222,223,224,225,226,227,229,232,233,234,236,237,239,240,241,242,243,245,246,247,248,249,252,253,254,256,263,264,265,266,274,275,280,282,290,298,300,302,305,306,309,314,318,321,324,325,326,349,383,435,446,457,679
9,60,65,66,69,70,71,73,74,75,76,77,78,79,80,81,82,83,84,85,86,87,88,89,90,91,92,93,94,95,96,97,98,99,100,101,102,103,104,105,108,109,110,111,112,113,114,115,116,117,118,119,120,121,122,123,124,125,126,127,128,129,130,131,132,133,134,135,136,137,138,139,140,141,142,143,144,145,146,147,148,149,150,151,152,153,154,155,158,160,161,162,163,164,165,166,167,168,169,170,171,172,173,174,175,176,177,178,179,180,181,182,183,184,185,186,187,188,190,191,192,194,195,196,197,198,200,201,202,203,204,205,206,207,208,209,210,211,212,213,214,215,217,218,220,221,222,223,224,225,226,227,228,229,230,231,233,234,239,241,244,245,247,249,250,251,252,253,257,259,261,265,269,271,274,276,278,280,283,285,289,292,295,296,297,301,308,314,315,318,319,320,346,437
10,1,56,63,65,70,71,72,73,74,75,76,77,79,80,81,82,83,84,85,86,87,88,89,90,91,93,94,95,96,97,98,99,100,101,102,103,104,105,106,107,108,109,110,111,112,113,114,115,116,117,118,119,120,121,122,123,125,126,127,128,129,130,131,132,133,134,135,136,137,138,140,141,142,143,144,145,146,147,148,149,150,151,154,155,156,157,158,159,160,161,162,163,164,165,166,167,168,169,170,171,172,173,174,175,176,177,178,179,180,181,182,183,184,185,186,187,188,189,190,191,192,193,194,195,197,198,199,200,201,202,203,204,205,206,207,208,209,210,211,212,213,214,215,217,218,219,222,223,226,228,229,230,231,233,234,235,236,237,238,241,242,244,245,246,247,248,249,250,252,253,254,257,260,262,263,264,265,269,270,271,272,274,276,277,281,283,284,286,294,298,299,300,301,302,310,311,313,314,343,349,354,365,379,384,478,482,490,622
11,43,53,58,63,65,67,68,69,70,71,72,74,75,76,77,78,79,80,81,82,83,84,85,86,87,88,89,90,91,92,93,94,95,96,97,98,99,100,101,102,104,105,106,107,108,109,110,111,112,113,114,115,116,117,118,119,120,121,122,123,124,125,126,127,128,129,130,131,132,133,134,135,136,137,138,139,140,141,142,143,145,146,147,148,149,150,151,154,155,156,157,158,159,160,161,162,163,164,165,166,167,168,169,170,171,172,173,174,175,176,177,178,179,180,181,182,183,184,185,186,187,188,189,191,192,193,194,195,196,197,198,199,200,201,203,205,206,207,208,209,211,212,213,216,218,219,220,221,222,223,224,225,226,227,228,229,230,232,233,234,236,238,239,241,242,244,245,246,248,249,250,252,253,256,258,259,264,271,274,275,283,284,290,300,301,302,305,309,325,341,350,354,363,371,509,519,658,668,693
12,68,70,71,72,73,74,75,76,77,78,79,80,82,83,84,85,86,87,88,89,90,91,92,94,95,96,97,98,99,100,101,102,103,104,105,106,107,108,110,111,112,113,115,116,118,119,120,121,122,123,124,125,127,128,129,130,131,132,133,134,135,136,137,138,139,140,141,142,143,144,145,146,147,148,149,150,151,152,153,154,155,156,157,158,160,162,163,164,165,166,167,168,169,170,171,172,173,174,175,176,177,178,179,181,182,183,185,186,187,188,189,190,191,192,193,194,195,196,198,200,201,202,203,204,205,206,207,208,209,210,211,212,213,214,215,216,218,223,224,225,226,228,230,231,232,234,235,239,240,243,244,246,247,248,252,255,256,257,262,263,265,267,268,269,270,272,274,276,278,279,281,285,286,287,289,291,293,294,295,296,297,298,301,305,307,312,327,330,331,358,362,364,378,420,551,622
13,62,68,70,71,74,75,76,77,79,80,81,82,83,84,85,86,87,88,89,91,92,93,94,95,96,97,98,99,100,101,102,103,104,106,107,108,109,110,111,112,113,114,115,116,117,119,120,121,122,123,124,125,127,128,129,131,132,133,134,135,136,137,138,139,140,142,143,144,145,146,147,148,149,150,151,152,154,155,156,157,158,160,161,162,163,164,165,166,167,169,170,171,172,173,174,175,176,177,178,179,180,181,182,183,184,185,186,187,189,190,191,192,193,194,195,196,197,198,199,200,202,203,206,207,208,210,212,213,214,215,216,218,220,222,224,225,226,227,229,230,232,233,234,235,237,238,240,241,242,244,249,250,252,253,254,259,260,261,262,263,268,270,273,274,276,279,280,282,286,288,296,297,299,300,316,321,322,328,330,336,340,345,349,352,373,510,529
14,58,61,69,72,74,82,83,84,86,87,90,91,92,93,94,95,97,98,100,101,102,103,104,105,106,107,109,110,111,112,113,115,116,117,118,119,120,121,122,124,125,126,128,129,130,131,133,134,135,136,137,138,139,140,141,142,143,144,145,146,147,148,149,150,151,153,154,155,156,157,159,160,161,162,163,164,165,166,167,168,169,170,172,173,174,175,176,177,180,181,182,183,184,185,186,187,188,189,191,193,194,195,196,198,199,200,201,203,205,206,207,208,209,210,211,213,214,215,216,217,218,219,220,221,222,224,225,226,228,229,230,231,233,234,235,237,238,239,240,241,243,245,246,248,249,250,252,253,256,257,261,263,264,265,266,267,268,271,273,275,278,280,287,288,291,294,297,301,305,310,311,313,315,318,324,331,338,343,354,409,625
15,11,83,86,88,90,91,93,94,96,97,98,99,100,101,102,103,104,105,107,108,109,110,111,112,113,114,115,116,117,118,120,121,122,123,125,126,127,128,129,130,131,132,134,135,136,137,139,140,141,142,143,144,145,146,147,148,149,151,152,153,154,155,157,158,163,165,166,169,170,172,173,174,177,178,179,180,181,182,183,184,185,187,188,189,190,191,192,193,194,195,196,197,198,199,200,201,202,203,204,205,206,207,208,210,211,212,214,215,216,217,218,219,220,221,222,223,225,226,229,231,233,234,236,237,238,239,240,241,242,243,244,245,247,248,249,250,253,257,259,260,261,262,263,264,266,268,274,277,279,280,281,283,284,286,287,290,291,292,293,297,300,304,306,308,309,310,317,328,332,333,334,337,339,355,357,363,379,392,469,480
16,83,84,85,87,88,89,91,94,95,96,97,98,99,101,102,103,104,105,106,107,109,110,111,112,113,114,115,116,117,118,120,121,122,123,124,125,126,127,128,129,130,131,132,133,134,135,136,137,138,139,140,141,142,143,144,145,146,147,149,151,153,155,156,157,158,161,163,165,166,167,168,171,172,176,178,179,180,181,182,183,184,185,186,187,188,189,190,191,192,195,196,197,198,199,200,201,202,203,204,205,206,207,208,209,210,211,212,213,214,216,217,218,219,220,221,222,223,224,225,226,227,228,229,231,232,233,235,236,237,238,239,240,241,242,244,245,246,248,249,250,251,252,254,255,256,257,259,260,261,262,264,266,267,268,269,271,272,273,274,276,277,278,279,280,281,284,286,287,288,290,291,292,295,297,298,299,300,305,307,308,310,313,314,315,316,319,321,322,324,326,328,333,336,338,341,343,344,355,359,360,363,365,369,391,404,412,436,440,445,612,669,697
17,76,84,86,87,88,90,91,92,94,95,96,97,99,100,101,102,104,107,108,109,110,111,112,114,116,117,119,120,121,122,123,124,125,126,128,129,131,132,133,134,135,137,139,140,141,142,143,144,145,146,147,148,149,150,151,152,155,156,157,158,160,162,164,166,167,168,170,171,172,174,177,178,179,180,181,182,183,184,185,186,187,188,189,190,191,192,194,195,196,197,198,200,201,202,203,204,205,206,207,208,211,212,213,214,215,216,217,218,219,220,221,222,223,224,225,226,227,228,230,231,232,233,234,236,237,239,241,242,243,244,245,246,247,248,249,253,254,256,257,258,261,262,263,264,265,266,268,270,271,273,274,275,276,277,279,283,284,285,286,287,288,289,290,291,293,296,297,299,300,301,304,306,307,308,309,310,311,314,316,317,318,321,322,323,325,326,331,337,341,342,343,345,350,352,360,362,364,367,371,378,382,384,386,391,400,409,447,505,526
18,84,90,92,93,95,96,97,98,100,102,103,104,105,107,109,110,111,113,115,118,119,120,121,122,123,124,126,127,128,129,130,131,132,133,134,135,136,138,140,144,145,146,149,150,152,153,155,157,160,162,163,164,168,171,172,175,180,182,185,186,187,188,189,192,193,194,195,196,197,198,199,200,201,203,204,205,206,207,208,209,212,213,215,217,219,220,221,223,224,226,230,231,233,234,235,236,237,239,240,241,243,244,245,246,247,249,251,252,254,255,258,259,261,263,264,265,267,269,270,271,272,273,274,275,280,281,288,289,290,293,295,297,300,301,302,307,311,312,318,322,323,324,325,326,333,335,336,342,344,346,347,348,351,353,356,363,364,368,372,382,599,642,653
19,86,87,90,91,92,94,95,96,97,98,99,102,103,104,106,107,108,109,110,111,112,113,114,115,116,117,118,119,121,122,123,124,126,127,128,132,133,137,138,139,140,141,142,144,146,147,148,151,154,155,157,158,159,162,166,167,170,171,176,177,179,180,181,182,183,185,186,188,189,192,194,196,198,199,200,201,202,203,204,205,206,208,209,212,213,214,215,216,217,218,219,222,223,224,226,227,228,229,230,232,234,236,237,238,239,242,245,248,249,252,254,256,258,259,260,261,263,264,267,268,269,270,271,272,273,274,275,276,278,279,281,283,285,288,292,293,295,296,298,300,305,310,312,313,314,315,317,318,322,328,336,340,344,349,355,358,369,371,402,441,457,477
20,47,63,79,82,84,85,86,89,90,91,92,93,94,96,97,98,99,100,101,102,103,104,107,108,109,111,112,113,115,116,117,118,121,123,124,125,126,128,129,130,131,132,134,135,138,139,142,144,145,147,148,150,151,153,154,155,157,159,161,162,165,177,179,182,184,185,186,187,190,191,193,194,196,197,199,200,201,202,204,206,207,209,210,211,212,215,216,218,219,220,221,222,224,227,228,230,231,232,236,239,240,241,242,243,244,247,248,249,250,251,252,254,255,256,257,258,259,260,261,262,263,264,266,267,270,272,273,274,275,276,281,283,285,287,289,290,292,293,294,295,296,300,301,305,306,308,311,312,313,315,316,317,318,320,321,322,323,324,327,329,330,334,335,343,346,359,363,376,383,390,405,408,416,429,447,467,584
21,57,82,84,88,89,90,91,92,96,98,99,102,105,108,109,110,112,114,116,118,119,120,122,124,127,128,129,130,131,133,134,135,136,137,138,139,141,142,143,145,147,148,150,153,156,158,160,162,164,165,166,168,171,172,174,175,176,177,178,182,184,185,187,190,191,192,196,197,198,202,203,204,205,206,207,208,209,211,213,215,219,223,224,225,226,227,229,232,234,235,236,237,238,239,240,242,244,245,246,247,248,252,255,256,257,258,259,260,263,265,266,268,270,274,275,276,277,278,280,282,284,285,288,289,292,294,301,302,303,304,305,307,317,320,322,330,333,335,340,343,347,354,355,358,360,364,369,370,379,495,520,544
22,43,86,87,88,89,92,94,96,97,98,99,100,101,102,103,107,108,111,112,113,115,117,118,119,120,121,122,124,125,126,128,129,130,133,134,135,139,140,142,143,145,147,148,149,151,153,154,155,157,158,162,163,165,167,168,174,178,179,185,186,187,189,190,192,193,194,196,198,199,200,205,206,207,208,209,210,213,214,215,217,221,222,224,225,226,228,231,233,235,236,238,239,240,241,243,244,248,249,250,252,256,257,258,259,262,263,264,266,267,271,272,278,280,281,285,288,290,293,294,295,296,297,301,302,303,316,319,321,323,327,333,337,341,359,360,391,419,434,463,630
23,85,88,91,92,93,95,96,97,98,99,100,101,102,103,104,105,106,107,110,111,115,116,119,120,121,125,129,131,132,133,134,136,139,140,141,143,144,149,151,155,157,159,160,161,163,166,167,168,169,172,175,178,180,182,184,185,187,191,192,193,194,195,196,197,198,199,200,201,202,203,204,205,206,207,209,210,211,212,213,214,223,225,226,228,229,231,233,235,236,237,240,242,244,245,246,247,249,251,252,256,258,261,263,269,270,271,273,274,275,277,278,282,285,286,287,292,295,297,298,300,303,305,310,312,317,322,325,328,332,342,353,357,365,371,411,414,603,672
24,80,89,92,93,96,97,98,100,101,103,104,105,106,107,108,109,110,111,113,116,117,118,121,122,124,126,128,129,130,132,134,135,137,138,140,141,143,147,150,152,153,154,155,156,159,162,165,166,169,173,174,175,182,184,185,187,190,191,192,193,197,198,199,203,205,207,208,210,212,214,216,218,222,224,226,227,228,229,230,232,234,235,237,239,240,241,243,245,248,249,255,256,260,262,263,267,268,269,270,272,276,277,280,281,287,290,295,304,307,308,311,312,318,338,339,345,348,350,354,356,361,366,367,394,404,413,426,612,688
25,85,88,90,92,95,99,100,104,105,106,108,111,113,114,116,118,119,120,122,124,126,127,129,130,133,135,136,137,139,140,144,146,147,149,150,153,155,157,159,161,164,166,167,168,170,175,176,185,186,189,190,191,194,195,196,197,199,202,203,204,206,207,208,211,215,220,222,223,224,225,230,231,232,233,234,242,244,246,247,248,249,252,255,256,258,259,260,262,263,264,265,267,269,270,273,274,277,279,280,282,283,288,289,290,291,292,293,295,297,299,304,308,310,311,319,320,325,334,337,339,344,346,350,352,354,366,368,390,397,407
26,66,91,95,96,98,99,103,108,109,110,112,117,121,122,123,125,127,133,136,141,142,143,144,147,148,149,150,151,152,154,155,156,157,158,162,164,166,167,171,172,181,187,192,193,196,199,201,204,208,210,211,214,216,218,219,222,225,231,233,238,239,240,241,243,244,245,246,247,250,252,253,254,255,256,257,259,261,262,263,267,268,272,274,281,283,287,293,298,311,313,314,318,319,329,338,340,341,344,345,359,367,368,372,374,377,395,433,492,647
27,64,88,91,93,95,98,100,101,102,103,104,105,107,109,110,112,113,114,115,116,118,120,122,123,124,125,126,127,128,131,133,136,140,141,142,143,144,146,148,149,150,152,154,155,158,159,161,164,166,168,169,171,178,187,188,193,199,200,201,202,204,207,209,211,212,214,215,218,221,222,231,236,242,245,247,249,250,259,261,268,271,273,280,282,283,286,292,293,294,300,301,303,308,311,314,317,318,323,328,334,341,349,353,359,360,370,384,397,403,409,415,567,645
28,96,97,99,100,102,103,104,105,106,108,112,113,115,116,118,119,120,121,123,125,130,131,136,140,142,146,147,148,149,151,152,154,157,160,161,166,171,172,181,186,189,192,196,197,198,199,200,201,203,205,207,208,211,212,213,214,215,216,217,218,219,220,222,223,229,230,231,233,235,237,239,240,241,243,246,250,251,252,253,255,257,259,261,262,263,265,269,270,272,273,275,276,277,278,281,286,287,288,290,291,295,297,306,315,317,320,326,333,340,342,343,349,357,360,371,389,396,397,405,463,487,516,649,650
29,96,98,101,102,104,105,106,109,113,116,117,118,119,121,122,123,124,125,127,129,130,131,132,133,135,138,142,144,145,147,148,150,151,153,154,155,162,163,165,170,174,175,180,183,194,195,199,200,203,204,205,206,207,208,215,217,219,224,228,231,232,233,234,238,239,240,242,243,252,253,258,259,261,263,264,265,269,271,277,278,279,281,294,298,301,310,318,329,331,336,339,344,345,346,348,349,355,358,361,365,366,368,387,388,435,441,461,467,633,658,673
30,84,92,95,96,99,100,101,102,103,105,106,107,110,111,112,115,117,119,120,121,122,123,124,125,126,130,133,134,135,136,137,139,142,148,150,151,152,153,155,156,158,160,161,162,163,164,167,168,170,176,178,186,187,191,193,197,201,203,204,205,207,212,215,216,218,219,221,223,227,228,232,238,241,252,253,255,257,260,261,263,264,269,272,273,274,275,280,282,284,285,291,293,299,310,312,327,328,357,360,363,365,604
31,2,85,86,92,97,102,103,106,109,112,115,116,117,120,121,122,123,124,125,126,127,129,130,131,132,133,135,136,137,138,140,141,145,146,148,151,152,153,154,157,159,169,172,177,186,188,191,193,199,201,206,207,210,213,215,217,220,222,225,227,228,229,230,231,233,235,236,239,240,244,248,249,253,257,259,260,261,265,269,273,274,275,276,279,280,281,283,286,296,306,308,317,318,319,320,327,328,330,336,342,350,361,368,376,388,403,404,424,509,564
32,94,98,99,101,102,103,104,105,106,108,109,112,113,116,117,121,122,124,127,129,130,131,133,134,137,138,142,143,147,150,151,153,154,157,158,159,160,162,165,168,171,172,173,176,187,189,191,193,195,197,204,208,211,215,217,219,220,221,222,224,230,233,234,237,238,246,247,249,253,256,259,261,266,278,279,282,283,284,288,289,291,296,298,299,303,320,322,326,330,333,336,338,340,354,365,394,399,411,435,485,624
33,94,99,101,103,106,109,111,112,114,118,119,120,123,124,125,126,128,129,130,132,134,135,141,142,143,145,147,153,157,158,165,168,171,173,186,191,194,196,197,198,202,203,204,206,207,208,212,213,214,215,216,217,219,220,221,222,223,224,225,226,230,231,232,233,235,237,239,243,252,254,255,260,261,263,269,270,277,279,280,286,288,291,293,294,295,303,308,313,326,330,334,335,344,363,372,378,420,433,454,621,644
34,86,96,100,103,105,106,107,108,109,111,114,115,116,118,119,121,122,123,126,128,130,131,132,133,134,135,136,137,139,141,142,143,145,147,148,149,151,152,153,155,157,159,161,162,164,165,166,168,169,170,173,181,190,194,197,200,201,202,204,205,206,208,209,210,211,212,213,215,216,218,220,221,222,224,225,226,228,235,236,240,241,243,244,247,251,253,258,267,268,278,282,283,284,286,291,293,297,298,302,304,305,307,312,313,314,320,321,327,336,337,355,365,370,372,384,390,401,419,450,468,549,608
35,33,103,105,106,108,110,112,114,118,120,123,124,125,126,130,132,133,135,136,137,138,139,144,145,147,148,151,152,154,156,158,160,162,163,165,167,170,171,174,177,179,194,195,196,204,205,210,211,216,218,227,229,230,233,235,238,240,250,251,256,257,263,269,270,271,272,275,276,285,287,290,291,295,304,306,322,332,343,362,368,373,406,543,698
36,16,101,107,110,111,112,115,117,118,119,120,121,122,123,125,126,127,128,129,130,131,132,135,136,139,141,142,143,144,145,146,152,153,160,161,162,165,167,168,171,172,174,182,183,190,197,202,205,210,217,218,219,221,223,228,232,235,236,238,240,241,242,243,246,247,250,252,253,255,256,259,260,267,269,277,278,280,281,287,288,299,304,346,368,388,403,416,496,611
37,104,106,107,109,110,112,116,117,121,123,124,125,126,128,130,131,133,136,137,140,141,142,144,145,148,149,150,151,152,153,155,158,159,160,161,162,163,164,165,169,170,171,173,175,176,185,187,196,203,204,205,206,210,215,216,217,219,221,232,251,254,256,264,267,268,272,273,275,278,294,304,305,307,312,318,320,326,390,408
38,19,33,109,110,112,113,114,115,116,117,118,119,120,121,122,123,126,127,128,129,130,131,132,133,136,138,140,141,142,143,145,146,147,148,149,151,152,153,154,155,157,160,161,164,167,169,172,175,178,179,184,204,205,206,207,209,210,215,217,222,227,229,230,232,233,234,236,237,241,247,252,254,257,260,262,267,270,300,306,311,323,326,332,335,360,384,396,404,448,452,546,550
39,61,105,109,110,112,113,115,116,121,122,124,126,127,130,134,135,137,138,140,143,144,145,146,148,150,152,153,154,155,156,157,158,160,161,166,167,168,170,172,175,176,180,183,189,191,194,198,199,211,216,217,218,219,220,225,227,229,230,234,236,237,241,243,247,258,263,267,280,281,282,291,298,302,304,311,314,323,324,326,328,345,348,359,360,368,442,485
40,104,110,114,115,117,118,120,122,124,126,127,129,130,132,134,135,136,137,138,144,145,146,148,149,150,151,152,159,160,170,172,173,174,207,208,211,215,218,221,226,227,239,242,246,247,252,254,260,267,269,272,274,296,303,318,323,326,344,420,592
41,14,39,87,106,112,114,115,116,117,118,120,121,122,123,124,125,128,134,137,138,140,141,143,144,145,146,151,153,154,155,157,158,159,166,171,172,173,176,181,191,204,206,207,210,231,234,238,254,257,268,272,291,310,320,333,376,454,481,675,691
42,57,110,116,118,120,121,122,124,126,128,131,132,136,137,140,142,144,145,147,148,151,152,156,157,158,160,162,166,174,179,182,184,195,211,218,224,237,247,254,259,266,272,275,292,294,314,326,361,500,593,637,647,667
43,21,82,113,114,119,120,121,122,123,125,126,130,131,134,135,136,142,145,150,152,154,159,161,162,165,174,175,179,180,183,188,199,219,220,226,227,231,233,236,237,241,243,252,256,265,352,381,455
44,8,84,124,129,130,132,133,136,140,141,142,143,144,146,147,149,151,153,155,157,162,165,168,169,170,171,172,174,175,176,181,186,188,215,233,243,244,247,255,259,284,303,313,327,582,591,643
45,3,26,65,122,127,128,129,133,134,135,140,141,142,145,148,150,152,153,155,158,159,160,161,162,163,165,166,168,169,171,173,224,225,284,296,332,632
46,7,130,133,137,138,139,140,141,143,148,154,156,160,163,167,168,173,176,178,183,190,191,208,252,283,473,528,571,665
47,33,92,132,144,149,152,157,166,173,178,179,202,234,246,430,667,690
48,137,138,168,177,190,232,233,362,684
49,52,59,134,555,616,617
50,124
51,62,496
52,5,291,332,547,666
53,192
54,16,55,525
55,510,618,671
56,134,154,452,480,686
57,271,592,669
58,196
59,
60,
61,
62,
63,
64,
65,
66,
67,
68,
69,
70,
71,
72,
73,
74,
75,
76,
77,
78,
79,
80,
81,
82,
83,
84,
85,
86,
87,
88,
89,
90,
91,
92,
93,
94,
95,
96,
97,
98,
