15
0,400
1,32,115,118,143,251,252,487,528,568
2,30,116,121,463,519,631,666
3,17,121,218,610,640,659,687
4,120,147,249,374,403,550,553,600,652
5,46,115,133,209,430,579
6,88,208,220,262,303,693
7,62,77,160,175,244,264,313,374,395,467,473,522,560,627,648,656
8,33,232,266,297,308,479,606
9,65,176,238,468,526
10,4,96,98,125,176,261,262,475
11,235,659
12,160,263,325,451
13,112,204,263,372,399,445,646,683
14,49,100,269,311,378,515,566,593,649,667
15,43,101,258,375,597
16,38,42,45,47,49,50,53,67,68,69,250,267,377,558,637,642
17,33,36,37,38,39,40,41,42,43,44,45,46,47,48,49,50,51,52,54,55,56,57,58,59,60,61,62,63,65,66,67,69,70,82,129,230,286,415,427,484,653
18,28,31,33,34,35,36,37,38,39,40,41,42,43,44,45,46,47,48,49,50,51,52,53,54,55,56,57,58,59,60,61,62,63,64,65,66,67,68,69,70,71,72,73,74,75,76,78,79,81,82,83,84,85,86,87,88,109,154,164,268,518,569,590,615,646
19,15,32,36,38,39,40,41,42,43,44,45,46,47,48,49,50,51,52,53,54,55,56,57,58,59,60,61,62,63,64,65,66,67,68,69,70,71,72,73,74,75,76,77,78,79,80,81,82,83,84,85,86,87,88,89,90,91,92,93,94,95,96,97,98,99,100,101,102,103,104,105,106,107,110,113,115,124,132,143,152,154,163,200,269,414,523,638,680
20,14,29,30,34,35,36,38,39,40,41,42,43,44,45,46,47,48,49,50,51,52,53,54,55,56,57,58,59,60,61,62,63,64,65,66,67,68,69,70,71,72,73,74,75,76,77,78,79,80,81,82,83,84,85,86,87,88,89,90,91,92,93,94,95,96,97,98,99,100,101,102,103,104,105,106,107,108,109,110,111,112,113,114,115,116,117,118,119,120,121,122,123,124,125,126,127,128,129,130,131,132,133,134,135,136,137,138,139,140,141,142,143,144,145,146,147,148,149,150,151,152,153,154,155,156,157,158,159,160,161,162,163,164,165,166,167,168,169,170,171,172,173,174,175,176,177,178,179,180,181,182,183,184,185,187,188,189,190,191,192,193,195,196,197,198,200,201,202,203,204,205,206,207,210,211,229,236,242,293,332,346,444,613,622
21,27,33,35,36,37,39,40,41,42,43,44,45,46,47,48,49,50,51,52,53,54,55,56,57,58,59,60,61,62,64,65,66,67,68,69,70,71,72,73,74,75,76,77,78,79,80,81,82,83,84,85,86,87,88,89,90,91,92,93,94,95,96,97,98,99,100,101,102,103,104,105,106,107,108,109,110,111,112,113,114,115,116,117,118,119,120,121,122,123,124,125,126,127,128,129,130,131,132,133,134,135,136,137,138,139,140,141,142,143,144,145,146,147,148,149,150,151,152,153,154,155,156,157,158,159,160,161,162,163,164,165,166,167,168,169,170,171,172,173,174,175,176,177,178,179,180,181,182,183,184,185,186,187,188,189,190,191,192,193,194,195,196,197,198,199,200,201,202,203,204,205,206,207,208,209,210,211,212,213,214,215,216,217,218,219,220,221,222,223,224,225,226,227,228,229,230,231,232,233,234,235,236,237,238,239,240,242,243,244,245,246,247,248,249,250,251,252,253,254,255,256,257,258,259,260,261,263,264,265,266,267,269,270,276,277,278,279,282,283,284,285,286,287,294,295,298,300,305,308,310,311,313,316,317,320,323,330,331,340,362,364,376,386,389,398
22,17,27,30,32,33,34,35,36,37,38,39,40,41,42,43,44,45,46,47,48,49,50,51,52,53,54,55,56,57,58,59,60,61,62,63,64,65,66,67,68,69,70,71,72,73,74,75,76,77,78,79,80,81,82,83,84,85,86,87,88,90,91,92,93,94,95,96,98,99,100,101,102,103,104,105,106,107,108,109,110,111,112,113,114,115,116,117,118,119,120,121,122,123,124,125,127,128,129,130,131,132,133,134,135,136,137,138,139,140,141,142,143,144,145,146,147,148,149,150,151,152,153,154,155,156,157,158,159,160,161,162,163,164,165,166,167,168,169,170,171,172,173,174,175,176,177,178,179,180,181,182,183,184,185,186,187,188,189,190,191,192,193,194,195,196,197,198,199,200,201,202,203,204,205,206,207,208,209,210,211,212,213,214,215,216,217,218,219,220,221,222,223,224,225,226,227,228,229,230,231,232,233,234,235,236,237,238,239,240,241,242,243,244,245,246,247,248,249,250,251,252,253,254,255,256,257,258,259,260,261,262,263,264,265,266,267,268,269,270,271,272,273,274,275,277,279,280,282,283,284,287,288,290,291,292,294,298,301,303,306,313,317,324,325,336,340,342,348,349,355,358,365,416,420,459,608
23,23,31,33,35,36,37,38,39,40,41,42,43,44,45,46,47,48,49,50,51,52,53,54,55,56,57,58,59,60,61,62,63,64,65,66,67,68,69,70,71,73,74,75,76,77,78,79,80,81,82,83,84,85,86,87,88,89,90,91,92,93,94,95,96,97,98,99,100,101,102,103,104,105,106,107,108,109,110,111,112,113,114,115,116,117,118,119,120,121,122,123,124,125,126,127,128,129,130,131,132,133,134,135,136,137,138,139,140,141,142,143,144,145,146,147,148,149,150,151,152,153,154,155,156,157,158,159,160,161,162,163,164,165,166,167,168,169,170,171,172,173,174,175,176,177,178,179,180,181,182,183,184,185,186,187,188,189,190,191,192,193,194,195,196,197,198,199,200,201,202,203,204,205,206,207,208,209,210,211,212,213,214,215,216,217,218,219,220,221,222,223,224,225,227,228,229,230,232,233,234,235,236,237,238,239,240,241,242,243,245,246,248,249,250,251,252,254,255,257,259,260,261,262,263,264,265,267,269,271,273,274,275,276,277,279,280,281,283,284,285,287,288,289,292,293,294,296,297,298,299,300,301,303,304,305,307,308,311,312,314,315,317,319,321,322,323,325,328,330,334,335,337,344,347,357,362,368,369,371,382,385,387,399,420,433
24,28,29,31,32,33,34,35,36,37,38,39,40,41,42,43,44,45,46,47,48,50,51,52,53,54,55,56,57,58,59,60,61,62,63,64,65,67,68,69,70,71,72,73,74,75,76,77,78,79,80,81,82,83,84,85,86,87,88,89,90,91,92,93,94,95,96,97,98,99,100,101,102,103,104,105,106,107,108,110,111,112,113,114,116,117,118,119,120,122,123,124,125,126,129,130,131,132,134,135,136,137,138,139,141,142,143,144,145,146,147,148,149,150,151,152,153,154,155,156,157,158,159,160,161,162,163,164,165,166,167,168,169,170,171,172,173,174,175,176,177,178,179,180,181,182,183,184,185,186,187,188,189,190,191,192,193,194,195,196,197,198,199,201,202,203,204,205,206,207,208,209,210,211,212,213,214,216,217,218,219,220,221,222,223,224,225,226,227,228,229,230,231,233,234,235,236,237,238,240,241,242,243,244,245,246,247,248,249,252,254,255,256,259,260,261,262,263,264,265,266,269,270,272,273,274,275,276,278,280,281,285,287,288,290,291,292,293,294,296,297,300,301,302,310,311,312,313,318,321,322,324,325,327,329,334,336,345,347,350,353,356,369,372,377,378,381,387,416,431,450,651
25,29,34,35,36,37,38,39,40,41,42,43,44,45,46,47,48,49,50,51,52,53,54,55,56,57,58,59,60,61,62,63,64,65,66,67,68,69,71,73,74,76,77,79,80,81,82,83,84,85,86,87,88,89,90,91,92,93,94,95,96,97,98,99,100,101,102,103,104,105,106,107,108,109,110,112,113,114,115,116,117,118,119,120,121,122,123,124,125,126,128,131,132,133,134,135,137,138,139,140,141,142,143,145,146,147,148,149,150,151,152,153,154,155,156,158,159,160,161,162,163,164,165,166,167,168,169,170,171,172,173,174,175,176,177,178,179,180,181,182,183,184,185,186,187,188,189,190,191,192,193,194,195,196,197,198,199,200,201,202,204,205,206,207,208,210,211,212,213,215,216,217,218,219,220,221,222,223,224,225,226,227,228,230,231,232,233,235,236,237,238,239,241,242,243,244,247,248,249,250,251,252,253,255,256,257,259,260,261,262,263,264,266,267,268,269,270,271,272,276,277,278,279,281,282,286,287,289,290,291,293,294,298,300,301,303,305,306,308,314,316,319,320,321,323,324,327,334,336,341,342,343,345,346,348,353,355,363,364,375,382,397,400,424,428,433,454,456,459,522,613
26,26,27,28,29,30,31,32,33,34,35,36,37,38,39,40,42,43,44,45,46,47,48,49,50,51,52,53,54,55,57,58,59,60,61,62,63,64,65,66,67,68,69,70,71,72,73,74,75,76,77,78,79,80,81,82,83,84,85,86,87,88,89,90,91,92,93,94,95,96,97,98,99,100,101,102,103,104,105,106,107,108,109,110,111,112,113,114,115,116,117,118,119,120,121,122,123,124,125,126,127,129,130,131,133,134,135,137,138,139,140,141,142,143,145,146,147,148,149,150,151,152,153,154,155,156,157,158,159,161,162,163,164,165,166,167,169,170,171,173,175,176,177,178,180,181,182,186,187,188,189,190,191,192,193,194,195,196,197,198,199,200,201,202,203,204,205,206,207,208,209,210,211,212,213,214,215,216,217,218,219,220,221,222,224,225,226,227,228,229,230,231,232,233,234,235,236,237,238,239,240,242,244,245,246,247,249,250,251,252,253,254,255,256,257,259,260,263,264,265,266,268,269,270,271,272,273,275,276,278,280,281,282,283,284,285,287,288,289,291,292,293,294,295,299,300,301,302,305,306,308,309,310,311,312,314,317,318,323,324,325,327,331,334,338,346,352,354,358,361,362,363,364,375,377,407,422,446,535,542,685
27,22,30,31,32,33,34,35,36,37,38,39,40,41,42,43,44,45,46,47,48,49,50,51,52,53,54,55,56,57,58,59,60,61,62,63,64,65,66,67,68,69,70,71,72,73,74,75,76,78,79,80,81,82,83,84,85,86,87,88,89,90,91,93,94,95,96,98,99,100,101,102,103,104,105,106,107,108,109,110,111,112,113,114,115,116,117,120,121,122,123,124,125,126,127,128,130,131,132,133,134,135,136,137,139,140,141,142,143,144,145,146,147,149,150,151,152,153,154,155,156,157,158,159,160,161,162,163,164,165,166,167,168,169,170,171,172,173,174,175,176,177,178,179,180,181,182,183,184,185,186,187,188,189,190,191,192,193,194,195,196,197,198,199,201,202,203,204,205,207,208,209,210,213,214,216,217,218,219,221,222,223,224,225,226,227,228,229,230,231,232,234,235,236,237,239,240,241,244,245,249,252,255,256,257,259,261,262,264,267,270,273,275,277,279,280,285,286,287,290,291,292,297,301,303,305,306,311,313,320,322,333,340,343,346,367,372,377,388,409,420,496,505
28,23,28,32,33,34,35,36,37,38,39,40,41,43,44,45,46,47,48,49,50,51,52,53,54,55,56,57,58,59,60,61,62,63,64,65,66,67,68,69,70,71,72,73,74,75,76,77,78,79,80,81,82,83,84,85,86,87,88,89,90,91,92,93,94,95,96,97,98,99,100,101,102,103,104,105,106,107,108,109,110,111,112,113,114,115,116,117,118,119,120,121,124,125,126,128,129,130,131,132,133,135,137,138,139,140,142,144,146,147,148,149,150,153,155,156,158,159,160,161,162,163,164,165,166,167,168,170,171,172,173,174,176,178,179,180,181,183,184,185,186,187,189,190,191,192,193,194,195,196,197,198,200,201,202,203,204,206,207,208,209,210,211,212,213,214,215,216,218,219,220,221,222,223,224,225,226,228,229,230,232,233,234,235,236,237,238,239,240,241,242,243,244,246,247,249,250,251,252,253,255,256,257,258,259,260,262,263,264,265,267,268,269,270,271,272,273,274,275,277,279,280,283,285,286,287,288,289,290,291,295,297,299,300,301,303,304,305,306,308,309,310,311,318,320,322,324,328,335,341,342,346,350,357,359,369,370,374,376,381,398,401,417,422,428,433,447,494,613,620,640,680
29,6,26,30,32,36,40,41,42,43,44,46,47,48,49,51,52,53,54,55,56,57,58,59,60,61,62,63,64,65,66,67,68,69,70,71,72,73,74,75,76,77,78,79,80,81,82,84,85,86,87,88,89,90,91,93,94,95,96,98,99,100,101,102,104,105,106,108,109,110,111,112,113,114,115,116,117,118,119,121,122,123,125,127,129,130,132,133,134,136,137,138,139,141,142,143,144,146,147,148,149,150,151,152,153,154,155,156,157,158,159,160,162,163,164,165,167,168,170,171,172,173,174,175,176,177,178,180,181,182,183,184,185,186,187,188,189,190,191,192,193,194,195,196,197,198,199,200,201,202,203,204,206,207,208,209,212,213,214,215,216,217,219,222,224,225,227,228,230,231,232,233,234,235,236,237,238,241,242,246,248,251,254,256,257,258,260,262,265,268,270,273,276,280,284,285,286,290,294,295,297,299,302,305,306,309,311,313,316,317,323,324,325,330,338,345,356,358,365,379,390,468,472
30,18,31,35,36,37,39,40,43,46,47,49,50,51,52,53,55,56,57,59,61,62,64,65,66,67,68,69,71,72,74,75,76,77,79,80,81,82,83,84,86,87,88,89,90,91,92,93,94,95,96,97,98,99,100,101,102,103,104,105,106,107,108,109,110,111,112,113,114,115,116,117,118,119,120,121,122,124,125,126,127,128,129,131,133,134,135,136,137,138,139,140,141,142,143,144,145,146,147,148,149,150,151,152,153,154,156,157,158,159,160,162,163,164,165,166,167,168,169,170,171,172,173,174,175,177,179,180,181,182,183,184,186,187,188,189,190,191,192,194,196,197,198,199,200,201,202,203,204,205,206,207,208,209,210,211,212,213,214,215,216,217,219,220,221,222,224,225,226,227,228,229,230,231,233,235,237,238,239,240,241,242,243,244,245,248,249,250,251,255,256,257,259,261,262,263,264,268,269,271,274,275,276,279,281,282,285,286,287,288,289,291,292,293,294,295,298,301,304,306,309,310,311,312,313,317,318,320,322,323,324,326,330,339,352,354,355,357,359,361,365,368,370,373,375,377,381,388,389,402,413,422,454,542
31,39,41,42,47,48,49,51,52,53,56,57,58,59,60,61,62,63,65,66,67,68,69,70,71,72,73,74,75,76,77,78,79,80,81,82,83,84,85,86,87,88,89,90,91,92,93,94,95,96,98,100,102,103,104,105,106,107,108,109,110,111,112,113,114,120,121,122,123,124,125,127,128,129,130,132,133,137,140,141,142,143,144,145,146,147,148,149,150,151,153,155,156,157,158,159,160,161,162,163,164,165,166,167,168,169,170,171,172,173,174,175,177,178,179,180,182,183,184,185,187,188,189,190,191,192,193,194,195,196,197,198,199,200,201,202,203,204,205,206,207,208,209,210,211,212,214,215,216,217,218,219,220,221,222,223,224,225,226,227,228,229,230,231,232,233,234,236,237,238,240,241,242,244,247,248,250,251,252,253,254,255,256,258,260,263,264,265,269,274,275,276,278,279,282,285,286,287,293,295,296,297,299,300,302,307,308,313,316,317,326,329,332,333,341,347,349,357,358,359,361,366,368,373,380,386,420,428
32,41,47,49,51,52,53,54,55,56,57,58,59,60,61,62,63,64,65,66,67,69,70,71,73,74,75,76,78,79,80,81,82,84,85,86,87,88,89,90,92,93,94,95,96,97,98,99,100,101,102,103,104,105,106,107,108,109,110,111,112,113,114,115,116,117,118,119,121,122,123,124,126,127,128,130,131,132,133,134,136,138,141,143,144,145,148,150,153,155,157,158,159,164,166,168,169,171,172,173,174,175,176,177,179,181,182,183,185,189,190,192,195,197,198,201,205,207,208,210,213,214,215,217,218,220,221,223,224,227,228,229,231,233,237,239,240,242,243,246,249,250,251,252,254,257,258,259,260,263,265,267,268,270,273,275,276,277,278,279,280,281,282,283,285,286,288,293,295,299,302,305,308,310,314,315,317,318,319,323,325,336,339,342,345,346,348,349,352,359,365,367,370,388,391,399,410,415,416,417,420,421,476,485,494,654,687,691
33,45,46,48,50,52,53,54,55,56,57,58,60,61,62,63,64,67,68,70,72,73,74,75,76,77,78,79,80,81,82,83,84,85,86,87,88,89,90,91,92,93,94,95,96,97,98,99,100,101,102,103,104,105,106,107,108,109,110,111,112,113,114,115,116,118,119,120,121,123,124,125,126,127,128,129,130,132,133,135,136,137,143,146,148,149,156,157,158,161,162,163,164,165,166,167,168,169,172,173,179,180,182,183,187,189,191,193,194,195,198,200,203,208,210,211,212,213,217,221,222,224,225,228,230,231,233,234,235,236,238,242,248,249,258,265,269,278,281,284,286,287,295,301,305,315,319,336,344,349,359,379,514
34,8,51,53,56,59,60,61,62,63,64,65,67,68,69,71,72,73,74,75,76,77,78,79,81,82,83,84,85,87,88,89,90,91,93,94,95,96,97,98,99,100,101,102,103,104,105,107,108,110,111,112,113,114,115,116,117,118,119,120,121,123,125,126,127,128,130,131,132,133,135,138,140,141,143,144,145,146,147,148,149,150,151,152,153,155,156,157,158,160,163,164,165,166,167,168,170,171,173,174,175,176,177,178,179,180,181,182,183,185,186,187,188,189,190,192,193,195,197,198,200,201,202,203,205,206,208,209,210,211,213,217,218,221,224,226,227,228,229,230,231,238,241,244,247,249,250,251,258,259,261,264,266,270,271,274,279,288,290,331,336,341,348,361,378,414,562
35,50,54,56,62,63,64,65,66,69,70,71,72,74,75,76,78,79,80,81,83,84,85,86,87,88,91,92,93,94,95,96,97,99,102,103,104,105,107,108,109,110,111,112,113,114,115,116,117,118,119,120,121,122,124,125,126,127,128,129,130,134,135,136,137,139,142,143,145,147,151,152,153,155,156,158,159,160,161,162,163,164,165,166,168,169,170,171,172,173,174,175,176,177,178,179,184,186,188,190,191,193,194,198,205,207,212,215,217,221,223,225,226,233,234,239,242,243,244,247,248,250,255,261,263,264,265,266,267,268,269,271,273,274,275,276,278,283,285,287,288,291,292,293,298,299,304,311,315,327,338,344,351,359,363,365,370,402,417,437,510,574
36,61,62,63,64,65,70,71,73,74,75,76,77,78,79,80,81,82,83,84,85,86,87,88,89,90,91,93,94,95,96,97,98,99,100,101,102,103,104,105,106,107,109,110,111,112,113,114,115,116,117,118,119,120,121,122,123,124,125,127,128,129,132,134,136,137,141,144,147,150,158,159,167,168,169,170,171,173,175,176,178,179,181,182,183,184,185,186,187,192,194,196,197,198,199,201,202,203,204,205,206,207,208,209,210,211,212,214,215,216,218,222,228,229,230,233,240,243,247,250,254,256,257,259,263,266,273,275,278,282,286,292,296,297,303,308,328,336,337,349,355,357,487,535,697
37,59,67,68,69,70,72,73,75,77,78,79,80,82,83,84,85,87,88,89,90,91,92,93,94,95,96,97,98,99,102,103,104,106,107,109,110,112,114,115,120,121,122,123,129,130,131,132,137,138,139,143,146,147,149,151,152,154,155,156,160,161,164,166,167,168,169,170,172,173,174,176,181,182,183,184,185,187,188,189,191,193,195,198,199,201,202,203,205,206,207,213,217,220,221,222,225,229,230,231,235,238,241,245,258,259,261,274,276,281,282,288,289,292,301,330,368,452,518
38,67,70,71,72,73,77,79,80,83,84,85,86,88,91,92,93,94,95,98,99,100,102,103,104,105,106,107,108,109,110,111,112,113,114,115,116,117,118,119,121,124,126,127,128,130,131,134,135,136,140,141,143,148,149,150,155,164,165,166,167,172,173,175,177,178,181,182,185,187,189,190,191,192,193,194,196,198,202,211,215,216,224,225,229,230,231,237,248,250,251,253,280,316,323,324,326,327,331,337,350,494
39,68,69,70,72,73,74,75,76,77,78,79,80,81,83,84,85,86,89,90,91,92,93,95,96,97,99,101,102,103,104,106,108,109,110,111,112,113,114,115,116,117,118,119,121,122,123,126,129,130,131,134,135,136,137,138,140,142,156,157,160,162,166,169,170,171,173,176,179,184,186,193,194,196,199,201,203,207,211,213,214,218,224,225,226,230,234,246,255,260,262,264,268,285,286,289,304,307,310,341,690
40,62,63,64,65,68,69,70,71,75,78,82,83,89,90,91,93,94,95,97,98,99,100,101,102,103,104,105,107,108,109,110,111,112,113,115,117,118,119,120,121,122,123,125,126,128,129,133,138,140,143,144,145,146,147,148,149,163,165,169,171,173,174,177,178,179,190,192,194,196,199,200,203,205,207,209,210,213,214,219,224,228,232,237,240,242,253,256,260,276,277,285,287,291,295,300,386,494,564
41,26,41,51,64,65,69,70,71,73,75,76,77,80,81,84,86,87,89,90,91,92,100,102,106,108,113,114,115,117,118,119,120,121,124,125,126,127,128,129,131,132,134,135,144,145,150,156,159,165,168,172,175,177,182,184,185,186,188,192,194,198,204,206,211,216,220,222,225,231,232,233,242,260,264,270,273,325,431,680
42,28,45,55,56,59,61,62,68,69,71,73,74,78,79,82,83,84,87,89,92,94,95,97,99,101,104,109,111,113,115,118,120,122,123,124,125,127,131,139,165,176,177,190,191,192,201,204,218,225,228,232,234,242,250,262,273,279,280,286,294,299,323,441,514,617
43,47,61,64,67,72,75,77,79,85,89,90,94,98,99,105,108,111,121,126,129,141,143,146,154,189,194,195,224,227,232,233,249,268,282,451,571
44,23,54,107,115,142,144,371,404,548,617
45,552,602
46,118,383,464
47,17,354,357,410,538,625
48,163,361,391
49,253,271,415,580,649
50,370,581,592,635,642,683
51,245,460,471,621
52,3,63,417,430,482,501
53,256,619,672,686
54,97,268,409,450,595
55,21,44,290,331
56,493,597,611,641
57,31,157,258,412,555,639
58,108,514
59,1,80,113,181,579
60,300,331,417,575
61,362,395,399,432
62,172,196,342,369
63,345,447
64,155,183
65,
66,
67,
68,
69,
70,
71,
72,
73,
74,
75,
76,
77,
78,
79,
80,
81,
82,
83,
84,
85,
86,
87,
88,
89,
90,
91,
92,
93,
94,
95,
96,
97,
98,
