5
0,273
1,118,135,174,197,238,315,539
2,113,149,180,217,298,535
3,34,59,188,286,312,412,574
4,63,66,72,216,238,488,584,691
5,43,53,59,61,66,67,68,71,72,75,79,80,81,94,112,164,185,320,411,521
6,61,62,64,65,66,67,68,70,71,72,73,74,75,76,77,78,79,80,81,82,83,84,85,86,87,88,89,91,92,94,96,97,98,100,101,103,104,105,107,108,109,110,111,112,114,117,118,119,121,123,125,138,139,162,169,175,233,353,555
7,38,55,62,63,65,66,67,69,70,71,72,74,75,76,79,81,82,83,84,85,86,87,88,89,90,91,92,93,94,95,96,97,98,99,100,101,102,103,104,105,106,107,109,110,111,112,113,114,115,116,117,119,120,121,122,123,124,125,127,128,129,130,131,132,133,134,136,138,140,141,142,144,145,146,147,148,149,151,152,153,155,156,158,160,161,162,163,164,165,167,168,169,170,171,172,173,174,176,177,178,179,180,182,183,184,185,188,189,190,191,192,193,196,197,198,199,202,203,204,205,207,208,209,210,211,212,214,215,216,217,219,221,222,223,224,225,227,229,230,232,233,236,237,239,241,243,244,247,250,260,266,267,271,279,290,296,312,313,315,320,327,346,388,394,558,610,669
8,55,57,59,63,64,65,66,69,71,73,74,75,76,77,78,79,80,81,82,83,84,85,86,88,89,90,91,92,93,94,95,96,97,98,99,100,101,102,103,105,106,107,108,109,110,111,113,114,115,117,118,120,123,124,126,128,129,131,132,134,135,141,142,145,150,152,153,154,155,156,157,159,160,161,162,163,164,165,167,168,169,170,171,173,174,175,176,177,178,179,181,182,183,184,185,186,187,188,189,190,191,192,194,195,196,197,198,199,200,201,202,203,204,206,207,208,209,210,211,212,213,214,216,217,218,219,220,221,222,224,225,226,227,228,229,230,231,232,233,234,235,236,237,238,239,240,241,242,243,244,245,246,247,248,249,250,251,252,253,254,255,256,257,258,259,260,261,262,263,264,265,266,267,268,269,270,271,272,273,274,275,276,277,278,279,280,281,282,283,284,285,286,287,288,289,290,291,292,293,294,296,297,298,299,300,301,302,303,304,305,306,307,308,309,310,312,313,315,316,317,318,319,320,321,322,323,324,326,327,328,329,330,331,332,333,334,335,336,337,339,340,341,342,343,346,347,348,349,351,352,353,354,355,357,360,361,362,365,368,372,374,376,379,388,390,391,405,407,409,421,422,457,469,472,485,490,566
9,58,59,63,64,67,69,70,71,72,73,75,76,77,78,80,83,84,85,87,88,89,91,92,95,96,100,101,103,105,107,109,111,113,114,116,118,121,125,129,131,133,134,136,137,138,140,141,142,143,145,148,149,150,151,154,155,157,158,159,160,163,164,165,169,173,174,175,176,177,178,179,180,181,182,183,184,185,186,188,190,191,192,193,194,195,196,197,200,201,203,204,206,208,213,214,215,220,221,223,224,225,226,228,229,230,231,232,233,234,235,236,237,238,239,240,241,243,244,245,246,247,248,249,250,251,252,253,254,255,256,257,258,259,260,261,262,263,264,265,266,267,268,269,270,271,272,273,274,275,276,277,278,279,280,281,282,283,284,285,286,287,288,289,290,291,292,293,294,295,296,298,299,300,301,302,303,304,305,306,308,309,311,312,313,314,315,316,317,318,319,320,321,322,323,324,325,326,327,328,329,330,332,333,334,335,336,337,339,340,341,342,343,344,345,346,347,348,349,350,351,352,353,354,355,356,357,359,360,361,362,363,364,365,366,368,369,370,372,373,374,375,376,377,378,383,384,385,386,387,389,391,394,398,399,404,405,406,410,411,413,416,419,421,423,425,427,433,435,436,439,445,447,459,461,465,466,467,468,469,486,499,545,629
10,11,52,54,58,59,61,62,63,66,68,69,71,72,73,76,77,78,79,81,82,85,87,89,91,92,93,94,101,102,103,104,110,113,118,119,121,122,124,125,129,131,132,135,137,139,143,144,146,147,150,151,152,153,157,159,166,167,168,169,172,173,175,176,177,180,181,182,183,187,188,190,193,194,195,197,200,201,202,212,213,214,219,220,222,223,225,227,231,232,233,235,237,239,240,241,242,244,245,246,247,248,249,250,251,252,253,254,255,256,257,258,260,261,262,263,264,265,266,267,268,269,271,272,273,274,275,276,277,279,281,282,283,284,285,287,288,289,290,291,293,294,295,296,297,298,299,300,301,302,303,304,305,306,307,308,309,310,311,312,313,315,316,317,318,319,320,321,323,324,325,326,327,328,329,330,331,332,333,334,336,337,338,339,340,341,343,344,345,346,348,350,351,352,353,354,355,356,357,359,360,362,365,366,369,370,371,373,375,376,379,380,383,384,390,395,397,398,400,402,403,405,406,410,411,414,418,424,427,428,429,430,433,434,435,436,439,466,470,475,483,488,503,512,514,573
11,50,56,60,61,63,64,66,67,68,70,71,72,75,76,77,79,80,81,82,84,86,87,88,89,90,92,96,97,98,101,102,104,105,106,111,112,115,119,125,126,130,134,135,136,138,139,142,144,148,149,151,153,154,155,156,157,162,165,166,172,174,175,179,180,183,185,187,189,192,193,195,197,201,204,205,207,208,212,217,218,225,226,227,228,231,235,236,237,239,240,242,243,244,246,247,250,251,252,257,262,263,264,267,268,269,271,272,273,274,275,276,277,278,279,280,283,284,285,288,289,290,291,292,293,294,295,296,298,303,306,307,308,309,310,311,313,315,318,319,321,322,324,325,327,328,329,330,332,334,335,337,339,340,341,342,343,344,345,346,348,350,351,352,353,354,355,356,357,358,359,361,362,363,364,365,366,367,369,370,371,372,373,374,376,377,378,380,381,382,383,385,386,387,388,389,393,395,396,397,399,401,403,405,406,407,408,410,413,414,416,417,418,420,421,422,423,424,425,428,429,430,431,432,434,435,436,438,439,440,445,446,451,457,461,463,466,467,470,479,491,492,498,512,520,530,573
12,48,52,56,58,61,63,64,65,66,72,74,79,80,83,84,85,90,91,93,95,96,97,98,100,103,106,107,110,112,120,126,127,131,132,134,135,137,138,139,140,141,143,150,151,158,160,161,162,164,166,169,170,176,179,181,183,185,186,193,197,198,200,201,204,214,220,231,235,236,239,241,243,245,246,251,255,259,263,264,266,269,271,272,273,277,278,279,280,281,286,288,289,290,296,297,298,300,303,306,308,309,310,311,313,315,316,319,322,324,326,327,328,335,336,338,339,341,343,344,345,346,349,351,353,354,355,356,358,359,360,364,365,366,367,368,371,372,374,376,377,379,380,381,383,388,395,407,413,414,416,418,419,420,423,433,442,447,457,459,462,463,466,467,469,478,493,505,614
13,51,53,55,56,59,63,65,67,69,70,71,73,74,75,80,88,96,97,102,112,129,130,132,133,138,140,142,145,155,162,164,166,167,179,181,182,184,191,197,205,208,209,212,224,239,242,243,244,250,252,253,255,260,265,266,268,269,272,273,274,275,279,281,282,284,287,296,297,298,300,303,304,306,308,310,311,315,317,319,321,322,323,324,325,326,330,332,333,336,337,339,341,342,343,344,345,346,347,349,351,352,353,354,355,357,358,361,362,363,364,365,366,367,368,375,376,377,378,379,381,382,384,387,389,390,391,392,393,394,398,399,400,401,402,403,405,406,409,414,416,418,419,422,424,425,427,428,430,432,433,435,437,439,443,445,447,452,459,461,462,463,466,468,470,478,480,484,486,490,493,501,530,538,553
14,20,23,47,52,54,56,57,58,59,60,61,63,64,65,66,67,69,70,72,73,74,76,77,79,80,81,82,85,88,103,107,115,120,124,133,139,145,148,164,172,184,187,192,199,207,213,219,221,225,236,256,257,260,266,267,270,274,275,287,288,289,292,293,295,296,297,300,302,308,310,312,313,314,315,316,319,321,322,324,325,326,328,329,331,333,334,335,337,338,339,342,344,346,351,352,354,356,358,359,360,361,363,365,367,369,370,371,372,374,375,376,383,384,390,395,397,401,403,410,411,414,418,421,422,424,426,428,429,434,440,441,444,454,458,461,463,466,474,475,479,486,493,510,518,520,523
15,46,47,48,49,50,51,52,53,54,55,56,57,58,59,60,61,62,64,66,68,69,71,74,76,78,80,81,83,88,89,94,95,102,104,105,111,112,113,115,118,128,133,134,140,143,146,153,154,156,157,167,169,176,183,198,200,215,228,229,239,255,257,260,261,263,264,280,282,286,309,318,322,323,324,327,328,330,332,333,335,336,339,343,346,348,349,350,351,352,353,354,358,360,361,363,365,366,367,369,370,371,373,377,378,379,380,382,383,387,390,391,392,394,395,397,398,401,405,407,408,410,413,414,415,416,420,424,426,427,428,429,430,432,433,434,435,436,437,438,440,442,444,445,447,449,458,459,460,461,464,471,476,485,489,496,498,508,509,530,571,586
16,47,52,53,54,55,57,58,59,61,62,65,66,67,68,69,70,71,72,74,75,77,78,79,82,83,84,85,86,93,94,97,105,109,119,120,129,138,140,146,148,151,152,156,159,160,162,170,173,175,179,180,181,183,195,204,210,212,218,219,220,221,228,232,233,237,244,249,251,258,260,269,275,281,282,284,285,289,295,299,301,305,306,309,311,314,315,316,317,319,320,321,322,324,325,328,330,331,332,333,334,335,338,339,340,341,342,343,344,346,347,348,349,350,351,352,353,354,355,356,357,358,359,360,362,365,367,370,371,372,374,375,376,378,379,380,381,386,389,390,395,398,400,401,402,404,405,406,408,409,410,411,412,414,415,416,418,419,420,423,426,427,428,429,430,433,434,437,441,442,444,448,449,452,453,454,461,463,468,482,506,510,513,521,549,635
17,45,46,48,49,50,51,52,53,54,55,56,58,60,61,62,63,64,65,66,67,68,69,70,76,79,81,83,84,87,92,94,99,101,103,104,106,110,114,117,118,119,121,122,123,127,134,136,139,140,141,142,144,146,155,156,159,163,164,165,167,168,174,175,189,197,208,211,212,222,227,235,236,237,240,241,244,251,256,258,259,264,266,268,270,278,285,291,305,309,311,312,318,319,320,331,332,336,340,341,342,344,345,346,349,360,363,366,371,373,374,376,382,383,384,385,386,390,395,396,397,402,403,406,408,413,416,417,421,422,431,434,442,444,447,455,457,464,492,501
18,37,41,42,47,48,50,51,52,53,54,55,56,57,59,60,62,63,64,65,66,67,69,72,73,74,75,76,77,80,81,82,84,85,86,87,88,89,90,91,92,93,94,95,97,98,99,101,102,103,105,109,110,111,112,117,118,119,123,124,125,127,131,132,136,137,141,149,152,159,161,173,176,178,196,197,202,204,205,209,219,223,224,226,228,237,243,254,267,269,272,282,284,286,287,289,295,296,300,305,307,309,312,316,322,325,329,331,333,334,335,336,337,338,339,340,341,343,344,346,347,349,351,352,353,354,355,357,358,360,361,362,363,364,366,368,369,370,371,374,375,376,377,378,380,381,383,384,385,386,388,389,390,392,393,394,397,399,402,406,409,410,416,417,418,419,426,428,431,438,439,442,444,446,447,448,453,456,457,458,473,474,493,500,502,508,509,522,526
19,43,51,52,53,57,58,59,62,63,64,65,66,67,68,69,70,71,73,74,75,77,78,80,82,83,84,89,90,91,92,93,98,104,107,118,121,124,134,135,136,137,143,144,145,148,153,159,160,161,162,165,167,169,170,171,174,175,176,179,181,183,188,191,201,206,208,209,212,215,229,230,232,234,237,238,241,243,244,248,259,260,261,262,268,271,277,278,280,281,282,283,284,287,290,291,292,293,297,299,309,310,312,316,318,319,323,326,328,331,333,334,335,336,337,338,339,341,343,344,347,349,350,351,352,353,358,359,360,362,363,364,365,367,369,370,375,378,379,380,383,384,389,391,392,394,397,399,402,405,406,410,411,412,414,416,419,423,424,428,456,458,468,471,483,497,568,594
20,40,43,44,45,47,48,49,50,51,54,56,57,58,59,60,61,63,64,66,68,71,72,75,76,79,81,82,85,87,88,90,94,95,96,97,99,100,101,103,104,105,107,110,111,112,113,115,116,117,118,124,125,127,128,129,130,131,134,135,139,141,145,152,154,161,162,165,169,171,176,180,181,182,184,186,192,197,199,200,201,205,209,213,218,221,226,232,234,241,250,255,262,268,271,274,275,284,292,293,297,298,305,309,320,323,328,329,331,333,334,340,348,350,351,352,354,356,358,360,364,365,370,371,372,375,376,377,380,383,386,387,389,390,391,392,395,396,398,400,402,405,407,412,413,414,417,418,420,421,422,425,427,430,433,434,437,443,457,458,460,470,484,503,525,597,684
21,39,40,41,42,44,45,46,47,48,49,50,51,52,53,54,55,56,60,61,62,63,64,65,66,68,69,70,71,72,74,75,76,77,80,82,83,84,85,86,87,88,91,94,98,99,101,103,104,107,112,115,125,132,134,137,139,141,146,150,151,153,157,158,163,173,174,176,184,185,188,193,203,204,208,213,219,226,227,229,232,234,236,246,249,250,252,254,255,261,262,269,270,271,276,280,287,288,289,290,291,294,296,304,305,307,310,311,313,314,317,319,320,324,329,330,331,335,336,340,342,345,347,350,351,353,354,355,357,358,362,366,369,370,371,377,382,383,384,385,387,392,394,398,399,403,404,412,415,417,418,419,421,426,428,430,435,439,441,442,449,455,461,462,470,475,479,500,505,657
22,11,44,45,46,48,49,50,51,52,53,54,55,56,57,58,62,64,67,68,69,70,73,74,76,78,83,85,87,92,98,100,101,105,106,109,111,112,116,120,122,123,125,127,129,131,135,137,139,144,145,147,150,152,153,156,160,161,162,163,164,165,167,168,171,174,175,176,177,181,182,183,185,191,192,196,198,202,203,204,211,212,217,218,219,222,228,231,233,239,248,249,251,252,258,263,268,269,273,279,281,282,290,303,315,316,325,327,328,329,331,333,334,337,341,343,353,355,360,362,365,369,372,374,375,378,381,382,383,386,387,388,389,392,393,394,395,396,397,399,404,405,421,426,428,442,444,451,454,459,473,494,495
23,36,37,38,40,41,42,43,44,45,46,47,48,49,50,51,52,53,54,55,56,57,60,61,62,65,66,68,69,70,72,73,74,76,78,79,81,82,83,84,85,86,87,88,90,91,93,94,96,97,98,99,102,105,106,108,112,113,116,118,119,120,125,127,131,135,136,139,141,145,146,151,155,156,157,162,163,167,176,179,184,187,188,192,193,198,200,204,207,220,230,235,245,247,256,258,269,275,277,281,282,283,288,290,295,300,304,305,318,320,323,324,327,329,330,332,333,337,339,342,344,347,350,357,358,359,363,365,366,369,370,371,376,377,378,380,381,382,383,384,388,394,397,400,401,405,407,410,415,419,420,423,426,429,434,440,443,453,457,458,479,481,487,495,497,561,597
24,33,37,42,45,46,49,50,51,52,53,56,57,58,59,60,61,63,64,66,69,70,71,73,74,77,78,79,80,81,82,83,86,92,93,94,96,97,102,103,112,116,117,118,120,124,130,131,135,138,143,146,147,149,150,151,154,156,159,165,168,172,178,181,183,184,189,190,191,199,200,203,207,211,212,215,222,228,231,233,242,246,247,251,255,256,257,260,261,263,265,267,270,271,274,284,286,289,294,297,299,302,303,309,310,312,315,318,319,320,322,323,324,327,328,330,335,336,338,339,341,342,344,347,350,352,359,360,362,369,373,374,378,379,383,385,387,392,395,398,399,401,402,414,426,430,433,438,441,473,484,488,537,567,665
25,42,43,46,47,48,49,51,52,54,55,56,57,62,66,67,68,69,70,72,74,76,78,82,85,87,90,91,93,94,97,100,102,105,106,109,110,112,113,117,118,119,121,122,128,134,135,137,142,143,144,145,146,153,164,165,168,171,175,179,184,186,188,189,190,198,204,206,217,220,223,230,231,239,240,244,248,255,263,264,278,281,292,296,297,300,305,307,310,312,314,317,318,325,326,328,329,331,332,334,335,337,343,344,351,352,353,354,357,358,360,363,364,365,367,370,373,375,383,389,396,400,401,402,404,412,413,415,426,428,437,445,446,450,453,455,456,457,461,470,473,489,508,511,516,523,535,564,567,570
26,36,37,39,41,43,44,45,46,50,53,54,55,56,57,58,59,60,61,62,63,64,65,66,68,70,72,75,76,77,78,81,82,87,89,92,95,100,101,102,103,105,110,116,117,122,123,124,125,129,130,132,137,144,153,154,157,159,160,161,162,166,168,169,170,172,174,176,183,192,193,194,195,201,202,203,210,213,216,217,230,231,232,234,237,238,239,240,243,244,245,247,250,251,254,256,261,262,265,268,272,276,282,283,286,287,289,293,296,298,299,300,301,304,305,306,310,311,315,316,317,318,320,325,328,329,331,335,336,338,340,344,346,349,350,351,352,354,355,356,357,360,365,368,371,373,374,377,378,381,382,384,385,398,410,414,420,421,430,442,445,475,504
27,40,41,43,44,46,47,49,50,51,52,53,54,55,57,59,62,63,64,66,70,71,73,75,77,78,79,81,82,83,85,86,87,88,89,90,92,94,100,103,104,105,107,111,112,113,116,119,123,124,127,131,134,141,144,145,150,152,153,155,160,161,163,167,173,185,186,187,192,194,196,200,205,210,217,222,252,254,256,258,261,273,275,277,285,286,288,290,291,298,303,304,307,308,310,314,316,318,319,325,332,345,346,349,354,356,357,358,359,362,363,364,365,366,369,370,373,376,380,382,385,390,397,401,406,407,415,417,419,422,425,429,432,433,436,438,439,441,448,453,477,514,528,545,618,633,649,656
28,35,37,39,43,44,46,48,49,50,51,56,58,59,60,61,62,63,64,66,67,68,69,71,73,74,78,81,82,83,84,85,86,88,89,94,95,97,101,106,113,117,124,130,136,137,139,144,145,149,151,155,160,161,162,163,166,170,171,187,189,190,192,194,197,198,202,212,222,228,231,233,235,244,251,258,261,264,265,266,268,272,276,280,281,282,285,286,288,290,292,293,294,296,298,302,304,306,307,314,315,319,325,327,330,332,334,335,336,339,340,341,343,344,347,348,349,351,352,354,357,358,359,363,381,387,388,409,445,446,450,461,466,670
29,39,41,42,43,44,45,46,47,49,50,51,54,55,56,57,60,63,69,75,81,83,87,88,90,92,95,97,99,100,102,103,106,108,109,110,113,114,119,120,121,123,124,125,128,131,132,135,136,141,142,143,144,145,146,147,149,151,156,157,160,161,162,165,175,187,205,208,213,221,222,226,228,229,231,237,240,250,261,262,273,275,276,277,284,288,290,297,299,301,307,314,317,328,338,351,356,358,369,380,382,389,411,413,417,421,426,434,444,447,451,645
30,23,36,37,41,42,43,44,46,48,49,51,52,54,55,56,58,59,61,62,65,70,71,74,76,78,79,80,81,82,85,86,88,90,91,92,93,100,108,124,129,143,146,148,149,150,151,157,158,169,170,171,177,180,183,188,196,198,201,204,205,206,209,224,230,231,236,237,243,252,255,258,262,266,269,274,280,286,289,292,293,295,296,299,300,302,304,305,307,309,310,311,314,317,318,321,324,325,326,327,328,330,333,336,337,338,344,352,354,361,362,370,372,374,379,395,396,402,405,407,408,413,420,443,444,449,470,479,489,560,615
31,38,40,41,42,43,44,45,46,47,48,49,50,51,52,53,54,55,56,57,58,59,60,61,62,64,67,68,71,72,73,76,79,84,89,91,94,95,96,100,102,110,113,114,115,116,118,119,123,130,131,132,138,140,141,142,145,146,148,149,150,157,159,163,165,166,167,168,170,174,176,177,179,181,182,185,186,187,192,194,236,239,242,245,258,260,263,267,274,275,287,288,292,297,301,305,312,318,325,326,328,336,337,341,344,346,349,350,360,361,363,373,374,376,377,383,385,386,387,396,406,408,412,417,422,430,433,435,442,462,465,473,483,559,626,692
32,25,39,43,46,48,51,52,53,54,55,57,59,60,62,63,66,67,69,71,72,74,75,76,77,78,79,80,81,83,84,88,90,91,92,93,95,97,98,101,104,111,114,117,121,125,126,128,130,133,137,147,149,150,152,156,159,160,162,166,170,172,173,174,182,183,184,190,196,200,203,217,218,225,234,239,240,255,256,258,262,267,270,273,278,280,281,283,284,286,287,288,290,292,297,300,302,305,306,309,314,319,323,324,326,328,330,334,336,339,345,349,355,358,365,375,381,387,390,393,396,410,414,428,432,435,440,446,451,459,467,593
33,41,44,45,47,49,50,51,52,54,56,57,58,60,63,64,68,70,72,73,76,77,79,81,83,84,85,86,87,90,95,98,102,103,104,107,108,110,114,120,141,146,152,156,158,159,162,163,168,169,171,173,174,175,176,185,191,195,198,200,203,204,205,213,221,223,227,230,233,240,258,261,267,269,271,276,289,297,300,304,305,325,355,359,398,420,424,431,441,449,453,532,594
34,39,46,47,53,54,55,56,58,59,60,61,62,63,64,65,66,69,70,71,72,73,78,79,80,81,82,85,87,88,89,90,92,93,94,95,96,98,99,100,101,102,104,106,109,119,133,144,146,151,152,165,170,183,204,205,207,211,214,235,240,245,248,249,264,268,269,270,275,276,280,281,284,286,288,289,290,292,293,294,295,305,307,308,310,312,313,314,315,318,320,322,324,325,326,328,329,330,331,332,333,342,343,351,352,355,356,357,358,363,364,365,366,368,370,381,402,417,420,422,446,461,464,492,542,690
35,43,47,48,51,52,53,54,55,57,58,59,60,61,62,63,64,66,68,69,70,71,72,74,75,77,82,83,85,88,90,91,93,94,95,97,98,99,107,108,109,111,112,114,115,121,122,125,128,138,146,147,148,152,154,156,163,165,166,167,168,169,170,175,187,193,194,195,197,208,209,223,226,228,232,234,239,241,244,249,252,259,271,285,299,309,311,318,376,463,505,549,570
36,28,42,44,45,46,48,50,52,54,55,56,58,59,60,63,64,67,68,69,72,73,74,77,78,79,80,82,83,84,85,86,87,88,89,91,92,94,95,98,99,101,102,103,104,105,106,107,110,113,114,115,117,123,125,128,132,135,136,139,152,153,157,158,160,168,170,197,198,203,213,222,234,235,238,242,247,249,253,254,256,257,258,259,260,263,264,265,268,270,278,282,283,288,291,302,306,307,313,319,322,324,326,327,334,341,354,356,360,374,385,402,407,458,462,549,662
37,37,38,44,47,48,49,50,52,58,59,60,61,62,63,64,66,67,68,69,70,71,72,74,75,76,77,78,80,81,83,85,86,87,88,91,94,95,99,102,107,112,113,121,122,123,127,129,140,151,153,157,158,170,171,173,176,182,184,188,197,198,199,200,202,204,205,207,211,215,216,218,219,221,224,228,229,233,235,237,239,242,243,245,247,248,250,251,254,255,256,257,261,265,268,269,270,271,274,288,299,301,302,303,308,314,322,324,325,329,334,336,338,675
38,42,49,50,51,52,54,55,56,60,64,68,71,72,76,80,82,92,93,94,95,98,103,105,110,112,114,116,121,122,123,126,128,133,135,142,143,144,145,146,149,151,160,173,192,197,198,200,204,208,213,220,221,223,227,229,235,243,244,258,260,272,279,282,298,299,326,330,331,341,343,345,351,358,366,393,394,622,624
39,39,47,54,55,56,57,61,65,68,72,74,80,87,90,91,95,101,102,104,108,118,124,149,157,159,181,191,197,205,208,210,225,246,342,533,544,572,593,693
40,48,63,68,74,77,81,83,124,125,130,141,531
41,97,113,122,129,195,386,630
42,436,566
43,410,555
44,108,189,328,643
45,534,575
46,63,76,467,542
47,13,653
48,44,117,128,547,643
49,104,343,396,479,500,560,617
50,159,457,479,580,629
51,75,99,274,691,698
52,33,421,471,491
53,4,9,91,249,267,321,341,428,461,495
54,99,155,454
55,10,201,269,538,544,585
56,233,379,389,589,622
57,152,477
58,10,134,163,210,248,415,440,512,531,595,645
59,130,364,487,576,673
60,401,631
61,213,482,580,693
62,360,437,501
63,
64,
65,
66,
67,
68,
69,
70,
71,
72,
73,
74,
75,
76,
77,
78,
79,
80,
81,
82,
83,
84,
85,
86,
87,
88,
89,
90,
91,
92,
93,
94,
95,
96,
97,
98,
