18
0,677
1,154,279,320,578
2,61,67
3,36,56,60,66,75,352,410,515
4,45,53,55,63,65,66,67,68,69,70,71,73,74,75,77,78,109,144,236,269,335,339,373,600
5,1,7,46,51,61,62,63,65,68,69,70,72,73,74,75,76,77,80,81,82,83,84,85,88,89,90,91,92,93,94,95,96,98,101,104,105,106,108,109,112,114,116,121,125,126,129,130,131,135,136,138,140,141,142,144,146,149,150,151,152,153,154,156,157,158,159,160,161,162,163,164,166,168,173,174,176,178,182,183,184,187,188,189,190,191,192,193,194,195,196,200,201,203,204,205,206,207,208,209,210,212,215,216,219,220,221,225,226,227,228,229,230,233,234,236,237,239,243,275,280,281,283,284,286,287,290,291,293,294,296,298,299,300,302,306,310,313,315,327,340,347,348,349,350,351,353,354,355,357,365,369,370,373,386,392,394,397,407,436,570,656
6,67,68,69,70,72,73,74,75,76,77,78,79,80,81,82,83,84,85,86,87,88,89,90,91,92,93,94,95,96,97,98,99,100,101,102,103,105,106,107,108,109,110,111,112,114,116,117,118,120,121,122,124,127,131,133,135,137,138,139,141,148,149,151,153,161,162,163,164,166,167,168,169,170,171,172,173,174,175,176,177,178,179,180,181,183,184,186,187,190,191,192,194,195,196,197,198,201,202,204,206,207,208,212,213,214,216,217,218,219,221,222,223,224,225,226,227,228,229,230,231,232,234,236,238,239,240,242,243,244,246,248,250,251,252,253,254,255,257,258,259,261,263,264,265,266,269,271,272,273,274,275,276,277,278,279,280,281,282,283,284,285,287,288,289,290,291,292,293,294,295,296,297,298,300,301,302,303,304,305,306,307,308,309,310,311,312,313,314,315,316,317,318,319,320,321,322,323,324,325,326,327,328,329,330,331,332,333,334,335,336,337,338,339,340,341,342,343,344,345,346,347,348,349,350,351,352,353,354,355,356,357,358,359,360,361,362,363,364,365,366,367,368,369,370,371,372,373,374,375,376,377,378,379,380,381,382,383,384,385,386,387,388,389,391,392,393,394,395,396,397,398,399,400,401,402,404,405,406,407,408,409,410,411,412,413,414,415,416,417,418,419,420,422,423,424,427,428,429,430,431,432,434,435,437,439,441,442,445,446,448,450,451,453,454,455,456,458,460,464,466,471,472,473,476,477,479,481,483,487,488,494,499,501,504,505,507,518,523,605
7,68,73,74,77,78,79,80,81,82,83,84,85,86,87,88,89,90,91,92,93,94,95,97,98,99,100,101,102,103,104,105,106,108,109,110,111,112,113,114,115,116,117,119,120,121,122,124,125,126,127,128,129,130,131,132,133,135,136,138,140,141,145,147,151,156,157,158,165,167,168,169,170,171,173,174,176,177,178,179,180,181,182,183,184,185,186,187,188,189,190,191,192,195,196,197,198,199,200,201,202,207,209,211,215,217,218,219,221,222,224,225,229,230,233,234,235,236,240,244,247,248,250,251,252,254,255,257,258,259,260,261,262,263,264,266,267,268,269,270,271,272,273,274,275,276,277,278,279,280,281,282,283,284,285,286,287,288,290,291,292,293,294,296,297,298,299,301,303,304,305,306,307,308,309,311,312,313,314,315,316,317,318,319,320,321,322,323,324,325,326,327,328,329,330,331,332,333,334,335,336,337,338,339,340,341,342,343,344,345,346,348,349,350,352,353,355,356,357,358,360,361,362,363,364,365,366,368,370,371,372,373,374,375,376,377,378,379,380,381,382,384,385,387,388,391,393,396,398,399,400,403,404,405,408,413,414,417,420,429,431,433,435,438,441,451,452,453,454,457,459,462,464,469,472,519,527
8,41,63,68,71,72,73,75,76,77,78,79,80,81,82,83,84,86,87,88,89,90,91,92,93,94,95,97,98,99,100,101,102,103,104,105,106,107,108,109,110,111,112,113,114,115,116,117,118,119,120,121,122,123,124,125,126,127,128,129,130,131,133,134,135,137,138,139,140,141,142,143,144,145,146,147,148,149,150,151,152,153,155,156,162,163,164,165,167,168,169,171,172,173,174,175,176,177,178,179,180,181,183,184,185,186,187,188,189,190,191,192,193,197,199,201,202,203,205,210,212,213,214,215,217,218,219,220,221,222,223,226,227,228,229,230,231,233,235,236,237,240,242,244,245,246,247,248,250,251,253,255,257,258,259,260,261,263,265,272,276,277,279,280,281,282,283,284,286,288,290,292,293,295,296,297,298,299,302,305,306,307,308,310,311,313,314,315,316,317,318,319,321,324,326,327,328,332,333,334,336,337,339,341,342,344,345,347,348,349,350,351,353,356,357,358,361,363,364,366,367,368,369,371,372,375,376,378,379,380,381,383,384,386,387,388,391,394,396,398,400,403,406,409,410,414,416,418,421,423,424,427,428,434,436,438,440,442,443,446,447,450,453,455,456,457,458,463,472,493,510,519,683
9,68,69,72,74,75,76,77,78,79,82,83,85,86,87,88,89,90,91,92,93,94,96,97,98,99,100,101,102,103,105,106,107,108,109,110,111,112,113,114,115,116,117,118,119,120,121,122,123,124,125,126,127,128,129,130,131,132,133,134,135,136,137,138,139,140,141,142,143,144,145,148,150,151,152,153,154,155,157,159,161,163,164,165,166,167,169,172,175,176,177,178,179,180,181,182,183,184,185,186,187,188,189,191,192,193,194,195,197,198,200,201,202,203,204,205,206,207,208,210,211,213,215,216,217,218,219,224,225,226,227,228,229,231,232,235,236,237,239,242,244,246,247,250,253,255,256,257,258,259,262,265,266,268,269,270,274,275,276,277,278,279,280,282,285,289,290,293,294,297,298,299,300,301,302,303,304,305,306,307,308,309,311,313,314,315,316,317,319,322,323,324,326,327,328,329,330,332,333,334,335,337,338,339,341,343,344,345,346,347,350,351,352,354,355,356,358,361,363,364,365,366,368,372,373,374,375,377,378,379,380,382,383,385,387,389,390,392,398,399,400,402,405,406,408,410,414,424,425,428,432,435,438,439,440,443,448,452,461,465,469,471,490,520,546,632
10,6,63,66,73,74,75,76,77,78,79,80,81,82,83,84,85,86,87,88,89,90,91,92,93,94,95,96,97,98,99,100,101,102,103,104,105,107,109,111,112,113,115,116,117,118,119,121,122,123,124,126,127,128,129,130,132,133,134,136,137,138,139,141,142,143,145,146,148,150,151,152,153,154,155,156,158,159,161,162,163,165,167,170,171,172,173,175,176,177,178,179,181,182,183,184,185,186,187,188,189,190,191,193,194,195,196,198,199,200,202,203,204,208,209,210,211,214,215,216,217,219,221,222,223,224,225,228,229,230,232,233,234,236,238,239,240,241,242,248,250,251,252,253,254,255,256,258,260,264,267,269,270,275,276,277,280,283,290,291,294,295,298,300,301,303,304,305,306,308,309,310,311,312,313,314,315,316,317,318,319,320,321,322,324,325,326,328,329,331,332,336,338,339,340,341,342,344,346,347,348,349,350,353,354,356,358,360,362,366,367,369,370,371,372,373,375,379,380,381,382,383,387,391,393,397,400,402,404,406,407,408,410,411,416,417,422,429,430,432,433,435,437,445,447,448,449,454,455,465,476,480,494,506,528,529,535,540,694
11,21,26,70,73,75,77,78,80,81,82,83,84,85,86,87,88,89,90,91,92,93,94,95,96,97,98,99,100,101,102,103,105,106,107,108,109,110,112,114,115,116,118,119,120,121,123,124,125,126,127,128,129,130,133,136,137,138,139,140,143,144,145,146,147,148,149,152,153,155,156,157,159,160,161,162,163,164,170,172,175,176,177,178,182,184,185,186,187,188,189,190,191,192,193,194,195,196,197,199,201,202,204,207,208,210,212,213,214,218,219,224,225,226,230,231,232,233,235,236,238,240,243,244,245,246,251,253,255,259,261,262,263,265,266,269,270,276,277,278,280,283,284,288,290,294,295,296,298,301,302,305,306,309,310,311,315,316,318,319,320,321,322,323,326,328,329,332,334,335,337,339,341,342,343,345,346,347,348,349,351,352,353,357,359,360,363,364,365,366,367,368,371,374,375,376,377,378,380,381,382,387,388,389,392,394,395,397,399,400,401,405,406,409,411,412,413,423,427,429,431,432,434,436,439,441,442,444,445,446,454,459,462,464,466,470,471,474,475,483,493,499,500,510,596,653
12,71,73,75,77,78,79,80,82,84,85,86,87,88,89,90,91,92,93,95,96,97,98,100,101,102,103,104,105,106,107,108,109,110,111,112,113,114,115,116,117,119,120,121,122,123,124,125,126,127,128,129,131,132,134,135,136,137,138,141,142,143,145,147,148,149,152,153,155,156,157,158,161,163,164,168,169,170,174,175,176,177,178,179,180,181,183,184,188,189,190,191,192,193,194,196,199,200,202,204,205,206,207,209,210,211,212,213,215,217,218,219,221,223,227,230,231,234,236,237,239,241,245,247,251,252,253,261,271,272,274,275,276,278,281,282,288,289,290,291,292,294,295,300,302,304,307,308,310,313,314,316,317,318,320,321,322,323,327,328,329,332,333,338,339,340,341,342,343,344,345,346,347,348,349,350,354,355,356,357,360,361,362,364,367,369,370,371,373,375,376,380,381,383,384,385,386,387,388,389,390,392,394,395,396,397,398,399,400,401,405,406,409,412,415,418,419,421,423,424,425,426,430,433,437,439,444,446,450,451,452,454,457,458,461,462,463,465,466,469,470,474,475,476,477,479,485,491,498,511,645,680
13,67,71,72,73,74,76,77,78,79,80,81,82,83,84,85,87,89,90,91,92,93,94,95,97,98,101,102,103,104,105,106,107,108,109,110,111,112,114,115,116,117,118,119,120,121,122,123,125,126,127,128,129,131,132,133,134,135,136,137,138,140,141,142,143,144,145,146,147,150,154,155,158,161,162,163,164,165,167,169,170,172,174,175,176,177,179,180,181,183,184,187,188,189,190,191,192,193,194,195,196,199,204,205,207,208,211,213,217,218,220,222,229,231,237,238,242,244,245,247,249,251,259,261,263,264,265,266,268,269,272,277,279,282,285,286,289,290,292,296,299,301,304,305,306,307,313,314,315,316,317,319,321,324,327,328,329,330,333,334,335,339,340,344,347,348,349,351,352,355,356,357,360,364,365,366,367,368,370,372,373,375,376,377,378,379,380,386,387,388,390,391,393,394,395,396,397,404,405,407,409,415,416,418,421,422,424,425,426,427,428,430,432,434,436,439,442,444,446,451,456,464,465,467,473,479,482,486,502,510,512,518,535,579,695
14,24,70,71,72,73,74,75,77,78,79,80,81,82,83,84,86,87,88,89,90,91,92,94,95,96,97,98,101,102,103,105,106,108,109,110,112,113,114,117,118,119,120,121,122,123,124,125,128,129,130,131,132,134,135,136,138,139,140,141,142,144,145,146,147,148,149,150,151,152,154,157,158,159,161,162,163,164,165,168,169,173,174,176,177,178,179,180,181,185,186,187,189,191,193,196,198,200,201,202,204,205,206,208,209,211,212,213,214,215,216,217,221,222,223,224,225,226,227,232,235,239,240,242,243,245,246,248,249,251,252,255,257,260,262,265,267,269,271,272,273,274,275,276,280,281,285,290,297,299,302,311,312,313,314,317,319,321,323,324,327,329,332,335,338,340,341,342,343,344,345,346,349,352,353,355,359,360,361,362,367,379,380,383,389,396,397,398,401,402,403,404,406,407,410,412,416,417,419,422,425,426,429,436,437,439,440,441,445,446,448,454,455,460,461,463,467,480,481,487,490,493,508,524,532,537,561,622
15,54,65,68,71,72,74,75,78,79,80,81,82,83,84,85,86,87,88,89,90,91,92,94,95,97,98,99,100,101,102,103,104,105,106,107,108,109,110,111,112,113,114,115,116,118,119,120,122,123,125,126,127,128,129,130,132,135,136,137,138,139,140,141,145,146,147,148,149,150,151,152,153,154,155,158,162,163,165,167,169,171,172,174,175,176,177,179,181,182,183,184,185,186,188,191,192,194,196,198,199,201,202,204,205,206,207,208,209,210,212,215,218,224,225,230,233,234,236,237,239,243,246,251,252,257,258,261,264,266,270,271,274,280,284,292,299,301,303,309,310,311,312,316,317,318,320,321,325,326,327,329,330,333,337,339,340,342,343,345,346,347,348,349,350,353,356,357,358,359,363,364,366,367,369,373,375,377,379,381,382,387,388,390,392,394,395,396,398,399,402,403,406,408,410,411,415,416,420,422,423,427,431,436,439,440,448,455,457,471,474,479,481,483,486,493,509,565,587,616
16,62,65,68,71,73,74,75,76,77,78,81,82,84,85,86,87,88,89,90,91,92,93,94,95,96,98,101,102,104,106,107,108,109,110,111,112,113,114,115,116,117,118,119,122,123,124,126,127,128,129,130,131,133,134,135,136,137,138,140,141,142,143,146,148,149,150,151,152,153,154,155,156,157,158,159,160,161,162,165,166,168,170,171,172,181,182,184,187,188,189,193,196,197,198,200,201,204,209,210,216,218,219,220,226,227,229,230,238,239,240,242,246,247,248,249,254,256,262,266,268,272,274,275,276,277,282,286,290,293,299,300,302,305,307,311,316,319,320,321,322,325,326,327,330,332,333,342,343,348,349,350,354,356,357,358,359,363,364,365,368,369,374,376,377,381,382,384,385,387,397,400,402,403,406,408,413,414,420,423,427,433,436,438,440,446,447,454,463,478,481,485,526,529,532,549,557,558,607,629
17,68,70,71,72,73,74,76,78,79,81,82,83,84,85,86,87,88,89,91,93,94,95,96,97,98,99,100,101,102,103,104,105,106,107,110,111,112,113,114,115,116,117,119,120,121,122,124,125,126,128,129,131,133,134,136,138,139,140,141,144,145,147,148,149,151,158,161,162,163,169,170,172,173,174,175,177,179,183,184,185,186,189,194,195,196,197,198,200,202,203,208,210,219,224,225,226,227,228,233,234,238,242,245,246,247,250,254,255,258,259,262,263,264,265,267,268,269,272,273,274,276,277,278,279,282,283,284,285,286,287,288,289,291,294,296,297,298,299,300,305,306,308,310,313,315,316,317,318,319,323,324,326,327,328,331,332,333,335,336,337,338,340,341,342,344,348,349,350,352,355,356,357,359,360,361,363,364,365,367,368,373,375,377,378,380,381,387,391,398,399,402,403,406,413,417,422,423,425,432,434,440,441,444,445,449,450,452,460,467,478,482,494,518,524,583
18,65,70,71,72,75,76,79,81,82,83,86,87,88,89,90,91,92,93,94,95,96,98,99,100,101,103,104,105,106,108,109,110,111,112,113,114,115,117,120,121,122,123,125,126,128,130,131,133,134,135,136,137,138,139,140,141,144,146,147,150,151,152,154,155,156,157,158,161,164,167,174,175,176,181,182,187,188,189,191,192,193,195,196,197,201,208,209,214,230,231,234,238,248,249,253,258,260,263,268,270,271,272,275,278,279,284,285,286,287,297,298,300,308,309,310,311,312,313,315,318,321,322,323,325,327,331,337,338,340,342,346,350,352,353,355,356,358,361,362,369,372,374,375,376,379,380,381,390,397,400,403,407,408,410,411,414,416,419,421,423,434,438,445,454,456,460,466,468,470,472,478,480,484,494,509,515,537,557,651
19,68,71,73,74,79,80,81,83,85,86,88,89,90,92,94,95,96,97,99,100,101,102,103,105,106,107,108,109,113,114,116,117,118,120,125,127,129,131,134,135,137,138,140,141,142,144,147,148,150,154,155,158,159,164,168,171,174,175,181,184,187,188,192,193,196,199,200,201,206,207,208,210,211,212,214,222,223,229,231,244,247,249,250,255,257,268,270,273,274,275,277,278,279,281,289,291,296,303,305,307,310,311,313,314,316,318,320,321,333,344,346,348,349,351,355,357,358,362,366,368,369,371,374,380,381,385,387,388,389,393,413,417,425,426,434,450,452,454,455,461,469,495,531
20,61,66,68,69,70,71,74,77,78,79,80,82,83,84,85,87,88,89,90,91,92,93,94,95,96,98,99,100,101,102,103,105,106,107,108,109,111,112,113,114,115,116,119,120,121,123,124,126,127,129,130,132,133,135,136,137,141,143,145,147,149,150,152,153,154,156,159,160,162,168,176,177,178,181,184,185,186,188,190,191,194,197,203,205,223,229,231,234,235,236,237,238,239,240,241,243,249,253,255,259,266,271,274,276,280,290,296,304,306,312,318,327,330,331,333,334,335,339,350,355,357,361,362,368,370,371,376,377,400,410,426,432,434,435,443,578
21,58,64,75,76,78,79,80,81,84,85,87,89,91,95,96,97,98,99,100,101,105,108,109,110,112,116,117,120,121,122,123,124,128,129,134,135,136,138,141,142,144,145,147,149,151,152,153,154,155,156,162,163,167,170,173,181,186,187,188,190,193,198,207,208,209,210,211,212,220,221,228,239,260,265,287,289,290,291,302,314,319,325,342,352,370,378,384,387,436,456,486,683
22,63,65,69,71,73,80,82,91,97,98,104,106,107,111,114,115,124,126,129,134,135,138,140,143,145,146,147,153,197,198,235,238,243,254,272,303,333,671
23,32,65,66,103,112,128,145,164,198,658
24,56,334,445,514,596
25,450,538,551,645,647
26,34,41,531,601,696
27,5,8,12,21,34,53,456,469,549,560
28,9,35,50,293,612,622
29,11,22,28,434,473,484,501
30,48,283,404,607,655
31,4,25,42,50,67,145
32,4,417,474
33,
34,163,213,524
35,55,288,512,579,628,656,666
36,361
37,468
38,612
39,22,34,114,259,401
40,33,318,405,488,580,582,639
41,1,8,480,623
42,30,392,462,546,578,611,625
43,11,45,341,546,570,671
44,303,494
45,115,140,287,364,365,382,391,531,563,583,623
46,27,218,281,497,593,685
47,159,169,238,541,653
48,86,317,335,341,398,499,580,632
49,126,473,567
50,52,161,177,210,366,533,618,684
51,142,143,162,251,295,298,405,496
52,327,379,416,557,605,618
53,23,54,125,158,624
54,15,59,152,164,360,362,419,443,459,513
55,8,21,136,160,171,202,260,317,374,550,640,655
56,52,169,204,223,241,452,587,667
57,68,294,388,558
58,49
59,
60,
61,
62,
63,
64,
65,
66,
67,
68,
69,
70,
71,
72,
73,
74,
75,
76,
77,
78,
79,
80,
81,
82,
83,
84,
85,
86,
87,
88,
89,
90,
91,
92,
93,
94,
95,
96,
97,
98,
