10
0,370
1,71,134,261,323,467,526,562,579,680
2,63,68,71,72,78,79,81,82,84,89,90,91,159,194,358,428,445,461,659
3,67,68,69,70,71,73,74,76,77,78,79,80,81,82,83,84,85,86,87,88,89,90,91,92,93,94,95,96,103,156,168,189,293,309,318,357,364,399
4,63,66,67,68,69,70,71,72,73,74,75,76,77,78,79,80,81,82,83,84,85,86,87,88,89,90,91,92,93,94,95,96,97,98,99,100,101,102,103,104,105,106,107,108,110,111,112,113,115,118,119,120,121,122,126,127,130,133,136,140,142,147,150,158,169,175,178,189,192,205,677,692
5,61,64,65,67,68,69,70,71,72,73,74,75,76,77,78,79,80,81,82,83,84,85,86,87,88,89,90,91,92,93,94,95,96,97,98,99,100,101,102,103,105,106,107,108,109,110,111,112,113,114,115,116,117,118,119,120,121,122,123,125,126,127,128,129,131,132,133,134,135,136,137,138,139,140,141,142,143,144,145,146,147,148,149,150,151,152,153,154,155,156,157,158,159,160,162,163,165,166,167,168,170,171,172,173,174,175,176,177,178,180,181,182,185,186,189,190,191,192,194,199,203,204,207,208,212,219,223,227,237,252,347,437,495,498,560
6,54,61,62,64,65,66,67,68,69,70,71,72,73,74,75,76,77,78,79,80,81,82,83,84,85,86,87,88,89,90,91,92,93,94,95,96,97,98,99,100,101,102,103,104,105,106,107,108,109,110,112,113,114,115,116,117,118,119,120,121,122,123,124,125,126,127,128,129,130,131,133,134,135,136,137,138,139,140,141,142,143,144,145,146,147,149,150,151,152,153,154,155,156,157,158,159,160,161,164,165,166,167,168,169,170,171,172,173,174,175,176,177,178,179,180,181,182,183,184,185,186,187,188,189,190,191,193,194,195,196,197,198,199,200,202,206,207,208,209,210,212,213,215,216,217,218,220,221,222,223,224,225,226,229,230,233,234,236,238,241,242,249,251,255,256,262,276,278,284,317,434
7,58,59,62,63,64,66,67,68,69,70,71,72,73,74,75,76,77,78,79,80,81,82,83,84,85,86,87,88,89,90,91,92,93,94,95,96,97,98,99,100,101,102,103,104,105,106,107,108,109,110,111,112,113,114,115,116,117,118,119,120,121,122,123,124,125,126,127,128,129,130,131,132,133,134,135,136,137,138,139,140,141,142,143,144,145,146,147,148,149,150,151,152,153,154,155,156,157,159,160,161,162,163,165,166,167,168,169,170,171,172,174,175,176,177,178,179,180,181,182,184,185,187,188,189,190,191,192,193,194,196,198,199,200,201,203,204,205,206,207,208,209,210,211,213,214,215,219,221,223,224,227,228,229,230,233,234,240,241,242,249,251,252,254,256,258,259,267,272,282,285,288,308,321,330,434,453,591,674,681
8,59,60,63,64,65,67,68,69,70,71,72,73,74,75,76,77,78,79,80,81,82,83,84,85,86,87,88,89,90,91,93,94,95,96,97,98,99,100,101,102,103,104,105,106,107,108,109,110,111,112,113,114,115,116,117,118,119,120,121,122,123,124,125,126,128,129,130,131,132,133,134,135,136,137,138,139,140,141,142,143,144,145,146,147,148,149,150,151,152,153,154,155,156,157,158,159,160,161,162,163,164,165,166,167,168,169,170,171,172,173,174,176,177,178,179,180,181,182,183,184,185,186,187,188,189,190,191,193,197,198,199,200,201,203,204,205,206,207,208,209,210,212,214,215,217,219,220,221,222,224,225,226,228,229,230,231,232,233,234,236,237,238,240,242,245,247,248,260,261,262,263,264,265,270,271,277,284,289,293,294,295,300,305,306,309,311,317,323,324,325,335,344,378,668
9,60,61,62,64,65,66,68,69,70,71,72,73,74,75,76,77,78,80,81,82,83,84,85,86,87,88,89,90,91,92,93,95,96,97,98,99,100,101,102,103,104,105,106,107,108,109,110,111,112,113,114,116,117,118,119,120,121,122,123,124,126,127,128,129,130,131,132,133,134,135,136,138,140,141,142,143,144,145,146,147,148,149,150,151,152,153,154,155,156,157,158,159,160,161,162,163,164,165,166,167,168,169,171,172,173,174,175,176,177,179,180,181,183,184,185,186,188,189,190,192,193,194,195,196,197,198,199,200,201,202,203,204,205,206,207,209,210,211,212,213,215,216,218,219,220,221,222,223,224,227,228,229,230,231,232,233,234,235,237,238,240,243,244,245,248,249,250,251,252,253,255,258,262,263,270,272,273,276,280,282,290,295,301,305,309,341,369,375,590
10,35,45,58,60,62,64,67,68,71,72,73,74,75,76,77,78,79,80,81,82,83,84,86,87,88,89,90,91,92,93,94,95,96,97,98,99,100,101,102,103,104,105,106,107,108,109,110,111,112,114,115,116,117,118,119,120,122,123,124,125,126,127,128,129,130,131,132,133,134,135,137,138,139,140,141,142,143,144,145,146,147,148,149,150,152,153,154,155,156,157,158,159,160,162,163,164,165,167,168,169,170,171,172,174,175,176,177,178,179,180,181,182,184,185,186,187,188,189,190,192,193,195,196,197,198,199,200,201,202,203,204,205,206,207,208,209,210,211,212,213,215,216,217,218,219,220,223,224,225,226,227,228,230,231,233,235,236,237,239,240,242,245,249,250,253,254,256,259,260,261,264,268,269,272,273,274,279,280,282,284,290,292,301,302,303,316,319,320,326,356,373,425,502
11,54,62,63,65,66,67,68,69,72,73,74,75,77,78,79,80,81,83,84,85,86,87,88,89,90,91,92,93,94,95,96,97,98,99,100,101,102,103,104,105,107,108,109,110,111,112,113,114,115,116,117,120,121,122,123,124,125,126,127,128,129,130,131,132,133,134,135,136,139,140,141,143,144,145,146,150,151,152,153,154,155,156,157,158,159,160,161,162,163,164,165,167,168,170,171,173,174,175,176,177,178,179,180,181,182,183,184,186,187,188,190,191,192,193,194,195,196,197,198,199,200,201,202,203,204,206,208,210,211,212,213,214,217,218,219,221,222,223,225,226,227,229,231,233,234,235,236,237,242,243,244,245,250,251,255,257,259,261,262,263,264,270,274,283,284,285,289,293,300,306,310,315,323,333,359,373,393,405,408,425,440,554,564
12,3,65,68,70,71,72,73,74,75,76,77,78,79,82,83,84,85,86,87,88,89,90,91,92,93,94,95,96,97,98,99,100,101,102,103,104,105,106,107,108,109,110,111,112,113,114,115,116,117,118,119,120,121,122,123,124,125,126,127,128,129,130,131,132,133,134,135,136,137,138,139,141,142,143,144,145,148,150,151,153,154,155,156,157,158,161,162,163,164,165,166,167,168,169,171,172,173,174,175,176,177,178,179,180,181,182,184,185,186,188,189,191,192,193,194,195,196,197,198,199,200,201,202,204,205,206,207,208,209,210,211,212,213,214,215,216,217,219,221,222,224,225,227,228,229,230,231,233,235,237,238,239,241,242,243,245,248,249,251,252,253,258,259,260,261,262,265,266,267,268,269,270,282,283,284,285,290,292,308,313,316,317,327,337,339,344,345,350,367,376,384,395,419,622
13,24,61,62,63,64,65,67,68,69,70,71,73,74,75,76,77,78,79,80,81,82,83,84,85,86,88,89,90,92,93,94,95,96,97,98,99,100,101,103,104,105,106,108,109,110,111,112,113,114,115,116,117,118,119,120,121,122,124,125,126,127,128,129,130,132,133,134,135,136,137,138,139,140,143,145,146,147,148,149,150,151,152,154,157,160,163,164,165,166,167,168,169,170,171,172,173,174,175,176,177,178,179,180,181,182,183,184,185,186,187,188,189,190,191,192,193,194,195,196,197,198,199,200,201,202,203,204,205,206,207,209,210,212,213,215,216,217,219,221,222,223,224,225,226,229,230,232,233,234,236,237,238,239,240,241,242,243,247,248,249,251,252,254,256,257,258,259,264,267,271,273,274,275,277,282,285,287,294,298,305,307,310,325,326,335,338,362,377,380,388,389,425,485
14,6,63,68,69,70,71,72,73,74,75,76,77,78,79,80,81,82,83,84,85,86,87,88,89,90,91,92,93,94,95,96,98,99,100,101,102,103,104,106,107,108,110,111,112,113,115,116,117,118,119,120,121,122,123,124,125,126,127,130,131,132,133,134,135,136,137,139,140,142,143,144,145,146,148,149,150,151,152,153,154,155,156,157,158,160,161,162,167,168,169,170,171,172,173,174,175,176,177,178,179,180,181,182,184,185,186,187,188,189,190,191,192,193,194,195,197,198,199,200,201,202,203,204,205,207,208,209,210,212,213,214,215,217,219,220,223,224,226,227,228,230,232,233,235,241,247,248,249,250,251,255,256,258,259,260,263,264,267,268,269,270,271,275,276,290,294,298,301,310,311,315,319,322,337,338,347,349,409,539,543,590,665
15,57,63,64,65,67,70,71,72,73,74,75,76,78,79,81,83,84,85,86,87,89,91,92,93,94,95,96,97,98,100,101,102,103,104,105,106,107,108,109,110,111,112,113,114,115,116,117,118,119,121,122,123,125,126,127,129,130,131,132,133,134,136,138,139,140,141,143,144,145,146,147,148,150,151,152,153,155,156,157,158,159,160,161,162,163,164,165,167,168,170,171,172,173,175,176,177,178,179,180,181,182,183,184,185,186,187,188,189,190,191,192,193,194,195,196,197,198,199,200,201,202,203,204,205,206,207,208,209,210,211,212,213,215,216,217,218,224,225,226,228,231,232,234,235,238,239,240,241,243,245,247,248,249,254,257,258,260,261,266,267,269,271,273,293,299,301,303,305,309,321,331,336,346,349,385,394,398,489,536
16,13,18,65,76,80,82,83,84,85,86,87,88,89,90,91,92,93,94,95,96,97,98,99,100,103,104,105,106,108,109,110,111,112,113,114,115,117,118,120,121,122,123,124,125,126,127,128,129,130,131,132,134,135,136,137,138,139,140,141,143,145,146,148,150,151,152,154,155,156,157,158,159,161,163,164,165,166,168,170,171,172,173,174,175,176,177,178,179,180,181,182,183,185,186,187,188,189,190,192,193,194,195,196,197,198,199,200,201,202,203,204,208,209,210,212,213,214,215,216,217,219,220,221,226,228,229,230,231,232,233,234,235,239,240,241,243,246,249,250,251,252,254,256,257,258,265,266,272,273,275,276,277,278,280,284,285,286,290,291,293,296,303,308,318,334,338,354,469,686
17,57,66,77,78,79,81,82,84,85,86,88,89,90,91,92,93,95,96,97,98,100,101,106,107,108,109,110,111,112,113,115,116,117,118,119,121,122,123,124,125,127,128,129,130,131,132,134,137,139,144,145,146,147,148,149,150,151,152,153,154,155,156,157,158,160,162,163,164,165,166,167,168,169,170,171,172,173,175,176,177,178,179,180,181,183,184,185,186,187,188,190,191,192,193,194,195,196,197,198,199,200,201,202,203,204,205,206,207,209,211,212,213,214,215,216,217,218,219,220,221,222,223,224,225,226,229,231,233,235,236,237,238,239,240,242,243,244,247,249,250,251,253,255,257,259,261,262,263,267,269,270,271,272,273,276,278,279,280,284,285,287,288,291,294,297,307,313,319,324,327,331,335,351,353,356,375,389,395,401,415,454,563,577
18,79,82,83,85,87,88,89,91,94,96,97,98,99,101,102,103,104,106,107,109,110,111,112,113,114,115,116,117,118,120,121,122,123,124,125,126,127,129,130,131,132,134,135,136,137,138,139,140,141,142,145,146,147,150,152,154,159,163,165,166,168,172,173,174,175,176,177,178,179,181,182,183,184,186,187,188,189,191,192,193,194,196,197,198,199,200,201,202,203,204,205,206,207,208,210,211,212,213,214,215,216,217,218,219,220,221,222,223,224,225,226,227,228,229,230,231,232,233,234,235,237,238,239,240,241,242,243,244,245,246,247,248,250,252,253,254,256,257,258,259,260,261,262,263,265,266,267,268,269,270,271,272,273,274,275,277,280,282,283,284,286,287,289,290,291,292,293,295,296,302,304,305,307,310,311,312,314,315,317,318,327,328,330,333,334,335,337,342,343,345,353,357,367,368,377,421,689
19,76,81,84,85,86,87,88,91,95,96,97,98,99,100,101,104,105,107,108,110,111,112,114,119,120,121,122,123,126,127,131,132,133,135,139,140,142,146,148,149,150,151,154,155,157,159,162,166,167,172,173,174,175,176,177,179,180,181,182,184,185,186,187,188,189,190,191,192,193,194,195,197,200,201,202,203,204,205,206,208,209,210,211,213,214,215,216,217,218,220,221,222,223,224,225,226,228,229,232,233,234,235,236,237,238,239,241,242,243,244,245,246,247,248,249,250,251,252,254,255,256,257,258,259,261,262,263,264,265,267,268,269,270,271,272,273,274,275,276,277,281,282,283,284,287,288,289,290,292,294,296,300,301,302,303,305,308,309,310,311,319,322,323,324,327,329,331,333,336,337,342,343,351,353,354,357,358,361,365,371,376,398,440,634,654
20,70,76,77,78,79,81,83,85,86,90,91,92,93,94,96,98,99,100,101,103,104,105,107,108,109,110,112,113,115,116,117,118,119,121,124,126,127,128,129,132,134,135,136,137,138,140,143,144,145,149,150,151,152,153,155,156,157,159,161,162,165,167,168,170,173,174,176,178,179,180,181,182,184,185,187,188,189,190,192,194,196,197,198,199,200,201,202,203,205,206,207,208,209,211,212,213,214,215,216,217,219,220,222,223,224,225,226,227,229,230,231,232,233,235,236,237,238,239,240,242,243,246,247,248,250,252,253,254,255,256,257,258,259,260,261,263,264,265,266,267,269,270,271,272,274,278,280,281,282,285,289,293,294,295,297,300,304,311,314,315,318,320,326,334,335,336,338,341,356,375,407,457,462,480,515,613,616,678
21,78,79,81,85,86,87,88,89,90,91,92,93,94,95,96,97,98,101,103,104,106,107,110,111,112,113,114,115,116,117,118,119,121,122,123,125,127,129,131,132,133,136,137,138,139,143,145,153,154,158,162,163,164,167,170,171,175,177,178,179,180,182,184,185,187,188,189,190,191,192,193,194,196,197,198,199,201,203,204,205,208,209,210,212,220,221,222,223,224,225,226,227,228,231,232,236,237,238,240,242,243,245,247,249,250,252,255,256,257,258,259,264,266,268,269,270,271,273,274,278,279,280,281,282,283,288,289,291,292,294,298,299,300,303,304,307,308,311,313,315,317,318,322,323,325,329,331,338,339,345,352,360,367,374,400,402,416,436,458,570
22,56,72,77,78,79,80,81,82,84,85,87,88,89,90,91,92,93,94,96,98,99,100,102,103,105,106,107,108,110,111,112,117,118,119,120,121,122,123,124,125,126,127,128,130,131,133,138,140,141,142,143,144,146,149,151,155,159,160,161,163,164,169,170,173,174,175,176,177,178,181,182,183,185,187,188,189,190,192,193,194,195,198,199,200,201,202,203,204,205,206,208,209,210,212,214,217,218,220,221,224,225,226,228,229,230,231,232,233,235,238,240,241,242,244,247,248,250,252,254,255,258,259,260,262,263,265,266,269,271,273,274,275,276,277,279,280,281,282,287,294,295,296,298,299,303,304,307,308,311,318,321,324,330,334,337,340,341,346,357,360,388,406,415,444,467,476,681
23,71,73,75,78,80,81,83,84,85,86,89,90,91,93,94,95,96,98,99,100,101,102,104,105,106,107,108,109,113,115,116,120,121,122,123,124,125,127,130,131,132,133,134,135,136,137,138,141,142,144,147,148,150,151,154,160,161,163,166,172,173,176,178,179,181,183,184,185,187,188,189,193,198,199,203,204,205,206,207,208,210,212,213,220,222,223,224,226,227,228,231,232,233,234,235,237,238,239,240,244,245,246,248,249,250,251,252,253,254,255,256,257,258,261,266,268,269,271,273,276,277,278,279,280,282,285,286,287,295,297,303,322,323,324,325,332,333,343,353,365,367,383,392,463,464,534,605
24,42,72,76,77,79,80,81,82,84,86,88,89,90,91,92,93,94,95,97,98,99,100,101,102,104,105,106,107,108,109,114,116,117,118,120,121,122,123,124,125,126,127,128,129,130,131,132,133,135,136,137,138,139,145,147,149,150,154,157,166,170,171,172,175,177,180,181,182,183,184,185,186,189,191,192,193,194,196,197,198,199,200,202,203,205,207,209,210,211,212,213,214,216,217,219,222,224,225,226,228,229,231,233,235,236,237,238,239,240,241,242,244,245,246,247,248,251,252,253,254,255,257,258,262,263,265,268,271,273,277,278,279,280,285,286,287,290,291,292,293,296,301,305,307,314,316,318,319,321,326,332,334,342,367,387,472,628,692
25,42,70,73,77,78,80,83,85,87,88,89,90,91,94,95,96,97,98,99,101,103,105,107,108,109,110,111,112,118,119,120,123,124,126,130,137,138,141,142,143,145,146,155,157,159,160,161,166,168,173,175,178,179,183,184,185,187,188,189,190,192,193,194,195,196,197,198,199,200,201,202,203,205,207,208,209,210,211,214,218,219,221,222,223,224,227,228,231,232,237,241,242,245,246,247,248,250,252,254,255,257,260,261,263,264,265,266,267,268,273,274,275,278,279,282,283,284,285,290,291,293,294,298,303,309,317,318,337,341,343,359,373,376,404,418,424,467,547,683
26,8,73,78,80,81,83,84,85,86,88,89,91,92,93,95,96,97,98,99,100,101,102,103,104,105,107,109,110,111,112,113,114,115,117,118,119,121,122,123,124,127,128,129,131,133,134,135,136,137,140,141,142,144,146,147,148,149,150,152,153,154,155,156,160,163,166,179,183,187,190,191,192,194,195,196,198,200,204,205,206,207,209,210,212,213,214,217,220,223,224,225,226,227,234,235,236,237,238,239,240,244,247,249,252,253,254,255,256,257,258,262,263,265,266,267,268,269,271,275,276,279,285,286,287,290,292,294,295,300,313,314,319,320,325,326,327,332,341,344,351,362,369,381,385,414,567
27,8,78,79,80,81,83,84,86,89,91,92,93,95,96,98,101,102,103,104,108,110,112,113,114,115,120,121,123,125,128,129,130,132,134,135,136,137,138,139,141,142,145,146,147,148,150,152,153,156,159,164,171,172,173,177,181,183,184,185,187,188,189,190,195,196,197,198,199,201,203,205,206,207,209,212,213,214,216,221,223,225,227,233,236,238,239,240,243,245,248,257,259,261,262,263,264,266,268,273,274,276,283,284,285,288,292,293,301,303,304,306,308,309,313,318,321,324,326,327,328,333,334,336,342,345,350,356,358,370,384,406,421,442,464
28,76,77,78,79,84,85,86,88,89,90,91,94,96,99,101,103,105,107,110,112,114,115,116,117,118,119,120,121,122,124,128,134,135,137,138,141,142,144,145,146,148,149,150,151,153,162,166,169,170,171,173,175,176,178,180,181,187,189,192,193,195,196,198,202,204,205,207,211,213,214,216,217,218,219,220,223,224,225,227,228,231,232,233,234,236,239,241,247,250,254,256,257,258,269,270,274,285,286,288,289,291,293,298,299,301,302,306,311,312,313,314,315,316,320,321,322,327,330,338,340,344,371,372,377,402,404,414,434,460,489
29,75,76,77,78,79,80,81,82,83,85,86,88,89,90,92,94,97,98,99,100,101,102,104,105,107,110,113,114,116,117,119,121,122,124,130,131,132,133,134,137,138,142,144,146,147,149,150,151,153,155,156,157,158,160,161,163,165,168,172,178,179,181,182,183,185,188,189,192,193,197,201,202,204,206,210,212,213,214,215,219,220,221,222,225,226,227,234,235,236,238,239,240,241,242,243,244,245,248,250,252,256,258,259,263,266,267,268,269,271,272,275,277,278,279,286,288,289,294,298,299,302,308,317,321,322,326,327,329,330,332,336,337,339,340,350,368,372,373,374,375,381,383,405,414,436,449,560
30,39,72,76,77,79,80,82,83,84,86,87,89,90,91,92,93,95,96,97,98,100,103,105,106,108,109,110,112,114,115,117,119,120,121,122,123,127,128,129,131,132,133,134,136,138,140,142,143,146,147,148,153,157,159,164,165,166,170,171,173,174,177,178,179,185,186,188,189,190,191,192,194,196,197,199,203,204,205,207,211,212,213,215,217,219,220,222,223,224,226,227,229,231,232,233,234,235,238,240,242,243,244,245,246,250,254,255,258,259,260,261,262,264,266,269,270,271,272,275,278,279,288,293,295,300,301,303,307,312,314,320,321,325,326,329,330,331,332,333,334,337,338,343,345,355,356,357,360,379,383,596
31,78,79,80,81,83,85,87,89,92,95,97,98,102,104,106,107,108,109,110,111,112,114,116,118,119,121,122,123,124,125,126,128,129,132,138,139,142,146,148,150,152,154,155,157,158,163,165,166,167,171,173,174,175,177,183,187,189,190,191,194,195,197,198,200,201,206,208,210,211,212,217,218,221,222,224,226,230,231,232,233,234,237,238,239,246,248,249,251,259,262,263,279,286,289,294,305,306,309,310,315,340,343,348,355,362,378,382,401,425,426,437,450,469,497
32,70,71,73,74,75,76,79,80,81,82,83,86,87,90,91,93,94,95,96,97,99,100,101,102,103,104,105,107,110,112,114,115,116,117,118,120,121,123,127,128,131,132,133,135,137,138,147,148,149,152,156,163,170,171,173,175,176,177,178,179,180,182,183,185,186,187,188,189,191,193,196,198,200,201,203,206,207,211,212,217,218,219,220,221,222,225,226,227,228,230,232,233,239,241,242,243,244,248,249,254,258,259,261,267,269,272,275,279,283,286,287,293,298,299,300,301,302,303,307,309,311,314,317,328,329,331,340,341,343,345,347,353,354,401,430,450
33,69,75,77,78,81,82,84,85,86,87,88,89,91,92,93,100,101,103,104,105,110,113,115,116,117,118,119,121,126,128,131,132,134,136,137,142,143,149,151,157,162,163,167,173,174,175,177,180,183,187,190,191,194,195,198,200,202,203,207,208,211,212,217,220,221,223,226,227,230,233,235,237,238,239,240,242,244,246,247,249,251,252,253,254,255,256,263,265,266,267,270,275,276,278,282,290,294,303,304,305,311,312,314,320,333,341,347,360,373,378,381,389,396,429,442,496,513,555
34,65,70,74,77,79,80,81,82,83,84,85,86,87,90,91,93,94,95,97,98,99,100,101,102,103,105,107,108,109,110,111,112,114,115,117,118,119,120,122,124,125,127,128,129,131,133,134,136,140,143,148,149,152,153,154,160,163,166,167,168,169,170,171,174,175,177,180,181,184,185,186,188,190,192,197,201,206,208,210,211,213,215,217,218,219,222,224,225,230,231,232,235,238,239,241,247,248,249,250,251,252,256,268,270,272,290,291,293,295,296,297,315,337,339,348,351,354,360,369,385,393,414,438,498,509,672
35,64,72,73,75,76,77,78,79,80,81,83,84,86,88,89,90,91,93,94,95,96,97,98,100,102,103,105,108,109,110,111,112,114,115,116,117,118,123,125,127,133,135,137,138,141,142,143,145,148,150,153,154,157,158,166,167,169,170,171,173,184,185,186,187,188,189,190,191,193,194,196,197,198,199,201,202,203,205,207,209,216,218,224,226,229,230,231,234,236,242,243,250,254,255,257,259,261,262,265,267,268,269,272,273,278,280,281,285,287,290,301,302,303,308,318,322,324,335,341,348,353,373,382,387,404,427,465
36,52,60,68,76,77,78,82,83,84,85,87,88,89,90,91,95,96,97,98,99,100,101,102,104,105,106,107,108,111,113,114,120,121,132,133,137,142,146,149,151,152,158,159,160,162,164,165,166,169,171,172,173,174,176,178,179,181,183,187,190,196,197,198,200,203,206,207,210,215,217,220,221,222,223,224,225,227,228,229,231,232,234,238,239,241,242,243,248,252,254,255,257,259,261,265,269,271,273,278,281,284,286,287,290,291,294,296,301,304,305,318,319,320,325,337,368,383,386,475,491
37,24,71,75,76,77,78,81,82,83,84,85,90,91,92,93,94,95,96,97,98,101,102,103,104,109,110,112,115,118,120,122,128,129,134,135,138,139,143,144,150,160,165,166,167,168,169,170,172,175,176,178,181,187,190,191,194,195,196,203,211,212,217,218,219,220,221,222,223,226,227,228,229,231,232,233,235,236,245,246,249,250,251,254,256,261,262,263,265,274,277,280,282,283,286,291,292,295,306,310,315,325,327,331,332,346,366,376,387,391,414,431,461
38,71,72,73,74,75,76,80,82,84,85,86,87,88,90,92,94,96,98,99,100,101,103,104,105,106,107,108,109,110,113,114,116,118,121,123,135,136,139,140,141,144,145,146,158,159,163,166,168,170,172,173,176,178,179,182,187,190,193,194,205,208,211,216,217,222,224,225,226,227,234,235,238,244,245,251,256,259,263,264,268,269,271,274,279,281,282,283,286,290,293,308,309,314,315,320,329,337,346,381,399,430,449,486,492,563
39,13,70,71,76,77,78,80,81,84,85,88,89,90,92,93,94,95,96,97,98,100,102,103,104,106,109,110,111,112,113,115,120,121,122,123,125,126,127,131,135,137,138,143,147,152,153,169,170,171,172,173,174,175,176,178,181,182,184,185,187,188,189,191,195,197,198,203,204,205,207,208,212,213,214,215,216,218,221,222,228,230,236,237,240,241,245,247,258,262,264,265,266,267,269,272,276,287,293,300,304,305,309,342,367,369,372,373,382,391,413,416,420
40,65,66,67,80,82,83,85,87,88,89,90,91,92,93,95,96,97,98,100,101,103,104,106,107,109,111,113,115,116,119,120,122,123,124,126,127,132,135,136,137,138,139,142,144,145,147,152,153,158,159,166,169,170,172,174,180,181,185,186,188,190,193,195,196,197,199,201,210,212,215,216,217,219,222,233,239,241,245,246,247,252,253,262,264,267,273,275,279,293,310,313,314,319,320,325,337,338,340,346,377,398,401,425,429
41,71,78,80,81,83,89,95,96,98,99,100,101,102,106,108,109,110,115,118,119,123,125,126,130,134,136,139,142,147,148,150,152,153,157,160,163,164,167,171,174,175,177,178,180,181,189,190,192,194,195,196,198,201,202,204,207,211,212,220,221,222,223,225,226,227,229,237,239,243,244,251,252,255,256,258,261,266,268,269,271,273,274,278,283,285,289,301,302,305,326,332,345,379,414,435,537
42,75,81,82,86,87,88,89,92,100,101,104,105,109,110,112,115,117,120,121,123,125,126,127,130,133,134,135,143,148,153,159,163,164,166,167,175,177,183,186,190,191,196,197,198,201,202,203,204,205,206,211,217,218,219,227,231,234,235,236,237,245,248,256,258,265,275,281,284,285,289,294,301,309,319,328,330,334,336,346,352,356,358,428
43,52,79,83,84,85,89,92,93,95,96,98,100,101,102,103,104,107,108,115,118,119,123,125,126,128,130,131,134,136,137,138,140,141,145,147,148,149,150,151,152,166,168,169,171,173,178,181,184,190,196,205,207,211,212,213,214,216,220,225,230,233,235,246,256,258,260,268,272,273,274,277,278,282,314,322,331,334,376,465,584,595,641,694
44,62,67,86,87,88,89,90,92,93,95,96,98,99,100,101,102,103,105,106,108,109,110,111,113,116,118,119,121,122,126,128,129,137,138,139,142,150,158,176,179,181,182,185,190,191,196,199,219,222,226,228,231,233,234,236,240,242,247,257,259,265,266,285,290,298,302,331,343,385,434,583,588,674
45,73,75,77,81,88,91,92,99,101,105,107,108,109,110,111,113,116,123,125,126,127,129,131,132,133,135,141,146,149,151,157,160,163,179,182,184,186,187,189,194,196,207,233,235,239,242,300,315,316,319,320,378,381,389,519,616
46,17,82,84,85,87,92,94,95,97,99,101,102,105,109,111,113,120,122,123,124,126,127,128,129,130,131,132,133,136,139,140,143,144,148,149,152,155,185,190,198,235,248,255,259,271,295,312,320,363,395,423,494,612
47,5,89,102,104,106,107,111,115,116,117,118,121,122,124,125,132,136,137,138,139,142,145,146,148,152,163,183,188,321,372,398,551
48,83,84,88,93,96,107,110,117,119,121,122,124,129,135,139,142,158,458,585,597,672
49,79,94,138,154,371,420,510,654
50,12,94,142,164,279,462
51,9,455,595
52,419,438,476,517,625
53,
54,59,63,185,418,599
55,40,334,510
56,529,565
57,315,344
58,44,304,506,534
59,36
60,
61,
62,
63,
64,
65,
66,
67,
68,
69,
70,
71,
72,
73,
74,
75,
76,
77,
78,
79,
80,
81,
82,
83,
84,
85,
86,
87,
88,
89,
90,
91,
92,
93,
94,
95,
96,
97,
98,
