16
0,494
1,14,164,327,489,577,654
2,28,182,243,356
3,70,72,73,76,78,79,80,81,82,89,90,93,94,99,102,104,112,119,178,213,490,591,616,632
4,63,65,66,68,69,70,71,72,73,74,75,76,77,78,79,80,81,82,83,84,85,86,87,88,89,90,92,94,95,96,97,98,99,101,102,103,104,106,107,110,111,112,114,116,121,122,123,130,131,138,151,208,246,337,380,646
5,6,58,60,63,64,65,66,67,68,69,70,71,72,73,74,75,76,77,78,79,80,81,82,83,84,85,86,87,88,89,91,92,93,94,95,96,97,98,99,100,101,102,103,104,105,106,107,108,109,110,111,112,113,114,115,116,117,118,119,120,121,122,123,124,125,126,127,128,129,130,131,132,133,134,135,136,137,138,139,140,141,143,145,146,148,151,153,158,159,165,177,183,184,193,198,210,243,264,283,475,538,620,661
6,56,57,58,59,61,62,63,64,65,66,67,68,69,70,71,72,73,74,76,77,78,79,82,83,84,85,86,87,88,89,91,92,93,94,96,97,98,99,100,101,102,103,104,105,106,108,109,110,111,112,113,114,115,116,117,118,119,120,121,122,123,124,125,126,127,128,129,130,131,132,133,134,135,136,137,140,141,142,143,145,146,147,148,150,151,152,153,156,157,158,159,160,162,163,165,168,169,170,172,173,174,175,176,177,181,182,183,184,186,187,188,189,191,193,195,197,198,204,206,207,211,213,216,217,218,221,223,238,239,242,258,274,310,320,367,506
7,5,52,55,58,59,60,61,62,63,64,65,66,67,68,71,72,73,74,75,76,77,78,79,80,81,82,83,84,85,86,87,88,90,91,92,93,95,96,97,98,99,100,101,102,104,105,106,107,108,109,110,111,113,114,115,116,118,119,120,121,122,123,124,125,131,132,134,135,136,137,140,147,150,152,156,161,162,164,165,166,167,168,169,170,171,175,176,177,178,179,180,181,182,183,185,188,189,190,191,194,195,196,199,200,202,204,205,206,207,210,211,213,214,215,217,219,221,223,227,228,236,240,249,250,253,259,260,270,280,283,287,334,399,538,582,627,651,656
8,32,34,56,58,59,61,62,63,64,65,66,67,68,70,71,72,73,74,75,76,77,78,79,80,81,82,83,84,86,87,89,90,91,92,93,94,95,96,98,99,100,101,102,104,105,106,107,108,109,111,112,114,116,121,122,124,125,126,127,128,129,131,132,133,134,135,136,138,139,140,146,151,156,158,159,160,161,162,163,164,165,166,167,168,170,172,174,175,176,181,182,183,185,186,188,190,194,197,198,199,200,202,206,209,210,211,212,215,218,219,222,224,226,227,232,245,252,263,264,268,274,280,282,283,320,350,381
9,56,58,59,60,61,62,63,64,65,66,67,68,69,70,71,72,73,75,76,77,78,79,80,81,82,83,84,85,86,87,88,89,90,91,92,93,94,96,97,98,100,102,104,105,107,110,111,112,113,116,117,118,120,121,122,124,125,126,128,129,130,135,138,140,143,144,149,153,154,157,158,159,160,162,163,164,165,166,168,169,171,172,173,174,176,177,178,179,181,183,187,188,189,191,193,200,202,203,205,214,215,216,217,220,221,223,232,235,253,263,267,288,321,324,350,361,491,593,687
10,54,56,58,59,61,62,63,64,65,66,67,68,70,71,72,73,74,75,76,77,78,79,81,82,83,84,86,89,90,91,92,93,95,96,97,98,99,102,103,104,105,106,107,108,109,110,111,112,113,114,115,116,117,119,120,121,122,123,125,126,127,128,130,132,133,135,136,138,139,141,142,143,144,145,146,147,149,150,153,154,158,159,161,162,163,164,165,167,170,171,173,174,175,176,177,179,181,182,183,186,187,189,191,199,210,212,215,225,229,234,248,249,264,288,306,428,533,552,616,674,685
11,54,56,57,58,59,60,61,62,63,64,65,66,68,69,71,72,73,75,76,77,78,79,81,82,84,85,86,87,88,93,94,95,96,97,98,99,100,101,102,104,105,106,108,109,110,111,112,113,114,115,116,117,118,119,120,121,122,123,124,125,126,127,128,129,130,131,132,133,134,135,137,138,139,141,142,144,147,149,151,152,153,155,159,162,163,164,165,166,167,168,169,170,172,173,182,183,184,187,188,189,197,201,202,205,207,208,209,211,221,229,230,237,252,254,318,335,376,606
12,19,50,56,59,63,64,66,67,68,69,70,71,72,73,74,76,77,78,79,80,81,82,83,84,85,86,87,88,89,90,92,93,94,95,96,97,98,99,100,101,103,104,105,106,107,108,109,111,112,113,114,115,117,119,120,121,122,123,125,126,127,130,133,134,136,137,138,139,140,142,145,146,153,156,159,163,164,165,166,167,168,169,171,172,174,175,176,177,178,180,181,183,190,191,193,196,199,200,201,203,204,205,209,210,212,213,216,217,218,219,226,229,231,238,240,243,244,247,248,249,250,260,261,262,263,265,294,297,314,327,335,394,456,603
13,52,53,63,64,65,67,68,69,71,73,74,75,76,77,79,80,81,82,83,84,86,87,88,89,90,91,92,93,94,95,97,98,99,101,102,103,105,106,107,108,109,110,111,112,114,115,117,118,120,121,122,123,124,125,126,127,130,131,132,134,135,136,137,138,139,140,141,142,143,144,145,146,147,149,153,155,156,157,158,159,161,162,163,164,165,166,167,168,169,170,171,173,174,177,179,184,186,188,189,190,191,192,194,198,199,201,202,206,207,208,211,214,216,217,220,223,229,232,236,238,240,242,246,252,269,270,284,308,312,360,596,673
14,63,64,66,67,68,69,70,72,73,74,75,76,77,78,79,80,81,82,83,84,85,86,87,88,89,90,91,92,93,94,95,96,97,99,100,101,102,105,106,107,108,109,110,113,114,115,116,117,118,119,120,121,122,123,124,125,126,127,128,129,130,131,134,135,136,137,138,139,140,142,143,144,145,148,149,150,159,160,161,162,163,164,165,166,167,168,169,172,173,174,175,176,177,178,179,180,181,182,183,184,185,186,187,188,189,190,191,192,194,195,196,199,202,204,206,207,209,210,211,214,217,220,221,224,227,234,235,236,238,241,242,245,257,258,290,327,335,359,458,549,565,569,635,638,639
15,60,63,65,66,68,69,71,73,74,75,76,77,78,79,80,81,82,83,84,85,86,87,88,89,90,91,92,93,95,96,97,98,99,100,102,103,104,105,106,107,108,109,110,111,113,115,116,117,119,120,122,123,124,125,127,128,129,130,132,133,136,137,138,139,140,142,143,144,145,146,147,148,150,151,153,155,156,157,159,160,161,163,164,165,166,167,168,169,170,171,172,173,174,175,176,177,178,179,180,181,182,183,185,186,187,188,189,190,191,192,193,194,195,196,197,198,199,203,204,205,206,207,208,209,210,211,213,214,215,216,217,218,220,222,223,225,229,232,234,238,242,243,244,245,246,247,249,251,253,255,256,260,261,262,263,265,266,270,272,273,294,306,318,319,349,373,407,571,575,586,601
16,51,63,68,71,73,74,75,76,77,78,79,80,82,83,84,85,87,90,91,92,93,95,96,97,98,99,100,101,102,103,104,105,106,107,108,109,110,111,112,113,114,115,116,117,118,119,120,121,122,123,125,126,127,129,130,131,132,133,134,135,136,137,139,140,141,143,144,146,147,149,151,152,155,157,158,159,160,161,162,163,164,165,166,167,168,169,170,171,172,173,174,175,176,177,178,179,180,181,182,183,184,185,186,187,188,189,190,191,192,193,194,195,199,200,201,202,204,205,206,207,208,209,210,212,215,216,218,219,220,221,222,223,224,225,226,227,228,229,230,231,232,234,235,236,237,238,240,241,243,245,246,247,248,249,250,252,254,255,256,257,258,260,261,262,264,268,269,271,272,273,275,276,277,278,279,280,284,285,286,287,289,291,297,298,301,306,307,316,317,340,356,387,388,528,530,579,588
17,67,68,71,74,75,76,77,79,81,82,83,84,85,86,87,88,89,90,91,92,93,94,95,96,97,98,99,100,101,102,103,104,105,106,108,109,110,111,112,113,114,115,116,117,118,119,120,121,122,123,124,125,126,127,128,129,130,131,132,133,135,136,137,138,139,140,141,142,143,144,145,146,147,148,149,150,151,152,153,154,155,156,157,159,160,162,163,164,165,167,168,169,171,172,173,174,175,176,177,178,179,180,181,182,183,184,185,186,187,188,189,190,191,192,193,194,195,196,197,198,199,200,201,202,203,204,205,206,207,208,210,211,212,213,214,215,216,217,218,219,220,221,222,223,224,225,226,227,228,229,230,231,232,233,234,235,236,237,238,239,241,242,243,244,245,246,247,248,250,251,252,253,255,258,259,260,261,262,263,265,266,267,269,270,271,272,273,274,276,277,278,279,280,282,283,284,288,289,290,291,292,293,296,298,299,301,302,303,305,310,313,314,315,316,318,320,325,326,335,346,347,351,356,361,370,372,375,440,479,530,554,649
18,29,72,75,76,77,78,79,80,81,82,83,84,85,86,87,88,89,90,92,93,94,96,97,98,99,100,101,102,103,104,105,106,107,108,109,110,111,112,113,114,115,116,117,118,120,121,122,123,124,125,126,127,129,130,131,132,134,135,136,137,138,139,140,141,142,143,144,145,146,147,148,149,151,152,153,154,155,156,157,158,160,161,165,166,167,168,169,171,172,173,174,175,176,177,178,179,180,181,182,183,184,185,186,187,188,189,190,191,192,193,194,195,196,197,198,199,200,201,202,203,204,205,206,207,208,209,210,211,212,213,214,215,216,217,218,219,220,221,222,223,224,225,226,227,228,229,230,231,232,233,234,235,236,237,238,239,240,241,242,243,244,245,246,247,248,249,250,251,252,253,254,255,256,257,258,259,260,261,262,263,264,265,266,267,268,269,270,271,272,273,274,275,276,277,278,279,280,282,283,284,285,286,288,289,290,291,292,293,294,295,296,298,299,300,301,302,303,304,305,306,307,308,309,310,311,312,313,314,315,317,318,319,321,324,325,326,327,328,329,330,332,334,335,336,337,338,339,341,342,343,344,345,348,350,352,353,355,356,358,361,364,365,372,374,376,381,385,405,412,415,417,434,435,514,598
19,19,68,70,71,72,74,75,76,77,78,81,82,83,85,86,88,90,91,93,94,95,96,97,98,99,100,101,102,103,104,105,106,107,108,109,110,111,113,114,115,116,117,118,119,120,121,122,124,125,126,127,129,130,131,132,133,134,135,136,137,138,139,140,141,142,143,144,145,146,147,148,149,150,151,152,153,154,156,157,158,159,161,162,165,166,167,168,170,171,172,173,174,175,177,178,180,181,182,183,184,185,186,187,188,189,190,191,192,193,194,195,196,197,199,200,201,202,203,204,205,206,207,208,209,210,211,212,213,214,215,216,217,219,220,221,222,223,224,225,226,227,228,229,230,231,232,233,234,235,236,237,238,239,240,241,242,243,244,245,246,247,248,249,250,251,252,253,254,255,256,257,258,259,260,261,262,263,264,265,266,267,269,270,271,272,273,274,275,276,277,278,279,280,281,282,283,284,285,286,287,288,289,290,291,292,293,294,295,296,297,298,299,300,301,302,304,305,307,308,309,310,311,312,313,314,316,317,318,319,321,322,323,325,327,328,329,331,332,334,335,337,338,339,340,341,342,343,344,346,347,348,350,351,352,354,359,360,361,363,365,367,371,374,375,376,377,381,384,386,390,393,398,400,401,412,413,414,417,425,427,436,441,442,444,450,451,452,455,464,490,584,687
20,62,71,73,74,76,77,78,81,82,83,84,85,86,89,90,91,92,94,95,96,98,99,100,101,103,104,105,107,108,110,111,112,113,114,115,116,118,119,120,121,122,123,124,125,126,127,128,129,130,131,132,133,134,136,137,138,139,140,141,142,143,144,145,146,147,148,149,150,151,152,153,154,155,156,157,158,159,160,163,164,165,166,167,169,170,172,173,175,176,177,181,183,184,185,186,187,188,190,191,192,194,195,197,199,200,201,202,203,204,205,206,207,208,210,213,216,217,218,220,221,222,223,224,225,226,227,228,229,230,233,234,235,236,237,238,239,240,241,245,246,247,249,250,251,252,253,254,255,256,257,258,259,260,262,263,264,266,267,268,269,270,271,272,273,274,275,276,278,279,280,281,282,283,284,285,286,289,290,291,292,293,294,295,297,298,299,300,301,302,304,305,309,311,313,314,318,321,323,326,327,329,336,337,339,341,343,346,348,349,352,354,357,359,360,363,371,375,378,386,400,401,404,409,410,417,419,420,423,438,452,473,478,482,483,484,487,489,543,633,667
21,1,48,63,65,69,71,72,74,76,77,78,80,81,85,87,88,89,90,92,93,94,95,96,97,99,100,101,102,103,104,105,106,108,110,111,112,113,115,116,118,119,120,121,124,125,126,128,129,132,133,134,135,136,137,138,139,140,141,142,143,145,146,148,149,150,154,155,156,157,163,164,165,168,170,171,173,174,175,176,177,180,182,183,184,185,187,188,189,190,192,193,194,196,198,200,203,204,205,206,207,209,212,214,215,217,218,219,221,222,223,224,225,226,228,229,230,231,233,234,235,236,237,238,239,240,241,242,243,244,245,246,247,248,249,250,251,252,253,254,256,257,258,259,260,261,262,264,265,266,267,268,269,270,271,272,273,274,275,276,277,278,279,280,281,282,283,284,285,287,288,289,290,291,293,294,295,296,297,298,299,300,301,302,303,304,305,306,307,308,310,311,312,313,314,315,316,317,319,320,321,322,324,325,326,328,331,332,333,334,335,336,338,339,340,341,342,343,347,349,351,354,355,356,357,358,360,363,372,374,377,381,382,383,391,392,394,396,397,398,401,406,408,409,413,414,416,417,418,419,425,431,432,434,436,441,446,452,462,464,466,474,517,654,689
22,20,32,61,66,68,75,76,77,78,79,81,85,86,87,88,89,90,91,92,93,94,95,96,99,101,102,103,105,106,107,108,109,110,111,112,113,114,115,116,117,118,119,121,122,123,124,126,127,128,130,132,133,134,135,136,137,139,143,145,146,147,148,149,150,152,153,154,155,156,157,163,164,165,168,170,171,172,176,178,179,182,184,185,186,187,188,189,190,191,192,193,195,196,199,200,201,202,204,205,206,211,212,213,216,217,219,220,222,224,226,227,228,229,231,233,234,235,236,237,238,239,242,243,245,246,247,248,249,250,251,252,253,254,255,256,257,258,259,260,261,262,263,264,265,266,268,269,271,273,274,275,276,277,278,279,280,282,283,284,285,287,288,290,291,292,293,294,295,296,297,299,301,302,303,304,305,306,308,310,311,312,313,315,316,317,318,320,321,322,323,325,326,327,328,330,331,335,336,338,339,340,346,347,348,352,353,354,355,356,357,358,359,360,361,362,363,367,372,373,374,375,376,377,379,380,381,383,386,388,389,392,393,394,395,396,397,399,401,409,411,412,413,414,420,421,425,426,437,438,441,442,443,444,446,451,453,456,458,459,461,469,470,472,474,476,478,497,511,525,552
23,69,73,74,75,77,79,81,82,83,84,87,88,90,91,92,94,95,96,98,99,100,101,102,103,104,105,106,108,109,110,111,114,115,117,118,120,123,125,126,127,130,131,132,134,135,140,144,145,146,147,148,149,150,151,154,158,160,162,163,167,168,169,170,173,174,176,178,180,181,182,187,190,191,192,193,196,197,198,199,203,205,206,207,208,213,216,218,219,222,223,224,225,227,228,229,230,231,232,233,234,235,236,237,240,241,242,244,245,246,247,248,251,252,253,255,256,259,260,261,263,264,265,266,267,268,270,271,273,274,275,276,277,278,279,281,282,283,284,285,287,288,290,291,292,293,294,296,297,298,299,300,301,302,303,304,305,306,307,308,310,311,313,314,315,316,317,318,319,320,321,322,324,325,327,328,329,330,331,334,335,336,337,339,340,341,344,345,346,349,351,352,355,356,357,358,359,361,362,364,366,367,368,369,371,373,377,378,379,380,382,383,384,385,388,390,392,394,395,398,403,405,415,420,425,428,437,443,445,447,448,449,460,490,494,495,577,621
24,70,71,72,74,75,76,77,78,80,81,82,83,85,88,89,90,91,92,93,94,96,97,98,100,101,103,104,106,107,108,109,110,111,112,114,115,116,117,118,119,121,122,123,124,125,127,129,130,131,132,133,134,137,139,140,141,142,143,145,146,150,152,153,155,158,159,161,162,163,168,169,171,174,176,182,183,186,187,188,189,190,191,194,197,198,199,200,201,202,203,206,208,209,211,212,213,217,218,221,222,223,225,226,227,228,229,230,232,234,235,238,239,240,241,242,245,246,247,249,250,251,252,253,254,255,257,258,260,261,262,263,265,271,273,275,276,279,280,283,285,287,289,291,292,294,296,298,299,300,301,305,306,307,308,309,310,313,314,315,317,318,319,322,323,326,327,330,333,338,339,340,341,344,349,350,351,363,364,366,367,368,370,374,377,387,388,393,395,396,397,398,401,402,408,413,414,416,421,432,433,437,442,444,448,454,457,459,460,463,472,473,481,486,491,492,509,518,538,679
25,68,72,74,75,76,77,78,79,81,82,83,84,85,89,92,93,94,96,97,98,99,100,102,103,104,107,108,109,111,113,116,117,118,120,121,122,123,124,125,127,128,129,130,131,132,136,137,138,139,140,142,144,146,148,150,151,152,154,155,156,159,166,170,171,174,176,178,180,184,186,188,189,190,191,193,194,195,197,198,200,203,205,206,207,208,209,211,212,214,216,217,219,220,221,223,224,225,227,229,230,232,233,234,235,236,238,240,242,243,244,245,246,247,248,250,252,253,255,256,257,258,259,261,263,264,266,268,269,270,272,273,274,275,276,277,278,280,281,283,284,285,286,287,289,290,291,294,295,297,299,300,302,307,308,309,310,312,313,314,315,316,317,318,319,321,322,324,328,329,333,334,335,336,337,338,339,342,343,344,347,348,351,353,355,357,359,363,364,372,374,378,380,383,385,390,396,405,407,411,424,427,437,438,444,445,451,463,507,553,565,626
26,22,68,71,73,74,75,76,78,79,80,82,83,85,88,89,90,91,92,93,95,96,97,98,99,100,103,106,107,108,109,111,112,113,114,115,116,119,120,121,122,123,124,126,127,128,130,133,134,135,136,138,140,141,142,143,145,146,149,150,154,156,157,158,160,162,164,165,167,168,173,175,178,179,180,182,183,186,187,188,189,190,192,197,198,201,202,203,205,208,210,211,212,213,214,215,216,217,218,219,220,223,225,227,228,231,232,233,235,238,239,240,241,243,245,248,249,250,251,252,253,256,263,264,265,267,268,272,274,276,278,285,286,289,292,293,294,295,296,297,298,299,302,304,306,308,311,312,315,316,321,328,329,330,332,335,336,338,341,343,344,346,349,351,352,362,369,375,380,383,389,397,400,404,405,410,411,419,420,425,430,431,433,437,438,439,441,442,443,444,445,447,453,455,459,462,470,497,508,509,510,538,581,607,623
27,63,64,66,67,68,69,70,71,73,74,75,76,77,79,80,82,83,84,85,86,87,88,90,91,92,94,95,97,98,100,101,102,104,105,106,108,109,110,111,112,113,116,117,118,119,120,121,122,124,125,126,127,128,129,132,135,137,138,141,143,146,148,149,151,155,156,157,160,163,166,167,169,171,173,174,175,176,178,179,180,181,182,183,184,186,187,188,189,191,194,202,204,216,219,220,221,222,223,224,225,229,230,234,236,237,239,241,243,244,246,248,250,252,256,257,258,259,263,264,265,268,269,270,272,273,275,281,287,288,292,293,294,295,296,297,298,300,301,303,306,310,313,316,322,324,327,328,332,334,340,344,347,358,361,366,373,375,378,380,387,395,418,421,424,428,430,438,440,443,445,450,451,454,456,460,465,502,514,539,540,543
28,43,61,64,65,66,67,69,70,71,72,74,76,77,80,81,82,83,84,85,87,88,89,90,92,93,95,96,97,98,99,101,102,105,106,108,109,110,111,112,114,115,118,119,120,121,124,126,130,134,138,140,141,142,143,145,146,147,149,151,154,157,162,163,168,169,173,174,179,182,183,185,192,194,197,200,203,204,205,211,213,214,215,217,218,219,221,225,226,228,232,233,235,238,242,246,248,251,255,256,258,262,264,269,272,273,278,281,282,291,297,299,300,302,303,305,312,315,316,317,321,325,336,340,341,347,349,353,358,369,382,391,401,407,412,413,415,418,437,438,444,448,452,523,572,697
29,57,60,63,65,66,69,70,71,75,76,77,80,84,86,88,89,91,92,93,94,97,99,101,102,103,105,106,107,108,111,113,114,115,117,118,120,122,125,129,130,131,132,133,134,135,137,139,144,150,157,159,160,161,165,167,170,171,173,178,182,184,186,189,190,192,197,199,200,201,205,207,208,209,211,212,213,214,222,224,230,234,235,237,240,241,242,244,248,249,250,252,258,259,261,264,270,271,275,276,284,301,303,313,318,328,343,373,401,421,428,432,442,443,446,447,448,452,455,464,468,469,496,541,581
30,51,53,61,62,63,65,66,75,78,81,83,84,86,90,93,98,100,106,107,110,114,118,119,120,124,126,127,128,130,132,133,140,145,146,147,149,150,151,153,159,160,163,167,170,174,178,179,180,182,187,188,191,193,196,199,200,204,205,206,207,208,212,215,216,217,218,219,220,221,225,230,233,239,242,253,290,291,293,302,309,311,320,327,347,351,362,460,662
31,69,85,89,95,97,100,162,195,219,231,236,540,594,649,679
32,23,60,142,577
33,5,160,653
34,8,15,66,584,660
35,634
36,332,417,448,554,572,614
37,52,452
38,563,624
39,157,159,292,325,327,329,336,344,345,350,351,355,356,357,365,367,375,376,384,386,387,391,498
40,23,31,331,358,362,364,369,372,373,378,398,441,612,637
41,261,451,519,575,582,592,665
42,26,55,285,302,405,468,562,569,588,592,596,623,629,639,696
43,17,80,251,328,497,576,593,602,603,628,658
44,87,144,300,513,526,549,563,565,570,581,586,603,604,615,629,637
45,533,557,563,590,591,601,608,614,621,625,634,642
46,186,300,490,546,573,575,581,582,588,590,591,602,605,613,624,634
47,10,404,527,556,559,563,572,575,580,582,609,629,652
48,243,384,503,526,550,554,555,559,564,577,595,613,640,641,655
49,4,54,125,376,399,466,554,558,588,595,598,602,611,612,621,622,625,628,630,637,650,681
50,3,20,544,601,618,633,656,663
51,282,353,503,565,576,577,585,587,592,598,605,606,624,651,662
52,32,135,174,364,573,581,582,599,603,622,634
53,64,81,321,564,571,681
54,73,88,208,335,451,493,565,571,577,585,587,590,628,638
55,231,279,542,567,571,576,577,584,588,590,599,610,612,615,618,633,697
56,42,114,215,465,494,536,537,560,561,563,564,566,568,570,572,574,575,589,595,600,601,632,637,669
57,61,73,162,270,281,428,560,577,604,626,627
58,119,271,495,530,550,562,590,600,651
59,27,123,166,397,432,485,552,557,580
60,198,247,316,509,557,562,563,566,600
61,53,55,65,81,145,255,639,666
62,31,41,52,94,98,99,100,118,132,135,149,155,168,233,242,244,276,368,393,499,695
63,41,227,239
64,10,116,506
65,83,100,230,273,331,496
66,202,498,672
67,239,335,370,513,614,629
68,264,280,409,465,648
69,101,104,265,334
70,46,94,215,346,546,584
71,269,304,365,649
72,77,91,320,405,498,598
73,
74,
75,
76,
77,
78,
79,
80,
81,
82,
83,
84,
85,
86,
87,
88,
89,
90,
91,
92,
93,
94,
95,
96,
97,
98,
