0
0,373
1,81,147,461,505,542,604,652
2,327,551,627,672
3,296,635
4,183,248,431,543,593,639,648,695
5,36,70,100,103,251,383,548,551,564,570,577,579,585,673
6,34,141,520,559,560,561,563,566,569,570,575,577,578,579,586,591,601,621,625
7,100,147,172,345,588,644,681
8,75,77,83,92,172,243,369,615,669
9,13,76,78,81,85,89,91,96,97,137,232,257,291,413,478,550,561,648
10,73,74,76,77,79,80,81,83,84,85,86,87,88,89,90,91,92,94,95,96,97,99,101,102,103,104,105,106,107,108,110,111,115,119,131,148,200,231,563,590,632
11,64,68,69,72,73,74,75,76,77,78,79,80,81,82,83,84,85,86,87,88,89,90,91,92,93,94,95,96,97,98,99,100,101,102,104,105,107,108,109,110,111,112,113,114,115,116,117,118,119,120,121,122,123,124,126,128,129,131,132,134,135,136,137,138,139,140,141,143,145,146,148,149,150,152,153,159,164,166,169,172,173,174,180,184,193,224,403,484,499,511,552,568,622,674,685
12,50,63,64,69,71,72,73,74,75,76,78,79,80,81,82,83,84,85,86,87,88,89,90,91,92,93,94,95,96,97,98,99,100,101,102,103,104,105,106,107,108,109,111,112,113,114,115,116,117,119,120,121,122,123,124,125,126,127,128,129,130,131,132,133,134,135,137,138,139,140,142,144,146,148,149,151,152,155,156,158,159,161,163,164,167,168,169,182,184,187,188,196,199,202,203,207,213,223,225,241,276,560,565,570,581,592,617,622,626,662
13,43,62,66,67,70,71,72,73,75,76,77,78,79,80,81,82,83,84,85,86,87,88,89,90,91,92,93,94,95,96,97,98,99,100,101,102,103,104,105,106,107,109,110,111,112,113,114,115,116,117,118,119,120,122,123,124,125,126,127,128,130,131,133,134,135,136,138,139,140,141,142,145,146,148,150,151,156,157,160,162,164,167,168,169,170,173,176,179,184,187,191,192,195,196,199,202,205,208,209,213,222,223,224,226,232,235,252,272,277,283,317,510,601,602
14,48,53,72,73,74,76,77,78,79,81,83,84,85,86,87,89,90,91,92,93,94,95,96,97,98,99,100,101,103,104,105,107,108,109,110,111,112,113,114,115,116,117,119,120,121,122,123,124,125,126,127,128,130,131,132,133,135,137,138,139,140,141,142,143,144,145,146,147,149,150,153,154,155,156,157,159,161,162,163,164,167,168,169,171,173,178,179,183,184,185,187,189,190,192,193,194,196,200,201,202,208,209,214,216,217,220,225,229,234,250,260,268,284,293,307,318,353,370,480,547,559,569,586,593,643
15,72,73,74,75,76,77,78,79,80,81,82,83,84,86,87,88,89,90,91,92,93,94,95,96,97,98,99,100,101,102,103,104,106,107,108,109,110,111,112,114,115,116,117,118,119,120,121,122,123,126,127,128,129,130,131,132,134,136,139,143,144,145,146,149,150,151,153,155,156,157,159,160,161,163,165,166,168,169,170,173,174,178,180,182,183,184,188,191,193,199,200,202,203,205,206,208,211,212,213,218,219,225,228,237,238,239,247,250,261,262,274,291,317,492,560,562,563,572,573,574,585,587,588,589,593,602,609,611,617,624,629,632,642,672,696
16,20,71,73,79,80,81,83,84,85,86,87,88,89,90,91,92,93,94,95,96,97,98,99,100,101,102,103,104,105,106,107,108,109,110,111,112,113,114,115,116,117,118,119,122,123,124,125,128,129,130,132,133,135,136,137,138,140,142,143,144,145,146,147,149,150,151,152,153,154,155,156,157,162,167,168,178,179,182,183,184,185,186,187,189,192,194,197,198,199,200,201,202,214,215,216,217,218,219,221,226,228,231,234,239,243,254,266,296,313,355,455,565,566,575,585,595,596,598,607,608,611,618,629,635,637,657,663,667,673
17,69,71,76,77,78,79,80,81,82,83,84,87,88,89,90,91,92,93,94,95,96,97,98,99,100,101,102,103,104,105,106,107,108,109,110,111,112,113,115,116,118,119,120,121,122,123,125,126,127,128,129,130,131,132,133,134,135,136,137,139,140,141,142,143,145,146,147,149,151,152,153,154,155,156,159,160,162,163,164,165,168,169,174,176,181,182,183,185,187,189,195,196,199,200,201,204,205,208,214,220,221,223,229,233,235,237,242,244,249,250,251,264,269,287,290,291,339,352,359,369,481,488,543,575,595,605,607,622
18,82,83,84,85,86,87,88,89,90,91,92,93,95,96,98,99,100,101,102,103,104,105,106,107,108,109,110,111,112,113,114,116,117,119,120,121,122,123,124,125,126,127,129,130,131,132,133,134,135,136,137,140,141,143,144,145,146,149,150,152,153,154,155,156,157,158,160,161,162,163,165,166,167,175,179,180,181,182,184,187,189,190,191,192,194,195,196,197,198,199,202,203,204,207,209,210,211,213,215,217,218,220,221,222,224,225,226,228,229,235,236,240,241,242,243,249,256,257,258,261,269,274,280,294,301,304,315,362,416,528,551,553,556,558,563,564,565,572,576,579,580,623,661
19,75,83,85,86,88,89,90,91,93,94,95,96,97,98,99,100,101,102,103,104,105,106,107,108,109,110,111,112,113,114,115,116,117,118,119,120,121,122,123,124,125,126,127,128,129,130,131,132,133,134,135,136,137,138,139,140,141,142,143,144,145,146,147,151,152,153,154,155,156,161,162,163,165,170,172,174,177,180,185,186,188,191,193,194,195,198,199,200,201,202,205,206,208,210,211,212,214,215,216,217,218,219,221,222,223,225,226,229,230,231,232,234,238,245,246,247,249,266,274,276,296,339,373,377,476,514,516,522,526,544,582,639
20,23,93,95,96,97,98,99,100,101,102,103,104,105,106,107,108,109,110,111,112,113,114,115,116,117,118,119,120,121,122,123,125,126,127,128,129,130,131,132,133,134,135,136,137,138,139,140,141,142,143,144,145,146,147,148,149,150,151,152,153,154,155,156,157,158,159,160,162,163,164,165,166,167,168,169,170,172,173,174,175,176,177,178,179,180,181,182,183,184,185,186,187,188,189,190,191,192,193,194,195,196,197,198,199,203,204,205,207,208,210,211,212,213,214,216,217,218,219,220,221,222,223,225,226,227,228,229,230,231,233,234,235,238,239,240,241,242,244,245,246,247,250,252,253,254,256,257,258,260,264,265,266,269,272,274,276,278,279,282,283,284,290,299,305,306,319,320,368,389,405,438,441,442,462,506,591
21,94,97,98,99,100,101,102,103,104,106,108,109,110,111,112,113,114,115,116,117,118,119,120,121,122,123,124,126,127,128,130,131,132,133,134,135,136,137,138,139,140,141,142,143,144,145,146,147,148,149,150,151,152,153,154,155,156,157,158,159,160,161,162,163,164,165,166,167,168,169,170,171,172,174,175,176,178,179,181,182,183,184,185,186,187,188,189,190,191,192,194,195,196,197,198,199,200,201,202,203,204,205,206,207,208,209,210,211,212,213,214,215,216,217,218,219,220,221,222,223,224,225,226,227,228,229,230,231,232,233,234,235,236,237,238,240,241,242,243,244,245,246,247,248,249,250,251,252,256,257,258,259,260,263,264,265,266,267,270,272,277,280,281,283,287,288,295,297,298,299,302,306,311,313,314,315,339,353,356,373,375,390,426,469
22,21,91,94,95,96,99,100,101,102,103,104,105,106,107,108,109,110,111,112,113,114,115,116,117,118,119,121,122,123,124,125,126,127,128,129,130,131,132,133,134,135,136,137,138,139,140,141,142,143,145,146,147,148,149,150,151,152,153,154,155,156,157,158,159,160,161,162,163,164,165,166,167,168,169,170,171,172,175,176,177,178,179,180,181,182,183,184,185,186,187,189,190,191,192,193,194,195,197,198,199,200,201,202,203,204,205,206,208,209,210,211,213,214,215,216,217,218,219,220,221,222,223,224,225,227,228,229,230,231,232,233,234,236,239,240,241,242,243,244,245,248,249,250,251,252,253,254,255,256,257,258,259,260,261,263,266,267,268,269,270,271,272,273,274,275,276,277,278,279,280,281,282,283,284,285,289,290,294,295,297,298,299,300,301,302,304,307,309,313,323,324,330,331,334,335,336,338,343,358,377,382,413,424,447
23,9,24,66,97,99,102,103,104,106,107,108,109,110,111,112,113,114,115,116,117,118,119,120,121,122,123,124,125,126,127,128,129,130,131,132,133,134,135,136,137,138,139,140,142,143,146,147,148,149,150,151,152,154,156,157,159,160,161,162,163,164,165,166,167,168,169,170,171,172,173,174,175,176,177,178,179,180,181,182,183,184,186,187,188,189,190,191,192,193,194,195,196,197,198,199,200,201,202,203,204,205,206,207,208,209,210,211,212,213,214,215,216,217,218,219,220,221,222,224,225,226,227,228,229,230,231,232,233,234,235,236,237,238,240,241,242,243,244,245,247,249,250,251,252,253,254,255,256,257,259,260,261,265,266,267,269,270,271,272,275,277,278,280,281,282,283,285,286,287,290,291,292,293,294,296,298,299,300,304,305,307,308,311,316,317,319,322,332,338,349,350,369,379,400,423,458,467
24,102,104,105,106,107,109,111,115,116,117,118,119,120,121,122,123,124,125,126,127,128,129,130,131,132,133,134,135,136,137,138,139,140,141,142,143,144,145,146,147,148,149,150,151,152,153,154,155,156,157,158,159,160,161,162,163,164,165,166,167,168,169,170,171,172,173,174,175,176,177,178,179,180,181,182,183,184,185,186,187,188,190,191,192,193,194,195,198,201,203,204,205,207,208,209,210,211,212,213,214,215,216,217,218,219,220,221,222,223,224,225,226,227,228,229,230,231,232,233,234,235,237,238,239,241,242,243,244,246,247,249,250,251,252,253,254,255,256,257,259,260,261,262,263,264,265,266,267,269,270,271,273,274,275,278,279,280,283,286,287,289,292,293,294,295,297,298,301,305,307,308,310,311,312,315,316,317,318,319,320,322,325,327,330,331,332,333,337,343,344,347,354,356,361,365,368,397,401,443,475,479
25,9,21,36,99,101,103,108,109,110,111,112,113,114,115,116,117,119,120,121,122,123,124,125,126,127,128,129,130,131,132,133,134,135,136,137,138,139,141,142,143,144,146,147,148,149,150,151,152,153,156,157,158,159,160,161,162,163,164,167,168,169,171,172,174,175,177,179,182,184,185,186,187,188,189,190,191,192,193,194,195,196,197,198,199,200,201,202,203,204,205,206,208,209,210,211,212,213,214,215,216,217,218,219,220,221,222,223,224,225,226,228,229,230,231,232,233,234,235,236,237,238,239,240,241,242,244,247,248,249,250,252,253,254,255,256,258,260,261,263,264,267,268,269,270,271,272,273,278,280,282,283,284,285,286,288,290,299,300,301,306,308,312,315,317,318,325,334,338,345,348,352,368,382,384,387,394,457,468,475,488,505,555,624,659
26,101,102,104,106,107,108,109,110,111,112,113,114,115,116,117,118,119,120,121,122,123,124,125,126,127,128,129,130,131,132,133,134,135,136,137,138,139,140,141,142,143,144,145,146,147,148,149,150,151,152,153,154,155,156,158,159,160,161,163,164,165,166,167,168,169,170,171,172,173,175,176,177,178,179,180,181,182,183,184,186,188,189,190,191,192,194,197,199,200,202,203,204,205,206,208,209,210,211,212,213,214,216,218,220,221,223,225,226,227,228,229,231,232,233,234,235,238,239,240,241,242,243,244,245,246,248,249,250,251,253,254,255,256,257,258,261,264,267,268,270,274,276,282,283,285,286,287,289,293,295,296,297,298,299,302,304,306,308,310,311,313,315,318,326,343,345,358,363,364,376,378,381,448,455,541,586
27,20,97,100,102,103,104,105,106,109,111,112,114,115,116,117,118,119,120,121,122,123,124,125,126,127,128,129,130,131,132,133,134,135,137,139,140,142,144,145,146,147,149,151,153,155,158,160,164,165,166,168,170,172,174,175,176,178,181,182,183,185,186,189,190,191,192,193,194,195,196,198,199,200,201,202,203,204,206,207,208,209,211,212,213,214,215,216,218,219,220,221,223,224,225,226,227,228,229,230,231,232,233,234,235,236,237,238,239,240,241,242,243,244,245,247,248,249,250,255,260,261,263,264,266,268,269,272,273,275,276,280,284,286,287,292,294,295,298,299,300,301,304,317,320,329,330,332,338,340,346,348,373,390,427,450,470,542
28,89,99,101,102,103,106,107,108,109,110,111,112,113,114,115,116,117,119,123,125,126,128,129,130,131,132,135,136,137,140,141,142,143,144,145,146,148,149,150,151,154,155,156,157,158,160,162,163,164,166,167,169,170,172,173,176,178,179,180,184,187,188,191,194,195,197,198,199,200,201,202,203,204,206,207,208,209,210,211,212,213,214,216,218,220,221,222,223,225,227,228,229,230,232,242,246,247,248,249,250,251,252,253,254,255,257,258,260,261,262,264,265,267,268,269,271,272,273,274,275,276,277,278,279,280,283,285,288,289,290,292,301,302,303,305,307,309,311,317,321,326,333,335,346,356,362,365,367,377,388,389,402,421,424,430,446,447,452,461,484,676,688
29,44,91,93,96,100,102,105,107,109,110,112,113,114,115,116,117,120,121,122,123,124,125,127,128,129,130,131,132,133,135,136,137,138,139,140,141,143,144,145,147,150,151,156,157,160,162,164,165,166,167,168,169,172,175,179,180,181,183,185,186,188,190,192,197,200,201,202,203,204,205,206,207,208,209,210,211,213,214,216,217,218,219,220,222,223,224,225,227,228,229,231,232,233,234,235,236,237,238,239,240,241,242,243,244,245,249,250,251,252,254,257,261,263,264,265,266,267,268,269,270,272,273,275,276,281,284,292,296,304,305,306,312,315,322,324,326,332,334,337,351,354,359,424,436,466,473,474,480,493,522,537,562,605,628
30,38,89,94,97,99,100,101,103,104,105,106,107,108,109,110,114,115,116,118,119,120,121,125,127,128,130,132,133,135,138,139,141,142,143,146,148,150,151,153,155,156,158,159,160,161,164,170,171,172,174,176,177,178,179,180,186,188,191,192,193,194,195,197,198,199,201,202,204,205,207,209,210,211,213,214,215,217,218,219,220,222,223,224,227,229,230,231,232,234,236,237,240,241,242,243,246,248,249,250,251,252,253,254,256,257,258,259,260,263,264,267,268,270,271,272,273,275,279,280,281,282,285,288,290,293,294,295,300,301,302,304,310,315,319,320,321,324,327,328,329,330,332,335,338,341,343,346,349,352,354,358,360,368,369,375,382,388,400,409,417,419,423,426,430,435,463,479,482,500,514
31,98,102,103,105,106,107,109,110,111,112,114,116,117,118,119,120,121,122,123,125,126,127,130,131,132,133,134,135,138,139,142,145,146,150,151,155,156,167,168,169,170,172,173,174,178,183,184,185,190,193,194,195,199,200,201,202,204,205,206,208,210,211,212,213,214,215,216,217,218,219,220,221,222,225,226,228,231,232,233,234,235,236,237,238,239,240,241,242,243,244,245,246,247,248,250,251,252,253,254,257,258,259,260,262,263,264,266,267,269,270,271,274,275,277,278,279,280,282,286,288,289,291,292,293,296,299,300,301,302,303,304,306,308,315,317,318,319,320,322,325,328,335,336,339,341,342,344,347,353,358,361,381,384,392,398,400,404,405,406,409,415,421,422,423,424,425,427,433,441,457,469,476,481,571,595
32,34,92,95,99,101,102,103,104,106,108,109,111,112,115,120,121,122,123,127,128,130,132,134,136,139,140,143,144,147,148,149,150,151,152,156,157,159,160,163,171,172,173,178,181,184,187,191,192,193,194,198,199,200,201,202,203,207,209,210,211,214,215,216,217,218,219,220,223,224,225,227,229,230,232,233,234,235,236,238,239,240,241,242,243,244,245,246,247,249,250,251,253,255,259,260,261,262,263,264,265,267,268,269,271,273,274,277,279,281,282,283,285,286,288,289,290,291,295,296,297,298,299,301,306,311,313,316,319,320,323,335,337,340,341,343,345,361,369,377,381,409,410,413,415,416,423,427,464,614,615,673
33,94,96,102,103,106,107,109,110,112,113,114,116,118,119,120,121,122,123,124,126,128,131,133,134,135,136,144,147,152,153,154,156,159,164,165,168,169,170,172,174,175,179,181,183,184,186,187,188,189,190,191,194,196,197,198,200,203,204,205,206,207,209,210,211,213,214,216,217,219,220,221,222,223,224,225,226,227,228,229,230,231,233,234,235,236,237,238,241,242,243,244,245,247,248,249,250,251,252,253,254,259,262,263,264,265,266,267,268,269,270,271,272,277,280,281,283,285,286,288,289,292,295,296,297,298,299,300,301,302,303,304,305,306,307,309,312,313,314,316,319,320,321,327,331,333,334,337,341,345,349,351,352,358,363,365,367,368,375,377,378,381,385,388,390,403,406,411,418,420,425,457
34,11,35,89,93,96,97,98,99,100,101,102,103,105,107,108,111,112,116,127,130,131,132,133,134,136,137,138,140,142,144,145,147,149,151,152,154,158,161,162,163,164,165,171,172,185,190,191,193,195,196,197,199,200,202,203,204,205,206,207,208,210,211,214,218,219,220,221,222,223,226,227,228,229,230,232,234,235,236,237,238,243,245,246,250,251,253,254,255,256,257,258,261,263,265,266,268,269,271,272,273,274,275,277,278,280,284,287,290,291,292,293,294,297,299,301,302,303,304,305,307,308,309,311,313,314,315,316,319,320,321,322,323,324,330,331,333,335,337,339,343,344,346,348,350,355,357,359,360,362,363,365,368,370,373,378,383,384,395,396,401,405,561,693
35,91,93,96,97,98,99,100,101,103,104,105,108,109,110,112,113,114,115,117,120,122,123,126,127,129,134,135,136,137,140,143,144,147,148,149,150,153,155,159,160,161,162,163,171,172,173,180,181,183,186,187,189,190,193,194,195,198,199,200,203,205,208,209,210,212,213,214,215,218,220,221,222,224,226,227,228,235,236,237,239,240,241,243,244,250,251,252,253,257,258,259,260,261,264,265,266,269,270,272,274,277,278,279,286,289,293,296,297,298,299,300,301,303,304,306,307,309,310,311,312,315,316,323,324,327,328,329,331,334,344,348,353,358,367,375,406,419,664
36,2,50,54,88,91,92,93,94,95,97,98,99,100,101,102,106,108,109,110,112,115,119,120,121,123,124,125,126,128,129,132,133,136,137,138,139,143,147,148,150,151,152,155,157,158,168,170,173,175,179,184,185,187,191,195,199,200,202,203,205,206,209,210,212,216,217,218,219,220,221,222,227,229,230,231,232,233,235,236,239,240,241,244,246,247,248,249,251,253,255,257,261,263,264,265,269,270,275,277,278,279,282,284,287,288,290,293,297,298,299,311,312,314,316,318,319,321,323,324,325,328,330,332,334,340,347,350,365,380,477,498,574,586,589
37,88,89,90,91,93,94,95,96,97,98,99,100,101,106,108,110,112,116,118,119,121,124,129,131,132,137,138,139,140,142,143,145,150,153,154,155,160,161,163,165,167,169,179,181,184,185,186,187,188,190,192,193,194,195,197,199,200,201,202,203,205,209,210,212,213,215,218,220,221,226,229,233,235,238,240,241,244,245,253,254,256,258,261,263,264,265,266,268,269,271,275,284,287,304,305,307,309,310,317,322,325,331,332,339,357,373,374,375,377,418,424,433,494,509
38,56,83,87,88,89,90,91,92,93,95,96,97,98,100,103,104,105,106,107,108,109,110,111,113,115,117,122,123,126,127,129,132,133,136,137,138,143,147,148,149,151,152,153,155,156,161,164,169,171,173,174,175,176,179,182,184,185,189,190,191,193,194,196,199,203,205,207,208,209,210,212,213,216,217,218,222,223,226,227,228,230,232,234,236,239,240,243,244,245,248,252,254,255,256,257,260,261,262,264,266,270,275,285,291,293,294,302,305,307,310,312,325,342,347,360,375,378,452,482,492,535,564,598
39,84,85,87,88,92,93,95,96,98,99,100,101,102,103,104,106,107,109,110,111,112,120,122,123,124,126,128,137,145,147,149,160,169,173,177,181,182,183,185,187,191,192,197,199,201,202,210,212,214,222,223,224,225,226,232,233,237,239,240,241,242,244,245,250,252,253,254,258,259,260,262,266,268,273,283,284,286,287,289,292,293,298,300,302,303,310,314,317,322,330,333,349,356,382,627
40,26,58,79,81,82,83,85,87,88,90,92,93,95,97,99,102,103,106,108,110,112,114,115,118,121,124,132,134,136,139,140,141,143,144,151,155,156,159,166,169,170,172,174,179,182,184,186,190,191,192,193,194,195,196,201,203,204,205,209,213,215,216,217,220,223,225,227,230,231,234,237,238,239,240,241,247,248,256,257,260,263,264,268,269,270,276,279,289,294,299,303,312,313,314,315,316,317,322,331,334,335,337,338,350,356,358,359,378,384,396,482,593
41,77,83,84,85,86,87,88,90,91,92,93,96,98,100,107,108,111,114,115,116,121,125,126,128,134,143,145,146,149,155,158,161,166,172,177,178,179,180,185,186,187,188,189,192,193,195,196,197,199,200,203,204,205,208,209,212,215,217,219,221,229,230,234,235,236,237,240,242,243,244,246,252,258,259,260,261,265,267,269,270,271,273,279,281,289,290,294,295,296,298,301,302,307,312,326,328,337,339,342,349,350,358,374,434,439,555,592,613
42,72,73,74,75,77,79,81,82,83,85,86,87,89,90,91,92,93,94,97,98,99,101,103,104,105,108,113,116,124,133,134,135,136,143,148,164,168,171,173,174,176,179,180,181,182,183,184,187,189,190,191,193,199,202,203,204,206,207,209,211,212,213,214,217,218,219,220,221,222,223,224,227,230,231,236,238,240,242,243,247,248,249,252,254,256,260,261,262,266,268,269,270,272,273,276,279,280,284,286,292,294,297,298,301,303,309,316,317,320,322,324,331,341,350,352,355,358,359,362,365,377,378,392,401,402,422,473
43,40,47,66,68,70,73,74,75,76,77,78,79,80,81,83,84,85,86,87,88,89,90,91,92,93,94,96,99,100,103,104,108,111,115,116,120,129,140,155,158,163,167,169,171,173,175,179,180,181,185,186,194,195,199,200,201,204,205,209,210,217,223,228,229,231,234,236,239,240,241,242,243,244,246,247,248,250,258,259,260,261,264,265,269,272,275,280,281,292,293,297,301,308,313,317,326,330,354,360,387,407,480,576
44,63,66,68,71,72,73,74,77,78,79,80,81,83,84,86,87,88,89,91,92,94,97,101,102,103,105,107,109,113,117,118,119,122,124,130,136,144,145,153,162,163,164,165,166,167,169,171,175,182,183,184,192,195,199,201,208,216,217,222,225,228,229,232,234,235,236,237,238,241,242,245,247,254,260,261,266,267,269,280,283,288,293,300,302,309,326,337,356,358,402,451
45,66,67,68,69,70,71,72,73,74,76,77,78,79,80,82,83,84,85,86,87,88,89,90,91,92,94,95,97,99,100,102,106,110,115,119,120,121,123,131,132,141,143,145,147,149,151,155,160,161,162,164,168,174,176,178,180,181,186,188,192,193,194,197,198,210,212,217,222,223,226,227,228,230,232,235,237,238,240,241,243,244,245,252,253,259,261,262,265,266,269,271,272,278,285,294,298,299,301,303,304,312,313,315,330,333,336,341,342,343,346,355,358,370,372,373,375,376,404,415,416,443,448,476
46,63,67,68,69,70,71,73,74,75,76,77,78,79,80,83,84,87,88,89,90,91,95,96,97,98,101,109,115,119,120,134,137,138,147,153,157,158,163,165,166,169,172,177,179,181,182,184,185,194,195,196,200,202,204,206,214,215,218,221,222,223,229,231,232,234,235,236,237,239,242,243,244,245,246,249,250,251,252,255,256,257,260,261,266,267,268,270,271,272,273,274,279,281,282,283,287,298,301,302,303,311,319,329,344,348,354,365,368,377,401,464,480,643
47,14,66,67,68,69,70,71,72,73,74,75,78,79,80,81,82,83,85,86,87,88,89,90,92,93,96,98,99,102,104,109,110,113,125,132,134,137,138,150,157,159,160,164,165,166,169,171,173,174,175,176,183,185,186,189,201,202,211,214,215,217,219,220,221,224,228,229,231,238,241,242,243,244,245,246,247,251,253,256,257,258,261,262,267,270,271,275,276,280,281,283,286,287,291,296,297,298,299,301,302,305,307,308,310,330,333,334,337,339,349,351,352,361,382,384,392,421,437,555,694
48,57,63,64,65,66,67,68,69,70,71,72,73,76,80,81,82,83,84,85,87,88,93,101,106,108,109,113,114,116,123,132,137,139,146,148,157,159,160,161,167,168,173,197,205,206,208,211,212,213,215,221,222,224,226,230,233,236,237,238,239,241,242,243,252,256,257,261,263,264,267,269,273,280,286,292,295,299,301,302,303,305,307,308,317,318,319,321,324,325,326,328,331,338,352,353,360,366,382,383,389,407,424,426,435,436,440,456,589,644
49,12,58,60,61,62,63,65,66,67,68,69,70,71,72,74,75,76,77,78,79,80,83,85,86,87,91,93,94,96,97,102,107,116,122,124,128,135,141,147,149,150,151,155,162,164,168,170,176,177,180,181,183,184,190,200,206,208,215,216,217,223,229,230,243,246,247,254,255,256,258,261,262,263,264,268,271,274,281,283,285,286,291,293,295,299,300,303,305,315,318,321,341,342,353,354,370,377,379,437,494,615
50,27,61,62,64,65,66,68,69,70,71,72,74,75,76,77,78,80,82,83,84,87,88,91,93,94,96,97,98,99,101,103,105,106,108,110,114,115,122,124,126,135,148,152,154,155,164,165,166,172,174,177,184,189,203,206,207,209,212,214,215,218,221,225,227,230,233,236,238,241,244,245,250,257,258,260,261,263,266,268,269,272,273,279,282,284,286,291,294,304,321,322,324,334,337,344,348,358,361,382,420,437,450,506,527
51,59,61,62,63,64,66,67,68,69,71,73,74,77,78,79,80,81,82,83,84,86,87,90,91,93,94,95,97,98,99,100,105,107,114,115,116,120,121,124,133,134,137,145,151,152,157,160,161,163,171,180,206,210,212,216,219,220,236,238,240,244,249,250,251,252,253,254,255,261,263,264,270,274,275,278,284,298,299,301,303,310,317,322,344,381,382,386,424,508,515,523,597
52,40,52,54,58,62,66,67,68,71,72,73,75,76,77,80,81,82,83,84,85,86,87,88,90,91,95,99,100,101,102,103,104,109,110,113,116,121,128,131,141,144,148,152,158,160,161,163,173,175,177,182,195,199,200,205,206,214,218,219,222,224,230,231,235,238,241,252,257,258,261,262,264,273,274,278,281,297,300,317,318,339,341,345,356,369,374,387,405,416,555,559,613
53,57,58,60,62,63,64,65,66,67,68,69,70,72,73,74,75,76,77,79,80,82,83,85,86,88,92,97,98,103,120,122,123,133,136,138,140,145,157,164,167,175,179,180,182,184,187,192,194,207,208,209,211,222,226,227,229,230,234,241,243,250,258,262,266,271,273,274,281,284,285,290,292,297,300,305,316,333,342,353,446,455,628
54,21,56,59,60,61,63,64,65,66,67,68,70,74,75,77,78,80,81,82,83,84,97,98,99,106,108,110,112,113,115,117,118,119,123,126,128,130,132,134,137,145,149,164,165,166,174,175,177,178,181,187,190,203,204,210,213,215,217,221,225,227,229,240,241,255,266,276,283,324,329,350,363,378,383,413,619,661
55,53,62,63,65,66,68,69,71,72,75,76,77,78,80,85,86,87,89,91,96,97,98,99,101,102,104,109,110,112,114,116,120,122,123,128,133,134,135,136,137,138,151,152,153,154,159,167,169,171,172,174,184,186,201,205,212,219,235,237,241,243,246,248,253,254,256,264,266,272,274,279,280,283,290,295,301,305,306,311,317,322,335,364,373
56,21,48,51,54,56,59,61,62,67,68,69,70,71,74,75,76,77,79,80,82,83,84,85,87,94,98,99,100,101,103,104,105,107,111,117,118,119,121,122,123,129,133,137,139,144,147,149,160,171,172,174,196,197,198,201,202,207,217,222,224,227,238,242,250,251,258,280,281,285,287,309,340,341,364,369,392,395,434,501,515,521
57,35,50,54,57,65,66,68,69,72,74,77,78,79,80,81,82,85,86,88,89,90,91,92,93,94,95,99,105,108,112,115,122,136,138,141,142,145,148,158,161,164,168,174,175,176,177,178,189,190,197,200,201,202,209,212,214,215,217,220,223,227,234,236,237,238,245,247,253,257,258,266,275,285,289,290,329,532,560
58,48,56,57,60,61,62,63,64,67,68,72,73,74,76,77,79,80,82,84,86,87,88,90,91,93,94,98,100,101,113,114,115,119,136,142,151,154,156,159,161,162,165,169,170,172,175,177,180,181,184,188,191,192,200,202,205,209,210,214,217,218,225,226,242,270,295,315,336,400,651
59,4,57,58,60,62,63,65,66,69,70,71,74,75,77,80,81,85,91,92,94,95,96,100,103,105,107,109,111,117,120,122,123,124,125,126,127,143,147,156,163,168,171,184,187,193,196,197,201,206,208,213,216,223,233,255,262,276,278,279,281,311,330,497,558,665
60,47,50,52,55,57,61,64,65,69,70,76,80,81,82,85,88,89,92,94,95,96,99,105,106,116,117,121,123,126,130,138,142,152,156,162,163,184,191,193,194,197,200,212,216,217,225,227,228,238,255,262,272,305,563,657,685
61,61,66,68,69,70,71,74,75,76,77,79,83,84,86,87,88,93,98,101,102,109,112,114,115,125,132,159,161,167,168,175,180,183,184,192,193,200,206,207,221,239,264,293,362,556,613,627,636
62,50,53,58,61,62,65,66,67,68,71,74,75,76,77,78,79,80,83,85,87,88,91,92,93,96,97,98,101,102,107,108,109,111,124,130,133,149,154,170,173,176,177,178,207,208,251,266,295,361,412,423,440,684
63,61,64,66,67,71,72,73,74,75,76,79,80,81,82,86,89,90,91,92,94,97,99,101,103,104,106,107,110,112,118,120,125,128,129,134,137,138,143,155,164,165,179,184,194,195,196,273,308,612
64,15,57,59,63,65,67,69,70,71,74,75,76,78,80,84,85,86,90,91,93,94,95,96,97,98,99,103,105,106,109,112,114,116,118,123,124,125,127,128,130,133,134,140,142,145,154,161,165,171,175,178,187,189,190,251,283,317,343,375,643
65,1,9,55,62,68,73,75,76,77,78,79,80,81,83,84,86,87,88,92,93,94,96,97,99,100,101,102,103,109,111,113,115,117,119,121,122,123,128,134,135,136,138,143,159,163,164,175,178,202,214,236,256,374,387,460,621
66,75,76,78,79,83,84,85,86,87,89,90,92,93,96,99,101,104,108,110,111,112,118,120,121,122,124,125,127,129,132,133,134,143,145,165,168,173,195,197,201,207,240,276,532,546,597
67,71,77,78,80,82,83,86,89,91,92,93,95,97,99,101,103,104,109,110,114,116,119,123,125,129,130,131,134,135,140,142,145,146,163,173,174,177,182,186,194,213,219,481
68,77,80,81,90,91,93,95,105,109,114,115,116,125,130,131,133,138,146,149,211,252,411,511,675
69,105,111,115,117,133,137,410,466,497,515,606
70,13,99,202,600
71,16,125,310,432,684
72,3,83,409,426
73,499
74,74,231,249,424,635
75,476,536,699
76,63,292,312,335,437,492,544,634,687
77,297,333,434,454
78,
79,627
80,424,437
81,205,514,617,623,662
82,50,126,176,373,406,449,585
83,28,558
84,
85,
86,
87,
88,
89,
90,
91,
92,
93,
94,
95,
96,
97,
98,
