9
0,199
1,85,92,158,344
2,60,67,71,73,74,75,76,77,78,79,82,84,86,87,88,91,92,95,96,97,99,279
3,11,63,65,66,67,69,70,71,72,73,74,75,76,77,78,79,80,81,82,83,84,85,86,87,88,89,90,91,92,93,94,95,96,97,98,99,100,101,102,103,104,105,106,107,108,109,110,112,113,117,121,139,237,326,417,520,582,614,657
4,63,64,65,66,67,68,69,70,71,72,73,74,75,76,77,78,79,80,81,82,83,84,85,86,87,88,89,90,91,92,93,94,95,96,97,98,99,100,101,102,103,104,105,106,107,108,109,110,111,112,113,114,115,116,117,118,119,120,121,122,123,124,125,126,127,128,129,130,131,132,133,134,135,136,137,138,139,140,141,142,143,144,145,146,147,148,149,150,151,152,155,156,157,158,159,160,161,162,163,164,165,166,167,168,169,170,171,172,173,174,178,179,180,181,183,184,185,191,193,194,199,207,212,214,216,217,221,226,270,320,356,473
5,13,59,62,64,65,66,68,69,70,71,73,74,75,76,77,78,79,80,81,82,83,84,85,86,87,88,89,90,91,92,93,94,95,96,97,98,99,100,101,102,103,104,105,106,107,108,109,110,111,112,113,114,115,116,117,118,119,120,121,122,123,124,125,126,127,128,129,130,131,132,133,134,135,136,137,138,139,140,141,142,143,144,145,146,147,148,149,150,151,152,153,154,155,156,157,158,159,160,161,162,163,164,165,166,167,168,169,170,171,172,173,175,176,177,178,179,180,181,182,183,184,185,186,187,188,189,190,191,192,193,194,195,196,197,198,199,200,201,202,203,204,205,206,207,208,209,210,211,212,213,214,215,216,217,218,219,220,221,222,223,224,225,226,227,228,229,230,231,232,233,234,238,239,240,241,242,243,244,245,246,248,249,250,251,253,254,255,256,257,259,263,265,266,267,270,271,275,277,278,280,281,282,284,285,286,287,289,292,306,313,316,318,322,328,337,340,342,344,382,406,555
6,55,57,62,64,67,68,69,70,71,72,73,74,75,76,78,79,80,81,82,83,84,85,86,87,88,90,91,92,93,94,95,96,97,98,99,100,101,102,103,104,105,106,107,108,109,110,111,112,113,114,115,116,117,118,119,120,121,122,123,124,125,126,127,129,130,131,132,133,134,135,136,137,138,139,140,141,142,143,144,145,146,147,148,149,150,151,152,153,154,155,158,161,162,163,164,165,166,167,168,170,171,172,173,174,175,176,177,178,179,180,181,182,183,184,185,186,187,188,189,190,191,192,193,194,195,196,197,198,199,200,201,202,203,204,205,206,207,208,209,210,211,212,213,214,215,216,217,218,219,220,221,222,223,224,225,226,227,228,229,230,231,232,233,234,235,236,237,238,239,240,241,242,243,244,245,246,247,248,249,251,252,253,254,255,257,258,259,260,262,263,264,267,268,269,271,272,273,274,275,277,279,280,281,282,284,285,286,293,295,296,297,299,301,302,305,307,311,312,315,316,324,325,327,332,335,336,362,367,409,417,437,459,463,670
7,31,66,67,68,70,74,75,76,77,78,79,80,81,82,83,84,85,86,87,88,89,90,91,92,93,94,95,96,98,99,100,101,102,103,104,105,106,107,108,109,110,111,112,113,114,115,116,117,118,119,120,121,122,123,124,125,126,127,128,129,130,131,132,133,134,135,136,137,139,140,141,142,143,144,145,146,147,148,149,150,151,152,153,154,155,156,157,158,159,160,161,162,163,164,165,166,167,168,169,170,171,172,173,174,175,176,177,178,179,180,181,182,183,184,185,186,187,188,189,190,191,192,193,194,195,196,197,198,199,200,201,203,204,205,206,207,208,209,211,212,213,214,216,217,218,220,221,222,223,224,225,226,227,229,230,231,232,233,234,236,238,239,240,241,242,243,244,245,246,247,249,250,251,254,255,256,257,258,263,264,265,266,267,268,271,272,273,274,275,276,277,278,281,282,283,284,286,287,288,289,290,291,292,295,297,299,300,302,303,304,305,307,309,310,315,316,320,322,323,327,334,339,345,348,351,360,543,657
8,65,67,68,69,71,72,73,74,75,76,77,78,79,81,82,83,84,85,86,87,88,89,90,92,93,94,95,96,97,98,99,100,101,102,103,104,105,106,107,108,109,110,112,113,114,115,116,117,118,119,120,122,123,124,126,127,129,130,131,133,134,135,136,137,138,139,140,141,142,143,144,145,146,147,148,149,150,151,152,154,155,157,158,159,160,161,162,163,165,167,168,169,170,171,172,173,174,175,176,177,178,179,180,182,183,184,185,187,188,189,190,191,192,193,194,195,196,197,198,199,200,201,202,203,204,205,206,207,208,209,210,211,212,213,214,215,216,217,218,219,220,221,223,224,225,226,227,228,229,230,231,232,233,234,235,236,237,238,239,240,241,242,243,244,245,246,247,248,249,250,251,252,253,254,255,256,257,258,259,260,261,262,263,264,265,267,268,269,270,271,272,273,274,275,276,277,278,279,280,281,282,283,284,285,286,287,288,289,290,291,292,293,294,296,297,298,299,300,302,303,304,305,307,309,310,312,313,314,317,318,319,321,322,323,324,325,327,328,330,331,332,333,334,335,336,337,339,341,343,344,345,348,352,357,359,360,361,365,366,371,372,375,377,378,381,384,387,389,397,417,422,447,486
9,23,65,67,68,69,70,71,72,73,75,76,77,78,79,80,81,82,83,84,85,86,87,88,89,91,92,93,94,95,96,97,98,99,100,101,102,103,104,105,106,107,108,109,110,111,112,113,114,116,117,118,121,122,123,124,125,126,130,132,133,134,136,138,140,141,142,143,145,146,147,149,150,152,154,155,156,157,158,159,160,161,162,163,165,166,167,168,169,170,171,172,174,175,176,177,178,180,181,183,185,186,187,188,189,190,192,194,195,196,197,200,202,203,209,211,213,216,217,218,219,220,222,223,224,225,226,227,232,233,235,236,237,238,239,240,241,243,247,249,250,252,253,254,256,258,259,260,264,265,267,268,269,270,271,272,273,274,275,277,278,279,280,282,284,285,287,288,289,290,291,292,293,294,295,296,297,298,301,302,303,304,307,308,309,310,311,313,314,318,319,320,321,322,324,325,326,330,332,333,334,339,345,347,349,350,353,355,357,358,359,360,361,363,364,367,368,370,371,372,378,380,382,383,384,385,386,387,388,392,393,400,402,405,407,408,416,417,427,443,447,452,479,480
10,59,60,63,67,68,69,71,72,73,74,75,76,77,78,79,80,81,82,83,84,85,86,87,88,90,91,93,94,95,96,97,98,99,100,101,103,104,105,106,107,108,109,110,111,113,114,115,118,119,122,123,124,125,126,128,129,130,131,132,133,136,137,138,139,141,142,144,147,148,149,150,151,153,154,156,157,158,160,162,163,167,170,172,173,174,175,176,177,178,179,180,181,182,183,184,185,187,189,190,191,193,194,196,197,198,199,201,202,203,204,205,206,208,209,210,211,212,213,215,216,218,219,220,222,223,224,225,226,227,228,229,230,231,232,233,234,237,238,239,241,242,244,245,246,247,250,251,252,255,259,262,263,264,265,266,267,268,269,270,272,273,275,276,278,279,280,281,283,284,286,287,288,289,291,292,293,294,297,298,299,300,301,302,304,305,306,307,308,310,312,313,316,317,318,319,321,322,325,327,328,330,335,338,342,344,345,346,348,349,351,352,354,355,356,357,359,361,362,363,364,366,367,370,371,373,378,381,382,384,386,391,392,397,400,408,411,414,416,418,419,427,439,450,459,500,506,536,550,602,638,666,670
11,62,65,66,67,68,69,70,71,72,73,75,76,77,78,79,80,81,82,83,84,85,86,87,88,90,91,92,93,94,95,96,97,98,99,102,103,105,107,108,109,110,111,112,115,116,119,120,121,122,123,124,125,126,127,129,130,131,132,133,134,135,137,139,142,144,147,148,149,150,151,152,153,155,157,158,159,160,161,162,163,164,167,168,170,171,172,173,175,176,177,179,181,182,183,184,185,188,191,192,193,194,196,197,199,200,202,204,205,209,212,213,214,217,218,222,224,225,228,229,230,231,232,234,236,238,239,240,241,242,243,245,246,247,249,250,251,252,253,258,259,260,261,263,264,266,271,272,273,274,275,276,280,281,282,283,286,288,289,290,291,292,293,294,295,296,297,299,300,301,303,306,307,308,310,311,314,316,317,318,320,322,323,324,326,327,331,333,334,336,337,338,340,342,343,344,346,347,349,352,353,357,358,360,361,362,363,365,368,371,372,377,379,380,382,383,384,385,388,390,393,395,403,405,410,417,418,420,423,424,427,435,441,447,451,500,549
12,56,61,63,67,68,69,70,71,72,73,74,76,77,78,79,80,81,83,84,85,86,87,88,89,90,91,92,93,96,97,99,100,101,102,104,105,106,107,108,109,110,111,114,115,116,117,118,119,120,124,125,126,127,128,129,130,132,133,134,135,137,138,139,140,141,144,145,146,149,150,151,152,153,155,157,159,161,162,163,164,165,166,167,169,170,171,172,173,174,175,176,178,180,181,182,183,184,185,186,188,189,190,191,192,193,195,196,197,198,199,200,202,203,206,207,208,209,210,211,213,214,216,217,218,219,220,222,223,225,226,227,229,230,231,232,233,234,235,237,239,240,241,242,243,244,245,248,249,251,253,255,259,260,262,263,266,267,269,270,272,273,276,278,283,284,286,287,288,289,291,292,293,296,298,299,303,304,306,309,313,314,315,316,318,319,320,323,327,328,331,332,334,336,337,339,340,345,346,347,348,349,350,351,352,353,356,357,359,360,361,362,363,364,367,370,371,372,373,375,377,378,380,382,383,384,386,389,390,394,398,399,400,401,402,406,409,411,416,418,437,454,458,459,467,494
13,62,64,65,66,68,69,70,71,72,73,74,75,76,77,78,79,80,82,84,85,86,87,89,90,91,94,95,96,97,98,99,101,102,103,104,106,107,108,109,110,111,112,114,116,117,119,121,122,125,127,128,130,131,132,134,135,136,137,138,139,141,144,145,146,147,150,152,153,154,157,158,160,161,164,167,169,175,176,179,180,182,185,190,191,192,193,195,196,197,199,204,205,208,211,213,214,216,217,222,223,225,226,227,228,230,232,233,234,235,238,242,243,247,248,249,250,253,257,259,262,263,265,275,276,277,279,284,287,289,293,294,295,297,299,300,301,302,303,305,306,307,308,309,311,313,318,319,321,322,323,324,325,326,327,328,329,330,332,333,334,335,336,337,338,341,342,343,344,345,346,348,350,351,352,353,355,359,360,361,362,363,364,365,366,367,368,371,374,375,376,378,380,382,383,387,393,394,400,403,406,410,412,413,414,415,417,421,423,432,436,438,456,458,464,472,474,493,509
14,23,56,60,63,64,65,66,67,68,69,71,72,73,74,75,76,77,78,79,80,82,83,84,86,87,88,89,91,92,94,96,97,98,99,100,101,102,103,104,105,106,108,109,110,111,112,113,114,115,116,117,118,119,121,123,124,125,126,127,128,129,130,132,133,134,135,137,138,139,142,143,144,145,146,147,149,151,152,153,155,156,157,159,160,161,162,163,166,167,168,169,170,172,173,174,175,176,177,178,180,181,182,183,184,185,186,189,190,192,194,196,198,199,200,202,203,206,208,210,212,216,217,220,221,222,223,225,226,227,231,232,234,238,239,242,245,246,248,250,251,252,256,258,259,264,266,267,271,273,275,278,280,281,284,285,286,288,293,294,295,296,297,298,299,300,301,302,304,305,308,309,311,313,314,317,318,320,321,324,325,326,327,328,330,331,332,333,334,335,336,337,338,339,341,343,344,345,346,347,348,349,350,351,352,353,355,356,357,358,359,360,362,365,366,368,369,370,371,373,374,377,379,382,383,384,385,387,390,391,395,397,402,404,406,410,416,418,420,422,423,430,433,439,451,455,460,550,585
15,57,58,61,62,63,64,65,66,68,71,72,73,75,76,77,78,79,80,83,84,87,88,89,90,91,92,93,94,95,96,97,98,99,100,101,102,103,105,106,108,109,111,112,114,115,117,118,119,120,121,122,124,126,127,129,130,132,133,134,135,136,139,142,143,146,151,152,157,162,163,164,165,166,169,170,171,172,174,176,177,178,180,181,186,188,189,190,193,197,198,199,200,204,205,207,208,210,211,213,219,221,225,228,230,232,233,234,235,236,237,238,239,240,241,248,249,252,254,255,257,258,259,262,263,264,270,273,274,275,276,278,284,285,289,290,293,295,296,298,300,301,303,304,309,312,313,314,315,319,320,321,322,323,324,326,327,328,329,330,331,332,333,335,337,339,340,341,343,344,346,347,348,350,351,352,354,356,357,359,361,362,363,364,366,372,374,375,378,383,384,388,390,393,398,401,407,414,417,419,420,426,429,440,443,447,459,471,472,481,579
16,11,58,60,62,63,64,65,67,68,70,71,73,74,75,76,77,79,81,82,83,84,85,86,87,88,89,90,91,93,94,95,96,97,98,99,100,101,102,103,104,105,107,108,109,110,111,112,113,114,115,116,117,118,119,122,124,125,126,128,129,131,135,136,137,138,139,140,141,142,143,144,147,149,151,152,153,155,157,158,164,165,166,167,168,171,172,174,175,176,177,179,180,181,184,185,187,188,191,194,197,198,199,200,201,203,204,205,206,207,208,210,214,215,218,219,220,221,222,223,224,225,226,229,236,238,239,240,242,243,246,249,250,251,252,257,258,259,260,262,263,264,265,266,269,274,278,280,282,283,284,286,287,288,289,291,293,295,296,299,300,301,303,305,306,307,312,313,314,315,317,321,322,323,324,325,327,328,329,330,331,332,335,337,338,340,342,343,344,345,346,348,349,350,351,356,357,358,359,360,361,364,365,366,367,368,370,371,372,377,380,381,382,383,384,385,387,388,392,394,402,410,418,419,422,435,437,438,442,446,451,459,470,515,565,656
17,51,58,60,61,63,64,66,67,68,69,71,72,75,77,78,79,80,81,82,83,84,85,86,87,88,89,90,91,92,94,95,97,98,99,100,101,104,105,108,109,110,111,112,113,115,116,117,119,125,127,128,131,132,141,142,143,148,149,153,154,157,158,159,162,163,164,165,167,168,169,170,172,182,184,185,186,189,190,191,192,193,194,195,198,199,202,203,204,206,210,211,214,217,221,223,224,227,228,229,230,231,232,233,234,235,239,242,248,252,253,254,256,258,259,261,263,264,265,266,268,270,277,278,279,282,285,286,287,288,290,291,293,294,295,297,298,299,300,303,304,306,307,308,312,314,315,316,317,319,320,322,325,326,328,329,330,333,334,336,337,339,340,341,342,343,344,349,350,351,353,357,359,362,372,374,376,377,380,391,396,402,411,414,416,418,424,434,437,460,650
18,58,62,63,64,65,66,67,68,71,72,74,75,77,78,79,80,82,83,84,85,86,89,91,92,93,95,96,97,98,99,100,101,102,103,106,107,108,109,110,111,112,113,117,119,120,121,122,123,124,125,126,128,130,132,136,137,139,140,141,145,148,149,150,151,152,153,154,155,160,161,163,168,169,170,171,172,173,174,175,176,177,180,181,182,183,185,187,188,189,192,193,194,195,196,200,201,202,205,208,211,215,218,221,223,224,225,226,227,228,229,231,232,233,235,236,237,239,242,243,245,247,253,254,255,256,258,264,265,267,271,273,274,275,277,278,279,282,284,285,287,288,295,301,307,311,312,313,314,321,322,324,325,326,328,329,330,335,336,337,338,340,342,343,346,348,349,351,353,356,357,358,361,362,370,371,374,376,377,381,383,391,402,405,409,410,411,452,460,472,487,488,598,609
19,59,62,63,64,65,66,68,70,74,75,76,77,78,79,80,81,82,84,85,86,87,88,90,91,92,93,94,96,97,98,99,100,102,104,105,106,107,108,109,110,111,112,113,115,117,118,119,121,127,129,130,131,133,135,138,139,140,142,143,144,149,150,152,153,155,157,159,160,161,162,163,164,166,168,170,171,172,174,175,177,179,180,181,183,184,189,190,193,197,198,200,201,202,203,205,207,210,212,215,219,220,221,223,225,226,227,228,229,232,236,237,243,250,253,257,258,259,260,261,265,266,267,269,271,273,274,276,277,278,279,281,282,283,288,291,294,297,298,299,300,301,305,306,310,311,313,314,316,319,320,323,324,326,329,332,333,335,336,337,338,339,341,342,343,344,346,347,348,350,352,354,355,357,359,362,364,366,376,380,383,384,385,386,387,389,393,397,400,405,408,410,413,420,427,517,521,555
20,54,59,60,61,62,64,65,66,67,68,69,70,71,72,73,75,76,77,78,79,80,81,82,84,85,86,87,88,90,92,93,94,95,96,97,98,99,100,101,103,104,105,106,109,112,113,114,115,116,117,118,119,120,121,122,123,124,125,126,128,131,132,133,137,138,139,140,143,144,145,146,147,148,150,153,154,156,157,158,159,161,162,163,165,166,169,172,174,176,179,180,181,185,190,191,193,195,197,201,207,209,210,212,213,214,217,219,220,222,223,225,227,230,232,233,234,235,236,237,239,240,241,243,248,250,254,257,259,261,263,266,268,269,273,275,276,277,279,281,282,284,286,287,288,290,292,294,295,299,303,304,310,316,317,319,323,329,340,342,345,348,349,351,353,355,357,360,361,362,364,367,372,374,377,378,381,383,386,388,390,402,405,409,415,421,428,437,446,495,520
21,52,56,57,58,61,62,63,64,65,66,67,68,69,70,71,72,73,74,76,78,79,80,82,83,84,85,86,87,88,93,96,99,100,101,104,105,106,107,109,110,111,112,113,114,118,119,120,121,123,124,125,126,128,129,131,132,133,136,137,139,141,143,144,146,147,148,150,151,154,155,156,162,164,166,167,170,171,172,173,177,179,180,181,182,183,184,187,188,198,199,203,207,208,212,214,216,217,218,221,223,225,226,227,228,229,230,233,236,238,241,243,245,253,255,256,257,264,265,266,280,287,288,289,291,294,296,298,302,306,315,319,321,327,328,330,336,338,341,342,343,347,348,349,357,360,363,364,366,368,373,380,391,397,410,412,416,428,429,434,460,525,572,598,668
22,47,56,59,60,61,62,63,64,65,66,67,69,70,71,74,75,76,77,78,79,80,82,83,84,86,87,88,89,90,91,93,94,97,98,99,100,101,103,104,105,106,107,108,109,110,111,112,113,114,115,116,117,121,122,123,124,125,126,127,128,129,131,133,134,135,136,140,141,143,144,148,149,150,151,156,159,160,161,165,166,168,169,170,172,174,175,176,181,182,184,185,186,188,191,192,193,194,195,202,218,222,224,225,226,228,229,230,231,235,237,240,241,245,246,249,250,251,253,257,262,263,264,266,268,273,274,275,277,283,284,286,289,291,293,295,297,298,300,303,304,305,308,310,311,314,320,323,324,325,326,327,328,331,334,336,341,343,345,346,349,351,353,358,362,363,367,376,379,383,384,386,387,391,394,400,403,409,417,420,422,424,443,452,473,490,580,679
23,52,57,58,59,60,62,63,64,66,67,68,69,70,71,73,77,79,80,81,82,83,85,86,87,89,90,91,92,93,94,95,96,99,100,101,102,103,104,107,108,110,112,114,115,117,120,121,123,125,126,131,134,135,137,140,141,142,144,145,147,152,155,156,159,160,163,164,166,169,170,171,172,175,179,185,187,188,192,197,198,199,200,201,203,207,208,209,215,216,217,222,223,225,226,228,230,231,232,235,236,237,242,244,247,251,253,255,263,266,267,268,269,272,274,276,277,281,282,287,288,292,293,294,296,299,301,305,311,313,314,315,319,321,325,330,332,333,334,335,339,341,342,346,347,352,353,355,356,357,361,367,369,370,372,379,382,386,390,399,402,414,415,425,426,433,441,448,463,473,485,493,507,524,617,685
24,12,47,53,55,56,57,58,59,60,61,62,63,64,65,67,69,71,73,74,76,78,79,80,81,82,83,84,85,86,87,89,90,91,92,93,96,97,98,99,100,102,104,105,108,110,111,113,114,115,116,120,121,123,124,126,128,129,134,138,139,142,143,148,149,164,165,167,168,171,174,176,177,179,180,181,184,186,189,190,192,195,197,199,201,202,205,206,207,208,210,213,215,216,219,220,222,223,225,226,227,229,230,231,232,233,235,237,241,243,244,250,251,252,256,257,258,259,262,264,266,271,276,279,282,283,284,285,286,288,289,292,294,310,311,315,316,318,322,323,329,333,334,343,344,346,347,350,353,358,361,365,369,370,372,374,377,380,383,385,386,394,406,415,419,421,424,428,431,433,457,467,541
25,10,46,53,57,58,59,60,61,62,64,65,66,67,69,70,71,72,73,74,75,76,77,78,82,83,85,87,88,89,90,92,93,94,95,96,97,98,99,100,102,103,104,105,107,109,111,112,113,114,116,117,120,121,122,124,125,128,129,131,136,137,138,140,141,142,143,147,149,152,153,154,156,157,159,160,162,165,169,170,174,175,177,181,182,184,185,187,188,189,190,194,195,197,198,201,205,206,209,213,214,215,216,217,218,219,220,225,226,228,229,230,232,234,236,238,239,241,247,248,255,262,263,267,269,270,271,277,280,282,284,285,287,290,291,300,301,306,307,309,316,321,323,325,326,331,333,335,336,339,341,348,352,357,358,361,367,370,371,372,374,375,377,379,386,389,391,399,409,424,426,527
26,56,57,59,62,63,64,67,69,70,71,72,73,74,75,76,77,78,79,80,81,82,83,84,85,86,88,89,91,92,93,94,95,96,98,100,101,102,103,104,110,111,112,113,114,115,117,118,119,120,123,126,128,129,131,132,135,138,139,140,141,142,143,145,148,151,153,154,157,158,159,163,166,167,168,169,171,177,179,180,184,185,188,189,190,192,195,198,199,204,205,211,212,215,216,218,221,222,223,224,226,227,228,229,230,231,232,235,236,238,245,246,247,248,253,254,259,271,274,283,287,288,289,292,296,297,299,312,318,322,326,329,334,339,348,352,356,362,377,382,385,387,388,389,397,399,410,411,425,459,461,472,484
27,6,53,54,55,56,58,59,60,62,63,64,66,67,68,71,73,74,75,77,78,79,80,82,83,86,89,90,91,96,97,98,99,100,101,102,104,105,106,107,108,109,111,112,113,114,115,116,117,118,119,123,124,126,130,131,132,133,134,137,139,148,149,155,156,157,158,160,166,167,168,170,172,174,178,179,180,181,182,185,186,189,190,192,194,196,199,201,203,205,206,210,214,216,218,219,221,222,225,232,236,237,246,253,258,260,263,269,270,271,272,273,284,287,289,291,297,299,302,304,307,312,317,318,319,323,325,329,331,346,349,353,354,356,359,362,364,367,368,370,380,386,389,392,399,403,410,416,425,431,441,507,510,561
28,16,51,53,56,57,58,59,61,63,64,67,68,69,70,71,72,74,75,76,77,79,84,85,87,88,89,90,91,93,94,95,96,97,98,99,100,101,106,107,109,110,111,115,116,118,119,121,123,124,126,127,128,129,131,132,133,134,135,136,137,138,139,140,141,144,152,153,158,159,160,161,165,167,177,179,181,186,188,190,192,193,199,201,203,204,210,212,215,218,221,223,224,225,230,232,236,243,248,254,257,264,265,266,268,269,270,272,275,281,283,284,288,299,305,307,308,312,314,318,319,321,323,327,341,345,373,398,407,420,430,446,454,456,457,544,622,663
29,22,48,51,52,53,54,55,56,57,58,61,62,66,68,69,70,73,75,76,77,80,81,82,83,84,85,86,87,88,89,92,94,95,96,97,98,100,102,104,106,109,111,114,117,118,119,121,123,125,126,132,137,138,148,151,152,158,159,166,169,170,171,172,173,174,175,176,177,182,183,184,187,188,190,194,200,203,204,206,207,208,210,212,213,215,216,219,220,221,222,224,225,226,228,235,236,240,241,242,245,247,251,258,260,268,270,273,276,278,280,294,297,302,308,312,315,318,319,321,332,338,343,347,352,380,388,401,407,416,454
30,9,53,55,56,57,58,60,61,63,64,66,67,68,70,71,72,73,74,75,76,77,79,81,83,84,85,86,87,89,90,91,92,93,94,95,96,97,98,100,101,103,106,108,112,114,121,122,124,125,132,133,134,135,136,137,138,139,140,142,143,144,146,151,152,155,156,158,159,160,167,170,172,173,174,175,176,177,179,185,186,188,189,192,196,199,200,202,203,204,205,213,215,216,217,218,219,222,223,224,225,229,232,234,236,242,249,251,252,255,257,259,262,264,267,268,269,282,287,291,292,293,299,303,304,305,306,314,315,318,322,336,345,401,421,429,462,523
31,48,49,52,55,57,59,61,62,63,64,65,68,69,70,71,72,76,77,78,79,80,83,84,85,87,95,99,104,105,107,109,110,112,114,115,116,118,119,120,121,122,124,126,128,129,132,136,139,142,144,145,147,148,149,150,151,152,154,158,160,163,167,169,170,171,172,173,175,177,185,188,190,192,198,199,200,201,202,203,206,207,209,210,212,213,214,217,218,220,229,231,232,234,236,237,240,246,257,258,262,264,278,280,284,285,287,295,297,302,308,316,324,346,386,411,437,474,623
32,55,57,58,59,60,61,62,64,65,66,67,68,69,70,71,72,73,77,78,81,82,85,86,88,89,90,91,92,93,94,97,98,99,100,101,102,103,105,108,109,110,113,114,115,119,120,123,124,128,129,130,135,148,151,152,154,156,157,160,163,164,165,166,167,168,170,171,172,175,176,177,180,181,187,191,194,195,196,200,203,206,209,212,213,217,221,223,227,229,232,234,236,242,243,246,252,253,257,264,265,266,268,269,270,271,281,291,296,297,298,301,304,311,315,316,324,325,335,445,449,460,473,506,645
33,37,43,48,49,52,53,54,55,56,57,59,61,62,63,64,65,70,71,73,74,75,76,77,78,79,80,81,82,83,85,87,88,89,90,92,94,95,96,98,101,103,105,109,110,111,115,117,121,122,123,125,129,130,131,133,135,141,144,147,148,149,150,151,152,153,155,156,158,159,160,162,163,165,170,175,177,178,183,189,191,193,194,198,202,203,205,208,209,210,211,212,213,214,215,216,217,218,219,221,223,225,226,227,228,232,234,244,247,252,254,255,263,272,274,288,293,295,299,301,322,323,332,337,386,411,572,659
34,47,49,51,52,53,54,55,56,58,59,61,62,63,65,66,67,69,70,71,72,73,75,76,77,78,79,80,81,85,86,88,89,91,92,96,97,98,100,102,103,104,105,107,108,109,110,111,115,121,126,127,128,135,137,138,141,147,151,154,157,159,161,162,163,164,165,166,167,168,170,171,172,175,178,179,184,187,188,191,200,202,203,205,206,207,208,209,211,212,213,214,217,218,219,220,221,222,224,225,226,227,229,232,234,235,239,241,246,249,251,252,253,254,255,257,258,266,267,270,272,275,276,284,290,294,296,297,298,305,314,534,544,691
35,36,48,51,54,56,58,59,61,62,63,64,65,66,67,68,69,70,72,73,74,75,76,79,80,83,84,85,86,87,89,92,96,98,99,100,101,103,105,106,107,109,110,111,112,113,116,117,118,119,121,128,129,132,136,140,146,147,149,150,153,154,156,157,160,162,163,164,165,168,169,170,172,175,177,181,182,183,188,189,190,191,195,198,202,203,206,207,208,209,211,212,213,214,218,219,220,221,222,226,229,232,233,234,235,241,245,251,262,263,276,280,288,302,304,321,322,324,456,498,584
36,46,47,49,51,52,53,54,56,57,58,59,60,61,62,63,64,67,68,70,71,72,74,75,76,77,78,79,80,81,82,83,84,85,87,89,90,91,92,94,95,96,99,101,102,103,104,105,106,108,110,111,112,113,114,117,118,123,124,125,126,127,130,131,132,133,134,135,138,140,143,144,145,147,150,152,153,154,155,156,157,159,162,166,167,171,173,176,177,180,183,184,185,186,187,189,191,192,193,195,198,202,203,205,206,211,213,215,216,218,219,221,222,225,226,229,233,235,236,239,240,245,246,252,261,265,266,274,279,281,286,316,319,321,342,479
37,48,56,57,58,59,61,62,63,65,66,67,68,69,70,71,72,73,74,75,76,77,78,79,80,81,82,83,84,85,86,87,88,89,90,91,92,93,94,95,96,97,98,100,101,102,103,104,105,106,107,108,109,110,112,113,114,115,116,117,118,119,120,121,122,124,125,127,128,129,130,132,133,134,135,136,137,138,140,154,156,157,160,162,163,166,167,168,169,170,171,172,173,174,178,180,183,185,186,187,191,192,194,198,201,202,203,206,207,208,211,212,214,215,217,218,219,220,221,224,225,228,229,231,232,233,237,240,241,242,244,245,246,248,251,253,258,259,273,275,307,329,346,645
38,9,44,48,50,51,52,53,59,60,61,62,63,64,66,67,68,69,70,71,72,74,75,76,77,78,79,80,81,82,83,84,85,86,87,88,89,90,92,93,94,95,96,97,98,100,102,103,104,105,106,107,108,109,110,111,112,113,114,118,119,120,121,122,124,125,127,128,129,131,132,133,135,136,137,139,142,145,146,149,150,152,153,154,155,156,159,161,162,163,164,167,168,169,170,171,173,174,175,176,177,178,180,182,183,184,185,186,187,188,189,191,192,195,196,199,200,202,203,204,205,206,207,208,211,213,215,217,218,220,222,223,224,225,226,227,228,230,231,232,233,234,235,237,238,239,240,242,244,247,257,258,264,267,268,269,271,278,281,282,283,289,290,297,299,534
39,46,51,53,56,57,58,59,60,61,62,63,64,65,66,67,68,70,71,72,74,75,76,77,78,80,81,82,83,84,85,86,87,91,92,93,97,98,99,100,101,102,103,104,105,106,107,108,109,110,111,115,117,118,119,120,123,124,125,126,128,131,132,133,134,135,136,137,139,142,144,145,146,147,149,150,151,152,153,154,155,156,157,160,162,163,164,166,167,168,172,175,176,177,179,180,182,183,192,193,194,197,199,200,201,206,211,212,214,217,218,220,221,223,226,227,229,231,235,237,247,252,253,259,260,265,267,272,274,276,281,287,290,317,318,335,339,666
40,43,52,53,57,59,60,61,62,63,64,65,66,67,68,70,71,74,75,76,77,78,79,80,81,83,84,85,86,87,88,89,90,91,92,93,94,95,96,97,98,99,100,102,103,104,105,106,107,108,110,111,112,113,114,115,116,117,120,122,123,125,127,128,129,130,134,136,138,144,145,146,147,148,152,154,155,156,157,158,161,165,167,178,179,185,187,188,189,193,195,200,201,202,203,204,205,206,210,211,214,215,216,220,225,226,227,232,233,234,235,240,245,247,251,253,254,255,270,280,287,290,295,297,298,303,312,316,345,412,495
41,9,54,56,57,58,59,60,61,62,63,64,66,67,70,72,73,74,75,77,78,79,80,83,84,85,86,87,88,89,90,91,93,94,95,96,97,98,99,100,101,102,103,104,106,107,108,110,112,114,115,116,117,118,119,120,121,122,123,127,128,130,131,133,134,135,136,138,147,151,153,154,156,157,160,162,163,164,167,170,172,173,175,177,179,180,183,184,185,187,188,189,190,192,193,196,198,199,201,202,205,209,210,213,214,215,216,223,226,228,231,235,243,245,248,255,257,261,267,274,280,286,287,299,304,308,330,441,524,582
42,57,61,62,63,65,66,67,68,69,71,72,73,74,76,77,78,79,80,81,82,83,86,87,88,90,91,92,93,94,95,96,97,98,99,100,101,104,105,106,107,108,109,110,111,113,114,115,116,117,119,120,122,125,126,127,128,129,130,131,132,133,134,135,136,138,140,141,142,149,150,154,156,157,159,161,162,163,164,166,167,168,169,171,173,176,178,180,183,184,185,186,188,190,193,200,202,203,204,205,207,209,215,217,219,220,225,227,228,232,234,236,239,240,251,255,259,261,265,294,318,328,401,473,486
43,8,55,57,58,59,62,63,64,65,66,68,69,70,72,73,75,76,77,78,79,80,81,82,83,84,85,86,88,89,90,91,92,93,94,95,96,97,99,100,102,104,105,106,107,109,110,111,112,113,114,115,116,117,118,119,120,121,122,123,124,125,126,127,129,130,132,133,134,135,136,137,138,140,143,144,147,152,156,157,158,160,161,162,163,165,166,167,168,169,170,171,172,173,174,176,178,179,184,186,187,189,190,191,192,193,194,196,197,199,200,206,219,228,230,234,239,244,248,255,276,289,297,325,327,330,362,533,548,657
44,10,30,36,44,56,57,58,60,61,62,64,68,70,73,74,75,77,80,82,83,84,85,87,88,89,90,92,94,95,96,97,98,99,100,102,103,104,105,106,107,108,111,112,113,115,116,117,118,119,121,123,124,125,126,128,130,134,135,136,137,138,141,142,143,144,153,154,155,157,158,164,166,167,168,169,170,173,175,177,184,191,194,195,196,197,200,201,204,205,206,207,209,211,212,215,219,221,227,235,239,243,244,245,248,257,258,261,266,268,274,285,289,296,303,311,313,319,320,322,528,580,605
45,37,42,47,48,50,51,52,56,57,58,59,61,63,65,66,72,73,74,75,76,77,78,81,82,84,85,86,87,89,91,92,93,94,95,96,97,98,99,100,101,102,103,104,105,106,107,108,109,110,111,113,114,115,116,117,118,119,120,121,122,123,124,125,126,127,128,129,134,136,137,138,139,140,141,142,144,145,146,147,148,162,164,168,170,171,173,175,177,178,179,180,182,185,187,189,190,192,196,201,206,216,218,223,226,232,235,250,255,262,270,276,279,283,298,299,300,309,343,624
46,49,72,74,75,78,82,84,88,95,96,97,99,101,105,108,109,112,113,115,119,128,132,133,138,139,141,142,151,159,164,165,171,173,176,185,186,187,188,189,190,192,193,195,196,200,202,205,206,210,213,234,250,255,260,262,287,303,304,315
47,30,124,134,198,231,520,583,677
48,283,507,511,571,612,652
49,48,52,216,423
50,11,395,447,682
51,329
52,150,482,526
53,8,677
54,60,209,593,615
55,209,266,398,407
56,591
57,26,30,602
58,67,153,232,412,484,644
59,27,93
60,144,268,317,495,569,689
61,13,116,350,381,594
62,59,148,235,404
63,35,117,270,448,510,690
64,46,92,238
65,
66,
67,
68,
69,
70,
71,
72,
73,
74,
75,
76,
77,
78,
79,
80,
81,
82,
83,
84,
85,
86,
87,
88,
89,
90,
91,
92,
93,
94,
95,
96,
97,
98,
