0
0,321
1,16,46,447,460,693
2,114,171,226,255
3,114,122,507,536
4,68,89,108,152,409,461,583
5,170,190,226,283,481,543
6,35,106,165,313,352,397,411,504,539,618,696
7,297,459,598,664
8,54,126,150
9,128,208,468
10,50,56,129,201,244,265,302
11,209,265,503,512,515,519
12,8,26,205,340,466,528,529,538,540,547,548,578
13,27,29,31,33,41,42,47,66,191,338,461,511,525,535,589,600,613
14,17,18,21,26,28,29,30,31,32,33,34,35,36,37,38,39,40,42,44,45,47,49,51,97,194,233,515,552,555,571,572,573,579,606
15,18,19,20,23,24,25,26,27,28,29,30,31,32,33,34,35,36,37,38,39,40,41,42,43,44,45,46,47,48,49,50,51,53,54,55,56,59,62,66,71,72,90,116,217,253,293,343,426,510,523,544,562,586
16,14,15,17,21,22,25,26,27,28,29,30,31,32,33,34,35,36,37,38,39,40,41,42,43,44,45,46,47,48,49,50,51,52,53,54,55,56,57,58,59,60,61,62,63,64,65,66,67,68,69,70,71,72,73,74,75,76,77,78,79,80,81,82,83,84,85,86,94,98,118,119,120,122,125,127,132,133,134,135,137,140,144,145,158,234,238,266,298,308,346,457,507,560
17,16,23,25,29,30,31,32,33,34,35,36,37,38,39,40,41,42,43,44,45,46,47,48,49,50,51,52,53,54,55,56,57,58,59,60,61,62,63,64,65,66,67,68,69,70,71,72,73,74,75,76,77,78,79,80,81,82,83,84,85,86,87,88,89,90,91,92,93,94,95,96,97,98,99,100,101,102,103,104,105,106,107,108,109,110,111,112,113,114,115,116,117,118,119,120,121,122,123,124,125,126,127,128,129,130,131,132,133,134,135,136,137,138,139,140,141,142,143,144,145,146,147,148,149,150,151,152,153,154,155,156,157,158,159,160,161,162,163,165,166,167,168,169,171,172,173,174,175,176,177,178,179,180,181,183,184,185,187,189,190,191,196,202,364,450
18,19,21,23,24,25,26,28,29,31,32,33,34,35,36,37,38,39,40,41,42,43,44,45,46,47,48,49,50,51,52,53,54,55,56,57,58,59,60,61,62,63,64,65,66,67,68,69,70,71,72,73,74,75,76,77,78,79,80,81,82,83,84,85,86,87,88,89,90,91,92,93,94,96,97,100,101,102,103,104,105,106,110,111,112,114,115,116,119,120,121,122,123,124,125,126,127,128,129,130,131,132,133,134,136,137,138,139,140,141,142,143,144,145,146,147,148,149,150,151,152,153,154,155,156,157,158,159,160,161,162,163,164,165,166,167,168,169,170,171,172,173,174,175,176,177,178,179,180,181,182,183,184,185,186,187,188,189,190,191,192,193,194,195,196,197,198,199,200,201,202,203,204,205,206,207,208,209,210,211,212,213,214,215,216,217,218,219,220,221,222,223,224,225,226,227,228,229,230,231,232,233,234,235,236,237,238,239,240,241,242,243,244,245,246,247,248,249,250,252,253,254,255,256,257,258,260,261,262,263,264,265,266,267,269,270,272,275,277,278,280,282,283,284,285,286,293,298,299,301,303,306,312,319,320,327,329,336,338,343,346,347,349,352,355,359,362,369,379,385,387,390,420,424,429,456,462,555
19,25,28,31,32,33,34,35,36,37,38,39,40,41,42,43,44,45,46,47,48,49,50,51,52,53,54,55,56,57,58,59,60,61,62,63,64,65,66,67,69,70,71,72,73,74,75,76,77,78,80,81,82,85,86,88,89,90,91,92,93,94,95,96,98,99,100,101,102,103,105,106,107,109,110,111,112,113,114,115,117,118,119,120,121,122,123,124,125,126,127,128,129,130,131,132,133,134,135,136,137,138,139,140,141,142,143,144,145,146,147,149,150,151,152,153,154,155,156,157,158,159,160,161,162,163,164,165,166,167,168,169,170,171,172,173,174,175,176,177,178,179,180,181,182,183,184,185,186,187,188,189,190,191,192,193,194,195,196,197,198,199,200,201,202,204,205,206,207,208,209,210,211,212,213,214,215,216,217,218,219,220,221,222,223,224,225,226,227,228,229,230,231,232,233,234,235,236,237,238,239,241,242,243,244,245,246,249,251,252,253,254,255,257,259,260,261,263,265,266,268,270,271,274,276,277,279,281,284,285,287,288,289,293,298,299,302,305,307,311,315,321,322,324,327,328,330,334,335,337,341,349,350,351,352,355,356,360,364,367,369,371,372,373,379,382,391,393,397,400,404,405,407,408,409,410,411,412,415,417,419,423,424,428,430,431,432,433,434,435,438,439,440,441,448,449,452,456,457,461,481,482,488,526,594,601
20,25,28,29,31,32,33,34,35,36,37,38,39,40,41,42,43,44,45,46,47,48,49,50,51,52,53,54,55,56,57,58,59,60,61,62,63,64,65,66,67,68,69,70,71,72,73,74,75,76,77,78,80,81,82,83,84,85,86,87,88,89,90,91,92,94,95,96,97,98,99,101,102,103,104,105,106,107,108,109,110,111,112,113,114,117,118,119,120,121,122,123,124,125,126,127,128,129,130,131,132,133,134,135,136,137,138,139,140,143,145,146,148,149,150,151,152,153,154,155,156,157,158,159,160,161,162,163,164,165,166,167,168,169,170,171,172,173,174,175,176,178,179,180,181,182,183,184,185,186,187,188,189,190,191,192,193,194,195,196,197,198,199,200,201,202,203,204,206,207,208,209,210,211,213,214,215,216,217,219,221,222,223,224,225,228,229,230,231,233,234,235,236,237,238,239,241,242,243,244,245,246,247,248,249,251,252,253,254,255,256,259,260,261,262,263,265,266,267,268,269,270,271,272,273,274,275,276,277,280,283,284,288,290,291,294,295,301,303,304,305,307,309,319,322,324,328,329,331,333,339,357,359,361,367,372,377,379,383,385,386,389,397,408,420,421,426,440,446,453,455,458,482,557,671
21,26,28,29,30,31,32,33,34,35,36,37,38,39,40,41,42,44,45,46,47,48,49,51,52,53,54,55,56,57,58,59,60,61,62,64,66,67,69,70,71,72,73,74,75,76,77,78,79,80,81,82,83,84,85,86,87,88,89,90,91,92,93,94,95,96,97,98,99,100,101,102,103,105,107,108,109,110,112,114,115,116,117,118,119,120,121,122,124,125,127,128,129,130,131,132,133,134,136,137,139,141,142,143,144,145,146,147,148,149,150,151,152,154,155,157,158,159,160,162,164,165,166,167,169,170,171,173,174,175,176,177,178,179,180,181,183,185,186,187,188,190,191,192,193,194,195,196,198,199,201,202,203,204,205,206,207,209,210,211,212,213,214,215,216,217,219,220,221,222,223,226,227,228,230,231,232,233,234,236,238,239,240,242,244,245,247,249,250,251,253,254,255,256,257,258,260,261,262,263,264,265,266,267,268,269,270,272,273,274,276,277,278,279,283,287,288,289,292,293,294,295,297,298,299,301,302,310,311,312,313,315,316,318,324,326,331,333,336,346,347,350,359,367,369,370,371,372,376,377,379,381,386,387,393,397,403,411,414,418,423,431,447,456,458,460,480,494,508,550,575,642,692
22,21,27,30,32,35,36,37,38,39,40,41,42,43,44,45,46,47,48,49,50,51,52,53,54,55,56,57,58,59,60,61,62,63,64,65,67,69,70,72,73,74,75,77,78,80,81,82,83,84,85,87,88,89,91,93,94,95,96,98,99,100,101,102,103,104,105,106,107,108,109,111,113,115,117,118,119,122,123,125,126,127,128,129,130,132,134,135,136,137,138,139,140,141,142,143,144,145,146,147,148,150,151,152,153,154,155,156,157,158,161,162,163,164,165,166,167,168,169,170,171,172,173,174,175,176,178,179,180,181,182,183,184,185,186,187,188,189,190,191,194,196,197,198,199,200,203,204,205,206,207,208,209,210,211,212,213,214,216,217,218,219,220,221,223,224,225,227,229,231,232,233,235,237,238,239,240,241,242,243,244,245,247,249,250,251,254,255,256,259,260,261,262,264,267,268,269,270,271,273,274,276,277,279,282,285,287,293,295,299,300,301,302,303,304,305,310,314,317,319,323,328,340,346,352,359,371,381,385,386,387,393,398,408,410,416,422,423,436,451,456,459,477,489,522,601,670
23,20,23,26,27,28,29,30,31,32,33,34,35,36,37,38,39,40,41,42,43,44,45,46,47,48,49,50,51,52,53,54,55,58,59,60,61,62,63,64,65,66,67,68,70,71,72,73,74,75,77,78,79,80,81,82,83,84,85,86,87,88,89,90,91,92,93,94,95,96,97,98,99,100,102,103,105,106,107,108,109,110,111,114,115,117,119,120,121,123,124,126,127,128,129,131,132,133,136,137,138,139,140,141,142,143,144,145,146,147,148,149,150,151,152,153,154,155,156,157,159,160,161,162,163,164,166,169,171,172,173,175,176,178,179,181,182,185,186,188,189,191,192,193,194,195,196,197,198,200,201,202,203,204,205,206,207,208,209,211,212,213,214,215,217,218,219,220,221,222,223,224,225,226,227,229,230,234,235,237,239,241,243,247,248,249,251,252,253,254,257,260,261,263,264,265,266,267,271,274,276,279,281,282,289,290,291,293,294,295,298,300,311,313,316,321,322,323,324,326,340,347,351,353,355,356,357,358,364,367,368,369,372,380,396,407,409,410,413,419,427,431,433,436,448,460,473,486,514,560,647
24,24,26,28,31,32,33,37,38,40,41,42,43,44,45,46,47,48,49,50,51,52,53,54,55,56,57,58,59,60,61,62,63,64,65,67,68,70,71,72,73,74,75,76,77,79,80,81,82,83,85,86,87,88,90,91,92,93,94,95,96,97,98,99,100,101,103,104,105,106,109,110,111,113,114,115,116,117,118,120,121,122,123,126,127,128,129,131,132,133,134,135,136,137,138,139,140,141,142,143,144,145,147,148,149,150,151,152,153,154,155,156,157,158,159,160,161,162,163,164,165,166,168,169,170,171,173,174,175,177,179,184,185,186,187,188,190,191,194,195,196,198,199,200,201,202,203,205,207,208,211,212,213,216,217,218,219,220,221,222,223,224,226,228,234,235,237,238,241,242,246,249,250,253,254,256,257,258,259,260,262,263,264,268,270,271,273,276,278,279,280,286,287,288,289,290,300,302,304,306,313,328,330,338,346,351,353,354,355,359,363,364,365,366,369,370,374,378,385,386,396,399,408,412,416,420,424,425,442,443,444,450,452,458,463,464,466,469,502,504,614,689
25,5,26,28,31,33,34,35,36,37,38,39,40,41,42,43,44,45,46,47,48,50,51,52,53,54,55,56,57,58,59,60,61,62,63,64,65,66,67,68,69,70,71,72,73,74,75,76,77,78,79,80,81,82,83,84,85,86,87,88,89,90,91,92,93,94,95,96,97,98,100,101,103,104,105,107,108,109,110,111,113,114,115,116,117,121,124,125,128,130,132,134,135,137,138,139,140,141,142,145,146,148,149,150,151,153,154,155,156,158,159,160,161,162,163,164,165,167,168,169,171,172,173,174,175,176,177,178,180,181,182,183,184,185,188,189,191,193,194,195,197,198,199,200,201,204,208,210,211,213,214,215,217,220,223,224,226,228,230,231,232,236,244,249,250,253,257,280,292,296,312,314,320,332,333,341,343,347,349,352,356,363,366,373,377,380,384,387,388,390,391,393,399,400,405,407,409,429,443,466,491,588,600
26,27,28,37,38,39,40,41,42,43,44,45,46,47,48,49,50,51,52,53,54,55,56,57,59,60,61,62,63,66,67,69,70,71,72,75,76,77,78,79,80,81,83,84,85,86,87,88,89,90,91,92,94,95,96,97,98,99,100,101,102,103,104,105,106,107,108,109,110,111,112,114,115,116,117,118,119,122,123,124,125,127,128,129,130,131,132,134,135,136,137,138,139,140,141,142,144,145,146,147,148,151,152,153,154,155,156,157,158,159,160,161,162,163,164,165,166,168,170,171,172,173,177,178,179,181,183,184,185,186,189,191,193,194,195,196,197,198,200,201,203,204,206,207,211,212,216,220,226,227,230,232,234,237,240,245,248,249,251,253,256,257,262,271,272,276,278,280,281,283,295,301,302,304,316,317,325,334,340,341,342,343,344,346,350,353,354,372,397,398,409,438,464,472,648
27,25,32,34,36,37,39,40,42,44,45,46,48,51,52,53,54,55,56,57,58,59,60,61,62,63,64,65,66,67,68,69,70,71,72,73,74,75,76,77,78,79,80,81,82,83,84,85,86,87,88,89,90,91,92,94,95,98,99,100,101,102,103,104,107,108,109,110,111,115,117,121,122,123,124,125,127,129,130,131,132,133,134,136,137,138,140,141,142,143,146,147,149,151,153,155,156,157,158,159,160,161,162,163,164,165,166,167,168,169,170,171,172,173,174,176,177,178,179,181,183,184,185,186,187,188,189,190,192,193,196,197,198,199,200,201,202,206,207,210,211,213,214,216,217,220,224,226,228,230,231,236,237,239,241,243,250,254,283,287,293,312,314,323,325,327,330,332,335,344,357,374,383,396,404,445
28,30,32,35,36,38,39,40,41,44,45,46,47,48,49,50,51,52,53,54,55,56,57,58,59,60,61,62,63,64,65,67,68,69,72,73,74,76,77,79,80,81,82,83,86,87,88,89,90,91,92,93,94,95,96,97,98,99,100,101,102,104,105,106,107,108,109,111,112,114,115,116,118,121,122,123,125,126,128,129,130,131,132,133,134,135,136,137,138,139,140,142,143,144,145,147,148,149,150,151,152,154,155,157,158,160,162,163,164,167,168,169,170,171,173,174,175,176,178,179,180,181,182,184,185,186,187,188,189,190,191,192,193,195,197,199,204,205,206,207,209,211,212,213,219,221,224,225,232,233,234,235,236,242,245,247,248,254,258,264,271,283,287,292,293,301,303,307,321,326,329,330,334,341,344,355,365,368,369,377,378,383,403,446,506,582,632
29,25,32,34,35,36,37,38,39,40,41,42,43,44,45,46,47,48,49,50,51,52,53,54,55,56,57,58,59,60,61,62,63,64,65,67,68,69,71,72,73,74,75,76,77,78,79,80,81,82,83,84,85,86,87,88,90,91,94,96,98,100,101,102,103,104,106,108,109,110,112,114,116,119,120,122,125,133,134,135,137,138,141,142,143,145,146,147,148,151,153,154,155,156,157,158,159,161,162,163,164,165,166,167,168,169,170,172,173,174,176,177,178,180,181,182,183,184,185,186,187,188,190,191,193,195,196,198,201,202,203,204,206,208,210,211,212,213,217,218,220,221,222,223,224,225,228,229,231,233,235,236,239,243,250,252,266,277,279,285,287,288,308,314,325,329,330,334,348,368,375,376,412,448,579,630
30,11,35,37,39,41,42,43,44,45,46,47,48,49,50,53,54,56,57,58,60,61,62,63,64,65,66,67,68,69,70,71,72,73,74,76,77,79,80,81,83,85,87,89,90,91,92,93,94,95,96,97,98,99,100,101,102,103,104,105,106,107,108,109,110,111,112,113,114,115,116,117,119,122,123,124,127,129,132,133,134,136,137,138,139,140,141,142,143,144,145,146,147,148,149,150,151,152,153,156,157,158,160,164,165,167,168,169,171,172,174,175,176,177,178,179,180,181,182,185,187,188,189,190,191,192,195,197,198,199,200,201,202,203,204,205,208,209,210,211,212,213,216,217,218,219,220,221,222,223,225,226,230,231,232,233,235,237,239,242,243,247,248,255,256,258,261,266,268,270,274,283,285,298,299,307,308,314,317,318,325,328,329,335,337,348,358,359
31,5,24,26,27,32,33,34,35,36,38,40,42,43,44,45,46,47,49,50,51,52,54,55,56,57,59,60,61,62,63,64,65,66,67,68,69,70,71,72,73,75,76,77,78,80,81,82,83,84,85,89,90,91,92,93,95,97,98,99,100,101,103,104,105,106,107,109,111,112,113,114,115,118,125,129,130,131,133,135,136,137,141,142,144,146,147,148,149,151,152,154,155,156,157,158,159,160,161,162,164,165,167,168,169,170,171,172,173,174,175,176,177,179,180,181,182,183,184,185,187,188,189,190,191,192,193,194,195,196,197,200,201,202,205,207,210,212,215,216,218,220,221,223,225,226,227,228,229,230,231,234,239,241,243,244,249,253,254,255,257,262,264,267,268,279,284,295,296,297,302,306,307,311,318,320,321,322,323,324,329,332,335,345,351,354,355,356,357,359,362,366,374,404,407,627,661
32,31,33,35,37,39,41,42,43,44,45,46,47,48,49,50,51,52,54,55,56,57,59,60,61,63,64,65,66,67,68,69,71,72,73,74,75,76,77,78,80,81,82,84,85,86,87,90,93,94,95,96,97,98,99,100,101,102,103,104,105,106,107,108,110,111,112,113,114,115,116,117,119,120,123,127,128,130,132,134,135,136,137,140,141,142,145,146,147,148,149,150,151,152,153,155,156,157,158,159,160,161,163,164,167,168,169,170,172,173,175,176,181,183,184,186,187,195,197,198,199,200,201,203,204,205,206,207,208,210,212,213,214,215,216,218,220,221,222,223,225,226,227,228,229,231,232,233,235,236,237,241,242,243,244,248,249,250,251,252,257,259,260,262,263,265,266,267,268,270,271,276,280,283,284,285,290,291,294,296,301,302,303,304,305,308,309,311,313,316,317,320,334,336,337,338,339,341,342,344,350,353,356,364,369,375,382,387,388,390,395,414,426,433,457,546
33,2,41,42,43,50,51,52,55,56,57,58,60,61,62,63,64,65,66,67,68,69,70,71,72,73,74,75,76,77,78,81,82,83,84,85,86,89,90,91,92,94,96,99,100,101,102,103,105,106,107,108,112,113,115,116,117,121,123,134,137,139,140,147,148,151,153,154,155,156,159,160,162,163,164,166,167,168,169,170,171,172,173,174,175,176,177,178,179,181,182,184,186,187,189,190,191,192,193,194,195,196,198,199,200,201,203,205,206,207,208,210,212,213,214,215,216,217,218,219,221,223,224,225,226,227,229,231,232,233,234,236,237,238,239,240,241,244,245,246,247,248,250,253,254,255,258,259,260,264,265,267,269,272,273,274,277,281,282,286,287,295,296,297,300,307,314,315,316,319,320,323,325,328,330,331,332,334,335,336,342,343,353,357,366,370,375,380,381,386,394,406,410,411,432,434,445,598,670,689
34,40,41,42,44,49,50,53,54,56,57,58,59,61,62,63,64,67,70,71,75,76,77,78,83,86,87,88,89,90,92,93,94,95,96,97,99,101,104,105,106,107,109,111,114,115,117,118,119,120,127,133,136,137,141,144,149,150,152,154,156,157,158,160,161,163,165,168,170,172,175,176,177,178,180,181,183,184,185,187,189,190,193,194,197,198,199,201,202,205,207,209,210,211,215,217,218,221,222,225,227,228,229,230,231,232,233,234,235,238,240,245,246,247,249,250,254,255,256,258,261,262,263,264,265,266,267,268,269,270,272,273,274,276,277,280,281,282,283,284,285,286,287,288,290,291,292,293,294,295,296,298,299,302,303,307,309,311,313,314,315,316,322,323,324,325,327,328,332,335,336,340,342,343,344,345,346,351,354,355,356,359,360,366,371,377,378,380,381,385,393,395,397,404,406,409,443,444,491,643
35,29,30,32,34,41,44,47,48,49,50,51,53,54,55,56,57,59,60,61,62,63,64,65,66,67,68,69,70,71,73,74,76,77,78,79,80,81,82,83,84,85,87,88,89,90,91,93,95,96,99,101,102,103,106,107,108,110,111,112,122,123,125,130,133,135,138,140,142,143,148,151,159,161,166,171,173,176,184,187,188,189,190,193,196,199,200,201,204,205,208,209,210,211,212,213,214,215,217,218,221,222,225,226,227,228,229,231,232,233,234,235,236,237,238,240,241,242,243,245,246,248,249,250,251,252,254,257,259,262,263,265,267,268,269,270,273,277,278,282,284,285,287,288,293,294,296,297,298,299,300,301,302,304,305,306,309,310,312,314,316,322,324,328,329,330,332,333,336,340,347,349,350,366,379,381,390,403,411,421,439,457,476,616
36,33,37,42,45,47,48,49,50,51,52,53,54,55,56,57,58,59,60,61,62,63,64,65,66,67,69,73,74,75,76,78,79,81,83,85,86,88,90,91,95,96,98,99,103,105,107,109,111,112,113,114,115,117,119,120,121,124,126,128,131,132,134,135,143,145,147,148,151,152,153,154,155,156,157,158,159,167,168,172,177,186,187,191,194,195,196,198,199,201,202,205,208,209,214,217,220,221,223,224,225,227,228,233,234,235,236,239,240,241,245,246,247,248,249,250,253,255,256,257,258,259,263,265,267,268,270,271,275,278,279,281,282,289,291,293,294,295,307,310,311,313,314,317,320,323,327,329,330,333,335,336,339,340,342,343,346,347,348,350,352,358,365,367,390,392,405,437,453,471,682
37,39,42,45,47,48,49,50,51,53,54,55,56,57,58,60,62,63,66,67,68,69,70,71,72,73,74,75,76,77,78,80,81,82,83,84,85,86,88,89,90,91,92,94,95,97,99,100,101,102,103,104,105,106,107,109,111,114,115,118,120,121,122,128,136,137,143,145,146,147,150,154,156,158,161,165,170,172,176,178,185,187,193,196,199,200,203,204,206,207,215,216,222,223,224,226,227,228,229,233,235,236,238,241,244,246,247,248,249,250,251,252,255,256,258,260,262,263,265,269,275,276,283,284,285,290,292,298,300,302,309,311,315,319,323,326,331,333,335,336,337,341,356,368,384,402,496
38,42,43,46,47,48,49,50,51,52,53,55,57,59,60,61,62,63,64,65,66,67,68,69,72,73,74,78,79,82,83,84,85,90,91,92,95,97,98,100,103,104,105,106,107,108,110,113,114,115,116,117,118,121,122,124,125,131,135,136,140,142,143,144,147,148,149,152,153,157,160,161,164,167,168,170,174,176,180,185,189,190,191,192,193,200,201,203,207,209,210,213,214,215,216,223,227,228,229,232,234,239,242,245,248,249,250,252,253,254,255,256,257,258,259,267,268,271,272,273,274,276,277,279,286,288,296,299,300,302,303,304,305,309,318,323,326,329,350,360,368,382,389,399,404,411,427,570,622,630
39,28,36,38,43,47,48,49,51,56,58,59,63,64,65,66,67,69,70,71,72,74,75,76,78,79,80,83,84,87,88,89,90,92,93,94,95,97,98,99,100,101,102,103,104,105,107,109,112,115,117,118,123,126,134,136,146,147,150,152,153,154,159,160,165,171,172,176,177,191,199,203,213,216,217,219,220,223,225,226,228,229,230,233,234,237,238,239,241,242,243,246,247,248,251,254,255,256,258,260,261,262,263,264,267,270,271,273,275,278,279,282,285,286,287,288,290,291,292,293,296,302,304,307,308,311,315,320,321,322,323,324,325,330,338,340,343,356,369,370,380,390,393,414,420,479,491,495,540,585
40,43,46,47,48,49,50,51,52,53,54,55,56,57,58,59,61,62,63,64,66,67,70,71,72,73,74,77,78,79,81,82,86,89,90,94,95,96,102,103,104,105,106,107,108,110,117,119,120,123,125,130,139,144,146,147,150,151,153,154,155,160,162,163,164,165,167,169,170,171,174,175,179,180,193,194,197,198,201,203,207,208,211,217,218,219,220,222,225,226,227,228,229,230,231,232,233,234,235,236,244,246,257,260,266,268,274,277,282,284,287,288,291,292,293,297,302,303,304,308,309,310,311,317,319,320,322,325,331,332,334,336,342,346,349,354,356,358,367,386,405,408,576
41,27,46,47,48,50,52,53,58,60,62,63,69,73,74,75,76,77,78,81,82,84,85,86,88,90,91,92,93,94,95,96,97,98,101,103,105,106,108,109,112,113,114,115,118,119,122,129,145,146,148,150,151,153,154,155,157,167,170,177,184,194,195,199,200,202,206,207,211,214,217,218,225,228,231,233,236,238,239,243,244,245,246,247,248,250,253,260,261,262,265,267,275,276,278,282,290,292,293,294,297,298,302,304,306,307,308,310,312,313,315,317,319,322,323,324,328,332,333,343,346,348,364,378,390,397,400,402,404,426,456,587,631
42,34,43,47,51,52,53,54,55,57,58,59,60,62,63,64,65,66,67,68,69,70,71,72,73,74,75,76,77,78,80,81,82,84,85,86,87,89,90,91,94,95,98,99,101,103,104,108,111,116,118,123,124,129,148,149,150,152,153,154,156,159,161,162,165,167,170,171,172,173,175,177,179,182,185,188,190,191,194,196,199,205,207,208,209,211,212,215,217,218,219,221,222,223,225,226,229,231,232,234,235,238,243,245,248,249,252,253,254,257,260,271,276,277,278,285,287,288,290,297,299,301,304,306,307,311,314,319,324,333,335,354,367,387,397,412,428,530,629,651,686
43,44,48,51,52,53,54,55,56,57,58,59,60,61,63,65,68,69,70,71,72,73,74,75,77,78,80,81,83,84,86,88,90,91,93,94,96,97,98,99,101,102,103,104,105,106,107,108,110,113,114,118,119,120,123,126,127,128,129,139,148,149,152,154,157,160,161,163,164,168,170,173,180,182,183,184,191,193,196,198,202,203,204,206,207,214,218,225,226,228,229,231,232,236,237,245,248,252,257,259,260,263,267,269,270,275,276,277,286,298,305,311,313,323,334,540,637,677
44,33,45,46,48,51,52,53,54,55,56,57,61,63,64,65,66,68,69,70,72,74,75,78,80,81,82,83,85,86,87,88,89,90,92,93,94,95,96,97,98,99,100,101,102,106,107,108,109,110,111,113,114,115,116,117,119,122,123,137,141,143,144,150,158,159,161,162,165,168,169,172,173,175,176,177,183,194,199,200,201,203,205,207,209,211,212,214,216,217,219,221,222,225,226,227,229,230,231,232,233,235,240,242,244,247,249,252,253,254,257,258,260,266,267,268,272,274,282,285,286,290,291,292,300,303,315,330,332,333,340,346,364,493,615,680
45,51,52,54,56,57,58,59,60,62,63,64,65,66,67,68,69,70,71,72,73,74,75,76,77,80,81,82,83,84,85,86,87,88,91,92,94,97,103,105,110,111,112,121,123,124,126,127,128,133,134,139,147,148,151,154,155,157,160,166,170,171,172,173,175,178,184,186,192,193,195,197,202,203,206,207,208,211,215,216,217,218,219,221,222,225,227,228,232,235,236,238,239,242,243,244,245,246,247,249,250,251,253,264,268,274,282,285,287,292,293,294,296,298,300,307,316,321,324,326,332,333,346,349,358,394,407,510,636
46,46,48,49,50,52,54,55,56,57,58,60,61,62,64,66,68,69,72,76,77,78,79,80,81,82,83,84,85,86,88,91,92,93,94,95,96,97,100,102,103,105,106,107,110,111,114,115,117,118,121,125,126,129,137,143,144,146,149,150,151,152,154,155,156,159,160,161,162,166,167,169,170,171,175,178,179,183,187,188,190,191,192,195,198,199,200,203,204,207,210,212,216,217,223,226,227,229,233,247,249,252,254,257,258,259,260,261,263,269,270,289,294,300,301,302,304,310,311,317,325,330,335,337,339,349,355,363,365,392,400,431,434,647,691
47,32,43,53,55,56,58,59,62,63,64,66,67,68,69,70,71,72,74,75,76,77,79,80,81,82,84,85,86,87,88,90,91,92,93,94,95,96,97,99,100,101,103,104,107,110,116,117,121,123,124,125,130,143,155,156,157,164,165,170,176,187,190,191,193,198,199,206,207,208,209,210,214,215,217,219,220,222,229,230,232,234,235,238,239,240,243,244,245,247,254,255,256,258,259,267,268,270,272,277,282,283,285,286,292,293,302,309,311,314,315,317,332,334,336,345,346,348,376,382,394,420,519,527,602,618,626,655
48,16,53,54,55,56,57,58,60,62,63,64,65,66,67,68,69,71,72,73,74,76,77,78,80,81,82,83,84,85,86,88,90,91,93,94,97,98,101,106,107,109,110,113,114,115,118,119,120,122,126,128,129,134,136,145,147,148,149,153,158,162,163,165,166,167,168,169,170,177,178,182,186,189,198,199,200,202,204,205,206,211,212,214,215,218,219,220,221,222,223,225,228,231,234,238,239,240,243,245,246,247,260,265,266,277,283,290,297,398,436,595
49,16,43,44,49,54,55,56,58,59,60,61,62,63,64,66,69,70,73,75,76,77,78,80,84,85,86,87,88,89,91,92,93,95,96,97,99,101,104,105,106,107,109,110,111,112,113,116,117,119,122,123,126,133,139,141,142,145,156,159,162,166,171,172,173,176,184,188,200,201,211,212,214,222,234,236,237,238,239,240,242,247,249,252,255,265,266,271,273,276,292,296,304,328,333,522
50,52,54,56,57,58,60,62,64,65,66,67,68,70,73,76,77,78,79,81,84,85,86,87,88,89,91,93,96,97,99,100,101,102,105,110,113,115,116,120,124,126,131,150,151,153,158,159,160,166,168,169,175,178,181,182,184,188,190,197,198,204,211,213,214,215,218,221,223,225,228,229,230,231,235,244,247,253,257,264,268,281,287,289,296,310,315,415,601
51,50,57,59,60,61,62,64,65,66,67,68,70,71,72,73,75,76,78,80,81,82,83,84,85,86,87,89,90,91,93,97,99,100,101,102,104,106,107,109,110,111,112,114,119,120,121,122,124,125,127,130,133,139,142,146,151,152,153,154,155,156,158,159,160,162,163,166,172,173,178,180,183,187,188,193,209,212,217,236,239,240,241,247,249,253,281,295,328,343,396,404,560,620,629
52,10,50,55,57,58,59,61,62,63,64,65,68,73,75,81,82,83,84,86,89,90,91,92,95,97,98,99,100,103,104,105,108,110,111,112,113,114,115,117,118,119,120,121,123,124,127,129,130,144,147,151,156,161,177,181,184,188,211,245,250,283,291,293,537,547,553,646,665
53,45,46,47,48,49,50,51,53,55,56,58,60,62,63,64,67,68,69,70,73,74,77,78,79,81,82,83,84,85,86,88,89,90,91,92,93,94,96,97,99,101,103,104,105,107,108,109,110,115,117,119,121,123,129,134,145,152,158,163,169,170,174,181,182,184,185,195,198,199,214,216,221,250,266,273,283,410
54,39,41,44,46,47,48,51,55,58,63,64,66,68,70,71,72,73,74,75,76,79,81,82,83,86,87,88,90,92,93,97,98,99,105,106,108,110,111,112,113,114,116,122,124,129,134,135,138,145,146,147,148,149,151,156,159,163,165,169,173,175,178,183,185,217,302,341,390,468,524,683
55,34,38,43,44,45,46,48,49,50,53,55,56,58,60,62,64,65,66,70,71,72,76,78,83,85,86,87,88,89,90,92,93,94,95,96,98,99,101,102,105,106,107,109,110,113,115,116,117,118,121,122,123,125,126,127,128,131,133,135,136,140,143,144,145,146,149,151,156,166,167,171,183,194,199,200,207,221,222,236,281,528,583,615
56,35,40,42,43,44,46,47,51,52,54,58,61,62,65,67,69,71,72,74,77,78,79,81,83,84,85,86,88,89,90,92,98,100,101,103,105,106,109,110,112,113,114,118,120,122,124,125,126,141,143,147,148,149,150,160,171,183,192,285,295,319,322
57,36,37,40,43,46,52,54,56,58,69,71,80,81,98,104,120,124,126,127,133,134,137,146,152,188,203,290,606
58,49,56,368,426,445,560
59,44
60,38,332,389,488,559,563,587,641,647
61,11,276,507,569,699
62,13,42,356,422,518,593,596
63,32,138,146,298,408,452
64,148,166,169,404,568,596,676
65,11,24,201,496,498,616
66,25,41,238,603,698
67,8,60,148,297,443,473,630
68,184,521,573,635
69,283,430,433,472,519,649
70,111,328,422,619,656
71,54
72,
73,
74,
75,
76,
77,
78,
79,
80,
81,
82,
83,
84,
85,
86,
87,
88,
89,
90,
91,
92,
93,
94,
95,
96,
97,
98,
