18
0,410
1,209,211,338,390,396,456,664
2,133,243,414,490,503,580
3,146,162,194,417,458,547,578,635
4,78,105,123,156,254,288,310,316,471,641
5,2,9,38,43,75,77,80,85,91,92,315,323,325,326,327,329,331,332,334,336,337,338,339,340,341,342,344,346,347,349,351,355,357,358,359,360,361,362,363,364,365,366,367,369,371,372,373,374,375,376,377,379,386,389,390,401,403,406,408,409,412,415,419,424,433,490,632
6,11,17,27,44,45,54,56,58,59,62,63,64,65,66,68,69,70,71,73,74,75,76,77,78,80,81,82,83,84,85,86,87,88,89,94,95,101,102,118,121,133,160,215,283,672,686
7,51,53,55,57,58,61,63,66,67,70,72,73,74,75,76,77,78,79,80,81,82,83,84,85,86,87,88,89,90,91,92,93,94,95,96,97,98,99,100,101,102,103,104,105,106,107,108,109,110,111,112,114,115,116,117,118,119,120,122,123,124,125,126,127,128,129,132,133,134,136,140,141,142,143,144,145,146,147,148,151,153,154,157,158,159,160,161,162,163,164,165,166,169,170,171,172,173,174,175,176,177,178,179,180,181,182,183,184,185,186,187,188,189,190,191,192,193,195,221,222,225,226,227,229,237,244,245,247,249,250,251,255,259,260,261,263,265,272,273,295,300,305,309,311,313,318,320,324,326,327,330,331,332,333,334,335,338,339,341,342,343,344,345,346,347,348,349,350,351,353,354,355,356,357,358,359,362,363,364,365,366,367,368,369,370,371,373,374,376,377,380,382,383,384,385,386,387,391,394,395,396,397,398,399,401,404,405,406,408,412,415,423,425,426,433,434,435,439,465,471,480,525,544,611
8,32,42,73,74,77,78,79,80,81,82,83,84,85,86,87,88,89,90,91,92,93,94,95,96,97,98,99,100,101,102,103,104,105,106,107,108,109,110,111,112,113,114,115,116,117,118,119,120,121,122,123,124,125,126,127,128,129,130,131,132,134,136,137,138,139,141,142,143,144,145,146,147,148,149,150,151,152,154,155,156,157,159,161,162,165,166,167,168,169,170,172,173,174,175,176,177,178,179,180,181,182,183,184,185,187,188,189,190,191,192,193,194,195,196,197,199,200,201,202,203,204,205,206,207,208,209,210,211,212,213,214,215,216,217,218,219,220,222,223,224,225,226,228,229,230,231,232,233,234,235,236,237,238,239,240,241,242,243,244,245,246,247,248,249,250,251,252,253,254,255,257,258,259,260,261,262,264,265,266,267,268,269,270,271,272,273,274,276,277,278,279,280,281,282,284,285,286,287,288,289,290,291,292,293,294,295,296,298,299,300,301,302,303,304,305,307,308,309,310,311,312,313,314,315,316,317,318,319,320,322,323,324,325,326,327,328,329,330,331,332,333,334,335,336,337,338,339,340,341,342,343,344,345,346,347,348,349,350,351,352,353,354,355,356,357,358,359,360,361,362,363,364,365,366,367,368,369,370,371,372,373,375,376,377,378,379,380,381,382,383,384,385,386,387,388,389,390,392,393,394,395,396,397,398,399,400,401,402,403,404,407,409,410,412,413,415,416,417,418,419,422,424,425,427,428,429,432,433,435,436,437,438,439,441,442,444,445,447,451,452,453,455,456,461,462,469,472,477,478,484,487,489,501,504,605,624,681
9,47,54,67,71,72,74,75,76,77,78,79,80,81,83,84,85,86,87,88,89,90,91,92,93,94,95,96,97,98,99,100,101,102,103,104,105,106,107,108,109,110,111,112,113,114,115,117,118,119,120,121,122,123,124,125,126,127,128,129,130,131,132,134,135,136,137,139,140,141,142,143,144,146,147,149,151,152,153,154,157,158,160,161,162,165,166,168,169,170,172,173,175,176,178,179,180,182,184,185,186,187,188,190,192,193,194,195,197,198,199,200,201,204,205,207,208,209,211,213,214,216,217,222,223,226,228,229,230,231,232,234,235,236,237,238,241,244,245,247,249,255,261,264,265,266,267,268,269,270,272,273,275,276,277,280,281,282,285,286,287,288,290,292,294,295,297,298,300,301,302,304,305,306,308,309,310,311,312,313,314,315,316,317,318,319,320,321,322,323,324,325,326,327,328,329,330,331,332,333,334,335,336,339,340,341,342,343,345,346,347,348,349,350,351,352,353,354,355,356,357,358,359,360,361,362,363,364,365,366,367,368,369,370,371,372,373,374,375,376,377,378,379,380,381,382,383,384,385,386,387,388,389,390,391,392,393,394,395,397,399,400,401,402,403,404,406,407,408,409,410,411,413,414,416,417,418,420,421,422,424,425,426,428,429,430,431,432,433,434,435,436,438,441,442,444,446,448,449,450,451,453,455,457,459,460,465,466,469,476,481,485,490,493,496,506,531,542,573,661,699
10,49,72,74,75,76,77,78,79,80,81,82,83,84,85,86,87,88,89,90,91,92,93,94,95,96,97,98,99,100,101,102,103,104,105,106,107,108,109,110,112,113,114,115,116,118,119,120,121,122,123,124,125,126,127,128,129,130,131,132,134,136,137,138,139,141,142,144,148,149,150,151,152,153,154,155,158,159,160,162,166,168,169,173,175,176,177,178,180,181,183,184,185,186,187,188,190,191,192,193,194,195,196,197,198,200,201,202,203,204,205,206,207,208,209,211,213,214,216,217,220,221,222,224,226,227,229,231,232,233,235,236,237,238,239,240,241,242,243,244,247,249,250,251,252,254,256,260,261,262,263,264,265,267,269,272,273,274,277,278,279,281,282,283,284,290,291,293,295,297,298,299,300,302,303,304,305,306,307,308,310,312,313,315,317,318,319,320,321,322,323,324,325,326,327,331,332,333,335,336,337,338,339,341,343,344,345,346,347,348,349,350,351,353,354,355,356,357,358,359,360,361,363,364,365,367,368,370,371,372,373,374,375,377,378,379,381,382,384,385,386,387,389,390,392,393,394,395,396,397,398,399,402,404,406,409,410,412,413,415,416,418,421,422,424,426,432,435,441,442,443,447,449,453,454,459,462,463,467,484,485,487,492,500,508,511,520,530,541,631,642,664
11,41,60,64,65,69,70,71,72,74,75,76,77,78,80,81,82,83,84,85,86,87,88,89,90,91,92,93,94,95,97,98,99,100,101,102,104,105,106,107,109,110,111,112,114,115,116,117,118,119,120,122,124,125,126,127,128,129,130,131,132,133,134,135,136,137,138,139,140,141,143,144,145,146,148,149,150,152,153,154,156,160,163,164,165,168,169,170,171,172,174,175,177,179,180,181,183,185,187,189,192,195,196,197,198,200,201,202,204,206,207,210,211,212,213,214,215,216,217,218,219,222,224,227,230,232,235,236,237,238,239,240,241,242,244,245,246,247,248,249,251,253,255,257,258,260,264,265,266,268,270,271,272,274,275,276,279,280,282,284,285,286,288,289,291,292,295,296,299,300,303,305,306,308,309,310,311,312,313,314,315,317,318,319,321,324,325,326,327,328,330,331,332,333,334,336,337,338,339,340,341,342,343,344,345,347,348,349,350,351,353,354,355,356,357,358,359,360,361,362,363,364,365,366,368,369,370,373,374,376,379,380,381,383,384,385,388,389,390,391,392,394,395,397,398,399,401,402,404,405,406,409,410,411,412,413,415,418,420,422,426,428,429,432,433,438,439,440,443,444,446,452,458,461,465,469,473,475,479,480,481,482,492,493,527,543,564,616
12,71,73,74,75,76,77,78,79,80,81,82,83,84,85,87,88,89,90,91,92,93,94,95,96,97,98,99,100,101,102,103,104,105,106,107,108,110,111,112,113,114,115,116,117,118,119,120,121,122,123,124,125,126,127,128,129,131,133,134,135,136,137,138,139,140,141,142,143,144,145,147,150,151,152,153,154,157,158,159,164,165,168,170,172,173,174,176,177,178,179,180,181,182,185,186,187,188,189,191,192,193,194,195,199,201,202,203,204,205,206,208,209,211,213,214,215,216,217,218,219,222,226,227,228,231,232,233,235,236,240,242,243,245,249,250,251,252,253,254,255,257,258,261,262,264,265,266,267,268,270,271,272,273,274,275,278,281,282,283,285,287,289,290,292,293,295,302,303,304,305,307,308,310,311,312,316,317,318,320,322,323,325,326,329,330,331,335,337,338,339,342,344,346,348,349,352,353,354,355,356,357,358,359,362,366,367,368,369,370,371,373,374,375,376,377,378,379,381,383,389,390,392,394,395,396,397,398,399,402,404,405,406,408,411,413,414,418,420,421,423,431,433,434,441,442,443,445,450,452,457,458,467,470,472,474,481,484,490,493,498,532,536,583
13,63,64,74,75,76,77,78,80,81,82,83,84,85,86,87,88,89,90,91,92,93,94,95,96,97,98,100,101,102,103,104,105,106,107,109,111,112,113,114,115,117,118,119,120,121,122,123,124,126,127,128,129,130,131,132,133,134,136,137,138,139,140,141,142,143,144,145,146,147,150,152,156,157,158,159,161,162,164,165,168,172,175,176,177,178,179,180,182,184,185,186,187,189,190,191,192,193,194,195,197,198,199,201,202,203,204,205,208,209,211,212,213,214,215,216,218,219,220,222,223,224,225,227,229,233,238,240,242,244,245,249,250,253,258,259,260,263,265,269,270,272,273,274,276,277,279,280,281,282,283,285,286,288,291,292,293,294,296,302,303,305,307,310,311,312,315,319,320,322,323,324,325,326,327,328,329,331,333,334,337,338,339,341,343,344,345,346,347,349,350,352,355,356,357,358,359,361,362,363,367,368,369,370,372,373,374,375,376,377,378,379,380,381,386,387,388,389,393,396,397,398,399,402,405,406,407,409,410,411,413,415,417,418,419,429,430,431,432,434,435,444,445,446,449,450,455,457,463,464,469,473,474,482,489,577,650,651
14,24,67,69,70,71,72,75,76,77,78,79,81,82,83,84,85,86,87,88,89,90,91,92,93,94,95,96,97,98,99,100,101,102,103,104,105,106,107,108,109,110,111,112,113,114,115,116,117,118,119,120,121,122,123,124,125,126,127,128,129,130,131,132,133,134,135,136,137,138,139,140,142,144,145,146,147,148,149,151,153,155,156,157,159,160,161,162,164,165,166,167,168,170,171,175,176,177,178,180,182,183,187,188,191,193,194,195,196,197,198,199,202,203,204,205,206,207,208,210,212,213,215,216,217,218,219,220,221,222,223,224,226,227,228,233,234,236,237,238,239,240,241,242,243,246,250,251,257,259,265,269,270,274,275,276,281,282,283,285,287,288,290,293,294,297,303,304,306,311,314,315,316,318,321,322,323,324,325,327,328,330,334,335,336,338,339,341,342,344,345,346,347,349,354,355,356,357,358,360,362,363,364,365,367,368,374,375,376,377,378,382,383,388,389,391,392,393,398,399,400,402,403,405,408,410,411,413,415,416,418,420,423,424,430,431,433,436,441,442,444,450,453,454,456,459,465,468,480,481,493,495,512,597,631
15,70,71,75,76,77,78,80,81,83,84,85,86,87,88,89,90,91,92,93,94,95,96,97,98,99,101,102,103,104,105,106,107,108,109,110,111,112,113,114,115,116,118,119,120,121,122,123,125,126,127,128,129,130,131,132,133,134,135,136,137,138,139,140,142,143,145,146,147,148,149,150,151,152,154,155,157,158,159,163,166,167,169,170,171,172,174,175,176,177,179,180,181,184,185,186,187,188,190,193,194,196,198,199,200,204,205,208,209,210,215,217,218,221,223,228,231,233,234,235,236,237,238,239,240,241,243,245,247,248,249,252,253,255,256,257,258,259,265,266,268,274,276,277,281,283,285,286,287,288,290,296,297,299,300,303,306,308,313,314,316,317,318,325,326,330,331,333,334,335,337,338,342,344,345,346,347,348,349,350,351,352,355,356,357,358,359,361,366,367,368,370,372,373,376,377,381,384,385,389,390,395,397,400,403,404,407,408,409,411,412,417,418,422,425,427,429,433,434,435,439,440,446,448,450,451,453,457,461,465,472,477,478,509,522,671
16,66,71,72,73,74,75,76,77,78,80,81,82,83,84,85,88,89,91,92,93,94,95,96,98,99,100,101,102,103,104,105,106,107,108,109,110,111,112,113,114,115,116,117,118,119,121,122,124,125,127,128,129,130,131,132,133,134,136,138,139,140,141,142,144,146,147,149,150,152,153,154,157,160,162,163,164,166,167,168,169,170,171,174,175,178,179,181,184,185,186,187,188,190,194,195,196,197,199,200,201,202,203,207,208,210,212,213,214,215,222,223,226,227,228,229,231,239,240,242,246,250,253,254,255,256,259,260,261,262,267,269,271,274,275,278,283,287,288,292,293,294,295,296,299,300,302,303,308,310,311,314,315,317,319,321,323,325,327,331,333,335,336,340,342,344,345,348,349,350,351,355,356,360,365,366,368,371,372,374,375,376,379,384,385,386,387,388,392,393,394,395,399,402,403,404,406,407,409,410,412,413,418,423,424,425,426,428,430,432,434,435,436,441,442,447,455,457,458,467,468,484,485,498,511,512,522,531,544,677
17,25,68,69,70,71,73,75,76,80,81,82,83,85,86,87,88,91,92,93,94,95,97,98,100,101,102,105,106,107,108,109,110,111,112,113,114,115,116,120,121,122,123,124,125,126,127,128,129,131,132,135,136,137,138,139,140,141,142,143,145,146,149,151,152,153,155,156,157,160,164,167,170,171,172,173,176,177,178,179,181,182,184,188,190,193,194,195,196,197,200,201,202,204,205,206,208,209,210,213,215,216,219,220,227,229,234,236,240,243,244,245,246,249,250,255,256,257,259,262,267,272,273,274,275,276,277,283,285,290,292,297,298,299,304,308,309,310,312,314,316,317,318,322,324,326,328,329,331,333,336,339,341,343,345,346,347,349,350,351,352,354,355,357,359,362,364,366,367,368,370,371,376,385,387,390,392,394,398,399,401,402,405,406,407,416,423,424,427,430,438,439,440,444,447,448,449,450,454,462,464,468,469,472,474,478,481,487,530,556,580
18,1,66,67,68,69,70,71,72,73,75,76,77,78,79,80,82,83,84,86,87,88,89,90,91,92,94,95,96,97,98,99,100,101,104,105,106,107,108,109,110,111,113,114,116,117,118,119,120,121,122,123,125,126,127,130,131,134,135,137,141,142,144,145,146,147,151,152,154,156,157,158,159,160,161,162,163,164,166,168,169,170,173,174,176,177,178,179,181,183,184,185,186,187,188,190,194,196,198,199,200,204,205,206,208,210,211,213,214,215,216,217,219,221,223,225,226,227,228,231,232,233,234,235,236,237,238,239,240,242,243,246,250,251,252,253,258,260,264,265,272,273,274,277,281,284,296,300,301,303,308,309,312,315,316,319,320,324,326,327,330,331,333,334,335,338,340,341,342,344,351,353,355,356,359,360,361,363,364,365,368,373,376,377,378,379,380,383,388,391,392,394,395,400,402,404,406,407,412,421,423,427,428,430,431,432,433,435,436,437,438,439,441,442,445,452,461,482,487,552,566,574,645
19,3,58,61,66,67,68,70,71,72,73,74,75,76,77,78,80,82,84,85,86,87,88,89,91,95,97,100,101,102,103,106,107,108,109,110,111,112,113,114,115,116,117,118,119,121,123,125,126,127,128,129,132,133,134,135,136,137,138,139,140,141,142,143,144,145,146,147,148,149,150,151,152,155,158,159,160,161,162,163,165,169,174,177,178,183,184,186,188,189,192,197,202,203,205,206,207,208,212,213,218,224,227,230,232,233,234,235,240,244,247,248,251,260,261,266,271,272,273,274,281,283,289,290,291,292,293,294,295,298,301,302,307,310,312,313,315,316,318,320,322,325,329,332,337,348,350,351,355,356,360,366,367,369,375,376,377,382,384,390,395,396,398,399,410,417,419,420,422,451,477
20,57,60,61,62,63,64,65,66,67,68,69,70,71,72,73,74,75,76,77,78,79,80,81,82,83,84,86,87,89,90,91,92,93,94,96,97,98,99,100,101,103,104,105,106,107,108,109,112,113,114,115,116,117,118,119,120,121,124,125,126,127,128,130,131,132,133,134,136,138,140,141,143,144,145,148,151,152,154,155,158,159,161,162,163,168,170,171,174,176,181,183,184,185,187,189,190,194,196,200,201,202,203,205,207,208,210,213,215,217,218,220,221,222,223,225,228,237,240,244,246,248,249,260,262,265,266,269,277,278,280,282,287,289,298,310,319,322,323,329,330,332,333,337,344,346,347,348,350,354,358,363,372,373,374,376,377,380,386,395,407,421,429,439,455,458,506,526,672
21,59,61,62,64,66,67,69,71,75,76,79,80,85,86,88,89,90,91,93,94,95,98,99,100,101,103,104,105,106,107,109,110,111,113,114,115,118,119,122,123,124,125,129,131,133,136,138,139,140,141,142,144,147,148,149,151,152,153,154,156,158,160,164,166,172,173,180,185,195,200,203,207,208,211,216,219,220,224,227,229,238,239,240,242,245,246,248,249,254,257,266,272,273,313,317,321,327,344,393,394,400,418,438,616,641,665,684
22,57,60,61,63,64,67,69,79,93,94,95,97,99,100,103,104,107,108,109,112,116,117,119,120,121,122,124,125,126,129,131,132,134,135,138,141,143,145,149,153,154,214,219,244,305,310,318,320,324,330,333,334,340,345,347,348,350,352,358,359,361,362,363,365,368,369,370,373,381,384,385,386,388,389,390,391,394,400,401,402,403,408,410,415,417,441,458
23,32,100,101,111,156,184
24,378,514,559,692
25,697
26,4,8,68,69,132,479,662,690
27,4,10,45,526,598,696
28,11,25,646
29,11,29,33,48,51,56,68,113,258,317,534,559,564,579,589,609
30,35,75,80,126,237,339,346,360,427,485,497,511,637
31,20,41,544,649
32,62,576,631
33,4,39,56,190,405,414,536,543
34,68,166,327,601,661
35,9,159,267,409
36,73,106,479
37,117,220,361,573
38,13,217,622,663
39,
40,13,565,568
41,54,188,207,347,353,541
42,75,133,172,180,446,544,576,637,652
43,132,195,230,263,297,697
44,69,314,315,476,482,483,485,486,489,492,495,496,497,501,503,507,508,509,511,514,515,518,522,524,528,529,530,535,537,541,549,553,554,559,561,568,569,570,573,577,607
45,86,341,465,473,480,483,493,495,500,507,525,527,528,547,597,657,697
46,14,104,256,493
47,91,228,234,323,500,518,560,571
48,89,260,420,424,460,596,663,699
49,9,25,149,218,349,395,430,498,551
50,120,160,162,457,625,654
51,64,162,230,605
52,198,200,210,240,625,632,668,694
53,690
54,74,113,210,666
55,200,311,312,335,689
56,164,220,262,480,520,659
57,191,217,238,428,502,587
58,296,405,441,540,680
59,3,368,411,424
60,
61,
62,
63,
64,
65,
66,
67,
68,
69,
70,
71,
72,
73,
74,
75,
76,
77,
78,
79,
80,
81,
82,
83,
84,
85,
86,
87,
88,
89,
90,
91,
92,
93,
94,
95,
96,
97,
98,
