10
0,386
1,16,86,125,396,456,478,556,565,580
2,76,83,84,86,88,89,92,93,139,265,267,336,444,698
3,80,82,83,84,86,87,88,90,91,92,93,94,95,96,97,98,99,100,102,104,105,106,107,108,109,111,112,113,115,117,154,532
4,68,75,76,77,78,79,80,81,82,83,84,85,86,87,88,89,90,91,92,93,94,95,96,97,98,99,100,101,102,103,104,105,106,107,108,109,110,111,112,113,114,115,116,117,118,119,120,121,122,123,124,125,126,127,128,129,130,131,133,134,135,136,137,138,139,140,141,142,143,145,146,147,150,152,153,154,156,158,159,161,162,164,167,168,169,170,172,173,175,187,188,192,194,198,201,202,212,514,546,566,604,641
5,53,75,76,77,78,79,80,81,82,83,84,85,86,87,88,89,90,91,92,93,94,95,96,97,98,99,101,102,103,104,105,106,107,108,109,110,111,112,113,114,115,116,117,118,119,120,121,122,123,124,125,126,127,128,129,130,131,133,134,136,137,138,139,140,141,142,143,144,145,146,147,148,149,150,151,152,154,155,156,157,158,159,161,162,163,164,166,167,168,169,170,172,174,175,176,177,178,179,180,181,182,183,184,185,186,187,188,189,190,191,192,193,194,195,196,197,198,199,200,202,203,204,205,206,207,208,209,210,211,212,217,218,221,222,223,224,227,228,230,235,240,246,251,253,254,256,257,272,290,291,321,327,335,385,648
6,64,78,79,80,81,82,83,84,85,86,87,88,89,90,91,92,93,94,95,96,97,98,99,100,101,102,103,104,105,107,108,109,110,111,112,113,114,115,116,117,118,119,120,121,122,123,124,125,126,127,128,129,130,131,132,133,134,135,136,137,138,139,140,141,142,143,144,145,146,147,148,149,151,152,153,155,156,157,158,160,161,163,165,166,167,169,170,171,172,173,176,177,178,181,182,183,184,185,186,187,188,189,190,191,192,193,194,196,197,198,199,200,202,203,205,206,207,208,209,210,212,214,215,217,218,219,220,221,222,224,225,227,229,230,232,233,235,238,239,241,243,244,245,246,248,250,253,257,258,259,260,262,264,265,266,273,288,300,305,335,348,430,541,611,684
7,74,77,78,79,80,81,82,83,84,85,86,87,88,89,90,91,92,93,94,95,96,97,98,99,100,101,102,103,104,105,106,107,108,109,110,111,112,113,114,115,116,117,118,119,120,121,122,123,124,125,127,128,129,130,131,132,133,134,135,136,137,138,139,140,141,142,143,144,145,146,147,148,149,150,152,153,154,155,156,157,158,159,160,161,162,163,165,166,167,169,170,172,173,174,175,176,178,179,180,182,183,184,185,186,187,188,189,190,191,192,193,194,195,196,198,199,200,201,202,203,204,205,206,207,208,210,211,212,213,214,215,216,217,218,219,220,221,223,227,228,229,233,234,235,236,239,240,241,242,244,247,248,249,251,252,259,272,276,277,278,279,283,284,285,286,304,309,318,319,333,351,360,409,443,483,553,666,683
8,74,75,77,78,80,81,82,83,84,85,86,87,88,89,90,91,92,93,94,95,96,97,98,100,101,102,103,104,105,106,107,108,109,111,112,113,114,115,118,119,120,121,122,123,124,125,126,127,128,129,130,131,132,133,134,135,136,137,138,139,140,141,142,143,144,145,146,147,148,149,150,151,152,153,155,157,159,160,161,162,163,164,165,166,167,169,171,172,176,177,178,179,180,181,182,183,184,185,186,188,189,190,191,192,193,194,195,196,197,198,199,200,201,202,205,207,208,210,211,212,213,214,215,216,218,219,221,222,226,227,230,234,237,238,240,241,246,247,252,253,254,255,256,257,259,262,268,269,272,278,282,285,287,289,299,305,311,314,315,323,327,336,339,343,354,375,382,388,389,393,429,525,607
9,44,67,71,73,74,75,76,77,78,79,81,82,83,85,86,87,88,89,90,91,92,93,94,95,96,97,98,99,100,101,102,103,104,105,106,107,108,109,110,111,113,114,115,116,117,118,119,120,122,123,124,125,126,127,128,129,130,131,132,133,134,135,137,138,139,140,141,142,143,144,145,146,147,148,149,150,151,152,153,154,155,156,158,160,161,162,163,164,165,166,167,170,172,173,174,175,177,178,179,180,181,182,183,184,185,186,187,188,189,190,191,192,193,194,195,196,198,199,200,201,202,203,204,207,208,210,212,215,216,217,220,221,222,224,231,232,233,234,235,237,239,241,242,244,245,248,249,250,252,255,256,262,263,264,265,267,271,273,276,277,280,284,288,289,290,293,315,316,323,338,340,345,350,354,386,394
10,4,63,74,75,78,79,80,81,82,83,84,86,87,88,89,90,91,92,93,94,95,96,97,98,99,100,101,102,103,104,105,106,107,108,109,111,112,113,114,115,116,117,118,120,121,122,123,124,125,126,127,128,129,130,131,132,133,134,135,136,137,138,139,140,142,143,144,145,146,147,148,149,150,151,152,153,154,155,157,158,159,160,161,162,163,165,167,168,169,170,171,172,174,175,177,178,179,180,181,182,184,185,186,187,188,189,190,191,193,195,196,197,198,199,200,201,203,204,205,206,207,208,209,210,211,212,213,214,215,216,218,219,220,221,223,224,225,228,229,230,232,233,234,235,236,239,240,241,242,247,248,253,254,255,256,259,261,262,264,269,271,276,279,281,282,283,284,289,295,299,303,312,321,325,329,338,420
11,66,70,71,72,77,78,81,85,86,87,88,89,90,91,93,94,95,96,97,98,99,100,101,102,103,105,106,107,108,109,110,111,112,113,114,115,116,117,118,119,121,122,123,124,125,126,128,129,130,131,132,133,134,135,136,137,140,141,142,143,144,145,146,147,148,149,150,151,152,153,154,155,156,157,158,159,161,163,164,165,166,167,168,170,171,172,173,174,175,176,177,178,179,180,182,183,184,185,186,187,188,189,190,191,192,193,197,198,199,200,201,202,203,204,205,207,208,209,210,211,212,213,214,215,216,217,218,219,220,221,222,224,225,226,228,229,232,233,236,239,240,241,242,244,245,247,248,249,250,251,254,255,256,257,259,261,266,268,269,270,271,273,274,278,282,285,289,290,293,304,311,313,321,322,329,345,358,362,364,373,377,431
12,79,81,84,87,89,90,91,92,93,94,96,97,98,99,100,101,102,103,104,105,106,107,108,109,110,111,112,113,114,115,116,118,119,120,121,122,123,125,127,129,130,131,132,133,134,135,136,137,138,139,140,141,142,143,144,145,146,148,149,150,151,152,153,154,155,156,157,158,159,160,161,162,163,164,165,166,167,168,169,170,173,174,175,176,178,181,185,187,188,189,190,191,192,193,194,195,196,197,198,199,200,201,202,203,204,205,206,207,208,209,210,211,212,213,214,215,217,219,220,221,222,224,227,228,230,232,233,235,236,237,238,239,240,241,242,245,246,248,250,252,255,261,266,268,272,277,278,279,281,282,283,285,288,292,295,296,305,317,320,328,337,338,344,351,352,369,497,589,688
13,83,88,90,91,92,94,95,96,97,98,99,100,101,104,105,107,108,109,110,111,112,113,114,115,116,117,118,120,121,122,123,124,125,129,130,131,132,133,134,135,136,137,138,141,144,148,149,151,152,155,157,158,159,160,161,163,165,166,170,172,173,174,175,176,177,178,179,180,181,182,183,184,185,186,187,188,189,190,191,192,193,194,195,196,197,198,199,200,201,202,203,204,205,206,207,209,210,211,212,213,214,215,216,217,218,219,220,221,222,223,224,225,226,227,228,229,230,231,232,233,234,235,236,237,238,239,240,241,242,243,244,245,246,247,249,250,251,252,253,254,255,256,257,258,259,260,261,262,263,266,267,268,269,270,273,274,275,279,280,283,284,285,290,295,296,300,301,302,306,308,311,312,314,315,320,322,326,327,328,330,341,342,349,359,382,384,392,401,478,507,594,638
14,23,48,68,75,79,84,88,93,96,97,100,101,103,104,105,106,107,108,110,111,113,114,115,116,117,119,120,121,122,123,124,125,126,127,128,129,130,131,132,133,134,136,137,139,140,141,142,144,146,147,148,149,151,152,153,155,156,157,158,159,161,163,164,166,168,169,170,171,178,181,183,184,186,187,188,190,191,192,193,194,195,196,199,200,201,202,203,204,205,206,207,208,210,212,213,214,215,216,217,218,219,220,221,222,223,224,225,226,227,228,229,230,231,232,233,234,235,236,237,238,239,241,242,243,244,245,246,247,248,249,250,251,252,253,254,255,257,258,259,260,261,262,263,264,265,266,267,268,269,270,271,272,273,274,275,276,277,279,280,281,282,283,284,285,286,287,288,289,290,291,292,293,294,295,296,297,298,299,300,303,304,305,306,307,308,309,310,312,316,319,320,322,325,326,329,330,333,335,338,341,342,343,344,345,347,348,349,362,366,367,370,373,386,391,426,437,456,461,616
15,85,86,87,88,90,91,93,95,97,99,100,101,103,104,106,107,108,112,113,114,115,116,117,118,119,120,123,124,125,126,128,129,130,131,132,133,134,135,136,137,138,139,140,141,142,144,145,146,147,148,149,151,153,154,157,161,162,164,165,167,168,170,172,173,176,177,178,179,180,181,182,185,187,189,190,191,192,193,195,196,198,199,201,202,203,204,205,206,207,208,209,212,215,217,218,219,220,221,222,223,225,226,227,228,229,230,231,233,235,236,237,239,240,241,243,244,245,246,247,248,249,250,251,252,253,254,256,257,258,262,265,266,267,268,270,271,273,275,276,277,278,279,283,284,288,291,292,293,295,301,303,304,305,307,308,309,311,312,314,316,320,322,324,325,328,329,330,335,337,339,340,342,343,348,365,371,374,384,399,407,408,421,424,434,519,608
16,62,82,84,85,90,92,93,94,95,96,98,100,101,105,106,108,110,111,112,114,115,116,118,119,120,121,122,123,125,126,127,129,130,131,133,134,135,137,139,141,142,144,145,146,147,148,149,151,152,154,155,156,157,159,160,161,162,163,165,166,167,178,181,182,183,185,186,187,188,189,192,193,195,196,197,198,199,200,201,202,203,204,205,206,207,208,209,210,211,212,213,214,215,216,217,219,221,222,223,224,225,226,228,229,230,231,233,234,235,236,237,238,239,240,241,242,243,245,246,247,248,250,251,252,253,258,260,261,262,265,266,267,268,269,270,272,273,275,276,278,280,281,282,284,287,288,289,290,294,295,296,297,298,306,307,309,311,312,313,315,319,323,324,327,330,334,335,343,346,349,360,363,623,679
17,80,84,87,88,90,93,94,95,98,99,100,101,102,103,104,105,107,108,109,111,112,113,114,117,118,119,122,123,124,126,130,131,132,133,134,136,137,138,139,140,142,143,144,147,149,150,152,154,155,159,162,167,171,178,181,182,183,184,186,188,189,191,192,194,195,196,197,198,199,200,201,202,204,205,206,207,208,209,210,211,212,213,214,216,217,218,219,220,221,222,223,224,225,226,228,229,230,231,235,236,238,239,240,241,243,244,248,249,250,252,253,256,258,260,261,262,263,264,266,269,270,271,272,273,275,276,277,279,282,283,284,285,287,290,291,293,301,302,304,306,307,311,312,317,320,322,324,325,326,328,330,335,340,341,344,351,357,360,364,372,374,391,392,395,421,427,530,683,685
18,80,82,89,91,92,93,94,95,96,99,101,102,103,104,105,106,108,109,111,112,113,114,115,116,117,118,119,120,121,122,123,124,125,126,127,128,130,131,133,136,139,140,141,142,145,146,149,151,152,153,155,161,164,167,169,176,181,183,184,185,186,187,189,191,192,193,194,195,197,199,201,202,203,205,206,207,208,210,211,212,213,215,217,218,223,224,225,226,227,228,229,231,232,236,237,238,239,240,241,242,244,245,248,249,250,251,253,258,259,260,261,262,263,267,269,270,271,273,274,276,278,280,282,284,286,287,289,291,292,293,295,300,302,303,307,309,310,312,314,316,319,323,324,326,329,338,341,347,348,354,361,367,378,380,384,390,399,446,489
19,56,92,93,94,95,99,101,102,103,105,106,109,110,111,116,118,119,120,121,122,123,124,125,127,128,129,130,131,132,133,135,136,137,138,139,140,141,142,143,145,147,148,150,151,152,154,155,156,159,160,162,164,172,174,177,182,184,187,188,191,192,193,194,195,196,197,199,204,205,206,207,208,209,211,212,213,214,215,218,219,220,224,225,226,227,228,229,232,235,237,238,239,243,244,246,247,248,249,252,253,255,257,260,261,262,265,266,269,270,271,273,280,288,290,293,294,300,301,302,303,305,306,307,308,309,310,313,317,318,319,321,322,323,324,325,331,333,335,337,338,341,345,348,351,356,357,358,359,364,366,372,378,389,397,434,449,467,524,572
20,12,79,86,92,95,97,98,99,100,101,103,105,106,107,110,111,113,114,115,116,117,119,122,124,125,131,132,133,135,137,141,142,144,145,146,148,149,150,151,152,153,154,156,157,158,159,161,162,163,164,165,166,168,173,179,182,183,184,186,187,190,191,192,195,196,197,198,199,200,201,203,205,206,207,211,213,214,216,219,223,227,230,232,233,235,236,239,241,242,243,245,247,251,252,255,257,262,263,264,272,275,276,278,282,283,284,285,286,288,291,292,293,301,304,306,309,311,315,318,322,332,335,336,339,341,345,346,363,364,371,393,455,476,489,510
21,89,92,93,95,101,102,103,104,105,107,108,109,110,112,113,114,116,118,120,122,123,125,126,127,128,129,131,132,134,135,136,137,139,141,143,144,145,146,148,151,153,155,161,164,165,166,170,171,176,181,184,185,186,188,189,193,194,196,197,198,199,200,201,202,204,205,206,207,209,210,211,213,215,216,217,218,220,221,222,224,226,227,228,229,231,233,234,235,237,239,244,245,247,248,252,254,258,260,262,264,265,267,268,271,274,275,276,277,282,283,284,285,289,290,291,292,293,294,299,303,305,307,312,313,314,320,326,330,339,344,345,356,375,376,379,397,409,433,436,541
22,93,99,100,101,103,106,107,109,111,112,113,114,115,116,117,119,120,121,122,123,124,126,128,129,130,133,134,138,140,141,142,143,144,147,148,149,152,153,154,157,158,159,160,161,162,164,165,170,171,172,173,175,182,183,186,187,190,191,192,194,196,197,202,204,206,207,208,211,213,214,215,218,219,220,221,222,225,227,228,230,231,233,234,237,238,240,245,246,247,249,250,251,252,253,254,255,257,258,260,261,262,263,264,267,268,270,272,276,277,278,281,283,284,285,287,298,300,301,302,306,307,309,311,313,314,317,320,323,326,327,333,338,339,342,346,350,354,372,378,392,477,479,559,615,673
23,51,81,83,92,95,96,97,98,99,101,102,103,104,106,107,108,112,114,115,116,119,120,122,123,124,125,127,128,130,131,132,134,136,139,140,141,143,144,145,147,149,150,152,153,154,155,159,162,164,166,167,172,174,175,186,187,189,190,191,198,199,201,202,203,204,205,206,209,210,212,213,214,215,218,220,221,222,225,226,228,229,232,235,236,237,239,247,250,253,256,263,265,267,268,269,270,271,272,273,274,276,277,278,281,282,285,286,287,288,293,294,297,298,307,311,312,313,314,327,328,329,331,336,340,344,355,384,389,527,668,679
24,90,93,96,97,100,102,103,104,107,108,109,110,112,113,114,115,116,117,118,122,123,124,126,127,128,130,132,134,135,136,137,139,142,144,147,149,150,151,152,158,162,163,164,166,167,171,176,180,181,186,191,192,194,195,196,197,198,200,202,203,204,205,206,207,210,211,212,215,217,219,222,223,224,227,229,230,232,233,235,236,237,240,243,248,250,251,252,253,254,258,259,260,263,264,268,271,274,275,279,283,286,289,290,304,305,307,308,314,318,320,327,328,329,332,335,339,347,359,367,372,426,461,511,518
25,97,100,102,103,104,105,107,108,112,113,115,116,117,119,120,124,125,126,127,128,129,130,131,132,133,134,135,138,139,142,143,145,148,149,150,151,153,156,158,159,165,167,168,169,174,176,178,179,180,184,185,186,187,188,190,192,194,195,197,198,203,204,206,207,209,210,212,215,216,217,219,222,224,226,229,231,234,236,240,241,243,244,246,249,250,252,253,255,256,257,258,259,260,261,262,264,265,266,269,270,271,275,276,279,280,281,282,283,285,288,291,293,295,298,300,301,302,310,311,313,316,317,321,327,341,342,347,352,359,367,373,375,376,423,426,431,619
26,7,97,100,101,102,103,104,106,111,113,114,116,117,118,119,123,125,126,127,128,129,132,133,136,137,139,142,144,145,146,147,149,151,152,153,154,155,158,159,162,163,168,170,172,173,174,180,183,186,189,190,191,193,198,199,201,205,206,207,211,213,214,217,218,227,228,230,233,234,235,237,245,249,252,255,256,257,258,259,263,266,267,271,274,275,276,279,281,282,285,298,302,304,306,310,317,320,325,327,330,331,333,335,336,338,339,341,343,345,346,348,352,353,358,365,371,372,383,392,395,403,411,426,433,619,665
27,16,99,103,107,108,109,110,111,112,113,114,115,117,118,119,120,122,123,125,127,129,131,133,136,138,139,140,141,144,145,147,149,150,151,152,153,162,163,165,167,169,171,181,186,190,192,193,194,195,200,202,203,205,208,209,210,212,214,215,218,220,222,223,224,226,227,231,233,235,236,237,238,241,244,258,266,267,274,277,281,282,287,290,291,294,298,306,307,312,316,322,323,325,327,332,337,350,352,355,388,394,404,409,423
28,90,98,106,109,111,112,113,115,116,117,120,122,123,124,125,127,128,129,130,132,133,136,137,138,140,142,144,145,146,147,148,151,154,158,161,162,163,166,168,169,173,174,175,180,184,210,212,213,221,223,226,227,228,229,230,232,236,237,238,240,242,245,252,254,257,264,265,267,269,272,276,278,283,284,288,291,292,294,298,302,303,306,307,309,312,314,315,318,326,327,334,336,339,357,425,455,493,529,554
29,33,53,100,107,109,110,111,113,114,115,116,118,122,123,125,126,127,128,129,130,131,132,136,137,138,140,142,144,147,152,153,154,157,158,159,163,164,168,169,174,180,182,183,184,186,201,202,203,204,205,206,208,209,210,211,213,215,216,217,221,224,228,231,234,235,238,241,244,245,252,255,256,258,259,266,272,285,287,290,291,293,300,302,307,337,340,343,345,353,365,368,382,402,415
30,36,107,110,116,117,119,120,121,122,123,124,125,126,127,129,130,131,132,133,134,135,138,139,141,143,144,145,149,150,151,152,153,154,155,156,157,159,160,161,163,164,165,166,167,171,175,178,184,185,190,199,200,202,204,211,212,214,224,225,226,228,233,234,236,237,238,239,240,243,250,253,254,255,256,260,267,270,272,273,275,277,278,288,291,295,296,299,300,303,306,309,311,317,318,326,327,328,334,346,357,365,367,381,641
31,101,111,112,113,114,115,116,117,120,121,122,123,124,125,128,129,131,134,137,138,140,141,143,144,146,148,149,150,153,155,158,159,160,161,162,163,164,165,168,172,173,174,175,176,177,178,179,184,189,194,204,205,207,213,217,218,219,220,221,232,233,235,238,240,242,243,247,251,253,254,268,271,276,284,287,294,299,308,316,326,331,332,337,344,345,347,364,374,377,396,406,415,449,619,667
32,112,116,117,119,121,122,123,125,126,127,129,130,131,132,134,135,136,137,139,140,141,142,143,145,146,148,149,150,151,152,153,155,159,161,163,164,166,167,168,172,173,175,176,177,181,185,204,218,224,232,233,234,236,238,240,244,245,255,256,257,259,261,262,266,274,276,283,284,286,292,293,294,296,308,322,324,327,329,367,372,385,447,468,586
33,56,103,104,109,111,112,113,114,116,117,118,120,121,123,124,125,126,127,128,132,135,136,137,138,139,141,142,143,146,148,149,151,152,153,155,156,157,158,164,165,166,167,168,169,173,174,175,177,178,179,181,182,185,186,198,203,205,212,214,216,217,218,219,222,223,234,240,242,255,263,264,268,271,277,281,284,289,292,325,326,389,438
34,115,116,117,121,122,125,128,129,131,132,133,135,136,137,140,141,142,145,149,150,152,154,155,156,158,159,160,161,163,165,166,170,171,175,177,182,187,191,195,202,205,210,211,213,214,231,232,234,237,239,244,249,251,255,256,258,263,264,266,281,286,289,297,303,311,313,327,333,338,341,342,345,364,383,387,400,440,451,464,465,668
35,108,113,117,118,120,121,122,124,125,126,127,128,129,130,131,132,133,134,137,140,142,147,150,152,153,154,161,169,171,172,174,175,176,177,180,183,184,202,210,214,218,226,228,229,230,232,233,237,238,243,244,246,247,249,259,266,269,272,275,282,283,286,291,305,318,328,336,346,353,367,404,428,488
36,94,111,115,119,120,121,122,124,127,129,130,132,134,136,138,139,140,141,145,150,151,152,155,156,158,161,165,166,167,168,172,173,175,178,179,181,184,188,191,192,195,198,205,206,211,212,216,220,222,223,226,229,230,233,235,236,240,247,256,260,263,271,274,306,311,315,322,326,327,349,362,371,379,381,384,391
37,81,106,119,121,123,125,128,131,133,134,135,136,137,139,140,143,144,145,146,147,150,152,153,154,155,157,160,163,165,166,167,168,172,174,177,181,184,190,199,214,215,225,231,233,236,240,241,242,243,244,247,249,250,254,274,278,294,301,305,307,318,322,350,362,364,367,369,371,376,409,420,460,499,681
38,41,122,123,124,126,127,128,129,131,133,139,140,141,143,145,148,149,153,155,161,162,164,165,176,177,180,182,183,187,199,206,208,212,215,216,220,222,225,231,232,237,246,256,260,262,264,267,271,274,280,282,284,287,290,292,306,307,316,317,321,415,423,498,654
39,24,106,111,114,122,123,124,126,127,129,130,132,133,134,138,141,144,145,147,151,153,155,156,157,159,161,162,167,176,181,184,185,187,188,193,205,209,210,211,213,221,225,227,230,238,239,241,244,247,257,264,276,292,301,316,322,326,334,391,417,504,505
40,30,118,121,122,123,125,126,127,129,130,132,133,135,137,139,142,146,147,150,151,152,155,157,158,162,173,177,181,182,183,184,191,196,207,210,211,219,225,228,234,235,238,242,245,247,260,261,262,263,264,268,282,283,298,300,302,310,312,339,340,352,356,388,522,588
41,65,119,126,129,131,134,136,138,139,141,143,144,146,149,154,156,158,161,166,169,170,172,176,177,178,180,181,185,186,188,192,196,199,220,226,228,241,249,251,254,258,336,339,342,398,470,482,488
42,118,119,127,128,130,138,139,142,143,144,145,146,147,149,150,156,164,170,174,175,176,178,179,192,200,252,258,270,273,281,427,486,631,688
43,124,125,133,134,135,137,138,146,148,151,155,159,166,167,170,171,173,174,175,176,177,178,179,184,199,216,217,348,650,666
44,125,129,139,142,144,146,148,160,164,168,170,181,185,186,193,196,210,255,549,636
45,12,138,140,142,146,154,155,165,166,180,197,223,401,599
46,156,170,176,340,551,612
47,148,512
48,371,587,681
49,36,70,527,588
50,529
51,4,13,122,391,604,651
52,400,417,617,641
53,323,364,694
54,28,45,65,580,670
55,8,135,178,481,541,640
56,
57,
58,
59,
60,
61,
62,
63,
64,
65,
66,
67,
68,
69,
70,
71,
72,
73,
74,
75,
76,
77,
78,
79,
80,
81,
82,
83,
84,
85,
86,
87,
88,
89,
90,
91,
92,
93,
94,
95,
96,
97,
98,
