3
0,351
1,257,269,376
2,197,198,317,643,669
3,23,34,93,137,338,343,402,533
4,288,441,646,669,687
5,28,76,92,133,135,184,219,337,377,458,513,656
6,55,68,91,339,396,397,558
7,59,70,76,86,89,91,95,96,98,100,101,102,103,104,131,134,190,211,225,232,681
8,48,76,78,81,82,83,84,85,86,87,88,89,90,91,92,93,94,95,96,97,98,99,100,101,102,103,104,105,106,107,108,109,110,111,112,113,114,115,116,117,124,125,127,130,352,354,363,365,368,376,377,381,438,479,582
9,72,78,79,81,82,83,85,86,87,88,89,90,91,92,93,94,95,96,97,98,99,100,101,102,103,104,105,106,107,108,109,110,111,112,113,114,115,116,117,118,119,120,121,122,123,124,125,126,127,128,129,130,131,132,133,134,135,136,137,138,139,140,141,142,143,144,145,146,147,148,149,150,151,152,153,154,155,156,158,159,162,163,166,167,184,189,190,203,205,229,287,410,627,650
10,80,83,85,87,88,89,91,92,93,94,95,97,98,99,100,101,102,103,104,105,106,107,108,109,110,111,112,113,114,115,116,117,118,119,120,121,122,123,124,125,126,127,128,129,130,131,132,133,134,135,136,137,138,139,140,141,142,143,144,145,146,147,148,149,150,151,152,153,154,155,156,157,158,159,160,161,162,163,164,165,166,167,168,169,170,171,172,173,174,175,176,177,178,179,180,181,182,183,184,185,186,187,188,189,190,191,192,193,194,195,196,197,198,199,200,201,202,203,204,205,206,207,208,209,210,211,212,213,214,215,216,217,218,219,220,221,222,223,224,225,226,227,228,229,231,232,234,235,236,237,238,239,240,243,244,245,246,249,250,251,252,253,257,258,259,260,261,264,266,267,270,273,274,275,278,280,281,285,286,291,293,302,322,327,340,383,530,636,675
11,5,85,88,90,91,92,93,94,95,96,97,98,99,100,101,102,103,104,105,106,107,108,109,110,111,112,113,114,115,116,117,118,119,120,121,122,123,124,125,126,127,129,130,131,132,133,134,135,136,137,138,139,140,141,142,144,145,146,147,148,149,151,152,154,155,156,157,158,159,160,161,162,165,166,167,168,169,170,171,173,174,175,176,177,178,179,180,182,183,184,185,186,187,188,189,190,191,192,194,195,196,197,198,199,200,201,202,203,204,205,206,207,208,209,210,211,212,213,214,215,216,217,218,219,220,221,222,223,224,225,226,227,228,229,230,231,232,233,234,235,236,237,238,239,240,241,242,243,244,245,246,247,248,249,250,251,252,253,254,255,256,257,258,259,260,261,262,263,264,265,266,267,268,269,271,272,273,274,275,276,277,279,280,281,282,283,285,286,288,292,295,296,297,298,299,301,302,304,309,310,315,320,325,330,337,338,339,343,345,351,356,366,395,400,409,507,571
12,62,64,86,87,88,90,93,94,95,96,97,98,99,100,101,104,105,106,107,108,109,110,111,112,113,114,115,116,117,118,119,120,121,122,123,124,125,126,127,128,129,130,131,132,133,134,135,136,137,138,139,141,142,143,144,145,146,147,149,150,151,152,153,154,155,157,158,159,160,161,162,163,164,165,167,168,169,170,171,172,173,174,175,177,178,179,183,184,185,186,187,189,190,191,193,194,195,196,197,198,199,200,201,202,203,204,205,207,208,210,211,212,213,214,215,216,217,218,219,220,221,222,223,224,225,226,227,228,229,230,231,232,234,235,238,239,240,241,242,243,244,245,246,247,248,249,250,251,252,253,254,256,257,258,259,260,261,262,263,265,266,267,268,269,270,271,272,273,274,275,277,278,279,280,281,282,283,284,285,289,290,291,294,297,301,302,306,307,308,310,311,313,317,318,319,320,323,326,327,332,333,335,337,338,346,350,351,352,353,380,391,420
13,67,75,86,87,88,89,90,91,93,94,95,96,97,98,100,101,102,103,104,105,106,107,108,109,111,112,113,114,115,116,117,118,120,122,123,124,125,127,128,129,130,131,132,133,134,135,136,137,138,139,140,141,142,143,144,145,146,147,148,149,150,151,152,154,155,156,157,158,159,160,161,162,163,164,165,166,167,168,169,170,171,172,173,174,175,176,177,178,179,180,181,182,183,184,185,186,187,188,189,190,191,192,193,194,195,196,197,198,199,200,201,202,203,204,205,206,207,208,209,210,211,212,213,214,215,217,218,219,220,222,223,225,226,227,228,229,230,231,232,234,235,236,237,239,240,241,242,243,244,245,246,247,248,249,251,252,254,255,257,258,259,265,267,268,269,270,271,272,273,275,277,278,280,281,282,283,285,286,290,291,293,294,296,297,298,301,302,307,309,312,314,315,321,325,330,333,339,342,351,352,358,363,366,368,369,378,412,439,542,564,617
14,83,84,85,86,87,88,89,90,91,93,94,95,96,97,98,99,100,101,102,103,104,105,106,107,108,109,110,111,112,113,114,115,116,118,119,120,121,122,123,124,126,128,129,130,131,132,133,134,135,136,137,138,139,140,141,142,143,144,145,146,147,148,149,150,151,154,156,157,158,162,163,164,165,166,167,168,169,170,171,172,173,174,175,176,178,180,181,182,183,184,185,186,187,188,189,190,191,192,194,195,196,197,198,199,200,201,202,203,204,205,206,207,208,209,210,211,212,213,214,215,216,217,219,221,222,223,224,225,227,228,229,230,232,233,234,235,236,237,238,240,241,242,243,244,246,247,248,249,250,251,253,254,255,256,259,260,261,264,266,267,268,269,270,272,274,275,276,277,279,281,282,283,284,285,286,287,288,293,297,300,301,302,306,307,308,310,313,315,317,319,321,323,325,326,328,329,332,334,335,337,339,340,342,344,351,352,357,358,363,365,380,382,383,386,387,388,659,672
15,80,81,82,83,84,85,86,88,89,90,91,92,93,95,96,97,98,99,100,101,102,103,104,105,106,107,108,109,110,112,113,114,115,116,117,118,119,120,121,122,123,124,125,126,127,128,129,130,132,133,134,135,136,138,139,141,142,143,144,145,146,147,149,150,151,152,153,154,156,157,158,159,160,161,165,166,168,169,173,174,175,176,177,178,180,181,182,183,184,186,187,188,189,190,191,192,193,195,196,197,198,199,200,201,202,203,205,206,207,208,209,210,211,212,213,214,215,216,217,218,220,221,223,224,226,227,228,229,231,232,233,234,235,236,237,239,240,241,242,243,244,245,246,247,248,249,250,252,253,254,256,257,259,261,262,264,265,266,268,269,271,272,273,274,275,276,277,278,279,280,281,282,283,284,285,286,287,288,290,291,292,293,297,298,299,300,301,302,305,306,307,308,309,315,319,323,325,328,332,333,335,337,345,346,350,351,357,360,364,369,380,381,382,391,396,407,411,430,434,487,530,571,578,609,699
16,8,78,79,80,81,82,83,84,85,86,87,88,89,90,91,92,94,95,97,98,99,100,103,106,107,108,109,110,112,114,115,116,117,121,122,124,126,127,128,130,132,133,135,136,137,138,139,140,141,142,143,144,145,147,148,149,151,153,154,155,156,159,160,161,162,163,164,165,166,167,170,171,172,173,174,175,176,177,178,179,181,182,183,185,186,187,190,191,192,193,194,195,196,197,199,200,201,202,203,204,205,207,208,210,211,213,214,215,216,217,218,219,222,224,225,226,227,228,230,231,233,234,236,237,238,239,240,241,243,246,248,251,252,253,254,255,256,257,259,261,262,263,264,266,268,269,270,271,272,273,275,276,277,278,279,281,284,285,286,287,288,290,291,293,294,295,296,297,298,301,302,303,304,306,307,308,309,311,312,313,314,316,317,318,320,328,329,332,333,334,336,337,341,342,347,354,357,359,364,368,377,383,384,391,392,407,415,417,421,443,449,480,668
17,75,76,77,78,79,80,81,82,83,84,85,86,87,88,91,92,93,95,96,97,98,99,100,103,104,106,107,108,111,112,113,115,116,119,120,122,123,124,125,126,128,129,130,132,133,135,137,140,142,143,145,146,147,149,151,152,154,155,156,158,159,164,166,167,168,169,170,171,172,173,174,176,177,178,179,180,181,182,183,184,186,187,188,189,190,191,193,194,196,197,198,199,200,201,202,204,205,206,207,208,209,210,211,213,216,217,218,219,220,221,222,225,226,227,228,231,232,233,235,236,237,238,239,241,242,243,244,245,246,247,248,249,250,251,252,254,256,257,258,259,261,262,263,264,265,268,269,270,271,272,273,275,276,277,280,283,285,286,287,288,290,291,293,294,295,300,302,305,312,313,316,319,322,323,326,328,329,331,333,335,338,342,345,348,350,351,352,353,355,357,362,367,369,370,381,386,387,469,477,489,500,583
18,73,74,76,78,79,80,81,82,83,84,85,86,87,88,89,90,91,92,93,95,96,97,98,99,100,101,102,104,105,106,107,108,109,111,113,114,116,117,120,121,122,124,125,126,127,129,130,134,136,138,139,142,144,145,147,148,152,154,156,160,161,165,166,167,168,169,170,171,172,173,174,175,176,177,181,183,184,186,188,189,190,191,192,194,195,198,202,203,204,205,206,208,209,211,213,215,216,217,218,219,220,221,222,223,224,225,226,227,229,230,231,232,233,234,235,236,237,238,239,240,241,242,243,245,246,248,249,251,252,253,254,255,257,259,260,262,263,265,266,267,268,269,271,272,274,275,276,277,278,279,281,282,284,285,288,289,290,291,293,294,295,300,301,306,307,308,309,310,314,315,317,318,322,324,328,333,338,342,343,345,348,352,358,360,361,366,371,372,375,381,382,404,443,449,451,474,625,688
19,71,72,74,75,76,77,78,79,80,81,82,84,85,86,87,88,89,90,91,92,93,94,95,96,97,98,100,101,102,106,107,109,110,113,114,115,116,117,118,119,120,121,122,123,124,125,126,130,131,132,134,136,138,139,140,143,145,158,159,162,163,165,167,168,169,170,171,172,173,174,175,176,177,178,179,180,182,183,184,185,186,187,188,192,194,196,197,199,200,201,202,203,204,205,206,209,210,211,212,213,217,219,220,221,223,224,225,226,228,229,230,231,232,233,234,235,236,238,240,241,243,245,246,247,248,249,250,252,253,254,255,256,257,258,261,262,264,266,267,268,271,273,275,278,279,280,282,286,287,289,291,292,293,294,295,296,298,302,304,307,308,309,312,315,317,320,321,323,325,332,336,338,345,349,351,352,353,354,360,364,367,371,380,391,399,418,424,439,448,480,531,656
20,70,72,73,74,75,76,77,78,79,80,81,82,83,84,85,86,87,88,89,90,91,92,93,94,95,96,98,101,102,104,105,108,109,110,111,115,116,117,119,121,122,124,125,126,127,128,129,130,131,132,134,135,136,138,140,141,143,145,146,148,149,150,151,152,154,158,160,163,166,167,168,170,171,172,173,175,176,177,178,181,183,184,186,188,190,191,192,193,197,199,200,201,206,211,213,216,217,219,221,223,224,225,230,232,236,238,239,240,241,243,244,246,248,254,256,258,259,268,270,272,277,279,280,284,286,287,288,289,290,292,293,297,299,300,301,302,304,305,307,310,312,314,315,316,317,318,319,322,333,346,347,350,357,368,373,383,391,392,393,394,408,411,418,433,435,440,476,546,689
21,71,72,73,74,75,76,77,78,79,80,82,83,84,85,86,87,88,89,90,91,92,93,94,95,96,98,99,101,102,103,105,107,110,111,113,114,115,116,117,118,119,120,122,123,124,125,126,128,130,133,134,135,137,139,140,143,144,145,146,147,149,151,152,155,157,161,166,169,170,172,173,175,176,177,178,179,183,184,186,187,189,190,191,194,195,196,200,201,202,204,210,212,215,218,220,224,225,226,230,233,240,248,250,253,254,255,258,259,261,262,264,266,269,272,284,292,299,300,302,303,311,316,317,318,322,335,363,388,411,435,440,450,464,528,534
22,3,65,67,68,69,71,72,73,74,75,76,77,78,79,80,81,82,83,84,85,86,87,88,89,90,91,92,94,95,96,97,98,99,100,102,103,104,105,106,107,109,110,111,112,113,114,115,116,117,118,119,120,121,123,124,125,128,129,131,133,135,136,141,143,144,145,147,151,152,154,156,157,158,159,161,163,165,167,169,170,171,172,173,174,175,176,177,180,181,182,183,184,186,187,188,189,194,195,196,197,198,200,202,203,204,208,209,212,213,214,215,217,218,221,226,229,230,231,232,235,236,240,241,243,245,248,251,252,253,254,259,265,266,267,280,283,289,292,299,305,307,317,322,323,336,359,371,372,444
23,20,68,69,70,71,72,73,74,75,76,77,78,79,80,81,82,83,84,85,86,87,88,89,90,91,92,93,94,95,96,97,98,99,100,101,102,103,105,106,107,108,109,110,111,113,114,115,116,117,118,119,121,122,123,124,125,126,128,129,133,135,136,138,139,140,144,145,146,148,149,150,152,154,155,157,159,161,163,170,172,173,177,179,181,182,183,184,188,190,191,194,195,197,198,200,202,204,205,206,210,211,213,216,218,219,220,221,225,232,233,235,241,248,249,253,256,257,260,261,263,265,272,274,283,284,285,288,290,292,302,305,307,308,311,323,327,340,347,350,353,356,383,432,660,667,672
24,60,72,73,74,75,76,77,78,79,80,81,82,83,84,85,86,87,88,89,90,91,92,93,94,95,97,98,99,100,101,102,103,104,105,106,109,110,111,112,113,115,116,117,118,119,120,121,122,123,124,126,127,128,129,130,131,133,134,135,136,137,138,139,140,142,143,144,146,148,149,150,151,152,154,155,156,157,158,159,160,162,163,164,167,168,169,170,171,174,176,177,178,179,180,181,183,186,188,189,190,192,196,197,198,200,204,205,206,210,212,213,217,219,222,223,230,233,239,245,250,252,255,256,258,259,260,261,263,264,267,268,270,272,273,274,277,281,284,285,290,291,296,306,318,319,325,334,377,401,412,458,493,560,587,626,659,695
25,63,68,70,72,73,74,75,76,77,78,79,80,81,82,83,84,85,86,87,88,90,91,92,93,94,95,96,97,98,99,100,101,102,103,104,105,106,108,109,111,112,113,114,115,116,117,120,121,122,123,125,126,127,129,130,132,134,135,137,138,142,143,145,147,148,149,150,152,153,155,157,158,160,165,166,167,171,172,176,177,178,180,181,182,183,184,188,190,192,193,195,196,198,199,200,203,204,205,209,211,212,213,217,218,219,220,224,226,227,234,235,236,237,238,242,246,247,248,256,258,263,265,266,273,274,276,278,281,282,284,298,308,309,312,313,315,320,323,327,334,382,412,438,443,449,456,468,549
26,21,66,67,69,70,72,74,75,76,77,78,79,80,81,82,83,84,85,87,88,89,90,91,92,93,94,96,98,100,101,102,105,106,108,109,110,111,112,113,114,115,118,119,120,122,123,124,125,127,128,129,130,131,133,135,137,139,141,142,143,144,145,147,151,154,155,156,157,158,159,165,166,171,172,173,174,175,177,178,180,182,183,184,185,187,189,190,193,195,196,197,198,203,204,205,206,211,212,213,214,215,216,219,220,221,222,226,227,231,234,235,238,239,241,243,245,248,250,253,254,256,259,261,262,265,267,282,283,287,290,296,303,306,311,316,319,332,337,339,341,342,346,348,351,359,362,373,375,380,396,416,433,448,449,452,462,478,488,531,539,673
27,62,65,66,69,70,72,73,74,75,76,77,78,79,80,81,82,83,84,86,87,88,89,90,91,92,93,94,95,96,97,98,99,100,101,102,103,104,105,106,107,108,110,111,112,113,115,116,117,118,119,121,122,123,125,126,127,128,129,131,132,134,135,136,137,138,139,140,141,142,143,146,147,148,149,150,151,152,156,158,159,162,163,164,165,168,169,170,171,172,173,174,179,180,182,183,185,186,187,192,195,197,199,204,206,207,208,212,213,216,220,222,223,227,228,235,236,237,239,241,242,243,248,253,257,261,262,263,267,268,271,272,273,274,283,284,289,291,294,296,297,298,303,309,312,323,331,339,342,348,359,360,377,390,403,407,429,430,432,436,451,494,497,525,527,562,618,663
28,6,64,66,67,68,69,70,72,73,74,75,76,77,78,79,80,81,82,83,84,85,86,87,88,89,90,92,93,94,95,97,99,100,101,102,103,104,105,106,107,108,109,110,111,112,113,114,115,116,117,119,121,122,123,124,125,126,127,128,129,132,134,135,136,137,139,140,141,143,144,145,147,148,150,151,154,155,156,159,161,163,166,167,168,169,170,171,172,173,175,176,177,178,179,181,182,183,184,185,187,188,189,191,192,198,202,204,206,209,212,215,216,217,220,221,222,223,227,233,234,237,241,242,243,244,246,249,252,253,259,263,264,265,267,270,272,280,281,285,289,295,300,306,328,437,453,464,488,489,490,681
29,63,66,68,69,70,71,72,74,77,78,79,82,83,84,85,87,88,89,90,92,93,95,96,97,98,99,100,101,103,104,106,107,108,110,111,112,114,115,116,117,119,120,122,123,124,126,128,130,131,133,135,137,139,141,143,144,145,148,149,150,151,152,153,155,156,157,159,160,161,167,168,169,170,173,174,176,177,178,181,183,185,187,191,194,195,197,200,201,208,215,217,222,223,225,231,238,239,247,248,249,250,254,256,258,260,263,264,269,270,272,273,276,280,281,283,294,300,303,311,319,323,327,337,348,364,373,403,459,473,524,540,578,580,643
30,61,65,67,68,69,70,72,73,74,75,78,79,81,82,83,84,85,86,87,88,89,90,91,92,93,94,95,96,98,99,100,102,103,104,105,107,108,110,111,112,113,116,117,118,119,120,121,122,123,124,125,126,127,128,130,131,132,134,135,136,137,139,142,143,144,146,148,149,151,152,153,155,156,157,158,159,160,162,163,164,165,166,167,170,171,175,176,177,179,185,186,187,189,194,195,196,199,200,202,211,212,213,215,219,222,223,229,230,232,234,236,237,245,247,252,254,256,257,258,267,271,277,283,290,294,300,302,303,305,306,309,313,356,365,400,409,450,482,494,535
31,64,65,66,69,70,71,72,73,74,76,77,79,80,81,82,84,85,86,87,88,89,90,91,94,95,96,97,98,99,100,102,103,105,106,107,108,109,110,113,114,115,116,117,118,119,120,121,122,123,124,125,126,127,129,130,131,132,133,135,136,137,139,140,141,142,143,144,145,146,148,151,152,153,154,156,157,158,159,163,164,168,170,176,177,181,182,183,184,185,187,188,191,192,193,195,196,199,200,204,206,218,221,234,238,242,244,248,253,263,268,269,273,274,279,281,283,296,297,301,307,312,315,324,330,336,341,355,400,407,449,475,662,674
32,31,62,63,64,65,67,68,70,71,73,74,75,76,77,79,80,81,82,83,84,86,87,88,89,90,91,92,93,95,97,98,99,100,101,102,103,104,105,106,107,108,109,111,113,114,115,116,117,118,119,120,121,122,123,124,125,127,128,130,131,132,134,135,136,137,138,139,140,141,142,143,144,147,149,150,151,152,155,157,159,160,161,162,163,164,165,167,168,169,170,171,172,174,175,176,177,178,179,183,184,187,188,189,191,194,196,198,203,204,207,209,212,214,217,219,225,227,229,234,250,251,254,255,256,258,259,260,261,262,263,267,269,270,294,304,306,319,321,323,332,335,347,367,496,520,567,572
33,3,54,68,69,70,71,72,74,75,77,79,80,81,82,83,84,85,86,87,88,89,90,93,94,96,97,99,100,101,102,107,110,112,113,116,117,119,120,122,123,126,128,129,130,131,133,134,135,137,138,141,143,144,146,147,148,149,150,152,156,157,158,159,163,165,166,167,169,170,171,174,177,179,180,181,185,186,187,188,190,195,196,200,201,202,204,207,208,209,210,215,218,221,224,230,231,235,236,238,251,253,262,270,272,281,282,285,287,288,291,300,303,315,316,323,327,349,351,396,427,525,676
34,47,61,66,67,68,69,71,72,73,74,75,76,77,79,80,81,83,84,85,86,88,89,90,92,93,95,97,102,103,105,106,108,109,111,112,113,114,115,117,118,119,120,121,122,123,124,125,126,127,128,129,130,131,132,133,134,135,136,140,142,143,145,146,149,151,155,158,161,162,164,165,166,170,172,173,175,177,178,179,180,186,187,189,191,192,193,196,197,198,203,208,211,212,220,224,225,230,232,234,241,247,263,266,273,279,283,284,303,306,317,318,324,338,350,524,623
35,10,60,63,64,65,66,67,68,69,70,71,72,73,74,75,76,77,78,79,80,81,82,83,84,85,88,89,92,93,94,95,97,98,99,100,102,104,105,106,107,108,109,110,111,112,113,114,116,121,124,125,126,128,129,130,131,135,136,138,139,140,142,143,145,146,147,150,152,157,158,163,165,166,167,170,171,172,173,174,175,176,177,184,185,186,189,191,192,194,197,199,200,206,207,208,209,212,213,216,217,223,237,239,240,241,243,244,245,246,250,253,257,260,265,267,268,273,283,296,299,301,335,358,362,548,557
36,19,62,63,64,66,67,68,69,70,71,72,73,74,75,76,77,78,79,80,81,82,83,85,86,88,90,91,92,93,95,96,97,98,99,101,102,103,105,107,108,109,112,114,115,116,117,119,122,124,125,126,127,128,129,130,132,133,136,141,142,144,145,147,149,150,153,154,156,157,158,159,160,161,162,163,165,166,167,168,169,171,179,180,184,188,190,192,193,194,196,197,200,203,205,208,214,216,218,223,233,236,237,243,244,249,251,256,258,259,270,277,281,289,305,319,350,351,396,434,461
37,60,61,62,63,64,65,66,67,68,69,71,72,73,74,76,77,78,79,81,82,83,84,86,87,88,89,90,91,92,93,94,96,99,100,102,103,104,105,106,107,108,109,111,113,114,119,120,123,124,125,126,127,128,129,130,132,133,134,136,137,138,139,140,141,145,147,148,150,151,152,154,156,157,158,160,161,162,165,166,167,168,169,170,172,173,174,175,176,178,179,182,183,187,188,189,191,195,196,198,202,206,207,210,211,212,222,223,224,225,232,233,235,236,238,239,240,241,242,248,249,255,258,263,265,274,283,290,291,313,314,325,377,379,525,576
38,51,54,62,63,64,65,66,68,69,70,71,72,73,74,75,76,77,78,79,80,81,82,83,85,86,89,90,91,92,93,94,95,96,97,100,102,103,104,105,106,108,109,110,111,112,113,114,116,118,119,120,121,122,123,124,125,127,128,130,131,132,134,136,137,138,139,143,144,145,147,148,149,150,153,154,158,160,162,167,168,169,170,175,176,180,181,182,184,192,195,202,208,214,215,218,219,225,228,233,236,238,240,249,251,253,256,265,268,269,271,293,298,301,303,305,616,632
39,4,48,62,64,65,66,70,71,74,76,77,82,84,86,87,88,89,92,93,94,95,97,98,99,100,102,103,104,105,106,109,111,112,113,114,116,117,118,119,120,121,122,123,124,125,126,127,128,130,131,133,134,139,140,142,143,144,145,151,152,155,157,160,161,162,165,166,167,175,181,184,186,187,192,194,195,197,198,201,203,204,206,211,220,223,228,270,274,283,286,287,289,309,317,320,351,414,583
40,62,65,69,70,71,72,73,75,80,85,87,88,89,90,92,93,94,97,98,99,100,101,103,104,106,107,108,109,112,113,114,115,116,118,120,121,122,123,124,125,128,129,131,132,134,135,136,139,140,141,142,143,144,147,149,152,153,156,157,158,159,160,171,172,179,184,186,187,192,193,197,198,200,207,208,214,225,230,241,242,269,316,341,379,464,568,575,628,635,674
41,70,71,78,82,83,84,86,87,88,89,90,91,92,94,97,98,101,102,103,104,105,106,107,108,109,110,111,113,114,115,116,117,118,119,120,122,123,124,125,127,129,130,132,133,134,136,138,139,140,141,143,145,146,148,149,153,154,155,156,157,158,160,161,162,163,164,165,166,168,171,176,178,182,191,192,230,239,274,275,283,309,310,322,365,407,420,423,581,611
42,46,79,82,87,89,91,92,94,95,96,97,98,103,106,109,111,113,116,117,118,119,120,123,127,130,131,132,134,135,136,137,141,142,146,149,152,155,158,159,162,165,167,170,173,180,182,196,197,205,208,215,225,227,235,237,251,318,389,390,400,448,472
43,93,97,98,101,102,105,107,108,109,110,114,115,117,118,119,120,128,129,131,134,135,136,141,142,145,148,149,156,157,161,162,184,194,203,207,211,244,252,260,282,306,396,416,568,596
44,92,93,101,103,108,117,118,119,120,124,128,132,133,134,135,136,140,141,142,147,150,153,154,156,157,158,160,162,164,171,182,199,200,208,252,266,285,377,399,660,663
45,88,99,101,112,113,115,126,132,133,142,161,174,178,217,236,246,274,327,352,400,454,470,603,646
46,40,134,213,237,275,277,580,695
47,121,166,355,356,427,461
48,13,395
49,44,506,592
50,19,68,497,538
51,24,36,38,185,352,368
52,383,598
53,13,201,238,392,577,664
54,52,456,498,526,535,549,688
55,3,378,531,609
56,201,318,648
57,221,410,419,499,657
58,24,60,433,529,594,640
59,268,276,567,576,624
60,267,327,410,515,568,591
61,
62,
63,
64,
65,
66,
67,
68,
69,
70,
71,
72,
73,
74,
75,
76,
77,
78,
79,
80,
81,
82,
83,
84,
85,
86,
87,
88,
89,
90,
91,
92,
93,
94,
95,
96,
97,
98,
