5
0,158
1,108,128,425,632
2,66,80,223,279
3,31,58,79,268,475,588
4,22,26,110,180,404,501,597,641,697
5,161,178,179,186,187,192,194,195,199,200,214,228,235,255,258,302,341,373,392,395,477
6,93,355,561,620
7,69,92,102,206,357,480,512,641
8,59,75,80,84,89,90,96,97,99,101,102,103,104,105,106,108,219,357,392,464,493,544
9,73,78,80,81,83,84,85,86,87,88,89,90,91,92,93,94,95,96,97,98,99,100,101,102,103,104,105,106,107,108,109,110,111,112,113,114,115,116,117,118,119,120,121,122,123,124,125,127,128,129,130,131,132,133,134,135,138,139,140,141,142,145,146,147,152,153,155,156,158,161,163,169,219,243,425,507,535,554,572,591
10,86,88,90,91,92,93,94,95,96,97,98,99,100,101,102,103,104,105,106,107,108,109,110,111,112,113,114,115,116,117,118,119,120,121,122,123,124,125,126,127,128,129,130,131,132,133,134,135,136,137,138,139,140,141,142,143,144,145,146,147,148,149,150,151,152,153,154,155,156,157,158,159,160,161,162,163,164,165,166,167,168,169,170,171,172,173,174,175,176,177,178,179,180,181,182,183,184,185,186,187,188,189,190,191,192,193,194,195,196,197,198,199,200,201,202,203,204,205,206,209,210,212,213,214,215,216,217,218,219,221,222,223,224,225,226,228,229,230,231,232,233,234,236,237,238,239,240,241,242,243,244,245,247,248,249,250,251,252,253,254,255,257,258,259,261,262,265,266,267,269,270,272,273,274,275,276,277,278,279,280,281,282,283,284,285,287,288,289,290,292,294,295,296,298,301,303,306,307,311,312,313,315,318,320,321,322,324,328,330,334,336,342,352,358,375,391,392,492,516,587,651,655
11,33,80,82,83,84,85,86,87,88,89,90,91,92,93,94,95,96,97,98,99,100,101,102,103,104,105,106,107,108,109,110,112,113,115,116,117,118,119,120,121,122,123,124,125,126,129,130,131,132,133,134,135,136,137,138,139,140,142,143,145,146,147,148,149,150,151,152,153,154,155,156,157,158,159,160,161,162,164,165,166,167,168,169,170,171,172,173,174,175,176,177,178,179,180,181,183,185,186,187,189,190,191,193,194,195,196,197,198,199,200,201,202,203,204,205,206,207,208,209,210,211,212,213,214,215,216,217,218,220,223,224,225,226,227,228,229,230,231,232,233,234,235,236,237,238,239,240,241,242,243,244,245,246,247,248,249,250,251,252,253,254,255,256,257,258,259,260,261,262,263,264,265,266,267,268,269,270,271,272,273,274,275,276,277,278,279,280,281,282,283,284,285,286,287,288,289,290,291,292,293,294,295,296,297,298,299,300,301,302,303,304,305,306,307,308,309,310,311,312,313,314,315,316,317,318,319,320,321,322,323,324,325,326,327,328,329,330,331,332,333,334,335,336,337,338,339,340,341,342,343,345,346,348,349,350,351,352,353,354,355,356,357,358,359,360,362,364,365,366,367,368,369,370,371,374,377,378,379,381,382,384,385,386,388,389,390,394,396,400,401,403,405,407,409,411,416,420,425,427,434,436,444,456,459,469,487,522,551,594,599,616,622
12,6,81,82,85,86,87,88,89,90,91,92,93,94,95,96,97,98,99,101,102,103,105,107,110,111,112,113,116,117,118,119,120,121,122,124,125,126,127,130,131,132,133,134,135,136,138,139,141,143,144,146,147,149,150,152,155,157,158,159,163,166,167,168,170,171,173,174,176,180,181,182,183,184,186,187,188,189,190,191,195,196,197,198,200,201,204,207,209,211,213,216,217,218,220,221,222,223,224,225,226,228,229,230,231,232,234,236,237,238,239,240,243,244,245,246,249,250,251,252,253,254,255,256,257,258,260,261,263,264,265,266,267,268,269,270,273,274,276,277,278,279,280,281,282,283,284,285,286,287,288,289,290,291,292,293,294,295,297,298,299,300,301,302,303,304,305,306,307,308,309,310,311,312,313,314,315,316,317,318,319,321,322,323,325,326,327,328,329,330,331,332,334,335,336,338,339,340,341,342,343,344,345,346,347,348,349,350,352,353,354,355,356,358,359,361,362,363,364,365,366,367,368,369,370,373,374,375,376,378,379,380,382,383,384,386,387,388,390,391,392,394,396,398,399,400,402,403,404,408,411,418,423,432,433,434,436,439,440,449,452,460,465,466,467,476,543,570
13,1,7,62,81,82,83,84,85,86,88,89,91,92,94,95,96,97,98,100,103,105,107,109,110,111,112,113,114,115,116,117,118,120,121,123,124,125,128,133,134,136,140,143,147,152,157,158,161,166,167,169,170,172,173,177,180,187,189,191,192,194,195,196,198,200,202,203,204,207,208,209,210,213,218,220,224,225,226,231,232,234,235,236,238,240,241,243,244,248,250,254,255,256,258,259,260,261,262,263,264,266,271,272,273,275,276,277,278,279,280,281,282,284,286,287,288,291,293,294,295,297,300,302,303,305,307,308,309,310,311,312,313,314,316,317,318,319,320,322,323,324,325,326,327,328,329,330,331,332,333,334,335,336,337,338,339,340,341,342,344,346,347,348,350,351,352,353,354,355,356,359,360,361,362,363,365,368,370,372,373,375,376,377,378,380,384,385,386,388,389,390,391,393,394,396,397,398,403,417,421,436,447,453,468,477,514,576
14,46,67,77,78,80,81,84,85,86,87,90,91,92,95,96,102,104,105,106,109,112,113,114,118,124,127,130,133,134,135,136,138,141,142,144,153,154,158,163,168,169,171,172,177,179,181,184,185,186,187,188,191,192,193,194,198,199,202,203,206,208,209,216,218,219,223,231,232,240,242,243,244,247,252,258,264,267,269,270,271,274,275,276,277,279,280,283,286,289,291,293,294,295,296,297,298,300,301,302,303,304,306,307,309,310,311,317,318,320,321,324,325,327,328,330,331,335,336,337,339,343,345,346,348,351,353,354,356,359,360,363,365,366,367,369,370,371,372,373,375,377,378,379,380,382,383,384,387,388,390,393,394,397,398,399,400,402,405,408,409,414,415,416,418,419,421,424,430,431,434,436,438,439,442,444,445,447,448,453,455,463,466,470,471,505,514,574,589
15,40,68,78,79,80,83,84,85,87,89,90,92,93,94,96,97,98,101,103,106,107,111,112,113,115,120,121,124,125,128,129,130,131,134,138,139,141,142,143,144,145,146,149,150,152,162,164,170,174,176,177,178,180,187,189,191,193,195,199,200,201,203,204,205,208,210,212,218,219,236,241,243,245,247,255,257,258,259,261,263,265,266,269,271,272,274,276,278,280,283,289,291,292,294,296,299,300,302,303,304,305,308,309,312,313,314,315,316,318,320,321,322,323,324,326,328,331,332,333,335,337,338,340,344,345,346,347,348,351,352,353,354,355,357,358,360,361,362,363,365,366,367,368,369,370,371,373,374,375,376,378,385,386,388,389,391,392,394,395,397,399,400,401,402,403,406,407,411,412,418,420,421,424,425,427,430,434,436,437,438,442,445,448,450,452,455,456,475,488,492,496,612,630,632,665
16,24,77,78,80,82,83,85,86,87,88,90,92,93,96,97,99,100,101,102,103,107,108,109,110,113,114,115,117,119,121,122,126,128,132,136,141,142,143,147,148,149,154,156,157,162,165,167,169,171,174,176,177,180,184,187,192,193,195,200,202,206,207,208,210,214,229,231,232,244,249,253,255,260,262,264,265,268,271,273,276,285,287,288,289,290,293,294,295,296,298,301,302,303,304,307,308,314,315,316,317,320,321,324,326,327,333,334,335,336,337,338,339,340,341,342,343,344,345,347,348,349,350,351,352,353,354,356,359,360,362,364,366,368,369,370,374,375,376,377,378,380,381,385,388,389,390,392,393,396,397,399,401,405,408,411,416,420,422,424,427,429,434,436,439,441,444,446,450,451,456,459,467,474,486,490,503,610
17,73,81,86,87,88,89,90,93,96,97,99,102,106,107,110,112,114,115,116,117,118,119,120,122,123,125,128,129,134,135,137,140,142,153,159,160,162,173,178,180,183,186,190,192,199,211,224,228,230,237,247,253,256,258,259,266,273,275,276,277,281,282,284,288,291,292,294,297,298,299,301,302,303,305,308,310,311,312,313,316,318,319,321,323,325,327,328,329,331,332,333,335,338,339,340,341,342,343,345,349,350,352,353,357,360,361,363,364,367,368,369,371,372,373,376,379,381,382,386,387,392,396,397,399,402,411,412,418,420,422,423,424,430,431,438,444,447,450,451,452,457,470,511,525,548
18,78,80,83,84,86,89,90,91,92,93,94,95,97,99,100,102,103,104,105,106,107,109,110,111,112,114,116,117,118,120,123,126,129,130,131,132,134,140,141,145,146,150,158,159,161,162,163,164,166,167,176,188,189,194,195,200,202,204,206,209,212,213,217,219,227,238,255,267,268,274,275,279,282,284,286,287,288,289,291,293,294,296,305,307,308,309,310,314,316,317,320,321,323,325,326,327,328,329,330,331,333,335,336,339,341,343,345,347,348,349,350,352,354,356,358,359,361,362,363,364,365,366,368,369,370,371,376,377,378,379,380,392,393,395,398,401,402,404,410,414,415,418,424,431,433,435,437,439,444,450,452,453,463,464,468,469,487,493,503,523,548,656,684
19,38,40,61,73,82,84,86,87,89,91,92,93,94,96,99,101,102,103,104,105,110,111,112,117,118,119,123,124,126,127,131,132,133,134,136,139,145,147,150,151,157,165,166,168,176,177,181,182,185,187,189,190,203,208,230,238,243,247,250,251,252,255,264,266,268,275,286,287,289,296,299,301,302,303,304,305,308,310,313,317,319,320,321,323,324,325,328,329,330,332,335,336,337,338,339,340,342,344,349,352,353,354,355,358,359,361,362,363,364,365,366,367,369,376,385,386,388,390,391,393,397,403,404,405,407,410,411,414,418,419,421,427,428,433,434,441,442,457,470,471,490,494,515,534,611,670
20,69,79,81,82,83,84,85,86,87,89,90,91,93,94,95,96,97,98,99,101,105,107,113,114,115,116,120,121,122,123,124,126,130,137,139,143,145,148,158,169,170,176,178,181,184,186,190,193,195,196,202,206,221,230,232,245,246,259,261,263,265,269,272,274,275,276,281,284,291,292,295,299,300,303,311,312,314,315,316,319,320,322,331,332,338,339,340,341,343,345,346,348,349,353,356,357,362,363,369,376,377,382,384,388,392,393,397,398,406,411,414,418,422,431,454,458,467,471,481,482,530,571
21,16,75,79,83,84,85,88,89,93,94,96,101,103,104,105,107,108,109,114,115,117,123,124,125,127,128,129,130,132,134,135,136,147,150,152,154,175,183,195,199,200,208,214,220,224,227,263,269,270,271,283,290,291,297,298,299,304,305,308,310,316,317,319,321,322,324,326,327,329,332,335,338,339,340,341,344,345,350,353,356,361,364,365,368,370,374,376,377,382,383,388,392,396,401,403,405,408,409,413,418,419,421,425,427,430,433,443,455,459,481,488,490,503,509,542,600,611
22,75,77,78,80,82,83,84,85,87,92,96,99,100,101,102,104,105,106,110,113,114,115,116,118,119,124,126,127,128,130,132,135,138,141,147,149,151,154,155,158,159,160,172,175,178,182,187,189,192,202,205,210,212,216,231,233,244,247,248,253,255,271,273,275,289,290,294,295,298,299,300,313,314,317,318,319,320,321,325,329,330,331,334,340,341,346,353,355,357,365,366,369,370,373,374,375,378,379,382,383,387,388,389,390,392,393,397,403,416,417,419,423,426,441,444,448,457,458,460,492,518,538
23,72,73,74,75,76,78,79,81,82,83,84,86,88,91,92,93,94,97,98,99,104,107,108,109,111,112,114,115,116,119,120,121,122,125,129,130,131,132,139,141,143,150,154,156,157,158,162,168,170,172,176,178,183,186,193,202,218,228,237,247,253,260,264,266,270,274,279,280,285,288,291,295,298,300,301,305,314,321,323,325,326,328,333,334,337,338,342,343,345,355,356,357,358,362,365,366,370,372,375,378,382,383,385,387,396,398,400,401,403,410,412,414,419,421,422,424,428,455,458,475,482,484,503,523
24,19,69,71,72,75,76,77,78,79,81,82,85,86,88,89,91,92,93,94,95,96,98,99,100,101,103,104,105,106,107,109,110,111,112,114,115,116,117,123,124,125,127,128,133,135,138,155,157,159,160,161,163,171,177,179,186,187,190,194,204,209,211,214,215,217,219,221,222,224,228,237,245,250,260,264,265,270,271,272,273,281,282,283,286,290,293,294,297,301,303,309,312,314,315,319,325,329,330,332,334,335,341,344,345,349,352,353,354,359,360,363,366,372,379,380,381,383,390,396,401,405,406,408,409,411,412,414,419,432,443,444,452,456,484,494,595,611,694
25,63,67,68,69,71,73,74,75,76,78,79,80,81,82,84,85,86,88,90,91,92,94,96,97,98,100,101,102,103,104,107,108,109,112,114,115,116,117,119,120,122,124,126,129,130,132,133,135,136,139,143,145,150,154,161,167,178,182,188,199,200,209,212,213,215,216,217,219,222,229,242,246,254,255,261,262,265,268,270,271,275,278,279,283,289,290,293,295,301,303,305,307,308,313,317,322,326,328,332,333,336,337,344,347,349,350,351,353,356,357,358,363,367,370,374,377,383,384,385,386,387,390,391,399,400,407,410,414,428,436,437,444,450,457,480,529,541,661,682
26,68,72,73,74,75,76,79,80,81,82,83,84,85,86,87,89,90,91,93,98,100,101,102,103,104,107,108,110,112,113,115,116,118,121,130,131,133,136,137,144,150,152,154,155,158,159,160,166,168,170,173,177,180,182,185,188,189,190,191,195,196,197,204,216,219,220,230,231,241,243,249,250,251,252,253,259,262,265,266,272,273,274,280,281,285,288,290,291,292,293,300,317,318,319,321,323,329,330,332,339,341,342,345,346,357,363,368,370,373,375,382,388,389,390,395,401,406,409,413,415,418,423,425,426,428,431,434,440,459,464,467,473,476,527,547
27,62,64,68,69,70,71,72,73,74,75,76,78,79,80,81,83,84,85,86,87,88,93,96,99,100,101,102,103,104,108,112,113,116,117,120,126,127,129,131,132,134,136,141,146,148,153,155,157,158,162,163,170,173,174,176,180,182,183,185,187,200,208,209,229,231,234,235,236,240,241,245,247,251,256,266,270,273,275,280,283,284,286,289,290,305,311,312,314,317,319,320,326,327,328,337,341,347,349,350,351,352,353,357,358,360,361,362,364,371,377,378,380,386,392,407,409,411,412,414,416,419,426,432,442,445,446,452,468,489,496,592
28,59,61,62,63,65,66,67,68,69,72,73,74,75,76,77,78,79,81,82,85,86,87,88,89,90,91,94,95,97,101,102,109,110,111,115,116,117,120,121,122,123,130,134,135,136,138,140,142,149,158,160,161,163,164,165,167,168,172,173,183,186,187,189,194,195,200,204,208,209,217,220,224,228,233,234,243,252,254,269,271,274,280,281,283,289,290,295,296,299,300,303,307,309,316,324,326,327,331,338,340,343,345,354,357,360,373,375,384,385,386,391,401,410,413,416,424,427,431,434,445,448,455,457,473,474,477,494,508,562,602
29,25,49,60,62,64,65,66,68,69,70,73,74,75,76,77,78,79,80,81,83,84,85,87,88,90,91,92,94,97,98,101,102,103,105,108,112,113,115,116,118,123,128,129,130,132,133,137,138,140,142,149,150,152,155,156,167,169,174,180,182,188,193,196,200,203,205,210,211,212,227,238,248,250,251,253,254,258,259,262,265,272,278,281,283,284,285,291,292,293,295,296,299,300,305,306,310,316,317,325,327,328,331,335,339,340,351,355,357,359,367,368,369,370,371,379,381,382,389,399,402,406,411,422,424,429,430,440,445,451,496,501,529,533
30,61,62,63,65,66,67,68,69,70,71,74,75,76,78,79,80,81,83,86,87,93,94,95,99,104,107,110,113,114,115,119,120,123,124,127,135,137,138,142,143,148,159,160,164,166,167,168,169,173,175,178,180,181,182,187,188,193,196,205,207,210,219,227,228,229,230,233,239,240,241,244,254,256,257,260,261,262,267,272,273,283,284,285,289,290,291,292,294,301,310,311,319,320,322,323,330,334,337,340,345,353,354,355,356,362,364,366,369,376,378,379,383,385,386,388,395,425,426,445,449,456,504,546
31,11,56,57,58,59,60,61,62,63,65,67,68,69,70,71,73,74,75,76,77,81,82,83,87,88,89,91,92,95,96,97,99,100,101,102,104,105,106,107,108,112,114,117,118,123,124,125,126,127,128,130,133,135,137,138,143,144,147,148,149,155,159,160,165,171,172,178,185,188,206,207,212,215,217,220,239,243,245,250,257,260,262,266,268,270,273,275,278,279,280,281,282,286,287,288,291,292,296,298,300,303,304,306,307,308,314,323,328,333,336,337,338,341,346,347,348,352,353,360,361,363,366,367,374,383,389,400,408,417,425,454,478,550,566,587,648
32,50,51,53,56,57,58,59,61,62,63,64,65,66,67,68,69,70,72,76,78,79,81,82,84,85,86,87,88,91,93,95,96,97,99,100,101,102,103,104,110,112,115,116,121,129,131,132,133,136,143,147,149,151,152,153,155,156,160,161,164,170,173,175,189,193,197,204,212,215,217,219,222,230,239,241,253,258,270,271,275,276,277,285,288,290,293,296,299,304,308,309,320,322,323,324,326,333,336,339,343,353,354,366,367,368,371,377,394,395,401,424,427,436,456,677
33,47,51,53,54,55,56,57,58,59,60,61,62,64,65,66,67,68,69,70,71,73,74,75,76,77,78,79,82,83,84,85,86,87,88,89,90,92,94,97,99,102,103,104,106,108,109,110,111,115,120,127,128,129,134,135,138,140,143,144,147,155,166,168,172,175,187,193,195,201,209,210,214,215,223,225,234,235,241,242,243,244,246,250,252,256,260,268,274,277,278,285,286,292,294,295,302,303,304,309,313,316,318,320,325,332,338,344,359,404,523
34,43,47,51,53,54,55,56,57,58,59,61,62,63,64,65,66,67,68,69,71,72,73,75,76,78,79,80,81,82,83,84,86,90,98,99,100,102,105,111,112,115,124,125,131,135,138,141,143,144,147,150,152,158,159,160,162,164,165,166,167,170,177,183,184,188,197,201,203,210,212,213,214,220,222,235,238,239,240,241,243,244,247,248,252,253,255,259,268,271,272,273,276,283,285,289,296,298,303,309,313,351,390,450,598,627,656,658
35,45,51,52,53,54,56,57,58,63,64,65,66,68,72,74,76,82,84,85,86,87,92,93,96,109,110,111,123,130,131,138,139,141,143,149,151,152,154,156,158,160,161,165,166,173,175,177,201,207,211,215,236,241,242,244,247,248,251,254,256,262,264,271,273,279,281,283,286,310,313,318,328,339,384,391,416,541,565,603
36,52,53,54,55,56,57,58,59,61,62,64,67,69,71,72,73,75,77,78,79,80,81,84,85,86,87,88,89,91,93,94,97,99,100,103,105,111,112,113,131,133,148,150,155,160,164,166,173,176,180,184,188,192,194,202,203,209,210,223,229,230,231,237,238,239,244,245,246,249,251,252,259,260,261,264,265,268,270,276,280,284,289,290,294,302,316,337,365,372,376,384,421,679,695
37,38,52,54,55,57,59,60,61,62,63,64,65,66,67,70,71,73,74,77,78,80,81,83,85,87,91,92,93,98,103,105,106,113,116,122,123,125,138,142,148,149,151,153,155,156,163,164,168,172,174,176,179,185,197,199,206,208,210,215,217,224,225,226,232,235,237,238,239,240,243,244,245,246,247,248,251,252,259,262,263,266,268,269,271,272,277,278,288,293,320,345,385,487,549
38,3,52,54,58,59,65,66,68,69,74,75,76,78,81,84,86,88,89,91,95,97,99,101,102,108,116,120,121,125,128,129,134,145,146,148,149,151,152,153,155,156,157,159,163,164,167,169,170,171,172,174,178,193,199,202,204,207,212,219,226,227,230,231,241,243,245,259,260,264,281,288,291
39,29,50,53,59,60,67,68,69,70,72,75,76,78,79,84,85,86,87,88,89,90,91,92,93,94,96,97,98,99,100,101,102,104,110,111,114,115,119,128,131,142,144,149,151,157,159,160,161,163,165,167,169,174,178,181,199,202,204,206,207,208,210,211,212,215,217,220,228,229,231,232,233,234,235,238,239,251,267,270,274,286,287,345,372,469,529,686
40,50,52,53,55,56,58,63,65,66,68,69,70,71,73,74,75,76,79,82,83,84,85,86,87,91,92,96,97,99,100,102,103,104,105,113,121,126,133,135,144,149,156,163,164,165,166,173,174,180,181,182,194,202,203,206,210,211,216,220,221,226,231,256,290,483,614
41,34,35,44,51,54,62,64,66,69,70,74,75,76,78,81,83,87,94,95,96,100,101,102,106,107,111,116,117,126,128,132,135,138,149,164,166,169,172,175,176,180,181,184,192,209,218,221,223,235,236,286,483,551,653
42,78,80,81,83,85,93,97,99,113,117,119,120,130,131,134,144,158,175,187,244,250,251,290,438
43,37,102,127,148,163,330,448,453,455
44,2,687,689
45,128,570
46,16,369,438,484,491,667
47,20,29
48,346,653,673
49,50,525,672
50,92,136,140,478,484,486,615
51,48,70,73,94,125,305,378,447,606
52,19,170,584,610
53,25,51,68,116,657,683
54,86,389,602
55,12,32,629,644,682
56,69,74,80,148,250,435,568,625
57,9,84,158,296,365,392,635
58,15,62,140,239
59,225,420,627
60,36,304,469
61,
62,
63,
64,
65,
66,
67,
68,
69,
70,
71,
72,
73,
74,
75,
76,
77,
78,
79,
80,
81,
82,
83,
84,
85,
86,
87,
88,
89,
90,
91,
92,
93,
94,
95,
96,
97,
98,
