3
0,79
1,120,208,496,531,532
2,309,528
3,69,273,490,563,595
4,57,295,370,508,548
5,44,45,46,53,56,63,118,194,232,248,447,539,673,675
6,4,35,37,39,40,41,42,43,44,46,47,49,50,52,53,54,55,56,60,61,62,64,65,66,67,68,87,273,470
7,3,27,30,31,32,35,37,38,39,40,41,42,43,44,45,46,47,48,49,50,51,52,53,54,55,56,57,58,59,60,61,62,63,64,65,66,67,68,69,70,71,72,73,74,75,76,77,78,79,80,81,84,85,86,88,98,202,295,502,504,540,587,619
8,32,33,34,35,36,37,38,39,40,41,42,43,44,45,46,47,48,49,50,51,52,53,54,55,56,57,58,59,60,61,62,63,64,65,66,67,68,69,70,71,72,73,74,75,76,77,78,79,80,81,82,83,84,85,86,87,88,89,90,91,92,93,94,95,96,97,99,100,101,102,103,105,106,107,108,112,113,114,115,116,118,122,123,124,125,126,127,130,131,133,146,148,152,153,154,157,182,184,208,340,394,495,651
9,32,33,35,37,38,39,40,41,42,43,44,46,47,48,49,50,51,52,53,54,55,56,57,58,59,60,61,62,63,64,65,66,67,68,69,70,71,72,73,74,75,76,77,78,79,80,81,82,83,84,85,87,88,89,90,91,92,93,94,95,96,97,98,99,100,101,102,103,104,105,106,107,108,109,110,111,112,113,114,115,116,117,118,119,120,121,122,123,124,125,126,127,128,129,130,131,132,133,134,135,136,137,138,139,140,141,142,143,144,145,146,147,148,149,150,151,152,153,154,155,156,157,158,159,160,161,162,163,164,165,166,167,168,169,170,171,172,173,174,175,176,178,179,180,181,182,183,184,185,186,187,188,189,190,192,193,194,195,196,197,198,199,200,201,202,205,211,214,215,216,221,223,224,226,229,231,235,240,249,251,256,279,284,310,320,357,361
10,24,31,32,33,34,35,36,37,38,39,40,41,42,43,44,45,46,47,48,49,50,51,52,53,54,55,56,57,58,59,60,61,62,63,64,65,66,67,68,69,70,71,72,73,74,75,76,77,78,79,80,81,82,83,84,85,86,87,88,89,90,91,92,93,94,95,96,97,98,99,100,101,102,103,104,105,106,107,108,109,110,111,112,114,115,116,117,119,120,121,122,123,124,125,126,127,128,129,130,131,132,133,134,135,136,137,138,139,140,141,142,143,144,145,146,147,148,149,150,151,152,153,154,155,156,157,158,159,160,161,162,163,164,165,166,167,168,169,170,171,172,173,174,175,176,177,178,179,180,181,182,183,184,185,186,187,188,190,191,192,193,194,195,196,197,198,199,200,201,202,203,204,205,206,207,208,209,210,211,212,213,214,215,216,217,218,219,220,221,222,223,224,225,226,227,228,229,230,231,232,233,234,235,236,237,238,239,240,241,242,243,244,245,246,247,248,249,250,251,252,254,255,256,257,258,259,260,261,263,265,266,268,269,270,272,273,274,275,276,278,280,281,283,286,287,288,289,290,291,292,295,297,299,300,303,304,305,307,308,309,310,311,317,320,321,323,324,329,330,334,342,348,349,350,351,357,385,388,390,398,399,409,417,418,432,440
11,30,32,33,34,35,36,37,39,40,41,42,43,44,45,46,47,48,49,50,51,52,53,54,55,56,57,58,59,60,61,62,63,64,65,66,67,68,69,70,72,73,74,75,76,77,78,79,80,82,84,85,86,87,88,89,90,91,92,93,94,95,97,98,99,100,101,102,103,105,106,107,108,109,110,112,113,114,115,117,119,120,121,122,123,124,125,126,127,129,130,131,132,133,134,135,136,137,138,139,140,141,142,143,144,145,146,147,148,149,150,151,152,153,154,155,156,157,158,159,160,161,162,163,164,165,166,167,168,169,170,171,172,173,174,175,176,177,178,180,181,182,183,184,185,186,187,188,189,190,191,192,193,194,195,196,197,198,199,200,201,202,203,204,205,206,207,208,209,210,211,212,213,214,215,217,218,219,220,221,223,224,225,226,227,228,229,230,231,232,233,234,235,236,237,238,239,241,242,243,244,245,246,247,248,249,250,251,252,253,254,255,256,257,260,261,262,263,264,265,266,269,270,273,274,275,276,277,278,279,280,281,283,286,287,290,291,295,296,297,298,299,300,303,304,305,306,307,308,309,310,312,314,315,316,328,333,334,336,337,338,342,343,345,349,352,353,357,358,363,366,381,382,392,409,663,683
12,24,26,29,31,32,33,34,35,37,38,39,40,41,42,43,44,45,46,47,48,49,50,51,53,54,55,56,57,58,59,60,61,62,63,64,65,66,67,70,71,72,73,74,75,76,77,78,79,80,81,82,83,84,85,86,87,88,89,90,91,92,93,94,95,96,97,98,99,100,101,102,103,104,105,106,107,108,109,110,111,112,113,114,115,116,117,118,120,123,125,126,127,128,129,130,131,133,134,135,137,138,139,140,142,144,145,146,147,148,150,151,152,153,154,155,158,160,161,162,163,164,166,167,168,169,170,171,172,173,174,176,177,178,179,181,182,183,184,185,186,187,188,189,190,191,192,193,194,195,197,199,200,201,202,203,204,205,206,207,208,209,210,212,213,214,215,216,217,218,219,220,221,222,223,224,225,226,227,228,229,230,231,232,233,235,236,237,238,241,242,243,244,245,246,247,250,251,252,254,255,256,257,258,259,261,263,265,266,267,268,269,271,275,276,278,279,280,281,282,283,284,285,287,289,290,293,294,295,298,299,302,303,304,306,308,309,310,314,315,316,317,321,324,325,327,329,330,332,334,335,338,339,340,341,346,351,357,362,364,366,370,374,382,398,401,406,417,418,674
13,11,25,26,29,30,32,34,36,37,38,39,41,42,44,47,48,49,50,51,52,53,54,55,56,57,59,60,61,62,63,64,65,66,67,68,69,70,71,72,73,74,75,77,78,79,80,81,82,83,84,85,86,87,88,89,90,93,94,95,96,97,98,99,100,101,105,108,109,110,114,115,118,120,122,123,124,126,127,128,129,130,131,133,134,135,136,137,138,139,140,141,142,143,144,145,146,147,148,149,150,151,152,153,154,156,157,158,159,160,161,162,163,164,165,166,167,168,169,170,171,172,173,174,175,176,177,178,179,180,181,182,183,184,185,186,187,188,189,190,191,192,193,194,195,196,197,198,199,200,201,202,203,204,206,208,209,212,213,214,215,217,218,224,225,226,227,232,234,235,237,246,250,253,256,257,261,272,273,274,279,284,287,291,294,297,298,302,304,309,312,314,322,323,325,328,332,408
14,27,28,29,30,31,32,34,35,36,37,38,39,40,41,42,43,44,46,47,48,51,53,54,55,56,58,60,61,62,63,64,65,66,67,69,71,72,73,74,75,76,77,78,79,80,81,82,83,84,85,86,87,88,89,90,91,92,93,94,95,96,97,98,99,100,101,102,103,105,106,107,108,109,110,111,112,113,114,116,117,118,119,121,122,124,125,126,127,128,129,130,131,132,134,135,136,137,138,139,140,141,142,143,146,148,151,152,153,154,156,157,158,159,160,161,162,164,165,166,167,169,170,171,172,174,175,176,177,179,180,181,182,183,185,186,187,188,189,190,192,193,194,196,197,200,201,203,204,205,206,207,208,210,213,214,215,217,218,219,220,222,223,224,225,226,227,228,229,230,231,232,235,238,239,240,242,244,245,246,247,249,252,253,255,258,266,268,269,272,277,278,283,287,288,290,292,296,299,305,311,317,318,320,324,330,332,339,353,357,374,382,391,398,406,412,430,446,449,515,547
15,12,27,37,38,39,40,41,44,45,46,47,48,49,50,51,52,53,54,55,56,57,58,59,60,61,62,63,64,65,66,67,68,69,70,72,73,74,76,77,78,79,80,81,83,84,87,90,91,97,102,104,105,107,108,109,111,113,114,115,116,117,118,121,122,124,125,126,127,128,129,130,131,133,135,136,137,138,139,140,141,142,143,144,145,146,147,148,149,150,151,152,153,154,155,156,157,158,159,160,161,162,163,164,165,166,168,170,171,172,173,174,175,176,177,178,179,180,182,183,184,185,186,187,188,190,191,193,194,195,196,197,198,200,201,202,204,205,207,211,212,213,214,216,218,219,220,222,225,226,231,232,234,236,237,238,240,241,242,243,246,247,248,249,251,252,253,254,255,256,257,261,262,263,264,266,267,270,271,272,273,276,279,282,283,284,286,287,288,289,293,296,309,323,325,328,331,336,344,348,353,366,382,392,438,440,470
16,30,33,37,38,39,40,41,42,43,44,45,47,48,49,50,51,53,54,55,56,58,59,61,62,63,64,65,66,67,68,69,70,71,72,73,74,75,76,77,78,79,80,81,82,83,84,85,86,88,89,90,91,92,93,94,96,97,99,101,102,103,104,105,107,108,112,116,119,120,122,123,124,125,127,128,129,131,132,133,134,137,138,139,140,141,144,145,146,147,148,149,150,151,153,155,157,158,161,162,163,164,165,166,167,169,171,172,173,174,175,177,178,179,180,181,182,183,185,187,188,189,190,192,193,194,195,196,199,200,201,202,203,204,205,206,207,208,209,210,212,215,216,218,220,221,222,223,224,225,226,227,229,232,233,234,235,238,240,241,244,247,248,250,251,252,253,254,257,260,261,262,264,270,271,272,274,275,276,278,279,283,285,290,291,292,295,298,301,303,304,305,308,312,314,322,325,326,330,333,334,341,344,348,354,362,364,370,373,417,424,451,508,513,595
17,13,30,36,38,41,43,44,46,47,49,50,51,52,53,54,55,56,57,58,59,60,61,62,63,64,65,66,67,68,69,70,71,72,74,75,79,80,81,82,86,88,89,90,91,93,95,97,100,102,103,107,108,109,110,114,124,126,128,129,130,131,132,133,134,135,136,138,139,140,141,142,143,144,145,146,147,149,150,151,152,154,156,157,158,160,162,163,164,166,167,168,169,170,171,172,173,174,175,176,177,178,179,180,181,182,184,185,186,187,188,189,190,191,192,194,195,196,197,198,199,200,202,203,205,206,207,209,210,211,216,217,218,220,223,224,227,228,230,235,236,239,240,241,243,245,246,250,254,255,258,260,270,271,280,284,288,298,327,333,335,336,352,356,359,371,388,390,391,393,445,447,481,595
18,26,27,34,39,42,43,45,51,52,53,54,55,56,57,58,59,60,61,62,63,64,67,68,69,70,71,72,73,74,75,76,77,78,79,80,81,82,83,84,85,87,88,89,90,91,92,93,94,96,98,99,100,102,103,104,109,110,111,113,114,124,125,127,132,133,136,137,138,139,140,141,143,145,147,148,149,150,152,153,155,156,157,158,159,161,162,164,166,167,168,169,170,171,172,173,174,175,176,177,178,179,181,182,183,184,185,188,189,190,191,193,194,195,196,197,199,200,201,202,203,205,206,207,208,209,210,211,212,213,214,215,216,221,222,223,224,225,226,228,229,230,235,238,239,243,244,246,247,248,249,252,253,255,256,257,258,263,268,272,274,278,279,280,283,285,286,292,295,296,299,301,303,305,306,307,315,319,322,326,328,331,335,338,342,385,390,394,401,421,555
19,35,44,46,47,49,50,51,53,55,56,57,58,59,60,61,62,63,64,65,66,67,68,69,71,73,74,75,77,78,79,82,83,84,85,86,88,89,90,92,93,94,96,98,100,101,102,103,104,109,110,111,112,115,117,118,123,126,127,128,129,132,133,135,136,137,138,139,140,141,142,143,144,145,146,147,149,150,151,152,153,154,155,156,157,158,159,160,161,162,163,164,165,166,167,168,169,170,171,172,173,175,176,177,178,179,180,182,183,184,186,188,189,190,191,192,193,194,195,196,197,198,199,200,202,203,204,206,207,209,210,211,212,213,214,216,218,219,221,223,224,226,230,231,232,233,236,237,239,243,244,247,248,249,250,251,252,254,255,256,258,259,260,261,263,264,266,268,269,271,273,278,279,281,282,283,284,288,301,305,306,313,331,363,371,388,392,453,497,557
20,6,39,48,49,50,52,53,54,55,56,58,59,60,61,63,64,66,67,68,69,70,71,72,73,74,75,76,77,78,79,80,81,82,83,84,85,86,88,89,90,91,92,93,94,95,96,97,98,99,100,101,102,103,104,105,106,107,108,109,110,111,112,113,116,118,121,123,124,127,135,137,139,140,141,144,145,146,147,149,152,153,154,155,156,157,160,162,164,165,166,167,168,169,170,171,173,174,175,177,180,181,182,183,184,185,187,189,190,192,193,194,195,197,198,199,200,202,203,204,205,207,208,209,210,211,212,213,214,215,217,218,219,220,221,222,224,225,226,227,228,232,233,234,236,238,239,241,243,244,245,246,247,250,251,252,253,256,257,259,261,262,265,266,267,268,270,273,276,277,281,282,283,285,287,296,301,303,305,306,307,309,311,319,320,325,326,331,347,352,354,359,389,395,402,545,661
21,45,50,51,53,54,55,56,58,59,60,61,62,63,64,65,66,68,69,70,71,72,73,74,75,76,77,78,79,80,82,83,86,87,88,90,91,94,95,98,99,100,101,103,104,106,107,111,113,117,118,119,120,121,122,123,124,127,128,130,131,132,133,135,139,140,144,145,146,147,148,149,150,151,152,153,154,156,158,159,160,161,162,163,164,165,166,167,168,169,170,172,173,174,176,177,178,179,180,181,182,183,185,186,187,188,189,191,192,193,194,195,196,197,198,200,202,203,204,205,206,207,208,209,210,211,212,214,216,218,219,220,221,222,223,224,225,227,228,229,230,231,232,233,235,237,239,240,241,242,243,244,247,248,249,252,253,254,257,259,260,262,267,268,269,271,272,273,276,279,281,283,285,287,288,292,297,298,299,300,302,310,313,321,323,327,329,330,332,333,336,340,344,348,351,367,369,371,372,373,378,381,383,395,404,433,435,446,686
22,47,53,54,55,56,57,58,59,60,61,62,63,64,65,66,67,68,70,72,73,74,77,78,79,82,83,85,86,87,88,89,90,91,92,93,94,95,97,98,100,101,103,104,105,106,107,108,109,110,111,112,115,116,117,118,119,120,122,123,124,125,126,127,128,130,138,140,142,143,144,145,146,147,148,149,150,151,152,153,154,155,156,157,158,159,160,161,162,163,164,165,166,167,168,169,170,171,172,173,174,176,179,180,181,182,183,184,185,186,188,193,194,195,197,199,201,202,203,204,205,206,209,211,214,216,217,218,219,220,221,222,223,224,226,227,229,233,234,236,238,239,241,242,243,244,246,248,249,250,251,252,253,255,256,259,260,262,263,264,265,268,270,271,274,276,280,281,282,283,284,287,288,290,293,294,295,298,300,307,311,312,322,323,324,330,332,338,340,342,343,344,350,354,356,357,361,365,374,375,387,390,419,429,492
23,53,56,57,59,60,62,63,64,65,66,67,68,69,70,71,72,73,74,75,76,78,79,80,81,83,84,85,86,87,88,89,91,92,94,95,96,97,98,99,100,101,104,105,107,108,109,111,113,114,115,117,120,121,122,123,131,132,137,138,139,140,142,143,145,146,147,148,152,156,157,158,159,160,161,163,164,166,167,170,172,174,175,176,177,178,179,180,182,183,184,186,187,188,189,190,191,193,195,197,198,199,200,201,202,203,204,205,206,207,208,209,210,213,214,215,216,219,221,224,226,227,228,229,232,233,234,235,236,237,240,241,244,245,247,249,250,251,252,254,255,256,257,259,262,263,264,266,267,268,270,271,274,279,283,284,286,288,294,297,298,300,304,306,308,312,317,319,320,322,323,328,333,338,343,345,358,360,371,377,398,410,420,424,483,484,502,660
24,46,51,53,54,56,57,58,59,60,61,62,63,64,65,66,67,68,71,72,73,74,75,76,77,78,79,81,82,84,85,86,87,90,91,96,97,98,99,100,101,102,106,107,108,109,110,111,116,118,119,120,121,122,123,124,126,127,129,130,132,134,137,139,140,141,142,143,146,148,149,150,151,152,154,156,157,158,160,161,162,163,164,165,166,167,168,169,170,172,173,174,176,177,180,181,182,183,184,185,186,187,189,190,192,193,194,195,196,197,198,199,200,201,202,203,205,206,208,210,212,213,215,216,219,221,222,224,225,230,232,233,236,239,241,245,247,248,249,250,251,252,257,258,260,261,262,263,264,265,267,268,269,271,275,276,279,283,284,286,290,292,296,297,301,302,311,317,319,321,327,328,335,338,341,359,365,381,410,412,414,417,427,431,433,454,455,494,629
25,44,50,51,53,54,55,57,59,60,61,62,63,66,67,69,70,73,74,76,77,79,81,83,84,85,86,88,89,90,91,93,94,95,96,98,100,101,103,104,105,106,107,108,109,110,113,114,115,117,122,127,128,134,138,142,144,146,148,149,151,152,153,154,156,157,158,159,160,161,162,163,164,165,170,171,172,173,175,176,179,180,181,185,186,188,189,191,192,193,195,197,198,199,202,203,208,209,210,212,213,216,218,219,220,225,226,228,231,233,236,237,239,242,243,245,246,248,249,250,253,254,255,258,259,260,261,262,266,268,270,271,272,274,275,278,281,283,285,286,289,290,292,296,297,298,300,304,305,310,311,312,316,320,322,333,336,337,338,341,345,347,357,375,382,393,401,404,415,420,433,439,440,457,470,472,477,507
26,45,47,49,50,56,57,59,61,64,65,67,68,69,70,71,72,73,74,75,76,77,78,79,80,81,82,83,84,85,87,88,90,91,93,94,95,96,97,98,99,100,101,103,105,106,108,109,112,113,115,116,117,118,119,120,122,125,130,131,134,135,136,137,138,139,142,143,144,145,146,147,148,149,151,152,154,155,156,157,158,159,160,161,162,163,164,166,167,168,169,171,172,173,174,175,176,177,178,180,181,183,186,190,191,192,196,199,200,201,203,204,206,207,211,213,214,215,220,221,223,226,227,228,229,231,235,239,241,244,245,246,247,248,250,253,255,256,257,260,263,264,265,266,270,273,274,275,277,282,283,284,285,286,291,294,295,296,298,301,302,304,305,307,309,313,319,321,326,331,333,338,355,393,394,396,400,407,416,418,427,430,441,444,450,456,457,468,490,561,579,635
27,43,51,53,54,57,58,59,60,61,62,63,64,65,66,67,68,69,70,71,72,73,74,75,76,78,79,80,82,84,85,86,87,88,89,90,91,92,93,96,97,98,101,104,105,106,107,110,111,113,117,118,126,127,136,137,140,141,143,144,145,146,147,148,149,151,152,153,155,158,159,160,161,163,164,165,166,167,170,171,172,175,178,179,180,181,182,183,184,185,188,189,191,192,193,194,195,197,198,199,200,203,207,209,210,213,214,215,219,221,222,223,224,226,227,231,232,234,238,242,243,245,248,249,250,252,254,255,259,262,264,265,267,274,278,280,284,287,289,290,292,294,296,341,358,362,365,398,406,410,427,431,433,444,447,454,470,473,476,478,480,488,494,589
28,41,50,51,54,55,56,57,58,59,60,61,62,63,64,66,68,69,70,71,74,75,76,77,78,79,80,81,82,83,84,85,86,87,88,89,90,91,92,93,96,98,100,101,102,103,105,106,108,109,111,113,114,115,117,118,119,120,123,126,128,130,136,138,142,146,147,148,149,151,154,155,156,157,158,159,160,162,164,166,167,168,171,172,173,178,180,181,182,184,185,187,188,191,192,193,195,197,198,199,200,202,204,206,207,208,210,213,214,216,217,219,220,221,222,229,231,232,234,236,238,241,245,246,248,249,251,252,254,255,257,258,259,262,264,268,269,272,274,279,283,304,305,306,308,311,314,316,319,320,322,323,327,330,333,343,354,360,366,377,380,394,397,398,399,404,406,423,440,447,448,451,463,469,476,478,490,496,499,563
29,52,54,56,57,58,59,60,61,64,65,67,68,70,71,72,73,74,76,77,78,79,80,81,82,83,84,85,86,87,88,89,90,92,93,96,97,98,99,100,101,102,103,105,106,109,111,112,113,114,115,116,117,120,121,134,135,136,142,143,147,150,154,158,159,160,161,163,165,166,167,168,169,170,171,172,175,176,177,178,179,180,184,185,189,192,193,194,196,197,200,201,203,205,206,208,209,212,213,216,217,218,221,225,226,228,230,233,235,239,240,242,243,244,247,250,255,258,259,260,263,265,269,271,275,276,278,280,283,289,290,295,300,302,306,331,337,338,341,346,350,352,365,366,369,401,405,406,411,414,431,435,443,456,458,463,483,487,495,499,511,569,576
30,50,56,57,58,60,61,62,63,64,65,66,68,69,70,71,74,75,76,77,78,79,81,82,83,84,87,88,89,90,95,96,103,104,107,108,109,110,113,114,115,117,118,120,121,124,126,139,142,143,146,148,152,153,154,156,162,163,165,166,167,168,169,170,171,172,173,175,176,178,179,180,181,183,184,185,188,190,192,193,195,197,198,199,200,201,203,204,205,206,207,208,209,210,211,213,214,215,217,218,219,220,221,224,225,227,228,235,238,239,241,243,251,253,256,258,259,263,264,265,266,268,270,271,272,284,287,296,304,306,308,316,320,322,324,326,346,358,371,377,394,439,448,458,459,466,476,481,485,509,525,579,581
31,44,49,52,53,54,55,57,58,60,61,62,63,64,65,66,68,71,72,76,78,79,80,82,87,90,91,92,93,97,98,99,100,102,104,105,107,108,109,112,113,114,115,116,118,121,122,123,132,135,139,142,147,155,157,158,159,160,161,162,164,165,166,169,170,171,172,173,174,175,178,179,184,190,193,196,199,204,205,207,210,213,216,218,219,221,225,228,233,234,247,249,250,254,255,259,260,265,272,273,275,279,288,293,295,300,306,313,319,320,322,327,331,335,350,355,383,424,431,458,465,467,470,475,477,484,491,498,505,511,579,585,617,673
32,43,50,52,54,55,56,57,58,62,63,64,68,69,71,72,73,74,75,76,77,78,79,80,81,82,83,84,86,88,90,91,92,94,95,96,97,98,100,101,103,104,105,106,109,110,111,114,115,118,121,122,129,132,141,143,144,147,150,152,153,157,162,164,165,166,168,172,177,179,180,184,185,186,188,192,195,199,200,202,203,211,213,214,215,218,220,221,222,224,225,226,228,230,232,233,236,237,240,241,242,244,248,251,253,256,265,266,277,281,286,287,288,290,311,313,318,325,332,341,351,361,366,379,400,405,421,433,448,450,456,458,460,472,479,481,484,486,488,493,503,553,641,650,689,696
33,48,49,50,51,53,56,58,60,61,62,63,64,66,67,69,70,71,72,73,74,75,76,77,78,79,80,82,83,84,85,86,87,88,91,93,94,95,97,98,99,102,104,107,108,109,113,114,118,119,122,124,131,133,138,147,151,152,153,156,157,158,159,161,162,163,164,165,166,167,168,169,173,174,176,178,180,181,183,184,186,191,200,203,205,207,209,210,214,217,221,222,224,225,227,229,237,238,240,243,248,249,251,253,255,258,259,261,263,265,267,268,269,274,276,286,290,292,297,308,321,326,357,368,378,380,383,419,443,460,463,486,607,626,651
34,21,51,55,57,58,59,60,61,63,64,65,66,67,68,69,70,72,73,75,77,79,80,83,84,87,90,91,92,93,96,97,98,99,100,102,103,104,105,107,109,110,111,112,114,116,117,118,120,122,123,125,126,127,129,134,142,143,144,147,149,151,154,155,158,159,160,161,165,168,172,173,174,175,176,177,178,181,183,191,192,196,197,198,200,201,202,208,211,214,219,221,222,228,231,235,241,245,249,253,255,262,266,267,268,277,281,283,285,290,295,296,299,302,325,330,331,343,344,372,375,408,410,431,439,451,459,465,489,494,496,501,504,521,558,578,579
35,47,48,49,51,55,57,58,59,61,62,63,65,66,67,68,70,73,75,76,77,78,79,80,82,83,86,88,89,90,91,92,93,94,95,96,97,99,100,102,103,104,105,106,108,109,110,112,114,115,116,117,118,119,120,122,124,126,128,129,143,144,145,147,148,149,151,152,153,156,160,162,163,164,166,167,168,170,176,177,178,179,180,187,188,189,190,197,199,200,201,203,212,215,217,221,223,226,227,231,232,234,235,238,243,245,246,248,250,252,253,257,260,261,268,272,281,287,288,308,310,312,317,329,333,338,389,431,453,464,469,477,487,510,520,521,536,561,625,686
36,24,43,48,49,50,51,52,53,54,55,59,60,61,62,65,66,67,68,69,70,71,73,74,75,76,77,78,79,80,81,82,83,84,86,87,89,91,92,93,94,95,96,97,98,99,100,101,104,105,107,108,110,111,114,117,119,123,139,142,145,147,149,151,153,156,157,158,160,163,164,166,167,168,172,173,175,176,177,178,179,181,183,187,188,189,192,196,197,199,202,203,207,212,214,216,219,220,227,229,234,236,239,240,245,247,254,255,257,264,269,275,282,284,290,294,295,296,298,303,309,310,316,319,324,343,367,368,472,497,534,681
37,23,44,49,50,52,54,55,56,57,58,59,60,62,63,64,65,66,67,68,69,71,73,75,77,78,79,80,81,82,84,85,88,89,92,97,98,99,101,109,110,111,114,115,120,123,128,131,133,134,135,136,141,143,144,145,147,148,150,152,153,158,161,162,163,168,169,172,173,175,176,178,179,181,186,191,192,193,194,197,198,200,203,204,205,207,210,211,213,216,217,219,222,223,224,227,229,237,239,242,247,252,253,259,264,267,268,270,284,321,344,346,353,369,375,451,454,466,473,474,487,496,504,532
38,9,48,51,52,54,55,56,57,58,60,61,62,63,64,65,67,71,73,74,75,78,80,81,84,85,88,91,94,95,96,97,98,99,100,101,102,103,104,105,106,107,108,109,110,111,112,113,114,115,118,119,120,121,124,125,126,128,130,137,140,145,146,147,148,150,151,152,154,155,156,158,160,162,164,168,172,174,179,180,181,183,184,186,190,193,197,198,206,209,211,214,215,216,220,230,231,239,245,246,248,261,267,269,270,278,288,293,300,302,314,327,337,339,341,342,361,366,386,452,461,466,470,479,500,535,537
39,43,54,55,57,60,62,63,64,66,67,69,70,71,72,73,74,75,76,81,85,86,88,89,90,91,92,94,95,96,98,99,100,101,102,107,108,112,113,115,116,119,120,121,122,123,130,144,146,151,153,156,158,159,169,170,171,173,174,175,177,178,181,182,184,185,186,187,190,192,197,199,200,202,209,210,211,214,216,221,222,225,226,240,249,250,254,266,268,284,289,292,298,311,324,329,345,387,422,467,490,524,552,554
40,55,56,57,59,60,61,62,63,64,65,66,67,68,69,70,72,73,74,77,78,84,85,86,87,92,95,96,98,99,101,102,104,105,106,110,113,120,121,122,123,124,126,127,129,131,132,139,141,142,146,147,150,156,159,161,162,164,165,168,171,172,173,177,178,182,185,186,188,190,194,198,200,207,213,214,218,221,224,226,254,263,286,292,325,328,338,344,352,391,444,456,457,464,465,466,474,479,503,532,547,581
41,50,51,53,55,56,57,58,61,62,63,65,66,69,75,76,78,79,80,81,82,83,86,87,89,90,91,92,94,97,98,99,100,102,103,104,105,106,107,108,109,110,117,118,119,120,121,123,124,128,130,131,133,144,146,148,149,150,152,154,156,159,161,163,167,168,169,170,171,176,177,189,196,199,204,205,211,216,217,218,227,237,240,243,246,264,267,271,273,283,287,289,297,302,309,316,332,348,374,419,426,439,451,467,479,481,509,599
42,48,53,56,57,62,66,67,68,69,70,71,72,73,75,76,79,80,81,82,83,84,85,86,87,88,89,90,94,96,98,99,100,103,104,105,108,110,111,114,115,118,120,121,123,144,158,160,161,166,171,172,175,176,184,186,191,193,194,204,207,208,209,213,219,229,232,233,244,249,261,263,285,294,295,296,336,356,364,411,451,454,455,465,471,472,495,507
43,47,48,49,57,59,62,63,64,65,66,67,72,73,76,77,78,80,81,82,84,85,86,87,88,90,91,92,93,97,100,102,106,107,108,114,116,120,123,125,126,127,131,132,140,142,143,147,149,151,152,153,154,155,156,158,159,164,165,166,168,173,174,176,177,180,184,185,188,189,191,192,193,195,198,199,200,206,207,209,214,215,227,237,240,256,271,274,282,331,365,374,463,477,478,642
44,48,49,54,57,58,59,60,64,66,67,68,69,70,71,72,73,76,77,78,79,80,81,82,84,88,89,91,92,93,94,95,96,97,98,99,101,103,104,106,107,108,110,111,116,118,119,120,122,123,125,128,130,131,148,151,157,160,162,163,167,168,171,174,184,190,196,202,206,218,226,240,241,242,248,249,250,259,282,288,308,339,362,447,457,471,472,478,494,495,531,535,640
45,56,59,61,63,65,67,73,74,75,76,77,79,80,81,82,83,84,86,88,90,91,92,94,95,98,100,101,102,103,104,105,107,111,114,115,116,117,118,119,121,123,129,133,155,159,161,162,164,167,171,172,174,178,179,181,182,184,186,188,189,194,200,201,205,208,210,211,213,218,224,225,239,248,251,256,260,261,280,285,286,287,320,334,338,348,409,455,459,462,473,494,689
46,44,51,53,59,60,61,62,63,64,65,66,68,69,70,71,75,76,77,78,80,81,82,83,85,86,87,88,90,91,92,93,94,96,101,102,104,114,115,116,117,120,121,123,125,128,134,136,140,146,152,155,156,159,162,163,167,168,169,170,174,179,182,183,184,186,189,200,202,205,208,210,212,213,216,217,226,235,238,242,249,256,273,274,285
47,59,61,64,66,67,68,69,70,71,72,74,75,76,77,82,83,86,87,91,92,94,95,97,98,99,100,101,103,104,107,108,110,111,112,113,114,115,116,117,118,119,121,124,127,128,129,131,132,134,147,154,158,161,164,168,170,173,177,178,181,184,186,192,196,199,207,217,220,239,241,244,255,273,283,292,314,322,328,330,346,389,394,476,553,622
48,59,61,63,66,68,69,70,72,75,76,80,81,82,83,84,85,87,89,90,91,92,93,95,97,98,99,100,101,102,105,106,109,113,114,116,117,121,124,127,129,130,132,140,151,152,153,158,162,169,175,176,177,178,187,190,191,197,198,199,202,204,215,216,217,218,221,230,231,234,236,237,238,240,244,245,259,267,287,289,296,306,363,463,626,642
49,20,63,66,67,68,70,72,74,76,77,78,79,80,82,83,84,85,86,87,88,90,92,93,94,96,98,100,101,102,103,105,107,108,110,111,113,115,116,117,118,119,127,128,131,133,136,139,151,154,155,157,168,170,178,181,188,189,190,194,195,197,201,205,210,214,215,218,222,226,231,248,249,276,281,299,303,311,333
50,61,64,65,66,70,71,73,74,75,76,78,79,80,81,82,83,84,86,88,92,93,94,96,99,100,102,104,106,110,111,113,114,115,116,119,120,124,127,135,137,143,154,157,158,159,160,166,167,168,171,172,173,175,176,184,185,190,191,193,194,195,211,215,230,232,233,238,253,263,274,310,354,409,442,640
51,64,67,69,70,71,73,74,76,78,80,81,82,83,84,85,88,92,93,95,99,100,101,104,105,106,111,112,114,117,119,120,121,122,123,126,128,129,134,136,151,153,157,160,163,164,167,168,177,178,179,186,187,197,217,218,219,221,235,269,272,315,355,378,414
52,64,66,69,72,73,75,76,78,79,80,82,83,85,86,89,90,91,92,93,94,95,96,97,98,101,103,104,105,106,107,108,111,112,113,114,115,117,118,119,120,121,125,128,129,130,131,133,136,138,139,149,152,162,168,191,199,200,214,217,223,232,236,240,241,242,264,291,328,339,368,428,464,522
53,24,73,79,81,84,86,87,88,89,91,92,93,95,97,98,101,102,105,106,107,111,114,116,121,123,130,133,134,135,136,137,138,139,140,142,144,145,155,176,181,185,189,192,194,208,211,235,242,243,284,287,300,306,524,570
54,72,73,80,81,82,83,84,85,86,87,91,92,95,96,97,98,99,101,103,104,107,108,109,110,111,112,113,115,118,119,122,123,124,125,133,134,142,144,165,172,211,223,228,241,255,258,276,287,303,305,329,342,364,549,613
55,75,77,80,81,82,83,85,86,87,88,89,90,92,93,94,95,96,97,99,100,103,104,106,107,109,110,111,112,113,114,116,118,119,121,126,130,131,139,143,145,150,151,153,164,167,181,185,188,199,201,218,254,589
56,67,68,69,74,76,78,79,80,82,83,85,87,88,89,90,91,92,93,94,95,96,97,98,100,110,112,113,114,115,116,118,119,120,121,122,123,124,130,131,133,138,142,143,150,152,166,168,190,191,194,195,213,240,251,358,522,558,582,604,676
57,14,74,76,77,81,82,85,88,89,96,99,106,110,112,114,117,118,122,128,136,139,141,147,148,161,196,197,257,278,318,388
58,22,41,63,67,72,73,88,91,92,104,117,119,123,126,142,145,148,158,177,186,221,244,263,264,285,415,437,525
59,95,111,122,133,134,144,153,159,163,283,395,476,648
60,51,224,277,343,352,493,497,498,515,636
61,268,341,511
62,150,368,420,519,652
63,42,329,358,531
64,39,398,485,514,546
65,39,46,121,321,365,371,551
66,378,415
67,144,223,487,691
68,265,297,299,322,369,501,589,663
69,58,73,176,299,320,581,596
70,245,542,543,666
71,313,314,343,588
72,154,460,488,619,633,676
73,37,96,146,430,542
74,53,304,424,536,563,575
75,
76,
77,
78,
79,
80,
81,
82,
83,
84,
85,
86,
87,
88,
89,
90,
91,
92,
93,
94,
95,
96,
97,
98,
