8
0,518
1,25,193,367,629,674
2,14,50,80,114,248,382,545,665
3,14,27,63,70,74,77,119,127,493,642
4,7,18,56,57,62,71,75,83,89,99,101,116,119,120,122,181,214,295
5,21,31,32,57,67,77,95,140,203,222,227,310,332,337,552,599,627
6,26,28,29,30,31,51,66,74,324,615,629
7,22,23,25,32,34,35,38,39,44,46,58,328,338,430,483,497,585
8,14,16,17,19,21,22,23,24,25,27,28,30,31,32,33,34,37,39,40,41,42,43,45,46,47,49,50,51,83,107,218,258,291,371,387,456,562,575
9,13,14,15,16,17,18,19,20,21,22,23,24,25,26,27,28,29,30,31,32,33,34,35,36,37,38,39,40,41,42,43,45,46,48,49,51,52,54,55,57,58,60,61,62,63,67,79,97,126,182,194,195,207,221,263,313,371,591
10,2,11,13,14,15,16,17,18,19,20,21,22,23,24,25,26,27,28,29,30,31,32,33,34,35,36,37,38,39,40,41,42,43,44,45,46,47,48,49,50,51,52,53,54,55,56,57,58,59,60,61,62,63,64,65,66,67,68,71,74,77,78,79,80,83,86,88,96,99,107,113,122,130,140,152,213,219,222,229,232,233,235,239,241,242,243,260,277,281,285,292,310,347,361,368,375,378,383,384,387,399,407,414,521,526,575
11,9,11,12,13,14,15,16,17,18,19,20,21,22,23,24,25,26,27,28,29,30,31,32,33,34,35,36,37,38,39,40,41,42,43,44,45,46,47,48,49,50,51,52,53,54,55,56,57,58,59,60,61,62,63,64,65,66,67,68,69,70,71,72,73,74,75,76,77,78,79,80,81,82,83,84,85,86,87,88,89,90,91,92,93,94,95,96,97,98,99,100,101,102,103,104,105,106,107,108,110,112,113,114,118,119,120,121,122,123,125,127,129,131,132,133,134,135,137,143,145,146,150,151,152,155,165,171,199,336,365,386,410,416,537,547,625
12,2,3,4,9,10,11,12,13,14,15,16,17,18,19,20,21,22,23,24,25,26,27,28,29,30,31,32,33,34,35,36,37,38,39,40,41,42,43,44,45,46,47,48,49,50,51,52,53,54,55,56,57,58,59,60,61,62,63,64,65,66,67,68,69,70,71,72,73,74,75,76,77,78,79,80,81,82,83,84,85,86,87,88,89,90,91,92,93,94,95,96,97,98,99,100,101,102,103,104,105,106,107,108,109,110,111,112,113,114,117,118,119,120,121,122,123,124,125,126,128,129,130,131,132,133,134,135,136,137,138,139,140,141,142,143,144,145,146,147,148,149,150,151,152,153,154,155,156,157,158,159,160,161,162,163,164,165,166,167,168,169,170,171,172,173,174,175,176,177,178,180,181,182,183,184,185,187,188,189,191,192,193,196,198,203,204,205,206,207,208,209,210,211,212,213,215,216,217,218,219,220,221,227,228,231,235,238,243,244,246,247,248,251,253,256,257,259,261,264,265,267,269,271,273,275,276,278,296,309,320,378,412,417,422,437,442,444,451,541,623
13,3,4,5,6,7,8,9,10,11,12,13,14,15,16,17,18,19,20,21,22,23,24,25,26,27,28,29,30,31,32,33,34,35,36,37,38,39,40,41,42,43,44,45,46,47,48,49,50,51,52,53,54,55,56,57,58,59,60,61,62,63,64,65,66,67,68,69,70,71,72,73,74,75,76,77,78,79,80,81,82,83,84,85,86,87,88,89,90,91,92,93,94,95,96,97,98,99,100,101,102,103,104,105,106,107,108,109,110,111,112,113,114,115,116,117,118,119,120,121,122,123,124,125,126,127,128,129,130,131,132,133,134,135,136,137,138,139,140,141,142,143,144,145,146,147,148,149,150,151,152,153,154,155,156,158,159,160,161,162,163,164,165,166,167,168,170,171,172,173,174,175,176,177,178,179,180,181,182,183,184,185,186,187,188,189,190,191,192,193,194,195,196,197,198,199,200,201,202,203,204,205,206,207,208,209,210,211,212,213,214,215,216,217,218,219,220,221,222,223,224,225,226,227,228,229,230,231,232,233,234,235,236,237,238,239,240,241,242,243,244,245,246,247,250,251,252,253,254,255,256,258,259,260,261,262,263,264,265,268,271,273,274,275,277,278,279,280,283,286,288,292,293,294,296,303,309,310,312,316,322,324,331,332,348,359,361,370,386,391,419,463,512,620,647
14,1,2,3,4,5,6,7,8,9,10,11,12,13,14,15,16,17,18,19,20,21,22,23,24,25,26,27,28,29,30,31,32,33,34,35,36,37,38,39,40,41,42,43,44,45,46,47,48,49,50,51,52,53,54,55,56,57,58,59,60,61,62,63,64,65,66,67,68,69,70,71,73,74,75,76,77,78,79,80,81,82,83,84,85,86,87,88,89,90,91,92,93,94,95,96,97,98,99,100,101,102,103,104,105,106,107,108,109,110,111,112,113,114,115,116,117,118,119,120,121,122,123,124,125,126,127,128,129,130,131,132,133,134,135,136,137,138,139,140,141,142,143,144,145,146,147,148,149,150,151,152,153,154,155,156,157,160,161,163,164,166,167,170,172,173,174,175,177,178,179,180,181,182,187,188,190,192,193,194,198,200,201,203,204,205,206,207,209,210,211,212,213,215,216,219,221,223,224,226,227,231,234,235,236,239,244,249,250,252,260,264,269,273,281,284,298,302,304,306,310,313,319,323,326,327,333,350,353,367,369,376,392,395,401,406,432,438,439,448
15,1,2,3,4,5,6,7,8,9,10,11,12,13,14,15,16,17,18,19,20,21,22,23,24,25,26,27,28,29,30,31,32,33,35,36,37,38,39,40,41,42,43,44,45,46,47,48,49,50,51,52,53,54,55,56,57,58,59,60,61,62,63,64,65,66,67,68,69,70,71,72,73,74,75,76,77,78,79,80,81,82,84,85,86,88,89,90,91,92,93,94,95,96,97,98,99,100,101,102,103,104,105,106,107,108,109,110,111,112,113,114,115,116,117,118,119,120,121,122,123,124,125,126,127,128,129,130,131,132,133,134,135,136,137,138,139,140,141,142,143,144,145,146,147,148,149,150,151,152,153,154,155,156,157,158,159,160,161,162,163,164,165,166,167,168,169,170,171,172,173,174,175,176,177,179,180,181,182,183,184,185,186,187,188,189,190,191,192,193,194,196,197,198,199,200,201,202,203,204,205,206,207,208,209,210,211,212,213,214,215,216,218,219,220,221,223,224,225,226,227,228,229,230,231,232,234,235,236,238,239,240,241,242,243,244,246,249,250,252,253,254,255,256,259,261,262,264,266,268,270,279,281,282,283,284,286,287,289,299,300,301,302,308,310,312,321,360,363,468,512
16,1,2,3,4,5,6,7,8,9,10,11,12,13,14,15,16,17,18,19,20,21,22,23,24,25,26,27,28,29,30,32,33,34,35,36,37,38,39,40,41,42,43,44,45,46,47,48,49,50,51,52,53,54,55,56,57,58,59,60,61,62,63,64,65,66,67,68,69,70,71,72,73,74,75,76,77,78,79,80,81,82,83,84,85,86,87,88,89,90,91,92,93,94,95,96,97,98,99,100,101,102,103,104,105,106,107,108,109,110,111,112,113,114,115,116,117,118,119,120,121,122,123,124,125,126,127,128,129,130,131,132,133,134,135,136,137,138,139,140,141,143,144,145,146,148,149,150,151,152,153,155,156,157,158,160,161,162,163,164,165,166,167,168,169,170,171,172,173,176,178,179,180,183,185,186,188,190,191,192,193,194,195,196,197,198,199,200,201,203,204,205,206,207,208,209,210,211,213,214,215,216,217,218,219,220,221,222,223,224,225,226,227,228,229,230,233,234,236,237,238,241,242,244,247,248,249,253,255,256,259,260,263,264,265,267,272,273,275,282,285,286,288,291,293,295,322,327,341,344,352,358,362,365,374,389,390,401,403,406,442,443,444,450,483,486,487,492,587
17,1,2,3,4,5,6,7,8,9,10,11,12,13,14,15,16,17,18,19,20,21,22,23,24,25,26,27,28,29,30,31,32,33,36,37,38,39,40,41,42,43,44,45,47,48,49,50,51,52,53,54,55,56,57,58,59,60,61,62,63,64,65,66,67,68,70,71,72,73,74,75,76,77,78,79,80,81,82,83,84,85,86,87,88,89,90,91,92,93,94,95,96,97,98,99,100,101,102,103,104,105,106,107,108,109,110,111,112,113,114,115,116,117,118,119,120,121,122,123,124,125,126,127,129,130,131,132,133,134,135,136,138,139,140,141,142,144,145,146,147,148,149,150,151,152,153,154,155,157,158,159,160,162,163,164,165,166,169,170,171,176,177,181,182,183,184,185,186,187,188,189,190,191,192,193,194,195,196,197,198,200,201,203,204,207,208,209,210,211,212,213,214,215,216,217,218,219,220,221,222,223,224,226,228,229,231,232,233,237,238,239,240,241,242,243,244,245,246,249,250,251,253,254,255,256,257,259,260,261,262,263,264,267,268,269,271,273,274,275,276,277,279,282,283,284,285,286,287,290,293,297,307,309,313,316,318,320,321,322,324,328,335,336,337,349,355,357,367,383,389,428,484
18,1,2,3,4,5,6,7,8,9,10,11,12,13,14,15,16,17,18,19,20,21,22,23,24,25,26,27,28,29,30,31,32,33,34,35,36,37,39,40,41,42,43,44,45,46,47,48,49,51,52,53,54,55,56,57,58,59,60,61,62,63,64,66,69,70,71,72,73,74,75,76,77,78,79,80,81,82,83,84,85,86,87,88,89,90,91,92,93,94,95,96,97,98,99,100,101,102,103,104,105,106,107,108,109,110,111,112,113,114,117,118,119,120,121,122,123,124,125,127,128,129,130,131,132,133,134,136,138,141,142,143,144,145,146,147,148,149,150,151,152,153,155,156,157,158,159,160,161,162,163,164,165,166,167,168,169,170,171,172,173,174,175,176,177,178,179,180,181,182,183,184,185,186,187,188,189,190,191,192,193,194,195,196,197,198,199,200,201,202,203,204,205,206,207,208,209,210,212,213,214,215,216,217,218,219,220,221,222,223,224,225,226,227,228,229,230,231,232,234,235,236,237,238,239,240,241,242,243,244,245,246,248,251,252,253,254,255,256,257,258,259,260,261,264,265,266,267,268,270,271,272,273,276,277,278,279,280,281,284,285,287,288,290,291,292,293,294,298,301,305,306,307,310,311,313,314,315,317,320,321,323,326,328,335,336,338,343,351,357,371,372,375,376,383,387,390,393,396,398,405,406,408,409,410,415,418,419,420,423,426,429,432,433,435,440,441,442,448,451,455,464,465,472,473,475,478,491,515,685
19,1,2,3,4,5,6,7,8,9,10,11,12,13,14,15,16,17,18,19,20,21,22,23,24,25,26,27,28,29,30,31,32,33,34,35,36,37,38,40,41,42,43,44,45,46,47,48,49,50,51,52,53,54,55,56,57,58,59,60,61,62,63,64,65,66,67,68,69,70,71,72,73,74,75,76,77,78,79,80,81,82,83,84,85,86,87,88,89,90,91,92,93,94,95,96,97,98,99,100,101,102,103,104,105,106,107,108,110,111,112,113,114,115,117,118,120,121,122,123,124,125,126,127,128,129,131,134,135,136,137,139,140,142,143,145,146,147,148,149,150,151,153,154,155,156,157,158,159,161,162,163,164,165,167,168,169,170,171,172,173,175,176,178,179,180,181,182,183,184,185,186,188,189,190,191,192,193,194,195,196,197,198,199,200,201,203,204,205,206,207,208,209,210,211,212,214,216,217,218,219,220,221,222,224,227,228,231,232,233,234,235,237,238,239,241,242,243,244,247,248,249,250,251,252,254,255,256,257,258,259,262,263,264,266,267,269,271,272,273,274,278,282,283,284,285,286,287,288,289,290,295,296,297,300,302,303,304,305,306,307,308,309,310,312,313,317,320,323,324,327,328,330,331,332,333,335,336,337,339,340,342,344,346,347,351,357,359,379,385,386,421,425,430,435,478,483,486,597
20,1,2,3,4,5,6,7,8,9,10,11,12,13,14,15,16,17,18,19,20,21,22,23,24,25,26,27,28,29,30,31,32,33,34,35,36,37,38,39,40,41,42,43,44,45,46,47,48,49,50,51,52,53,54,55,56,57,58,59,60,61,62,63,64,66,67,68,69,70,71,72,73,74,75,76,77,78,79,80,81,82,84,85,86,87,88,89,90,91,92,93,94,95,96,97,99,100,101,102,103,104,105,107,108,109,110,112,113,114,115,116,118,119,120,121,124,125,127,128,129,132,133,134,135,136,137,138,140,141,142,143,144,145,146,147,148,150,151,152,153,154,155,158,159,160,161,162,163,164,166,168,170,171,173,175,176,177,178,179,180,181,183,184,185,186,187,188,189,190,191,192,193,194,195,197,198,199,200,201,202,204,205,207,208,209,211,212,213,214,215,216,217,218,219,220,221,222,224,225,227,229,230,231,234,237,241,242,243,244,246,247,248,250,251,252,254,258,259,260,261,263,264,266,268,270,271,273,274,275,277,278,281,287,288,292,296,297,299,305,306,308,309,310,314,316,322,326,332,337,345,356,360,443,456,517
21,1,2,3,4,5,6,7,8,9,10,11,12,13,14,15,16,17,18,19,20,21,22,24,26,27,28,29,30,31,32,33,34,35,36,37,38,39,40,41,42,43,44,45,46,47,48,49,50,51,52,53,54,55,56,57,58,59,60,61,62,63,64,65,66,67,68,69,70,71,72,73,74,75,76,77,78,79,80,81,82,83,84,85,86,87,88,89,90,91,92,93,94,95,96,97,98,99,100,101,102,103,104,105,106,107,108,109,110,111,113,114,115,117,119,120,121,123,125,126,127,130,134,136,137,138,139,140,141,142,143,145,146,147,148,149,150,151,152,153,154,155,156,158,159,160,161,162,163,164,165,166,168,169,170,171,172,173,174,175,176,177,178,179,181,182,183,184,185,186,187,188,189,190,191,192,194,195,197,199,200,201,203,206,207,208,209,210,211,212,213,214,215,216,217,219,220,221,222,223,224,225,227,228,230,231,233,234,235,236,237,238,239,240,241,242,243,244,245,247,249,252,254,255,261,263,265,270,271,273,274,278,281,282,285,287,291,292,299,302,303,304,306,307,308,309,314,315,316,318,323,327,328,329,330,334,336,337,349,350,356,358,361,362,371,390,396,401,405,407,409,414,423,532,578,612
22,1,2,3,4,5,6,7,8,9,10,11,12,13,14,15,16,17,18,19,20,21,22,23,24,25,26,27,28,29,30,31,32,33,34,35,36,37,38,40,42,43,44,45,46,47,48,49,50,52,53,54,55,56,57,58,59,60,61,62,63,64,65,66,67,68,69,70,71,72,73,74,75,76,77,78,79,80,82,83,84,85,86,87,88,89,90,91,92,93,94,95,96,97,98,99,100,101,102,103,104,105,106,107,108,110,111,112,113,114,115,116,118,119,120,121,122,125,130,131,132,135,136,139,140,141,142,143,144,146,147,148,149,150,151,152,153,154,155,156,158,159,160,161,162,163,164,167,170,171,172,173,174,175,177,178,179,180,181,182,183,184,185,186,187,188,189,190,191,192,194,196,197,198,199,200,201,202,203,204,205,206,207,208,209,210,212,214,215,217,218,219,220,221,223,224,225,226,228,230,232,233,234,236,237,238,239,241,244,245,248,253,255,257,258,260,269,270,274,275,282,284,285,287,289,294,296,297,299,300,302,305,310,315,318,319,320,329,349,392,415
23,1,2,3,4,5,6,7,8,9,10,11,12,13,14,15,16,17,18,19,20,21,22,23,24,25,26,27,28,29,30,31,32,33,34,35,36,37,38,39,40,41,42,43,44,45,46,47,48,49,50,51,52,53,54,55,56,57,58,59,60,61,62,63,64,65,66,67,68,69,70,71,72,74,75,76,77,78,79,80,81,82,83,84,85,86,87,88,89,90,91,92,93,94,95,96,97,98,99,101,102,103,104,105,106,107,108,109,110,112,114,115,117,119,120,122,126,127,128,130,131,133,135,136,137,139,141,144,146,147,148,149,152,153,154,155,156,157,158,159,160,161,162,163,164,165,166,168,169,170,171,172,173,174,175,177,178,179,181,182,183,184,185,186,188,189,191,192,193,194,196,197,198,200,201,202,203,205,206,209,211,212,213,214,215,216,218,219,220,221,224,225,228,229,230,231,232,233,234,235,237,238,239,240,241,242,244,246,247,248,250,254,258,259,260,262,264,271,272,273,276,277,278,286,287,289,297,298,299,301,302,307,308,316,318,323,330,335,348,351,370,435,452,496,648,672
24,1,2,3,4,5,6,7,8,9,10,11,12,13,14,15,16,17,18,19,20,21,22,23,24,25,26,27,28,29,30,32,33,34,35,36,37,38,39,40,42,43,44,45,46,47,48,49,50,51,52,53,54,55,56,57,58,59,60,61,63,64,65,66,67,68,69,70,71,72,73,75,76,77,78,79,80,81,82,83,84,85,86,87,88,89,90,91,92,93,94,95,96,97,98,99,100,101,102,103,104,105,106,107,108,110,111,112,113,114,115,116,117,118,119,120,122,123,124,126,127,128,129,131,132,134,137,138,139,140,141,143,144,145,146,147,150,151,152,153,154,155,156,157,158,159,160,161,162,164,165,168,169,170,171,172,175,178,180,183,184,185,186,187,188,194,196,200,202,204,206,207,209,213,214,216,218,219,221,222,224,225,229,231,232,234,235,236,237,239,240,241,248,249,251,253,254,256,257,258,260,261,263,264,265,271,276,279,282,283,287,289,293,294,295,297,299,302,308,315,321,325,333,335,339,340,341,348,351,361,374,376,378,406,470,471,475,506,638
25,1,2,3,4,5,6,8,9,10,13,14,15,16,17,18,19,20,21,22,23,25,26,27,28,29,30,31,32,33,34,35,36,37,38,39,40,41,43,44,45,46,47,48,49,50,51,52,53,54,55,56,57,58,59,60,61,62,64,65,66,67,68,69,70,71,72,73,74,75,76,77,78,79,80,81,82,83,84,85,86,87,88,89,90,91,92,93,94,95,96,97,98,99,100,101,102,103,104,105,106,107,108,109,110,111,113,114,117,120,121,122,123,124,125,127,130,131,133,136,139,140,141,142,143,145,146,147,148,149,150,151,152,153,154,155,156,157,158,159,160,161,162,163,164,165,166,167,170,172,173,174,175,176,177,178,179,181,183,184,185,186,187,188,189,192,194,198,199,200,201,203,204,205,206,207,208,209,211,212,214,215,216,217,221,223,225,227,228,230,231,232,233,234,235,237,241,244,250,252,253,257,258,259,262,267,269,275,276,277,282,283,285,286,287,293,294,296,298,299,306,310,312,314,321,322,328,329,330,338,349,356,360,367,372,408,436,447,489,553,592
26,1,2,3,4,5,6,7,8,9,10,11,12,13,16,17,18,19,20,21,22,23,24,25,26,27,28,29,30,31,32,33,34,35,37,38,40,41,42,43,44,45,46,47,48,49,50,51,52,53,54,55,56,57,58,59,60,61,62,63,65,66,67,68,69,70,72,74,75,76,77,79,80,81,82,83,84,85,86,87,88,89,90,91,92,93,94,95,96,97,98,99,100,101,102,104,105,106,107,108,109,110,111,112,113,114,115,116,117,118,119,120,121,122,123,124,125,128,129,130,132,133,135,136,141,142,143,145,146,147,148,149,150,151,152,153,154,155,157,158,159,160,162,163,165,166,167,168,169,172,174,175,176,177,178,179,180,181,183,184,185,186,188,189,190,193,201,203,205,210,214,216,217,219,229,238,242,243,250,253,254,256,261,265,267,268,271,274,277,279,280,281,283,284,290,291,297,300,302,308,309,316,320,323,324,333,334,335,338,345,349,362,372,374,425,470,553,564
27,2,3,4,5,6,7,8,10,11,12,13,14,15,16,17,18,19,20,22,23,24,25,26,27,28,29,30,31,32,33,34,35,36,37,39,40,41,45,46,47,48,49,50,51,52,53,54,55,56,57,59,60,61,62,63,65,66,68,69,70,71,72,73,74,75,76,77,78,79,80,81,82,83,84,85,86,87,88,89,90,91,92,93,94,95,96,97,98,99,100,101,102,103,104,105,106,107,108,109,111,112,113,114,115,116,117,119,120,121,122,123,124,125,128,129,131,132,134,135,136,137,138,139,140,141,143,144,145,147,148,149,150,151,152,153,154,155,156,158,159,162,163,164,166,167,168,170,171,172,175,176,177,178,179,180,181,182,184,185,186,187,188,193,195,196,197,198,199,200,211,214,215,216,217,219,224,227,228,230,235,236,241,242,257,258,263,265,284,306,314,329,336,339,340,349,353,368,385,390,445,458,501,647,667
28,1,2,3,4,5,6,7,8,9,10,11,12,13,14,15,16,17,18,19,20,21,22,24,25,26,27,28,29,30,31,32,33,34,35,36,37,38,39,40,41,42,43,44,45,46,47,48,49,50,51,52,53,54,55,56,57,58,59,60,61,62,63,64,65,66,67,68,69,70,72,73,74,75,76,78,79,80,81,82,84,85,86,88,89,90,91,92,93,94,95,97,98,99,100,101,102,103,104,105,107,108,110,111,112,113,114,116,117,118,119,120,121,122,123,125,129,130,131,133,135,136,137,138,139,140,141,142,143,144,145,146,147,148,150,151,152,154,155,156,157,158,159,160,161,162,163,164,165,166,167,168,169,170,172,173,174,175,177,178,179,180,181,182,185,187,188,189,191,194,195,196,199,200,204,206,208,215,216,218,228,230,231,234,236,237,239,242,246,252,255,265,271,272,278,283,298,300,305,306,330,340,371,384,417,425,435,552
29,1,3,5,6,7,8,9,10,11,12,13,14,15,16,17,18,19,20,21,22,23,24,25,26,27,28,30,31,32,34,35,36,37,38,39,40,41,42,43,45,46,47,48,49,50,51,52,53,54,56,57,58,59,60,61,62,64,65,66,68,69,70,71,72,73,74,75,76,77,78,79,80,82,84,85,86,87,88,89,90,91,92,93,94,95,96,97,98,99,101,102,103,104,105,106,107,108,109,110,111,113,114,115,116,117,118,119,120,121,122,123,125,126,127,128,130,133,134,135,136,137,138,141,142,143,144,146,147,149,151,152,153,154,155,156,157,158,161,162,164,166,167,168,169,170,171,172,173,174,175,176,177,178,180,181,182,183,184,185,188,191,192,195,201,210,211,217,219,220,221,224,227,231,235,236,238,244,246,251,256,257,263,265,267,272,275,281,282,285,288,290,329,330,332,342,347,395,462,668
30,1,2,3,4,6,7,9,11,12,13,14,15,16,17,18,19,20,21,22,23,24,25,26,27,28,29,30,31,32,33,34,35,36,37,38,40,41,42,43,45,46,47,48,49,50,51,52,53,54,55,56,57,59,62,63,64,65,66,67,68,69,70,71,73,74,75,76,77,78,79,80,81,82,83,84,85,86,87,88,89,90,91,92,93,94,95,96,97,98,99,101,102,103,104,106,107,109,110,112,113,114,116,117,118,120,121,122,123,126,127,128,130,131,132,133,134,135,137,138,139,140,141,142,144,145,146,148,149,150,151,153,154,156,157,160,164,169,171,173,174,175,176,177,178,180,181,182,183,184,185,187,189,191,193,194,199,201,205,208,210,211,214,215,216,217,223,225,229,230,232,233,236,239,241,244,248,263,269,277,284,286,291,292,300,322,332,349,352,489,622,678
31,2,3,4,5,7,10,11,13,14,15,16,17,18,19,20,21,22,23,24,25,26,27,28,29,32,33,34,35,36,37,38,39,40,41,42,43,44,45,47,48,49,50,51,52,53,54,55,56,57,58,60,61,62,64,65,66,67,68,71,72,73,74,75,76,77,78,79,80,81,82,83,84,85,86,87,88,89,90,91,92,93,94,95,97,98,99,100,101,102,103,104,107,108,109,110,111,113,114,115,119,120,121,124,126,127,128,129,130,132,134,135,136,137,139,140,141,142,143,145,146,147,148,149,154,155,156,157,160,161,162,163,164,166,168,169,170,172,173,175,176,177,179,182,184,186,189,195,196,205,207,212,221,223,231,244,249,262,265,268,269,270,279,284,287,303,307,308,322,429,577
32,2,4,5,7,8,9,10,11,12,14,15,16,17,19,20,21,23,24,25,26,28,29,30,31,32,33,35,37,38,39,40,41,42,43,44,45,46,47,48,49,50,51,52,54,55,56,57,60,61,63,64,65,67,69,70,71,72,73,74,75,76,78,80,82,83,84,86,87,88,91,92,94,96,97,98,99,100,102,103,104,105,106,107,110,111,112,116,117,121,124,125,126,127,130,131,132,134,135,136,137,139,140,141,143,144,145,147,148,149,150,153,154,158,160,166,167,171,176,178,182,184,187,188,196,198,209,215,252,307,308,315,325,505
33,2,12,13,18,22,23,26,27,28,29,30,34,36,39,40,41,44,46,47,48,49,50,52,53,55,57,58,59,64,67,72,73,74,75,76,78,81,82,85,88,89,92,93,96,97,99,100,101,109,113,114,116,117,121,124,126,129,130,132,138,139,143,146,155,156,159,221,226,229,230,236,241,250,319,336,363,469,538
34,27,54,66,67,68,70,79,91,106,114,118,139,140,172,283,284,542,613
35,32,629
36,33,275,405,588
37,
38,108,399,411,665
39,428,665
40,111,133,143,145,160,397,587,614
41,7,126,137,138,150,151,159,169,170,174,177,183,186,188,189,195,196,203,205,207,208,209,211,212,214,216,217,221,224,226,237,240,242,248,256,257,258,262,273,290,293,323,338,339,350,493,628
42,289,316,468,499,510,518,526,529,533,562,637
43,25,314,462,508,511,513,517,519,521,523,526,531,532,534,536,539,544,547,550,551,552,557,564,572,573,576,593,601,606,616,628
44,401,486,491,494,500,504,505,507,512,513,541,550,562,564,566,571,613
45,43,333,413,489,514,584,618
46,230,397,487,498,517,532,539,551,643,679
47,610,657
48,212,347,355,400,605
49,46,334,464,492
50,56,263
51,1,128,204,207,284,328,394,403,470
52,140,304,445,651
53,44,330,481,558,573,645
54,406,453,550,663,679
55,43,124,368,609,635,663,683,696
56,68,73,80,313,400,560,634
57,10,138,536
58,549,677
59,72,118,133,170,258,290,299,359,527,548,562
60,63,447,461,604
61,166,507,692
62,232,240,329,404,452
63,189,395
64,
65,
66,
67,
68,
69,
70,
71,
72,
73,
74,
75,
76,
77,
78,
79,
80,
81,
82,
83,
84,
85,
86,
87,
88,
89,
90,
91,
92,
93,
94,
95,
96,
97,
98,
