5
0,225
1,114,164,492,546,601
2,29,44,50,112,212
3,110,172,362,441,686
4,94,173,227,507
5,14,182,208,212,237,259,283,681
6,235,405,475,644
7,75,121,183,185,405,464,630,660,668
8,67,321,533
9,76,84,158,170,218,414,434,441,621,628,668
10,41,257,446,616
11,166,231,329,509,622
12,83,96,101,136,166,193,201,511,558
13,52,53,67,68,74,77,79,81,82,83,84,85,86,87,88,89,90,91,92,93,94,95,96,97,98,99,100,101,102,103,104,106,108,109,110,111,112,113,115,116,117,118,119,120,122,123,124,125,127,150,246,339,390,396,557,688
14,61,70,74,76,77,79,80,81,82,83,84,85,86,87,88,89,90,91,92,93,94,95,96,97,98,99,100,101,102,103,104,105,106,107,108,109,110,111,112,113,114,115,116,117,118,119,120,121,122,123,124,125,126,127,128,129,130,131,132,133,134,135,136,137,138,139,140,141,142,143,144,145,146,147,148,149,150,151,152,153,154,155,156,157,158,159,160,161,162,163,165,166,167,168,169,170,172,176,177,179,182,183,184,185,187,188,189,190,191,192,193,194,195,197,199,200,202,203,204,206,207,209,210,211,212,213,214,215,216,218,219,220,221,225,227,229,232,234,237,238,241,242,243,245,246,247,249,250,254,256,258,496,647
15,27,37,66,79,82,83,84,85,86,87,88,89,90,92,93,94,95,96,97,98,99,100,101,102,103,104,105,106,107,108,109,110,111,112,113,114,115,116,117,118,119,120,121,122,123,124,125,126,127,128,129,131,132,133,134,135,136,137,138,140,143,144,145,146,147,148,150,151,154,155,156,159,161,162,164,165,167,168,170,171,173,174,175,176,177,178,179,180,181,182,183,184,185,187,188,189,190,191,192,193,194,195,196,197,198,199,200,201,202,203,204,205,206,207,208,209,210,211,212,214,215,216,217,218,219,220,221,222,223,224,225,226,228,229,230,231,232,233,234,235,236,237,238,239,240,241,242,243,244,245,246,247,248,249,250,251,252,253,254,255,256,257,258,259,260,261,262,263,264,265,266,267,268,269,270,271,272,273,274,275,276,277,278,279,280,281,282,283,284,285,286,287,288,289,290,291,292,293,294,295,296,297,299,300,301,302,303,304,305,306,307,308,309,310,311,312,313,314,315,316,317,318,320,321,322,323,324,326,327,328,329,330,331,332,333,334,335,336,337,338,339,340,341,342,343,344,345,346,347,348,349,351,352,353,354,355,357,359,360,361,362,363,364,365,367,368,369,370,372,373,378,380,384,393,394,395,396,398,399,402,405,407,409,410,416,417,424,426,428,439,443,447,560,593
16,75,78,85,86,87,88,89,90,91,92,93,94,95,96,98,99,100,101,102,103,104,105,106,107,108,109,111,112,113,114,115,116,117,118,119,120,121,122,124,125,126,128,129,131,132,133,135,136,137,139,140,142,143,146,147,148,149,150,154,156,157,158,159,161,162,165,166,167,168,169,172,175,176,177,178,179,181,182,183,184,185,186,188,190,191,193,196,197,198,199,200,202,203,204,205,206,207,208,209,211,212,213,215,219,220,221,222,223,224,226,228,229,230,231,232,233,237,238,239,240,242,243,245,247,248,250,251,252,253,254,255,256,257,258,260,261,262,263,264,265,266,267,268,269,270,271,272,273,274,275,276,277,278,279,281,282,283,284,285,286,287,288,290,291,292,293,294,295,296,297,298,299,300,301,302,303,304,305,306,307,309,311,312,313,314,315,316,317,318,319,320,321,322,323,325,326,327,328,329,330,331,332,333,334,335,336,337,338,339,340,341,343,344,345,346,347,348,349,350,352,354,355,356,357,358,359,360,361,365,366,368,370,374,376,377,378,380,381,382,386,387,389,390,391,393,395,397,399,403,405,407,413,418,419,422,426,431,432,440,443,507,584,599
17,41,78,79,82,83,85,87,88,89,92,93,94,95,96,97,99,100,101,103,104,106,107,108,109,110,111,112,114,115,116,118,119,121,122,123,125,126,127,130,131,132,134,136,137,140,141,143,144,145,146,147,148,150,152,155,156,159,163,165,166,169,170,175,177,178,180,182,186,187,191,193,195,196,203,204,207,210,212,215,216,218,220,222,224,226,232,233,234,238,240,242,243,244,246,247,250,251,252,254,255,257,258,264,267,268,269,270,272,273,274,276,277,278,280,282,285,286,287,288,289,290,291,292,294,295,296,297,298,299,300,301,302,303,304,306,307,308,309,310,311,312,313,314,315,316,317,318,319,320,321,322,323,324,326,327,328,329,330,331,333,334,335,336,338,339,340,342,343,344,345,347,348,349,351,352,356,357,358,361,363,364,370,371,372,373,375,377,378,380,381,386,387,388,391,394,396,398,400,401,403,404,405,406,409,415,419,424,425,426,435,436,451,474,477,499
18,17,73,83,84,85,86,87,90,91,93,94,96,99,101,102,105,106,107,108,110,111,112,114,115,116,117,118,119,120,121,123,125,127,129,130,133,136,137,139,141,142,144,145,146,147,148,149,150,151,154,155,156,157,160,164,165,167,169,172,176,179,182,184,190,191,194,195,196,197,198,202,204,205,208,209,210,214,215,221,224,225,227,232,239,241,242,245,246,248,259,261,268,270,272,274,275,279,280,282,286,290,292,294,296,297,298,299,301,302,303,304,306,310,317,318,319,321,322,323,325,326,327,328,330,331,332,333,334,335,336,337,338,339,340,341,342,343,344,345,346,347,349,350,351,352,353,354,355,357,358,361,362,364,365,367,370,371,372,373,375,377,378,379,381,383,386,389,391,394,396,398,400,402,404,405,406,408,410,411,412,424,426,427,434,437,439,444,484,508,512,517,554,566,664,676
19,15,84,85,88,89,91,94,97,98,99,102,103,104,105,107,109,110,111,114,115,116,117,118,119,120,121,123,124,125,128,129,130,131,132,133,135,137,139,141,143,145,146,151,153,154,156,161,164,165,182,183,189,191,193,197,202,204,206,208,209,210,213,215,218,220,230,231,232,234,235,236,239,240,243,250,255,256,263,264,265,267,268,272,274,275,276,277,278,279,282,283,285,288,291,295,296,298,300,304,305,307,308,309,314,317,318,319,320,321,322,323,327,328,329,330,331,335,339,342,343,344,345,347,350,351,352,354,357,358,359,360,362,363,364,367,368,369,370,371,372,373,374,375,376,377,378,380,381,384,385,387,389,390,391,396,399,401,403,405,406,410,411,413,414,417,424,427,428,431,432,434,437,438,446,449,457,458,459,470,538,561,673
20,38,65,83,88,90,91,94,95,96,98,99,102,104,105,111,113,114,115,116,117,118,119,120,123,125,126,129,130,131,132,137,139,143,144,145,148,150,151,155,161,162,163,166,173,175,185,189,191,205,206,208,211,213,215,216,217,222,224,233,234,235,236,240,241,245,246,249,252,254,255,260,265,266,267,269,272,274,275,277,278,280,283,292,295,296,298,300,301,303,304,305,307,308,310,312,313,314,316,317,318,319,320,321,322,323,324,325,327,328,329,331,332,333,334,337,338,340,341,342,344,345,346,347,348,349,351,352,353,354,356,357,358,362,363,364,365,366,367,371,373,374,375,379,380,381,383,385,386,392,393,394,396,397,398,403,407,410,411,412,413,414,420,421,422,423,425,429,430,432,435,438,439,440,443,445,463,465,468,469,489,513
21,47,77,80,87,88,89,91,93,97,98,100,102,103,104,105,111,112,113,114,116,117,118,121,123,126,127,131,132,133,134,135,136,137,138,142,147,150,151,153,157,159,165,166,170,171,172,173,174,179,180,182,187,189,191,192,193,194,199,204,208,209,210,211,214,220,223,226,230,232,234,238,239,242,243,244,246,251,253,254,255,257,258,267,269,272,275,278,279,280,282,287,288,292,293,297,298,300,301,302,306,308,309,312,313,316,321,322,325,326,328,329,330,332,333,338,341,343,346,348,349,350,351,354,356,357,358,361,362,363,364,367,370,372,373,374,375,376,377,379,381,385,390,391,393,395,396,401,403,404,405,406,408,414,420,422,424,425,426,429,431,432,436,447,448,450,455,460,474,479,482,487,507,516,587,677
22,87,88,89,90,94,95,97,98,99,100,101,102,103,104,105,106,107,108,109,110,111,112,113,114,115,116,117,118,119,123,124,125,129,131,135,139,141,144,147,155,157,159,162,165,166,174,183,185,191,195,206,208,209,210,212,216,220,226,228,239,248,249,252,254,263,271,272,275,276,277,279,281,288,290,294,295,297,299,306,307,310,316,320,324,325,326,330,333,334,338,341,346,347,353,354,355,356,357,359,360,361,365,368,370,371,372,373,379,381,385,387,388,389,392,403,405,407,409,412,424,427,428,434,446,457,469,470,473,492,502
23,47,84,87,89,90,93,99,100,101,102,104,105,106,107,108,109,110,111,113,114,116,118,120,121,122,124,127,129,130,131,134,140,143,146,149,152,154,156,164,167,169,170,172,174,181,183,187,190,192,197,199,203,212,216,219,225,227,236,237,246,247,248,250,251,253,259,260,269,276,277,283,284,285,287,288,289,294,298,299,301,303,304,305,306,308,309,310,321,322,323,324,325,326,327,328,330,335,337,338,342,343,346,347,349,351,352,353,354,356,357,358,360,361,362,363,364,365,367,369,370,372,373,374,375,377,381,383,385,386,387,388,391,393,394,396,397,398,401,402,403,404,406,408,411,412,413,414,415,419,420,424,438,458,468,511
24,30,56,81,83,84,85,87,89,93,94,95,96,97,98,101,103,104,105,108,110,111,113,114,115,119,120,122,123,124,125,127,129,130,131,133,135,139,141,148,151,153,154,158,160,162,164,166,168,173,180,185,195,196,197,202,212,215,216,218,219,228,234,248,250,251,252,253,256,260,264,266,273,275,278,281,282,283,285,287,291,293,298,300,302,304,307,309,311,312,314,316,317,319,320,321,323,326,327,328,330,333,334,337,338,339,340,341,342,344,347,348,350,351,352,353,354,356,359,362,363,364,371,374,377,378,380,381,388,396,404,405,407,409,423,430,431,437,438,440,470,484,505,507,527
25,9,21,49,84,85,86,88,89,93,94,95,96,97,98,100,103,105,106,107,110,111,113,114,117,118,119,120,121,122,123,124,126,127,130,132,135,138,139,141,142,143,145,147,149,150,153,154,155,156,157,160,161,175,182,185,186,187,188,189,193,195,197,202,203,204,205,215,217,223,224,227,239,242,245,249,251,252,253,256,257,260,261,264,266,268,273,276,284,288,289,290,293,297,298,301,303,312,314,318,319,320,329,330,331,333,335,338,339,342,343,346,348,349,352,357,359,362,363,365,369,378,379,381,382,383,384,386,388,391,394,395,396,398,400,401,402,403,404,408,409,411,414,419,423,431,436,438,440,449,454,465,467,469,475,485,551,562,579
26,79,82,89,90,91,92,95,96,98,100,101,103,105,106,107,108,109,110,111,114,120,122,123,124,125,126,127,129,130,134,135,138,143,144,149,154,156,158,159,160,168,169,170,172,175,176,182,184,186,191,195,197,202,211,212,221,229,233,238,239,243,246,250,251,255,266,267,273,274,275,277,280,286,292,295,297,299,300,301,302,303,305,306,308,309,311,312,315,319,321,322,325,327,329,331,333,334,336,339,340,343,346,348,349,351,355,356,358,362,365,368,369,372,377,380,381,389,397,405,407,409,412,422,434,438,441,445,458,486,487,549,550
27,80,84,86,88,91,95,96,97,98,99,103,105,107,108,109,110,112,113,114,117,119,120,121,123,124,127,133,136,137,139,143,153,158,159,163,164,166,176,180,186,192,196,208,212,214,217,219,220,233,237,240,242,244,247,248,250,256,257,266,268,275,277,278,280,293,296,298,303,305,311,314,319,324,326,328,331,333,338,340,343,348,349,350,351,353,354,355,356,358,364,366,368,371,378,380,381,382,385,388,389,396,398,400,401,405,406,407,408,411,413,415,419,430,448,471
28,17,70,80,86,90,91,92,95,99,100,101,103,105,107,108,109,110,111,112,113,114,116,118,119,122,123,126,128,129,136,139,142,143,146,148,150,152,155,163,170,172,177,179,180,181,184,187,188,191,197,199,202,203,210,214,221,225,229,230,233,251,255,257,258,259,260,261,262,263,264,272,273,278,279,280,285,287,289,290,292,293,295,296,298,299,300,302,306,307,309,310,311,312,315,318,321,323,324,325,329,332,333,336,342,347,350,352,353,356,358,362,366,370,372,377,378,382,385,386,387,388,392,395,396,397,399,406,408,413,418,419,422,424,441,443,460,484,686
29,13,78,89,100,102,103,105,108,112,113,114,117,121,124,125,126,127,130,133,134,136,139,140,141,147,153,154,156,161,165,167,172,173,174,176,180,181,182,184,186,188,189,191,192,196,201,208,216,217,218,220,221,241,246,261,262,264,265,268,270,275,278,282,283,286,296,297,300,303,305,306,312,313,314,315,317,322,323,324,331,334,335,340,343,345,346,349,350,351,355,359,363,364,365,366,368,373,374,376,379,387,388,389,390,392,395,396,398,400,401,403,407,417,418,424,427,430,432,436,441,443,465,474,488,491,601,630
30,50,79,83,88,90,91,92,94,95,97,100,101,103,106,108,112,113,114,118,119,123,126,128,129,130,133,135,136,138,139,140,141,144,147,148,149,152,153,154,158,161,166,169,170,175,182,183,186,199,203,205,214,219,220,222,237,244,246,247,250,252,253,255,259,261,266,270,273,276,277,278,280,281,284,289,294,296,304,305,307,308,309,310,311,312,318,321,324,326,327,332,336,338,347,353,360,363,366,368,370,374,375,379,382,386,387,389,390,399,400,401,404,408,411,417,418,422,424,426,463,468,492,504,510,583,592,650,676
31,86,87,89,90,91,92,93,94,95,96,97,101,103,104,106,108,109,110,112,114,115,116,117,119,120,121,130,131,134,139,141,142,143,146,147,150,153,156,157,158,162,166,167,170,171,172,184,190,195,196,198,200,206,219,225,227,231,236,239,252,253,256,259,261,262,268,277,292,293,297,306,309,317,323,324,325,326,331,349,351,352,353,354,355,358,360,361,366,367,370,375,387,390,395,397,402,403,406,409,410,411,413,415,420,430,436,438,441,449,453,467,477,485,488,497,525,649
32,82,84,87,88,91,94,97,99,100,103,104,105,107,109,111,112,113,115,116,117,119,121,125,127,128,129,133,143,149,151,155,159,160,163,168,174,175,178,179,187,189,193,198,200,201,204,214,216,219,222,223,224,226,233,234,244,250,251,255,257,258,269,277,280,283,284,285,287,291,300,302,304,306,310,316,323,327,330,335,337,339,343,345,347,351,355,364,365,369,371,377,382,398,399,402,404,411,416,423,430,447,457,460,464,488,496,510,514,541
33,64,89,92,94,97,98,102,104,109,110,111,113,114,115,116,118,119,121,122,123,124,125,129,134,135,137,138,139,140,145,146,147,148,150,151,152,156,165,167,173,178,180,187,196,200,205,206,209,212,213,221,222,232,236,241,252,254,267,269,275,276,278,279,281,285,290,294,296,298,303,304,305,306,313,321,323,337,338,346,349,351,354,362,363,364,365,367,369,370,377,378,388,389,393,394,397,398,405,407,417,423,439,443,459,464,649
34,82,83,84,85,89,90,94,98,99,100,101,103,104,106,107,108,109,110,111,112,113,116,117,119,125,126,127,130,131,136,137,140,141,143,149,150,151,157,159,167,168,176,180,194,196,197,199,208,221,226,229,234,238,244,247,248,256,265,269,273,277,278,282,284,286,288,294,295,297,298,300,303,307,313,318,322,325,327,329,332,334,336,340,344,349,351,352,354,356,361,362,364,365,366,373,377,380,386,388,394,395,409,413,415,424,444,509,533,586
35,52,78,86,89,90,92,93,96,98,99,102,103,104,105,106,109,112,113,114,115,119,124,130,131,133,134,135,137,139,140,143,150,151,152,153,156,159,160,170,174,186,187,189,199,206,211,213,216,220,227,230,238,239,240,244,247,250,252,263,276,278,283,285,287,298,299,302,311,312,315,318,332,340,343,352,356,358,363,364,373,374,379,381,383,396,400,401,405,406,407,410,416,419,422,423,424,427,428,434,442,443,467,605
36,52,85,89,90,94,96,97,98,99,101,102,103,105,106,107,108,109,110,112,113,115,117,119,121,124,125,127,128,129,131,132,133,136,138,139,140,145,146,147,148,150,151,152,153,154,156,158,159,166,168,173,175,179,182,184,196,202,204,206,208,209,211,213,217,220,222,232,234,241,245,255,256,258,260,267,275,276,277,278,279,284,286,289,292,295,296,297,301,302,303,304,306,307,308,313,314,319,326,341,343,346,354,360,362,363,365,366,367,370,382,388,389,394,396,401,413,414,417,425,428,430,443,449,459,566
37,17,89,96,97,98,100,102,103,106,111,113,114,115,117,119,120,121,122,123,124,125,127,128,130,132,135,136,139,145,146,147,149,150,152,156,161,162,163,168,169,172,173,174,177,181,182,185,191,192,193,196,199,201,210,211,213,215,216,218,219,225,235,236,245,246,248,252,254,257,261,272,273,274,283,286,292,295,298,299,301,304,306,319,324,326,327,335,339,348,350,354,370,376,378,380,382,383,386,394,400,406,412,416,433,437,464,552,667
38,60,76,84,87,92,94,95,97,100,101,103,104,106,108,109,111,113,115,119,122,123,125,130,131,133,137,140,141,145,146,147,148,150,151,152,153,154,155,158,161,162,164,167,168,169,173,175,177,180,183,184,196,198,208,212,216,220,221,224,225,227,231,233,238,241,242,250,251,255,256,257,264,267,268,274,275,278,279,285,287,288,289,290,291,292,293,296,304,310,311,313,320,323,335,353,355,358,377,384,392,423,439,464,487,543,675
39,18,33,42,90,91,92,97,98,100,103,104,107,108,109,110,113,114,118,119,120,121,124,125,126,127,128,129,131,132,134,135,136,138,139,141,142,143,145,146,154,155,159,166,167,169,172,175,183,184,187,192,194,195,197,201,203,206,207,213,214,220,223,225,226,240,243,250,251,254,255,257,258,264,268,276,277,281,287,288,292,298,303,304,306,308,313,317,322,332,339,346,350,354,357,358,359,365,374,375,377,380,386,406,408,421,428,429,438,443,456,475,605
40,83,85,90,91,92,93,94,97,98,99,101,102,103,104,106,107,108,109,110,111,112,114,118,119,121,122,123,124,127,128,129,130,132,135,138,139,140,141,142,146,149,151,152,159,160,162,165,167,169,170,174,175,179,180,182,185,188,189,197,198,202,204,205,211,212,217,220,221,223,225,226,231,234,235,237,247,248,249,250,255,261,263,264,266,273,277,287,297,298,306,311,312,313,322,334,338,368,372,382,389,397,415,440,454,470,524,642,666
41,93,94,95,97,98,99,101,102,103,104,105,106,107,114,115,116,118,119,120,125,126,128,131,134,136,138,142,146,147,148,149,151,158,162,163,164,167,171,173,175,181,198,201,205,207,210,216,217,218,232,246,248,249,254,256,258,261,263,269,273,276,277,287,290,297,301,304,305,306,310,320,322,327,345,346,352,355,364,366,369,372,389,402,414,417,431,449,462,465,580
42,87,89,92,93,95,96,99,100,101,102,103,104,105,106,108,109,110,112,113,114,118,119,121,125,127,128,129,131,132,133,135,137,138,140,141,142,143,146,148,153,154,156,166,170,172,183,189,190,192,205,207,209,211,217,224,228,234,240,244,248,252,256,264,266,268,270,273,276,277,280,283,290,300,317,319,344,348,363,395,413,434,455,473,537
43,80,91,93,94,95,97,99,101,103,104,105,106,107,109,110,112,114,115,117,121,122,123,124,125,127,129,130,133,134,138,142,144,145,146,147,148,151,158,159,161,167,168,170,174,178,179,180,184,191,194,198,207,208,209,219,221,223,225,227,230,231,234,246,255,257,259,261,263,272,274,275,288,295,305,311,326,337,363,381,382,390,410,414,426,433,458,460,503,641,642
44,87,89,95,98,100,104,105,106,107,109,110,113,114,115,116,118,119,120,121,123,124,126,130,131,134,136,137,138,139,141,143,151,155,158,159,160,166,168,170,175,179,186,190,191,197,199,203,209,222,224,227,234,238,240,242,244,249,251,254,258,266,267,268,273,285,301,378,385,405,414,424,427,627,673,675
45,54,93,95,96,98,100,101,102,105,106,107,108,112,115,116,117,118,120,121,122,123,128,131,133,136,137,141,143,148,150,152,153,157,162,165,170,171,172,173,177,182,195,198,199,205,206,207,210,211,213,215,217,229,234,237,239,240,244,245,246,248,250,251,252,254,255,256,257,258,260,263,265,268,271,273,277,282,284,292,295,313,339,385,409,510,522,614,653
46,73,90,93,98,99,101,102,103,104,106,108,109,111,112,116,118,120,122,123,124,126,128,129,130,138,141,148,149,152,159,160,164,175,177,181,183,185,191,194,196,203,208,209,215,218,221,224,225,226,227,230,231,243,246,249,252,253,256,258,259,260,262,264,266,267,268,269,270,271,272,277,278,280,287,289,291,300,309,310,328,337,339,354,356,391,421,430,492,514,517,574,671
47,25,84,89,90,93,95,96,97,98,99,100,104,105,106,109,117,118,119,123,124,128,130,132,133,134,135,137,138,139,140,142,143,144,145,147,148,150,154,158,160,163,164,171,176,182,183,184,186,187,192,193,198,200,205,208,212,214,215,216,218,219,222,223,227,232,242,248,250,252,256,258,262,263,266,268,273,278,281,284,286,289,292,297,299,300,302,305,334,335,336,339,349,400,411,412,493,521,546,603
48,80,89,93,94,95,96,98,99,100,101,102,104,105,106,109,111,112,113,114,118,119,121,125,128,131,133,135,139,140,141,142,146,148,151,152,154,155,156,158,161,162,166,167,172,173,175,176,178,184,188,189,192,193,195,196,197,202,204,205,206,208,210,212,215,218,219,220,223,227,232,239,242,246,248,256,257,260,270,281,306,308,310,330,354,396,482,495
49,29,93,94,95,96,99,100,101,102,103,104,105,108,110,111,112,115,116,117,122,123,124,125,128,129,130,131,132,133,139,141,143,144,147,152,153,154,155,156,157,161,162,165,166,168,171,172,173,177,183,185,189,191,192,197,198,200,201,203,207,208,213,214,215,217,218,220,221,224,226,227,230,231,232,234,236,237,240,247,262,306,309,328,398,400,434,481,677
50,9,88,100,101,102,103,104,106,107,108,111,115,116,117,119,120,121,122,124,125,127,128,129,131,132,133,134,137,140,141,146,148,149,150,152,153,154,157,158,159,161,163,167,168,169,172,173,176,190,191,192,198,202,204,205,207,208,209,210,212,213,216,218,220,222,224,226,228,229,232,234,236,239,243,247,248,250,252,255,256,262,271,272,281,292,304,311,316,370,432,480,560
51,16,24,93,94,95,96,97,98,99,104,105,107,110,111,112,113,116,117,119,124,125,126,127,131,132,135,136,138,141,142,143,144,145,146,147,148,149,150,151,156,158,166,168,169,170,175,176,178,182,187,188,195,196,200,203,207,209,210,211,214,217,220,223,229,231,233,238,262,271,278,288,300,339,473,522
52,21,88,98,101,104,105,109,111,116,117,118,119,121,123,124,130,131,132,133,137,139,143,145,147,149,151,160,164,166,168,169,172,176,186,187,193,196,198,199,203,211,212,214,215,218,223,224,225,226,227,228,236,241,247,251,257,260,308,309,336,351,357,378,618,643
53,23,110,111,112,116,117,121,122,126,132,137,138,140,146,147,150,155,159,165,166,168,173,253,446,543,604
54,110,142,145,154,162,165,171,172,208,536,559,659
55,28,509,515
56,15,55,65,501,514,668
57,45,66,170,516,522,638,646
58,612,646,657
59,15,222,353,459,478
60,129,238,284,338,497,500,534
61,137,146,341,656
62,70,72,76,376
63,79,516,614,638
64,22,273,303,693
65,475,509,518
66,47,117,166,191,268,431
67,379,630,652,689
68,236,414
69,61,512,651,664,686
70,68,177,200,622
71,42,185,386
72,
73,
74,
75,
76,
77,
78,
79,
80,
81,
82,
83,
84,
85,
86,
87,
88,
89,
90,
91,
92,
93,
94,
95,
96,
97,
98,
