14
0,674
1,2,30,55,223,347,376,658,661
2,17,158,183,229,398,418,484
3,31,158,198,215,264,314,321,397,607,635,653
4,92,216,222,296,335,341,646
5,209,311,352,521,527,674
6,10,356,492,506,620
7,203,266,404,507,541,584
8,22,55,166,566,594,601,603
9,25,112,199,373,421,461,473,618,663,675
10,295,327,553,606,608,617,623,659
11,467,576,587,589,596,638
12,28,67,118,226,237,419,521,535,546,613,618,651
13,1,58,62,95,242,477,490,552,588,623
14,44,148,158,367,469,568,576,584,595
15,133,245,262,395,477,649
16,67,89,181,255,314,386,420,492,569,582,611,634
17,67,76,89,132,167,218,231,313
18,44,51,74,80,81,82,83,86,89,92,94,165,269,297,320,509,530,577,655,656
19,39,70,72,73,74,75,77,78,81,82,83,84,85,86,87,88,89,90,91,92,93,95,96,97,98,99,100,101,102,103,105,106,107,112,125,126,130,158,167,176,206,208,261,322,384,516,520,541,609
20,62,65,66,69,70,71,72,73,75,76,77,78,79,80,81,82,83,84,85,86,87,88,89,90,91,92,93,94,95,96,97,98,99,100,101,102,103,104,105,106,107,108,109,110,111,112,113,114,115,116,117,118,119,120,121,122,123,124,125,126,127,128,129,131,132,133,135,137,139,141,143,188,240,317,429,462
21,51,73,74,76,77,78,79,80,81,82,83,84,85,86,87,88,89,90,91,92,93,94,95,96,97,98,99,100,101,102,103,104,105,106,107,108,109,110,111,112,113,114,115,116,117,118,119,120,121,122,123,124,125,126,127,128,129,130,131,132,133,134,135,136,137,138,139,140,141,142,143,144,145,146,147,148,149,150,151,152,153,154,155,156,157,158,159,160,161,162,163,164,165,166,167,168,169,170,171,172,173,174,175,176,177,178,180,181,182,183,184,185,186,188,189,190,191,192,193,194,195,197,198,199,200,203,204,205,206,207,208,209,210,211,212,213,215,217,219,223,225,227,228,231,232,233,235,236,239,241,243,244,248,249,251,252,255,256,258,265,269,272,278,280,285,301,303,328,330,353,354,381,512,676
22,70,71,73,74,75,76,77,78,79,80,81,82,83,84,85,86,87,88,89,90,91,92,93,94,95,96,97,98,99,100,101,102,103,104,105,106,107,108,109,110,111,112,113,114,115,116,117,118,119,120,121,122,123,124,125,126,127,128,129,130,131,132,133,134,135,136,137,138,139,140,141,142,143,144,145,146,147,148,149,150,151,152,153,154,155,156,157,158,159,160,161,162,163,164,165,166,167,168,169,170,171,172,173,175,176,177,178,179,180,181,182,183,184,185,186,187,188,189,190,191,192,193,194,195,196,197,198,199,200,201,202,203,204,205,206,207,208,209,210,211,212,213,214,215,216,217,218,219,221,222,223,224,225,226,227,228,229,231,232,233,234,236,238,239,240,241,242,243,244,245,246,247,248,249,253,254,255,256,257,258,260,261,264,266,267,269,270,271,273,274,275,276,277,280,284,285,289,290,293,294,295,296,299,300,301,308,311,316,317,319,329,335,340,351,372,380,410,471,506,637
23,18,69,71,72,73,74,75,76,77,78,79,80,81,82,83,84,85,86,87,88,89,90,91,92,93,94,95,96,97,98,99,100,101,102,103,104,105,106,107,108,109,110,111,112,113,114,115,116,117,118,119,120,121,122,123,124,125,126,127,128,129,130,131,132,133,134,135,136,137,138,139,140,141,142,143,144,145,146,147,148,149,150,151,152,153,154,155,156,157,158,159,161,162,163,164,165,166,167,168,169,170,171,172,173,174,175,176,177,178,179,180,181,182,183,184,185,186,187,188,189,190,191,192,193,194,195,196,197,198,199,200,201,202,203,204,205,206,207,208,209,210,211,212,213,214,215,216,217,218,219,220,221,222,223,224,225,226,227,228,229,230,231,232,233,234,235,238,240,242,244,246,247,248,250,251,252,253,254,255,256,257,258,260,262,263,264,265,266,267,268,270,271,272,274,275,278,280,284,286,287,288,289,292,295,297,299,302,311,317,318,319,324,326,331,332,334,344,358,380,385,400,433,503,661,676,685
24,67,69,70,71,72,73,74,75,76,78,79,80,81,82,83,84,85,86,88,89,90,91,92,93,94,95,96,97,98,99,100,101,102,103,104,105,106,107,108,109,110,111,112,113,114,115,116,117,118,119,120,121,122,123,124,125,126,127,128,129,130,131,132,133,134,135,136,137,139,140,141,142,143,144,145,146,147,148,149,150,151,152,153,154,155,156,157,158,159,160,161,162,163,165,166,167,170,171,172,173,174,175,176,177,178,179,180,181,182,183,184,185,186,187,188,189,190,192,193,194,195,196,197,198,199,200,201,202,204,205,206,207,208,209,210,211,212,213,214,215,216,217,218,219,220,221,222,223,224,225,227,228,229,230,231,232,233,234,235,236,237,238,240,241,242,243,244,247,248,249,250,252,253,254,255,256,257,258,259,261,265,267,269,270,272,274,276,278,281,282,283,284,286,289,290,291,293,294,295,303,309,312,315,321,322,323,324,358,367,378,411,699
25,63,67,68,69,71,72,73,74,75,76,77,78,79,81,82,83,84,85,86,87,88,89,90,91,92,93,94,95,96,97,98,99,100,101,102,103,104,105,106,107,108,109,110,111,112,113,114,115,116,117,118,119,120,121,122,123,125,126,128,129,130,131,132,133,134,135,136,137,139,140,141,142,143,144,145,146,147,148,150,151,152,153,154,155,157,158,159,160,161,162,163,164,165,166,167,168,169,170,171,172,173,174,175,176,177,178,179,180,181,182,183,184,185,186,188,189,190,191,192,193,194,195,196,197,198,199,200,201,202,203,204,205,206,207,208,209,210,211,212,213,214,215,216,218,219,220,221,222,223,225,226,227,228,230,232,233,234,235,236,238,239,240,241,242,243,245,247,248,249,250,251,252,253,254,255,256,258,260,262,264,265,266,267,269,270,271,274,275,276,278,282,285,286,289,291,292,295,297,298,301,305,308,309,311,313,315,316,318,319,321,322,323,330,338,356,377,381,395,606
26,5,8,57,63,66,67,68,71,72,73,74,75,76,77,78,79,80,81,82,83,84,85,86,87,88,90,91,92,93,94,95,96,97,98,99,100,101,102,104,105,106,107,108,109,110,111,112,113,114,115,118,119,120,121,122,123,124,125,126,127,128,129,130,131,132,133,134,135,136,137,138,139,140,143,144,145,146,147,148,150,152,153,154,156,158,159,160,161,162,163,166,167,168,169,170,171,172,173,174,175,176,178,179,180,181,182,183,184,185,186,187,188,189,190,191,192,193,194,195,196,197,198,199,200,201,202,203,204,205,207,209,210,211,212,213,214,216,217,218,219,220,221,222,223,225,226,227,228,229,230,231,232,233,234,235,236,237,238,239,240,241,242,243,244,245,246,247,248,249,250,251,252,253,256,259,260,261,262,263,264,266,267,268,271,272,274,275,277,278,279,281,282,283,285,286,288,291,294,295,296,300,305,306,313,315,316,319,320,322,328,336,347,350,366,383,386,486
27,57,66,67,68,69,70,71,72,73,74,75,76,77,78,79,80,81,82,83,84,85,86,88,89,90,91,92,94,95,96,97,98,99,100,101,102,103,104,105,107,108,109,110,112,113,114,115,116,117,118,120,121,122,124,125,127,128,129,131,132,133,134,135,136,137,138,139,140,142,143,144,146,147,148,149,151,152,153,154,155,156,157,158,159,160,161,164,165,166,167,168,169,170,171,172,173,174,175,176,177,178,179,180,181,182,183,184,185,186,187,188,189,190,191,192,193,194,195,196,198,199,201,202,203,204,206,207,209,210,211,214,215,216,217,218,219,220,221,222,223,224,225,226,227,228,229,230,231,232,233,234,237,238,241,242,244,245,246,248,249,250,254,255,256,258,261,264,265,268,270,271,273,274,275,277,278,279,280,281,282,283,284,285,287,288,289,291,292,295,297,299,300,301,302,303,305,307,309,310,314,315,322,328,338,355,356,358,392
28,4,62,64,65,66,67,68,70,71,72,73,74,75,76,78,79,80,81,82,84,85,86,87,88,89,90,91,92,93,94,95,96,97,98,99,100,101,102,103,105,106,107,108,110,111,112,113,114,115,116,117,118,120,123,124,125,126,127,128,129,130,131,132,133,134,135,136,138,139,140,141,142,143,144,145,146,147,148,149,150,151,153,154,155,156,157,158,159,160,161,163,164,165,166,167,168,169,170,171,172,173,174,175,176,178,179,180,182,183,184,185,187,188,189,190,191,192,193,194,195,196,197,198,199,200,201,202,203,204,206,209,210,211,212,213,214,215,216,217,218,219,220,225,226,227,230,231,233,235,236,239,242,243,244,248,249,250,251,253,255,256,257,260,261,263,265,266,272,273,276,279,280,282,283,284,285,287,288,289,290,291,295,298,300,302,307,314,321,323,324,326,335,337,362,367,371,393,400,429,557
29,59,61,65,67,69,70,71,72,73,74,76,77,78,79,80,81,82,83,84,85,86,87,88,89,90,91,93,94,95,96,97,98,99,100,101,102,103,106,108,109,111,112,113,114,115,116,117,118,119,120,121,122,123,124,125,126,127,128,129,130,131,132,134,135,136,138,139,140,143,144,145,147,148,150,152,153,154,155,156,157,159,160,161,162,163,164,165,166,167,168,169,170,171,172,173,174,175,176,177,178,179,180,181,182,183,184,185,186,187,188,189,190,191,193,194,195,196,197,198,200,201,202,204,205,206,207,208,209,210,211,212,213,214,215,217,219,220,222,223,225,226,227,229,230,231,232,233,236,237,240,242,243,247,248,251,252,253,254,256,259,261,263,266,267,268,270,272,273,277,278,279,280,281,284,285,294,297,298,300,303,306,308,312,315,316,317,318,319,321,322,329,345,347,349,350,358,465,470
30,59,60,64,66,67,68,69,70,71,72,73,74,75,77,78,79,80,81,83,84,85,86,87,88,89,90,91,92,93,94,95,96,97,98,99,100,101,102,103,104,105,106,108,109,110,111,112,113,114,115,116,117,118,119,122,123,124,125,126,127,128,129,130,131,132,134,135,136,137,138,139,140,141,142,143,144,145,146,148,149,150,151,152,156,157,159,161,162,163,164,165,166,167,168,169,170,171,172,173,174,175,176,177,178,179,180,181,182,183,184,185,186,187,188,190,191,192,193,194,195,198,199,201,203,206,207,208,209,210,211,212,213,217,220,221,223,224,229,231,237,238,241,243,245,246,247,248,251,252,253,254,255,256,257,258,260,261,262,265,267,268,269,270,277,278,279,281,286,290,297,299,304,314,315,317,318,319,328,331,332,338,356,365,373,380,405,448,486,565,640
31,9,59,60,62,63,65,68,69,71,72,73,74,75,76,77,78,79,80,81,83,84,85,86,87,88,89,90,91,92,93,94,95,96,97,98,99,100,102,103,104,105,106,108,109,112,113,115,116,117,118,119,120,121,122,123,124,125,126,127,128,129,130,131,132,133,135,136,137,139,140,141,143,144,145,146,147,148,149,150,151,152,153,154,156,157,158,159,160,161,162,163,164,165,166,167,168,169,170,171,172,173,175,176,177,178,180,181,182,184,185,186,188,190,191,193,194,195,196,197,198,200,201,203,204,205,206,208,209,210,211,212,213,215,216,218,220,221,222,225,229,231,232,233,234,235,236,238,239,241,243,247,248,249,252,254,255,256,261,264,265,266,272,275,277,278,279,280,283,286,288,289,295,297,300,302,307,311,313,318,326,329,331,340,342,346,356,359,367,414,495,505
32,61,64,65,66,69,70,71,72,73,75,76,77,78,79,80,81,82,83,84,86,88,89,90,92,93,96,97,98,99,100,101,102,103,104,105,106,107,108,109,110,111,112,113,115,116,117,119,120,121,123,124,125,126,127,128,129,130,131,132,134,135,137,141,143,144,145,146,147,148,150,151,152,153,158,160,161,162,163,164,165,166,167,168,169,170,171,172,173,174,175,176,177,178,179,181,182,183,184,185,186,187,188,189,190,191,194,195,196,197,199,200,201,202,203,204,205,207,208,212,213,214,218,219,220,221,223,227,229,230,231,232,233,234,235,236,237,238,239,241,242,244,245,246,247,248,249,258,260,261,262,263,264,266,268,271,272,273,274,275,276,277,279,282,283,287,290,292,298,299,301,303,313,319,322,323,325,329,334,340,342,343,350,363,371,380,400,406,428,471
33,4,33,60,63,64,67,69,70,72,73,74,75,76,77,78,79,80,81,82,84,85,86,87,89,90,91,92,93,94,96,97,99,101,103,105,106,107,108,109,110,111,112,114,115,116,118,120,121,122,123,124,127,128,130,131,132,133,134,135,137,138,139,141,143,144,146,148,150,152,154,158,159,162,165,166,167,168,170,171,173,174,175,176,177,178,179,180,183,185,186,187,188,189,190,191,194,195,196,199,200,201,204,206,207,208,209,211,212,213,214,216,217,218,219,220,221,222,223,224,225,227,228,229,230,231,233,234,235,236,238,239,240,241,242,243,244,247,248,249,250,251,252,253,254,255,256,257,258,259,262,266,267,270,273,274,275,276,277,279,284,285,286,288,291,293,294,295,296,297,298,300,301,304,305,306,308,309,310,312,313,314,317,321,325,328,330,335,336,337,339,343,347,352,361,362,368,393,402,403,404,412,449,459,510
34,65,66,67,68,69,70,71,73,75,76,77,78,79,80,81,82,83,84,85,86,87,88,89,90,91,92,93,94,95,96,97,99,100,101,103,106,108,109,111,112,113,115,116,117,121,122,123,124,125,126,127,128,129,131,132,135,136,137,138,140,141,143,146,147,149,150,151,152,154,156,157,161,165,166,167,168,169,171,172,175,176,178,179,180,181,182,183,184,185,186,187,188,189,190,191,192,193,194,195,196,198,199,200,201,203,205,206,207,208,210,211,212,213,215,216,217,218,219,220,221,222,223,225,227,228,229,230,232,233,235,238,239,240,241,242,243,244,246,247,250,251,252,253,254,255,256,257,258,259,262,266,267,268,269,270,271,272,273,274,275,279,280,283,286,287,288,289,290,292,293,294,295,300,302,304,305,306,308,309,310,311,315,316,319,321,322,323,324,330,331,333,334,338,339,341,350,352,355,357,367,368,373,378,388,396,417,418,441,456,520,560,570,626,685
35,59,63,67,68,69,72,73,75,76,77,78,80,82,83,84,85,86,87,88,89,91,93,94,96,97,98,100,101,104,105,106,107,108,109,113,114,115,117,118,120,123,124,127,129,130,131,133,134,135,137,138,139,140,142,143,144,145,146,147,148,149,150,151,152,153,155,162,163,164,166,169,170,171,172,174,175,176,177,178,180,181,183,184,186,188,189,191,192,194,195,196,197,198,199,200,201,202,203,204,205,207,208,210,211,212,213,214,215,216,217,218,219,220,222,223,224,225,226,227,228,229,232,233,234,235,236,237,240,241,242,245,246,247,248,250,251,252,253,254,255,256,258,259,260,261,262,263,266,267,268,269,271,272,273,274,275,276,278,279,280,281,284,286,287,288,290,292,294,296,297,299,302,303,304,305,307,308,309,310,316,317,319,320,321,323,325,328,329,331,333,334,336,337,339,341,346,349,351,355,359,362,364,368,370,373,375,376,381,383,396,402,405,408,418,434,442,455,462
36,65,67,68,71,72,73,74,75,76,78,79,80,81,82,83,84,85,87,88,90,92,93,94,98,99,100,103,104,105,106,107,108,109,110,112,113,114,115,116,119,120,122,124,125,128,129,130,132,133,134,135,136,137,139,140,145,146,149,150,151,154,159,160,162,164,165,168,169,170,174,178,179,181,182,183,184,186,187,188,189,190,191,193,194,196,198,199,200,202,203,204,206,208,210,211,212,213,214,215,216,217,218,219,220,222,223,224,225,226,227,228,229,231,232,234,235,236,237,238,239,240,241,242,243,244,247,249,250,251,253,255,256,257,259,260,261,262,263,265,266,267,270,271,272,273,275,276,277,278,279,280,281,282,283,284,285,286,287,288,289,291,292,293,294,295,296,297,299,300,303,304,305,306,307,309,310,312,313,314,315,316,317,318,319,320,321,322,323,324,325,327,328,329,331,332,333,335,336,338,342,344,345,346,347,349,355,356,358,361,362,365,368,371,373,378,382,384,385,389,403,404,415,419,425,428,445,456,512,521,578,650
37,30,57,59,64,68,69,71,72,73,74,75,76,77,79,80,81,82,84,86,89,90,91,92,93,95,97,98,100,101,104,105,106,107,109,110,111,112,113,115,116,117,119,120,121,123,124,125,126,127,128,129,130,131,132,133,136,137,138,142,143,144,145,146,147,148,149,150,157,159,161,164,165,167,170,171,172,173,177,178,181,186,188,189,190,193,195,197,205,207,208,212,213,214,216,219,220,222,223,225,228,230,231,232,233,234,235,238,239,240,243,244,245,246,247,248,251,255,257,258,260,261,262,264,265,266,268,269,270,273,274,275,277,278,279,281,289,290,291,293,297,299,303,304,306,307,308,311,312,313,314,315,317,320,321,325,329,330,333,335,337,338,339,343,346,348,350,353,376,380,389,399,401,409,413,417,421,430,436,446,453,457,458,462
38,63,65,67,71,72,76,77,78,80,83,84,85,86,87,89,90,91,92,94,96,98,99,100,101,102,103,104,105,106,107,109,110,114,115,116,117,120,122,123,124,126,128,130,132,134,136,137,138,141,142,143,148,149,151,155,158,160,162,164,165,166,168,170,172,175,179,181,185,188,190,192,195,198,200,203,206,208,209,212,213,214,216,217,220,221,225,226,228,230,231,233,234,237,239,241,246,252,257,263,268,273,274,281,291,293,298,306,316,318,324,353,358,367,369,373,377,379,380,382,405,412,415,422,426,497,525,686
39,61,63,64,68,69,70,71,72,73,74,75,76,77,78,79,80,81,82,83,84,86,88,90,91,92,93,94,95,97,98,99,100,102,103,104,105,107,108,109,110,112,113,116,117,118,120,121,126,129,131,132,133,134,135,136,137,138,140,142,143,144,146,147,151,152,154,155,156,157,164,167,169,170,171,177,180,184,185,186,187,188,189,190,192,193,194,195,196,197,199,200,201,202,204,205,206,209,211,214,215,219,220,221,223,224,226,228,229,235,236,238,240,241,242,244,246,248,250,251,252,254,255,258,260,262,264,266,271,272,274,275,288,293,294,296,306,308,319,326,327,333,341,342,343,360,365,369,378,397,402,406,424,461,557,673
40,45,60,65,66,67,68,70,71,72,73,74,75,76,78,82,83,84,85,86,87,88,89,90,91,93,94,95,96,98,99,101,102,105,108,109,112,113,114,118,119,120,123,125,126,127,129,130,132,133,135,136,138,140,143,144,145,146,147,148,149,150,152,154,155,156,158,168,174,175,176,177,178,182,185,191,192,193,194,195,196,197,198,199,201,206,213,215,216,217,218,219,220,222,224,226,227,228,230,231,232,233,234,235,236,237,240,241,242,245,246,249,251,252,253,255,259,262,263,265,266,268,273,274,276,283,286,294,302,304,327,328,333,334,345,353,363,374,386,392,586
41,56,60,64,66,70,72,73,75,77,78,79,80,81,82,83,84,85,86,87,88,89,90,92,93,94,95,97,98,100,101,102,103,104,105,106,107,108,109,111,112,113,114,115,116,117,118,120,121,122,123,124,125,127,128,130,131,132,133,134,135,137,139,141,144,146,148,156,161,163,165,169,170,172,176,179,182,184,187,188,190,191,196,197,198,200,204,205,207,208,209,210,211,217,219,221,222,224,226,227,228,230,232,234,235,239,240,241,243,245,246,247,248,249,250,257,258,259,263,264,266,268,271,273,276,286,288,290,297,299,315,335,336,343,347,349,359,366,379,467,518,565,574
42,39,59,62,65,69,71,73,74,75,76,78,79,81,82,83,85,86,87,88,90,91,92,93,94,95,96,98,99,100,101,102,104,105,107,109,110,112,113,115,116,117,118,119,120,121,122,123,125,126,128,129,130,132,135,136,138,139,140,142,145,146,147,148,151,152,153,155,156,161,164,167,168,174,175,178,179,186,188,193,194,198,200,206,207,215,216,217,219,221,222,223,225,227,231,233,234,235,236,237,238,239,241,242,243,246,247,249,250,255,256,259,261,264,266,268,270,278,279,280,283,286,292,297,298,299,301,302,311,315,316,317,318,319,323,326,330,331,335,348,350,355,357,359,360,392,395,396,404,407,428,523,556,561,669
43,59,63,66,67,69,70,71,72,73,76,77,78,80,81,83,84,85,86,88,89,90,91,92,93,94,95,96,97,98,99,102,104,106,107,111,112,113,114,116,117,118,122,124,125,126,128,129,130,131,133,134,135,136,137,138,139,140,141,144,145,146,149,151,152,157,164,166,167,169,170,176,178,179,180,181,182,186,188,189,192,200,201,202,204,205,208,209,210,212,215,216,219,221,223,224,225,226,229,230,232,234,236,238,240,241,242,243,244,248,249,252,257,261,262,263,267,271,273,274,275,276,279,283,285,286,287,288,290,292,293,295,299,301,304,314,318,323,324,336,338,341,342,349,360,367,371,374,382,494,503
44,65,68,69,70,72,73,74,75,76,77,79,80,83,85,86,87,89,90,91,94,95,97,98,99,100,101,105,107,108,109,110,112,115,116,117,118,119,120,122,123,124,125,126,127,130,133,134,135,137,138,139,140,143,144,146,149,151,152,154,155,156,159,163,168,169,171,174,176,178,179,184,185,187,189,190,192,193,194,195,196,198,199,200,201,202,205,207,211,213,215,216,217,219,225,226,227,235,237,243,246,247,248,249,251,254,256,261,262,269,270,271,272,273,274,275,277,278,280,283,285,286,296,297,298,301,304,315,317,320,327,332,353,358,361,362,365,368,373,381,385,391,403,406,418,435,522,653,664,699
45,66,67,71,74,75,77,78,79,80,81,82,84,86,88,89,90,91,92,93,94,95,98,99,101,102,103,104,105,106,107,108,109,110,111,114,118,120,121,122,123,124,125,126,127,129,131,133,134,135,137,138,139,140,142,143,147,148,150,151,153,158,159,160,161,162,165,168,171,175,178,179,180,181,183,184,185,186,188,191,194,196,199,202,203,205,206,209,211,213,214,215,218,222,223,224,225,228,232,233,235,237,238,239,244,245,246,250,254,255,259,263,267,268,272,275,276,277,278,281,283,288,292,293,297,300,306,307,308,309,311,312,315,321,322,330,339,349,350,352,353,371,378,384,389,394,414,468,510,579,622,647,661
46,71,75,76,77,78,79,80,82,83,86,87,88,90,91,92,93,94,95,96,97,98,102,103,104,105,107,109,114,115,116,117,119,120,121,123,124,125,126,127,128,131,133,134,135,138,139,140,141,143,144,145,146,147,149,154,157,158,159,160,161,162,166,170,171,176,177,178,179,183,185,187,191,194,195,197,198,200,201,202,203,206,207,208,212,214,215,217,220,221,222,223,226,227,231,232,233,234,235,236,237,238,240,241,242,246,247,250,254,255,256,257,258,261,264,268,270,272,273,277,278,281,282,285,286,290,293,297,300,303,304,306,307,310,311,326,332,333,334,336,340,344,373,380,382,427,439,648
47,47,48,65,70,71,73,74,76,77,79,80,82,84,86,87,88,89,91,92,93,94,96,97,98,99,100,101,102,103,104,105,106,108,109,110,111,112,113,114,116,121,126,131,132,133,134,136,139,144,145,147,148,149,155,159,165,170,171,175,179,181,184,186,187,193,195,205,206,215,217,218,220,222,223,224,227,230,232,234,236,237,239,243,245,247,249,250,252,254,255,260,261,266,271,278,282,283,285,287,289,294,300,301,303,304,316,318,322,324,330,333,343,345,347,349,353,370,392,423,439,472,585,593
48,69,72,77,79,80,82,83,84,85,87,88,89,91,92,95,97,99,100,101,102,103,104,105,106,108,109,110,114,115,116,117,118,124,128,131,132,133,137,139,141,142,143,148,152,153,156,162,164,167,172,174,176,177,185,186,188,195,197,201,205,216,220,222,224,225,230,231,232,235,243,244,247,250,252,256,261,262,263,265,266,269,271,277,282,283,291,293,301,304,310,311,313,316,322,324,325,327,330,335,339,348,349,381,416,588
49,56,66,74,76,77,78,81,82,83,84,87,88,89,90,91,92,94,95,96,97,99,100,101,102,103,104,105,108,109,110,111,117,119,120,121,126,127,129,130,132,133,137,138,141,145,146,147,148,151,154,156,169,173,174,177,178,180,181,184,186,187,188,193,198,203,206,207,208,211,217,223,225,227,231,233,234,235,238,239,241,243,244,248,250,254,261,264,266,267,268,269,274,277,282,285,287,288,299,308,313,320,333,337,339,356,384,385,395,401,411,433,460,685
50,76,77,78,79,80,81,82,83,84,85,86,89,90,93,94,95,96,97,98,101,102,105,106,108,109,110,111,112,113,114,116,118,125,126,127,129,134,135,136,137,138,141,143,145,146,147,148,151,154,156,168,171,173,175,180,181,182,184,185,186,188,191,194,201,202,203,206,207,211,212,215,216,218,224,225,226,231,233,235,237,239,240,246,256,257,262,263,266,268,270,272,274,276,278,281,282,283,289,303,325,327,347,354,358,360,448
51,67,69,71,75,76,84,85,86,88,89,90,91,92,93,95,97,98,99,100,101,102,103,104,106,108,110,111,112,113,114,115,116,117,118,120,121,125,126,128,130,131,132,133,135,136,137,139,142,143,146,148,149,151,153,154,155,156,158,160,170,176,177,183,185,187,190,191,193,195,196,198,199,202,204,207,210,211,212,213,215,218,222,223,224,225,228,229,234,235,237,239,240,245,254,256,263,266,273,277,286,289,295,296,309,332,391,436,458,534
52,64,69,72,75,77,79,80,82,83,85,86,87,88,89,90,91,93,94,95,96,97,98,99,100,101,103,104,105,106,107,108,109,110,112,113,114,115,117,119,120,121,124,125,126,128,129,131,133,134,137,138,140,141,142,145,147,148,154,155,156,157,158,160,165,171,176,180,181,182,183,190,191,192,199,203,205,209,210,211,215,219,220,223,224,226,233,234,235,236,237,238,241,250,258,262,266,273,277,279,286,292,295,304,326,336,345,394,495,532,574,619
53,78,80,83,84,85,86,92,93,95,97,99,100,101,105,106,107,110,111,112,114,115,116,118,119,121,122,124,127,128,131,133,134,138,141,143,144,145,149,150,152,158,164,165,180,190,191,195,198,200,201,202,203,211,218,241,242,244,246,249,258,306,324,326,367,383,410,507,611
54,51,83,92,101,111,113,116,119,120,122,126,131,132,134,136,137,138,139,140,145,146,147,148,149,150,156,160,166,174,179,183,206,210,240,262,311,422,445,570
55,95,111,127,147,150,151,156,158,159,162,166,172,328,461,598,606
56,162,326,379
57,13
58,476,631
59,305,384,427
60,81,596
61,318,321,447
62,43,140,316,417,467,486
63,396,448,520
64,259,435,436,457,577,626,664
65,16
66,
67,
68,
69,
70,
71,
72,
73,
74,
75,
76,
77,
78,
79,
80,
81,
82,
83,
84,
85,
86,
87,
88,
89,
90,
91,
92,
93,
94,
95,
96,
97,
98,
