11
0,585
1,117,194,206
2,268,289,412,643
3,259,353,428,491,558,573
4,22,212,311,376,395,426,430
5,12,14,16,17,18,19,20,25,29,30,33,36,137,442,510
6,5,7,8,10,12,13,14,15,16,17,18,20,22,23,24,25,26,27,28,29,30,31,32,33,36,37,41,42,51,55,67,251,268,311,366,398,465
7,5,9,10,11,12,13,14,15,16,17,18,19,20,21,22,23,24,25,26,27,28,29,30,31,32,33,34,35,36,37,38,39,41,42,43,44,45,47,48,49,50,51,52,54,55,57,59,62,64,66,68,70,73,81,85,90,465,529
8,1,3,4,7,8,9,10,11,12,13,14,15,16,17,18,19,20,21,22,23,24,25,26,27,28,29,30,31,32,33,34,35,36,37,38,39,40,41,43,44,45,47,48,49,50,51,52,53,54,55,56,57,58,59,60,61,62,63,64,65,66,67,68,69,70,71,72,73,74,75,76,77,82,90,92,97,111,115,199,293,342,407
9,3,7,8,9,10,11,12,13,14,15,16,17,18,19,20,21,22,23,24,25,26,27,28,29,30,31,32,33,34,35,36,37,38,39,40,41,42,43,44,45,46,47,48,49,50,51,52,53,54,55,56,57,58,59,60,61,62,63,64,65,66,67,68,69,70,71,72,73,74,75,76,77,78,79,80,81,82,83,84,85,86,87,88,89,90,91,92,93,94,95,96,97,98,99,100,101,102,103,104,105,106,107,108,109,110,113,116,117,119,120,121,122,123,124,126,127,129,131,132,133,137,144,146,148,151,153,154,157,161,162,163,164,165,167,171,184,190,319,339,344,346,350,354,356,359,360,361,364,367,370,375,378,390,422,543,650
10,1,2,3,5,6,7,8,9,10,11,12,13,14,15,16,17,18,19,20,21,22,23,24,25,26,27,28,29,30,31,32,33,34,35,36,37,38,39,40,41,42,43,44,45,46,47,48,49,50,51,52,53,54,55,56,57,58,59,60,61,62,63,64,65,66,67,68,69,70,71,72,73,74,75,76,77,78,79,80,81,82,83,84,85,86,87,88,89,90,91,92,93,94,95,96,97,98,99,100,101,102,103,104,105,106,107,108,109,110,111,112,113,114,115,116,117,118,119,120,121,122,123,124,125,126,127,128,129,130,131,132,133,134,135,136,137,138,139,140,141,142,143,145,146,147,149,150,151,152,153,154,155,156,157,158,159,160,161,162,163,164,165,166,167,168,169,170,171,172,173,174,175,176,177,178,179,180,181,182,183,184,185,187,188,189,190,191,192,193,194,195,196,197,198,199,200,201,202,203,204,205,206,207,208,209,210,211,212,213,214,215,216,217,218,219,220,221,222,223,224,225,226,227,228,229,230,231,232,233,234,237,238,239,240,241,242,243,244,245,246,247,248,249,250,252,253,254,255,256,257,258,259,260,261,262,263,264,265,266,267,268,269,270,271,272,273,274,275,276,277,278,279,280,281,282,283,284,287,291,295,297,299,301,302,304,305,306,307,308,310,311,312,313,314,315,316,317,318,319,320,322,323,324,325,326,327,329,330,335,336,337,338,341,342,343,344,345,346,347,349,350,351,352,353,354,356,359,360,361,362,363,364,366,367,368,369,370,371,372,373,374,375,376,377,378,379,380,383,384,385,387,388,389,392,399,404,406,411,413,415,419,422,429,432,474,478,490
11,5,6,7,8,9,10,11,12,13,14,15,16,17,18,19,20,21,22,23,24,25,26,27,28,29,30,31,32,33,34,35,36,37,38,39,40,41,42,43,44,45,46,47,48,49,50,51,52,53,54,55,56,57,58,59,60,61,62,63,64,65,66,67,68,69,70,71,72,73,74,75,76,77,78,79,80,81,82,83,84,85,86,87,88,89,90,91,92,93,94,95,96,97,98,100,101,102,103,104,105,106,107,108,109,110,111,112,113,114,115,116,117,118,119,120,121,122,123,124,125,126,127,128,129,130,131,132,133,134,135,136,137,138,139,140,141,142,143,144,145,146,147,148,149,150,151,152,153,154,155,156,157,158,159,160,161,162,163,164,165,166,167,168,169,171,172,173,174,175,176,177,178,179,180,181,182,183,184,185,186,187,188,189,190,191,192,193,194,197,198,199,200,201,202,203,204,205,206,207,208,209,210,212,213,214,215,216,217,218,219,221,222,223,224,225,226,227,228,229,230,231,232,233,234,235,236,237,238,239,240,241,242,243,244,245,246,247,248,249,250,251,252,253,254,255,256,257,258,259,260,261,262,263,264,265,266,267,268,269,270,271,272,273,274,275,276,277,278,279,280,281,282,283,284,285,286,287,288,289,290,291,292,293,294,295,296,297,298,299,300,301,302,303,304,305,306,307,308,309,310,311,312,313,314,315,316,317,318,319,320,321,322,323,324,325,327,328,329,330,331,332,333,334,335,336,337,338,339,340,341,342,343,344,345,346,348,349,351,352,353,354,355,356,357,358,359,360,361,362,363,365,366,367,369,370,371,372,373,374,375,376,377,378,379,380,381,382,383,384,385,386,387,388,389,390,391,392,394,395,396,397,398,399,400,402,403,404,405,406,407,409,410,411,412,413,414,415,416,417,418,419,421,423,426,427,429,430,433,434,436,437,439,441,443,446,447,449,451,452,454,457,461,463,465,468,477,504,514,524,540,543,597
12,1,2,3,4,5,6,7,8,9,10,11,12,13,14,15,16,17,18,19,20,21,22,23,24,25,26,27,28,29,30,31,32,33,34,35,36,37,38,39,40,41,42,43,44,46,47,49,50,51,52,53,54,55,56,57,58,59,60,61,62,63,65,66,67,68,69,71,72,73,74,75,76,77,78,79,80,81,82,83,84,85,86,87,88,89,90,91,92,93,94,95,97,98,99,100,101,102,103,104,105,106,107,108,109,110,111,112,113,114,115,116,117,118,119,120,121,122,123,124,126,127,128,129,130,131,132,133,134,135,136,137,139,140,142,143,144,145,146,149,150,151,152,154,155,156,157,158,160,162,163,164,165,166,167,168,169,171,173,174,175,176,177,178,179,181,182,183,185,188,190,192,194,195,197,199,200,201,202,203,206,208,210,212,213,214,215,216,218,219,221,222,223,224,225,226,227,228,229,230,231,234,235,241,242,244,245,248,250,252,253,254,255,256,257,259,261,265,266,267,268,269,270,271,272,273,274,277,278,279,280,282,283,285,286,287,288,289,290,291,292,293,294,295,296,297,299,300,302,303,304,305,307,308,309,311,312,314,316,317,318,320,321,322,323,324,325,326,327,328,329,330,331,332,333,334,335,336,337,338,339,340,341,342,343,344,345,346,347,349,350,351,352,353,354,355,356,357,358,359,360,361,362,363,364,365,366,367,368,369,370,371,372,373,374,375,376,377,378,379,380,381,382,383,385,386,387,388,389,390,391,393,394,395,396,397,399,400,401,402,403,404,405,408,409,410,411,412,413,415,417,418,419,420,423,424,425,427,428,429,430,432,433,434,435,438,440,444,445,448,450,452,453,456,458,460,462,470,476,481,483,489,490,496,500,533,553,582,590,599
13,4,5,6,7,8,9,10,11,12,13,14,15,16,17,18,19,20,21,22,23,24,25,26,27,28,29,30,31,32,33,34,35,36,38,39,40,41,42,43,44,45,46,47,49,50,51,52,53,54,56,57,58,59,60,61,63,64,65,66,67,68,69,70,71,72,73,74,75,77,78,79,80,83,84,85,86,87,89,90,91,92,93,94,95,96,97,98,99,100,101,102,103,104,105,106,107,108,109,110,111,112,113,114,115,116,117,118,119,120,121,122,123,124,125,126,127,128,129,130,131,132,133,134,135,136,137,138,139,141,143,144,146,147,148,149,150,151,152,153,155,156,157,158,160,161,162,163,164,165,166,167,169,170,172,173,174,175,177,179,181,182,183,184,186,187,188,189,191,192,193,196,197,198,202,203,204,205,206,207,208,209,210,211,212,213,214,215,216,217,218,219,220,223,224,225,226,227,228,229,230,233,234,235,236,237,238,239,240,241,242,243,244,245,248,249,250,251,253,254,255,256,257,259,260,261,262,264,266,267,268,269,270,273,274,275,276,277,279,280,281,282,283,284,285,286,287,288,290,293,295,296,297,299,300,302,303,304,305,306,307,308,309,310,313,315,317,318,320,321,322,323,324,328,329,332,333,334,335,339,340,343,344,345,347,351,353,355,356,358,361,362,363,364,366,367,369,371,373,376,378,379,381,385,386,387,388,389,390,395,397,398,402,403,407,408,409,411,412,422,426,427,428,429,431,438,441,445,446,452,453,455,460,462,463,471,475,484,492,494,498,502,597
14,1,4,5,6,7,8,9,10,11,12,13,14,15,16,17,18,19,20,21,22,23,24,25,26,27,28,29,30,31,32,33,34,35,36,37,38,39,40,41,42,43,44,45,46,47,48,49,50,51,52,53,54,55,56,57,58,59,60,61,62,63,64,65,66,67,68,69,70,71,72,73,74,76,77,78,79,80,81,82,83,84,85,86,87,88,89,90,91,92,93,94,95,96,97,98,99,100,101,102,103,104,105,106,107,108,109,110,111,112,113,114,115,116,118,120,121,122,123,124,125,126,127,128,129,130,131,132,133,134,135,136,137,138,139,140,141,142,143,144,145,146,147,148,149,150,151,152,153,154,155,156,157,158,159,160,161,162,163,164,165,167,168,169,170,171,172,176,177,179,180,181,182,183,184,185,186,187,188,191,192,193,194,195,197,200,201,202,204,205,207,208,209,210,213,214,215,216,217,218,220,222,225,226,227,228,229,230,231,232,233,234,235,238,240,241,242,244,245,246,247,248,250,251,252,253,254,256,257,258,260,261,263,264,266,267,270,271,272,276,277,280,281,283,284,287,289,290,292,295,296,297,298,300,301,302,303,304,309,310,313,314,316,317,318,320,321,323,324,331,333,334,337,343,344,348,353,354,355,356,358,359,360,361,362,363,364,366,367,369,373,374,375,377,378,383,385,386,387,389,390,391,392,394,395,399,401,403,405,408,409,411,412,414,419,421,422,425,427,432,438,439,440,442,445,446,448,453,455,459,476,485,487,490,492,502,541,550,632,635,646
15,1,3,4,6,7,8,9,10,11,12,13,14,15,16,18,19,20,21,22,23,24,25,26,27,28,29,30,31,32,33,34,35,36,37,38,39,40,41,42,43,44,45,46,47,48,49,50,51,52,53,54,55,56,57,58,59,60,61,62,63,64,65,66,67,68,69,70,71,72,73,74,75,76,77,78,79,80,81,82,83,85,87,88,89,90,91,92,93,95,96,97,98,99,100,101,102,103,104,105,106,107,108,109,110,111,112,113,114,115,116,117,118,119,120,121,122,123,124,125,126,127,128,129,130,131,132,133,134,135,136,137,138,139,140,141,142,144,145,146,147,148,149,150,151,152,153,154,155,157,158,159,161,162,163,164,165,166,167,169,170,171,172,173,174,175,176,177,178,179,180,181,182,183,184,185,186,187,188,190,191,193,194,195,197,198,199,200,201,202,203,204,205,206,207,208,210,211,212,213,214,215,216,217,219,221,222,223,224,225,227,228,229,230,231,232,235,238,239,240,241,243,244,245,246,247,248,250,251,254,255,257,258,260,261,262,263,264,265,266,269,270,271,272,274,275,277,278,279,281,285,286,288,291,292,293,294,295,299,300,302,305,309,310,311,314,317,320,325,330,335,338,339,342,343,347,350,352,353,354,355,356,357,361,362,363,366,369,371,374,375,376,379,381,382,383,386,387,389,390,391,392,393,395,396,398,401,402,403,404,405,406,408,409,411,412,413,414,415,419,425,430,431,433,436,439,442,443,444,445,447,448,456,458,471,475,480,482,489,513,517,520,529,644,673
16,1,2,3,4,5,6,7,8,9,11,12,13,14,15,16,17,18,19,20,21,22,23,24,25,26,27,28,29,30,31,32,33,34,35,36,37,38,39,40,41,42,43,44,45,46,47,48,49,50,51,52,53,54,55,56,57,58,59,60,61,62,63,64,65,66,67,68,69,70,71,72,73,74,75,76,77,78,79,80,81,82,83,84,85,86,87,88,89,90,92,93,94,95,96,97,98,99,100,101,102,103,104,105,106,107,108,109,110,111,112,113,114,115,116,117,118,119,120,121,122,123,124,126,127,128,129,130,131,132,133,134,135,136,137,138,139,142,143,144,145,146,147,151,152,153,154,155,158,159,160,161,162,163,165,168,169,170,171,172,173,174,175,176,177,178,179,180,181,184,186,187,188,189,190,191,192,193,195,196,197,198,199,200,201,202,203,204,205,207,208,209,210,211,212,213,214,216,217,218,219,220,221,222,223,224,225,227,228,229,230,233,234,236,237,239,242,243,244,245,246,248,249,250,251,252,253,254,256,257,258,260,262,265,266,267,268,269,271,272,273,275,277,278,279,282,285,286,287,291,293,294,296,298,299,300,301,306,310,312,313,320,321,322,326,327,328,329,332,341,345,346,348,352,356,358,360,362,365,368,372,373,376,377,379,380,381,383,384,392,393,394,401,404,410,414,415,416,418,419,422,423,424,427,428,433,434,435,437,441,442,445,449,452,456,467,468,476,477,480,497,508,532,540,587
17,1,2,4,5,6,8,9,10,11,14,16,17,18,19,20,21,22,23,24,25,26,27,28,29,30,31,32,33,34,35,36,37,38,39,40,41,42,43,44,45,47,48,49,50,51,52,53,54,55,56,57,58,59,60,62,63,64,65,66,67,68,69,70,71,72,73,74,75,76,77,79,80,81,82,83,84,85,86,87,88,89,90,91,92,93,94,95,96,97,98,99,100,101,102,103,104,105,106,107,108,109,110,111,112,113,114,115,116,117,118,119,120,121,122,123,124,125,126,127,128,130,131,132,133,134,135,136,137,138,140,141,142,143,144,145,146,147,148,149,150,151,152,153,155,156,157,158,159,161,162,163,164,165,166,167,168,169,170,172,173,174,175,176,178,179,181,182,183,184,185,186,187,188,189,190,191,193,195,196,197,198,199,200,202,204,205,206,207,208,209,210,211,212,213,214,215,217,218,219,220,222,224,225,226,227,228,230,232,233,235,236,237,238,242,243,246,250,251,253,255,257,259,260,263,264,265,266,269,271,273,274,276,277,278,279,280,281,282,283,286,287,292,294,296,301,302,304,306,307,309,312,315,318,320,321,323,324,328,329,333,335,339,340,343,348,353,365,371,372,373,374,376,377,378,380,385,387,388,389,390,392,394,395,397,398,399,400,402,404,405,406,408,410,411,412,413,417,419,421,423,425,426,428,429,430,431,432,433,434,436,437,438,439,440,442,443,444,447,448,450,452,453,461,462,463,467,468,470,471,474,477,483,486,487,494,500,509,514,522,553,555,576,591
18,2,4,6,7,8,10,11,12,13,14,15,16,17,18,19,21,22,23,24,25,26,27,28,29,30,31,32,33,34,35,36,37,38,40,41,42,43,44,45,46,47,48,49,50,51,52,53,54,55,56,57,58,59,60,61,62,63,64,65,66,67,68,69,70,71,72,73,74,75,76,77,78,79,80,82,83,84,85,86,88,89,90,91,92,93,94,95,96,97,98,100,101,102,103,104,105,106,107,108,109,110,111,112,113,114,115,116,117,118,119,120,121,122,123,124,125,126,127,128,129,130,131,132,133,134,135,136,138,139,140,141,146,148,149,150,151,152,153,154,155,156,157,159,160,161,162,163,164,165,166,167,168,169,170,171,172,173,174,175,176,177,178,179,180,183,184,185,186,187,188,189,190,191,192,193,194,195,196,197,198,199,200,201,202,203,204,205,206,208,209,210,212,213,214,215,216,217,218,219,220,221,222,224,228,229,230,231,233,234,235,236,242,244,247,249,250,252,254,260,262,267,268,269,273,276,279,280,281,285,288,289,292,294,295,300,305,308,317,318,320,324,346,347,365,385,389,393,400,405,406,407,411,416,420,434,443,452,453,457,459,460,482,488,503,512,518,541,671,694
19,3,5,6,7,8,10,11,12,14,16,17,18,19,20,21,22,23,24,25,26,27,28,29,30,31,32,33,34,35,36,37,38,39,40,41,42,43,44,45,46,47,48,49,50,51,52,53,54,55,56,57,58,59,60,61,62,63,64,65,66,67,68,69,70,71,72,73,74,75,77,78,79,80,81,82,83,84,85,86,87,88,89,90,91,92,93,94,95,96,97,98,99,100,101,102,103,104,106,107,108,109,110,111,112,114,115,116,117,118,119,120,122,123,124,125,126,127,128,129,130,131,132,133,134,135,136,137,139,140,141,142,144,145,146,147,148,149,150,151,152,153,154,155,156,157,158,159,160,161,162,163,164,165,166,167,168,169,170,171,172,173,174,175,176,177,178,179,180,181,183,185,188,189,190,191,192,193,194,195,196,197,198,199,200,202,204,205,206,208,209,210,211,212,213,214,215,216,217,218,219,220,221,223,224,225,226,227,228,229,230,231,233,234,235,238,239,241,242,243,244,245,246,249,250,251,253,254,255,256,257,258,259,260,261,262,263,265,268,272,273,276,278,280,282,284,285,286,287,289,290,291,292,293,294,295,299,301,303,304,306,307,316,317,323,328,329,331,336,337,342,349,351,354,358,386,414,416,417,427,430,447,450,459,461,467,468,491,494,628
20,2,4,5,6,7,8,9,10,11,12,15,16,19,20,21,22,23,24,25,26,27,28,29,30,31,32,33,34,35,36,37,38,39,40,41,42,43,44,45,46,47,48,49,51,52,53,54,55,56,57,58,59,60,61,62,63,64,65,66,67,68,69,70,71,72,73,74,75,76,77,78,79,80,82,83,84,85,86,87,88,89,90,91,92,93,94,95,97,98,99,100,101,102,103,105,106,107,108,109,110,111,112,113,114,115,117,118,119,121,122,123,124,125,126,127,128,129,130,131,132,133,134,135,136,137,138,139,140,141,142,143,144,145,146,147,148,149,150,152,153,155,156,157,158,159,160,161,162,163,164,165,166,167,168,169,170,171,172,173,175,176,177,178,179,180,181,182,183,184,185,186,187,188,189,190,191,193,194,195,196,197,199,200,201,202,203,204,205,207,208,209,213,214,215,217,220,221,222,224,225,226,229,230,232,234,236,237,240,241,242,243,244,245,247,248,249,252,253,256,258,259,260,267,269,276,278,279,281,282,284,285,286,289,296,308,315,317,320,335,345,366,368,369,371,393,406,410,418,419,422,424,428,441,450,460,462,473,474,479,532,609,612,694
21,8,12,14,15,16,17,18,19,20,21,22,23,24,25,26,27,28,29,30,31,32,33,34,35,36,37,38,39,40,41,42,43,44,46,47,48,49,50,51,52,53,54,55,56,57,58,59,60,61,62,63,64,65,66,67,68,69,70,72,73,74,75,76,77,78,79,80,81,82,83,84,85,86,87,88,89,90,91,92,93,94,95,96,97,98,99,100,101,102,103,104,105,106,107,108,109,110,111,112,113,114,115,116,117,118,119,120,121,122,123,124,125,126,127,128,129,130,131,132,133,136,137,138,140,141,143,144,145,147,148,149,150,151,153,155,156,157,158,159,160,161,162,163,164,165,166,167,168,170,171,172,173,175,176,177,178,179,180,181,182,183,184,185,186,187,188,189,190,193,194,195,196,197,199,200,201,202,203,206,207,209,210,211,212,213,214,215,217,218,220,221,222,226,227,228,229,233,234,235,237,238,243,244,247,250,253,255,257,258,261,264,265,266,268,270,272,278,279,281,287,288,291,292,300,303,304,305,306,307,308,319,326,335,336,348,363,379,388,396,409,414,415,416,422,425,429,444,449,470,486,500,654,671
22,13,14,17,18,19,20,21,22,23,25,26,27,28,29,30,31,32,33,34,35,36,37,38,39,40,41,42,44,45,46,47,48,49,50,51,52,53,54,55,56,58,59,60,61,62,64,65,66,67,68,70,71,72,73,74,75,77,78,79,80,81,82,83,84,85,86,87,88,89,90,91,92,93,94,95,97,98,99,100,101,102,103,104,105,106,107,108,109,110,111,113,114,115,117,118,119,121,122,123,124,125,126,127,128,129,130,132,133,134,135,136,137,138,139,140,141,142,143,144,146,147,148,150,151,152,153,154,156,158,159,160,162,163,164,165,166,167,168,169,170,171,172,173,174,175,176,177,178,179,180,181,182,183,184,185,186,187,188,189,190,191,192,193,195,196,198,200,201,202,203,204,211,213,214,215,216,217,218,219,221,222,223,224,225,226,227,228,238,241,242,243,248,252,253,254,259,270,272,280,282,297,298,315,318,332,334,341,356,360,363,395,398,415,421,432,438,439,442,444,445,448,454,487,499,523,564
23,9,12,16,17,18,19,20,21,22,23,24,25,26,27,28,29,30,32,33,34,35,36,37,38,39,40,41,42,43,44,45,46,47,48,49,50,51,52,53,54,55,56,58,59,60,61,62,63,64,65,66,67,68,69,70,71,72,73,74,75,76,77,78,80,81,82,83,84,85,86,87,88,89,90,91,92,93,94,97,98,99,100,101,102,104,105,106,107,108,109,110,111,112,113,115,117,118,119,120,121,122,123,124,125,126,127,128,129,130,131,132,133,134,135,136,137,138,139,140,141,142,143,144,145,146,147,148,149,150,151,152,153,155,156,157,158,159,160,161,162,164,165,166,167,169,170,171,172,175,176,177,178,179,180,181,182,184,185,186,187,188,189,193,194,195,196,197,201,202,203,204,207,208,209,210,215,216,217,219,220,222,224,225,227,229,233,234,239,240,242,246,248,260,264,266,269,270,272,277,278,286,303,304,305,313,317,323,324,326,333,337,435,636,683
24,5,10,11,12,14,16,18,19,21,22,24,25,26,27,28,29,30,31,32,33,34,35,36,37,38,39,40,41,42,43,44,45,46,47,48,49,50,51,52,53,54,55,56,57,58,59,60,61,62,63,64,65,66,67,68,69,70,71,72,73,74,75,76,77,78,80,81,82,83,84,85,87,88,89,90,91,92,94,96,97,98,99,100,101,102,103,104,105,106,107,108,109,110,111,112,113,114,115,116,117,119,120,121,122,123,124,125,126,129,130,131,132,133,134,135,136,137,138,140,142,144,146,148,150,151,152,154,155,156,157,159,160,161,163,164,165,166,168,169,170,171,173,174,175,176,177,178,180,181,182,183,184,185,186,187,188,189,190,191,192,193,194,195,196,198,199,200,201,202,203,204,206,209,210,211,212,213,214,215,216,217,219,223,227,228,233,234,235,240,241,242,254,259,261,268,272,281,282,288,289,290,291,293,296,299,311,312,315,400,414,483,504,636,668
25,9,22,24,25,26,27,28,29,30,31,32,33,34,35,36,37,38,39,40,41,42,43,44,45,46,47,48,49,50,52,53,54,55,56,57,58,59,60,61,62,63,64,65,66,67,68,69,70,71,72,73,74,75,76,77,78,79,80,81,82,83,84,85,86,87,88,89,90,91,92,93,94,95,96,97,98,99,100,101,102,103,104,105,107,108,109,111,112,113,114,115,117,118,120,121,122,123,125,126,128,130,131,132,133,135,136,137,138,139,142,145,146,147,148,149,150,151,152,153,155,156,160,161,165,166,170,171,173,174,178,187,189,192,193,194,195,197,198,202,206,207,208,214,217,220,221,222,226,229,231,238,240,242,246,247,250,256,258,259,261,264,277,286,288,294,296,297,298,314,321,323,372,473,553
26,22,26,27,28,30,31,32,33,34,35,36,37,38,39,40,41,42,43,44,45,46,47,48,49,50,51,53,54,55,56,57,58,59,60,61,62,63,64,65,66,67,68,70,71,73,74,76,77,78,79,80,81,82,83,84,85,86,87,88,89,90,91,92,94,95,96,97,98,99,100,101,102,103,104,105,106,107,108,109,110,111,112,113,114,115,116,118,119,120,121,122,123,124,125,126,127,128,129,130,132,133,134,135,136,137,138,140,141,142,144,146,147,149,152,153,154,155,156,157,159,160,162,163,165,166,171,172,173,174,175,176,177,178,179,182,183,184,185,186,187,188,189,190,192,193,194,195,196,199,201,202,207,208,209,210,211,213,214,215,217,218,219,221,222,228,229,231,236,249,253,254,257,260,267,290,300,310,316,320,349,355,605
27,4,19,25,29,30,31,32,33,35,36,37,39,40,41,42,43,44,45,46,47,49,51,52,53,55,56,57,58,59,60,61,62,63,64,65,66,67,68,69,70,71,72,73,74,75,76,77,78,79,80,81,82,83,84,85,86,87,88,89,90,91,92,93,94,95,96,97,98,99,100,101,102,103,104,105,106,107,108,111,112,114,115,116,117,119,120,121,122,123,125,127,132,133,134,135,137,138,140,141,143,146,147,148,149,150,151,152,154,156,157,159,160,163,164,165,166,167,169,172,173,174,175,176,177,178,180,181,182,183,185,186,187,188,189,191,192,193,194,195,196,197,199,200,201,202,204,205,208,209,210,215,217,219,221,224,225,226,228,229,230,232,233,234,238,240,245,249,255,260,261,263,264,267,276,282,289,299,300,303,315,321,332,389,472,524,673
28,26,28,30,31,32,33,34,35,36,37,38,39,40,41,42,43,44,45,46,47,48,49,50,51,52,54,55,57,58,59,60,61,62,63,64,65,66,67,68,69,70,71,72,73,74,75,76,77,78,81,82,83,84,85,86,87,88,89,90,91,92,93,94,96,97,98,99,100,101,102,103,104,106,107,108,109,110,111,112,114,115,116,117,118,119,120,122,124,125,126,127,128,129,136,138,139,141,143,144,145,147,149,150,153,154,155,156,157,158,159,160,162,163,165,167,169,174,176,179,180,181,186,188,189,192,193,194,195,197,198,199,200,201,204,205,206,207,208,211,212,213,214,218,219,220,222,223,225,228,229,230,235,238,239,240,241,242,244,245,246,247,248,250,255,258,262,267,269,270,272,274,276,277,278,282,288,289,292,294,296,299,300,302,322,326,329,344,356,359,397,536,571,577
29,10,25,29,31,32,33,35,36,37,39,40,41,42,43,44,45,46,47,48,49,50,51,52,53,54,55,56,57,58,59,60,61,62,63,64,66,67,68,71,72,73,74,75,76,77,78,79,80,81,82,83,84,85,86,87,88,89,90,91,92,93,94,95,96,97,99,100,101,102,104,105,106,107,108,110,111,112,114,115,116,118,119,120,121,124,125,126,127,128,129,130,131,132,133,134,135,136,137,138,139,140,141,142,143,144,145,148,149,151,153,154,155,156,162,170,173,174,176,177,179,181,189,192,196,197,201,202,203,205,212,216,219,220,221,224,228,229,231,238,245,248,257,268,269,277,295,298,306,310,323,352,476,506,606,646
30,9,22,24,26,27,28,29,30,33,34,35,36,37,38,39,40,42,44,45,46,47,49,50,51,52,53,54,55,56,57,58,59,60,61,62,63,64,65,66,68,69,70,71,72,73,74,75,76,77,78,79,80,81,82,84,85,86,87,88,89,90,91,92,93,94,95,96,97,98,99,100,101,102,103,104,105,106,107,108,109,110,111,113,114,115,117,120,122,123,124,125,127,128,129,130,131,133,134,139,140,142,144,145,146,148,154,155,157,158,162,163,165,167,171,173,176,177,179,181,182,185,186,188,189,191,192,193,194,196,198,202,203,204,205,207,208,210,213,216,218,220,221,224,228,232,233,235,236,240,244,248,249,250,253,257,259,263,264,266,271,275,288,294,299,302,312,317,392,405,412,672
31,18,25,26,27,28,29,30,31,33,34,36,37,38,39,40,41,42,43,44,45,46,47,48,49,50,51,52,53,55,56,57,59,60,61,63,64,65,66,67,68,69,70,71,72,73,74,78,79,80,82,83,84,85,86,87,88,90,92,93,94,95,96,97,98,102,103,104,105,106,107,108,110,111,112,113,114,115,116,117,118,119,120,121,122,123,124,125,126,127,128,129,130,131,132,134,135,136,138,139,140,142,143,144,145,149,150,152,153,154,156,162,165,168,169,171,174,181,183,184,186,187,188,189,190,193,194,198,200,203,206,218,225,229,231,232,233,239,242,262,265,268,271,272,274,305,319,345,383,397,658
32,18,19,20,21,22,23,25,26,27,28,29,30,31,32,33,36,39,41,43,45,46,48,49,50,51,54,55,57,58,59,61,62,63,64,65,66,67,68,69,70,71,72,73,74,75,76,77,78,79,80,81,82,83,84,85,86,87,88,89,91,92,93,94,96,97,100,101,102,104,106,107,109,111,112,114,115,117,118,119,120,121,122,123,124,125,126,127,128,129,133,135,136,139,140,141,142,143,144,145,147,148,150,151,153,155,159,166,168,171,177,178,179,181,182,183,187,188,189,192,194,196,197,198,200,213,216,221,225,227,229,230,232,234,245,257,266,268,284,448,496,642
33,15,20,21,23,24,26,28,29,31,33,34,35,37,39,40,41,42,43,45,46,47,49,50,53,55,56,59,60,61,62,63,64,65,66,67,68,69,70,72,74,75,76,77,78,80,81,82,84,86,90,91,92,93,98,99,100,102,103,104,105,106,107,108,109,110,111,112,113,114,115,116,117,118,119,120,121,122,123,124,125,126,129,130,131,132,133,134,135,136,137,140,144,145,147,150,155,156,159,160,162,163,165,166,168,169,170,177,180,183,195,203,204,245,251,252,254,271,273,274,344,377,393,569
34,2,12,36,46,52,54,55,57,60,62,65,66,67,73,74,76,78,79,81,84,88,90,91,94,96,98,99,100,101,102,105,106,110,111,115,119,129,134,135,140,144,146,149,151,154,166,186,189,193,198,200,203,209,224,227,246,251,259,293,589,621
35,10,15,43,66,101,116,126,130,136,144,148,149,151,162,164,167,178,191,212,216,227,248,272,331,338,660
36,424,534,586,699
37,535,538,545,552,568,578,579,608,648,680
38,108,155,441,506,544,560,563,597,665
39,10,384,513,522,524,562,574,604,609,612,658
40,267,510,522,533,542,562,564,566,597,613,623
41,524,529,530,535,543,553,554,570
42,514,516,517,527,539,544,551,578,587,590,616
43,4,359,409,418,430,516,520,527,529,531,534,536,537,539,540,542,545,546,550,552,557,562,563,566,568,576,585,587,614,623,683
44,241,385,417,461,468,493,519,525,526,527,531,541,545,546,548,549,553,554,570,571,573,580,592,605,620,630
45,132,396,512,532,540,548,575,579,582
46,44,383,503,530,694
47,265,278,328,549,576
48,245,510,684
49,67,185,355,426
50,103,116,247,322,466,585,676
51,104,353,354
52,236,333,411,418,675
53,356,377,447,471
54,27,113,436,486,597
55,88,355,642,645,674
56,93,149,208,242
57,199,340,352,483,668
58,131,302,334
59,139
60,239,279,442,556,648
61,378,381,419
62,117,214,262,507,547,549
63,75,347,380,449,648
64,354,386,468,534
65,50,92,112,121,172,186,277,278,280,306,308,423,590
66,43,146,582
67,9,150,276,346,366,483,558
68,255,477,578,666,667
69,16,24,102,156,168,236,244,633
70,5,150,340,688
71,24,196,285,348,607
72,
73,
74,
75,
76,
77,
78,
79,
80,
81,
82,
83,
84,
85,
86,
87,
88,
89,
90,
91,
92,
93,
94,
95,
96,
97,
98,
