13
0,537
1,69,448,578
2,32,117,225,298
3,202,334,363,369,493,615,632
4,118,137,178,204,285,313,527
5,48,189,190,194,212,215,218,268,377,388,418,481,490,495,500,501,503,506,510,513,520,523,524,527,567,590
6,60,68,77,78,79,81,82,84,85,86,88,89,91,103,374,484,485,487,488,489,490,493,496,501,503,504,505,506,507,511,513,515,520,523,531,536,541,558,659
7,36,42,62,64,66,67,68,69,70,72,73,74,75,76,77,78,79,80,81,82,83,84,85,86,87,88,89,90,91,92,93,94,95,96,97,98,99,101,102,103,104,105,106,108,109,110,111,113,114,116,117,119,120,121,122,124,125,126,127,129,130,131,133,135,136,137,139,142,453,512
8,46,57,63,64,65,67,68,69,70,71,72,73,74,75,76,77,78,79,80,81,82,83,84,85,86,87,88,89,90,91,92,93,94,95,96,97,98,99,100,101,102,103,104,105,106,107,108,109,110,111,112,113,114,115,116,117,118,119,120,121,122,123,124,125,126,127,128,129,130,131,132,133,134,135,136,137,139,140,141,142,143,145,146,147,148,149,151,152,153,154,155,156,157,158,159,160,161,162,163,165,166,167,168,169,170,171,172,173,174,175,176,177,178,179,180,181,182,183,184,185,186,187,188,189,190,191,192,193,194,195,196,197,198,199,200,201,202,203,205,206,207,208,209,210,211,212,214,215,216,217,218,219,220,221,222,223,224,226,227,229,231,232,235,241,262,272,290,398,552
9,25,52,56,58,60,62,64,65,66,73,74,75,77,78,79,81,83,84,85,87,89,90,91,92,93,95,96,98,99,100,101,102,103,104,105,106,108,109,110,112,113,114,115,116,117,118,119,120,121,122,123,124,125,126,127,128,129,130,131,132,133,134,135,136,137,138,139,142,143,144,145,146,147,148,149,152,153,155,156,157,158,160,161,162,164,166,167,168,169,170,171,172,173,174,175,176,177,178,179,181,183,184,185,186,187,188,189,190,191,192,193,194,195,196,197,198,199,200,201,202,203,204,205,206,207,208,209,210,211,212,213,214,215,216,217,218,219,220,222,223,224,225,226,227,228,229,230,232,233,234,235,236,237,238,239,240,241,242,244,246,247,248,249,250,251,252,253,254,255,256,258,259,260,263,264,265,267,268,269,270,273,274,275,276,277,279,280,281,282,283,284,285,286,287,288,289,291,296,297,299,300,302,303,304,307,309,315,317,323,327,329,330,332,338,350,352,368,369,378,400,437,500,525,628
10,72,84,86,89,90,91,92,94,96,97,100,101,102,103,104,107,108,109,110,118,122,124,127,131,133,135,136,141,143,150,151,152,158,161,167,172,182,186,195,203,206,208,214,227,231,232,234,236,237,238,243,244,248,252,256,257,258,260,261,269,272,274,278,282,300,301,347,357,426,666
11,57,58,64,76,78,80,121,198,199,228,364,365,508,553,660,667
12,57,60,62,63,64,65,66,67,68,70,71,72,73,74,76,77,78,81,82,83,87,89,91,98,155,333,347,354,465,493,517
13,54,55,56,57,58,61,62,63,64,65,66,67,68,69,70,71,72,73,74,75,76,77,78,79,80,81,82,83,84,85,86,87,89,90,91,92,93,94,95,96,97,99,100,101,102,103,104,105,106,107,108,109,110,111,113,115,121,124,126,137,139,186,197,227,378,383,446,475,545,646,678
14,40,46,57,58,59,60,61,62,63,64,65,66,67,68,69,70,71,72,73,74,75,76,77,78,79,80,81,82,83,84,85,86,87,88,89,90,91,92,93,94,95,96,97,98,99,100,101,102,103,104,105,107,108,109,110,111,112,113,114,115,116,117,118,119,120,121,122,123,124,125,126,127,128,129,130,132,133,134,135,136,137,138,139,140,143,144,145,146,147,148,150,151,152,153,155,156,158,159,160,161,162,164,165,166,167,168,169,170,171,172,173,176,177,178,179,180,181,182,183,185,186,187,188,189,190,191,193,194,196,197,198,199,200,202,204,206,208,209,213,218,221,223,224,225,226,227,228,233,234,237,238,239,241,243,245,250,251,254,260,262,270,272,283,297,334,355
15,53,55,59,61,62,63,64,65,66,67,68,70,71,72,73,74,75,76,77,78,79,80,81,82,83,84,85,87,88,89,90,91,92,93,94,95,96,97,98,99,100,101,102,103,104,105,107,108,110,111,113,114,115,116,118,120,121,122,123,124,125,126,128,129,130,131,132,133,134,136,137,139,140,141,144,145,146,147,148,149,150,151,152,153,154,155,156,157,158,159,160,162,163,165,167,168,169,170,171,172,173,174,175,176,177,178,179,180,181,182,183,184,185,186,187,188,189,190,191,192,193,194,196,197,198,199,200,201,202,203,204,205,207,208,210,211,212,214,215,216,217,218,219,220,221,223,224,225,226,227,228,230,232,234,236,237,239,240,242,243,244,245,246,247,248,249,250,251,252,253,254,255,256,257,258,259,260,261,262,263,264,265,266,267,268,269,270,271,272,273,274,275,276,277,279,280,281,282,283,284,286,289,290,291,292,298,300,302,303,307,309,320,329,335,337,339,340,347,352,353,363,376,379,398,400,403,448,468,510,643,668
16,52,53,56,59,60,61,62,63,64,65,66,67,68,69,70,71,72,73,74,75,76,77,78,79,80,81,82,83,84,85,86,87,88,89,90,91,92,93,94,95,96,97,98,99,100,103,105,106,107,108,109,111,112,113,114,115,116,117,118,119,120,122,123,125,126,127,128,129,130,131,132,133,134,135,137,138,139,141,142,143,144,145,146,147,148,149,151,152,153,154,155,156,157,158,159,160,161,162,163,164,165,166,169,170,171,172,173,175,176,177,178,179,180,181,182,183,185,186,187,188,189,191,192,193,194,195,196,197,198,199,201,203,204,206,207,209,210,211,212,213,214,215,217,219,220,222,223,224,225,226,227,228,229,230,231,232,233,234,236,237,239,240,241,242,244,246,249,250,251,253,254,256,258,259,260,261,262,264,265,266,267,268,270,272,273,274,276,277,279,280,286,287,289,290,291,294,296,298,299,300,301,302,303,304,305,306,307,309,311,312,313,314,315,317,318,319,320,321,322,323,325,326,327,328,329,330,331,333,335,336,337,338,340,341,342,343,344,345,347,348,349,350,352,354,355,356,357,358,359,360,361,362,363,364,366,367,368,370,373,376,378,380,381,385,388,389,393,395,398,400,402,418,419,437,438,452,454,463,683
17,52,56,58,59,62,64,65,66,67,68,69,70,71,72,73,74,75,76,77,78,79,81,82,83,85,86,87,88,90,91,92,93,94,95,96,97,98,99,100,101,102,103,104,105,106,107,108,109,110,111,112,113,114,115,116,117,119,120,121,122,123,125,126,129,130,131,132,133,135,136,137,138,139,140,141,142,143,144,146,152,154,155,156,158,159,160,161,162,163,164,165,166,167,170,174,177,179,180,181,182,183,185,186,187,189,191,192,194,195,196,198,199,200,201,202,205,208,209,212,214,218,219,220,221,222,231,235,237,238,239,240,242,245,246,247,249,250,251,252,253,254,255,256,257,258,259,260,261,262,263,264,265,266,267,269,270,271,272,273,274,275,276,277,278,279,280,281,282,283,284,285,286,287,288,290,291,292,293,294,295,296,297,299,300,301,302,303,304,305,306,309,310,311,312,313,314,317,318,320,321,322,324,325,326,328,329,330,331,335,336,337,338,339,341,342,343,346,348,349,351,353,354,355,356,359,360,361,362,363,368,371,372,375,380,381,385,388,390,394,399,403,406,408,418,421,425,429,437,443,468,507,527
18,55,59,60,61,62,63,65,66,67,68,69,70,71,74,75,77,78,80,81,82,83,84,85,86,87,88,89,90,91,92,93,94,95,96,97,98,99,100,101,102,103,105,106,107,109,110,111,112,113,114,115,116,117,118,119,120,121,122,123,124,125,126,127,129,130,131,132,133,137,138,139,142,143,144,145,149,150,152,157,158,159,161,162,163,164,167,168,169,170,172,173,174,175,176,177,178,179,182,184,186,187,188,190,191,192,193,195,197,198,199,201,202,204,207,209,212,214,215,216,218,220,221,222,223,225,226,227,228,229,230,231,232,234,235,236,237,238,239,240,242,244,245,246,247,248,249,250,251,252,253,255,256,257,258,260,261,262,264,265,266,267,268,269,270,271,272,274,275,276,277,278,279,280,281,282,283,284,285,286,287,288,289,290,291,292,293,294,295,297,298,299,300,301,303,304,305,307,309,310,312,313,314,316,318,319,323,324,325,326,327,329,330,331,332,333,334,335,336,337,338,339,340,342,343,345,346,347,348,349,350,351,352,353,354,356,357,358,359,363,364,366,367,368,369,371,372,373,374,377,378,379,380,382,383,385,386,387,389,390,391,392,393,395,397,398,401,402,407,414,416,417,420,423,428,430,472,484,486
19,55,58,60,61,62,63,64,66,67,69,72,73,74,75,76,77,79,80,81,82,83,84,85,86,87,88,91,92,93,94,95,96,97,98,99,103,104,106,109,110,111,112,113,114,115,116,117,119,120,121,122,123,125,127,128,129,130,132,137,138,140,141,144,145,146,147,149,150,152,153,154,155,157,159,161,163,164,165,167,168,170,171,175,176,177,178,179,180,181,183,184,185,187,188,189,192,193,194,195,197,199,200,202,203,207,209,210,212,213,214,216,217,218,219,221,222,223,225,227,228,230,231,232,233,235,245,246,247,248,249,250,251,254,257,258,259,261,263,264,267,268,269,271,272,273,274,275,276,279,281,282,283,285,287,288,289,290,291,292,293,294,295,296,298,301,302,303,304,305,306,307,308,309,310,311,312,314,315,316,317,318,319,320,321,322,324,325,326,327,328,329,332,333,334,335,336,337,338,341,342,343,344,345,346,348,349,350,351,352,354,355,356,357,358,359,361,362,364,365,369,370,371,372,376,379,381,382,383,387,390,391,392,394,397,398,399,409,411,414,424,432,436,437,438,449,451,458,481,493,511,573
20,19,48,52,57,60,61,62,63,64,65,66,68,69,70,71,72,73,74,75,76,77,78,79,81,82,83,85,86,87,88,89,90,91,93,94,95,96,97,98,99,100,101,102,103,104,106,109,110,112,113,117,118,120,122,123,124,125,126,127,129,130,132,133,134,135,137,138,141,143,144,146,148,149,150,151,152,155,156,158,159,160,164,165,166,167,168,171,173,174,177,178,179,182,185,188,191,193,194,197,199,200,201,205,206,214,217,220,223,227,228,229,230,231,233,235,236,238,240,241,242,244,248,251,252,253,254,255,257,259,260,262,263,264,266,267,268,271,272,274,275,276,277,278,280,281,282,283,284,285,286,288,289,290,292,293,295,296,297,298,299,301,302,303,304,305,307,311,312,313,314,315,316,317,318,319,320,321,322,323,325,326,327,328,329,335,336,338,339,340,341,343,344,346,348,351,352,354,356,357,359,360,362,367,370,372,375,376,379,385,387,390,391,392,394,397,398,400,401,402,403,405,406,408,409,417,419,421,430,452,458,468,479,484,504
21,56,58,60,62,63,64,66,67,68,69,70,73,74,76,77,78,79,80,81,82,83,84,86,87,88,89,90,91,92,94,97,98,100,101,102,106,107,108,110,111,112,113,114,115,117,118,119,120,121,123,125,126,127,128,129,130,133,134,136,137,138,139,140,142,143,145,146,147,148,149,150,151,155,157,160,162,163,165,166,167,169,171,174,175,178,181,182,183,188,189,193,199,200,204,205,209,211,212,213,214,216,219,221,223,225,226,227,228,229,230,232,233,235,236,240,241,253,254,258,260,262,263,264,265,267,272,273,274,277,278,280,281,282,283,285,286,288,292,293,296,299,300,301,302,304,305,306,307,308,309,310,311,313,315,317,320,321,323,327,328,332,334,335,336,340,341,342,343,345,348,349,351,352,353,354,355,356,357,358,360,363,364,365,366,367,368,371,372,374,375,377,378,379,380,381,382,383,386,387,388,389,390,391,392,395,398,399,400,402,403,404,405,406,407,409,410,412,414,416,420,430,432,433,434,439,441,442,448,454,461,462,473,484,538,621,664
22,55,58,60,61,62,63,65,66,67,68,69,70,71,72,74,75,76,77,78,79,80,81,82,84,86,87,88,92,93,94,95,97,98,99,100,101,102,103,104,105,106,107,108,109,110,111,112,113,115,116,117,118,119,120,121,122,125,126,133,134,135,137,138,140,141,142,143,144,145,147,148,149,150,154,155,156,158,159,161,163,164,166,169,170,173,174,175,176,178,180,182,184,185,189,190,191,197,199,202,210,213,218,219,221,222,223,227,230,232,234,238,239,243,246,250,251,253,258,260,263,264,265,269,270,271,272,273,274,275,277,279,282,286,287,289,290,292,296,297,299,301,303,304,305,306,308,310,311,312,314,315,316,317,318,321,323,324,325,327,328,329,331,334,335,336,338,341,342,344,345,346,347,348,349,350,351,352,353,355,356,357,358,360,361,362,363,364,365,367,368,369,370,371,373,374,375,377,378,380,382,384,385,386,387,388,389,390,391,392,395,397,398,399,402,403,404,406,407,408,411,413,415,416,418,420,423,424,427,428,432,437,440,442,461,463,479,484,485,489,521
23,38,50,51,54,60,63,65,66,68,69,70,71,73,74,75,76,77,79,80,81,82,83,84,85,86,87,88,89,90,93,95,96,97,98,99,100,101,102,103,104,105,106,107,108,109,110,112,113,114,115,116,117,120,121,122,123,125,127,129,130,132,133,134,135,136,139,141,143,144,145,146,153,160,163,165,167,168,170,173,174,177,182,184,186,187,194,197,198,200,201,203,204,205,206,211,213,217,220,222,227,228,229,231,232,235,236,237,239,240,241,242,248,253,260,262,265,266,271,272,273,276,277,280,281,282,284,286,288,289,290,291,293,294,295,296,298,299,302,303,305,306,307,308,309,310,311,313,315,316,317,321,322,323,324,325,326,329,330,332,334,335,337,339,341,343,346,348,349,351,352,353,354,355,356,357,359,361,362,363,364,365,366,370,373,374,375,377,379,380,381,383,386,388,389,390,392,393,394,395,396,398,401,403,405,409,411,412,413,415,417,420,424,428,429,437,442,458,459,463,464,471,473,596
24,60,62,64,65,67,69,70,72,74,75,76,77,78,79,80,81,82,83,84,85,87,88,89,90,91,92,94,95,96,97,98,99,100,102,103,104,105,107,108,111,113,114,115,117,120,122,123,125,127,130,131,134,135,137,139,141,147,148,149,150,152,153,157,158,159,164,165,169,171,172,173,181,184,193,194,195,196,200,201,202,203,204,205,206,209,211,213,217,218,221,223,225,226,227,228,229,230,232,234,236,237,239,241,243,245,250,251,254,255,256,260,264,268,269,271,272,274,276,279,280,282,284,287,289,291,293,295,296,297,298,300,301,302,303,304,305,306,307,308,309,310,314,317,319,320,324,325,327,328,329,330,331,332,334,335,337,339,340,341,342,344,345,346,347,349,351,353,354,357,358,359,363,364,366,368,370,371,373,375,378,380,381,382,383,384,387,388,390,391,392,395,396,398,405,406,409,411,412,416,418,419,422,424,442,455
25,38,60,62,64,67,69,70,71,72,73,74,75,76,78,79,81,82,83,84,86,88,89,90,91,93,94,95,97,98,100,101,102,103,104,105,106,108,109,111,113,115,117,118,120,121,122,123,124,128,129,130,134,136,137,139,140,141,142,143,146,149,151,153,161,164,165,167,173,175,176,179,182,185,186,187,189,190,191,192,193,195,200,204,206,210,218,219,220,222,223,224,228,234,242,244,245,246,247,250,252,258,259,260,261,264,265,266,268,271,274,275,276,277,278,280,283,285,288,289,293,294,295,297,298,299,300,306,307,308,309,310,312,313,314,315,321,323,324,327,328,330,331,333,335,336,338,339,341,345,348,349,352,355,359,362,363,365,367,369,372,378,381,383,384,386,390,391,392,393,395,396,400,403,410,416,427,433,437,439,440,442,452,459,463,509,523
26,44,57,59,62,64,66,68,69,70,71,72,73,74,75,76,77,78,81,83,84,85,86,87,89,90,91,92,93,94,95,96,97,98,99,100,101,104,109,111,113,114,115,117,121,122,123,124,125,130,131,132,133,135,136,140,142,143,146,150,156,157,158,163,164,166,168,169,170,172,174,178,181,182,186,187,188,189,196,197,202,206,207,210,211,212,214,215,220,228,230,231,232,235,237,241,246,247,250,252,254,255,258,259,260,262,267,268,269,270,271,272,273,274,277,279,280,282,284,287,289,290,291,293,294,295,297,299,300,302,304,308,316,321,322,328,329,333,334,339,340,342,343,346,347,349,354,355,356,357,359,360,361,362,364,365,368,373,376,377,382,385,387,390,391,394,395,397,398,400,409,413,414,417,418,420,421,423,425,427,435,438,439,442,443,445,447,448,455,459,460,465,504,548,610
27,54,61,64,65,66,67,68,69,70,71,72,73,74,75,76,77,78,79,81,82,84,85,86,87,89,91,92,98,99,101,102,103,104,105,106,108,109,110,112,113,115,116,117,118,119,120,121,122,129,131,132,133,134,135,136,137,138,140,143,145,147,148,150,151,156,165,167,168,169,170,171,173,174,177,178,179,180,181,182,183,184,189,190,192,193,194,195,196,197,200,207,208,210,213,219,220,221,223,224,225,228,229,230,232,235,239,242,248,252,253,254,257,262,263,269,272,274,277,278,281,283,285,286,290,291,295,299,301,302,306,310,312,317,322,324,326,336,338,340,341,342,345,347,348,349,351,352,353,354,356,360,361,362,363,364,365,366,367,370,371,372,373,374,375,378,383,388,389,393,399,400,401,405,410,414,426,429,445,469,480
28,59,60,65,66,67,69,70,72,73,74,75,76,77,78,79,80,82,84,85,86,87,88,89,90,92,93,94,95,96,97,98,99,100,101,102,105,106,107,110,111,112,113,114,117,118,119,120,121,123,124,126,127,128,130,131,132,133,134,135,136,137,139,140,142,143,144,146,147,154,161,162,163,167,169,171,175,179,183,186,188,189,193,199,209,214,218,226,228,229,234,235,237,238,240,245,256,262,268,269,270,271,272,273,285,286,287,288,292,293,295,299,300,304,305,306,309,313,316,318,331,337,338,341,343,348,350,354,355,356,359,362,364,365,366,370,371,372,373,374,375,376,378,379,381,382,385,387,390,391,392,395,398,399,400,402,410,414,426,432,444,450,457,473,494,514,573,583
29,58,59,60,61,62,65,68,69,70,71,73,74,75,76,79,80,82,84,85,86,87,88,89,90,91,93,94,95,96,99,100,102,103,105,107,109,111,113,114,115,116,117,119,120,121,122,124,128,129,130,132,136,140,144,145,146,149,154,155,157,162,164,168,170,171,172,175,179,180,181,183,189,191,197,199,210,219,221,222,224,227,228,229,231,232,235,246,248,251,252,253,258,264,267,268,270,274,276,277,278,282,283,284,286,287,288,290,291,293,296,305,307,311,313,323,324,326,327,331,332,340,356,360,361,363,365,370,371,373,377,381,384,386,390,391,394,403,407,409,411,412,414,416,426,433,436,437,453,463,468,478,484,512,524
30,57,59,64,65,68,69,70,71,75,76,77,78,80,81,82,83,84,85,86,87,88,89,90,91,92,93,94,96,97,99,102,103,104,105,106,110,111,114,115,116,118,119,122,124,125,127,130,133,140,141,143,146,147,148,149,150,152,154,157,158,159,160,168,172,177,178,182,183,184,187,189,190,192,196,199,200,201,218,220,225,228,232,233,235,246,247,254,259,260,263,267,269,271,272,273,274,275,278,281,282,284,285,287,288,295,296,297,301,302,307,311,313,314,315,317,319,323,324,334,341,342,343,344,345,352,355,375,380,381,382,383,387,409,411,418,421,431,440,443,450,454,456,466,487,521,641,663
31,32,59,63,64,67,69,70,71,72,73,74,75,76,77,78,79,80,81,82,84,85,86,88,89,90,91,92,93,95,96,98,100,102,103,104,105,106,107,108,110,111,113,114,115,116,117,119,121,123,126,127,130,136,139,148,149,151,162,165,167,168,171,173,174,176,177,183,184,185,186,188,189,190,199,200,201,202,203,209,216,217,219,222,223,227,229,230,231,232,234,235,240,246,250,251,252,253,256,257,260,261,262,265,266,267,268,270,271,272,273,274,277,278,279,280,281,285,290,292,293,298,303,304,305,307,311,319,320,321,322,328,329,335,337,345,348,354,359,363,364,372,380,381,382,383,385,386,389,391,399,402,405,411,413,418,426,440,454,469,475,477,500,535,621,657,676
32,22,50,56,57,60,67,68,70,71,72,74,75,77,78,79,80,82,83,84,85,86,87,88,90,91,92,93,95,97,98,99,100,101,102,103,104,105,106,107,108,109,111,112,113,114,115,117,118,120,121,122,125,126,129,130,131,132,134,135,138,139,140,141,142,143,145,147,148,150,151,152,154,155,157,158,160,161,163,170,172,175,176,178,180,183,184,185,187,188,189,190,191,193,194,196,199,200,201,205,206,212,216,219,220,225,226,228,229,230,236,237,238,239,242,243,246,247,249,257,260,262,265,267,268,269,273,275,276,277,279,281,283,284,285,288,289,291,295,297,301,302,305,309,310,312,316,320,321,325,328,347,359,378,384,386,389,393,394,395,397,399,410,411,429,433,434,456,478,480,481
33,11,60,65,66,67,70,71,72,73,74,75,76,78,79,80,81,82,83,84,85,86,87,88,89,91,92,93,96,97,98,100,101,102,103,105,110,111,112,113,115,116,117,118,120,121,122,123,124,125,127,128,130,131,132,133,135,136,137,138,139,140,141,142,143,144,146,147,148,149,150,151,152,153,156,157,159,160,162,164,165,166,167,168,169,174,178,181,184,186,187,188,189,192,193,194,195,196,197,198,200,201,209,210,211,212,213,214,216,218,219,221,224,227,229,234,235,236,237,239,241,251,254,256,259,260,263,265,267,268,271,272,273,274,276,279,281,284,285,297,299,302,308,313,325,354,377,382,388,390,392,402,408,409,420,425,428,440,443,467,491,498,499,511,662
34,60,63,64,68,70,71,72,74,75,76,79,80,81,83,84,85,86,91,92,95,96,99,100,101,104,105,106,107,108,110,111,112,113,114,115,116,117,118,119,120,121,123,124,125,129,131,132,134,135,138,140,143,144,145,148,150,151,152,155,157,160,162,164,172,173,174,175,178,180,181,182,184,185,188,189,190,191,193,194,195,197,201,202,204,207,208,212,214,215,218,221,222,224,225,227,228,230,231,233,234,235,236,239,240,241,242,245,248,250,251,254,257,258,260,265,269,270,272,277,280,282,289,293,294,299,301,309,313,322,374,378,388,413,425,449,473,484,507,577,698
35,59,60,62,63,65,66,69,72,73,74,75,76,77,78,79,80,81,82,83,84,86,87,88,91,92,93,94,95,96,97,99,100,101,105,106,107,108,109,111,112,113,114,117,120,121,122,123,125,126,128,130,131,132,133,134,135,136,137,138,140,143,144,146,151,153,158,159,161,166,170,175,176,177,178,179,180,181,182,183,184,186,187,188,189,190,191,193,195,196,197,200,208,209,213,214,215,221,225,227,229,230,234,238,239,246,247,249,250,251,252,253,255,263,266,271,287,290,293,296,306,307,358,377,390,399,419,428,451,458,496,544,645
36,59,62,65,66,68,69,70,71,72,73,74,76,77,78,79,80,82,83,85,87,89,90,91,92,93,94,95,97,98,99,100,101,102,103,104,105,106,107,108,109,112,113,114,116,117,118,119,120,121,122,123,125,126,127,129,132,135,136,137,139,140,141,142,143,145,148,150,151,152,154,158,159,161,163,164,165,166,168,169,170,172,173,174,175,176,179,180,181,183,184,186,187,189,192,193,194,195,197,201,204,209,216,224,226,227,228,229,231,232,233,235,236,238,240,241,242,244,246,250,251,253,255,258,261,262,263,264,267,273,276,279,284,288,300,325,374,384,394,434,450,661
37,63,64,66,67,69,70,72,73,74,76,77,79,81,82,83,84,85,86,87,88,89,91,92,93,94,95,96,97,98,99,100,103,104,105,106,107,108,109,110,111,114,115,116,120,121,122,123,124,126,127,128,129,133,134,135,136,137,139,140,142,145,155,157,158,162,164,165,167,171,173,175,177,178,185,186,187,189,190,191,194,195,200,202,204,205,206,209,210,211,212,214,215,217,220,221,222,223,225,227,228,229,230,231,232,233,234,235,236,237,238,239,240,241,245,247,249,250,252,253,254,256,257,259,261,262,263,264,265,266,269,270,274,276,279,281,283,285,286,296,298,301,308,309,310,321,323,327,340,342,359,369,375,385,390,399,440,463,496,591,638
38,57,67,68,69,71,74,78,79,80,81,82,83,84,85,86,87,88,89,90,91,92,93,94,95,96,97,98,99,100,101,102,103,104,106,107,108,110,111,112,114,115,116,117,118,119,120,123,124,128,129,131,134,135,138,139,144,145,151,152,157,162,165,167,170,172,173,174,175,176,177,178,181,183,184,185,186,191,192,193,195,198,199,200,202,208,214,216,217,218,219,220,221,222,223,224,227,228,229,230,231,232,234,236,237,238,239,240,241,243,244,245,246,247,249,250,251,257,258,259,263,265,269,270,271,272,273,274,280,283,287,290,292,293,297,298,303,305,309,316,317,326,331,346,347,357,363,439,566
39,53,58,59,62,63,66,68,70,71,72,73,75,76,77,78,79,80,81,82,83,84,85,86,87,89,90,91,92,93,94,95,96,97,98,99,100,101,102,103,104,105,107,109,110,111,113,116,120,123,124,125,127,129,132,134,137,138,139,140,141,142,143,144,147,150,151,152,153,155,157,158,159,164,171,173,174,177,178,179,180,181,182,184,185,187,189,190,191,192,196,198,199,200,203,205,209,210,211,212,213,215,216,217,218,219,220,222,224,225,226,227,229,233,234,235,236,239,240,241,247,248,250,253,254,256,257,259,260,262,263,265,268,270,273,279,280,284,292,295,298,300,303,308,309,311,312,315,319,327,338,591,691
40,28,50,55,58,67,68,71,72,73,74,75,76,77,78,79,80,81,82,83,84,85,86,87,88,89,90,91,93,94,95,96,97,98,99,101,102,103,104,105,106,107,109,111,112,113,114,115,116,117,121,122,123,124,125,126,128,130,131,132,133,135,136,138,139,140,143,144,147,150,152,159,161,162,163,164,165,166,167,169,170,171,172,175,176,178,181,183,184,185,187,192,193,194,195,201,202,203,205,207,208,209,210,211,212,213,214,217,218,219,224,227,228,232,234,236,245,247,250,256,257,260,262,264,266,267,270,275,279,283,290,292,303,305,318,323,347,354,366,375,409,593,675
41,61,64,66,67,68,70,71,72,73,74,75,76,77,79,80,81,85,86,87,88,90,91,92,93,94,95,96,97,98,99,100,101,103,105,107,108,109,110,111,113,114,115,116,117,118,119,120,122,123,124,125,126,127,128,129,130,131,132,133,134,137,138,140,142,145,147,148,149,150,152,154,158,160,163,164,166,167,169,170,178,179,181,182,186,187,188,190,191,193,195,198,199,201,203,204,205,206,208,210,213,214,219,222,223,226,227,239,240,244,247,248,249,260,262,270,290,295,297,301,315,322,328,370,405,617,641
42,61,62,67,68,69,70,71,72,73,74,76,78,79,80,81,82,84,85,86,87,88,90,91,92,93,95,96,97,98,102,103,105,107,108,111,112,113,114,115,116,117,120,121,122,123,124,125,126,127,128,129,131,132,133,135,137,138,139,141,143,145,146,148,149,151,153,154,157,164,165,166,168,169,172,174,175,176,183,184,185,186,187,188,195,206,207,214,218,219,223,224,227,229,230,243,244,245,249,252,255,259,262,270,272,274,292,306,340,415,455,600,607
43,55,57,63,65,66,67,70,72,75,76,77,78,79,80,81,82,84,85,86,87,88,89,90,92,94,96,97,98,99,100,102,103,104,105,106,108,109,110,111,112,115,118,119,121,122,123,125,127,128,131,132,133,134,135,137,138,139,140,141,142,143,144,146,148,149,150,152,154,158,163,169,170,171,172,174,175,178,180,183,184,185,186,187,188,190,195,196,198,201,202,203,204,205,207,209,210,211,222,223,233,237,240,241,242,250,261,266,267,272,278,280,343,358,392,433,480,516,624
44,33,62,65,66,67,72,73,74,75,76,79,80,82,83,85,86,91,92,93,94,95,96,100,101,103,104,106,108,109,110,112,114,115,117,118,119,120,121,122,123,124,125,128,129,132,134,136,138,139,141,142,143,148,150,151,152,160,162,165,168,172,174,176,181,182,185,186,188,190,195,199,200,201,202,203,205,206,211,213,214,217,218,221,223,229,231,232,240,241,243,247,252,255,257,263,267,270,276,284,291,306,311,333,343,409,614,689
45,5,66,69,71,74,75,79,80,82,84,88,89,90,91,92,93,94,95,96,97,98,100,102,106,108,109,110,111,113,114,115,117,118,119,121,123,124,126,127,128,129,132,133,134,135,136,137,138,139,141,142,143,145,147,149,159,160,164,165,166,168,171,172,180,181,185,186,189,194,196,197,201,204,205,206,207,210,216,222,223,224,227,228,234,245,246,253,268,269,282,293,374,375,381,648
46,5,32,60,65,66,69,70,71,72,76,77,78,79,80,81,83,84,85,86,87,88,89,91,94,95,96,97,98,99,102,103,105,106,107,108,109,113,114,116,117,118,119,120,122,123,124,125,126,127,128,129,130,131,133,135,137,140,142,143,145,147,148,152,159,160,162,169,172,176,182,186,187,193,196,197,199,202,206,207,208,212,213,215,217,218,219,220,225,228,233,236,239,252,258,270,287,448,519,691
47,65,73,75,76,77,80,84,85,86,87,88,92,93,94,96,97,98,99,100,103,104,106,107,108,111,113,117,118,120,122,123,124,125,126,128,131,132,133,135,136,137,138,141,142,145,146,148,149,150,154,168,174,176,177,185,187,189,191,192,193,198,199,202,204,207,213,214,216,217,220,224,229,230,233,235,236,245,257,259,270,293,692
48,26,27,76,79,81,82,83,86,88,89,90,91,92,94,96,99,104,105,107,108,112,113,114,116,117,121,123,125,129,130,132,133,134,136,137,139,143,149,156,174,177,185,186,188,195,199,208,225,226,230,237,243,244,245,259,273,303,359,394
49,4,72,77,78,81,86,88,89,91,92,93,96,99,100,101,102,103,104,105,108,112,113,115,116,117,118,119,122,123,124,125,126,127,129,130,132,133,136,140,141,142,143,144,146,147,148,161,164,168,170,173,175,177,182,186,196,207,214,232,236,239,247,255,289,373,386,507,631,660,668
50,80,91,92,93,96,102,114,126,127,128,129,131,133,139,142,147,151,153,160,192,200,242,248,391,680,691
51,132,142,202,577
52,42,509,602
53,403
54,198,219,446,511,523,662,692
55,41,52,56,133,449,572,597,692
56,10,44,419,441,518,674,678
57,14,36,54,243,438,455,588
58,23,76,274
59,52,457,594
60,210,464,519
61,
62,
63,
64,
65,
66,
67,
68,
69,
70,
71,
72,
73,
74,
75,
76,
77,
78,
79,
80,
81,
82,
83,
84,
85,
86,
87,
88,
89,
90,
91,
92,
93,
94,
95,
96,
97,
98,
