2
0,317
1,59,447,581,616
2,31,207,459
3,82,138,202,383,392,661,670,688
4,18,27,89,123,146,215,385,693
5,12,71,285,286,399,454,664
6,40,203,248,277,298,338,382,393,553,562,572,666
7,85,144,146,283,550,558,561,562,570,579
8,11,14,136,137,139,140,141,142,143,145,148,149,150,151,152,153,154,156,158,202,218,231,404,417,434,444,451,460,468,489,508,547,548,549,550,554,558,562,569,582,602,672
9,121,130,135,140,141,142,143,146,147,148,149,150,151,152,153,154,155,156,157,158,159,160,161,162,163,164,165,166,167,168,169,170,171,172,173,174,175,176,177,178,179,180,181,182,183,184,185,186,187,188,189,190,191,192,193,195,196,197,198,199,201,202,203,204,212,213,219,221,224,234,235,258,305,329,450,453,508
10,35,142,148,151,152,153,154,155,156,157,158,159,160,161,162,163,164,165,166,167,168,169,170,171,172,173,174,175,176,177,178,179,180,181,182,183,184,185,186,187,188,189,190,191,192,193,194,195,196,197,198,199,200,201,202,203,204,205,206,207,208,209,210,211,212,213,214,215,216,217,218,219,220,221,222,223,224,225,226,227,228,229,230,231,232,233,234,235,236,237,238,239,241,242,243,244,246,247,248,249,250,251,252,256,257,258,260,263,266,267,268,271,275,278,280,282,287,290,291,293,296,298,299,308,311,332,340,344,346,354,357,359,375,379,416,573,673
11,148,152,159,160,161,163,164,165,166,167,168,169,170,171,172,173,174,175,176,177,178,179,180,181,182,183,184,185,186,187,188,189,190,191,192,193,194,195,196,197,198,199,200,201,202,203,204,205,206,207,208,209,210,211,212,213,214,215,216,217,218,219,220,221,222,223,224,225,226,227,228,229,230,231,232,233,234,235,236,237,238,240,241,242,243,244,245,246,247,248,249,250,251,252,253,254,255,256,257,258,259,260,261,264,265,266,268,269,270,271,272,273,274,275,276,277,278,279,280,281,282,283,285,286,287,288,291,292,293,294,295,297,301,304,305,307,308,309,310,311,313,314,315,317,322,323,326,329,330,331,335,337,338,342,349,355,360,368,369,377,396,402,404,429,459,529
12,115,158,160,161,162,164,165,166,167,168,169,171,172,173,174,175,176,177,179,181,182,183,184,185,186,187,188,190,191,192,193,194,195,196,197,198,199,200,201,202,203,204,205,206,207,209,210,211,212,213,214,215,216,217,219,220,221,222,223,224,225,226,228,230,231,232,233,235,236,237,238,239,240,241,242,243,244,245,247,248,249,250,251,253,254,256,257,258,260,261,262,263,264,265,266,267,268,269,271,272,273,274,275,276,277,278,279,280,281,283,286,287,288,289,290,291,294,295,296,299,300,305,307,314,315,317,318,319,320,323,325,328,331,332,336,337,338,340,344,346,348,350,351,352,359,360,362,363,364,368,369,370,371,377,378,387,391,392,393,402,412,456,633,640,643
13,8,30,45,63,80,151,157,158,159,160,162,163,164,165,166,167,168,169,170,171,172,173,174,175,177,178,179,180,181,182,183,184,185,186,188,189,190,191,192,193,194,195,196,198,199,200,201,202,203,204,205,207,208,209,210,211,212,213,214,215,216,217,218,219,220,221,222,224,225,226,227,228,229,230,231,232,233,234,235,236,237,238,239,242,244,245,246,247,248,250,251,252,257,259,260,261,262,264,265,266,268,270,272,274,276,279,280,281,282,283,284,285,287,288,290,291,292,293,295,296,298,299,300,301,302,303,304,305,310,317,318,321,322,323,324,330,331,332,335,336,337,341,342,343,347,349,351,356,365,367,368,369,370,373,374,379,380,381,387,388,389,400,405,406,420,421,439,655
14,129,149,153,154,155,156,163,164,165,166,167,168,172,173,174,176,177,178,179,180,181,182,183,184,185,186,187,188,189,192,193,194,195,196,197,198,199,200,201,203,204,205,206,207,208,210,211,212,213,214,215,216,217,218,219,220,221,222,223,224,225,226,228,229,230,231,233,234,235,237,238,239,240,241,242,243,245,248,249,250,251,252,253,254,255,256,257,258,262,263,264,266,267,268,269,270,271,273,274,275,276,277,279,280,281,284,286,287,288,289,290,291,292,293,294,295,297,298,299,307,309,310,314,319,322,323,327,329,331,336,337,340,341,342,346,347,352,355,356,361,364,365,366,372,410,427,434,459,477,541,555,610,625,693,694
15,98,157,159,161,162,165,166,167,168,169,170,171,172,173,174,177,178,179,181,182,183,184,185,186,187,188,189,190,191,192,193,194,195,196,197,198,199,200,201,202,203,205,206,207,208,209,210,211,212,213,214,215,216,217,218,221,222,223,224,225,226,227,228,229,232,234,235,236,237,238,239,240,241,243,244,245,246,247,248,250,251,252,253,254,255,257,258,260,262,264,265,266,268,269,270,271,272,273,275,276,277,279,280,282,286,288,290,291,292,296,297,300,301,302,303,304,307,308,310,312,313,314,315,316,318,321,322,323,324,325,326,329,330,334,335,337,340,342,343,344,349,351,364,367,376,377,388,392,418,482,494,516
16,94,103,152,154,155,156,158,159,160,161,162,163,164,165,166,167,168,169,170,171,172,173,174,175,176,177,178,179,180,182,183,184,185,186,187,188,189,190,191,192,193,194,195,196,197,198,199,200,203,205,207,208,209,210,211,212,213,215,216,217,218,220,221,222,223,224,225,226,228,230,231,232,233,234,235,236,237,239,240,241,243,244,245,248,250,253,254,257,260,262,263,264,266,267,268,269,270,272,273,275,277,279,280,281,282,285,288,289,291,292,293,294,295,297,300,304,308,310,311,313,315,317,318,320,326,328,337,342,343,350,359,366,367,370,380,391,419,493,498,614,619,666
17,43,146,151,153,154,156,157,158,159,160,161,162,163,164,165,166,167,168,171,173,174,175,176,179,180,181,183,184,186,188,189,190,195,196,197,198,199,201,202,203,204,205,206,208,209,210,211,212,213,215,216,217,221,222,223,224,225,227,228,229,230,232,233,234,236,238,239,240,241,244,248,251,253,254,255,256,257,260,261,262,264,269,272,275,277,278,279,281,284,286,291,292,293,295,297,298,303,305,306,308,312,313,315,316,317,318,321,322,323,324,325,328,329,332,334,335,336,339,347,350,352,355,356,368,383,389,391,406,411,443,446,530,690
18,139,152,153,154,156,157,158,159,160,162,163,164,166,167,168,169,170,172,173,174,175,176,177,179,180,182,183,184,185,186,187,188,189,190,191,195,196,198,199,202,203,204,207,208,210,213,214,215,216,217,219,220,222,223,224,226,229,231,233,234,238,239,242,243,245,249,250,251,252,253,256,259,260,261,263,270,271,274,276,277,279,280,281,283,284,285,287,288,290,291,292,296,298,299,305,306,308,311,312,313,315,319,326,328,331,334,337,338,339,341,342,344,346,351,353,357,359,368,372,373,374,383,388,396,405,419,440,449,452,471,472,488,498,550,556,643
19,62,137,146,147,148,149,150,151,152,153,154,155,156,157,158,159,162,164,165,166,167,168,171,172,173,174,175,177,178,179,180,182,183,185,186,190,192,193,194,195,199,200,201,204,208,211,213,214,215,217,220,222,223,226,228,229,230,231,232,233,234,236,240,242,243,247,248,251,253,255,256,258,260,263,264,265,267,268,269,270,271,273,276,281,282,283,289,290,291,293,294,296,301,302,303,304,306,308,309,310,313,316,317,318,323,327,329,330,333,334,341,343,346,354,356,360,393,402,404,427,444,453,454,481,514,528,596
20,140,147,148,150,151,152,153,154,155,156,159,160,163,164,165,166,167,168,169,170,172,173,174,175,177,178,179,180,182,184,185,187,188,189,190,191,192,193,194,195,200,202,203,204,205,206,211,213,215,217,220,221,223,226,229,231,232,233,234,236,237,240,241,243,244,245,246,248,253,259,261,264,265,268,269,272,275,278,279,282,283,284,285,286,287,288,289,292,297,299,302,305,306,309,310,312,317,324,325,328,329,333,338,340,365,366,385,393,415,452,474,478,509
21,49,122,145,147,148,149,150,151,152,153,154,156,157,158,160,162,163,164,167,168,169,170,171,173,174,175,179,180,182,183,186,187,188,190,192,193,195,196,197,199,200,202,203,204,205,208,209,210,211,214,216,218,221,224,229,232,233,239,241,245,246,247,249,250,254,258,260,261,262,270,278,282,284,285,286,287,292,294,296,297,301,303,304,308,313,326,342,359,371,383,386,409,424,425,426,509,667
22,139,140,143,144,147,148,149,150,151,152,153,154,155,156,157,158,164,165,166,167,168,169,172,174,175,176,179,180,182,184,187,190,192,198,199,200,201,202,204,205,207,208,210,211,212,215,218,219,221,222,224,228,230,231,234,239,243,245,248,249,254,258,262,268,269,270,271,272,273,274,275,277,279,282,283,288,289,291,294,295,298,300,301,303,304,322,327,329,330,332,374,375,419,439,488,662,670
23,140,141,142,143,144,145,146,147,148,149,150,152,153,154,155,157,158,160,161,162,163,164,165,167,168,169,170,171,172,173,175,176,177,178,180,181,183,184,186,188,189,199,201,202,204,209,213,220,222,223,225,228,229,231,232,238,248,251,252,254,255,257,259,260,261,262,263,264,265,266,267,270,277,279,280,285,288,290,291,293,295,298,299,301,302,307,309,312,314,321,323,345,346,349,355,360,375,481
24,135,137,138,139,140,141,142,143,144,145,146,147,148,149,150,151,153,154,155,156,159,160,161,163,165,166,167,169,170,176,177,179,181,183,189,190,191,192,193,194,195,196,197,199,200,202,203,208,213,214,215,217,219,222,224,227,231,236,238,239,246,249,251,253,254,256,257,260,263,264,265,267,268,269,271,272,273,274,277,278,281,286,294,295,297,299,303,306,307,308,321,328,329,333,336,347,374,385,435,476,568,679
25,16,130,131,132,133,134,135,136,137,138,139,140,141,142,143,144,145,146,147,149,150,151,152,154,156,160,165,166,167,168,169,178,180,182,184,191,198,200,204,208,209,212,214,215,216,217,218,222,224,227,228,230,234,237,238,239,241,242,243,245,247,250,256,261,263,265,266,268,272,275,279,280,281,282,283,284,289,290,291,292,293,302,311,313,314,354,435,605
26,52,126,127,128,129,130,131,132,133,134,135,136,137,138,139,141,142,143,144,145,147,148,150,151,152,153,155,157,158,159,161,166,167,169,170,173,174,175,176,180,182,187,189,191,193,194,196,197,199,200,202,203,204,205,207,209,217,227,228,234,236,240,241,242,245,247,250,253,256,257,260,263,264,266,267,279,283,289,291,292,294,298,306,311,315,325,333,354,397,401,467,524
27,66,119,121,122,124,125,126,127,128,129,130,131,132,133,134,135,136,137,138,139,140,141,142,143,144,145,146,147,148,149,150,151,152,153,154,155,156,158,161,162,164,167,170,172,173,174,176,178,179,180,181,182,183,185,189,194,195,196,197,199,201,206,207,209,216,217,224,228,230,233,234,235,236,238,239,240,244,248,250,251,257,261,267,269,272,285,286,294,347,391,421,470,628,647,683
28,95,104,113,114,117,118,119,120,121,122,123,124,125,126,127,128,129,130,131,132,134,135,136,137,138,139,142,143,144,145,147,152,153,154,156,157,159,161,163,168,169,170,171,175,176,179,182,187,196,200,214,216,219,220,225,228,229,230,232,233,234,235,237,238,240,241,242,244,247,249,250,254,255,258,262,264,265,266,269,272,274,275,276,279,287,291,302,305,310,319,324,330,362,382,387,391,483,596,610
29,107,110,111,112,113,114,115,116,117,118,119,120,121,122,123,124,125,127,128,129,130,131,133,134,136,137,138,139,140,143,144,147,149,150,156,157,160,161,162,163,165,166,169,173,174,181,182,184,185,191,201,204,207,219,220,221,222,227,232,233,234,236,237,239,241,243,244,245,246,250,252,255,258,259,260,261,262,264,266,270,271,275,277,289,298,311,316,319,332,346,359,421
30,106,107,108,109,110,111,112,113,114,115,116,117,118,120,121,125,126,128,130,131,132,133,134,135,136,137,138,140,141,142,143,144,145,146,153,158,161,167,171,172,173,191,194,198,210,217,218,220,232,233,237,239,240,241,242,245,250,253,258,261,269,271,277,285,293,296,303,348,433,438,599,671
31,101,103,104,105,106,107,108,109,111,112,113,114,115,116,117,118,119,120,122,123,124,125,127,128,129,130,131,132,133,134,135,138,139,140,141,142,143,144,145,146,147,148,150,151,152,153,154,156,161,165,166,171,191,205,207,209,210,215,217,220,222,223,225,228,229,232,234,238,240,243,245,247,248,249,253,255,256,258,260,265,273,276,299,317,320,402,433,610
32,58,95,97,99,100,101,102,103,104,105,106,108,109,110,111,112,113,115,116,117,118,119,120,121,123,124,125,126,127,130,131,132,133,135,136,137,138,141,143,146,148,149,156,158,159,161,163,169,170,171,175,181,183,184,186,193,194,196,198,201,202,206,209,210,211,214,215,216,221,223,226,227,229,232,243,244,247,252,264,265,273,278,279,283,489,523
33,35,94,95,97,98,100,101,102,103,104,105,106,107,108,109,110,111,112,114,115,116,118,119,126,127,128,129,130,131,133,134,139,140,143,147,154,156,160,161,163,185,189,196,197,200,205,207,210,213,214,225,230,238,239,245,256,257,262,272,281,282,283,292,304,305,342,528
34,95,97,98,101,103,104,105,107,108,109,110,111,113,115,116,117,118,120,121,125,126,128,130,131,132,133,134,140,141,143,144,147,148,157,159,161,166,175,178,191,193,196,197,198,200,202,207,208,209,211,215,216,219,222,226,228,232,233,234,236,240,244,258,266,273,280,283,285,287,304,322,323,328,337,347,390,660,697
35,84,88,90,92,93,94,95,99,100,101,103,104,105,106,109,112,113,115,116,117,118,119,121,122,123,124,125,128,136,137,138,141,153,155,156,186,188,192,201,204,205,206,211,213,231,237,245,248,249,265,272,275,276,278,295,332,368,369,374,423,588
36,61,86,89,90,92,93,94,95,96,97,99,100,101,102,103,104,106,107,108,110,111,114,115,116,121,122,123,125,133,142,147,150,159,167,183,185,186,187,188,189,191,192,193,194,196,197,200,203,206,215,217,225,243,247,271,278,322,337,384,580,646,689
37,25,30,37,83,84,86,90,91,92,94,97,103,104,105,106,107,108,111,114,115,117,121,122,123,124,126,132,155,180,181,186,188,190,193,195,197,198,199,201,203,204,207,216,217,218,219,224,226,230,232,233,236,237,240,249,254,256,258,266,268,280,287,310,311,321,333,450,576
38,80,83,84,86,87,88,90,92,101,103,105,109,110,115,116,117,120,121,124,127,129,133,136,137,143,147,148,178,182,183,186,187,188,190,193,195,196,201,212,216,227,236,270,275,279,283,286,333,367,398,401,471,605,623
39,58,75,80,81,82,83,84,85,86,87,88,89,91,92,93,94,95,96,97,99,105,106,111,112,114,118,119,123,128,133,135,138,140,143,146,148,198,220,228,237,264,301,313,380,410
40,73,76,77,83,85,86,87,91,98,99,100,104,106,109,114,117,124,139,149,164,185,202,219,250,400,663
41,84,85,92,96,101,105,106,108,119,123,124,142,183,252,371,374,619
42,11,97,102,401
43,51,116,349,521
44,56,429
45,406,540,584
46,112
47,369,420,435,487,517,595,630,676
48,65,373,412,510
49,487,544
50,15,80,208,425,482,495
51,214,431,497,548
52,15,55,505,519,593
53,24,40,153,688
54,399,551
55,
56,
57,
58,
59,
60,
61,
62,
63,
64,
65,
66,
67,
68,
69,
70,
71,
72,
73,
74,
75,
76,
77,
78,
79,
80,
81,
82,
83,
84,
85,
86,
87,
88,
89,
90,
91,
92,
93,
94,
95,
96,
97,
98,
