12
0,161
1,202,342,398,417,518,582,666,699
2,24,44,179,319,448,543,617
3,16,93,153,197,284,303
4,147,236,374,575,640
5,84,146,151,337,362,399,636
6,185,354,373,515,661
7,99,539,610
8,104,118,217,232,376,391,444,672
9,62
10,395,458,566,630
11,164,232,238,273,489
12,24,34,87,382,551,593,624
13,63,77,94,486
14,36,60,198,247,309,347,586
15,19,20,24,26,27,28,31,40,44,51,52,238,346,478,565,577
16,13,19,20,22,23,27,28,30,31,33,36,37,38,39,40,42,43,44,49,50,51,52,54,55,56,58,59,60,62,63,64,66,68,70,73,75,81,83,85,87,89,96,106,132,149,242,375,516,565,605,660,663,678
17,5,15,17,18,20,22,25,28,29,30,31,33,34,35,36,37,38,39,40,41,42,43,44,45,46,47,48,49,50,52,53,54,55,56,57,58,59,60,61,62,63,64,66,67,68,69,70,71,72,74,75,76,78,79,80,81,82,83,84,85,86,87,88,89,91,92,93,95,97,98,99,101,102,103,104,105,106,107,108,109,110,111,113,114,115,116,117,118,119,120,121,122,123,125,135,141,143,144,146,162,166,172,179,185,240,258,409,431,436,500,501,542,579,604,676,680
18,15,16,17,18,19,20,21,22,25,27,28,30,31,32,33,34,35,36,37,38,39,40,41,42,43,44,45,46,48,49,50,51,52,53,54,55,56,57,58,59,60,61,62,63,64,65,66,67,68,69,70,71,72,73,74,75,76,77,78,79,80,81,82,83,84,86,87,88,89,90,91,92,93,94,95,96,97,98,99,100,101,102,104,105,107,110,115,116,117,118,119,121,122,123,124,125,126,127,128,129,130,131,132,133,134,136,137,138,139,140,141,143,144,145,146,147,148,149,150,151,152,153,154,155,156,157,158,160,161,162,163,164,165,167,168,169,170,171,172,173,174,175,176,177,178,179,180,181,182,183,184,185,187,188,189,190,191,193,195,196,197,198,199,200,201,202,203,204,206,207,208,209,215,217,218,220,222,225,226,228,229,230,233,234,237,239,241,245,247,259,269,273,281,282,293,299,309,372,548
19,9,14,15,16,17,18,19,20,21,22,23,24,25,26,27,28,29,30,31,35,36,37,38,39,40,41,42,43,44,48,49,50,52,56,59,68,74,79,81,82,88,89,91,93,94,95,96,97,99,100,101,102,103,104,106,107,108,109,110,111,112,113,114,115,116,117,118,119,120,121,122,123,125,126,127,128,129,130,131,132,133,134,135,136,137,138,139,140,141,142,143,145,146,147,149,150,151,152,154,156,157,158,160,161,162,163,164,165,168,169,171,172,173,175,176,177,179,180,181,182,183,184,185,186,187,188,189,190,191,192,193,195,196,199,200,201,203,204,205,206,207,208,209,210,212,214,215,216,217,218,220,221,225,226,227,229,230,232,233,235,238,239,241,242,244,245,248,250,251,253,255,261,262,264,275,276,277,283,296,301,302,310,317,331,350,352,370,678,683
20,12,14,16,17,18,20,22,23,26,27,29,31,33,34,35,36,37,38,39,40,42,43,44,45,47,48,54,55,56,58,62,64,67,68,69,70,72,73,74,76,85,88,93,98,102,103,105,106,107,108,109,110,111,114,115,116,117,118,119,120,121,122,125,126,127,128,130,132,134,135,136,137,139,140,141,143,144,147,148,150,151,156,157,158,161,163,164,169,170,171,175,183,193,205,208,217,227,238,248,250,277,318,356,615
21,2,8,9,13,14,15,16,18,19,20,21,22,23,24,25,26,27,28,29,31,32,34,37,39,40,41,42,44,45,48,49,51,54,57,58,61,62,63,65,70,74,76,82,83,85,86,88,89,90,94,96,97,99,100,101,102,103,104,105,106,107,108,109,110,111,112,113,115,116,118,120,121,123,127,128,129,131,132,133,136,137,138,141,142,143,145,146,149,150,151,152,153,155,156,159,161,162,165,167,169,171,173,174,175,177,178,179,181,182,184,187,189,195,199,201,211,264,314,329,463,507,626
22,7,9,11,12,13,14,15,16,17,19,22,24,26,27,28,29,30,33,36,43,44,46,47,48,50,51,52,54,55,56,58,59,60,61,62,63,66,68,70,71,72,75,76,78,79,80,82,85,86,91,92,94,97,99,100,102,103,105,106,107,108,109,110,111,112,113,114,117,119,120,122,123,125,126,127,128,129,131,132,133,134,135,136,137,139,140,141,142,145,147,149,150,151,154,160,163,164,168,169,173,175,180,181,182,183,185,189,192,203,204,205,206,210,215,216,220,223,233,237,243,248,289,293,507
23,8,10,12,17,18,19,20,21,22,24,25,26,27,28,29,30,31,32,33,35,36,37,42,44,46,48,49,57,58,59,61,65,69,72,73,76,81,83,86,88,89,92,93,94,95,96,98,99,100,102,103,104,105,106,107,108,109,110,111,112,113,114,115,116,119,122,124,125,126,128,129,131,132,133,135,138,141,143,144,147,148,152,153,154,163,168,169,179,180,185,186,191,193,198,199,205,207,243,250,465,511,583,630,680,691,697
24,8,15,16,20,21,22,23,24,25,26,27,28,29,30,31,32,34,35,36,37,40,41,44,46,47,48,49,51,55,56,62,65,71,76,79,84,85,86,87,88,89,90,91,93,94,99,100,101,102,104,107,108,109,110,111,112,113,114,115,116,117,118,119,120,121,122,123,124,126,128,130,131,132,133,136,141,142,143,146,147,148,149,150,152,154,158,160,161,164,167,168,173,175,178,179,180,182,183,186,188,190,196,202,207,209,212,213,216,228,231,264,299,307,373,490,636
25,5,8,12,14,16,17,19,21,22,24,25,26,28,29,30,31,32,33,34,35,36,37,39,40,41,42,43,44,45,46,47,48,49,50,51,52,53,55,56,57,58,59,60,64,65,66,67,68,72,74,75,78,79,80,83,84,91,92,96,97,108,111,113,115,116,117,119,120,121,122,123,124,125,126,127,128,129,130,131,132,133,134,135,136,137,138,139,140,141,142,143,144,145,146,147,148,149,150,151,152,153,155,158,160,161,162,166,170,173,174,175,177,180,181,182,185,187,188,189,190,192,193,196,197,202,203,204,206,213,218,227,229,243,247,275,278,324,367,539
26,3,10,12,14,16,17,18,19,20,21,23,24,26,27,28,29,32,33,35,36,37,38,39,40,41,42,43,44,45,46,47,48,49,50,51,52,53,54,55,56,59,60,61,62,65,67,69,70,71,74,76,77,79,95,102,104,105,107,110,111,112,113,115,116,119,120,121,122,123,124,125,126,127,128,129,130,131,132,133,134,135,136,138,141,142,143,144,146,147,149,150,151,152,153,154,155,156,157,158,159,160,161,162,163,164,166,167,168,169,170,171,172,173,174,175,176,177,178,179,180,181,183,184,185,186,187,188,189,190,191,192,194,195,196,197,198,199,200,201,202,203,204,205,206,207,208,209,210,211,212,213,214,215,216,217,218,219,221,222,223,225,226,227,228,229,230,231,232,233,235,237,239,240,241,242,243,244,245,246,247,250,253,256,259,262,264,267,273,285,288,292,296,298,299,301,385,443,641,658
27,7,11,12,13,15,16,17,19,22,24,25,26,27,28,29,30,31,32,34,36,38,40,41,43,44,45,47,49,50,51,52,53,57,58,59,60,61,62,64,65,66,67,68,70,71,72,73,74,75,76,77,79,80,82,84,89,90,91,93,97,100,101,102,104,106,107,108,109,112,114,116,117,118,119,120,123,125,132,133,135,136,139,142,143,144,145,147,148,150,151,152,156,157,158,160,161,162,163,165,167,169,170,173,175,176,178,179,180,181,183,184,185,186,187,188,189,190,191,192,193,194,195,196,197,198,199,200,201,202,203,204,205,206,207,208,209,210,211,212,213,214,215,216,217,218,219,220,221,222,223,224,225,226,227,228,229,230,231,232,233,234,235,236,237,238,239,240,241,242,243,244,245,246,247,248,249,250,251,252,253,254,255,256,257,258,259,260,261,262,263,264,265,266,267,268,269,270,271,272,273,274,275,276,277,278,279,280,281,282,283,284,285,286,287,288,289,290,291,293,294,295,296,297,298,299,300,301,302,303,304,305,306,307,308,309,310,311,312,313,314,315,316,317,318,320,321,322,323,324,325,326,327,328,329,330,333,334,335,336,337,338,339,340,341,342,344,345,346,347,349,350,351,352,353,354,355,356,357,361,362,363,364,365,367,368,369,370,372,376,381,382,383,388,389,396,397,399,400,405,412,425,455,458,466,665,684
28,8,9,10,12,13,14,15,17,18,19,20,21,22,23,24,25,26,27,28,29,31,32,33,34,35,36,38,39,40,42,44,45,46,48,49,50,51,52,54,57,58,59,60,65,67,71,72,74,75,76,77,78,79,82,84,85,86,87,89,90,94,96,100,101,102,103,105,107,109,110,112,113,115,116,119,120,121,122,123,125,126,127,130,132,133,136,139,140,142,144,145,146,147,148,155,157,161,163,166,168,171,174,175,176,177,178,179,181,184,188,192,194,195,198,203,204,206,207,208,209,210,212,215,216,217,218,219,220,221,222,223,224,225,226,227,228,229,230,231,232,233,234,235,236,237,238,239,240,241,242,243,244,245,246,247,248,249,250,251,252,253,254,255,256,257,258,259,260,261,262,263,264,265,266,267,268,269,270,271,272,273,274,275,276,277,278,279,280,281,282,283,284,285,286,287,288,289,290,291,292,293,294,295,296,297,298,299,300,301,302,303,304,305,306,307,308,309,310,311,312,313,314,315,316,317,318,319,320,321,322,323,324,325,326,327,328,329,330,331,332,335,336,337,338,339,340,341,342,343,345,346,347,348,349,350,351,352,353,354,355,356,357,358,359,360,361,362,363,364,365,366,367,371,372,373,374,376,377,378,379,380,383,384,386,387,390,391,392,393,394,395,396,398,399,400,402,404,406,408,409,410,413,417,418,419,428,430,436,441,442,443,446,447,452,459,466,470,476,482,494,511,520,532
29,5,10,12,13,14,16,17,19,20,23,24,25,26,27,28,29,30,32,34,35,37,39,43,45,46,47,48,49,52,53,54,56,58,60,62,64,69,71,72,73,75,76,77,85,92,97,99,101,103,105,107,110,113,114,118,120,125,127,128,130,131,132,133,134,135,136,137,139,141,142,143,144,148,156,157,159,161,165,169,170,171,173,176,178,179,180,183,185,186,197,200,201,202,203,205,207,211,213,217,218,219,221,222,223,224,225,226,227,230,232,233,234,235,236,237,238,239,240,241,242,243,244,246,247,248,249,250,251,252,253,254,255,256,258,259,260,261,262,263,264,265,266,267,268,269,270,271,272,273,274,276,277,278,279,280,281,282,283,284,285,287,288,289,291,292,293,294,295,296,297,298,299,301,302,303,304,306,307,308,309,310,311,312,313,314,315,316,317,319,320,321,322,323,324,325,326,328,329,330,331,332,333,334,335,336,337,338,340,341,343,344,345,346,347,348,349,350,351,352,353,354,355,356,357,358,359,360,361,362,363,364,365,366,367,368,369,370,371,372,373,374,375,376,377,378,379,380,381,382,383,384,385,387,388,389,390,391,392,393,394,397,398,399,400,402,403,404,405,406,407,410,412,413,414,415,416,417,422,423,425,428,433,434,435,437,444,446,450,457,459,471,473,474,476,477,479,484,543,565
30,1,2,9,10,11,12,13,15,16,17,19,20,21,24,26,27,28,29,31,32,33,34,35,36,37,38,39,40,41,42,43,44,45,46,47,48,49,50,52,53,54,56,57,59,64,70,71,72,73,75,76,81,96,100,101,102,103,105,106,107,109,112,113,114,115,118,119,120,121,123,126,128,133,135,141,143,145,146,151,153,154,156,157,163,164,165,168,173,175,177,179,184,186,188,192,194,199,200,201,202,203,205,207,210,212,214,215,217,220,221,223,224,225,227,228,230,231,236,238,240,241,242,244,245,246,247,248,249,250,251,254,257,258,259,260,261,262,263,264,266,267,268,269,270,271,273,274,275,276,277,278,279,280,282,283,284,287,288,289,290,291,292,293,294,295,297,298,299,300,301,302,303,304,305,306,308,309,311,312,313,314,315,316,318,319,321,322,323,324,325,326,327,328,329,330,331,333,334,335,336,337,341,343,344,345,346,348,349,351,353,356,357,358,359,360,361,364,365,366,367,369,370,371,372,376,379,380,383,384,387,389,391,397,398,399,400,404,406,407,408,409,410,411,415,417,418,425,436,440,441,442,446,448,449,451,452,464,468,471,476,480,545,621
31,6,8,10,12,13,14,15,17,18,19,20,22,23,24,25,26,27,28,31,33,34,38,39,41,42,43,44,45,46,48,50,51,52,53,55,56,59,63,64,65,68,72,78,79,86,89,95,96,100,102,104,110,112,114,115,116,117,121,122,123,130,131,134,137,139,142,144,148,149,158,162,166,168,169,173,176,178,179,180,185,186,190,194,196,200,202,203,208,209,210,212,218,225,226,231,232,233,234,237,238,239,240,241,243,244,245,246,247,251,252,253,254,255,256,257,258,259,260,262,263,265,266,268,269,270,271,272,273,275,276,277,279,281,282,283,284,285,286,287,288,289,290,292,293,295,296,298,299,300,301,302,303,304,305,307,309,310,311,314,315,316,317,319,321,322,323,325,326,327,328,329,330,331,334,335,336,338,341,342,344,346,347,348,353,354,355,356,357,358,359,361,362,363,364,365,368,369,370,373,374,375,376,377,380,381,382,383,384,388,389,392,393,394,395,399,402,403,404,406,409,410,412,413,414,417,422,426,427,428,430,432,433,440,441,442,443,446,447,451,452,454,457,459,461,462,468,470,474,477,482,487,490,508,512,541
32,1,6,7,9,10,11,12,13,14,16,18,19,20,23,24,25,26,27,30,31,32,33,35,36,37,38,40,42,43,44,45,46,48,50,52,53,54,55,58,60,61,62,65,66,68,70,71,72,74,76,77,78,82,83,84,89,95,96,97,98,99,100,103,104,105,106,109,111,112,113,115,117,120,126,128,130,133,135,137,139,140,143,154,160,161,162,164,168,169,178,179,185,192,194,195,196,204,206,209,213,214,219,220,222,232,233,234,236,237,238,239,241,245,246,247,248,251,252,254,255,256,257,258,259,261,262,263,264,265,266,268,269,270,271,272,274,277,279,281,282,283,285,286,287,288,291,293,295,298,300,301,303,304,306,307,309,311,313,314,315,316,317,318,323,324,325,327,329,332,333,335,336,337,338,339,340,341,343,344,346,348,350,351,352,353,354,355,358,360,361,364,365,369,371,373,375,376,377,378,380,382,383,384,387,388,389,392,395,396,397,399,401,402,404,407,412,414,415,418,421,423,425,427,433,435,438,442,447,450,452,454,456,460,467,481,487,495,501,505,521,558,608,662,696
33,8,9,10,11,15,16,17,18,19,20,21,22,23,24,28,29,30,31,32,33,35,36,37,38,40,41,43,45,46,48,49,51,52,53,57,58,59,63,67,69,70,76,79,80,84,85,86,87,88,91,94,97,98,100,105,106,107,108,109,112,113,114,115,117,119,120,121,122,123,127,128,131,132,133,137,138,140,142,145,151,155,158,159,162,163,164,167,169,172,173,179,180,183,187,189,191,192,196,199,201,202,204,209,210,212,214,215,216,218,220,221,224,228,229,232,233,234,236,237,239,242,246,248,250,252,253,255,256,258,260,261,262,263,264,265,267,268,269,270,271,273,275,277,279,281,282,284,285,286,289,290,291,296,297,298,301,302,303,305,306,307,308,310,312,314,317,318,320,321,324,326,327,328,330,331,332,333,335,336,337,338,339,340,342,343,348,352,356,358,359,361,372,374,375,376,378,379,383,386,390,392,393,396,397,398,403,405,415,419,439,445,449,456,467,470,473,475,480,489,494,531,542,549
34,4,10,11,12,19,20,21,22,23,25,26,28,31,32,33,34,35,36,37,39,41,50,52,53,56,57,60,63,64,65,66,67,68,69,71,74,75,78,81,84,94,95,99,100,105,106,107,111,112,116,119,120,122,123,125,126,127,129,130,131,132,135,136,138,142,143,145,146,148,153,156,157,158,159,160,162,164,166,167,169,173,175,176,177,178,185,186,187,195,197,198,199,206,207,211,219,227,229,232,233,234,235,238,239,240,241,242,246,248,250,251,252,254,255,256,257,260,262,263,264,266,267,269,270,272,273,275,276,279,283,285,288,290,292,295,298,300,301,303,306,310,316,318,324,325,326,327,332,333,335,338,343,345,347,349,354,356,357,361,368,371,375,376,377,379,381,383,391,394,396,399,407,411,414,415,419,423,426,427,431,437,440,441,450,461,464,472,477,494,500,508,594,611,639
35,11,13,15,16,18,20,21,22,23,24,25,26,28,29,30,31,32,33,34,35,36,37,39,40,41,42,43,44,45,46,47,50,53,54,55,58,59,60,61,62,64,66,68,71,74,75,77,79,80,81,85,86,96,97,99,100,103,105,110,115,116,118,120,121,123,124,128,129,137,139,141,143,144,146,149,150,154,162,165,167,169,171,174,175,177,179,181,182,183,188,189,190,192,194,195,198,199,200,201,203,204,205,208,209,212,214,220,222,224,226,227,229,231,234,238,239,240,242,243,244,245,250,254,255,256,257,258,261,262,263,264,265,267,268,269,270,277,281,286,289,290,291,292,293,294,296,301,303,304,306,311,313,314,315,316,319,320,321,322,324,325,326,327,328,330,331,332,333,334,336,339,343,345,346,347,351,353,354,356,357,359,361,362,363,364,365,371,375,376,377,380,383,385,393,398,399,400,401,403,407,410,417,421,422,425,429,432,435,441,449,455,464,473,486,497,500,665
36,11,12,13,14,16,17,18,20,21,22,28,29,32,33,35,38,41,45,46,47,49,50,51,52,54,55,56,58,59,62,63,64,67,73,75,79,87,96,101,102,104,105,106,107,108,109,111,112,114,118,126,127,130,131,132,133,135,141,144,148,150,153,154,160,165,169,171,173,176,182,186,187,190,193,196,197,198,200,201,202,206,210,216,220,228,230,232,233,237,240,241,242,245,246,247,248,249,250,251,252,253,257,258,259,260,264,265,266,267,268,269,270,272,274,276,277,279,280,281,282,283,284,286,287,288,291,292,296,297,298,299,300,302,304,305,307,308,309,310,311,312,313,314,315,316,317,318,320,321,326,329,330,332,334,339,342,343,349,350,351,354,355,360,362,367,371,376,378,380,381,383,389,392,399,411,413,415,426,430,434,436,438,441,452,454,459,460,462,464,469,481,516,588,590
37,2,13,16,18,19,20,21,22,23,24,25,26,27,29,30,31,32,33,34,37,38,40,41,45,47,48,49,50,51,52,57,59,60,61,62,63,65,69,71,72,74,75,76,81,83,85,92,102,105,106,110,112,113,115,117,121,126,127,128,130,131,132,134,135,137,138,139,142,143,146,148,149,151,154,155,158,159,164,167,169,173,176,177,178,187,189,190,197,200,202,204,216,220,223,226,227,235,236,239,245,246,250,251,257,260,261,262,263,264,265,266,267,268,269,270,274,275,279,280,283,284,285,286,288,291,292,295,296,297,301,303,304,305,306,307,308,309,311,313,314,316,318,325,326,328,329,330,331,333,337,340,341,342,343,346,348,349,350,351,352,353,354,355,356,357,358,361,363,364,366,368,370,371,373,374,375,376,377,378,381,383,384,386,387,388,392,393,395,396,400,402,404,406,407,411,416,421,423,424,431,438,441,443,451,466,478,481,488,505,563
38,7,8,12,13,17,18,19,20,21,22,23,24,26,29,30,32,33,37,39,41,42,44,46,48,50,51,52,56,57,58,60,61,62,64,68,71,74,75,76,78,80,81,82,86,87,89,101,104,105,106,108,110,111,112,113,114,115,117,120,121,122,123,126,128,129,130,132,137,138,141,145,150,162,163,165,166,167,170,171,172,173,174,175,177,178,186,187,192,193,195,200,202,205,210,216,221,223,224,226,233,239,244,245,246,247,248,253,254,256,258,259,260,262,263,264,265,266,267,269,271,274,277,278,279,282,283,286,290,293,296,298,300,304,305,311,317,318,319,321,331,332,337,339,340,341,345,348,349,351,352,354,355,362,364,367,370,373,377,381,382,384,386,387,389,392,399,406,408,417,422,427,428,430,431,435,436,439,441,448,452,457,458,504,531,622,661
39,13,15,16,17,18,19,21,22,24,25,26,27,28,29,30,31,32,33,34,35,39,42,46,48,50,52,53,54,58,60,61,63,64,65,69,71,82,84,87,89,105,106,108,109,110,113,117,118,119,120,123,127,128,129,130,133,136,140,142,144,150,152,156,160,161,162,164,169,178,179,182,183,189,191,198,199,205,206,210,212,214,222,224,225,227,230,233,235,236,240,242,245,249,250,251,252,258,259,263,264,265,266,268,270,272,273,275,276,280,288,292,294,297,299,302,307,308,313,315,318,321,322,323,324,325,327,329,331,332,333,337,343,346,351,356,357,359,360,362,367,373,374,378,379,380,385,386,390,395,399,400,405,410,411,419,421,430,435,439,454,461,471,480,517
40,6,9,10,14,19,21,23,24,25,26,27,28,29,31,32,33,34,35,36,37,38,39,40,41,42,43,44,45,46,47,50,52,56,57,58,61,63,64,65,66,67,71,75,77,80,81,82,87,88,92,100,101,103,105,106,107,108,111,112,114,116,120,121,124,125,126,128,130,131,132,135,136,138,139,143,145,150,151,153,154,157,162,163,164,166,168,172,173,179,180,181,183,184,185,186,187,193,202,203,204,205,208,212,220,224,228,230,232,235,240,241,249,253,255,259,261,262,264,265,266,267,270,273,274,282,283,284,285,286,287,289,298,306,308,309,311,316,317,318,324,330,332,333,337,340,345,347,348,351,353,360,361,366,380,382,383,388,396,398,408,412,414,415,417,422,424,426,439,445,456,461,473,489,573,628
41,11,13,15,16,17,19,21,22,23,24,25,26,27,28,29,30,31,33,35,36,37,38,39,40,41,43,44,45,46,47,48,49,50,51,52,53,54,55,56,57,58,59,60,61,62,63,64,66,67,69,71,73,74,75,79,83,98,105,109,111,112,113,120,122,125,127,128,129,130,131,133,134,139,142,144,146,149,150,155,156,164,169,171,173,176,178,179,193,196,199,201,210,211,224,226,230,231,232,234,236,240,241,242,243,246,247,248,249,251,252,253,255,257,258,261,262,263,265,267,268,269,270,271,272,274,276,277,279,280,282,288,291,292,294,299,302,306,308,313,315,317,320,321,322,325,326,330,335,336,337,343,344,345,346,348,349,353,357,358,359,363,364,365,368,372,377,380,382,387,389,394,395,409,410,414,416,426,427,429,456,462,470,486,607
42,7,15,17,18,19,20,21,22,23,24,27,28,30,31,32,33,34,35,38,39,40,41,43,47,48,50,52,53,55,60,62,63,64,65,66,68,69,71,72,73,75,76,77,78,79,80,81,82,83,84,86,89,90,92,95,105,106,108,109,112,113,115,116,118,120,122,124,129,130,134,135,140,142,143,144,145,148,149,150,152,159,166,168,169,173,176,183,184,188,190,197,201,202,204,205,208,213,214,222,225,227,230,232,237,238,239,240,241,242,243,244,245,247,248,250,252,253,255,256,261,263,264,266,267,268,269,270,277,278,279,284,286,287,288,289,290,291,293,302,303,305,312,313,317,329,333,336,340,341,347,358,362,364,365,369,371,373,374,377,378,380,383,384,385,386,388,389,392,396,407,408,410,421,423,426,432,434,436,440,448,449,453,455,458,460,470,472,476,477,488,500,503,519,527,529,674
43,17,19,20,22,23,24,25,27,28,29,30,31,32,33,34,35,36,39,41,42,43,44,45,46,47,48,50,51,52,53,54,56,57,59,61,62,63,64,65,67,70,75,77,81,84,85,86,87,91,92,94,95,98,100,101,107,109,110,111,113,114,117,118,119,120,121,122,124,126,127,128,129,131,132,133,134,135,136,137,138,142,145,147,151,152,154,158,160,162,164,165,167,168,169,170,171,173,174,177,178,179,180,181,187,193,196,198,199,200,202,203,204,205,209,210,211,212,214,215,216,218,219,221,223,228,229,231,234,235,239,240,241,243,244,246,249,252,255,257,260,262,263,265,267,268,269,277,279,286,287,298,300,302,313,318,324,327,346,349,352,368,370,377,380,401,403,409,411,418,420,421,424,425,429,431,436,438,441,446,449,451,452,453,462,464,467,470,472,474,479,480,488,490,492,510,516,540,543,573,575
44,6,11,14,19,20,22,23,24,25,26,27,28,29,31,32,33,34,35,36,37,38,39,40,42,43,44,45,46,47,48,49,50,52,53,54,55,56,57,58,59,60,61,62,63,64,65,67,70,71,76,77,78,79,81,83,85,86,90,91,95,110,112,114,115,116,117,118,119,120,122,125,126,129,132,135,138,139,140,141,145,146,147,148,149,151,152,155,160,162,163,166,168,169,171,172,174,175,176,177,178,179,180,181,182,183,184,185,187,188,191,195,197,198,200,201,202,203,204,205,206,207,208,209,210,211,212,213,214,215,216,217,218,219,223,224,225,227,230,232,236,237,238,239,241,242,243,245,247,248,249,253,254,257,260,262,264,269,270,271,272,273,276,277,279,286,288,292,293,296,304,305,309,313,314,315,324,328,333,335,339,357,360,372,373,381,382,385,387,389,390,394,395,402,405,410,413,416,419,424,426,438,440,441,442,443,445,446,447,448,453,455,462,463,467,469,480,487,491,494,498,502,569,670,685
45,2,3,7,14,18,22,23,25,26,28,29,30,31,32,33,34,35,36,37,38,40,41,42,43,45,46,47,48,50,51,52,53,54,55,56,59,60,61,62,63,64,65,66,68,69,70,71,72,75,76,77,81,82,85,86,90,99,100,103,104,105,110,112,113,114,115,117,119,120,121,123,125,126,127,131,132,133,135,137,141,142,145,147,149,152,153,154,155,157,158,159,162,163,164,165,167,168,169,171,173,174,178,180,181,184,185,186,188,190,192,193,194,195,196,197,198,199,200,204,205,207,209,211,213,214,215,216,217,220,221,222,223,226,227,228,229,231,234,238,239,242,243,244,246,248,249,250,254,256,257,259,260,261,268,270,272,274,275,278,279,280,286,296,310,319,322,333,336,337,377,380,392,400,410,420,434,445,446,456,460,496,523,683
46,19,20,21,22,23,24,25,26,27,28,29,30,34,35,36,37,38,39,40,41,42,43,44,45,46,47,49,50,52,54,55,56,57,58,59,61,63,65,66,67,70,71,72,73,74,75,76,78,79,80,81,82,83,84,85,86,87,88,89,90,91,92,93,94,96,98,99,104,105,109,110,111,113,114,115,116,117,118,119,122,124,129,130,131,132,134,135,136,137,138,142,143,144,146,147,149,150,151,154,155,158,160,162,163,164,165,166,167,168,169,170,171,172,174,175,176,177,178,179,180,181,182,183,185,186,187,189,191,192,193,194,196,197,199,200,202,203,204,205,207,208,209,210,211,212,213,214,216,217,218,219,222,223,226,228,230,232,233,235,236,237,241,245,247,250,251,253,267,275,298,301,307,327,331,368,381,383,391,393,403,412,420,426,435,440,441,443,445,446,449,460,463,464,465,471,475,476,492,625
47,13,19,23,26,27,29,30,31,32,33,34,35,36,37,38,39,40,41,42,44,45,46,47,48,49,51,52,54,55,56,58,59,61,63,64,65,66,68,71,73,74,76,77,78,79,80,81,86,94,96,102,113,114,116,118,119,120,121,122,123,124,125,126,127,129,130,131,132,134,135,136,137,139,140,141,142,143,144,145,146,149,150,152,155,157,158,160,161,163,164,166,167,168,169,171,172,173,174,175,176,177,178,179,180,181,182,183,184,185,186,187,188,189,190,192,193,194,195,196,199,200,201,203,208,209,210,211,212,213,215,217,218,219,225,226,234,235,245,248,250,255,259,288,296,304,305,391,460,472,527,544
48,20,21,22,24,25,26,27,28,29,30,32,33,35,37,38,41,42,43,44,45,46,47,48,50,51,52,53,54,55,56,57,58,59,60,62,63,64,65,67,68,71,73,74,75,76,78,79,82,83,84,87,93,96,98,102,106,107,108,109,110,111,112,113,115,116,117,118,119,120,122,123,125,126,128,130,131,132,133,135,136,137,139,140,141,143,144,145,150,151,152,153,154,155,157,158,159,160,162,164,165,166,168,169,170,171,173,174,175,177,178,179,180,181,182,183,184,185,186,187,188,189,190,191,192,193,194,195,197,200,201,202,203,204,207,209,210,211,212,215,218,219,220,221,223,226,227,232,239,241,244,245,248,261,266,279,282,296,331,395,429,448,456,599,669
49,15,22,23,25,27,28,29,30,31,32,33,35,36,38,39,42,43,44,45,46,47,48,49,51,52,53,54,56,58,59,60,61,63,64,65,66,67,68,69,70,71,72,75,77,78,79,80,81,82,84,86,88,89,90,91,94,95,99,108,109,111,112,113,114,115,116,117,119,120,121,122,123,125,127,128,129,130,131,133,134,135,136,137,139,140,141,142,145,146,147,148,150,152,153,154,155,157,158,159,160,161,163,164,166,167,168,169,171,172,173,174,175,176,177,179,180,181,182,183,186,187,188,190,192,195,197,199,202,203,204,208,209,211,213,215,217,219,222,224,227,228,229,231,232,233,236,237,238,241,242,243,248,251,254,258,265,273,282,284,288,307,312,422,443,453,470,472,636
50,16,19,25,26,27,28,29,30,31,32,33,34,35,36,37,38,40,41,42,43,44,46,47,48,49,50,51,52,53,54,56,57,60,61,62,63,65,73,74,75,76,79,80,81,83,84,85,86,87,89,91,93,95,97,111,112,115,116,117,118,120,121,122,123,124,125,126,127,128,131,132,133,134,135,136,137,138,139,140,141,142,143,144,145,146,147,149,150,151,152,154,155,156,157,160,162,163,164,165,167,168,169,171,173,174,176,178,179,180,183,185,187,190,193,197,200,203,205,206,208,209,211,213,214,215,219,222,227,231,234,238,263,276,299,437,444,445,450,453,454,456,463,466,483,486,493,504,660,687
51,13,27,28,34,36,37,38,39,42,43,44,45,46,47,49,50,51,53,54,55,56,60,63,66,67,68,69,70,71,72,73,74,76,78,79,80,82,85,86,88,89,90,91,92,98,99,105,107,110,114,115,116,117,121,124,125,127,131,133,135,136,138,139,140,141,143,144,145,146,147,149,150,152,153,154,155,158,160,161,162,163,164,165,166,167,168,169,170,171,172,173,174,175,176,178,180,182,185,186,187,189,190,191,197,203,212,213,215,216,229,230,231,244,245,251,257,282,305,311,364,434,452,456,473,485,488,489,493,505,592,594,598
52,28,29,30,32,34,35,37,39,40,44,47,48,49,50,51,52,53,54,55,56,57,58,59,60,61,62,63,65,66,67,68,69,70,72,73,74,75,76,79,80,81,82,83,85,86,89,93,97,107,110,113,118,120,121,124,126,127,128,129,130,131,132,134,136,137,139,141,143,144,145,147,149,150,152,154,155,160,161,163,164,165,166,167,168,169,171,173,174,175,179,181,182,187,190,191,192,196,198,200,201,203,205,207,211,212,213,214,218,219,220,221,225,226,227,233,235,237,240,250,252,254,258,264,267,272,281,284,288,298,300,439,452,460,461,464,475,489,505,697
53,22,27,29,35,36,37,39,40,41,42,43,45,47,48,49,50,52,53,54,55,56,57,58,59,60,63,64,66,68,69,72,74,76,79,81,84,86,87,89,90,91,92,93,94,95,97,98,100,104,113,115,116,120,121,123,124,125,126,128,129,130,131,132,133,134,135,136,137,138,140,141,142,143,144,145,146,150,151,152,153,155,156,161,165,166,167,168,169,174,175,180,181,182,183,185,187,195,198,199,202,213,218,222,225,251,254,255,265,268,271,303,305,306,343,350,411,451,457,459,460,462,467,471,481,488,495,500,503,516,531,546
54,35,37,38,39,40,42,43,45,46,50,51,52,53,54,55,56,58,60,61,62,63,66,67,69,72,74,76,77,78,79,81,82,86,88,92,93,96,100,102,111,122,123,124,125,127,128,135,136,139,140,141,143,144,145,146,147,148,149,150,152,153,156,157,158,160,161,162,163,164,166,171,173,175,176,177,178,179,181,182,184,185,186,187,188,190,191,192,193,194,196,204,205,206,211,221,232,233,235,244,245,256,339,425,435,451,461,569
55,33,39,40,41,43,45,46,47,48,50,51,54,55,58,61,62,63,64,66,67,68,69,71,73,74,76,78,80,81,82,84,86,87,88,89,90,92,93,94,96,99,120,124,127,129,130,132,135,136,137,138,139,140,143,144,146,148,149,151,154,156,157,158,159,162,163,165,167,170,172,174,175,176,178,179,181,183,185,186,187,189,191,192,193,194,196,201,203,206,215,219,220,228,232,233,243,247,248,251,253,254,257,266,273,276,277,285,305,325,340,352,404,461,486
56,37,41,42,45,46,47,49,50,51,53,54,55,56,58,59,61,62,66,68,70,73,74,75,77,80,82,84,85,86,87,88,89,91,95,97,98,103,104,106,124,126,127,128,130,131,132,133,136,137,138,139,140,142,143,144,145,147,148,149,151,152,156,157,158,159,160,161,165,166,168,173,176,177,179,180,181,187,190,192,193,196,197,200,205,206,208,213,216,217,220,222,233,240,241,246,414,477
57,41,43,45,48,49,50,52,53,54,56,57,58,59,60,61,62,63,64,65,66,67,69,70,71,72,73,74,75,76,77,78,79,82,83,84,85,86,89,90,95,96,97,99,127,131,133,140,147,148,149,151,152,153,158,159,161,162,167,173,176,179,181,182,185,186,190,193,194,196,198,199,201,202,204,208,209,212,214,215,218,223,229,231,234,235,237,245,249,253,256,269,270,279,284,286,299,671
58,38,41,42,44,45,46,48,49,52,53,54,55,57,58,59,60,61,62,63,68,69,70,72,73,78,84,85,87,90,91,93,95,96,97,98,99,102,107,112,114,118,138,143,145,148,154,155,158,162,163,164,174,181,183,195,197,199,209,210,211,215,220,226,235,236,240,241,245,263,298,300,358,406,637
59,1,18,29,31,38,42,47,48,51,52,53,54,56,57,61,62,63,64,65,66,67,68,69,70,71,72,73,74,75,76,77,78,80,81,82,84,85,86,88,89,90,91,92,93,96,100,111,114,146,149,151,166,179,184,185,186,187,188,195,196,198,204,206,207,214,227,230,246,262,271,281,305,359
60,25,36,39,40,41,42,44,45,47,48,49,51,52,54,58,59,60,62,63,64,65,66,67,69,72,76,78,79,80,81,82,83,86,87,88,89,90,92,94,99,100,101,102,108,109,111,112,113,118,126,135,156,159,169,174,208,210,223,342,613
61,39,58,63,64,66,68,70,71,72,74,75,76,77,79,82,83,84,85,86,87,88,89,93,95,97,98,101,102,105,107,108,120,134,143,146,232,305,514,588
62,43,45,64,68,72,84,105,128,136,139,144,146,154,186,325,443,506,519
63,15,101,113,302,307,556
64,365,583,626
65,290,433
66,206
67,319,434,606
68,267,418,464,509
69,17,282,426,434
70,362,664
71,269,350,393,434,617,669
72,105,243,327,346,412,466,506,669
73,61,313,520,560,609
74,113,122,337,339,520
75,13,177,294,306,587
76,281,426,480,489
77,159,179,445
78,187,212,250,489,536,609,644,647
79,86,330,350,385,429,476,524,650
80,51,58,94,654
81,335,354,447,448,452,641
82,121
83,
84,
85,
86,
87,
88,
89,
90,
91,
92,
93,
94,
95,
96,
97,
98,
