12
0,254
1,18,58,347
2,88,229
3,114,382
4,138,191,322,385,554
5,333,426,526
6,214,538
7,146,196,219,339,638,656
8,258,303,476,538,590,643,664
9,49,143,235,284,317,390,413,420,491,606
10,145,452,554,640,669
11,36,373,490,506,537,557,563,571,574,583,585,589,593,604,678,681
12,192,388,410,556,577,581,583,623,660
13,294,513
14,50,101,107,109,122,188,318,365
15,93,101,102,103,104,105,106,107,108,109,110,111,112,113,114,115,116,117,118,119,120,121,132,137,302,374,543,614
16,91,98,103,104,105,106,107,108,109,110,111,112,113,114,115,116,117,118,119,120,121,122,123,124,125,126,127,128,129,130,131,132,133,134,135,136,137,138,139,140,141,143,144,145,146,149,151,153,154,155,156,157,159,160,164,165,168,170,174,177,183,184,194,197,199,200,204,208,222,445,540
17,86,97,101,104,105,106,107,109,110,111,112,113,114,115,116,117,118,119,120,121,122,123,124,125,126,127,128,129,131,132,133,134,135,136,137,138,139,140,141,142,143,144,145,146,147,148,149,150,151,152,155,156,157,159,160,161,162,163,164,165,166,167,168,169,170,171,172,174,175,176,177,178,179,180,181,182,183,185,186,187,188,189,190,191,192,193,194,195,196,197,199,200,201,203,204,205,206,208,209,211,212,213,214,215,217,219,220,222,223,231,232,236,239,241,259,269,273,279,301,337,423,449,498
18,4,55,78,95,97,101,102,103,104,105,106,107,108,109,110,112,114,115,116,118,119,120,122,123,124,125,126,127,128,129,130,131,132,133,134,135,136,137,138,139,140,141,142,143,144,145,146,147,148,149,150,151,152,153,154,155,156,157,158,159,160,161,162,163,164,165,166,167,168,170,171,172,173,174,175,176,177,180,181,184,185,186,187,188,189,190,191,192,193,195,196,197,198,199,200,201,203,204,205,206,207,208,209,210,211,212,213,214,215,216,217,218,219,220,221,223,224,226,227,228,229,230,231,232,233,234,235,236,238,239,240,241,242,244,246,247,248,249,250,252,254,255,258,261,263,267,268,269,270,271,272,275,278,286,289,295,305,308,309,312,321,335,338,339,348,398,526
19,99,100,101,103,104,105,106,107,108,109,111,112,113,115,116,117,118,119,120,121,123,124,125,126,127,128,129,130,132,135,136,137,139,140,145,147,148,150,151,156,158,159,160,161,163,165,166,167,169,170,171,173,177,178,180,181,182,183,184,185,186,187,188,189,190,191,194,195,196,197,198,199,200,201,202,203,204,205,206,207,208,209,210,211,212,213,214,215,216,217,218,219,220,221,222,223,224,225,226,227,228,229,230,231,232,233,234,235,236,237,238,239,240,241,242,243,244,245,246,247,248,249,250,251,252,253,254,255,256,257,258,259,260,261,262,263,264,265,266,267,268,269,270,272,273,274,275,277,278,279,280,281,282,283,285,286,287,288,289,290,292,293,294,295,296,297,298,299,301,302,303,304,306,307,308,309,311,314,315,316,318,319,321,322,324,326,327,328,330,331,333,335,336,337,338,339,340,341,343,344,346,347,349,350,351,352,353,357,358,360,361,362,363,369,374,377,379,381,383,386,388,389,391,398,402,403,428,440,441
20,94,96,101,102,104,105,107,109,110,112,113,114,115,116,117,119,122,124,125,126,129,130,131,132,133,136,137,138,139,140,141,142,143,145,146,147,150,151,152,153,154,156,157,158,159,160,162,163,168,169,170,171,172,175,176,177,178,179,180,181,183,184,190,192,194,195,197,199,200,201,203,205,208,211,214,216,217,218,220,221,222,225,226,227,228,229,230,232,233,234,236,238,239,240,243,244,246,247,249,250,251,252,254,255,256,257,258,259,260,261,262,263,264,265,266,267,268,269,270,271,272,273,274,275,276,277,278,279,280,281,282,283,284,285,286,287,288,289,291,292,293,294,295,296,298,299,300,301,302,303,304,306,307,308,309,310,311,312,313,314,315,316,317,318,319,320,321,322,323,324,325,326,327,328,330,331,332,333,334,336,338,339,340,341,342,343,344,345,346,347,348,350,351,352,353,354,355,358,359,363,364,366,368,370,373,374,376,377,379,380,381,383,386,388,389,393,394,396,397,400,401,403,406,413,416,417,420,427,444,447,457,481,538,684
21,97,99,101,102,103,104,105,106,108,109,110,111,112,113,114,115,116,119,120,121,122,123,125,127,128,130,131,133,134,137,138,140,141,142,143,147,152,153,154,157,166,168,170,171,175,177,180,182,183,186,192,195,196,205,208,209,214,215,218,219,221,224,230,231,233,235,237,241,243,246,248,249,250,251,252,253,255,256,257,258,260,261,262,263,265,266,267,268,269,271,272,273,274,276,277,278,279,280,281,282,283,284,285,286,289,290,291,292,293,294,296,297,299,301,302,303,304,305,306,307,308,310,311,312,313,314,315,316,317,318,319,320,321,322,323,324,325,326,327,328,329,330,331,332,333,335,336,338,339,342,343,344,346,347,348,349,350,351,352,353,354,357,358,359,360,361,362,364,365,366,367,368,369,370,371,372,373,374,375,376,377,379,380,381,382,383,385,386,390,393,394,395,398,400,401,402,403,406,407,408,410,412,413,414,416,417,418,423,426,427,429,432,433,435,436,438,439,444,446,453,456,459,464,468,477,550,625
22,95,99,100,104,105,106,108,109,111,112,113,116,117,118,119,121,122,123,125,126,128,130,131,132,133,134,135,136,138,141,142,145,146,147,148,149,150,152,153,155,156,159,160,161,163,165,172,173,174,175,179,181,186,188,191,192,197,198,199,202,207,208,211,213,215,216,218,222,223,226,228,233,236,239,243,245,246,247,249,250,252,255,259,261,264,265,266,267,270,271,272,273,276,277,278,281,282,284,285,289,290,292,293,296,297,298,299,300,301,302,303,304,305,308,309,310,312,314,315,318,321,322,323,324,326,328,329,334,335,338,339,340,341,342,343,345,347,348,349,350,352,353,355,358,359,364,366,367,369,371,372,373,374,375,376,378,381,382,383,384,385,386,387,389,390,393,394,399,400,402,405,409,416,417,423,424,429,432,434,438,443,446,451,453,461,467,468,472,485,578
23,97,99,100,101,102,103,105,108,110,111,112,113,114,115,117,118,119,122,125,126,127,129,132,133,134,135,136,139,143,147,149,150,151,152,153,162,163,167,173,174,176,177,180,181,185,186,187,191,197,198,204,211,212,220,221,227,232,240,241,246,250,251,253,255,258,260,261,262,264,265,266,269,272,273,276,277,278,279,281,282,283,284,285,286,288,289,291,292,293,294,295,296,297,298,299,300,303,305,306,309,311,312,313,314,316,318,319,322,325,326,327,331,332,333,335,337,341,342,345,346,351,352,354,355,356,357,361,362,363,364,368,370,371,373,375,376,377,379,384,387,388,390,392,393,394,398,399,401,409,410,411,413,416,419,421,422,430,462,465,468,469,474,475,478,527
24,100,101,102,106,113,116,118,119,120,121,122,123,125,127,128,129,130,131,132,133,134,135,136,138,140,143,145,147,148,149,152,153,154,156,157,159,163,168,169,171,172,174,179,181,188,189,191,192,194,199,202,204,206,207,209,227,228,230,231,244,250,252,256,258,259,260,261,262,264,265,266,268,272,274,275,276,277,278,280,285,286,287,289,290,291,292,293,295,297,298,299,301,302,303,305,307,309,312,314,316,318,319,320,322,324,325,326,327,328,329,330,331,332,333,334,335,336,341,342,343,344,345,347,348,349,351,353,356,360,364,365,366,367,368,371,372,378,381,382,383,386,387,388,390,391,392,393,394,396,398,400,401,402,407,412,417,418,419,423,424,432,436,438,440,441,449,456,471,477,483,489
25,2,39,99,101,102,104,105,106,107,108,109,111,112,114,115,116,118,119,120,122,123,124,125,127,132,133,135,136,137,138,142,143,144,145,146,147,148,149,150,151,155,157,159,160,161,162,167,170,172,176,178,179,180,181,194,198,203,207,211,220,227,228,229,237,240,242,244,248,251,253,254,255,256,258,260,262,266,268,272,273,274,275,281,283,284,286,288,289,290,291,294,295,297,298,299,300,306,309,311,312,318,319,321,323,325,331,332,335,336,338,339,340,342,344,345,347,349,350,351,353,357,358,359,360,361,364,365,366,371,373,374,377,378,380,381,387,388,390,392,393,395,396,398,399,400,401,402,406,407,408,409,412,418,421,424,429,434,437,438,443,444,448,452,464,465,472,474,491,492,521,638
26,101,102,103,108,109,110,111,112,115,116,118,119,122,123,124,125,127,130,133,134,136,139,142,143,147,151,152,155,158,160,163,164,170,173,178,183,188,189,190,194,196,204,206,207,208,215,217,226,228,229,235,236,238,242,244,245,257,258,264,267,270,271,272,274,276,278,280,281,283,284,286,291,292,293,294,295,296,298,300,301,303,307,308,309,310,311,312,316,317,318,319,320,322,323,324,325,327,330,331,332,334,336,337,338,339,342,343,347,348,349,351,352,355,356,357,359,363,368,372,373,374,375,376,378,381,385,386,387,389,395,398,404,405,413,417,418,419,421,428,432,434,445,446,451,453,460,470,472,479,500,531
27,94,96,101,105,107,108,109,110,113,114,115,116,118,119,120,124,126,127,134,141,142,144,146,147,149,150,151,153,154,157,158,161,162,163,168,175,179,181,182,183,186,191,196,201,203,205,211,212,220,223,227,259,265,268,270,273,280,284,287,289,293,295,296,301,306,309,310,317,318,319,320,321,323,326,327,331,333,334,336,340,341,343,347,356,357,358,359,361,362,366,368,369,370,373,374,375,376,377,378,379,384,385,386,387,388,389,390,391,392,395,396,397,398,399,403,411,416,417,419,420,422,423,424,425,428,433,434,437,439,440,441,446,453,456,457,464,470,485,497,511,534,556,685
28,8,53,99,100,102,103,105,107,108,110,112,113,114,116,119,121,122,123,124,125,127,128,131,133,135,136,139,141,144,146,149,150,152,155,158,160,161,162,172,174,179,188,190,191,200,213,215,216,217,218,224,226,227,229,233,234,237,246,252,254,257,258,259,264,276,279,281,282,283,286,289,293,298,301,302,303,306,308,309,310,312,313,314,316,317,320,321,322,326,327,330,331,333,334,335,336,337,339,340,342,343,345,346,347,348,349,352,354,358,360,362,364,370,371,378,380,388,415,419,434,440,445,446,448,464,465,481,507,515,618,625
29,1,8,43,61,62,102,103,104,105,108,109,111,112,114,115,119,121,122,124,125,129,130,134,138,139,140,141,142,145,146,150,152,153,154,157,159,162,163,167,171,177,178,179,181,182,184,194,201,204,210,211,212,220,221,224,225,227,229,234,240,244,246,251,252,254,255,258,259,260,274,280,284,291,296,301,305,310,313,316,320,321,326,327,338,340,341,343,345,346,348,349,350,351,352,353,354,355,359,361,362,371,373,376,378,381,385,386,389,390,394,395,397,398,399,402,403,405,406,408,409,412,414,418,420,423,425,435,436,443,453,454,472,544
30,83,106,108,110,112,115,117,119,120,122,123,125,126,128,130,131,132,133,136,139,140,141,142,147,148,149,150,156,160,162,167,168,169,171,172,173,176,179,181,183,185,199,204,230,236,241,251,252,253,257,259,264,268,270,272,276,283,288,289,292,294,295,300,304,308,310,312,314,320,321,322,325,326,327,328,329,331,332,333,339,340,341,342,344,347,348,351,354,355,356,358,361,362,366,370,376,377,390,392,396,399,400,403,404,408,411,413,414,416,426,431,433,445,466,469,484,510,526,528
31,24,109,112,113,114,117,119,121,125,126,127,129,133,134,137,138,139,146,148,150,153,154,155,156,158,160,162,164,167,171,172,173,174,177,178,180,185,188,189,194,205,206,208,213,217,224,226,242,243,245,253,257,258,259,260,262,267,276,278,279,282,283,286,289,290,294,308,313,315,326,327,328,329,333,334,345,350,355,358,359,361,370,374,381,386,389,399,401,407,409,413,418,426,435,438,440,474
32,106,108,109,111,112,113,114,116,119,120,121,122,124,126,127,128,129,131,132,133,134,135,136,137,142,143,144,145,146,147,149,150,154,155,159,162,164,165,169,172,176,179,182,192,195,197,200,201,206,207,210,212,214,215,222,223,225,235,236,237,243,244,259,260,261,262,263,265,273,279,283,287,290,294,302,303,306,309,312,315,318,322,324,333,336,337,341,345,349,350,357,365,372,395,396,397,427,437,458,490,512
33,21,101,103,106,109,116,119,121,122,124,125,126,128,129,131,132,133,135,136,138,140,144,145,146,147,148,150,154,157,158,160,166,168,169,171,172,177,182,183,195,201,210,213,217,221,222,227,228,230,237,240,244,247,253,256,258,264,267,269,273,277,281,286,291,296,299,307,308,309,325,327,330,332,333,339,344,358,391,423,463,545,622,699
34,109,114,115,123,127,128,130,131,133,134,137,139,140,141,142,143,145,146,147,148,149,151,152,153,154,156,159,160,162,164,169,172,173,174,175,179,188,195,200,205,208,210,211,212,215,218,225,229,236,242,244,247,256,263,264,265,267,268,272,273,274,275,279,284,285,287,298,305,326,328,338,343,362,372,376,389,392,556,616
35,115,117,119,120,121,124,125,126,127,128,129,130,132,133,134,135,137,138,141,142,145,148,149,151,152,156,157,160,161,162,163,164,165,167,168,172,173,174,183,187,188,190,191,198,201,202,205,208,209,212,213,215,217,220,221,224,226,227,228,229,235,240,251,252,253,256,257,259,260,264,265,266,268,269,270,271,273,274,275,277,279,280,283,290,293,294,299,301,302,315,321,322,333,335,345,352,358,366,401,423,438,516,658
36,66,94,111,118,120,123,126,129,132,133,136,137,138,140,143,144,145,148,149,150,151,153,156,157,159,160,163,164,167,168,172,173,174,175,177,178,181,182,185,186,190,195,197,204,217,218,219,221,223,224,230,232,233,235,238,240,241,242,245,247,250,257,261,262,265,268,271,272,278,289,291,292,297,300,305,306,318,320,322,331,339,344,345,350,364,370,394,408,437,456,468,472,623
37,84,85,126,131,132,133,134,135,136,137,140,141,142,144,145,146,148,150,151,152,154,155,158,159,160,162,163,165,169,170,172,175,176,179,180,182,184,186,187,192,194,196,202,207,213,214,215,219,221,222,223,224,226,229,234,237,240,241,246,248,250,252,262,267,268,271,272,276,278,282,286,287,299,305,325,330,343,376,430,459,470,652
38,73,130,132,133,134,135,136,137,140,141,142,143,144,146,149,150,151,153,154,156,159,160,161,162,163,164,165,168,169,171,172,173,176,177,178,180,181,182,183,184,186,187,188,191,198,199,201,205,210,213,217,220,222,225,227,229,230,231,233,235,237,239,240,242,243,244,245,247,250,251,253,254,257,264,275,286,288,289,317,341,379,421,433,443,625,631,672
39,6,32,139,140,142,144,145,146,148,150,151,152,153,155,156,157,158,159,160,162,165,166,168,169,170,171,173,174,175,180,181,182,183,184,188,189,190,191,194,196,197,201,204,205,208,218,220,221,225,229,231,232,233,234,236,237,239,241,242,243,245,246,250,252,253,254,255,256,257,259,260,261,263,267,274,278,280,286,290,293,316,421,426,460,494,538
40,55,143,144,146,147,149,151,155,156,157,158,159,160,162,163,164,165,166,167,171,172,174,175,176,177,179,180,183,185,186,187,191,193,195,196,198,199,200,204,206,210,211,212,217,231,233,235,236,237,241,243,245,249,250,251,252,255,256,260,261,267,272,277,282,289,291,295,297,312,323,333,371,400,440,553
41,22,23,148,151,156,157,158,159,160,161,162,163,165,166,167,168,170,172,173,174,176,178,179,184,185,186,187,188,190,192,193,194,197,198,201,203,207,230,235,246,254,255,256,263,265,270,273,277,284,297,305,442,444,681
42,9,52,141,154,157,159,160,164,165,166,167,170,171,172,174,175,176,179,180,181,182,183,184,185,186,188,190,191,192,193,194,195,196,201,203,205,207,208,210,211,213,214,220,228,232,272,277,540,601,685
43,55,162,164,167,169,170,171,175,176,178,181,182,184,185,191,192,196,197,198,199,203,206,207,208,210,212,218,225,226,227,232,486,576,601,695
44,136,172,175,177,180,181,182,183,184,186,187,189,191,192,193,194,195,197,198,200,201,207,209,211,214,218,221,223,231,235,255,295,623,655
45,102,189,193,196,199,233,250,267,457,664
46,1,207,409,530,533
47,406,508,619
48,25,289,515,536,688
49,
50,24,403,498,526
51,19,287,485,692
52,67,410,522,655
53,28,559
54,190,589,652
55,396,622,627
56,23,160,500
57,92,272,294,344,514,516
58,89,142,189,426,532
59,241,303,644
60,204,415
61,406,534,566,583
62,33,76,110,344,452,511,517,612,654
63,240
64,
65,
66,
67,
68,
69,
70,
71,
72,
73,
74,
75,
76,
77,
78,
79,
80,
81,
82,
83,
84,
85,
86,
87,
88,
89,
90,
91,
92,
93,
94,
95,
96,
97,
98,
