9
0,527
1,73,75,76,87,100,230,339,373,665
2,73,81,83,85,86,87,88,89,90,91,93,94,96,97,101,102,107,187,277,312,383,572
3,61,72,73,74,75,76,77,78,79,80,81,82,83,85,86,87,88,89,90,91,92,93,94,95,96,97,98,99,100,101,102,103,104,105,106,107,108,109,110,111,112,113,115,116,117,120,123,126,168,172,547,551
4,37,38,44,51,68,70,71,72,73,74,75,76,77,78,80,81,82,83,84,85,86,87,88,89,90,91,92,93,94,95,96,97,98,99,100,101,102,103,104,105,106,107,108,109,110,111,112,113,114,115,116,117,118,119,120,121,122,123,124,125,126,127,128,129,130,131,132,133,134,135,136,137,138,139,140,141,142,143,144,145,146,148,149,150,151,152,153,154,156,158,159,160,161,162,163,164,165,166,170,171,172,174,175,177,180,182,183,184,185,187,194,198,201,213,219,225,226,258,364,432,461,483,621,632
5,36,66,69,70,71,72,73,74,75,76,77,78,79,80,81,82,83,84,85,86,87,88,89,90,91,92,93,94,95,96,97,98,99,100,101,102,103,104,105,106,107,108,109,110,111,112,113,114,115,116,117,118,119,120,121,122,123,124,125,126,127,128,129,130,131,132,133,134,135,136,137,138,139,140,141,142,143,144,145,146,147,148,149,150,151,152,153,154,155,156,157,158,159,160,161,162,163,165,166,167,168,169,170,171,172,173,174,175,176,177,178,180,181,182,183,184,185,186,187,188,189,190,191,192,193,194,195,196,197,198,199,200,201,202,203,204,205,206,207,208,209,210,211,212,213,214,215,216,218,219,220,221,222,223,224,225,226,228,229,230,231,232,233,234,235,236,237,238,240,241,242,244,245,246,248,249,252,253,254,257,259,264,265,268,272,274,275,277,278,279,280,283,289,313,316,318,352,358,359,398,498,509,550
6,62,65,66,67,68,69,70,71,72,73,74,75,76,77,78,79,80,81,82,83,84,85,86,87,88,89,90,91,92,93,94,95,96,97,98,99,100,101,102,103,104,105,106,107,108,109,110,111,112,113,114,115,116,117,118,119,120,121,122,123,124,125,126,127,128,129,130,131,132,133,134,135,136,137,138,139,140,141,142,143,144,145,146,147,148,149,151,152,153,155,156,157,158,159,160,161,163,164,165,166,167,168,169,170,171,172,173,174,175,176,177,178,179,180,181,183,184,185,186,187,188,189,190,191,192,193,194,195,197,198,199,200,201,202,203,204,205,206,207,208,209,210,212,213,214,215,216,217,218,219,220,221,222,225,226,228,230,231,232,234,235,236,237,238,240,241,242,243,244,245,246,247,248,249,251,253,256,258,259,261,271,274,278,280,281,282,283,287,288,291,293,298,304,335,342,345,350,354,383,404,406,411,462
7,20,54,58,61,67,70,72,73,74,75,76,77,78,79,80,81,82,83,84,85,86,87,88,89,90,91,92,93,94,95,96,97,98,99,100,101,102,103,104,105,106,107,108,109,110,111,112,113,114,115,116,118,119,120,121,122,123,124,125,126,127,128,129,130,131,132,133,134,136,137,138,139,140,141,142,143,144,145,146,147,148,149,151,152,153,155,156,157,158,159,160,161,162,163,166,167,168,169,170,171,173,174,175,176,177,178,179,181,182,183,184,185,186,188,189,190,191,192,193,194,195,196,197,198,199,200,201,203,204,205,206,207,208,209,210,211,212,213,214,215,217,218,219,220,221,222,223,224,225,226,227,228,229,231,232,233,234,236,237,238,240,241,245,250,251,252,253,255,256,258,259,263,264,265,266,267,268,270,271,274,275,278,279,289,291,296,297,302,303,307,309,310,320,322,369,375,377,383,604,616
8,48,67,69,73,74,75,76,77,78,79,80,81,82,83,84,85,86,87,88,89,90,92,93,94,95,96,97,98,99,100,101,102,103,104,105,106,107,108,109,110,111,112,113,114,115,116,117,118,119,120,121,122,123,124,125,126,127,128,129,130,131,132,133,134,135,136,137,138,139,140,141,142,143,144,145,146,147,148,149,150,151,152,153,155,156,157,159,160,162,163,164,165,166,167,169,170,171,172,173,174,175,176,177,178,179,180,181,182,183,184,185,186,187,188,189,191,192,193,194,195,196,197,198,199,200,201,202,203,204,206,208,209,210,211,212,213,216,217,218,219,220,221,222,223,224,225,226,227,228,229,230,231,232,233,235,236,237,238,239,241,242,243,244,245,246,247,248,249,251,252,256,259,260,261,262,264,265,267,268,271,272,273,274,276,278,283,296,297,300,302,303,305,312,320,324,326,333,338,341,345,358,372,403,407,410,469
9,67,69,70,72,73,74,75,76,77,78,79,80,81,82,83,84,85,86,87,88,89,90,91,92,93,94,95,96,97,98,99,100,101,102,103,104,105,106,107,108,109,110,112,113,114,115,117,118,119,120,121,122,123,125,127,128,129,131,132,133,134,135,136,138,139,140,143,144,145,146,147,148,149,150,151,153,154,155,158,159,160,161,162,163,164,165,166,167,168,169,170,171,172,173,174,176,177,178,179,181,182,183,184,185,186,187,188,189,190,191,192,193,194,195,196,197,198,199,200,201,202,203,204,205,206,207,208,209,210,211,212,213,214,215,216,217,218,219,220,221,222,223,224,225,226,227,228,229,230,231,232,233,235,236,238,239,240,241,242,243,244,245,246,247,248,250,251,253,254,255,256,258,259,261,262,264,265,266,268,269,270,271,272,273,275,278,279,280,281,282,284,286,288,289,290,291,292,294,296,297,298,305,306,308,311,314,315,317,320,328,329,331,333,337,340,343,346,349,350,354,359,360,361,364,370,371,373,376,377,381,393,404,427,434,658,676
10,20,68,69,71,72,73,75,76,77,78,79,80,82,83,84,85,86,87,88,91,92,93,94,95,96,97,98,99,100,101,102,103,104,105,106,107,108,109,110,111,112,113,114,115,116,117,118,120,122,123,124,125,126,127,128,129,130,131,132,133,135,136,137,138,139,141,142,143,145,146,148,149,151,152,153,154,155,156,157,159,160,161,162,166,167,168,169,170,171,172,174,175,176,177,181,184,185,187,188,189,190,191,192,193,194,195,196,197,198,199,200,202,203,204,205,206,207,208,209,210,211,212,213,215,216,217,218,219,220,221,222,223,225,226,228,229,230,231,232,233,234,235,236,237,238,239,240,241,242,243,244,245,246,247,248,249,250,251,252,254,255,256,257,258,259,260,261,262,263,264,265,266,267,268,269,270,271,272,273,274,275,276,277,278,282,283,284,285,287,288,289,290,291,292,293,295,296,297,298,299,300,301,302,303,304,305,306,307,308,310,311,312,313,314,315,318,319,320,321,322,323,324,325,326,327,328,330,331,333,334,337,338,339,340,344,345,346,347,348,349,350,351,352,353,355,356,358,359,360,363,366,367,368,369,370,371,372,375,377,380,381,382,383,384,387,389,391,392,395,398,399,407,412,414,419,420,421,422,427,438,448,474,564,603,663
11,62,65,68,69,71,72,73,74,77,78,79,80,81,82,83,84,85,86,87,88,89,90,92,93,94,95,96,97,98,99,100,101,102,103,107,108,109,110,111,112,113,114,115,116,117,118,120,121,122,123,124,126,128,129,131,132,133,135,136,137,138,139,140,142,144,145,146,148,149,150,151,154,155,156,158,159,160,161,162,163,164,166,167,169,170,171,172,173,174,176,178,180,181,182,183,184,185,186,187,188,189,191,192,194,195,196,197,200,201,203,204,205,206,209,210,211,214,216,217,218,219,221,222,225,226,227,228,229,231,232,233,234,235,236,238,239,241,242,243,244,245,246,247,248,249,250,252,253,254,257,261,262,263,264,265,266,267,268,269,272,273,274,275,276,279,280,281,282,283,284,286,287,288,289,290,291,294,295,296,297,298,299,301,303,304,305,306,307,308,310,312,313,315,318,321,322,323,324,325,326,327,328,329,330,331,332,333,334,336,337,341,342,343,344,345,347,348,350,351,352,353,354,356,357,359,360,361,362,363,367,369,370,372,375,376,378,380,382,383,384,385,386,388,390,391,392,393,394,395,397,398,400,403,406,416,418,424,439,450,457,476,543,554,587
12,66,68,70,71,72,73,74,75,76,77,79,80,82,83,84,85,86,87,88,89,90,91,92,93,94,95,96,97,98,99,100,101,103,104,105,106,107,108,109,110,111,112,114,115,116,117,118,119,120,121,122,124,125,126,131,132,133,135,137,139,141,145,146,147,149,151,152,155,156,157,158,159,160,162,164,165,166,167,169,170,173,175,176,177,179,180,181,182,183,185,188,190,193,194,196,198,200,201,203,204,206,207,208,209,210,211,213,214,215,216,218,219,220,221,222,223,224,227,228,229,230,231,233,234,236,237,238,240,241,242,243,245,246,247,249,251,252,253,257,259,260,261,262,263,267,268,270,271,272,273,274,275,276,278,284,288,289,291,292,293,294,295,297,298,299,300,303,305,306,307,308,310,311,313,315,316,317,318,319,320,321,322,323,325,326,329,330,331,332,338,339,342,343,345,347,350,351,352,353,354,355,356,358,359,360,361,362,363,364,366,367,368,369,370,371,372,373,374,375,377,378,380,383,384,385,387,389,393,394,395,396,397,399,403,405,411,415,422,430,431,443,449,451,458,467,479,485,499,506,619,654
13,55,60,67,69,71,72,73,74,75,77,78,79,80,81,83,84,85,86,87,88,90,91,96,98,100,101,102,103,105,106,107,108,109,110,111,112,113,114,115,116,118,120,121,122,123,124,125,126,127,129,131,133,134,135,136,138,140,141,142,143,144,146,147,148,151,152,153,155,156,157,158,159,160,161,163,164,166,167,168,171,172,173,174,176,177,179,182,184,185,186,187,188,189,190,192,193,194,195,198,199,200,203,204,206,207,208,210,211,213,215,216,218,219,221,222,223,224,225,228,229,231,232,234,235,236,238,240,241,243,244,245,246,248,249,250,251,252,254,255,256,257,258,259,260,262,264,267,269,270,271,274,275,276,278,279,280,281,282,283,285,286,288,289,292,293,295,297,298,299,300,302,303,304,305,307,308,309,313,314,316,317,318,320,321,322,324,325,328,329,330,334,335,337,339,341,342,343,344,345,346,347,348,349,350,352,353,355,356,358,359,360,362,364,365,366,367,370,371,372,375,377,378,381,382,383,384,385,386,387,389,390,392,393,396,398,399,400,402,405,406,407,410,411,412,414,415,421,422,423,425,426,427,430,450,454,462,473,479,485,499,502,548,663
14,62,64,67,68,69,71,72,73,74,76,77,78,79,81,82,83,84,85,86,87,88,89,90,91,92,93,94,95,96,97,98,99,100,101,102,104,105,106,107,108,109,112,114,115,116,117,118,121,122,123,124,125,126,127,128,129,130,131,132,133,134,135,137,138,139,140,141,143,144,145,146,149,153,154,155,157,158,159,160,163,168,171,173,179,180,184,185,187,188,189,190,191,192,193,194,197,198,199,200,201,202,203,205,209,211,212,218,221,228,230,231,232,233,234,236,237,238,239,240,241,242,244,245,246,247,248,249,250,251,256,258,259,261,262,263,265,266,267,268,270,271,272,273,277,280,283,284,286,287,288,290,293,295,299,300,301,302,303,304,306,308,309,311,313,314,315,316,317,318,319,320,321,322,323,324,326,328,329,330,331,332,333,334,335,336,337,338,339,341,342,343,344,346,347,348,349,350,351,353,356,358,359,363,364,365,370,376,378,379,381,385,389,391,392,393,394,395,398,399,400,403,406,417,421,424,426,432,433,459,461,473
15,62,63,64,67,68,69,70,71,72,73,74,76,77,78,79,80,81,83,84,85,86,87,88,89,90,91,92,93,94,95,96,97,98,99,100,101,102,103,104,105,106,107,108,109,110,111,112,113,114,115,116,117,118,120,121,122,124,125,126,127,128,129,130,131,132,133,134,135,136,137,138,140,141,143,145,146,148,149,151,152,155,156,159,161,162,164,168,170,171,172,173,174,175,176,177,178,180,181,182,183,184,185,188,190,191,192,193,194,195,197,200,202,206,207,208,209,210,213,214,215,216,218,220,221,222,223,224,225,226,227,228,230,231,232,233,234,236,237,241,242,245,246,247,249,251,253,255,256,257,259,260,262,264,265,266,267,268,269,270,271,272,273,276,277,278,281,282,284,285,287,288,290,292,293,294,295,297,298,299,300,301,302,303,304,305,307,309,310,312,313,314,316,317,320,324,328,330,331,332,333,335,336,337,339,340,342,343,345,348,349,350,351,353,354,355,356,357,363,364,367,368,369,370,371,372,374,378,379,381,382,384,388,392,393,395,398,401,402,404,405,407,409,415,422,469,493,527,605
16,11,45,63,64,65,66,67,68,69,70,71,72,73,74,75,76,77,78,79,80,81,82,83,84,85,86,87,88,89,90,91,92,93,95,96,97,99,100,102,103,104,105,106,108,110,112,113,114,115,116,117,119,121,122,123,127,129,130,131,132,134,135,136,137,140,141,142,143,145,146,147,149,150,151,152,153,154,155,158,160,162,164,165,167,170,173,174,177,178,182,184,186,187,189,190,193,194,195,200,203,204,205,206,207,208,210,217,218,221,222,224,225,226,228,231,232,233,234,235,236,239,240,246,247,248,249,251,254,256,257,259,261,262,263,265,268,270,274,276,277,278,280,281,282,283,286,292,293,294,296,297,298,300,301,306,307,311,313,314,315,316,317,318,319,320,321,322,323,324,325,326,329,330,331,332,333,337,339,340,341,345,346,347,348,349,350,353,354,358,359,362,364,367,368,369,370,373,374,375,378,379,382,385,386,388,389,390,391,392,396,397,399,400,402,407,413,420,426,431,437,439,444,459,460,472,481,492,495,498,503,534
17,2,58,60,61,63,64,69,70,71,74,75,77,79,80,81,82,83,84,85,86,87,88,90,91,93,94,95,96,97,98,99,101,103,104,106,107,108,109,110,111,113,114,115,116,117,119,120,121,123,124,126,127,129,130,131,132,133,134,135,136,137,138,139,141,142,143,144,148,149,150,151,152,155,156,157,159,161,163,164,167,168,169,170,172,173,174,175,179,180,184,186,187,189,190,192,193,194,195,197,199,200,204,205,210,211,213,220,222,225,226,228,230,231,233,234,235,236,237,238,239,241,242,245,247,249,252,253,254,255,257,258,259,260,261,268,269,272,274,275,276,278,284,286,288,290,293,295,297,299,301,306,309,310,311,314,316,319,320,322,323,324,326,331,333,336,337,338,340,352,358,360,361,365,369,371,377,379,380,381,385,386,387,391,393,398,399,401,402,411,413,415,417,418,426,431,435,436,465,468,476,490,502,661
18,62,63,65,66,70,71,73,74,75,76,77,78,79,80,81,82,83,84,85,87,88,89,90,91,92,93,94,96,97,98,99,100,101,102,105,108,109,110,111,112,113,114,116,118,119,121,122,123,124,125,127,128,130,131,133,134,135,136,137,138,139,140,142,144,145,146,148,150,151,152,154,156,158,160,163,164,165,168,169,170,174,175,176,177,178,179,180,181,182,183,184,186,187,190,191,193,194,195,196,198,199,200,202,203,205,206,207,209,212,215,217,218,219,221,223,225,227,229,230,231,233,234,235,236,238,239,241,242,243,244,245,246,247,248,252,256,257,258,264,270,271,272,274,277,279,281,284,285,287,288,289,292,293,297,301,302,304,305,307,308,312,314,316,320,321,322,323,325,326,328,331,333,334,339,340,343,345,347,348,349,350,352,360,362,364,368,370,372,373,374,375,376,377,386,388,390,399,400,404,405,406,418,419,421,429,430,447,450,460,462,485,502,567
19,7,63,66,67,68,69,70,71,72,73,74,75,76,77,78,79,80,81,82,83,84,85,86,87,90,92,93,94,95,96,97,98,99,100,101,102,104,107,109,111,112,114,115,116,117,118,122,123,124,125,126,127,128,129,130,131,132,134,135,137,138,139,142,144,148,150,152,154,155,156,157,158,159,160,162,166,167,169,170,174,176,179,181,184,185,192,194,195,196,200,201,203,204,205,207,208,209,212,215,216,220,221,222,224,228,231,233,235,238,241,242,243,252,253,254,255,258,260,261,265,266,267,272,274,275,278,279,282,286,287,291,292,295,296,301,303,305,307,310,311,314,317,318,319,324,332,334,335,337,338,347,348,349,350,357,360,363,364,366,370,371,372,373,378,379,381,384,387,388,389,395,399,400,401,402,408,411,425,479,517,541,585
20,45,63,64,66,68,69,70,71,72,73,74,75,76,77,80,81,82,84,85,86,87,89,91,92,93,94,95,96,98,99,100,102,103,106,107,108,109,110,111,113,115,116,118,120,121,123,124,127,128,129,131,134,138,139,140,141,142,143,144,145,146,147,150,151,153,154,161,163,164,168,169,174,175,177,178,179,180,183,185,186,187,188,189,190,191,194,197,198,200,202,203,206,210,215,218,221,225,227,228,229,233,235,237,241,242,243,251,252,261,263,265,266,267,269,270,273,274,276,278,279,280,281,283,286,287,288,291,292,296,298,299,305,308,312,314,316,319,321,323,325,326,327,328,329,332,333,335,339,340,342,344,345,347,349,353,354,355,358,359,360,361,362,368,374,376,379,380,384,386,387,389,390,391,394,396,398,400,408,409,415,420,421,422,423,425,434,445,450,451,454,680
21,64,65,67,68,70,71,72,73,74,75,77,78,79,80,81,82,84,86,87,88,89,93,94,95,97,98,100,102,103,104,106,109,110,112,114,115,117,120,121,123,124,125,126,127,128,129,130,133,134,135,136,139,140,141,142,143,145,147,148,150,151,153,154,156,159,160,161,162,166,167,168,169,170,171,173,175,176,177,179,180,182,183,185,186,187,188,191,192,193,194,195,198,201,207,208,210,213,214,216,221,223,224,227,231,234,236,237,239,240,244,249,250,260,264,272,273,280,281,289,292,294,295,296,301,303,305,309,310,313,314,315,316,317,320,321,323,325,326,328,331,333,336,341,343,346,348,356,360,361,363,367,368,369,371,373,377,382,384,389,393,396,405,406,407,416,417,429,438,442,443,458,490,615
22,58,61,63,65,66,67,68,70,72,73,74,75,76,77,78,79,80,81,82,83,84,87,88,89,94,96,97,100,102,103,104,105,106,107,110,111,112,113,114,115,116,117,120,122,126,127,128,131,133,136,137,138,139,140,141,142,143,145,146,147,148,151,152,155,162,163,164,168,169,171,172,173,175,178,179,180,181,182,183,184,185,186,187,188,189,190,191,197,198,199,200,201,209,211,213,214,218,221,228,231,232,234,235,237,238,246,250,252,254,258,260,266,267,271,276,277,278,282,286,288,291,293,294,296,297,304,308,310,311,313,314,317,319,320,322,323,325,326,329,331,333,336,340,345,349,352,353,355,359,361,367,369,370,371,372,374,376,383,390,391,393,395,398,400,401,411,413,428,429,430,433,436,441,458,464,475,568,582,681
23,44,58,60,61,62,63,64,65,66,67,68,69,71,72,73,74,75,78,79,80,82,83,84,85,86,89,90,91,92,95,96,98,99,102,103,104,105,106,107,109,110,112,115,117,118,119,120,121,123,125,127,128,129,133,134,135,136,137,140,142,143,144,146,150,152,154,157,160,161,162,166,167,170,171,172,173,177,180,181,184,187,191,196,200,201,202,207,208,209,215,216,222,226,227,232,236,238,239,241,242,245,249,251,252,257,258,260,262,267,273,274,276,280,284,286,287,289,290,293,297,298,300,303,304,305,308,309,311,315,319,321,323,332,336,338,343,348,350,353,354,355,359,363,364,366,367,373,377,380,391,392,395,412,413,416,435,450,463,488,530
24,50,59,60,62,64,65,66,67,68,69,70,71,72,74,76,77,80,81,82,83,85,86,88,89,90,91,94,95,96,98,100,101,102,103,105,106,108,109,110,112,113,114,117,118,119,123,126,127,130,131,133,134,135,136,138,139,140,142,144,146,147,148,151,156,161,162,163,164,165,166,167,169,171,173,174,175,176,177,179,182,183,186,188,193,194,195,196,197,199,200,202,204,207,208,211,217,218,221,222,224,225,226,229,230,231,232,233,234,235,239,241,242,243,244,248,253,255,257,260,266,268,270,273,278,279,280,284,287,288,289,290,292,296,297,298,301,304,307,309,312,319,320,321,325,326,329,331,332,333,334,347,353,354,355,361,362,363,368,371,381,384,386,387,393,405,406,414,418,420,422,424,434,436,438,447,453,476,589
25,52,55,56,58,59,60,62,63,64,65,66,67,68,69,70,71,74,75,76,78,79,80,81,83,85,86,87,89,90,91,93,95,96,97,98,99,101,103,104,106,109,110,111,112,113,114,115,117,118,120,122,123,124,125,126,128,130,132,133,136,137,138,139,140,142,144,146,147,151,154,155,157,159,162,166,167,169,170,172,173,174,177,178,181,187,188,189,190,192,195,196,197,202,204,205,206,208,209,210,212,214,217,218,220,222,223,225,226,227,228,230,231,232,233,236,240,241,242,243,245,247,248,251,252,258,260,266,268,269,270,271,277,281,283,286,287,288,290,291,294,299,300,301,307,311,316,319,320,321,324,325,328,336,338,339,342,343,348,349,353,355,360,365,368,371,373,391,394,395,401,403,417,427,447,450,471,499
26,57,58,59,61,62,63,66,67,68,70,71,72,74,75,76,77,79,80,81,82,83,84,85,86,87,89,90,92,93,94,95,97,98,99,100,101,102,104,105,106,107,108,109,110,111,112,113,114,115,118,119,120,123,127,129,130,133,135,136,138,140,142,148,154,158,160,163,165,168,169,172,173,176,178,179,181,182,183,185,186,187,188,190,192,193,195,197,200,203,208,211,213,214,215,216,220,222,223,224,225,227,228,229,237,239,241,242,244,245,246,247,249,250,254,264,267,268,272,278,279,283,284,285,286,289,290,291,292,294,295,296,297,298,303,305,306,307,308,310,311,312,314,315,320,323,324,327,330,331,333,338,342,344,345,346,351,353,354,358,359,364,365,366,368,372,373,374,376,378,380,386,387,388,389,396,409,415,422,424,426,456,600,640,647
27,48,55,58,59,60,61,63,65,66,67,68,69,70,71,72,73,74,75,78,79,82,83,84,85,86,88,89,90,91,93,95,96,97,99,100,101,103,104,109,110,113,114,118,121,122,127,128,129,131,134,142,144,148,151,155,156,160,163,168,170,171,172,173,174,175,177,179,180,182,186,187,189,191,199,200,204,212,215,216,217,218,220,221,222,223,227,230,232,234,235,238,239,240,241,242,248,255,256,257,258,262,264,268,272,273,279,280,281,286,287,292,293,294,295,301,304,309,323,328,331,334,335,352,355,357,361,363,364,372,375,385,386,387,391,399,405,411,415,417,423,427,429,432,436,438,467,484,487,502,548,550
28,56,60,61,63,64,65,66,67,68,69,70,72,73,74,75,78,80,81,82,83,84,85,87,88,89,91,93,94,97,98,101,102,104,107,108,111,115,118,119,120,122,124,125,126,128,131,132,133,134,137,138,140,141,142,144,145,146,162,163,164,166,167,168,170,171,172,174,175,178,181,186,192,195,197,198,199,202,206,207,210,213,216,218,223,224,227,228,229,230,232,234,236,245,247,248,257,265,266,267,276,277,278,279,294,297,298,304,314,320,326,327,334,339,345,350,355,362,365,367,369,370,371,373,380,385,390,392,394,396,406,418,425,429,440,446,453,466,515,676,677
29,55,56,58,59,60,62,63,64,66,67,68,69,71,72,73,74,75,76,77,78,79,81,82,83,84,86,87,88,90,91,92,95,96,97,99,100,101,102,103,105,106,107,108,109,110,111,113,116,118,119,120,124,127,132,133,134,136,137,138,141,142,144,146,147,151,154,155,158,161,162,163,164,166,167,168,170,173,174,176,182,183,184,185,187,190,191,192,193,194,195,198,201,207,209,210,219,222,223,224,228,230,236,245,250,258,262,272,278,281,283,285,286,287,292,300,301,305,306,313,316,319,323,330,332,342,345,348,349,351,363,368,370,378,381,386,391,397,409,415,417,429,431,438,446,447,451,454,471,474,591
30,10,51,52,56,57,58,61,62,63,64,65,66,69,72,73,76,77,78,79,81,84,85,86,87,89,90,91,92,93,94,95,96,98,99,102,103,104,105,106,107,108,109,110,112,113,115,116,117,118,119,120,122,123,124,125,127,133,136,138,140,147,148,149,151,153,154,160,169,171,172,179,183,196,206,210,212,213,216,222,224,226,227,229,231,232,236,238,240,242,246,265,274,275,278,286,293,296,298,300,301,302,308,310,317,323,324,330,334,349,351,352,359,361,362,369,377,378,380,384,389,393,394,396,397,398,409,410,418,421,424,427,448,675
31,12,48,53,54,55,56,58,59,61,63,65,66,67,69,72,73,74,76,77,79,80,83,84,87,88,89,91,92,96,97,98,100,101,102,103,104,105,109,111,115,116,118,119,121,122,124,126,131,133,140,145,149,150,151,152,155,184,185,186,188,191,193,195,200,202,206,213,214,215,218,220,223,225,227,228,231,235,244,249,252,254,261,262,264,265,266,269,272,273,274,276,280,284,286,288,292,293,297,300,304,307,311,313,317,319,335,341,364,372,377,379,382,403,405,414,427,433,438,442,447,451,453,464,468,493,567,629,671
32,52,54,55,57,58,59,60,61,62,64,65,66,67,68,69,70,72,73,74,75,76,77,78,79,80,82,83,84,88,91,92,93,94,96,98,100,101,102,107,109,112,115,117,118,121,124,128,129,132,134,136,142,145,148,150,152,156,157,159,161,162,165,166,168,170,171,174,177,179,180,182,184,186,190,191,193,194,196,198,199,200,202,206,212,215,216,217,221,222,223,225,226,227,231,232,239,243,252,255,257,259,267,271,272,279,284,288,290,294,297,300,301,304,305,314,315,316,317,333,341,360,365,367,374,375,377,399,400,401,411,432,443,452,470,597,603,640,679
33,51,55,57,58,59,60,61,62,63,64,65,66,67,68,69,70,72,73,74,76,78,79,80,82,84,85,87,90,91,95,102,103,104,106,107,109,110,111,114,117,118,119,120,121,124,126,127,128,131,134,135,139,142,145,146,149,156,158,159,160,161,163,164,166,168,171,175,177,182,187,191,192,195,197,200,205,208,209,210,211,213,215,216,220,221,222,223,226,227,228,229,230,235,236,252,281,308,325,351,393,397,402,410,411,426,435,436,447,451,465,467,612
34,54,56,57,58,60,61,62,63,64,65,66,67,68,72,76,78,79,83,87,88,89,90,91,92,93,95,96,98,99,100,101,102,103,108,111,112,116,118,119,120,122,124,128,132,133,135,140,145,148,149,153,155,156,158,159,160,161,163,164,166,167,168,169,171,175,177,178,179,180,185,187,188,192,205,208,209,211,217,219,222,223,229,232,234,237,239,240,242,243,249,260,262,267,269,271,274,279,281,283,284,286,287,292,293,304,305,312,313,314,324,328,331,395,399,483,484,514,557,679
35,53,54,55,56,57,59,60,61,62,63,64,65,67,69,71,76,77,80,81,83,86,87,89,91,92,93,94,97,99,100,101,103,106,107,111,113,114,116,117,118,119,121,122,124,126,127,128,129,131,135,136,143,149,151,158,159,171,174,175,179,180,181,182,183,185,187,190,192,197,199,201,202,204,206,208,211,212,213,214,216,217,218,219,221,222,223,225,229,235,236,238,242,247,255,258,261,262,267,270,271,276,280,283,286,301,310,320,321,335,340,407,465,477
36,47,49,55,56,57,58,59,60,61,64,65,66,67,68,69,70,71,73,74,75,76,77,78,79,80,83,85,86,87,88,89,90,91,92,93,96,97,98,101,104,106,112,114,115,116,118,124,128,129,130,131,137,139,143,151,153,159,160,162,163,166,167,168,170,171,172,176,178,180,181,190,191,194,200,201,202,203,204,208,209,210,212,216,217,218,219,220,230,234,236,238,241,252,258,262,272,274,288,291,293,294,295,298,299,300,306,318,340,341,466,536
37,9,48,49,54,57,60,61,62,63,64,66,67,68,69,70,71,72,73,74,75,78,79,80,81,82,83,87,89,91,92,95,99,100,101,102,103,104,106,108,110,111,113,116,118,119,120,121,123,124,125,126,127,128,129,131,132,135,136,138,139,140,144,146,147,148,157,158,159,162,164,165,166,167,169,170,171,172,174,175,178,180,182,183,185,186,187,188,189,192,193,197,201,204,205,206,212,213,214,216,217,218,220,221,223,224,225,226,229,241,243,249,269,304,314,340,413,428,435,454,508
38,23,49,52,53,54,56,57,58,59,60,61,62,63,64,65,66,67,68,69,70,71,73,74,75,76,77,81,82,83,84,85,86,87,88,90,92,93,97,100,101,102,103,104,105,106,107,108,109,110,111,112,113,115,116,118,119,120,121,122,123,125,127,129,130,131,132,133,135,137,138,143,144,145,148,151,152,153,156,157,158,159,161,163,164,168,169,170,177,178,181,182,183,191,199,200,210,211,212,214,217,218,219,224,229,231,232,233,234,237,240,241,247,252,253,254,262,270,299,301,302,303,305,311,329,347,372
39,51,55,56,57,58,59,60,61,62,63,65,66,67,70,71,72,73,74,75,76,77,80,82,83,84,86,87,88,89,90,91,92,93,94,95,96,97,98,99,100,101,103,104,105,106,107,108,109,110,112,114,115,116,118,122,123,124,126,131,133,134,140,146,148,153,156,157,159,160,161,162,163,164,166,170,174,179,182,187,188,189,193,198,199,200,201,202,205,206,207,208,213,214,216,217,219,223,224,227,232,237,243,251,255,267,281,285,286,290,296,298,308,309,322,329,356,384,387,398
40,47,50,51,53,54,56,58,60,62,63,64,65,66,67,68,69,70,71,72,73,74,75,76,77,78,80,81,82,83,84,87,88,89,90,91,92,93,95,96,98,99,101,102,103,104,105,106,108,109,110,111,113,114,115,117,118,120,121,123,124,125,126,128,129,130,131,132,133,134,135,137,138,139,140,141,144,147,149,152,153,155,156,157,158,162,165,166,167,168,169,171,173,174,175,176,177,178,179,180,181,182,183,184,185,187,188,189,190,191,192,193,195,196,197,200,201,202,203,204,205,206,207,208,212,214,215,216,218,220,222,223,225,226,227,228,232,233,235,236,239,240,249,254,271,293,307,425
41,49,52,55,56,57,58,62,63,65,66,67,68,70,71,72,73,74,75,76,82,83,85,87,88,89,90,91,94,96,97,98,99,100,102,103,105,106,107,108,110,111,112,113,114,115,117,118,120,121,122,123,124,125,127,128,131,132,133,136,139,141,142,143,144,145,146,147,148,150,151,152,153,154,155,157,158,159,160,161,162,163,164,165,166,167,169,171,173,176,178,179,181,187,188,190,191,192,196,199,206,211,213,217,218,219,223,226,255,257,264,265,267,268,270,273,276,285,288,292,293,297,306,311,321,323,342,517
42,44,53,54,55,56,57,59,61,63,65,66,67,68,69,70,72,73,76,77,78,81,82,84,85,86,87,88,89,90,92,93,94,95,96,97,98,99,100,102,103,105,106,107,109,110,111,112,113,114,115,116,117,118,124,125,127,129,131,132,133,134,137,139,141,143,146,152,154,155,156,157,158,159,162,164,168,169,173,177,178,179,181,184,185,193,194,196,198,199,202,206,209,212,215,216,217,219,220,221,223,225,229,230,240,241,246,248,251,252,253,257,260,280,323,381,526,544
43,29,45,50,54,61,65,67,69,70,71,74,75,76,77,78,79,80,83,84,85,87,90,95,97,98,99,100,101,103,104,108,109,115,116,118,119,122,123,125,127,130,134,137,139,142,146,148,149,150,151,155,156,159,166,168,169,170,171,173,175,177,178,179,180,181,182,184,189,192,194,198,200,202,207,208,210,211,213,217,220,222,224,226,228,229,233,235,236,243,245,259,272,275,306,318,334,335,563
44,25,57,62,63,64,65,66,67,69,70,71,72,73,74,75,76,77,78,79,80,82,84,85,86,87,88,89,90,91,94,95,98,99,102,105,107,108,109,110,111,112,113,114,115,117,118,120,121,123,125,126,129,130,132,134,136,139,148,151,157,158,159,163,164,166,169,170,173,175,176,180,182,188,194,197,200,201,206,211,216,224,230,233,240,280,306,313,392,397,599
45,53,56,57,58,59,60,62,63,65,66,67,68,69,71,72,73,74,76,78,79,80,81,83,85,88,90,91,92,94,96,97,98,99,100,103,105,106,107,108,109,110,111,117,119,122,123,124,125,128,130,131,132,134,135,139,141,142,144,145,148,152,153,158,160,161,163,164,165,166,168,169,177,178,179,181,182,183,186,188,189,195,196,202,206,208,209,216,223,237,242,245,250,259
46,44,48,51,52,53,55,58,59,60,62,63,66,67,69,70,72,73,74,75,78,79,81,83,87,88,89,90,91,94,95,97,98,99,100,101,104,107,108,109,110,111,113,116,117,118,119,121,122,123,124,125,127,128,129,131,132,133,134,136,137,139,141,146,148,149,150,151,152,153,154,155,161,162,164,166,168,171,172,173,174,175,176,178,180,185,191,192,193,194,202,204,206,212,214,218,219,220,228,240,255,259,264,271,273,288,299,317,332,432,494,510,628
47,49,70,71,77,78,79,80,82,83,84,87,88,89,91,93,95,97,98,100,104,106,108,111,114,116,118,122,123,127,128,129,130,131,133,134,135,136,137,139,142,149,152,161,162,163,178,182,183,184,199,200,208,212,215,221,233,246,293,305,354,499,519
48,90,107,115,136,139,153,155,174,180,258,350,521
49,161,609
50,237,301,319,442,562
51,89,230,340,485,528,664
52,148,547
53,233,686
54,160,196,545,594,674
55,130,175,626,642
56,5,27,96,394,460,536,573,671,699
57,106,289,556,559,619
58,19,36,344,349
59,81,402,531,697
60,159,221,246,471,587,629
61,68,275,289,338,479,632,637
62,226,250,434,528,610
63,66,89,269,300,486,501,520,597,605,649
64,201,347,498,545,618,685
65,79,392,428,443,475,515
66,
67,
68,
69,
70,
71,
72,
73,
74,
75,
76,
77,
78,
79,
80,
81,
82,
83,
84,
85,
86,
87,
88,
89,
90,
91,
92,
93,
94,
95,
96,
97,
98,
