18
0,534
1,4,59,133,274,607,659
2,47,48,53,59,259,566
3,34,39,50,53,54,55,56,57,58,60,62,65,67,73,83,87,102,178,293,540,642
4,38,39,43,48,50,51,52,54,55,56,57,58,59,60,61,62,63,64,65,66,67,69,70,71,72,73,75,77,78,80,85,86,87,89,90,93,95,97,100,103,104,105,106,107,108,109,110,111,112,114,115,116,188,231,356,381,401,406,468,542
5,3,14,31,35,45,48,51,57,59,60,61,62,63,64,65,66,67,68,69,70,71,72,73,74,75,76,77,78,79,80,81,82,83,84,85,86,87,88,90,91,92,93,94,97,98,99,100,101,102,103,106,107,108,109,110,111,112,113,114,115,116,117,118,119,120,121,122,123,124,125,126,127,128,129,130,131,132,133,134,135,136,138,139,140,142,144,146,149,150,153,157,162,164,167,168,169,171,173,174,175,177,178,179,180,181,182,184,185,186,187,188,189,190,191,192,193,194,196,197,198,199,200,201,202,203,206,207,208,209,210,211,212,213,215,216,217,218,221,223,231,233,234,235,236,237,238,240,242,243,245,246,247,248,251,253,255,261,262,264,266,268,270,271,272,273,276,277,278,280,281,282,283,285,287,288,292,293,294,296,298,299,300,301,303,304,305,306,307,308,309,310,311,312,313,314,316,317,318,319,320,321,322,323,324,325,326,327,328,329,330,331,332,333,334,335,336,337,338,339,340,341,342,343,344,345,346,347,348,349,350,351,352,353,354,355,356,357,358,359,360,361,362,363,364,365,366,367,368,369,370,371,372,373,374,375,376,377,378,379,380,381,382,383,384,386,388,389,390,391,393,395,397,398,399,400,401,402,403,404,405,406,407,408,409,411,414,415,417,418,419,420,421,422,424,426,432,434,436,437,463,494,578,613
6,21,60,64,65,66,67,68,69,70,71,72,73,74,75,76,77,78,79,80,81,82,83,84,85,86,87,89,90,91,92,93,94,95,96,97,98,100,101,102,104,106,107,108,109,110,111,113,114,116,117,118,122,124,125,127,128,130,131,136,137,139,140,141,142,143,144,145,146,147,148,149,150,152,153,154,155,157,158,159,160,161,162,163,164,165,166,167,168,169,170,172,173,177,178,180,183,186,187,189,190,191,192,193,194,195,196,197,198,199,200,201,202,203,205,206,207,209,210,211,212,213,215,216,217,218,219,220,221,222,223,224,225,226,228,229,230,231,232,233,235,236,238,239,240,241,242,243,244,245,246,247,248,250,251,252,253,254,255,257,258,259,260,261,263,266,267,268,269,270,271,272,273,274,275,276,278,279,280,281,282,283,284,285,286,287,288,289,290,291,292,293,295,296,297,298,300,301,302,303,304,305,306,307,308,309,310,311,312,313,314,315,317,318,319,320,321,322,323,324,325,326,328,329,330,331,332,333,334,335,336,337,338,339,340,341,342,343,344,345,346,347,349,350,351,352,353,354,355,356,357,358,359,360,361,362,363,364,365,366,367,368,369,370,371,372,373,374,375,376,377,378,379,382,383,384,385,386,387,388,389,391,392,393,394,395,396,397,398,399,400,401,402,403,404,405,406,407,408,409,410,411,412,414,415,416,417,422,423,425,428,430,432,433,434,435,436,439,440,443,444,446,449,451,453,455,457,459,460,462,465,467,471,474,478,490,494,495,614,664
7,58,61,64,66,67,69,70,71,72,73,74,75,76,77,78,79,80,81,82,83,84,85,86,87,88,89,90,91,92,93,94,95,96,97,98,99,100,101,102,103,104,105,106,107,108,110,111,112,113,114,115,116,117,118,119,120,121,122,123,124,125,127,128,129,130,132,134,135,136,138,139,140,141,142,143,145,149,155,156,159,160,161,162,163,164,165,166,167,168,169,171,172,173,174,175,176,177,178,179,180,181,182,185,187,189,191,192,194,202,208,209,210,211,213,214,216,220,221,224,227,230,232,235,236,239,240,241,242,243,247,248,249,250,251,252,253,254,255,256,257,259,260,261,262,263,264,265,268,269,271,272,273,274,275,276,280,281,283,285,286,288,290,291,292,293,294,295,296,297,298,300,302,303,305,306,307,308,310,311,312,313,314,315,317,318,319,320,321,323,324,325,326,327,328,329,330,331,332,333,334,335,336,337,338,339,340,341,342,343,344,345,346,347,349,350,351,352,353,354,355,357,358,359,360,362,363,365,366,367,368,369,370,372,373,374,375,376,377,378,382,383,384,385,386,388,392,393,394,395,398,400,401,405,406,407,410,411,413,414,415,416,417,419,420,421,422,423,426,427,428,430,432,444,446,449,451,455,459,469,471,475,521
8,60,62,63,64,66,67,68,69,70,71,72,74,75,76,78,79,80,81,82,83,84,85,86,87,88,89,90,91,92,93,94,95,96,97,98,99,100,101,102,103,105,106,107,108,109,110,111,112,113,114,115,116,117,118,119,120,122,123,124,125,126,128,131,132,133,134,135,137,138,139,141,142,143,144,145,147,152,153,155,156,157,158,160,161,163,164,165,166,167,168,169,170,171,172,173,174,175,177,179,180,182,183,184,185,186,187,188,190,193,194,195,197,198,199,200,201,202,203,205,206,207,208,209,210,212,214,222,223,224,225,226,227,229,230,232,233,234,237,238,239,240,241,246,247,250,251,253,254,256,257,258,259,261,262,263,264,265,266,267,268,269,270,271,273,274,275,277,278,279,280,281,282,283,285,286,287,289,290,291,292,293,294,295,296,297,299,300,301,302,303,304,305,306,307,308,310,311,312,313,315,316,317,319,320,321,322,323,324,326,327,328,329,330,331,334,335,336,337,338,339,340,341,342,345,346,347,348,349,350,351,353,354,355,357,359,360,364,366,367,368,369,370,371,372,373,374,375,376,378,379,380,381,382,383,384,385,387,388,389,391,392,393,394,395,396,397,399,401,402,404,405,409,410,413,414,418,419,421,422,423,430,434,438,448,449,451,458,461,463,472,476,477,483
9,63,66,68,69,70,71,72,73,74,75,76,77,78,79,80,81,82,83,84,85,86,87,88,89,90,91,92,93,94,95,96,97,98,99,100,101,102,103,104,105,106,107,108,109,110,111,112,113,114,115,116,117,118,119,120,121,123,124,125,126,127,128,130,131,132,136,137,138,139,140,141,144,145,146,147,148,150,153,155,156,158,160,161,162,164,165,167,168,169,172,173,174,175,176,177,178,179,181,182,183,184,185,186,187,188,189,190,191,194,195,196,199,200,201,202,203,205,206,208,209,210,211,214,215,216,217,219,220,225,226,229,231,232,234,235,236,237,238,239,240,242,243,245,249,250,251,252,254,255,256,259,260,261,262,263,264,266,268,271,272,273,274,275,277,279,280,282,285,286,287,289,290,292,294,295,298,299,301,302,304,306,307,311,313,314,315,317,319,320,321,323,325,326,329,331,332,333,334,335,336,337,338,339,340,341,342,343,344,345,347,348,349,350,351,352,353,354,355,360,361,364,365,366,369,370,371,373,374,376,377,378,379,381,383,384,386,387,388,389,392,393,394,399,400,401,406,407,409,410,411,412,414,417,418,420,423,426,430,431,432,436,457,475,481,483,492,503,550,562,633
10,9,62,64,65,67,68,69,70,71,72,73,74,75,76,77,78,79,80,81,82,83,84,85,86,87,88,89,90,91,92,93,94,95,96,97,98,99,100,101,102,103,104,105,106,107,108,109,110,111,112,113,114,116,117,118,119,120,121,122,123,124,126,127,129,131,132,134,135,136,138,139,140,142,143,145,146,148,149,150,151,152,155,159,162,163,164,166,167,168,169,170,171,172,173,174,175,176,177,178,179,180,181,184,186,187,188,190,191,192,193,194,195,196,197,198,199,200,201,203,205,206,207,210,211,212,214,217,220,221,223,224,226,227,228,230,231,232,233,234,235,236,237,239,240,241,242,243,245,246,247,248,249,253,255,256,259,260,262,263,264,265,266,267,269,270,271,272,274,275,276,280,281,282,283,284,285,286,287,288,289,290,291,293,295,296,297,298,299,300,301,304,305,309,310,311,313,314,316,318,320,321,323,324,325,327,329,332,333,334,335,336,337,338,339,340,341,342,343,344,345,346,347,348,349,350,351,353,354,355,356,358,360,361,363,365,370,371,372,373,374,375,376,377,378,379,380,381,384,385,390,392,393,397,401,407,416,423,428,430,434,441,450,453,457,468,477,478,487,488,495,505,509,510,525,654
11,67,68,69,70,71,72,73,74,75,76,77,78,79,80,81,82,83,84,85,86,87,88,89,90,91,92,93,94,95,96,97,98,99,100,101,102,103,104,105,106,107,109,110,111,112,113,117,118,120,121,122,123,124,125,126,127,128,129,130,131,132,133,134,135,136,137,138,139,140,141,143,144,145,146,147,148,149,150,152,155,156,158,160,161,164,165,166,170,171,172,173,174,176,177,178,179,180,182,183,184,185,186,187,188,189,191,195,197,199,200,202,204,205,207,209,210,213,214,218,220,221,222,226,228,229,230,232,233,234,236,237,239,240,241,242,243,251,252,255,259,261,262,264,266,269,270,274,275,278,279,280,282,286,287,288,290,292,294,296,300,301,302,306,307,308,309,310,311,312,314,316,317,319,321,323,324,327,328,333,334,335,337,338,339,340,341,342,344,345,346,347,348,350,351,354,355,357,358,359,360,362,363,364,366,367,369,371,372,375,379,380,382,386,387,389,390,392,398,402,403,405,407,409,414,418,420,426,431,432,435,438,439,441,442,444,448,450,453,456,458,463,464,481,489,494,513
12,41,64,65,68,70,71,72,75,76,77,78,80,81,82,83,84,85,88,90,91,92,93,94,95,96,97,98,99,100,101,102,103,104,105,107,108,109,111,112,114,115,116,117,118,119,121,122,123,125,126,127,129,130,131,133,134,135,136,137,138,139,140,141,142,144,145,146,147,148,149,150,155,156,158,159,161,163,164,165,169,171,173,174,175,177,182,183,184,185,187,188,190,191,192,194,197,198,199,200,201,202,204,205,207,209,211,214,217,219,224,225,226,227,229,230,231,232,233,234,235,236,237,239,240,241,242,243,245,246,247,248,251,254,257,264,266,268,270,271,272,275,281,282,285,288,289,290,291,292,293,294,295,296,297,298,299,301,302,303,305,309,310,311,312,313,315,316,317,320,321,322,325,327,328,329,330,332,333,334,335,338,341,342,343,344,350,353,356,357,358,359,360,361,363,365,367,368,370,373,376,377,378,379,380,381,382,383,384,385,386,387,388,389,390,391,395,396,399,402,403,407,408,409,410,411,413,415,416,419,420,421,422,425,427,428,430,431,432,436,437,439,440,444,446,448,449,455,457,460,465,468,469,470,476,482,488,492,506,538
13,15,48,53,62,63,64,66,67,69,70,71,72,73,74,75,76,77,78,79,80,81,82,83,84,85,86,87,88,89,90,91,92,93,95,97,98,101,102,103,104,105,106,107,108,109,110,111,112,113,114,115,116,117,118,119,120,121,125,126,127,129,130,131,132,133,134,135,137,138,139,140,142,144,145,146,147,148,149,151,152,154,161,162,163,164,168,170,173,180,182,183,184,185,186,187,190,191,192,193,194,196,197,198,199,200,202,203,207,209,211,214,215,217,219,220,226,227,228,229,231,232,233,234,236,237,238,239,241,242,243,244,247,248,250,253,257,259,260,263,264,272,274,275,276,277,282,283,284,287,293,296,297,301,303,306,307,310,315,316,318,319,320,323,326,327,328,330,334,335,336,339,340,342,343,344,345,346,347,348,351,353,354,355,356,357,360,361,362,365,367,368,373,374,375,376,377,380,381,383,384,389,390,391,392,394,396,398,399,402,403,405,409,413,414,415,416,417,421,426,427,432,433,435,436,440,442,443,445,447,450,453,455,461,467,473,474,479,486,493,501,516,517,535,563
14,62,64,68,69,70,73,75,76,77,78,79,81,82,83,85,87,88,89,90,91,92,94,95,97,98,99,100,101,102,103,104,105,106,108,109,110,111,112,114,115,117,118,119,122,125,126,127,128,129,131,132,133,134,135,136,138,139,140,141,142,144,145,146,147,151,152,154,155,157,161,162,163,164,166,167,169,171,172,173,174,175,176,177,178,179,180,184,185,187,189,195,196,197,198,199,203,204,206,207,208,212,213,218,220,222,223,224,226,227,229,234,236,237,242,243,244,248,253,264,268,272,273,280,282,284,285,286,289,290,294,295,296,297,298,301,302,303,304,306,307,308,309,310,311,313,315,316,318,321,322,323,324,325,328,329,330,331,332,333,334,336,337,338,340,342,343,344,345,346,347,348,349,351,352,353,355,356,357,358,359,360,362,364,365,366,368,370,371,374,375,378,379,381,382,383,384,387,388,389,391,392,393,394,397,398,400,401,404,405,406,409,410,413,415,417,424,432,434,436,438,441,452,459,460,461,468,473,475,479,480,487,500,522,534,544,654
15,61,63,65,66,67,68,69,72,73,75,76,78,80,81,82,84,85,88,89,90,91,92,93,97,98,100,101,102,105,106,107,108,109,111,113,117,119,120,121,122,123,124,126,127,128,129,130,131,132,136,137,138,140,141,142,143,146,152,153,154,155,156,157,162,167,168,169,170,174,175,178,179,183,188,190,197,199,201,203,204,208,213,217,221,223,224,226,227,229,231,232,233,237,247,253,256,259,260,264,265,266,267,268,270,273,275,277,278,284,290,291,292,293,294,295,296,302,303,304,305,308,310,311,313,314,315,317,321,325,327,331,332,333,334,335,336,338,339,340,342,343,344,346,347,348,350,352,353,354,356,361,364,367,368,369,370,372,373,374,376,378,379,380,382,383,385,390,391,392,393,394,395,397,399,400,405,406,409,411,413,415,416,417,420,425,427,438,444,445,446,452,457,458,459,461,463,464,465,470,473,474,484,489,497,503,504,505,513,516,533,579,591,628
16,24,61,63,64,65,66,67,68,70,71,72,73,74,75,76,78,80,84,85,86,87,88,89,90,92,95,96,97,100,101,103,104,105,107,108,109,110,111,112,114,115,116,117,118,119,122,123,125,126,127,129,130,131,136,137,139,141,142,144,146,147,148,149,150,152,153,158,159,160,163,166,168,173,174,175,176,177,178,179,180,182,187,188,194,195,200,201,202,205,206,207,208,215,218,221,229,232,234,238,239,241,246,248,249,251,256,257,260,261,263,264,269,271,273,275,277,279,281,289,293,298,303,304,305,307,308,309,310,311,312,313,314,316,317,319,324,325,327,328,330,331,332,333,334,335,336,337,339,340,341,342,343,344,345,346,348,350,351,354,355,358,359,364,368,369,370,371,372,376,377,379,380,381,382,383,386,389,390,393,395,398,400,401,404,406,407,408,412,417,425,426,430,433,439,443,462,464,465,466,468,475,479,480,483,488,500,563
17,55,57,58,60,61,65,67,68,69,71,73,74,75,76,77,78,80,81,83,84,85,86,87,88,89,90,91,92,93,94,95,97,98,100,101,103,104,105,106,107,109,110,111,112,113,114,115,116,117,120,122,123,124,125,127,128,129,132,133,134,135,137,138,140,141,142,143,149,153,155,156,157,158,162,163,166,167,168,176,180,183,184,185,186,187,188,191,193,195,196,197,198,199,201,203,204,205,207,208,213,215,218,221,222,224,227,233,236,239,240,241,242,244,256,258,261,262,264,271,274,277,281,282,293,295,297,302,304,306,307,308,309,311,313,316,317,320,322,326,328,329,332,334,337,339,340,341,342,343,344,345,346,348,349,350,351,352,354,356,360,361,365,368,369,371,374,375,377,378,379,381,382,384,386,388,389,392,400,402,409,414,416,424,427,429,431,437,442,443,445,449,452,463,464,467,469,470,473,474,486,500,501,508,526,535,552
18,58,63,64,65,66,67,69,70,72,74,75,76,77,78,79,80,82,85,87,89,90,91,92,93,94,95,96,97,98,99,100,101,102,104,106,107,108,111,112,113,115,118,119,123,129,131,132,134,136,139,140,142,143,145,146,148,149,150,153,154,156,159,164,165,168,169,178,182,183,184,190,191,192,205,211,212,213,215,218,220,222,223,225,233,235,239,241,242,244,249,251,255,257,261,262,267,274,276,278,282,285,286,287,289,291,292,296,298,299,300,301,304,307,309,311,312,319,321,322,324,326,328,329,330,331,332,335,336,337,340,341,342,343,344,345,346,348,350,351,353,354,355,358,359,360,361,366,367,369,370,371,372,375,376,377,378,380,383,388,389,390,391,397,400,401,402,403,404,406,408,413,416,421,422,423,428,436,439,441,446,449,452,453,459,523,586,591,640
19,60,62,64,65,66,67,69,70,71,72,73,74,75,76,77,78,79,81,83,84,85,86,87,88,90,91,92,93,94,95,96,97,98,99,100,101,103,104,105,106,107,108,110,112,113,114,115,116,117,119,120,121,122,126,130,133,134,135,136,140,142,143,144,145,148,149,150,151,158,162,163,165,167,168,171,172,175,176,178,182,183,185,186,187,189,192,194,195,197,198,201,217,218,220,221,224,229,235,236,237,238,239,247,254,256,257,258,259,262,265,267,270,273,274,277,278,289,290,291,292,296,297,302,303,304,308,310,312,318,320,323,324,325,327,331,332,334,339,346,349,350,352,354,371,376,379,386,397,399,410,413,425,430,444,445,450,451,461,483,489,493
20,56,58,60,61,62,64,65,66,67,69,70,71,72,73,74,75,76,77,78,80,81,82,83,84,85,86,87,88,89,90,91,92,93,94,96,97,98,99,100,101,102,103,105,107,108,109,111,112,114,115,116,118,119,120,121,122,123,125,126,128,129,130,131,132,133,134,135,136,137,138,141,144,145,147,155,156,164,169,170,175,176,178,183,184,189,191,198,200,201,204,205,206,207,213,220,224,225,226,228,229,230,236,239,246,247,249,250,268,272,273,283,293,296,299,300,302,303,306,312,315,316,318,319,325,328,331,334,338,343,350,352,353,364,366,367,369,370,375,376,378,381,385,389,404,429,435,456,461,464,465,474,480,484,617
21,47,59,60,61,62,63,64,65,67,68,69,70,71,72,74,75,76,77,78,79,80,82,83,84,85,86,88,89,91,92,93,94,95,97,98,99,100,101,102,104,105,106,107,108,109,110,111,112,113,114,115,116,117,118,119,120,121,122,123,125,127,128,130,131,132,133,134,135,136,137,138,139,140,142,143,144,146,147,149,150,151,152,162,164,165,170,174,176,178,179,180,182,186,187,189,192,195,196,198,199,203,204,206,211,217,221,223,228,231,233,235,244,255,270,308,344,350,354,367,368,373,378,385,403,431,447,450,456,482
22,38,48,51,52,55,56,57,58,59,60,61,62,63,64,65,66,67,68,69,70,71,72,73,74,76,78,79,80,81,82,83,85,86,88,89,91,92,95,96,98,99,100,101,102,103,104,105,106,109,110,111,112,113,114,115,116,117,118,119,120,121,122,123,124,125,126,128,129,134,135,136,137,138,139,140,142,143,144,146,148,149,150,155,164,169,170,173,174,176,178,181,183,185,187,198,203,216,253,255,260,313,314,317,332,334,338,339,346,347,352,364,372,382,391,392,406,482,557
23,43,53,59,61,62,64,70,78,82,83,84,85,86,87,91,92,93,94,95,96,97,98,99,100,101,102,103,105,106,107,108,109,110,112,113,115,116,117,118,119,120,121,123,124,125,126,128,129,131,132,133,135,136,138,140,141,142,146,147,158,159,183,190,198,201,220,229,235,236,238,244,251,257,352,566
24,43,59,77,79,80,86,96,97,98,101,105,106,108,112,115,118,119,120,122,124,125,126,130,133,136,137,146,198,208,220,225,360,572
25,204,674,675
26,38
27,7,8,14,22,28,393
28,2,13,19,34,39,40,41,513,525,605,615
29,5,6,14,27,29,37,39,45,50,52,60,237,511,638,641
30,54,73,110,473,559,646,655,692
31,39,452,495
32,3,50,390,518,522,596
33,152,571
34,132,150,153,539,648,692
35,239,336,368,559,568
36,89,107,391,684
37,24,34,43,46,51,373,545
38,63,312,578
39,51,222,427
40,319,366,531,576
41,146,260,392,540
42,5,15,33,447,573,588
43,215,415,526,567
44,15,84,100,115,136,395,449,568,577
45,37,408,476,611,698
46,68,136,153,155,276
47,182,185,204,232,289,380,444,463,503,670
48,478,479,482,485,487,488,489,490,491,492,493,494,495,496,497,498,500,502,503,504,506,507,508,511,512,513,515,519,520,521,522,524,531,532,536,547,553,555,561,565,568,588,599,655
49,259,333,371,443,486,487,488,492,503,506,511,543,570,575,680
50,91,469,481,485,524,552,602
51,173,214,299,354,473,486,513
52,189,609,668
53,13
54,15,162,247,639
55,43,56,85,91,111,178,304
56,202,486
57,17,92,478,515
58,53,202,355,676
59,162,324,364,511
60,3,248,571,582
61,200,438
62,274,341,415,475
63,
64,
65,
66,
67,
68,
69,
70,
71,
72,
73,
74,
75,
76,
77,
78,
79,
80,
81,
82,
83,
84,
85,
86,
87,
88,
89,
90,
91,
92,
93,
94,
95,
96,
97,
98,
