13
0,340
1,10,91,521,552,637
2,7,146,152,182,249,527,652
3,312,319,398
4,1,57,477,509,672
5,133,169,193,201,210,215,224,226,247,264,350,397,409,416,433,475,481,491,493,501,505,512,589,672
6,20,76,78,79,81,82,83,84,85,86,87,89,90,91,92,93,94,95,96,97,98,99,100,101,102,104,107,177,219,227,249,290,507,510,512,518,522,525,527,531,540,571,594,612
7,70,72,74,75,77,78,79,80,82,83,84,85,86,87,88,89,90,91,92,93,94,95,96,97,98,99,100,101,102,103,104,105,106,107,108,109,110,111,112,113,114,116,117,118,120,121,122,123,124,125,127,128,129,130,131,132,133,136,141,145,146,157,159,166,178,179,186,194,220,323,541,552,636
8,77,79,80,81,82,83,84,85,86,87,88,89,90,91,92,93,94,95,96,97,98,99,100,101,102,103,104,105,106,107,108,109,110,111,112,113,114,115,116,117,118,119,120,121,122,123,124,125,126,127,128,129,130,131,132,133,134,135,136,137,138,139,140,141,142,143,144,145,146,147,148,149,150,151,152,153,154,155,156,157,158,159,160,161,162,163,164,165,166,167,168,169,170,171,172,173,174,175,176,177,178,179,180,181,182,183,184,185,186,187,188,189,190,191,192,193,194,195,196,197,198,199,200,201,202,203,204,205,206,207,208,209,210,211,212,213,214,215,216,217,218,219,220,221,222,223,224,225,226,227,228,229,230,231,232,233,234,235,236,237,238,239,240,242,243,244,245,247,248,249,250,252,253,254,255,256,257,258,259,260,262,263,264,265,266,268,271,272,273,275,276,277,279,282,283,287,291,297,298,381
9,66,73,74,75,76,77,78,79,80,81,82,83,84,85,86,87,88,89,90,91,92,93,95,96,97,98,99,100,101,102,103,104,105,106,107,108,109,110,111,112,113,114,115,116,117,118,119,121,122,123,124,125,126,127,128,129,130,131,132,133,134,135,136,137,138,139,140,141,142,143,144,145,146,147,148,149,151,152,153,154,155,156,157,158,159,160,161,162,163,164,165,166,167,168,169,170,171,172,173,174,176,177,178,179,180,181,182,183,184,185,186,187,188,189,190,191,192,193,194,195,196,197,198,199,200,202,203,204,205,206,207,208,209,210,211,212,213,214,215,216,217,218,219,220,221,222,223,224,225,226,227,228,229,230,231,232,233,234,235,236,237,238,239,240,241,242,243,244,245,246,247,248,249,250,252,253,254,255,256,257,258,259,260,261,263,265,266,267,268,269,270,271,272,273,274,275,276,277,278,279,280,281,282,284,285,286,287,288,289,290,291,292,293,297,299,300,301,302,303,304,305,306,307,308,309,311,312,313,314,315,316,317,318,319,320,323,324,326,327,328,330,333,334,337,338,339,342,345,347,348,351,352,353,354,355,359,361,364,368,370,378,384,389,403,408
10,3,57,60,61,62,66,68,70,71,72,73,74,75,76,77,78,79,80,81,82,83,84,85,86,90,91,92,93,94,95,96,97,99,100,101,102,104,106,107,108,110,111,112,113,114,115,116,117,118,119,120,121,122,123,124,125,126,127,128,129,130,131,132,133,135,136,137,138,139,140,141,142,144,145,146,147,148,150,151,152,153,155,156,157,158,159,160,161,162,163,164,165,166,167,168,169,170,172,173,174,175,176,177,180,181,182,184,185,186,187,189,190,191,193,194,196,197,198,199,200,201,202,203,205,206,207,209,211,212,213,214,215,217,218,220,221,224,225,228,229,230,231,233,234,235,236,237,238,239,240,241,243,244,245,246,248,249,250,251,252,253,254,255,256,257,258,259,260,262,263,264,265,267,268,271,272,273,275,276,277,278,279,280,282,283,287,289,291,292,293,295,297,300,301,302,303,304,311,312,315,316,317,318,324,325,326,327,329,332,333,335,337,338,344,345,349,354,355,359,361,363,364,365,373,378,379,381,391,401,404,408,410,431,435,443,498,569,630
11,12,63,67,69,70,72,76,77,78,79,80,81,84,85,88,89,91,94,95,97,98,102,103,105,106,107,108,110,111,113,114,115,116,122,126,128,130,131,132,134,136,137,138,139,140,144,145,147,148,150,153,154,157,158,160,161,164,165,166,167,168,169,172,173,175,176,177,178,180,183,184,186,187,188,189,193,194,195,198,199,200,201,204,205,216,217,219,220,224,225,226,227,228,229,230,231,232,233,234,235,236,237,238,240,241,242,243,245,246,249,250,251,252,254,257,259,260,262,264,268,271,273,276,277,278,279,281,282,288,291,296,298,300,301,306,308,309,313,316,319,321,325,327,328,330,332,333,334,335,340,344,347,348,350,353,355,356,366,372,374,384,406,421,533,557,680
12,60,69,71,75,78,82,83,84,87,89,90,91,93,96,98,101,102,103,109,110,116,145,147,155,180,188,190,191,193,197,202,208,221,226,230,244,252,253,257,286,299,305,338,346,356,378,400
13,26,74,91,104,147,176,316,320,323,328,330,334,336,339,340,342,345,348,349,355,372,374,375,390,403
14,54,65,66,70,71,72,75,79,83,89,118,169,288,324,330,349,352,357,376,386,396,419,420,442,450,595
15,51,63,64,67,68,70,72,73,74,75,76,77,78,79,80,81,82,83,84,85,86,87,88,89,90,91,96,100,101,108,113,307,311
16,48,58,61,62,64,67,70,71,73,74,75,76,77,78,79,80,81,82,83,84,85,86,87,88,89,90,91,92,93,94,95,96,97,98,99,100,101,102,103,104,105,106,107,108,109,110,111,113,114,115,116,118,119,120,122,123,124,125,126,127,129,130,136,137,138,139,140,141,144,145,147,148,149,153,156,157,159,161,163,164,165,166,168,169,170,171,172,174,179,180,181,184,187,196,198,200,211,214,220,444,468
17,60,61,63,67,69,70,71,72,73,74,76,77,78,79,80,81,82,83,84,85,87,88,89,90,91,92,93,94,95,96,97,98,99,100,101,102,104,105,107,108,109,110,111,112,113,114,115,116,117,118,119,120,121,122,123,124,125,126,127,128,129,130,131,132,133,134,135,136,137,138,139,140,141,142,143,144,146,147,148,149,150,151,152,154,155,156,158,159,160,161,162,163,164,165,166,167,168,169,170,171,172,173,174,175,176,177,178,179,180,181,183,184,185,186,187,188,189,190,191,192,193,194,195,196,197,198,199,200,201,202,203,204,205,206,208,209,210,211,212,213,214,215,216,217,218,220,221,222,224,225,226,227,228,229,230,231,232,233,234,235,236,237,238,239,240,241,242,243,244,245,246,247,248,249,250,251,252,253,254,255,256,257,258,259,260,261,262,263,264,265,266,267,268,269,270,272,273,274,275,276,277,278,280,281,282,287,288,290,291,292,295,297,302,307,308,312,313,314,325,330,332,336,342,350
18,64,71,73,75,76,78,79,80,82,84,85,86,87,88,89,90,91,92,93,94,95,96,97,98,99,100,101,102,104,105,106,107,108,109,110,111,112,113,114,115,116,117,118,119,120,121,122,123,124,125,126,127,128,129,130,131,132,133,134,135,136,137,138,140,141,142,143,145,146,147,148,149,150,151,152,153,154,155,156,157,158,159,160,161,162,166,169,170,171,172,173,175,176,177,178,179,180,181,182,183,184,185,186,187,188,190,191,192,193,194,195,196,197,198,199,201,203,204,205,206,207,208,209,210,211,212,217,218,222,223,224,226,228,229,231,232,233,234,236,237,238,239,240,242,244,245,246,247,248,249,250,251,253,254,255,257,258,259,260,262,263,264,265,266,267,268,269,270,271,272,273,274,275,276,277,279,280,281,282,283,284,285,287,288,289,290,292,293,294,295,296,297,298,299,300,301,302,303,304,305,306,307,308,309,310,311,312,313,314,315,316,318,320,321,322,324,325,326,327,328,329,330,332,333,335,337,340,341,342,343,345,347,349,350,352,354,355,358,360,361,364,370,371,372,374,380,382,388,389,399,404,410,420,421,422,424,427,432,434,439,696,697
19,66,73,74,75,76,77,81,84,85,86,87,88,89,90,92,93,94,96,97,98,99,100,103,106,107,108,109,110,112,113,114,116,117,120,121,122,123,124,125,126,127,128,129,130,131,132,133,135,136,137,139,140,141,142,144,145,147,149,150,151,152,153,154,155,156,157,159,160,161,163,164,165,166,168,171,175,176,177,178,181,182,184,186,187,188,189,190,191,192,195,196,197,198,199,200,201,202,203,204,205,206,209,210,211,212,213,214,215,216,217,219,220,222,223,224,225,226,227,228,229,236,237,238,239,240,241,242,243,244,245,246,247,248,249,250,252,253,254,256,257,258,259,263,264,265,269,270,271,273,275,276,278,279,280,282,283,284,286,287,288,289,291,292,295,296,297,298,299,301,302,303,304,305,306,307,308,309,310,311,312,313,314,315,316,317,318,319,323,324,325,326,327,330,331,332,333,334,337,339,340,341,342,343,344,346,347,349,350,352,353,355,356,358,359,361,363,364,366,367,368,370,371,372,373,374,375,376,378,386,387,388,389,390,391,395,396,398,402,404,406,410,420,421,424,428,434,441,444,446,460,649
20,3,61,70,75,76,77,78,79,80,81,82,83,84,86,89,90,92,93,94,95,96,98,99,100,101,104,105,106,108,109,110,111,112,113,115,116,117,118,119,120,122,123,125,126,127,132,134,135,136,137,138,139,140,142,143,144,147,148,149,151,152,153,156,157,158,159,160,161,163,166,169,171,172,178,180,181,182,185,186,187,190,191,194,195,200,202,203,205,207,208,209,214,217,219,221,222,223,227,230,231,237,238,239,240,244,245,246,247,248,249,250,251,252,253,254,255,256,263,265,266,268,272,273,274,276,278,279,280,281,282,283,285,287,288,290,292,293,294,296,299,300,301,302,304,306,307,308,309,310,311,312,314,315,316,317,318,321,322,324,326,327,328,329,330,331,332,333,335,336,338,339,340,343,344,345,346,347,348,349,350,351,354,355,356,358,359,360,361,362,363,364,365,366,368,369,370,373,374,375,377,378,383,384,386,387,388,390,392,393,397,398,401,402,403,408,409,412,413,422,424,426,427,435,438,439,440,441,443,447,449,469,474,630,643
21,54,74,75,78,82,83,84,85,86,87,90,91,93,94,95,96,97,98,100,101,102,103,104,105,106,108,109,110,111,114,116,117,118,119,120,121,122,125,126,128,130,131,132,135,136,137,140,141,144,145,148,150,153,156,157,159,160,162,166,170,172,173,177,179,181,182,183,184,185,186,195,196,197,203,204,206,207,211,212,213,215,216,220,221,222,231,232,234,237,239,240,245,246,247,248,249,250,252,253,259,265,267,268,270,272,277,278,279,280,282,284,287,290,291,292,293,294,296,298,299,300,301,303,304,305,306,308,309,310,312,314,315,318,319,320,321,322,323,324,326,328,329,331,333,334,335,337,338,339,344,346,347,348,349,351,353,354,355,356,357,358,359,360,361,363,365,366,367,368,370,371,373,374,375,376,380,384,387,389,391,394,395,400,401,403,404,406,410,412,415,418,420,425,426,431,437,442,445,470,480,534,598
22,70,74,76,77,78,79,83,84,86,87,88,90,91,92,93,94,95,96,97,98,100,101,102,104,105,112,113,114,116,118,121,122,123,125,126,127,128,130,134,138,140,142,144,145,146,147,148,149,150,151,153,154,155,156,157,158,159,161,163,172,173,175,180,181,186,187,188,190,192,196,198,201,211,214,218,222,234,236,237,239,240,241,245,246,260,263,268,269,270,272,273,274,280,284,285,286,292,293,294,295,297,298,299,301,302,303,307,308,314,315,316,320,321,322,324,326,327,328,329,330,332,333,334,335,336,337,338,339,342,343,344,347,348,349,350,351,352,354,355,356,357,361,362,363,369,370,371,377,379,380,381,382,383,389,396,397,399,400,401,405,406,407,417,418,426,447,460,464,475,497
23,34,50,70,79,81,82,84,85,86,87,89,90,91,92,93,94,96,97,100,101,102,103,105,106,109,110,113,114,120,121,122,126,127,128,129,131,132,133,134,138,142,143,144,145,146,148,152,155,159,160,161,162,163,168,172,176,177,180,181,183,188,189,191,195,197,199,208,210,212,214,219,223,231,232,233,236,237,239,243,248,256,261,266,267,271,272,275,278,283,284,286,287,290,293,295,299,300,302,303,304,305,306,308,309,311,314,317,318,319,320,321,325,326,327,330,332,333,334,336,337,338,340,341,346,349,351,352,354,360,364,365,369,370,371,372,376,377,378,379,380,383,384,386,390,394,405,412,413,414,415,417,419,422,430,432,462,486,495,518,632,640
24,72,74,78,82,83,84,85,86,87,89,90,91,93,95,96,97,98,99,100,101,102,103,104,105,107,108,109,110,111,113,114,115,118,119,120,121,122,123,124,126,128,129,130,133,135,138,139,140,142,143,145,146,147,148,150,151,152,153,157,158,161,162,163,164,167,169,172,174,176,177,181,183,184,188,189,190,192,193,195,197,198,202,204,214,218,220,221,222,224,225,228,235,244,247,251,253,254,256,257,266,267,269,272,275,279,280,282,284,285,287,288,289,290,292,293,297,299,301,302,304,306,312,313,314,315,318,319,321,322,324,325,326,328,332,335,337,339,340,341,345,346,348,350,352,353,356,358,359,360,362,363,364,365,367,369,370,375,379,383,385,390,393,396,400,407,410,437,443,463,503,635
25,71,75,79,84,86,87,88,89,90,91,93,94,95,96,97,99,100,101,102,103,104,105,106,107,109,111,112,113,114,115,116,117,120,121,122,124,125,128,129,130,132,133,136,138,141,142,143,149,153,154,155,157,158,159,160,163,164,165,169,170,179,186,187,188,199,200,206,207,208,215,216,218,219,225,228,231,236,237,241,242,248,261,265,268,269,273,274,279,280,283,285,286,289,290,291,297,301,304,305,306,307,308,312,313,315,316,317,318,319,321,324,325,326,328,330,334,335,344,349,350,352,355,356,358,361,364,366,367,368,370,375,376,379,380,381,383,385,388,389,390,391,392,393,394,398,401,404,406,407,410,413,426,433,434,437,492,537,544,569,632,667
26,53,74,78,80,81,82,84,85,86,88,89,90,93,94,96,98,99,100,101,103,104,105,109,110,111,113,115,116,117,119,120,121,122,123,124,125,126,127,128,130,131,132,135,138,139,140,141,143,144,145,146,148,152,154,155,156,159,161,164,170,179,187,190,191,195,203,204,206,207,209,220,232,234,235,236,237,238,239,247,248,253,259,265,271,278,282,285,286,290,291,292,295,300,301,305,306,312,316,317,318,322,325,328,329,331,332,335,339,341,343,346,347,351,352,356,357,358,360,362,363,364,365,366,368,371,372,379,386,392,395,399,400,401,403,409,414,416,436,448,451,467,521,549
27,6,40,78,79,82,84,87,88,90,91,92,93,95,96,97,99,100,102,103,106,109,110,111,112,115,116,117,119,120,121,124,125,126,127,128,129,130,132,133,137,139,140,141,142,145,150,152,160,164,165,169,171,177,179,180,181,184,187,188,190,193,198,199,200,201,202,205,207,208,212,214,215,221,222,223,230,239,261,262,263,267,268,271,272,274,278,281,283,285,289,290,291,293,296,297,302,304,311,314,315,316,317,320,323,324,326,327,328,329,335,336,343,345,349,352,363,367,370,372,374,376,377,382,383,384,386,387,392,396,397,398,401,405,410,413,414,417,421,429,434,436,442,450,465,481,543,633
28,65,71,73,74,77,80,85,86,87,88,89,90,91,92,94,95,96,97,99,100,101,102,103,105,107,108,110,111,112,113,114,115,118,121,123,124,125,127,128,132,133,134,135,136,137,139,144,146,147,151,156,162,164,165,166,167,169,174,185,196,206,207,223,226,228,230,237,240,243,245,247,248,258,265,268,269,276,277,280,282,283,286,288,289,291,292,293,307,309,310,313,315,317,320,324,330,331,332,333,334,335,336,339,341,344,345,348,349,350,352,355,362,370,376,378,379,383,385,386,392,396,397,398,404,414,415,426,430,435,448,626
29,71,73,77,80,82,83,84,86,90,91,92,93,95,96,99,100,103,105,106,107,108,109,111,112,113,116,117,121,123,124,125,126,127,129,131,132,133,136,137,138,142,143,144,145,150,151,154,156,157,160,161,163,167,171,175,184,186,191,195,204,209,212,213,216,217,218,223,226,228,229,243,245,251,261,277,278,280,288,289,292,293,294,298,300,303,306,312,314,315,320,324,325,327,329,330,331,334,335,338,343,347,349,350,352,354,359,364,365,366,372,373,374,376,377,378,385,387,392,393,396,400,402,407,420,427,438,446,453,477,479,481,496
30,13,76,83,84,86,87,88,89,90,92,95,96,102,103,104,107,109,110,112,113,114,115,117,118,119,121,124,125,126,127,129,131,133,134,137,138,140,143,144,145,147,148,149,151,153,155,156,158,159,160,170,179,180,187,188,189,191,192,193,194,195,200,202,204,214,236,241,242,248,253,260,265,266,268,272,276,278,287,288,289,292,293,296,301,302,303,305,312,313,317,318,320,323,331,332,333,346,351,352,359,360,363,364,368,384,387,389,392,394,398,401,406,407,416,422,423,427,459,467,468,654
31,11,78,79,80,81,83,85,86,89,90,92,95,96,97,98,103,104,105,106,107,109,110,112,113,116,118,122,124,125,128,130,131,132,134,135,136,137,138,139,140,141,143,144,145,146,149,152,153,155,158,159,161,162,171,174,176,179,183,188,191,193,197,199,207,211,213,216,221,230,239,241,251,252,265,271,272,275,278,279,281,284,285,286,288,289,291,296,298,303,304,307,308,309,311,312,316,319,324,331,342,344,349,351,352,353,354,356,359,360,365,371,374,378,382,386,387,388,392,396,406,413,416,420,425,437,467,495,637
32,52,73,74,79,80,81,83,85,86,88,89,90,91,93,95,96,98,99,100,103,104,105,107,108,114,117,118,119,124,128,131,136,137,138,139,140,142,143,146,148,150,152,156,167,170,173,175,176,180,182,184,186,188,189,194,201,206,208,209,214,215,217,226,239,246,253,261,264,265,281,283,285,287,289,294,295,297,301,303,304,305,307,313,317,319,325,328,331,335,337,338,341,344,352,353,354,358,359,363,368,376,385,390,392,404,413,414,416,421,432,434,453,473,644
33,69,77,79,83,84,85,90,91,92,93,94,95,96,97,98,100,103,105,106,107,109,110,113,115,118,119,120,122,126,128,130,133,134,135,137,140,141,142,143,145,148,149,150,151,153,154,158,159,160,161,166,174,176,178,180,182,183,189,190,191,192,193,194,196,197,198,203,205,208,210,211,212,214,215,221,238,242,246,248,251,257,262,265,266,271,273,285,288,294,303,304,307,312,317,345,353,355,357,363,365,366,375,377,379,380,381,382,386,390,399,412,426,427,432,434,466,491,556
34,78,79,82,83,85,87,88,89,90,91,92,93,94,95,96,97,98,99,100,101,103,104,105,106,107,108,111,112,114,115,116,117,118,119,120,121,122,124,125,126,127,130,131,136,137,138,140,142,143,145,146,147,151,154,155,157,158,160,161,165,166,167,172,176,180,182,191,196,199,201,202,207,208,209,215,216,217,218,227,236,238,240,243,247,249,250,251,254,259,263,268,273,274,276,277,281,287,292,295,296,306,310,312,329,337,344,355,359,365,367,378,379,385,386,388,393,395,409,411,490,501,537,558,678
35,75,77,78,79,80,81,82,83,84,85,86,87,88,89,90,91,92,93,94,95,97,98,99,100,101,104,105,106,107,108,109,110,111,112,113,115,116,117,118,119,120,124,125,127,130,131,132,134,135,141,142,143,145,147,148,149,150,151,152,156,157,159,161,163,165,169,174,178,187,189,191,192,196,198,199,201,208,213,214,217,220,224,229,232,234,237,238,239,243,246,250,253,256,260,262,264,265,268,270,273,274,275,278,279,281,286,288,290,295,300,302,304,311,320,324,331,349,356,358,359,365,368,372,375,378,388,390,402,403,407,409,417,424,426,427,474,488,495,496,501,512,525
36,5,15,72,77,78,79,81,82,83,84,85,86,87,88,89,90,92,94,95,96,97,99,101,102,104,105,106,107,108,109,110,111,112,113,114,115,117,118,119,120,122,124,126,127,129,130,131,132,133,135,136,137,139,140,141,142,143,144,147,149,151,153,158,159,160,162,165,167,170,171,175,177,180,181,182,185,187,188,189,190,194,195,198,199,200,201,202,204,205,206,209,211,217,220,222,224,226,227,229,230,233,235,242,246,247,248,250,251,253,254,256,257,258,259,260,261,264,267,269,270,278,280,282,286,287,288,293,295,298,305,306,308,310,311,327,331,334,339,342,343,360,363,371,379,392,393,396,397,398,404,407,414,416,418,420,433,440,441,450,452,470,480,504,637
37,27,64,73,74,76,78,79,81,82,83,85,86,88,89,90,91,92,93,94,95,96,98,99,100,101,102,103,104,105,107,108,109,110,111,113,114,115,116,117,118,119,120,123,124,125,128,129,130,136,137,138,139,140,141,142,143,146,147,148,149,151,155,156,158,159,160,161,164,165,167,169,174,176,177,178,180,181,184,186,188,190,191,193,195,196,198,199,202,203,205,206,214,216,217,218,219,220,222,224,226,227,230,231,233,234,235,237,240,241,244,246,253,254,255,264,265,267,268,276,277,279,282,283,284,286,287,288,290,295,300,301,304,308,317,332,333,339,361,374,376,378,383,389,392,394,400,418,444,454,455,459,460,465,528,616
38,74,75,78,82,83,85,86,87,88,89,90,92,95,96,97,99,100,101,102,104,105,107,112,113,114,115,118,119,120,121,123,125,126,127,128,129,130,131,135,137,139,141,142,144,146,148,150,151,155,156,157,160,162,163,166,167,168,170,171,172,174,175,178,180,182,183,184,185,187,189,190,192,196,198,199,200,201,204,205,206,207,209,211,214,215,221,227,229,231,232,235,236,237,239,240,241,244,245,248,253,254,256,258,259,261,263,265,268,270,272,273,277,282,289,291,296,299,300,333,345,357,368,370,395,402,417,433,456,474,544,591,609
39,32,69,70,80,81,82,84,85,86,87,89,90,91,92,93,94,95,96,97,98,100,101,102,103,105,108,109,110,111,112,113,114,115,116,117,118,119,120,121,122,123,125,126,128,129,131,132,133,134,135,136,138,139,140,141,143,145,148,149,150,151,153,155,157,159,160,163,167,169,170,178,179,181,182,190,191,193,194,195,196,197,199,201,202,203,204,206,207,210,211,212,213,215,216,217,218,219,222,223,225,228,232,233,235,237,238,239,241,242,243,244,245,246,251,252,253,254,257,258,259,261,262,263,268,269,270,271,276,280,281,289,290,292,295,298,301,302,308,313,316,321,323,331,332,335,336,339,343,347,352,377,395,400,402,404,417,451,471,494,526,586,610
40,43,74,78,79,83,85,88,89,90,91,92,93,94,95,96,97,98,100,101,103,104,105,106,107,108,109,110,111,112,116,117,118,120,121,122,123,124,126,127,128,130,131,138,139,140,142,144,146,147,149,150,151,154,155,156,157,158,159,162,166,168,169,175,176,178,183,185,186,187,189,193,194,196,197,198,199,201,203,205,206,208,210,211,213,214,216,217,220,221,222,223,230,231,232,233,234,235,236,237,238,240,241,243,247,251,253,254,255,256,257,258,259,260,261,262,265,267,270,272,276,280,283,284,287,294,298,300,301,317,318,321,324,331,333,334,337,338,344,347,361,363,367,386,389,393,398,407,409,410,411,420,438,441,448,456,531,567
41,48,71,72,74,78,79,83,84,86,89,92,94,95,96,97,98,99,100,101,102,103,104,106,107,108,109,110,111,112,113,115,116,117,118,119,121,122,124,126,127,128,129,130,131,132,133,134,135,136,137,138,139,141,142,143,145,146,148,150,152,153,156,157,158,159,161,166,168,170,173,176,180,182,183,184,186,187,190,196,199,202,203,205,210,212,215,219,220,222,223,224,226,228,230,233,234,235,236,238,239,240,242,244,245,249,252,253,256,258,259,260,264,265,267,269,270,276,277,278,281,282,283,285,288,290,293,298,301,302,306,307,309,311,313,317,331,333,340,342,344,345,346,351,356,366,369,372,382,390,391,395,411,418,436,439,451,463,484,488,492,638,688
42,75,77,78,80,83,85,86,87,88,90,92,93,94,95,97,98,99,100,101,102,104,105,106,107,108,110,111,113,114,115,116,117,118,119,120,121,122,123,124,125,126,127,128,129,132,135,137,138,139,140,141,145,146,147,148,149,150,151,152,153,156,157,158,160,161,163,164,167,172,175,178,182,183,189,191,193,197,198,199,200,201,202,203,204,205,206,208,210,213,215,216,217,223,227,228,231,232,233,234,236,239,240,243,244,245,249,250,252,254,255,259,263,264,266,272,275,276,277,279,282,287,292,315,318,325,356,359,369,385,402,407,433,468,475,481,493,576,614,698
43,73,77,79,81,84,85,87,88,89,90,91,92,93,94,95,96,97,99,100,101,102,103,106,107,108,109,110,111,112,113,114,115,116,118,119,120,121,122,123,124,127,128,130,132,134,135,136,137,138,139,140,141,143,145,146,147,149,151,152,154,155,158,159,160,161,163,165,171,172,173,174,175,177,179,183,184,185,188,192,193,195,198,199,203,204,205,207,208,211,212,214,215,216,218,220,221,222,223,224,225,226,227,228,232,234,235,238,241,247,249,251,257,258,262,266,269,277,278,300,304,336,342,345,378,388,400,412,449,471,487,530,561,593,671
44,76,78,79,81,83,84,85,86,88,89,90,91,92,93,94,95,96,97,98,99,101,103,105,106,107,108,109,110,111,112,113,114,115,116,117,119,120,121,127,128,129,132,133,134,135,137,138,139,141,142,144,145,147,150,151,152,153,154,155,158,160,166,168,171,174,175,176,183,185,187,191,192,196,199,201,202,203,206,207,208,211,212,213,214,215,216,217,218,221,222,224,226,228,230,231,236,237,238,239,240,241,243,246,253,257,266,269,270,276,297,305,308,326,330,336,361,436,442,462,464,475,545,608,631,679
45,4,24,74,77,78,79,80,82,83,84,86,90,91,92,93,94,96,97,98,99,100,101,102,103,104,105,107,108,111,112,113,116,117,118,119,120,121,122,123,126,128,129,131,134,136,137,138,139,140,141,145,146,147,149,151,152,154,155,157,159,160,163,164,167,168,171,174,176,182,183,185,187,188,190,195,198,199,201,202,203,204,205,207,210,212,214,216,218,219,220,224,226,229,233,236,237,241,243,246,247,250,253,255,259,261,263,268,270,273,285,300,323,400,412,417,419,433,445,449,451,458,472,665
46,74,80,81,84,85,87,89,90,94,97,98,99,100,101,102,104,106,108,109,111,112,114,115,116,118,119,120,123,124,125,126,127,128,130,131,132,134,136,137,138,139,142,143,144,148,150,151,153,157,160,165,167,168,170,174,180,182,185,189,191,194,196,198,200,202,204,205,207,210,211,212,214,215,216,218,220,221,222,223,225,226,227,229,231,233,234,235,236,238,239,240,241,242,244,246,247,248,249,250,252,254,255,257,259,260,268,269,277,281,282,289,295,297,298,313,337,413,432,442,444,458,542
47,65,75,80,84,90,91,92,93,94,95,97,98,99,100,104,105,106,107,108,109,110,111,112,113,114,115,116,117,118,119,120,121,123,124,126,127,128,130,131,132,134,135,136,137,138,139,140,143,144,145,146,147,150,155,157,159,160,165,170,174,177,181,183,185,186,190,192,193,194,195,201,202,204,205,206,207,211,214,224,227,229,232,235,236,237,238,239,240,246,247,251,255,257,259,260,263,264,267,272,275,276,284,285,291,293,295,300,308,319,322,331,336,376,420,477,508
48,71,79,80,81,82,84,85,86,87,89,90,91,92,93,95,96,97,99,100,103,105,106,107,108,109,112,114,115,116,117,120,121,122,123,125,126,127,128,130,131,133,134,136,137,139,140,141,143,145,148,151,153,155,156,158,159,162,166,168,169,170,176,179,187,196,198,200,205,206,209,211,212,215,217,218,225,226,229,230,232,233,234,235,236,237,241,242,244,245,247,253,262,267,268,270,274,278,281,285,289,292,316,324,340,349,401,424,442,450,458,480,518,543,673
49,65,77,79,85,86,87,88,89,90,92,93,94,95,97,99,100,101,102,108,109,110,111,113,114,116,117,118,119,120,121,122,126,128,129,130,132,133,134,135,136,137,138,139,141,146,147,148,150,152,155,156,157,158,159,161,163,168,178,180,181,183,184,185,187,190,191,192,194,195,197,199,201,203,204,207,215,216,218,219,220,222,224,225,227,232,233,234,237,244,245,246,256,260,261,263,265,268,273,279,289,291,295,302,341,420,433,663
50,11,55,75,84,85,91,94,95,97,98,99,100,101,102,105,106,107,108,110,113,115,117,118,119,120,121,123,124,126,127,128,129,130,133,135,136,137,139,140,142,143,144,145,146,147,148,149,150,151,152,153,154,155,156,157,159,160,161,168,176,178,181,184,185,186,189,190,193,195,197,199,200,205,208,209,210,211,212,217,218,220,221,222,223,225,229,238,240,242,243,251,255,273,275,279,282,290,492
51,45,87,88,89,91,92,93,94,96,97,98,99,100,101,103,104,106,109,111,112,115,116,117,119,121,122,123,125,127,130,131,132,133,136,137,138,140,141,145,149,150,151,157,158,159,161,166,170,178,182,186,189,191,192,195,196,197,204,207,209,213,215,218,223,225,228,230,233,234,235,247,248,250,251,255,257,270,280,309,477,527
52,45,84,87,96,99,100,101,102,103,104,106,110,113,115,116,118,119,122,124,127,130,132,133,134,135,139,143,147,149,150,160,161,164,166,167,169,171,177,181,182,183,189,193,194,198,203,204,205,207,209,213,215,218,219,220,223,226,231,232,233,242,245,247,271,275,279,294,301,307,335,418,544,661,666
53,80,83,92,97,100,102,103,104,110,111,114,115,116,117,118,119,120,121,122,127,129,130,133,134,137,139,140,141,142,145,149,154,155,159,162,164,167,171,173,176,177,185,190,194,195,197,202,204,205,209,210,212,215,216,218,219,225,226,230,233,235,239,250,261,263,273,277,278,284,293,303,313,480,681
54,87,88,91,92,94,98,105,106,107,111,116,119,121,122,124,125,128,129,131,132,133,134,136,137,138,139,140,141,142,143,146,147,148,151,153,155,162,171,176,185,189,196,200,202,203,206,216,224,234,286,297,348,371
55,91,95,96,101,103,107,108,111,120,123,125,126,129,131,140,142,146,148,149,151,152,154,160,161,171,195,218,227,228,231,412,441,556,622
56,44,69,97,100,104,110,112,115,122,130,139,142,153,155,156,159,162,166,208,231,504,615,637,690
57,44,53,92,135,138,140,356,563,592,621,663,698
58,126,639,674
59,352,581
60,32
61,522,538
62,6,20,30,100,379,592,669
63,16,42,571
64,59,138,412,428,505
65,194,405,521,638
66,89,496,532,606,666,696
67,336
68,
69,
70,
71,
72,
73,
74,
75,
76,
77,
78,
79,
80,
81,
82,
83,
84,
85,
86,
87,
88,
89,
90,
91,
92,
93,
94,
95,
96,
97,
98,
