15
0,301
1,17,23,57,223,391,532,600,622
2,98,176,290,621,682
3,600
4,15,298,320,359,361,406
5,163,197,432,548
6,38,246,256,422,499,527,535
7,93,280,517,589,624
8,95,284,357,358,523
9,27,140,204,298,347,443,547,568
10,7,36,475
11,13,115,186,204,348,371,458,464
12,33,35,36,42,44,46,240,358,401,438,566,645,697
13,36,38,39,40,41,42,43,44,46,51,189,206,220,234,240,249,261,316,447,483,642,693
14,16,21,24,28,32,33,34,36,37,38,39,42,43,44,45,46,47,48,49,50,51,52,53,54,55,56,58,60,62,63,64,65,66,68,70,71,73,79,93,205,218,254,267,278,279,402,597
15,24,25,27,30,31,32,34,35,36,37,38,39,40,41,42,43,44,45,46,47,48,49,50,52,53,54,55,56,57,58,59,60,61,62,63,64,65,66,67,68,69,70,72,73,74,75,76,77,78,79,80,92,96,97,156,209,303,351,398
16,26,28,29,30,31,32,33,34,35,36,37,38,39,40,41,42,43,44,45,46,47,48,49,50,51,52,53,54,55,56,57,58,59,60,61,62,63,64,65,66,67,68,69,70,71,72,73,74,75,76,77,78,79,80,81,82,83,84,85,86,87,88,89,90,91,92,93,94,95,96,97,98,99,100,101,102,103,104,105,106,107,109,110,111,112,114,115,116,117,126,138,141,142,145,147,148,150,152,153,154,155,162,306,397,433,467,535
17,23,26,27,29,30,31,32,33,34,35,36,37,38,39,40,41,42,43,44,45,46,47,48,49,50,51,52,53,54,55,56,57,58,59,60,61,62,63,64,65,66,67,68,69,70,71,72,73,74,75,76,77,78,79,80,81,82,83,84,85,86,87,88,89,90,91,92,93,94,95,96,97,98,99,100,101,102,103,104,105,106,107,108,109,110,111,112,113,114,115,116,117,118,119,120,121,122,123,124,125,126,127,128,129,130,131,132,133,134,135,136,137,138,139,140,141,142,143,144,145,147,148,149,150,151,152,153,154,155,156,157,158,159,160,161,162,163,164,165,166,167,168,169,170,171,172,173,174,175,176,177,178,179,180,181,182,183,184,185,186,187,188,189,190,191,192,193,194,197,198,199,200,201,203,205,206,207,209,210,212,213,214,215,216,217,218,219,220,221,224,225,226,227,228,230,232,235,238,239,241,242,243,245,246,251,252,253,256,269,275,281,285,288,292,312,510,690
18,23,25,26,27,28,29,30,31,32,33,34,35,36,37,38,39,40,41,43,44,45,46,47,48,49,50,51,52,53,54,55,56,57,58,59,60,61,62,63,64,65,66,67,68,69,70,71,72,73,74,75,76,77,78,79,80,81,82,83,84,85,86,87,88,89,90,91,92,93,94,95,96,97,98,99,100,101,102,103,104,105,106,107,108,109,110,111,112,113,114,115,116,117,118,119,120,121,122,123,124,125,126,127,128,129,130,131,132,133,134,135,136,137,138,139,140,141,142,143,144,145,146,147,148,149,150,151,152,153,154,155,156,157,158,159,160,161,162,163,164,165,166,167,168,169,170,171,172,173,174,175,176,177,178,179,180,181,182,183,184,185,186,187,188,189,190,191,192,193,194,195,196,197,198,199,200,201,202,203,204,205,206,207,208,209,210,211,212,213,214,215,216,217,218,219,220,221,222,223,224,225,226,227,228,229,230,231,232,233,234,236,237,238,239,240,241,242,243,244,245,246,247,248,249,250,251,253,254,257,258,259,260,261,262,263,266,267,268,269,270,271,272,273,275,276,278,280,283,286,287,288,289,293,294,295,296,297,298,301,303,304,305,306,307,308,322,326,335,348,354,355,356,357,375,395,405,426,505
19,24,28,29,31,32,34,35,36,37,38,39,40,41,42,43,44,45,46,47,48,49,50,52,53,54,55,57,58,59,60,61,62,63,64,65,66,67,68,69,70,71,72,74,75,76,77,78,79,80,81,82,83,84,85,86,87,88,89,90,91,92,93,94,95,96,97,98,99,100,101,102,103,104,105,106,107,108,109,110,111,112,113,114,115,116,117,118,119,120,121,122,123,124,125,126,127,128,129,130,131,132,133,134,135,136,137,138,139,140,141,142,143,144,145,146,147,148,149,150,151,152,153,154,155,156,158,159,160,161,162,163,164,165,166,167,168,169,170,171,172,173,174,175,176,177,178,179,180,181,182,183,184,185,186,187,188,189,190,192,193,194,195,196,197,198,200,201,202,203,204,205,206,207,208,209,210,212,213,214,215,216,217,218,219,220,221,222,223,224,225,226,227,228,229,230,231,232,233,234,235,236,237,238,239,240,241,242,243,244,245,246,247,248,249,250,251,252,253,254,255,256,257,258,259,260,261,262,263,264,265,266,267,268,269,270,271,272,273,274,275,276,277,278,279,280,281,282,283,284,285,286,287,290,292,293,294,295,296,297,298,299,300,301,302,303,304,305,307,309,310,312,313,314,315,316,318,319,323,324,325,327,328,329,332,334,337,338,339,340,341,344,345,346,349,350,356,363,370,373,376,377,378,391,394,406,418,425,451,465,500,540
20,27,30,31,32,33,35,36,37,38,39,40,41,42,43,44,45,46,47,48,50,51,52,53,54,55,56,57,58,59,60,61,62,63,64,65,66,67,68,69,70,71,72,73,74,75,76,77,78,79,80,81,82,84,85,86,87,88,89,90,91,92,93,94,95,96,98,99,100,101,102,103,104,105,106,107,108,109,111,112,113,114,115,116,117,120,121,122,123,124,125,126,127,128,129,130,131,132,133,134,135,136,137,138,139,140,141,142,143,144,145,146,147,148,149,150,151,152,153,154,155,156,157,158,159,160,161,162,163,164,165,166,167,168,169,170,171,172,173,174,175,176,177,178,179,180,181,182,183,184,185,186,187,188,189,190,191,192,193,194,195,196,197,198,199,200,201,202,203,205,206,207,209,210,211,212,213,215,216,217,218,219,220,221,222,223,224,225,226,227,228,229,230,231,232,233,234,235,236,237,238,239,240,241,242,243,244,246,247,248,250,251,252,253,254,255,256,257,258,259,260,261,262,263,267,268,269,270,271,272,273,275,277,278,280,281,282,283,284,285,286,287,289,293,294,297,298,299,303,304,305,307,308,309,310,311,314,315,317,320,322,324,325,326,330,331,338,345,346,350,351,356,359,368,380,384,399,411,419,423,515,528,625
21,20,23,26,29,31,32,33,34,35,36,37,38,39,40,41,42,43,44,45,46,47,48,49,50,51,52,53,54,55,56,57,58,59,60,62,63,64,65,66,67,68,69,70,71,72,73,74,75,76,77,78,79,80,81,82,83,84,85,86,87,88,89,90,91,92,93,94,95,96,97,98,99,100,101,102,103,104,105,106,108,109,110,111,112,113,114,115,116,117,118,119,120,121,122,123,124,125,126,127,128,129,130,131,132,133,134,135,136,137,138,139,140,141,142,143,144,145,146,147,148,149,150,151,152,153,154,155,156,157,158,159,160,161,162,163,164,166,167,168,169,170,171,172,173,174,175,176,177,178,179,180,181,182,183,184,185,186,187,188,189,190,191,193,194,195,196,197,199,202,203,204,205,206,208,209,210,211,212,213,214,215,216,217,218,219,220,221,222,223,224,226,227,228,229,230,231,232,233,234,235,236,237,238,239,240,241,242,244,245,246,247,248,250,251,253,254,255,256,257,258,260,261,264,266,267,269,270,272,273,276,277,278,280,281,282,283,284,286,288,291,292,293,296,298,299,300,302,303,306,308,309,311,312,313,316,320,323,325,328,329,334,336,343,347,358,368,376,383,384,386,403,404,420,443,449,519,603,679
22,30,31,32,33,34,35,36,37,38,39,40,41,42,43,44,45,46,47,48,49,50,51,52,53,54,55,56,57,58,59,60,61,63,64,65,66,67,68,69,70,71,72,73,74,75,76,77,78,79,80,81,82,83,84,85,86,87,88,89,90,91,92,93,94,95,96,97,98,99,100,101,102,104,106,107,108,109,110,112,114,115,116,117,118,119,120,121,123,125,126,127,130,131,132,133,134,135,136,137,138,139,140,141,143,144,145,146,147,148,149,150,151,152,153,154,155,156,157,158,159,160,161,162,163,164,165,166,167,168,169,170,171,172,173,174,175,176,177,178,179,180,181,182,183,184,185,186,187,188,189,190,191,192,193,194,195,196,197,198,199,200,201,202,203,204,205,206,207,208,209,210,211,212,214,218,219,220,221,224,225,226,227,230,233,235,236,237,238,240,241,242,244,245,246,248,253,255,258,260,261,262,265,266,268,269,270,271,272,274,276,277,278,281,282,285,292,295,296,297,300,301,303,304,308,311,313,315,317,320,321,324,326,327,328,331,343,352,358,364,367,376,382,386,389,410,505,553,661
23,21,27,28,31,32,33,34,35,36,37,38,39,40,41,42,43,44,45,46,47,48,49,50,51,52,53,54,55,56,57,58,59,60,62,63,64,65,66,67,68,69,70,72,73,74,75,76,78,79,80,81,82,83,84,85,86,87,88,89,90,91,92,93,94,95,96,97,98,99,100,101,102,103,104,105,106,107,108,109,110,111,112,114,115,116,117,119,120,121,124,125,126,127,128,129,130,131,132,133,134,135,136,137,138,139,140,141,142,143,144,145,147,150,151,152,153,154,155,156,157,158,160,161,162,163,164,165,167,168,169,170,171,172,173,174,175,176,177,178,179,180,181,182,183,185,186,188,189,190,191,192,193,195,196,197,198,199,200,201,202,205,206,207,209,210,211,212,213,214,216,217,218,219,220,221,223,226,227,228,229,230,231,232,233,234,237,238,239,241,242,243,245,246,248,249,250,251,253,254,256,257,258,260,261,262,264,265,266,268,269,270,272,273,274,275,277,280,281,282,283,284,285,287,292,293,294,296,297,298,299,301,303,304,312,317,318,320,323,324,326,327,328,331,335,338,339,341,342,344,346,349,351,352,355,364,365,371,382,389,393,398,413,416,426,443
24,25,28,30,31,32,34,35,36,37,38,39,41,43,44,45,46,47,48,49,51,52,53,54,55,56,57,58,59,60,61,62,63,64,65,66,67,68,69,70,71,72,73,74,76,77,78,79,80,81,82,84,85,86,87,89,90,91,92,93,94,95,96,97,98,99,100,101,102,103,104,105,106,108,109,110,112,113,115,116,117,118,119,120,123,124,125,127,128,131,132,133,134,135,136,137,138,139,140,141,142,143,144,145,147,148,149,150,151,152,153,154,155,156,157,158,159,160,161,162,163,164,165,166,167,168,169,170,171,172,173,174,175,176,177,178,179,180,181,182,183,184,185,186,187,188,189,190,191,192,193,194,195,196,197,198,199,200,201,202,203,205,206,207,208,209,210,211,215,216,217,218,222,224,226,228,229,231,232,235,236,240,241,242,244,245,246,248,249,250,252,253,254,255,256,257,258,260,261,263,264,267,268,270,273,274,275,277,278,280,282,284,285,288,293,294,295,297,298,299,301,303,305,311,316,317,318,324,328,330,339,341,347,351,353,359,368,372,376,389,450,462,479,506,532,694
25,6,24,25,27,28,30,33,34,35,36,37,38,39,41,42,43,44,45,46,47,48,49,51,52,53,54,56,57,59,61,62,63,64,65,66,67,68,69,70,72,73,74,75,76,77,78,79,80,81,82,83,84,85,86,87,88,89,90,91,92,93,94,95,96,97,98,99,100,101,102,103,104,105,106,107,108,110,111,112,113,114,115,117,118,119,120,121,123,124,125,126,127,128,129,130,132,133,134,135,136,137,138,139,140,141,142,143,144,146,147,148,149,151,153,156,157,159,161,163,165,167,168,169,170,171,172,173,174,175,176,177,178,180,182,183,184,185,186,187,189,192,193,194,195,196,197,198,199,200,202,204,206,207,208,210,211,212,213,215,216,217,218,219,220,221,222,225,226,228,230,231,232,233,235,237,238,239,240,241,242,244,245,246,247,248,250,253,254,255,256,257,258,259,260,262,263,264,266,267,268,270,271,276,278,279,280,281,282,286,295,297,298,299,300,304,307,309,310,314,315,318,319,321,322,326,327,335,341,344,358,359,375,393,408,416,439,440,458,475,518,662
26,16,22,23,28,29,30,33,34,35,36,37,38,39,40,41,42,43,44,45,46,47,48,49,50,51,52,53,54,55,56,57,58,59,60,61,62,63,64,65,66,67,68,69,70,71,72,73,74,75,76,77,78,79,80,81,82,83,84,85,86,87,88,90,91,93,94,95,96,97,98,99,100,101,102,103,104,106,107,108,109,111,112,113,114,115,116,117,118,120,121,122,124,125,126,127,128,129,131,132,133,134,135,136,137,138,139,140,141,142,143,144,146,147,148,149,150,151,152,153,154,155,156,158,159,160,161,162,163,164,165,166,167,168,169,170,171,172,173,174,175,176,177,178,179,180,181,182,183,184,185,186,187,189,190,191,192,193,194,195,196,197,198,199,200,202,203,206,207,208,209,210,211,212,213,214,215,216,217,218,219,226,227,228,230,232,233,234,235,237,238,239,240,242,245,251,253,255,257,258,259,260,265,268,271,272,273,275,278,282,285,289,290,295,300,302,310,313,316,325,336,337,338,353,356,373,422,429,432,460,532
27,24,25,26,28,29,30,31,32,33,34,35,36,37,38,39,40,41,42,43,44,45,46,47,48,49,51,52,53,54,55,56,57,58,60,61,62,63,64,65,66,67,68,69,70,71,72,73,74,75,76,77,78,79,80,81,82,83,84,85,86,87,88,89,90,91,92,93,94,95,96,97,98,99,100,101,102,103,104,105,106,107,108,109,110,111,112,113,114,115,117,118,119,120,121,122,123,124,125,126,127,128,129,130,132,134,136,138,139,140,141,142,143,145,146,147,148,149,152,153,154,155,156,157,158,161,162,163,165,167,171,172,173,174,176,177,178,179,180,181,182,185,186,188,189,190,193,195,196,198,199,200,201,204,206,207,208,209,210,211,212,213,214,216,217,218,220,221,222,223,224,225,226,227,228,231,233,234,235,236,237,238,239,241,243,244,245,246,247,248,250,251,252,256,257,259,264,265,266,272,274,280,281,284,286,287,289,290,293,294,296,298,299,300,303,312,313,316,317,319,322,324,326,328,330,331,336,338,339,342,343,350,355,357,362,381,385,386,389,391,410,456,530
28,26,29,30,33,35,36,37,38,39,40,41,42,43,44,45,46,48,49,50,51,52,53,54,55,56,57,58,59,60,61,62,63,64,65,67,68,69,70,72,73,74,75,77,78,79,80,81,82,84,85,86,87,88,89,90,91,92,93,94,95,96,97,98,99,100,101,102,104,105,107,108,110,111,113,115,116,117,119,120,121,122,124,125,126,127,128,129,130,131,132,133,134,136,137,138,139,140,141,142,144,145,146,147,148,150,154,155,157,158,159,160,161,162,163,164,165,166,167,169,170,171,172,173,174,176,177,178,180,181,182,184,185,186,187,188,189,190,194,195,197,199,202,203,204,208,211,212,216,217,218,221,222,223,226,227,228,229,231,233,235,238,242,244,245,247,251,256,258,259,260,264,265,267,272,273,274,277,285,287,289,293,294,296,297,298,299,318,321,328,332,337,342,343,344,350,354,413,436,613
29,17,28,29,31,32,33,35,36,37,38,39,40,41,42,43,44,45,46,49,50,51,52,53,54,55,56,57,58,59,60,61,62,63,64,65,66,67,68,69,70,71,72,73,74,75,76,77,78,79,80,81,82,83,84,85,86,87,88,89,90,91,92,93,94,95,96,97,98,99,100,101,102,103,104,105,106,107,108,109,110,111,112,113,114,115,116,117,118,119,120,122,124,125,127,129,130,132,133,134,135,137,138,139,141,142,143,144,145,146,147,148,149,150,151,152,153,154,155,156,157,159,160,161,162,163,164,165,166,167,168,169,170,173,174,175,176,177,179,181,183,184,185,188,189,190,191,192,194,197,198,199,200,202,203,204,207,208,209,211,212,213,215,216,217,218,220,224,225,227,229,232,234,235,237,241,242,245,246,248,250,253,254,255,259,262,271,273,281,282,288,291,292,297,299,301,309,328,344,353,369,378,409,429,454
30,19,28,29,32,33,34,35,41,42,43,44,45,46,47,48,49,50,52,53,54,55,56,57,58,59,60,62,63,64,65,66,67,68,69,71,72,73,74,75,76,77,78,79,80,81,82,83,84,85,87,91,94,95,96,98,99,100,101,102,103,104,105,106,108,110,111,112,113,114,115,116,117,118,119,120,121,122,123,124,126,127,128,129,130,131,132,133,134,135,136,137,139,140,141,142,143,144,145,146,147,148,149,150,151,152,153,154,155,156,157,158,159,160,163,164,165,166,167,168,171,172,173,174,175,176,177,178,181,182,183,185,187,188,190,191,192,193,194,195,198,200,202,203,204,205,208,209,210,212,213,216,221,224,225,226,229,230,231,234,240,243,248,250,252,253,255,256,260,268,269,270,271,272,275,276,277,278,281,284,286,293,295,296,298,299,301,305,316,326,327,339,341,354,355,364,374,413,446,521
31,2,28,29,30,32,33,34,35,36,37,38,39,40,41,42,43,44,45,47,50,51,52,53,54,55,57,59,60,61,62,64,65,66,67,68,69,70,71,72,73,74,75,76,77,78,79,80,81,82,83,84,85,86,87,89,90,91,92,93,94,95,96,97,98,99,100,101,102,103,104,105,106,108,109,110,111,112,113,115,116,118,120,121,122,123,124,125,126,127,128,129,130,131,132,133,134,135,136,137,138,139,140,141,142,143,144,145,147,148,149,150,151,152,153,155,156,157,159,160,161,162,165,166,167,169,172,176,177,178,179,181,185,186,187,189,190,191,192,193,194,195,196,197,199,200,201,202,203,204,205,206,207,208,209,210,211,213,214,215,218,219,220,221,223,224,225,226,227,228,229,231,233,235,236,237,238,239,240,241,242,244,245,246,247,248,249,250,251,254,256,257,258,259,260,261,262,263,264,266,267,268,270,271,272,273,274,276,278,279,280,282,283,284,285,286,288,289,291,297,299,300,307,308,310,311,312,318,320,323,327,332,333,340,348,370,377,393,397,401,430,488,528
32,2,23,25,27,30,33,36,37,38,39,40,41,42,43,44,45,46,47,48,49,51,52,53,54,55,56,57,58,59,60,61,62,63,64,65,66,67,68,69,71,72,76,77,78,79,80,81,82,83,84,85,86,87,88,89,91,93,94,95,96,97,98,99,100,101,102,103,104,105,107,108,109,110,111,112,114,115,116,117,118,119,121,122,123,125,126,128,129,130,131,132,133,134,136,137,138,139,140,141,142,143,144,145,146,147,148,149,150,151,152,153,154,155,156,157,158,159,160,162,163,164,165,166,169,171,172,173,174,175,176,178,179,180,181,182,185,186,188,190,191,193,195,196,197,199,200,203,204,205,208,210,211,214,215,216,218,219,220,222,223,226,230,231,232,233,237,239,242,243,246,247,248,254,255,256,257,259,261,263,267,268,277,289,291,300,307,308,310,315,318,352,353,362,399,405,408,522,526,689
33,24,25,31,33,35,36,37,38,39,41,42,43,44,46,47,48,49,50,51,52,53,56,57,58,59,60,62,63,64,65,66,67,68,69,70,71,72,74,75,76,77,78,79,80,81,82,83,84,85,86,87,89,90,91,92,93,94,95,97,98,99,100,101,103,104,105,106,107,108,110,111,113,114,115,116,118,119,120,121,123,124,126,127,129,130,131,132,133,135,136,137,138,139,140,142,143,145,146,147,148,149,150,151,152,153,154,155,156,157,159,160,161,162,164,166,167,168,170,171,173,174,175,176,177,179,180,182,183,184,185,186,187,189,190,192,193,194,195,196,197,198,200,202,203,204,206,207,209,210,211,212,213,215,216,217,218,219,221,222,223,224,225,226,227,228,229,230,231,232,233,234,235,236,238,239,240,241,242,244,245,246,247,249,250,252,253,255,256,260,263,265,266,267,268,269,270,271,272,274,275,276,277,278,279,280,281,283,284,287,290,294,296,297,298,299,303,304,305,306,307,308,309,310,311,312,313,315,317,319,321,325,327,334,335,337,341,345,350,351,353,361,380,389,391,418,423,552
34,8,22,33,35,37,40,42,43,46,47,48,49,50,51,52,53,54,55,56,57,58,59,60,61,62,63,64,65,66,67,68,70,73,74,75,77,78,79,80,81,83,85,86,87,88,89,90,91,92,93,96,97,98,99,100,102,103,105,106,107,110,111,112,114,115,116,118,119,120,121,122,123,124,125,126,127,128,129,130,132,133,134,136,137,138,139,140,141,142,143,144,145,146,147,148,149,150,151,152,153,154,155,156,157,158,159,160,161,162,163,164,165,166,167,168,169,170,171,172,173,174,175,176,177,178,179,181,182,183,185,186,187,188,189,190,191,194,195,196,197,199,201,202,203,204,205,208,210,212,213,214,215,217,218,220,223,229,230,231,234,242,245,246,247,248,249,250,251,256,259,260,265,266,270,271,275,278,279,283,285,289,290,292,297,299,304,309,311,327,332,336,337,357,371,417,438,464,484
35,23,24,26,27,34,35,36,37,38,39,40,41,42,44,45,46,48,49,52,53,54,55,57,58,60,61,63,64,65,66,69,71,72,73,74,75,76,77,78,79,80,81,82,83,84,85,86,87,89,90,91,92,93,94,95,96,97,98,99,100,101,102,103,104,105,106,107,108,109,110,111,112,113,114,115,116,117,118,119,120,121,122,123,124,125,127,129,130,131,132,135,137,138,140,143,144,145,146,147,148,151,152,153,154,157,159,161,162,163,165,166,167,168,172,173,174,175,176,177,179,180,182,183,184,186,188,191,192,193,194,195,197,199,200,201,202,205,206,207,208,209,212,213,214,215,216,217,218,219,220,221,222,223,226,227,228,229,233,234,235,236,237,239,240,241,243,245,246,249,251,252,255,257,258,259,261,267,270,271,273,275,276,278,280,281,282,283,284,286,287,288,290,292,294,295,297,298,299,302,305,307,310,312,315,316,322,323,324,325,330,335,339,341,346,352,358,367,369,372,386,394,413,428,446,460,613,671
36,31,34,35,36,38,39,40,44,45,46,47,48,49,50,51,52,53,54,55,56,57,58,59,60,61,62,63,64,65,66,67,68,69,70,74,75,77,78,79,81,82,83,84,85,87,88,89,90,91,92,93,94,95,96,100,101,102,103,105,108,110,111,112,113,115,116,118,119,121,122,127,128,129,130,131,133,134,135,136,137,138,139,142,143,144,146,147,148,149,151,153,154,155,157,158,159,160,161,162,163,164,165,166,167,168,170,171,172,173,175,176,177,178,185,186,189,191,192,194,195,196,197,198,199,201,202,203,204,205,206,209,213,215,216,220,222,223,225,227,233,239,240,241,245,246,249,252,256,258,259,272,273,274,279,284,287,297,302,306,312,315,347,355,359,442,459
37,29,30,31,33,34,35,36,37,38,39,41,42,43,45,46,47,48,49,51,52,53,54,55,57,58,59,60,61,63,64,66,68,69,70,72,73,74,76,77,78,79,80,81,82,83,84,85,86,87,89,90,91,92,93,94,95,96,97,98,99,100,101,102,103,104,105,107,108,109,111,112,113,114,115,118,120,121,122,125,126,127,128,131,134,137,139,140,141,142,143,144,145,146,148,149,150,154,155,157,158,162,164,168,170,172,174,175,183,184,185,186,187,188,189,190,191,192,193,194,197,198,199,200,201,204,206,209,210,213,214,216,217,220,222,223,226,227,228,229,230,234,236,241,242,243,244,248,249,251,252,254,257,258,259,260,261,263,264,265,267,269,274,275,284,287,288,302,318,321,322,323,333,343,351,358,363,366,379,383,429,453,530
38,12,16,17,23,24,28,29,30,31,32,33,34,35,36,37,40,42,44,45,48,49,50,51,52,54,56,57,58,61,62,63,64,65,66,67,68,69,71,72,73,74,76,78,79,81,83,84,85,86,87,89,93,94,96,97,99,102,105,106,107,110,112,113,114,115,117,118,119,120,121,125,126,127,128,129,130,131,132,133,134,136,138,139,141,142,143,144,145,146,148,149,150,151,152,153,155,157,158,159,160,164,166,167,168,170,171,172,173,174,175,176,178,179,182,183,186,187,191,193,194,197,198,200,201,202,203,207,210,211,213,216,219,220,224,230,232,234,235,237,238,241,242,243,244,246,263,268,269,271,286,288,294,321,322,583,676
39,11,21,22,23,26,27,28,29,30,31,33,35,36,37,40,41,42,43,46,50,56,58,62,63,64,67,72,73,74,75,76,77,78,79,80,81,82,83,84,86,87,89,90,92,93,94,95,96,98,99,100,101,102,103,104,105,108,110,113,115,116,117,119,120,122,127,128,129,130,135,139,141,144,154,156,158,163,165,166,167,168,174,178,180,183,185,187,190,195,196,197,199,201,203,207,208,209,213,215,217,220,221,223,227,233,236,239,245,254,255,257,258,259,261,265,266,275,278,280,289,293,297,313,324,341,362,407,431,501,532,572,630,667
40,9,10,20,21,22,29,38,44,50,51,52,54,56,58,64,66,68,77,79,81,84,86,87,90,91,92,93,94,98,100,102,104,108,110,111,115,118,119,120,125,128,130,132,133,134,141,143,146,153,155,156,162,168,169,173,175,178,196,200,222,223,225,314,346
41,60,64,76,86,91,96,100,107,116,121,167,191,220,460,588
42,28,348,495
43,13,216,264,357,633
44,96,653
45,19,267,358,500,661,671
46,430,542
47,25,398,597,639
48,264,341,389,500
49,13,343,435,540,555,580,588,672
50,368
51,368,429
52,178,311,368,444,499,537,584
53,59,200,315,378,387,630
54,432,542
55,77,195,257,613,628
56,52,433,476,538
57,28,98,184,311,376,556
58,54,329,414,653
59,7,11,40,216,367,628
60,146,460,502,588
61,296,358,671,698
62,54,498,602
63,257,491,583,586,687
64,10,182,328,500,503,673,692
65,315,363,666
66,77,118,121,263,451,496,661
67,472,548,575,624
68,81,349,366
69,194,451,637,691
70,66,174,343,543
71,217,362,393,408,509,549,674
72,142,176,305,440,544,636
73,
74,
75,
76,
77,
78,
79,
80,
81,
82,
83,
84,
85,
86,
87,
88,
89,
90,
91,
92,
93,
94,
95,
96,
97,
98,
