14
0,256
1,151,231,264,456,458,531,657
2,67,82,296,400,512,548,613,642,652
3,61,260,268,306,491,496,593,651
4,42,113,204,257,474,569,614
5,240,338,345,468,528,529,601
6,93,280
7,133,327,498,666
8,182,427,501,516
9,81,273
10,24,160,281,533,606,610,637
11,93,229,235,292,614,640
12,46,189,319,423,481,670,677
13,30,31,34,35,37,43,44,45,46,51,52,54,55,57,65,71,193,213,344,569
14,29,32,35,37,38,39,40,41,42,43,44,45,46,47,48,49,51,52,53,55,56,57,59,60,61,63,64,67,68,69,71,72,73,81,84,85,86,98,116,159,161,422,549
15,5,18,24,29,32,33,34,35,36,37,38,39,40,41,42,43,44,45,46,47,48,49,50,51,52,53,54,55,56,57,58,59,60,61,62,63,64,65,66,67,68,69,70,71,72,73,74,75,76,78,80,81,82,84,87,88,89,90,92,93,95,98,99,100,101,105,108,111,122,124,149,301,452
16,21,23,29,30,31,32,33,34,35,36,37,38,39,40,41,42,43,44,45,46,47,48,49,50,51,52,53,54,55,56,57,58,59,60,61,62,63,64,65,66,67,68,69,70,71,72,73,74,75,76,77,78,79,80,81,82,83,84,85,86,87,88,89,90,91,92,93,94,95,96,97,98,99,100,101,102,103,104,105,106,107,108,109,110,111,112,113,114,115,116,117,118,119,120,121,122,123,124,125,126,127,128,129,130,132,133,134,135,136,137,138,139,140,141,142,143,144,145,146,147,149,150,151,152,154,155,156,157,158,160,163,165,166,167,168,169,171,172,175,176,177,178,179,182,183,185,186,188,190,192,193,196,210,214,216,220,224,228,256,261,438,472,498,630,653,659,668
17,18,27,29,30,31,32,33,35,36,37,38,39,40,41,42,43,44,45,46,48,49,50,51,52,53,54,55,56,57,58,59,60,61,62,63,64,65,66,67,68,69,70,71,72,73,74,75,76,77,78,79,80,81,82,83,84,85,86,87,88,89,90,91,92,93,94,95,96,97,98,99,100,101,102,103,104,105,106,107,108,109,110,111,112,113,114,116,117,119,120,121,122,123,124,125,126,127,128,129,130,131,132,133,134,135,136,137,138,139,140,141,142,143,144,145,146,147,148,149,150,151,152,153,154,155,156,157,158,159,160,161,162,163,164,165,166,167,168,169,170,171,172,173,174,175,176,177,178,179,180,181,182,183,184,185,186,187,188,189,190,191,192,193,194,195,196,197,198,199,200,201,202,203,204,205,206,207,208,209,210,211,212,213,214,215,216,217,218,219,220,222,223,224,225,226,227,229,230,231,232,234,236,237,239,240,241,243,245,246,247,248,254,257,259,260,263,264,265,266,268,274,278,280,281,282,292,314,315,326,379,406,623
18,24,26,27,28,29,30,31,32,33,34,35,36,37,38,39,40,41,42,43,44,45,46,47,48,49,50,51,52,53,54,55,56,58,59,60,61,62,63,64,65,66,67,68,69,70,71,72,73,74,75,76,77,78,79,80,81,82,83,84,85,86,87,88,89,90,91,92,93,94,95,96,98,99,100,101,102,103,104,105,106,107,108,109,110,111,112,113,115,117,118,119,120,121,122,123,124,125,126,127,128,129,130,131,132,133,134,135,136,137,138,139,140,141,142,143,144,145,146,147,148,149,150,151,152,153,154,155,156,157,158,159,160,161,162,163,164,165,166,167,168,169,170,171,172,173,174,175,176,177,178,179,180,181,182,183,184,185,186,187,188,189,190,191,192,193,194,195,196,197,198,199,200,201,202,203,204,206,207,208,209,211,213,214,215,216,217,218,219,220,221,222,224,225,226,227,228,229,230,231,232,233,234,235,236,237,238,239,240,241,242,243,244,245,246,248,249,250,251,252,254,255,257,258,259,260,261,262,263,264,265,266,267,268,269,270,272,274,275,276,278,279,280,281,282,284,286,287,289,295,296,297,299,301,302,305,306,307,314,316,318,326,329,331,334,335,336,347,350,356,360,363,387,395,403,415,418,425,447,450,453,468,473,583,678
19,21,23,24,25,26,27,28,29,31,32,33,34,35,36,37,38,39,40,41,42,43,44,45,46,47,48,49,50,51,52,53,54,55,56,57,58,59,60,61,62,63,64,65,66,67,68,69,70,71,72,73,75,76,77,78,79,80,81,82,83,84,85,86,87,88,89,90,91,92,93,94,95,96,97,98,99,101,102,103,104,105,106,107,108,109,110,111,112,113,114,115,117,119,120,122,123,124,125,126,127,128,129,130,131,132,133,134,135,136,137,138,139,140,141,142,143,144,145,146,147,148,149,150,151,152,153,154,155,156,157,158,159,160,161,162,163,164,165,166,167,168,169,170,171,172,173,174,175,176,177,178,180,181,182,183,184,185,186,187,188,189,190,191,192,193,194,195,196,197,198,199,200,201,203,204,205,206,207,208,209,210,211,212,213,214,215,216,217,218,219,220,221,222,224,225,226,228,230,231,232,234,235,236,237,238,239,240,242,243,244,245,246,247,248,249,250,251,252,253,255,256,257,260,261,262,263,264,265,268,269,271,273,276,279,281,284,285,286,287,290,292,294,295,301,306,307,309,312,320,323,324,326,342,359,380,381,423,430,443,444,448,472,473
20,18,21,22,23,25,26,27,28,29,30,31,32,33,34,35,36,37,38,39,40,41,42,43,44,45,46,47,49,50,51,52,53,54,55,56,57,58,59,60,61,62,63,64,65,67,68,69,70,71,72,73,74,75,76,77,78,79,80,81,82,83,84,85,86,87,88,89,90,91,92,93,94,95,96,97,98,99,100,101,102,103,104,105,107,108,109,110,111,112,113,114,115,116,117,118,119,120,121,122,123,124,125,127,128,129,130,131,132,133,134,135,136,137,139,141,142,143,144,145,146,147,149,150,151,152,153,154,157,158,159,160,161,162,163,164,166,167,168,170,171,173,175,176,177,178,179,180,181,183,184,185,186,187,188,189,190,191,193,195,196,197,198,199,200,202,203,204,206,207,208,210,211,213,214,215,216,217,218,220,221,222,223,225,226,227,228,229,230,231,232,233,234,236,237,238,239,240,244,245,246,247,249,250,251,252,253,254,256,258,260,261,262,263,264,266,269,272,275,276,277,278,280,281,284,286,287,288,289,297,298,299,300,301,305,310,314,316,325,332,334,337,339,343,346,351,353,365,372,375,382,391,392,399,449,450,454,460,461,462,466,467,469,473,518,538,580,675
21,3,19,21,22,24,25,26,27,28,29,30,31,32,33,35,36,38,39,40,41,42,43,44,45,46,47,48,49,50,51,53,54,55,56,57,58,59,60,61,62,63,64,65,66,67,68,69,71,72,73,75,76,77,78,79,80,81,82,83,84,85,86,88,89,90,91,92,93,95,96,97,99,100,101,102,103,104,106,107,109,110,111,112,113,114,115,117,118,119,120,121,122,124,125,126,127,128,129,130,131,132,133,135,136,137,138,139,140,141,142,143,144,145,146,147,148,149,150,151,152,153,154,155,156,157,158,159,160,161,162,163,164,165,166,167,168,169,172,173,174,175,176,177,178,179,180,181,182,184,185,186,187,188,189,190,191,192,193,194,196,197,198,199,200,201,203,204,205,206,207,208,209,211,212,213,214,215,216,217,218,219,222,223,225,226,227,228,229,230,231,233,234,235,236,239,241,242,245,246,247,249,252,253,256,258,259,264,265,266,267,268,269,270,274,277,282,284,286,290,293,296,299,305,319,322,326,333,335,346,347,349,352,353,358,362,388,407,420,425,462,466,479,514
22,11,12,19,20,21,22,23,24,25,26,27,28,29,30,31,32,33,34,35,36,37,38,39,40,42,43,44,45,46,47,48,49,51,53,54,55,56,57,58,59,60,61,62,63,64,66,67,68,69,70,71,72,73,74,75,76,77,78,79,80,81,82,83,84,85,86,87,88,89,90,91,92,93,94,95,96,97,99,100,101,104,106,108,109,110,113,115,116,117,118,119,120,121,122,124,125,127,128,129,130,131,132,133,134,135,136,137,138,139,140,141,142,143,144,145,146,147,149,150,152,153,155,156,158,160,161,162,163,164,165,166,167,168,169,170,171,173,174,175,176,177,178,179,180,181,182,183,184,185,186,187,188,189,190,191,192,193,194,195,196,198,199,200,201,202,203,204,205,209,210,211,212,213,214,215,216,217,218,219,220,222,223,224,227,228,229,231,232,233,234,235,236,237,238,239,242,244,245,247,248,249,250,251,254,255,256,257,259,260,261,266,268,269,270,271,272,274,275,276,280,282,283,284,286,295,303,307,308,314,323,328,331,337,351,354,361,369,381,409,440,446,447,450,452,473,622,684
23,20,22,24,25,26,27,28,29,30,31,32,33,34,35,36,37,38,39,40,41,42,43,44,45,46,47,49,50,51,52,54,55,56,57,58,59,60,61,62,63,64,65,66,67,68,69,70,71,73,74,75,76,77,78,79,81,82,83,84,85,86,87,88,89,90,91,92,93,94,95,96,97,98,100,101,102,103,104,105,106,108,109,110,111,112,113,114,115,116,117,118,119,120,121,122,123,124,125,126,127,128,129,130,131,132,133,134,135,136,137,138,139,140,141,142,143,144,145,146,147,148,149,150,151,152,153,154,156,157,158,159,160,161,163,164,165,166,167,168,169,170,171,172,173,174,175,177,179,180,181,182,184,187,188,192,193,194,196,197,199,200,201,202,205,206,208,210,216,217,218,219,220,221,222,223,224,225,230,232,236,239,242,243,244,248,250,251,254,256,257,259,260,265,266,268,282,285,287,291,293,295,297,298,299,306,309,310,332,337,340,342,355,358,359,364,368,371,375,389,407,433,445,467,488,507,517,528,636
24,16,18,19,22,23,24,25,26,27,28,29,30,31,32,33,34,35,36,37,38,39,40,42,43,45,46,47,48,49,50,51,52,53,54,55,56,57,58,59,60,61,62,63,64,65,66,67,68,69,71,72,73,74,76,77,78,79,81,83,86,87,88,89,92,94,95,98,101,102,103,105,106,109,110,111,112,113,114,115,116,117,118,119,120,121,122,123,124,126,128,129,130,131,132,133,134,135,136,137,138,139,140,141,143,144,145,146,147,148,149,150,151,152,153,154,155,156,157,158,159,160,161,162,163,164,165,166,167,168,169,170,171,172,173,174,175,176,177,178,179,180,181,182,183,184,185,186,187,188,190,191,192,193,194,195,196,197,198,199,200,201,202,203,205,206,207,208,209,210,211,214,215,217,218,219,220,221,222,223,224,226,227,228,229,230,231,232,233,234,236,237,238,239,241,242,243,247,249,252,254,256,257,258,259,263,264,267,268,272,274,275,278,281,284,285,290,294,296,299,300,303,304,305,306,310,316,320,321,323,332,335,348,365,370,395,457,458,472,521,522,527,662
25,14,20,21,22,23,24,25,26,27,28,29,30,31,32,33,34,35,36,37,38,39,41,42,44,45,47,48,50,52,53,54,57,58,60,61,64,65,66,67,68,69,70,71,72,73,74,75,76,77,78,79,80,81,82,83,84,85,86,87,88,89,90,91,93,94,95,96,97,99,100,101,102,103,104,105,106,108,111,112,113,114,115,116,117,118,120,121,122,123,124,125,126,127,128,129,130,131,132,133,134,136,137,138,139,141,143,144,145,147,149,151,152,153,154,155,156,158,159,160,161,163,164,168,169,170,172,173,174,175,176,177,178,179,181,182,183,184,185,186,187,188,189,191,192,193,194,195,196,198,199,201,202,203,205,207,208,210,212,213,214,216,217,218,219,220,221,224,225,227,228,229,230,231,232,234,235,236,238,239,240,241,242,243,244,245,246,247,248,250,251,253,255,257,259,260,261,262,263,264,265,267,268,269,270,271,272,273,274,276,277,278,279,281,282,283,284,289,291,293,294,295,296,297,299,301,302,306,311,312,314,322,326,327,329,334,338,341,356,359,360,361,365,366,380,383,384,396,401,403,460,461,472,476,477,478,482,495
26,19,21,22,23,24,26,30,31,32,33,35,37,38,39,40,41,42,43,44,45,46,47,48,49,50,51,52,53,54,55,56,57,58,59,60,61,63,64,65,66,67,69,70,71,72,73,74,75,76,78,79,80,82,83,85,87,88,89,90,91,92,93,94,95,98,99,100,102,104,105,106,107,108,109,110,111,112,113,115,116,118,119,120,121,124,125,126,127,128,130,131,132,133,134,135,136,137,138,139,140,141,142,143,144,145,146,148,149,150,151,152,153,155,156,157,158,159,160,161,163,164,165,166,167,168,169,170,171,172,173,174,175,176,177,179,180,181,183,185,186,189,190,191,192,193,194,195,196,198,199,200,201,202,203,204,205,206,207,208,209,210,211,212,213,214,215,216,217,218,219,220,221,222,223,225,226,227,228,229,231,232,233,234,235,237,238,239,240,241,243,244,245,246,247,251,253,254,256,257,258,260,263,264,267,268,270,274,279,280,282,284,285,286,288,289,294,298,302,303,304,306,309,310,313,315,320,327,336,344,345,357,363,364,370,413,438,446,451,458,466
27,11,22,24,26,27,28,29,30,31,32,35,36,37,38,39,40,41,42,43,44,46,47,48,49,51,52,53,54,55,56,57,58,59,60,61,62,63,64,65,66,67,68,69,71,72,73,74,75,76,78,79,81,82,83,84,85,86,88,89,90,91,92,93,94,95,96,97,98,99,100,101,103,105,108,110,111,112,113,115,116,118,119,121,122,123,124,125,126,128,129,130,131,133,134,135,136,137,138,139,140,142,143,144,145,146,147,149,150,151,155,160,161,162,164,165,166,167,168,170,172,173,174,175,176,177,178,179,180,181,182,183,184,185,186,187,188,189,190,191,192,193,194,195,196,197,198,199,200,201,203,204,205,206,208,209,210,211,212,215,216,218,219,220,221,222,223,224,226,227,228,230,232,233,234,235,237,238,239,240,241,244,245,246,247,248,250,251,252,253,254,255,256,258,260,261,265,267,269,271,272,273,275,279,280,281,282,285,286,290,296,297,298,299,300,301,302,305,312,320,321,329,345,352,359,360,372,426,433,450,456,464,484
28,19,21,28,29,32,34,36,37,38,39,40,41,42,43,46,47,48,49,50,51,52,53,54,55,56,57,58,59,60,61,62,64,65,66,67,68,69,70,71,72,73,74,75,76,77,78,79,80,81,82,83,84,86,87,88,89,90,91,92,93,94,95,97,98,100,101,102,104,107,108,112,115,117,118,119,120,121,123,125,126,127,129,130,131,132,133,134,135,136,137,138,139,142,143,144,145,146,147,148,149,150,151,152,154,155,157,158,159,160,162,164,165,166,167,168,170,171,173,175,176,177,178,179,180,181,182,183,184,185,186,187,188,189,191,192,194,195,196,197,198,199,200,201,202,203,204,206,207,208,210,211,212,213,214,215,216,217,218,219,220,221,222,224,225,226,227,228,229,231,232,233,236,237,238,239,241,242,243,244,246,247,248,249,251,253,255,259,260,261,262,263,264,265,266,267,268,269,270,271,272,273,275,276,277,278,280,282,283,284,291,292,294,295,296,298,300,302,303,304,306,307,309,311,313,315,316,317,319,320,321,324,326,327,328,332,334,335,336,337,345,347,352,354,363,372,373,380,394,405,411,419,434,450,451,452,469,477,482,484,546,689
29,2,27,29,34,35,36,37,39,44,45,46,47,48,49,50,51,52,53,54,55,56,57,58,59,60,61,62,63,64,65,66,67,68,69,70,71,72,73,74,75,77,78,79,80,81,83,84,85,86,87,88,89,90,91,92,93,95,96,97,98,99,102,104,105,110,112,118,119,122,125,127,128,129,132,133,134,137,138,139,140,141,142,143,144,146,148,149,150,151,153,154,155,158,159,160,162,163,164,165,166,168,169,170,171,172,173,174,175,176,177,178,179,180,181,182,183,184,185,186,187,188,189,190,191,192,193,194,195,196,197,198,199,200,201,202,203,204,205,206,208,209,210,211,212,213,214,216,217,218,219,223,224,225,226,227,228,229,231,232,234,235,236,237,238,240,241,243,244,246,247,248,249,250,251,253,254,256,257,258,259,260,261,263,265,266,268,269,271,272,273,274,275,276,277,278,279,280,282,283,284,285,286,287,291,292,293,294,295,300,301,304,306,307,312,316,322,327,328,329,330,331,339,342,345,346,349,355,357,364,365,368,374,383,390,394,409,436,473,483,518
30,24,25,26,27,28,29,31,32,33,35,36,37,39,40,43,46,47,48,49,50,51,54,56,58,59,61,62,65,66,67,68,69,70,71,72,74,75,76,77,79,80,81,82,83,84,85,86,89,90,91,92,93,94,98,99,100,101,104,107,108,109,110,112,114,115,116,117,118,121,122,123,126,130,136,138,140,143,144,146,148,154,156,160,161,162,164,167,168,169,170,171,172,173,174,175,177,178,181,182,183,184,185,187,188,189,190,191,192,193,194,196,197,198,199,200,202,203,204,205,206,207,208,209,211,212,213,214,215,217,218,219,220,221,222,224,225,226,228,229,230,231,232,233,234,235,236,237,240,241,242,243,244,245,246,247,248,249,250,252,253,254,255,256,257,258,259,260,261,262,263,264,266,267,268,269,270,271,272,274,275,276,277,279,280,281,282,283,284,285,286,287,288,289,290,292,293,294,295,296,297,298,299,300,301,302,303,305,307,309,310,311,312,313,314,315,316,317,319,321,323,324,326,327,328,329,330,331,333,334,336,337,338,339,340,343,344,345,346,347,350,357,358,359,360,362,363,364,367,368,370,371,374,376,379,382,383,384,388,389,394,396,397,399,407,418,423,426,427,429,430,432,434,449,464,514,613,614,679
31,24,28,29,30,32,33,35,36,37,38,40,41,42,43,44,45,46,48,49,51,53,54,55,56,57,58,59,60,61,63,65,66,67,68,69,70,71,74,76,77,78,80,81,82,84,85,86,87,88,89,90,91,93,94,95,96,100,103,104,106,107,109,110,113,114,116,117,119,127,130,134,136,137,139,140,142,144,145,146,148,149,150,154,155,158,160,162,163,164,165,166,168,169,170,172,173,174,176,177,178,179,181,183,184,185,187,188,189,193,195,196,197,198,199,200,201,202,204,205,206,208,212,213,214,215,216,217,218,219,221,222,223,224,226,228,229,230,231,232,233,234,235,236,237,238,239,240,241,242,244,245,247,248,249,250,251,252,254,255,257,258,259,261,262,263,267,268,269,270,272,273,274,275,276,277,278,279,280,281,282,283,284,286,287,288,290,291,292,293,294,295,296,298,299,302,303,305,307,308,309,310,311,312,313,314,315,316,317,318,319,320,321,322,323,324,329,330,331,332,333,334,336,337,338,340,341,342,343,347,350,354,359,360,363,368,370,371,372,373,376,379,381,385,387,388,391,392,393,396,404,406,409,415,417,420,421,424,425,426,429,435,439,451,457,460,463,464,490,496,522,531,540,586,594
32,13,19,21,27,29,30,32,34,35,36,37,38,39,40,42,43,44,45,46,47,48,49,50,51,53,54,55,56,57,58,59,60,61,62,63,64,65,66,67,68,70,71,72,73,74,75,76,77,78,79,80,81,82,83,85,88,89,90,93,94,95,96,99,100,103,106,107,108,109,110,111,112,115,120,124,128,131,132,135,138,139,142,145,147,149,154,157,161,162,170,171,176,178,179,182,187,188,189,191,194,195,196,198,199,200,201,202,203,205,206,207,208,209,210,211,212,213,214,215,216,219,220,224,225,226,227,228,232,233,235,236,237,240,241,243,244,246,248,249,250,251,252,253,254,255,258,259,260,261,265,268,270,273,274,275,276,278,279,280,283,285,286,287,289,291,293,295,297,299,300,302,303,305,307,308,309,312,314,315,317,318,319,321,322,325,326,329,332,340,341,342,343,348,350,353,354,355,357,359,360,363,365,367,371,373,375,376,377,378,381,389,395,398,404,408,422,426,449,468,512,523,622
33,21,23,24,32,33,36,37,38,39,40,41,42,43,44,45,46,47,48,49,50,52,53,54,55,56,58,59,60,61,63,64,65,67,69,70,71,72,73,74,75,76,77,79,81,82,83,84,85,86,87,88,89,90,91,93,94,95,96,98,100,101,102,105,106,107,108,109,112,114,116,119,120,122,124,127,128,129,134,136,137,138,139,140,141,142,145,148,150,154,155,164,171,182,184,190,191,192,198,199,200,202,203,204,205,207,208,210,213,219,220,222,223,224,226,227,228,229,230,234,235,236,237,238,239,240,241,243,244,246,247,248,250,253,257,258,259,260,261,262,263,264,266,267,268,270,271,272,274,275,280,281,282,285,286,287,290,292,294,295,296,300,302,304,307,309,311,315,316,318,319,320,321,322,323,324,328,332,334,335,336,337,338,339,340,345,347,348,349,350,351,353,355,357,361,364,365,370,371,373,374,376,378,382,383,384,388,392,400,406,407,408,418,420,426,440,445,453,455,501
34,6,24,33,34,36,38,39,40,41,43,45,46,47,48,49,50,51,52,53,54,55,56,57,58,60,61,62,64,65,66,67,68,69,70,71,72,76,77,78,81,82,86,87,88,89,91,94,96,99,102,113,116,121,123,138,141,152,154,155,159,160,162,163,164,165,166,169,172,173,176,181,182,186,187,192,194,197,198,199,207,212,213,214,219,220,221,222,223,224,225,226,228,229,231,232,233,234,235,236,237,239,241,242,243,245,246,247,248,249,250,251,253,254,255,256,257,259,260,261,262,263,264,266,267,269,272,275,276,277,279,280,281,282,286,287,288,289,291,293,296,297,298,301,303,304,305,307,308,310,311,312,316,317,318,319,320,321,327,330,333,337,339,342,343,349,351,352,354,356,357,359,360,362,363,364,366,375,377,391,393,403,404,414,416,420,429,430,433,449,460,470,488,511,520,524
35,4,26,27,29,31,34,36,37,38,39,41,43,44,47,48,49,50,51,52,53,54,55,56,57,59,60,61,62,63,64,65,66,67,68,70,71,72,73,75,76,77,78,79,80,81,82,83,85,86,87,88,89,90,92,93,94,95,96,98,99,100,101,103,104,108,109,110,112,125,127,131,136,138,139,140,142,147,148,150,151,152,157,158,159,161,162,163,164,165,171,179,180,181,184,187,188,201,207,215,217,219,222,225,227,228,229,234,240,242,243,244,247,248,249,250,252,253,254,257,258,259,260,261,262,263,265,266,267,268,270,271,272,273,274,277,278,279,281,282,283,284,285,286,287,288,289,291,292,293,295,296,297,298,299,300,301,302,307,309,311,312,313,315,318,320,322,324,327,328,331,334,335,337,338,339,340,342,343,345,346,350,352,353,357,358,359,360,361,362,365,366,369,370,372,375,376,378,379,380,381,384,386,388,390,391,392,396,402,406,409,412,413,414,415,418,421,422,426,427,428,429,431,432,436,437,438,442,446,447,453,466,471,478,479,481,482,484,493,503,505,513,544,571
36,19,29,33,35,39,40,43,44,45,46,47,48,49,50,51,52,53,54,55,56,57,58,59,60,61,63,65,66,67,68,69,70,71,72,73,74,75,76,77,78,80,81,83,84,86,88,89,90,93,94,95,96,97,100,103,104,105,106,107,110,111,112,114,117,122,129,130,135,136,137,140,141,142,143,145,146,147,148,149,150,151,153,156,159,162,163,164,165,169,170,172,175,178,193,194,195,199,203,206,208,209,212,218,223,224,227,231,233,236,237,241,242,244,250,251,252,253,254,257,259,260,261,262,264,267,268,270,271,273,276,277,278,281,283,286,292,293,294,295,297,300,308,311,312,316,321,324,325,332,336,341,343,345,349,351,356,360,362,366,369,384,414,416,429,433,435,436,442,444,453,455,456,477
37,9,10,30,33,36,38,39,42,45,47,51,52,53,55,56,57,58,59,60,61,62,63,64,65,66,67,68,69,70,71,74,75,76,77,78,79,81,82,83,85,86,87,89,92,93,94,95,100,101,102,104,105,107,108,110,112,116,127,131,136,137,138,142,148,150,155,160,161,164,170,171,179,180,181,185,191,194,196,197,198,202,205,221,226,228,229,230,232,233,235,243,244,245,247,248,249,250,251,252,253,255,256,257,258,260,262,263,265,266,269,270,271,272,273,274,275,276,277,279,281,283,284,285,286,287,288,289,292,293,294,295,297,298,302,305,308,313,316,317,318,321,325,326,327,329,331,332,341,342,344,345,350,351,354,355,358,359,360,366,367,369,371,372,373,375,384,386,394,403,414,418,443,467,474,508,519
38,28,33,37,41,42,43,44,46,47,48,49,51,52,54,55,56,57,60,62,66,67,68,70,76,77,80,81,83,84,87,88,90,91,93,94,95,96,97,101,102,103,104,107,109,118,119,131,132,135,136,140,142,143,145,146,147,151,154,155,156,157,159,161,163,165,166,169,174,176,190,193,194,198,204,210,221,222,229,237,243,249,251,259,260,264,265,273,275,288,299,300,305,310,320,323,326,337,348,356,361,366,367,373,391,431,501,543
39,32,39,40,41,43,47,48,49,50,51,52,55,57,58,59,61,62,63,64,65,67,68,70,71,72,73,77,78,80,82,83,84,85,86,88,91,92,94,95,99,100,101,103,106,107,108,111,112,116,118,126,139,146,148,149,151,153,162,164,165,166,169,172,180,189,193,194,195,196,200,202,206,208,215,220,228,236,237,239,240,241,242,243,245,252,257,258,259,261,263,264,267,270,271,275,290,310,313,315,317,330,341,359,363
40,42,44,45,46,47,49,51,52,55,56,57,58,59,60,61,64,65,66,67,68,69,71,73,74,75,76,77,78,79,81,82,84,85,89,90,92,93,95,96,97,99,100,102,103,105,106,107,108,110,111,112,114,115,117,118,127,132,137,140,145,146,149,152,153,168,172,181,186,189,193,202,208,211,240,246,263,264,268,269,294,295,306,311,314,318,328,337,338,342,347,357,366,603,610,617
41,31,39,41,42,47,50,55,56,57,58,60,61,62,63,64,65,67,68,69,70,71,72,73,74,76,78,79,80,81,82,83,84,87,88,89,90,91,92,93,94,96,98,99,100,101,102,103,107,109,111,112,116,124,137,145,155,164,168,169,172,173,174,178,190,200,203,204,206,208,234,243,252,255,266,271,272,288,293,298,304,321,328,331,385,464
42,43,44,46,48,50,55,57,59,61,62,63,64,67,69,70,71,73,76,77,79,80,81,83,87,89,90,91,95,96,99,100,101,103,108,109,112,113,117,119,120,122,128,134,138,140,145,149,150,153,156,157,161,162,168,172,175,190,193,194,236,255,346,406,559,611,689
43,37,38,39,45,51,53,62,63,64,66,67,70,71,74,75,76,78,79,80,81,82,83,84,85,86,87,89,90,91,92,94,95,96,100,101,102,103,104,107,108,110,111,120,122,127,135,155,167,199,200,214,491,626
44,32,35,44,45,48,52,59,60,61,63,67,70,71,72,74,75,77,82,96,97,99,104,107,112,113,116,126,139,140,142,144,147,148,155,157,162,167,543,569,586
45,23,45,74,77,80,83,90,92,93,95,96,101,102,103,113,127,130,135,161,165,185,186,226,258,521,540,698
46,144,174,576
47,13,493,688
48,495,501,574
49,170,300,387,406,554,577
50,392,666
51,256,270,452
52,22,124,276,326,366,511,615
53,25,145,396,437,630
54,160,222,269,303,418,521,605,684
55,614,627
56,402,405,414,588,668
57,160,199,361,375,411
58,373,455
59,44
60,6,218,408
61,166,195,378
62,135,321,546,596,692
63,15,32,86,332,339,481,559,606,621,660,686
64,262
65,586
66,
67,
68,
69,
70,
71,
72,
73,
74,
75,
76,
77,
78,
79,
80,
81,
82,
83,
84,
85,
86,
87,
88,
89,
90,
91,
92,
93,
94,
95,
96,
97,
98,
