14
0,157
1,122,490,670
2,84,145,148,214,245,469,481,557
3,154,206,390
4,149,227,341,351,565,663,670
5,309,361,613
6,10,214,424,433,564,662,698
7,72,217,254,345,386,425,476
8,33,358,563
9,28,81,143,399,411,659
10,41,149,221,483,484,485,500,631,647
11,32,76,340,360,616,668
12,7,180,382,451,599
13,62,81,85,87,91,147,160,196,222,257,296,379,425
14,23,54,72,76,77,78,79,80,81,82,83,84,86,88,89,90,91,94,95,96,101,102,104,107,109,121,355,403,438,446,464
15,67,70,71,72,73,74,77,78,79,80,81,82,83,84,85,86,87,88,89,90,91,92,93,94,95,96,97,98,99,100,101,102,103,104,105,106,107,108,109,110,111,112,113,114,115,116,117,118,119,120,121,123,124,126,127,128,129,133,134,135,136,140,433,441,453,534,553,564,610
16,70,74,76,77,78,79,80,81,82,83,84,85,86,87,88,89,90,91,92,93,94,95,96,97,98,99,100,101,102,103,104,105,106,107,108,109,110,111,112,113,114,115,116,117,118,119,120,121,122,123,124,125,126,127,128,129,130,131,132,133,134,135,136,137,138,139,140,141,142,143,144,145,146,147,148,149,150,151,152,153,154,155,156,157,158,159,160,161,162,163,164,165,166,167,168,169,170,171,172,173,174,175,176,177,178,179,180,181,182,183,184,185,186,187,188,189,190,191,192,193,194,195,196,197,198,199,200,201,202,211,215,218,241,352,374,465,525,545,560,682
17,38,65,73,74,75,76,77,78,79,80,81,82,83,84,85,86,88,89,90,91,92,93,94,95,96,97,98,99,100,101,102,103,104,105,106,107,108,109,110,111,112,113,114,115,116,117,118,119,120,121,122,123,124,125,126,127,128,129,130,131,132,133,134,135,136,137,138,139,140,141,142,143,144,145,146,147,148,149,150,151,152,153,154,156,157,158,159,160,161,162,163,164,165,166,167,168,170,171,172,173,174,175,176,177,178,179,180,181,182,183,184,185,186,187,188,189,190,191,192,193,194,195,196,197,198,199,200,201,202,203,204,205,206,207,208,209,210,211,212,213,214,215,216,217,218,219,220,222,223,224,225,226,227,228,230,231,232,233,234,235,236,237,238,240,241,242,243,244,245,246,247,248,250,251,252,253,255,256,257,258,260,261,263,264,266,268,269,270,271,272,274,275,276,278,279,284,287,289,290,291,294,296,303,304,305,306,310,311,313,316,320,325,338,354,356,361,363,366,386,444,504,646,682
18,68,69,74,75,76,77,78,79,80,81,82,83,84,85,86,87,88,89,90,91,92,93,94,95,96,97,98,99,100,101,102,103,104,105,106,107,108,109,110,111,112,113,114,115,116,117,118,119,120,121,122,123,124,125,126,127,128,129,130,131,132,133,134,135,136,137,138,140,141,142,143,144,145,146,147,148,149,150,151,152,153,154,155,156,157,158,159,160,161,162,163,164,165,166,167,169,172,173,174,175,176,177,178,179,180,181,182,183,184,185,186,187,188,189,190,191,192,193,194,195,196,197,198,199,200,201,202,203,204,205,206,207,208,209,210,211,212,213,214,216,217,218,219,220,221,222,223,224,225,227,228,229,230,231,232,234,235,237,238,239,240,241,242,245,246,247,248,249,250,252,253,254,256,257,260,261,263,268,269,272,273,275,276,279,280,281,282,292,293,294,301,303,305,306,309,319,324,335,344,520,651,666,669,695
19,7,70,72,73,74,75,76,77,78,79,80,81,82,83,84,85,86,87,88,89,90,91,92,93,94,95,96,97,98,99,100,101,102,103,104,105,106,107,109,110,111,112,113,114,115,116,117,118,119,120,121,122,123,124,125,126,127,128,129,130,131,132,133,134,135,136,137,138,139,140,141,142,143,144,145,146,147,148,150,151,152,153,154,155,156,157,158,159,161,162,163,164,165,166,167,168,169,170,171,172,173,174,175,176,177,178,179,180,181,182,183,184,185,186,188,189,191,192,193,195,196,197,198,199,200,201,202,203,204,205,206,207,208,209,210,211,212,214,215,216,217,218,219,220,223,224,225,226,227,228,229,231,233,234,235,236,237,239,240,241,244,247,250,251,253,254,255,256,257,259,260,261,265,267,268,269,270,271,272,274,278,281,284,285,286,287,291,293,294,295,297,301,303,305,306,308,314,318,323,333,336,337,341,347,357,377,386,428,446,498,524,537,598,611,639
20,68,69,70,71,72,73,74,75,77,78,79,80,81,82,83,84,85,86,87,88,89,90,91,92,93,94,95,96,97,98,99,100,101,102,103,104,105,106,107,108,109,110,111,112,113,114,115,116,117,118,119,120,121,122,123,124,125,126,127,128,129,130,131,132,133,134,135,136,137,138,139,140,141,142,143,144,145,146,147,148,149,150,151,153,155,156,157,158,159,160,161,162,165,166,167,169,170,171,172,173,174,175,176,177,178,179,180,181,182,184,185,186,187,188,189,190,191,192,193,194,195,196,197,198,199,200,201,203,204,205,206,207,208,210,211,213,214,215,217,219,220,222,223,224,225,226,228,230,232,233,235,236,237,238,239,240,241,242,244,245,247,248,250,252,253,256,257,258,260,261,263,264,267,269,272,275,277,281,286,289,291,292,294,299,300,304,307,308,315,334,341,370,412,413
21,19,68,70,71,72,73,74,75,76,77,78,79,80,81,82,83,84,85,86,87,88,89,90,91,92,93,94,95,96,97,98,99,100,101,102,103,105,106,107,108,109,110,111,112,113,114,115,116,117,118,119,120,121,122,123,124,125,126,127,128,129,130,131,132,133,134,135,136,137,138,139,140,141,142,143,144,145,146,147,148,149,150,151,152,153,154,155,156,157,158,159,160,161,162,163,164,165,166,167,168,169,170,171,172,173,175,176,177,178,179,180,181,182,183,184,186,187,188,189,190,191,192,193,195,196,197,198,199,200,202,203,204,205,206,209,210,212,213,214,215,217,219,220,222,223,224,225,227,228,229,230,233,235,236,238,239,241,242,246,247,248,250,251,255,259,260,262,265,267,268,274,275,276,277,280,281,282,284,287,289,292,297,300,301,305,307,321,323,327,344,359,378,394,395,418,453,527,673,694
22,51,69,70,71,72,73,74,75,76,77,78,79,80,81,82,84,85,86,87,88,89,90,91,93,94,95,96,97,98,99,100,101,102,103,104,105,107,108,109,110,111,112,113,114,115,116,117,119,120,121,122,123,124,125,126,127,129,130,131,132,133,134,135,136,137,138,139,140,142,143,144,145,146,147,148,149,151,152,153,155,156,157,158,160,161,163,164,166,168,169,171,172,173,174,175,177,178,179,180,181,182,183,184,185,186,188,189,190,191,194,195,196,197,198,199,200,201,202,203,204,206,207,208,209,210,211,212,213,214,215,217,221,223,225,226,227,228,229,231,233,234,236,238,239,240,241,242,245,246,247,250,251,252,254,255,256,258,259,261,262,263,267,269,270,271,272,273,274,275,277,278,279,281,288,290,296,297,300,307,308,310,311,317,319,331,339,343,350,359,360,361,374,376,418,538,593,678
23,28,64,65,67,68,69,70,72,73,74,76,77,78,79,80,81,82,83,84,85,86,87,88,89,90,91,92,93,94,95,96,97,98,99,100,101,102,103,104,105,106,107,108,109,110,111,112,113,115,116,117,118,119,120,121,122,123,124,125,126,127,128,129,130,131,132,133,134,135,136,137,138,139,140,141,142,143,144,145,146,147,148,149,150,151,152,153,154,155,156,157,158,159,160,162,163,165,167,169,170,171,172,173,174,175,176,177,178,179,180,181,182,183,184,185,186,187,188,189,190,191,192,194,195,197,198,199,200,201,203,205,206,207,208,210,213,214,215,216,218,219,220,221,223,224,225,226,227,228,229,231,232,234,235,238,240,242,245,246,248,250,251,252,253,254,256,258,259,261,262,263,266,267,268,270,271,272,273,274,275,278,279,281,282,283,284,285,286,290,292,296,297,298,299,303,306,307,309,311,312,313,317,319,320,321,323,324,326,330,335,343,346,347,358,362,369,376,398
24,67,68,71,72,73,74,75,76,77,78,79,80,81,82,83,84,85,86,87,88,89,91,92,93,94,95,96,97,98,99,100,102,103,104,105,106,107,108,109,110,111,112,113,114,115,116,117,118,119,120,121,122,123,124,125,126,127,128,129,131,132,133,134,135,136,137,138,139,140,142,145,146,147,148,149,150,151,152,153,154,155,156,158,159,160,162,163,164,165,166,167,168,169,170,171,172,173,174,175,176,177,179,180,181,182,183,184,185,186,187,188,190,191,192,193,195,196,197,198,199,200,202,203,204,205,206,207,208,209,210,214,215,216,217,218,220,221,222,223,226,227,229,230,235,236,237,238,239,241,242,246,247,248,249,250,251,252,254,256,258,260,262,265,267,268,269,272,273,274,275,276,277,278,285,289,290,291,296,298,299,300,303,307,308,315,318,320,322,324,330,333,348,386,403,417,466
25,35,62,64,65,66,69,70,72,73,74,75,76,77,78,79,80,81,82,83,84,85,86,87,88,89,90,91,92,93,94,95,96,97,98,99,100,101,103,104,105,106,107,108,109,110,111,112,113,114,115,116,117,118,119,120,121,122,123,124,125,126,127,128,130,131,132,133,134,135,136,137,138,139,140,141,142,143,145,146,147,148,149,150,151,152,153,155,156,157,158,159,160,161,162,163,164,165,166,167,168,169,171,172,173,174,175,176,177,178,179,180,181,182,183,184,185,186,187,188,190,191,192,193,194,195,196,197,198,199,200,201,202,203,204,205,206,207,209,210,212,213,214,215,216,218,219,220,221,222,223,224,225,227,229,231,232,233,234,235,236,238,239,240,244,247,248,252,253,254,256,258,260,262,266,268,269,270,271,275,279,280,281,282,286,287,288,289,295,307,313,316,319,331,332,334,336,350,352,357,389,436,451,551
26,40,60,62,66,67,68,72,73,74,75,76,77,79,80,81,82,83,84,85,86,87,88,89,90,91,92,93,94,95,96,97,98,99,100,101,104,105,106,107,108,109,110,111,112,113,114,115,117,118,120,121,122,123,124,125,126,128,129,130,131,133,134,135,136,137,138,139,140,141,142,143,144,145,146,148,149,150,151,152,153,154,155,156,158,159,160,161,162,164,165,166,167,168,169,170,171,173,174,175,177,178,179,180,181,183,184,185,186,187,188,189,190,191,192,193,194,195,197,198,199,200,201,202,203,204,205,206,207,208,211,212,213,214,215,216,217,218,220,221,222,223,224,225,226,228,229,232,233,235,236,239,240,244,245,247,248,249,250,252,253,255,256,266,267,268,273,274,275,278,280,282,285,289,292,293,294,295,297,301,303,304,306,307,309,311,313,314,319,327,338,342,353,356,357,360,367,368,374,387,492,587
27,64,68,71,72,75,76,77,78,79,80,81,82,84,85,86,87,88,89,90,91,92,93,95,96,97,98,99,100,101,102,103,104,105,106,107,108,109,110,111,112,113,114,115,116,117,118,119,120,121,122,123,124,126,127,129,130,131,132,133,134,135,136,137,138,139,140,141,142,143,144,145,147,149,150,151,154,155,156,158,159,160,161,162,163,166,168,169,170,171,172,173,174,175,176,177,178,179,180,182,183,184,185,187,188,189,190,191,192,193,194,195,196,197,198,199,200,202,203,204,205,207,210,211,212,213,214,216,218,219,220,223,224,225,226,228,229,230,231,232,233,234,235,236,239,240,241,243,244,245,247,250,252,253,257,258,259,261,262,264,266,267,268,269,271,272,274,275,276,279,280,282,284,286,288,290,291,294,297,309,310,311,316,320,325,334,335,342,353,374,382,383,405,423,435,460,462,502
28,63,68,69,70,72,75,76,77,78,80,81,82,83,84,85,86,87,88,89,90,91,92,93,94,95,96,97,98,99,100,102,103,105,106,107,108,109,111,112,113,114,115,116,117,119,120,122,124,126,127,128,129,130,131,132,133,134,137,138,139,141,142,143,144,145,148,149,151,152,153,154,155,156,157,158,159,160,161,165,166,167,168,169,170,171,172,173,175,177,178,179,180,181,182,183,184,185,186,187,189,190,191,192,193,194,195,196,197,198,199,200,202,203,204,205,206,207,208,209,210,214,216,217,218,219,220,221,222,223,224,225,226,227,228,229,230,231,232,233,234,236,237,242,244,245,246,248,250,251,253,254,257,259,260,262,263,264,267,269,271,273,274,276,279,282,286,287,288,290,291,292,293,295,296,297,298,301,304,308,309,311,314,315,325,328,330,333,348,353,371,384,396,412,427,696
29,72,76,79,80,81,82,85,86,87,89,91,93,94,95,96,99,100,101,102,103,104,106,107,108,109,110,111,112,113,114,115,116,117,119,120,121,124,125,126,128,129,130,131,132,133,134,135,136,137,138,139,140,142,143,145,146,147,148,149,150,151,152,153,155,156,157,159,160,161,162,163,164,165,166,168,169,171,174,175,176,177,179,180,181,182,183,184,185,187,188,190,191,192,193,194,197,198,201,203,204,205,206,207,208,209,214,216,220,221,223,224,226,227,228,229,231,233,234,238,241,242,243,244,246,247,248,249,251,252,256,258,259,260,261,262,264,265,266,269,270,271,272,277,281,283,284,287,288,290,294,297,299,305,307,309,310,312,313,314,318,320,322,332,333,355,357,358,397,473
30,57,68,69,71,73,75,76,77,80,81,83,84,86,87,88,90,92,93,94,95,96,97,98,99,100,102,103,104,106,108,109,110,111,112,114,115,116,118,119,122,123,125,127,128,129,130,131,132,134,135,138,139,145,147,149,150,151,153,154,155,156,157,159,161,162,164,165,166,168,169,170,171,172,173,174,175,176,177,178,180,181,182,183,184,187,188,189,190,191,192,193,194,195,196,197,198,199,201,202,203,204,205,206,207,208,209,210,211,212,213,215,216,217,219,220,221,223,224,226,227,228,230,231,232,233,235,238,239,240,241,244,245,247,248,249,250,251,252,253,255,256,257,258,260,262,264,267,272,273,274,275,276,277,278,279,280,281,282,283,284,285,286,289,292,293,294,296,297,299,300,303,306,309,311,312,315,317,320,332,334,335,342,345,354,356,359,362,368,375,388,392,394,400,414,475,481,528
31,74,77,78,79,80,81,83,84,86,88,89,90,91,92,93,95,96,97,98,99,100,101,102,103,104,105,107,108,110,111,112,113,114,115,116,117,120,121,122,123,124,126,127,128,130,131,132,134,135,136,137,138,139,140,141,144,147,148,152,154,156,159,160,161,167,169,170,172,175,176,177,178,179,180,182,183,184,185,187,188,189,190,191,193,194,195,196,197,198,199,200,202,203,204,206,207,208,211,212,213,214,215,216,217,218,220,221,224,225,226,227,228,229,230,231,233,234,235,236,237,239,241,242,243,244,245,246,247,248,249,250,251,252,255,256,257,258,259,261,263,265,266,267,268,270,272,273,274,276,277,279,280,281,282,285,286,287,288,290,291,292,294,295,298,301,302,308,313,314,315,317,320,325,328,331,333,337,342,345,355,358,362,370,372,375,386,390,398,402,410,421,423,445,632,651
32,60,77,78,81,83,85,86,90,91,92,93,94,96,97,98,99,100,101,102,103,104,106,108,109,111,113,114,115,116,118,119,121,122,124,125,129,130,131,134,135,137,138,139,140,141,142,143,144,145,149,151,152,153,154,155,156,158,159,165,169,170,171,172,174,178,179,180,182,183,184,185,186,189,191,193,194,195,196,197,198,199,200,201,202,203,204,205,206,207,208,209,210,211,212,213,214,215,216,217,219,221,222,224,225,226,227,228,230,231,232,233,234,235,236,237,238,239,241,242,244,247,248,249,252,253,255,256,257,258,262,263,265,266,270,272,273,274,275,276,278,281,284,289,291,293,296,298,299,300,301,307,308,312,313,314,315,319,320,321,322,325,326,327,328,330,331,332,333,335,337,338,339,345,346,347,350,355,358,361,368,373,387,391,393,394,400,426,450,454,546,666
33,1,75,77,78,81,82,83,84,86,88,89,91,94,96,100,102,103,104,105,106,107,109,110,111,114,115,116,117,120,123,126,127,128,131,132,136,137,138,139,140,141,143,145,147,151,152,154,155,156,157,158,161,162,165,168,173,174,175,176,177,178,179,180,181,183,185,187,188,190,191,192,193,194,195,196,197,198,199,200,201,202,203,205,207,208,209,210,211,212,216,218,219,220,221,222,223,225,226,227,229,230,231,232,233,234,235,236,237,238,239,240,241,242,243,244,246,247,248,249,250,251,252,254,255,259,260,261,262,263,264,265,266,268,270,273,274,275,276,277,278,280,281,282,283,284,285,286,287,288,289,290,291,292,293,296,297,298,299,300,301,302,304,305,306,307,308,309,310,315,317,320,321,322,324,326,328,330,331,334,339,341,342,343,344,347,348,349,350,351,353,354,355,358,363,364,371,384,388,391,400,416,418,420,421,435,441,473,487,504,574,640
34,64,73,74,76,77,79,80,81,83,84,85,86,89,90,91,92,93,94,95,96,97,98,99,100,101,102,103,105,108,109,110,111,113,114,115,116,118,119,124,126,127,129,134,135,136,137,140,142,143,144,145,146,147,148,151,156,157,159,160,167,168,170,174,175,180,181,182,184,185,186,187,189,190,193,194,195,196,197,198,199,202,203,204,205,206,207,208,211,215,218,220,225,226,228,231,232,235,237,239,240,241,242,243,244,245,247,248,249,252,253,254,258,259,261,262,263,265,267,268,269,270,271,272,273,274,275,276,277,278,279,280,281,285,286,287,288,289,291,292,293,296,297,299,301,303,304,305,308,309,311,314,315,317,318,319,322,323,330,333,335,340,341,348,355,359,362,363,365,372,374,376,385,386,390,401,404,410,414,415,424,433,447,448,474,497
35,25,71,72,75,76,78,79,80,81,82,84,85,86,89,91,92,94,95,96,97,100,101,102,103,104,105,106,107,109,110,111,112,114,117,119,121,124,125,126,127,128,129,136,137,138,139,140,145,146,149,150,153,154,155,156,159,160,161,163,167,168,169,171,172,173,174,177,179,182,185,186,193,195,197,203,206,208,210,211,215,216,219,220,223,227,229,233,234,236,237,240,241,245,250,252,253,257,260,262,267,272,275,276,282,283,284,286,287,288,289,290,291,292,293,296,297,299,300,301,302,305,306,308,310,317,323,328,329,331,333,337,355,357,364,372,375,378,379,387,400,401,409,434,441,606,624,682
36,74,75,76,78,81,82,83,84,85,86,91,92,93,94,98,99,100,101,102,104,105,107,108,110,112,114,115,117,121,122,124,125,126,127,129,130,131,132,133,135,136,139,146,153,154,158,159,160,161,163,164,166,167,168,169,175,177,178,187,188,189,190,191,192,194,203,208,210,212,213,214,216,222,223,224,225,226,228,231,236,237,239,242,243,244,247,250,258,260,262,265,271,285,287,295,296,303,307,309,327,328,332,338,350,352,355,357,373,376,395,397,404,406,425,428,443,460
37,42,65,67,73,74,77,80,82,83,84,87,89,90,91,93,94,95,96,97,99,100,103,106,109,112,113,114,115,116,118,119,120,121,123,127,128,129,131,134,135,137,139,140,141,142,143,145,146,148,157,159,160,161,163,164,165,166,167,172,173,175,177,178,180,185,187,189,192,194,195,196,198,200,203,208,209,210,212,214,216,218,220,224,225,226,229,230,231,233,239,242,243,244,245,250,252,254,255,259,260,262,263,266,269,279,290,301,325,332,336,346,359,366,372,386,388,409,423,453,556
38,23,69,70,71,75,78,80,84,85,88,89,90,93,97,98,99,100,101,102,103,105,108,109,110,111,113,116,117,118,119,123,125,126,129,130,132,133,134,135,137,138,139,140,145,148,152,161,170,173,175,176,179,180,184,185,186,189,192,194,196,197,199,200,201,203,204,205,206,207,208,209,211,216,220,222,224,225,227,229,230,231,232,233,235,236,237,239,240,242,244,247,249,250,253,255,256,258,260,267,270,272,273,280,284,286,288,289,290,292,295,296,297,307,310,327,339,342,344,347,366,368,379,380,382,385,395,420,438,498,526,577,585,615
39,68,69,70,73,74,75,76,77,79,80,82,83,84,85,86,87,88,91,92,93,94,96,97,100,101,103,104,105,106,108,109,110,111,115,116,117,118,119,122,123,124,130,131,132,134,138,139,141,142,144,147,148,149,151,152,154,155,156,157,158,159,160,163,164,167,169,172,175,176,177,178,182,188,193,194,195,198,199,201,203,206,208,212,213,214,216,218,219,222,225,227,229,230,232,234,238,239,240,242,243,244,247,251,252,253,254,256,257,260,263,264,270,272,273,274,276,278,279,281,282,283,284,288,290,300,302,307,319,329,331,336,363,364,391,405,449,528,547,565,664
40,69,76,77,78,79,80,81,83,84,85,86,87,89,90,91,92,93,94,95,96,98,99,100,101,102,103,105,106,107,108,109,110,111,113,116,117,118,120,122,123,124,125,127,128,131,132,133,135,136,139,141,142,143,144,146,147,153,155,156,157,159,162,168,169,172,175,178,182,183,190,195,198,199,200,201,204,206,209,211,214,220,221,222,224,229,231,234,235,236,239,240,243,244,248,252,254,256,258,260,261,263,268,273,280,284,292,296,299,315,316,327,330,332,336,339,345,352,359,360,372,373,374,376,377,380,385,409,447,474,550,579,620,654
41,70,71,73,74,75,76,79,80,83,84,85,86,87,90,91,92,93,94,95,96,97,98,99,100,101,102,103,104,105,107,108,109,111,112,113,116,118,119,120,121,122,126,127,128,129,130,131,135,137,138,140,141,142,143,144,145,146,152,153,154,155,156,158,159,161,162,164,165,168,169,171,173,174,177,183,190,203,205,207,211,213,218,219,221,224,225,230,231,234,235,236,237,238,239,241,242,247,248,250,255,256,261,262,265,270,272,275,278,282,284,286,290,295,297,309,311,324,325,328,330,335,341,353,357,359,364,365,381,386,389,391,392,400,605,646,659
42,67,71,76,77,81,83,84,86,87,88,91,92,93,94,95,98,99,101,103,104,105,106,107,108,110,111,112,113,114,115,117,119,121,123,125,126,128,131,132,134,137,138,139,140,142,145,147,148,149,154,156,157,160,162,164,166,167,171,178,183,184,185,190,191,192,195,196,199,202,204,205,209,211,221,223,224,227,232,233,234,235,236,239,240,241,242,243,246,248,250,251,252,253,254,260,261,262,265,267,268,274,281,285,286,289,292,293,294,302,305,307,308,311,318,320,325,327,335,336,341,350,353,361,365,367,372,373,376,379,437,498,524,556
43,48,69,70,73,75,77,78,79,81,83,84,86,87,89,90,91,93,95,99,103,104,106,107,109,110,112,113,114,115,117,118,119,121,123,124,125,126,127,129,130,132,134,135,136,137,139,141,143,145,146,147,148,149,152,154,155,156,157,158,160,163,164,167,169,170,171,173,174,176,177,180,183,188,189,192,193,196,197,198,200,201,202,203,205,207,209,218,220,225,226,227,228,229,231,232,233,237,249,251,252,253,258,259,264,265,270,272,274,281,288,293,297,299,301,303,314,321,331,339,355,357,358,362,373,375,388,434,468,509,656
44,61,65,67,70,77,78,79,80,81,84,85,87,88,89,91,92,93,95,96,98,99,100,102,103,104,105,106,108,109,110,111,113,115,116,117,119,120,122,123,124,128,130,131,134,136,137,139,140,142,152,153,159,162,163,165,172,174,175,176,178,179,180,182,188,190,193,199,200,201,203,204,205,211,212,213,219,220,221,223,225,226,227,230,235,236,237,238,239,240,241,243,244,248,250,251,252,253,260,272,274,278,283,286,295,303,310,312,322,328,339,345,346,350,372,373,487,492,525,660
45,65,70,73,75,76,77,78,79,81,82,83,85,87,88,90,91,93,94,96,98,99,100,101,103,104,107,108,109,110,115,117,120,121,122,125,126,127,128,129,130,132,133,134,136,140,141,142,143,146,149,152,153,154,160,164,171,181,182,189,191,200,201,202,203,204,205,207,209,210,211,213,215,220,225,226,230,233,236,237,238,244,245,246,248,251,256,268,269,270,271,279,282,289,306,318,319,320,324,335,356,377,405,468,582
46,69,71,78,80,83,84,85,86,89,90,92,93,95,96,97,101,103,105,106,107,108,112,114,118,121,122,123,131,133,135,137,138,142,143,144,146,148,149,153,154,156,157,159,162,163,164,165,174,177,178,183,184,186,188,190,193,196,197,200,202,203,204,205,206,210,212,219,225,227,230,236,237,243,244,248,249,250,253,262,275,279,280,286,290,299,303,313,318,327,343,354,378,493,657
47,9,57,72,75,77,79,81,84,85,86,87,88,89,90,91,92,93,94,95,96,98,100,102,103,104,106,107,109,110,111,112,113,114,118,119,120,122,123,124,125,126,128,129,133,135,139,140,141,143,145,148,151,154,158,160,168,170,174,182,189,192,198,202,204,206,208,218,219,221,231,232,233,235,244,245,254,261,265,267,268,269,271,275,276,277,284,295,311,316,332,349,350,351,359,386,389,396,474,481,522
48,79,83,85,86,89,90,93,95,96,98,100,101,102,103,108,109,110,111,115,119,123,126,127,133,135,139,140,141,144,147,150,151,153,159,174,175,182,187,191,193,200,202,205,210,214,215,220,221,223,225,226,228,232,235,237,239,240,245,260,278,295,327,333,352,555,650
49,80,83,85,90,92,95,97,98,99,100,102,104,109,112,113,114,116,120,123,124,126,127,129,130,132,134,135,137,138,140,146,150,151,155,156,177,178,181,182,191,193,197,198,201,222,225,230,241,242,245,246,249,253,254,262,263,269,278,283,284,350,572,641,659,668
50,16,90,91,92,93,95,97,98,100,101,102,103,104,105,107,118,120,122,126,127,132,134,135,137,139,144,155,164,176,188,189,191,197,222,223,230,249,267,281,305,309,345,381,500,536,692
51,89,90,93,97,98,100,102,103,104,105,108,110,111,115,116,118,119,121,123,124,125,132,136,140,153,206,218,221,225,253,263,279,314,350,487
52,94,101,103,107,110,112,113,116,120,121,122,123,127,129,130,132,133,135,139,140,144,148,152,162,165,170,216,224,270,397,400,464,559,638
53,4,101,107,108,116,123,127,131,136,142,146,151,155,163,164,168,171,183,296,481,697
54,37,82,126,132,133,134,136,145,167,259,446,555
55,135,265,447,587,594,660
56,518,646,679
57,41,253,348,567
58,136,441,636,681,690,691
59,11,48,327,351,376,444,611
60,75,391,530,612
61,328,357
62,13,139,306
63,197,644
64,
65,
66,
67,
68,
69,
70,
71,
72,
73,
74,
75,
76,
77,
78,
79,
80,
81,
82,
83,
84,
85,
86,
87,
88,
89,
90,
91,
92,
93,
94,
95,
96,
97,
98,
