14
0,36
1,16,41,45,47,52,58,68,71,77,79,109,112,643
2,49,55,69,76,123,127,196,434,483,611
3,59,80,160,193,347,445,597
4,109,272,443,518,560,598,601
5,47,105,222,370,586
6,75,158,542,584,621
7,50,188,212,690
8,108,477,552,557,589,634
9,183
10,157,163,290,337,506,513,576
11,23,205,305,470
12,72,227,357,372,400,411
13,389,409,444
14,46,215,495,638
15,14,88,175,340,379
16,44,313
17,80,177,345,366,428,631
18,76,101,119,277,318,559,660
19,32,35,41,43,47,56,104,155,194,197,298,306,355,466,617
20,16,27,32,33,34,35,36,37,38,40,41,44,50,52,55,63,70,158,173,221,316,355,363,603,634
21,17,18,26,30,32,34,35,36,37,38,39,40,41,42,43,44,45,46,47,48,49,50,51,52,53,54,55,56,57,58,59,60,61,62,63,64,65,66,67,68,69,70,72,73,74,75,76,77,78,79,84,99,142,284,532,547,627,675
22,15,22,24,25,29,30,31,32,33,34,35,36,37,38,39,40,41,42,43,44,45,46,47,48,49,50,51,52,53,54,55,56,57,58,59,60,61,62,63,64,65,66,67,68,69,70,71,72,73,74,75,76,77,78,79,80,81,82,83,84,85,86,89,90,92,93,94,95,96,97,98,103,106,108,109,110,114,115,124,130,134,137,434,458,536,572,665
23,29,33,34,35,36,37,38,39,40,41,42,43,44,45,46,47,48,49,50,51,52,53,54,55,56,57,58,59,60,61,62,63,64,65,66,67,68,69,70,71,72,73,74,75,76,77,78,79,80,81,82,83,84,85,86,87,88,89,90,91,92,93,94,95,96,97,98,99,100,101,102,103,104,105,106,107,108,109,110,111,112,113,114,115,116,117,118,119,120,121,122,123,124,125,126,127,128,129,130,131,132,133,134,135,136,137,138,139,140,141,142,143,144,145,146,147,148,149,150,152,153,154,156,157,159,162,163,164,166,171,175,178,182,188,191,193,206,272,288,311,333,409,417,422,430,432,436,442,469,496
24,24,26,29,30,31,33,34,35,36,37,38,39,40,41,42,43,44,45,46,47,49,50,51,52,53,54,55,56,57,58,59,60,61,62,63,64,65,66,67,68,69,70,71,72,73,74,75,76,77,78,79,80,81,82,83,84,85,86,87,88,90,91,92,93,94,95,96,97,98,99,100,102,103,104,105,106,107,108,109,110,111,112,113,114,116,117,118,119,120,121,122,123,124,125,126,127,128,129,130,131,132,133,134,135,136,137,138,139,140,141,142,143,144,145,146,147,148,149,150,151,152,153,154,155,156,157,158,159,160,161,162,163,164,165,166,167,168,169,170,171,172,173,174,175,176,177,178,179,180,181,182,183,184,185,186,187,188,189,190,191,192,193,194,195,196,197,198,199,200,201,202,203,204,205,206,207,208,209,210,211,212,213,214,215,216,217,218,219,220,221,222,223,224,225,226,227,228,229,230,231,232,233,234,235,236,237,238,239,242,243,244,245,247,248,249,250,251,253,254,255,256,259,260,261,262,263,264,265,268,269,272,273,274,275,280,296,305,319,371,406,555
25,24,25,26,28,29,30,31,32,34,35,36,37,38,39,40,41,42,43,44,45,46,47,48,49,50,51,52,53,54,55,56,57,58,59,60,61,63,64,65,66,67,69,70,71,72,73,74,75,76,77,79,80,81,82,83,84,85,86,87,88,89,90,91,92,93,94,95,96,97,98,99,100,101,102,103,104,105,106,107,108,109,110,111,112,114,115,116,117,118,119,120,121,122,123,124,125,126,127,128,129,130,131,132,133,134,135,136,137,138,139,140,141,142,143,144,145,146,147,148,149,150,151,152,153,154,155,156,157,158,159,161,162,163,164,165,166,167,168,169,170,171,172,173,174,175,176,177,178,179,180,181,182,183,184,185,186,187,188,189,190,191,192,193,194,195,196,198,199,200,201,202,203,204,205,206,207,208,209,210,211,212,213,214,215,216,217,218,219,220,221,222,223,224,225,226,227,228,229,230,231,232,233,234,235,236,237,238,240,243,245,247,249,250,251,252,253,255,256,257,258,259,262,264,268,271,273,274,281,282,285,287,288,292,293,297,299,303,304,307,308,312,314,315,320,322,323,325,327,328,330,346,348,351,353,357,383,450,453,461,531,545
26,24,25,26,27,28,29,30,31,32,33,34,35,36,37,38,40,41,42,43,44,45,46,47,48,49,50,51,52,53,54,55,56,57,58,59,60,61,62,63,64,65,66,67,68,69,70,71,72,73,74,75,76,77,78,79,80,81,82,83,84,85,86,87,88,89,90,91,92,93,94,95,96,97,98,99,100,101,102,103,104,107,108,109,110,111,112,113,114,115,117,118,120,122,123,124,125,126,127,128,129,130,131,132,133,134,135,136,137,138,139,140,141,142,143,144,145,146,147,148,149,150,151,152,153,154,155,156,157,158,159,160,161,162,163,164,165,166,167,168,169,170,171,172,173,174,175,176,177,178,179,180,181,182,183,184,185,186,187,188,189,190,191,192,193,194,195,196,197,198,199,200,201,202,203,204,205,206,207,208,209,210,211,212,213,214,215,216,217,218,219,220,221,222,223,224,225,226,227,228,229,230,231,232,234,235,236,237,239,240,241,242,245,246,248,249,250,252,253,254,255,256,257,258,259,260,261,262,263,267,271,272,273,275,276,278,280,281,287,289,290,291,293,294,322,325,326,336,337,339,362,370,374,675
27,22,24,28,30,31,32,33,34,35,36,37,38,39,40,41,42,43,44,45,46,47,48,49,50,51,52,53,54,55,56,57,58,59,60,62,63,65,66,67,68,69,70,71,72,73,74,75,76,77,79,80,81,82,83,84,86,87,88,89,90,91,92,93,94,95,96,97,98,99,100,101,102,103,104,105,106,107,108,109,110,111,112,113,114,115,116,117,118,119,120,121,122,123,124,125,126,127,128,129,130,131,132,133,134,135,136,137,138,139,140,141,142,143,144,145,146,147,149,150,151,152,153,154,155,156,157,158,159,160,161,162,163,164,165,166,167,170,171,173,174,176,178,180,181,182,183,184,187,188,190,191,192,193,194,195,196,197,198,199,200,201,203,204,207,210,213,214,216,218,221,222,223,225,227,229,231,232,233,234,237,240,241,245,247,248,249,252,253,263,264,266,268,270,271,272,274,277,278,280,281,284,285,291,293,294,296,297,300,301,305,308,309,310,312,313,320,369,412,520,631,639
28,19,22,23,24,28,29,30,32,33,34,35,36,38,39,40,41,44,45,46,48,49,50,51,52,53,54,55,56,57,58,59,60,61,62,63,64,65,66,67,68,69,70,71,72,73,74,75,76,77,78,79,80,81,82,83,84,85,86,87,88,89,92,93,94,95,96,97,98,99,100,101,102,103,104,105,106,107,108,110,111,112,113,114,115,117,118,119,120,121,123,124,125,127,129,130,131,132,133,134,135,136,138,140,141,143,144,145,146,147,148,149,150,151,152,153,154,155,156,157,158,159,160,161,162,163,164,166,167,168,169,170,171,172,173,174,175,176,177,178,179,180,181,183,184,186,187,188,192,193,195,196,197,198,199,200,201,202,203,205,206,209,210,211,212,213,215,216,218,219,220,222,223,225,226,227,228,231,234,235,236,237,238,241,242,243,244,247,248,250,252,253,254,255,256,258,260,261,262,263,264,266,267,272,277,278,280,285,287,307,309,330,340,351,370,449,459,482,563,581
29,8,24,26,29,31,32,35,36,37,38,39,40,41,42,43,45,46,48,49,51,52,53,55,57,58,61,62,63,64,65,66,67,68,70,71,72,73,74,75,76,78,79,80,81,82,83,84,85,86,87,88,89,90,91,92,93,94,95,96,97,99,100,101,102,103,104,105,106,107,108,109,110,111,112,113,114,116,117,118,119,120,121,122,123,124,125,126,127,128,129,130,131,132,133,134,135,136,138,139,140,141,142,143,144,145,146,147,148,150,151,152,154,155,156,157,158,159,160,161,162,163,164,165,166,167,168,169,170,172,173,175,176,177,178,179,181,183,184,186,188,190,191,192,193,197,198,204,205,207,211,213,214,215,218,221,226,229,233,235,236,239,240,242,245,248,252,253,255,257,261,263,265,269,270,272,275,277,280,283,286,290,292,298,299,302,313,316,323,324,328,329,330,333,337,352,356,375,477,559
30,21,22,24,28,31,32,36,37,38,39,40,41,42,44,45,46,47,48,49,50,51,52,53,54,55,56,57,58,59,60,61,62,63,64,65,66,67,68,69,70,71,73,74,75,76,77,78,80,83,84,85,86,87,89,90,91,94,96,97,98,99,100,101,102,103,104,105,108,110,111,112,115,116,119,121,122,124,125,127,128,129,131,132,133,134,136,137,138,139,140,141,142,143,145,146,147,148,149,150,151,152,153,154,155,156,157,158,159,160,161,162,163,164,165,167,168,170,171,172,173,175,176,177,178,179,180,181,182,184,185,187,188,189,190,191,193,194,195,196,197,198,199,200,201,203,205,206,207,208,209,210,211,212,213,215,219,220,222,223,225,226,227,228,229,230,233,234,236,237,239,241,243,244,245,246,248,252,253,255,258,268,270,271,275,277,284,290,296,306,318,324,357,382,452,657
31,25,28,29,30,34,35,36,37,38,39,40,41,42,43,44,45,46,47,48,49,50,51,52,53,54,55,56,58,59,60,61,62,64,65,66,67,68,69,70,71,72,73,74,75,76,77,78,79,80,81,82,83,84,85,86,87,88,89,90,91,92,93,94,95,96,97,98,99,101,102,103,104,105,106,107,108,111,112,113,114,115,116,117,118,119,120,122,123,124,125,126,127,128,130,131,132,133,135,136,137,138,139,140,141,142,143,144,145,147,148,149,150,151,152,153,154,155,156,157,159,162,163,165,166,167,168,173,174,176,177,179,180,181,182,183,185,186,188,190,192,194,195,200,201,202,203,205,207,208,211,212,214,215,216,217,218,221,222,224,225,226,227,230,231,234,237,238,239,240,241,242,243,244,246,247,249,251,252,255,256,257,258,260,265,266,269,272,274,277,279,280,281,282,284,285,286,287,288,289,292,294,298,299,320,325,332,336,378,381,398,455,460,561,599
32,23,29,31,32,34,35,36,38,40,42,43,44,45,46,47,48,49,50,51,52,53,54,55,56,57,58,59,60,61,62,63,64,65,66,67,68,69,71,72,73,74,75,76,77,79,80,81,82,83,84,85,86,87,88,89,90,91,92,93,94,95,96,98,99,100,101,102,104,106,108,109,110,111,113,114,115,116,119,120,121,122,123,124,125,128,129,130,131,132,133,134,135,136,137,138,139,140,141,142,143,144,145,146,147,148,149,150,151,152,153,155,156,157,159,163,164,165,166,167,168,170,171,172,173,174,176,177,178,179,180,181,182,183,184,185,186,187,188,189,190,191,192,193,194,195,196,198,199,200,202,204,205,206,208,212,213,214,215,216,217,220,223,224,225,228,230,231,237,238,239,240,241,242,245,249,252,256,259,262,264,267,268,269,271,274,279,280,282,284,289,290,295,296,297,301,303,304,309,314,324,330,332,360,404
33,27,31,36,38,39,41,42,44,45,46,47,48,49,50,51,52,53,54,55,56,57,58,59,60,61,62,64,65,66,67,68,69,70,71,72,73,74,76,77,78,79,80,81,82,83,84,85,86,88,89,90,91,92,93,94,95,96,97,98,99,101,102,103,104,105,107,109,111,112,115,116,118,119,121,122,123,124,126,127,129,130,131,132,133,134,135,136,137,138,139,140,143,144,145,146,147,148,149,151,152,153,154,156,157,158,159,160,161,163,164,165,166,167,168,169,170,171,172,173,174,175,176,177,178,179,180,182,186,187,188,189,190,191,193,195,197,199,200,201,202,203,204,205,206,207,209,211,213,214,216,217,219,222,224,226,227,228,230,231,232,233,235,237,238,240,241,242,243,244,245,246,247,248,249,252,253,254,257,258,259,260,264,266,267,269,270,271,272,273,274,275,278,281,282,285,288,289,292,295,297,299,302,306,307,308,309,315,317,319,320,323,325,326,328,336,343,345,346,348,353,358,370,384,478,497,499,542,581,617
34,32,34,36,37,39,42,44,45,47,48,49,50,51,52,53,54,55,56,57,58,59,60,61,62,63,64,65,66,67,68,69,70,71,72,73,74,75,76,77,78,79,80,81,82,83,85,86,87,88,89,90,91,92,93,95,96,98,99,100,101,102,103,104,105,106,107,109,110,111,115,116,117,118,120,121,122,123,125,126,127,128,129,130,131,132,133,134,135,136,137,138,139,140,141,142,143,145,147,148,149,150,151,152,153,154,155,156,158,159,160,161,162,163,164,165,166,167,168,169,170,171,172,173,174,175,176,177,178,179,180,181,182,184,185,186,187,188,189,190,191,192,195,196,197,198,199,200,201,202,203,204,205,206,208,209,210,212,213,214,215,217,218,219,220,221,222,223,225,226,228,230,232,235,236,237,239,240,241,242,247,248,250,251,254,255,257,258,259,261,262,265,267,270,271,273,274,276,278,279,281,282,285,289,292,293,295,298,301,302,305,306,307,308,310,314,316,328,335,339,342,345,353,354,391,422,690
35,38,39,40,41,42,44,45,46,47,48,49,50,51,52,53,54,55,57,58,60,61,62,63,64,65,66,67,68,69,70,71,72,73,74,75,76,77,78,79,80,81,82,83,84,85,86,87,88,89,90,91,92,93,94,95,96,97,99,100,101,102,103,104,105,106,107,108,109,110,111,114,115,116,119,120,121,122,123,125,126,127,129,130,132,133,135,136,137,138,139,140,143,146,147,148,149,151,152,154,155,156,157,158,159,160,161,162,164,165,167,168,169,170,171,172,173,174,175,176,177,178,179,180,181,182,183,184,185,186,187,188,189,190,191,192,193,194,195,196,197,198,199,200,201,202,203,204,205,206,207,208,209,210,211,212,213,215,216,217,218,219,220,221,222,224,225,227,228,229,231,232,233,234,235,236,237,238,239,241,242,243,244,245,246,247,248,249,250,251,252,253,254,255,256,257,258,259,260,261,262,263,264,265,266,269,270,271,272,273,274,275,276,277,278,279,282,284,285,286,287,289,290,291,292,293,294,296,297,299,300,301,302,303,304,305,306,307,308,309,313,315,316,320,321,322,324,325,329,330,336,339,341,342,345,348,351,352,353,355,359,365,369,372,373,375,388,389,397,418,420,425,437,438,457,469,473,547
36,20,22,37,39,40,43,45,46,48,49,50,51,52,53,54,55,56,57,58,59,60,61,63,64,65,66,67,68,69,71,72,73,75,76,77,78,79,80,81,82,83,84,85,86,87,88,89,90,91,92,93,95,96,97,99,101,103,104,105,106,107,109,111,112,113,114,117,118,121,122,128,129,130,134,135,137,139,140,141,142,143,144,145,146,147,148,149,150,151,152,153,154,155,156,157,158,160,161,162,163,164,165,166,167,168,169,170,171,172,173,174,175,176,177,178,179,180,181,182,183,184,185,186,187,188,189,190,191,192,193,194,195,196,197,198,199,200,201,202,203,204,205,206,207,208,209,210,211,212,213,214,215,216,218,220,221,222,223,224,225,226,227,228,229,230,231,232,233,234,236,237,238,239,240,241,242,243,244,245,246,247,248,249,250,251,252,254,255,256,260,261,262,263,264,265,266,268,269,270,271,273,274,275,276,277,278,279,280,282,285,286,287,289,290,291,292,293,294,295,297,298,299,304,305,306,307,311,312,313,314,315,317,318,319,321,323,324,326,329,330,332,333,339,345,348,350,351,353,365,366,374,376,377,392,403,408,412,422,427,433,441,447,458,501,513,619,633
37,34,39,43,45,46,47,48,49,50,51,52,53,55,57,58,59,60,61,62,63,64,65,66,67,68,69,70,71,72,73,74,75,76,77,78,79,80,81,82,83,84,85,86,87,88,89,90,91,92,93,94,95,96,97,98,99,100,101,102,103,105,107,108,109,110,112,114,115,116,117,119,120,121,127,133,135,136,137,139,140,141,142,145,146,148,149,150,151,152,153,154,157,158,159,160,161,163,164,165,166,167,169,170,172,173,174,175,177,178,179,180,181,182,183,184,185,186,188,189,190,191,192,193,194,195,196,197,198,199,200,201,202,203,204,205,206,207,208,209,210,211,212,213,214,215,216,217,218,219,220,221,222,223,224,225,226,227,228,229,230,231,232,233,234,235,236,237,238,239,240,241,242,243,244,245,246,248,249,250,252,253,254,255,256,257,258,259,260,261,262,263,264,265,268,269,270,271,272,273,274,275,276,277,278,279,281,282,283,284,287,289,290,291,292,293,295,296,297,300,301,302,303,304,305,306,307,308,309,310,311,312,313,314,315,316,317,318,319,320,321,322,324,325,326,327,328,330,331,332,333,334,335,338,339,340,341,342,343,344,345,346,348,350,351,352,353,354,355,356,357,359,361,371,374,376,378,380,385,386,391,394,410,414,421,432,463,465,482,494,508,516,534,538,600
38,42,45,46,48,50,51,52,53,54,55,56,57,59,60,61,62,63,64,65,66,67,68,69,70,71,72,73,74,75,79,80,81,82,83,84,85,86,88,89,90,92,93,94,95,97,98,99,100,101,103,104,105,106,107,109,110,111,112,113,115,116,117,118,119,120,121,122,123,124,125,126,127,129,134,138,143,145,146,147,148,149,150,151,153,155,157,158,159,160,162,165,166,168,170,171,172,174,176,177,178,180,181,182,183,184,185,186,187,189,190,191,192,193,194,195,196,197,198,199,200,201,202,203,204,205,206,207,208,210,211,212,214,215,216,217,218,219,220,222,223,224,228,230,233,234,235,237,238,239,240,241,242,243,245,246,249,250,251,252,253,254,255,258,259,260,261,264,266,267,268,269,270,273,275,277,278,279,280,282,283,285,286,289,293,296,297,298,300,302,304,305,306,308,310,311,314,318,320,322,325,327,330,332,334,337,338,339,341,344,347,348,349,350,352,354,355,357,365,366,377,378,390,394,396,400,402,404,405,406,410,411,416,428,431,434,436,442,446,455,456,484,624,687
39,29,34,36,39,40,41,43,44,45,46,49,50,51,52,53,54,55,57,58,59,60,61,62,63,64,65,66,67,68,70,71,72,73,75,76,77,78,80,81,82,83,84,85,86,87,88,89,90,91,92,93,94,96,97,99,100,101,102,103,104,105,106,107,108,109,110,111,112,113,114,115,116,117,118,119,120,121,122,123,124,125,126,128,134,136,137,139,141,142,144,146,148,149,151,153,154,155,159,161,162,165,166,168,169,170,171,172,175,177,179,181,182,184,185,186,187,189,191,194,195,200,201,202,204,205,206,207,209,210,211,212,213,214,215,216,217,218,219,220,222,224,226,227,229,230,231,232,233,234,235,236,237,238,239,240,241,242,245,246,248,249,250,251,253,254,255,256,257,259,261,262,264,265,267,268,269,271,272,273,274,275,277,278,279,280,282,283,284,285,286,287,292,293,294,295,296,298,301,302,303,307,308,310,311,313,315,318,321,324,326,330,332,333,336,341,345,346,347,348,353,355,361,364,368,369,370,373,375,377,379,380,381,382,383,384,386,387,388,390,391,393,394,397,399,400,401,402,404,412,421,424,425,426,427,430,433,435,437,439,444,448,453,455,460,461,466,485,494,502,533,647,661
40,41,42,45,46,48,49,50,52,54,55,56,60,61,62,63,64,65,66,67,68,69,70,71,72,73,74,75,76,77,78,79,80,81,82,83,84,85,86,87,88,90,92,93,94,95,96,98,99,100,102,104,105,106,108,110,111,113,114,118,119,121,122,123,124,125,127,128,131,132,142,143,147,148,150,154,155,156,157,158,159,160,161,162,170,171,173,174,176,177,178,179,182,184,185,187,189,190,191,192,194,195,196,197,198,199,201,202,203,204,205,206,207,209,210,211,212,213,214,216,220,222,224,226,227,229,231,233,234,235,236,237,239,240,241,242,243,245,246,247,249,251,253,254,255,256,258,259,260,262,263,264,266,267,268,269,275,276,278,279,280,281,283,284,286,287,289,291,292,293,294,297,300,305,306,307,308,309,313,315,316,319,321,322,325,326,334,337,341,343,344,349,350,353,355,357,358,359,369,371,376,384,388,389,393,397,404,415,425,431,432,434,451,453,487,505,508,526
41,42,44,45,46,47,48,49,50,51,53,54,55,56,57,58,59,60,61,62,63,64,65,66,68,70,72,74,75,76,77,79,80,81,82,83,84,85,86,87,91,92,93,94,95,96,97,99,100,101,102,103,104,106,107,108,109,110,111,112,113,114,115,116,117,118,119,120,121,122,123,125,126,127,128,129,131,132,134,135,137,142,143,146,149,151,153,154,159,161,162,163,164,165,167,169,171,172,174,176,177,179,181,183,184,185,186,187,189,190,191,194,196,197,198,201,202,206,207,209,211,215,218,222,223,224,225,226,227,229,230,231,232,235,236,238,239,240,241,242,245,246,247,249,252,253,254,256,257,258,260,265,267,268,269,270,271,272,273,276,278,282,283,284,285,287,288,289,290,292,293,294,300,301,302,303,304,307,308,310,312,313,314,315,317,319,321,322,323,324,325,326,327,328,329,330,331,332,333,335,336,337,338,339,344,346,351,352,353,355,357,358,359,360,364,365,370,371,372,373,374,379,380,381,383,384,385,392,393,398,412,413,415,430,442,446,454,459,467,479,576,630,631
42,39,45,47,48,49,50,54,56,57,58,59,60,64,65,67,68,69,71,72,73,74,75,76,77,78,79,80,81,82,83,84,85,86,87,88,90,91,92,93,94,95,96,97,98,99,100,101,102,103,104,105,106,108,109,112,114,117,120,122,130,132,138,143,146,148,153,157,158,160,161,162,171,174,177,179,180,182,184,187,188,191,193,196,198,200,201,202,203,204,206,207,210,214,215,217,220,221,227,229,231,232,233,235,236,237,238,239,240,242,243,244,245,246,247,248,249,250,251,252,253,255,256,257,259,260,261,263,264,267,268,269,272,274,275,277,278,279,280,281,283,284,285,286,288,289,290,291,293,294,295,296,297,299,302,304,306,307,309,310,311,313,315,318,319,320,322,324,325,328,331,334,335,336,337,338,339,340,341,343,344,345,346,348,350,351,353,354,355,356,357,358,359,360,365,369,370,372,373,374,375,376,377,379,380,383,386,387,391,395,396,399,406,407,413,415,421,423,431,441,486,488,683,691
43,46,47,48,49,50,53,54,55,56,57,58,59,60,61,62,63,64,65,66,67,68,69,70,71,72,73,74,75,77,78,80,82,84,85,86,87,88,89,90,91,92,93,94,97,98,99,100,101,102,103,104,106,107,109,111,112,113,114,115,116,117,118,120,122,123,124,125,126,128,132,140,143,144,146,147,155,159,160,163,164,167,171,172,175,177,179,184,186,189,192,193,194,198,200,201,202,203,207,208,209,210,212,215,216,217,218,220,221,222,223,225,227,229,230,231,233,234,235,236,237,239,240,241,242,250,252,253,254,256,258,259,261,263,268,270,273,275,276,277,278,280,281,282,291,294,298,299,300,301,303,307,308,309,318,319,320,324,327,328,330,332,336,337,342,343,344,345,346,347,350,351,352,359,361,369,377,379,384,392,401,405,409,412,415,427,445,470,679
44,42,44,46,47,48,49,50,51,52,53,54,55,56,59,61,64,69,71,74,75,76,77,79,80,82,84,85,86,87,88,89,90,91,93,94,95,97,99,100,101,103,104,105,106,108,110,111,112,113,114,115,116,117,118,119,120,121,124,125,126,127,128,132,135,141,147,150,151,152,153,155,156,158,159,164,165,167,168,169,173,174,177,180,181,193,196,199,201,208,211,214,219,225,226,229,232,233,235,239,241,242,243,244,246,247,248,249,250,251,253,254,257,258,259,260,261,262,263,266,268,269,270,271,272,273,274,275,277,279,280,284,287,288,289,290,291,292,293,294,297,299,300,301,302,305,307,308,309,310,312,315,317,318,319,320,321,322,323,326,329,332,334,335,336,337,338,339,340,342,344,345,349,352,353,355,356,357,358,359,360,362,363,364,365,368,369,371,372,373,378,379,380,381,382,384,385,391,405,406,408,412,425,461,469,473,478,491,498,576,646,697
45,32,46,48,49,50,52,53,56,57,59,60,61,62,63,64,65,66,67,68,69,70,71,72,73,74,75,77,78,79,80,81,82,83,84,85,87,90,91,92,93,94,96,97,100,101,104,105,106,107,109,110,111,113,114,115,116,118,121,123,125,129,130,132,133,134,135,137,140,145,147,151,152,153,155,157,158,159,160,162,163,164,167,169,172,173,174,175,176,177,178,179,185,186,196,198,204,207,209,210,212,213,216,217,221,222,224,225,226,227,228,233,234,236,239,240,241,244,245,247,248,250,251,255,256,257,259,260,262,263,264,265,266,268,270,272,273,274,276,278,279,280,282,283,286,290,291,292,293,294,297,298,299,300,301,302,303,306,307,310,312,315,318,322,326,327,328,329,331,332,333,334,335,336,339,340,341,344,346,348,353,356,357,360,361,363,365,370,374,399,414,418,437,457,465,472,543,597
46,37,40,47,50,51,52,54,55,56,57,58,59,61,62,63,64,65,66,67,68,69,70,71,72,73,74,75,79,80,82,83,84,85,86,89,92,93,94,96,98,99,100,101,103,104,105,106,107,109,110,111,113,114,115,116,117,119,120,121,122,123,124,127,128,131,132,134,136,147,148,150,151,154,156,158,159,160,163,165,166,167,170,174,176,177,179,184,185,191,192,194,199,200,202,205,206,208,210,212,214,215,216,219,220,222,224,229,235,236,238,239,240,241,245,248,253,258,263,265,267,270,273,275,277,279,280,286,287,290,291,295,296,299,308,309,312,313,320,321,324,330,332,335,339,345,348,350,356,357,358,359,364,366,379,385,403,432,437,439,448,450,472,504
47,41,42,44,45,47,48,49,50,51,52,53,55,56,57,59,61,62,63,64,66,69,70,71,73,74,75,76,77,78,79,80,81,82,83,86,87,88,89,90,91,93,94,95,96,97,98,99,100,102,103,104,106,107,108,109,110,111,112,114,115,117,119,120,121,124,126,128,132,135,137,140,141,142,143,149,155,157,158,160,165,166,167,169,172,175,176,178,181,182,184,202,204,205,206,207,208,210,211,212,216,218,219,220,221,225,226,227,228,229,231,232,234,235,236,237,239,242,243,246,251,252,253,255,258,265,268,269,271,272,273,274,275,276,277,278,279,280,281,282,283,284,285,286,288,289,290,291,292,295,297,299,303,304,305,306,307,308,312,313,315,316,318,319,321,322,327,329,330,331,336,337,340,343,361,363,364,366,368,370,383,390,391,396,429,462,480,498,599,696
48,21,41,48,49,51,53,54,57,58,59,60,61,62,64,65,66,67,68,69,70,71,72,73,75,76,77,78,79,80,81,82,83,84,85,87,88,90,91,93,94,95,100,101,103,104,106,111,113,115,116,118,119,120,123,124,125,126,127,128,129,130,131,134,135,136,138,139,143,148,150,153,154,156,157,158,162,163,165,166,167,168,169,170,175,176,178,182,186,187,189,192,195,201,202,206,207,210,211,213,215,219,220,221,222,225,228,230,231,234,235,237,238,240,241,243,244,247,250,254,255,256,259,260,262,263,264,268,271,273,274,276,281,286,288,291,296,297,315,316,318,321,327,330,331,334,336,338,340,359,369,373,375,379,471,551,575
49,28,42,47,48,49,50,51,52,53,54,55,56,57,58,59,60,61,62,63,64,65,67,69,70,71,74,75,76,77,79,81,83,84,86,88,89,90,91,92,93,94,95,96,97,98,99,100,102,103,104,105,106,107,108,109,110,111,112,113,114,116,119,122,123,124,125,126,127,128,129,130,131,132,133,134,135,139,144,145,146,148,149,151,156,160,162,164,166,167,168,169,171,172,176,177,186,187,192,201,204,206,211,214,220,238,240,241,244,247,251,252,257,263,270,271,273,275,276,277,278,279,280,285,288,289,291,292,293,294,295,312,314,315,316,317,318,320,331,332,334,337,347,348,353,354,363,390,393,420,442
50,44,45,46,48,49,50,51,52,53,54,55,57,58,59,60,62,63,64,65,66,67,68,69,70,71,72,73,74,75,76,78,79,80,81,82,83,85,86,87,88,89,90,91,93,94,95,96,98,99,100,101,102,103,104,105,107,108,110,112,113,114,116,117,118,119,120,124,127,128,140,141,143,145,149,156,157,159,160,163,165,168,171,172,173,178,182,186,187,188,190,197,200,201,202,203,204,205,207,208,209,210,212,214,215,218,221,224,227,231,234,235,241,242,243,245,246,253,254,257,258,259,260,261,264,266,267,270,272,273,276,277,278,284,289,291,292,296,298,299,300,303,304,305,309,314,315,317,321,330,333,336,338,343,349,351,352,356,362,364,376,382,387,404,458
51,39,46,49,50,51,52,53,55,56,57,58,59,60,61,62,63,64,65,66,67,68,69,70,71,72,73,74,76,77,78,81,82,83,84,86,89,91,95,97,99,100,101,105,107,109,110,111,112,113,115,117,119,120,121,122,123,124,125,126,127,128,129,132,133,134,142,144,147,148,149,152,155,156,157,158,159,161,162,163,164,165,166,167,171,172,173,174,178,179,183,184,186,187,189,190,192,193,194,201,202,203,205,206,207,208,209,211,215,216,217,218,221,225,228,234,235,237,238,241,246,247,256,260,261,266,267,275,279,286,289,295,313,315,321,334,340,371,398,509,581,597
52,44,47,48,49,51,52,53,54,57,58,59,60,62,63,64,65,66,67,68,69,70,71,72,74,75,76,78,79,80,81,82,85,86,87,88,89,90,91,92,94,95,96,97,98,99,100,101,102,103,104,105,106,107,109,110,111,115,116,117,118,119,120,122,124,126,127,128,129,130,131,132,138,143,146,149,150,154,157,158,159,160,162,164,165,166,167,169,173,175,176,177,178,182,186,192,196,199,203,204,209,217,218,220,224,226,229,231,233,236,241,242,243,244,245,246,250,251,252,256,259,263,265,273,275,278,279,281,283,286,288,291,298,301,309,325,330,344,354,355,363,408,418,422,443
53,40,41,49,50,51,52,54,55,57,61,62,63,64,68,70,71,72,73,74,75,76,77,78,79,80,81,82,83,84,86,87,88,89,90,91,92,93,94,95,97,98,100,101,103,104,105,106,108,109,110,111,114,115,118,120,121,123,126,129,130,135,136,137,139,145,146,149,157,159,161,169,173,174,179,180,183,184,185,186,188,191,194,197,198,199,201,203,205,206,209,212,214,215,218,225,227,228,231,234,238,239,240,241,242,244,245,248,252,254,256,257,264,267,277,280,282,285,286,287,295,303,306,318,326,347,358,396,572,604,614
54,37,43,52,54,55,56,57,58,59,60,61,62,64,65,66,67,68,69,70,71,72,73,74,75,76,77,78,79,80,81,82,83,85,86,88,89,90,93,94,95,96,98,102,103,104,105,106,107,108,109,110,111,113,114,115,116,117,120,121,122,123,124,125,127,128,131,132,133,136,138,139,141,144,148,153,154,158,160,161,163,167,170,171,173,175,176,178,179,180,183,184,187,192,193,197,200,202,204,205,207,208,210,212,213,215,216,219,221,234,239,245,249,253,257,258,264,282,286,298,310,354,528
55,15,49,54,55,56,58,62,64,65,67,68,71,75,76,79,80,82,85,86,87,88,89,91,92,93,94,95,97,98,99,100,102,103,104,105,106,107,110,111,112,113,114,115,116,117,119,120,121,122,123,125,129,132,133,134,136,138,139,153,157,158,160,163,165,167,174,180,182,189,192,207,208,209,216,233,250,256,264,265,267,281,284,287,303,306,310,332,475,584
56,9,32,47,54,56,57,59,61,62,63,64,65,67,68,69,70,71,72,75,76,77,78,79,80,81,82,83,84,86,87,89,90,91,92,93,94,96,97,98,99,101,102,104,105,107,109,110,113,114,116,117,118,120,122,123,125,126,129,132,133,134,136,137,142,144,150,155,162,166,172,176,177,180,185,189,191,192,193,195,196,197,202,204,207,212,215,217,219,221,223,224,236,238,245,246,247,248,251,252,254,258,259,260,269,284,288,294,338,358,420,562,649
57,54,58,60,63,64,66,67,68,69,70,71,72,73,74,75,76,77,79,81,82,83,84,85,87,88,91,96,100,103,104,105,107,113,115,117,118,121,122,126,128,132,133,134,137,143,144,169,174,177,185,193,198,204,208,216,217,219,223,235,239,280
58,44,57,58,61,64,69,74,79,81,83,85,86,87,89,90,91,93,94,96,97,98,100,101,103,104,108,109,111,112,114,115,116,118,119,120,121,122,123,124,130,133,134,136,142,144,161,211,214,223,258,266,286,309,418,433,434,498,508,539,630,664
59,39,71,75,76,78,79,80,82,83,84,88,89,92,95,97,98,101,102,103,105,106,107,108,109,110,117,118,124,125,126,137,139,140,145,158,180,188,208,276,277,618
60,20,78,99,116,117,119,122,129,135,144,161,166,180,256,280,552,574
61,18,255,400,601,623
62,308,359,677
63,452,453,566
64,170,242,264,435,465,535,555,582
65,630,633,686
66,154,456,685
67,23,28,337,392,504,581,634,681
68,1,44,337,580
69,5,324
70,182,224
71,
72,18,109,189,389,414
73,181,303,469,675
74,25,43,256,290,300,432,508
75,38,466,694
76,439,561,640
77,363,469,582
78,77,159,304,382,521,558,639
79,26,234,477,566,583,689
80,39
81,
82,
83,
84,
85,
86,
87,
88,
89,
90,
91,
92,
93,
94,
95,
96,
97,
98,
