17
0,207
1,55,89,167,221,348,579,693
2,316,343,348,371,414,687
3,375,437
4,25,61,88,92,122,476,540,639
5,13,65,89,127,216,256,317,370,414,662,665
6,180,348,430,523,572,608,619
7,217,256,344,346,524,589,615,639,699
8,57,93,137,265,289,352,490,528,577,581,622,628,633,635,650
9,231,233,235,296,449,585,587,591,609,615,625,630,633,644,646,652
10,23,72,94,106,226,278,302,470,579,583,584,585,597,607,610,621,626,628,629,637,669,674,675
11,104,125,135,297,549,550,580,588,596,598,601,609,612,615,616,617,629,632,643,646,685
12,58,116,240,329,553,561,568,571,572,574,582,586,594,597,598,601,611,612,613,614,615,623,625,626,627,629,630,633,651,654,662,677,685,692,699
13,115,425,486,564,576,577,578,579,587,593,604,605,606,609,616,617,618,619,620,628,636,639,641,651,680,681,686,697
14,189,265,376,493,532,593,595,599,608,610,611,614,617,622,623,630,635,637
15,88,232,574,575,578,615,625,643,652,690
16,29,132,192,373,553,562,572,600,647,649
17,77,159,200,235,407,531,538,544,545,548,552,557,559,563,564,565,573,580,585,587,588,590,599,600,608,619,667
18,61,65,72,73,75,76,77,78,79,80,84,85,86,88,89,91,98,103,217,271,408,562,563,569,572,580,586,587,593,609
19,63,64,65,66,67,68,69,70,71,72,73,74,75,76,77,78,79,80,81,82,83,84,85,86,87,88,89,90,91,92,93,94,95,96,97,98,99,100,101,102,105,106,123,125,344,435,437,439,442,443,446,448,449,451,454,462,478,480,487,495,497,522,534,549,556,561,574,575,591,592,610
20,49,54,55,59,60,61,62,63,64,65,66,67,68,69,70,71,72,73,74,75,76,77,78,79,80,81,82,83,84,85,86,87,88,89,90,91,92,93,94,95,96,97,98,99,100,101,102,103,104,105,106,107,108,109,110,111,112,113,114,115,116,117,118,119,120,121,122,123,124,125,126,127,128,130,131,132,164,167,172,180,455,549,598,649,694,695
21,27,56,57,58,60,61,62,63,64,65,66,67,68,69,70,71,72,73,74,75,76,77,78,79,80,81,82,83,84,85,86,87,88,89,90,91,92,93,94,95,96,97,98,99,100,101,102,103,104,105,106,107,108,109,110,111,112,113,114,115,116,117,118,119,120,121,122,123,124,125,126,127,128,129,130,131,132,133,134,135,136,137,138,139,140,141,142,143,144,145,146,147,148,149,150,151,152,153,154,155,156,157,158,159,160,161,162,163,164,165,166,167,168,169,170,171,172,173,174,175,176,177,178,179,180,181,182,183,184,185,186,187,188,189,190,192,193,194,195,196,197,198,199,200,201,202,203,204,205,206,208,209,210,211,213,214,215,216,217,220,221,222,224,227,228,232,233,235,237,238,240,241,243,244,245,246,248,251,253,257,259,262,271,272,273,277,280,303,324,347,388,492
22,54,56,60,63,64,65,66,67,68,69,70,71,72,73,74,75,76,77,78,79,80,81,82,83,84,85,86,87,88,89,90,91,92,93,94,95,96,97,98,99,100,101,102,103,104,105,106,107,108,109,110,111,112,113,114,115,116,117,118,119,120,121,122,123,124,125,126,127,128,129,130,131,132,133,134,135,136,137,138,139,140,141,142,143,144,145,146,147,148,149,150,151,152,153,155,157,158,159,160,161,162,163,164,165,166,167,168,169,170,171,172,173,174,175,176,177,178,179,180,181,182,183,184,185,186,187,188,189,190,191,192,193,194,195,196,197,198,199,200,201,202,203,204,205,206,207,208,209,210,211,212,213,214,215,216,217,218,219,220,221,222,223,224,225,226,227,228,229,230,231,232,233,234,235,236,237,238,239,240,241,242,243,244,245,246,247,248,249,250,251,252,253,254,255,256,258,259,260,261,262,263,264,265,266,267,268,269,270,271,272,273,274,275,276,277,278,279,280,281,283,284,285,286,288,289,290,291,292,295,296,297,300,306,308,309,310,311,312,313,318,319,321,323,325,326,328,332,336,337,340,358,371,384,395,400,415,688
23,58,61,62,63,64,65,66,67,68,69,70,71,72,73,74,75,76,77,78,79,80,81,82,83,84,85,86,87,88,89,90,91,92,93,94,95,96,97,98,99,100,101,102,103,104,105,106,107,108,109,110,111,113,114,115,116,117,118,120,122,123,124,125,126,127,128,129,130,131,132,133,134,135,136,137,138,139,140,141,142,144,147,148,149,150,151,152,153,154,155,156,157,158,159,160,161,162,163,164,165,166,167,168,170,171,172,173,174,175,176,177,178,179,180,181,182,183,184,185,186,187,188,189,190,191,192,193,194,195,196,197,198,199,200,201,202,203,204,205,206,207,208,209,210,211,212,213,214,215,216,217,218,219,220,221,222,223,224,225,226,227,228,229,230,231,232,233,234,235,236,237,238,239,240,241,242,243,244,245,246,247,248,249,250,251,252,253,254,255,256,257,258,259,260,261,262,263,264,265,266,267,268,269,270,272,273,274,275,276,277,278,279,280,281,282,285,287,288,290,291,292,293,295,299,300,302,306,307,309,315,317,318,321,322,324,325,336,338,345,346,348,349,351,354,372,381,402,403,422,428,443,485,492
24,48,55,56,60,61,62,63,64,65,67,68,69,71,72,73,74,75,76,77,78,79,80,81,82,83,84,85,86,87,88,89,90,91,92,93,94,95,96,97,98,99,100,101,102,103,104,105,106,107,108,109,110,112,113,114,115,116,117,118,119,120,121,122,123,124,125,126,127,128,129,130,132,133,134,135,136,137,138,139,140,141,142,143,144,145,146,147,148,149,150,151,152,153,154,155,156,157,158,159,160,161,162,163,164,165,166,167,168,169,170,171,172,173,175,176,177,178,179,180,181,182,183,184,185,186,187,188,189,190,191,192,194,195,196,197,199,200,202,203,204,205,207,208,209,210,212,214,215,216,217,218,219,220,221,222,223,224,225,226,227,228,229,230,231,232,233,234,235,236,237,238,239,240,241,242,243,244,245,246,247,249,250,252,253,254,257,258,259,260,262,263,264,265,266,267,269,270,273,275,281,282,283,285,287,289,291,294,297,298,303,307,308,309,313,314,319,321,322,323,325,327,331,335,336,337,353,356,357,361,362,367,384,394,419
25,55,59,61,62,63,64,65,66,67,69,70,71,72,73,74,75,76,77,78,79,80,81,82,83,84,85,86,87,88,89,90,91,92,93,94,95,96,97,98,99,100,101,102,103,105,107,109,111,112,113,114,115,116,117,118,119,120,121,123,125,126,127,128,129,130,131,132,133,134,135,136,137,138,139,141,142,143,144,145,146,147,148,149,150,151,152,153,154,155,156,157,158,159,160,161,162,163,164,165,166,167,168,170,171,172,173,174,175,176,177,179,180,181,182,184,185,186,187,188,189,190,191,192,193,194,195,196,197,198,199,200,201,202,203,204,205,207,208,209,211,212,213,214,215,216,217,218,219,220,221,223,224,225,227,228,229,230,231,232,234,235,238,239,241,242,243,244,246,247,251,252,255,260,261,262,263,264,270,271,272,274,276,277,279,281,282,284,286,287,290,291,293,294,296,299,300,305,306,311,313,315,316,319,321,323,324,327,337,343,350,365,371,404,442,522
26,20,55,58,59,60,61,62,64,65,66,67,68,69,70,71,72,73,74,75,76,77,78,79,80,81,82,83,84,85,86,87,88,89,90,91,92,93,94,95,96,97,98,99,101,102,103,104,105,106,107,108,109,110,111,112,113,114,115,116,117,118,119,120,121,122,123,125,126,127,128,129,130,131,133,134,135,136,137,138,139,140,141,142,143,144,145,146,147,148,149,150,151,152,153,154,155,156,157,158,159,160,161,162,163,164,165,166,167,168,169,170,171,172,173,174,175,176,177,178,179,180,181,182,183,184,185,186,187,188,189,190,191,192,193,194,195,196,197,198,199,200,204,205,206,207,209,210,212,213,214,215,216,217,218,219,221,223,224,225,227,228,229,230,232,233,234,236,237,239,241,242,243,244,245,248,252,253,256,257,258,259,263,264,265,266,267,268,269,270,271,272,273,274,275,276,277,278,281,283,285,286,288,289,293,294,295,296,297,302,303,305,307,308,313,315,316,320,322,329,335,336,337,350,364,371,373,404,434,499,502,531,583
27,56,60,63,64,65,66,67,69,70,71,72,73,74,75,76,77,78,79,80,81,82,83,84,85,86,87,88,89,90,91,92,93,94,95,96,97,98,99,101,102,103,104,105,106,107,108,109,110,111,112,113,114,115,116,117,119,120,121,122,123,124,125,127,128,129,130,131,132,133,134,135,136,137,138,139,140,142,143,144,145,146,147,148,149,150,151,152,153,154,155,156,157,158,159,160,161,162,163,164,165,166,167,168,169,170,171,172,173,174,175,176,177,178,179,180,181,184,186,187,188,189,190,191,193,194,195,197,199,200,201,202,203,205,206,207,208,209,210,212,214,215,218,220,221,222,223,226,227,228,229,232,233,234,235,236,237,240,242,244,245,246,247,248,249,250,251,252,253,254,255,257,259,260,261,262,264,268,269,270,271,273,275,279,280,283,287,289,292,294,295,296,303,312,313,314,315,316,320,321,324,327,338,357,360,377,398,421,475,522,608
28,34,50,51,53,58,59,60,61,62,63,65,67,70,71,72,73,74,75,76,77,78,79,81,82,83,85,86,88,90,92,94,95,96,97,98,99,100,101,102,103,104,105,106,107,108,109,110,111,112,113,114,115,116,118,119,120,121,122,123,124,125,126,127,128,129,130,131,132,134,135,137,138,139,140,141,142,143,144,146,147,149,150,151,152,153,154,155,156,157,158,159,160,161,162,163,164,165,166,167,168,170,172,173,174,176,177,178,180,181,182,183,184,185,188,189,191,195,196,197,199,200,204,206,208,209,210,213,215,217,218,219,220,221,225,227,228,230,231,232,233,234,235,237,238,240,241,243,244,247,248,250,251,253,256,258,259,261,263,265,269,273,274,277,280,282,283,284,287,289,291,295,298,301,304,309,320,322,330,336,340,346,349,355,358,361,365,370,378,383,391,439,500,508,524,534,623,690
29,4,44,56,58,59,60,61,62,64,65,66,67,68,69,70,71,72,73,74,75,76,77,78,79,80,81,82,83,84,85,86,87,88,89,93,94,96,97,98,99,100,101,102,103,104,105,106,107,108,109,110,111,112,113,114,116,117,118,119,121,123,124,125,126,127,128,129,130,131,132,133,134,135,136,137,138,139,140,141,142,143,144,145,146,147,148,149,150,151,152,153,154,155,156,157,158,159,160,161,162,163,164,165,166,167,168,169,170,171,172,173,174,175,176,177,178,179,180,181,183,184,186,188,189,193,194,196,197,198,199,201,204,205,207,212,213,214,216,217,218,219,221,224,225,226,227,229,231,232,234,238,239,240,244,245,247,249,250,251,252,254,256,257,259,260,261,263,264,265,269,271,274,283,285,289,292,303,305,307,312,315,322,333,342,346,351,359,368,443,480,501,565
30,23,27,54,56,58,59,60,61,62,65,66,67,68,69,70,71,73,74,75,76,78,79,81,82,83,85,87,88,89,90,91,92,93,94,97,98,99,100,101,102,103,104,105,106,107,108,109,110,111,112,113,114,115,116,117,118,119,120,121,122,123,125,127,128,129,130,132,133,134,135,136,138,139,140,141,142,145,147,149,150,151,152,153,154,155,156,157,158,159,160,161,162,163,165,166,172,175,176,179,181,182,183,184,185,186,187,188,189,191,192,193,196,198,199,200,202,203,204,206,210,212,213,214,218,219,220,222,224,225,226,229,231,236,237,240,242,243,244,245,246,247,249,251,252,256,259,260,263,266,268,269,272,277,279,281,294,296,300,303,306,315,320,337,346,354,367,411,426,447,505,612
31,50,54,58,62,63,64,65,66,67,68,69,70,71,72,73,74,75,77,78,79,80,81,82,84,85,86,87,88,89,90,92,94,95,96,97,98,99,100,102,103,104,106,107,108,109,110,111,112,113,114,115,117,118,120,121,122,123,124,125,126,127,128,129,130,131,132,133,135,136,137,138,139,140,141,144,146,148,149,150,151,152,153,154,155,156,161,164,165,166,167,168,169,170,171,173,174,175,176,177,180,181,182,183,186,188,190,192,195,196,197,198,200,201,203,204,205,206,208,209,210,211,213,214,215,216,219,221,223,224,227,229,230,231,234,235,236,238,240,242,245,247,248,249,250,253,256,259,260,263,269,270,274,294,296,300,308,321,324,337,344,351,363,404,493,516,528,534,653,681
32,59,60,62,63,64,65,66,67,68,69,70,71,72,73,74,75,76,77,78,79,80,81,82,83,84,85,87,88,89,90,91,92,93,94,95,96,97,99,100,102,104,105,106,107,108,109,110,111,112,113,114,115,117,118,119,120,122,123,124,127,128,130,131,133,134,135,136,137,138,139,142,143,144,147,148,149,150,151,153,154,156,157,158,159,160,161,162,163,164,165,166,167,168,169,170,172,173,175,176,178,179,182,184,185,186,188,190,191,193,194,195,197,198,199,201,202,204,205,206,209,211,212,216,217,218,219,221,222,223,229,233,234,235,237,240,243,244,247,248,253,257,262,273,274,276,277,278,282,284,285,289,292,293,298,307,320,330,336,340,347,363,370,377,406,427,462,477,673
33,29,34,37,57,58,59,60,61,62,63,64,65,66,67,69,70,71,72,73,74,75,76,77,78,79,80,81,82,83,85,86,87,88,89,91,92,93,94,95,96,97,98,99,100,101,102,103,105,106,107,108,109,111,112,113,114,115,117,118,119,120,121,122,123,124,125,126,127,129,133,134,135,136,139,141,142,143,144,145,146,148,149,150,151,152,153,154,155,156,157,158,159,160,161,162,163,164,165,167,169,170,171,172,173,175,176,177,178,180,181,182,183,184,185,186,190,191,192,197,200,203,204,208,210,211,212,214,215,218,219,221,222,223,225,227,229,230,234,235,236,237,243,248,250,251,252,253,255,256,257,260,262,268,270,273,277,280,294,297,300,302,309,321,375,507,584,602,665
34,47,50,52,54,55,56,57,58,59,63,66,67,68,69,70,71,72,73,74,75,76,77,78,80,81,82,84,85,86,87,88,89,90,91,92,93,94,95,96,97,98,99,100,101,102,103,104,105,108,109,110,111,113,114,115,116,118,119,120,121,122,123,124,126,127,128,129,130,132,133,134,135,137,139,140,144,145,146,147,148,149,150,151,152,153,154,155,156,157,158,159,160,161,162,163,164,166,167,168,169,170,171,174,176,177,178,179,180,182,184,188,191,193,194,196,197,198,203,205,206,208,209,212,213,218,220,223,224,226,229,232,234,235,237,241,242,243,245,250,255,259,262,263,269,271,272,275,277,278,283,287,296,312,323,327,332,337,355,356,361,371,383,442,460
35,48,51,53,57,58,59,60,61,62,63,64,65,67,68,69,70,71,72,73,76,77,78,79,80,81,83,84,85,86,87,88,89,91,94,95,96,97,100,101,102,104,105,106,107,108,109,110,113,114,115,116,117,119,121,122,123,124,125,126,127,128,129,130,131,132,133,134,136,137,138,139,140,141,142,143,144,145,146,147,148,149,150,151,154,155,156,157,159,160,161,162,163,164,165,166,167,168,170,172,173,175,176,178,179,180,181,182,184,185,188,189,190,193,194,195,198,199,200,201,203,204,206,207,208,211,212,214,215,220,221,225,226,230,234,236,237,239,240,244,245,247,248,254,257,258,261,269,270,279,281,289,290,297,299,300,303,308,309,323,329,348,353,366,384,405,556
36,44,50,53,55,57,58,62,64,66,67,68,73,75,78,79,80,81,82,83,84,85,86,88,95,99,103,105,106,109,111,112,113,115,116,117,119,121,122,123,124,125,127,128,129,130,132,133,134,136,137,139,140,141,142,144,145,146,147,148,150,151,152,153,156,157,158,159,162,164,176,177,187,188,197,198,200,201,202,204,205,208,211,214,217,219,220,223,225,230,233,239,245,246,248,251,252,253,254,259,260,262,263,266,267,269,272,275,277,285,289,295,298,301,312,318,321,328,388,445,470,559,680
37,56,57,58,68,71,72,73,74,78,92,93,94,95,96,99,101,102,103,104,105,108,109,115,121,123,126,132,134,147,151,152,153,170,185,294,565,578
38,51,52,70,71,72,74,76,77,79,81,82,83,85,101,102,104,117,118,125,126,144,213,350,361,528
39,65,66,67,68,69,71,73,74,75,76,77,78,79,80,81,82,83,84,85,86,87,88,89,90,91,92,94,95,96,98,100,120,125,152,156,181,200,484,591
40,56,60,61,63,64,65,66,67,68,69,70,71,73,74,75,76,77,78,79,80,81,82,83,84,85,86,87,88,89,90,91,92,93,94,95,96,97,98,99,100,101,102,103,104,105,106,107,108,109,112,113,114,115,116,117,118,120,121,123,126,131,133,135,138,139,140,141,143,145,146,148,150,153,154,155,156,163,174,179,180,254,375,441,666
41,33,52,56,57,58,59,60,61,62,63,64,66,67,68,69,70,71,72,73,74,75,76,77,78,79,80,81,82,83,85,86,87,88,89,90,91,92,93,94,95,96,97,98,99,100,101,103,104,105,106,107,108,109,110,111,112,113,114,115,116,117,118,119,120,121,122,123,124,125,126,127,128,129,130,131,132,133,134,135,136,137,138,139,140,141,142,143,144,145,146,147,148,149,150,151,152,153,154,155,156,157,158,159,160,161,162,163,164,165,166,167,168,169,170,171,172,173,174,175,176,177,178,179,180,181,182,183,184,185,187,188,189,190,193,194,196,198,200,201,203,204,206,207,210,211,212,213,215,216,217,218,221,224,225,226,228,229,232,233,235,237,239,244,245,249,252,257,258,275,277,295,336,339,366,369,383
42,55,57,58,59,61,63,65,66,67,68,69,70,71,72,73,75,76,77,78,79,80,81,82,83,84,85,86,87,90,91,92,93,94,95,96,97,98,100,101,102,103,104,105,106,107,108,109,110,111,112,113,114,115,116,117,118,119,120,121,122,123,124,126,127,128,129,130,131,132,133,134,135,136,137,138,139,140,141,142,144,145,146,147,148,149,150,151,152,153,154,156,157,158,159,160,161,163,164,165,166,167,168,169,170,171,172,173,174,175,176,177,178,179,180,181,182,183,184,185,186,187,188,189,190,191,192,193,194,195,196,197,198,199,200,201,202,203,204,205,206,207,208,209,210,211,212,213,214,215,216,217,218,219,221,223,224,225,226,227,228,229,230,232,233,234,235,236,237,238,239,240,243,244,245,246,247,249,251,254,255,257,261,264,265,267,268,269,271,274,276,278,282,283,285,286,287,292,296,298,299,302,307,309,310,311,317,326,329,331,342,382,386,405,574
43,15,55,59,60,62,65,66,67,68,69,70,71,72,73,74,75,76,77,78,79,80,81,82,83,84,85,86,87,88,89,90,91,92,93,94,95,96,97,98,99,100,101,103,105,106,107,108,109,110,111,112,113,114,115,116,117,118,119,120,121,122,123,124,126,127,129,130,131,132,133,134,135,136,137,138,139,140,141,142,143,144,146,147,148,149,151,152,153,154,155,156,158,159,160,161,162,163,164,165,166,167,168,169,170,171,172,173,174,175,176,177,178,179,180,181,182,183,184,185,186,187,189,190,191,192,193,194,195,196,197,198,199,200,201,202,203,204,205,206,207,208,209,210,212,213,214,215,216,217,218,219,220,221,224,225,230,231,233,235,236,237,238,239,241,243,244,245,247,248,250,251,252,256,257,262,263,264,267,268,269,271,272,273,274,278,279,281,283,288,291,293,294,301,303,306,315,316,317,320,322,333,335,336,337,339,341,355,356,361,383,401,424,541
44,60,61,62,63,64,65,66,68,69,70,71,72,73,74,75,76,78,79,80,81,82,83,84,85,86,87,88,89,90,91,92,93,95,96,98,99,100,103,104,105,106,107,108,109,110,111,112,114,115,117,118,119,121,122,123,124,125,126,127,129,130,131,132,133,134,135,136,137,138,139,140,141,142,143,144,145,146,147,149,151,152,153,155,156,157,158,159,160,161,162,163,164,165,166,168,169,170,171,172,173,174,175,176,177,178,179,180,181,182,183,184,186,187,188,189,190,191,193,195,196,197,198,200,201,202,203,204,208,212,214,215,216,218,219,220,225,226,227,228,229,230,231,232,233,234,235,237,238,240,241,243,244,245,246,247,249,250,251,253,258,259,261,263,264,266,267,270,271,272,273,276,279,280,282,290,293,294,298,299,300,302,304,310,313,316,319,320,333,335,337,339,345,346,347,348,350,352,378,382,393,583
45,54,55,56,58,59,60,61,62,63,64,65,66,67,69,70,71,72,73,74,75,76,78,79,80,82,83,84,85,86,87,88,89,90,91,92,93,94,95,96,97,98,99,100,101,102,103,104,105,106,107,108,109,110,111,112,113,114,115,116,117,118,119,120,121,122,123,124,125,126,127,128,129,130,131,132,134,135,136,138,139,140,142,143,144,145,146,147,148,149,150,151,153,154,155,156,157,158,159,160,161,162,163,164,166,167,168,169,170,171,172,173,174,176,177,178,179,180,182,183,186,187,189,191,193,194,195,197,198,199,200,201,205,206,207,208,210,211,212,213,215,218,219,220,222,225,226,227,229,232,233,236,237,238,239,243,247,251,253,256,257,260,261,264,265,269,270,271,272,274,278,279,283,286,287,288,295,297,304,307,311,315,317,321,331,333,337,341,347,354,355,366,373,409,418,429,475,644
46,58,59,62,63,64,66,68,69,70,71,72,73,75,76,77,78,79,80,81,82,83,84,86,88,89,90,91,92,94,95,96,97,98,99,100,101,102,104,105,106,107,108,109,110,112,113,114,115,116,117,118,119,120,121,122,123,124,125,126,127,129,131,132,133,134,135,136,137,138,139,140,141,143,144,146,147,148,149,150,151,152,153,154,155,156,157,158,159,160,161,162,163,165,166,167,168,169,171,173,174,175,176,178,179,181,183,184,185,186,193,194,195,196,198,200,201,207,210,211,212,214,215,218,220,222,223,224,225,227,231,233,234,235,236,237,238,239,240,241,244,245,246,247,249,250,253,255,257,258,260,261,263,264,269,270,271,277,287,289,292,297,298,302,315,318,352,372,384,433,547,571
47,52,56,57,58,60,62,63,64,65,69,70,71,72,73,74,76,77,79,80,82,83,84,85,86,87,88,89,91,92,93,95,97,98,99,100,101,102,103,104,105,106,108,110,111,112,113,115,116,117,118,120,121,123,124,125,126,127,129,130,131,132,133,134,135,136,137,138,139,140,141,142,143,144,145,146,147,149,150,152,153,154,155,157,158,159,160,161,162,163,164,165,166,168,170,171,172,173,174,175,177,179,180,181,182,185,186,188,191,192,194,196,197,198,199,201,202,203,204,206,207,213,217,220,222,223,224,228,231,232,233,236,239,241,242,244,247,248,249,250,251,252,261,262,264,273,274,275,276,277,280,281,284,286,287,288,289,290,291,294,297,310,323,324,334,344,370,374,379,385,408,538,566
48,48,53,58,60,61,62,64,65,67,68,69,71,72,75,76,77,78,80,82,84,85,86,87,89,90,91,92,93,94,95,96,97,98,99,101,102,103,104,105,106,107,108,109,110,111,113,114,115,117,118,119,121,122,123,124,126,127,129,130,133,134,135,136,137,138,139,141,142,143,144,146,147,148,149,151,152,154,156,157,158,159,160,162,163,165,166,167,168,169,170,171,172,173,174,175,176,177,180,181,182,183,184,185,186,187,189,190,191,192,196,197,199,200,201,202,204,206,208,209,210,211,212,213,215,217,219,220,221,222,223,227,228,229,237,239,240,241,242,247,248,252,257,258,259,260,264,265,269,272,274,276,299,311,319,323,324,330,341,374,440,470,471,490
49,52,53,55,57,58,59,60,61,62,63,64,66,67,68,69,70,71,73,74,75,76,78,79,80,81,83,84,86,87,88,90,91,92,93,94,96,97,98,100,102,103,104,107,108,109,110,111,112,113,114,115,116,119,121,123,124,125,126,127,129,130,131,132,133,135,136,137,140,143,144,146,148,149,150,151,152,153,154,156,157,158,159,160,161,163,164,165,166,168,169,170,171,172,173,174,175,176,177,178,179,180,181,183,184,185,186,187,188,190,191,193,196,198,200,203,207,212,213,217,220,221,222,224,225,230,231,233,234,237,238,245,246,247,248,249,250,251,257,258,262,266,270,275,278,281,283,293,296,298,301,305,309,323,349,368,372
50,52,53,54,56,59,61,62,63,64,65,66,68,69,70,71,72,73,74,75,76,77,78,79,80,81,82,85,86,89,90,91,92,93,96,97,99,100,102,104,105,107,108,109,111,113,114,115,116,117,118,119,120,123,127,128,129,130,131,132,135,136,139,140,141,142,143,144,145,146,147,148,149,150,151,152,153,155,156,157,158,159,160,161,162,163,164,165,166,167,168,169,170,171,172,173,174,175,178,179,182,185,188,189,191,194,196,197,203,205,209,213,217,218,220,222,228,234,239,243,244,247,252,253,255,262,266,278,304,316,346,353,355,375,383
51,45,52,56,57,60,62,63,64,66,67,68,70,71,72,73,74,75,76,77,78,79,80,81,83,84,85,86,87,88,89,90,91,92,93,94,95,97,98,99,103,104,105,109,111,112,114,116,117,118,119,122,123,124,125,126,128,129,131,132,133,135,136,137,138,139,140,142,143,144,146,149,150,151,152,153,154,157,159,161,162,163,165,166,167,168,169,174,175,177,179,180,181,184,186,187,189,193,194,196,200,203,204,206,211,213,218,222,224,241,252,254,271,273,274,276,284,286,305,306,310,314,316,322,326,328,331,337,345,371,386,480,547,586
52,18,57,61,63,64,66,68,69,71,72,73,74,75,76,77,79,80,81,82,83,84,85,86,87,88,89,90,92,93,96,97,98,99,100,101,103,104,105,106,107,109,110,111,112,113,115,117,118,119,121,122,123,124,125,126,127,128,130,132,133,134,135,136,137,138,139,140,141,144,145,146,148,149,150,151,153,154,155,156,157,158,159,160,161,162,164,165,166,167,168,169,170,174,175,176,177,178,180,181,184,185,186,187,191,193,196,198,200,201,202,204,206,211,216,221,222,225,226,232,233,234,240,243,246,249,250,251,261,280,284,286,293,294,296,317,322,338,342,363,448,636
53,57,59,60,61,62,63,64,65,67,68,69,70,71,72,74,75,78,79,80,82,83,84,85,87,88,89,90,91,94,95,96,97,98,99,100,101,102,103,105,107,108,109,110,111,113,117,118,121,122,123,124,126,127,129,130,131,132,134,135,137,138,139,141,142,145,146,147,148,149,150,151,152,153,154,157,158,159,160,161,162,163,164,165,166,167,168,169,171,172,174,175,176,178,184,185,189,192,194,197,199,201,202,204,205,207,209,211,213,218,223,225,226,236,238,243,245,247,249,252,261,275,282,287,291,315,379,399,582,604,687
54,57,60,61,62,65,66,69,70,71,72,73,74,75,76,77,78,79,80,81,84,85,86,87,88,91,92,93,94,95,97,98,99,100,102,104,106,107,108,109,112,114,115,116,118,120,121,122,123,125,127,128,129,130,131,132,133,134,135,136,138,139,140,141,143,144,145,146,150,151,152,153,155,156,157,159,162,164,165,170,171,172,173,175,177,178,179,182,183,185,187,195,199,203,205,206,208,215,217,219,220,221,231,232,234,235,236,250,251,253,256,261,266,273,279,284,290,306,339,357,404
55,36,51,59,60,61,62,63,66,67,68,69,70,72,73,76,77,79,80,81,82,83,84,85,87,88,90,91,92,93,94,95,96,97,98,99,101,102,103,104,106,107,108,109,110,111,112,113,114,115,116,117,118,119,120,121,122,123,124,125,126,127,128,129,131,133,134,135,136,137,138,140,142,143,147,148,150,151,152,156,159,160,161,162,165,166,167,168,169,170,171,172,173,174,175,176,177,178,179,182,183,185,187,188,189,191,193,194,196,198,199,201,202,204,206,208,212,215,221,224,226,227,229,230,232,233,243,245,249,256,272,285,293,298,300,301,308,317,346,474,554
56,54,56,58,61,64,66,67,68,69,71,72,74,75,76,77,78,79,80,81,82,83,84,85,86,89,90,91,92,93,94,95,96,97,98,99,100,101,102,104,105,106,107,109,111,112,113,114,115,116,119,120,122,123,124,125,126,127,128,129,130,131,132,133,134,136,137,138,139,141,142,143,144,145,146,147,149,150,151,152,153,154,155,157,158,159,160,161,162,164,165,166,167,170,171,172,174,175,176,177,178,180,181,182,183,184,185,187,192,196,198,199,200,201,202,203,207,212,213,223,230,234,235,242,246,248,252,254,259,265,267,273,327,329,355,371,411,425,528
57,21,61,62,66,70,72,73,74,75,76,77,78,79,80,81,82,83,87,88,89,90,91,92,93,94,95,97,98,99,100,101,104,105,106,108,109,110,115,116,118,119,122,123,125,126,129,130,131,137,139,140,141,142,143,145,146,148,149,150,151,153,154,156,158,159,161,162,163,164,167,170,171,174,176,179,180,182,183,188,193,196,202,217,237,247,250,257,258,263,275,278,285,297,350,464,481
58,9,54,61,66,67,69,71,72,73,74,75,76,77,78,79,80,81,82,83,84,85,86,87,88,89,90,91,92,93,94,95,96,97,98,99,100,101,102,103,104,105,106,107,108,109,110,112,113,115,116,117,118,119,120,121,122,125,126,128,130,131,132,133,134,135,136,137,140,141,142,143,144,146,148,152,154,157,160,161,162,163,164,165,166,168,172,173,175,179,180,182,188,195,199,203,211,218,221,227,240,250,267,268,280,291,312,319,499
59,55,56,62,68,69,72,74,77,78,79,80,81,82,85,86,87,88,89,91,94,95,97,98,99,100,101,102,103,104,105,106,107,108,109,111,112,113,114,117,118,119,120,121,124,125,126,127,128,129,130,131,134,135,136,137,138,139,140,141,142,143,146,147,148,150,151,153,154,155,157,158,160,161,162,163,164,165,166,168,169,170,171,172,173,174,175,176,177,178,179,180,181,182,183,184,185,187,188,189,190,191,192,193,194,195,196,200,201,203,204,207,208,212,213,216,217,218,222,225,232,233,237,245,248,268,270,276,294,314,363,375,379,419,430,568
60,39,62,67,69,70,71,73,74,75,76,77,79,80,82,83,84,85,86,88,89,90,92,93,94,96,97,98,99,100,101,102,103,105,106,107,108,109,111,112,113,116,117,118,121,122,126,128,129,130,131,132,133,134,135,136,137,138,139,140,143,144,147,148,149,150,152,153,156,157,158,163,164,165,167,168,169,170,172,174,175,176,177,178,179,180,181,182,183,184,185,186,190,191,195,198,200,202,203,204,210,213,215,219,220,222,226,228,229,237,240,249,255,256,259,261,270,272,273,282,299,313,317,318,332,375,415,537,546,645
61,64,66,70,71,72,73,74,75,76,77,78,79,81,82,83,87,88,89,90,95,96,97,98,99,100,101,102,103,104,105,106,107,108,110,112,113,114,115,119,122,123,124,125,126,128,130,131,134,135,136,137,138,142,143,144,147,148,149,151,152,153,155,158,159,163,165,171,172,173,174,177,179,180,181,186,187,188,190,195,196,197,198,201,202,205,223,225,226,227,229,231,232,233,234,236,244,248,258,268,271,276,292,299,300,307,310,313,330,619
62,55,60,62,63,66,71,72,75,76,78,79,80,81,82,83,85,86,87,88,91,93,94,96,97,98,99,101,102,103,105,106,107,109,110,111,118,120,121,122,123,124,128,130,132,133,134,136,137,139,140,141,142,143,144,145,147,148,151,152,153,154,155,164,165,167,168,169,173,174,175,178,179,181,182,183,187,189,193,198,200,202,203,232,233,238,242,243,257,258,260,266,269,288,289,290,300,309
63,3,55,61,64,65,67,71,72,75,78,81,85,87,88,92,93,95,96,97,98,101,102,106,107,108,109,113,115,119,120,121,122,123,124,128,130,134,138,139,140,141,142,144,146,147,150,153,154,155,160,161,164,166,169,171,177,180,185,186,193,204,206,213,214,222,223,224,228,230,234,235,240,244,249,251,258,271,274,279,301,309,315,320,321,332,572
64,55,56,58,64,69,72,73,75,78,81,84,88,91,92,95,96,97,99,101,102,105,106,107,109,110,112,117,118,119,120,126,128,130,133,135,138,141,142,145,146,147,149,154,159,167,169,170,186,193,205,206,207,221,227,237,251,284,317,318,507,522,538
65,68,73,83,84,85,91,92,94,97,100,102,103,104,106,115,123,124,138,157,161,165,181,186,189,190,193,199,201,211,224,231,237,245,246,336,366,627,659
66,27,39,83,94,98,113,121,141,144,174,218,240,259,274,525,663,694
67,27,241,256,474,513
68,53,414,642,652
69,294,421,533,601,614
70,160
71,285,383,426,434
72,554,637
73,35,43,47,486
74,388,437
75,237,256,434,537,675
76,382,392,499,514,631,659,664
77,56,425
78,494,542,588,604,684
79,337,433
80,29,311,373,397
81,58,161,186,587,687
82,361,468,538,681
83,27,137,143,169,170,419,438,658,669
84,62,351,386,482,582,610,615
85,322,351,517,519
86,261,383,399
87,151,158,292,501,524,684
88,320,413,422,697
89,13,220,355,356,376,469
90,268,306,448,610
91,60,162,204,381
92,33,71,216,449,506
93,47,100,112,159,240,281,401,659,681
94,123,145,148,253,325,364,399,402,487,523,671
95,192,276,518,523,578,632,666
96,272,489,663,673
97,
98,
