14
0,169
1,146,218,240,262,369,521,556,687
2,190,594,612
3,85,206,211,396,443,527,555,584,592,633
4,177,221,305,319,585,626,663
5,70,173,270,302,385,664
6,158,224,252,331,399,550,618
7,50,51,99,454,516,609,638,655
8,179,269,332,387,454,501,539,578
9,34,63,76,170,191,194,218,260,270,371,419,627,661
10,46,188,207,387
11,201,218,235,242,262,334,566,590
12,49,50,158,215,233,361,503,530,532,666
13,38,40,41,42,45,46,47,49,59,64,190,196,266,402,418,443,464,473,480,489,496,549,550,679
14,36,37,38,40,41,42,43,44,45,46,47,49,50,51,52,53,54,55,56,57,58,59,60,61,64,65,67,68,70,73,74,77,78,81,116,306,360,435,465,470,476,560,657,681
15,16,22,35,37,38,39,40,41,42,43,44,45,46,47,48,49,50,51,52,53,54,55,56,57,58,59,60,61,62,63,64,65,66,67,68,69,70,71,72,73,74,75,76,77,78,79,80,81,82,83,84,85,86,87,88,89,90,94,99,107,145,223,346,414,417,419,420,421,425,427,429,432,433,434,436,447,456,460,463,470,477,492,506,547,550
16,34,36,37,38,39,40,41,42,43,44,45,46,47,48,49,50,51,52,53,54,55,56,57,58,59,60,61,62,63,64,65,66,67,68,69,70,71,72,73,74,75,76,77,78,79,80,81,82,83,84,85,86,87,88,89,90,91,92,93,94,95,96,97,98,99,100,101,102,103,104,105,106,107,108,109,110,111,112,113,115,116,117,118,120,121,122,124,125,126,127,129,130,131,133,134,136,137,138,139,140,141,142,143,144,145,146,147,152,154,160,163,164,169,178,394,422,523
17,32,34,35,36,37,38,39,40,42,43,44,45,46,47,48,49,50,51,52,53,54,55,56,57,58,59,60,61,62,63,64,65,66,67,68,69,70,71,72,73,74,75,76,77,78,79,80,81,82,83,84,85,86,87,88,89,90,91,92,93,94,95,96,97,98,99,100,101,102,103,104,105,106,107,108,109,110,111,112,113,114,115,116,117,118,119,120,121,122,123,124,125,126,127,128,129,130,131,132,133,134,135,136,137,138,139,140,141,142,143,144,145,146,147,148,149,150,151,152,153,154,155,156,157,158,159,160,161,162,163,164,165,166,167,168,169,170,171,172,173,174,175,176,177,178,179,180,181,182,183,184,185,186,187,188,189,190,191,192,193,194,195,196,198,199,200,201,202,203,204,205,206,207,209,210,211,212,213,214,216,217,218,219,220,221,222,224,225,226,229,231,233,237,238,244,245,246,247,249,253,254,259,266,267,270,303,324,328,339,377,474
18,30,31,32,33,34,35,36,37,38,39,40,41,42,43,44,46,47,48,49,50,51,52,53,54,55,56,57,58,59,60,61,62,63,64,65,66,67,68,69,70,71,72,73,74,75,76,77,78,79,80,81,82,83,84,85,86,87,88,89,90,91,92,93,94,95,96,97,98,99,100,101,102,103,104,105,106,107,108,109,110,111,112,113,114,115,116,118,119,120,121,122,123,124,125,126,128,129,130,131,132,133,134,135,136,137,138,139,140,141,142,143,144,145,146,147,148,149,150,151,152,153,154,155,156,157,158,159,160,161,163,164,165,166,167,168,169,170,171,172,173,174,175,176,177,178,179,180,181,182,183,184,185,186,187,188,189,190,191,192,193,194,195,196,197,198,199,200,201,202,203,204,205,206,207,208,209,210,211,212,213,214,215,216,217,218,219,220,221,222,223,224,225,226,227,228,229,230,231,232,233,234,235,236,237,238,239,240,241,242,243,244,245,246,247,248,250,252,255,256,257,259,261,263,264,265,266,267,269,272,273,275,276,277,279,282,283,284,285,286,287,288,291,292,295,299,302,304,305,306,312,323,329,336,344,350,445
19,24,33,34,35,36,37,38,39,40,41,42,43,44,45,46,47,48,49,50,51,52,53,54,55,56,57,58,59,60,61,62,63,64,65,66,67,68,69,70,71,72,73,74,75,76,77,78,79,80,81,82,83,84,85,86,87,88,89,90,92,93,94,95,96,97,98,99,100,101,103,104,105,106,107,108,109,110,111,112,113,114,115,116,117,118,119,120,121,122,123,124,125,126,127,128,129,130,131,132,133,134,135,136,137,138,139,140,141,142,143,144,145,146,147,148,149,150,151,152,153,154,155,156,157,158,159,160,161,162,163,164,166,167,168,169,170,171,172,173,174,175,176,178,179,180,181,182,183,184,185,186,187,188,190,191,192,193,194,195,196,197,198,199,200,203,204,205,206,207,208,209,210,211,212,213,215,216,217,218,219,220,221,223,224,225,226,227,228,229,231,233,234,235,236,237,238,239,240,243,244,245,247,248,249,250,251,252,253,256,258,261,271,272,274,276,277,278,281,282,286,287,291,292,293,294,299,303,305,306,309,310,313,315,319,328,329,331,333,336,338,339,356,363,364,367,370,393,394,405,416,462,553
20,26,30,31,33,34,35,36,37,38,39,40,41,42,43,44,45,46,47,48,50,51,52,53,54,55,56,57,58,60,61,62,63,64,65,66,67,68,69,70,71,72,73,74,75,76,77,78,79,80,81,82,83,84,85,86,87,88,89,90,91,92,93,94,95,96,97,98,99,100,101,102,103,104,105,106,107,108,109,110,111,112,113,114,115,116,117,118,119,120,121,122,123,124,125,127,128,129,130,132,133,134,135,136,137,138,139,140,141,142,143,144,145,147,148,149,151,152,153,154,155,156,157,158,159,161,162,163,164,165,167,168,169,172,173,174,175,176,177,178,180,182,183,184,185,186,187,188,189,190,191,192,193,194,195,196,197,198,199,200,201,202,203,204,205,206,207,208,209,210,211,212,213,214,215,216,217,218,219,220,221,222,223,224,225,226,227,228,229,230,232,233,234,235,237,238,239,241,242,243,244,245,246,247,248,249,250,251,252,253,254,256,257,258,259,260,262,263,264,267,268,269,270,271,272,273,274,275,278,279,280,281,283,285,289,290,291,293,297,305,306,309,310,311,314,318,320,322,323,325,327,330,336,340,355,357,369,372,381,382,408,418,469,504
21,23,27,32,33,34,35,36,38,39,40,41,42,43,44,45,46,47,48,49,50,51,52,53,54,55,56,57,58,59,60,61,62,63,64,65,66,67,68,69,70,71,72,73,74,75,76,77,78,79,80,82,83,84,85,86,87,88,89,90,91,92,93,95,97,98,99,100,101,102,103,104,105,106,107,109,110,112,113,114,115,116,117,118,119,120,121,122,123,124,126,127,128,129,130,131,132,133,134,135,136,137,138,139,140,141,142,143,144,146,147,148,149,150,151,152,153,154,155,156,157,158,159,160,161,162,163,164,165,166,167,168,169,170,171,172,173,174,175,176,177,178,179,180,181,182,183,184,185,186,187,188,190,191,192,193,194,195,197,198,199,201,202,203,204,205,206,207,208,209,210,211,212,213,215,216,221,222,223,225,226,230,232,233,234,235,236,238,239,240,243,244,245,246,248,249,250,253,254,255,258,259,260,266,269,271,274,277,281,283,286,287,289,290,297,299,300,309,320,326,331,342,362,386,395,454,619
22,23,27,29,30,32,33,34,35,36,37,38,39,40,41,42,43,44,45,46,47,48,49,50,51,53,54,55,56,57,58,59,60,61,62,63,64,65,66,67,68,70,71,72,73,74,75,77,78,79,80,81,83,84,85,86,87,88,89,90,91,92,93,94,95,96,97,98,99,100,101,102,103,104,105,106,107,108,109,110,111,113,114,115,116,118,119,120,122,124,125,126,128,129,130,131,132,134,136,137,138,139,140,141,142,143,145,146,147,148,149,150,151,152,153,155,156,157,158,159,160,161,162,163,164,166,167,169,172,173,174,176,178,180,181,183,184,185,186,187,188,189,190,191,192,193,194,195,196,197,198,199,200,201,202,204,205,206,207,208,209,210,211,212,213,216,217,218,219,220,221,224,225,226,227,228,229,230,231,232,233,234,235,236,237,238,241,242,244,245,246,247,249,251,253,256,257,258,259,260,261,262,263,265,266,267,268,269,270,271,275,277,284,285,287,288,290,295,296,298,299,302,304,308,313,314,315,317,327,328,341,344,349,352,367,393,436,444,478,536
23,12,33,34,37,39,40,42,43,44,45,46,47,48,49,50,51,52,53,54,55,56,57,58,59,60,61,62,63,64,65,66,67,68,69,70,71,72,73,74,75,76,77,79,80,81,82,83,84,85,86,87,88,89,90,92,93,94,96,97,99,100,102,103,104,105,106,107,108,109,110,112,113,114,115,116,117,118,119,120,121,122,123,126,127,128,129,130,131,132,133,134,135,136,137,138,139,140,141,142,143,144,145,146,147,148,149,150,151,153,154,155,156,157,158,159,161,162,163,164,165,166,167,168,169,171,172,175,176,177,178,179,180,182,183,184,185,186,187,188,189,190,192,197,198,199,200,202,203,204,205,206,208,210,211,212,213,215,216,219,220,221,222,223,227,229,230,231,232,235,237,239,243,244,248,252,253,257,259,260,261,264,266,267,269,270,271,275,280,287,292,296,298,299,305,312,318,332,405,470,505,527,554,683
24,26,29,30,34,35,36,37,38,39,40,41,42,43,44,45,46,47,48,49,50,51,52,53,54,55,56,57,58,60,62,63,64,65,66,67,68,69,71,72,73,74,75,76,77,78,79,80,81,82,83,84,85,86,87,88,89,90,91,92,93,94,95,96,97,98,99,100,101,102,103,104,105,106,108,109,110,111,112,113,114,115,116,117,119,120,121,122,123,125,126,127,128,130,131,132,133,134,135,136,137,138,140,141,143,144,145,147,148,149,150,151,152,153,154,155,156,157,158,159,161,162,163,165,166,167,169,170,171,172,173,174,176,178,181,182,183,184,186,187,189,191,192,193,194,195,196,198,199,200,201,203,207,208,209,210,211,212,213,214,215,216,217,218,219,220,221,222,223,224,225,226,228,229,230,231,232,233,234,235,237,238,240,241,242,243,246,248,249,250,251,252,253,254,256,258,259,260,261,262,263,266,267,270,271,274,277,278,279,280,283,285,286,287,291,293,297,300,301,304,305,307,308,310,316,319,324,337,351,375,401,507,665
25,29,30,32,33,34,36,38,39,41,42,43,44,45,46,47,48,49,50,51,52,53,54,55,56,57,58,59,60,61,62,63,64,65,66,67,68,69,70,71,73,75,76,77,78,79,80,81,82,84,86,87,88,89,90,91,92,93,94,95,97,98,99,100,101,102,103,104,105,106,107,108,109,111,112,113,115,116,117,118,121,122,123,127,128,129,130,131,132,133,134,135,136,137,138,139,140,141,142,143,144,145,146,147,148,150,151,152,153,154,155,156,157,158,159,162,163,164,165,166,167,168,169,170,171,173,174,175,177,179,180,182,184,185,187,188,191,192,193,194,195,197,198,199,200,202,203,204,207,209,210,211,213,214,215,216,217,218,221,226,227,229,230,231,234,236,237,240,243,244,246,250,252,253,256,259,262,263,270,272,273,274,275,277,278,280,281,283,284,286,290,297,306,308,311,313,332,340,344,348,349,377,394,574
26,31,34,37,38,39,40,41,42,43,44,45,46,47,48,50,51,52,53,54,55,56,59,60,61,62,63,67,68,69,70,71,72,73,74,76,77,78,79,80,81,82,83,84,85,86,87,88,89,90,91,92,93,94,95,96,97,98,99,100,101,102,103,104,105,106,107,108,109,110,111,112,113,118,119,120,121,122,123,124,125,126,127,129,130,131,132,135,136,137,138,140,141,142,143,144,145,146,147,148,150,151,153,154,155,157,158,159,160,161,163,164,165,166,167,168,170,171,173,175,176,177,178,180,181,184,186,187,188,190,191,192,194,195,197,198,199,200,201,202,203,204,205,208,209,211,212,213,214,215,216,217,218,219,220,221,222,224,225,227,228,230,234,236,237,238,240,241,243,246,247,248,249,251,253,254,255,261,263,264,268,270,272,273,275,276,278,281,285,286,287,289,294,295,297,299,303,304,321,323,329,335,340,350,358,370,380,392,430,434,445,494,586,621,642,681
27,25,26,36,38,39,40,41,42,43,45,47,48,49,50,51,52,53,54,55,57,58,59,60,62,63,64,65,66,67,68,69,71,73,75,77,78,79,81,82,83,84,85,86,88,89,90,92,94,95,97,98,99,100,103,104,105,106,107,108,109,112,114,115,116,118,119,120,121,123,124,125,129,130,132,133,135,136,137,139,140,141,142,143,144,145,146,147,148,149,150,151,152,153,154,155,156,157,158,159,160,161,162,163,164,165,166,167,169,170,171,172,173,174,175,177,178,179,181,183,184,185,186,189,191,192,193,194,195,196,197,199,202,203,206,207,208,210,213,214,215,217,218,219,220,221,225,227,228,229,230,232,233,234,235,238,239,241,244,245,246,249,250,251,262,263,266,269,276,278,281,283,288,289,292,295,298,304,305,314,319,321,322,332,334,351,360,363,375,467,498
28,29,33,37,38,39,40,41,42,44,45,46,47,48,49,50,51,52,53,54,55,56,57,58,59,60,61,63,64,65,67,68,69,70,71,72,74,75,76,77,78,79,80,81,82,83,84,86,87,88,89,90,91,92,93,94,95,96,97,98,99,100,102,103,105,106,107,108,109,110,111,112,113,114,115,117,118,119,120,121,122,124,125,127,128,129,131,132,133,134,135,136,137,138,140,141,142,144,145,146,147,148,149,150,151,152,153,154,155,157,158,160,161,162,165,166,167,168,169,171,172,173,176,177,178,179,181,182,183,184,185,186,191,192,193,195,196,197,198,199,200,201,203,204,205,206,207,208,209,210,211,212,213,214,215,216,217,218,219,220,221,222,225,226,227,228,229,230,231,232,233,234,235,236,237,238,240,242,244,245,247,249,252,253,254,255,256,259,260,261,262,263,264,266,267,268,269,270,271,273,274,275,276,277,279,280,281,282,283,284,285,288,289,296,304,305,306,311,317,320,323,325,326,328,331,332,338,341,348,350,351,354,361,374,389,390,431,455,458,614,646
29,33,34,36,41,43,47,48,49,50,51,52,53,54,55,56,57,58,59,60,61,62,63,64,65,66,67,68,69,70,71,72,74,75,76,77,78,80,81,82,83,84,85,87,88,89,90,91,95,97,98,99,101,103,104,105,107,109,110,111,112,114,115,116,119,120,121,124,132,133,134,135,136,137,138,140,141,142,143,145,146,147,148,149,150,151,152,153,154,155,156,157,158,160,161,162,163,164,165,166,167,168,169,170,171,172,173,174,175,176,177,178,180,181,182,183,184,186,187,188,189,190,191,192,193,194,196,197,198,200,201,202,203,204,206,209,210,211,212,213,214,215,217,218,219,220,221,222,223,224,225,226,228,229,231,232,233,235,237,239,240,241,243,244,247,248,249,250,251,252,253,254,255,257,258,259,260,261,262,263,264,266,267,270,271,272,273,278,279,281,283,285,286,287,288,291,292,297,302,303,305,307,308,311,312,320,321,326,331,332,333,337,346,347,348,351,354,366,373,375,390,411,434,673
30,6,27,31,35,43,44,46,47,48,49,50,51,52,53,54,56,57,58,59,60,61,62,63,64,65,66,68,69,70,71,72,73,74,76,77,78,79,80,81,82,83,84,85,86,87,88,89,90,91,92,93,94,95,96,97,98,99,100,101,102,103,104,105,106,107,108,109,110,111,112,113,114,116,117,119,120,122,124,125,129,130,132,134,135,137,138,139,140,141,144,145,146,147,149,150,151,154,155,156,157,158,162,164,166,167,168,169,171,172,173,174,175,176,177,178,179,180,181,182,183,184,185,187,188,189,190,191,192,193,194,195,197,198,199,200,201,203,204,205,206,207,208,209,210,211,212,213,214,215,217,218,219,220,221,222,223,224,227,228,230,231,232,233,234,235,236,237,238,239,241,242,243,244,245,246,247,248,249,250,251,252,253,254,255,256,257,258,259,260,261,262,263,264,266,267,268,269,271,272,273,274,275,277,278,279,282,283,285,286,287,288,289,290,291,292,293,294,295,296,297,298,299,301,302,303,304,306,307,308,309,312,316,317,318,320,321,324,325,326,328,329,330,331,335,337,342,343,344,345,346,348,351,352,355,356,365,366,367,370,375,380,382,386,398,401,415,424,425,430,434,452,453,462,473,596,599,604,630,665
31,15,39,44,45,48,50,51,52,53,54,55,56,57,58,59,60,61,62,63,64,65,66,67,69,70,71,72,73,74,75,76,77,78,79,80,81,82,83,84,85,87,88,89,91,92,93,95,96,98,99,100,101,102,104,106,107,109,110,111,112,115,116,118,119,121,122,126,131,132,135,138,141,144,145,146,148,149,150,151,152,155,157,158,159,160,161,163,165,166,167,169,170,171,172,173,174,175,177,178,180,181,183,184,187,188,189,190,191,192,193,194,195,196,198,199,200,201,202,203,204,205,206,207,208,209,210,211,212,213,214,216,217,218,219,220,221,222,223,224,225,226,227,229,230,231,232,234,235,236,237,238,239,240,241,242,244,246,247,250,251,252,253,254,255,256,257,258,259,260,261,264,265,266,267,268,269,271,272,274,275,276,279,280,281,282,285,287,288,290,291,292,294,297,298,299,302,303,305,306,307,308,309,310,311,315,318,320,321,323,325,328,330,340,341,347,348,349,353,361,364,366,367,376,378,379,387,391,405,417,425,435,446,512
32,36,44,46,47,48,49,51,52,53,54,55,56,57,58,59,60,63,64,65,66,67,68,69,70,71,72,74,75,76,79,80,81,83,84,85,86,87,88,89,91,92,93,94,95,96,97,98,99,100,101,102,103,104,106,107,108,109,111,112,113,114,115,116,117,118,119,121,122,124,125,126,128,133,135,139,140,144,146,147,148,149,151,152,153,154,155,157,158,160,161,163,164,166,167,168,169,170,172,173,175,176,177,179,182,183,185,186,187,188,189,191,192,194,195,200,201,203,204,205,206,207,208,209,210,212,213,214,217,218,219,220,222,223,226,227,228,229,231,233,234,236,237,238,239,240,241,242,243,245,246,247,248,249,250,251,252,254,255,256,257,258,259,260,263,264,265,267,268,269,270,272,273,274,275,276,277,279,282,284,285,286,287,288,289,291,292,293,294,295,296,297,299,300,302,307,308,310,311,312,313,315,317,319,323,324,327,329,331,332,334,335,336,337,339,341,344,346,347,350,351,353,354,356,366,367,373,374,379,381,385,387,388,389,392,401,402,407,409,422,423,443,451,456,458,464,477,482,488,501,503,638,650
33,34,44,45,47,51,53,54,55,57,58,59,60,61,62,65,66,67,68,69,70,71,72,73,74,75,76,77,78,79,80,81,82,83,84,85,86,89,90,91,92,93,95,96,99,100,101,102,103,104,105,106,107,108,109,110,111,112,113,116,117,119,121,123,124,127,128,129,130,136,138,140,142,146,149,150,154,155,156,157,159,161,162,163,164,165,166,167,170,171,172,173,174,176,177,178,180,182,183,186,188,189,190,191,192,193,194,195,197,198,199,200,201,202,203,204,205,206,207,208,209,210,211,212,213,214,215,216,217,218,220,221,222,223,224,228,229,230,231,232,234,235,236,240,241,242,243,246,248,249,250,252,254,255,259,260,261,262,264,266,267,268,271,272,274,275,276,278,282,283,288,294,298,304,305,308,309,314,315,316,318,319,320,326,328,330,335,338,342,343,349,350,354,355,356,359,364,366,367,368,370,380,381,384,385,387,390,398,408,410,411,414,416,420,423,428,430,431,436,437,438,439,442,443,445,448,452,458,464,465,466,468,469,470,473,475,476,477,478,486,489,493,501,506,544,553
34,44,47,48,53,55,56,57,59,60,61,62,63,64,65,66,67,68,69,71,72,73,74,75,76,77,79,80,81,82,83,84,85,87,89,90,94,95,96,98,99,100,101,102,104,105,106,107,108,109,110,111,112,113,114,115,117,118,119,120,121,125,126,127,130,131,132,133,134,135,137,138,139,140,142,144,145,147,148,149,150,154,155,156,157,162,163,167,172,174,175,176,177,178,179,180,181,183,184,185,186,187,189,190,191,194,195,196,197,198,199,200,201,202,203,204,205,206,208,210,213,216,217,218,220,221,222,223,225,226,227,229,230,232,235,236,237,239,240,242,243,244,245,246,247,248,250,251,252,253,254,256,257,258,260,263,264,267,269,270,272,273,274,276,278,281,286,287,289,293,296,297,298,299,300,302,303,304,307,308,310,311,312,320,323,327,328,329,330,331,333,334,335,344,346,354,355,364,365,368,370,371,372,374,377,378,383,389,390,391,395,397,398,400,407,411,414,415,418,420,422,423,425,426,429,430,433,434,435,440,445,447,450,452,454,456,458,459,461,462,470,471,474,475,476,478,480,491,502,506,509,510,519,546,557,578,636,669,692
35,29,37,56,58,60,61,63,64,65,67,68,69,70,71,72,75,76,78,79,80,81,82,83,85,86,87,88,89,90,92,93,94,95,96,97,98,99,100,101,102,103,104,105,106,107,108,109,110,112,113,114,115,118,119,120,121,122,125,129,131,132,144,146,148,152,158,159,161,168,172,174,175,176,178,180,187,189,191,194,196,199,203,204,208,209,210,212,213,216,218,219,222,223,225,226,227,228,229,232,235,236,237,238,239,240,242,244,245,246,247,248,249,250,251,252,253,255,256,257,258,259,261,262,263,264,265,267,268,270,271,272,274,275,276,279,280,281,282,284,285,286,287,288,290,292,294,298,299,300,303,304,305,306,307,308,311,314,315,316,319,320,323,336,337,339,340,342,343,344,352,354,359,360,362,371,373,375,386,388,392,394,402,403,404,405,409,419,421,427,433,442,444,454,458,464,467,473,476,505,521,655
36,14,49,51,57,59,60,61,62,63,65,66,68,69,70,71,72,73,74,75,76,77,80,81,82,83,84,86,88,89,90,91,94,95,96,98,100,102,103,107,109,110,111,112,113,114,115,117,118,119,120,124,126,127,128,130,131,135,138,142,143,148,150,153,156,158,159,161,162,163,164,168,169,170,171,173,175,177,179,181,185,186,188,190,192,193,195,197,198,199,203,205,207,208,211,215,216,217,218,219,224,226,228,230,231,234,235,236,237,238,241,248,250,254,255,256,258,259,261,263,264,265,266,267,268,269,270,273,274,277,278,283,285,286,287,290,291,295,296,300,301,303,305,306,307,309,311,314,317,318,319,321,322,324,334,335,346,348,365,395,414,423,441,608
37,25,49,50,55,56,57,59,60,61,62,63,65,66,67,68,70,71,72,73,76,77,78,83,85,88,89,90,93,94,95,96,97,98,101,104,105,107,108,110,111,112,113,115,116,117,118,120,122,123,124,125,126,127,129,130,132,133,134,135,136,139,145,148,150,155,156,158,161,163,164,167,169,173,174,175,177,178,179,180,181,183,184,188,190,191,194,196,197,198,202,205,206,208,209,213,215,216,217,220,221,228,230,232,237,242,251,253,257,258,259,263,265,266,273,274,277,278,280,282,283,284,286,289,291,292,294,296,297,298,302,303,305,306,308,310,311,313,321,325,327,328,329,341,342,344,346,353,360,362,365,374,377,381,384,394,397,399,402,403,419,441,452,455,518,666,681
38,27,45,46,49,52,56,59,60,61,62,63,64,65,66,68,70,71,73,77,78,79,80,81,82,85,86,87,88,89,90,91,93,95,96,97,98,101,102,103,106,107,108,109,110,112,115,117,118,120,121,122,124,126,127,130,131,133,141,143,148,150,152,153,154,156,159,160,161,162,164,166,167,170,172,183,186,188,189,195,197,200,202,204,206,207,208,214,216,221,222,224,225,230,231,232,233,234,235,237,238,239,241,247,251,252,256,257,259,260,261,264,265,266,269,270,271,273,276,277,280,284,285,288,289,290,292,294,295,296,297,299,301,304,305,306,307,309,311,312,313,314,315,322,324,325,328,329,331,332,333,338,339,343,350,355,362,363,364,367,369,370,376,377,378,379,380,383,390,404,410,444,644
39,18,60,65,66,67,68,69,70,72,73,74,75,76,77,78,79,80,81,82,83,84,86,87,88,89,90,91,92,93,94,96,97,98,99,101,102,103,104,105,106,108,110,112,114,115,116,118,119,121,123,124,127,128,139,144,146,148,155,156,157,167,168,171,172,173,175,177,180,183,185,186,187,188,189,190,191,192,193,194,195,197,202,203,206,208,210,211,212,213,214,216,217,221,225,226,227,229,232,235,237,238,241,242,245,246,247,248,249,250,253,255,256,257,258,260,261,263,264,265,267,268,271,272,273,276,277,281,283,285,287,289,292,294,295,297,298,300,306,307,310,311,312,313,315,319,324,325,327,330,331,334,336,340,361,365,373,396,458,502
40,55,59,60,61,62,63,64,65,66,67,68,69,70,71,72,73,74,75,77,78,79,81,82,83,84,86,91,92,93,95,96,102,103,104,105,106,109,111,112,113,114,116,119,120,121,122,123,124,125,126,127,128,129,130,132,133,136,140,143,144,145,155,156,163,165,170,172,173,174,177,179,180,182,183,184,186,188,190,191,192,193,194,195,196,197,200,202,203,204,205,207,212,215,216,219,220,221,224,229,230,231,232,233,234,235,239,249,252,258,261,268,275,277,292,297,313,328,329,332,335,336,337,345,346,354,356,359,371,372,379,389,407,412,414,485,489,575,598,696
41,27,57,60,61,62,63,64,65,66,67,68,69,70,74,75,76,77,78,81,85,86,87,88,89,90,91,92,93,94,96,97,98,99,101,102,103,104,105,107,108,109,110,112,113,114,116,118,119,122,123,126,127,128,129,130,131,137,138,141,143,154,160,162,163,166,169,173,174,179,180,181,183,184,185,190,194,198,206,207,211,216,221,227,230,232,238,241,243,245,248,255,258,261,262,263,265,268,271,272,274,284,289,291,294,296,300,302,304,305,310,311,312,314,319,323,324,331,338,345,346,348,360,383,394,445,466,467,481,616
42,55,61,64,65,68,70,71,72,74,75,76,77,78,79,81,82,83,84,85,86,87,88,90,91,93,95,96,97,99,101,102,103,104,106,107,108,110,111,112,113,114,115,116,118,119,120,123,126,127,128,129,134,135,136,137,150,151,157,160,163,167,171,173,177,181,188,190,192,193,195,196,197,199,201,203,204,208,211,214,215,220,224,227,229,232,235,236,243,244,245,247,248,251,253,255,256,259,265,270,275,279,282,284,285,287,289,294,295,297,298,304,305,307,313,314,317,319,324,325,327,328,331,335,341,349,359,368,476,492,526,549,556
43,12,62,68,69,72,73,74,75,76,78,79,80,81,82,84,85,86,87,88,89,90,91,92,94,95,96,98,99,101,103,105,106,108,112,113,114,116,119,120,123,124,125,127,129,134,135,137,144,148,149,157,163,164,165,166,168,169,170,171,173,174,175,176,179,180,181,183,186,192,198,199,202,205,206,212,214,216,217,223,224,227,228,231,233,234,235,237,239,240,241,243,245,249,251,253,255,256,258,259,260,263,266,267,268,271,272,273,280,286,287,289,293,297,298,306,315,327,353,401,426,452,508
44,52,62,63,66,67,68,70,71,72,73,74,75,76,77,78,79,80,81,83,84,85,86,87,88,89,90,91,92,95,97,98,102,104,107,108,110,111,112,113,114,115,116,117,119,120,121,122,123,124,126,127,128,129,130,131,134,136,137,140,142,143,147,151,154,160,166,182,184,185,190,191,202,208,209,211,216,219,220,222,226,230,234,241,243,251,253,259,284,287,292,332,340,347,359,647,698
45,29,44,59,63,67,68,71,72,73,74,75,76,77,79,80,81,82,83,84,86,87,91,92,93,94,96,97,99,100,102,104,105,106,107,108,109,110,111,121,122,123,124,125,127,128,129,130,131,133,134,136,139,141,142,147,150,152,153,157,162,165,169,173,175,177,180,183,184,186,188,189,195,197,198,200,201,202,204,205,206,207,215,216,218,222,236,254,256,259,279,297,307,315,337,364,409,570,594,619,645
46,11,43,52,56,60,62,65,69,71,73,74,75,78,79,80,81,82,85,86,87,88,89,90,91,92,95,97,98,99,100,102,105,107,109,112,115,117,118,120,121,125,129,130,131,132,133,134,137,138,139,142,144,146,148,149,153,164,169,177,180,183,184,218,221,229,230,232,237,239,246,247,255,260,268,274,284,285,292,684
47,9,38,54,57,58,59,60,61,63,68,71,72,76,79,80,81,83,84,85,91,93,95,99,102,104,105,107,112,113,114,115,119,120,122,123,125,128,139,140,158,167,175,177,179,199,235,240,284,312,408,581,697
48,23,46,53,65,66,67,73,74,75,76,77,79,80,81,84,87,93,94,95,100,102,103,105,107,108,112,117,123,125,136,143,152,273,293,315,325
49,4,52,58,60,61,62,66,70,73,74,75,78,80,92,93,96,101,103,106,109,111,113,124,127,130,133,134,148,239,406,533,668
50,54,74,84,86,88,92,94,95,98,100,102,110,112,113,114,119,122,123,125,126,129,131,133,140,142,327,340,541,636,683
51,28,75,87,88,90,98,99,111,112,125,126,131,132,135,149,331,349,454,582,624
52,13,83,148,157,172,180,332,388,580
53,133,522,527,581,622,639,696
54,209,638
55,250,397
56,9,183,486,506,567
57,307,564,612,673
58,
59,435,441,460,696
60,124,380,387,449,475,679
61,242,323,380,485,489,699
62,333,521,599
63,3,216,346,572,582,583,618
64,96,174,178,196,457,502,504
65,39,292,426,565
66,22,35,103,122,145,508,604,642
67,5,422,510,557
68,286,424,510,677
69,480,656
70,
71,
72,
73,
74,
75,
76,
77,
78,
79,
80,
81,
82,
83,
84,
85,
86,
87,
88,
89,
90,
91,
92,
93,
94,
95,
96,
97,
98,
