15
0,55
1,194,470,486,620,655,690
2,62,198,307,393
3,603
4,50,52,183,427,559,633
5,184,261,547,672
6,102,163,282,407,463,537,540
7,42,202,430
8,192,258,349,520,588,592,601,602
9,223,282,421,575,618,629,671
10,318,377,488,495,572,609
11,127,334,566,568
12,38,103,111,142,152,189,212,365,405,545,548
13,56,61,71,84,86,88,90,93,99,101,103,104,105,107,109,114,146,152,186,187,193,207,227,235,239,241,304,347,390,434,579,580,617
14,54,79,80,82,84,86,87,88,89,90,91,92,93,94,95,96,97,98,99,100,101,102,103,104,105,106,107,108,109,110,111,112,113,114,115,116,117,118,119,120,122,123,124,127,130,131,135,138,176,182,204,224,243,275,283,354,481,553,562
15,58,60,66,69,73,76,81,82,84,85,86,87,89,90,92,93,94,95,96,97,98,99,100,101,102,103,104,105,106,107,108,109,110,111,112,113,114,115,116,117,118,119,120,121,122,123,124,125,126,127,128,129,130,131,132,133,134,135,136,137,138,139,140,141,142,143,144,145,146,147,148,149,150,151,152,153,154,155,156,157,158,159,160,161,162,163,164,165,166,167,168,169,170,171,172,173,174,175,176,177,178,179,180,182,187,189,191,192,193,194,195,196,197,198,199,200,201,202,203,204,205,206,207,208,209,210,211,213,214,220,242,269,302,320,583
16,7,73,88,90,91,92,93,94,95,96,97,98,99,100,101,102,103,104,105,106,108,109,110,111,112,113,114,115,116,117,118,119,120,121,122,123,124,125,126,127,128,129,130,131,132,133,134,135,136,137,138,139,140,141,142,143,144,145,146,147,148,149,150,151,152,153,154,155,156,157,158,159,160,161,162,163,164,165,166,167,168,169,170,171,172,173,174,175,176,177,178,179,181,182,183,184,185,186,187,188,189,190,191,192,193,194,195,196,197,198,199,200,201,202,203,204,205,206,207,208,209,210,211,212,213,214,215,216,217,218,219,220,221,222,223,224,225,226,227,228,229,230,231,232,233,234,235,236,237,238,239,240,241,242,243,244,245,246,247,248,249,250,251,252,253,254,255,256,257,258,259,260,261,262,263,264,265,266,267,268,269,270,271,272,273,274,275,276,277,278,279,280,281,282,283,284,286,289,290,291,293,294,295,296,297,298,300,302,305,306,307,308,309,310,311,312,313,314,315,316,318,319,320,323,327,328,330,331,332,333,334,335,337,338,339,340,341,342,343,345,346,349,350,353,354,356,360,365,369,371,375,382,383,385,399,413,456,543
17,12,87,88,89,90,91,92,93,94,95,96,97,98,99,100,101,102,103,104,105,106,107,108,109,110,111,112,113,114,115,116,117,118,119,120,121,122,123,124,125,126,127,128,129,130,131,132,133,134,135,136,137,138,140,141,143,144,145,146,147,148,149,150,151,153,154,155,156,157,158,159,160,161,162,164,165,166,167,168,169,170,171,172,173,174,175,177,178,179,181,182,183,184,185,186,187,188,189,190,191,192,193,194,195,196,197,198,199,200,201,202,203,204,205,206,207,208,209,210,211,212,213,214,215,216,217,218,219,220,221,222,223,224,225,226,227,228,229,230,231,232,233,234,235,236,237,238,239,240,241,242,243,245,246,247,248,249,250,251,252,253,254,255,256,257,259,260,261,262,263,264,265,266,267,268,269,270,271,272,273,274,275,276,278,279,280,281,282,283,284,285,286,287,288,289,290,291,292,293,294,295,296,297,298,299,300,301,302,303,304,305,306,307,308,309,310,311,312,314,315,316,319,321,322,323,324,325,327,328,329,330,331,332,333,334,335,336,337,338,340,341,342,343,344,345,346,347,348,349,350,351,353,354,355,356,358,360,361,362,363,365,366,367,369,370,371,372,373,374,375,376,377,379,380,385,387,388,389,390,391,394,401,403,410,424,430,431,432,435,459,466,489,520,540,628,640
18,65,82,85,86,87,88,89,90,91,92,93,94,95,96,97,98,99,100,101,102,104,105,106,107,108,109,110,111,112,113,114,115,116,117,118,120,122,123,124,125,126,128,129,131,132,133,134,135,136,138,139,140,143,144,145,146,147,148,149,150,151,152,153,154,155,157,158,159,160,161,162,163,164,165,166,167,168,171,172,173,174,175,176,177,178,179,180,181,182,183,184,185,186,187,188,189,190,191,192,193,195,196,197,198,199,200,201,202,203,204,205,206,207,208,209,210,211,212,213,214,215,216,217,218,219,220,221,222,223,224,226,228,229,230,232,233,235,236,237,238,239,240,241,242,243,244,245,246,247,248,249,250,251,252,254,255,256,257,258,259,260,261,262,263,264,265,266,267,268,269,271,272,273,274,275,276,277,278,279,280,281,283,284,285,286,287,288,289,291,292,293,294,296,297,298,299,300,301,302,303,304,305,306,307,308,311,312,314,315,316,317,318,320,321,322,324,325,326,327,328,329,331,333,334,337,338,341,342,345,346,347,349,355,357,358,359,361,364,366,367,369,373,375,376,377,381,388,389,392,395,398,401,402,404,406,407,409,410,447,462,507,534,660
19,80,83,85,86,88,89,90,91,92,93,94,95,96,97,98,99,100,101,102,103,104,105,106,107,108,109,110,111,112,113,114,116,117,118,120,121,122,123,124,125,126,127,128,130,133,134,135,137,138,139,140,141,142,144,145,146,148,149,150,151,152,153,154,156,157,160,161,163,164,165,166,167,168,169,170,172,174,175,176,177,178,179,180,181,182,183,184,185,186,189,190,192,194,195,196,197,198,199,200,201,205,206,207,208,209,210,211,212,213,214,215,216,217,218,219,220,221,222,223,224,225,226,227,228,229,230,231,232,233,234,235,236,237,238,239,240,242,243,244,245,246,247,249,250,251,252,253,254,255,256,257,259,261,264,265,266,267,269,270,271,272,273,274,275,276,279,281,282,285,286,289,293,296,298,300,302,304,305,307,309,310,311,312,313,315,317,318,320,321,322,323,324,325,326,327,328,330,331,333,337,338,341,346,348,351,356,359,360,363,364,366,369,370,371,373,375,376,377,378,379,382,384,387,388,394,395,401,402,404,406,407,408,409,418,431,432,433,528,568,695
20,5,18,27,59,66,83,84,85,86,89,90,92,93,94,95,97,98,99,101,102,103,104,107,108,109,110,111,112,113,114,115,116,117,118,119,120,121,122,123,124,125,126,128,129,130,131,132,133,135,137,138,139,140,141,142,145,147,149,151,152,153,156,157,158,159,160,161,164,165,167,168,169,170,172,173,174,175,176,179,180,181,182,185,186,187,188,189,190,191,193,194,195,196,197,199,201,202,204,206,207,208,209,211,212,213,214,215,216,217,218,219,221,222,225,226,227,228,229,231,232,233,234,235,236,237,238,239,240,242,243,244,245,246,247,248,249,250,251,252,254,255,256,257,258,259,260,261,262,263,265,268,270,271,272,273,274,276,277,278,279,280,281,282,283,284,285,286,287,288,291,292,293,295,297,298,299,300,301,303,306,308,309,310,311,313,314,316,317,318,319,320,321,322,326,327,329,332,336,338,342,343,345,348,349,350,352,355,356,357,358,360,363,365,366,367,368,369,370,371,374,376,379,381,382,385,386,392,394,395,400,402,404,405,408,409,410,411,416,421,423,428,430,433,451,453,482,656,696
21,22,79,80,81,82,83,85,86,87,88,89,90,91,92,93,94,96,97,98,99,100,102,103,104,105,106,107,108,109,110,111,112,113,114,115,116,117,118,119,120,122,124,125,126,127,128,129,130,131,132,133,134,135,136,137,138,139,140,141,142,144,145,146,147,149,150,151,152,153,155,157,160,166,167,168,171,173,174,175,178,179,180,181,182,183,184,185,186,187,188,189,191,192,193,194,195,196,198,199,204,206,209,210,211,212,213,214,215,216,217,218,219,220,221,222,223,224,225,228,230,231,232,235,237,238,239,242,243,244,245,246,248,249,251,252,254,255,256,257,259,260,261,262,263,265,269,270,271,272,273,274,277,278,279,280,283,284,285,286,288,293,294,295,296,297,301,302,303,304,305,306,308,309,310,312,318,319,322,323,324,326,327,330,332,333,336,339,340,346,347,348,350,354,355,358,362,364,369,370,371,372,375,376,377,380,381,382,383,384,385,388,390,392,393,397,400,402,404,405,408,410,411,412,413,414,415,418,424,435,436,439,442,445,448,449,458,460,486,494,504,552
22,78,79,80,82,83,84,85,86,87,88,89,90,91,92,93,94,95,96,97,98,99,100,101,102,103,104,106,107,108,109,110,111,112,113,114,116,117,118,119,120,121,122,123,124,125,126,127,128,129,130,131,132,133,135,136,137,138,140,142,143,145,146,147,150,151,152,153,154,155,156,157,159,160,162,163,164,165,167,168,170,171,172,173,174,175,176,177,178,179,180,181,182,183,184,185,186,187,188,189,190,192,193,195,197,198,201,202,203,204,205,207,210,211,213,215,216,217,218,221,222,223,225,226,227,228,229,230,232,233,234,235,237,241,242,243,245,246,249,250,254,255,259,260,262,264,266,267,269,271,272,273,275,280,281,282,283,284,286,287,290,291,292,295,296,297,300,306,310,311,312,313,318,320,324,325,329,331,332,335,339,343,348,351,352,353,355,360,367,368,369,371,374,377,379,386,397,406,410,412,413,415,416,420,429,466,474,479,507,570
23,32,74,76,77,78,79,80,81,82,83,84,85,86,87,90,91,92,93,94,95,96,97,98,99,100,101,102,103,104,105,106,107,108,109,110,111,112,113,114,115,116,117,119,120,121,122,123,124,125,126,127,128,129,130,131,134,135,136,137,138,139,140,142,143,144,145,147,148,149,150,151,152,153,154,155,156,157,158,159,162,163,166,167,168,169,170,171,172,173,174,175,177,178,180,181,182,183,184,185,187,188,189,190,191,192,194,195,196,197,198,200,203,205,206,207,208,209,210,211,212,213,214,215,216,217,218,219,220,221,222,225,226,229,230,233,234,237,238,240,242,245,246,248,249,250,251,252,255,257,258,259,260,263,264,265,266,268,269,270,276,278,279,280,281,282,286,288,293,294,295,296,297,299,300,301,302,307,309,310,311,312,313,314,315,319,320,321,322,325,330,336,337,339,340,344,346,348,349,350,353,359,366,367,371,379,380,422,479
24,48,72,76,77,79,80,81,82,83,84,85,86,87,89,90,91,92,93,94,95,96,97,98,99,100,101,102,103,104,105,106,107,108,109,110,111,112,113,115,116,117,118,119,121,122,125,126,129,130,131,132,133,136,137,138,139,140,142,143,144,146,147,148,149,150,151,154,155,156,157,158,159,160,161,167,168,170,171,172,173,174,175,176,177,179,180,181,182,191,192,193,196,198,199,200,203,205,208,210,211,212,214,215,218,219,220,221,223,226,227,229,230,234,235,236,237,238,239,240,241,242,244,245,246,247,248,251,252,254,256,257,258,259,261,263,264,267,269,272,276,277,278,279,280,281,284,285,286,287,290,291,294,295,296,297,299,300,302,304,308,309,311,312,313,320,321,322,324,326,327,328,329,331,334,338,341,350,358,362,372,374,378,381,382,383,390,424,427,429,435,479,535,542,544
25,67,69,71,72,73,74,75,76,77,78,79,80,81,82,83,84,85,86,88,89,90,91,92,93,94,95,96,97,98,99,100,101,102,103,104,105,106,107,108,109,110,111,113,114,115,116,117,118,119,120,121,122,123,124,125,126,128,129,130,131,132,134,135,136,137,138,139,140,141,142,143,145,146,147,148,149,150,151,152,153,154,155,156,157,158,159,160,161,163,165,166,168,169,171,174,175,177,179,180,182,184,186,187,188,190,193,195,208,211,216,219,221,233,234,235,236,240,243,244,247,250,257,259,263,264,272,275,280,285,290,293,308,315,319,332,340,366,372,376,399,429,444,446,656
26,47,66,71,72,73,74,75,76,77,78,79,80,81,82,83,84,85,86,87,88,89,90,91,92,93,94,95,96,97,98,99,100,101,102,103,104,105,106,107,108,109,110,111,112,113,114,115,116,117,118,119,120,121,122,124,125,126,127,128,129,130,131,132,133,134,135,136,137,138,140,141,142,143,144,145,146,147,148,149,150,151,152,153,154,156,157,159,161,162,163,165,166,168,169,170,172,174,175,176,177,178,179,183,185,186,188,189,192,195,196,197,198,199,200,203,204,208,210,212,213,214,215,216,217,219,227,229,230,232,234,236,241,243,245,247,250,260,261,263,282,284,286,297,301,302,314,321,322,324,325,332,341,355,356,380,424,455,549
27,68,70,71,72,73,74,75,76,77,78,79,81,82,83,84,85,86,87,88,89,90,92,94,95,96,97,98,100,101,103,104,105,106,107,109,110,112,113,114,116,117,118,119,120,121,122,123,124,125,127,128,129,130,133,134,136,137,138,139,140,141,144,145,146,147,148,149,150,152,155,157,158,159,160,161,162,165,166,168,169,171,174,175,178,179,180,181,182,183,186,187,188,190,191,192,193,194,196,197,198,200,202,204,206,207,208,209,210,211,212,214,215,216,217,218,219,222,223,224,226,229,239,244,247,249,251,254,262,265,266,271,273,280,281,290,291,297,300,302,304,309,314,325,332,340,434,459,518
28,11,66,67,68,69,70,71,72,73,74,75,76,77,78,79,80,81,82,83,84,85,86,87,88,90,91,92,93,94,96,97,98,99,100,101,102,103,104,105,106,108,109,111,113,114,115,116,117,119,120,122,123,124,127,128,130,131,132,133,134,135,136,137,139,140,141,142,143,144,145,146,148,149,151,152,153,156,157,158,159,160,161,162,163,164,168,169,170,171,172,173,174,176,178,180,181,182,183,184,185,186,187,188,189,191,192,193,196,199,200,201,205,206,208,209,210,213,217,221,222,226,227,235,241,242,243,245,248,251,253,254,255,258,259,262,266,267,272,275,280,283,294,300,306,317,320,321,328,337,347,359,366,375,376,467,663,665
29,64,65,66,67,68,69,70,71,72,73,74,75,76,77,79,80,81,82,84,85,87,88,90,91,92,93,95,97,98,99,100,102,103,104,105,106,107,108,109,110,111,112,114,115,116,117,118,119,120,121,122,123,124,125,126,127,128,130,131,133,134,140,142,144,145,147,148,151,154,155,156,160,162,164,166,170,172,174,175,176,177,179,182,183,187,189,191,192,193,195,196,197,199,203,204,206,207,208,209,210,211,213,215,216,218,225,227,231,233,234,236,237,240,241,243,246,255,266,269,271,277,280,285,288,302,320,322,325,328,342,346,357,365,396
30,23,35,56,65,66,67,68,69,70,71,72,73,74,75,76,77,78,79,80,81,82,83,84,85,86,87,88,89,90,91,92,93,94,95,96,97,98,100,101,102,103,104,105,106,107,108,109,110,111,113,114,115,117,118,119,120,121,122,123,124,125,127,128,129,130,131,132,133,134,136,137,138,142,144,145,150,152,153,155,156,158,160,163,165,167,168,169,171,172,174,175,178,179,181,183,184,185,186,188,191,193,197,198,199,200,201,202,203,204,205,206,209,210,213,214,219,222,226,227,234,235,236,240,242,244,246,251,255,257,258,260,261,264,270,271,274,275,279,280,284,285,292,304,311,315,328,333,364,455,631,639,690
31,12,53,56,59,60,61,62,63,64,65,66,67,68,69,70,71,72,73,74,75,76,77,78,79,80,81,82,83,84,85,86,87,89,91,92,93,94,96,97,98,99,100,101,102,104,106,107,108,109,110,111,112,113,115,117,118,121,122,123,124,127,129,132,133,135,136,138,140,141,142,143,148,153,156,157,160,162,163,164,165,170,171,172,173,174,177,179,181,182,186,187,189,191,193,198,199,200,204,205,206,207,209,211,212,213,216,217,218,221,223,224,229,230,241,242,243,245,247,249,250,254,260,261,262,263,265,266,267,268,269,279,280,291,295,301,302,311,313,324,329,338,352,377,414,521,680,683,691
32,55,58,60,62,63,64,65,66,67,68,69,70,71,72,73,75,76,78,79,80,81,83,84,85,86,87,88,89,91,92,93,94,96,97,98,99,100,101,103,104,105,107,108,109,112,113,114,115,116,120,129,130,131,132,135,140,142,143,144,146,149,151,154,159,160,162,163,164,165,166,167,168,169,171,172,173,174,176,177,180,181,182,183,184,185,187,189,191,195,199,203,206,207,208,220,225,226,227,230,233,234,240,242,244,248,250,251,259,260,261,267,276,288,291,295,296,298,304,319,322,328,366,638
33,50,55,58,59,60,61,62,63,64,65,66,67,70,71,72,73,74,75,76,77,78,79,80,81,83,84,86,88,89,92,93,94,95,98,99,101,104,105,107,108,109,116,120,122,123,124,125,127,131,133,134,135,136,140,141,143,144,145,148,152,154,155,156,160,162,166,169,170,171,172,174,175,176,177,178,179,180,181,182,183,184,185,188,189,192,193,194,196,197,204,207,210,214,215,219,224,227,232,235,236,250,259,260,262,266,267,270,285,287,288,298,302,312,322,323,350,368,420,493,503
34,7,9,43,44,49,59,61,64,66,67,68,69,70,71,72,73,77,79,80,84,85,87,89,92,93,96,98,100,105,117,121,122,123,124,130,132,134,142,144,147,151,152,154,156,157,161,163,164,167,168,170,174,175,176,180,182,183,185,186,187,190,192,193,195,197,198,199,200,205,210,212,216,217,218,219,228,237,239,240,244,248,260,262,263,265,292,297,300,335,341,365,451,467,549
35,60,61,63,66,67,69,71,72,73,75,77,78,79,81,82,83,90,92,95,97,100,103,107,114,120,121,123,129,130,131,148,149,150,153,156,159,178,179,181,182,192,233,235,250,252,279,282,290,300,324,381,478,621
36,35,45,68,75,90,92,96,100,101,103,112,113,120,123,125,126,127,131,137,138,151,156,180,181,192,194,199,211,218,229,237,246,249,250,264,266,288,336,396,553
37,43,92,95,106,115,120,126,479,509,514,515
38,391,495,694
39,509,539
40,
41,399,689
42,54,230,669
43,242,671
44,202,289,318,412,545,567,571,616,620,625
45,279,443,485
46,50,123,227,476,545,599
47,27,266,322,375,540
48,601
49,365,436,464,556,631,660
50,27,304
51,53,56,472,605
52,6,270,563,635,640,660
53,534,547,572
54,101,534
55,
56,
57,
58,
59,
60,
61,
62,
63,
64,
65,
66,
67,
68,
69,
70,
71,
72,
73,
74,
75,
76,
77,
78,
79,
80,
81,
82,
83,
84,
85,
86,
87,
88,
89,
90,
91,
92,
93,
94,
95,
96,
97,
98,
