16
0,629
1,3,10,11,13,15,19,20,21,24,30,32,50,153,500
2,3,7,9,10,11,12,13,14,15,16,18,21,22,23,27,29,32,33,38,41,42,43,44,45,46,49,50,51,52,53,54,55,58,61,62,63,75,99,122,213,450,553
3,6,7,8,9,10,12,13,14,15,16,17,18,19,20,21,23,25,26,27,28,29,30,31,32,33,34,35,36,37,38,39,40,41,42,44,45,46,48,50,51,53,54,55,56,57,58,59,60,61,62,63,64,65,66,67,68,70,71,72,75,77,79,82,99,101,102,103,104,107,108,109,110,111,127,148,149,153,162,629,641,688
4,3,4,5,6,7,8,9,10,11,12,13,14,15,16,17,19,20,21,22,23,24,25,26,27,28,29,30,31,32,33,34,35,36,37,38,39,40,41,42,43,44,45,46,47,48,49,50,51,52,53,54,55,56,57,58,59,60,61,62,63,64,65,66,67,68,69,70,71,72,73,74,75,76,77,78,80,81,83,84,85,86,89,90,91,94,95,97,98,99,100,101,102,103,104,105,106,107,108,109,110,111,112,113,114,115,116,117,118,119,120,121,122,123,124,125,126,127,128,129,130,131,132,133,134,135,138,139,144,146,147,157,158,160,162,168,172,177,191,215,216,217,220,244,272,437,693
5,1,2,3,4,5,6,7,8,9,10,11,12,13,14,15,16,17,18,19,20,21,22,23,24,25,26,27,28,29,30,31,32,33,34,35,36,37,38,39,40,41,42,43,44,45,46,47,48,49,50,51,52,53,54,55,56,57,58,59,60,61,62,63,64,65,66,67,68,69,70,71,72,73,74,75,76,77,78,79,80,81,82,83,84,85,86,87,88,89,90,92,93,94,95,96,97,98,99,100,101,102,103,104,105,106,107,108,109,110,111,112,113,114,115,116,117,118,119,120,121,122,123,124,125,126,127,128,129,131,132,133,134,135,136,137,138,139,140,141,142,143,144,145,146,147,148,149,150,151,152,153,154,155,156,158,159,160,161,162,163,164,165,166,167,168,169,170,171,172,173,174,175,176,177,178,179,180,181,182,183,184,185,186,187,188,189,190,191,192,193,194,195,196,197,198,199,200,201,202,203,204,205,207,208,209,210,211,212,213,214,215,216,217,218,219,220,221,222,223,224,227,228,229,231,232,233,235,237,238,239,240,241,242,243,244,245,248,249,251,252,253,254,258,259,260,261,264,267,271,272,276,285,290,291,294,296,301,310,314,321,329,336,345,353,364,366,382,395,402,456,503,564
6,1,2,3,4,5,6,7,8,9,10,11,12,13,14,15,16,17,18,19,20,21,22,23,24,25,26,27,28,29,30,31,32,33,34,35,36,37,38,39,40,41,42,43,44,45,46,48,49,50,51,52,53,54,55,56,57,58,59,60,61,62,63,64,65,67,68,69,70,71,72,73,74,75,76,77,78,79,80,81,82,84,85,86,88,89,90,91,92,93,94,95,96,97,98,99,100,101,104,105,106,107,108,109,110,111,112,114,115,116,117,118,119,120,121,122,123,124,125,126,127,128,129,130,131,132,133,134,135,136,137,138,139,140,141,142,143,144,145,146,147,148,149,150,151,152,153,154,155,156,157,158,159,160,161,162,163,164,165,166,167,168,169,170,173,174,175,176,177,178,179,180,181,182,183,184,185,186,187,188,189,190,191,192,193,194,195,196,197,198,199,200,201,202,203,204,205,206,207,208,209,210,211,212,213,214,215,216,217,218,219,220,221,222,223,224,226,228,229,230,231,232,233,234,235,236,237,238,239,240,243,244,246,247,250,251,252,253,257,258,260,261,262,263,264,265,266,267,270,271,272,273,274,276,277,278,280,286,290,291,297,302,305,307,308,322,323,325,327,358,467,502,521,594,661
7,1,2,3,4,5,6,7,8,9,10,11,12,13,14,15,16,17,19,20,21,22,23,24,25,26,27,28,29,30,32,33,34,35,36,37,38,39,40,41,42,44,45,47,48,49,50,51,52,54,55,56,57,58,59,60,62,64,65,66,67,68,69,70,71,73,74,75,76,77,78,80,81,83,84,85,86,87,88,89,90,91,92,93,94,95,96,97,99,100,101,102,103,104,105,106,107,108,109,110,111,112,113,114,115,116,117,118,119,120,121,122,124,125,126,127,128,131,132,133,135,136,137,138,139,140,141,142,143,144,145,146,147,148,149,150,151,152,153,154,155,156,157,158,159,160,161,162,163,164,165,166,167,168,170,171,172,174,175,176,177,179,180,181,182,183,184,185,187,188,189,190,191,192,194,196,197,198,199,201,202,203,204,206,207,211,214,215,216,217,220,221,222,223,226,227,230,231,232,233,234,235,236,237,239,241,242,243,244,246,247,248,253,254,255,256,257,258,260,262,266,271,273,274,276,279,287,288,289,299,302,307,314,326,335,376,396,462,515,626
8,1,2,3,5,6,7,8,9,10,11,12,13,14,15,16,17,18,19,20,21,22,23,24,25,26,27,28,29,30,31,32,33,36,37,38,39,40,41,43,44,45,46,47,48,49,50,51,52,53,54,55,56,57,58,59,60,61,63,65,66,67,68,70,71,72,73,74,75,76,77,78,81,82,83,85,86,88,89,90,91,92,93,94,95,96,97,98,99,101,102,103,104,109,110,111,112,113,115,116,117,119,120,121,122,123,124,125,126,127,129,131,132,133,134,135,136,137,138,139,140,142,144,145,146,147,149,150,151,152,153,156,157,159,160,162,166,167,168,169,170,172,173,175,177,178,179,180,181,184,185,186,187,188,189,190,192,193,194,195,196,197,198,199,201,203,204,208,210,211,214,216,217,218,219,220,222,225,231,235,236,238,240,241,242,243,251,252,255,257,258,273,275,276,278,279,294,298,303,310,315,318,321,377,423,498,620,646,661
9,1,2,3,4,5,6,7,8,9,10,11,12,13,14,15,16,18,19,21,23,24,25,26,27,28,29,30,31,32,33,34,35,36,37,38,39,40,41,43,44,46,47,48,49,50,51,52,53,55,56,57,58,59,60,61,62,63,64,65,66,67,68,70,74,78,79,80,81,82,83,84,85,86,87,88,89,90,91,92,93,94,95,96,97,98,99,100,101,102,103,104,105,106,107,109,110,111,112,115,119,120,123,125,127,128,129,130,131,132,133,134,135,136,137,138,140,141,142,144,146,147,150,151,152,153,154,158,159,161,162,164,167,168,169,171,174,175,179,184,185,186,189,191,194,195,197,199,200,203,204,205,206,208,209,210,214,215,217,218,219,220,221,222,224,228,229,231,235,237,242,245,252,257,264,267,270,278,289,290,293,300,330,334,380,461,472
10,1,2,3,4,5,6,7,8,9,10,11,12,13,14,15,16,17,18,19,20,21,22,23,24,25,26,27,28,29,30,31,32,33,34,36,37,40,41,42,43,44,45,47,48,49,50,51,53,54,56,57,59,60,61,62,64,66,67,68,69,70,73,74,75,76,77,79,80,81,83,84,85,86,87,88,90,91,92,93,94,95,96,97,98,99,100,101,103,104,105,106,109,110,111,112,113,114,115,117,118,119,121,122,123,125,126,127,130,131,133,135,136,137,138,140,141,143,144,145,146,147,148,149,150,151,152,154,155,156,157,158,160,163,164,171,172,175,179,181,184,185,187,189,193,194,195,198,199,205,209,210,213,215,216,220,226,232,237,241,242,248,249,256,259,263,265,270,273,276,281,303,316,404
11,1,2,3,4,5,6,7,8,9,10,11,12,13,14,15,16,17,18,19,20,21,22,23,25,26,27,28,30,31,32,34,35,37,38,39,42,44,45,46,47,49,50,51,52,53,54,56,57,58,59,60,62,63,64,65,66,67,68,70,71,72,74,75,77,78,79,80,81,82,83,84,85,86,87,89,90,92,94,95,96,97,98,99,100,101,104,105,106,107,108,109,110,112,113,115,116,117,118,119,121,122,123,127,128,129,130,131,132,135,137,138,140,141,142,143,144,145,148,151,153,156,158,160,162,163,165,167,170,171,181,184,187,189,190,191,194,198,199,200,201,204,205,209,214,215,217,218,219,237,243,265,268,280,284,297,302,318,400,628
12,2,4,5,6,7,8,9,10,12,13,14,15,16,17,18,19,20,21,22,23,24,25,26,28,29,31,32,33,34,35,36,38,39,40,41,42,43,44,45,46,48,49,50,51,52,53,54,55,56,57,58,59,63,65,66,67,68,70,71,72,73,75,76,77,80,82,83,84,85,86,87,88,89,90,91,92,93,94,95,96,98,99,101,103,105,107,109,110,111,113,115,117,118,121,123,124,126,128,131,132,133,136,143,144,145,146,147,148,150,152,153,154,155,157,158,165,166,167,169,170,173,177,178,179,182,183,185,187,188,189,193,195,196,197,198,202,214,216,222,223,232,233,249,276,295,296,338,430,454,495,643
13,1,2,3,4,5,7,8,9,10,11,12,13,14,15,16,17,19,20,21,22,23,24,25,26,27,28,29,31,32,33,34,35,37,38,39,40,41,43,44,45,46,48,49,50,53,54,55,56,57,58,59,60,61,62,63,64,66,68,70,72,74,76,78,79,82,83,84,85,87,88,89,90,91,92,93,94,95,96,97,99,100,101,102,103,104,105,106,107,109,110,112,113,115,117,118,119,123,124,126,128,132,135,137,138,139,141,147,149,150,151,154,155,157,160,162,166,169,174,176,179,183,186,187,193,194,195,198,199,200,208,211,213,219,226,229,233,240,258,270,288,466,607
14,2,3,4,5,6,7,8,9,10,11,13,14,15,16,17,18,19,20,22,23,24,25,26,27,28,29,30,31,33,34,35,36,37,38,40,41,42,44,45,46,47,48,49,50,52,55,56,57,60,61,65,66,67,70,71,73,74,75,76,77,78,79,81,82,83,84,85,86,87,90,91,92,93,94,95,96,97,98,100,102,103,105,106,109,110,111,112,113,115,116,117,118,119,120,121,123,127,128,131,133,134,136,138,139,141,142,144,145,147,148,149,150,151,152,154,161,166,167,169,183,187,190,191,195,198,199,204,210,211,213,214,228,229,253,341,398,518,668
15,3,5,6,7,8,9,10,11,12,13,14,15,16,17,18,19,20,21,24,25,26,27,28,29,31,32,33,34,35,37,38,40,41,42,43,45,46,47,48,49,50,51,52,53,54,55,56,57,58,59,60,61,62,64,65,66,67,68,70,71,73,74,75,76,78,79,81,84,85,86,87,88,89,90,91,92,93,95,96,97,98,100,101,103,104,105,106,108,109,110,111,113,114,115,116,117,118,119,120,121,122,123,124,126,127,128,129,130,131,132,133,134,140,141,143,145,147,148,149,151,152,153,155,156,157,159,162,164,165,168,170,171,174,177,181,182,183,185,192,193,226,236,237,243,255,267,322,346,362,381,638
16,1,2,3,4,5,6,7,8,9,10,11,12,13,14,15,16,17,18,19,20,21,22,24,25,26,27,28,29,30,31,32,34,36,37,38,39,40,41,42,44,45,46,48,49,50,51,52,53,54,55,57,59,60,61,62,64,65,66,68,72,74,76,77,78,79,80,81,83,84,85,86,87,88,89,90,91,92,93,96,97,98,99,100,101,102,103,106,109,111,115,117,122,123,124,125,129,130,132,135,136,137,138,140,141,142,143,144,145,146,147,148,149,150,151,152,153,156,157,159,160,161,162,163,165,166,167,168,173,174,175,178,180,184,186,188,190,194,195,197,199,200,201,202,203,204,208,211,215,219,223,229,240,241,244,248,254,255,262,263,267,294,300,333,496
17,4,5,7,8,10,11,12,13,14,15,16,17,18,19,20,21,22,23,24,25,26,27,28,29,30,31,32,33,34,35,36,38,39,40,41,43,44,45,46,47,48,49,50,51,52,53,55,56,57,58,59,62,64,66,67,68,69,70,71,73,75,78,79,81,82,85,86,87,88,89,90,92,93,94,95,96,97,98,99,101,103,105,107,108,109,110,111,112,113,114,116,117,118,119,121,122,123,126,129,130,131,132,135,136,138,140,142,143,144,145,147,148,149,152,153,154,155,156,157,160,162,163,164,167,169,170,172,175,177,180,181,183,184,188,190,191,192,195,196,200,203,208,211,214,217,220,221,224,227,228,232,236,246,254,259,278,283,288,318,326,579,582,643
18,2,6,7,10,11,12,14,15,16,17,18,19,20,21,22,23,24,26,27,28,29,30,31,33,34,35,38,39,40,41,43,44,45,46,47,48,49,50,51,52,53,54,56,57,58,59,60,61,62,63,65,68,70,71,73,74,76,78,79,80,82,85,87,88,89,91,93,94,97,99,100,101,103,104,106,107,108,109,111,112,113,114,115,116,118,119,120,121,122,123,124,125,126,127,129,130,132,133,134,135,136,137,138,141,142,144,145,146,147,148,149,150,151,152,153,154,155,156,157,158,159,160,162,163,164,165,167,168,171,172,173,176,178,179,180,181,182,184,186,187,191,192,194,195,196,197,198,201,204,208,210,211,213,215,216,220,222,223,224,230,232,233,241,244,247,250,253,286,289,333,565,605
19,1,2,5,7,9,12,14,15,16,18,20,21,24,25,27,28,29,31,32,33,34,35,36,37,38,39,40,41,42,43,44,45,46,47,48,49,50,51,52,53,54,55,56,58,59,60,61,62,63,67,68,69,70,72,73,74,75,76,77,78,80,81,82,83,85,86,87,90,92,94,95,97,98,99,100,101,102,103,104,106,107,108,109,110,111,113,114,115,116,117,118,119,120,121,122,124,126,128,130,131,132,135,136,137,138,140,141,143,144,148,150,152,153,154,155,156,158,159,160,161,162,165,166,168,170,172,174,175,177,178,179,180,183,184,187,188,191,192,194,195,196,197,199,202,203,205,206,208,210,212,213,217,218,219,220,221,222,223,225,227,228,230,231,232,233,234,236,238,239,244,245,247,250,253,255,260,268,270,297,318,328,367,371,428,623
20,5,8,9,11,12,13,14,15,16,17,18,19,20,22,23,24,25,26,27,30,31,32,33,34,35,37,38,39,40,41,42,43,44,45,46,47,48,49,51,52,53,54,55,57,58,59,60,62,65,66,68,69,70,72,73,74,75,76,78,79,80,81,82,83,84,87,90,91,92,93,94,95,96,97,98,99,100,102,103,104,105,106,107,108,109,110,111,112,113,114,115,116,117,118,119,120,121,122,123,124,126,127,128,129,130,131,132,133,134,135,136,137,138,139,140,141,142,143,144,146,147,148,149,150,151,156,157,158,159,160,161,162,163,164,165,166,167,168,170,171,173,174,176,178,179,181,188,191,192,194,196,197,201,202,203,204,206,209,210,212,216,220,222,225,228,229,230,232,233,236,240,242,243,244,249,262,270,275,278,282,284,287,288,298,310,311,316,348,363,364,396,468,682
21,4,10,13,15,16,18,19,21,22,23,24,25,26,27,28,29,30,31,32,33,34,35,36,37,38,39,40,41,42,43,44,45,47,48,49,50,51,52,53,54,55,56,57,58,60,61,62,63,65,66,67,68,70,71,72,74,75,76,77,78,80,81,82,83,88,89,95,99,100,101,102,103,104,105,106,107,108,109,110,111,112,113,114,115,116,117,118,119,120,121,122,123,125,128,130,131,133,134,135,136,137,138,139,140,142,143,144,146,147,148,149,150,151,152,153,154,155,156,157,158,159,160,161,162,163,164,165,166,168,169,170,171,172,173,175,176,177,179,180,181,182,183,184,185,187,188,189,191,193,194,195,197,198,199,200,201,202,205,206,210,211,212,213,214,215,216,219,220,223,224,226,227,228,229,230,232,233,235,239,240,242,246,248,252,255,257,266,268,269,270,278,283,284,289,295,302,304,311,326,406,552,657,680
22,14,25,28,29,30,31,32,33,34,35,36,37,38,39,40,41,42,43,44,45,46,47,48,49,50,51,52,53,54,55,56,57,60,61,62,63,65,66,67,68,70,72,73,74,75,76,77,78,79,80,81,82,83,84,86,87,88,89,93,95,98,99,100,102,105,108,109,110,112,113,115,116,117,118,119,120,121,122,123,124,125,126,127,128,129,130,131,132,133,134,135,136,137,138,139,140,141,142,143,144,145,146,148,149,151,152,155,156,157,158,159,160,161,162,163,164,165,166,167,168,169,170,171,172,173,174,175,176,177,178,179,180,181,182,183,184,185,186,187,189,190,191,192,193,194,196,197,198,199,200,201,202,204,205,208,209,210,211,212,214,215,216,217,218,220,223,224,225,226,228,229,230,231,232,235,236,237,238,239,246,247,249,251,252,255,256,257,258,260,261,267,272,273,275,276,278,281,283,284,294,297,303,305,307,340,355,361,396,399,558,617
23,10,21,25,26,27,28,30,31,33,34,36,37,38,39,40,41,42,43,44,45,46,47,48,49,50,51,52,53,54,55,56,57,58,59,60,61,62,63,64,65,66,67,68,69,70,71,72,73,74,75,76,77,78,79,80,81,82,83,85,86,87,89,90,92,93,96,97,98,101,102,106,108,109,110,112,113,114,115,117,118,120,121,122,123,124,125,127,128,129,130,131,132,133,134,135,136,137,138,139,140,141,143,144,145,146,147,148,149,150,151,152,153,154,155,156,157,158,159,160,161,162,163,164,165,166,167,168,169,170,171,172,173,174,175,177,178,180,181,182,183,184,185,186,187,188,189,190,191,192,193,194,195,196,197,198,199,200,201,202,203,204,205,206,207,208,209,210,212,213,214,215,216,217,218,219,220,221,222,223,224,225,226,227,228,230,231,233,234,236,237,238,239,240,241,242,244,245,248,249,251,252,254,256,257,258,259,260,261,262,264,265,266,267,268,269,271,272,275,277,278,281,286,287,288,289,290,293,295,296,300,303,308,311,317,325,332,341,357,359,365,368,376,378,379,407,590
24,20,23,29,31,32,35,36,37,38,39,40,42,43,44,45,47,48,49,50,51,53,54,55,56,57,58,59,60,61,62,63,64,65,66,67,68,69,70,71,72,73,74,75,76,77,78,79,80,81,82,83,84,85,86,87,88,89,90,94,95,96,99,103,104,110,111,113,114,115,120,121,122,123,124,125,126,127,128,129,131,132,134,135,136,137,138,139,140,141,142,143,144,145,146,147,148,149,150,151,152,153,154,155,156,157,159,160,161,163,165,166,167,169,171,172,173,174,175,176,177,178,179,180,181,182,183,184,185,186,187,188,189,190,191,192,193,194,195,196,197,198,199,200,201,202,203,204,205,206,207,208,209,210,211,212,213,214,215,216,217,218,219,220,221,222,223,224,225,226,227,228,229,230,231,232,233,234,235,236,237,238,239,240,241,242,243,244,245,246,247,248,249,250,251,253,254,255,256,257,258,259,260,261,262,264,265,266,267,268,269,270,271,272,273,274,275,276,277,278,279,280,281,282,283,285,286,288,289,290,291,292,293,294,296,297,298,299,300,301,303,307,308,309,310,312,314,318,322,324,325,326,327,329,330,332,333,337,338,344,350,358,363,364,366,378,380,383,384,394,408,409,429,450,465,466,481,568
25,28,29,30,31,32,34,35,36,37,38,39,40,41,42,43,44,45,46,47,48,49,50,51,53,54,55,56,58,59,60,62,63,64,65,66,67,68,69,70,71,72,73,74,75,76,77,78,79,80,81,82,83,84,85,86,87,88,89,90,91,92,93,94,95,96,97,98,99,100,101,102,104,105,106,107,108,109,113,114,116,119,120,126,128,129,130,131,132,133,134,135,136,137,138,139,140,141,142,143,144,145,146,147,149,151,152,153,155,156,157,158,159,160,161,163,164,165,166,167,169,170,172,173,175,176,177,178,180,181,182,183,184,186,188,189,191,192,193,194,195,196,197,198,199,200,201,202,203,204,205,206,207,208,209,210,211,212,213,214,215,216,217,218,219,220,221,222,223,224,225,226,227,228,229,230,231,232,233,234,235,236,237,238,239,240,241,242,243,244,245,246,247,248,249,250,251,252,253,254,255,256,258,259,260,261,262,263,264,265,266,267,268,269,270,272,273,274,275,276,277,278,279,280,281,283,284,285,286,287,288,292,293,294,295,297,298,299,300,301,302,303,304,305,306,307,308,309,310,311,312,313,315,316,317,318,319,320,321,322,323,324,325,326,327,328,329,330,331,332,333,335,336,337,338,339,340,341,342,343,344,345,346,347,348,349,350,353,354,355,356,357,359,360,361,362,363,364,365,366,367,368,370,371,372,375,376,377,378,379,380,389,392,393,395,396,397,401,402,406,408,421,426,428,467,535,576,675
26,28,29,32,33,35,36,37,38,39,40,41,43,44,45,47,48,49,50,51,52,53,54,55,56,57,58,60,61,62,63,64,65,66,68,69,70,71,72,73,75,76,77,78,79,80,81,82,84,85,86,87,88,89,92,93,96,97,98,99,100,102,104,106,108,109,110,117,120,123,125,127,129,133,134,135,136,137,138,140,142,144,145,147,148,149,150,151,152,153,155,156,158,161,162,165,166,167,168,170,177,178,179,181,182,183,184,185,186,189,190,191,193,194,195,196,197,198,199,200,201,202,204,205,206,207,208,209,210,211,213,214,215,216,217,218,219,220,221,222,223,224,225,226,227,228,230,231,232,233,234,235,236,237,239,240,241,242,243,244,246,247,248,249,250,251,252,254,255,257,259,262,263,264,266,267,268,269,270,271,272,273,274,275,276,277,278,279,280,281,282,283,286,288,289,290,291,292,293,294,295,297,298,299,301,302,303,304,306,307,308,309,310,312,313,314,316,317,318,319,322,323,324,325,327,328,330,332,333,334,335,336,338,339,340,341,342,343,345,346,347,349,350,353,354,355,358,363,366,367,369,371,372,373,378,379,383,387,388,392,393,394,398,400,401,407,409,412,413,415,422,426,427,428,439,440,444,466,492,497,516
27,25,28,32,33,35,36,38,40,41,42,43,45,46,48,49,50,51,52,55,56,57,58,59,60,62,63,64,65,66,67,68,69,70,71,72,73,74,75,76,77,78,79,80,81,82,83,84,85,86,87,88,89,90,91,92,93,94,95,97,98,101,102,103,104,105,106,107,110,112,115,117,120,122,124,127,128,129,130,132,135,136,137,140,141,142,143,144,145,146,147,148,150,151,152,155,156,158,160,162,163,164,166,167,168,169,174,176,177,178,179,180,181,188,194,196,197,198,199,201,204,206,209,210,213,215,217,219,220,221,222,223,224,225,226,227,229,230,231,232,233,234,235,236,237,238,239,240,241,242,243,244,245,246,247,248,249,250,251,252,253,254,255,256,257,258,259,261,262,263,264,265,266,267,268,269,270,271,272,273,274,275,276,277,278,279,280,281,282,283,285,286,287,289,292,294,295,297,299,300,301,302,303,304,305,306,307,308,309,310,312,313,315,318,319,320,321,322,324,325,326,327,328,330,331,333,334,336,338,339,340,341,343,344,347,348,349,352,354,356,357,360,363,364,365,366,367,368,369,370,371,372,373,374,375,376,377,378,379,380,381,382,384,385,386,388,389,391,392,394,395,396,398,399,401,402,403,404,405,407,409,411,413,417,418,419,421,423,426,433,442,443,444,446,460,462,465,482,490,527,536
28,27,32,35,36,39,40,41,42,43,44,45,46,47,48,49,50,51,52,53,54,55,56,57,58,59,60,61,62,67,68,69,70,71,72,74,76,77,78,79,80,81,82,83,84,85,86,87,88,90,91,92,94,98,100,103,104,105,106,107,108,109,111,113,114,117,122,123,125,126,127,128,133,134,135,139,140,141,142,143,144,145,146,147,148,149,150,151,152,153,154,155,156,157,158,161,162,164,166,167,169,170,171,174,175,177,178,180,184,187,192,194,195,196,197,198,200,201,202,204,205,206,207,208,210,211,212,213,214,215,216,217,218,219,223,224,226,227,228,229,230,231,232,234,235,236,237,238,239,240,243,244,245,246,247,248,249,250,251,252,253,256,257,259,261,262,263,264,266,270,271,273,274,275,276,277,279,280,281,282,283,284,286,287,289,290,291,292,293,294,295,296,297,299,300,302,304,305,306,308,310,311,312,313,316,317,318,319,326,328,330,331,332,333,341,343,344,346,347,348,349,351,353,354,355,356,358,360,361,363,364,365,368,369,370,371,374,376,377,378,380,381,382,383,384,385,386,387,388,389,390,391,393,394,395,396,397,399,400,402,403,404,406,407,408,410,411,412,413,414,415,416,417,418,419,420,421,422,423,424,425,426,428,429,430,431,432,433,434,435,436,437,438,439,440,442,443,444,445,446,447,448,449,450,451,452,454,455,456,457,458,464,467,468,470,474,478,479,484,485,486,490,491,493,496,500,505,508,509,524,550,605
29,28,30,36,37,38,39,41,42,43,44,46,47,48,49,50,51,52,53,54,55,56,57,58,59,60,62,63,64,65,66,67,68,69,70,71,72,73,74,75,76,77,79,80,81,82,84,85,88,89,91,93,95,101,102,104,109,110,114,121,123,125,130,133,134,135,140,141,142,144,145,148,149,150,151,156,161,165,166,169,172,173,174,177,179,182,185,190,191,193,194,196,198,201,202,205,207,209,210,211,212,213,215,216,217,218,219,220,221,222,223,224,225,226,228,229,230,231,232,233,234,235,236,238,239,240,242,243,244,245,246,247,248,249,250,252,254,255,256,257,258,261,262,263,264,267,271,273,275,277,278,279,281,282,283,284,285,286,287,288,290,291,292,293,294,297,298,299,300,301,302,303,304,305,306,307,308,309,310,311,316,317,318,319,320,322,324,327,330,332,333,336,339,341,342,343,346,347,348,349,350,352,353,354,356,357,358,359,362,364,365,366,367,368,369,370,371,373,377,378,379,380,381,382,384,385,386,387,388,389,392,393,394,395,396,397,399,400,403,404,405,406,407,408,410,411,412,413,414,415,416,418,419,420,421,422,423,424,425,427,428,429,430,431,432,433,434,435,436,438,439,440,441,442,445,446,447,448,449,451,453,454,455,456,459,461,462,463,467,468,469,470,472,473,480,482,483,484,489,491,493,494,496,497,499,503,504,513,514,527,544,552,663,678,696
30,8,32,35,36,37,38,39,40,41,42,43,44,45,46,47,48,49,51,52,53,55,56,57,58,59,60,61,62,63,67,70,71,73,74,75,77,78,79,83,85,86,87,88,90,91,92,95,98,99,100,101,104,106,107,108,109,111,112,114,116,118,123,126,127,128,129,130,131,132,133,137,138,140,141,143,144,146,148,149,150,151,152,153,154,155,156,157,158,159,160,161,163,167,170,173,174,175,180,181,182,183,186,187,188,190,191,192,193,196,198,201,202,203,204,205,208,212,213,214,215,216,218,219,220,221,222,224,226,229,230,233,237,238,239,240,241,242,243,244,245,247,248,249,250,251,252,254,255,256,257,259,260,261,262,263,266,268,269,270,271,272,273,274,275,276,279,281,282,285,287,288,289,290,292,293,295,296,297,298,301,302,303,305,308,310,315,316,320,322,325,326,329,331,333,336,337,339,343,345,346,351,353,361,363,366,369,370,371,372,373,374,375,378,380,383,384,385,386,387,388,389,391,392,393,394,395,397,398,399,401,403,405,406,407,409,410,411,412,413,415,419,420,421,422,423,424,425,426,427,429,430,431,433,434,435,436,441,442,443,444,446,449,450,452,453,454,455,456,457,458,462,464,465,466,467,468,469,470,471,474,475,476,478,479,480,482,485,486,487,489,490,491,492,493,494,495,496,499,500,501,504,505,506,507,510,511,512,513,515,516,517,518,519,520,521,525,527,532,534,535,536,537,540,552,572,581,586,596,680
31,31,33,41,44,45,46,47,49,50,51,52,53,54,55,56,57,58,59,60,61,62,63,64,65,66,67,68,69,70,71,73,74,75,76,77,78,80,81,82,84,86,92,93,105,106,107,108,114,125,129,140,141,142,144,146,148,149,150,155,156,157,158,160,163,164,168,169,173,177,179,183,186,191,193,194,196,198,200,201,202,203,206,207,208,209,210,211,212,213,215,216,220,221,222,223,225,229,230,232,235,236,237,238,239,240,242,243,245,246,247,250,251,252,253,254,255,257,258,262,264,265,267,268,272,275,276,277,278,279,280,281,283,284,286,287,291,294,296,297,299,300,304,306,307,309,313,316,318,319,321,322,325,327,330,332,334,338,339,340,347,356,361,362,364,366,367,369,370,372,374,377,379,381,382,383,384,385,386,387,388,389,391,394,395,397,398,402,403,404,405,406,408,410,412,413,414,417,419,422,425,426,429,430,432,433,435,436,437,439,442,444,446,453,454,457,463,465,467,469,470,473,475,476,477,478,481,482,486,488,492,498,499,500,501,502,503,510,512,514,520,521,527,530,537,549,554,561,596,616,649
32,30,32,34,35,37,38,40,41,42,43,44,45,46,47,48,49,50,51,52,53,54,55,56,57,58,59,61,64,65,66,68,71,72,74,76,79,80,82,83,84,88,89,90,91,93,94,95,96,97,98,99,100,101,102,103,104,105,106,110,112,113,114,116,118,122,127,129,133,135,136,137,138,139,140,141,142,143,144,145,146,147,149,150,151,152,153,156,158,159,160,162,163,164,166,167,169,170,173,175,176,177,178,179,180,182,183,184,186,187,190,191,193,195,197,198,201,203,205,206,207,208,210,211,214,216,218,220,223,225,226,231,237,247,249,251,252,254,258,260,261,262,265,268,269,270,272,273,274,281,286,291,292,294,295,297,300,309,322,324,325,326,328,332,333,345,349,354,358,363,367,368,369,373,375,376,377,379,382,383,387,391,392,397,399,404,405,409,412,414,415,417,418,420,423,425,426,428,429,430,432,433,434,437,438,441,443,445,448,449,450,451,453,454,455,460,462,464,469,471,473,475,476,477,478,486,488,490,491,492,494,496,499,506,509,510,511,513,514,518,523,527,531,533,534,538,545,548,550,575,589
33,8,22,25,27,30,45,46,48,50,52,56,57,58,59,60,61,62,63,64,65,66,68,69,70,71,72,73,74,75,77,79,81,83,84,85,86,88,90,91,92,93,94,96,97,99,103,105,108,112,116,119,121,122,125,134,135,136,138,141,145,146,147,148,149,151,152,153,154,157,158,159,162,163,166,168,176,182,188,189,192,194,196,198,199,200,201,202,205,206,207,208,209,210,214,216,218,219,220,222,223,224,226,229,230,232,234,235,239,240,241,244,246,247,248,249,251,253,254,256,257,259,260,262,264,267,270,271,272,274,277,278,279,288,289,291,294,298,301,302,303,304,306,311,315,324,326,328,334,355,361,386,388,394,395,399,407,411,417,418,425,430,439,443,450,452,456,474,483,492,499,511,530,674,681
34,22,39,40,62,65,66,69,76,77,78,79,80,81,82,84,85,87,88,89,91,92,95,96,97,99,100,101,102,103,104,105,106,108,109,110,111,115,117,120,133,135,137,140,142,144,149,150,152,153,154,156,157,158,160,161,165,166,168,173,179,181,182,191,197,203,210,217,231,238,239,248,260,278,282,298,309,332,333,350,363,368,402,414,427,441,443,444,446,449,450,453,454,457,460,462,464,465,466,475,487
35,10,38,54,65,66,82,88,98,101,102,104,113,118,126,129,160,165,170,171,172,173,174,202,206,213,236,294,327,690
36,548
37,505,556,588,654,678
38,448,537
39,423,574
40,81,434,506,601
41,117,469,473
42,111
43,84
44,291,526
45,187,532,540,549,649,665
46,322,344,362,375,685
47,352,505
48,64,276,459,528,532,546,560,604,672,683
49,21,419,563,579,619
50,324,395,499,508,563,567,574,590,594
51,208,233,454,462,613,654
52,92,385
53,22,453,557,653,694
54,250,284,336,470,504
55,25,580,613
56,110,137,322,513,574
57,44,176,204,269,282,324,396,674
58,42,155,556
59,87,103,169,348,390,478,549
60,191,362,545,649,683
61,42,117,158,172,372,549,688
62,83,188,315,333,545,683
63,180,340,451,528,548,607,623,635,684
64,363,655
65,20,326,480,499
66,348,560
67,74,193,261,303,408,523,584,641
68,324,434,532,550,655,662
69,123,233,242,244,252,329,463,563
70,321,385,537,558,671
71,369
72,81,83,536,669
73,362,382
74,50,96,247,254,367
75,17,340,410,423,673
76,43,276,325,376,526,536
77,253,320,521,554,632,691
78,167,195,382,403,550,567,619
79,22,78,115,239,251,292,382,430,547,548
80,96,530,648
81,25,55,107,352,409
82,5,10,39,434,554,653
83,
84,
85,
86,
87,
88,
89,
90,
91,
92,
93,
94,
95,
96,
97,
98,
