10
0,527
1,64,68,259,315,418,618
2,15,38,108,109,112,114,180,229,406,465,632
3,100,101,107,109,110,111,112,113,114,115,116,118,119,120,121,122,123,127,154,156,305,355,541,578
4,50,80,92,98,99,100,101,102,103,104,105,106,107,108,109,110,111,112,113,114,115,116,117,118,119,120,121,122,123,124,125,126,127,128,129,130,131,132,133,134,135,136,137,138,139,140,141,142,143,144,145,146,147,148,149,150,152,153,154,155,158,159,160,165,181,223,237,509
5,92,94,95,96,97,98,99,100,101,102,103,104,105,106,107,108,109,110,111,112,113,114,115,116,117,118,119,120,121,122,123,124,125,126,127,128,129,130,131,132,133,134,135,136,137,138,139,140,141,142,143,144,145,146,147,148,149,150,151,152,153,154,155,156,157,158,159,160,161,162,163,164,165,166,167,168,169,170,171,172,173,174,175,176,177,178,179,180,181,182,183,184,185,186,187,188,189,190,191,192,193,194,195,196,197,198,199,200,201,202,203,204,205,206,207,208,209,210,211,212,213,214,215,216,217,218,219,220,221,222,223,224,225,226,227,228,230,231,232,234,235,236,237,238,239,240,241,242,244,247,248,253,256,263,267,269,270,273,394,451,455,562,670,692
6,64,84,93,94,95,96,97,98,99,100,101,102,103,104,105,106,107,108,109,110,111,112,113,114,115,116,117,118,119,120,121,122,123,124,125,126,127,128,129,130,131,132,133,134,135,136,137,138,139,140,141,142,143,144,145,146,147,148,149,150,151,152,153,154,155,156,157,158,159,160,161,162,163,164,165,166,167,168,169,170,171,172,173,174,175,176,177,178,179,180,181,182,183,184,185,186,187,188,189,190,191,192,193,194,195,196,197,198,199,200,201,202,203,204,205,206,207,208,209,210,211,212,213,214,215,216,217,218,219,220,221,222,223,224,225,226,227,228,229,230,231,232,233,234,235,236,237,238,239,240,241,242,243,245,246,248,249,250,252,253,254,255,257,258,259,260,261,262,264,265,266,268,270,271,272,274,276,277,278,279,280,281,283,284,287,288,289,290,291,292,298,303,305,306,307,308,310,313,314,315,321,322,323,327,329,330,334,340,342,349,353,354,361,362,365,368,383,404,410,601
7,88,90,92,93,94,95,96,97,98,100,101,102,103,104,105,106,107,108,109,110,111,112,113,114,115,116,117,118,119,120,121,122,123,124,125,126,127,128,129,130,131,132,133,134,135,136,137,138,139,140,141,142,144,145,146,147,148,149,150,151,152,153,154,156,157,158,159,160,161,162,163,164,165,166,167,168,169,170,172,173,175,176,177,178,179,180,181,182,183,184,185,186,187,188,189,190,192,194,195,196,197,198,199,200,201,202,203,204,205,206,207,208,209,210,211,212,213,214,215,216,217,218,219,221,222,223,224,225,227,228,230,231,232,233,234,236,237,238,239,240,241,242,243,244,245,246,249,250,251,252,254,255,256,257,258,260,261,262,263,264,265,268,270,272,276,277,280,281,282,284,285,287,288,290,291,292,299,322,324,340,352,368,414,440,473,582,644
8,87,90,91,92,93,94,95,96,98,99,100,101,102,103,104,105,106,107,108,109,110,111,112,113,114,115,116,117,118,119,120,121,122,123,124,125,126,128,129,130,131,132,133,134,135,136,137,138,139,140,141,142,143,144,145,146,147,148,149,150,151,152,153,154,155,156,157,158,159,160,161,163,164,165,166,167,168,169,170,171,172,174,175,176,180,181,182,183,184,185,186,187,189,190,191,193,194,195,196,197,198,200,201,202,203,204,205,206,207,209,210,211,212,215,217,219,220,221,222,223,224,225,229,231,232,233,234,235,237,239,240,241,242,243,244,245,246,247,248,250,252,255,256,257,259,260,261,262,263,264,266,267,269,270,271,272,273,274,275,276,282,284,285,290,292,293,294,295,296,297,298,300,301,302,304,305,306,307,309,311,315,327,331,338,365,368,369,370,386,412,424,444,693
9,92,94,95,96,97,98,99,100,101,102,103,104,105,106,107,108,109,110,111,112,113,114,115,116,117,118,119,121,122,123,124,125,126,127,128,129,130,131,132,133,134,135,136,137,138,139,140,141,142,143,144,146,147,148,149,150,153,154,155,156,157,159,160,161,162,163,164,165,166,167,168,169,170,171,172,173,174,175,176,177,178,179,180,181,182,183,184,185,186,187,188,189,190,191,192,193,194,195,196,197,198,200,201,202,203,204,205,206,208,209,210,212,213,214,215,217,218,219,220,221,222,223,224,225,226,227,228,229,230,231,233,234,235,237,238,239,240,241,242,245,247,248,252,254,259,261,264,268,269,272,273,274,281,284,289,290,292,297,298,299,300,303,306,307,310,317,333,339,352,355,369,392,454,455,500
10,91,92,93,95,96,97,99,100,101,102,103,104,105,106,107,108,109,110,111,112,114,115,118,119,120,121,122,123,124,125,126,127,128,129,130,131,132,133,134,135,136,137,138,139,140,141,142,143,144,145,146,147,148,150,151,152,153,154,155,156,157,158,159,160,161,162,163,164,165,167,168,169,170,172,173,174,175,176,177,178,179,180,181,182,185,187,188,190,191,192,194,195,196,199,200,201,202,203,204,205,206,207,208,209,210,211,212,213,214,215,216,217,218,219,220,221,222,224,225,226,227,228,229,230,231,232,233,234,235,236,237,238,239,240,241,242,243,244,245,246,247,248,249,250,251,252,253,254,256,257,258,259,263,266,267,268,270,271,277,278,281,283,287,288,289,292,293,294,295,296,299,300,301,302,305,306,308,309,312,313,315,316,318,322,325,328,329,339,351,353,355,358,391,400,401,476,529,698
11,34,86,87,89,90,92,95,96,98,100,101,102,103,104,105,107,108,109,110,111,112,113,114,115,116,117,118,121,122,123,124,125,126,127,128,129,132,133,134,135,136,137,138,139,140,141,142,143,144,145,146,149,150,151,152,153,154,155,156,157,158,159,160,161,162,163,165,166,168,169,170,171,173,174,175,176,177,178,179,180,181,182,183,184,185,186,187,188,189,191,193,195,196,197,198,199,200,201,202,203,204,205,206,207,208,210,211,212,214,215,216,217,218,220,222,223,224,225,226,227,228,232,233,236,237,238,239,240,241,242,244,246,248,249,252,253,254,255,256,257,258,261,262,263,264,265,266,271,272,274,275,277,278,279,282,283,286,288,292,297,298,300,304,305,306,308,309,310,314,315,317,318,325,337,340,358,359,364,372,387,403,406,411,417,421,433,486,598
12,49,70,74,84,87,90,94,96,98,101,102,103,105,107,108,111,112,113,114,115,116,117,118,119,120,121,122,123,124,125,126,127,128,129,130,131,132,133,134,135,136,137,138,139,140,141,142,143,144,145,146,148,149,150,151,153,154,155,156,157,158,159,160,161,162,164,166,169,170,171,172,173,177,178,179,180,182,184,185,187,188,189,192,194,195,196,197,198,200,201,202,204,205,206,207,209,210,211,212,213,214,215,216,218,219,220,221,222,224,226,227,228,230,231,232,233,235,236,237,238,239,240,241,242,243,245,246,248,251,252,253,254,255,256,258,259,260,261,263,264,266,268,269,270,272,274,275,277,278,279,282,286,287,288,291,293,294,298,304,305,307,312,314,321,324,326,327,333,337,339,342,356,377,385,469,571,637
13,83,87,91,100,101,105,107,108,109,110,111,117,118,119,122,123,124,125,129,130,133,134,135,136,137,139,140,141,142,143,144,145,146,147,148,149,150,151,152,153,154,155,156,157,158,159,160,161,162,163,164,167,168,170,171,172,173,174,176,177,178,179,180,181,182,183,184,185,186,187,188,189,190,191,192,194,195,196,197,198,199,200,201,202,203,204,205,206,208,209,213,214,215,216,217,219,220,224,225,226,228,229,230,231,234,235,236,237,238,240,241,243,244,247,250,251,252,254,255,258,260,261,264,266,267,268,269,271,272,274,276,279,280,284,288,291,292,293,294,296,297,300,303,310,315,317,319,320,323,327,330,338,341,345,360,378,385,390,409,498,602,609,614
14,35,106,109,112,113,114,115,116,117,119,120,122,123,124,125,126,127,128,129,130,131,132,133,134,135,136,139,140,141,143,144,145,146,148,150,151,152,155,156,157,176,177,179,180,181,186,187,188,189,191,194,195,196,197,198,202,203,206,207,210,211,212,213,215,218,219,220,222,223,224,225,226,227,228,229,231,233,234,235,236,237,238,239,240,241,243,244,245,246,247,250,251,253,254,255,256,261,263,264,266,268,269,270,272,274,275,276,277,278,279,280,281,282,283,285,287,289,291,292,293,296,297,302,303,306,309,310,314,317,318,320,322,324,325,327,331,335,337,338,342,345,349,350,353,355,358,359,366,370,371,375,379,385,406,412,414,427,430,447,465,561
15,23,100,103,105,106,108,109,110,111,112,113,114,116,118,119,122,123,126,128,129,130,131,133,134,136,140,141,142,144,145,146,148,149,150,152,154,156,157,158,159,160,161,162,164,165,167,169,171,172,174,175,176,177,178,179,181,182,183,188,189,190,192,193,194,196,197,198,200,203,204,207,208,209,211,213,214,215,216,219,220,223,224,226,227,229,230,231,235,236,237,239,241,243,244,252,254,255,257,258,259,262,265,266,271,276,278,279,282,286,287,288,290,291,297,301,302,305,311,314,315,316,317,325,327,331,332,342,343,348,349,351,352,355,356,361,362,364,365,368,371,375,376,378,391,392,394,415,425,428,451,556,578,616
16,91,101,102,103,109,111,113,114,115,117,118,119,120,121,122,123,124,125,126,127,128,131,132,133,134,136,137,139,140,142,143,145,146,148,149,150,152,153,155,157,158,159,163,164,166,167,170,173,176,177,180,182,183,184,185,190,191,192,196,197,202,203,206,208,209,211,212,215,217,220,221,223,224,225,226,227,229,230,231,232,236,237,238,239,241,242,243,244,245,246,251,252,254,255,256,258,259,260,262,263,264,265,266,267,269,271,272,273,274,275,276,277,279,281,283,284,288,290,291,292,293,294,295,296,297,298,299,301,303,306,307,312,313,314,315,317,318,320,322,324,328,334,335,344,347,348,349,362,363,372,373,375,379,382,391,392,395,398,405,406,418,435,454,456,475
17,95,102,106,107,111,112,113,114,115,116,117,119,120,121,123,124,125,126,127,128,129,130,131,132,134,135,136,137,138,140,141,146,147,148,150,151,154,155,156,158,159,162,163,165,166,167,168,169,171,173,174,175,180,181,182,183,185,186,189,191,193,195,196,200,202,203,204,205,206,207,208,209,210,211,212,213,214,215,216,218,219,220,221,222,223,224,226,229,233,234,235,237,238,241,244,247,255,259,260,261,263,265,266,267,268,270,271,273,278,285,287,288,292,293,294,297,300,302,303,308,311,312,319,321,323,325,331,337,338,339,342,352,354,355,364,365,376,380,384,386,445,466,493,652
18,4,26,91,104,105,109,114,118,120,122,123,125,126,127,128,131,132,133,134,135,136,137,138,139,140,141,142,144,145,146,147,148,150,151,152,154,156,158,159,162,163,166,167,170,171,172,173,174,176,177,180,181,183,184,186,188,189,190,198,204,205,206,207,211,213,218,222,223,224,225,230,232,233,234,236,238,239,242,243,246,247,253,256,257,260,264,266,267,268,269,272,278,279,280,281,283,284,285,287,289,290,291,292,293,295,296,297,299,300,301,302,303,304,305,306,308,309,310,311,312,315,317,319,327,329,330,334,335,337,341,342,343,344,347,350,361,363,367,369,373,375,377,379,399,408,420,424,446,450,624
19,46,107,108,109,113,114,115,116,117,118,119,120,122,123,125,126,127,128,129,133,134,136,146,147,148,155,156,159,160,164,165,166,169,170,172,174,176,177,178,181,182,188,190,194,195,197,198,199,200,203,204,206,208,209,210,213,214,215,216,218,220,221,222,223,224,230,233,234,235,237,240,242,243,245,247,248,250,251,252,253,254,255,258,259,261,262,263,264,265,268,269,271,272,273,275,276,277,279,280,283,284,285,286,287,288,290,291,292,294,295,296,299,302,304,305,306,307,308,309,310,311,313,314,317,318,320,329,331,340,343,366,394,396,440,465,630
20,107,110,113,114,115,117,119,120,121,122,124,127,128,130,131,132,135,136,137,138,139,140,141,142,143,146,147,148,150,151,154,155,157,158,159,162,163,164,165,167,168,169,170,171,172,173,177,179,180,182,185,187,190,192,197,203,205,206,210,211,212,217,218,220,222,226,227,228,229,235,236,238,241,245,248,250,256,258,260,263,264,265,267,269,270,272,273,274,275,276,277,278,279,282,283,284,287,290,291,292,293,294,295,296,297,301,302,304,305,308,309,311,312,313,314,315,320,321,325,327,329,338,339,341,355,361,362,373,402,464,622
21,80,108,112,117,118,121,122,123,125,126,127,128,129,130,131,132,135,136,137,139,142,143,144,145,146,147,149,151,152,155,156,158,162,163,164,165,166,167,173,175,176,183,184,186,188,189,190,191,196,197,198,199,204,210,211,212,213,216,218,219,220,221,222,223,224,226,227,228,232,233,234,235,239,240,241,242,243,245,246,249,252,254,257,259,260,261,262,263,264,265,266,267,268,270,272,273,275,276,277,278,279,280,283,284,287,288,293,296,297,298,300,302,303,304,305,306,307,308,309,311,312,315,318,319,321,323,324,327,328,330,332,335,336,337,342,343,345,346,351,355,356,365,379,383,461,495,529,601,686
22,69,106,111,112,114,117,118,120,123,124,125,126,128,132,133,134,137,138,139,140,143,146,147,148,149,150,153,155,156,160,161,163,166,168,170,172,173,174,175,176,178,179,181,182,184,185,186,188,189,190,194,195,196,200,202,204,208,209,211,212,213,214,215,218,224,225,227,228,229,230,231,232,234,235,236,238,241,244,247,248,254,259,262,263,268,269,270,271,276,281,282,283,286,287,289,290,291,294,296,297,298,299,300,301,310,311,315,317,320,321,325,328,332,336,338,343,351,352,356,370,374,383,397,406,419,420,422,424,431,454,513,533
23,91,114,118,120,121,122,124,125,129,130,131,133,134,135,136,137,138,139,140,142,146,147,148,149,150,151,152,153,155,157,159,160,161,164,165,166,167,169,173,174,177,180,183,185,186,197,206,210,212,214,216,218,219,220,222,226,228,229,232,233,234,235,237,238,241,242,243,245,246,251,252,253,255,258,259,262,264,265,266,267,268,269,270,272,274,275,276,279,281,282,283,284,286,288,289,290,291,294,298,300,303,304,305,307,308,309,312,313,314,315,319,320,321,327,328,329,330,331,336,338,339,343,366,370,375,383,402,475
24,117,118,120,122,124,126,127,128,129,133,134,135,138,139,140,141,142,143,144,147,149,152,153,155,157,158,159,160,161,164,165,168,169,170,172,179,181,182,185,188,189,195,200,203,204,206,207,210,211,213,215,218,222,223,226,229,230,231,232,235,237,238,239,241,242,247,249,250,253,256,257,258,260,261,262,264,265,266,267,271,272,273,274,276,277,278,279,280,281,285,286,287,288,290,294,295,296,302,305,306,307,311,317,318,320,327,328,332,342,349,351,352,356,359,368,370,400,405,430,605
25,33,115,117,119,120,121,123,124,125,127,128,129,130,134,138,139,145,146,147,149,150,152,156,157,158,159,160,163,168,169,170,171,174,175,176,179,181,182,184,185,186,188,191,196,199,203,206,210,211,213,215,219,221,222,223,224,225,226,227,230,232,233,235,236,238,239,240,241,242,244,245,246,252,253,256,260,264,265,266,267,270,273,276,280,281,282,283,285,286,287,288,289,290,291,297,298,300,302,303,304,307,308,309,310,311,313,314,315,316,317,323,327,331,335,337,341,345,354,357,358,361,363,366,368,397,403,408,465,611
26,111,113,115,116,120,124,126,127,129,132,133,142,143,145,146,147,149,151,155,158,162,163,165,166,167,168,169,170,173,177,179,181,184,185,188,192,196,208,209,211,213,215,217,219,220,222,226,231,232,234,235,238,239,241,242,243,244,249,250,251,252,255,263,265,266,267,269,272,273,275,277,279,280,281,283,285,286,287,288,289,290,292,296,299,300,302,303,309,310,311,314,318,320,326,328,329,330,331,335,336,337,338,340,344,345,347,348,349,353,354,358,360,363,366,371,375,379,382,386,439
27,23,119,122,123,124,125,126,127,128,130,131,133,134,135,136,137,138,140,141,142,145,147,148,149,151,152,154,155,157,161,164,165,167,169,170,177,179,180,183,185,186,187,189,191,198,200,208,212,214,215,217,218,220,221,228,231,232,233,234,238,239,241,242,246,252,254,255,257,258,259,260,261,262,263,264,265,268,274,276,278,282,283,284,286,289,292,296,298,301,304,305,306,309,310,312,313,315,318,319,320,321,325,326,329,330,338,339,342,345,346,350,356,365,370,373,374,383,386,387,390,411,438,521,613,690
28,30,113,120,121,122,123,124,125,128,130,131,132,136,138,139,140,141,142,145,146,147,150,153,154,156,158,162,166,167,168,169,170,173,175,180,181,182,184,185,192,193,197,198,206,208,212,213,216,219,220,221,224,226,227,228,231,232,235,236,237,239,241,242,245,246,249,250,251,252,254,256,259,262,264,265,268,269,270,272,274,276,277,278,279,287,289,291,292,294,296,299,308,311,312,317,318,321,324,327,329,331,334,335,343,363,366,383,385,405,419,560
29,44,114,118,119,121,122,124,125,127,128,129,131,134,137,138,143,144,146,150,153,154,155,158,165,166,167,168,169,170,171,174,175,176,178,181,182,183,184,187,191,192,193,195,198,200,208,212,221,222,223,224,228,230,232,233,234,235,236,237,238,240,243,245,246,247,251,253,258,259,260,262,263,264,266,269,272,274,276,277,285,291,292,297,301,303,305,309,312,313,318,319,320,321,326,330,331,334,336,343,345,346,354,360,363,367,368,369,381,397,398,402,454,492,532
30,114,123,127,128,130,132,134,135,136,138,139,140,141,143,144,145,147,154,157,158,159,160,162,164,170,174,176,178,179,181,183,185,186,187,188,194,211,216,221,222,223,226,228,229,230,232,234,239,240,242,243,245,246,252,253,255,262,265,266,267,269,274,280,281,283,287,289,290,294,295,297,299,302,303,305,307,309,314,318,319,323,336,337,341,342,346,349,351,353,354,359,361,365,366,369,378,379,384,389,398,407,412,424,429,443,560,656
31,39,123,124,126,127,129,130,131,132,136,137,138,139,140,142,145,147,148,149,150,151,152,153,154,156,157,158,159,160,161,162,163,164,166,170,171,173,174,176,177,178,180,181,182,184,185,186,187,190,191,194,196,197,198,199,212,218,219,222,227,235,246,251,264,265,268,271,273,275,288,290,293,295,296,297,301,309,310,315,332,342,348,349,350,351,361,366,367,374,379,384,390,391,395,412,431,476,498,655
32,83,122,123,124,126,127,131,134,138,140,141,142,143,144,147,149,151,152,156,157,159,160,161,164,165,170,171,172,173,176,177,178,179,181,184,185,188,197,206,216,217,223,228,243,244,254,265,271,272,278,288,293,305,307,322,344,345,354,357,363,364,370,380,382,403,415,426,432,517,550,628
33,124,125,126,128,129,131,132,133,135,137,139,140,141,142,143,147,148,149,150,151,152,153,156,157,158,159,160,164,165,166,177,181,182,183,185,188,189,194,195,206,211,212,219,223,224,225,226,229,231,234,235,236,237,238,239,245,246,247,248,258,259,261,265,270,271,278,280,281,284,287,289,290,301,305,314,316,324,357,359,363,383,421,424,428,445,448
34,117,120,121,122,126,129,130,131,133,135,136,138,139,140,141,144,145,148,149,150,152,153,155,157,158,160,164,165,166,167,170,175,176,178,179,185,189,190,192,198,200,201,214,219,221,223,224,226,227,231,236,242,246,249,254,266,267,273,276,283,287,288,290,291,296,299,304,308,314,317,319,321,328,336,370,408,418,421,435,458,474,626,679,696
35,50,118,120,122,123,124,125,127,130,131,133,134,136,141,143,145,146,148,150,151,152,153,154,155,156,157,161,163,164,165,167,168,171,172,173,174,175,176,177,178,179,180,183,184,187,188,189,190,192,194,195,196,199,201,202,206,215,225,228,230,232,234,237,239,241,242,246,262,277,280,282,283,285,289,295,296,318,322,326,331,347,351,428,429,450,474,509,518,567,623,685
36,118,121,122,123,124,129,131,132,133,134,135,138,139,140,144,145,147,148,149,150,151,152,153,155,156,158,160,167,168,171,172,173,174,180,181,182,183,185,186,188,190,191,192,193,198,203,218,222,230,231,239,248,249,253,254,258,261,264,275,283,289,296,311,348,362,371,388,389,398,624
37,118,127,128,130,133,136,137,139,141,142,143,145,147,149,150,152,154,157,158,162,163,166,167,168,170,173,174,175,176,177,178,179,180,187,188,189,190,194,195,196,198,199,201,204,207,208,219,223,224,226,228,233,241,242,243,244,249,250,252,255,258,261,265,270,287,292,305,308,314,327,336,364,380,384,387,454,459,509,622
38,115,118,124,129,130,133,136,138,140,141,142,143,144,146,151,154,155,156,157,158,159,160,161,162,164,166,167,172,173,174,175,176,177,184,185,188,189,190,195,196,197,199,200,201,204,205,208,210,216,224,225,226,229,231,232,235,236,242,246,247,248,253,255,256,262,265,268,277,280,288,306,307,309,315,329,332,335,336,342,348,368,371,404,417,467,472
39,125,127,128,129,133,135,139,140,142,143,144,145,146,149,150,151,152,153,156,159,160,162,163,164,165,167,168,169,170,171,172,174,177,178,179,180,190,195,196,197,201,205,207,217,222,228,231,232,236,240,243,248,251,252,256,258,261,264,265,268,270,273,279,290,297,316,344,364,368,386,421,434,451,613,656,665
40,115,122,128,129,131,137,138,139,140,142,143,144,145,146,148,149,150,151,152,154,158,162,164,166,167,170,171,174,175,176,178,179,180,183,188,189,190,194,195,198,205,206,208,210,214,222,226,235,236,238,241,242,243,244,248,252,263,267,268,278,281,308,309,317,326,332,337,347,355,362,389,423,504
41,123,127,128,130,133,134,136,137,138,139,140,141,142,143,144,145,146,148,149,151,153,154,157,159,161,163,169,171,172,173,175,177,178,179,181,182,184,185,188,189,192,193,195,198,199,200,201,205,217,225,230,235,242,246,251,252,254,256,257,261,281,283,288,294,304,313,338,383,436
42,84,122,126,127,134,135,136,137,138,139,140,141,142,143,144,145,148,150,151,152,154,158,163,164,165,171,172,173,178,179,180,184,185,186,189,191,193,195,197,201,205,213,218,227,232,240,246,247,249,254,255,281,282,289,290,292,299,312,315,336,368,681
43,86,122,124,125,126,128,129,130,133,135,139,144,147,148,153,154,156,157,158,160,162,163,168,169,170,171,172,173,176,178,179,180,181,183,185,188,189,190,192,194,195,196,197,199,200,203,204,208,210,226,227,231,239,240,243,249,258,262,266,267,270,287,290,295,296,303,306,325,333,422,614,631
44,7,118,123,124,132,135,137,139,142,143,144,145,147,150,151,152,153,155,157,158,159,163,164,165,166,167,171,172,173,178,179,183,184,185,189,190,193,194,198,200,202,205,206,208,226,229,231,233,234,235,239,240,241,242,245,246,252,258,260,261,265,273,276,289,298,302,304,315,326,331,360,368,375,597,602
45,133,134,136,137,139,140,141,143,145,148,153,155,156,157,160,161,163,165,167,170,173,174,175,179,181,183,184,185,187,188,189,191,193,194,196,200,201,203,205,206,207,214,216,217,218,225,226,227,238,240,241,242,244,246,247,249,250,252,254,261,289,292,296,310,313,319,327,332,406,422,432,448,475,505,555,674
46,55,128,129,130,133,134,137,145,147,148,149,151,154,162,164,165,167,169,171,174,177,178,180,182,184,187,188,191,192,193,194,196,201,202,205,206,207,208,224,225,234,239,255,261,263,266,270,274,276,277,278,289,297,311,312,322,325,337,347,389,423,453,516,565,677
47,36,124,132,133,140,142,143,145,146,147,151,159,160,169,171,173,179,183,202,203,206,207,219,230,265,300,436,455
48,130,154,158,232,259,289,327,366,524
49,116,356,502
50,
51,381
52,405
53,77,481,496,526,651,657
54,262,444,555
55,285,367,555
56,97,459,507,652
57,483,568
58,35,416,468
59,3,440,515,602
60,62,113,645
61,6,36,43,56,531,550,674
62,38,493,635
63,99,276
64,681
65,36,62,440,620,680,685
66,386
67,
68,
69,
70,
71,
72,
73,
74,
75,
76,
77,
78,
79,
80,
81,
82,
83,
84,
85,
86,
87,
88,
89,
90,
91,
92,
93,
94,
95,
96,
97,
98,
