1
0,642
1,67,68,72,73
2,66,68,69,72,73,74,75,76,78,82,84,85,96,182,451,575,621,645
3,44,57,59,60,61,62,64,65,66,67,68,69,70,73,74,75,76,77,78,79,80,81,82,83,84,85,86,87,88,90,91,92,93,94,96,97,98,99,100,101,103,104,105,110,115,134,179,182,300,330,332,620,626
4,57,59,60,63,64,65,66,67,68,69,70,71,72,73,74,75,76,77,78,79,80,81,82,83,84,85,86,87,88,89,90,91,92,93,94,95,96,97,98,99,100,101,102,103,104,105,106,107,108,109,110,111,112,113,114,115,116,117,118,119,122,123,124,127,128,129,130,131,133,134,135,136,137,139,140,141,142,143,145,146,147,148,151,152,154,155,156,157,158,160,162,163,165,166,167,168,170,177,179,181,183,184,190,191,192,203,204,220,233,251,515
5,62,64,65,66,67,68,69,70,71,72,73,74,75,76,77,78,79,80,81,82,83,84,85,86,87,88,89,90,91,92,93,94,95,96,97,98,99,100,101,102,103,104,105,106,107,108,109,110,111,112,113,114,115,116,117,118,119,120,121,122,123,125,126,128,130,131,132,133,134,135,136,137,138,139,140,141,142,143,144,145,146,147,148,149,152,153,154,155,156,157,158,159,160,161,162,163,164,165,167,168,169,170,171,172,173,174,175,176,177,178,179,180,181,182,183,184,185,186,187,188,189,190,191,192,193,194,195,196,197,198,199,200,201,202,204,205,206,207,208,209,212,214,217,218,219,220,222,223,224,226,227,228,229,230,232,233,234,240,241,242,246,247,249,251,252,255,256,257,259,263,268,270,274,281,286,288,310,410,434,575
6,63,68,69,71,72,73,75,76,77,78,79,80,81,83,84,85,86,87,88,89,90,91,92,93,94,95,96,97,98,99,100,101,102,104,106,107,108,109,110,111,112,113,114,115,116,117,118,119,120,121,122,123,124,125,126,127,128,129,130,131,132,134,136,137,138,139,140,141,142,143,144,145,147,148,149,150,151,152,153,157,158,159,160,161,162,163,165,166,167,168,169,170,171,172,174,175,176,177,178,179,180,181,182,183,184,185,186,187,188,189,191,192,193,194,195,196,197,198,199,200,201,202,203,204,205,206,207,208,209,211,212,213,214,215,216,218,219,222,224,226,227,228,229,230,235,236,239,242,245,249,250,253,259,260,264,265,268,270,271,276,280,281,284,285,295,319,327,345,348,369,468
7,39,44,68,69,72,74,75,76,77,78,79,80,81,82,83,84,85,86,87,88,89,90,91,92,93,94,95,96,97,98,99,100,101,102,103,104,105,106,107,108,109,110,111,112,113,114,115,116,117,118,119,120,121,122,123,125,126,128,129,131,132,133,134,135,136,137,138,141,142,143,144,146,147,148,149,151,152,153,154,160,161,163,164,165,166,167,168,169,170,171,172,173,174,175,176,177,178,179,180,181,182,183,184,185,186,187,188,189,190,191,192,193,194,195,196,197,198,199,200,201,202,203,204,205,206,208,209,210,211,212,213,214,215,218,219,220,222,225,227,231,233,234,235,236,237,238,239,242,243,244,245,250,255,258,259,260,261,262,264,267,268,270,271,272,274,275,276,279,281,283,285,286,291,307,314,319,322,355,356,377,382,481,664
8,31,56,69,73,74,75,76,77,79,80,81,82,83,84,85,86,87,88,89,90,91,92,94,95,96,97,99,101,102,103,104,105,106,107,109,110,113,114,115,116,117,118,119,120,121,122,123,125,126,127,128,129,130,131,132,135,136,137,138,139,141,143,145,146,147,148,149,150,151,152,153,155,156,158,159,160,162,163,164,165,166,167,168,169,170,171,172,173,174,175,176,177,178,179,180,181,182,183,184,185,186,187,188,189,190,191,192,193,194,195,196,197,198,199,200,201,202,203,204,205,206,207,208,209,210,211,212,213,214,215,216,217,218,219,220,221,222,223,224,225,226,227,228,229,230,231,233,234,235,237,238,239,240,241,242,243,244,245,246,247,248,249,250,251,252,253,254,255,256,257,258,259,260,261,262,263,264,265,266,267,268,272,273,275,276,278,279,280,281,285,287,289,291,293,294,297,301,302,309,313,315,316,317,318,321,327,328,330,346,355,420,443,678
9,67,70,73,74,75,76,77,79,80,81,82,83,85,86,87,88,89,90,91,92,93,94,95,96,97,98,99,100,101,102,103,104,105,106,108,109,110,111,112,113,114,116,117,118,119,120,121,122,123,124,125,126,127,128,129,130,131,132,133,134,135,136,137,138,140,141,142,143,144,146,147,150,151,155,158,159,161,165,166,167,168,169,170,171,172,173,174,175,176,177,178,179,180,181,183,184,185,186,187,188,189,190,191,192,193,194,195,196,197,198,199,200,201,203,204,205,206,207,208,209,210,211,212,213,214,215,216,217,218,219,220,221,222,223,225,226,227,228,229,230,231,232,234,235,236,237,238,239,240,241,242,243,244,245,246,247,248,249,250,251,252,253,254,256,257,258,259,260,263,264,265,266,267,268,269,270,271,272,274,275,276,277,278,280,281,282,283,284,285,286,288,290,291,292,294,295,297,299,300,301,302,303,305,308,310,312,314,315,316,317,318,319,322,323,324,325,328,330,331,334,336,337,344,353,358,364,370,373,384,389,394,456,517,583
10,67,72,74,75,76,77,78,79,80,81,82,83,84,85,86,87,88,89,90,91,95,96,97,98,99,100,101,102,103,105,107,108,109,110,111,112,113,114,115,116,117,118,119,120,121,122,123,124,125,126,127,129,130,132,133,134,135,136,137,138,139,141,142,143,144,145,146,147,148,149,150,154,156,159,161,163,165,166,168,170,171,173,174,176,179,180,182,183,184,185,187,188,189,190,191,193,194,196,197,198,199,201,202,203,204,205,207,209,210,211,212,213,214,215,217,218,220,221,222,224,225,226,227,228,229,230,231,232,233,234,235,236,238,240,242,243,245,246,247,248,249,250,251,254,255,256,258,259,260,261,262,263,264,265,266,269,270,271,274,276,277,279,280,281,283,284,286,287,288,290,291,292,293,296,300,301,304,305,307,308,309,310,314,316,320,321,326,331,332,333,334,337,341,343,344,349,350,352,367,384,385,386,390,396,412,586,625
11,65,68,69,71,72,74,77,79,80,81,82,83,84,85,86,87,88,89,90,91,93,94,95,96,97,98,101,102,103,104,105,106,107,108,109,110,111,112,114,115,116,117,118,119,120,121,123,124,125,126,127,128,129,130,131,133,134,135,136,137,138,139,140,141,142,143,144,145,146,147,149,150,151,152,156,157,159,164,165,167,169,171,172,173,174,175,176,177,180,183,185,187,188,189,190,191,192,193,195,196,197,199,200,201,203,207,208,210,216,217,218,220,221,222,223,224,227,228,229,230,232,233,234,235,236,237,238,239,241,242,243,244,245,246,248,249,250,252,254,255,256,257,258,260,261,262,263,264,267,268,269,270,271,272,273,276,277,278,279,280,281,282,283,285,288,289,292,293,295,297,298,301,306,307,308,309,316,317,319,321,323,325,328,329,330,332,341,346,348,366,371,409,410,470,630,655,685
12,62,66,68,71,72,73,76,77,78,79,80,82,83,84,85,86,87,88,89,90,91,92,93,94,95,96,97,98,99,100,101,102,103,104,105,107,108,109,111,112,113,114,115,117,118,119,121,122,123,124,125,126,127,128,131,132,133,134,135,136,137,139,141,142,143,145,146,147,148,151,156,157,158,160,161,164,166,170,171,173,174,175,176,180,181,182,184,185,186,188,189,190,192,193,194,195,196,197,200,202,206,207,208,209,210,211,213,214,218,219,220,221,223,224,225,226,227,228,229,230,233,234,235,237,238,239,241,242,244,245,246,247,248,249,250,251,252,253,255,256,257,258,259,261,262,263,264,265,266,267,268,269,270,271,273,274,276,277,278,279,280,281,282,283,284,286,289,291,292,293,294,295,296,297,298,299,301,302,304,305,306,307,308,309,311,312,313,317,319,322,324,328,329,332,334,336,337,342,346,353,355,356,369,381,392,409,417,615,629
13,65,69,74,76,77,78,79,80,81,82,83,84,85,86,88,89,90,91,93,95,97,98,99,100,101,102,103,104,105,106,107,108,109,110,111,112,113,116,117,118,119,120,122,123,124,125,126,127,128,129,131,132,133,135,136,137,138,139,143,144,145,147,148,149,151,153,154,155,161,162,165,167,168,170,171,172,175,176,177,178,179,182,183,184,185,186,187,188,190,191,197,198,200,201,204,205,206,207,211,212,217,218,219,220,223,224,227,228,230,231,232,233,234,235,236,238,239,240,241,243,244,245,246,247,248,250,253,254,255,257,258,259,261,262,263,264,266,267,268,269,270,271,273,275,276,277,278,279,280,281,283,284,286,287,288,289,290,291,292,293,295,296,297,298,300,301,302,303,304,305,306,307,308,309,311,314,316,319,321,322,324,325,326,327,329,330,333,336,337,338,343,348,352,354,360,364,370,371,383,389,392,402,448,466,573
14,69,72,75,76,77,79,80,81,82,84,85,86,87,88,89,90,92,94,95,98,99,100,101,102,103,105,106,108,109,110,112,113,114,115,116,117,119,120,122,125,126,127,128,129,130,131,133,134,136,137,138,140,141,142,143,144,145,146,147,148,150,151,152,153,155,156,157,158,160,162,166,170,173,175,177,178,179,180,181,182,183,184,185,186,187,188,189,190,191,192,194,195,196,197,199,200,202,203,204,206,208,209,214,215,218,223,225,227,228,231,232,233,235,236,237,238,239,241,242,243,245,247,248,249,250,251,252,253,254,257,258,259,260,262,264,266,267,268,269,270,271,273,275,276,278,279,280,281,282,283,285,286,287,288,289,290,291,292,293,294,295,296,297,298,299,300,302,303,304,305,307,308,310,311,313,314,315,316,317,318,319,322,325,326,334,335,337,338,339,340,341,342,343,344,345,351,353,356,358,359,365,370,373,374,375,378,379,380,386,390,403,405,407,425,426,431
15,65,67,71,74,75,76,77,78,79,80,81,82,84,85,86,87,88,89,92,93,94,95,96,97,98,99,100,101,102,104,106,107,108,110,112,113,114,115,116,117,118,119,120,121,122,123,125,126,129,130,132,135,136,137,138,139,140,141,142,143,146,147,149,152,153,154,157,160,161,162,163,164,165,166,167,169,172,173,174,175,177,178,179,181,182,183,186,189,191,192,194,196,201,202,203,204,205,206,207,208,212,213,214,216,217,218,220,223,224,225,228,229,230,231,233,235,239,243,244,245,247,249,250,252,254,255,256,261,262,266,267,269,271,272,273,276,277,278,279,282,283,284,285,286,289,290,291,292,293,295,296,297,298,299,300,301,302,303,304,305,306,307,308,309,310,312,313,314,315,316,317,318,319,320,321,322,323,326,327,328,329,330,332,333,334,335,337,338,340,341,343,344,345,346,348,349,350,351,352,353,354,355,357,358,360,362,363,364,365,366,368,371,374,379,380,382,386,387,389,391,392,397,399,413,418,439,441,442,449,452,457,458,466,467,532,648,694
16,13,29,66,69,72,73,74,75,77,78,79,80,82,83,84,87,88,89,91,92,93,95,96,97,98,99,100,101,102,104,105,106,107,108,109,111,112,113,114,116,117,118,119,120,121,122,123,124,125,126,127,128,130,131,132,133,135,136,137,138,140,143,144,147,148,149,150,152,153,154,157,159,161,162,165,169,171,172,173,174,177,179,181,182,183,185,186,187,190,191,193,196,198,199,200,201,203,204,207,208,210,214,218,221,223,225,228,229,230,232,233,234,235,236,237,243,246,249,251,253,254,255,256,261,262,265,266,267,269,273,274,275,277,279,281,284,285,286,287,290,291,293,294,295,296,298,299,300,301,302,303,304,306,307,308,309,310,311,313,314,315,316,317,318,319,320,321,322,323,324,325,326,327,328,331,332,333,334,335,337,338,340,341,342,345,348,349,350,351,352,354,355,356,361,362,363,365,371,372,373,375,377,378,382,383,385,387,388,389,391,392,393,394,395,396,397,398,399,400,401,402,403,404,407,411,412,415,419,421,425,427,430,444,445,450,451,454,565,597
17,43,54,67,68,70,72,73,74,75,77,78,79,80,81,82,85,87,88,91,94,95,96,98,99,100,102,104,106,107,108,111,112,113,115,116,117,118,120,121,122,123,124,125,127,128,130,132,133,134,135,136,140,142,144,146,148,149,150,151,152,153,154,156,159,160,161,163,164,165,166,167,170,172,173,175,177,178,179,183,184,189,190,192,193,195,202,205,207,208,209,212,213,214,217,222,229,230,232,233,237,241,242,244,248,250,255,258,263,266,267,268,269,271,273,275,276,279,280,282,283,286,287,289,294,295,296,299,300,302,303,304,305,307,308,309,310,311,312,313,315,316,318,319,320,321,322,323,324,326,327,328,329,331,334,335,336,337,339,341,342,343,344,345,346,347,348,349,351,352,353,355,356,357,362,363,364,365,366,367,368,373,374,377,378,379,380,381,382,383,384,386,387,388,393,398,400,401,402,404,408,411,413,417,419,421,423,425,427,432,435,441,448,464,475,486,489,490,493,500,505,513,655
18,10,25,66,68,69,70,71,73,74,75,76,77,78,79,80,83,85,86,87,88,90,92,94,95,96,97,99,100,101,102,103,105,106,108,109,110,111,112,113,114,115,116,118,120,121,122,124,125,126,127,128,129,131,132,133,137,138,139,144,145,146,147,149,151,152,153,154,155,157,158,159,160,163,168,169,170,172,173,175,177,181,185,186,188,190,192,194,195,196,198,202,203,204,205,206,209,214,215,217,220,221,222,224,225,228,232,234,238,239,244,247,248,249,250,251,253,259,265,266,270,272,273,276,278,281,282,283,285,288,290,291,294,296,297,299,301,302,303,304,305,306,307,308,309,310,312,313,314,315,317,318,319,320,321,323,324,325,326,328,330,333,336,337,338,339,340,341,343,345,346,349,353,354,355,356,358,359,360,362,364,368,369,371,374,375,376,377,379,381,384,385,387,389,390,392,393,397,398,399,402,405,408,413,415,420,422,425,426,429,434,438,442,445,458,459,629,687
19,55,60,62,65,66,69,70,71,72,73,75,76,77,78,79,80,82,83,85,88,90,91,92,94,95,96,97,100,102,103,104,105,106,107,108,109,110,112,113,114,115,117,118,119,123,124,128,130,131,133,134,135,137,138,139,140,142,143,145,146,148,149,150,154,156,159,160,161,162,164,165,166,167,170,173,178,181,183,184,185,187,189,190,191,194,203,207,211,212,213,215,217,220,221,222,225,227,228,231,232,236,238,242,248,249,250,254,255,261,267,268,269,271,272,274,276,277,281,283,285,286,287,289,291,294,296,298,303,311,312,313,314,316,317,318,319,321,323,325,327,328,330,331,333,334,336,337,338,339,340,341,342,343,344,345,347,349,350,351,353,354,355,356,358,359,360,361,362,365,367,368,369,373,374,375,376,377,378,380,383,386,388,389,390,397,399,400,405,410,414,415,417,420,421,433,438,443,448,451,463,464,470,471,474,475,483
20,2,60,62,64,65,66,68,70,71,73,74,75,76,77,79,80,81,82,84,86,88,89,90,91,93,94,95,96,97,98,99,100,101,102,103,105,106,107,108,109,110,111,112,113,118,119,120,121,122,123,124,126,127,132,134,135,138,140,142,145,147,149,150,153,154,159,161,162,163,164,165,167,168,170,171,172,173,178,180,181,182,183,184,200,205,209,214,217,220,223,225,232,233,234,237,242,243,245,254,256,265,269,271,274,277,280,281,283,286,287,289,290,293,294,299,301,305,306,307,308,311,315,316,318,320,321,322,324,327,328,329,330,331,332,334,335,337,339,340,341,342,344,347,350,351,352,354,355,356,360,362,366,367,368,369,372,373,376,378,385,386,387,388,390,395,396,397,398,400,401,403,406,409,414,416,418,422,425,428,430,432,433,441,443,444,449,458,465,478,479,484,518
21,64,65,66,67,68,69,71,73,74,75,76,77,78,80,81,82,83,84,86,87,88,91,92,93,94,95,96,98,99,100,101,102,103,104,105,106,107,108,110,112,113,114,115,117,119,120,123,124,125,126,127,128,129,130,131,132,133,140,141,143,144,146,148,152,155,156,157,158,162,163,164,165,170,172,174,177,178,187,194,196,200,201,202,204,207,208,212,214,219,222,225,231,235,237,239,242,245,246,252,254,255,259,261,263,268,276,278,279,281,285,288,289,291,295,299,301,303,308,312,313,315,316,321,323,324,325,326,327,328,329,331,338,339,340,341,342,343,344,347,348,349,350,351,352,353,354,355,358,360,361,362,364,369,374,378,379,382,385,386,387,388,389,390,391,394,395,396,398,399,403,405,413,415,417,430,451,456,458,459,470,479,499,502,544
22,45,54,57,60,61,62,63,65,66,67,68,69,70,71,72,75,76,79,80,81,82,83,85,86,87,88,89,90,91,92,93,97,99,100,102,103,105,107,108,109,110,111,113,114,115,117,120,121,124,126,129,130,131,132,135,137,138,141,142,143,147,148,149,150,152,153,154,157,159,162,163,164,166,168,170,171,175,179,184,186,187,190,191,192,194,195,207,213,216,221,224,226,229,231,232,233,238,239,247,248,253,255,257,264,265,266,267,270,274,276,279,283,285,286,291,293,294,295,298,300,305,306,313,314,315,320,323,327,328,329,330,332,334,335,336,337,339,340,341,342,343,344,346,347,351,362,364,365,371,373,377,379,380,383,386,395,398,405,406,412,414,423,434,443,458,472,480,509
23,10,11,19,56,57,58,60,62,63,64,65,66,67,68,69,70,71,73,74,75,77,78,79,80,81,82,83,86,88,89,90,91,93,94,96,97,98,99,100,101,102,105,108,109,110,112,115,117,120,121,123,124,126,128,132,133,134,135,137,138,139,142,145,148,149,150,151,152,153,154,156,158,159,160,161,162,164,166,168,169,171,175,176,178,180,181,184,185,186,187,188,191,196,201,202,203,205,207,208,214,221,223,225,227,229,230,235,236,243,245,252,258,261,263,269,273,279,284,289,299,309,310,312,315,317,319,322,325,328,333,344,347,351,353,360,361,363,365,369,370,373,374,378,381,383,387,394,395,400,408,421,430,442,491,638
24,55,56,59,60,61,62,63,64,66,67,68,69,70,71,72,73,75,77,78,80,81,82,84,85,86,88,90,91,92,97,101,102,103,104,105,108,109,111,113,115,116,119,121,129,132,133,137,138,140,141,143,144,147,148,150,151,152,153,154,155,157,160,161,162,166,167,168,171,172,175,177,178,179,181,184,185,186,193,194,196,200,201,205,210,212,216,219,220,222,224,226,227,228,229,230,234,236,237,242,249,250,257,259,263,265,266,267,269,271,273,275,282,283,293,296,298,304,316,321,328,331,332,335,346,348,352,357,360,364,376,386,391,404,410,420,441,482
25,57,58,59,60,61,62,63,65,66,67,69,70,71,72,73,74,75,76,77,78,79,80,81,82,83,84,85,87,88,89,90,91,92,93,95,96,97,98,101,103,106,111,114,115,119,123,125,126,127,129,131,132,133,134,137,138,139,140,141,142,143,146,147,150,152,153,154,155,156,157,159,160,161,162,164,165,166,170,172,177,178,183,184,196,199,201,203,204,206,207,208,209,210,212,213,218,219,221,223,225,226,227,229,233,234,235,237,238,239,243,251,265,269,273,277,278,284,298,304,307,317,326,328,345,372,393,415,420,425,431,440,442,471,480,490,495,551,583,600,603,627,633,650
26,54,56,58,59,60,61,62,64,65,66,67,68,69,70,71,72,73,74,75,77,78,79,80,81,82,83,84,86,87,88,89,90,92,93,94,95,96,97,99,100,101,102,105,106,107,108,109,110,111,112,113,114,116,118,119,120,121,122,123,124,125,127,128,129,130,131,133,134,137,138,139,140,142,143,146,147,148,150,153,154,155,156,157,158,159,160,161,162,163,165,166,169,170,171,172,173,177,178,179,180,182,183,184,185,186,187,188,189,191,192,193,195,196,197,198,199,200,201,203,208,209,210,211,213,216,225,226,227,236,248,268,269,283,381,397,514,543
27,11,50,51,56,57,58,59,60,61,62,63,64,65,66,67,68,69,70,71,72,73,74,75,76,78,79,80,81,82,84,85,89,90,92,93,95,96,98,99,100,101,102,103,104,106,107,108,109,111,112,113,114,115,116,117,118,119,120,121,123,124,125,126,127,128,129,130,131,133,134,136,137,139,140,141,142,143,144,146,147,148,152,153,155,156,157,158,159,160,161,162,163,164,165,166,167,168,170,172,173,174,175,176,179,180,182,183,186,190,193,194,196,197,200,201,202,204,208,209,210,213,215,217,220,221,226,228,231,232,233,234,235,238,239,240,242,243,244,246,247,251,255,257,259,260,261,263,264,266,268,272,274,275,276,278,280,281,284,288,292,302,326,362,364,456,489,517
28,21,30,34,51,52,53,55,57,58,59,60,61,62,63,64,65,66,67,68,69,70,71,72,73,74,75,76,77,80,82,83,84,85,86,87,88,89,90,91,93,94,96,97,98,99,100,101,102,103,104,105,106,107,108,109,111,112,113,114,116,117,118,119,123,125,126,128,129,132,133,134,135,138,140,141,145,148,149,150,151,152,153,154,155,156,157,159,160,162,163,165,166,167,168,170,172,181,182,183,185,187,190,191,194,199,200,203,204,205,207,210,211,212,214,215,216,217,218,219,222,223,224,225,226,227,228,229,230,231,235,237,239,242,245,249,250,258,259,263,269,270,280,281,283,290,300,305,312,315,321,329,344,461,544
29,46,49,52,53,54,55,56,57,58,59,60,61,62,63,64,65,66,67,68,69,71,72,74,75,76,77,78,82,83,84,85,86,87,88,89,90,91,92,93,94,95,96,97,98,99,100,102,103,104,105,106,107,108,109,110,111,112,113,114,115,116,117,118,119,122,126,129,132,142,145,147,149,151,152,154,156,158,160,162,163,165,166,167,168,169,171,172,175,177,178,179,180,181,184,189,191,192,193,194,195,196,200,201,204,206,207,208,210,212,213,214,218,219,221,222,223,225,226,229,231,232,233,234,235,236,237,238,242,246,248,251,259,261,263,267,271,274,276,279,281,290,297,307,309,314,339,350,357,544
30,49,52,53,55,56,57,61,63,66,67,68,69,70,72,73,76,77,78,79,81,82,84,85,87,88,89,90,91,92,93,94,95,96,97,98,99,100,101,102,103,104,106,107,108,109,113,114,115,116,121,122,125,127,128,129,131,132,133,134,135,137,139,147,150,151,152,153,154,155,156,157,158,160,161,164,165,167,168,169,171,172,174,175,177,178,179,181,182,183,184,186,188,190,191,192,193,194,198,199,200,209,210,211,213,220,221,224,226,227,228,229,234,237,239,240,241,243,244,247,248,250,253,254,255,256,260,261,263,268,270,275,286,301,308,315,327,364,625,633
31,50,53,56,57,58,59,60,61,62,63,64,66,67,68,69,70,71,72,73,74,75,76,77,78,79,80,81,83,84,86,88,91,92,93,94,95,96,97,98,99,101,102,104,105,107,108,109,110,112,113,115,116,118,119,120,122,123,125,126,129,130,131,132,134,135,136,138,141,144,145,146,147,149,151,152,153,154,157,158,160,162,163,164,166,169,171,174,175,178,180,181,183,187,188,189,192,193,194,195,200,201,202,207,208,209,210,212,214,215,216,217,218,224,227,228,230,234,247,254,259,282,285,295,300,304,306,308,319,323,327,355,370
32,30,51,53,54,55,56,57,58,59,60,61,62,63,64,65,66,67,68,69,70,71,73,74,75,76,78,79,81,83,85,86,87,88,89,90,91,93,94,95,99,100,101,102,103,104,105,106,107,108,109,110,111,114,115,116,117,118,119,120,121,123,125,126,127,128,129,130,131,132,134,135,136,139,143,144,149,150,151,152,153,154,156,157,158,159,160,161,162,163,164,171,172,173,174,175,178,179,180,184,189,191,192,193,194,196,197,199,201,202,203,204,208,212,213,215,216,219,221,224,229,230,231,233,234,235,236,238,240,242,243,249,252,253,254,255,262,269,270,271,274,276,282,283,288,303,312,327,377,380,447
33,41,43,51,52,53,54,56,57,58,59,60,61,62,63,64,65,66,67,69,71,72,73,74,75,76,77,78,79,80,81,82,83,84,85,87,88,89,90,91,92,93,94,95,96,97,98,99,100,101,102,103,104,105,106,107,108,109,111,112,113,114,116,117,120,121,123,124,126,129,130,131,132,136,137,138,139,140,143,146,147,150,151,152,153,158,163,166,171,172,175,176,178,180,184,185,186,187,188,190,191,194,195,197,198,201,205,207,215,216,222,224,226,227,228,230,233,236,242,243,259,261,275,282,292,296,333,356,403,468,494,501,585
34,53,54,56,57,58,59,60,62,64,66,67,68,69,70,71,72,74,76,77,78,79,80,82,86,88,89,90,91,92,93,94,95,96,97,99,100,101,102,103,104,105,106,107,108,109,110,111,112,113,114,115,116,117,121,124,127,128,129,132,136,137,139,140,141,143,147,149,152,157,158,159,162,165,167,168,169,170,171,174,175,177,180,181,183,185,186,187,188,190,191,192,193,195,196,200,201,202,203,212,213,214,215,216,217,219,223,224,226,227,229,230,231,232,240,242,244,245,249,250,252,253,255,256,259,272,285,288,295,300,362,374,399,412,439,534,672
35,43,47,53,56,57,59,60,61,62,63,64,65,66,68,69,70,71,72,74,75,76,77,78,79,80,81,82,83,84,85,86,88,89,93,94,97,105,106,108,110,111,112,114,116,117,118,119,120,121,122,125,126,127,128,129,130,131,132,137,144,148,150,151,152,153,155,156,159,161,162,164,166,167,170,173,174,176,177,180,186,188,190,193,195,196,198,199,200,203,204,206,212,213,215,216,217,218,219,220,222,223,224,225,228,229,231,237,238,248,253,257,262,263,266,267,268,273,279,283,285,295,325,348,350,366,399,423,543,681
36,51,53,54,55,56,57,59,60,62,64,65,66,67,68,69,70,71,73,74,75,77,79,80,81,84,85,88,89,93,96,99,100,101,102,103,104,105,107,108,110,111,112,113,115,117,118,119,121,123,125,127,131,133,134,135,137,139,143,146,147,148,150,153,154,155,156,158,161,162,164,168,169,173,174,175,177,181,182,186,187,189,201,202,214,215,220,222,225,231,232,234,235,237,245,246,247,257,258,260,269,278,279,282,295,304,312,341,345,348,366,440,464,619
37,51,54,56,59,60,61,62,63,64,65,66,67,68,70,75,76,81,83,84,85,86,87,88,89,91,92,93,94,96,97,98,99,100,102,103,107,108,110,113,114,118,121,122,123,124,127,133,134,138,139,141,143,147,149,150,151,152,155,156,158,160,166,171,173,178,181,190,191,195,197,198,199,202,206,212,217,218,220,222,226,228,232,238,241,245,260,263,275,279,288,290,297,335,434,551,652
38,15,45,51,54,58,59,61,62,63,67,68,71,73,74,75,76,77,79,80,81,83,84,85,86,89,93,94,103,104,105,106,110,113,114,118,120,121,123,124,125,129,130,144,151,152,155,164,165,168,169,170,171,177,179,180,193,202,203,206,208,211,222,226,235,244,248,251,256,264,265,268,276,290,311,319,336,486,571,683,693
39,19,50,54,58,63,64,66,69,70,71,73,74,75,76,77,78,80,81,83,84,87,88,89,93,94,98,102,107,108,109,112,113,116,117,119,126,129,132,143,144,146,147,153,156,164,167,169,170,175,176,182,183,187,216,223,224,248,250,253,306,315,589
40,44,50,55,57,59,60,61,62,66,70,71,73,75,76,77,78,79,86,87,88,90,92,93,94,95,97,99,100,102,107,108,111,112,114,115,116,120,121,123,129,131,134,140,144,148,154,157,166,170,171,177,178,181,182,186,236,239,243,245,273,327,555,580,606
41,39,49,61,62,72,74,76,79,80,82,84,85,87,90,91,92,93,94,95,97,99,102,104,106,107,111,112,113,114,116,118,119,121,126,129,131,132,133,140,142,144,156,158,159,173,175,186,194,205,209,212,215,220,232,234,235,279,280,283,287,298,300,322,355,488,496,521
42,47,74,76,77,84,85,93,100,101,108,109,113,118,130,133,139,143,145,157,182,198,199,218,246,480
43,136,316
44,402,406,477,557,598
45,411,418,461,635
46,9,63,334,427,451,473
47,205,277,448,664
48,34,605,621
49,331,566,698
50,46,316,335,409
51,533,547
52,15,390,445,462,686
53,250,512,518,567,573,610,617
54,510,665
55,450,534,674
56,93,429,468,538,542,624
57,306,326,433,670,693
58,249,364,501,510,522,626,657
59,32,95,613,620,681
60,291
61,
62,
63,
64,
65,
66,
67,
68,
69,
70,
71,
72,
73,
74,
75,
76,
77,
78,
79,
80,
81,
82,
83,
84,
85,
86,
87,
88,
89,
90,
91,
92,
93,
94,
95,
96,
97,
98,
