18
0,326
1,8,200,266,330,382,405,437
2,20,22,25,28,30,31,36,39,40,41,43,48,54
3,15,16,23,24,27,28,29,31,32,33,35,44,45,51,87,458,547,676
4,11,14,18,26,28,32,33,34,35,36,37,38,39,40,41,42,43,44,45,46,47,48,49,51,53,54,55,56,57,59,65,71,73,74,78,80,94,106,109,116,120,122,123,128,130,132,137,194,311,314,640
5,13,24,25,26,27,28,29,30,32,33,35,36,37,38,39,41,42,43,44,45,46,47,48,49,50,51,53,54,55,56,57,58,59,60,61,62,63,64,66,67,68,69,70,71,72,73,74,76,77,79,81,83,85,86,88,89,90,91,92,93,94,98,104,105,106,108,109,111,112,114,115,116,118,119,120,121,122,123,124,126,127,128,129,130,131,132,133,134,135,136,137,138,139,140,141,142,143,144,145,146,147,148,149,150,151,152,153,154,155,156,157,158,159,160,161,162,163,164,165,167,168,169,170,176,178,180,182,183,184,186,187,188,189,190,192,193,195,196,197,198,199,200,201,202,203,204,205,209,210,211,212,214,215,219,221,223,224,225,226,227,228,229,231,232,233,235,236,237,238,240,241,242,243,244,247,248,249,250,251,252,253,254,255,256,257,258,259,260,261,262,263,264,265,266,267,268,269,270,271,272,273,274,275,276,277,278,279,280,281,282,283,284,285,286,287,288,289,290,291,292,293,294,295,296,297,298,299,300,302,303,304,305,306,307,308,309,310,311,312,313,314,315,316,318,319,320,321,322,323,324,325,326,327,328,329,330,331,332,333,335,338,340,348,587,628
6,23,25,26,27,28,29,30,31,33,34,35,36,38,39,40,41,42,44,45,46,47,48,50,51,52,53,54,55,56,58,59,60,61,62,63,64,65,66,67,68,69,71,72,73,74,75,76,78,80,81,83,84,85,86,87,88,89,90,91,92,93,95,97,98,99,101,105,106,107,108,113,115,120,121,122,123,124,125,126,127,128,129,130,131,132,133,134,136,139,140,141,142,143,144,145,146,147,148,149,151,152,153,154,156,158,159,160,161,162,163,164,165,166,167,168,171,172,174,175,178,179,180,183,184,186,188,190,198,199,204,205,206,207,208,209,210,211,212,214,215,216,221,222,223,225,227,228,232,233,234,235,236,237,239,240,241,242,243,244,245,246,247,248,249,250,251,252,254,256,257,258,259,260,261,262,264,265,266,267,268,269,270,271,272,273,274,275,276,277,278,279,280,281,282,283,284,285,286,287,288,289,290,291,292,293,294,295,296,297,298,299,300,301,302,303,304,305,306,307,308,309,310,311,312,313,314,315,316,317,318,319,320,321,322,323,324,325,326,327,328,329,330,331,332,333,334,335,336,337,338,339,340,341,342,343,344,345,346,347,348,349,350,351,352,353,354,355,356,357,358,359,360,361,362,363,364,365,366,367,368,369,370,371,372,373,374,375,376,377,378,379,380,381,382,383,384,385,386,387,388,389,390,391,392,393,394,395,396,397,398,399,400,401,402,404,405,406,407,408,409,410,411,413,414,415,416,417,418,419,420,421,422,423,424,425,426,427,428,429,430,431,432,433,434,435,436,437,438,439,440,441,442,443,444,445,447,448,449,450,451,452,453,454,455,456,457,458,459,460,461,462,463,464,466,467,468,469,470,471,472,474,475,476,477,478,479,480,483,487,488,491,492,493,494,495,496,500,502,505,506,507,508,509,510,514,515,516,528,531,533,558,560,563,572,574
7,23,24,27,28,29,30,33,34,35,36,37,38,39,40,41,42,43,44,45,46,48,49,50,53,55,56,57,59,61,64,66,69,71,73,76,78,79,83,84,85,86,88,91,93,97,104,107,108,109,118,120,123,125,127,130,131,134,136,138,139,140,141,142,143,144,146,147,148,151,152,154,155,157,158,162,164,165,167,168,171,175,177,179,182,184,185,187,188,190,194,201,202,204,205,206,210,212,214,215,216,218,220,221,223,226,227,229,231,232,233,234,236,237,238,240,241,242,243,245,248,249,250,251,253,254,255,257,259,260,262,264,265,266,267,268,269,270,271,272,274,275,277,278,279,281,282,284,285,286,289,290,291,292,293,294,295,296,298,299,300,301,302,303,304,306,307,309,311,312,313,314,315,316,318,319,320,321,322,324,325,326,327,328,329,331,333,334,335,336,337,338,339,340,341,342,343,344,345,346,347,349,350,351,352,353,355,356,357,358,359,360,361,362,364,366,368,369,370,371,372,373,374,377,378,379,380,381,382,383,384,385,386,387,388,389,390,391,392,393,394,395,397,398,399,400,401,402,406,407,409,410,412,413,415,416,417,418,420,421,422,425,426,427,428,429,430,432,433,434,435,436,438,439,440,441,443,444,445,446,447,448,449,450,452,453,455,456,457,458,459,461,462,463,464,465,467,469,471,473,476,478,480,481,482,483,484,485,486,489,490,492,497,499,501,502,503,504,511,512,516,517,518,521,535,542,545,551,577,579,588,591,594,596,613
8,23,25,29,31,32,33,34,35,37,39,40,41,43,44,46,47,48,49,50,51,52,56,58,59,61,63,64,65,66,67,69,70,71,73,77,83,85,89,91,92,94,97,100,101,105,107,111,113,116,117,118,121,122,123,125,126,130,131,132,133,138,140,143,144,145,146,147,148,150,156,157,162,166,169,172,173,174,181,182,185,186,190,191,199,200,202,203,207,208,211,216,218,225,226,228,231,232,235,238,240,241,243,247,249,252,256,258,259,262,264,266,267,269,271,273,274,275,276,277,278,279,280,281,282,283,284,285,289,290,291,292,293,294,295,296,297,299,300,301,303,304,305,307,308,309,310,311,312,313,314,315,316,317,318,319,320,321,322,323,324,325,326,327,328,329,330,331,332,333,334,335,336,337,338,339,340,341,342,343,344,345,346,347,349,350,351,353,354,355,356,357,358,359,360,361,362,364,365,366,367,369,371,372,373,375,377,379,382,383,384,386,388,389,390,392,395,397,398,399,400,401,403,405,406,408,412,413,419,420,422,423,424,427,428,429,430,432,433,434,435,436,438,439,440,442,443,445,446,447,448,449,450,451,452,453,454,455,457,459,460,461,462,463,464,465,468,469,470,471,474,475,477,478,479,481,482,486,487,488,489,492,493,494,496,499,500,501,503,504,507,508,510,515,524,526,527,528,529,530,531,533,534,535,537,547,552,562,575,581,582,584,612
9,21,22,24,26,27,28,30,31,32,33,34,35,37,38,39,40,42,43,44,45,47,49,51,52,53,59,60,66,67,68,69,70,71,72,75,76,79,80,81,82,83,84,85,87,88,89,96,97,107,108,116,117,119,124,126,128,129,130,132,134,136,137,139,141,142,143,145,146,147,149,150,152,153,161,163,164,165,167,169,171,174,177,178,181,183,186,187,190,202,203,207,209,216,219,227,228,231,233,236,240,241,244,247,252,256,257,260,263,265,266,267,269,270,271,272,273,274,275,277,278,279,280,281,284,287,288,289,290,291,293,294,295,297,298,303,304,305,306,307,308,310,311,313,315,316,317,319,320,321,322,323,324,332,334,335,336,337,339,340,341,342,344,345,346,347,348,349,350,351,352,354,355,356,358,359,360,361,362,364,365,366,367,368,369,370,372,373,374,378,379,380,381,382,383,384,385,386,387,388,389,390,391,392,393,394,395,396,398,400,402,403,404,405,406,407,408,409,410,411,412,413,414,415,417,418,419,420,421,422,424,426,427,428,429,430,434,435,436,437,439,440,441,443,444,445,447,448,450,451,452,453,454,455,456,457,458,459,460,461,462,463,465,466,467,468,469,470,471,475,476,479,480,485,486,487,489,490,491,494,495,498,503,505,506,507,508,509,514,517,518,524,528,530,544,557,560,593,600,633,655,688
10,21,24,26,29,30,31,32,33,35,36,37,38,39,40,41,42,43,44,45,46,47,48,49,50,51,52,53,54,58,59,60,61,62,63,64,66,70,72,74,75,77,78,80,84,87,89,90,93,95,96,97,98,99,100,105,123,127,131,132,133,134,135,136,139,140,141,142,144,146,147,152,154,155,156,158,160,161,163,164,165,166,176,179,180,190,198,199,200,201,203,204,211,215,217,220,222,224,229,234,238,241,244,248,250,252,253,254,257,260,261,262,263,264,265,266,267,269,270,271,273,275,277,278,279,280,281,283,284,285,286,287,289,290,292,294,295,297,298,299,303,304,305,306,307,308,309,312,313,314,317,318,319,320,323,325,328,329,332,335,336,339,340,341,344,345,346,347,349,350,352,353,354,355,356,357,359,363,364,365,368,369,371,373,375,377,379,380,382,385,388,389,390,392,393,395,396,398,400,402,403,405,408,410,411,415,418,419,421,425,426,428,433,436,439,444,445,448,451,452,453,455,458,459,461,464,465,467,472,473,474,475,476,489,490,494,497,498,500,501,517,521,522,523,526,533,552,553,563,593
11,25,27,28,29,32,33,34,35,36,39,40,41,42,43,44,45,46,49,50,51,52,55,56,57,58,60,61,63,64,66,67,68,71,72,73,74,76,77,78,81,85,86,91,93,95,97,99,121,122,126,127,129,131,134,139,140,144,145,146,147,148,149,150,152,156,158,165,167,175,176,177,184,187,188,204,205,210,212,214,218,219,220,221,222,225,226,231,235,236,241,243,244,246,247,252,253,255,259,260,262,263,264,269,271,272,273,274,275,276,277,278,279,280,282,283,284,285,286,288,289,291,292,294,295,296,297,298,301,302,306,307,308,310,311,312,315,316,317,318,319,322,323,324,325,326,327,329,330,331,332,334,336,338,339,342,343,344,345,346,348,349,350,351,352,353,355,357,358,359,360,361,362,364,365,366,368,369,370,371,372,374,375,376,381,383,384,385,387,388,389,390,393,394,395,396,397,399,400,401,403,404,405,406,409,412,413,419,427,428,429,431,432,438,440,442,446,448,451,452,454,455,460,461,463,464,465,466,469,471,477,478,479,482,487,489,495,498,499,502,503,505,507,513,526,533,545,560,579,647
12,11,25,26,28,29,30,32,33,34,35,36,37,39,41,42,43,45,46,49,50,52,54,56,57,60,61,63,64,69,71,73,75,76,78,82,83,85,86,89,90,93,94,95,105,106,115,117,120,121,124,126,127,130,132,134,135,137,139,140,141,147,148,149,154,159,163,165,175,184,186,188,191,193,194,195,196,200,201,212,216,217,218,220,221,232,240,242,243,246,248,251,252,254,255,258,261,264,269,271,272,275,277,278,280,281,282,291,299,300,301,303,305,307,309,311,313,315,316,318,319,322,324,325,327,328,329,331,332,334,335,337,338,339,342,343,344,345,346,347,351,352,354,356,358,359,361,362,364,366,367,368,369,370,373,374,375,377,380,382,383,385,386,387,388,389,390,392,393,395,396,398,401,402,405,406,407,409,410,412,413,414,416,417,418,419,420,422,423,425,426,427,431,432,434,436,437,438,441,442,443,444,445,448,449,450,451,452,453,454,455,457,458,460,461,462,463,464,468,469,471,473,477,478,481,484,488,493,498,502,504,506,514,516,517,518,519,521,523,524,525,654,698
13,29,30,32,34,35,37,38,39,40,41,42,43,44,45,46,47,48,49,50,51,52,53,55,56,57,58,59,60,61,64,65,66,70,71,73,74,76,78,80,82,84,86,87,91,92,96,98,101,106,107,114,119,121,125,127,130,133,134,135,137,139,140,142,143,144,146,147,149,152,155,156,157,158,161,164,169,175,176,177,178,188,189,190,192,196,199,206,208,209,214,215,221,222,223,225,227,228,231,237,238,239,242,257,258,260,261,262,263,266,268,274,275,276,278,280,284,285,286,288,293,294,295,297,299,302,304,306,307,308,309,310,314,316,320,322,327,330,332,333,336,337,339,340,341,342,350,354,356,359,361,363,365,367,368,369,371,382,383,386,387,393,396,397,400,401,404,405,406,410,411,414,417,421,422,426,427,430,433,437,439,440,442,446,447,448,449,450,456,457,459,464,466,468,469,478,482,483,488,493,495,500,506,507,508,515,525,541,544,551,567,572,688
14,16,20,21,25,27,29,30,31,32,33,34,35,36,37,38,40,41,42,43,44,45,46,47,49,50,51,52,53,54,55,56,57,58,59,60,61,62,63,65,66,67,69,70,71,72,73,74,75,77,78,79,80,88,92,93,98,114,119,125,126,127,128,131,135,138,143,144,147,148,150,153,155,158,159,160,161,162,163,164,166,185,192,194,198,200,208,211,215,218,228,236,243,245,246,247,250,252,253,254,261,265,267,270,271,272,273,274,275,276,278,279,280,283,285,286,287,288,289,291,292,295,300,301,303,304,307,308,309,311,312,315,316,317,318,319,320,321,323,324,325,326,329,331,335,336,338,339,341,342,344,345,346,347,348,349,350,353,354,355,356,357,360,363,364,365,367,369,371,372,375,376,378,379,381,382,384,385,386,389,391,392,395,399,400,410,411,420,421,422,424,427,432,433,434,435,436,438,440,441,443,444,445,447,448,449,452,453,455,456,457,460,461,462,463,467,468,471,475,479,480,483,498,504,512,513,515,520,521,522,527,530,590,617
15,3,27,28,29,31,32,33,34,35,36,37,38,39,40,41,42,43,44,45,46,47,48,49,50,51,52,53,54,55,57,59,60,61,62,63,66,67,68,69,70,72,73,74,75,76,77,78,81,82,83,85,86,87,89,90,91,92,93,95,96,97,98,99,100,101,102,103,104,107,110,114,119,120,122,123,125,126,127,129,130,131,132,133,134,135,136,137,138,141,142,143,144,145,147,148,149,150,152,153,161,164,166,167,172,174,175,178,180,188,192,193,197,199,209,210,212,214,216,218,222,226,227,237,238,247,250,251,254,257,263,266,267,271,272,273,274,275,276,277,278,279,280,286,288,291,297,300,302,305,306,307,313,317,320,324,328,331,332,333,334,335,336,338,341,342,344,346,347,348,349,350,351,353,356,357,358,361,367,368,369,370,373,375,379,384,387,388,392,393,394,396,397,400,402,405,407,409,411,416,418,419,423,424,432,434,437,439,441,443,447,451,452,455,461,462,463,464,466,467,471,473,474,476,477,479,484,487,489,490,492,493,494,501,506,507,514,522,526,534,550,552,556,585,607,622
16,26,32,33,34,35,36,37,39,40,41,42,43,44,45,46,47,48,49,50,51,52,53,54,55,56,57,58,59,60,61,62,63,64,65,66,67,68,69,70,71,72,73,74,76,77,78,79,80,81,82,83,86,87,88,90,91,92,93,94,95,96,98,99,100,103,104,105,106,107,108,109,111,114,115,117,119,121,122,123,124,127,129,131,133,134,135,136,137,140,141,143,144,145,146,147,148,150,151,152,154,156,157,158,159,160,161,162,164,165,166,167,168,175,177,179,180,181,182,183,184,186,187,189,191,192,196,197,201,202,204,205,206,208,211,212,215,217,218,219,220,224,227,228,230,233,234,239,241,242,243,244,247,248,249,250,252,253,254,255,256,258,259,260,261,266,267,268,269,270,271,272,273,274,279,280,281,283,284,285,287,289,290,291,292,293,300,302,303,307,308,309,310,316,318,319,325,326,327,329,332,334,338,341,343,349,352,355,356,359,361,362,364,365,366,368,370,374,380,385,393,395,401,402,406,410,415,423,425,430,431,433,440,441,442,443,445,447,448,449,453,469,475,477,488,506,530,541,564,603
17,23,24,27,28,31,32,33,34,35,36,37,38,39,41,42,43,44,45,46,47,48,49,51,52,53,54,56,57,58,59,60,61,62,63,64,65,66,68,69,70,71,72,73,74,75,76,77,78,79,80,81,82,83,84,85,86,87,88,89,90,91,92,93,94,95,97,98,99,100,101,102,103,104,106,107,108,110,111,113,114,116,122,125,132,134,135,136,138,139,141,142,144,145,146,147,148,149,150,152,154,156,157,159,161,162,165,166,172,177,179,180,182,185,187,188,189,190,199,213,214,218,223,228,229,231,238,242,243,244,249,252,256,258,259,261,262,263,265,269,274,278,281,290,294,297,301,303,307,309,310,314,317,318,319,320,321,322,323,325,326,327,329,330,332,333,334,343,344,349,351,353,354,356,357,360,361,364,365,367,368,373,374,375,377,379,380,381,382,383,386,389,392,393,397,403,405,406,411,414,425,427,448,451,452,454,458,459,484,509,549,558,569
18,5,25,30,31,35,37,38,39,40,41,42,44,45,46,47,48,49,50,51,52,53,54,55,56,57,58,59,60,61,63,64,65,66,67,68,69,70,71,73,74,75,78,79,80,81,83,84,85,86,87,88,90,91,93,95,96,97,98,99,102,103,104,105,106,107,108,109,110,111,112,113,116,125,128,131,132,137,139,141,143,144,145,146,147,148,151,152,153,154,155,156,158,159,160,162,163,164,165,167,170,171,173,175,176,178,179,180,182,183,186,189,191,193,196,198,203,204,205,209,211,215,222,227,235,243,251,252,257,264,278,279,282,284,285,297,300,303,313,314,320,328,336,347,368,418,421,422,440,446,453,507,573,694
19,12,17,18,20,22,23,24,25,26,28,29,31,35,39,41,42,43,45,50,51,52,54,55,57,58,59,60,62,64,65,67,68,70,71,72,74,75,76,77,78,79,80,81,82,83,84,85,86,87,88,89,92,93,94,95,96,97,98,99,100,101,103,105,106,107,109,110,111,120,125,127,133,135,137,139,148,149,155,157,160,170,172,175,177,179,180,183,184,185,188,194,196,197,198,200,208,212,215,226,237,242,255,307,334,337,351,366,519,578
20,18,28,31,32,35,40,42,46,54,55,59,60,61,63,64,69,72,77,80,82,84,85,88,89,91,92,93,94,95,97,99,100,101,102,103,111,122,129,130,134,136,139,144,150,152,178,183,191,198,210,611,616
21,47,48,83,86,89,93,101,127,149,153,170,191,250,353,676
22,17
23,7,26,230
24,18,193,691
25,30
26,157,575,658,660
27,39,44,487
28,36,531,627
29,20,90,585,612,614
30,3,4,6,9,10,11,13,14,194,311,331,387,553,582,586,626
31,3,19,22,25,59,101,481,567
32,6,9,13,15,23,36,160,470,660
33,6,7,17,31,53,63,78,460
34,5,10,13,17,34,65,85,100,166,374,404,560,573
35,5,28,43,201,312,380,410
36,24,179,295,382,493,558,579
37,13,21,201,350,467,536,657
38,54,60,329,562,695
39,13,76,154,187,472
40,247,303,519,657
41,128,264,308,315,587,617
42,198,298,534,537,638
43,13,147,306,315,429,514,616,668
44,8,156,194
45,352,403,687
46,74,119,203,418,633
47,166,252,643,652
48,112,136,141,191,492,555
49,81,203,263,371,466
50,84,316,385,536,579
51,64,105,413,414,429,471,608,628
52,22,208,388,491,570,583,648
53,320,374,389,486,517
54,29,382,425
55,207,218,295,357,397,528,579,653,695
56,171,231
57,116,216,223,227,393,441,535,545
58,92,97,677
59,141,233,264,355,443,585,646
60,334,545,678
61,101,245,359,508,561
62,110,385,426,511,538,557,634
63,151,357,454
64,231,493,496,516,557
65,42,55,150,479,560,565,593
66,170,581
67,169,208,327,468,513
68,65,196,345,374,385,551
69,92,202,495,567
70,30,155,208,219,458,500,533,686
71,
72,
73,
74,
75,
76,
77,
78,
79,
80,
81,
82,
83,
84,
85,
86,
87,
88,
89,
90,
91,
92,
93,
94,
95,
96,
97,
98,
