7
0,367
1,62,291,338
2,18,25,34,91,252,393,422,596
3,82,397,422,482,557,694
4,164,268,380,400,654
5,39,77,282,289,316,319,430,491
6,48,88,230,517,562,573,581,584,604,606,618,619,644
7,157,385,386,570,583,587,630
8,78,128,280,569,573,574,575,576,577,580,583,586,587,589,590,591,592,593,594,595,596,597,598,600,601,602,603,605,606,608,609,615,619,620,621,630,632,636,638,642,643,645,651,657
9,79,443,612,635,695
10,134,146,271,429,438,457,516,561,588,591,595,596,602,604,605,608,610,618,619,624,628,631,658,671
11,18,78,152,472,563,612
12,84,92,94,96,97,98,101,102,143,210,314,559,572,587,590,620
13,49,74,76,77,78,79,80,82,83,84,85,86,87,88,89,90,91,92,93,94,95,96,97,98,99,100,101,102,103,104,105,106,107,108,110,111,112,113,115,116,118,119,120,121,122,123,164,259,307,315,425,472,561,696
14,75,79,80,81,82,83,84,85,86,87,88,89,90,91,92,93,94,95,96,97,98,99,100,101,102,103,104,105,106,107,108,109,110,111,112,113,114,115,116,117,118,119,120,121,122,123,124,125,126,127,128,129,130,131,132,133,134,135,136,137,138,139,140,141,142,143,144,145,146,147,148,149,150,151,152,153,154,155,156,157,158,159,160,161,162,163,164,165,166,167,168,169,170,171,173,175,177,178,182,184,185,187,189,190,191,192,193,195,196,198,200,201,202,203,204,205,207,208,209,211,212,213,214,215,216,218,219,220,221,222,223,224,226,244,334,504,695
15,31,81,82,83,84,86,87,88,89,90,91,92,93,94,95,96,97,98,99,100,101,102,103,104,105,106,107,108,109,110,111,112,113,114,115,116,117,118,119,120,121,122,124,125,126,127,128,129,130,131,132,133,134,135,136,138,139,140,141,142,143,144,145,146,147,148,149,150,151,152,153,154,155,156,157,158,159,160,161,162,164,165,166,167,168,169,170,171,172,173,174,175,176,177,178,179,180,181,182,183,184,185,186,187,188,189,190,191,192,193,194,195,196,197,198,199,200,201,202,203,204,205,206,207,208,209,210,211,212,213,214,215,216,217,218,219,220,221,222,223,224,225,226,227,228,229,230,231,232,233,234,235,236,237,238,239,240,241,242,243,244,245,246,247,248,249,250,251,252,253,254,255,256,257,258,259,260,261,262,263,264,265,266,267,268,269,270,271,272,273,274,275,276,277,278,279,280,281,282,283,284,285,286,287,288,289,290,291,292,293,294,295,296,297,298,299,300,301,302,303,304,305,306,307,308,309,310,312,314,315,316,317,318,320,321,322,323,324,325,326,327,328,330,331,332,334,335,337,339,340,341,342,343,344,345,346,347,349,351,352,353,356,357,358,359,361,362,367,370,374,375,379,380,382,385,386,387,389,390,392,395,397,403,417,418,419,424,432,435,442,511
16,73,74,78,79,81,83,85,86,87,88,89,90,91,92,93,94,95,96,97,98,99,100,104,105,106,107,108,109,110,111,112,113,114,115,116,117,118,119,120,121,122,123,124,125,127,129,130,131,132,133,134,135,136,137,138,140,141,142,143,144,146,147,148,149,151,152,153,154,155,156,157,159,161,163,165,167,168,169,171,172,173,175,176,177,178,179,180,181,182,183,184,185,186,187,188,189,190,191,192,193,194,195,197,198,199,200,201,202,204,205,207,208,210,213,214,215,217,218,219,220,222,223,224,225,226,227,228,229,230,231,232,233,234,236,237,238,239,240,241,242,243,244,245,246,247,248,249,250,251,252,253,254,255,256,257,258,259,260,261,262,264,265,266,267,268,269,270,271,272,273,274,275,276,278,279,280,281,282,283,284,285,286,287,288,289,290,291,292,294,295,296,297,298,299,300,301,302,305,306,307,309,311,312,313,314,315,316,318,319,321,322,323,324,325,326,327,329,330,332,336,338,343,345,349,350,352,357,358,363,364,366,369,370,372,373,378,380,381,382,384,386,388,390,391,392,393,396,399,403,404,407,409,410,411,413,420,421,427,435,437,445,448,460,479,486,501,502,556,613
17,76,78,79,81,82,83,85,86,88,90,92,93,94,95,96,97,98,99,101,102,103,104,105,106,108,109,110,111,112,113,114,115,116,117,118,119,121,123,125,126,127,128,129,131,133,136,138,140,141,142,143,144,145,146,147,148,149,151,152,153,155,157,159,160,162,164,165,166,167,168,169,170,172,173,174,175,176,177,178,179,180,181,183,184,186,187,188,189,190,191,192,193,194,195,196,197,198,199,204,205,207,208,210,211,212,216,221,222,223,224,226,227,229,230,231,232,233,234,235,236,237,238,239,240,241,242,243,244,245,246,247,249,250,251,252,254,255,256,257,258,259,260,261,262,263,264,265,266,267,268,269,270,271,272,273,274,275,276,277,278,279,280,281,282,283,284,285,286,287,288,289,290,291,292,293,294,295,296,297,298,299,300,301,302,304,305,306,307,308,309,310,311,312,313,314,315,316,317,318,319,320,321,322,323,325,326,327,328,331,333,334,335,336,339,340,341,342,343,344,347,349,351,353,354,356,358,360,361,363,364,365,366,367,372,373,376,377,378,379,381,383,392,394,395,396,401,403,404,413,415,417,420,421,429,433,434,437,444,451,452,461,467,471,476,478,488,495,498,531,674
18,73,74,76,78,80,81,82,84,85,87,88,89,90,92,93,95,96,97,98,99,100,101,102,103,104,105,106,108,109,110,113,114,115,117,118,119,120,121,122,124,125,126,127,128,130,131,132,134,136,137,142,143,144,147,152,153,154,155,157,158,159,160,162,163,164,165,166,167,168,169,170,171,172,175,178,179,181,182,185,186,187,188,190,193,194,195,196,197,199,200,201,202,203,205,207,208,209,212,213,214,216,218,220,222,224,225,226,228,229,230,231,232,233,235,236,238,239,240,241,243,244,245,246,248,250,252,253,254,255,256,257,259,260,261,262,263,265,266,267,268,269,270,271,272,273,274,275,276,277,278,279,280,281,282,283,284,285,286,287,289,293,294,295,296,297,301,302,304,307,309,310,311,314,315,316,317,318,319,320,321,323,325,326,327,328,329,330,332,333,334,335,336,337,338,342,343,345,346,347,348,349,350,351,352,354,356,358,359,360,361,363,364,365,366,367,368,369,370,372,373,374,375,376,377,378,380,384,386,387,389,392,393,394,396,399,401,406,409,412,417,419,421,424,425,426,427,429,435,437,438,439,444,446,452,453,462,464,466,470,478,486,487,489,498,502,506,509,577,588
19,74,78,79,81,83,84,85,86,87,88,89,90,91,93,94,95,96,97,98,99,100,101,102,104,105,106,108,109,110,111,112,113,115,116,117,118,122,125,126,127,128,129,130,131,132,133,134,136,137,138,139,140,141,142,143,144,145,153,154,159,162,163,165,167,169,171,173,174,175,176,177,178,180,181,182,183,186,187,189,190,191,192,193,198,201,202,205,206,207,208,209,210,211,213,215,216,217,220,221,222,223,226,228,230,231,234,237,238,239,241,244,245,246,247,248,252,253,258,259,260,261,262,263,264,265,266,267,268,270,271,273,274,275,276,277,279,280,281,283,284,285,288,289,290,291,292,293,295,299,300,301,302,304,307,308,309,310,311,313,318,319,322,324,325,326,327,328,329,330,331,332,333,336,337,338,339,348,349,351,352,354,355,357,358,359,361,362,364,368,370,373,375,376,378,381,384,385,386,390,391,395,399,409,410,414,419,420,421,423,428,429,435,439,441,442,443,444,447,456,465,481,491,514,686
20,11,75,76,77,78,79,80,81,83,84,85,87,88,89,90,91,92,94,95,96,97,99,101,103,104,105,107,108,109,110,111,112,114,116,118,119,120,121,122,123,124,126,127,129,130,131,132,133,134,135,136,138,139,140,141,142,143,145,147,148,152,153,154,155,156,157,158,160,161,162,167,168,170,172,177,178,179,181,182,183,184,188,191,192,193,194,195,196,198,200,201,202,203,205,207,210,211,212,213,214,215,217,220,221,222,225,228,229,231,232,233,234,235,238,239,241,243,244,245,247,251,253,255,259,260,262,263,265,267,268,271,272,273,274,275,276,277,279,280,281,283,284,287,288,289,291,292,293,295,297,298,300,301,302,303,304,305,306,311,314,318,321,322,323,325,333,335,336,337,341,346,349,350,352,359,361,363,368,369,370,371,372,373,374,375,376,378,382,383,384,386,392,404,405,406,408,409,410,411,421,425,426,433,436,439,440,441,471,475,487,505,506,511,522,630
21,69,70,72,74,76,77,78,79,80,81,82,83,84,85,86,88,90,91,93,94,95,96,97,98,100,101,102,105,107,108,110,112,113,114,116,117,118,119,120,121,122,123,124,125,127,128,129,131,132,133,134,135,136,137,139,140,141,142,143,145,146,148,150,151,152,153,154,155,156,157,158,159,161,163,164,166,168,171,174,177,178,180,184,185,187,188,189,190,193,194,196,197,198,199,200,201,202,204,205,206,207,208,211,214,215,217,220,221,223,224,225,227,228,231,232,233,234,235,237,238,239,240,241,242,243,245,246,247,249,251,252,255,257,258,260,261,262,263,264,265,266,267,268,269,270,271,274,276,277,280,284,285,287,288,291,292,293,296,297,300,302,305,308,309,310,311,312,316,318,320,322,323,325,326,329,330,331,333,334,335,338,341,343,344,346,347,348,349,352,354,356,358,360,361,365,368,371,372,377,380,381,386,388,389,390,395,406,409,411,415,416,423,425,426,432,441,442,456,461,467,472,480,489,510,545,550,634
22,69,72,73,74,75,76,77,78,79,80,82,83,84,85,87,89,90,91,92,94,97,99,100,102,103,104,105,107,108,109,111,113,114,115,116,117,118,119,120,121,122,123,124,126,127,129,130,131,133,135,136,138,140,142,143,144,146,147,148,149,152,153,155,156,157,159,160,162,163,165,166,168,170,171,172,173,174,175,178,179,180,182,183,185,186,187,188,189,192,193,195,196,197,198,200,201,202,203,204,205,207,210,211,212,214,216,218,219,220,225,229,230,234,236,239,241,245,247,248,249,251,252,254,255,257,259,262,265,266,267,269,270,271,272,273,274,282,283,284,287,288,292,294,295,296,298,300,301,303,305,307,309,310,314,317,318,319,321,322,323,324,330,331,332,335,336,340,344,345,347,348,349,350,351,354,355,357,362,363,367,368,370,372,381,384,385,388,393,394,399,402,405,408,426,430,436,437,438,443,455,477,480,504,534,559
23,18,69,72,73,75,76,77,78,79,80,81,82,83,84,86,87,88,89,90,91,92,93,95,97,99,101,102,103,104,105,106,108,109,111,113,114,116,117,118,119,120,122,123,124,125,127,129,130,131,132,134,135,137,138,139,141,142,150,151,152,154,155,157,159,161,162,163,165,170,173,174,176,178,181,184,187,188,190,192,194,196,197,198,203,204,205,207,208,210,212,213,214,219,224,226,227,232,233,234,235,237,239,240,241,242,246,248,252,253,254,256,258,260,261,262,263,265,266,268,269,270,271,272,273,275,277,278,279,281,283,284,285,286,288,297,309,311,312,313,316,320,329,332,336,337,341,348,350,353,355,357,358,360,361,366,373,374,378,381,388,402,417,423,431,433,436,441,465,483,494,496,587,674
24,15,22,68,69,71,73,75,77,78,79,80,81,82,84,86,87,88,91,99,105,107,110,111,112,117,120,123,125,130,131,144,145,146,147,150,153,154,157,158,161,162,163,164,165,168,169,176,180,194,196,198,209,214,221,230,234,254,269,270,291,318,344,361,371,372,393,502,624
25,72,74,75,76,78,79,80,81,82,83,84,85,89,90,91,92,93,94,96,98,99,100,101,102,103,104,105,106,107,108,109,110,112,114,115,121,122,123,125,126,127,130,131,133,134,135,137,141,142,144,145,146,147,151,156,161,164,172,183,185,193,196,197,199,204,212,227,695
26,4,6,52,55,71,73,75,76,78,79,80,81,82,83,85,86,87,89,90,91,92,93,94,95,97,99,101,103,106,109,110,113,114,115,116,119,120,123,126,127,130,131,132,133,135,136,137,139,140,147,148,151,152,153,155,165,168,170,177,181,182,184,189,192,196,198,204,208,209,215,216,239,251,272,349,458
27,8,28,58,63,66,69,76,78,79,80,83,84,86,87,88,89,90,91,92,93,94,96,97,99,100,101,102,104,105,106,107,108,109,111,114,116,118,119,120,121,125,128,129,130,131,132,133,134,135,136,137,140,141,144,145,146,150,151,154,155,170,172,174,175,178,182,193,207,212,215,241,267,288,433,582,651
28,67,68,72,73,80,81,82,83,84,85,86,87,88,89,90,91,92,93,96,99,101,103,104,106,108,110,111,113,114,115,118,119,122,124,125,126,128,129,130,133,135,137,138,140,141,145,146,147,148,149,151,154,156,157,158,159,160,164,172,174,182,190,196,198,212,237,268,274,289
29,3,71,74,75,77,78,80,81,83,85,86,88,90,91,92,93,94,95,97,98,99,101,102,103,104,105,106,107,108,109,110,111,112,113,115,116,117,118,119,121,123,125,127,129,134,135,138,139,140,141,142,143,144,145,148,149,150,152,153,154,155,157,158,160,162,166,168,172,190,192,202,204,211,214,220,221,224,229,232,240,244,248,260,263,285,297,336,518,612
30,10,72,77,79,82,84,85,86,88,89,90,91,93,96,97,98,99,101,102,104,106,107,108,109,110,111,112,114,115,116,117,118,119,123,124,125,126,127,128,129,130,131,132,134,135,137,138,140,143,144,145,146,148,150,151,153,154,155,156,157,158,162,165,166,177,180,184,189,190,191,197,198,204,205,206,210,214,220,225,229,240,244,665
31,75,81,83,84,86,87,89,90,91,92,93,94,95,96,98,100,101,102,103,104,105,107,108,109,110,111,112,113,114,115,116,117,119,121,122,124,126,127,128,129,130,131,133,134,137,138,139,140,141,142,143,144,148,150,151,152,154,155,156,158,159,160,161,162,163,164,165,179,180,181,182,183,184,185,186,188,189,192,194,195,196,197,199,200,201,208,209,210,213,220,222,230,233,239,245,260,261,269,276,302,309,317,367,530,577
32,80,83,88,89,91,94,95,96,97,98,99,100,101,102,103,104,105,106,107,108,109,110,111,114,115,116,117,118,120,121,122,123,125,126,127,128,130,132,133,134,135,136,137,138,139,140,141,143,145,146,147,148,149,150,151,153,154,155,157,160,161,163,166,170,172,173,174,175,177,178,179,180,181,182,183,184,185,186,187,188,189,190,191,192,193,194,195,196,197,198,199,200,201,202,203,204,205,206,207,208,209,210,211,212,213,214,215,217,218,219,221,222,223,224,225,226,227,228,229,231,232,234,236,237,238,239,242,243,248,249,250,251,252,253,255,256,257,260,263,264,265,267,272,276,277,279,281,282,289,292,307,326,333,335,365,374,377,420,553,573,654
33,44,82,87,88,90,91,93,94,95,96,97,98,99,101,102,103,104,105,106,107,108,109,110,111,112,113,114,115,116,117,119,121,123,124,125,126,127,128,129,130,131,132,133,134,135,136,137,138,141,142,143,144,145,147,148,149,150,151,152,153,154,156,157,158,160,162,163,164,165,166,168,169,170,173,175,176,177,181,184,185,186,188,191,192,193,195,196,197,198,200,201,202,203,205,207,208,209,210,211,212,213,215,216,217,218,219,220,221,222,223,224,225,226,227,228,229,230,231,232,233,234,235,236,237,238,239,240,241,242,243,244,245,246,247,248,249,250,251,252,253,254,255,256,257,258,259,260,261,262,263,264,265,266,267,268,269,270,271,272,274,275,276,277,278,279,281,282,283,285,286,287,288,290,292,294,295,296,297,299,300,302,303,304,305,306,309,312,314,316,319,320,324,326,329,330,332,338,341,343,347,359,364,365,366,370,380,384,386,388,393,394,396,398,409,450,569,625,666
34,62,82,83,84,85,88,89,91,92,94,95,99,101,102,104,105,107,108,109,111,113,114,115,116,117,118,119,120,121,122,123,124,125,126,128,129,130,131,132,133,134,136,137,138,140,141,143,144,145,149,151,153,154,155,156,157,159,161,164,165,166,167,168,172,173,174,175,177,178,180,183,184,185,186,187,188,189,191,192,194,195,196,197,198,199,200,201,202,203,204,207,208,209,212,213,214,215,216,217,222,224,226,227,228,231,232,233,234,236,237,238,241,244,245,246,247,248,249,251,252,253,254,255,256,258,259,262,263,264,265,266,267,268,270,271,272,273,274,276,277,278,279,280,281,282,283,284,285,286,287,288,289,290,291,292,293,295,296,297,298,299,300,301,302,303,304,305,306,308,309,310,311,313,314,315,316,318,319,320,321,324,325,326,327,328,329,330,331,332,333,334,335,338,339,340,342,344,346,347,348,349,350,351,352,353,355,356,357,359,360,361,362,365,369,370,372,374,376,382,384,386,387,390,391,393,394,395,396,399,406,408,409,411,412,420,422,424,441,456,462,526,533,583
35,73,78,79,84,86,87,88,89,90,91,92,93,94,95,96,97,98,99,100,101,102,103,104,105,107,108,109,110,111,112,113,114,115,116,117,121,122,123,124,125,126,127,129,131,134,135,136,137,138,139,140,141,142,143,145,146,147,151,152,153,155,158,159,163,167,171,172,174,178,179,180,181,182,183,184,185,186,187,188,190,191,193,194,195,196,198,199,201,202,203,204,205,206,207,209,210,211,213,214,215,216,217,220,221,223,224,225,226,229,232,235,236,237,238,240,241,242,243,245,246,247,251,254,255,257,258,260,262,263,264,266,268,269,271,272,273,275,276,279,280,282,283,287,289,293,297,299,303,305,306,309,310,311,314,316,318,321,329,330,337,338,340,345,351,353,356,358,362,371,373,375,377,378,379,382,385,387,392,395,398,408,409,418,422,425,429,431,432,441,486,487,496,523,558
36,81,86,87,89,90,91,92,94,95,97,98,100,101,102,103,105,106,107,108,109,111,112,113,114,115,116,117,119,121,122,123,125,126,127,128,129,130,131,132,133,135,136,137,139,141,142,143,144,145,146,147,148,150,151,152,153,155,156,158,159,161,162,163,164,166,167,169,170,171,172,173,178,181,184,185,190,191,192,193,194,196,198,200,202,203,204,205,207,208,209,210,211,212,213,215,216,217,218,220,222,224,225,226,227,229,230,232,234,237,238,240,241,247,248,250,251,252,258,259,260,261,262,263,264,267,268,269,270,274,275,281,282,283,288,289,292,293,294,295,297,298,299,300,305,306,317,326,328,330,336,346,347,350,363,371,373,374,375,381,387,394,404,413,481,484,490,526,622
37,14,80,84,85,86,87,89,90,91,92,93,95,96,98,100,101,102,103,105,106,107,109,110,111,112,113,115,116,117,119,120,121,124,125,126,127,128,131,132,133,134,135,136,139,140,141,142,143,144,145,146,147,148,151,152,153,154,158,159,160,161,163,165,166,169,170,171,173,174,176,177,178,181,183,184,185,187,189,190,191,193,194,196,198,199,200,201,202,203,205,207,208,209,211,212,213,214,215,216,217,218,219,221,224,227,229,230,232,236,237,239,241,242,243,244,245,246,247,249,251,254,255,256,261,264,265,266,267,268,269,271,275,276,283,285,286,287,288,289,290,292,296,297,298,301,305,307,308,309,310,312,314,316,318,323,324,332,333,334,340,342,344,345,354,363,370,371,379,384,424,437,653,678
38,82,83,84,85,86,87,88,90,91,93,94,95,96,97,98,100,102,103,104,105,107,108,109,110,111,113,114,115,116,117,118,120,121,123,124,127,128,129,130,132,135,137,138,139,140,141,143,144,145,146,148,149,150,152,154,155,156,159,161,162,164,165,167,168,169,172,173,174,175,176,177,178,179,181,182,184,185,189,190,191,192,194,195,196,197,198,201,205,206,208,209,210,211,215,216,217,225,227,228,229,230,231,233,236,239,241,245,247,248,249,251,252,253,254,255,258,260,261,262,263,264,265,266,270,273,274,275,276,277,278,279,280,281,282,283,284,285,286,288,290,292,293,295,296,297,298,300,303,306,307,309,312,313,315,319,325,327,331,344,357,358,360,363,378,384,389,390,404,419,420,433,658,682
39,25,71,76,80,81,82,84,86,87,88,89,90,92,93,94,95,96,97,99,100,101,103,104,105,106,107,108,109,112,114,116,119,120,121,122,123,124,125,127,128,130,131,132,133,134,135,136,137,138,139,140,143,144,145,146,147,149,151,152,153,154,155,156,157,158,159,162,163,170,175,176,177,183,185,186,192,194,195,196,197,199,203,204,207,210,212,214,215,217,218,219,220,221,223,224,225,227,229,230,233,235,237,238,239,240,241,250,251,256,257,259,260,261,262,265,266,267,268,272,273,275,276,277,280,281,282,283,284,287,289,291,292,296,297,298,302,306,307,311,312,313,314,315,317,319,320,321,323,325,333,341,348,349,352,354,355,360,374,377,390,395,408,415,418,432,463,501,543,685
40,42,74,77,79,80,81,82,83,84,85,86,87,88,89,90,91,92,93,94,95,96,97,98,99,100,101,102,103,105,107,108,109,110,111,112,113,114,115,116,117,118,119,120,121,122,123,124,125,126,127,128,129,130,131,132,134,135,136,137,138,139,140,141,142,143,144,145,146,147,148,149,150,151,152,153,154,158,161,163,165,166,170,171,172,173,174,175,176,178,179,185,186,189,190,192,193,194,196,198,199,200,202,203,206,208,209,210,213,215,217,223,230,232,233,234,235,236,238,242,245,248,251,252,254,256,260,261,262,264,266,267,269,277,278,280,286,291,295,296,301,302,305,315,317,322,331,332,333,337,339,358,370,374,381,391,395,398,409,417,420,424,483,500,693
41,33,79,81,82,83,84,85,86,87,88,89,90,91,92,93,94,95,96,97,98,99,100,101,103,104,105,107,108,109,111,112,113,114,115,116,117,118,119,120,121,122,123,124,125,126,127,128,129,130,131,132,134,136,137,138,139,140,141,142,143,144,145,146,147,148,149,150,151,152,153,154,155,156,157,158,159,160,161,162,163,164,165,166,167,169,170,171,172,173,174,178,182,184,186,192,193,195,196,197,200,203,206,212,213,215,219,221,222,223,226,227,230,240,241,243,245,247,267,270,279,285,295,308,315,319,325,336,338,344,548
42,76,78,80,81,82,84,85,86,87,88,89,91,95,96,97,98,101,102,103,104,105,106,107,108,110,112,113,114,116,118,119,121,122,123,124,125,126,128,129,130,131,132,133,134,135,136,137,138,139,140,141,142,145,148,151,153,154,155,157,158,159,161,163,164,165,166,168,169,171,177,178,180,181,184,185,186,187,188,189,190,191,192,194,195,196,197,198,199,200,202,203,204,205,207,208,209,210,213,214,215,216,219,220,221,230,231,232,234,236,238,242,247,248,250,251,252,254,257,258,262,263,267,269,270,276,277,280,283,285,288,291,292,294,296,310,311,330,353,381,392,448,455,640
43,6,77,81,83,84,85,86,87,88,90,91,92,93,94,95,96,97,98,99,100,101,102,103,104,105,106,107,108,111,112,113,116,117,118,120,121,122,123,124,126,127,129,131,132,133,134,140,141,142,143,144,145,146,147,148,149,150,151,152,153,154,155,156,157,158,159,160,166,168,169,170,171,173,176,179,183,186,187,188,189,190,191,194,195,196,198,199,204,205,206,207,208,209,210,212,214,215,216,218,220,221,222,223,224,226,227,228,229,231,233,234,235,236,237,239,246,248,256,258,261,266,268,271,274,276,279,280,281,286,288,294,308,311,318,319,337,361,369,393,484,545,557,657,678,691
44,69,71,78,79,81,82,83,84,85,86,87,88,89,90,92,93,94,96,98,100,101,104,105,106,107,108,109,110,111,112,113,115,117,118,119,121,122,123,124,125,126,127,128,129,131,133,134,135,136,137,138,140,142,143,144,147,148,150,151,152,153,155,156,157,159,160,161,162,163,166,169,170,171,172,173,179,182,183,186,188,191,196,198,199,200,201,204,205,209,210,211,212,213,215,216,221,224,231,233,235,236,237,238,239,240,243,245,246,250,251,253,254,255,262,268,270,272,273,278,285,290,297,307,311,320,328,354,355
45,63,72,76,80,81,83,84,85,86,87,88,91,92,93,94,96,97,98,99,100,102,105,106,107,108,109,110,112,113,114,116,117,118,120,121,122,125,126,128,130,131,133,134,135,138,139,140,141,143,145,148,149,150,151,152,153,154,155,156,157,158,160,162,163,164,168,169,174,178,179,180,181,182,183,184,185,186,188,189,191,193,195,196,197,198,201,202,203,204,207,209,210,211,212,216,218,220,223,225,226,227,231,232,234,235,238,239,241,242,246,248,250,251,255,256,258,271,272,274,278,280,282,284,285,287,297,298,299,300,306,307,313,329,350,391,394,412,498,519,676
46,60,76,78,79,81,82,83,84,85,86,88,90,91,93,94,95,96,97,98,99,100,101,102,103,104,105,106,107,108,109,110,112,113,114,116,117,118,119,120,121,123,125,127,128,129,130,131,133,134,135,136,137,138,139,142,143,144,145,147,149,150,151,152,154,155,156,159,160,161,163,165,166,168,170,171,172,174,176,181,185,186,188,189,190,191,192,193,194,196,198,201,202,203,205,208,209,210,211,212,214,215,216,220,226,228,230,231,234,236,238,239,241,245,246,247,250,252,254,259,260,263,264,266,273,275,279,282,284,285,293,317,318,333,337,339,608,640
47,75,78,80,81,84,85,86,87,88,89,90,93,94,95,97,98,99,100,101,103,104,105,106,107,109,110,111,113,114,115,116,118,119,121,122,124,125,126,127,128,130,131,132,134,136,137,139,140,141,142,145,146,148,149,150,152,153,154,155,156,157,158,159,160,162,164,166,167,168,171,172,173,174,176,178,179,180,181,182,183,184,187,188,189,190,191,194,195,196,200,201,205,207,209,211,212,215,216,218,219,221,225,226,229,230,231,233,240,242,243,245,247,250,251,252,259,260,261,262,264,266,269,270,271,275,278,280,287,290,292,295,300,303,319,328,332,334,350,366,381,400,433,476,497,529,694
48,3,58,74,76,77,78,79,80,81,82,83,84,85,87,88,89,90,91,93,94,95,96,97,98,99,100,101,102,103,104,105,108,110,111,112,113,115,116,117,118,119,120,121,122,123,125,127,128,129,132,133,134,135,138,140,141,142,144,145,146,147,149,151,153,155,156,163,165,166,168,177,178,182,187,188,189,190,191,192,195,196,197,199,200,201,202,203,205,206,212,213,215,216,219,225,226,232,235,237,240,241,245,246,247,248,255,258,260,262,263,265,266,267,270,274,275,280,281,282,284,286,291,294,295,296,300,305,308,312,313,314,320,325,339,343,365,390,410,445,513,524,556
49,79,80,81,82,83,84,86,87,89,91,92,93,94,95,97,98,99,103,104,105,106,107,108,109,111,112,113,114,115,116,118,121,122,123,125,126,127,128,130,131,132,133,134,135,136,137,138,139,140,141,142,143,144,146,147,148,151,152,153,156,158,159,160,161,162,164,165,168,171,172,174,176,178,179,180,182,185,186,187,188,189,190,192,194,195,196,197,200,201,202,203,206,207,208,210,211,212,213,214,215,216,219,220,225,228,230,231,232,237,238,239,240,244,245,247,248,251,253,255,257,262,263,264,267,270,275,280,281,284,286,296,303,304,306,309,310,317,319,336,351,381,387,544,650,688
50,3,74,85,86,87,88,89,90,91,92,94,96,97,98,99,100,101,102,105,106,107,108,109,110,111,112,114,115,116,117,118,120,122,123,126,127,128,129,130,131,133,134,135,136,137,138,139,140,141,142,143,145,146,147,148,150,153,154,155,157,159,160,161,162,164,167,175,176,177,178,179,182,184,187,189,190,191,192,193,194,195,196,197,198,200,204,206,207,210,214,215,216,217,219,220,222,223,224,226,228,230,232,233,234,235,237,242,244,245,247,249,251,252,253,259,264,268,270,275,277,279,282,289,291,299,304,307,311,316,325,328,376,398,547,572,606
51,23,65,73,76,77,79,81,82,83,84,85,86,88,89,90,92,93,97,98,99,101,103,104,105,106,108,110,111,112,113,115,116,118,119,120,121,122,123,124,125,127,128,129,131,132,133,134,135,137,140,142,144,145,148,149,150,151,152,153,154,155,156,159,161,162,163,166,167,172,173,174,178,181,182,187,191,193,194,197,198,199,200,201,204,205,207,209,210,212,214,217,220,222,226,233,235,238,240,241,245,247,251,258,273,274,275,276,279,280,290,291,293,294,296,297,298,301,306,307,315,321,329,357,386,404,421,655
52,25,28,51,74,75,76,78,79,83,85,86,87,88,90,91,92,93,94,95,97,98,101,102,103,105,107,108,109,110,113,114,115,118,119,120,121,122,123,124,126,128,129,132,134,135,136,137,138,140,141,142,143,144,146,147,148,149,153,154,155,156,157,158,163,164,166,169,171,173,175,178,187,192,194,196,198,203,206,214,217,218,219,220,228,230,233,240,241,253,254,255,257,258,261,267,269,275,277,278,281,285,286,288,290,291,298,302,305,308,321,330,331,335,340,347,348,364,369,370,390,599,692
53,80,81,82,83,84,87,88,89,90,91,92,93,94,95,96,97,98,99,100,101,102,103,104,105,106,108,109,110,112,113,115,117,119,121,122,123,126,128,130,131,132,133,134,136,137,138,139,140,141,142,143,147,148,149,152,154,155,157,160,163,166,167,171,172,174,177,179,181,185,188,189,195,197,198,200,201,203,204,209,216,217,218,221,222,223,224,225,226,231,233,234,237,238,245,246,252,254,256,259,266,268,273,276,279,298,315,329,379,396,517,618
54,68,80,81,87,88,89,90,92,95,96,97,98,99,101,102,104,105,106,107,109,110,111,112,117,118,119,120,122,123,124,125,126,127,128,131,133,134,136,137,138,139,141,145,147,148,150,151,153,155,156,159,161,162,164,165,167,168,169,172,173,174,176,179,181,182,183,184,185,187,188,190,191,194,195,196,197,199,201,202,205,206,207,209,211,212,213,214,215,217,218,219,221,227,230,240,244,245,246,247,251,258,262,264,265,270,272,273,275,281,286,291,306,310,315,318,320,324,367,373,382,655
55,61,69,76,89,90,91,92,93,95,96,98,99,102,105,107,108,109,110,115,117,118,119,120,122,123,125,126,127,128,129,130,131,132,134,136,137,138,139,141,145,146,148,150,151,152,155,157,158,164,165,173,175,183,187,192,193,194,195,197,199,200,202,203,206,208,209,211,212,213,214,215,219,224,225,226,227,228,230,233,238,240,242,249,250,253,255,259,268,279,283,295,296,301,302,303,340,356,490,523,577,611,688
56,84,85,86,88,97,100,101,102,103,105,106,107,108,109,110,111,114,115,119,121,123,124,127,128,129,130,131,132,133,135,136,138,139,142,145,147,150,151,152,153,154,155,157,159,163,164,165,166,167,169,170,171,173,175,179,180,183,185,191,200,201,202,203,207,209,211,217,222,223,225,227,239,242,249,250,254,256,258,265,274,276,280,302,304,307,308,315,324,338,453,670
57,83,85,91,92,96,97,103,107,110,111,113,118,119,121,126,130,131,132,134,135,136,140,142,143,144,145,146,148,151,152,153,154,156,159,168,173,178,182,191,195,198,203,207,209,210,211,214,231,236,246,254,271,272,278,330,360,464,516,592,629,695
58,22,78,81,84,98,99,102,103,104,105,109,111,115,119,126,127,130,141,146,154,159,162,164,165,176,187,188,201,205,218,224,230,300,338,343
59,91,116,124,129,130,142,145,162,163,196,210,214,261,357,534
60,6,56,97,138,148,181,313,512,572,619,648
61,50,345,421,532,631,656,661
62,37,157,378,466,505
63,278,373,608
64,380,396,585,654
65,343,441,466,665
66,11,551,561,658,665
67,268,351,358,448,602,614,671
68,336,503,550,622,670
69,17,159,527,677,689
70,10,46,308,323,338,651
71,494,516
72,143,371,467
73,59,477,644,657
74,15,88
75,543
76,583
77,
78,
79,
80,
81,
82,
83,
84,
85,
86,
87,
88,
89,
90,
91,
92,
93,
94,
95,
96,
97,
98,
