18
0,445
1,64,135,183
2,30,379,430
3,29,33,58,62,65,87,150,175,482,490
4,1,7,12,19,20,21,24,25,26,33,34,35,60,62,63,67,68,70,73,74,75,100,108,111,112,121,124,126,144,152,159,161,162,163,165,166,171,175,176,177,181,187,200,213,222,239,514,541,546
5,12,15,23,31,32,33,39,42,45,54,60,70,73,74,75,76,78,79,80,81,82,83,84,85,87,90,93,94,99,100,102,103,109,112,113,116,119,120,123,125,126,127,128,129,130,131,132,133,134,135,136,137,140,141,143,146,149,157,158,159,160,161,162,163,164,165,168,169,170,172,174,175,176,177,180,181,182,183,184,185,186,188,189,190,192,193,194,195,196,199,201,204,205,207,208,213,216,218,221,222,223,224,227,231,232,234,238,241,243,244,247,248,250,252,254,261,262,265,267,268,269,271,274,278,282,285,286,287,288,289,290,291,293,294,296,299,300,301,302,305,306,307,308,309,310,311,312,313,314,319,320,321,322,323,324,325,326,327,328,329,330,331,332,333,334,335,336,337,338,339,340,341,342,343,344,345,346,347,348,349,350,351,352,353,354,355,356,358,359,360,361,362,363,364,365,366,367,368,369,370,371,372,373,374,375,376,377,378,379,380,381,382,383,384,385,386,387,388,389,390,391,392,393,395,396,397,398,399,400,401,402,403,404,405,406,407,408,409,410,411,412,416,417,418,420,422,424,425,427,429,430,431,432,435,436,440,441,446,449,455,458,462,464,469,472,473,476,492,501,552,589,638
6,30,32,35,38,41,50,56,58,59,62,63,65,66,67,69,71,76,77,78,79,80,81,82,83,84,85,86,87,88,89,90,91,92,93,94,95,96,97,98,99,100,101,102,104,105,108,109,111,112,113,116,117,118,120,122,124,125,126,127,128,129,132,133,136,146,148,152,157,159,160,161,164,165,166,167,168,169,170,171,172,174,176,178,179,180,182,183,185,188,189,190,191,192,193,194,196,198,199,200,203,204,206,209,212,213,217,218,219,222,225,226,227,228,229,236,239,242,244,245,247,252,253,254,258,259,260,261,263,264,269,270,271,272,273,275,276,277,278,279,280,283,286,287,288,289,290,291,292,293,294,295,296,297,298,299,300,301,302,303,304,305,306,307,308,309,310,311,312,313,314,315,316,317,318,319,320,321,322,323,324,325,326,327,328,329,330,332,333,334,335,336,337,338,339,340,341,342,343,344,345,346,347,348,349,350,351,352,353,354,355,356,357,358,359,360,361,362,363,364,365,366,367,368,369,370,371,372,373,374,375,376,377,378,379,380,381,382,383,384,385,386,387,388,389,390,391,392,393,394,396,397,398,399,400,402,403,404,405,407,408,409,410,411,412,413,414,415,416,417,418,419,420,421,422,423,424,425,428,429,431,432,433,434,435,436,437,438,440,441,442,443,445,446,450,452,454,456,462,464,469,471,476,479,486,487,490,500,501,524,535,567,610,687
7,22,73,78,79,80,81,82,83,84,85,86,87,88,89,90,91,92,93,94,95,96,97,98,99,100,101,102,103,105,106,107,109,110,111,112,113,114,116,118,119,120,121,123,125,126,127,128,129,131,133,137,138,139,140,143,144,151,155,159,160,166,169,172,173,174,175,176,177,178,180,181,182,183,185,187,189,190,191,193,194,196,197,198,199,200,201,202,203,204,205,208,209,211,212,215,216,217,218,219,220,221,222,223,225,226,227,228,229,230,231,232,233,234,235,237,238,239,240,241,242,243,244,245,246,247,248,249,250,251,252,254,255,256,257,258,259,260,261,263,264,265,266,267,268,269,270,271,272,273,275,277,279,280,281,282,284,285,287,288,291,292,293,294,295,296,297,300,301,302,303,304,305,306,309,310,311,312,313,314,315,316,317,318,319,320,321,322,323,325,326,327,328,329,330,331,332,333,334,335,336,338,339,340,341,343,344,345,346,347,348,349,350,351,352,354,355,356,357,359,360,362,363,366,371,375,376,377,378,380,383,384,388,391,392,397,405,406,409,413,415,416,421,443,451,503,681
8,17,74,78,79,82,83,84,85,87,88,89,90,91,92,93,94,95,96,97,98,99,100,101,102,103,104,106,107,108,109,110,111,112,113,114,115,116,117,118,119,120,121,122,123,124,125,126,127,129,130,132,133,134,135,136,137,138,139,140,142,144,146,148,150,152,153,154,157,159,160,162,163,164,167,169,171,172,173,175,177,178,179,180,181,182,183,184,185,186,188,189,190,191,192,193,194,195,196,197,198,200,201,203,204,207,208,210,213,214,215,217,220,221,222,223,225,226,227,228,229,230,231,232,233,234,236,238,241,242,243,244,247,249,250,252,254,255,256,257,258,259,261,265,266,268,270,272,273,276,279,280,281,282,283,285,286,287,288,289,290,293,294,295,296,299,301,304,305,306,307,308,310,312,313,314,315,317,318,321,323,324,325,326,327,328,329,330,332,334,335,336,337,338,339,340,342,343,346,347,348,349,350,351,352,353,354,355,357,358,359,360,361,362,364,365,366,367,368,369,370,372,374,375,377,379,380,381,382,383,384,386,387,389,390,391,392,393,394,397,398,399,400,401,402,403,405,406,407,409,410,411,413,414,415,419,420,422,423,425,426,427,431,437,443,445,447,450,451,455,463,464,468,471,477,479,483,489,495,501,503,554,676
9,70,75,77,79,80,81,82,84,85,88,89,90,91,92,93,94,95,96,97,98,99,100,101,102,103,104,105,106,107,108,109,110,111,112,113,114,115,116,117,119,120,121,123,124,125,126,127,128,129,130,131,132,133,136,137,138,139,143,144,145,148,149,150,151,152,153,154,155,157,159,161,162,164,165,167,168,169,170,173,175,178,179,180,181,182,183,185,186,188,189,190,191,192,193,194,195,196,197,198,199,200,201,204,206,207,208,209,210,211,212,213,218,219,221,222,223,224,225,228,229,232,233,234,235,237,238,240,241,242,243,245,246,247,248,249,250,253,254,256,257,260,262,263,264,266,267,268,270,271,272,273,274,275,276,277,279,280,281,282,283,287,288,289,290,292,293,294,295,296,298,299,300,301,303,304,305,307,308,309,311,312,313,314,315,316,318,320,321,322,323,324,325,326,327,328,329,330,331,333,334,335,337,338,339,340,341,342,343,344,346,347,349,350,352,353,356,359,360,362,363,364,366,368,370,371,373,374,375,376,377,378,381,383,385,386,387,388,390,394,399,401,403,406,407,409,410,411,412,413,414,416,417,418,424,427,429,431,432,435,439,440,442,443,444,452,454,458,465,466,469,470,480,485,488,507,512
10,76,78,79,80,81,83,84,85,86,87,88,89,90,91,92,93,94,95,96,97,98,99,100,101,102,103,104,105,106,107,108,109,110,111,112,113,114,115,116,117,118,119,120,121,122,123,124,125,126,127,128,129,130,131,132,133,134,135,136,137,138,139,141,142,144,145,146,147,148,149,150,151,152,154,155,157,159,161,164,166,167,169,170,173,175,176,177,178,179,180,182,183,184,185,186,187,188,189,190,191,192,193,195,196,197,198,199,200,201,202,203,204,205,206,207,208,210,212,213,214,215,216,217,218,221,223,224,225,227,228,229,230,231,232,235,239,240,241,243,244,245,247,248,250,253,254,256,257,260,261,264,266,268,269,271,272,273,274,275,276,277,280,282,286,287,290,292,294,296,297,298,299,300,301,302,304,305,306,307,308,309,310,311,313,314,315,317,318,319,320,323,324,326,327,330,332,333,334,338,339,341,344,345,346,347,349,352,353,354,355,357,360,361,362,363,364,365,367,369,370,371,372,373,376,377,378,380,381,382,384,385,386,389,390,391,392,393,395,396,397,398,400,402,403,404,405,406,407,410,411,414,416,419,422,423,425,426,427,428,430,432,433,434,438,440,441,444,448,452,455,477,486,496,498,499,500,507,508,562,616
11,66,76,77,78,80,81,82,83,84,85,86,87,90,91,92,93,95,96,97,98,99,100,102,104,105,106,107,108,109,110,111,112,113,114,115,116,117,118,119,120,121,122,123,124,125,126,127,128,129,130,131,132,133,134,135,136,137,138,140,141,142,143,145,147,149,150,151,152,153,154,156,157,158,159,160,162,163,164,167,168,169,170,171,172,173,175,176,177,178,179,180,181,182,184,186,187,188,189,190,191,192,193,199,200,202,203,204,205,208,209,210,213,214,215,218,219,220,221,222,223,224,225,228,230,231,232,234,236,237,239,241,242,246,247,248,249,251,253,254,255,256,257,258,259,261,262,263,266,267,268,271,272,273,274,275,276,277,279,281,283,286,287,288,289,294,295,301,303,304,305,307,308,309,311,313,314,315,316,317,321,322,324,326,328,329,330,333,334,335,336,338,339,340,341,343,346,347,348,349,350,351,352,353,355,356,357,359,363,365,369,371,372,373,375,379,380,381,382,383,385,386,387,390,392,394,396,400,401,404,408,414,416,419,420,422,423,426,429,432,433,434,435,437,438,439,442,445,449,450,455,460,462,473,484,489,509,510,536,636
12,78,80,81,82,83,84,85,86,87,88,89,90,91,92,93,94,95,96,97,98,99,100,101,102,103,104,105,106,107,109,110,111,112,113,114,116,117,118,119,120,121,122,123,124,125,127,128,129,130,131,132,133,134,135,136,137,138,140,141,143,146,147,148,149,151,152,155,156,157,158,159,161,162,163,165,167,168,170,171,176,177,179,180,183,184,188,190,191,192,193,194,195,196,197,198,199,200,201,202,203,204,205,206,207,209,210,211,212,213,214,215,216,217,218,220,221,222,224,227,230,235,238,242,243,244,247,248,250,252,253,254,255,257,258,259,260,262,264,265,266,268,269,272,273,278,279,280,282,283,286,289,291,295,296,299,300,301,302,304,309,310,312,313,317,319,320,322,323,324,325,326,327,329,331,332,334,337,338,340,341,343,344,345,348,349,350,351,352,354,356,357,359,361,363,364,365,368,370,371,372,373,374,375,376,377,378,379,380,381,382,384,388,389,391,394,395,396,397,398,399,400,401,402,405,407,409,410,411,412,413,414,416,417,418,421,422,423,424,429,443,454,455,456,460,462,464,467,471,472,475,489,509,511,513,555,574,688
13,70,73,74,75,76,77,80,81,83,84,86,87,88,89,90,91,92,93,94,95,96,97,98,99,100,101,102,103,104,105,106,107,108,109,110,111,112,113,114,115,116,117,118,119,120,121,122,124,126,127,128,129,130,131,132,133,135,139,140,141,142,143,145,147,149,150,152,154,156,157,158,159,161,163,166,167,168,169,172,174,178,179,181,183,184,185,188,189,191,192,193,194,196,197,198,199,200,201,202,203,204,205,206,209,210,212,213,214,215,216,217,220,221,222,223,226,228,229,231,232,233,237,238,240,241,242,245,247,248,249,251,253,255,256,258,260,262,264,270,273,274,276,278,279,281,282,286,287,289,292,293,295,296,301,302,304,306,308,314,315,318,320,322,323,326,327,330,331,332,333,335,338,340,341,344,345,346,347,348,351,352,354,355,356,357,359,363,365,366,368,369,370,371,381,382,384,385,387,388,389,390,392,393,396,397,398,399,401,402,403,406,408,409,411,413,415,418,421,422,424,429,430,433,435,437,438,441,444,447,452,454,457,458,460,472,476,485,489,493,497,502,506,658,660,687
14,57,76,77,80,81,82,83,84,85,87,88,90,91,92,93,95,97,99,100,101,102,103,104,105,106,107,110,111,112,113,114,115,116,118,119,120,121,122,123,124,125,126,127,128,129,131,132,133,134,135,136,137,141,142,143,146,148,149,152,154,155,156,159,160,162,165,166,170,172,173,176,177,178,180,181,182,185,186,188,190,191,192,193,194,195,196,199,201,203,204,206,207,208,209,210,215,216,219,220,222,225,226,227,229,231,238,240,241,243,246,247,249,250,251,252,254,255,256,257,258,259,261,263,264,265,266,267,268,273,277,278,279,280,285,287,288,291,293,295,296,297,299,306,310,316,317,320,323,325,327,329,330,331,333,335,336,338,340,341,342,349,350,359,362,365,366,369,372,377,379,380,386,392,395,397,398,399,400,406,413,414,422,424,432,433,434,436,439,440,441,442,444,449,451,457,467,470,476,483,488,502,508,515,623
15,59,73,77,78,79,80,81,82,84,85,86,87,88,89,90,91,93,94,95,96,97,98,99,100,101,102,104,105,106,107,109,110,111,112,113,115,116,117,118,119,121,122,123,124,125,126,127,128,129,130,132,133,135,136,137,140,141,142,143,144,146,147,148,150,151,152,153,154,155,157,159,162,163,164,168,170,173,176,178,180,183,184,189,193,194,197,198,199,201,202,203,204,205,206,208,209,211,212,214,215,216,222,223,224,227,229,230,232,234,235,236,238,240,243,244,246,247,249,250,251,252,253,257,259,262,264,265,268,274,277,280,281,284,285,286,295,297,300,303,306,307,310,311,312,316,318,320,322,324,326,327,330,331,333,334,336,337,341,342,350,351,354,355,357,361,362,364,365,367,369,371,372,373,374,375,376,377,380,382,383,385,386,389,394,396,398,399,400,401,409,410,411,415,419,420,426,427,435,445,451,458,472,473,474,476,477,479,483,490,516,526,539,561,586,587,664
16,42,64,74,75,77,78,79,80,82,85,86,87,88,89,90,91,92,93,94,95,96,97,98,99,100,102,104,105,106,107,108,109,110,111,113,114,116,117,118,119,120,121,122,124,125,126,127,128,129,130,131,132,133,136,138,141,144,145,147,149,150,151,152,154,160,161,162,163,164,168,171,173,174,176,177,178,180,181,182,183,184,186,187,193,195,196,197,202,203,207,208,210,211,212,214,216,217,218,219,229,231,233,235,238,240,241,244,245,248,251,252,253,254,256,258,262,264,266,268,269,272,278,281,285,287,294,296,298,303,305,306,307,310,313,314,318,320,322,323,324,326,327,330,332,334,342,343,346,351,352,353,354,355,356,357,359,360,361,364,368,369,371,373,374,375,376,378,381,385,386,398,399,401,402,404,406,414,415,416,422,425,428,431,434,438,447,455,457,458,467,481,482,483,485,497,512,515,519,520,527,558,635
17,67,71,73,74,75,76,77,78,80,82,83,84,85,86,87,88,89,90,91,92,94,95,96,98,99,100,101,102,103,104,105,106,108,109,110,111,112,113,114,115,116,117,118,119,120,121,122,123,125,126,127,129,130,131,132,133,134,135,136,139,140,141,142,143,144,145,146,147,148,149,151,152,153,154,155,156,159,160,162,163,165,167,168,169,170,171,172,173,175,177,179,180,182,183,184,185,187,188,190,191,195,197,201,203,204,205,206,207,209,210,211,215,218,220,221,223,226,227,228,229,231,233,234,235,236,240,245,247,250,252,255,256,260,261,263,265,267,282,288,289,302,308,312,313,315,317,319,322,323,327,329,330,331,333,334,337,343,344,346,348,354,359,360,370,378,379,380,382,383,384,385,386,387,388,393,396,404,408,412,414,420,421,425,432,435,441,450,475,491,506,517,522,529,647,668
18,51,62,64,66,67,70,72,73,74,75,77,78,79,80,81,82,83,84,86,87,88,89,90,91,92,93,94,95,97,98,99,100,101,102,103,104,105,106,107,109,110,111,112,113,114,115,116,117,118,119,120,122,123,124,125,126,128,129,130,133,134,135,136,137,138,139,140,141,143,144,145,146,147,148,149,150,151,152,154,155,156,158,159,160,161,162,163,167,168,169,170,171,173,176,178,179,181,184,187,188,190,195,204,208,209,211,212,218,221,222,224,229,230,234,235,240,243,249,252,258,262,264,272,278,285,289,296,303,306,308,310,311,313,317,319,321,326,327,332,333,334,335,336,337,338,341,342,346,348,349,350,351,353,356,363,365,366,371,372,373,379,380,382,384,387,388,393,402,403,408,412,413,416,430,431,433,442,446,447,448,449,450,453,458,461,467,469,471,474,480,488,498,522,553,584,614,670
19,18,56,58,61,62,63,64,66,68,69,70,71,72,73,74,75,76,78,79,81,82,84,85,86,87,88,89,90,91,92,93,95,97,98,99,100,101,102,103,106,107,108,112,113,115,116,120,121,122,123,124,126,129,130,132,133,134,136,137,138,139,140,142,143,144,145,146,147,148,149,150,151,152,153,154,156,157,158,160,162,163,166,168,171,174,182,191,194,201,204,207,209,212,215,216,217,219,223,229,234,242,245,249,253,258,259,260,264,279,281,285,287,288,310,312,313,325,326,332,347,349,365,373,384,391,398,403,410,425,558
20,40,61,64,66,67,68,70,72,73,74,75,76,77,78,80,81,84,86,89,91,92,96,98,100,102,103,104,106,107,108,109,110,111,112,113,118,120,121,124,132,135,136,138,140,142,143,146,147,149,152,153,154,159,162,165,167,168,181,195,210,216,236,240,295,417,509,634
21,93,124,138,141,142,143,147,151,152,154,163,197,232
22,2,227,435,501
23,3,18,20,22,52,462,464,503,505
24,13,23,37,38,40,42,43,352,536
25,14,21,32,33,34,38,40,51,52,54,58,60,64,71,365,397,513,557,585,653,662
26,14,18,23,52,64,85,514
27,157,343,359,363,477,497,522,624,633,640
28,3,24,26,34,90,196,233,331,371,376,408,471,623
29,8,38,39,67,685
30,2,4,6,9,11,13,14,22,28,41,42,44,56,79,201,613,614
31,17,29,30,37,49,51,61,62,69,77,336,358,464,536,563,685
32,6,12,23,70,120,126,375,391,491,521
33,1,9,11,17,24,25,40,44,45,47,49,62,73,84,92,168,239,406,550,589
34,13,25,42,46,52,53,56,80,89,95,96,125,150,180,184,482,487,491,519,610
35,29,142,255,471,699
36,381,476,679
37,259,405,493,691
38,129,237,244,542,617
39,17,55,94,208,304
40,19,20,77,283,491,619
41,78,132,192,407,465,657
42,56,132,314,488,493,501,511,521,535,549,558,577,582,583,593,641,659,690
43,11,66,169,425,475,496,497,498,499,501,512,518,533,585,591,598,644
44,63,67,199,206,222,223,232,235,320,481,491,499,535,541
45,5,194,393,577,696
46,1,41,143,210,285,414,529,620,647
47,9,66,191,435,690
48,49,72,153,154,195,300,320,476,675,695
49,153,195,278,335,376,498,612
50,116,133,409,505,548,567,608,654
51,79,163,265,580,599
52,79,111,221,285,332,333,487,540,553,574,682
53,149,184,411,439,553
54,5,104,494,525,590,656
55,123,150,161,247,331,500
56,313
57,55,121,167,380,434,504
58,22,64,190,267,280,329,364,529,557,618
59,597,685
60,
61,
62,
63,
64,
65,
66,
67,
68,
69,
70,
71,
72,
73,
74,
75,
76,
77,
78,
79,
80,
81,
82,
83,
84,
85,
86,
87,
88,
89,
90,
91,
92,
93,
94,
95,
96,
97,
98,
